NN CONFIG
Weight-type:		binary
Layout									Layer #1: 290	Layer #2: 200	
Activation Functions					Layer #1: bs	Layer #2: bs	
Keep probabilities		Layer #0: 1.0	Layer #1: 1.0	Layer #2: 1.0	
Flat factors							Layer #1: 1.0	Layer #2: 1.0	Layer #3: 1.0	
Activation Noise						Layer #1: 0.0	Layer #2: 0.0	Layer #3: 0.0	

===================================

RUN CONFIG
Epochs: 30, Blocksize: 8

===================================

Epoch: 1, AccTr: 0.9884999990463257, AccVa: 0.8694999814033508, CeTr: 0.02280545048415661, CeVa: 1.906374454498291
Epoch: 2, AccTr: 0.9883000254631042, AccVa: 0.8619999885559082, CeTr: 0.027073418721556664, CeVa: 1.7340143918991089
Epoch: 3, AccTr: 0.9896000027656555, AccVa: 0.8650000095367432, CeTr: 0.023449542000889778, CeVa: 1.7941423654556274
Epoch: 4, AccTr: 0.989300012588501, AccVa: 0.8679999709129333, CeTr: 0.023979321122169495, CeVa: 1.7798950672149658
Epoch: 5, AccTr: 0.9871000051498413, AccVa: 0.8615000247955322, CeTr: 0.028061682358384132, CeVa: 1.818907618522644
Epoch: 6, AccTr: 0.9872999787330627, AccVa: 0.8659999966621399, CeTr: 0.02835146151483059, CeVa: 1.7439955472946167
Epoch: 7, AccTr: 0.9882000088691711, AccVa: 0.859499990940094, CeTr: 0.0265630092471838, CeVa: 1.8012722730636597
Epoch: 8, AccTr: 0.9876000285148621, AccVa: 0.859000027179718, CeTr: 0.027629723772406578, CeVa: 1.79481840133667
Epoch: 9, AccTr: 0.9889000058174133, AccVa: 0.8554999828338623, CeTr: 0.026231780648231506, CeVa: 1.8554774522781372
Epoch: 10, AccTr: 0.9887999892234802, AccVa: 0.859000027179718, CeTr: 0.02990291826426983, CeVa: 1.8439805507659912
ENSEMBLE | Tr_Acc: 0.9887999892234802, Tr_CE: 0.02990291826426983, Va_Acc: 0.859000027179718, Va_CE: 1.8439805507659912
Epoch: 11, AccTr: 0.9886999726295471, AccVa: 0.8615000247955322, CeTr: 0.02964085154235363, CeVa: 1.7686032056808472
Epoch: 12, AccTr: 0.9883000254631042, AccVa: 0.8575000166893005, CeTr: 0.028193781152367592, CeVa: 1.7995790243148804
Epoch: 13, AccTr: 0.9878000020980835, AccVa: 0.859499990940094, CeTr: 0.030012445524334908, CeVa: 1.8746249675750732
ENSEMBLE | Tr_Acc: 0.9987000226974487, Tr_CE: 0.003944817930459976, Va_Acc: 0.8799999952316284, Va_CE: 1.3997496366500854
Epoch: 14, AccTr: 0.9872999787330627, AccVa: 0.859499990940094, CeTr: 0.029359271749854088, CeVa: 1.8279879093170166
Epoch: 15, AccTr: 0.9887999892234802, AccVa: 0.8759999871253967, CeTr: 0.02851688861846924, CeVa: 1.6243159770965576
Epoch: 16, AccTr: 0.9890000224113464, AccVa: 0.8634999990463257, CeTr: 0.026189440861344337, CeVa: 1.687408447265625
ENSEMBLE | Tr_Acc: 0.9998000264167786, Tr_CE: 0.0012733179610222578, Va_Acc: 0.8939999938011169, Va_CE: 1.174066424369812
Epoch: 17, AccTr: 0.9886000156402588, AccVa: 0.8565000295639038, CeTr: 0.029112402349710464, CeVa: 1.8350017070770264
Epoch: 18, AccTr: 0.9891999959945679, AccVa: 0.8669999837875366, CeTr: 0.02878045104444027, CeVa: 1.847359538078308
Epoch: 19, AccTr: 0.9869999885559082, AccVa: 0.843999981880188, CeTr: 0.0324445441365242, CeVa: 1.9298914670944214
ENSEMBLE | Tr_Acc: 0.9998999834060669, Tr_CE: 0.0005962468567304313, Va_Acc: 0.9004999995231628, Va_CE: 1.099589467048645
Epoch: 20, AccTr: 0.9894000291824341, AccVa: 0.8504999876022339, CeTr: 0.02788579650223255, CeVa: 1.9229977130889893
Epoch: 21, AccTr: 0.9890999794006348, AccVa: 0.8510000109672546, CeTr: 0.029169009998440742, CeVa: 1.941586971282959
Epoch: 22, AccTr: 0.9884999990463257, AccVa: 0.8565000295639038, CeTr: 0.029463129118084908, CeVa: 1.903036117553711
ENSEMBLE | Tr_Acc: 1.0, Tr_CE: 0.0004575972561724484, Va_Acc: 0.906000018119812, Va_CE: 1.0594918727874756
Epoch: 23, AccTr: 0.9894999861717224, AccVa: 0.8585000038146973, CeTr: 0.02772405371069908, CeVa: 1.8158615827560425
Epoch: 24, AccTr: 0.9861999750137329, AccVa: 0.8525000214576721, CeTr: 0.03097633086144924, CeVa: 1.9315263032913208
Epoch: 25, AccTr: 0.9861999750137329, AccVa: 0.8544999957084656, CeTr: 0.030216403305530548, CeVa: 1.8946505784988403
ENSEMBLE | Tr_Acc: 1.0, Tr_CE: 0.000267678260570392, Va_Acc: 0.9049999713897705, Va_CE: 1.0485137701034546
Epoch: 26, AccTr: 0.9868000149726868, AccVa: 0.8619999885559082, CeTr: 0.029695218428969383, CeVa: 1.7876638174057007
Epoch: 27, AccTr: 0.9872999787330627, AccVa: 0.8659999966621399, CeTr: 0.02820083685219288, CeVa: 1.8097554445266724
Epoch: 28, AccTr: 0.9894000291824341, AccVa: 0.8604999780654907, CeTr: 0.02833404764533043, CeVa: 1.7214614152908325
ENSEMBLE | Tr_Acc: 1.0, Tr_CE: 0.00021229121193755418, Va_Acc: 0.9100000262260437, Va_CE: 1.006713628768921
Epoch: 29, AccTr: 0.986299991607666, AccVa: 0.8619999885559082, CeTr: 0.028931979089975357, CeVa: 1.6946210861206055
Epoch: 30, AccTr: 0.9882000088691711, AccVa: 0.8525000214576721, CeTr: 0.026489267125725746, CeVa: 1.879160761833191
