NN CONFIG
Weight-type:		binary
Layout									Layer #1: 320	Layer #2: 290	
Activation Functions					Layer #1: bs	Layer #2: bs	
Keep probabilities		Layer #0: 1.0	Layer #1: 1.0	Layer #2: 1.0	
Flat factors							Layer #1: 1.0	Layer #2: 1.0	Layer #3: 1.0	
Activation Noise						Layer #1: 0.0	Layer #2: 0.0	Layer #3: 0.0	

===================================

RUN CONFIG
Epochs: 30, Blocksize: 8

===================================

Epoch: 1, AccTr: 0.9767000079154968, AccVa: 0.8475000262260437, CeTr: 0.08843955397605896, CeVa: 1.9641193151474
Epoch: 2, AccTr: 0.9833999872207642, AccVa: 0.8420000076293945, CeTr: 0.03792143985629082, CeVa: 1.862817406654358
Epoch: 3, AccTr: 0.9855999946594238, AccVa: 0.8529999852180481, CeTr: 0.03743130341172218, CeVa: 1.7486439943313599
Epoch: 4, AccTr: 0.9853000044822693, AccVa: 0.8544999957084656, CeTr: 0.03738561272621155, CeVa: 1.808732032775879
Epoch: 5, AccTr: 0.986299991607666, AccVa: 0.847000002861023, CeTr: 0.032987721264362335, CeVa: 1.8816046714782715
Epoch: 6, AccTr: 0.9865999817848206, AccVa: 0.8579999804496765, CeTr: 0.03456445038318634, CeVa: 1.798745036125183
Epoch: 7, AccTr: 0.9879000186920166, AccVa: 0.8554999828338623, CeTr: 0.031391363590955734, CeVa: 1.9768292903900146
Epoch: 8, AccTr: 0.9871000051498413, AccVa: 0.859499990940094, CeTr: 0.03350482136011124, CeVa: 1.897120475769043
Epoch: 9, AccTr: 0.9868000149726868, AccVa: 0.862500011920929, CeTr: 0.0317646823823452, CeVa: 1.9220460653305054
Epoch: 10, AccTr: 0.9865000247955322, AccVa: 0.8539999723434448, CeTr: 0.029835693538188934, CeVa: 2.0622899532318115
ENSEMBLE | Tr_Acc: 0.9865000247955322, Tr_CE: 0.029835693538188934, Va_Acc: 0.8539999723434448, Va_CE: 2.0622899532318115
Epoch: 11, AccTr: 0.9866999983787537, AccVa: 0.8445000052452087, CeTr: 0.033119458705186844, CeVa: 1.9586981534957886
Epoch: 12, AccTr: 0.9883000254631042, AccVa: 0.8500000238418579, CeTr: 0.031095214188098907, CeVa: 1.8204336166381836
Epoch: 13, AccTr: 0.989799976348877, AccVa: 0.8579999804496765, CeTr: 0.026968225836753845, CeVa: 2.025179862976074
ENSEMBLE | Tr_Acc: 0.9990000128746033, Tr_CE: 0.004349177703261375, Va_Acc: 0.8865000009536743, Va_CE: 1.5362342596054077
Epoch: 14, AccTr: 0.9864000082015991, AccVa: 0.8510000109672546, CeTr: 0.03412645682692528, CeVa: 1.9625675678253174
Epoch: 15, AccTr: 0.988099992275238, AccVa: 0.859499990940094, CeTr: 0.03203459829092026, CeVa: 1.8894281387329102
Epoch: 16, AccTr: 0.9894999861717224, AccVa: 0.8615000247955322, CeTr: 0.029876789078116417, CeVa: 1.7831677198410034
ENSEMBLE | Tr_Acc: 0.9998999834060669, Tr_CE: 0.00164741778280586, Va_Acc: 0.8980000019073486, Va_CE: 1.2787615060806274
Epoch: 17, AccTr: 0.9879999756813049, AccVa: 0.8579999804496765, CeTr: 0.031498197466135025, CeVa: 1.977546215057373
Epoch: 18, AccTr: 0.9882000088691711, AccVa: 0.8565000295639038, CeTr: 0.0285994503647089, CeVa: 1.9270621538162231
Epoch: 19, AccTr: 0.9872000217437744, AccVa: 0.8575000166893005, CeTr: 0.031241461634635925, CeVa: 1.933935284614563
ENSEMBLE | Tr_Acc: 0.9998999834060669, Tr_CE: 0.0009464786271564662, Va_Acc: 0.906499981880188, Va_CE: 1.1631635427474976
Epoch: 20, AccTr: 0.9879000186920166, AccVa: 0.8495000004768372, CeTr: 0.031320925801992416, CeVa: 2.170145034790039
Epoch: 21, AccTr: 0.9912999868392944, AccVa: 0.859499990940094, CeTr: 0.024960720911622047, CeVa: 1.9825806617736816
Epoch: 22, AccTr: 0.9884999990463257, AccVa: 0.8410000205039978, CeTr: 0.0315062515437603, CeVa: 2.238272190093994
ENSEMBLE | Tr_Acc: 1.0, Tr_CE: 0.0005439661908894777, Va_Acc: 0.9104999899864197, Va_CE: 1.1475812196731567
Epoch: 23, AccTr: 0.9901000261306763, AccVa: 0.8445000052452087, CeTr: 0.028872190043330193, CeVa: 2.1341614723205566
Epoch: 24, AccTr: 0.9876000285148621, AccVa: 0.8565000295639038, CeTr: 0.030088873580098152, CeVa: 2.0492615699768066
Epoch: 25, AccTr: 0.9872999787330627, AccVa: 0.8395000100135803, CeTr: 0.030967969447374344, CeVa: 2.184687852859497
ENSEMBLE | Tr_Acc: 1.0, Tr_CE: 0.0004110663430765271, Va_Acc: 0.9125000238418579, Va_CE: 1.0929570198059082
Epoch: 26, AccTr: 0.9883000254631042, AccVa: 0.8544999957084656, CeTr: 0.03062935546040535, CeVa: 2.0054492950439453
Epoch: 27, AccTr: 0.9886000156402588, AccVa: 0.8544999957084656, CeTr: 0.027623092755675316, CeVa: 2.05031156539917
Epoch: 28, AccTr: 0.9879000186920166, AccVa: 0.8475000262260437, CeTr: 0.030002661049365997, CeVa: 2.1399295330047607
ENSEMBLE | Tr_Acc: 1.0, Tr_CE: 0.0002937673998530954, Va_Acc: 0.9150000214576721, Va_CE: 1.0626499652862549
Epoch: 29, AccTr: 0.9891999959945679, AccVa: 0.8565000295639038, CeTr: 0.02503935620188713, CeVa: 2.1093685626983643
Epoch: 30, AccTr: 0.9891999959945679, AccVa: 0.8510000109672546, CeTr: 0.02693120390176773, CeVa: 2.089820146560669
