NN CONFIG
Weight-type:		binary
Layout									Layer #1: 230	Layer #2: 260	
Activation Functions					Layer #1: bs	Layer #2: bs	
Keep probabilities		Layer #0: 1.0	Layer #1: 1.0	Layer #2: 1.0	
Flat factors							Layer #1: 1.0	Layer #2: 1.0	Layer #3: 1.0	
Activation Noise						Layer #1: 0.0	Layer #2: 0.0	Layer #3: 0.0	

===================================

RUN CONFIG
Epochs: 30, Blocksize: 8

===================================

Epoch: 1, AccTr: 0.9485999941825867, AccVa: 0.8339999914169312, CeTr: 0.23188242316246033, CeVa: 1.67911696434021
Epoch: 2, AccTr: 0.9695000052452087, AccVa: 0.8289999961853027, CeTr: 0.09289724379777908, CeVa: 1.7844685316085815
Epoch: 3, AccTr: 0.972599983215332, AccVa: 0.8309999704360962, CeTr: 0.07516856491565704, CeVa: 1.6766010522842407
Epoch: 4, AccTr: 0.9714999794960022, AccVa: 0.8414999842643738, CeTr: 0.06895676255226135, CeVa: 1.6863075494766235
Epoch: 5, AccTr: 0.9746999740600586, AccVa: 0.840499997138977, CeTr: 0.06316441297531128, CeVa: 1.8105802536010742
Epoch: 6, AccTr: 0.975600004196167, AccVa: 0.8475000262260437, CeTr: 0.05700436979532242, CeVa: 1.7215238809585571
Epoch: 7, AccTr: 0.9793999791145325, AccVa: 0.8544999957084656, CeTr: 0.05080566182732582, CeVa: 1.6418840885162354
Epoch: 8, AccTr: 0.9807999730110168, AccVa: 0.8454999923706055, CeTr: 0.04896702244877815, CeVa: 1.7213693857192993
Epoch: 9, AccTr: 0.983299970626831, AccVa: 0.8424999713897705, CeTr: 0.04460550844669342, CeVa: 1.6963797807693481
Epoch: 10, AccTr: 0.9829999804496765, AccVa: 0.843999981880188, CeTr: 0.04416201263666153, CeVa: 1.6342692375183105
ENSEMBLE | Tr_Acc: 0.9829999804496765, Tr_CE: 0.04416201263666153, Va_Acc: 0.843999981880188, Va_CE: 1.6342692375183105
Epoch: 11, AccTr: 0.9842000007629395, AccVa: 0.8445000052452087, CeTr: 0.04333797097206116, CeVa: 1.8637148141860962
Epoch: 12, AccTr: 0.9832000136375427, AccVa: 0.843500018119812, CeTr: 0.0422251895070076, CeVa: 1.8383110761642456
Epoch: 13, AccTr: 0.9800000190734863, AccVa: 0.8420000076293945, CeTr: 0.04636275768280029, CeVa: 1.7487373352050781
ENSEMBLE | Tr_Acc: 0.9965000152587891, Tr_CE: 0.011206802912056446, Va_Acc: 0.875, Va_CE: 1.2444593906402588
Epoch: 14, AccTr: 0.9836000204086304, AccVa: 0.8410000205039978, CeTr: 0.042994651943445206, CeVa: 1.76060152053833
Epoch: 15, AccTr: 0.9835000038146973, AccVa: 0.8414999842643738, CeTr: 0.04520011693239212, CeVa: 1.7928534746170044
Epoch: 16, AccTr: 0.9843000173568726, AccVa: 0.8414999842643738, CeTr: 0.04069512337446213, CeVa: 1.8336626291275024
ENSEMBLE | Tr_Acc: 0.9983999729156494, Tr_CE: 0.006249592639505863, Va_Acc: 0.8870000243186951, Va_CE: 1.1634907722473145
Epoch: 17, AccTr: 0.9829999804496765, AccVa: 0.843500018119812, CeTr: 0.043926484882831573, CeVa: 1.8920129537582397
Epoch: 18, AccTr: 0.9836999773979187, AccVa: 0.8424999713897705, CeTr: 0.04472246393561363, CeVa: 1.9102675914764404
Epoch: 19, AccTr: 0.9828000068664551, AccVa: 0.8454999923706055, CeTr: 0.044501520693302155, CeVa: 2.0021708011627197
ENSEMBLE | Tr_Acc: 0.9987999796867371, Tr_CE: 0.00444721570238471, Va_Acc: 0.8859999775886536, Va_CE: 1.1176142692565918
Epoch: 20, AccTr: 0.9850999712944031, AccVa: 0.8395000100135803, CeTr: 0.04058503359556198, CeVa: 2.027893543243408
Epoch: 21, AccTr: 0.9855999946594238, AccVa: 0.8395000100135803, CeTr: 0.03776302933692932, CeVa: 1.911060094833374
Epoch: 22, AccTr: 0.9818999767303467, AccVa: 0.8504999876022339, CeTr: 0.044653184711933136, CeVa: 1.8121110200881958
ENSEMBLE | Tr_Acc: 0.9991000294685364, Tr_CE: 0.003409772412851453, Va_Acc: 0.8939999938011169, Va_CE: 1.0721927881240845
Epoch: 23, AccTr: 0.9843000173568726, AccVa: 0.8445000052452087, CeTr: 0.0410667285323143, CeVa: 1.8483049869537354
Epoch: 24, AccTr: 0.983299970626831, AccVa: 0.8510000109672546, CeTr: 0.042281847447156906, CeVa: 1.7879149913787842
Epoch: 25, AccTr: 0.9828000068664551, AccVa: 0.8399999737739563, CeTr: 0.042284805327653885, CeVa: 1.9380271434783936
ENSEMBLE | Tr_Acc: 0.9994000196456909, Tr_CE: 0.0027296931948512793, Va_Acc: 0.8995000123977661, Va_CE: 1.0547763109207153
Epoch: 26, AccTr: 0.9817000031471252, AccVa: 0.8424999713897705, CeTr: 0.045413170009851456, CeVa: 1.9882780313491821
Epoch: 27, AccTr: 0.9850999712944031, AccVa: 0.8464999794960022, CeTr: 0.03816220164299011, CeVa: 2.069654703140259
Epoch: 28, AccTr: 0.9843999743461609, AccVa: 0.8460000157356262, CeTr: 0.03745802119374275, CeVa: 1.7628703117370605
ENSEMBLE | Tr_Acc: 0.9994999766349792, Tr_CE: 0.0023383162915706635, Va_Acc: 0.9024999737739563, Va_CE: 1.032785415649414
Epoch: 29, AccTr: 0.984499990940094, AccVa: 0.8360000252723694, CeTr: 0.03851215913891792, CeVa: 1.8906371593475342
Epoch: 30, AccTr: 0.9810000061988831, AccVa: 0.8450000286102295, CeTr: 0.04699702188372612, CeVa: 1.9690089225769043
