NN CONFIG
Weight-type:		binary
Layout									Layer #1: 200	Layer #2: 320	
Activation Functions					Layer #1: bs	Layer #2: bs	
Keep probabilities		Layer #0: 1.0	Layer #1: 1.0	Layer #2: 1.0	
Flat factors							Layer #1: 1.0	Layer #2: 1.0	Layer #3: 1.0	
Activation Noise						Layer #1: 0.0	Layer #2: 0.0	Layer #3: 0.0	
Prior: 0.7

===================================

RUN CONFIG
Epochs: 30, Blocksize: 8

===================================

Input binarization: False
Epoch: 1, AccTr: 0.9473000168800354, AccVa: 0.8289999961853027, CeTr: 0.23236264288425446, CeVa: 2.1032450199127197
Epoch: 2, AccTr: 0.9695000052452087, AccVa: 0.8385000228881836, CeTr: 0.09131215512752533, CeVa: 1.9751554727554321
Epoch: 3, AccTr: 0.9703999757766724, AccVa: 0.8259999752044678, CeTr: 0.07458960264921188, CeVa: 1.9565285444259644
Epoch: 4, AccTr: 0.9789000153541565, AccVa: 0.8399999737739563, CeTr: 0.057819731533527374, CeVa: 1.974469780921936
Epoch: 5, AccTr: 0.9789000153541565, AccVa: 0.8360000252723694, CeTr: 0.058052271604537964, CeVa: 1.9001116752624512
Epoch: 6, AccTr: 0.9794999957084656, AccVa: 0.8374999761581421, CeTr: 0.05215493589639664, CeVa: 1.9332380294799805
Epoch: 7, AccTr: 0.9830999970436096, AccVa: 0.8355000019073486, CeTr: 0.048877034336328506, CeVa: 1.929065465927124
Epoch: 8, AccTr: 0.9787999987602234, AccVa: 0.8385000228881836, CeTr: 0.0541439950466156, CeVa: 1.904910683631897
Epoch: 9, AccTr: 0.9830999970436096, AccVa: 0.8374999761581421, CeTr: 0.04666861891746521, CeVa: 1.8761330842971802
Epoch: 10, AccTr: 0.982200026512146, AccVa: 0.8299999833106995, CeTr: 0.04871688410639763, CeVa: 2.0511834621429443
ENSEMBLE | Tr_Acc: 0.982200026512146, Tr_CE: 0.04871688410639763, Va_Acc: 0.8299999833106995, Va_CE: 2.0511834621429443
Epoch: 11, AccTr: 0.9825000166893005, AccVa: 0.8339999914169312, CeTr: 0.04468361288309097, CeVa: 2.0225446224212646
Epoch: 12, AccTr: 0.982699990272522, AccVa: 0.8454999923706055, CeTr: 0.044515784829854965, CeVa: 1.9358339309692383
Epoch: 13, AccTr: 0.9818999767303467, AccVa: 0.8355000019073486, CeTr: 0.04662293568253517, CeVa: 2.067159414291382
ENSEMBLE | Tr_Acc: 0.9958000183105469, Tr_CE: 0.013507327064871788, Va_Acc: 0.8684999942779541, Va_CE: 1.61314058303833
Epoch: 14, AccTr: 0.9835000038146973, AccVa: 0.8504999876022339, CeTr: 0.04297244921326637, CeVa: 1.8655107021331787
Epoch: 15, AccTr: 0.9819999933242798, AccVa: 0.8485000133514404, CeTr: 0.045427825301885605, CeVa: 1.7983676195144653
Epoch: 16, AccTr: 0.9825000166893005, AccVa: 0.8510000109672546, CeTr: 0.04127504676580429, CeVa: 1.8018838167190552
ENSEMBLE | Tr_Acc: 0.9979000091552734, Tr_CE: 0.007328591775149107, Va_Acc: 0.8834999799728394, Va_CE: 1.3862947225570679
Epoch: 17, AccTr: 0.9854999780654907, AccVa: 0.8395000100135803, CeTr: 0.03892306983470917, CeVa: 1.9486701488494873
Epoch: 18, AccTr: 0.9854999780654907, AccVa: 0.8475000262260437, CeTr: 0.03910714387893677, CeVa: 1.8973853588104248
Epoch: 19, AccTr: 0.9861000180244446, AccVa: 0.8565000295639038, CeTr: 0.03822755068540573, CeVa: 1.8874061107635498
ENSEMBLE | Tr_Acc: 0.9986000061035156, Tr_CE: 0.004995695780962706, Va_Acc: 0.8865000009536743, Va_CE: 1.2835538387298584
Epoch: 20, AccTr: 0.9855999946594238, AccVa: 0.8410000205039978, CeTr: 0.037316419184207916, CeVa: 2.1571643352508545
Epoch: 21, AccTr: 0.9857000112533569, AccVa: 0.8424999713897705, CeTr: 0.03884967043995857, CeVa: 2.1577162742614746
Epoch: 22, AccTr: 0.982699990272522, AccVa: 0.8345000147819519, CeTr: 0.043180957436561584, CeVa: 2.1191000938415527
ENSEMBLE | Tr_Acc: 0.9987999796867371, Tr_CE: 0.00420299731194973, Va_Acc: 0.8930000066757202, Va_CE: 1.248504638671875
Epoch: 23, AccTr: 0.984000027179718, AccVa: 0.8420000076293945, CeTr: 0.04275093227624893, CeVa: 1.8750771284103394
Epoch: 24, AccTr: 0.9839000105857849, AccVa: 0.8385000228881836, CeTr: 0.039288319647312164, CeVa: 2.0491249561309814
Epoch: 25, AccTr: 0.9843000173568726, AccVa: 0.8529999852180481, CeTr: 0.03857650235295296, CeVa: 1.9337847232818604
ENSEMBLE | Tr_Acc: 0.9991999864578247, Tr_CE: 0.0033756911288946867, Va_Acc: 0.8964999914169312, Va_CE: 1.2027369737625122
Epoch: 26, AccTr: 0.9843999743461609, AccVa: 0.8479999899864197, CeTr: 0.03942795470356941, CeVa: 1.9490195512771606
Epoch: 27, AccTr: 0.9825000166893005, AccVa: 0.8379999995231628, CeTr: 0.04406619817018509, CeVa: 2.017669439315796
Epoch: 28, AccTr: 0.9842000007629395, AccVa: 0.8424999713897705, CeTr: 0.037848878651857376, CeVa: 2.0118823051452637
ENSEMBLE | Tr_Acc: 0.9994000196456909, Tr_CE: 0.002741660922765732, Va_Acc: 0.8999999761581421, Va_CE: 1.1778762340545654
Epoch: 29, AccTr: 0.9842000007629395, AccVa: 0.8464999794960022, CeTr: 0.03673342987895012, CeVa: 1.973422646522522
Epoch: 30, AccTr: 0.9846000075340271, AccVa: 0.8454999923706055, CeTr: 0.04219415411353111, CeVa: 1.9297429323196411
