NN CONFIG
Weight-type:		binary
Layout									Layer #1: 290	Layer #2: 260	
Activation Functions					Layer #1: bs	Layer #2: bs	
Keep probabilities		Layer #0: 1.0	Layer #1: 1.0	Layer #2: 1.0	
Flat factors							Layer #1: 1.0	Layer #2: 1.0	Layer #3: 1.0	
Activation Noise						Layer #1: 0.0	Layer #2: 0.0	Layer #3: 0.0	

===================================

RUN CONFIG
Epochs: 30, Blocksize: 8

===================================

Epoch: 1, AccTr: 0.9718999862670898, AccVa: 0.8765000104904175, CeTr: 0.12445439398288727, CeVa: 1.4316710233688354
Epoch: 2, AccTr: 0.980400025844574, AccVa: 0.8684999942779541, CeTr: 0.05314777046442032, CeVa: 1.5922348499298096
Epoch: 3, AccTr: 0.9837999939918518, AccVa: 0.8650000095367432, CeTr: 0.03968485817313194, CeVa: 1.6619212627410889
Epoch: 4, AccTr: 0.9865999817848206, AccVa: 0.859499990940094, CeTr: 0.03728155046701431, CeVa: 1.689638376235962
Epoch: 5, AccTr: 0.9837999939918518, AccVa: 0.8560000061988831, CeTr: 0.03878585249185562, CeVa: 1.8118171691894531
Epoch: 6, AccTr: 0.9865000247955322, AccVa: 0.8690000176429749, CeTr: 0.034396473318338394, CeVa: 1.6801397800445557
Epoch: 7, AccTr: 0.9850000143051147, AccVa: 0.8544999957084656, CeTr: 0.03529540076851845, CeVa: 1.711809515953064
Epoch: 8, AccTr: 0.9864000082015991, AccVa: 0.8495000004768372, CeTr: 0.03362724557518959, CeVa: 1.8779643774032593
Epoch: 9, AccTr: 0.9876999855041504, AccVa: 0.8604999780654907, CeTr: 0.03287828341126442, CeVa: 1.7060952186584473
Epoch: 10, AccTr: 0.9878000020980835, AccVa: 0.8634999990463257, CeTr: 0.031002867966890335, CeVa: 1.629353642463684
ENSEMBLE | Tr_Acc: 0.9878000020980835, Tr_CE: 0.031002867966890335, Va_Acc: 0.8634999990463257, Va_CE: 1.629353642463684
Epoch: 11, AccTr: 0.9837999939918518, AccVa: 0.8529999852180481, CeTr: 0.03738731890916824, CeVa: 1.6935253143310547
Epoch: 12, AccTr: 0.9864000082015991, AccVa: 0.8504999876022339, CeTr: 0.03471571207046509, CeVa: 1.7836651802062988
Epoch: 13, AccTr: 0.9853000044822693, AccVa: 0.8539999723434448, CeTr: 0.0342312753200531, CeVa: 2.0527334213256836
ENSEMBLE | Tr_Acc: 0.9991000294685364, Tr_CE: 0.005658789072185755, Va_Acc: 0.890500009059906, Va_CE: 1.405792474746704
Epoch: 14, AccTr: 0.9854999780654907, AccVa: 0.8560000061988831, CeTr: 0.03354566544294357, CeVa: 1.8853321075439453
Epoch: 15, AccTr: 0.9854999780654907, AccVa: 0.859000027179718, CeTr: 0.03378702327609062, CeVa: 1.8202389478683472
Epoch: 16, AccTr: 0.9860000014305115, AccVa: 0.8554999828338623, CeTr: 0.031139904633164406, CeVa: 1.8843965530395508
ENSEMBLE | Tr_Acc: 0.9994000196456909, Tr_CE: 0.002364245941862464, Va_Acc: 0.8949999809265137, Va_CE: 1.2431418895721436
Epoch: 17, AccTr: 0.9847999811172485, AccVa: 0.8495000004768372, CeTr: 0.0340975746512413, CeVa: 1.9071956872940063
Epoch: 18, AccTr: 0.9860000014305115, AccVa: 0.8579999804496765, CeTr: 0.03163137286901474, CeVa: 1.8302392959594727
Epoch: 19, AccTr: 0.9854999780654907, AccVa: 0.8454999923706055, CeTr: 0.03165583312511444, CeVa: 1.886637568473816
ENSEMBLE | Tr_Acc: 0.9995999932289124, Tr_CE: 0.0014208994107320905, Va_Acc: 0.8964999914169312, Va_CE: 1.159604787826538
Epoch: 20, AccTr: 0.9843999743461609, AccVa: 0.8399999737739563, CeTr: 0.033285558223724365, CeVa: 2.1689088344573975
Epoch: 21, AccTr: 0.9871000051498413, AccVa: 0.8575000166893005, CeTr: 0.03274171054363251, CeVa: 1.9022338390350342
Epoch: 22, AccTr: 0.9847000241279602, AccVa: 0.8450000286102295, CeTr: 0.033504944294691086, CeVa: 2.017545700073242
ENSEMBLE | Tr_Acc: 0.9998999834060669, Tr_CE: 0.0009782272391021252, Va_Acc: 0.902999997138977, Va_CE: 1.0880281925201416
Epoch: 23, AccTr: 0.9853000044822693, AccVa: 0.859000027179718, CeTr: 0.03802551329135895, CeVa: 1.727544903755188
Epoch: 24, AccTr: 0.9879999756813049, AccVa: 0.8575000166893005, CeTr: 0.02827225998044014, CeVa: 1.713485598564148
Epoch: 25, AccTr: 0.9854999780654907, AccVa: 0.862500011920929, CeTr: 0.037735845893621445, CeVa: 1.7850009202957153
ENSEMBLE | Tr_Acc: 0.9997000098228455, Tr_CE: 0.0008744618389755487, Va_Acc: 0.9089999794960022, Va_CE: 1.033693790435791
Epoch: 26, AccTr: 0.9890999794006348, AccVa: 0.8514999747276306, CeTr: 0.027274010702967644, CeVa: 2.0357229709625244
Epoch: 27, AccTr: 0.9879000186920166, AccVa: 0.8610000014305115, CeTr: 0.02905106171965599, CeVa: 1.792768120765686
Epoch: 28, AccTr: 0.9886999726295471, AccVa: 0.8629999756813049, CeTr: 0.03088197112083435, CeVa: 1.8527781963348389
ENSEMBLE | Tr_Acc: 1.0, Tr_CE: 0.0006310042808763683, Va_Acc: 0.9070000052452087, Va_CE: 0.997025728225708
Epoch: 29, AccTr: 0.9866999983787537, AccVa: 0.8544999957084656, CeTr: 0.035419903695583344, CeVa: 1.9030942916870117
Epoch: 30, AccTr: 0.9861000180244446, AccVa: 0.8604999780654907, CeTr: 0.03322441875934601, CeVa: 1.8650745153427124
