NN CONFIG
Weight-type:		binary
Layout									Layer #1: 260	Layer #2: 260	
Activation Functions					Layer #1: bs	Layer #2: bs	
Keep probabilities		Layer #0: 1.0	Layer #1: 1.0	Layer #2: 1.0	
Flat factors							Layer #1: 1.0	Layer #2: 1.0	Layer #3: 1.0	
Activation Noise						Layer #1: 0.0	Layer #2: 0.0	Layer #3: 0.0	

===================================

RUN CONFIG
Epochs: 30, Blocksize: 8

===================================

Epoch: 1, AccTr: 0.9502000212669373, AccVa: 0.843999981880188, CeTr: 0.25014179944992065, CeVa: 1.7794651985168457
Epoch: 2, AccTr: 0.9710000157356262, AccVa: 0.8374999761581421, CeTr: 0.09194380044937134, CeVa: 1.8085776567459106
Epoch: 3, AccTr: 0.9739000201225281, AccVa: 0.8355000019073486, CeTr: 0.06838695704936981, CeVa: 1.654374122619629
Epoch: 4, AccTr: 0.9776999950408936, AccVa: 0.843999981880188, CeTr: 0.054484449326992035, CeVa: 1.7763471603393555
Epoch: 5, AccTr: 0.9776999950408936, AccVa: 0.8360000252723694, CeTr: 0.05055401474237442, CeVa: 1.7296286821365356
Epoch: 6, AccTr: 0.9781000018119812, AccVa: 0.8399999737739563, CeTr: 0.04976990446448326, CeVa: 1.7869582176208496
Epoch: 7, AccTr: 0.9787999987602234, AccVa: 0.8364999890327454, CeTr: 0.046575576066970825, CeVa: 1.7456220388412476
Epoch: 8, AccTr: 0.9793999791145325, AccVa: 0.8360000252723694, CeTr: 0.045428089797496796, CeVa: 1.773376703262329
Epoch: 9, AccTr: 0.9825999736785889, AccVa: 0.8454999923706055, CeTr: 0.04436640068888664, CeVa: 1.737045407295227
Epoch: 10, AccTr: 0.9786999821662903, AccVa: 0.8349999785423279, CeTr: 0.04987939074635506, CeVa: 1.8113948106765747
ENSEMBLE | Tr_Acc: 0.9786999821662903, Tr_CE: 0.04987939074635506, Va_Acc: 0.8349999785423279, Va_CE: 1.8113948106765747
Epoch: 11, AccTr: 0.9811999797821045, AccVa: 0.8324999809265137, CeTr: 0.048955634236335754, CeVa: 1.9676107168197632
Epoch: 12, AccTr: 0.9851999878883362, AccVa: 0.843500018119812, CeTr: 0.04050416871905327, CeVa: 1.8509069681167603
Epoch: 13, AccTr: 0.9829999804496765, AccVa: 0.8379999995231628, CeTr: 0.044718388468027115, CeVa: 1.831783413887024
ENSEMBLE | Tr_Acc: 0.9966999888420105, Tr_CE: 0.011183525435626507, Va_Acc: 0.8799999952316284, Va_CE: 1.3547223806381226
Epoch: 14, AccTr: 0.9835000038146973, AccVa: 0.8345000147819519, CeTr: 0.0406397208571434, CeVa: 1.8495399951934814
Epoch: 15, AccTr: 0.9824000000953674, AccVa: 0.843500018119812, CeTr: 0.04199301823973656, CeVa: 1.9528512954711914
Epoch: 16, AccTr: 0.9815000295639038, AccVa: 0.8345000147819519, CeTr: 0.04553283005952835, CeVa: 1.9668097496032715
ENSEMBLE | Tr_Acc: 0.9980999827384949, Tr_CE: 0.005710750352591276, Va_Acc: 0.8820000290870667, Va_CE: 1.2245070934295654
Epoch: 17, AccTr: 0.9829000234603882, AccVa: 0.8399999737739563, CeTr: 0.04444732517004013, CeVa: 1.9317378997802734
Epoch: 18, AccTr: 0.9847000241279602, AccVa: 0.8379999995231628, CeTr: 0.04209424927830696, CeVa: 2.0434112548828125
Epoch: 19, AccTr: 0.9821000099182129, AccVa: 0.8460000157356262, CeTr: 0.043553076684474945, CeVa: 1.9322487115859985
ENSEMBLE | Tr_Acc: 0.9991999864578247, Tr_CE: 0.0036210021935403347, Va_Acc: 0.887499988079071, Va_CE: 1.1412087678909302
Epoch: 20, AccTr: 0.9822999835014343, AccVa: 0.8424999713897705, CeTr: 0.042783621698617935, CeVa: 1.8322073221206665
Epoch: 21, AccTr: 0.9828000068664551, AccVa: 0.8385000228881836, CeTr: 0.042635079473257065, CeVa: 2.1123602390289307
Epoch: 22, AccTr: 0.9847000241279602, AccVa: 0.843999981880188, CeTr: 0.03832824155688286, CeVa: 1.8666272163391113
ENSEMBLE | Tr_Acc: 0.9997000098228455, Tr_CE: 0.002329132752493024, Va_Acc: 0.8949999809265137, Va_CE: 1.0878273248672485
Epoch: 23, AccTr: 0.9850999712944031, AccVa: 0.8339999914169312, CeTr: 0.03896617889404297, CeVa: 1.9716112613677979
Epoch: 24, AccTr: 0.9819999933242798, AccVa: 0.8420000076293945, CeTr: 0.04585600644350052, CeVa: 1.889522910118103
Epoch: 25, AccTr: 0.9843000173568726, AccVa: 0.8479999899864197, CeTr: 0.040876660495996475, CeVa: 1.9778085947036743
ENSEMBLE | Tr_Acc: 0.9997000098228455, Tr_CE: 0.0016474009025841951, Va_Acc: 0.8960000276565552, Va_CE: 1.0712919235229492
Epoch: 26, AccTr: 0.9832000136375427, AccVa: 0.8355000019073486, CeTr: 0.04491901397705078, CeVa: 2.0260345935821533
Epoch: 27, AccTr: 0.9847999811172485, AccVa: 0.8424999713897705, CeTr: 0.03980841860175133, CeVa: 2.0319392681121826
Epoch: 28, AccTr: 0.9835000038146973, AccVa: 0.8339999914169312, CeTr: 0.04237964376807213, CeVa: 2.095503807067871
ENSEMBLE | Tr_Acc: 0.9995999932289124, Tr_CE: 0.0014336919412016869, Va_Acc: 0.8949999809265137, Va_CE: 1.0609989166259766
Epoch: 29, AccTr: 0.984499990940094, AccVa: 0.8320000171661377, CeTr: 0.04041394218802452, CeVa: 2.0059571266174316
Epoch: 30, AccTr: 0.9837999939918518, AccVa: 0.8395000100135803, CeTr: 0.03972426801919937, CeVa: 2.019606351852417
