NN CONFIG
Weight-type:		binary
Layout									Layer #1: 200	Layer #2: 260	
Activation Functions					Layer #1: bs	Layer #2: bs	
Keep probabilities		Layer #0: 1.0	Layer #1: 1.0	Layer #2: 1.0	
Flat factors							Layer #1: 1.0	Layer #2: 1.0	Layer #3: 1.0	
Activation Noise						Layer #1: 0.0	Layer #2: 0.0	Layer #3: 0.0	

===================================

RUN CONFIG
Epochs: 30, Blocksize: 8

===================================

Epoch: 1, AccTr: 0.9556999802589417, AccVa: 0.8345000147819519, CeTr: 0.17826294898986816, CeVa: 1.8396244049072266
Epoch: 2, AccTr: 0.9732000231742859, AccVa: 0.8379999995231628, CeTr: 0.07945964485406876, CeVa: 1.8109899759292603
Epoch: 3, AccTr: 0.9767000079154968, AccVa: 0.8330000042915344, CeTr: 0.06144249439239502, CeVa: 1.8180750608444214
Epoch: 4, AccTr: 0.9797000288963318, AccVa: 0.8360000252723694, CeTr: 0.05672749504446983, CeVa: 1.7450072765350342
Epoch: 5, AccTr: 0.9829000234603882, AccVa: 0.8424999713897705, CeTr: 0.04708969220519066, CeVa: 1.6985152959823608
Epoch: 6, AccTr: 0.9796000123023987, AccVa: 0.8424999713897705, CeTr: 0.054806098341941833, CeVa: 1.7566734552383423
Epoch: 7, AccTr: 0.9787999987602234, AccVa: 0.8429999947547913, CeTr: 0.05165749415755272, CeVa: 1.6869953870773315
Epoch: 8, AccTr: 0.9822999835014343, AccVa: 0.8339999914169312, CeTr: 0.04443454369902611, CeVa: 1.69270658493042
Epoch: 9, AccTr: 0.9825999736785889, AccVa: 0.8389999866485596, CeTr: 0.045893941074609756, CeVa: 1.647790551185608
Epoch: 10, AccTr: 0.9789999723434448, AccVa: 0.8355000019073486, CeTr: 0.046672094613313675, CeVa: 1.7441158294677734
ENSEMBLE | Tr_Acc: 0.9789999723434448, Tr_CE: 0.046672094613313675, Va_Acc: 0.8355000019073486, Va_CE: 1.7441158294677734
Epoch: 11, AccTr: 0.98089998960495, AccVa: 0.8529999852180481, CeTr: 0.04405404254794121, CeVa: 1.7098888158798218
Epoch: 12, AccTr: 0.9779999852180481, AccVa: 0.8360000252723694, CeTr: 0.05030106380581856, CeVa: 1.796330451965332
Epoch: 13, AccTr: 0.98089998960495, AccVa: 0.8374999761581421, CeTr: 0.04261564090847969, CeVa: 1.87973153591156
ENSEMBLE | Tr_Acc: 0.9952999949455261, Tr_CE: 0.01118137314915657, Va_Acc: 0.8650000095367432, Va_CE: 1.3833990097045898
Epoch: 14, AccTr: 0.9797999858856201, AccVa: 0.8374999761581421, CeTr: 0.04632396250963211, CeVa: 1.8909412622451782
Epoch: 15, AccTr: 0.9811999797821045, AccVa: 0.8370000123977661, CeTr: 0.04256731644272804, CeVa: 1.8780616521835327
Epoch: 16, AccTr: 0.983299970626831, AccVa: 0.8445000052452087, CeTr: 0.040634989738464355, CeVa: 1.8941564559936523
ENSEMBLE | Tr_Acc: 0.9987000226974487, Tr_CE: 0.005221809260547161, Va_Acc: 0.8845000267028809, Va_CE: 1.2493807077407837
Epoch: 17, AccTr: 0.9835000038146973, AccVa: 0.8420000076293945, CeTr: 0.04112231358885765, CeVa: 1.848029375076294
Epoch: 18, AccTr: 0.9825999736785889, AccVa: 0.8335000276565552, CeTr: 0.041895437985658646, CeVa: 1.8081097602844238
Epoch: 19, AccTr: 0.9818000197410583, AccVa: 0.8370000123977661, CeTr: 0.04198894649744034, CeVa: 1.798335313796997
ENSEMBLE | Tr_Acc: 0.9998000264167786, Tr_CE: 0.003319354960694909, Va_Acc: 0.890999972820282, Va_CE: 1.1615005731582642
Epoch: 20, AccTr: 0.9818000197410583, AccVa: 0.8475000262260437, CeTr: 0.042527347803115845, CeVa: 1.7593661546707153
Epoch: 21, AccTr: 0.9810000061988831, AccVa: 0.8324999809265137, CeTr: 0.04263756051659584, CeVa: 1.9633715152740479
Epoch: 22, AccTr: 0.9821000099182129, AccVa: 0.843500018119812, CeTr: 0.044055577367544174, CeVa: 1.8797574043273926
ENSEMBLE | Tr_Acc: 0.9998999834060669, Tr_CE: 0.0024523402098566294, Va_Acc: 0.8920000195503235, Va_CE: 1.1336778402328491
Epoch: 23, AccTr: 0.9785000085830688, AccVa: 0.8309999704360962, CeTr: 0.04639941453933716, CeVa: 1.8712248802185059
Epoch: 24, AccTr: 0.9819999933242798, AccVa: 0.8485000133514404, CeTr: 0.04147960990667343, CeVa: 1.8622239828109741
Epoch: 25, AccTr: 0.9815999865531921, AccVa: 0.8414999842643738, CeTr: 0.04386286437511444, CeVa: 1.9262349605560303
ENSEMBLE | Tr_Acc: 0.9998000264167786, Tr_CE: 0.0018570731626823545, Va_Acc: 0.8960000276565552, Va_CE: 1.1093052625656128
Epoch: 26, AccTr: 0.9825000166893005, AccVa: 0.8330000042915344, CeTr: 0.03976612538099289, CeVa: 1.7571938037872314
Epoch: 27, AccTr: 0.9840999841690063, AccVa: 0.8309999704360962, CeTr: 0.03873313590884209, CeVa: 1.8486906290054321
Epoch: 28, AccTr: 0.9819999933242798, AccVa: 0.8454999923706055, CeTr: 0.043571893125772476, CeVa: 1.9682930707931519
ENSEMBLE | Tr_Acc: 0.9998000264167786, Tr_CE: 0.0016158721409738064, Va_Acc: 0.8995000123977661, Va_CE: 1.092677354812622
Epoch: 29, AccTr: 0.9807999730110168, AccVa: 0.8464999794960022, CeTr: 0.04394824430346489, CeVa: 1.8610121011734009
Epoch: 30, AccTr: 0.9796000123023987, AccVa: 0.8464999794960022, CeTr: 0.046645019203424454, CeVa: 1.783515214920044
