NN CONFIG
Weight-type:		binary
Layout									Layer #1: 320	Layer #2: 200	
Activation Functions					Layer #1: bs	Layer #2: bs	
Keep probabilities		Layer #0: 1.0	Layer #1: 1.0	Layer #2: 1.0	
Flat factors							Layer #1: 1.0	Layer #2: 1.0	Layer #3: 1.0	
Activation Noise						Layer #1: 0.0	Layer #2: 0.0	Layer #3: 0.0	

===================================

RUN CONFIG
Epochs: 30, Blocksize: 8

===================================

Epoch: 1, AccTr: 0.9918000102043152, AccVa: 0.8744999766349792, CeTr: 0.020479265600442886, CeVa: 1.9697662591934204
Epoch: 2, AccTr: 0.9907000064849854, AccVa: 0.8734999895095825, CeTr: 0.02194441482424736, CeVa: 1.996442437171936
Epoch: 3, AccTr: 0.9876999855041504, AccVa: 0.859000027179718, CeTr: 0.02375847101211548, CeVa: 2.001741886138916
Epoch: 4, AccTr: 0.987500011920929, AccVa: 0.8644999861717224, CeTr: 0.027235528454184532, CeVa: 1.7981548309326172
Epoch: 5, AccTr: 0.9876000285148621, AccVa: 0.8715000152587891, CeTr: 0.02459205873310566, CeVa: 1.7085278034210205
Epoch: 6, AccTr: 0.9869999885559082, AccVa: 0.8619999885559082, CeTr: 0.026539815589785576, CeVa: 1.7677104473114014
Epoch: 7, AccTr: 0.9894999861717224, AccVa: 0.8610000014305115, CeTr: 0.02618386782705784, CeVa: 1.803702473640442
Epoch: 8, AccTr: 0.9897000193595886, AccVa: 0.8615000247955322, CeTr: 0.02337506413459778, CeVa: 1.8218028545379639
Epoch: 9, AccTr: 0.991100013256073, AccVa: 0.8585000038146973, CeTr: 0.023700766265392303, CeVa: 1.8715280294418335
Epoch: 10, AccTr: 0.9897000193595886, AccVa: 0.8654999732971191, CeTr: 0.026343276724219322, CeVa: 1.8309012651443481
ENSEMBLE | Tr_Acc: 0.9897000193595886, Tr_CE: 0.026343276724219322, Va_Acc: 0.8654999732971191, Va_CE: 1.8309012651443481
Epoch: 11, AccTr: 0.9883000254631042, AccVa: 0.8575000166893005, CeTr: 0.025039996951818466, CeVa: 1.807206392288208
Epoch: 12, AccTr: 0.9872999787330627, AccVa: 0.8640000224113464, CeTr: 0.026739690452814102, CeVa: 1.896826148033142
Epoch: 13, AccTr: 0.9882000088691711, AccVa: 0.8679999709129333, CeTr: 0.028066277503967285, CeVa: 1.7405880689620972
ENSEMBLE | Tr_Acc: 0.9988999962806702, Tr_CE: 0.00380762224085629, Va_Acc: 0.8939999938011169, Va_CE: 1.3184447288513184
Epoch: 14, AccTr: 0.988099992275238, AccVa: 0.8610000014305115, CeTr: 0.02676418423652649, CeVa: 1.6460773944854736
Epoch: 15, AccTr: 0.9884999990463257, AccVa: 0.8734999895095825, CeTr: 0.024649683386087418, CeVa: 1.5408581495285034
Epoch: 16, AccTr: 0.9869999885559082, AccVa: 0.8629999756813049, CeTr: 0.02604983001947403, CeVa: 1.8169735670089722
ENSEMBLE | Tr_Acc: 0.9998999834060669, Tr_CE: 0.0009892754023894668, Va_Acc: 0.8999999761581421, Va_CE: 1.1373952627182007
Epoch: 17, AccTr: 0.9879999756813049, AccVa: 0.8619999885559082, CeTr: 0.02634570561349392, CeVa: 1.6273139715194702
Epoch: 18, AccTr: 0.9854999780654907, AccVa: 0.8579999804496765, CeTr: 0.030284512788057327, CeVa: 1.755670189857483
Epoch: 19, AccTr: 0.9869999885559082, AccVa: 0.8684999942779541, CeTr: 0.027920667082071304, CeVa: 1.7163058519363403
ENSEMBLE | Tr_Acc: 0.9998999834060669, Tr_CE: 0.0005013220361433923, Va_Acc: 0.9104999899864197, Va_CE: 1.033430814743042
Epoch: 20, AccTr: 0.9872000217437744, AccVa: 0.859000027179718, CeTr: 0.027701647952198982, CeVa: 1.7407119274139404
Epoch: 21, AccTr: 0.9871000051498413, AccVa: 0.859000027179718, CeTr: 0.027985546737909317, CeVa: 1.798638105392456
Epoch: 22, AccTr: 0.9879999756813049, AccVa: 0.8604999780654907, CeTr: 0.027740124613046646, CeVa: 1.8964096307754517
ENSEMBLE | Tr_Acc: 1.0, Tr_CE: 0.0002837063802871853, Va_Acc: 0.9135000109672546, Va_CE: 0.989910900592804
Epoch: 23, AccTr: 0.9879999756813049, AccVa: 0.8569999933242798, CeTr: 0.02566004917025566, CeVa: 2.0270743370056152
Epoch: 24, AccTr: 0.9869999885559082, AccVa: 0.8610000014305115, CeTr: 0.02715144120156765, CeVa: 1.8873393535614014
Epoch: 25, AccTr: 0.9872000217437744, AccVa: 0.859499990940094, CeTr: 0.029040003195405006, CeVa: 1.9055100679397583
ENSEMBLE | Tr_Acc: 1.0, Tr_CE: 0.00020534786744974554, Va_Acc: 0.9164999723434448, Va_CE: 0.9729146957397461
Epoch: 26, AccTr: 0.9865999817848206, AccVa: 0.8569999933242798, CeTr: 0.028873419389128685, CeVa: 1.7617425918579102
Epoch: 27, AccTr: 0.9897000193595886, AccVa: 0.8579999804496765, CeTr: 0.024478163570165634, CeVa: 1.7997363805770874
Epoch: 28, AccTr: 0.9872000217437744, AccVa: 0.8579999804496765, CeTr: 0.028100451454520226, CeVa: 1.8846174478530884
ENSEMBLE | Tr_Acc: 1.0, Tr_CE: 0.0001258711126865819, Va_Acc: 0.9154999852180481, Va_CE: 0.9504212141036987
Epoch: 29, AccTr: 0.9889000058174133, AccVa: 0.8619999885559082, CeTr: 0.02454877272248268, CeVa: 1.7297629117965698
Epoch: 30, AccTr: 0.9879999756813049, AccVa: 0.8640000224113464, CeTr: 0.027587464079260826, CeVa: 1.8413985967636108
