NN CONFIG
Weight-type:		binary
Layout									Layer #1: 320	Layer #2: 320	
Activation Functions					Layer #1: bs	Layer #2: bs	
Keep probabilities		Layer #0: 1.0	Layer #1: 1.0	Layer #2: 1.0	
Flat factors							Layer #1: 1.0	Layer #2: 1.0	Layer #3: 1.0	
Activation Noise						Layer #1: 0.0	Layer #2: 0.0	Layer #3: 0.0	

===================================

RUN CONFIG
Epochs: 30, Blocksize: 8

===================================

Epoch: 1, AccTr: 0.9819999933242798, AccVa: 0.8715000152587891, CeTr: 0.0669916495680809, CeVa: 1.8754087686538696
Epoch: 2, AccTr: 0.9865000247955322, AccVa: 0.8654999732971191, CeTr: 0.038936223834753036, CeVa: 1.7399221658706665
Epoch: 3, AccTr: 0.9879000186920166, AccVa: 0.862500011920929, CeTr: 0.032245930284261703, CeVa: 1.6573065519332886
Epoch: 4, AccTr: 0.9869999885559082, AccVa: 0.8525000214576721, CeTr: 0.035478055477142334, CeVa: 1.8840649127960205
Epoch: 5, AccTr: 0.9908999800682068, AccVa: 0.8684999942779541, CeTr: 0.02984030172228813, CeVa: 1.7585973739624023
Epoch: 6, AccTr: 0.9882000088691711, AccVa: 0.8454999923706055, CeTr: 0.03233249485492706, CeVa: 2.0266523361206055
Epoch: 7, AccTr: 0.9879000186920166, AccVa: 0.8615000247955322, CeTr: 0.03383881226181984, CeVa: 1.7332611083984375
Epoch: 8, AccTr: 0.9851999878883362, AccVa: 0.8634999990463257, CeTr: 0.03469033166766167, CeVa: 1.7778249979019165
Epoch: 9, AccTr: 0.9865999817848206, AccVa: 0.8519999980926514, CeTr: 0.033000655472278595, CeVa: 1.8957698345184326
Epoch: 10, AccTr: 0.9872000217437744, AccVa: 0.8585000038146973, CeTr: 0.03178933262825012, CeVa: 1.7780729532241821
ENSEMBLE | Tr_Acc: 0.9872000217437744, Tr_CE: 0.03178933262825012, Va_Acc: 0.8585000038146973, Va_CE: 1.7780729532241821
Epoch: 11, AccTr: 0.986299991607666, AccVa: 0.8510000109672546, CeTr: 0.03507832810282707, CeVa: 1.9696756601333618
Epoch: 12, AccTr: 0.9866999983787537, AccVa: 0.8475000262260437, CeTr: 0.031325358897447586, CeVa: 1.990562081336975
Epoch: 13, AccTr: 0.9861000180244446, AccVa: 0.8565000295639038, CeTr: 0.03423072025179863, CeVa: 1.9066258668899536
ENSEMBLE | Tr_Acc: 0.9986000061035156, Tr_CE: 0.004821327514946461, Va_Acc: 0.8809999823570251, Va_CE: 1.3106837272644043
Epoch: 14, AccTr: 0.9876999855041504, AccVa: 0.8514999747276306, CeTr: 0.03318928927183151, CeVa: 2.082188606262207
Epoch: 15, AccTr: 0.9879000186920166, AccVa: 0.8650000095367432, CeTr: 0.032230913639068604, CeVa: 1.8917796611785889
Epoch: 16, AccTr: 0.988099992275238, AccVa: 0.843999981880188, CeTr: 0.03266546502709389, CeVa: 2.1246140003204346
ENSEMBLE | Tr_Acc: 0.9994000196456909, Tr_CE: 0.002540996065363288, Va_Acc: 0.8985000252723694, Va_CE: 1.1970536708831787
Epoch: 17, AccTr: 0.9876000285148621, AccVa: 0.8445000052452087, CeTr: 0.03200865909457207, CeVa: 2.0334808826446533
Epoch: 18, AccTr: 0.9891999959945679, AccVa: 0.8560000061988831, CeTr: 0.031038302928209305, CeVa: 2.041574478149414
Epoch: 19, AccTr: 0.9886000156402588, AccVa: 0.8514999747276306, CeTr: 0.029839178547263145, CeVa: 1.9598095417022705
ENSEMBLE | Tr_Acc: 0.9998000264167786, Tr_CE: 0.0017261935863643885, Va_Acc: 0.9020000100135803, Va_CE: 1.1330552101135254
Epoch: 20, AccTr: 0.9889000058174133, AccVa: 0.8504999876022339, CeTr: 0.031240878626704216, CeVa: 2.006791114807129
Epoch: 21, AccTr: 0.9904000163078308, AccVa: 0.8420000076293945, CeTr: 0.028785333037376404, CeVa: 2.131084442138672
Epoch: 22, AccTr: 0.9876000285148621, AccVa: 0.8485000133514404, CeTr: 0.03140237554907799, CeVa: 2.0956177711486816
ENSEMBLE | Tr_Acc: 0.9998000264167786, Tr_CE: 0.001135468715801835, Va_Acc: 0.909500002861023, Va_CE: 1.1067085266113281
Epoch: 23, AccTr: 0.9894999861717224, AccVa: 0.8544999957084656, CeTr: 0.02866431511938572, CeVa: 2.0693624019622803
Epoch: 24, AccTr: 0.9890999794006348, AccVa: 0.8544999957084656, CeTr: 0.03198084607720375, CeVa: 1.952431082725525
Epoch: 25, AccTr: 0.9879999756813049, AccVa: 0.8579999804496765, CeTr: 0.031436726450920105, CeVa: 2.055967092514038
ENSEMBLE | Tr_Acc: 0.9998000264167786, Tr_CE: 0.0007879353361204267, Va_Acc: 0.9139999747276306, Va_CE: 1.0828810930252075
Epoch: 26, AccTr: 0.9894000291824341, AccVa: 0.8560000061988831, CeTr: 0.029331719502806664, CeVa: 1.9834325313568115
Epoch: 27, AccTr: 0.9890999794006348, AccVa: 0.8604999780654907, CeTr: 0.029182324185967445, CeVa: 1.8773113489151
Epoch: 28, AccTr: 0.9886999726295471, AccVa: 0.862500011920929, CeTr: 0.032150425016880035, CeVa: 1.9021596908569336
ENSEMBLE | Tr_Acc: 1.0, Tr_CE: 0.0005894775385968387, Va_Acc: 0.9120000004768372, Va_CE: 1.047876000404358
Epoch: 29, AccTr: 0.988099992275238, AccVa: 0.8485000133514404, CeTr: 0.0308150015771389, CeVa: 1.9405105113983154
Epoch: 30, AccTr: 0.9891999959945679, AccVa: 0.8539999723434448, CeTr: 0.030726907774806023, CeVa: 1.9907513856887817
