NN CONFIG
Weight-type:		binary
Layout									Layer #1: 290	Layer #2: 290	
Activation Functions					Layer #1: bs	Layer #2: bs	
Keep probabilities		Layer #0: 1.0	Layer #1: 1.0	Layer #2: 1.0	
Flat factors							Layer #1: 1.0	Layer #2: 1.0	Layer #3: 1.0	
Activation Noise						Layer #1: 0.0	Layer #2: 0.0	Layer #3: 0.0	

===================================

RUN CONFIG
Epochs: 30, Blocksize: 8

===================================

Epoch: 1, AccTr: 0.968500018119812, AccVa: 0.8554999828338623, CeTr: 0.12721827626228333, CeVa: 1.5843408107757568
Epoch: 2, AccTr: 0.9789999723434448, AccVa: 0.8485000133514404, CeTr: 0.05224532634019852, CeVa: 1.701339840888977
Epoch: 3, AccTr: 0.9840999841690063, AccVa: 0.8585000038146973, CeTr: 0.03844866156578064, CeVa: 1.6693816184997559
Epoch: 4, AccTr: 0.9850000143051147, AccVa: 0.8510000109672546, CeTr: 0.03809373825788498, CeVa: 1.7681238651275635
Epoch: 5, AccTr: 0.9807000160217285, AccVa: 0.847000002861023, CeTr: 0.04181068018078804, CeVa: 1.8141193389892578
Epoch: 6, AccTr: 0.9850999712944031, AccVa: 0.8464999794960022, CeTr: 0.036743223667144775, CeVa: 1.6349575519561768
Epoch: 7, AccTr: 0.982200026512146, AccVa: 0.8450000286102295, CeTr: 0.038707226514816284, CeVa: 1.7864570617675781
Epoch: 8, AccTr: 0.986299991607666, AccVa: 0.843999981880188, CeTr: 0.030800506472587585, CeVa: 1.7792459726333618
Epoch: 9, AccTr: 0.9850000143051147, AccVa: 0.8479999899864197, CeTr: 0.03813469409942627, CeVa: 1.8048787117004395
Epoch: 10, AccTr: 0.9818999767303467, AccVa: 0.8450000286102295, CeTr: 0.04103416949510574, CeVa: 1.8581397533416748
ENSEMBLE | Tr_Acc: 0.9818999767303467, Tr_CE: 0.04103416949510574, Va_Acc: 0.8450000286102295, Va_CE: 1.8581397533416748
Epoch: 11, AccTr: 0.984499990940094, AccVa: 0.8604999780654907, CeTr: 0.036050789058208466, CeVa: 1.5960028171539307
Epoch: 12, AccTr: 0.9836000204086304, AccVa: 0.8485000133514404, CeTr: 0.038832176476716995, CeVa: 1.8327387571334839
Epoch: 13, AccTr: 0.9854999780654907, AccVa: 0.8429999947547913, CeTr: 0.03384244814515114, CeVa: 1.9283097982406616
ENSEMBLE | Tr_Acc: 0.9980000257492065, Tr_CE: 0.006698284763842821, Va_Acc: 0.8794999718666077, Va_CE: 1.3591595888137817
Epoch: 14, AccTr: 0.9854000210762024, AccVa: 0.8464999794960022, CeTr: 0.03520437702536583, CeVa: 1.9854553937911987
Epoch: 15, AccTr: 0.982699990272522, AccVa: 0.847000002861023, CeTr: 0.0385412834584713, CeVa: 2.0177059173583984
Epoch: 16, AccTr: 0.984499990940094, AccVa: 0.843999981880188, CeTr: 0.03617721423506737, CeVa: 1.9502800703048706
ENSEMBLE | Tr_Acc: 0.9994000196456909, Tr_CE: 0.002801568014547229, Va_Acc: 0.8945000171661377, Va_CE: 1.226101040840149
Epoch: 17, AccTr: 0.9854000210762024, AccVa: 0.8510000109672546, CeTr: 0.03544901683926582, CeVa: 1.8753546476364136
Epoch: 18, AccTr: 0.9840999841690063, AccVa: 0.8395000100135803, CeTr: 0.03698176145553589, CeVa: 1.943878412246704
Epoch: 19, AccTr: 0.9850999712944031, AccVa: 0.8450000286102295, CeTr: 0.03392323851585388, CeVa: 2.12465500831604
ENSEMBLE | Tr_Acc: 0.9997000098228455, Tr_CE: 0.0017910568276420236, Va_Acc: 0.9004999995231628, Va_CE: 1.1824216842651367
Epoch: 20, AccTr: 0.9850000143051147, AccVa: 0.8454999923706055, CeTr: 0.034466080367565155, CeVa: 1.93157160282135
Epoch: 21, AccTr: 0.9847000241279602, AccVa: 0.8569999933242798, CeTr: 0.03549156337976456, CeVa: 1.8280378580093384
Epoch: 22, AccTr: 0.9868000149726868, AccVa: 0.8579999804496765, CeTr: 0.0341668538749218, CeVa: 1.74290931224823
ENSEMBLE | Tr_Acc: 0.9998999834060669, Tr_CE: 0.0012869293568655849, Va_Acc: 0.9079999923706055, Va_CE: 1.0954383611679077
Epoch: 23, AccTr: 0.9866999983787537, AccVa: 0.8450000286102295, CeTr: 0.034852344542741776, CeVa: 1.9802786111831665
Epoch: 24, AccTr: 0.9866999983787537, AccVa: 0.8414999842643738, CeTr: 0.032760582864284515, CeVa: 1.9493144750595093
Epoch: 25, AccTr: 0.9848999977111816, AccVa: 0.8565000295639038, CeTr: 0.035527173429727554, CeVa: 1.7732816934585571
ENSEMBLE | Tr_Acc: 0.9998999834060669, Tr_CE: 0.0009718895889818668, Va_Acc: 0.9089999794960022, Va_CE: 1.0435988903045654
Epoch: 26, AccTr: 0.9843000173568726, AccVa: 0.8500000238418579, CeTr: 0.03722414746880531, CeVa: 1.7732999324798584
Epoch: 27, AccTr: 0.9846000075340271, AccVa: 0.8399999737739563, CeTr: 0.035683996975421906, CeVa: 1.9406068325042725
Epoch: 28, AccTr: 0.9839000105857849, AccVa: 0.8364999890327454, CeTr: 0.036240335553884506, CeVa: 1.9446766376495361
ENSEMBLE | Tr_Acc: 1.0, Tr_CE: 0.0007634143112227321, Va_Acc: 0.9139999747276306, Va_CE: 1.0026297569274902
Epoch: 29, AccTr: 0.9842000007629395, AccVa: 0.8500000238418579, CeTr: 0.03636293485760689, CeVa: 1.9320039749145508
Epoch: 30, AccTr: 0.9854999780654907, AccVa: 0.8424999713897705, CeTr: 0.034112464636564255, CeVa: 2.172412395477295
