NN CONFIG
Weight-type:		binary
Layout									Layer #1: 230	Layer #2: 320	
Activation Functions					Layer #1: bs	Layer #2: bs	
Keep probabilities		Layer #0: 1.0	Layer #1: 1.0	Layer #2: 1.0	
Flat factors							Layer #1: 1.0	Layer #2: 1.0	Layer #3: 1.0	
Activation Noise						Layer #1: 0.0	Layer #2: 0.0	Layer #3: 0.0	
Prior: 0.7

===================================

RUN CONFIG
Epochs: 30, Blocksize: 8

===================================

Input binarization: False
Epoch: 1, AccTr: 0.9681000113487244, AccVa: 0.8475000262260437, CeTr: 0.16767923533916473, CeVa: 1.6032135486602783
Epoch: 2, AccTr: 0.980400025844574, AccVa: 0.8615000247955322, CeTr: 0.05261543020606041, CeVa: 1.4564207792282104
Epoch: 3, AccTr: 0.9811999797821045, AccVa: 0.8550000190734863, CeTr: 0.0477650947868824, CeVa: 1.5687156915664673
Epoch: 4, AccTr: 0.9819999933242798, AccVa: 0.8579999804496765, CeTr: 0.04181680455803871, CeVa: 1.4440490007400513
Epoch: 5, AccTr: 0.9807000160217285, AccVa: 0.8585000038146973, CeTr: 0.0400301031768322, CeVa: 1.5312047004699707
Epoch: 6, AccTr: 0.9803000092506409, AccVa: 0.8489999771118164, CeTr: 0.04114793613553047, CeVa: 1.6088659763336182
Epoch: 7, AccTr: 0.9811000227928162, AccVa: 0.8619999885559082, CeTr: 0.03874014690518379, CeVa: 1.6107709407806396
Epoch: 8, AccTr: 0.9833999872207642, AccVa: 0.8539999723434448, CeTr: 0.039552588015794754, CeVa: 1.7513500452041626
Epoch: 9, AccTr: 0.982699990272522, AccVa: 0.8579999804496765, CeTr: 0.037512827664613724, CeVa: 1.5217390060424805
Epoch: 10, AccTr: 0.9818999767303467, AccVa: 0.8579999804496765, CeTr: 0.036244068294763565, CeVa: 1.4805043935775757
ENSEMBLE | Tr_Acc: 0.9818999767303467, Tr_CE: 0.036244068294763565, Va_Acc: 0.8579999804496765, Va_CE: 1.4805043935775757
Epoch: 11, AccTr: 0.984499990940094, AccVa: 0.8694999814033508, CeTr: 0.03706358000636101, CeVa: 1.529338002204895
Epoch: 12, AccTr: 0.9854999780654907, AccVa: 0.8694999814033508, CeTr: 0.03555506840348244, CeVa: 1.5364606380462646
Epoch: 13, AccTr: 0.9868999719619751, AccVa: 0.8659999966621399, CeTr: 0.036753103137016296, CeVa: 1.572279691696167
ENSEMBLE | Tr_Acc: 0.9977999925613403, Tr_CE: 0.00728720473125577, Va_Acc: 0.8960000276565552, Va_CE: 1.1080065965652466
Epoch: 14, AccTr: 0.9861999750137329, AccVa: 0.8669999837875366, CeTr: 0.03492607921361923, CeVa: 1.65628981590271
Epoch: 15, AccTr: 0.9871000051498413, AccVa: 0.8550000190734863, CeTr: 0.034664079546928406, CeVa: 1.6434041261672974
Epoch: 16, AccTr: 0.9868000149726868, AccVa: 0.8669999837875366, CeTr: 0.035898514091968536, CeVa: 1.5406408309936523
ENSEMBLE | Tr_Acc: 0.9988999962806702, Tr_CE: 0.0033771758899092674, Va_Acc: 0.9024999737739563, Va_CE: 0.9699752330780029
Epoch: 17, AccTr: 0.9861000180244446, AccVa: 0.8615000247955322, CeTr: 0.03496585413813591, CeVa: 1.7316160202026367
Epoch: 18, AccTr: 0.9890999794006348, AccVa: 0.8575000166893005, CeTr: 0.029479047283530235, CeVa: 1.745726466178894
Epoch: 19, AccTr: 0.9858999848365784, AccVa: 0.8755000233650208, CeTr: 0.03616473823785782, CeVa: 1.605479121208191
ENSEMBLE | Tr_Acc: 0.9995999932289124, Tr_CE: 0.0019264075672253966, Va_Acc: 0.9104999899864197, Va_CE: 0.9504007697105408
Epoch: 20, AccTr: 0.9846000075340271, AccVa: 0.8679999709129333, CeTr: 0.040619250386953354, CeVa: 1.6066200733184814
Epoch: 21, AccTr: 0.9853000044822693, AccVa: 0.8659999966621399, CeTr: 0.037110988050699234, CeVa: 1.499585747718811
Epoch: 22, AccTr: 0.9871000051498413, AccVa: 0.8690000176429749, CeTr: 0.03583601489663124, CeVa: 1.715277075767517
ENSEMBLE | Tr_Acc: 0.9998999834060669, Tr_CE: 0.0013116790214553475, Va_Acc: 0.9114999771118164, Va_CE: 0.9359445571899414
Epoch: 23, AccTr: 0.9864000082015991, AccVa: 0.8679999709129333, CeTr: 0.033866703510284424, CeVa: 1.5615622997283936
Epoch: 24, AccTr: 0.9876999855041504, AccVa: 0.8629999756813049, CeTr: 0.03333555907011032, CeVa: 1.646626353263855
Epoch: 25, AccTr: 0.9878000020980835, AccVa: 0.8734999895095825, CeTr: 0.03279373049736023, CeVa: 1.698282241821289
ENSEMBLE | Tr_Acc: 0.9998999834060669, Tr_CE: 0.0009176530875265598, Va_Acc: 0.9144999980926514, Va_CE: 0.8901030421257019
Epoch: 26, AccTr: 0.987500011920929, AccVa: 0.8690000176429749, CeTr: 0.03286634385585785, CeVa: 1.6103525161743164
Epoch: 27, AccTr: 0.9879999756813049, AccVa: 0.8610000014305115, CeTr: 0.03293697535991669, CeVa: 1.6943132877349854
Epoch: 28, AccTr: 0.9869999885559082, AccVa: 0.8690000176429749, CeTr: 0.034701380878686905, CeVa: 1.6908595561981201
ENSEMBLE | Tr_Acc: 0.9998999834060669, Tr_CE: 0.0008233258267864585, Va_Acc: 0.9175000190734863, Va_CE: 0.8646199107170105
Epoch: 29, AccTr: 0.9890000224113464, AccVa: 0.8629999756813049, CeTr: 0.031054290011525154, CeVa: 1.7903642654418945
Epoch: 30, AccTr: 0.9891999959945679, AccVa: 0.8644999861717224, CeTr: 0.030325867235660553, CeVa: 1.7677351236343384
