NN CONFIG
Weight-type:		binary
Layout									Layer #1: 200	Layer #2: 230	
Activation Functions					Layer #1: bs	Layer #2: bs	
Keep probabilities		Layer #0: 1.0	Layer #1: 1.0	Layer #2: 1.0	
Flat factors							Layer #1: 1.0	Layer #2: 1.0	Layer #3: 1.0	
Activation Noise						Layer #1: 0.0	Layer #2: 0.0	Layer #3: 0.0	
Prior: 0.7

===================================

RUN CONFIG
Epochs: 30, Blocksize: 8

===================================

Input binarization: False
Epoch: 1, AccTr: 0.9574999809265137, AccVa: 0.859000027179718, CeTr: 0.199102982878685, CeVa: 1.499429702758789
Epoch: 2, AccTr: 0.9745000004768372, AccVa: 0.8615000247955322, CeTr: 0.09009993821382523, CeVa: 1.4835864305496216
Epoch: 3, AccTr: 0.978600025177002, AccVa: 0.8610000014305115, CeTr: 0.06507615745067596, CeVa: 1.5150578022003174
Epoch: 4, AccTr: 0.9793000221252441, AccVa: 0.8654999732971191, CeTr: 0.05456778407096863, CeVa: 1.4475404024124146
Epoch: 5, AccTr: 0.9815000295639038, AccVa: 0.8450000286102295, CeTr: 0.050087589770555496, CeVa: 1.5826977491378784
Epoch: 6, AccTr: 0.9830999970436096, AccVa: 0.8575000166893005, CeTr: 0.050748784095048904, CeVa: 1.477990984916687
Epoch: 7, AccTr: 0.9815999865531921, AccVa: 0.8519999980926514, CeTr: 0.050572749227285385, CeVa: 1.6135791540145874
Epoch: 8, AccTr: 0.9837999939918518, AccVa: 0.8560000061988831, CeTr: 0.04401122033596039, CeVa: 1.4166723489761353
Epoch: 9, AccTr: 0.9801999926567078, AccVa: 0.8650000095367432, CeTr: 0.047342173755168915, CeVa: 1.3546887636184692
Epoch: 10, AccTr: 0.9811999797821045, AccVa: 0.8554999828338623, CeTr: 0.047507286071777344, CeVa: 1.493377923965454
ENSEMBLE | Tr_Acc: 0.9811999797821045, Tr_CE: 0.047507286071777344, Va_Acc: 0.8554999828338623, Va_CE: 1.493377923965454
Epoch: 11, AccTr: 0.9828000068664551, AccVa: 0.8629999756813049, CeTr: 0.043143678456544876, CeVa: 1.3274650573730469
Epoch: 12, AccTr: 0.9847999811172485, AccVa: 0.8659999966621399, CeTr: 0.041081126779317856, CeVa: 1.4076735973358154
Epoch: 13, AccTr: 0.9837999939918518, AccVa: 0.8665000200271606, CeTr: 0.04251832142472267, CeVa: 1.3944522142410278
ENSEMBLE | Tr_Acc: 0.9955000281333923, Tr_CE: 0.01222128327935934, Va_Acc: 0.8859999775886536, Va_CE: 1.126932144165039
Epoch: 14, AccTr: 0.9837999939918518, AccVa: 0.8679999709129333, CeTr: 0.041823744773864746, CeVa: 1.371460199356079
Epoch: 15, AccTr: 0.982200026512146, AccVa: 0.8604999780654907, CeTr: 0.042374297976493835, CeVa: 1.4408224821090698
Epoch: 16, AccTr: 0.9825000166893005, AccVa: 0.8615000247955322, CeTr: 0.043254654854536057, CeVa: 1.4304696321487427
ENSEMBLE | Tr_Acc: 0.9984999895095825, Tr_CE: 0.006159303709864616, Va_Acc: 0.8985000252723694, Va_CE: 0.9982495903968811
Epoch: 17, AccTr: 0.9854999780654907, AccVa: 0.862500011920929, CeTr: 0.03742179274559021, CeVa: 1.3998619318008423
Epoch: 18, AccTr: 0.9807999730110168, AccVa: 0.859000027179718, CeTr: 0.044054921716451645, CeVa: 1.4654293060302734
Epoch: 19, AccTr: 0.982200026512146, AccVa: 0.859000027179718, CeTr: 0.04201206564903259, CeVa: 1.3956067562103271
ENSEMBLE | Tr_Acc: 0.9994999766349792, Tr_CE: 0.0034876251593232155, Va_Acc: 0.8995000123977661, Va_CE: 0.9168206453323364
Epoch: 20, AccTr: 0.9817000031471252, AccVa: 0.8644999861717224, CeTr: 0.0417967364192009, CeVa: 1.3328397274017334
Epoch: 21, AccTr: 0.9836999773979187, AccVa: 0.8600000143051147, CeTr: 0.04198645055294037, CeVa: 1.530000925064087
Epoch: 22, AccTr: 0.9828000068664551, AccVa: 0.8659999966621399, CeTr: 0.041717302054166794, CeVa: 1.393213152885437
ENSEMBLE | Tr_Acc: 0.9997000098228455, Tr_CE: 0.0026812928263098, Va_Acc: 0.9070000052452087, Va_CE: 0.874626636505127
Epoch: 23, AccTr: 0.9815000295639038, AccVa: 0.8650000095367432, CeTr: 0.04198967292904854, CeVa: 1.4726998805999756
Epoch: 24, AccTr: 0.9842000007629395, AccVa: 0.8529999852180481, CeTr: 0.04004957899451256, CeVa: 1.5912436246871948
Epoch: 25, AccTr: 0.9846000075340271, AccVa: 0.8495000004768372, CeTr: 0.03770025074481964, CeVa: 1.7256252765655518
ENSEMBLE | Tr_Acc: 0.9998999834060669, Tr_CE: 0.002093386370688677, Va_Acc: 0.9089999794960022, Va_CE: 0.8726694583892822
Epoch: 26, AccTr: 0.9819999933242798, AccVa: 0.8550000190734863, CeTr: 0.04168688878417015, CeVa: 1.73582124710083
Epoch: 27, AccTr: 0.9825999736785889, AccVa: 0.8575000166893005, CeTr: 0.04388770833611488, CeVa: 1.5873645544052124
Epoch: 28, AccTr: 0.9818000197410583, AccVa: 0.8604999780654907, CeTr: 0.04092656075954437, CeVa: 1.5360896587371826
ENSEMBLE | Tr_Acc: 0.9998000264167786, Tr_CE: 0.001642277929931879, Va_Acc: 0.9114999771118164, Va_CE: 0.8556677103042603
Epoch: 29, AccTr: 0.983299970626831, AccVa: 0.8634999990463257, CeTr: 0.03819986432790756, CeVa: 1.4911319017410278
Epoch: 30, AccTr: 0.9836000204086304, AccVa: 0.859499990940094, CeTr: 0.040026258677244186, CeVa: 1.4889156818389893
