WARNING:tensorflow:From ../src/tools.py:42: softmax_cross_entropy_with_logits (from tensorflow.python.ops.nn_ops) is deprecated and will be removed in a future version.
Instructions for updating:

Future major versions of TensorFlow will allow gradients to flow
into the labels input on backprop by default.

See tf.nn.softmax_cross_entropy_with_logits_v2.

2018-08-30 21:23:43.510208: I tensorflow/core/platform/cpu_feature_guard.cc:137] Your CPU supports instructions that this TensorFlow binary was not compiled to use: SSE4.1 SSE4.2 AVX AVX2 FMA
2018-08-30 21:23:43.654060: I tensorflow/core/common_runtime/gpu/gpu_device.cc:1105] Found device 0 with properties: 
name: GeForce GTX 1060 6GB major: 6 minor: 1 memoryClockRate(GHz): 1.7085
pciBusID: 0000:04:00.0
totalMemory: 5.94GiB freeMemory: 5.86GiB
2018-08-30 21:23:43.654164: I tensorflow/core/common_runtime/gpu/gpu_device.cc:1195] Creating TensorFlow device (/device:GPU:0) -> (device: 0, name: GeForce GTX 1060 6GB, pci bus id: 0000:04:00.0, compute capability: 6.1)
WARNING:tensorflow:From ../src/fc_layer.py:142: calling reduce_max (from tensorflow.python.ops.math_ops) with keep_dims is deprecated and will be removed in a future version.
Instructions for updating:
keep_dims is deprecated, use keepdims instead
WARNING:tensorflow:From ../src/fc_layer.py:143: calling reduce_sum (from tensorflow.python.ops.math_ops) with keep_dims is deprecated and will be removed in a future version.
Instructions for updating:
keep_dims is deprecated, use keepdims instead
2018-08-30 21:23:51.455422: I tensorflow/core/common_runtime/gpu/gpu_device.cc:1195] Creating TensorFlow device (/device:GPU:0) -> (device: 0, name: GeForce GTX 1060 6GB, pci bus id: 0000:04:00.0, compute capability: 6.1)
2018-08-31 09:54:13.026238: I tensorflow/core/common_runtime/gpu/gpu_device.cc:1195] Creating TensorFlow device (/device:GPU:0) -> (device: 0, name: GeForce GTX 1060 6GB, pci bus id: 0000:04:00.0, compute capability: 6.1)
2018-08-31 09:54:16.372682: I tensorflow/core/common_runtime/gpu/gpu_device.cc:1195] Creating TensorFlow device (/device:GPU:0) -> (device: 0, name: GeForce GTX 1060 6GB, pci bus id: 0000:04:00.0, compute capability: 6.1)
2018-08-31 23:18:57.137854: I tensorflow/core/common_runtime/gpu/gpu_device.cc:1195] Creating TensorFlow device (/device:GPU:0) -> (device: 0, name: GeForce GTX 1060 6GB, pci bus id: 0000:04:00.0, compute capability: 6.1)
2018-08-31 23:19:00.647525: I tensorflow/core/common_runtime/gpu/gpu_device.cc:1195] Creating TensorFlow device (/device:GPU:0) -> (device: 0, name: GeForce GTX 1060 6GB, pci bus id: 0000:04:00.0, compute capability: 6.1)
2018-09-01 10:31:15.788742: I tensorflow/core/common_runtime/gpu/gpu_device.cc:1195] Creating TensorFlow device (/device:GPU:0) -> (device: 0, name: GeForce GTX 1060 6GB, pci bus id: 0000:04:00.0, compute capability: 6.1)
2018-09-01 10:31:19.548523: I tensorflow/core/common_runtime/gpu/gpu_device.cc:1195] Creating TensorFlow device (/device:GPU:0) -> (device: 0, name: GeForce GTX 1060 6GB, pci bus id: 0000:04:00.0, compute capability: 6.1)
