NN CONFIG
Weight-type:		binary
Layout									Layer #1: 260	Layer #2: 200	
Activation Functions					Layer #1: bs	Layer #2: bs	
Keep probabilities		Layer #0: 1.0	Layer #1: 1.0	Layer #2: 1.0	
Flat factors							Layer #1: 1.0	Layer #2: 1.0	Layer #3: 1.0	
Activation Noise						Layer #1: 0.0	Layer #2: 0.0	Layer #3: 0.0	
Prior: 0.7

===================================

RUN CONFIG
Epochs: 30, Blocksize: 8

===================================

Input binarization: False
Epoch: 1, AccTr: 0.9879999756813049, AccVa: 0.8820000290870667, CeTr: 0.04633060470223427, CeVa: 1.6138595342636108
Epoch: 2, AccTr: 0.9868999719619751, AccVa: 0.871999979019165, CeTr: 0.03397422656416893, CeVa: 1.5462101697921753
Epoch: 3, AccTr: 0.9879999756813049, AccVa: 0.8629999756813049, CeTr: 0.03299899771809578, CeVa: 1.5839736461639404
Epoch: 4, AccTr: 0.9872999787330627, AccVa: 0.8600000143051147, CeTr: 0.029989922419190407, CeVa: 1.6018742322921753
Epoch: 5, AccTr: 0.9886000156402588, AccVa: 0.8684999942779541, CeTr: 0.02995343692600727, CeVa: 1.5607292652130127
Epoch: 6, AccTr: 0.9879000186920166, AccVa: 0.8629999756813049, CeTr: 0.031502533704042435, CeVa: 1.562240481376648
Epoch: 7, AccTr: 0.9886000156402588, AccVa: 0.8600000143051147, CeTr: 0.032330725342035294, CeVa: 1.477001667022705
Epoch: 8, AccTr: 0.9884999990463257, AccVa: 0.8684999942779541, CeTr: 0.028118468821048737, CeVa: 1.4508315324783325
Epoch: 9, AccTr: 0.9864000082015991, AccVa: 0.8665000200271606, CeTr: 0.031164245679974556, CeVa: 1.5752646923065186
Epoch: 10, AccTr: 0.9890000224113464, AccVa: 0.8519999980926514, CeTr: 0.029008984565734863, CeVa: 1.7029168605804443
ENSEMBLE | Tr_Acc: 0.9890000224113464, Tr_CE: 0.029008984565734863, Va_Acc: 0.8519999980926514, Va_CE: 1.7029168605804443
Epoch: 11, AccTr: 0.9876000285148621, AccVa: 0.8539999723434448, CeTr: 0.028998931869864464, CeVa: 1.6666481494903564
Epoch: 12, AccTr: 0.9872999787330627, AccVa: 0.8579999804496765, CeTr: 0.02665654383599758, CeVa: 1.610885739326477
Epoch: 13, AccTr: 0.987500011920929, AccVa: 0.8565000295639038, CeTr: 0.029425140470266342, CeVa: 1.613379716873169
ENSEMBLE | Tr_Acc: 0.9988999962806702, Tr_CE: 0.005277837160974741, Va_Acc: 0.8859999775886536, Va_CE: 1.1985785961151123
Epoch: 14, AccTr: 0.9868000149726868, AccVa: 0.8495000004768372, CeTr: 0.03199087083339691, CeVa: 1.8299400806427002
Epoch: 15, AccTr: 0.9868999719619751, AccVa: 0.8479999899864197, CeTr: 0.032685358077287674, CeVa: 1.7063685655593872
Epoch: 16, AccTr: 0.9865000247955322, AccVa: 0.8554999828338623, CeTr: 0.033131714910268784, CeVa: 1.7279161214828491
ENSEMBLE | Tr_Acc: 0.9991000294685364, Tr_CE: 0.0026239745784550905, Va_Acc: 0.9014999866485596, Va_CE: 1.1030535697937012
Epoch: 17, AccTr: 0.9879000186920166, AccVa: 0.8629999756813049, CeTr: 0.029184704646468163, CeVa: 1.5632429122924805
Epoch: 18, AccTr: 0.9878000020980835, AccVa: 0.8619999885559082, CeTr: 0.02875976637005806, CeVa: 1.6456732749938965
Epoch: 19, AccTr: 0.9879000186920166, AccVa: 0.859499990940094, CeTr: 0.02907315455377102, CeVa: 1.5805684328079224
ENSEMBLE | Tr_Acc: 0.9995999932289124, Tr_CE: 0.0015644849045202136, Va_Acc: 0.8995000123977661, Va_CE: 1.0059349536895752
Epoch: 20, AccTr: 0.9868999719619751, AccVa: 0.8644999861717224, CeTr: 0.02927132323384285, CeVa: 1.4443483352661133
Epoch: 21, AccTr: 0.9853000044822693, AccVa: 0.8604999780654907, CeTr: 0.030565081164240837, CeVa: 1.622692346572876
Epoch: 22, AccTr: 0.9848999977111816, AccVa: 0.862500011920929, CeTr: 0.03247133642435074, CeVa: 1.6908681392669678
ENSEMBLE | Tr_Acc: 0.9998000264167786, Tr_CE: 0.0010058778570964932, Va_Acc: 0.9024999737739563, Va_CE: 0.9629526734352112
Epoch: 23, AccTr: 0.9843999743461609, AccVa: 0.859499990940094, CeTr: 0.033468350768089294, CeVa: 1.748464822769165
Epoch: 24, AccTr: 0.9858999848365784, AccVa: 0.8629999756813049, CeTr: 0.030591769143939018, CeVa: 1.6971315145492554
Epoch: 25, AccTr: 0.9871000051498413, AccVa: 0.8610000014305115, CeTr: 0.02720693126320839, CeVa: 1.8226171731948853
ENSEMBLE | Tr_Acc: 0.9998000264167786, Tr_CE: 0.0007861286867409945, Va_Acc: 0.906499981880188, Va_CE: 0.9639100432395935
Epoch: 26, AccTr: 0.9857000112533569, AccVa: 0.8525000214576721, CeTr: 0.032351695001125336, CeVa: 1.7481846809387207
Epoch: 27, AccTr: 0.9876000285148621, AccVa: 0.8679999709129333, CeTr: 0.02856486476957798, CeVa: 1.5476791858673096
Epoch: 28, AccTr: 0.9876000285148621, AccVa: 0.8700000047683716, CeTr: 0.02903439849615097, CeVa: 1.6217087507247925
ENSEMBLE | Tr_Acc: 1.0, Tr_CE: 0.0005777348997071385, Va_Acc: 0.9135000109672546, Va_CE: 0.9497436285018921
Epoch: 29, AccTr: 0.988099992275238, AccVa: 0.8665000200271606, CeTr: 0.02857593446969986, CeVa: 1.577052116394043
Epoch: 30, AccTr: 0.9866999983787537, AccVa: 0.8715000152587891, CeTr: 0.032308585941791534, CeVa: 1.6183582544326782
