NN CONFIG
Weight-type:		binary
Layout									Layer #1: 350	Layer #2: 200	
Activation Functions					Layer #1: bs	Layer #2: bs	
Keep probabilities		Layer #0: 1.0	Layer #1: 1.0	Layer #2: 1.0	
Flat factors							Layer #1: 1.0	Layer #2: 1.0	Layer #3: 1.0	
Activation Noise						Layer #1: 0.0	Layer #2: 0.0	Layer #3: 0.0	

===================================

RUN CONFIG
Epochs: 30, Blocksize: 8

===================================

Epoch: 1, AccTr: 0.9836999773979187, AccVa: 0.8799999952316284, CeTr: 0.04136842489242554, CeVa: 1.2727841138839722
Epoch: 2, AccTr: 0.9860000014305115, AccVa: 0.8755000233650208, CeTr: 0.03478206694126129, CeVa: 1.3530974388122559
Epoch: 3, AccTr: 0.9850999712944031, AccVa: 0.8554999828338623, CeTr: 0.034972622990608215, CeVa: 1.5079352855682373
Epoch: 4, AccTr: 0.9868000149726868, AccVa: 0.8619999885559082, CeTr: 0.029636560007929802, CeVa: 1.4851393699645996
Epoch: 5, AccTr: 0.9857000112533569, AccVa: 0.8654999732971191, CeTr: 0.03196926787495613, CeVa: 1.4254947900772095
Epoch: 6, AccTr: 0.9835000038146973, AccVa: 0.8575000166893005, CeTr: 0.03868695721030235, CeVa: 1.4662656784057617
Epoch: 7, AccTr: 0.9855999946594238, AccVa: 0.8644999861717224, CeTr: 0.03438583388924599, CeVa: 1.5079604387283325
Epoch: 8, AccTr: 0.9873999953269958, AccVa: 0.859000027179718, CeTr: 0.02969193458557129, CeVa: 1.4870578050613403
Epoch: 9, AccTr: 0.9854999780654907, AccVa: 0.8659999966621399, CeTr: 0.03286924213171005, CeVa: 1.3774019479751587
Epoch: 10, AccTr: 0.984000027179718, AccVa: 0.8665000200271606, CeTr: 0.03643714636564255, CeVa: 1.5453792810440063
ENSEMBLE | Tr_Acc: 0.984000027179718, Tr_CE: 0.03643714636564255, Va_Acc: 0.8665000200271606, Va_CE: 1.5453792810440063
Epoch: 11, AccTr: 0.98580002784729, AccVa: 0.8569999933242798, CeTr: 0.034015849232673645, CeVa: 1.5440129041671753
Epoch: 12, AccTr: 0.9839000105857849, AccVa: 0.8475000262260437, CeTr: 0.035875581204891205, CeVa: 1.6015779972076416
Epoch: 13, AccTr: 0.9832000136375427, AccVa: 0.8535000085830688, CeTr: 0.03640468046069145, CeVa: 1.590181827545166
ENSEMBLE | Tr_Acc: 0.9987999796867371, Tr_CE: 0.005923072807490826, Va_Acc: 0.8880000114440918, Va_CE: 1.1355276107788086
Epoch: 14, AccTr: 0.9836000204086304, AccVa: 0.8654999732971191, CeTr: 0.03608068823814392, CeVa: 1.4062318801879883
Epoch: 15, AccTr: 0.9832000136375427, AccVa: 0.8629999756813049, CeTr: 0.036063700914382935, CeVa: 1.4688994884490967
Epoch: 16, AccTr: 0.984000027179718, AccVa: 0.8659999966621399, CeTr: 0.035641998052597046, CeVa: 1.4277498722076416
ENSEMBLE | Tr_Acc: 0.9995999932289124, Tr_CE: 0.0026941662654280663, Va_Acc: 0.9024999737739563, Va_CE: 0.9449746608734131
Epoch: 17, AccTr: 0.9840999841690063, AccVa: 0.8579999804496765, CeTr: 0.03731704130768776, CeVa: 1.4132800102233887
Epoch: 18, AccTr: 0.9853000044822693, AccVa: 0.8560000061988831, CeTr: 0.03533951938152313, CeVa: 1.505104422569275
Epoch: 19, AccTr: 0.9853000044822693, AccVa: 0.8550000190734863, CeTr: 0.03420371189713478, CeVa: 1.6487945318222046
ENSEMBLE | Tr_Acc: 0.9998000264167786, Tr_CE: 0.0016640945104882121, Va_Acc: 0.906000018119812, Va_CE: 0.8889178037643433
Epoch: 20, AccTr: 0.98580002784729, AccVa: 0.8504999876022339, CeTr: 0.03503355756402016, CeVa: 1.6204007863998413
Epoch: 21, AccTr: 0.9829999804496765, AccVa: 0.8514999747276306, CeTr: 0.03791768103837967, CeVa: 1.579168438911438
Epoch: 22, AccTr: 0.9835000038146973, AccVa: 0.8565000295639038, CeTr: 0.03855462744832039, CeVa: 1.6964985132217407
ENSEMBLE | Tr_Acc: 0.9998999834060669, Tr_CE: 0.0010640323162078857, Va_Acc: 0.9075000286102295, Va_CE: 0.8619267344474792
Epoch: 23, AccTr: 0.9857000112533569, AccVa: 0.8475000262260437, CeTr: 0.03509046137332916, CeVa: 1.6505110263824463
Epoch: 24, AccTr: 0.9872999787330627, AccVa: 0.8560000061988831, CeTr: 0.030108271166682243, CeVa: 1.6425682306289673
Epoch: 25, AccTr: 0.9855999946594238, AccVa: 0.8560000061988831, CeTr: 0.03388235345482826, CeVa: 1.7201734781265259
ENSEMBLE | Tr_Acc: 1.0, Tr_CE: 0.0007432890124619007, Va_Acc: 0.9100000262260437, Va_CE: 0.8496540784835815
Epoch: 26, AccTr: 0.9850999712944031, AccVa: 0.8650000095367432, CeTr: 0.03622610494494438, CeVa: 1.6674102544784546
Epoch: 27, AccTr: 0.9860000014305115, AccVa: 0.8659999966621399, CeTr: 0.03326341137290001, CeVa: 1.461867094039917
Epoch: 28, AccTr: 0.9829999804496765, AccVa: 0.8554999828338623, CeTr: 0.03765145316720009, CeVa: 1.6290243864059448
ENSEMBLE | Tr_Acc: 1.0, Tr_CE: 0.0005569588392972946, Va_Acc: 0.9135000109672546, Va_CE: 0.8288125991821289
Epoch: 29, AccTr: 0.9871000051498413, AccVa: 0.8489999771118164, CeTr: 0.032986100763082504, CeVa: 1.7198110818862915
Epoch: 30, AccTr: 0.9854000210762024, AccVa: 0.8414999842643738, CeTr: 0.03426423296332359, CeVa: 1.852635145187378
