NN CONFIG
Weight-type:		binary
Layout									Layer #1: 260	Layer #2: 290	
Activation Functions					Layer #1: bs	Layer #2: bs	
Keep probabilities		Layer #0: 1.0	Layer #1: 1.0	Layer #2: 1.0	
Flat factors							Layer #1: 1.0	Layer #2: 1.0	Layer #3: 1.0	
Activation Noise						Layer #1: 0.0	Layer #2: 0.0	Layer #3: 0.0	
Prior: 0.7

===================================

RUN CONFIG
Epochs: 30, Blocksize: 8

===================================

Input binarization: False
Epoch: 1, AccTr: 0.9674999713897705, AccVa: 0.8585000038146973, CeTr: 0.12970620393753052, CeVa: 1.3373374938964844
Epoch: 2, AccTr: 0.9764999747276306, AccVa: 0.8569999933242798, CeTr: 0.06593712419271469, CeVa: 1.3397825956344604
Epoch: 3, AccTr: 0.9825000166893005, AccVa: 0.8525000214576721, CeTr: 0.04708632081747055, CeVa: 1.4341484308242798
Epoch: 4, AccTr: 0.9819999933242798, AccVa: 0.8725000023841858, CeTr: 0.048486024141311646, CeVa: 1.3455153703689575
Epoch: 5, AccTr: 0.983299970626831, AccVa: 0.8604999780654907, CeTr: 0.04328269883990288, CeVa: 1.4677562713623047
Epoch: 6, AccTr: 0.9847000241279602, AccVa: 0.8690000176429749, CeTr: 0.037903059273958206, CeVa: 1.461435317993164
Epoch: 7, AccTr: 0.9843000173568726, AccVa: 0.8504999876022339, CeTr: 0.041089970618486404, CeVa: 1.6092710494995117
Epoch: 8, AccTr: 0.9828000068664551, AccVa: 0.8539999723434448, CeTr: 0.042109355330467224, CeVa: 1.5148531198501587
Epoch: 9, AccTr: 0.9850999712944031, AccVa: 0.8560000061988831, CeTr: 0.03902939334511757, CeVa: 1.5414443016052246
Epoch: 10, AccTr: 0.9851999878883362, AccVa: 0.8709999918937683, CeTr: 0.03560565039515495, CeVa: 1.4754592180252075
ENSEMBLE | Tr_Acc: 0.9851999878883362, Tr_CE: 0.03560565039515495, Va_Acc: 0.8709999918937683, Va_CE: 1.4754592180252075
Epoch: 11, AccTr: 0.9832000136375427, AccVa: 0.8629999756813049, CeTr: 0.03637739270925522, CeVa: 1.4383783340454102
Epoch: 12, AccTr: 0.9851999878883362, AccVa: 0.8709999918937683, CeTr: 0.034345872700214386, CeVa: 1.446545124053955
Epoch: 13, AccTr: 0.984499990940094, AccVa: 0.8725000023841858, CeTr: 0.03497884050011635, CeVa: 1.5041961669921875
ENSEMBLE | Tr_Acc: 0.9975000023841858, Tr_CE: 0.00812243390828371, Va_Acc: 0.9004999995231628, Va_CE: 1.1063975095748901
Epoch: 14, AccTr: 0.9840999841690063, AccVa: 0.8709999918937683, CeTr: 0.034958284348249435, CeVa: 1.533639907836914
Epoch: 15, AccTr: 0.9825999736785889, AccVa: 0.8544999957084656, CeTr: 0.04021674767136574, CeVa: 1.6249277591705322
Epoch: 16, AccTr: 0.98580002784729, AccVa: 0.8529999852180481, CeTr: 0.03333771228790283, CeVa: 1.7681556940078735
ENSEMBLE | Tr_Acc: 0.9993000030517578, Tr_CE: 0.003420693101361394, Va_Acc: 0.9045000076293945, Va_CE: 1.0241045951843262
Epoch: 17, AccTr: 0.9846000075340271, AccVa: 0.8585000038146973, CeTr: 0.03591347485780716, CeVa: 1.7372312545776367
Epoch: 18, AccTr: 0.9847000241279602, AccVa: 0.8560000061988831, CeTr: 0.03881661221385002, CeVa: 1.8115019798278809
Epoch: 19, AccTr: 0.9848999977111816, AccVa: 0.8399999737739563, CeTr: 0.034648437052965164, CeVa: 1.9447580575942993
ENSEMBLE | Tr_Acc: 0.9998999834060669, Tr_CE: 0.0017816948238760233, Va_Acc: 0.9075000286102295, Va_CE: 0.9997774362564087
Epoch: 20, AccTr: 0.9833999872207642, AccVa: 0.8565000295639038, CeTr: 0.036448340862989426, CeVa: 1.774657130241394
Epoch: 21, AccTr: 0.986299991607666, AccVa: 0.8504999876022339, CeTr: 0.03299936279654503, CeVa: 1.7881252765655518
Epoch: 22, AccTr: 0.9868000149726868, AccVa: 0.8669999837875366, CeTr: 0.030858788639307022, CeVa: 1.6837371587753296
ENSEMBLE | Tr_Acc: 0.9998999834060669, Tr_CE: 0.0011923732236027718, Va_Acc: 0.9114999771118164, Va_CE: 0.9604359865188599
Epoch: 23, AccTr: 0.9868999719619751, AccVa: 0.8629999756813049, CeTr: 0.031038744375109673, CeVa: 1.783764123916626
Epoch: 24, AccTr: 0.9876000285148621, AccVa: 0.859000027179718, CeTr: 0.0315919853746891, CeVa: 1.8141034841537476
Epoch: 25, AccTr: 0.9860000014305115, AccVa: 0.8550000190734863, CeTr: 0.03348000347614288, CeVa: 1.738952875137329
ENSEMBLE | Tr_Acc: 1.0, Tr_CE: 0.0008429869776591659, Va_Acc: 0.9120000004768372, Va_CE: 0.9312534332275391
Epoch: 26, AccTr: 0.9865999817848206, AccVa: 0.8514999747276306, CeTr: 0.03483813628554344, CeVa: 1.8894002437591553
Epoch: 27, AccTr: 0.9865000247955322, AccVa: 0.8669999837875366, CeTr: 0.03602001443505287, CeVa: 1.7810747623443604
Epoch: 28, AccTr: 0.9879999756813049, AccVa: 0.8514999747276306, CeTr: 0.032223377376794815, CeVa: 1.816953420639038
ENSEMBLE | Tr_Acc: 1.0, Tr_CE: 0.0006240331567823887, Va_Acc: 0.9125000238418579, Va_CE: 0.9222006797790527
Epoch: 29, AccTr: 0.9879000186920166, AccVa: 0.8544999957084656, CeTr: 0.03266603499650955, CeVa: 1.747722864151001
Epoch: 30, AccTr: 0.9872999787330627, AccVa: 0.8615000247955322, CeTr: 0.03617794066667557, CeVa: 1.6562637090682983
