NN CONFIG
Weight-type:		binary
Layout									Layer #1: 320	Layer #2: 230	
Activation Functions					Layer #1: bs	Layer #2: bs	
Keep probabilities		Layer #0: 1.0	Layer #1: 1.0	Layer #2: 1.0	
Flat factors							Layer #1: 1.0	Layer #2: 1.0	Layer #3: 1.0	
Activation Noise						Layer #1: 0.0	Layer #2: 0.0	Layer #3: 0.0	

===================================

RUN CONFIG
Epochs: 30, Blocksize: 8

===================================

Epoch: 1, AccTr: 0.9822999835014343, AccVa: 0.8684999942779541, CeTr: 0.06248022988438606, CeVa: 1.5746219158172607
Epoch: 2, AccTr: 0.9850999712944031, AccVa: 0.8700000047683716, CeTr: 0.0379931665956974, CeVa: 1.4047377109527588
Epoch: 3, AccTr: 0.9843999743461609, AccVa: 0.8744999766349792, CeTr: 0.03520039841532707, CeVa: 1.3282444477081299
Epoch: 4, AccTr: 0.9865999817848206, AccVa: 0.8744999766349792, CeTr: 0.03359461948275566, CeVa: 1.4927059412002563
Epoch: 5, AccTr: 0.9865000247955322, AccVa: 0.8644999861717224, CeTr: 0.03542115539312363, CeVa: 1.564708948135376
Epoch: 6, AccTr: 0.9887999892234802, AccVa: 0.8659999966621399, CeTr: 0.029471486806869507, CeVa: 1.5319912433624268
Epoch: 7, AccTr: 0.9864000082015991, AccVa: 0.8705000281333923, CeTr: 0.033524829894304276, CeVa: 1.5282825231552124
Epoch: 8, AccTr: 0.987500011920929, AccVa: 0.8715000152587891, CeTr: 0.03170543536543846, CeVa: 1.5438092947006226
Epoch: 9, AccTr: 0.9876000285148621, AccVa: 0.8765000104904175, CeTr: 0.031234582886099815, CeVa: 1.4526135921478271
Epoch: 10, AccTr: 0.9858999848365784, AccVa: 0.8644999861717224, CeTr: 0.034086816012859344, CeVa: 1.625060796737671
ENSEMBLE | Tr_Acc: 0.9858999848365784, Tr_CE: 0.034086816012859344, Va_Acc: 0.8644999861717224, Va_CE: 1.625060796737671
Epoch: 11, AccTr: 0.9843999743461609, AccVa: 0.8535000085830688, CeTr: 0.036938898265361786, CeVa: 1.6531106233596802
Epoch: 12, AccTr: 0.9876000285148621, AccVa: 0.8659999966621399, CeTr: 0.03376485034823418, CeVa: 1.6070963144302368
Epoch: 13, AccTr: 0.9889000058174133, AccVa: 0.8575000166893005, CeTr: 0.029358679428696632, CeVa: 1.6672015190124512
ENSEMBLE | Tr_Acc: 0.9979000091552734, Tr_CE: 0.0063744173385202885, Va_Acc: 0.8880000114440918, Va_CE: 1.1702210903167725
Epoch: 14, AccTr: 0.9868999719619751, AccVa: 0.8550000190734863, CeTr: 0.03246879205107689, CeVa: 1.6445211172103882
Epoch: 15, AccTr: 0.98580002784729, AccVa: 0.8610000014305115, CeTr: 0.03468998894095421, CeVa: 1.6400529146194458
Epoch: 16, AccTr: 0.9865999817848206, AccVa: 0.8640000224113464, CeTr: 0.031313031911849976, CeVa: 1.7653491497039795
ENSEMBLE | Tr_Acc: 0.9994999766349792, Tr_CE: 0.0024874063674360514, Va_Acc: 0.9024999737739563, Va_CE: 1.0815867185592651
Epoch: 17, AccTr: 0.9882000088691711, AccVa: 0.8675000071525574, CeTr: 0.029952850192785263, CeVa: 1.7354661226272583
Epoch: 18, AccTr: 0.9850999712944031, AccVa: 0.8464999794960022, CeTr: 0.03500422462821007, CeVa: 1.7690954208374023
Epoch: 19, AccTr: 0.987500011920929, AccVa: 0.8604999780654907, CeTr: 0.031619660556316376, CeVa: 1.7430607080459595
ENSEMBLE | Tr_Acc: 0.9998999834060669, Tr_CE: 0.0013594619231298566, Va_Acc: 0.9004999995231628, Va_CE: 1.026089072227478
Epoch: 20, AccTr: 0.9858999848365784, AccVa: 0.8615000247955322, CeTr: 0.03422531858086586, CeVa: 1.8495728969573975
Epoch: 21, AccTr: 0.9869999885559082, AccVa: 0.8644999861717224, CeTr: 0.03484279662370682, CeVa: 1.6999425888061523
Epoch: 22, AccTr: 0.9883999824523926, AccVa: 0.8634999990463257, CeTr: 0.032409340143203735, CeVa: 1.7403240203857422
ENSEMBLE | Tr_Acc: 0.9998999834060669, Tr_CE: 0.0008682277402840555, Va_Acc: 0.9075000286102295, Va_CE: 0.9774587750434875
Epoch: 23, AccTr: 0.9865999817848206, AccVa: 0.8610000014305115, CeTr: 0.034526411443948746, CeVa: 1.8906407356262207
Epoch: 24, AccTr: 0.9873999953269958, AccVa: 0.8529999852180481, CeTr: 0.03314601257443428, CeVa: 1.7788803577423096
Epoch: 25, AccTr: 0.9868000149726868, AccVa: 0.8565000295639038, CeTr: 0.033462006598711014, CeVa: 1.6981866359710693
ENSEMBLE | Tr_Acc: 1.0, Tr_CE: 0.0006060795858502388, Va_Acc: 0.9089999794960022, Va_CE: 0.9529736042022705
Epoch: 26, AccTr: 0.9883999824523926, AccVa: 0.8525000214576721, CeTr: 0.02936418540775776, CeVa: 1.680195689201355
Epoch: 27, AccTr: 0.9850000143051147, AccVa: 0.8554999828338623, CeTr: 0.037302251905202866, CeVa: 1.6930471658706665
Epoch: 28, AccTr: 0.9873999953269958, AccVa: 0.847000002861023, CeTr: 0.03275689855217934, CeVa: 1.8032734394073486
ENSEMBLE | Tr_Acc: 1.0, Tr_CE: 0.0005295166047289968, Va_Acc: 0.9114999771118164, Va_CE: 0.9338143467903137
Epoch: 29, AccTr: 0.9876999855041504, AccVa: 0.8504999876022339, CeTr: 0.03333084285259247, CeVa: 1.859796404838562
Epoch: 30, AccTr: 0.9868999719619751, AccVa: 0.8604999780654907, CeTr: 0.03305724635720253, CeVa: 1.7898420095443726
