NN CONFIG
Weight-type:		binary
Layout									Layer #1: 320	Layer #2: 260	
Activation Functions					Layer #1: bs	Layer #2: bs	
Keep probabilities		Layer #0: 1.0	Layer #1: 1.0	Layer #2: 1.0	
Flat factors							Layer #1: 1.0	Layer #2: 1.0	Layer #3: 1.0	
Activation Noise						Layer #1: 0.0	Layer #2: 0.0	Layer #3: 0.0	

===================================

RUN CONFIG
Epochs: 30, Blocksize: 8

===================================

Epoch: 1, AccTr: 0.965499997138977, AccVa: 0.847000002861023, CeTr: 0.14100399613380432, CeVa: 1.6347017288208008
Epoch: 2, AccTr: 0.9753999710083008, AccVa: 0.8479999899864197, CeTr: 0.06192714348435402, CeVa: 1.6059333086013794
Epoch: 3, AccTr: 0.9747999906539917, AccVa: 0.8504999876022339, CeTr: 0.0554814450442791, CeVa: 1.6709545850753784
Epoch: 4, AccTr: 0.9768999814987183, AccVa: 0.8535000085830688, CeTr: 0.04921837896108627, CeVa: 1.5976753234863281
Epoch: 5, AccTr: 0.979200005531311, AccVa: 0.8420000076293945, CeTr: 0.04395199194550514, CeVa: 1.730411410331726
Epoch: 6, AccTr: 0.9821000099182129, AccVa: 0.8445000052452087, CeTr: 0.03796229884028435, CeVa: 1.7882577180862427
Epoch: 7, AccTr: 0.9814000129699707, AccVa: 0.8525000214576721, CeTr: 0.042734209448099136, CeVa: 1.6809347867965698
Epoch: 8, AccTr: 0.9837999939918518, AccVa: 0.8525000214576721, CeTr: 0.03780658543109894, CeVa: 1.7371925115585327
Epoch: 9, AccTr: 0.9815999865531921, AccVa: 0.8550000190734863, CeTr: 0.03743584454059601, CeVa: 1.6795765161514282
Epoch: 10, AccTr: 0.9830999970436096, AccVa: 0.8535000085830688, CeTr: 0.037300530821084976, CeVa: 1.7973310947418213
ENSEMBLE | Tr_Acc: 0.9830999970436096, Tr_CE: 0.037300530821084976, Va_Acc: 0.8535000085830688, Va_CE: 1.7973310947418213
Epoch: 11, AccTr: 0.9840999841690063, AccVa: 0.8529999852180481, CeTr: 0.03632161393761635, CeVa: 1.8100090026855469
Epoch: 12, AccTr: 0.984000027179718, AccVa: 0.8514999747276306, CeTr: 0.035594772547483444, CeVa: 1.8661221265792847
Epoch: 13, AccTr: 0.9812999963760376, AccVa: 0.8489999771118164, CeTr: 0.04003797471523285, CeVa: 1.8310887813568115
ENSEMBLE | Tr_Acc: 0.9973000288009644, Tr_CE: 0.007654978893697262, Va_Acc: 0.8884999752044678, Va_CE: 1.3005974292755127
Epoch: 14, AccTr: 0.9854999780654907, AccVa: 0.8464999794960022, CeTr: 0.03515391796827316, CeVa: 1.7837810516357422
Epoch: 15, AccTr: 0.9825000166893005, AccVa: 0.8504999876022339, CeTr: 0.03779076412320137, CeVa: 1.858213186264038
Epoch: 16, AccTr: 0.9832000136375427, AccVa: 0.8460000157356262, CeTr: 0.03529728949069977, CeVa: 1.9427717924118042
ENSEMBLE | Tr_Acc: 0.9994000196456909, Tr_CE: 0.003124177223071456, Va_Acc: 0.8964999914169312, Va_CE: 1.1913951635360718
Epoch: 17, AccTr: 0.9847999811172485, AccVa: 0.8514999747276306, CeTr: 0.03665286302566528, CeVa: 1.9447475671768188
Epoch: 18, AccTr: 0.986299991607666, AccVa: 0.8485000133514404, CeTr: 0.03180577605962753, CeVa: 2.040475606918335
Epoch: 19, AccTr: 0.9848999977111816, AccVa: 0.8460000157356262, CeTr: 0.03573888912796974, CeVa: 2.0110597610473633
ENSEMBLE | Tr_Acc: 0.9997000098228455, Tr_CE: 0.001762734609656036, Va_Acc: 0.8980000019073486, Va_CE: 1.1392076015472412
Epoch: 20, AccTr: 0.9861000180244446, AccVa: 0.8454999923706055, CeTr: 0.031690243631601334, CeVa: 1.9737811088562012
Epoch: 21, AccTr: 0.9830999970436096, AccVa: 0.8519999980926514, CeTr: 0.034366220235824585, CeVa: 1.900180697441101
Epoch: 22, AccTr: 0.983299970626831, AccVa: 0.8495000004768372, CeTr: 0.035512153059244156, CeVa: 1.8107129335403442
ENSEMBLE | Tr_Acc: 0.9998999834060669, Tr_CE: 0.00115868856664747, Va_Acc: 0.902999997138977, Va_CE: 1.074106216430664
Epoch: 23, AccTr: 0.9846000075340271, AccVa: 0.8475000262260437, CeTr: 0.033059537410736084, CeVa: 1.9278775453567505
Epoch: 24, AccTr: 0.9847000241279602, AccVa: 0.8504999876022339, CeTr: 0.03524618223309517, CeVa: 2.0679492950439453
Epoch: 25, AccTr: 0.9842000007629395, AccVa: 0.8475000262260437, CeTr: 0.03375080227851868, CeVa: 2.081014633178711
ENSEMBLE | Tr_Acc: 0.9998999834060669, Tr_CE: 0.0008967138128355145, Va_Acc: 0.9020000100135803, Va_CE: 1.0635546445846558
Epoch: 26, AccTr: 0.9837999939918518, AccVa: 0.8399999737739563, CeTr: 0.03547777235507965, CeVa: 2.113016128540039
Epoch: 27, AccTr: 0.9846000075340271, AccVa: 0.8424999713897705, CeTr: 0.035351939499378204, CeVa: 1.9879827499389648
Epoch: 28, AccTr: 0.982200026512146, AccVa: 0.8414999842643738, CeTr: 0.03260396048426628, CeVa: 2.1797256469726562
ENSEMBLE | Tr_Acc: 1.0, Tr_CE: 0.0006919432198628783, Va_Acc: 0.9014999866485596, Va_CE: 1.0602107048034668
Epoch: 29, AccTr: 0.9833999872207642, AccVa: 0.8539999723434448, CeTr: 0.03535482659935951, CeVa: 1.7828303575515747
Epoch: 30, AccTr: 0.9851999878883362, AccVa: 0.8575000166893005, CeTr: 0.03115697391331196, CeVa: 1.9159232378005981
