NN CONFIG
Weight-type:		binary
Layout									Layer #1: 290	Layer #2: 230	
Activation Functions					Layer #1: bs	Layer #2: bs	
Keep probabilities		Layer #0: 1.0	Layer #1: 1.0	Layer #2: 1.0	
Flat factors							Layer #1: 1.0	Layer #2: 1.0	Layer #3: 1.0	
Activation Noise						Layer #1: 0.0	Layer #2: 0.0	Layer #3: 0.0	

===================================

RUN CONFIG
Epochs: 30, Blocksize: 8

===================================

Epoch: 1, AccTr: 0.9429000020027161, AccVa: 0.828000009059906, CeTr: 0.2716730833053589, CeVa: 1.7117775678634644
Epoch: 2, AccTr: 0.9625999927520752, AccVa: 0.8264999985694885, CeTr: 0.12933434545993805, CeVa: 1.7498321533203125
Epoch: 3, AccTr: 0.968999981880188, AccVa: 0.8339999914169312, CeTr: 0.09445983171463013, CeVa: 1.5790886878967285
Epoch: 4, AccTr: 0.9713000059127808, AccVa: 0.8190000057220459, CeTr: 0.07991603761911392, CeVa: 1.9176195859909058
Epoch: 5, AccTr: 0.9718000292778015, AccVa: 0.8289999961853027, CeTr: 0.07563315331935883, CeVa: 1.8261501789093018
Epoch: 6, AccTr: 0.9767000079154968, AccVa: 0.8264999985694885, CeTr: 0.060806434601545334, CeVa: 1.8035601377487183
Epoch: 7, AccTr: 0.9771000146865845, AccVa: 0.8259999752044678, CeTr: 0.0599588118493557, CeVa: 1.8250094652175903
Epoch: 8, AccTr: 0.9758999943733215, AccVa: 0.8305000066757202, CeTr: 0.06233122572302818, CeVa: 1.8781977891921997
Epoch: 9, AccTr: 0.9765999913215637, AccVa: 0.840499997138977, CeTr: 0.05711778998374939, CeVa: 1.8039395809173584
Epoch: 10, AccTr: 0.9765999913215637, AccVa: 0.8270000219345093, CeTr: 0.05904494598507881, CeVa: 1.693581461906433
ENSEMBLE | Tr_Acc: 0.9765999913215637, Tr_CE: 0.05904494598507881, Va_Acc: 0.8270000219345093, Va_CE: 1.693581461906433
Epoch: 11, AccTr: 0.9776999950408936, AccVa: 0.828499972820282, CeTr: 0.05928182229399681, CeVa: 1.776824712753296
Epoch: 12, AccTr: 0.9769999980926514, AccVa: 0.8385000228881836, CeTr: 0.06026691198348999, CeVa: 1.6734743118286133
Epoch: 13, AccTr: 0.9753000140190125, AccVa: 0.828499972820282, CeTr: 0.05696132779121399, CeVa: 1.7446351051330566
ENSEMBLE | Tr_Acc: 0.9932000041007996, Tr_CE: 0.020202528685331345, Va_Acc: 0.8659999966621399, Va_CE: 1.3177703619003296
Epoch: 14, AccTr: 0.9771000146865845, AccVa: 0.8410000205039978, CeTr: 0.05715864151716232, CeVa: 1.7955548763275146
Epoch: 15, AccTr: 0.9778000116348267, AccVa: 0.8199999928474426, CeTr: 0.05349254235625267, CeVa: 1.7916884422302246
Epoch: 16, AccTr: 0.9787999987602234, AccVa: 0.8209999799728394, CeTr: 0.05308511480689049, CeVa: 1.9018230438232422
ENSEMBLE | Tr_Acc: 0.996999979019165, Tr_CE: 0.011848286725580692, Va_Acc: 0.8740000128746033, Va_CE: 1.1841776371002197
Epoch: 17, AccTr: 0.979200005531311, AccVa: 0.8330000042915344, CeTr: 0.051190249621868134, CeVa: 1.982602834701538
Epoch: 18, AccTr: 0.9797000288963318, AccVa: 0.8305000066757202, CeTr: 0.04807370901107788, CeVa: 1.815421462059021
Epoch: 19, AccTr: 0.9796000123023987, AccVa: 0.8414999842643738, CeTr: 0.04984203353524208, CeVa: 1.6407033205032349
ENSEMBLE | Tr_Acc: 0.998199999332428, Tr_CE: 0.008243704214692116, Va_Acc: 0.8765000104904175, Va_CE: 1.1159374713897705
Epoch: 20, AccTr: 0.978600025177002, AccVa: 0.8305000066757202, CeTr: 0.049029700458049774, CeVa: 1.7488845586776733
Epoch: 21, AccTr: 0.9800000190734863, AccVa: 0.8349999785423279, CeTr: 0.04805002734065056, CeVa: 1.6941391229629517
Epoch: 22, AccTr: 0.9810000061988831, AccVa: 0.8379999995231628, CeTr: 0.04831767827272415, CeVa: 1.784592866897583
ENSEMBLE | Tr_Acc: 0.9980999827384949, Tr_CE: 0.0067766522988677025, Va_Acc: 0.8865000009536743, Va_CE: 1.0652062892913818
Epoch: 23, AccTr: 0.9812999963760376, AccVa: 0.843500018119812, CeTr: 0.045843809843063354, CeVa: 1.690725326538086
Epoch: 24, AccTr: 0.9811999797821045, AccVa: 0.8374999761581421, CeTr: 0.04691136255860329, CeVa: 1.8201526403427124
Epoch: 25, AccTr: 0.9794999957084656, AccVa: 0.8395000100135803, CeTr: 0.05157853290438652, CeVa: 1.7437386512756348
ENSEMBLE | Tr_Acc: 0.9986000061035156, Tr_CE: 0.0058275549672544, Va_Acc: 0.8930000066757202, Va_CE: 1.0188164710998535
Epoch: 26, AccTr: 0.9807999730110168, AccVa: 0.8389999866485596, CeTr: 0.04742419347167015, CeVa: 1.7474365234375
Epoch: 27, AccTr: 0.9817000031471252, AccVa: 0.8374999761581421, CeTr: 0.04279773682355881, CeVa: 1.9216265678405762
Epoch: 28, AccTr: 0.9789000153541565, AccVa: 0.8289999961853027, CeTr: 0.04640078917145729, CeVa: 1.772964596748352
ENSEMBLE | Tr_Acc: 0.9987999796867371, Tr_CE: 0.004797023721039295, Va_Acc: 0.9004999995231628, Va_CE: 0.9866006970405579
Epoch: 29, AccTr: 0.9815000295639038, AccVa: 0.8420000076293945, CeTr: 0.04535910487174988, CeVa: 1.7546308040618896
Epoch: 30, AccTr: 0.9810000061988831, AccVa: 0.8305000066757202, CeTr: 0.04955768585205078, CeVa: 1.9225102663040161
