NN CONFIG
Weight-type:		binary
Layout									Layer #1: 280	Layer #2: 200	
Activation Functions					Layer #1: bs	Layer #2: bs	
Keep probabilities		Layer #0: 0.98	Layer #1: 1.0	Layer #2: 1.0	
Flat factors							Layer #1: 1.0	Layer #2: 1.0	Layer #3: 1.0	
Activation Noise						Layer #1: 0.0	Layer #2: 0.0	Layer #3: 0.0	

===================================

RUN CONFIG
Epochs: 150, Blocksize: 8

===================================

Epoch: 1, AccTr: 0.8799999952316284, AccVa: 0.8389999866485596, CeTr: 1.0797677040100098, CeVa: 1.8291088342666626
Epoch: 2, AccTr: 0.8752999901771545, AccVa: 0.8270000219345093, CeTr: 1.100661277770996, CeVa: 1.977019190788269
Epoch: 3, AccTr: 0.8852999806404114, AccVa: 0.8224999904632568, CeTr: 0.9711540937423706, CeVa: 2.070943832397461
Epoch: 4, AccTr: 0.8766999840736389, AccVa: 0.8184999823570251, CeTr: 1.0366867780685425, CeVa: 2.0395774841308594
Epoch: 5, AccTr: 0.8762000203132629, AccVa: 0.828499972820282, CeTr: 1.0105035305023193, CeVa: 1.9217027425765991
Epoch: 6, AccTr: 0.8801000118255615, AccVa: 0.8395000100135803, CeTr: 0.911303699016571, CeVa: 1.8395936489105225
Epoch: 7, AccTr: 0.8834999799728394, AccVa: 0.8234999775886536, CeTr: 0.9525830149650574, CeVa: 1.9455410242080688
Epoch: 8, AccTr: 0.8835999965667725, AccVa: 0.8355000019073486, CeTr: 0.9566304683685303, CeVa: 1.8319733142852783
Epoch: 9, AccTr: 0.8712000250816345, AccVa: 0.8195000290870667, CeTr: 1.0475002527236938, CeVa: 1.9386544227600098
Epoch: 10, AccTr: 0.8668000102043152, AccVa: 0.8234999775886536, CeTr: 1.122108817100525, CeVa: 2.1255037784576416
Epoch: 11, AccTr: 0.8718000054359436, AccVa: 0.8180000185966492, CeTr: 1.0376652479171753, CeVa: 2.069274425506592
Epoch: 12, AccTr: 0.8707000017166138, AccVa: 0.8174999952316284, CeTr: 1.120574951171875, CeVa: 2.3137433528900146
Epoch: 13, AccTr: 0.8651000261306763, AccVa: 0.8134999871253967, CeTr: 1.1645413637161255, CeVa: 2.2550227642059326
Epoch: 14, AccTr: 0.8693000078201294, AccVa: 0.8234999775886536, CeTr: 1.08268141746521, CeVa: 2.0811829566955566
Epoch: 15, AccTr: 0.8745999932289124, AccVa: 0.8180000185966492, CeTr: 1.0613970756530762, CeVa: 2.0691676139831543
Epoch: 16, AccTr: 0.8794000148773193, AccVa: 0.8330000042915344, CeTr: 1.0227445363998413, CeVa: 1.9273301362991333
Epoch: 17, AccTr: 0.8779000043869019, AccVa: 0.8295000195503235, CeTr: 0.9878812432289124, CeVa: 2.029437780380249
Epoch: 18, AccTr: 0.8715000152587891, AccVa: 0.8180000185966492, CeTr: 1.1016870737075806, CeVa: 2.0091567039489746
Epoch: 19, AccTr: 0.8776000142097473, AccVa: 0.8370000123977661, CeTr: 1.0169225931167603, CeVa: 1.8987369537353516
Epoch: 20, AccTr: 0.866100013256073, AccVa: 0.8215000033378601, CeTr: 1.146682620048523, CeVa: 2.222712755203247
ENSEMBLE | Tr_Acc: 0.866100013256073, Tr_CE: 1.146682620048523, Va_Acc: 0.8215000033378601, Va_CE: 2.222712755203247
Epoch: 21, AccTr: 0.8698999881744385, AccVa: 0.8190000057220459, CeTr: 1.1309620141983032, CeVa: 2.153033494949341
Epoch: 22, AccTr: 0.8662999868392944, AccVa: 0.8115000128746033, CeTr: 1.1218674182891846, CeVa: 2.1071207523345947
Epoch: 23, AccTr: 0.8755000233650208, AccVa: 0.8215000033378601, CeTr: 1.0818125009536743, CeVa: 2.0687661170959473
Epoch: 24, AccTr: 0.8736000061035156, AccVa: 0.8240000009536743, CeTr: 1.1221046447753906, CeVa: 2.052680730819702
Epoch: 25, AccTr: 0.8805000185966492, AccVa: 0.8169999718666077, CeTr: 1.0197234153747559, CeVa: 2.1848716735839844
ENSEMBLE | Tr_Acc: 0.9265000224113464, Tr_CE: 0.5098832249641418, Va_Acc: 0.8679999709129333, Va_CE: 1.444502830505371
Epoch: 26, AccTr: 0.8575000166893005, AccVa: 0.7990000247955322, CeTr: 1.294847846031189, CeVa: 2.418337345123291
Epoch: 27, AccTr: 0.8658000230789185, AccVa: 0.8004999756813049, CeTr: 1.1940773725509644, CeVa: 2.2710561752319336
Epoch: 28, AccTr: 0.8722000122070312, AccVa: 0.8130000233650208, CeTr: 1.1428072452545166, CeVa: 2.2922308444976807
Epoch: 29, AccTr: 0.8562999963760376, AccVa: 0.8075000047683716, CeTr: 1.2498478889465332, CeVa: 2.2571351528167725
Epoch: 30, AccTr: 0.8618000149726868, AccVa: 0.8245000243186951, CeTr: 1.2322098016738892, CeVa: 2.173595428466797
ENSEMBLE | Tr_Acc: 0.9416999816894531, Tr_CE: 0.3823578357696533, Va_Acc: 0.8799999952316284, Va_CE: 1.2182633876800537
Epoch: 31, AccTr: 0.8641999959945679, AccVa: 0.8314999938011169, CeTr: 1.2377642393112183, CeVa: 2.212261915206909
Epoch: 32, AccTr: 0.857699990272522, AccVa: 0.8075000047683716, CeTr: 1.3474469184875488, CeVa: 2.345273971557617
Epoch: 33, AccTr: 0.8615999817848206, AccVa: 0.8069999814033508, CeTr: 1.2753411531448364, CeVa: 2.355095624923706
Epoch: 34, AccTr: 0.8604000210762024, AccVa: 0.8025000095367432, CeTr: 1.3071975708007812, CeVa: 2.3731157779693604
Epoch: 35, AccTr: 0.859499990940094, AccVa: 0.8019999861717224, CeTr: 1.303266167640686, CeVa: 2.43740177154541
ENSEMBLE | Tr_Acc: 0.948199987411499, Tr_CE: 0.31594958901405334, Va_Acc: 0.8845000267028809, Va_CE: 1.1403344869613647
Epoch: 36, AccTr: 0.866100013256073, AccVa: 0.8140000104904175, CeTr: 1.256028652191162, CeVa: 2.261455535888672
Epoch: 37, AccTr: 0.870199978351593, AccVa: 0.8090000152587891, CeTr: 1.1756505966186523, CeVa: 2.385038137435913
Epoch: 38, AccTr: 0.8687000274658203, AccVa: 0.8264999985694885, CeTr: 1.1921615600585938, CeVa: 2.1320621967315674
Epoch: 39, AccTr: 0.8611000180244446, AccVa: 0.8209999799728394, CeTr: 1.2254220247268677, CeVa: 2.167665958404541
Epoch: 40, AccTr: 0.8610000014305115, AccVa: 0.8090000152587891, CeTr: 1.2538033723831177, CeVa: 2.166187286376953
ENSEMBLE | Tr_Acc: 0.9545000195503235, Tr_CE: 0.2825354039669037, Va_Acc: 0.8945000171661377, Va_CE: 1.0268690586090088
Epoch: 41, AccTr: 0.859499990940094, AccVa: 0.7990000247955322, CeTr: 1.2867017984390259, CeVa: 2.2178215980529785
Epoch: 42, AccTr: 0.8611000180244446, AccVa: 0.815500020980835, CeTr: 1.2593624591827393, CeVa: 2.024049997329712
Epoch: 43, AccTr: 0.8605999946594238, AccVa: 0.8069999814033508, CeTr: 1.2374646663665771, CeVa: 2.1681888103485107
Epoch: 44, AccTr: 0.8580999970436096, AccVa: 0.8149999976158142, CeTr: 1.2817111015319824, CeVa: 2.1581506729125977
Epoch: 45, AccTr: 0.8646000027656555, AccVa: 0.8125, CeTr: 1.2343969345092773, CeVa: 2.1410648822784424
ENSEMBLE | Tr_Acc: 0.9580000042915344, Tr_CE: 0.2551291584968567, Va_Acc: 0.9014999866485596, Va_CE: 0.9699757695198059
Epoch: 46, AccTr: 0.8621000051498413, AccVa: 0.8134999871253967, CeTr: 1.2194513082504272, CeVa: 2.152573585510254
Epoch: 47, AccTr: 0.8718000054359436, AccVa: 0.8149999976158142, CeTr: 1.175417423248291, CeVa: 2.109116315841675
Epoch: 48, AccTr: 0.8661999702453613, AccVa: 0.8059999942779541, CeTr: 1.2297252416610718, CeVa: 2.283705711364746
Epoch: 49, AccTr: 0.8636999726295471, AccVa: 0.8190000057220459, CeTr: 1.2553117275238037, CeVa: 2.1620194911956787
Epoch: 50, AccTr: 0.8686000108718872, AccVa: 0.8295000195503235, CeTr: 1.2725801467895508, CeVa: 2.112677574157715
ENSEMBLE | Tr_Acc: 0.9599999785423279, Tr_CE: 0.24391835927963257, Va_Acc: 0.9045000076293945, Va_CE: 0.9171246290206909
Epoch: 51, AccTr: 0.8557000160217285, AccVa: 0.8019999861717224, CeTr: 1.3797768354415894, CeVa: 2.485255479812622
Epoch: 52, AccTr: 0.8544999957084656, AccVa: 0.8134999871253967, CeTr: 1.3418183326721191, CeVa: 2.393056869506836
Epoch: 53, AccTr: 0.864799976348877, AccVa: 0.8059999942779541, CeTr: 1.25507652759552, CeVa: 2.5086252689361572
Epoch: 54, AccTr: 0.8600000143051147, AccVa: 0.8199999928474426, CeTr: 1.2457927465438843, CeVa: 2.3592851161956787
Epoch: 55, AccTr: 0.8626000285148621, AccVa: 0.8119999766349792, CeTr: 1.2302050590515137, CeVa: 2.391277313232422
ENSEMBLE | Tr_Acc: 0.9623000025749207, Tr_CE: 0.22590292990207672, Va_Acc: 0.9039999842643738, Va_CE: 0.9120163321495056
Epoch: 56, AccTr: 0.8652999997138977, AccVa: 0.8190000057220459, CeTr: 1.2074339389801025, CeVa: 2.131251573562622
Epoch: 57, AccTr: 0.8547999858856201, AccVa: 0.8130000233650208, CeTr: 1.381851077079773, CeVa: 2.254173755645752
Epoch: 58, AccTr: 0.8557000160217285, AccVa: 0.8034999966621399, CeTr: 1.3054085969924927, CeVa: 2.3756814002990723
Epoch: 59, AccTr: 0.8619999885559082, AccVa: 0.8065000176429749, CeTr: 1.1773935556411743, CeVa: 2.1209731101989746
Epoch: 60, AccTr: 0.863099992275238, AccVa: 0.8105000257492065, CeTr: 1.2245725393295288, CeVa: 2.234816312789917
ENSEMBLE | Tr_Acc: 0.9648000001907349, Tr_CE: 0.21169722080230713, Va_Acc: 0.9079999923706055, Va_CE: 0.8682544231414795
Epoch: 61, AccTr: 0.8693000078201294, AccVa: 0.8125, CeTr: 1.215755820274353, CeVa: 2.4273555278778076
Epoch: 62, AccTr: 0.8565999865531921, AccVa: 0.8075000047683716, CeTr: 1.398681879043579, CeVa: 2.5244879722595215
Epoch: 63, AccTr: 0.8637999892234802, AccVa: 0.8199999928474426, CeTr: 1.2896193265914917, CeVa: 2.3583192825317383
Epoch: 64, AccTr: 0.8504999876022339, AccVa: 0.8144999742507935, CeTr: 1.5087074041366577, CeVa: 2.4048359394073486
Epoch: 65, AccTr: 0.8572999835014343, AccVa: 0.8029999732971191, CeTr: 1.338539481163025, CeVa: 2.4139468669891357
ENSEMBLE | Tr_Acc: 0.965499997138977, Tr_CE: 0.2077847421169281, Va_Acc: 0.9125000238418579, Va_CE: 0.8552684187889099
Epoch: 66, AccTr: 0.8608999848365784, AccVa: 0.8205000162124634, CeTr: 1.2887413501739502, CeVa: 2.38671612739563
Epoch: 67, AccTr: 0.8604999780654907, AccVa: 0.8199999928474426, CeTr: 1.307753562927246, CeVa: 2.3369085788726807
Epoch: 68, AccTr: 0.8554999828338623, AccVa: 0.8009999990463257, CeTr: 1.3356987237930298, CeVa: 2.4485342502593994
Epoch: 69, AccTr: 0.8560000061988831, AccVa: 0.8084999918937683, CeTr: 1.368085503578186, CeVa: 2.3448076248168945
Epoch: 70, AccTr: 0.8646000027656555, AccVa: 0.8140000104904175, CeTr: 1.235033392906189, CeVa: 2.3193440437316895
ENSEMBLE | Tr_Acc: 0.965399980545044, Tr_CE: 0.19888685643672943, Va_Acc: 0.9144999980926514, Va_CE: 0.8310607671737671
Epoch: 71, AccTr: 0.8662999868392944, AccVa: 0.8040000200271606, CeTr: 1.2244007587432861, CeVa: 2.413341999053955
Epoch: 72, AccTr: 0.8654999732971191, AccVa: 0.8109999895095825, CeTr: 1.2142930030822754, CeVa: 2.371927261352539
Epoch: 73, AccTr: 0.8610000014305115, AccVa: 0.8169999718666077, CeTr: 1.2830840349197388, CeVa: 2.197925090789795
Epoch: 74, AccTr: 0.8590999841690063, AccVa: 0.8059999942779541, CeTr: 1.3479974269866943, CeVa: 2.3205955028533936
Epoch: 75, AccTr: 0.8539999723434448, AccVa: 0.8149999976158142, CeTr: 1.4128773212432861, CeVa: 2.3177287578582764
ENSEMBLE | Tr_Acc: 0.9664000272750854, Tr_CE: 0.19702832400798798, Va_Acc: 0.9139999747276306, Va_CE: 0.8183450698852539
Epoch: 76, AccTr: 0.8590999841690063, AccVa: 0.8215000033378601, CeTr: 1.3140523433685303, CeVa: 2.1640524864196777
Epoch: 77, AccTr: 0.8557000160217285, AccVa: 0.8274999856948853, CeTr: 1.4349502325057983, CeVa: 2.360713243484497
Epoch: 78, AccTr: 0.8593000173568726, AccVa: 0.8169999718666077, CeTr: 1.3154101371765137, CeVa: 2.369330406188965
Epoch: 79, AccTr: 0.8503999710083008, AccVa: 0.8019999861717224, CeTr: 1.4452134370803833, CeVa: 2.4103376865386963
Epoch: 80, AccTr: 0.845300018787384, AccVa: 0.7910000085830688, CeTr: 1.584062099456787, CeVa: 2.500218391418457
ENSEMBLE | Tr_Acc: 0.9664000272750854, Tr_CE: 0.19944925606250763, Va_Acc: 0.9104999899864197, Va_CE: 0.816429078578949
Epoch: 81, AccTr: 0.84579998254776, AccVa: 0.8034999966621399, CeTr: 1.5635162591934204, CeVa: 2.525053024291992
Epoch: 82, AccTr: 0.8341000080108643, AccVa: 0.7954999804496765, CeTr: 1.6112474203109741, CeVa: 2.6318509578704834
Epoch: 83, AccTr: 0.8465999960899353, AccVa: 0.7990000247955322, CeTr: 1.587928295135498, CeVa: 2.6939775943756104
Epoch: 84, AccTr: 0.8537999987602234, AccVa: 0.8034999966621399, CeTr: 1.3662797212600708, CeVa: 2.4175069332122803
Epoch: 85, AccTr: 0.8604999780654907, AccVa: 0.8125, CeTr: 1.3497651815414429, CeVa: 2.3951218128204346
ENSEMBLE | Tr_Acc: 0.9672999978065491, Tr_CE: 0.19740334153175354, Va_Acc: 0.9104999899864197, Va_CE: 0.8091982007026672
Epoch: 86, AccTr: 0.8622000217437744, AccVa: 0.8159999847412109, CeTr: 1.257996916770935, CeVa: 2.278258800506592
Epoch: 87, AccTr: 0.8586000204086304, AccVa: 0.809499979019165, CeTr: 1.3916434049606323, CeVa: 2.4706292152404785
Epoch: 88, AccTr: 0.8593999743461609, AccVa: 0.8184999823570251, CeTr: 1.320288062095642, CeVa: 2.3467655181884766
Epoch: 89, AccTr: 0.8421000242233276, AccVa: 0.7935000061988831, CeTr: 1.5882816314697266, CeVa: 2.6790771484375
Epoch: 90, AccTr: 0.8532999753952026, AccVa: 0.8105000257492065, CeTr: 1.383586049079895, CeVa: 2.4268062114715576
ENSEMBLE | Tr_Acc: 0.967199981212616, Tr_CE: 0.19366437196731567, Va_Acc: 0.9120000004768372, Va_CE: 0.811012327671051
Epoch: 91, AccTr: 0.8514999747276306, AccVa: 0.8169999718666077, CeTr: 1.4661685228347778, CeVa: 2.253183364868164
Epoch: 92, AccTr: 0.8554999828338623, AccVa: 0.8019999861717224, CeTr: 1.3430546522140503, CeVa: 2.3517065048217773
Epoch: 93, AccTr: 0.8598999977111816, AccVa: 0.8184999823570251, CeTr: 1.3622769117355347, CeVa: 2.50158953666687
Epoch: 94, AccTr: 0.84579998254776, AccVa: 0.8165000081062317, CeTr: 1.5855345726013184, CeVa: 2.342750310897827
Epoch: 95, AccTr: 0.8550999760627747, AccVa: 0.8140000104904175, CeTr: 1.381921648979187, CeVa: 2.3186259269714355
ENSEMBLE | Tr_Acc: 0.9667999744415283, Tr_CE: 0.1892048716545105, Va_Acc: 0.9120000004768372, Va_CE: 0.8063439726829529
Epoch: 96, AccTr: 0.85589998960495, AccVa: 0.7944999933242798, CeTr: 1.4383230209350586, CeVa: 2.4367222785949707
Epoch: 97, AccTr: 0.850600004196167, AccVa: 0.8165000081062317, CeTr: 1.4193110466003418, CeVa: 2.3701255321502686
Epoch: 98, AccTr: 0.845300018787384, AccVa: 0.800000011920929, CeTr: 1.5491690635681152, CeVa: 2.737445592880249
Epoch: 99, AccTr: 0.8514999747276306, AccVa: 0.7990000247955322, CeTr: 1.4234790802001953, CeVa: 2.5010666847229004
Epoch: 100, AccTr: 0.8389999866485596, AccVa: 0.7914999723434448, CeTr: 1.4869951009750366, CeVa: 2.4797120094299316
ENSEMBLE | Tr_Acc: 0.9670000076293945, Tr_CE: 0.18641969561576843, Va_Acc: 0.909500002861023, Va_CE: 0.8095083832740784
Epoch: 101, AccTr: 0.8636000156402588, AccVa: 0.8259999752044678, CeTr: 1.281738519668579, CeVa: 2.120922803878784
Epoch: 102, AccTr: 0.8600000143051147, AccVa: 0.8130000233650208, CeTr: 1.2948508262634277, CeVa: 2.2022905349731445
Epoch: 103, AccTr: 0.8565000295639038, AccVa: 0.8100000023841858, CeTr: 1.3406330347061157, CeVa: 2.2591981887817383
Epoch: 104, AccTr: 0.8514999747276306, AccVa: 0.8044999837875366, CeTr: 1.4093118906021118, CeVa: 2.567518949508667
Epoch: 105, AccTr: 0.8514999747276306, AccVa: 0.8069999814033508, CeTr: 1.3896994590759277, CeVa: 2.3402905464172363
ENSEMBLE | Tr_Acc: 0.9684000015258789, Tr_CE: 0.1816447675228119, Va_Acc: 0.9114999771118164, Va_CE: 0.805013120174408
Epoch: 106, AccTr: 0.8589000105857849, AccVa: 0.8130000233650208, CeTr: 1.3414428234100342, CeVa: 2.346613883972168
Epoch: 107, AccTr: 0.8500000238418579, AccVa: 0.8174999952316284, CeTr: 1.5072789192199707, CeVa: 2.375467538833618
Epoch: 108, AccTr: 0.8540999889373779, AccVa: 0.8144999742507935, CeTr: 1.3720091581344604, CeVa: 2.0858237743377686
Epoch: 109, AccTr: 0.8549000024795532, AccVa: 0.8105000257492065, CeTr: 1.3625210523605347, CeVa: 2.2552247047424316
Epoch: 110, AccTr: 0.8629999756813049, AccVa: 0.8209999799728394, CeTr: 1.2884399890899658, CeVa: 2.196291923522949
ENSEMBLE | Tr_Acc: 0.968500018119812, Tr_CE: 0.1788933277130127, Va_Acc: 0.9160000085830688, Va_CE: 0.7986985445022583
Epoch: 111, AccTr: 0.8561999797821045, AccVa: 0.8165000081062317, CeTr: 1.3611887693405151, CeVa: 2.4411401748657227
Epoch: 112, AccTr: 0.8623999953269958, AccVa: 0.8169999718666077, CeTr: 1.2602139711380005, CeVa: 2.251246690750122
Epoch: 113, AccTr: 0.8565999865531921, AccVa: 0.8040000200271606, CeTr: 1.3102781772613525, CeVa: 2.395092487335205
Epoch: 114, AccTr: 0.8633999824523926, AccVa: 0.8224999904632568, CeTr: 1.2463617324829102, CeVa: 2.154803991317749
Epoch: 115, AccTr: 0.8503999710083008, AccVa: 0.8159999847412109, CeTr: 1.5026437044143677, CeVa: 2.2142834663391113
ENSEMBLE | Tr_Acc: 0.9682000279426575, Tr_CE: 0.17876185476779938, Va_Acc: 0.9169999957084656, Va_CE: 0.791248619556427
Epoch: 116, AccTr: 0.8503999710083008, AccVa: 0.8100000023841858, CeTr: 1.494392991065979, CeVa: 2.5227580070495605
Epoch: 117, AccTr: 0.8600000143051147, AccVa: 0.8199999928474426, CeTr: 1.3636507987976074, CeVa: 2.187922716140747
Epoch: 118, AccTr: 0.8465999960899353, AccVa: 0.8100000023841858, CeTr: 1.5064042806625366, CeVa: 2.4590213298797607
Epoch: 119, AccTr: 0.8539999723434448, AccVa: 0.8069999814033508, CeTr: 1.418496012687683, CeVa: 2.244774341583252
Epoch: 120, AccTr: 0.8398000001907349, AccVa: 0.800000011920929, CeTr: 1.5866702795028687, CeVa: 2.378861904144287
ENSEMBLE | Tr_Acc: 0.9681000113487244, Tr_CE: 0.1795492321252823, Va_Acc: 0.9154999852180481, Va_CE: 0.7811367511749268
Epoch: 121, AccTr: 0.8434000015258789, AccVa: 0.8109999895095825, CeTr: 1.510999321937561, CeVa: 2.335049867630005
Epoch: 122, AccTr: 0.8486999869346619, AccVa: 0.8140000104904175, CeTr: 1.445408582687378, CeVa: 2.4063076972961426
Epoch: 123, AccTr: 0.8434000015258789, AccVa: 0.8080000281333923, CeTr: 1.5281697511672974, CeVa: 2.2617921829223633
Epoch: 124, AccTr: 0.8500999808311462, AccVa: 0.8059999942779541, CeTr: 1.4243987798690796, CeVa: 2.5142123699188232
Epoch: 125, AccTr: 0.84579998254776, AccVa: 0.7940000295639038, CeTr: 1.3932812213897705, CeVa: 2.3386669158935547
ENSEMBLE | Tr_Acc: 0.968500018119812, Tr_CE: 0.17775164544582367, Va_Acc: 0.9150000214576721, Va_CE: 0.7724710702896118
Epoch: 126, AccTr: 0.8601999878883362, AccVa: 0.8199999928474426, CeTr: 1.2779316902160645, CeVa: 2.2344672679901123
Epoch: 127, AccTr: 0.8442000150680542, AccVa: 0.8140000104904175, CeTr: 1.44442880153656, CeVa: 2.1070351600646973
Epoch: 128, AccTr: 0.8560000061988831, AccVa: 0.8105000257492065, CeTr: 1.2543468475341797, CeVa: 2.312377691268921
Epoch: 129, AccTr: 0.8485000133514404, AccVa: 0.8224999904632568, CeTr: 1.4473683834075928, CeVa: 2.135516881942749
Epoch: 130, AccTr: 0.8403000235557556, AccVa: 0.7975000143051147, CeTr: 1.5381125211715698, CeVa: 2.4972243309020996
ENSEMBLE | Tr_Acc: 0.9678000211715698, Tr_CE: 0.17879962921142578, Va_Acc: 0.9175000190734863, Va_CE: 0.77059006690979
Epoch: 131, AccTr: 0.8521999716758728, AccVa: 0.8109999895095825, CeTr: 1.4105011224746704, CeVa: 2.2152695655822754
Epoch: 132, AccTr: 0.8517000079154968, AccVa: 0.8034999966621399, CeTr: 1.4261730909347534, CeVa: 2.436328411102295
Epoch: 133, AccTr: 0.8521000146865845, AccVa: 0.8119999766349792, CeTr: 1.3278322219848633, CeVa: 2.542863368988037
Epoch: 134, AccTr: 0.8615999817848206, AccVa: 0.8115000128746033, CeTr: 1.3170169591903687, CeVa: 2.3637607097625732
Epoch: 135, AccTr: 0.8410000205039978, AccVa: 0.8004999756813049, CeTr: 1.5041841268539429, CeVa: 2.4001851081848145
ENSEMBLE | Tr_Acc: 0.9678000211715698, Tr_CE: 0.17729859054088593, Va_Acc: 0.9164999723434448, Va_CE: 0.7650140523910522
Epoch: 136, AccTr: 0.8535000085830688, AccVa: 0.8174999952316284, CeTr: 1.3686214685440063, CeVa: 2.244196891784668
Epoch: 137, AccTr: 0.8416000008583069, AccVa: 0.8004999756813049, CeTr: 1.4979615211486816, CeVa: 2.4406943321228027
Epoch: 138, AccTr: 0.8440999984741211, AccVa: 0.800000011920929, CeTr: 1.5551414489746094, CeVa: 2.4876081943511963
Epoch: 139, AccTr: 0.8424999713897705, AccVa: 0.8084999918937683, CeTr: 1.5186084508895874, CeVa: 2.2997846603393555
Epoch: 140, AccTr: 0.8317999839782715, AccVa: 0.8069999814033508, CeTr: 1.7171423435211182, CeVa: 2.5455145835876465
ENSEMBLE | Tr_Acc: 0.9678999781608582, Tr_CE: 0.18028095364570618, Va_Acc: 0.9175000190734863, Va_CE: 0.7677387595176697
Epoch: 141, AccTr: 0.8518000245094299, AccVa: 0.7944999933242798, CeTr: 1.444838523864746, CeVa: 2.5981178283691406
Epoch: 142, AccTr: 0.8518000245094299, AccVa: 0.8069999814033508, CeTr: 1.3363854885101318, CeVa: 2.37414813041687
Epoch: 143, AccTr: 0.8388000130653381, AccVa: 0.7950000166893005, CeTr: 1.629516363143921, CeVa: 2.3786635398864746
Epoch: 144, AccTr: 0.833299994468689, AccVa: 0.8034999966621399, CeTr: 1.6247313022613525, CeVa: 2.2960665225982666
Epoch: 145, AccTr: 0.8518999814987183, AccVa: 0.8044999837875366, CeTr: 1.4447764158248901, CeVa: 2.362917900085449
ENSEMBLE | Tr_Acc: 0.9674000144004822, Tr_CE: 0.18232305347919464, Va_Acc: 0.9179999828338623, Va_CE: 0.7677451372146606
Epoch: 146, AccTr: 0.8379999995231628, AccVa: 0.7940000295639038, CeTr: 1.5738269090652466, CeVa: 2.447187662124634
Epoch: 147, AccTr: 0.8309000134468079, AccVa: 0.7739999890327454, CeTr: 1.710421085357666, CeVa: 2.750134229660034
Epoch: 148, AccTr: 0.8241000175476074, AccVa: 0.784500002861023, CeTr: 1.7949607372283936, CeVa: 2.7056548595428467
Epoch: 149, AccTr: 0.8434000015258789, AccVa: 0.7925000190734863, CeTr: 1.5067381858825684, CeVa: 2.574777603149414
Epoch: 150, AccTr: 0.8464999794960022, AccVa: 0.8015000224113464, CeTr: 1.5309251546859741, CeVa: 2.4146885871887207
ENSEMBLE | Tr_Acc: 0.9674000144004822, Tr_CE: 0.18234674632549286, Va_Acc: 0.9164999723434448, Va_CE: 0.7637432813644409
NN CONFIG
Weight-type:		binary
Layout									Layer #1: 280	Layer #2: 200	
Activation Functions					Layer #1: bs	Layer #2: bs	
Keep probabilities		Layer #0: 0.98	Layer #1: 1.0	Layer #2: 1.0	
Flat factors							Layer #1: 1.0	Layer #2: 1.0	Layer #3: 1.0	
Activation Noise						Layer #1: 0.0	Layer #2: 0.0	Layer #3: 0.0	

===================================

RUN CONFIG
Epochs: 150, Blocksize: 8

===================================

Epoch: 1, AccTr: 0.8741000294685364, AccVa: 0.8314999938011169, CeTr: 1.2039614915847778, CeVa: 1.9780148267745972
Epoch: 2, AccTr: 0.8860999941825867, AccVa: 0.828499972820282, CeTr: 0.8702208995819092, CeVa: 1.9431387186050415
Epoch: 3, AccTr: 0.8755999803543091, AccVa: 0.8339999914169312, CeTr: 1.0275949239730835, CeVa: 1.708467721939087
Epoch: 4, AccTr: 0.879800021648407, AccVa: 0.828000009059906, CeTr: 1.0159454345703125, CeVa: 1.8795850276947021
Epoch: 5, AccTr: 0.8726999759674072, AccVa: 0.824999988079071, CeTr: 1.0756752490997314, CeVa: 2.0226311683654785
Epoch: 6, AccTr: 0.8705999851226807, AccVa: 0.8255000114440918, CeTr: 1.1191799640655518, CeVa: 1.8769547939300537
Epoch: 7, AccTr: 0.8715000152587891, AccVa: 0.8385000228881836, CeTr: 1.0230580568313599, CeVa: 1.728236198425293
Epoch: 8, AccTr: 0.868399977684021, AccVa: 0.8224999904632568, CeTr: 1.0916807651519775, CeVa: 1.9078384637832642
Epoch: 9, AccTr: 0.8736000061035156, AccVa: 0.8205000162124634, CeTr: 1.0119744539260864, CeVa: 2.015657901763916
Epoch: 10, AccTr: 0.8733999729156494, AccVa: 0.8240000009536743, CeTr: 1.1173601150512695, CeVa: 1.956935167312622
Epoch: 11, AccTr: 0.8687000274658203, AccVa: 0.8115000128746033, CeTr: 1.1343661546707153, CeVa: 2.103635787963867
Epoch: 12, AccTr: 0.8727999925613403, AccVa: 0.8299999833106995, CeTr: 1.0845383405685425, CeVa: 1.92979097366333
Epoch: 13, AccTr: 0.8725000023841858, AccVa: 0.8220000267028809, CeTr: 1.1123851537704468, CeVa: 1.9990147352218628
Epoch: 14, AccTr: 0.8680999875068665, AccVa: 0.824999988079071, CeTr: 1.1698552370071411, CeVa: 1.9663618803024292
Epoch: 15, AccTr: 0.8741999864578247, AccVa: 0.8234999775886536, CeTr: 1.0416488647460938, CeVa: 1.9983769655227661
Epoch: 16, AccTr: 0.8700000047683716, AccVa: 0.8115000128746033, CeTr: 1.106305718421936, CeVa: 2.20328426361084
Epoch: 17, AccTr: 0.8687000274658203, AccVa: 0.8205000162124634, CeTr: 1.107005000114441, CeVa: 2.145646810531616
Epoch: 18, AccTr: 0.8737000226974487, AccVa: 0.8084999918937683, CeTr: 1.0599087476730347, CeVa: 2.2077314853668213
Epoch: 19, AccTr: 0.8758999705314636, AccVa: 0.8370000123977661, CeTr: 1.0895707607269287, CeVa: 2.0577523708343506
Epoch: 20, AccTr: 0.8634999990463257, AccVa: 0.8195000290870667, CeTr: 1.2297865152359009, CeVa: 2.2663302421569824
ENSEMBLE | Tr_Acc: 0.8634999990463257, Tr_CE: 1.2297865152359009, Va_Acc: 0.8195000290870667, Va_CE: 2.2663302421569824
Epoch: 21, AccTr: 0.8704000115394592, AccVa: 0.8289999961853027, CeTr: 1.2294156551361084, CeVa: 2.282615900039673
Epoch: 22, AccTr: 0.8701000213623047, AccVa: 0.8169999718666077, CeTr: 1.130527377128601, CeVa: 2.184460401535034
Epoch: 23, AccTr: 0.8662999868392944, AccVa: 0.8125, CeTr: 1.1473139524459839, CeVa: 2.251702308654785
Epoch: 24, AccTr: 0.8661999702453613, AccVa: 0.8105000257492065, CeTr: 1.2130987644195557, CeVa: 2.0611889362335205
Epoch: 25, AccTr: 0.8615999817848206, AccVa: 0.8149999976158142, CeTr: 1.2477833032608032, CeVa: 2.014108419418335
ENSEMBLE | Tr_Acc: 0.9193999767303467, Tr_CE: 0.6069630980491638, Va_Acc: 0.8694999814033508, Va_CE: 1.4196257591247559
Epoch: 26, AccTr: 0.8698999881744385, AccVa: 0.8100000023841858, CeTr: 1.186752200126648, CeVa: 2.1738624572753906
Epoch: 27, AccTr: 0.8614000082015991, AccVa: 0.8230000138282776, CeTr: 1.2414342164993286, CeVa: 1.9947103261947632
Epoch: 28, AccTr: 0.8648999929428101, AccVa: 0.8240000009536743, CeTr: 1.2029695510864258, CeVa: 2.1101675033569336
Epoch: 29, AccTr: 0.8659999966621399, AccVa: 0.8215000033378601, CeTr: 1.1949199438095093, CeVa: 2.06235933303833
Epoch: 30, AccTr: 0.8644000291824341, AccVa: 0.8230000138282776, CeTr: 1.1893246173858643, CeVa: 1.973941445350647
ENSEMBLE | Tr_Acc: 0.9355000257492065, Tr_CE: 0.43493011593818665, Va_Acc: 0.8855000138282776, Va_CE: 1.1348322629928589
Epoch: 31, AccTr: 0.8694000244140625, AccVa: 0.8065000176429749, CeTr: 1.0966732501983643, CeVa: 2.2608537673950195
Epoch: 32, AccTr: 0.868399977684021, AccVa: 0.8169999718666077, CeTr: 1.154160499572754, CeVa: 2.115684986114502
Epoch: 33, AccTr: 0.8560000061988831, AccVa: 0.8015000224113464, CeTr: 1.2354340553283691, CeVa: 2.2378151416778564
Epoch: 34, AccTr: 0.864799976348877, AccVa: 0.8270000219345093, CeTr: 1.195136547088623, CeVa: 2.10888934135437
Epoch: 35, AccTr: 0.8600000143051147, AccVa: 0.8184999823570251, CeTr: 1.2265263795852661, CeVa: 2.0441319942474365
ENSEMBLE | Tr_Acc: 0.9451000094413757, Tr_CE: 0.35221803188323975, Va_Acc: 0.8974999785423279, Va_CE: 1.0189237594604492
Epoch: 36, AccTr: 0.8650000095367432, AccVa: 0.809499979019165, CeTr: 1.187562346458435, CeVa: 2.1059465408325195
Epoch: 37, AccTr: 0.8622000217437744, AccVa: 0.8240000009536743, CeTr: 1.2542705535888672, CeVa: 2.1028952598571777
Epoch: 38, AccTr: 0.8608999848365784, AccVa: 0.8169999718666077, CeTr: 1.3018089532852173, CeVa: 2.225975513458252
Epoch: 39, AccTr: 0.8589000105857849, AccVa: 0.8125, CeTr: 1.2485090494155884, CeVa: 2.1085989475250244
Epoch: 40, AccTr: 0.8622000217437744, AccVa: 0.8230000138282776, CeTr: 1.1624436378479004, CeVa: 2.080490827560425
ENSEMBLE | Tr_Acc: 0.9492999911308289, Tr_CE: 0.29947617650032043, Va_Acc: 0.9014999866485596, Va_CE: 0.9818252921104431
Epoch: 41, AccTr: 0.8679999709129333, AccVa: 0.8305000066757202, CeTr: 1.151328682899475, CeVa: 2.019441843032837
Epoch: 42, AccTr: 0.8593999743461609, AccVa: 0.8195000290870667, CeTr: 1.2798796892166138, CeVa: 2.138082981109619
Epoch: 43, AccTr: 0.8651999831199646, AccVa: 0.8119999766349792, CeTr: 1.2142994403839111, CeVa: 2.194072723388672
Epoch: 44, AccTr: 0.85589998960495, AccVa: 0.8109999895095825, CeTr: 1.3360469341278076, CeVa: 2.266695261001587
Epoch: 45, AccTr: 0.8561999797821045, AccVa: 0.8205000162124634, CeTr: 1.3304095268249512, CeVa: 2.0896518230438232
ENSEMBLE | Tr_Acc: 0.9531999826431274, Tr_CE: 0.2762361764907837, Va_Acc: 0.9054999947547913, Va_CE: 0.9337093234062195
Epoch: 46, AccTr: 0.8435999751091003, AccVa: 0.8109999895095825, CeTr: 1.4519927501678467, CeVa: 2.3591854572296143
Epoch: 47, AccTr: 0.8525000214576721, AccVa: 0.8144999742507935, CeTr: 1.3721425533294678, CeVa: 2.3813929557800293
Epoch: 48, AccTr: 0.8540999889373779, AccVa: 0.8140000104904175, CeTr: 1.3767080307006836, CeVa: 2.135848045349121
Epoch: 49, AccTr: 0.85589998960495, AccVa: 0.8080000281333923, CeTr: 1.3793798685073853, CeVa: 2.291917085647583
Epoch: 50, AccTr: 0.8578000068664551, AccVa: 0.8130000233650208, CeTr: 1.3074798583984375, CeVa: 2.2129123210906982
ENSEMBLE | Tr_Acc: 0.9585999846458435, Tr_CE: 0.25761041045188904, Va_Acc: 0.9079999923706055, Va_CE: 0.8830335140228271
Epoch: 51, AccTr: 0.8562999963760376, AccVa: 0.7994999885559082, CeTr: 1.3147315979003906, CeVa: 2.3651015758514404
Epoch: 52, AccTr: 0.8636000156402588, AccVa: 0.8034999966621399, CeTr: 1.2081692218780518, CeVa: 2.345902919769287
Epoch: 53, AccTr: 0.8511999845504761, AccVa: 0.8054999709129333, CeTr: 1.4813119173049927, CeVa: 2.332746744155884
Epoch: 54, AccTr: 0.8651999831199646, AccVa: 0.8105000257492065, CeTr: 1.2344313859939575, CeVa: 2.2250664234161377
Epoch: 55, AccTr: 0.8579000234603882, AccVa: 0.8044999837875366, CeTr: 1.3012593984603882, CeVa: 2.407808542251587
ENSEMBLE | Tr_Acc: 0.9606000185012817, Tr_CE: 0.2471858710050583, Va_Acc: 0.909500002861023, Va_CE: 0.8556966781616211
Epoch: 56, AccTr: 0.8677999973297119, AccVa: 0.8134999871253967, CeTr: 1.1741830110549927, CeVa: 2.3515093326568604
Epoch: 57, AccTr: 0.8557999730110168, AccVa: 0.8029999732971191, CeTr: 1.383591890335083, CeVa: 2.611785888671875
Epoch: 58, AccTr: 0.8664000034332275, AccVa: 0.8054999709129333, CeTr: 1.261960506439209, CeVa: 2.433115005493164
Epoch: 59, AccTr: 0.8586000204086304, AccVa: 0.7994999885559082, CeTr: 1.3053828477859497, CeVa: 2.3222484588623047
Epoch: 60, AccTr: 0.8644999861717224, AccVa: 0.8314999938011169, CeTr: 1.2705680131912231, CeVa: 2.223327875137329
ENSEMBLE | Tr_Acc: 0.9610000252723694, Tr_CE: 0.2377319633960724, Va_Acc: 0.9139999747276306, Va_CE: 0.8359865546226501
Epoch: 61, AccTr: 0.8521999716758728, AccVa: 0.8144999742507935, CeTr: 1.4390201568603516, CeVa: 2.271368980407715
Epoch: 62, AccTr: 0.8515999913215637, AccVa: 0.8034999966621399, CeTr: 1.3753060102462769, CeVa: 2.482328414916992
Epoch: 63, AccTr: 0.8504999876022339, AccVa: 0.8040000200271606, CeTr: 1.3774503469467163, CeVa: 2.340242624282837
Epoch: 64, AccTr: 0.855400025844574, AccVa: 0.8054999709129333, CeTr: 1.363025426864624, CeVa: 2.235337972640991
Epoch: 65, AccTr: 0.8568999767303467, AccVa: 0.8230000138282776, CeTr: 1.3699445724487305, CeVa: 2.2675836086273193
ENSEMBLE | Tr_Acc: 0.9613000154495239, Tr_CE: 0.23076902329921722, Va_Acc: 0.9150000214576721, Va_CE: 0.8279318809509277
Epoch: 66, AccTr: 0.859499990940094, AccVa: 0.7944999933242798, CeTr: 1.2959779500961304, CeVa: 2.424436330795288
Epoch: 67, AccTr: 0.8493000268936157, AccVa: 0.7940000295639038, CeTr: 1.5079737901687622, CeVa: 2.6201484203338623
Epoch: 68, AccTr: 0.8489000201225281, AccVa: 0.7894999980926514, CeTr: 1.4488625526428223, CeVa: 2.67626953125
Epoch: 69, AccTr: 0.8521999716758728, AccVa: 0.7925000190734863, CeTr: 1.4222910404205322, CeVa: 2.5343167781829834
Epoch: 70, AccTr: 0.8532999753952026, AccVa: 0.8130000233650208, CeTr: 1.4164314270019531, CeVa: 2.4424877166748047
ENSEMBLE | Tr_Acc: 0.9621000289916992, Tr_CE: 0.22333750128746033, Va_Acc: 0.9150000214576721, Va_CE: 0.8127996325492859
Epoch: 71, AccTr: 0.8482999801635742, AccVa: 0.8054999709129333, CeTr: 1.500084638595581, CeVa: 2.503431797027588
Epoch: 72, AccTr: 0.8389000296592712, AccVa: 0.7850000262260437, CeTr: 1.574002981185913, CeVa: 2.747398614883423
Epoch: 73, AccTr: 0.8499000072479248, AccVa: 0.8065000176429749, CeTr: 1.427834153175354, CeVa: 2.473200798034668
Epoch: 74, AccTr: 0.8533999919891357, AccVa: 0.8115000128746033, CeTr: 1.308437466621399, CeVa: 2.3915812969207764
Epoch: 75, AccTr: 0.8586999773979187, AccVa: 0.8044999837875366, CeTr: 1.3350111246109009, CeVa: 2.396286964416504
ENSEMBLE | Tr_Acc: 0.9632999897003174, Tr_CE: 0.21662156283855438, Va_Acc: 0.9160000085830688, Va_CE: 0.8087584972381592
Epoch: 76, AccTr: 0.8414999842643738, AccVa: 0.7914999723434448, CeTr: 1.5143274068832397, CeVa: 2.5939886569976807
Epoch: 77, AccTr: 0.8489000201225281, AccVa: 0.8059999942779541, CeTr: 1.4456286430358887, CeVa: 2.459217071533203
Epoch: 78, AccTr: 0.8467000126838684, AccVa: 0.809499979019165, CeTr: 1.4327243566513062, CeVa: 2.4313571453094482
Epoch: 79, AccTr: 0.8507999777793884, AccVa: 0.8084999918937683, CeTr: 1.4440996646881104, CeVa: 2.462273120880127
Epoch: 80, AccTr: 0.8586000204086304, AccVa: 0.8125, CeTr: 1.2992380857467651, CeVa: 2.4214980602264404
ENSEMBLE | Tr_Acc: 0.9652000069618225, Tr_CE: 0.20929528772830963, Va_Acc: 0.9179999828338623, Va_CE: 0.8058440089225769
Epoch: 81, AccTr: 0.8531000018119812, AccVa: 0.8075000047683716, CeTr: 1.3812707662582397, CeVa: 2.4647390842437744
Epoch: 82, AccTr: 0.8533999919891357, AccVa: 0.8109999895095825, CeTr: 1.3435527086257935, CeVa: 2.402020215988159
Epoch: 83, AccTr: 0.8590999841690063, AccVa: 0.8034999966621399, CeTr: 1.301758050918579, CeVa: 2.3951313495635986
Epoch: 84, AccTr: 0.8550999760627747, AccVa: 0.8115000128746033, CeTr: 1.328994870185852, CeVa: 2.3140718936920166
Epoch: 85, AccTr: 0.8514000177383423, AccVa: 0.8274999856948853, CeTr: 1.369547963142395, CeVa: 2.253652572631836
ENSEMBLE | Tr_Acc: 0.9664999842643738, Tr_CE: 0.20331025123596191, Va_Acc: 0.9175000190734863, Va_CE: 0.7953563332557678
Epoch: 86, AccTr: 0.8278999924659729, AccVa: 0.8050000071525574, CeTr: 1.7046051025390625, CeVa: 2.4052083492279053
Epoch: 87, AccTr: 0.8452000021934509, AccVa: 0.8009999990463257, CeTr: 1.570620059967041, CeVa: 2.381026029586792
Epoch: 88, AccTr: 0.8474000096321106, AccVa: 0.8040000200271606, CeTr: 1.4705705642700195, CeVa: 2.3838248252868652
Epoch: 89, AccTr: 0.8508999943733215, AccVa: 0.8090000152587891, CeTr: 1.3921445608139038, CeVa: 2.4410030841827393
Epoch: 90, AccTr: 0.8435999751091003, AccVa: 0.8044999837875366, CeTr: 1.4834520816802979, CeVa: 2.515124559402466
ENSEMBLE | Tr_Acc: 0.9660000205039978, Tr_CE: 0.20295622944831848, Va_Acc: 0.9150000214576721, Va_CE: 0.8013105988502502
Epoch: 91, AccTr: 0.8536999821662903, AccVa: 0.8065000176429749, CeTr: 1.4184110164642334, CeVa: 2.2541284561157227
Epoch: 92, AccTr: 0.8555999994277954, AccVa: 0.8034999966621399, CeTr: 1.4556288719177246, CeVa: 2.4296000003814697
Epoch: 93, AccTr: 0.8478000164031982, AccVa: 0.8109999895095825, CeTr: 1.5069400072097778, CeVa: 2.4943652153015137
Epoch: 94, AccTr: 0.8411999940872192, AccVa: 0.8015000224113464, CeTr: 1.5558499097824097, CeVa: 2.59747314453125
Epoch: 95, AccTr: 0.847599983215332, AccVa: 0.8100000023841858, CeTr: 1.4364051818847656, CeVa: 2.341216564178467
ENSEMBLE | Tr_Acc: 0.9656000137329102, Tr_CE: 0.19977159798145294, Va_Acc: 0.9144999980926514, Va_CE: 0.7905369997024536
Epoch: 96, AccTr: 0.8428000211715698, AccVa: 0.8109999895095825, CeTr: 1.5577616691589355, CeVa: 2.4004881381988525
Epoch: 97, AccTr: 0.8464000225067139, AccVa: 0.8115000128746033, CeTr: 1.4788931608200073, CeVa: 2.5210185050964355
Epoch: 98, AccTr: 0.8543000221252441, AccVa: 0.7944999933242798, CeTr: 1.3064929246902466, CeVa: 2.5537612438201904
Epoch: 99, AccTr: 0.8458999991416931, AccVa: 0.7960000038146973, CeTr: 1.440368890762329, CeVa: 2.5692389011383057
Epoch: 100, AccTr: 0.8496999740600586, AccVa: 0.8019999861717224, CeTr: 1.4312019348144531, CeVa: 2.3787009716033936
ENSEMBLE | Tr_Acc: 0.9668999910354614, Tr_CE: 0.19483983516693115, Va_Acc: 0.9160000085830688, Va_CE: 0.778828501701355
Epoch: 101, AccTr: 0.8521999716758728, AccVa: 0.800000011920929, CeTr: 1.4298826456069946, CeVa: 2.3639447689056396
Epoch: 102, AccTr: 0.845300018787384, AccVa: 0.7979999780654907, CeTr: 1.4685924053192139, CeVa: 2.425750494003296
Epoch: 103, AccTr: 0.8549000024795532, AccVa: 0.8100000023841858, CeTr: 1.3775463104248047, CeVa: 2.259355068206787
Epoch: 104, AccTr: 0.8557999730110168, AccVa: 0.8015000224113464, CeTr: 1.3352731466293335, CeVa: 2.3962981700897217
Epoch: 105, AccTr: 0.8522999882698059, AccVa: 0.7960000038146973, CeTr: 1.4466158151626587, CeVa: 2.4498355388641357
ENSEMBLE | Tr_Acc: 0.9674000144004822, Tr_CE: 0.1930854171514511, Va_Acc: 0.9154999852180481, Va_CE: 0.7718848586082458
Epoch: 106, AccTr: 0.8513000011444092, AccVa: 0.7994999885559082, CeTr: 1.3780784606933594, CeVa: 2.589021682739258
Epoch: 107, AccTr: 0.8539999723434448, AccVa: 0.8059999942779541, CeTr: 1.3906689882278442, CeVa: 2.634063959121704
Epoch: 108, AccTr: 0.8504999876022339, AccVa: 0.8015000224113464, CeTr: 1.3794636726379395, CeVa: 2.6865551471710205
Epoch: 109, AccTr: 0.852400004863739, AccVa: 0.800000011920929, CeTr: 1.4164952039718628, CeVa: 2.4792823791503906
Epoch: 110, AccTr: 0.8454999923706055, AccVa: 0.8029999732971191, CeTr: 1.4728049039840698, CeVa: 2.556342363357544
ENSEMBLE | Tr_Acc: 0.9672999978065491, Tr_CE: 0.19187875092029572, Va_Acc: 0.9185000061988831, Va_CE: 0.7792946696281433
Epoch: 111, AccTr: 0.8503999710083008, AccVa: 0.8054999709129333, CeTr: 1.3547353744506836, CeVa: 2.4674923419952393
Epoch: 112, AccTr: 0.8499000072479248, AccVa: 0.800000011920929, CeTr: 1.448601245880127, CeVa: 2.563685417175293
Epoch: 113, AccTr: 0.8432999849319458, AccVa: 0.7825000286102295, CeTr: 1.5269290208816528, CeVa: 2.831153631210327
Epoch: 114, AccTr: 0.8553000092506409, AccVa: 0.8084999918937683, CeTr: 1.3638741970062256, CeVa: 2.374932050704956
Epoch: 115, AccTr: 0.845300018787384, AccVa: 0.8025000095367432, CeTr: 1.5156469345092773, CeVa: 2.5693626403808594
ENSEMBLE | Tr_Acc: 0.967199981212616, Tr_CE: 0.19071389734745026, Va_Acc: 0.9164999723434448, Va_CE: 0.7767118215560913
Epoch: 116, AccTr: 0.8361999988555908, AccVa: 0.7950000166893005, CeTr: 1.6382132768630981, CeVa: 2.463374614715576
Epoch: 117, AccTr: 0.8543000221252441, AccVa: 0.7979999780654907, CeTr: 1.3297886848449707, CeVa: 2.4322073459625244
Epoch: 118, AccTr: 0.8464999794960022, AccVa: 0.7990000247955322, CeTr: 1.4519132375717163, CeVa: 2.3991856575012207
Epoch: 119, AccTr: 0.8521999716758728, AccVa: 0.809499979019165, CeTr: 1.4423240423202515, CeVa: 2.5726816654205322
Epoch: 120, AccTr: 0.8463000059127808, AccVa: 0.8050000071525574, CeTr: 1.474813461303711, CeVa: 2.5048696994781494
ENSEMBLE | Tr_Acc: 0.9672999978065491, Tr_CE: 0.19022084772586823, Va_Acc: 0.9169999957084656, Va_CE: 0.780169665813446
Epoch: 121, AccTr: 0.8550000190734863, AccVa: 0.8065000176429749, CeTr: 1.4107967615127563, CeVa: 2.5848145484924316
Epoch: 122, AccTr: 0.8535000085830688, AccVa: 0.8080000281333923, CeTr: 1.4094419479370117, CeVa: 2.4875848293304443
Epoch: 123, AccTr: 0.8578000068664551, AccVa: 0.8115000128746033, CeTr: 1.3736191987991333, CeVa: 2.492809534072876
Epoch: 124, AccTr: 0.8543000221252441, AccVa: 0.8215000033378601, CeTr: 1.3824390172958374, CeVa: 2.406952142715454
Epoch: 125, AccTr: 0.8410000205039978, AccVa: 0.7979999780654907, CeTr: 1.4724355936050415, CeVa: 2.5601646900177
ENSEMBLE | Tr_Acc: 0.9671000242233276, Tr_CE: 0.18911105394363403, Va_Acc: 0.9175000190734863, Va_CE: 0.7762577533721924
Epoch: 126, AccTr: 0.8442999720573425, AccVa: 0.796999990940094, CeTr: 1.5402286052703857, CeVa: 2.571021795272827
Epoch: 127, AccTr: 0.8452000021934509, AccVa: 0.7994999885559082, CeTr: 1.4938448667526245, CeVa: 2.4050068855285645
Epoch: 128, AccTr: 0.8382999897003174, AccVa: 0.8034999966621399, CeTr: 1.5263376235961914, CeVa: 2.3967838287353516
Epoch: 129, AccTr: 0.845300018787384, AccVa: 0.8040000200271606, CeTr: 1.4644705057144165, CeVa: 2.4816043376922607
Epoch: 130, AccTr: 0.8440999984741211, AccVa: 0.8004999756813049, CeTr: 1.569618821144104, CeVa: 2.5576908588409424
ENSEMBLE | Tr_Acc: 0.96670001745224, Tr_CE: 0.18725544214248657, Va_Acc: 0.9164999723434448, Va_CE: 0.776978611946106
Epoch: 131, AccTr: 0.8568999767303467, AccVa: 0.8019999861717224, CeTr: 1.4013454914093018, CeVa: 2.5778510570526123
Epoch: 132, AccTr: 0.8406999707221985, AccVa: 0.8019999861717224, CeTr: 1.6569172143936157, CeVa: 2.652719020843506
Epoch: 133, AccTr: 0.8436999917030334, AccVa: 0.7925000190734863, CeTr: 1.503709077835083, CeVa: 2.6167526245117188
Epoch: 134, AccTr: 0.8391000032424927, AccVa: 0.7829999923706055, CeTr: 1.5260080099105835, CeVa: 2.6529345512390137
Epoch: 135, AccTr: 0.8295999765396118, AccVa: 0.7904999852180481, CeTr: 1.780587077140808, CeVa: 2.5616445541381836
ENSEMBLE | Tr_Acc: 0.9670000076293945, Tr_CE: 0.19065053761005402, Va_Acc: 0.9169999957084656, Va_CE: 0.7716802954673767
Epoch: 136, AccTr: 0.7918999791145325, AccVa: 0.7620000243186951, CeTr: 2.183340311050415, CeVa: 3.058828592300415
Epoch: 137, AccTr: 0.8307999968528748, AccVa: 0.7894999980926514, CeTr: 1.6956902742385864, CeVa: 2.5097625255584717
Epoch: 138, AccTr: 0.8532999753952026, AccVa: 0.7935000061988831, CeTr: 1.3857933282852173, CeVa: 2.64847469329834
Epoch: 139, AccTr: 0.8356999754905701, AccVa: 0.7994999885559082, CeTr: 1.621862769126892, CeVa: 2.4378602504730225
Epoch: 140, AccTr: 0.8379999995231628, AccVa: 0.8065000176429749, CeTr: 1.5996123552322388, CeVa: 2.5293657779693604
ENSEMBLE | Tr_Acc: 0.9674999713897705, Tr_CE: 0.18913981318473816, Va_Acc: 0.9179999828338623, Va_CE: 0.769133448600769
Epoch: 141, AccTr: 0.8374999761581421, AccVa: 0.796500027179718, CeTr: 1.6108579635620117, CeVa: 2.617152690887451
Epoch: 142, AccTr: 0.8464000225067139, AccVa: 0.7940000295639038, CeTr: 1.450451135635376, CeVa: 2.558082103729248
Epoch: 143, AccTr: 0.8489999771118164, AccVa: 0.7994999885559082, CeTr: 1.5081087350845337, CeVa: 2.49815034866333
Epoch: 144, AccTr: 0.8319000005722046, AccVa: 0.8034999966621399, CeTr: 1.637746810913086, CeVa: 2.462149143218994
Epoch: 145, AccTr: 0.8417999744415283, AccVa: 0.8029999732971191, CeTr: 1.5335224866867065, CeVa: 2.4454903602600098
ENSEMBLE | Tr_Acc: 0.9666000008583069, Tr_CE: 0.1883094608783722, Va_Acc: 0.9194999933242798, Va_CE: 0.7704116702079773
Epoch: 146, AccTr: 0.840399980545044, AccVa: 0.7960000038146973, CeTr: 1.5684871673583984, CeVa: 2.574883222579956
Epoch: 147, AccTr: 0.8393999934196472, AccVa: 0.8050000071525574, CeTr: 1.5825486183166504, CeVa: 2.5016517639160156
Epoch: 148, AccTr: 0.8190000057220459, AccVa: 0.7795000076293945, CeTr: 1.7441773414611816, CeVa: 2.8719565868377686
Epoch: 149, AccTr: 0.8449000120162964, AccVa: 0.7979999780654907, CeTr: 1.4931871891021729, CeVa: 2.453528642654419
Epoch: 150, AccTr: 0.8330000042915344, AccVa: 0.800000011920929, CeTr: 1.7098000049591064, CeVa: 2.5597622394561768
ENSEMBLE | Tr_Acc: 0.967199981212616, Tr_CE: 0.1899823546409607, Va_Acc: 0.9194999933242798, Va_CE: 0.7695653438568115
NN CONFIG
Weight-type:		binary
Layout									Layer #1: 280	Layer #2: 200	
Activation Functions					Layer #1: bs	Layer #2: bs	
Keep probabilities		Layer #0: 0.98	Layer #1: 1.0	Layer #2: 1.0	
Flat factors							Layer #1: 1.0	Layer #2: 1.0	Layer #3: 1.0	
Activation Noise						Layer #1: 0.0	Layer #2: 0.0	Layer #3: 0.0	

===================================

RUN CONFIG
Epochs: 150, Blocksize: 8

===================================

Epoch: 1, AccTr: 0.8841000199317932, AccVa: 0.8345000147819519, CeTr: 1.0135724544525146, CeVa: 1.8804142475128174
Epoch: 2, AccTr: 0.8791000247001648, AccVa: 0.8234999775886536, CeTr: 0.9498141407966614, CeVa: 2.071821451187134
Epoch: 3, AccTr: 0.8815000057220459, AccVa: 0.8335000276565552, CeTr: 0.9673537015914917, CeVa: 1.902563214302063
Epoch: 4, AccTr: 0.8853999972343445, AccVa: 0.8410000205039978, CeTr: 1.0347026586532593, CeVa: 1.7581008672714233
Epoch: 5, AccTr: 0.8842999935150146, AccVa: 0.8345000147819519, CeTr: 1.0369442701339722, CeVa: 2.0282046794891357
Epoch: 6, AccTr: 0.8830999732017517, AccVa: 0.8295000195503235, CeTr: 0.9919291138648987, CeVa: 1.9119740724563599
Epoch: 7, AccTr: 0.8806999921798706, AccVa: 0.824999988079071, CeTr: 0.9735754132270813, CeVa: 1.8465524911880493
Epoch: 8, AccTr: 0.8787000179290771, AccVa: 0.8330000042915344, CeTr: 1.0294432640075684, CeVa: 1.8812228441238403
Epoch: 9, AccTr: 0.8727999925613403, AccVa: 0.824999988079071, CeTr: 1.0528756380081177, CeVa: 1.9307693243026733
Epoch: 10, AccTr: 0.878000020980835, AccVa: 0.8259999752044678, CeTr: 0.994225025177002, CeVa: 1.9628454446792603
Epoch: 11, AccTr: 0.8772000074386597, AccVa: 0.8314999938011169, CeTr: 1.043925404548645, CeVa: 1.8492478132247925
Epoch: 12, AccTr: 0.8816999793052673, AccVa: 0.8379999995231628, CeTr: 0.9546728730201721, CeVa: 1.8384053707122803
Epoch: 13, AccTr: 0.871999979019165, AccVa: 0.8195000290870667, CeTr: 1.089081048965454, CeVa: 2.1656503677368164
Epoch: 14, AccTr: 0.8744000196456909, AccVa: 0.8320000171661377, CeTr: 1.1643527746200562, CeVa: 2.0984694957733154
Epoch: 15, AccTr: 0.8690999746322632, AccVa: 0.8209999799728394, CeTr: 1.1462258100509644, CeVa: 2.0326616764068604
Epoch: 16, AccTr: 0.866100013256073, AccVa: 0.8220000267028809, CeTr: 1.1629024744033813, CeVa: 2.1391353607177734
Epoch: 17, AccTr: 0.8762999773025513, AccVa: 0.8234999775886536, CeTr: 1.0683672428131104, CeVa: 2.0108237266540527
Epoch: 18, AccTr: 0.8691999912261963, AccVa: 0.8220000267028809, CeTr: 1.143546223640442, CeVa: 2.1402549743652344
Epoch: 19, AccTr: 0.8733999729156494, AccVa: 0.8295000195503235, CeTr: 1.1354343891143799, CeVa: 2.1032702922821045
Epoch: 20, AccTr: 0.8790000081062317, AccVa: 0.8230000138282776, CeTr: 1.0899949073791504, CeVa: 2.1734321117401123
ENSEMBLE | Tr_Acc: 0.8790000081062317, Tr_CE: 1.0899949073791504, Va_Acc: 0.8230000138282776, Va_CE: 2.1734321117401123
Epoch: 21, AccTr: 0.8712000250816345, AccVa: 0.8134999871253967, CeTr: 1.1369285583496094, CeVa: 2.219167947769165
Epoch: 22, AccTr: 0.8657000064849854, AccVa: 0.8134999871253967, CeTr: 1.1624985933303833, CeVa: 2.289017915725708
Epoch: 23, AccTr: 0.864799976348877, AccVa: 0.8069999814033508, CeTr: 1.1837385892868042, CeVa: 2.2828314304351807
Epoch: 24, AccTr: 0.8651000261306763, AccVa: 0.8105000257492065, CeTr: 1.2285853624343872, CeVa: 2.1966123580932617
Epoch: 25, AccTr: 0.8671000003814697, AccVa: 0.8215000033378601, CeTr: 1.2408812046051025, CeVa: 2.2315595149993896
ENSEMBLE | Tr_Acc: 0.9236000180244446, Tr_CE: 0.5589765906333923, Va_Acc: 0.8694999814033508, Va_CE: 1.4844999313354492
Epoch: 26, AccTr: 0.8691999912261963, AccVa: 0.8295000195503235, CeTr: 1.2575396299362183, CeVa: 2.0028626918792725
Epoch: 27, AccTr: 0.8596000075340271, AccVa: 0.8205000162124634, CeTr: 1.333596110343933, CeVa: 2.120806932449341
Epoch: 28, AccTr: 0.8725000023841858, AccVa: 0.8299999833106995, CeTr: 1.1799269914627075, CeVa: 1.988592267036438
Epoch: 29, AccTr: 0.8659999966621399, AccVa: 0.8190000057220459, CeTr: 1.2019062042236328, CeVa: 2.0371501445770264
Epoch: 30, AccTr: 0.8687000274658203, AccVa: 0.824999988079071, CeTr: 1.1910535097122192, CeVa: 2.0908193588256836
ENSEMBLE | Tr_Acc: 0.9387999773025513, Tr_CE: 0.4162066876888275, Va_Acc: 0.8895000219345093, Va_CE: 1.2370436191558838
Epoch: 31, AccTr: 0.8694999814033508, AccVa: 0.8224999904632568, CeTr: 1.2193193435668945, CeVa: 2.089874744415283
Epoch: 32, AccTr: 0.8755000233650208, AccVa: 0.8234999775886536, CeTr: 1.0656898021697998, CeVa: 2.123215436935425
Epoch: 33, AccTr: 0.8683000206947327, AccVa: 0.8199999928474426, CeTr: 1.1904070377349854, CeVa: 2.1340301036834717
Epoch: 34, AccTr: 0.8687999844551086, AccVa: 0.8130000233650208, CeTr: 1.2139580249786377, CeVa: 2.254080057144165
Epoch: 35, AccTr: 0.8644999861717224, AccVa: 0.8109999895095825, CeTr: 1.2884007692337036, CeVa: 2.2588469982147217
ENSEMBLE | Tr_Acc: 0.9473999738693237, Tr_CE: 0.34138017892837524, Va_Acc: 0.8920000195503235, Va_CE: 1.1088703870773315
Epoch: 36, AccTr: 0.8604999780654907, AccVa: 0.8149999976158142, CeTr: 1.3068877458572388, CeVa: 2.259425163269043
Epoch: 37, AccTr: 0.8637999892234802, AccVa: 0.8075000047683716, CeTr: 1.3637189865112305, CeVa: 2.6355412006378174
Epoch: 38, AccTr: 0.8705000281333923, AccVa: 0.8084999918937683, CeTr: 1.2084994316101074, CeVa: 2.30412220954895
Epoch: 39, AccTr: 0.8628000020980835, AccVa: 0.8184999823570251, CeTr: 1.3362330198287964, CeVa: 2.174879312515259
Epoch: 40, AccTr: 0.8659999966621399, AccVa: 0.8144999742507935, CeTr: 1.2682336568832397, CeVa: 2.357433319091797
ENSEMBLE | Tr_Acc: 0.9539999961853027, Tr_CE: 0.2872411012649536, Va_Acc: 0.8974999785423279, Va_CE: 1.0398844480514526
Epoch: 41, AccTr: 0.8580999970436096, AccVa: 0.8050000071525574, CeTr: 1.3906482458114624, CeVa: 2.544330358505249
Epoch: 42, AccTr: 0.8472999930381775, AccVa: 0.8050000071525574, CeTr: 1.5250338315963745, CeVa: 2.4707844257354736
Epoch: 43, AccTr: 0.8587999939918518, AccVa: 0.8084999918937683, CeTr: 1.3444430828094482, CeVa: 2.3401098251342773
Epoch: 44, AccTr: 0.8618999719619751, AccVa: 0.8105000257492065, CeTr: 1.316399335861206, CeVa: 2.415597915649414
Epoch: 45, AccTr: 0.8572999835014343, AccVa: 0.8054999709129333, CeTr: 1.418176293373108, CeVa: 2.357398271560669
ENSEMBLE | Tr_Acc: 0.9570000171661377, Tr_CE: 0.26540642976760864, Va_Acc: 0.9010000228881836, Va_CE: 1.0031170845031738
Epoch: 46, AccTr: 0.8486999869346619, AccVa: 0.8174999952316284, CeTr: 1.4259525537490845, CeVa: 2.338339328765869
Epoch: 47, AccTr: 0.852400004863739, AccVa: 0.8190000057220459, CeTr: 1.5065308809280396, CeVa: 2.3534443378448486
Epoch: 48, AccTr: 0.847599983215332, AccVa: 0.8100000023841858, CeTr: 1.464339256286621, CeVa: 2.247405529022217
Epoch: 49, AccTr: 0.8518999814987183, AccVa: 0.8240000009536743, CeTr: 1.4638350009918213, CeVa: 2.2130050659179688
Epoch: 50, AccTr: 0.8478999733924866, AccVa: 0.8059999942779541, CeTr: 1.412611722946167, CeVa: 2.2863173484802246
ENSEMBLE | Tr_Acc: 0.9587000012397766, Tr_CE: 0.2502203583717346, Va_Acc: 0.906000018119812, Va_CE: 0.9456530809402466
Epoch: 51, AccTr: 0.8478000164031982, AccVa: 0.8180000185966492, CeTr: 1.5494288206100464, CeVa: 2.178769111633301
Epoch: 52, AccTr: 0.8543999791145325, AccVa: 0.8159999847412109, CeTr: 1.437585711479187, CeVa: 2.3883941173553467
Epoch: 53, AccTr: 0.8562999963760376, AccVa: 0.8144999742507935, CeTr: 1.3829172849655151, CeVa: 2.408371925354004
Epoch: 54, AccTr: 0.8579000234603882, AccVa: 0.8174999952316284, CeTr: 1.3126225471496582, CeVa: 2.3277764320373535
Epoch: 55, AccTr: 0.8619999885559082, AccVa: 0.8180000185966492, CeTr: 1.3700661659240723, CeVa: 2.3012475967407227
ENSEMBLE | Tr_Acc: 0.9605000019073486, Tr_CE: 0.24284282326698303, Va_Acc: 0.9079999923706055, Va_CE: 0.9405617713928223
Epoch: 56, AccTr: 0.866599977016449, AccVa: 0.8224999904632568, CeTr: 1.2846074104309082, CeVa: 2.378856897354126
Epoch: 57, AccTr: 0.8694000244140625, AccVa: 0.8289999961853027, CeTr: 1.2659752368927002, CeVa: 2.1977314949035645
Epoch: 58, AccTr: 0.8622000217437744, AccVa: 0.8195000290870667, CeTr: 1.2770307064056396, CeVa: 2.1454362869262695
Epoch: 59, AccTr: 0.8618000149726868, AccVa: 0.800000011920929, CeTr: 1.2104495763778687, CeVa: 2.3644824028015137
Epoch: 60, AccTr: 0.8511000275611877, AccVa: 0.7994999885559082, CeTr: 1.3436765670776367, CeVa: 2.585836887359619
ENSEMBLE | Tr_Acc: 0.9603999853134155, Tr_CE: 0.23066796362400055, Va_Acc: 0.9054999947547913, Va_CE: 0.9232059121131897
Epoch: 61, AccTr: 0.8544999957084656, AccVa: 0.8050000071525574, CeTr: 1.3211240768432617, CeVa: 2.1820003986358643
Epoch: 62, AccTr: 0.8547000288963318, AccVa: 0.800000011920929, CeTr: 1.3670251369476318, CeVa: 2.6082520484924316
Epoch: 63, AccTr: 0.83160001039505, AccVa: 0.7829999923706055, CeTr: 1.7988507747650146, CeVa: 2.778096914291382
Epoch: 64, AccTr: 0.8363000154495239, AccVa: 0.8050000071525574, CeTr: 1.6587978601455688, CeVa: 2.47269344329834
Epoch: 65, AccTr: 0.8531000018119812, AccVa: 0.8054999709129333, CeTr: 1.3781625032424927, CeVa: 2.3947842121124268
ENSEMBLE | Tr_Acc: 0.9623000025749207, Tr_CE: 0.220049187541008, Va_Acc: 0.9085000157356262, Va_CE: 0.9063705801963806
Epoch: 66, AccTr: 0.8518999814987183, AccVa: 0.8245000243186951, CeTr: 1.4123725891113281, CeVa: 2.3918943405151367
Epoch: 67, AccTr: 0.8355000019073486, AccVa: 0.7894999980926514, CeTr: 1.6166175603866577, CeVa: 2.5889668464660645
Epoch: 68, AccTr: 0.8468999862670898, AccVa: 0.8159999847412109, CeTr: 1.5341285467147827, CeVa: 2.312697172164917
Epoch: 69, AccTr: 0.8453999757766724, AccVa: 0.8050000071525574, CeTr: 1.584455966949463, CeVa: 2.3422436714172363
Epoch: 70, AccTr: 0.8504999876022339, AccVa: 0.8105000257492065, CeTr: 1.482940673828125, CeVa: 2.3075716495513916
ENSEMBLE | Tr_Acc: 0.9635999798774719, Tr_CE: 0.21481953561306, Va_Acc: 0.9129999876022339, Va_CE: 0.8889394402503967
Epoch: 71, AccTr: 0.8622000217437744, AccVa: 0.8205000162124634, CeTr: 1.4014614820480347, CeVa: 2.3765528202056885
Epoch: 72, AccTr: 0.8461999893188477, AccVa: 0.8149999976158142, CeTr: 1.5243607759475708, CeVa: 2.463144063949585
Epoch: 73, AccTr: 0.8547000288963318, AccVa: 0.8090000152587891, CeTr: 1.3981987237930298, CeVa: 2.3825056552886963
Epoch: 74, AccTr: 0.8438000082969666, AccVa: 0.8084999918937683, CeTr: 1.5205267667770386, CeVa: 2.418614149093628
Epoch: 75, AccTr: 0.8607000112533569, AccVa: 0.8215000033378601, CeTr: 1.3392330408096313, CeVa: 2.3395955562591553
ENSEMBLE | Tr_Acc: 0.9634000062942505, Tr_CE: 0.21382687985897064, Va_Acc: 0.9194999933242798, Va_CE: 0.8763666749000549
Epoch: 76, AccTr: 0.8452000021934509, AccVa: 0.8004999756813049, CeTr: 1.6262423992156982, CeVa: 2.585763692855835
Epoch: 77, AccTr: 0.8428000211715698, AccVa: 0.8090000152587891, CeTr: 1.6103410720825195, CeVa: 2.329038381576538
Epoch: 78, AccTr: 0.8586000204086304, AccVa: 0.7944999933242798, CeTr: 1.3042669296264648, CeVa: 2.678335428237915
Epoch: 79, AccTr: 0.8562999963760376, AccVa: 0.8050000071525574, CeTr: 1.3513224124908447, CeVa: 2.5377492904663086
Epoch: 80, AccTr: 0.8499000072479248, AccVa: 0.8115000128746033, CeTr: 1.4876052141189575, CeVa: 2.3312387466430664
ENSEMBLE | Tr_Acc: 0.9635000228881836, Tr_CE: 0.2129947692155838, Va_Acc: 0.9190000295639038, Va_CE: 0.8597219586372375
Epoch: 81, AccTr: 0.8526999950408936, AccVa: 0.8125, CeTr: 1.4857606887817383, CeVa: 2.505977153778076
Epoch: 82, AccTr: 0.8464000225067139, AccVa: 0.7929999828338623, CeTr: 1.550536870956421, CeVa: 2.574223279953003
Epoch: 83, AccTr: 0.8539999723434448, AccVa: 0.8090000152587891, CeTr: 1.5389896631240845, CeVa: 2.4449338912963867
Epoch: 84, AccTr: 0.8529999852180481, AccVa: 0.7929999828338623, CeTr: 1.4589792490005493, CeVa: 2.599665641784668
Epoch: 85, AccTr: 0.8564000129699707, AccVa: 0.8199999928474426, CeTr: 1.4224543571472168, CeVa: 2.2434725761413574
ENSEMBLE | Tr_Acc: 0.9638000130653381, Tr_CE: 0.21041280031204224, Va_Acc: 0.9204999804496765, Va_CE: 0.8434215188026428
Epoch: 86, AccTr: 0.8388000130653381, AccVa: 0.8025000095367432, CeTr: 1.6933361291885376, CeVa: 2.5357093811035156
Epoch: 87, AccTr: 0.8238999843597412, AccVa: 0.7889999747276306, CeTr: 1.859438419342041, CeVa: 2.6940770149230957
Epoch: 88, AccTr: 0.8460999727249146, AccVa: 0.8090000152587891, CeTr: 1.5503963232040405, CeVa: 2.2582409381866455
Epoch: 89, AccTr: 0.8539999723434448, AccVa: 0.8100000023841858, CeTr: 1.4981173276901245, CeVa: 2.416909694671631
Epoch: 90, AccTr: 0.8425999879837036, AccVa: 0.809499979019165, CeTr: 1.5755428075790405, CeVa: 2.540109872817993
ENSEMBLE | Tr_Acc: 0.9635000228881836, Tr_CE: 0.21225634217262268, Va_Acc: 0.921500027179718, Va_CE: 0.8446645736694336
Epoch: 91, AccTr: 0.8574000000953674, AccVa: 0.8134999871253967, CeTr: 1.4940776824951172, CeVa: 2.4482100009918213
Epoch: 92, AccTr: 0.8489000201225281, AccVa: 0.800000011920929, CeTr: 1.5115193128585815, CeVa: 2.4355669021606445
Epoch: 93, AccTr: 0.8428999781608582, AccVa: 0.8054999709129333, CeTr: 1.4967365264892578, CeVa: 2.3149607181549072
Epoch: 94, AccTr: 0.8263999819755554, AccVa: 0.7839999794960022, CeTr: 1.9047120809555054, CeVa: 2.74583101272583
Epoch: 95, AccTr: 0.838699996471405, AccVa: 0.8084999918937683, CeTr: 1.6167058944702148, CeVa: 2.4890122413635254
ENSEMBLE | Tr_Acc: 0.963699996471405, Tr_CE: 0.21200527250766754, Va_Acc: 0.9179999828338623, Va_CE: 0.8445211052894592
Epoch: 96, AccTr: 0.8295999765396118, AccVa: 0.7935000061988831, CeTr: 1.6761153936386108, CeVa: 2.420646905899048
Epoch: 97, AccTr: 0.8306000232696533, AccVa: 0.7910000085830688, CeTr: 1.7000154256820679, CeVa: 2.420945882797241
Epoch: 98, AccTr: 0.8536999821662903, AccVa: 0.8084999918937683, CeTr: 1.3891355991363525, CeVa: 2.450740337371826
Epoch: 99, AccTr: 0.8561000227928162, AccVa: 0.815500020980835, CeTr: 1.3938992023468018, CeVa: 2.3981966972351074
Epoch: 100, AccTr: 0.8557999730110168, AccVa: 0.8215000033378601, CeTr: 1.4517749547958374, CeVa: 2.4883017539978027
ENSEMBLE | Tr_Acc: 0.9639000296592712, Tr_CE: 0.20945662260055542, Va_Acc: 0.9175000190734863, Va_CE: 0.8402168154716492
Epoch: 101, AccTr: 0.8607000112533569, AccVa: 0.8025000095367432, CeTr: 1.2634778022766113, CeVa: 2.4928572177886963
Epoch: 102, AccTr: 0.8525999784469604, AccVa: 0.8059999942779541, CeTr: 1.4008551836013794, CeVa: 2.5804829597473145
Epoch: 103, AccTr: 0.8583999872207642, AccVa: 0.8109999895095825, CeTr: 1.3972818851470947, CeVa: 2.404376268386841
Epoch: 104, AccTr: 0.8521999716758728, AccVa: 0.8050000071525574, CeTr: 1.4464480876922607, CeVa: 2.5400421619415283
Epoch: 105, AccTr: 0.8557999730110168, AccVa: 0.8140000104904175, CeTr: 1.398684024810791, CeVa: 2.2926576137542725
ENSEMBLE | Tr_Acc: 0.9643999934196472, Tr_CE: 0.20575639605522156, Va_Acc: 0.9185000061988831, Va_CE: 0.836399495601654
Epoch: 106, AccTr: 0.8551999926567078, AccVa: 0.8040000200271606, CeTr: 1.4776986837387085, CeVa: 2.526536464691162
Epoch: 107, AccTr: 0.8389000296592712, AccVa: 0.8029999732971191, CeTr: 1.5941932201385498, CeVa: 2.4552433490753174
Epoch: 108, AccTr: 0.8375999927520752, AccVa: 0.8059999942779541, CeTr: 1.5388202667236328, CeVa: 2.4073779582977295
Epoch: 109, AccTr: 0.8471999764442444, AccVa: 0.7944999933242798, CeTr: 1.4340872764587402, CeVa: 2.4237241744995117
Epoch: 110, AccTr: 0.8503999710083008, AccVa: 0.8125, CeTr: 1.4852656126022339, CeVa: 2.3657968044281006
ENSEMBLE | Tr_Acc: 0.9646000266075134, Tr_CE: 0.20452773571014404, Va_Acc: 0.9200000166893005, Va_CE: 0.8263585567474365
Epoch: 111, AccTr: 0.8471999764442444, AccVa: 0.8009999990463257, CeTr: 1.4846209287643433, CeVa: 2.3162710666656494
Epoch: 112, AccTr: 0.8458999991416931, AccVa: 0.800000011920929, CeTr: 1.5072245597839355, CeVa: 2.4962587356567383
Epoch: 113, AccTr: 0.847100019454956, AccVa: 0.796999990940094, CeTr: 1.553708791732788, CeVa: 2.3653175830841064
Epoch: 114, AccTr: 0.8553000092506409, AccVa: 0.8054999709129333, CeTr: 1.3973079919815063, CeVa: 2.4794492721557617
Epoch: 115, AccTr: 0.848800003528595, AccVa: 0.8105000257492065, CeTr: 1.4973191022872925, CeVa: 2.3846025466918945
ENSEMBLE | Tr_Acc: 0.965399980545044, Tr_CE: 0.20214338600635529, Va_Acc: 0.9204999804496765, Va_CE: 0.8233687877655029
Epoch: 116, AccTr: 0.848800003528595, AccVa: 0.8125, CeTr: 1.600983738899231, CeVa: 2.2849714756011963
Epoch: 117, AccTr: 0.8440999984741211, AccVa: 0.7950000166893005, CeTr: 1.6339448690414429, CeVa: 2.49458909034729
Epoch: 118, AccTr: 0.8452000021934509, AccVa: 0.7925000190734863, CeTr: 1.4936689138412476, CeVa: 2.5880818367004395
Epoch: 119, AccTr: 0.8510000109672546, AccVa: 0.8075000047683716, CeTr: 1.4804387092590332, CeVa: 2.4564285278320312
Epoch: 120, AccTr: 0.8489000201225281, AccVa: 0.8065000176429749, CeTr: 1.521549105644226, CeVa: 2.446096658706665
ENSEMBLE | Tr_Acc: 0.9652000069618225, Tr_CE: 0.20127451419830322, Va_Acc: 0.9210000038146973, Va_CE: 0.820342481136322
Epoch: 121, AccTr: 0.8529999852180481, AccVa: 0.8034999966621399, CeTr: 1.4411803483963013, CeVa: 2.401322841644287
Epoch: 122, AccTr: 0.8503999710083008, AccVa: 0.8050000071525574, CeTr: 1.4257134199142456, CeVa: 2.3867151737213135
Epoch: 123, AccTr: 0.8457000255584717, AccVa: 0.7994999885559082, CeTr: 1.5175390243530273, CeVa: 2.553535223007202
Epoch: 124, AccTr: 0.8531000018119812, AccVa: 0.8084999918937683, CeTr: 1.4665818214416504, CeVa: 2.4970779418945312
Epoch: 125, AccTr: 0.8485999703407288, AccVa: 0.7954999804496765, CeTr: 1.4309673309326172, CeVa: 2.5091283321380615
ENSEMBLE | Tr_Acc: 0.9649999737739563, Tr_CE: 0.1999368667602539, Va_Acc: 0.9185000061988831, Va_CE: 0.8155815005302429
Epoch: 126, AccTr: 0.8352000117301941, AccVa: 0.8040000200271606, CeTr: 1.8107621669769287, CeVa: 2.590975284576416
Epoch: 127, AccTr: 0.8349000215530396, AccVa: 0.8059999942779541, CeTr: 1.7607171535491943, CeVa: 2.4487435817718506
Epoch: 128, AccTr: 0.840399980545044, AccVa: 0.8059999942779541, CeTr: 1.6216927766799927, CeVa: 2.4494755268096924
Epoch: 129, AccTr: 0.8482000231742859, AccVa: 0.8090000152587891, CeTr: 1.5607521533966064, CeVa: 2.3841943740844727
Epoch: 130, AccTr: 0.8424999713897705, AccVa: 0.800000011920929, CeTr: 1.6415220499038696, CeVa: 2.54516863822937
ENSEMBLE | Tr_Acc: 0.9652000069618225, Tr_CE: 0.20211750268936157, Va_Acc: 0.9194999933242798, Va_CE: 0.8172647953033447
Epoch: 131, AccTr: 0.8309000134468079, AccVa: 0.8029999732971191, CeTr: 1.7981057167053223, CeVa: 2.480448007583618
