Input binarization: False
Pretrained network accuracy: 0.9921000003814697
NN CONFIG
Weight-type:		binary
Layout									Layer #1: 784	Layer #2: 280	Layer #3: 200	Layer #4: 10	
Activation Functions					Layer #1: bs	Layer #2: bs	
Keep probabilities		Layer #0: 0.93	Layer #1: 0.9	Layer #2: 0.9	
Flat factors							Layer #1: 1.0	Layer #2: 1.0	Layer #3: 1.0	
Activation Noise						Layer #1: 0.0	Layer #2: 0.0	Layer #3: 0.0	
Prior: 0.85

===================================

RUN CONFIG
Epochs: 200, Blocksize: 8

===================================

Epoch: 0, AccTr: 0.37880000472068787, AccVa: 0.37450000643730164, CeTr: 15.52906608581543, CeVa: 15.056293487548828
Epoch: 1, AccTr: 0.852400004863739, AccVa: 0.8395000100135803, CeTr: 1.6825158596038818, CeVa: 2.1106410026550293
Epoch: 2, AccTr: 0.9042999744415283, AccVa: 0.8744999766349792, CeTr: 1.0269722938537598, CeVa: 1.8223007917404175
Epoch: 3, AccTr: 0.9049999713897705, AccVa: 0.8769999742507935, CeTr: 0.9707961678504944, CeVa: 1.674708604812622
Epoch: 4, AccTr: 0.8934000134468079, AccVa: 0.8694999814033508, CeTr: 1.0658161640167236, CeVa: 1.5547624826431274
Epoch: 5, AccTr: 0.8966000080108643, AccVa: 0.8640000224113464, CeTr: 1.0711798667907715, CeVa: 1.7770856618881226
Epoch: 6, AccTr: 0.8842999935150146, AccVa: 0.862500011920929, CeTr: 1.184618353843689, CeVa: 1.733423113822937
Epoch: 7, AccTr: 0.8682000041007996, AccVa: 0.859499990940094, CeTr: 1.3416922092437744, CeVa: 1.8401907682418823
Epoch: 8, AccTr: 0.8812000155448914, AccVa: 0.8529999852180481, CeTr: 1.196224570274353, CeVa: 1.7818684577941895
Epoch: 9, AccTr: 0.8605999946594238, AccVa: 0.8360000252723694, CeTr: 1.4149893522262573, CeVa: 2.111915111541748
Epoch: 10, AccTr: 0.8629000186920166, AccVa: 0.8420000076293945, CeTr: 1.4817993640899658, CeVa: 1.8783068656921387
Epoch: 11, AccTr: 0.864300012588501, AccVa: 0.8489999771118164, CeTr: 1.408813714981079, CeVa: 2.048856258392334
Epoch: 12, AccTr: 0.859000027179718, AccVa: 0.8259999752044678, CeTr: 1.543848991394043, CeVa: 2.157381772994995
Epoch: 13, AccTr: 0.8510000109672546, AccVa: 0.8314999938011169, CeTr: 1.6163948774337769, CeVa: 2.12003755569458
Epoch: 14, AccTr: 0.8550000190734863, AccVa: 0.8385000228881836, CeTr: 1.5965667963027954, CeVa: 2.355269432067871
Epoch: 15, AccTr: 0.843500018119812, AccVa: 0.8240000009536743, CeTr: 1.7503427267074585, CeVa: 2.2623369693756104
Epoch: 16, AccTr: 0.861299991607666, AccVa: 0.8399999737739563, CeTr: 1.6004635095596313, CeVa: 2.0580687522888184
Epoch: 17, AccTr: 0.8327999711036682, AccVa: 0.8019999861717224, CeTr: 1.9244084358215332, CeVa: 2.435715913772583
Epoch: 18, AccTr: 0.8482999801635742, AccVa: 0.8399999737739563, CeTr: 1.6809941530227661, CeVa: 1.9614490270614624
Epoch: 19, AccTr: 0.8409000039100647, AccVa: 0.8105000257492065, CeTr: 1.9367742538452148, CeVa: 2.5580062866210938
Epoch: 20, AccTr: 0.849399983882904, AccVa: 0.8355000019073486, CeTr: 1.666358232498169, CeVa: 2.0010154247283936
Epoch: 21, AccTr: 0.8450999855995178, AccVa: 0.8215000033378601, CeTr: 1.8825695514678955, CeVa: 2.286900520324707
Epoch: 22, AccTr: 0.8215000033378601, AccVa: 0.8015000224113464, CeTr: 2.112340211868286, CeVa: 2.4462802410125732
Epoch: 23, AccTr: 0.8414000272750854, AccVa: 0.8100000023841858, CeTr: 1.8422367572784424, CeVa: 2.3488876819610596
Epoch: 24, AccTr: 0.8131999969482422, AccVa: 0.7894999980926514, CeTr: 2.3633999824523926, CeVa: 2.872666835784912
Epoch: 25, AccTr: 0.8278999924659729, AccVa: 0.8140000104904175, CeTr: 1.964767336845398, CeVa: 2.3032758235931396
Epoch: 26, AccTr: 0.8356000185012817, AccVa: 0.8314999938011169, CeTr: 1.8821732997894287, CeVa: 2.3176109790802
Epoch: 27, AccTr: 0.8269000053405762, AccVa: 0.8224999904632568, CeTr: 2.055891752243042, CeVa: 2.366039991378784
Epoch: 28, AccTr: 0.8016999959945679, AccVa: 0.7870000004768372, CeTr: 2.2078020572662354, CeVa: 2.5771045684814453
Epoch: 29, AccTr: 0.8026000261306763, AccVa: 0.7835000157356262, CeTr: 2.3107316493988037, CeVa: 2.8179640769958496
Epoch: 30, AccTr: 0.8216999769210815, AccVa: 0.8019999861717224, CeTr: 1.9527615308761597, CeVa: 2.634859800338745
Epoch: 31, AccTr: 0.8144999742507935, AccVa: 0.7914999723434448, CeTr: 2.285461664199829, CeVa: 2.6878597736358643
Epoch: 32, AccTr: 0.8313000202178955, AccVa: 0.8230000138282776, CeTr: 1.9503183364868164, CeVa: 2.2253127098083496
Epoch: 33, AccTr: 0.8083999752998352, AccVa: 0.7929999828338623, CeTr: 2.35109806060791, CeVa: 2.7060043811798096
Epoch: 34, AccTr: 0.8188999891281128, AccVa: 0.8040000200271606, CeTr: 2.2689096927642822, CeVa: 2.5330543518066406
Epoch: 35, AccTr: 0.8156999945640564, AccVa: 0.7919999957084656, CeTr: 2.1533701419830322, CeVa: 2.613220691680908
Epoch: 36, AccTr: 0.8062999844551086, AccVa: 0.7864999771118164, CeTr: 2.177885055541992, CeVa: 2.575040817260742
Epoch: 37, AccTr: 0.8273000121116638, AccVa: 0.7954999804496765, CeTr: 1.9730594158172607, CeVa: 2.5740697383880615
Epoch: 38, AccTr: 0.8062000274658203, AccVa: 0.7919999957084656, CeTr: 2.240496873855591, CeVa: 2.63293719291687
Epoch: 39, AccTr: 0.8113999962806702, AccVa: 0.7889999747276306, CeTr: 2.1232750415802, CeVa: 2.489551305770874
Epoch: 40, AccTr: 0.7857000231742859, AccVa: 0.7774999737739563, CeTr: 2.4642138481140137, CeVa: 2.76267147064209
Epoch: 41, AccTr: 0.8288000226020813, AccVa: 0.7900000214576721, CeTr: 2.0026376247406006, CeVa: 2.7026755809783936
Epoch: 42, AccTr: 0.8407999873161316, AccVa: 0.8234999775886536, CeTr: 1.9434735774993896, CeVa: 2.4051127433776855
Epoch: 43, AccTr: 0.8331000208854675, AccVa: 0.8180000185966492, CeTr: 2.018190383911133, CeVa: 2.3727033138275146
Epoch: 44, AccTr: 0.8240000009536743, AccVa: 0.7960000038146973, CeTr: 2.16890811920166, CeVa: 2.7346436977386475
Epoch: 45, AccTr: 0.8138999938964844, AccVa: 0.7925000190734863, CeTr: 2.1810929775238037, CeVa: 2.827913761138916
Epoch: 46, AccTr: 0.8190000057220459, AccVa: 0.8040000200271606, CeTr: 2.112423896789551, CeVa: 2.5282678604125977
Epoch: 47, AccTr: 0.8032000064849854, AccVa: 0.7835000157356262, CeTr: 2.277958631515503, CeVa: 2.684131622314453
Epoch: 48, AccTr: 0.8043000102043152, AccVa: 0.7975000143051147, CeTr: 2.200739860534668, CeVa: 2.3907055854797363
Epoch: 49, AccTr: 0.8198999762535095, AccVa: 0.7975000143051147, CeTr: 2.1123592853546143, CeVa: 2.6455023288726807
Epoch: 50, AccTr: 0.8357999920845032, AccVa: 0.8034999966621399, CeTr: 1.949264645576477, CeVa: 2.5087549686431885
ENSEMBLE | Tr_Acc: 0.8357999920845032, Tr_CE: 1.949264645576477, Va_Acc: 0.8034999966621399, Va_CE: 2.5087549686431885
Epoch: 51, AccTr: 0.8402000069618225, AccVa: 0.8075000047683716, CeTr: 1.8534011840820312, CeVa: 2.521369218826294
Epoch: 52, AccTr: 0.8138999938964844, AccVa: 0.8009999990463257, CeTr: 2.2411768436431885, CeVa: 2.5946383476257324
Epoch: 53, AccTr: 0.8251000046730042, AccVa: 0.8034999966621399, CeTr: 2.1838340759277344, CeVa: 2.308940887451172
Epoch: 54, AccTr: 0.8123999834060669, AccVa: 0.7994999885559082, CeTr: 2.3712098598480225, CeVa: 2.6655380725860596
Epoch: 55, AccTr: 0.8069000244140625, AccVa: 0.8025000095367432, CeTr: 2.3875656127929688, CeVa: 2.7325448989868164
ENSEMBLE | Tr_Acc: 0.8920999765396118, Tr_CE: 1.096758246421814, Va_Acc: 0.8734999895095825, Va_CE: 1.5442646741867065
Epoch: 56, AccTr: 0.8109999895095825, AccVa: 0.7910000085830688, CeTr: 2.3462631702423096, CeVa: 2.7779009342193604
Epoch: 57, AccTr: 0.8050000071525574, AccVa: 0.7760000228881836, CeTr: 2.3671650886535645, CeVa: 2.990499973297119
Epoch: 58, AccTr: 0.803600013256073, AccVa: 0.7774999737739563, CeTr: 2.42093825340271, CeVa: 2.8979604244232178
Epoch: 59, AccTr: 0.7918000221252441, AccVa: 0.762499988079071, CeTr: 2.4750282764434814, CeVa: 3.1587023735046387
Epoch: 60, AccTr: 0.8033999800682068, AccVa: 0.7904999852180481, CeTr: 2.2740602493286133, CeVa: 2.6831893920898438
ENSEMBLE | Tr_Acc: 0.9088000059127808, Tr_CE: 0.8548641800880432, Va_Acc: 0.8855000138282776, Va_CE: 1.213107943534851
Epoch: 61, AccTr: 0.8120999932289124, AccVa: 0.8009999990463257, CeTr: 2.2426187992095947, CeVa: 2.7749459743499756
Epoch: 62, AccTr: 0.8093000054359436, AccVa: 0.800000011920929, CeTr: 2.31217885017395, CeVa: 2.7237515449523926
Epoch: 63, AccTr: 0.8271999955177307, AccVa: 0.8119999766349792, CeTr: 2.230768918991089, CeVa: 2.7920374870300293
Epoch: 64, AccTr: 0.8330000042915344, AccVa: 0.8029999732971191, CeTr: 1.9664183855056763, CeVa: 2.5250720977783203
Epoch: 65, AccTr: 0.8285999894142151, AccVa: 0.8115000128746033, CeTr: 2.147096872329712, CeVa: 2.655756950378418
ENSEMBLE | Tr_Acc: 0.9165999889373779, Tr_CE: 0.7381331324577332, Va_Acc: 0.8970000147819519, Va_CE: 1.093389868736267
Epoch: 66, AccTr: 0.8341000080108643, AccVa: 0.8215000033378601, CeTr: 1.877016544342041, CeVa: 2.2942118644714355
Epoch: 67, AccTr: 0.8337000012397766, AccVa: 0.8080000281333923, CeTr: 1.8890438079833984, CeVa: 2.4246015548706055
Epoch: 68, AccTr: 0.8202000260353088, AccVa: 0.7879999876022339, CeTr: 2.1198627948760986, CeVa: 2.6291799545288086
Epoch: 69, AccTr: 0.8051999807357788, AccVa: 0.7904999852180481, CeTr: 2.3384950160980225, CeVa: 2.7794039249420166
Epoch: 70, AccTr: 0.7929999828338623, AccVa: 0.765500009059906, CeTr: 2.4969418048858643, CeVa: 2.9115488529205322
ENSEMBLE | Tr_Acc: 0.9233999848365784, Tr_CE: 0.6717047691345215, Va_Acc: 0.902999997138977, Va_CE: 1.011080026626587
Epoch: 71, AccTr: 0.8185999989509583, AccVa: 0.8025000095367432, CeTr: 2.0965065956115723, CeVa: 2.554544448852539
Epoch: 72, AccTr: 0.7903000116348267, AccVa: 0.7789999842643738, CeTr: 2.4432625770568848, CeVa: 2.746159315109253
Epoch: 73, AccTr: 0.8192999958992004, AccVa: 0.7990000247955322, CeTr: 2.20396089553833, CeVa: 2.4860570430755615
Epoch: 74, AccTr: 0.8172000050544739, AccVa: 0.7894999980926514, CeTr: 2.172412872314453, CeVa: 2.8689818382263184
Epoch: 75, AccTr: 0.8220999836921692, AccVa: 0.7944999933242798, CeTr: 2.0037105083465576, CeVa: 2.564027786254883
ENSEMBLE | Tr_Acc: 0.9279999732971191, Tr_CE: 0.6168546080589294, Va_Acc: 0.9114999771118164, Va_CE: 0.9662629961967468
Epoch: 76, AccTr: 0.8027999997138977, AccVa: 0.7774999737739563, CeTr: 2.2327189445495605, CeVa: 2.7932145595550537
Epoch: 77, AccTr: 0.8276000022888184, AccVa: 0.8109999895095825, CeTr: 1.9598673582077026, CeVa: 2.412184953689575
Epoch: 78, AccTr: 0.8255000114440918, AccVa: 0.8140000104904175, CeTr: 1.9540220499038696, CeVa: 2.482783317565918
Epoch: 79, AccTr: 0.8202999830245972, AccVa: 0.8050000071525574, CeTr: 2.214956283569336, CeVa: 2.3555104732513428
Epoch: 80, AccTr: 0.8277000188827515, AccVa: 0.8134999871253967, CeTr: 2.08244252204895, CeVa: 2.3958001136779785
ENSEMBLE | Tr_Acc: 0.9319000244140625, Tr_CE: 0.5819752216339111, Va_Acc: 0.9160000085830688, Va_CE: 0.9179150462150574
Epoch: 81, AccTr: 0.84170001745224, AccVa: 0.8259999752044678, CeTr: 1.8677287101745605, CeVa: 2.2624857425689697
Epoch: 82, AccTr: 0.8260999917984009, AccVa: 0.8009999990463257, CeTr: 2.1558539867401123, CeVa: 2.9421489238739014
Epoch: 83, AccTr: 0.8151000142097473, AccVa: 0.781000018119812, CeTr: 2.296180009841919, CeVa: 2.9356939792633057
Epoch: 84, AccTr: 0.8274999856948853, AccVa: 0.8134999871253967, CeTr: 2.0032968521118164, CeVa: 2.4573726654052734
Epoch: 85, AccTr: 0.805400013923645, AccVa: 0.7699999809265137, CeTr: 2.457021713256836, CeVa: 3.067866325378418
ENSEMBLE | Tr_Acc: 0.9337999820709229, Tr_CE: 0.5505074858665466, Va_Acc: 0.9164999723434448, Va_CE: 0.890708863735199
Epoch: 86, AccTr: 0.8299000263214111, AccVa: 0.7979999780654907, CeTr: 2.0069010257720947, CeVa: 2.3975746631622314
Epoch: 87, AccTr: 0.821399986743927, AccVa: 0.8090000152587891, CeTr: 2.1069912910461426, CeVa: 2.373074531555176
Epoch: 88, AccTr: 0.8429999947547913, AccVa: 0.8174999952316284, CeTr: 1.835296630859375, CeVa: 2.2642710208892822
Epoch: 89, AccTr: 0.8159000277519226, AccVa: 0.7944999933242798, CeTr: 2.22179913520813, CeVa: 2.8984217643737793
Epoch: 90, AccTr: 0.8302000164985657, AccVa: 0.8080000281333923, CeTr: 1.95303475856781, CeVa: 2.3948867321014404
ENSEMBLE | Tr_Acc: 0.9361000061035156, Tr_CE: 0.5287546515464783, Va_Acc: 0.9144999980926514, Va_CE: 0.8602347373962402
Epoch: 91, AccTr: 0.8177000284194946, AccVa: 0.7850000262260437, CeTr: 2.139502763748169, CeVa: 2.898855447769165
Epoch: 92, AccTr: 0.8159999847412109, AccVa: 0.7900000214576721, CeTr: 2.10772705078125, CeVa: 2.554945468902588
Epoch: 93, AccTr: 0.7972999811172485, AccVa: 0.7799999713897705, CeTr: 2.276459217071533, CeVa: 2.698091506958008
Epoch: 94, AccTr: 0.8177000284194946, AccVa: 0.800000011920929, CeTr: 2.121577262878418, CeVa: 2.4343061447143555
Epoch: 95, AccTr: 0.8273000121116638, AccVa: 0.8149999976158142, CeTr: 1.911584734916687, CeVa: 2.4251418113708496
ENSEMBLE | Tr_Acc: 0.9380000233650208, Tr_CE: 0.507099986076355, Va_Acc: 0.9179999828338623, Va_CE: 0.8429645299911499
Epoch: 96, AccTr: 0.8246999979019165, AccVa: 0.8115000128746033, CeTr: 2.096376895904541, CeVa: 2.3608341217041016
Epoch: 97, AccTr: 0.8102999925613403, AccVa: 0.7885000109672546, CeTr: 2.299807071685791, CeVa: 2.6257236003875732
Epoch: 98, AccTr: 0.7954000234603882, AccVa: 0.7699999809265137, CeTr: 2.3539090156555176, CeVa: 2.7035889625549316
Epoch: 99, AccTr: 0.8165000081062317, AccVa: 0.8034999966621399, CeTr: 2.186166524887085, CeVa: 2.393585205078125
Epoch: 100, AccTr: 0.8271999955177307, AccVa: 0.8125, CeTr: 2.1572577953338623, CeVa: 2.490574836730957
ENSEMBLE | Tr_Acc: 0.9388999938964844, Tr_CE: 0.5085220336914062, Va_Acc: 0.9185000061988831, Va_CE: 0.8407838344573975
Epoch: 101, AccTr: 0.8180999755859375, AccVa: 0.8119999766349792, CeTr: 2.2042999267578125, CeVa: 2.6715643405914307
Epoch: 102, AccTr: 0.829800009727478, AccVa: 0.8025000095367432, CeTr: 2.020320415496826, CeVa: 2.5604472160339355
Epoch: 103, AccTr: 0.8185999989509583, AccVa: 0.7979999780654907, CeTr: 2.115044116973877, CeVa: 2.6100738048553467
Epoch: 104, AccTr: 0.8155999779701233, AccVa: 0.7885000109672546, CeTr: 2.1225967407226562, CeVa: 2.647045850753784
Epoch: 105, AccTr: 0.8252999782562256, AccVa: 0.8105000257492065, CeTr: 2.0435893535614014, CeVa: 2.305335521697998
ENSEMBLE | Tr_Acc: 0.9383999705314636, Tr_CE: 0.5009603500366211, Va_Acc: 0.921500027179718, Va_CE: 0.8253433704376221
Epoch: 106, AccTr: 0.817799985408783, AccVa: 0.8019999861717224, CeTr: 2.1629040241241455, CeVa: 2.3930063247680664
Epoch: 107, AccTr: 0.8410000205039978, AccVa: 0.8075000047683716, CeTr: 1.832961916923523, CeVa: 2.2529075145721436
Epoch: 108, AccTr: 0.8270999789237976, AccVa: 0.7975000143051147, CeTr: 2.1594581604003906, CeVa: 2.677398204803467
Epoch: 109, AccTr: 0.8263000249862671, AccVa: 0.8019999861717224, CeTr: 2.0054848194122314, CeVa: 2.5999326705932617
Epoch: 110, AccTr: 0.8025000095367432, AccVa: 0.7860000133514404, CeTr: 2.30037522315979, CeVa: 2.7178423404693604
ENSEMBLE | Tr_Acc: 0.9391999840736389, Tr_CE: 0.4910299777984619, Va_Acc: 0.921999990940094, Va_CE: 0.8133103251457214
Epoch: 111, AccTr: 0.8312000036239624, AccVa: 0.8134999871253967, CeTr: 2.160419225692749, CeVa: 2.4577479362487793
Epoch: 112, AccTr: 0.8331999778747559, AccVa: 0.8180000185966492, CeTr: 2.001668691635132, CeVa: 2.3010528087615967
Epoch: 113, AccTr: 0.8420000076293945, AccVa: 0.8174999952316284, CeTr: 1.7042930126190186, CeVa: 2.389498233795166
Epoch: 114, AccTr: 0.8029000163078308, AccVa: 0.777999997138977, CeTr: 2.4234511852264404, CeVa: 3.011277675628662
Epoch: 115, AccTr: 0.8187999725341797, AccVa: 0.7960000038146973, CeTr: 2.1503474712371826, CeVa: 2.673607349395752
ENSEMBLE | Tr_Acc: 0.9399999976158142, Tr_CE: 0.4839090406894684, Va_Acc: 0.921500027179718, Va_CE: 0.8246780037879944
Epoch: 116, AccTr: 0.821399986743927, AccVa: 0.8025000095367432, CeTr: 2.1600255966186523, CeVa: 2.5473852157592773
Epoch: 117, AccTr: 0.8320000171661377, AccVa: 0.8240000009536743, CeTr: 1.8993359804153442, CeVa: 2.3328282833099365
Epoch: 118, AccTr: 0.8080000281333923, AccVa: 0.8050000071525574, CeTr: 2.1851131916046143, CeVa: 2.3443474769592285
Epoch: 119, AccTr: 0.8374999761581421, AccVa: 0.8195000290870667, CeTr: 2.072486162185669, CeVa: 2.43826961517334
Epoch: 120, AccTr: 0.8162999749183655, AccVa: 0.8140000104904175, CeTr: 2.1851744651794434, CeVa: 2.4224867820739746
ENSEMBLE | Tr_Acc: 0.9424999952316284, Tr_CE: 0.4808976650238037, Va_Acc: 0.9200000166893005, Va_CE: 0.8194024562835693
Epoch: 121, AccTr: 0.8115000128746033, AccVa: 0.8065000176429749, CeTr: 2.198178768157959, CeVa: 2.30065655708313
Epoch: 122, AccTr: 0.7972999811172485, AccVa: 0.7720000147819519, CeTr: 2.510333776473999, CeVa: 3.0093352794647217
Epoch: 123, AccTr: 0.8201000094413757, AccVa: 0.8059999942779541, CeTr: 2.116122007369995, CeVa: 2.4196486473083496
Epoch: 124, AccTr: 0.8137000203132629, AccVa: 0.7825000286102295, CeTr: 2.333848714828491, CeVa: 2.6145613193511963
Epoch: 125, AccTr: 0.8248000144958496, AccVa: 0.7979999780654907, CeTr: 2.0952963829040527, CeVa: 2.7322280406951904
ENSEMBLE | Tr_Acc: 0.9431999921798706, Tr_CE: 0.47444188594818115, Va_Acc: 0.9204999804496765, Va_CE: 0.8222904801368713
Epoch: 126, AccTr: 0.8213000297546387, AccVa: 0.800000011920929, CeTr: 2.1349217891693115, CeVa: 2.7744643688201904
Epoch: 127, AccTr: 0.8206999897956848, AccVa: 0.8009999990463257, CeTr: 2.1121366024017334, CeVa: 2.5939159393310547
Epoch: 128, AccTr: 0.8277999758720398, AccVa: 0.7919999957084656, CeTr: 1.9651463031768799, CeVa: 2.3669028282165527
Epoch: 129, AccTr: 0.820900022983551, AccVa: 0.7885000109672546, CeTr: 2.0973706245422363, CeVa: 2.6684179306030273
Epoch: 130, AccTr: 0.8303999900817871, AccVa: 0.8054999709129333, CeTr: 1.9801379442214966, CeVa: 2.531313896179199
ENSEMBLE | Tr_Acc: 0.9441999793052673, Tr_CE: 0.4641054570674896, Va_Acc: 0.9204999804496765, Va_CE: 0.814850389957428
Epoch: 131, AccTr: 0.8199999928474426, AccVa: 0.8040000200271606, CeTr: 2.1562628746032715, CeVa: 2.682509183883667
Epoch: 132, AccTr: 0.8037999868392944, AccVa: 0.781000018119812, CeTr: 2.530789375305176, CeVa: 3.0669307708740234
Epoch: 133, AccTr: 0.807699978351593, AccVa: 0.796500027179718, CeTr: 2.3077332973480225, CeVa: 2.756397247314453
Epoch: 134, AccTr: 0.8317000269889832, AccVa: 0.8205000162124634, CeTr: 1.908980131149292, CeVa: 2.216845989227295
Epoch: 135, AccTr: 0.8299000263214111, AccVa: 0.8134999871253967, CeTr: 1.9932221174240112, CeVa: 2.4849655628204346
ENSEMBLE | Tr_Acc: 0.9434999823570251, Tr_CE: 0.46419423818588257, Va_Acc: 0.9210000038146973, Va_CE: 0.8137220740318298
Epoch: 136, AccTr: 0.8191999793052673, AccVa: 0.7885000109672546, CeTr: 2.0895609855651855, CeVa: 2.8850815296173096
Epoch: 137, AccTr: 0.7928000092506409, AccVa: 0.7739999890327454, CeTr: 2.777529001235962, CeVa: 3.3949410915374756
Epoch: 138, AccTr: 0.8129000067710876, AccVa: 0.8134999871253967, CeTr: 2.211470603942871, CeVa: 2.6718661785125732
Epoch: 139, AccTr: 0.8320000171661377, AccVa: 0.8159999847412109, CeTr: 1.9436604976654053, CeVa: 2.2117533683776855
Epoch: 140, AccTr: 0.7864000201225281, AccVa: 0.7770000100135803, CeTr: 2.5761897563934326, CeVa: 2.89784574508667
ENSEMBLE | Tr_Acc: 0.9448000192642212, Tr_CE: 0.46248939633369446, Va_Acc: 0.9194999933242798, Va_CE: 0.8062293529510498
Epoch: 141, AccTr: 0.8269000053405762, AccVa: 0.8009999990463257, CeTr: 2.0004007816314697, CeVa: 2.712757110595703
Epoch: 142, AccTr: 0.8119000196456909, AccVa: 0.7960000038146973, CeTr: 2.086348056793213, CeVa: 2.578430414199829
Epoch: 143, AccTr: 0.8195000290870667, AccVa: 0.7985000014305115, CeTr: 2.094835042953491, CeVa: 2.6504642963409424
Epoch: 144, AccTr: 0.8044000267982483, AccVa: 0.7864999771118164, CeTr: 2.292792558670044, CeVa: 2.7367069721221924
Epoch: 145, AccTr: 0.8278999924659729, AccVa: 0.8069999814033508, CeTr: 1.9776134490966797, CeVa: 2.462822914123535
ENSEMBLE | Tr_Acc: 0.9451000094413757, Tr_CE: 0.4555210471153259, Va_Acc: 0.9200000166893005, Va_CE: 0.7972604036331177
Epoch: 146, AccTr: 0.7996000051498413, AccVa: 0.7870000004768372, CeTr: 2.360647678375244, CeVa: 2.6307339668273926
Epoch: 147, AccTr: 0.8277999758720398, AccVa: 0.8105000257492065, CeTr: 1.9855327606201172, CeVa: 2.6571950912475586
Epoch: 148, AccTr: 0.830299973487854, AccVa: 0.8080000281333923, CeTr: 2.024599313735962, CeVa: 2.5179190635681152
Epoch: 149, AccTr: 0.8411999940872192, AccVa: 0.8149999976158142, CeTr: 1.839489221572876, CeVa: 2.5375404357910156
Epoch: 150, AccTr: 0.8155999779701233, AccVa: 0.7799999713897705, CeTr: 2.0840823650360107, CeVa: 2.9886183738708496
ENSEMBLE | Tr_Acc: 0.945900022983551, Tr_CE: 0.4489494264125824, Va_Acc: 0.9194999933242798, Va_CE: 0.8009331226348877
Epoch: 151, AccTr: 0.8141000270843506, AccVa: 0.7885000109672546, CeTr: 2.416292428970337, CeVa: 2.897521495819092
Epoch: 152, AccTr: 0.8241000175476074, AccVa: 0.8090000152587891, CeTr: 2.1551382541656494, CeVa: 2.443396806716919
Epoch: 153, AccTr: 0.8242999911308289, AccVa: 0.8215000033378601, CeTr: 2.1651206016540527, CeVa: 2.3600049018859863
Epoch: 154, AccTr: 0.8162999749183655, AccVa: 0.7944999933242798, CeTr: 2.1403565406799316, CeVa: 2.5136377811431885
Epoch: 155, AccTr: 0.8144000172615051, AccVa: 0.7985000014305115, CeTr: 2.1784307956695557, CeVa: 2.7204794883728027
ENSEMBLE | Tr_Acc: 0.9465000033378601, Tr_CE: 0.44739627838134766, Va_Acc: 0.9225000143051147, Va_CE: 0.7968941330909729
Epoch: 156, AccTr: 0.8259000182151794, AccVa: 0.8100000023841858, CeTr: 1.9580512046813965, CeVa: 2.3150033950805664
Epoch: 157, AccTr: 0.8170999884605408, AccVa: 0.8130000233650208, CeTr: 2.133957862854004, CeVa: 2.5190300941467285
Epoch: 158, AccTr: 0.7968999743461609, AccVa: 0.7960000038146973, CeTr: 2.218384027481079, CeVa: 2.6053240299224854
Epoch: 159, AccTr: 0.8039000034332275, AccVa: 0.7795000076293945, CeTr: 2.1960792541503906, CeVa: 2.580939292907715
Epoch: 160, AccTr: 0.8270999789237976, AccVa: 0.8144999742507935, CeTr: 1.9487093687057495, CeVa: 2.3789875507354736
ENSEMBLE | Tr_Acc: 0.9459999799728394, Tr_CE: 0.44434258341789246, Va_Acc: 0.9204999804496765, Va_CE: 0.7865933775901794
Epoch: 161, AccTr: 0.8094000220298767, AccVa: 0.7935000061988831, CeTr: 2.422964096069336, CeVa: 2.8390419483184814
Epoch: 162, AccTr: 0.8102999925613403, AccVa: 0.8025000095367432, CeTr: 2.1844522953033447, CeVa: 2.423466205596924
Epoch: 163, AccTr: 0.8306999802589417, AccVa: 0.8069999814033508, CeTr: 2.0005505084991455, CeVa: 2.420083999633789
Epoch: 164, AccTr: 0.8073999881744385, AccVa: 0.7960000038146973, CeTr: 2.3051323890686035, CeVa: 2.643120765686035
Epoch: 165, AccTr: 0.8165000081062317, AccVa: 0.8105000257492065, CeTr: 2.1909844875335693, CeVa: 2.2365822792053223
ENSEMBLE | Tr_Acc: 0.945900022983551, Tr_CE: 0.4458506405353546, Va_Acc: 0.9225000143051147, Va_CE: 0.7751494646072388
Epoch: 166, AccTr: 0.8263000249862671, AccVa: 0.8069999814033508, CeTr: 2.028529167175293, CeVa: 2.644763231277466
Epoch: 167, AccTr: 0.8269000053405762, AccVa: 0.7950000166893005, CeTr: 2.0546910762786865, CeVa: 2.7043416500091553
Epoch: 168, AccTr: 0.8162000179290771, AccVa: 0.7914999723434448, CeTr: 2.1018288135528564, CeVa: 2.4149527549743652
Epoch: 169, AccTr: 0.8144999742507935, AccVa: 0.7979999780654907, CeTr: 2.1447455883026123, CeVa: 2.5180392265319824
Epoch: 170, AccTr: 0.8273000121116638, AccVa: 0.8044999837875366, CeTr: 1.953139305114746, CeVa: 2.5296218395233154
ENSEMBLE | Tr_Acc: 0.9469000101089478, Tr_CE: 0.4424993693828583, Va_Acc: 0.9229999780654907, Va_CE: 0.774552047252655
Epoch: 171, AccTr: 0.8095999956130981, AccVa: 0.800000011920929, CeTr: 2.2486343383789062, CeVa: 2.5771069526672363
Epoch: 172, AccTr: 0.8309999704360962, AccVa: 0.809499979019165, CeTr: 1.9809845685958862, CeVa: 2.6088271141052246
Epoch: 173, AccTr: 0.8363000154495239, AccVa: 0.8069999814033508, CeTr: 1.9552210569381714, CeVa: 2.4194626808166504
Epoch: 174, AccTr: 0.8116000294685364, AccVa: 0.7864999771118164, CeTr: 2.120173454284668, CeVa: 2.7784810066223145
Epoch: 175, AccTr: 0.8223000168800354, AccVa: 0.7985000014305115, CeTr: 2.0096960067749023, CeVa: 2.55295729637146
ENSEMBLE | Tr_Acc: 0.9466999769210815, Tr_CE: 0.43874937295913696, Va_Acc: 0.9210000038146973, Va_CE: 0.7701010704040527
Epoch: 176, AccTr: 0.8151999711990356, AccVa: 0.8174999952316284, CeTr: 2.1393799781799316, CeVa: 2.3281049728393555
Epoch: 177, AccTr: 0.8052999973297119, AccVa: 0.7979999780654907, CeTr: 2.1764464378356934, CeVa: 2.389524459838867
Epoch: 178, AccTr: 0.8224999904632568, AccVa: 0.8105000257492065, CeTr: 2.214472770690918, CeVa: 2.5979042053222656
Epoch: 179, AccTr: 0.8079000115394592, AccVa: 0.7904999852180481, CeTr: 2.413517951965332, CeVa: 2.7474608421325684
Epoch: 180, AccTr: 0.8101999759674072, AccVa: 0.7850000262260437, CeTr: 2.317612886428833, CeVa: 2.965169668197632
ENSEMBLE | Tr_Acc: 0.9470000267028809, Tr_CE: 0.44019845128059387, Va_Acc: 0.9240000247955322, Va_CE: 0.7659734487533569
Epoch: 181, AccTr: 0.8047999739646912, AccVa: 0.8015000224113464, CeTr: 2.25404691696167, CeVa: 2.5565569400787354
Epoch: 182, AccTr: 0.819599986076355, AccVa: 0.8174999952316284, CeTr: 2.1470844745635986, CeVa: 2.496849536895752
Epoch: 183, AccTr: 0.8238000273704529, AccVa: 0.8100000023841858, CeTr: 2.1619410514831543, CeVa: 2.425225019454956
Epoch: 184, AccTr: 0.8392999768257141, AccVa: 0.8270000219345093, CeTr: 1.9787254333496094, CeVa: 2.2965757846832275
Epoch: 185, AccTr: 0.8320000171661377, AccVa: 0.8105000257492065, CeTr: 1.9670701026916504, CeVa: 2.5712180137634277
ENSEMBLE | Tr_Acc: 0.9470999836921692, Tr_CE: 0.43688514828681946, Va_Acc: 0.9235000014305115, Va_CE: 0.7668108940124512
Epoch: 186, AccTr: 0.8323000073432922, AccVa: 0.8069999814033508, CeTr: 1.9874001741409302, CeVa: 2.452049493789673
Epoch: 187, AccTr: 0.8343999981880188, AccVa: 0.8115000128746033, CeTr: 1.9027029275894165, CeVa: 2.312833070755005
Epoch: 188, AccTr: 0.8185999989509583, AccVa: 0.7940000295639038, CeTr: 2.0649592876434326, CeVa: 2.500877857208252
Epoch: 189, AccTr: 0.8245999813079834, AccVa: 0.8065000176429749, CeTr: 2.1101784706115723, CeVa: 2.565431833267212
Epoch: 190, AccTr: 0.8274999856948853, AccVa: 0.8040000200271606, CeTr: 2.0122945308685303, CeVa: 2.5591282844543457
ENSEMBLE | Tr_Acc: 0.9465000033378601, Tr_CE: 0.43627968430519104, Va_Acc: 0.9235000014305115, Va_CE: 0.7684425115585327
Epoch: 191, AccTr: 0.8105000257492065, AccVa: 0.7829999923706055, CeTr: 2.2090365886688232, CeVa: 2.9409725666046143
Epoch: 192, AccTr: 0.8278999924659729, AccVa: 0.7935000061988831, CeTr: 2.072077751159668, CeVa: 2.67380690574646
Epoch: 193, AccTr: 0.7853000164031982, AccVa: 0.7544999718666077, CeTr: 2.6404106616973877, CeVa: 3.2636923789978027
Epoch: 194, AccTr: 0.8312000036239624, AccVa: 0.8075000047683716, CeTr: 1.9004156589508057, CeVa: 2.525566339492798
Epoch: 195, AccTr: 0.8130000233650208, AccVa: 0.7875000238418579, CeTr: 2.164719820022583, CeVa: 2.758319854736328
ENSEMBLE | Tr_Acc: 0.9469000101089478, Tr_CE: 0.4353398084640503, Va_Acc: 0.9244999885559082, Va_CE: 0.772411584854126
Epoch: 196, AccTr: 0.7986000180244446, AccVa: 0.7745000123977661, CeTr: 2.3662664890289307, CeVa: 2.767012357711792
Epoch: 197, AccTr: 0.8169000148773193, AccVa: 0.796500027179718, CeTr: 2.0759291648864746, CeVa: 2.7104580402374268
Epoch: 198, AccTr: 0.8131999969482422, AccVa: 0.7749999761581421, CeTr: 2.1548290252685547, CeVa: 2.812438488006592
Epoch: 199, AccTr: 0.8328999876976013, AccVa: 0.8215000033378601, CeTr: 1.91591215133667, CeVa: 2.424622058868408
Epoch: 200, AccTr: 0.8274999856948853, AccVa: 0.8054999709129333, CeTr: 2.0446200370788574, CeVa: 2.598212480545044
ENSEMBLE | Tr_Acc: 0.946399986743927, Tr_CE: 0.4388248920440674, Va_Acc: 0.9225000143051147, Va_CE: 0.7739605903625488
Input binarization: False
Pretrained network accuracy: 0.9887999892234802
NN CONFIG
Weight-type:		binary
Layout									Layer #1: 784	Layer #2: 280	Layer #3: 200	Layer #4: 10	
Activation Functions					Layer #1: bs	Layer #2: bs	
Keep probabilities		Layer #0: 0.93	Layer #1: 0.9	Layer #2: 0.9	
Flat factors							Layer #1: 1.0	Layer #2: 1.0	Layer #3: 1.0	
Activation Noise						Layer #1: 0.0	Layer #2: 0.0	Layer #3: 0.0	
Prior: 0.85

===================================

RUN CONFIG
Epochs: 200, Blocksize: 8

===================================

Epoch: 0, AccTr: 0.5995000004768372, AccVa: 0.6060000061988831, CeTr: 7.71157169342041, CeVa: 7.36544942855835
Epoch: 1, AccTr: 0.8950999975204468, AccVa: 0.8669999837875366, CeTr: 1.066031575202942, CeVa: 1.7363288402557373
Epoch: 2, AccTr: 0.9009000062942505, AccVa: 0.8700000047683716, CeTr: 0.9731781482696533, CeVa: 1.6957526206970215
Epoch: 3, AccTr: 0.896399974822998, AccVa: 0.862500011920929, CeTr: 1.0478216409683228, CeVa: 1.7518237829208374
Epoch: 4, AccTr: 0.880299985408783, AccVa: 0.8464999794960022, CeTr: 1.2879455089569092, CeVa: 1.8537355661392212
Epoch: 5, AccTr: 0.8608999848365784, AccVa: 0.8314999938011169, CeTr: 1.3767083883285522, CeVa: 1.924813985824585
Epoch: 6, AccTr: 0.8715000152587891, AccVa: 0.8379999995231628, CeTr: 1.3467680215835571, CeVa: 1.8494367599487305
Epoch: 7, AccTr: 0.8557999730110168, AccVa: 0.824999988079071, CeTr: 1.5236561298370361, CeVa: 2.179018020629883
Epoch: 8, AccTr: 0.8388000130653381, AccVa: 0.8130000233650208, CeTr: 1.8634440898895264, CeVa: 2.3306844234466553
Epoch: 9, AccTr: 0.8683000206947327, AccVa: 0.843500018119812, CeTr: 1.5448977947235107, CeVa: 2.123271942138672
Epoch: 10, AccTr: 0.8557000160217285, AccVa: 0.8274999856948853, CeTr: 1.5560954809188843, CeVa: 2.1374106407165527
Epoch: 11, AccTr: 0.8614000082015991, AccVa: 0.8479999899864197, CeTr: 1.4900528192520142, CeVa: 2.0193088054656982
Epoch: 12, AccTr: 0.8557999730110168, AccVa: 0.8519999980926514, CeTr: 1.7147281169891357, CeVa: 1.994272232055664
Epoch: 13, AccTr: 0.8587999939918518, AccVa: 0.8560000061988831, CeTr: 1.5632057189941406, CeVa: 1.8538146018981934
Epoch: 14, AccTr: 0.8583999872207642, AccVa: 0.8420000076293945, CeTr: 1.6086527109146118, CeVa: 2.0774641036987305
Epoch: 15, AccTr: 0.8452000021934509, AccVa: 0.8364999890327454, CeTr: 1.7917519807815552, CeVa: 2.06282901763916
Epoch: 16, AccTr: 0.8159000277519226, AccVa: 0.8015000224113464, CeTr: 2.074371099472046, CeVa: 2.371941566467285
Epoch: 17, AccTr: 0.8464999794960022, AccVa: 0.8299999833106995, CeTr: 1.6516984701156616, CeVa: 2.143326759338379
Epoch: 18, AccTr: 0.8385999798774719, AccVa: 0.8220000267028809, CeTr: 1.8526816368103027, CeVa: 2.328500747680664
Epoch: 19, AccTr: 0.8504999876022339, AccVa: 0.8255000114440918, CeTr: 1.7363272905349731, CeVa: 2.31947660446167
Epoch: 20, AccTr: 0.8416000008583069, AccVa: 0.8034999966621399, CeTr: 1.8542476892471313, CeVa: 2.4771838188171387
Epoch: 21, AccTr: 0.8356000185012817, AccVa: 0.8305000066757202, CeTr: 1.88270902633667, CeVa: 2.198427677154541
Epoch: 22, AccTr: 0.84579998254776, AccVa: 0.8230000138282776, CeTr: 1.783336877822876, CeVa: 2.503000259399414
Epoch: 23, AccTr: 0.83160001039505, AccVa: 0.8184999823570251, CeTr: 1.8958591222763062, CeVa: 2.50526762008667
Epoch: 24, AccTr: 0.8287000060081482, AccVa: 0.7860000133514404, CeTr: 1.9188052415847778, CeVa: 2.8693814277648926
Epoch: 25, AccTr: 0.8519999980926514, AccVa: 0.8140000104904175, CeTr: 1.8038769960403442, CeVa: 2.3509857654571533
Epoch: 26, AccTr: 0.8137000203132629, AccVa: 0.8029999732971191, CeTr: 2.2003936767578125, CeVa: 2.6978399753570557
Epoch: 27, AccTr: 0.8256999850273132, AccVa: 0.8115000128746033, CeTr: 2.0673670768737793, CeVa: 2.5196456909179688
Epoch: 28, AccTr: 0.847100019454956, AccVa: 0.8224999904632568, CeTr: 1.9500086307525635, CeVa: 2.0981459617614746
Epoch: 29, AccTr: 0.8385000228881836, AccVa: 0.8180000185966492, CeTr: 1.9379183053970337, CeVa: 2.2559642791748047
Epoch: 30, AccTr: 0.8409000039100647, AccVa: 0.8220000267028809, CeTr: 1.8103097677230835, CeVa: 2.3144712448120117
Epoch: 31, AccTr: 0.8062000274658203, AccVa: 0.7829999923706055, CeTr: 2.2532081604003906, CeVa: 2.7999799251556396
Epoch: 32, AccTr: 0.8245999813079834, AccVa: 0.8034999966621399, CeTr: 2.065166711807251, CeVa: 2.4255189895629883
Epoch: 33, AccTr: 0.8083000183105469, AccVa: 0.7929999828338623, CeTr: 2.3956093788146973, CeVa: 2.9667606353759766
Epoch: 34, AccTr: 0.8194000124931335, AccVa: 0.8025000095367432, CeTr: 2.1472597122192383, CeVa: 2.6790268421173096
Epoch: 35, AccTr: 0.7972000241279602, AccVa: 0.7684999704360962, CeTr: 2.5658047199249268, CeVa: 3.1036181449890137
Epoch: 36, AccTr: 0.8338000178337097, AccVa: 0.809499979019165, CeTr: 1.9868429899215698, CeVa: 2.4631216526031494
Epoch: 37, AccTr: 0.8181999921798706, AccVa: 0.7900000214576721, CeTr: 2.145524740219116, CeVa: 2.6890761852264404
Epoch: 38, AccTr: 0.8180999755859375, AccVa: 0.8115000128746033, CeTr: 2.236490249633789, CeVa: 2.5505619049072266
Epoch: 39, AccTr: 0.8123999834060669, AccVa: 0.7835000157356262, CeTr: 2.286480188369751, CeVa: 2.7690117359161377
Epoch: 40, AccTr: 0.82669997215271, AccVa: 0.8009999990463257, CeTr: 2.1408069133758545, CeVa: 2.765817642211914
Epoch: 41, AccTr: 0.8245000243186951, AccVa: 0.7994999885559082, CeTr: 2.0586330890655518, CeVa: 2.373901605606079
Epoch: 42, AccTr: 0.817300021648407, AccVa: 0.7885000109672546, CeTr: 2.0667872428894043, CeVa: 2.752261161804199
Epoch: 43, AccTr: 0.8191999793052673, AccVa: 0.8025000095367432, CeTr: 2.0522117614746094, CeVa: 2.630056142807007
Epoch: 44, AccTr: 0.8313000202178955, AccVa: 0.8205000162124634, CeTr: 1.9527578353881836, CeVa: 2.2755908966064453
Epoch: 45, AccTr: 0.8252000212669373, AccVa: 0.7904999852180481, CeTr: 1.9152153730392456, CeVa: 2.544816493988037
Epoch: 46, AccTr: 0.7888000011444092, AccVa: 0.7505000233650208, CeTr: 2.5428152084350586, CeVa: 3.254260301589966
Epoch: 47, AccTr: 0.8129000067710876, AccVa: 0.7900000214576721, CeTr: 2.1573243141174316, CeVa: 2.7128164768218994
Epoch: 48, AccTr: 0.8019999861717224, AccVa: 0.7795000076293945, CeTr: 2.3511698246002197, CeVa: 2.6792333126068115
Epoch: 49, AccTr: 0.7802000045776367, AccVa: 0.762499988079071, CeTr: 2.730956554412842, CeVa: 3.2349860668182373
Epoch: 50, AccTr: 0.82669997215271, AccVa: 0.8069999814033508, CeTr: 2.1292126178741455, CeVa: 2.5130927562713623
ENSEMBLE | Tr_Acc: 0.82669997215271, Tr_CE: 2.1292126178741455, Va_Acc: 0.8069999814033508, Va_CE: 2.5130927562713623
Epoch: 51, AccTr: 0.8238999843597412, AccVa: 0.8144999742507935, CeTr: 2.054081916809082, CeVa: 2.295260429382324
Epoch: 52, AccTr: 0.8267999887466431, AccVa: 0.8069999814033508, CeTr: 2.062926769256592, CeVa: 2.4190964698791504
Epoch: 53, AccTr: 0.8108999729156494, AccVa: 0.7649999856948853, CeTr: 2.2169554233551025, CeVa: 3.1226813793182373
Epoch: 54, AccTr: 0.8148000240325928, AccVa: 0.7944999933242798, CeTr: 2.157749652862549, CeVa: 2.6235077381134033
Epoch: 55, AccTr: 0.8233000040054321, AccVa: 0.8165000081062317, CeTr: 2.1079916954040527, CeVa: 2.52720308303833
ENSEMBLE | Tr_Acc: 0.8826000094413757, Tr_CE: 1.1478462219238281, Va_Acc: 0.875, Va_CE: 1.50575852394104
Epoch: 56, AccTr: 0.7996000051498413, AccVa: 0.8015000224113464, CeTr: 2.4536657333374023, CeVa: 2.7960891723632812
Epoch: 57, AccTr: 0.7861999869346619, AccVa: 0.7705000042915344, CeTr: 2.686695098876953, CeVa: 3.105026960372925
Epoch: 58, AccTr: 0.8166999816894531, AccVa: 0.8069999814033508, CeTr: 2.1961824893951416, CeVa: 2.6352670192718506
Epoch: 59, AccTr: 0.8396999835968018, AccVa: 0.8025000095367432, CeTr: 1.8318500518798828, CeVa: 2.552253484725952
Epoch: 60, AccTr: 0.8198000192642212, AccVa: 0.7795000076293945, CeTr: 2.037639856338501, CeVa: 2.6578304767608643
ENSEMBLE | Tr_Acc: 0.9085000157356262, Tr_CE: 0.8214806914329529, Va_Acc: 0.8845000267028809, Va_CE: 1.1925441026687622
Epoch: 61, AccTr: 0.8212000131607056, AccVa: 0.8100000023841858, CeTr: 2.0781781673431396, CeVa: 2.35266375541687
Epoch: 62, AccTr: 0.8149999976158142, AccVa: 0.8015000224113464, CeTr: 1.9650371074676514, CeVa: 2.2950499057769775
Epoch: 63, AccTr: 0.8174999952316284, AccVa: 0.7975000143051147, CeTr: 2.166999578475952, CeVa: 2.6363189220428467
Epoch: 64, AccTr: 0.8069000244140625, AccVa: 0.7894999980926514, CeTr: 2.3192644119262695, CeVa: 2.605358123779297
Epoch: 65, AccTr: 0.8149999976158142, AccVa: 0.7940000295639038, CeTr: 2.1213085651397705, CeVa: 2.469526767730713
ENSEMBLE | Tr_Acc: 0.9205999970436096, Tr_CE: 0.6950992345809937, Va_Acc: 0.9070000052452087, Va_CE: 1.0441781282424927
Epoch: 66, AccTr: 0.8367999792098999, AccVa: 0.8165000081062317, CeTr: 1.8558478355407715, CeVa: 2.526768684387207
Epoch: 67, AccTr: 0.8278999924659729, AccVa: 0.8115000128746033, CeTr: 1.9450212717056274, CeVa: 2.512220859527588
Epoch: 68, AccTr: 0.817300021648407, AccVa: 0.7894999980926514, CeTr: 2.1133008003234863, CeVa: 2.5460832118988037
Epoch: 69, AccTr: 0.8363000154495239, AccVa: 0.8125, CeTr: 1.9306141138076782, CeVa: 2.512962579727173
Epoch: 70, AccTr: 0.8191999793052673, AccVa: 0.8025000095367432, CeTr: 2.1996519565582275, CeVa: 2.6703908443450928
ENSEMBLE | Tr_Acc: 0.9265000224113464, Tr_CE: 0.6348580121994019, Va_Acc: 0.906000018119812, Va_CE: 1.025482177734375
Epoch: 71, AccTr: 0.8014000058174133, AccVa: 0.7860000133514404, CeTr: 2.413957357406616, CeVa: 2.9321610927581787
Epoch: 72, AccTr: 0.8294000029563904, AccVa: 0.8015000224113464, CeTr: 2.1315956115722656, CeVa: 2.7698323726654053
Epoch: 73, AccTr: 0.8260999917984009, AccVa: 0.8199999928474426, CeTr: 2.0784733295440674, CeVa: 2.328651189804077
Epoch: 74, AccTr: 0.8263999819755554, AccVa: 0.8144999742507935, CeTr: 1.9981842041015625, CeVa: 2.518995761871338
Epoch: 75, AccTr: 0.7991999983787537, AccVa: 0.7839999794960022, CeTr: 2.4806861877441406, CeVa: 2.873873710632324
ENSEMBLE | Tr_Acc: 0.9314000010490417, Tr_CE: 0.6027976274490356, Va_Acc: 0.9120000004768372, Va_CE: 0.9700785875320435
Epoch: 76, AccTr: 0.8097000122070312, AccVa: 0.7904999852180481, CeTr: 2.241079092025757, CeVa: 2.475811243057251
Epoch: 77, AccTr: 0.8137000203132629, AccVa: 0.7935000061988831, CeTr: 2.1408119201660156, CeVa: 2.5589237213134766
Epoch: 78, AccTr: 0.8260999917984009, AccVa: 0.8130000233650208, CeTr: 2.0497729778289795, CeVa: 2.368556261062622
Epoch: 79, AccTr: 0.8194000124931335, AccVa: 0.8029999732971191, CeTr: 2.1682088375091553, CeVa: 2.8235034942626953
Epoch: 80, AccTr: 0.8169999718666077, AccVa: 0.7979999780654907, CeTr: 2.0603983402252197, CeVa: 2.472137928009033
ENSEMBLE | Tr_Acc: 0.9326000213623047, Tr_CE: 0.5853872299194336, Va_Acc: 0.9120000004768372, Va_CE: 0.9364463686943054
Epoch: 81, AccTr: 0.8145999908447266, AccVa: 0.8015000224113464, CeTr: 2.269472360610962, CeVa: 2.6740176677703857
Epoch: 82, AccTr: 0.8216000199317932, AccVa: 0.8029999732971191, CeTr: 2.062410593032837, CeVa: 2.5375516414642334
Epoch: 83, AccTr: 0.8285999894142151, AccVa: 0.8054999709129333, CeTr: 1.956115484237671, CeVa: 2.607891321182251
Epoch: 84, AccTr: 0.8393999934196472, AccVa: 0.8184999823570251, CeTr: 1.991912841796875, CeVa: 2.39398193359375
Epoch: 85, AccTr: 0.8123999834060669, AccVa: 0.7935000061988831, CeTr: 2.2417171001434326, CeVa: 2.620307683944702
ENSEMBLE | Tr_Acc: 0.9340000152587891, Tr_CE: 0.5499235391616821, Va_Acc: 0.9169999957084656, Va_CE: 0.8978552222251892
Epoch: 86, AccTr: 0.8352000117301941, AccVa: 0.815500020980835, CeTr: 1.867192029953003, CeVa: 2.3921995162963867
Epoch: 87, AccTr: 0.8206999897956848, AccVa: 0.8199999928474426, CeTr: 2.1043715476989746, CeVa: 2.4642419815063477
Epoch: 88, AccTr: 0.8206999897956848, AccVa: 0.796999990940094, CeTr: 1.9830636978149414, CeVa: 2.4433295726776123
Epoch: 89, AccTr: 0.8353000283241272, AccVa: 0.8075000047683716, CeTr: 1.9408659934997559, CeVa: 2.327559471130371
Epoch: 90, AccTr: 0.8228999972343445, AccVa: 0.7950000166893005, CeTr: 2.0992746353149414, CeVa: 2.7162797451019287
ENSEMBLE | Tr_Acc: 0.9351999759674072, Tr_CE: 0.5418496131896973, Va_Acc: 0.9194999933242798, Va_CE: 0.8925313949584961
Epoch: 91, AccTr: 0.8230000138282776, AccVa: 0.8090000152587891, CeTr: 2.176254987716675, CeVa: 2.656123399734497
Epoch: 92, AccTr: 0.8077999949455261, AccVa: 0.7960000038146973, CeTr: 2.382333517074585, CeVa: 2.8177096843719482
Epoch: 93, AccTr: 0.8248000144958496, AccVa: 0.800000011920929, CeTr: 2.0321671962738037, CeVa: 2.7123656272888184
Epoch: 94, AccTr: 0.8241999745368958, AccVa: 0.8075000047683716, CeTr: 2.165097236633301, CeVa: 2.637632131576538
Epoch: 95, AccTr: 0.8252000212669373, AccVa: 0.8065000176429749, CeTr: 2.1274538040161133, CeVa: 2.5077710151672363
ENSEMBLE | Tr_Acc: 0.9368000030517578, Tr_CE: 0.5238361954689026, Va_Acc: 0.9210000038146973, Va_CE: 0.882807195186615
Epoch: 96, AccTr: 0.828499972820282, AccVa: 0.7985000014305115, CeTr: 2.03562068939209, CeVa: 2.5438246726989746
Epoch: 97, AccTr: 0.8152999877929688, AccVa: 0.7975000143051147, CeTr: 2.006605386734009, CeVa: 2.484687089920044
Epoch: 98, AccTr: 0.8011000156402588, AccVa: 0.7745000123977661, CeTr: 2.3158109188079834, CeVa: 2.9533026218414307
Epoch: 99, AccTr: 0.8216000199317932, AccVa: 0.8109999895095825, CeTr: 1.995161771774292, CeVa: 2.5787079334259033
Epoch: 100, AccTr: 0.8263000249862671, AccVa: 0.8119999766349792, CeTr: 2.059380531311035, CeVa: 2.438094139099121
ENSEMBLE | Tr_Acc: 0.9397000074386597, Tr_CE: 0.5136938691139221, Va_Acc: 0.921999990940094, Va_CE: 0.8597505688667297
Epoch: 101, AccTr: 0.8179000020027161, AccVa: 0.7854999899864197, CeTr: 2.0059409141540527, CeVa: 2.8857550621032715
Epoch: 102, AccTr: 0.8287000060081482, AccVa: 0.8044999837875366, CeTr: 1.9550503492355347, CeVa: 2.5987138748168945
Epoch: 103, AccTr: 0.8062999844551086, AccVa: 0.7839999794960022, CeTr: 2.165461301803589, CeVa: 2.702589750289917
Epoch: 104, AccTr: 0.8011000156402588, AccVa: 0.781499981880188, CeTr: 2.2577733993530273, CeVa: 2.689441680908203
Epoch: 105, AccTr: 0.8246999979019165, AccVa: 0.8134999871253967, CeTr: 2.0004723072052, CeVa: 2.369851589202881
ENSEMBLE | Tr_Acc: 0.9409000277519226, Tr_CE: 0.5055843591690063, Va_Acc: 0.9225000143051147, Va_CE: 0.8618103861808777
Epoch: 106, AccTr: 0.8263999819755554, AccVa: 0.8125, CeTr: 2.1116573810577393, CeVa: 2.444108486175537
Epoch: 107, AccTr: 0.8241000175476074, AccVa: 0.8109999895095825, CeTr: 1.9681675434112549, CeVa: 2.186776638031006
Epoch: 108, AccTr: 0.8170999884605408, AccVa: 0.7975000143051147, CeTr: 2.0578339099884033, CeVa: 2.5307517051696777
Epoch: 109, AccTr: 0.8263999819755554, AccVa: 0.8100000023841858, CeTr: 1.9136277437210083, CeVa: 2.29963755607605
Epoch: 110, AccTr: 0.8271999955177307, AccVa: 0.8069999814033508, CeTr: 1.9762452840805054, CeVa: 2.471057415008545
ENSEMBLE | Tr_Acc: 0.9404000043869019, Tr_CE: 0.4998847544193268, Va_Acc: 0.9210000038146973, Va_CE: 0.8531399965286255
Epoch: 111, AccTr: 0.8151000142097473, AccVa: 0.8015000224113464, CeTr: 2.276190996170044, CeVa: 2.6153478622436523
Epoch: 112, AccTr: 0.8378000259399414, AccVa: 0.8224999904632568, CeTr: 1.8588597774505615, CeVa: 2.0130913257598877
Epoch: 113, AccTr: 0.8180999755859375, AccVa: 0.8050000071525574, CeTr: 2.140228033065796, CeVa: 2.3717973232269287
Epoch: 114, AccTr: 0.8118000030517578, AccVa: 0.7990000247955322, CeTr: 2.129638195037842, CeVa: 2.574826240539551
Epoch: 115, AccTr: 0.8319000005722046, AccVa: 0.8215000033378601, CeTr: 1.9575859308242798, CeVa: 2.3077964782714844
ENSEMBLE | Tr_Acc: 0.9406999945640564, Tr_CE: 0.5001639723777771, Va_Acc: 0.9225000143051147, Va_CE: 0.8403404355049133
Epoch: 116, AccTr: 0.8113999962806702, AccVa: 0.7904999852180481, CeTr: 2.3038103580474854, CeVa: 2.6997499465942383
Epoch: 117, AccTr: 0.8274999856948853, AccVa: 0.8149999976158142, CeTr: 2.076617479324341, CeVa: 2.5068838596343994
Epoch: 118, AccTr: 0.8264999985694885, AccVa: 0.815500020980835, CeTr: 2.216198682785034, CeVa: 2.3825387954711914
Epoch: 119, AccTr: 0.8292999863624573, AccVa: 0.8019999861717224, CeTr: 1.9694724082946777, CeVa: 2.5198872089385986
Epoch: 120, AccTr: 0.8093000054359436, AccVa: 0.7929999828338623, CeTr: 2.1029534339904785, CeVa: 2.4739725589752197
ENSEMBLE | Tr_Acc: 0.9404000043869019, Tr_CE: 0.49417635798454285, Va_Acc: 0.925000011920929, Va_CE: 0.8335233330726624
Epoch: 121, AccTr: 0.7961999773979187, AccVa: 0.7904999852180481, CeTr: 2.3993940353393555, CeVa: 2.681758403778076
Epoch: 122, AccTr: 0.8073999881744385, AccVa: 0.8004999756813049, CeTr: 2.0628366470336914, CeVa: 2.3583786487579346
Epoch: 123, AccTr: 0.8230999708175659, AccVa: 0.800000011920929, CeTr: 2.070237398147583, CeVa: 2.7219951152801514
Epoch: 124, AccTr: 0.8148999810218811, AccVa: 0.7864999771118164, CeTr: 2.17716121673584, CeVa: 2.676395893096924
Epoch: 125, AccTr: 0.8137000203132629, AccVa: 0.7870000004768372, CeTr: 2.1290390491485596, CeVa: 2.6432149410247803
ENSEMBLE | Tr_Acc: 0.9413999915122986, Tr_CE: 0.4800906777381897, Va_Acc: 0.925000011920929, Va_CE: 0.8105469942092896
Epoch: 126, AccTr: 0.8080999851226807, AccVa: 0.7894999980926514, CeTr: 2.5510857105255127, CeVa: 2.7816011905670166
Epoch: 127, AccTr: 0.8094000220298767, AccVa: 0.7770000100135803, CeTr: 2.2921831607818604, CeVa: 2.814368486404419
Epoch: 128, AccTr: 0.8069000244140625, AccVa: 0.796500027179718, CeTr: 2.3374733924865723, CeVa: 2.669238567352295
Epoch: 129, AccTr: 0.8248000144958496, AccVa: 0.8125, CeTr: 2.064113140106201, CeVa: 2.411529064178467
Epoch: 130, AccTr: 0.826200008392334, AccVa: 0.815500020980835, CeTr: 2.1039156913757324, CeVa: 2.3400659561157227
ENSEMBLE | Tr_Acc: 0.9415000081062317, Tr_CE: 0.47588926553726196, Va_Acc: 0.9254999756813049, Va_CE: 0.8112698197364807
Epoch: 131, AccTr: 0.8219000101089478, AccVa: 0.8004999756813049, CeTr: 2.151761293411255, CeVa: 2.462449073791504
Epoch: 132, AccTr: 0.8274999856948853, AccVa: 0.7994999885559082, CeTr: 1.9035096168518066, CeVa: 2.5212042331695557
Epoch: 133, AccTr: 0.8054999709129333, AccVa: 0.777999997138977, CeTr: 2.224055767059326, CeVa: 2.897545099258423
Epoch: 134, AccTr: 0.8108000159263611, AccVa: 0.7994999885559082, CeTr: 2.086775302886963, CeVa: 2.4770781993865967
Epoch: 135, AccTr: 0.8133000135421753, AccVa: 0.8125, CeTr: 2.1453118324279785, CeVa: 2.2255795001983643
ENSEMBLE | Tr_Acc: 0.942799985408783, Tr_CE: 0.47333720326423645, Va_Acc: 0.9275000095367432, Va_CE: 0.7954885959625244
Epoch: 136, AccTr: 0.8223999738693237, AccVa: 0.8084999918937683, CeTr: 2.0689175128936768, CeVa: 2.3322081565856934
Epoch: 137, AccTr: 0.8287000060081482, AccVa: 0.8115000128746033, CeTr: 1.964319109916687, CeVa: 2.53128719329834
Epoch: 138, AccTr: 0.8163999915122986, AccVa: 0.7929999828338623, CeTr: 2.0714292526245117, CeVa: 2.597430944442749
Epoch: 139, AccTr: 0.8267999887466431, AccVa: 0.7900000214576721, CeTr: 1.930504322052002, CeVa: 2.574883222579956
Epoch: 140, AccTr: 0.8068000078201294, AccVa: 0.7854999899864197, CeTr: 2.2246716022491455, CeVa: 2.642383575439453
ENSEMBLE | Tr_Acc: 0.9434000253677368, Tr_CE: 0.4687381386756897, Va_Acc: 0.9279999732971191, Va_CE: 0.7839952111244202
Epoch: 141, AccTr: 0.8248999714851379, AccVa: 0.8100000023841858, CeTr: 2.0769705772399902, CeVa: 2.41829252243042
Epoch: 142, AccTr: 0.8198999762535095, AccVa: 0.7860000133514404, CeTr: 2.0036919116973877, CeVa: 2.569424629211426
Epoch: 143, AccTr: 0.8098999857902527, AccVa: 0.8080000281333923, CeTr: 2.326915740966797, CeVa: 2.5569493770599365
Epoch: 144, AccTr: 0.8317999839782715, AccVa: 0.8184999823570251, CeTr: 1.8785816431045532, CeVa: 2.41619610786438
Epoch: 145, AccTr: 0.8198999762535095, AccVa: 0.8054999709129333, CeTr: 1.9875074625015259, CeVa: 2.4451327323913574
ENSEMBLE | Tr_Acc: 0.9434000253677368, Tr_CE: 0.4633374512195587, Va_Acc: 0.9275000095367432, Va_CE: 0.7855814695358276
Epoch: 146, AccTr: 0.8148999810218811, AccVa: 0.8034999966621399, CeTr: 2.165534496307373, CeVa: 2.5905120372772217
Epoch: 147, AccTr: 0.8300999999046326, AccVa: 0.8134999871253967, CeTr: 1.961380124092102, CeVa: 2.3297486305236816
Epoch: 148, AccTr: 0.8348000049591064, AccVa: 0.8109999895095825, CeTr: 1.924728274345398, CeVa: 2.5247914791107178
Epoch: 149, AccTr: 0.8181999921798706, AccVa: 0.7885000109672546, CeTr: 2.1089229583740234, CeVa: 2.6243932247161865
Epoch: 150, AccTr: 0.8047000169754028, AccVa: 0.7879999876022339, CeTr: 2.162612199783325, CeVa: 2.6357553005218506
ENSEMBLE | Tr_Acc: 0.9438999891281128, Tr_CE: 0.46098798513412476, Va_Acc: 0.9284999966621399, Va_CE: 0.7848539352416992
Epoch: 151, AccTr: 0.8269000053405762, AccVa: 0.8029999732971191, CeTr: 1.9401812553405762, CeVa: 2.3289268016815186
Epoch: 152, AccTr: 0.805400013923645, AccVa: 0.7860000133514404, CeTr: 2.383121967315674, CeVa: 2.670299768447876
Epoch: 153, AccTr: 0.8098999857902527, AccVa: 0.8004999756813049, CeTr: 2.206777334213257, CeVa: 2.5046942234039307
Epoch: 154, AccTr: 0.8215000033378601, AccVa: 0.8050000071525574, CeTr: 2.0585954189300537, CeVa: 2.3987948894500732
Epoch: 155, AccTr: 0.8198999762535095, AccVa: 0.8025000095367432, CeTr: 2.093599796295166, CeVa: 2.6068148612976074
ENSEMBLE | Tr_Acc: 0.9448000192642212, Tr_CE: 0.4588732421398163, Va_Acc: 0.9269999861717224, Va_CE: 0.7834833860397339
Epoch: 156, AccTr: 0.822700023651123, AccVa: 0.8054999709129333, CeTr: 2.162940740585327, CeVa: 2.6113696098327637
Epoch: 157, AccTr: 0.7991999983787537, AccVa: 0.7789999842643738, CeTr: 2.323291301727295, CeVa: 2.9082374572753906
Epoch: 158, AccTr: 0.7957000136375427, AccVa: 0.7770000100135803, CeTr: 2.3545727729797363, CeVa: 2.8798940181732178
Epoch: 159, AccTr: 0.7962999939918518, AccVa: 0.7795000076293945, CeTr: 2.571129322052002, CeVa: 3.0054640769958496
Epoch: 160, AccTr: 0.8227999806404114, AccVa: 0.8195000290870667, CeTr: 2.064887285232544, CeVa: 2.4593374729156494
ENSEMBLE | Tr_Acc: 0.9449999928474426, Tr_CE: 0.4555647075176239, Va_Acc: 0.9269999861717224, Va_CE: 0.7844776511192322
Epoch: 161, AccTr: 0.8237000107765198, AccVa: 0.796999990940094, CeTr: 2.0410118103027344, CeVa: 2.7644460201263428
Epoch: 162, AccTr: 0.8187000155448914, AccVa: 0.8025000095367432, CeTr: 2.2011780738830566, CeVa: 2.6627893447875977
Epoch: 163, AccTr: 0.8217999935150146, AccVa: 0.8080000281333923, CeTr: 2.005601167678833, CeVa: 2.4343247413635254
Epoch: 164, AccTr: 0.848800003528595, AccVa: 0.8295000195503235, CeTr: 1.808150053024292, CeVa: 2.2675721645355225
Epoch: 165, AccTr: 0.8248000144958496, AccVa: 0.8195000290870667, CeTr: 2.0584750175476074, CeVa: 2.396347761154175
ENSEMBLE | Tr_Acc: 0.9451000094413757, Tr_CE: 0.45396411418914795, Va_Acc: 0.9279999732971191, Va_CE: 0.7809814810752869
Epoch: 166, AccTr: 0.8051999807357788, AccVa: 0.7854999899864197, CeTr: 2.351546049118042, CeVa: 2.7679755687713623
Epoch: 167, AccTr: 0.8072999715805054, AccVa: 0.7979999780654907, CeTr: 2.262079954147339, CeVa: 2.6794936656951904
Epoch: 168, AccTr: 0.8319000005722046, AccVa: 0.8140000104904175, CeTr: 1.9441492557525635, CeVa: 2.4662961959838867
Epoch: 169, AccTr: 0.8252000212669373, AccVa: 0.7954999804496765, CeTr: 2.002476215362549, CeVa: 2.6837689876556396
Epoch: 170, AccTr: 0.8274000287055969, AccVa: 0.8044999837875366, CeTr: 1.9410464763641357, CeVa: 2.442856788635254
ENSEMBLE | Tr_Acc: 0.9447000026702881, Tr_CE: 0.4532249867916107, Va_Acc: 0.9279999732971191, Va_CE: 0.7834348082542419
Epoch: 171, AccTr: 0.8291000127792358, AccVa: 0.8130000233650208, CeTr: 2.0688979625701904, CeVa: 2.3995141983032227
Epoch: 172, AccTr: 0.7986999750137329, AccVa: 0.7724999785423279, CeTr: 2.439201593399048, CeVa: 2.8311045169830322
Epoch: 173, AccTr: 0.8267999887466431, AccVa: 0.7990000247955322, CeTr: 1.9682332277297974, CeVa: 2.5111489295959473
Epoch: 174, AccTr: 0.8276000022888184, AccVa: 0.8015000224113464, CeTr: 1.972636342048645, CeVa: 2.617427349090576
Epoch: 175, AccTr: 0.8215000033378601, AccVa: 0.8125, CeTr: 2.0298428535461426, CeVa: 2.3502843379974365
ENSEMBLE | Tr_Acc: 0.9449999928474426, Tr_CE: 0.45084139704704285, Va_Acc: 0.9290000200271606, Va_CE: 0.7819406390190125
Epoch: 176, AccTr: 0.8148999810218811, AccVa: 0.8109999895095825, CeTr: 2.216329336166382, CeVa: 2.6502068042755127
Epoch: 177, AccTr: 0.8291000127792358, AccVa: 0.8084999918937683, CeTr: 2.078495740890503, CeVa: 2.623974323272705
Epoch: 178, AccTr: 0.8215000033378601, AccVa: 0.7994999885559082, CeTr: 2.1243607997894287, CeVa: 2.6638479232788086
Epoch: 179, AccTr: 0.8259999752044678, AccVa: 0.7990000247955322, CeTr: 2.0532751083374023, CeVa: 2.699206829071045
Epoch: 180, AccTr: 0.8230999708175659, AccVa: 0.809499979019165, CeTr: 2.0752851963043213, CeVa: 2.3861501216888428
ENSEMBLE | Tr_Acc: 0.9449999928474426, Tr_CE: 0.451201856136322, Va_Acc: 0.9294999837875366, Va_CE: 0.7793251276016235
Epoch: 181, AccTr: 0.8119999766349792, AccVa: 0.7944999933242798, CeTr: 2.10144305229187, CeVa: 2.6028835773468018
Epoch: 182, AccTr: 0.8191999793052673, AccVa: 0.7870000004768372, CeTr: 2.112238883972168, CeVa: 2.6212902069091797
Epoch: 183, AccTr: 0.810699999332428, AccVa: 0.8069999814033508, CeTr: 2.2347452640533447, CeVa: 2.594651222229004
Epoch: 184, AccTr: 0.8102999925613403, AccVa: 0.7929999828338623, CeTr: 2.193474292755127, CeVa: 2.4930005073547363
Epoch: 185, AccTr: 0.8245000243186951, AccVa: 0.7889999747276306, CeTr: 2.0908896923065186, CeVa: 2.76060152053833
ENSEMBLE | Tr_Acc: 0.9451000094413757, Tr_CE: 0.44640687108039856, Va_Acc: 0.9279999732971191, Va_CE: 0.7753337621688843
Epoch: 186, AccTr: 0.816100001335144, AccVa: 0.8059999942779541, CeTr: 2.1324496269226074, CeVa: 2.410400152206421
Epoch: 187, AccTr: 0.8043000102043152, AccVa: 0.7960000038146973, CeTr: 2.3999009132385254, CeVa: 2.627973794937134
Epoch: 188, AccTr: 0.8209999799728394, AccVa: 0.8004999756813049, CeTr: 2.1108224391937256, CeVa: 2.379075765609741
Epoch: 189, AccTr: 0.8374999761581421, AccVa: 0.8245000243186951, CeTr: 1.9109737873077393, CeVa: 2.31149959564209
Epoch: 190, AccTr: 0.8266000151634216, AccVa: 0.8174999952316284, CeTr: 2.038076639175415, CeVa: 2.4625391960144043
ENSEMBLE | Tr_Acc: 0.9449999928474426, Tr_CE: 0.4449404180049896, Va_Acc: 0.9290000200271606, Va_CE: 0.7730839252471924
Epoch: 191, AccTr: 0.8317999839782715, AccVa: 0.8180000185966492, CeTr: 1.9429664611816406, CeVa: 2.4553399085998535
Epoch: 192, AccTr: 0.7662000060081482, AccVa: 0.753000020980835, CeTr: 2.891902208328247, CeVa: 3.3814969062805176
Epoch: 193, AccTr: 0.8349000215530396, AccVa: 0.8144999742507935, CeTr: 1.9620585441589355, CeVa: 2.4370055198669434
Epoch: 194, AccTr: 0.8195000290870667, AccVa: 0.8034999966621399, CeTr: 2.1391618251800537, CeVa: 2.6134700775146484
Epoch: 195, AccTr: 0.8241999745368958, AccVa: 0.8130000233650208, CeTr: 2.103947639465332, CeVa: 2.49541974067688
ENSEMBLE | Tr_Acc: 0.9458000063896179, Tr_CE: 0.4442598521709442, Va_Acc: 0.9284999966621399, Va_CE: 0.7720127701759338
Epoch: 196, AccTr: 0.8206999897956848, AccVa: 0.8075000047683716, CeTr: 2.198983669281006, CeVa: 2.584300994873047
Epoch: 197, AccTr: 0.843999981880188, AccVa: 0.8125, CeTr: 1.8333526849746704, CeVa: 2.323090076446533
Epoch: 198, AccTr: 0.7972999811172485, AccVa: 0.7914999723434448, CeTr: 2.4241960048675537, CeVa: 2.6563501358032227
Epoch: 199, AccTr: 0.8131999969482422, AccVa: 0.800000011920929, CeTr: 2.305058479309082, CeVa: 2.49845027923584
Epoch: 200, AccTr: 0.8123000264167786, AccVa: 0.8029999732971191, CeTr: 2.192544937133789, CeVa: 2.4846887588500977
ENSEMBLE | Tr_Acc: 0.9452000260353088, Tr_CE: 0.44561436772346497, Va_Acc: 0.9279999732971191, Va_CE: 0.7710747122764587
Input binarization: False
Pretrained network accuracy: 0.9786999821662903
NN CONFIG
Weight-type:		binary
Layout									Layer #1: 784	Layer #2: 280	Layer #3: 200	Layer #4: 10	
Activation Functions					Layer #1: bs	Layer #2: bs	
Keep probabilities		Layer #0: 0.93	Layer #1: 0.9	Layer #2: 0.9	
Flat factors							Layer #1: 1.0	Layer #2: 1.0	Layer #3: 1.0	
Activation Noise						Layer #1: 0.0	Layer #2: 0.0	Layer #3: 0.0	
Prior: 0.85

===================================

RUN CONFIG
Epochs: 200, Blocksize: 8

===================================

Epoch: 0, AccTr: 0.5863000154495239, AccVa: 0.5874999761581421, CeTr: 6.984643936157227, CeVa: 6.706374168395996
Epoch: 1, AccTr: 0.880299985408783, AccVa: 0.8654999732971191, CeTr: 1.2197728157043457, CeVa: 1.757256269454956
Epoch: 2, AccTr: 0.8924000263214111, AccVa: 0.8805000185966492, CeTr: 1.0930126905441284, CeVa: 1.530371069908142
Epoch: 3, AccTr: 0.8916000127792358, AccVa: 0.8615000247955322, CeTr: 1.0026496648788452, CeVa: 1.4895637035369873
Epoch: 4, AccTr: 0.8805000185966492, AccVa: 0.8684999942779541, CeTr: 1.1528091430664062, CeVa: 1.462706208229065
Epoch: 5, AccTr: 0.8544999957084656, AccVa: 0.8399999737739563, CeTr: 1.4293115139007568, CeVa: 1.9190911054611206
Epoch: 6, AccTr: 0.8651999831199646, AccVa: 0.8495000004768372, CeTr: 1.2895663976669312, CeVa: 1.5868682861328125
Epoch: 7, AccTr: 0.8589000105857849, AccVa: 0.8629999756813049, CeTr: 1.5124343633651733, CeVa: 1.7218793630599976
Epoch: 8, AccTr: 0.8646000027656555, AccVa: 0.8274999856948853, CeTr: 1.3753297328948975, CeVa: 1.9576454162597656
Epoch: 9, AccTr: 0.8665000200271606, AccVa: 0.8464999794960022, CeTr: 1.3683576583862305, CeVa: 1.8198903799057007
Epoch: 10, AccTr: 0.8510000109672546, AccVa: 0.8395000100135803, CeTr: 1.4937312602996826, CeVa: 1.7949397563934326
Epoch: 11, AccTr: 0.8450999855995178, AccVa: 0.8240000009536743, CeTr: 1.495478868484497, CeVa: 1.844069004058838
Epoch: 12, AccTr: 0.8561999797821045, AccVa: 0.843999981880188, CeTr: 1.5896027088165283, CeVa: 1.8997584581375122
Epoch: 13, AccTr: 0.8549000024795532, AccVa: 0.840499997138977, CeTr: 1.5801193714141846, CeVa: 1.8862931728363037
Epoch: 14, AccTr: 0.8382999897003174, AccVa: 0.8220000267028809, CeTr: 1.7291865348815918, CeVa: 2.2458765506744385
Epoch: 15, AccTr: 0.8445000052452087, AccVa: 0.8119999766349792, CeTr: 1.6447863578796387, CeVa: 2.3929128646850586
Epoch: 16, AccTr: 0.8490999937057495, AccVa: 0.828000009059906, CeTr: 1.702838659286499, CeVa: 2.121570110321045
Epoch: 17, AccTr: 0.8485999703407288, AccVa: 0.8259999752044678, CeTr: 1.5812839269638062, CeVa: 2.235187530517578
Epoch: 18, AccTr: 0.8396000266075134, AccVa: 0.8134999871253967, CeTr: 1.6845614910125732, CeVa: 2.1057934761047363
Epoch: 19, AccTr: 0.8497999906539917, AccVa: 0.8234999775886536, CeTr: 1.745458960533142, CeVa: 2.1516435146331787
Epoch: 20, AccTr: 0.8269000053405762, AccVa: 0.8029999732971191, CeTr: 1.7674224376678467, CeVa: 2.4902639389038086
Epoch: 21, AccTr: 0.8446999788284302, AccVa: 0.8134999871253967, CeTr: 1.6425281763076782, CeVa: 2.3252577781677246
Epoch: 22, AccTr: 0.8281999826431274, AccVa: 0.8205000162124634, CeTr: 2.0239791870117188, CeVa: 2.3844947814941406
Epoch: 23, AccTr: 0.8317000269889832, AccVa: 0.8009999990463257, CeTr: 1.8513602018356323, CeVa: 2.5103561878204346
Epoch: 24, AccTr: 0.8400999903678894, AccVa: 0.8274999856948853, CeTr: 1.8497326374053955, CeVa: 2.1414568424224854
Epoch: 25, AccTr: 0.8377000093460083, AccVa: 0.8165000081062317, CeTr: 1.8510968685150146, CeVa: 2.503077983856201
Epoch: 26, AccTr: 0.8256999850273132, AccVa: 0.8009999990463257, CeTr: 1.9919509887695312, CeVa: 2.5013058185577393
Epoch: 27, AccTr: 0.8112000226974487, AccVa: 0.8040000200271606, CeTr: 2.3221123218536377, CeVa: 2.609565496444702
Epoch: 28, AccTr: 0.8400999903678894, AccVa: 0.8209999799728394, CeTr: 1.8224103450775146, CeVa: 2.2125041484832764
Epoch: 29, AccTr: 0.8303999900817871, AccVa: 0.8109999895095825, CeTr: 1.9850367307662964, CeVa: 2.269838809967041
Epoch: 30, AccTr: 0.8407999873161316, AccVa: 0.8144999742507935, CeTr: 1.753738284111023, CeVa: 2.393627643585205
Epoch: 31, AccTr: 0.8374999761581421, AccVa: 0.8295000195503235, CeTr: 1.820020079612732, CeVa: 2.1069107055664062
Epoch: 32, AccTr: 0.8242999911308289, AccVa: 0.8184999823570251, CeTr: 2.0775063037872314, CeVa: 2.3172571659088135
Epoch: 33, AccTr: 0.8245999813079834, AccVa: 0.8115000128746033, CeTr: 1.977167010307312, CeVa: 2.335587978363037
Epoch: 34, AccTr: 0.829200029373169, AccVa: 0.8184999823570251, CeTr: 1.9092776775360107, CeVa: 2.1756131649017334
Epoch: 35, AccTr: 0.8305000066757202, AccVa: 0.8320000171661377, CeTr: 1.9337809085845947, CeVa: 1.9078242778778076
Epoch: 36, AccTr: 0.8446000218391418, AccVa: 0.8385000228881836, CeTr: 1.8254014253616333, CeVa: 2.100079298019409
Epoch: 37, AccTr: 0.8285999894142151, AccVa: 0.8195000290870667, CeTr: 2.0185508728027344, CeVa: 2.3165833950042725
Epoch: 38, AccTr: 0.8319000005722046, AccVa: 0.815500020980835, CeTr: 1.875428318977356, CeVa: 2.2981605529785156
Epoch: 39, AccTr: 0.820900022983551, AccVa: 0.8004999756813049, CeTr: 2.0305378437042236, CeVa: 2.535987138748169
Epoch: 40, AccTr: 0.833899974822998, AccVa: 0.8144999742507935, CeTr: 1.8813128471374512, CeVa: 2.2882471084594727
Epoch: 41, AccTr: 0.8173999786376953, AccVa: 0.7979999780654907, CeTr: 2.125314235687256, CeVa: 2.527250289916992
Epoch: 42, AccTr: 0.8183000087738037, AccVa: 0.7900000214576721, CeTr: 2.048856496810913, CeVa: 2.531229257583618
Epoch: 43, AccTr: 0.8077999949455261, AccVa: 0.781499981880188, CeTr: 2.2662997245788574, CeVa: 2.828916072845459
Epoch: 44, AccTr: 0.8289999961853027, AccVa: 0.7979999780654907, CeTr: 1.9752222299575806, CeVa: 2.433479070663452
Epoch: 45, AccTr: 0.8277000188827515, AccVa: 0.8199999928474426, CeTr: 1.9637227058410645, CeVa: 2.155519723892212
Epoch: 46, AccTr: 0.8345999717712402, AccVa: 0.8140000104904175, CeTr: 1.9084585905075073, CeVa: 2.353325366973877
Epoch: 47, AccTr: 0.8294000029563904, AccVa: 0.809499979019165, CeTr: 1.94743013381958, CeVa: 2.327969551086426
Epoch: 48, AccTr: 0.8327999711036682, AccVa: 0.8090000152587891, CeTr: 1.8380157947540283, CeVa: 2.4542105197906494
Epoch: 49, AccTr: 0.8014000058174133, AccVa: 0.7649999856948853, CeTr: 2.289092540740967, CeVa: 2.797335624694824
Epoch: 50, AccTr: 0.8361999988555908, AccVa: 0.8255000114440918, CeTr: 1.8166109323501587, CeVa: 2.221095085144043
ENSEMBLE | Tr_Acc: 0.8361999988555908, Tr_CE: 1.8166109323501587, Va_Acc: 0.8255000114440918, Va_CE: 2.221095085144043
Epoch: 51, AccTr: 0.7960000038146973, AccVa: 0.7854999899864197, CeTr: 2.4039695262908936, CeVa: 2.857085943222046
Epoch: 52, AccTr: 0.8269000053405762, AccVa: 0.8029999732971191, CeTr: 1.9115290641784668, CeVa: 2.4344465732574463
Epoch: 53, AccTr: 0.8159999847412109, AccVa: 0.7979999780654907, CeTr: 2.274118423461914, CeVa: 2.7169947624206543
Epoch: 54, AccTr: 0.8181999921798706, AccVa: 0.7979999780654907, CeTr: 2.1296985149383545, CeVa: 2.572774648666382
Epoch: 55, AccTr: 0.8233000040054321, AccVa: 0.8054999709129333, CeTr: 1.9104795455932617, CeVa: 2.3960154056549072
ENSEMBLE | Tr_Acc: 0.8928999900817871, Tr_CE: 0.9934232234954834, Va_Acc: 0.8709999918937683, Va_CE: 1.3678898811340332
Epoch: 56, AccTr: 0.8296999931335449, AccVa: 0.8100000023841858, CeTr: 1.916918396949768, CeVa: 2.308943510055542
Epoch: 57, AccTr: 0.8274000287055969, AccVa: 0.8100000023841858, CeTr: 1.9995769262313843, CeVa: 2.4032344818115234
Epoch: 58, AccTr: 0.8294000029563904, AccVa: 0.7990000247955322, CeTr: 1.8677287101745605, CeVa: 2.3974826335906982
Epoch: 59, AccTr: 0.8054999709129333, AccVa: 0.7894999980926514, CeTr: 2.3602213859558105, CeVa: 2.9178497791290283
Epoch: 60, AccTr: 0.8087999820709229, AccVa: 0.7850000262260437, CeTr: 2.1820759773254395, CeVa: 2.8087172508239746
ENSEMBLE | Tr_Acc: 0.9143000245094299, Tr_CE: 0.753211259841919, Va_Acc: 0.8889999985694885, Va_CE: 1.1060669422149658
Epoch: 61, AccTr: 0.8205000162124634, AccVa: 0.7975000143051147, CeTr: 2.093214511871338, CeVa: 2.432785749435425
Epoch: 62, AccTr: 0.8349000215530396, AccVa: 0.815500020980835, CeTr: 1.8608578443527222, CeVa: 2.331502914428711
Epoch: 63, AccTr: 0.8238999843597412, AccVa: 0.8029999732971191, CeTr: 2.0232698917388916, CeVa: 2.524981737136841
