Input binarization: False
Pretrained network accuracy: 0.9887999892234802
NN CONFIG
Weight-type:		binary
Layout									Layer #1: 784	Layer #2: 280	Layer #3: 200	Layer #4: 10	
Activation Functions					Layer #1: bs	Layer #2: bs	
Keep probabilities		Layer #0: 0.9500000000000001	Layer #1: 0.9	Layer #2: 0.9	
Flat factors							Layer #1: 1.0	Layer #2: 1.0	Layer #3: 1.0	
Activation Noise						Layer #1: 0.0	Layer #2: 0.0	Layer #3: 0.0	
Prior: 0.85

===================================

RUN CONFIG
Epochs: 200, Blocksize: 8

===================================

Epoch: 0, AccTr: 0.5824999809265137, AccVa: 0.5805000066757202, CeTr: 6.430276393890381, CeVa: 6.418893337249756
Epoch: 1, AccTr: 0.8787000179290771, AccVa: 0.8579999804496765, CeTr: 1.0835645198822021, CeVa: 1.546337604522705
Epoch: 2, AccTr: 0.8978000283241272, AccVa: 0.8715000152587891, CeTr: 0.888306736946106, CeVa: 1.4561009407043457
Epoch: 3, AccTr: 0.8920000195503235, AccVa: 0.8565000295639038, CeTr: 0.9190908074378967, CeVa: 1.4441065788269043
Epoch: 4, AccTr: 0.9067000150680542, AccVa: 0.8799999952316284, CeTr: 0.8389776349067688, CeVa: 1.5091933012008667
Epoch: 5, AccTr: 0.8878999948501587, AccVa: 0.8539999723434448, CeTr: 1.003419280052185, CeVa: 1.6626100540161133
Epoch: 6, AccTr: 0.8792999982833862, AccVa: 0.8560000061988831, CeTr: 1.0567561388015747, CeVa: 1.6052736043930054
Epoch: 7, AccTr: 0.8766999840736389, AccVa: 0.8489999771118164, CeTr: 1.115404486656189, CeVa: 1.4847179651260376
Epoch: 8, AccTr: 0.8827000260353088, AccVa: 0.8575000166893005, CeTr: 1.089218020439148, CeVa: 1.705964207649231
Epoch: 9, AccTr: 0.8938000202178955, AccVa: 0.8700000047683716, CeTr: 1.0159229040145874, CeVa: 1.53348970413208
Epoch: 10, AccTr: 0.876800000667572, AccVa: 0.8619999885559082, CeTr: 1.223845362663269, CeVa: 1.6932684183120728
Epoch: 11, AccTr: 0.859000027179718, AccVa: 0.8295000195503235, CeTr: 1.4736273288726807, CeVa: 2.246760606765747
Epoch: 12, AccTr: 0.8665000200271606, AccVa: 0.8374999761581421, CeTr: 1.4965684413909912, CeVa: 1.9321885108947754
Epoch: 13, AccTr: 0.8697999715805054, AccVa: 0.8475000262260437, CeTr: 1.3704136610031128, CeVa: 1.7290265560150146
Epoch: 14, AccTr: 0.8560000061988831, AccVa: 0.8314999938011169, CeTr: 1.5573923587799072, CeVa: 1.959889531135559
Epoch: 15, AccTr: 0.8543000221252441, AccVa: 0.8144999742507935, CeTr: 1.4680970907211304, CeVa: 2.088630437850952
Epoch: 16, AccTr: 0.8664000034332275, AccVa: 0.8364999890327454, CeTr: 1.386642336845398, CeVa: 2.0474987030029297
Epoch: 17, AccTr: 0.8636999726295471, AccVa: 0.828499972820282, CeTr: 1.481671929359436, CeVa: 2.1807773113250732
Epoch: 18, AccTr: 0.843999981880188, AccVa: 0.8199999928474426, CeTr: 1.6743230819702148, CeVa: 2.1475257873535156
Epoch: 19, AccTr: 0.8461999893188477, AccVa: 0.8075000047683716, CeTr: 1.6297707557678223, CeVa: 2.3016765117645264
Epoch: 20, AccTr: 0.8521000146865845, AccVa: 0.8270000219345093, CeTr: 1.4882501363754272, CeVa: 2.2413294315338135
Epoch: 21, AccTr: 0.8632000088691711, AccVa: 0.8245000243186951, CeTr: 1.4766546487808228, CeVa: 2.19650936126709
Epoch: 22, AccTr: 0.8608999848365784, AccVa: 0.8330000042915344, CeTr: 1.4572349786758423, CeVa: 2.124070644378662
Epoch: 23, AccTr: 0.8489999771118164, AccVa: 0.824999988079071, CeTr: 1.6285781860351562, CeVa: 1.9790822267532349
Epoch: 24, AccTr: 0.8220999836921692, AccVa: 0.8309999704360962, CeTr: 2.0400681495666504, CeVa: 2.2298038005828857
Epoch: 25, AccTr: 0.8378000259399414, AccVa: 0.8259999752044678, CeTr: 1.846542239189148, CeVa: 2.232118844985962
Epoch: 26, AccTr: 0.8511000275611877, AccVa: 0.8209999799728394, CeTr: 1.6528816223144531, CeVa: 2.2287778854370117
Epoch: 27, AccTr: 0.8522999882698059, AccVa: 0.8295000195503235, CeTr: 1.6254106760025024, CeVa: 1.9783451557159424
Epoch: 28, AccTr: 0.8334000110626221, AccVa: 0.8090000152587891, CeTr: 1.8827714920043945, CeVa: 2.3686389923095703
Epoch: 29, AccTr: 0.852400004863739, AccVa: 0.8240000009536743, CeTr: 1.7127515077590942, CeVa: 2.4473795890808105
Epoch: 30, AccTr: 0.8472999930381775, AccVa: 0.8169999718666077, CeTr: 1.8505041599273682, CeVa: 2.4068641662597656
Epoch: 31, AccTr: 0.840499997138977, AccVa: 0.8205000162124634, CeTr: 1.8176380395889282, CeVa: 2.2825658321380615
Epoch: 32, AccTr: 0.8367999792098999, AccVa: 0.8349999785423279, CeTr: 1.8950847387313843, CeVa: 2.2837798595428467
Epoch: 33, AccTr: 0.8483999967575073, AccVa: 0.8305000066757202, CeTr: 1.7986699342727661, CeVa: 2.3195271492004395
Epoch: 34, AccTr: 0.8549000024795532, AccVa: 0.8215000033378601, CeTr: 1.7109086513519287, CeVa: 2.2700839042663574
Epoch: 35, AccTr: 0.833899974822998, AccVa: 0.8065000176429749, CeTr: 1.8530668020248413, CeVa: 2.5174670219421387
Epoch: 36, AccTr: 0.8278999924659729, AccVa: 0.8069999814033508, CeTr: 1.8671425580978394, CeVa: 2.430030345916748
Epoch: 37, AccTr: 0.8302000164985657, AccVa: 0.8119999766349792, CeTr: 1.914527177810669, CeVa: 2.3554346561431885
Epoch: 38, AccTr: 0.8343999981880188, AccVa: 0.8130000233650208, CeTr: 1.9690672159194946, CeVa: 2.3003764152526855
Epoch: 39, AccTr: 0.8335000276565552, AccVa: 0.8115000128746033, CeTr: 1.9155648946762085, CeVa: 2.3202290534973145
Epoch: 40, AccTr: 0.8235999941825867, AccVa: 0.7954999804496765, CeTr: 2.009248733520508, CeVa: 2.497133255004883
Epoch: 41, AccTr: 0.848800003528595, AccVa: 0.8259999752044678, CeTr: 1.694111704826355, CeVa: 2.204587936401367
Epoch: 42, AccTr: 0.8149999976158142, AccVa: 0.7875000238418579, CeTr: 2.142773389816284, CeVa: 2.7006285190582275
Epoch: 43, AccTr: 0.8352000117301941, AccVa: 0.8180000185966492, CeTr: 1.8365898132324219, CeVa: 2.3315658569335938
Epoch: 44, AccTr: 0.8418999910354614, AccVa: 0.824999988079071, CeTr: 1.7218148708343506, CeVa: 2.198890447616577
Epoch: 45, AccTr: 0.8526999950408936, AccVa: 0.8255000114440918, CeTr: 1.6424992084503174, CeVa: 2.4263298511505127
Epoch: 46, AccTr: 0.8210999965667725, AccVa: 0.8090000152587891, CeTr: 2.0443661212921143, CeVa: 2.4556219577789307
Epoch: 47, AccTr: 0.8550000190734863, AccVa: 0.8224999904632568, CeTr: 1.564927577972412, CeVa: 2.1510963439941406
Epoch: 48, AccTr: 0.836899995803833, AccVa: 0.7994999885559082, CeTr: 1.7569242715835571, CeVa: 2.587632417678833
Epoch: 49, AccTr: 0.8320000171661377, AccVa: 0.7994999885559082, CeTr: 1.9435800313949585, CeVa: 2.7798526287078857
Epoch: 50, AccTr: 0.8396000266075134, AccVa: 0.8115000128746033, CeTr: 1.8712726831436157, CeVa: 2.507594108581543
ENSEMBLE | Tr_Acc: 0.8396000266075134, Tr_CE: 1.8712726831436157, Va_Acc: 0.8115000128746033, Va_CE: 2.507594108581543
Epoch: 51, AccTr: 0.8518000245094299, AccVa: 0.8259999752044678, CeTr: 1.6294784545898438, CeVa: 2.1526055335998535
Epoch: 52, AccTr: 0.8203999996185303, AccVa: 0.800000011920929, CeTr: 1.9493540525436401, CeVa: 2.428908109664917
Epoch: 53, AccTr: 0.8413000106811523, AccVa: 0.8144999742507935, CeTr: 1.7640470266342163, CeVa: 2.240577220916748
Epoch: 54, AccTr: 0.8274000287055969, AccVa: 0.7985000014305115, CeTr: 1.9267568588256836, CeVa: 2.5175251960754395
Epoch: 55, AccTr: 0.8144999742507935, AccVa: 0.7935000061988831, CeTr: 2.0167932510375977, CeVa: 2.676340341567993
ENSEMBLE | Tr_Acc: 0.8898000121116638, Tr_CE: 1.0451642274856567, Va_Acc: 0.8634999990463257, Va_CE: 1.6761059761047363
Epoch: 56, AccTr: 0.8474000096321106, AccVa: 0.8274999856948853, CeTr: 1.745591640472412, CeVa: 2.0543787479400635
Epoch: 57, AccTr: 0.8396999835968018, AccVa: 0.8245000243186951, CeTr: 1.8596222400665283, CeVa: 2.1971511840820312
Epoch: 58, AccTr: 0.8402000069618225, AccVa: 0.8119999766349792, CeTr: 1.9051727056503296, CeVa: 2.2612414360046387
Epoch: 59, AccTr: 0.8445000052452087, AccVa: 0.8205000162124634, CeTr: 1.7651602029800415, CeVa: 2.219362258911133
Epoch: 60, AccTr: 0.8310999870300293, AccVa: 0.8115000128746033, CeTr: 1.8948414325714111, CeVa: 2.4016358852386475
ENSEMBLE | Tr_Acc: 0.9154999852180481, Tr_CE: 0.7434513568878174, Va_Acc: 0.8934999704360962, Va_CE: 1.2560312747955322
Epoch: 61, AccTr: 0.8281000256538391, AccVa: 0.8245000243186951, CeTr: 1.8972878456115723, CeVa: 2.3154616355895996
Epoch: 62, AccTr: 0.8377000093460083, AccVa: 0.8274999856948853, CeTr: 1.8307324647903442, CeVa: 2.1878321170806885
Epoch: 63, AccTr: 0.814300000667572, AccVa: 0.8019999861717224, CeTr: 2.125931978225708, CeVa: 2.5116050243377686
Epoch: 64, AccTr: 0.8389000296592712, AccVa: 0.8180000185966492, CeTr: 1.850955843925476, CeVa: 2.391249418258667
Epoch: 65, AccTr: 0.8238999843597412, AccVa: 0.7914999723434448, CeTr: 2.003720283508301, CeVa: 2.6115047931671143
ENSEMBLE | Tr_Acc: 0.9251999855041504, Tr_CE: 0.6505150198936462, Va_Acc: 0.8964999914169312, Va_CE: 1.1719516515731812
Epoch: 66, AccTr: 0.8289999961853027, AccVa: 0.7975000143051147, CeTr: 1.8647173643112183, CeVa: 2.4865870475769043
Epoch: 67, AccTr: 0.8086000084877014, AccVa: 0.7975000143051147, CeTr: 2.060582399368286, CeVa: 2.4885103702545166
Epoch: 68, AccTr: 0.8188999891281128, AccVa: 0.809499979019165, CeTr: 1.9862226247787476, CeVa: 2.3344063758850098
Epoch: 69, AccTr: 0.8349000215530396, AccVa: 0.7975000143051147, CeTr: 1.8029078245162964, CeVa: 2.4575209617614746
Epoch: 70, AccTr: 0.8374000191688538, AccVa: 0.8105000257492065, CeTr: 1.824766993522644, CeVa: 2.3100225925445557
ENSEMBLE | Tr_Acc: 0.9297999739646912, Tr_CE: 0.5881038904190063, Va_Acc: 0.9045000076293945, Va_CE: 1.0584020614624023
Epoch: 71, AccTr: 0.8422999978065491, AccVa: 0.828000009059906, CeTr: 1.8764764070510864, CeVa: 2.269501209259033
Epoch: 72, AccTr: 0.8342999815940857, AccVa: 0.7985000014305115, CeTr: 1.9161232709884644, CeVa: 2.5558011531829834
Epoch: 73, AccTr: 0.840499997138977, AccVa: 0.8230000138282776, CeTr: 1.6878578662872314, CeVa: 2.1396563053131104
Epoch: 74, AccTr: 0.8427000045776367, AccVa: 0.8144999742507935, CeTr: 1.750756025314331, CeVa: 2.3390445709228516
Epoch: 75, AccTr: 0.8163999915122986, AccVa: 0.7885000109672546, CeTr: 1.9969286918640137, CeVa: 2.456230878829956
ENSEMBLE | Tr_Acc: 0.9348999857902527, Tr_CE: 0.5393215417861938, Va_Acc: 0.909500002861023, Va_CE: 0.9715403914451599
Epoch: 76, AccTr: 0.8414000272750854, AccVa: 0.8184999823570251, CeTr: 1.7958576679229736, CeVa: 2.1389551162719727
Epoch: 77, AccTr: 0.8392000198364258, AccVa: 0.8025000095367432, CeTr: 1.7801376581192017, CeVa: 2.47749662399292
Epoch: 78, AccTr: 0.8513000011444092, AccVa: 0.8205000162124634, CeTr: 1.6140904426574707, CeVa: 2.3143250942230225
Epoch: 79, AccTr: 0.8510000109672546, AccVa: 0.8264999985694885, CeTr: 1.6773605346679688, CeVa: 2.2740628719329834
Epoch: 80, AccTr: 0.8392000198364258, AccVa: 0.8165000081062317, CeTr: 1.7471566200256348, CeVa: 2.289595127105713
ENSEMBLE | Tr_Acc: 0.9379000067710876, Tr_CE: 0.5076944231987, Va_Acc: 0.9114999771118164, Va_CE: 0.9361845850944519
Epoch: 81, AccTr: 0.8264999985694885, AccVa: 0.8125, CeTr: 1.9178335666656494, CeVa: 2.3686816692352295
Epoch: 82, AccTr: 0.8425999879837036, AccVa: 0.8180000185966492, CeTr: 1.7034012079238892, CeVa: 2.245046377182007
Epoch: 83, AccTr: 0.8281999826431274, AccVa: 0.8125, CeTr: 1.7950571775436401, CeVa: 2.2464001178741455
Epoch: 84, AccTr: 0.833299994468689, AccVa: 0.8234999775886536, CeTr: 1.7827918529510498, CeVa: 2.2474095821380615
Epoch: 85, AccTr: 0.8274000287055969, AccVa: 0.7910000085830688, CeTr: 1.9683517217636108, CeVa: 2.642617702484131
ENSEMBLE | Tr_Acc: 0.9405999779701233, Tr_CE: 0.4824882745742798, Va_Acc: 0.9135000109672546, Va_CE: 0.889579176902771
Epoch: 86, AccTr: 0.8216999769210815, AccVa: 0.7960000038146973, CeTr: 2.1176393032073975, CeVa: 2.7132084369659424
Epoch: 87, AccTr: 0.8366000056266785, AccVa: 0.8184999823570251, CeTr: 1.8336255550384521, CeVa: 2.1708195209503174
Epoch: 88, AccTr: 0.8307999968528748, AccVa: 0.8080000281333923, CeTr: 1.871161937713623, CeVa: 2.2893588542938232
Epoch: 89, AccTr: 0.8409000039100647, AccVa: 0.8084999918937683, CeTr: 1.8244322538375854, CeVa: 2.353835105895996
Epoch: 90, AccTr: 0.8458999991416931, AccVa: 0.815500020980835, CeTr: 1.73549222946167, CeVa: 2.4218766689300537
ENSEMBLE | Tr_Acc: 0.9408000111579895, Tr_CE: 0.46554872393608093, Va_Acc: 0.9154999852180481, Va_CE: 0.872184693813324
Epoch: 91, AccTr: 0.8406000137329102, AccVa: 0.8105000257492065, CeTr: 1.7643638849258423, CeVa: 2.4819178581237793
Epoch: 92, AccTr: 0.8190000057220459, AccVa: 0.7940000295639038, CeTr: 2.17825984954834, CeVa: 2.840339422225952
Epoch: 93, AccTr: 0.820900022983551, AccVa: 0.8054999709129333, CeTr: 1.9450594186782837, CeVa: 2.369967222213745
Epoch: 94, AccTr: 0.8258000016212463, AccVa: 0.8090000152587891, CeTr: 2.0357308387756348, CeVa: 2.4134750366210938
Epoch: 95, AccTr: 0.840399980545044, AccVa: 0.7994999885559082, CeTr: 1.7422939538955688, CeVa: 2.2934885025024414
ENSEMBLE | Tr_Acc: 0.9437000155448914, Tr_CE: 0.45382294058799744, Va_Acc: 0.9175000190734863, Va_CE: 0.8446661233901978
Epoch: 96, AccTr: 0.8420000076293945, AccVa: 0.8025000095367432, CeTr: 1.723738670349121, CeVa: 2.5024118423461914
Epoch: 97, AccTr: 0.8463000059127808, AccVa: 0.8259999752044678, CeTr: 1.7344664335250854, CeVa: 2.2528016567230225
Epoch: 98, AccTr: 0.8331000208854675, AccVa: 0.8134999871253967, CeTr: 1.9627456665039062, CeVa: 2.4305226802825928
Epoch: 99, AccTr: 0.8374000191688538, AccVa: 0.8205000162124634, CeTr: 1.8243064880371094, CeVa: 2.2811174392700195
Epoch: 100, AccTr: 0.8269000053405762, AccVa: 0.8025000095367432, CeTr: 1.9837898015975952, CeVa: 2.4242637157440186
ENSEMBLE | Tr_Acc: 0.9434999823570251, Tr_CE: 0.44780293107032776, Va_Acc: 0.9185000061988831, Va_CE: 0.8336507081985474
Epoch: 101, AccTr: 0.8314999938011169, AccVa: 0.8105000257492065, CeTr: 1.8823117017745972, CeVa: 2.32939076423645
Epoch: 102, AccTr: 0.8270999789237976, AccVa: 0.8059999942779541, CeTr: 2.0235071182250977, CeVa: 2.5667471885681152
Epoch: 103, AccTr: 0.821399986743927, AccVa: 0.7985000014305115, CeTr: 2.0575897693634033, CeVa: 2.690437078475952
Epoch: 104, AccTr: 0.8424000144004822, AccVa: 0.8264999985694885, CeTr: 1.7624863386154175, CeVa: 2.282331943511963
Epoch: 105, AccTr: 0.8331999778747559, AccVa: 0.8149999976158142, CeTr: 1.8090373277664185, CeVa: 2.2470784187316895
ENSEMBLE | Tr_Acc: 0.9444000124931335, Tr_CE: 0.43263739347457886, Va_Acc: 0.9194999933242798, Va_CE: 0.8283191919326782
Epoch: 106, AccTr: 0.8417999744415283, AccVa: 0.824999988079071, CeTr: 1.8387129306793213, CeVa: 2.3125691413879395
Epoch: 107, AccTr: 0.8436999917030334, AccVa: 0.8314999938011169, CeTr: 1.7430588006973267, CeVa: 2.2147293090820312
Epoch: 108, AccTr: 0.8305000066757202, AccVa: 0.8015000224113464, CeTr: 1.9700480699539185, CeVa: 2.6187920570373535
Epoch: 109, AccTr: 0.786899983882904, AccVa: 0.7630000114440918, CeTr: 2.5298378467559814, CeVa: 3.0455098152160645
Epoch: 110, AccTr: 0.8281999826431274, AccVa: 0.8115000128746033, CeTr: 1.9136019945144653, CeVa: 2.4385690689086914
ENSEMBLE | Tr_Acc: 0.9462000131607056, Tr_CE: 0.42406830191612244, Va_Acc: 0.921500027179718, Va_CE: 0.8171322345733643
Epoch: 111, AccTr: 0.8296999931335449, AccVa: 0.8165000081062317, CeTr: 1.9737606048583984, CeVa: 2.327225685119629
Epoch: 112, AccTr: 0.8479999899864197, AccVa: 0.828499972820282, CeTr: 1.7627885341644287, CeVa: 2.1904053688049316
Epoch: 113, AccTr: 0.8287000060081482, AccVa: 0.8015000224113464, CeTr: 1.8415857553482056, CeVa: 2.3141977787017822
Epoch: 114, AccTr: 0.8445000052452087, AccVa: 0.8184999823570251, CeTr: 1.7286105155944824, CeVa: 2.2827703952789307
Epoch: 115, AccTr: 0.8242999911308289, AccVa: 0.7904999852180481, CeTr: 1.9968291521072388, CeVa: 2.50408673286438
ENSEMBLE | Tr_Acc: 0.9474999904632568, Tr_CE: 0.4153567850589752, Va_Acc: 0.921999990940094, Va_CE: 0.8099117875099182
Epoch: 116, AccTr: 0.8343999981880188, AccVa: 0.8240000009536743, CeTr: 1.8764269351959229, CeVa: 2.259748935699463
Epoch: 117, AccTr: 0.824400007724762, AccVa: 0.8159999847412109, CeTr: 1.9326202869415283, CeVa: 2.3816399574279785
Epoch: 118, AccTr: 0.8324999809265137, AccVa: 0.8169999718666077, CeTr: 2.0142972469329834, CeVa: 2.507338285446167
Epoch: 119, AccTr: 0.8378000259399414, AccVa: 0.8245000243186951, CeTr: 1.806518316268921, CeVa: 2.3904836177825928
Epoch: 120, AccTr: 0.8428000211715698, AccVa: 0.8299999833106995, CeTr: 1.9095687866210938, CeVa: 2.3663179874420166
ENSEMBLE | Tr_Acc: 0.9480000138282776, Tr_CE: 0.4143906831741333, Va_Acc: 0.9229999780654907, Va_CE: 0.8069288730621338
Epoch: 121, AccTr: 0.8367000222206116, AccVa: 0.8220000267028809, CeTr: 1.9163836240768433, CeVa: 2.1943142414093018
Epoch: 122, AccTr: 0.8274000287055969, AccVa: 0.809499979019165, CeTr: 1.9098026752471924, CeVa: 2.4113540649414062
Epoch: 123, AccTr: 0.824999988079071, AccVa: 0.8065000176429749, CeTr: 2.013091802597046, CeVa: 2.4214537143707275
Epoch: 124, AccTr: 0.8098999857902527, AccVa: 0.8004999756813049, CeTr: 2.1872711181640625, CeVa: 2.5572593212127686
Epoch: 125, AccTr: 0.8327000141143799, AccVa: 0.828499972820282, CeTr: 1.889756202697754, CeVa: 2.1757500171661377
ENSEMBLE | Tr_Acc: 0.948199987411499, Tr_CE: 0.4093351662158966, Va_Acc: 0.9225000143051147, Va_CE: 0.801044762134552
Epoch: 126, AccTr: 0.8227999806404114, AccVa: 0.8080000281333923, CeTr: 1.9848476648330688, CeVa: 2.4137187004089355
Epoch: 127, AccTr: 0.8355000019073486, AccVa: 0.8119999766349792, CeTr: 1.9034669399261475, CeVa: 2.435953378677368
Epoch: 128, AccTr: 0.8260999917984009, AccVa: 0.809499979019165, CeTr: 2.058580160140991, CeVa: 2.562056541442871
Epoch: 129, AccTr: 0.8410999774932861, AccVa: 0.8345000147819519, CeTr: 1.7824887037277222, CeVa: 2.19787859916687
Epoch: 130, AccTr: 0.8456000089645386, AccVa: 0.8305000066757202, CeTr: 1.657002568244934, CeVa: 2.1744675636291504
ENSEMBLE | Tr_Acc: 0.9466999769210815, Tr_CE: 0.4028623402118683, Va_Acc: 0.9204999804496765, Va_CE: 0.7937465906143188
Epoch: 131, AccTr: 0.8400999903678894, AccVa: 0.8240000009536743, CeTr: 1.891871452331543, CeVa: 2.1462490558624268
Epoch: 132, AccTr: 0.8422999978065491, AccVa: 0.8165000081062317, CeTr: 1.8132874965667725, CeVa: 2.421391010284424
Epoch: 133, AccTr: 0.8422999978065491, AccVa: 0.8330000042915344, CeTr: 1.9006452560424805, CeVa: 2.217573881149292
Epoch: 134, AccTr: 0.8406000137329102, AccVa: 0.8105000257492065, CeTr: 1.8535183668136597, CeVa: 2.4896724224090576
Epoch: 135, AccTr: 0.8375999927520752, AccVa: 0.8149999976158142, CeTr: 1.9031964540481567, CeVa: 2.448519468307495
ENSEMBLE | Tr_Acc: 0.9490000009536743, Tr_CE: 0.3986416459083557, Va_Acc: 0.9225000143051147, Va_CE: 0.7941181659698486
Epoch: 136, AccTr: 0.8314999938011169, AccVa: 0.8190000057220459, CeTr: 1.9283894300460815, CeVa: 2.4664642810821533
Epoch: 137, AccTr: 0.8374000191688538, AccVa: 0.8174999952316284, CeTr: 1.771022081375122, CeVa: 2.3092031478881836
Epoch: 138, AccTr: 0.8032000064849854, AccVa: 0.7774999737739563, CeTr: 2.273463726043701, CeVa: 2.7530250549316406
Epoch: 139, AccTr: 0.8194000124931335, AccVa: 0.8090000152587891, CeTr: 2.0689802169799805, CeVa: 2.392063617706299
Epoch: 140, AccTr: 0.8202000260353088, AccVa: 0.7839999794960022, CeTr: 2.0186610221862793, CeVa: 2.586233377456665
ENSEMBLE | Tr_Acc: 0.9496999979019165, Tr_CE: 0.39659667015075684, Va_Acc: 0.9240000247955322, Va_CE: 0.7872529625892639
Epoch: 141, AccTr: 0.7962999939918518, AccVa: 0.7835000157356262, CeTr: 2.4115512371063232, CeVa: 2.692627429962158
Epoch: 142, AccTr: 0.8360000252723694, AccVa: 0.8109999895095825, CeTr: 1.881513237953186, CeVa: 2.5189096927642822
Epoch: 143, AccTr: 0.8126000165939331, AccVa: 0.7935000061988831, CeTr: 2.1823062896728516, CeVa: 2.5457119941711426
Epoch: 144, AccTr: 0.8425999879837036, AccVa: 0.8159999847412109, CeTr: 1.7328015565872192, CeVa: 2.307569742202759
Epoch: 145, AccTr: 0.8375999927520752, AccVa: 0.8174999952316284, CeTr: 1.8826355934143066, CeVa: 2.3268165588378906
ENSEMBLE | Tr_Acc: 0.9498000144958496, Tr_CE: 0.3942200541496277, Va_Acc: 0.925000011920929, Va_CE: 0.787819504737854
Epoch: 146, AccTr: 0.8402000069618225, AccVa: 0.8220000267028809, CeTr: 1.8905609846115112, CeVa: 2.246065616607666
Epoch: 147, AccTr: 0.8465999960899353, AccVa: 0.8215000033378601, CeTr: 1.77140212059021, CeVa: 2.176253318786621
Epoch: 148, AccTr: 0.8238000273704529, AccVa: 0.8080000281333923, CeTr: 2.00772762298584, CeVa: 2.1953771114349365
Epoch: 149, AccTr: 0.7930999994277954, AccVa: 0.7749999761581421, CeTr: 2.4828507900238037, CeVa: 2.9759769439697266
Epoch: 150, AccTr: 0.8320000171661377, AccVa: 0.8289999961853027, CeTr: 1.95137619972229, CeVa: 2.3253822326660156
ENSEMBLE | Tr_Acc: 0.9495000243186951, Tr_CE: 0.39606982469558716, Va_Acc: 0.9265000224113464, Va_CE: 0.7890703678131104
Epoch: 151, AccTr: 0.8363999724388123, AccVa: 0.8395000100135803, CeTr: 1.8134562969207764, CeVa: 2.181452989578247
Epoch: 152, AccTr: 0.828499972820282, AccVa: 0.809499979019165, CeTr: 1.842209815979004, CeVa: 2.277543306350708
Epoch: 153, AccTr: 0.8482999801635742, AccVa: 0.8195000290870667, CeTr: 1.6474570035934448, CeVa: 2.2828798294067383
Epoch: 154, AccTr: 0.826200008392334, AccVa: 0.7900000214576721, CeTr: 2.003446340560913, CeVa: 2.7235283851623535
Epoch: 155, AccTr: 0.8341000080108643, AccVa: 0.8054999709129333, CeTr: 1.8394230604171753, CeVa: 2.2396469116210938
ENSEMBLE | Tr_Acc: 0.9498000144958496, Tr_CE: 0.39497578144073486, Va_Acc: 0.9269999861717224, Va_CE: 0.7831323146820068
Epoch: 156, AccTr: 0.8374999761581421, AccVa: 0.8165000081062317, CeTr: 1.759124755859375, CeVa: 2.2679765224456787
Epoch: 157, AccTr: 0.8456000089645386, AccVa: 0.8230000138282776, CeTr: 1.698701024055481, CeVa: 2.124854326248169
Epoch: 158, AccTr: 0.8317000269889832, AccVa: 0.8224999904632568, CeTr: 1.89400315284729, CeVa: 2.1774325370788574
Epoch: 159, AccTr: 0.8259000182151794, AccVa: 0.7864999771118164, CeTr: 1.9146174192428589, CeVa: 2.4728057384490967
Epoch: 160, AccTr: 0.8489999771118164, AccVa: 0.8215000033378601, CeTr: 1.702020525932312, CeVa: 2.246155261993408
ENSEMBLE | Tr_Acc: 0.9498000144958496, Tr_CE: 0.3918941915035248, Va_Acc: 0.9279999732971191, Va_CE: 0.780097484588623
Epoch: 161, AccTr: 0.8389000296592712, AccVa: 0.8159999847412109, CeTr: 1.7068229913711548, CeVa: 2.279130458831787
Epoch: 162, AccTr: 0.835099995136261, AccVa: 0.8169999718666077, CeTr: 1.8632570505142212, CeVa: 2.3768198490142822
Epoch: 163, AccTr: 0.8521999716758728, AccVa: 0.8234999775886536, CeTr: 1.6064667701721191, CeVa: 2.257042646408081
Epoch: 164, AccTr: 0.8432000279426575, AccVa: 0.8274999856948853, CeTr: 1.9357322454452515, CeVa: 2.351344108581543
Epoch: 165, AccTr: 0.8190000057220459, AccVa: 0.7854999899864197, CeTr: 1.957459807395935, CeVa: 2.6946513652801514
ENSEMBLE | Tr_Acc: 0.9495999813079834, Tr_CE: 0.39042049646377563, Va_Acc: 0.9259999990463257, Va_CE: 0.7843178510665894
Epoch: 166, AccTr: 0.8260999917984009, AccVa: 0.7910000085830688, CeTr: 1.9875160455703735, CeVa: 2.6005048751831055
Epoch: 167, AccTr: 0.8230999708175659, AccVa: 0.8050000071525574, CeTr: 2.088444709777832, CeVa: 2.615476608276367
Epoch: 168, AccTr: 0.8428999781608582, AccVa: 0.8215000033378601, CeTr: 1.7264091968536377, CeVa: 2.164876699447632
Epoch: 169, AccTr: 0.838699996471405, AccVa: 0.8245000243186951, CeTr: 1.831728458404541, CeVa: 2.324398994445801
Epoch: 170, AccTr: 0.8513000011444092, AccVa: 0.8195000290870667, CeTr: 1.6109070777893066, CeVa: 2.3550779819488525
ENSEMBLE | Tr_Acc: 0.9502000212669373, Tr_CE: 0.3870692849159241, Va_Acc: 0.9275000095367432, Va_CE: 0.7870312929153442
Epoch: 171, AccTr: 0.8307999968528748, AccVa: 0.8109999895095825, CeTr: 1.944366455078125, CeVa: 2.3451132774353027
Epoch: 172, AccTr: 0.8348000049591064, AccVa: 0.8180000185966492, CeTr: 1.9768519401550293, CeVa: 2.3859591484069824
Epoch: 173, AccTr: 0.8427000045776367, AccVa: 0.8195000290870667, CeTr: 1.8807812929153442, CeVa: 2.3872694969177246
Epoch: 174, AccTr: 0.839900016784668, AccVa: 0.8305000066757202, CeTr: 1.9409533739089966, CeVa: 2.35129714012146
Epoch: 175, AccTr: 0.8443999886512756, AccVa: 0.8230000138282776, CeTr: 1.7410564422607422, CeVa: 2.0970630645751953
ENSEMBLE | Tr_Acc: 0.9505000114440918, Tr_CE: 0.3861527740955353, Va_Acc: 0.9265000224113464, Va_CE: 0.7873077988624573
Epoch: 176, AccTr: 0.8371999859809875, AccVa: 0.8224999904632568, CeTr: 1.8890974521636963, CeVa: 2.2805700302124023
Epoch: 177, AccTr: 0.8438000082969666, AccVa: 0.8090000152587891, CeTr: 1.7621560096740723, CeVa: 2.3967487812042236
Epoch: 178, AccTr: 0.8281999826431274, AccVa: 0.8080000281333923, CeTr: 1.9204370975494385, CeVa: 2.4908344745635986
Epoch: 179, AccTr: 0.8328999876976013, AccVa: 0.8289999961853027, CeTr: 1.8086962699890137, CeVa: 2.09765625
Epoch: 180, AccTr: 0.8422999978065491, AccVa: 0.8044999837875366, CeTr: 1.8572019338607788, CeVa: 2.4912590980529785
ENSEMBLE | Tr_Acc: 0.9509000182151794, Tr_CE: 0.3841116726398468, Va_Acc: 0.9269999861717224, Va_CE: 0.7824057936668396
Epoch: 181, AccTr: 0.8561000227928162, AccVa: 0.8270000219345093, CeTr: 1.6415537595748901, CeVa: 2.2141005992889404
Epoch: 182, AccTr: 0.8521999716758728, AccVa: 0.828499972820282, CeTr: 1.6347954273223877, CeVa: 2.134723424911499
Epoch: 183, AccTr: 0.832099974155426, AccVa: 0.800000011920929, CeTr: 1.8101109266281128, CeVa: 2.34224796295166
Epoch: 184, AccTr: 0.8238999843597412, AccVa: 0.7994999885559082, CeTr: 2.0071001052856445, CeVa: 2.5912578105926514
Epoch: 185, AccTr: 0.8281999826431274, AccVa: 0.8105000257492065, CeTr: 1.9735164642333984, CeVa: 2.3933634757995605
ENSEMBLE | Tr_Acc: 0.9502999782562256, Tr_CE: 0.3851783573627472, Va_Acc: 0.9259999990463257, Va_CE: 0.7805206179618835
Epoch: 186, AccTr: 0.8388000130653381, AccVa: 0.8174999952316284, CeTr: 1.8042157888412476, CeVa: 2.333181619644165
Epoch: 187, AccTr: 0.8424000144004822, AccVa: 0.8224999904632568, CeTr: 1.8134015798568726, CeVa: 2.3184101581573486
Epoch: 188, AccTr: 0.8409000039100647, AccVa: 0.8299999833106995, CeTr: 1.7910234928131104, CeVa: 2.218906879425049
Epoch: 189, AccTr: 0.8327999711036682, AccVa: 0.815500020980835, CeTr: 1.978481650352478, CeVa: 2.3373801708221436
Epoch: 190, AccTr: 0.8303999900817871, AccVa: 0.8240000009536743, CeTr: 1.9648140668869019, CeVa: 2.14310359954834
ENSEMBLE | Tr_Acc: 0.9508000016212463, Tr_CE: 0.3829728066921234, Va_Acc: 0.9290000200271606, Va_CE: 0.768906831741333
Epoch: 191, AccTr: 0.833299994468689, AccVa: 0.8230000138282776, CeTr: 1.821745753288269, CeVa: 2.2718935012817383
Epoch: 192, AccTr: 0.8427000045776367, AccVa: 0.8209999799728394, CeTr: 1.744006633758545, CeVa: 2.2047481536865234
Epoch: 193, AccTr: 0.8361999988555908, AccVa: 0.8314999938011169, CeTr: 1.8770347833633423, CeVa: 2.163783073425293
Epoch: 194, AccTr: 0.8374999761581421, AccVa: 0.8069999814033508, CeTr: 1.8599988222122192, CeVa: 2.3003196716308594
Epoch: 195, AccTr: 0.8294000029563904, AccVa: 0.8029999732971191, CeTr: 1.960497260093689, CeVa: 2.623739004135132
ENSEMBLE | Tr_Acc: 0.9506000280380249, Tr_CE: 0.381188303232193, Va_Acc: 0.9304999709129333, Va_CE: 0.7642996311187744
Epoch: 196, AccTr: 0.8468999862670898, AccVa: 0.8270000219345093, CeTr: 1.813750982284546, CeVa: 2.4528744220733643
Epoch: 197, AccTr: 0.8442999720573425, AccVa: 0.8149999976158142, CeTr: 1.7942426204681396, CeVa: 2.4500319957733154
Epoch: 198, AccTr: 0.8317999839782715, AccVa: 0.8174999952316284, CeTr: 1.9006990194320679, CeVa: 2.32435941696167
Epoch: 199, AccTr: 0.824400007724762, AccVa: 0.7935000061988831, CeTr: 1.9587113857269287, CeVa: 2.417933464050293
Epoch: 200, AccTr: 0.8184999823570251, AccVa: 0.7889999747276306, CeTr: 2.058468818664551, CeVa: 2.4644556045532227
ENSEMBLE | Tr_Acc: 0.949999988079071, Tr_CE: 0.38059282302856445, Va_Acc: 0.9304999709129333, Va_CE: 0.7686383128166199
Input binarization: False
Pretrained network accuracy: 0.9922000169754028
NN CONFIG
Weight-type:		binary
Layout									Layer #1: 784	Layer #2: 280	Layer #3: 200	Layer #4: 10	
Activation Functions					Layer #1: bs	Layer #2: bs	
Keep probabilities		Layer #0: 0.9500000000000001	Layer #1: 0.9	Layer #2: 0.9	
Flat factors							Layer #1: 1.0	Layer #2: 1.0	Layer #3: 1.0	
Activation Noise						Layer #1: 0.0	Layer #2: 0.0	Layer #3: 0.0	
Prior: 0.85

===================================

RUN CONFIG
Epochs: 200, Blocksize: 8

===================================

Epoch: 0, AccTr: 0.3783000111579895, AccVa: 0.3880000114440918, CeTr: 15.224802017211914, CeVa: 14.68005657196045
Epoch: 1, AccTr: 0.7838000059127808, AccVa: 0.7515000104904175, CeTr: 1.9960583448410034, CeVa: 2.589900255203247
Epoch: 2, AccTr: 0.8476999998092651, AccVa: 0.8180000185966492, CeTr: 1.4377697706222534, CeVa: 1.982360601425171
Epoch: 3, AccTr: 0.8693000078201294, AccVa: 0.8295000195503235, CeTr: 1.2745617628097534, CeVa: 1.8313828706741333
Epoch: 4, AccTr: 0.8464000225067139, AccVa: 0.809499979019165, CeTr: 1.4857397079467773, CeVa: 2.3807930946350098
Epoch: 5, AccTr: 0.849399983882904, AccVa: 0.8230000138282776, CeTr: 1.4986742734909058, CeVa: 2.2002010345458984
Epoch: 6, AccTr: 0.867900013923645, AccVa: 0.8370000123977661, CeTr: 1.3043087720870972, CeVa: 2.039168357849121
Epoch: 7, AccTr: 0.8780999779701233, AccVa: 0.8554999828338623, CeTr: 1.1706674098968506, CeVa: 1.758617639541626
Epoch: 8, AccTr: 0.8709999918937683, AccVa: 0.8445000052452087, CeTr: 1.3651995658874512, CeVa: 1.8678828477859497
Epoch: 9, AccTr: 0.8431000113487244, AccVa: 0.8169999718666077, CeTr: 1.674775242805481, CeVa: 2.39349102973938
Epoch: 10, AccTr: 0.8618999719619751, AccVa: 0.8364999890327454, CeTr: 1.4536815881729126, CeVa: 2.0064382553100586
Epoch: 11, AccTr: 0.8687000274658203, AccVa: 0.8305000066757202, CeTr: 1.3977059125900269, CeVa: 2.024580955505371
Epoch: 12, AccTr: 0.867900013923645, AccVa: 0.8399999737739563, CeTr: 1.4186146259307861, CeVa: 1.9989084005355835
Epoch: 13, AccTr: 0.8539999723434448, AccVa: 0.8295000195503235, CeTr: 1.5330181121826172, CeVa: 2.0848000049591064
Epoch: 14, AccTr: 0.8597000241279602, AccVa: 0.8339999914169312, CeTr: 1.5063316822052002, CeVa: 2.039435625076294
Epoch: 15, AccTr: 0.8532999753952026, AccVa: 0.8314999938011169, CeTr: 1.6149907112121582, CeVa: 2.166313886642456
Epoch: 16, AccTr: 0.862500011920929, AccVa: 0.8370000123977661, CeTr: 1.5031293630599976, CeVa: 2.235762596130371
Epoch: 17, AccTr: 0.8600999712944031, AccVa: 0.8335000276565552, CeTr: 1.5338232517242432, CeVa: 2.190532922744751
Epoch: 18, AccTr: 0.8402000069618225, AccVa: 0.8140000104904175, CeTr: 1.8954941034317017, CeVa: 2.6104559898376465
Epoch: 19, AccTr: 0.8321999907493591, AccVa: 0.8109999895095825, CeTr: 1.9006102085113525, CeVa: 2.5365397930145264
Epoch: 20, AccTr: 0.8507000207901001, AccVa: 0.8385000228881836, CeTr: 1.7390004396438599, CeVa: 2.174790382385254
Epoch: 21, AccTr: 0.843999981880188, AccVa: 0.8224999904632568, CeTr: 1.7373203039169312, CeVa: 2.360653877258301
Epoch: 22, AccTr: 0.8537999987602234, AccVa: 0.8360000252723694, CeTr: 1.7457996606826782, CeVa: 2.2509920597076416
Epoch: 23, AccTr: 0.848800003528595, AccVa: 0.8429999947547913, CeTr: 1.720091462135315, CeVa: 2.0586531162261963
Epoch: 24, AccTr: 0.8478999733924866, AccVa: 0.8330000042915344, CeTr: 1.717232584953308, CeVa: 2.1973989009857178
Epoch: 25, AccTr: 0.8431000113487244, AccVa: 0.8270000219345093, CeTr: 1.7160042524337769, CeVa: 2.2906668186187744
Epoch: 26, AccTr: 0.8271999955177307, AccVa: 0.7975000143051147, CeTr: 2.0179953575134277, CeVa: 2.592479944229126
Epoch: 27, AccTr: 0.8460000157356262, AccVa: 0.8335000276565552, CeTr: 1.7303632497787476, CeVa: 2.0135397911071777
Epoch: 28, AccTr: 0.8403000235557556, AccVa: 0.8105000257492065, CeTr: 1.708013892173767, CeVa: 2.345296859741211
Epoch: 29, AccTr: 0.8507000207901001, AccVa: 0.8320000171661377, CeTr: 1.7720074653625488, CeVa: 2.1881141662597656
Epoch: 30, AccTr: 0.8427000045776367, AccVa: 0.8259999752044678, CeTr: 1.8113065958023071, CeVa: 2.2542412281036377
Epoch: 31, AccTr: 0.8307999968528748, AccVa: 0.8040000200271606, CeTr: 1.9837664365768433, CeVa: 2.670966386795044
Epoch: 32, AccTr: 0.8392000198364258, AccVa: 0.8130000233650208, CeTr: 1.9009352922439575, CeVa: 2.3694374561309814
Epoch: 33, AccTr: 0.8531000018119812, AccVa: 0.824999988079071, CeTr: 1.6799794435501099, CeVa: 2.1375889778137207
Epoch: 34, AccTr: 0.8241000175476074, AccVa: 0.8090000152587891, CeTr: 1.9774730205535889, CeVa: 2.418588876724243
Epoch: 35, AccTr: 0.8209999799728394, AccVa: 0.7914999723434448, CeTr: 1.9435689449310303, CeVa: 2.4315972328186035
Epoch: 36, AccTr: 0.8245999813079834, AccVa: 0.8019999861717224, CeTr: 1.909842610359192, CeVa: 2.4930145740509033
Epoch: 37, AccTr: 0.8427000045776367, AccVa: 0.8264999985694885, CeTr: 1.74796724319458, CeVa: 2.093953847885132
Epoch: 38, AccTr: 0.8385000228881836, AccVa: 0.8075000047683716, CeTr: 1.7759357690811157, CeVa: 2.4897639751434326
Epoch: 39, AccTr: 0.8364999890327454, AccVa: 0.8075000047683716, CeTr: 1.8434394598007202, CeVa: 2.4425835609436035
Epoch: 40, AccTr: 0.8467000126838684, AccVa: 0.8080000281333923, CeTr: 1.7540843486785889, CeVa: 2.4509613513946533
Epoch: 41, AccTr: 0.8378000259399414, AccVa: 0.8115000128746033, CeTr: 1.8264650106430054, CeVa: 2.589864730834961
Epoch: 42, AccTr: 0.8450000286102295, AccVa: 0.8205000162124634, CeTr: 1.7802273035049438, CeVa: 2.3932971954345703
Epoch: 43, AccTr: 0.8378999829292297, AccVa: 0.8209999799728394, CeTr: 1.8867943286895752, CeVa: 2.3030474185943604
Epoch: 44, AccTr: 0.8533999919891357, AccVa: 0.8274999856948853, CeTr: 1.7617353200912476, CeVa: 2.491037130355835
Epoch: 45, AccTr: 0.8162000179290771, AccVa: 0.7835000157356262, CeTr: 2.1187472343444824, CeVa: 2.923889636993408
Epoch: 46, AccTr: 0.8467000126838684, AccVa: 0.8209999799728394, CeTr: 1.765120267868042, CeVa: 2.1702802181243896
Epoch: 47, AccTr: 0.8476999998092651, AccVa: 0.8424999713897705, CeTr: 1.7733289003372192, CeVa: 2.1522860527038574
Epoch: 48, AccTr: 0.8339999914169312, AccVa: 0.8069999814033508, CeTr: 1.8602334260940552, CeVa: 2.4629595279693604
Epoch: 49, AccTr: 0.8273000121116638, AccVa: 0.8125, CeTr: 1.9504727125167847, CeVa: 2.4302191734313965
Epoch: 50, AccTr: 0.8399999737739563, AccVa: 0.8209999799728394, CeTr: 1.7790511846542358, CeVa: 2.1977615356445312
ENSEMBLE | Tr_Acc: 0.8399999737739563, Tr_CE: 1.7790511846542358, Va_Acc: 0.8209999799728394, Va_CE: 2.1977615356445312
Epoch: 51, AccTr: 0.8416000008583069, AccVa: 0.8245000243186951, CeTr: 1.8070027828216553, CeVa: 2.3103106021881104
Epoch: 52, AccTr: 0.8388000130653381, AccVa: 0.8264999985694885, CeTr: 1.8538275957107544, CeVa: 2.250324010848999
Epoch: 53, AccTr: 0.8384000062942505, AccVa: 0.8169999718666077, CeTr: 1.8478691577911377, CeVa: 2.34177565574646
Epoch: 54, AccTr: 0.847599983215332, AccVa: 0.8240000009536743, CeTr: 1.850059986114502, CeVa: 2.360879421234131
Epoch: 55, AccTr: 0.8428000211715698, AccVa: 0.8199999928474426, CeTr: 1.762227177619934, CeVa: 2.41416597366333
ENSEMBLE | Tr_Acc: 0.9038000106811523, Tr_CE: 0.8944440484046936, Va_Acc: 0.8794999718666077, Va_CE: 1.3942455053329468
Epoch: 56, AccTr: 0.8220999836921692, AccVa: 0.7950000166893005, CeTr: 2.1318721771240234, CeVa: 2.7632081508636475
Epoch: 57, AccTr: 0.8367999792098999, AccVa: 0.8190000057220459, CeTr: 1.9925910234451294, CeVa: 2.2184038162231445
Epoch: 58, AccTr: 0.8413000106811523, AccVa: 0.8264999985694885, CeTr: 1.7779570817947388, CeVa: 2.38163161277771
Epoch: 59, AccTr: 0.8349000215530396, AccVa: 0.8149999976158142, CeTr: 1.8983224630355835, CeVa: 2.2848122119903564
Epoch: 60, AccTr: 0.8567000031471252, AccVa: 0.8234999775886536, CeTr: 1.6233969926834106, CeVa: 2.2112581729888916
ENSEMBLE | Tr_Acc: 0.9240000247955322, Tr_CE: 0.6650174856185913, Va_Acc: 0.8924999833106995, Va_CE: 1.1044938564300537
Epoch: 61, AccTr: 0.8382999897003174, AccVa: 0.8169999718666077, CeTr: 1.8729394674301147, CeVa: 2.345088243484497
Epoch: 62, AccTr: 0.8263000249862671, AccVa: 0.8080000281333923, CeTr: 2.0087077617645264, CeVa: 2.3945953845977783
Epoch: 63, AccTr: 0.820900022983551, AccVa: 0.7954999804496765, CeTr: 2.091784715652466, CeVa: 2.724625825881958
Epoch: 64, AccTr: 0.8202000260353088, AccVa: 0.8149999976158142, CeTr: 2.131589412689209, CeVa: 2.470136880874634
Epoch: 65, AccTr: 0.8159000277519226, AccVa: 0.7854999899864197, CeTr: 2.0691540241241455, CeVa: 2.785719156265259
ENSEMBLE | Tr_Acc: 0.9320999979972839, Tr_CE: 0.5818215608596802, Va_Acc: 0.9070000052452087, Va_CE: 1.0220028162002563
Epoch: 66, AccTr: 0.8525000214576721, AccVa: 0.8174999952316284, CeTr: 1.657206416130066, CeVa: 2.3380017280578613
Epoch: 67, AccTr: 0.8300999999046326, AccVa: 0.8105000257492065, CeTr: 1.9803133010864258, CeVa: 2.3911750316619873
Epoch: 68, AccTr: 0.8324999809265137, AccVa: 0.8065000176429749, CeTr: 1.9682550430297852, CeVa: 2.5093748569488525
Epoch: 69, AccTr: 0.8379999995231628, AccVa: 0.8144999742507935, CeTr: 1.8445754051208496, CeVa: 2.4829232692718506
Epoch: 70, AccTr: 0.8374999761581421, AccVa: 0.8149999976158142, CeTr: 1.7946909666061401, CeVa: 2.4713199138641357
ENSEMBLE | Tr_Acc: 0.9359999895095825, Tr_CE: 0.5375843048095703, Va_Acc: 0.909500002861023, Va_CE: 0.985822856426239
Epoch: 71, AccTr: 0.8269000053405762, AccVa: 0.7975000143051147, CeTr: 1.9124979972839355, CeVa: 2.5399112701416016
Epoch: 72, AccTr: 0.8424999713897705, AccVa: 0.8245000243186951, CeTr: 1.9267082214355469, CeVa: 2.4592483043670654
Epoch: 73, AccTr: 0.8305000066757202, AccVa: 0.8044999837875366, CeTr: 2.0056214332580566, CeVa: 2.5227348804473877
Epoch: 74, AccTr: 0.84579998254776, AccVa: 0.8230000138282776, CeTr: 1.7311078310012817, CeVa: 2.4345715045928955
Epoch: 75, AccTr: 0.8557000160217285, AccVa: 0.8224999904632568, CeTr: 1.6479289531707764, CeVa: 2.178788900375366
ENSEMBLE | Tr_Acc: 0.9401999711990356, Tr_CE: 0.4983067810535431, Va_Acc: 0.9139999747276306, Va_CE: 0.9250728487968445
Epoch: 76, AccTr: 0.8303999900817871, AccVa: 0.8149999976158142, CeTr: 1.882580280303955, CeVa: 2.4531095027923584
Epoch: 77, AccTr: 0.8335999846458435, AccVa: 0.8234999775886536, CeTr: 1.9608197212219238, CeVa: 2.4248807430267334
Epoch: 78, AccTr: 0.8242999911308289, AccVa: 0.7985000014305115, CeTr: 2.0940842628479004, CeVa: 2.6862049102783203
Epoch: 79, AccTr: 0.8324000239372253, AccVa: 0.8134999871253967, CeTr: 1.9464465379714966, CeVa: 2.338465690612793
Epoch: 80, AccTr: 0.8384000062942505, AccVa: 0.824999988079071, CeTr: 1.8742398023605347, CeVa: 2.33811616897583
ENSEMBLE | Tr_Acc: 0.9434000253677368, Tr_CE: 0.46855708956718445, Va_Acc: 0.9185000061988831, Va_CE: 0.893165111541748
Epoch: 81, AccTr: 0.8399999737739563, AccVa: 0.8195000290870667, CeTr: 1.819697618484497, CeVa: 2.19095516204834
Epoch: 82, AccTr: 0.8442999720573425, AccVa: 0.8215000033378601, CeTr: 1.7564339637756348, CeVa: 2.3709897994995117
Epoch: 83, AccTr: 0.8465999960899353, AccVa: 0.8299999833106995, CeTr: 1.6937929391860962, CeVa: 2.075881242752075
Epoch: 84, AccTr: 0.8226000070571899, AccVa: 0.8159999847412109, CeTr: 2.0182974338531494, CeVa: 2.5604190826416016
Epoch: 85, AccTr: 0.8349999785423279, AccVa: 0.7975000143051147, CeTr: 1.9182785749435425, CeVa: 2.812727451324463
ENSEMBLE | Tr_Acc: 0.9441999793052673, Tr_CE: 0.4567328095436096, Va_Acc: 0.9179999828338623, Va_CE: 0.8895919322967529
Epoch: 86, AccTr: 0.8331999778747559, AccVa: 0.8180000185966492, CeTr: 1.9623662233352661, CeVa: 2.240319013595581
Epoch: 87, AccTr: 0.8258000016212463, AccVa: 0.7900000214576721, CeTr: 1.9704134464263916, CeVa: 2.6180269718170166
Epoch: 88, AccTr: 0.8252999782562256, AccVa: 0.7914999723434448, CeTr: 2.0729520320892334, CeVa: 2.663806200027466
Epoch: 89, AccTr: 0.8274000287055969, AccVa: 0.796999990940094, CeTr: 1.9847209453582764, CeVa: 2.4908008575439453
Epoch: 90, AccTr: 0.8253999948501587, AccVa: 0.8065000176429749, CeTr: 2.0697813034057617, CeVa: 2.3480851650238037
ENSEMBLE | Tr_Acc: 0.9463000297546387, Tr_CE: 0.4544332027435303, Va_Acc: 0.9235000014305115, Va_CE: 0.8613570332527161
Epoch: 91, AccTr: 0.8403000235557556, AccVa: 0.8270000219345093, CeTr: 1.7904154062271118, CeVa: 2.3961949348449707
Epoch: 92, AccTr: 0.8220000267028809, AccVa: 0.8009999990463257, CeTr: 1.9834403991699219, CeVa: 2.5565268993377686
Epoch: 93, AccTr: 0.8209999799728394, AccVa: 0.8115000128746033, CeTr: 2.067567825317383, CeVa: 2.413647413253784
Epoch: 94, AccTr: 0.84579998254776, AccVa: 0.8140000104904175, CeTr: 1.7298283576965332, CeVa: 2.4580564498901367
Epoch: 95, AccTr: 0.8300999999046326, AccVa: 0.8050000071525574, CeTr: 1.8882535696029663, CeVa: 2.465157985687256
ENSEMBLE | Tr_Acc: 0.9462000131607056, Tr_CE: 0.4345380961894989, Va_Acc: 0.9225000143051147, Va_CE: 0.838594377040863
Epoch: 96, AccTr: 0.8216999769210815, AccVa: 0.8019999861717224, CeTr: 2.1367225646972656, CeVa: 2.663466215133667
Epoch: 97, AccTr: 0.8125, AccVa: 0.8050000071525574, CeTr: 2.1253743171691895, CeVa: 2.6927287578582764
Epoch: 98, AccTr: 0.8291000127792358, AccVa: 0.8065000176429749, CeTr: 1.869462490081787, CeVa: 2.569678544998169
Epoch: 99, AccTr: 0.8237000107765198, AccVa: 0.8209999799728394, CeTr: 2.129225015640259, CeVa: 2.5445361137390137
Epoch: 100, AccTr: 0.8378000259399414, AccVa: 0.8259999752044678, CeTr: 1.826415777206421, CeVa: 2.213888168334961
ENSEMBLE | Tr_Acc: 0.9473999738693237, Tr_CE: 0.42347612977027893, Va_Acc: 0.9225000143051147, Va_CE: 0.8304221034049988
Epoch: 101, AccTr: 0.8373000025749207, AccVa: 0.8314999938011169, CeTr: 1.899904727935791, CeVa: 2.224107027053833
Epoch: 102, AccTr: 0.8461999893188477, AccVa: 0.8169999718666077, CeTr: 1.7860774993896484, CeVa: 2.3983969688415527
Epoch: 103, AccTr: 0.8374000191688538, AccVa: 0.796500027179718, CeTr: 1.7902734279632568, CeVa: 2.616037130355835
Epoch: 104, AccTr: 0.8363000154495239, AccVa: 0.8159999847412109, CeTr: 1.9233554601669312, CeVa: 2.361415386199951
Epoch: 105, AccTr: 0.8302000164985657, AccVa: 0.8084999918937683, CeTr: 1.9416999816894531, CeVa: 2.466078519821167
ENSEMBLE | Tr_Acc: 0.9473000168800354, Tr_CE: 0.41834405064582825, Va_Acc: 0.9235000014305115, Va_CE: 0.8184999227523804
Epoch: 106, AccTr: 0.8501999974250793, AccVa: 0.8195000290870667, CeTr: 1.7038031816482544, CeVa: 2.3751351833343506
Epoch: 107, AccTr: 0.8416000008583069, AccVa: 0.8149999976158142, CeTr: 1.8323900699615479, CeVa: 2.2592031955718994
Epoch: 108, AccTr: 0.8360000252723694, AccVa: 0.8174999952316284, CeTr: 2.079129695892334, CeVa: 2.6081647872924805
Epoch: 109, AccTr: 0.8418999910354614, AccVa: 0.8305000066757202, CeTr: 1.8144928216934204, CeVa: 2.187886953353882
Epoch: 110, AccTr: 0.8398000001907349, AccVa: 0.8314999938011169, CeTr: 1.840070366859436, CeVa: 2.077036142349243
ENSEMBLE | Tr_Acc: 0.9470000267028809, Tr_CE: 0.4173698127269745, Va_Acc: 0.925000011920929, Va_CE: 0.7994034290313721
Epoch: 111, AccTr: 0.842199981212616, AccVa: 0.828499972820282, CeTr: 1.8176316022872925, CeVa: 2.0676109790802
Epoch: 112, AccTr: 0.8474000096321106, AccVa: 0.8144999742507935, CeTr: 1.6663720607757568, CeVa: 2.1768455505371094
Epoch: 113, AccTr: 0.8483999967575073, AccVa: 0.8364999890327454, CeTr: 1.5918147563934326, CeVa: 1.9653995037078857
Epoch: 114, AccTr: 0.839900016784668, AccVa: 0.8190000057220459, CeTr: 1.952804684638977, CeVa: 2.440980911254883
Epoch: 115, AccTr: 0.8370000123977661, AccVa: 0.8130000233650208, CeTr: 1.8543511629104614, CeVa: 2.273564100265503
ENSEMBLE | Tr_Acc: 0.9474999904632568, Tr_CE: 0.41463369131088257, Va_Acc: 0.9240000247955322, Va_CE: 0.7936186790466309
Epoch: 116, AccTr: 0.8180999755859375, AccVa: 0.8100000023841858, CeTr: 2.0505495071411133, CeVa: 2.5334737300872803
Epoch: 117, AccTr: 0.8289999961853027, AccVa: 0.8115000128746033, CeTr: 2.0636730194091797, CeVa: 2.554481029510498
Epoch: 118, AccTr: 0.8281999826431274, AccVa: 0.8130000233650208, CeTr: 1.8905086517333984, CeVa: 2.339317798614502
Epoch: 119, AccTr: 0.824999988079071, AccVa: 0.7940000295639038, CeTr: 2.0447516441345215, CeVa: 2.6323647499084473
Epoch: 120, AccTr: 0.838100016117096, AccVa: 0.8205000162124634, CeTr: 1.8451976776123047, CeVa: 2.2723851203918457
ENSEMBLE | Tr_Acc: 0.9472000002861023, Tr_CE: 0.40954726934432983, Va_Acc: 0.9259999990463257, Va_CE: 0.7806013226509094
Epoch: 121, AccTr: 0.8424999713897705, AccVa: 0.8274999856948853, CeTr: 1.8540945053100586, CeVa: 2.3008406162261963
Epoch: 122, AccTr: 0.8465999960899353, AccVa: 0.8355000019073486, CeTr: 1.7337027788162231, CeVa: 2.0743324756622314
Epoch: 123, AccTr: 0.8414000272750854, AccVa: 0.8305000066757202, CeTr: 1.7825719118118286, CeVa: 2.075895071029663
Epoch: 124, AccTr: 0.8482999801635742, AccVa: 0.8259999752044678, CeTr: 1.7165886163711548, CeVa: 2.3346598148345947
Epoch: 125, AccTr: 0.8356000185012817, AccVa: 0.8215000033378601, CeTr: 1.8317008018493652, CeVa: 2.5503246784210205
ENSEMBLE | Tr_Acc: 0.9480000138282776, Tr_CE: 0.4034252464771271, Va_Acc: 0.9254999756813049, Va_CE: 0.783221423625946
Epoch: 126, AccTr: 0.8339999914169312, AccVa: 0.8100000023841858, CeTr: 1.8796793222427368, CeVa: 2.5761361122131348
Epoch: 127, AccTr: 0.8389000296592712, AccVa: 0.8015000224113464, CeTr: 1.795860767364502, CeVa: 2.3360466957092285
Epoch: 128, AccTr: 0.8295999765396118, AccVa: 0.8069999814033508, CeTr: 1.9110774993896484, CeVa: 2.3762295246124268
Epoch: 129, AccTr: 0.8287000060081482, AccVa: 0.8234999775886536, CeTr: 2.012795925140381, CeVa: 2.4735374450683594
Epoch: 130, AccTr: 0.8235999941825867, AccVa: 0.8090000152587891, CeTr: 2.067992925643921, CeVa: 2.4090371131896973
ENSEMBLE | Tr_Acc: 0.9490000009536743, Tr_CE: 0.3995978832244873, Va_Acc: 0.9290000200271606, Va_CE: 0.7683274149894714
Epoch: 131, AccTr: 0.8377000093460083, AccVa: 0.8159999847412109, CeTr: 1.8889585733413696, CeVa: 2.320891857147217
Epoch: 132, AccTr: 0.8274999856948853, AccVa: 0.8090000152587891, CeTr: 1.9582757949829102, CeVa: 2.3067193031311035
Epoch: 133, AccTr: 0.8410999774932861, AccVa: 0.8224999904632568, CeTr: 1.8610426187515259, CeVa: 2.3162596225738525
Epoch: 134, AccTr: 0.8442999720573425, AccVa: 0.8274999856948853, CeTr: 1.8073406219482422, CeVa: 2.307270050048828
Epoch: 135, AccTr: 0.8410999774932861, AccVa: 0.8054999709129333, CeTr: 1.7487062215805054, CeVa: 2.5075042247772217
ENSEMBLE | Tr_Acc: 0.949400007724762, Tr_CE: 0.39866816997528076, Va_Acc: 0.9279999732971191, Va_CE: 0.7765727043151855
Epoch: 136, AccTr: 0.8381999731063843, AccVa: 0.815500020980835, CeTr: 1.85332190990448, CeVa: 2.4381089210510254
Epoch: 137, AccTr: 0.8388000130653381, AccVa: 0.8169999718666077, CeTr: 1.796190857887268, CeVa: 2.407604455947876
Epoch: 138, AccTr: 0.8432999849319458, AccVa: 0.8314999938011169, CeTr: 1.913088083267212, CeVa: 2.3430347442626953
Epoch: 139, AccTr: 0.8526999950408936, AccVa: 0.8330000042915344, CeTr: 1.7575961351394653, CeVa: 2.258551597595215
Epoch: 140, AccTr: 0.826200008392334, AccVa: 0.8065000176429749, CeTr: 2.0629279613494873, CeVa: 2.619375467300415
ENSEMBLE | Tr_Acc: 0.9502000212669373, Tr_CE: 0.3972265422344208, Va_Acc: 0.9259999990463257, Va_CE: 0.7776889204978943
Epoch: 141, AccTr: 0.8359000086784363, AccVa: 0.8125, CeTr: 1.9513477087020874, CeVa: 2.3576748371124268
Epoch: 142, AccTr: 0.8456000089645386, AccVa: 0.8134999871253967, CeTr: 1.8799513578414917, CeVa: 2.4783055782318115
Epoch: 143, AccTr: 0.8410999774932861, AccVa: 0.8109999895095825, CeTr: 1.8642820119857788, CeVa: 2.5713155269622803
Epoch: 144, AccTr: 0.8341000080108643, AccVa: 0.8190000057220459, CeTr: 1.8562965393066406, CeVa: 2.357121229171753
Epoch: 145, AccTr: 0.8396999835968018, AccVa: 0.815500020980835, CeTr: 1.8648253679275513, CeVa: 2.4580578804016113
ENSEMBLE | Tr_Acc: 0.9485999941825867, Tr_CE: 0.3985227644443512, Va_Acc: 0.9259999990463257, Va_CE: 0.7772006988525391
Epoch: 146, AccTr: 0.8277999758720398, AccVa: 0.8009999990463257, CeTr: 2.023603916168213, CeVa: 2.6813037395477295
Epoch: 147, AccTr: 0.8379999995231628, AccVa: 0.8274999856948853, CeTr: 1.8747978210449219, CeVa: 2.2919154167175293
