Input binarization: False
Pretrained network accuracy: 0.9829000234603882
NN CONFIG
Weight-type:		binary
Layout									Layer #1: 784	Layer #2: 280	Layer #3: 200	Layer #4: 10	
Activation Functions					Layer #1: bs	Layer #2: bs	
Keep probabilities		Layer #0: 0.99	Layer #1: 0.9	Layer #2: 0.9	
Flat factors							Layer #1: 1.0	Layer #2: 1.0	Layer #3: 1.0	
Activation Noise						Layer #1: 0.0	Layer #2: 0.0	Layer #3: 0.0	
Prior: 0.85

===================================

RUN CONFIG
Epochs: 200, Blocksize: 8

===================================

Epoch: 0, AccTr: 0.44110000133514404, AccVa: 0.429500013589859, CeTr: 12.194536209106445, CeVa: 12.082779884338379
Epoch: 1, AccTr: 0.8752999901771545, AccVa: 0.8514999747276306, CeTr: 1.1760632991790771, CeVa: 1.858840823173523
Epoch: 2, AccTr: 0.8920999765396118, AccVa: 0.8535000085830688, CeTr: 0.9111167788505554, CeVa: 1.6394706964492798
Epoch: 3, AccTr: 0.9046000242233276, AccVa: 0.8675000071525574, CeTr: 0.781187117099762, CeVa: 1.4033280611038208
Epoch: 4, AccTr: 0.9027000069618225, AccVa: 0.8610000014305115, CeTr: 0.8355239033699036, CeVa: 1.5302724838256836
Epoch: 5, AccTr: 0.9047999978065491, AccVa: 0.8600000143051147, CeTr: 0.7971153259277344, CeVa: 1.709394097328186
Epoch: 6, AccTr: 0.9031000137329102, AccVa: 0.8690000176429749, CeTr: 0.866125762462616, CeVa: 1.4851672649383545
Epoch: 7, AccTr: 0.9043999910354614, AccVa: 0.8684999942779541, CeTr: 0.8677629828453064, CeVa: 1.5926721096038818
Epoch: 8, AccTr: 0.9065999984741211, AccVa: 0.862500011920929, CeTr: 0.7775734663009644, CeVa: 1.779221773147583
Epoch: 9, AccTr: 0.9128000140190125, AccVa: 0.8700000047683716, CeTr: 0.8110952377319336, CeVa: 1.6698198318481445
Epoch: 10, AccTr: 0.9120000004768372, AccVa: 0.859499990940094, CeTr: 0.8694586157798767, CeVa: 1.6792758703231812
Epoch: 11, AccTr: 0.9020000100135803, AccVa: 0.8575000166893005, CeTr: 0.8906097412109375, CeVa: 1.7755991220474243
Epoch: 12, AccTr: 0.9052000045776367, AccVa: 0.8560000061988831, CeTr: 0.8351247906684875, CeVa: 1.694493293762207
Epoch: 13, AccTr: 0.9013000130653381, AccVa: 0.8504999876022339, CeTr: 0.9094279408454895, CeVa: 1.8137104511260986
Epoch: 14, AccTr: 0.9020000100135803, AccVa: 0.8654999732971191, CeTr: 0.9973448514938354, CeVa: 1.7487303018569946
Epoch: 15, AccTr: 0.8927000164985657, AccVa: 0.8560000061988831, CeTr: 1.0096156597137451, CeVa: 1.6385306119918823
Epoch: 16, AccTr: 0.8884999752044678, AccVa: 0.8374999761581421, CeTr: 0.9795230627059937, CeVa: 1.7551645040512085
Epoch: 17, AccTr: 0.8967000246047974, AccVa: 0.8464999794960022, CeTr: 1.0260347127914429, CeVa: 1.9198840856552124
Epoch: 18, AccTr: 0.8909000158309937, AccVa: 0.847000002861023, CeTr: 1.0650007724761963, CeVa: 1.8471779823303223
Epoch: 19, AccTr: 0.8949999809265137, AccVa: 0.8514999747276306, CeTr: 0.974047064781189, CeVa: 1.8786404132843018
Epoch: 20, AccTr: 0.8931000232696533, AccVa: 0.8445000052452087, CeTr: 0.9712071418762207, CeVa: 2.008646011352539
Epoch: 21, AccTr: 0.8948000073432922, AccVa: 0.8654999732971191, CeTr: 0.9908241033554077, CeVa: 1.7753562927246094
Epoch: 22, AccTr: 0.8944000005722046, AccVa: 0.8560000061988831, CeTr: 1.0797388553619385, CeVa: 1.8032219409942627
Epoch: 23, AccTr: 0.8892999887466431, AccVa: 0.8585000038146973, CeTr: 1.100077748298645, CeVa: 1.7401303052902222
Epoch: 24, AccTr: 0.902999997138977, AccVa: 0.859000027179718, CeTr: 0.911850094795227, CeVa: 1.8651460409164429
Epoch: 25, AccTr: 0.9016000032424927, AccVa: 0.8579999804496765, CeTr: 0.9176304936408997, CeVa: 1.855560302734375
Epoch: 26, AccTr: 0.8902000188827515, AccVa: 0.8539999723434448, CeTr: 1.1614261865615845, CeVa: 1.9711443185806274
Epoch: 27, AccTr: 0.8892999887466431, AccVa: 0.8510000109672546, CeTr: 1.0805158615112305, CeVa: 1.9079951047897339
Epoch: 28, AccTr: 0.8999999761581421, AccVa: 0.8610000014305115, CeTr: 0.9338666200637817, CeVa: 1.8331396579742432
Epoch: 29, AccTr: 0.8927000164985657, AccVa: 0.8519999980926514, CeTr: 1.095810890197754, CeVa: 1.8795541524887085
Epoch: 30, AccTr: 0.8884999752044678, AccVa: 0.8519999980926514, CeTr: 1.0649949312210083, CeVa: 1.9458203315734863
Epoch: 31, AccTr: 0.8949000239372253, AccVa: 0.8535000085830688, CeTr: 1.0308400392532349, CeVa: 1.9533578157424927
Epoch: 32, AccTr: 0.8794999718666077, AccVa: 0.843999981880188, CeTr: 1.2307661771774292, CeVa: 2.0632941722869873
Epoch: 33, AccTr: 0.8863999843597412, AccVa: 0.8539999723434448, CeTr: 1.1360670328140259, CeVa: 2.0445003509521484
Epoch: 34, AccTr: 0.8946999907493591, AccVa: 0.8600000143051147, CeTr: 1.104262351989746, CeVa: 1.910083532333374
Epoch: 35, AccTr: 0.8925999999046326, AccVa: 0.8535000085830688, CeTr: 1.0078740119934082, CeVa: 1.8688374757766724
Epoch: 36, AccTr: 0.8806999921798706, AccVa: 0.8420000076293945, CeTr: 1.3151798248291016, CeVa: 2.05613374710083
Epoch: 37, AccTr: 0.8932999968528748, AccVa: 0.8485000133514404, CeTr: 1.031880259513855, CeVa: 1.9589471817016602
Epoch: 38, AccTr: 0.8949999809265137, AccVa: 0.8539999723434448, CeTr: 1.0401030778884888, CeVa: 1.9312412738800049
Epoch: 39, AccTr: 0.8963000178337097, AccVa: 0.847000002861023, CeTr: 1.0621638298034668, CeVa: 2.121659278869629
Epoch: 40, AccTr: 0.9042999744415283, AccVa: 0.8554999828338623, CeTr: 0.8174993395805359, CeVa: 1.8469990491867065
Epoch: 41, AccTr: 0.8998000025749207, AccVa: 0.8535000085830688, CeTr: 0.9305218458175659, CeVa: 1.8420344591140747
Epoch: 42, AccTr: 0.8956000208854675, AccVa: 0.859499990940094, CeTr: 1.140667200088501, CeVa: 1.8176618814468384
Epoch: 43, AccTr: 0.8888999819755554, AccVa: 0.8420000076293945, CeTr: 1.124531626701355, CeVa: 2.0347352027893066
Epoch: 44, AccTr: 0.8794000148773193, AccVa: 0.847000002861023, CeTr: 1.1800094842910767, CeVa: 1.953722357749939
Epoch: 45, AccTr: 0.8955000042915344, AccVa: 0.8335000276565552, CeTr: 1.0019925832748413, CeVa: 1.860138177871704
Epoch: 46, AccTr: 0.8823999762535095, AccVa: 0.8475000262260437, CeTr: 1.1536749601364136, CeVa: 1.9721745252609253
Epoch: 47, AccTr: 0.8848000168800354, AccVa: 0.8479999899864197, CeTr: 1.2033110857009888, CeVa: 2.0919363498687744
Epoch: 48, AccTr: 0.8830999732017517, AccVa: 0.840499997138977, CeTr: 1.2845673561096191, CeVa: 2.181509017944336
Epoch: 49, AccTr: 0.8948000073432922, AccVa: 0.8424999713897705, CeTr: 1.0216245651245117, CeVa: 2.1762006282806396
Epoch: 50, AccTr: 0.8883000016212463, AccVa: 0.8370000123977661, CeTr: 1.1420209407806396, CeVa: 2.208220958709717
ENSEMBLE | Tr_Acc: 0.8883000016212463, Tr_CE: 1.1420209407806396, Va_Acc: 0.8370000123977661, Va_CE: 2.208220958709717
Epoch: 51, AccTr: 0.8920999765396118, AccVa: 0.8529999852180481, CeTr: 1.08628511428833, CeVa: 1.9775846004486084
Epoch: 52, AccTr: 0.894599974155426, AccVa: 0.8565000295639038, CeTr: 1.016859531402588, CeVa: 1.998058795928955
Epoch: 53, AccTr: 0.8948000073432922, AccVa: 0.8610000014305115, CeTr: 0.9772137403488159, CeVa: 2.1068527698516846
Epoch: 54, AccTr: 0.9009000062942505, AccVa: 0.8565000295639038, CeTr: 1.0040555000305176, CeVa: 1.9380184412002563
Epoch: 55, AccTr: 0.887499988079071, AccVa: 0.8360000252723694, CeTr: 1.0967026948928833, CeVa: 2.135815382003784
ENSEMBLE | Tr_Acc: 0.9312999844551086, Tr_CE: 0.5655267238616943, Va_Acc: 0.8859999775886536, Va_CE: 1.4540454149246216
Epoch: 56, AccTr: 0.8912000060081482, AccVa: 0.8550000190734863, CeTr: 1.1422170400619507, CeVa: 2.0070102214813232
Epoch: 57, AccTr: 0.8898000121116638, AccVa: 0.8579999804496765, CeTr: 1.1113154888153076, CeVa: 1.9171067476272583
Epoch: 58, AccTr: 0.8787000179290771, AccVa: 0.840499997138977, CeTr: 1.3131201267242432, CeVa: 2.189669132232666
Epoch: 59, AccTr: 0.8853999972343445, AccVa: 0.8479999899864197, CeTr: 1.2347393035888672, CeVa: 1.9970355033874512
Epoch: 60, AccTr: 0.8851000070571899, AccVa: 0.8529999852180481, CeTr: 1.1275439262390137, CeVa: 2.0120277404785156
ENSEMBLE | Tr_Acc: 0.947700023651123, Tr_CE: 0.4233503043651581, Va_Acc: 0.8985000252723694, Va_CE: 1.2169959545135498
Epoch: 61, AccTr: 0.8790000081062317, AccVa: 0.8424999713897705, CeTr: 1.2008984088897705, CeVa: 1.929409146308899
Epoch: 62, AccTr: 0.8772000074386597, AccVa: 0.8475000262260437, CeTr: 1.2805640697479248, CeVa: 2.087597131729126
Epoch: 63, AccTr: 0.8795999884605408, AccVa: 0.8295000195503235, CeTr: 1.2004280090332031, CeVa: 2.0407044887542725
Epoch: 64, AccTr: 0.8844000101089478, AccVa: 0.8410000205039978, CeTr: 1.1309359073638916, CeVa: 2.0260143280029297
Epoch: 65, AccTr: 0.8799999952316284, AccVa: 0.8514999747276306, CeTr: 1.2708030939102173, CeVa: 1.801327109336853
ENSEMBLE | Tr_Acc: 0.9539999961853027, Tr_CE: 0.3600767254829407, Va_Acc: 0.9129999876022339, Va_CE: 1.039858341217041
Epoch: 66, AccTr: 0.8931000232696533, AccVa: 0.8539999723434448, CeTr: 1.1026463508605957, CeVa: 1.8728654384613037
Epoch: 67, AccTr: 0.8776000142097473, AccVa: 0.8330000042915344, CeTr: 1.2607510089874268, CeVa: 2.130845308303833
Epoch: 68, AccTr: 0.8824999928474426, AccVa: 0.8339999914169312, CeTr: 1.2004413604736328, CeVa: 2.092165470123291
Epoch: 69, AccTr: 0.8766000270843506, AccVa: 0.8349999785423279, CeTr: 1.2904397249221802, CeVa: 2.065335750579834
Epoch: 70, AccTr: 0.8761000037193298, AccVa: 0.8295000195503235, CeTr: 1.2905044555664062, CeVa: 2.336358070373535
ENSEMBLE | Tr_Acc: 0.9574000239372253, Tr_CE: 0.3278123438358307, Va_Acc: 0.9175000190734863, Va_CE: 1.0023843050003052
Epoch: 71, AccTr: 0.8817999958992004, AccVa: 0.8424999713897705, CeTr: 1.2107926607131958, CeVa: 2.060184955596924
Epoch: 72, AccTr: 0.8700000047683716, AccVa: 0.8335000276565552, CeTr: 1.3701367378234863, CeVa: 2.0857155323028564
Epoch: 73, AccTr: 0.8837000131607056, AccVa: 0.8379999995231628, CeTr: 1.2490017414093018, CeVa: 2.1643407344818115
Epoch: 74, AccTr: 0.8744999766349792, AccVa: 0.8424999713897705, CeTr: 1.2666109800338745, CeVa: 1.9049474000930786
Epoch: 75, AccTr: 0.8838000297546387, AccVa: 0.8429999947547913, CeTr: 1.108922004699707, CeVa: 1.9558920860290527
ENSEMBLE | Tr_Acc: 0.9606999754905701, Tr_CE: 0.29135799407958984, Va_Acc: 0.9200000166893005, Va_CE: 0.9634974598884583
Epoch: 76, AccTr: 0.8644000291824341, AccVa: 0.8395000100135803, CeTr: 1.3935620784759521, CeVa: 2.1523444652557373
Epoch: 77, AccTr: 0.8812000155448914, AccVa: 0.8460000157356262, CeTr: 1.1982663869857788, CeVa: 2.006589889526367
Epoch: 78, AccTr: 0.8860999941825867, AccVa: 0.840499997138977, CeTr: 1.199510931968689, CeVa: 1.9231061935424805
Epoch: 79, AccTr: 0.8762000203132629, AccVa: 0.8355000019073486, CeTr: 1.2837586402893066, CeVa: 2.221118927001953
Epoch: 80, AccTr: 0.881600022315979, AccVa: 0.8314999938011169, CeTr: 1.171665072441101, CeVa: 2.305208921432495
ENSEMBLE | Tr_Acc: 0.9614999890327454, Tr_CE: 0.27373555302619934, Va_Acc: 0.9225000143051147, Va_CE: 0.9417552351951599
Epoch: 81, AccTr: 0.885699987411499, AccVa: 0.8385000228881836, CeTr: 1.1134254932403564, CeVa: 2.1836705207824707
Epoch: 82, AccTr: 0.875, AccVa: 0.8414999842643738, CeTr: 1.2962214946746826, CeVa: 2.0677757263183594
Epoch: 83, AccTr: 0.8837000131607056, AccVa: 0.8550000190734863, CeTr: 1.2090359926223755, CeVa: 1.9598995447158813
Epoch: 84, AccTr: 0.8799999952316284, AccVa: 0.8399999737739563, CeTr: 1.299172043800354, CeVa: 2.0992040634155273
Epoch: 85, AccTr: 0.8669999837875366, AccVa: 0.8389999866485596, CeTr: 1.400847315788269, CeVa: 1.8435759544372559
ENSEMBLE | Tr_Acc: 0.9611999988555908, Tr_CE: 0.27095967531204224, Va_Acc: 0.9225000143051147, Va_CE: 0.8901379108428955
Epoch: 86, AccTr: 0.8769999742507935, AccVa: 0.8374999761581421, CeTr: 1.2438006401062012, CeVa: 2.078921318054199
Epoch: 87, AccTr: 0.886900007724762, AccVa: 0.859499990940094, CeTr: 1.1409181356430054, CeVa: 1.8342446088790894
Epoch: 88, AccTr: 0.8810999989509583, AccVa: 0.8485000133514404, CeTr: 1.1761277914047241, CeVa: 2.032426118850708
Epoch: 89, AccTr: 0.8831999897956848, AccVa: 0.8464999794960022, CeTr: 1.1753431558609009, CeVa: 2.160012722015381
Epoch: 90, AccTr: 0.8784999847412109, AccVa: 0.8544999957084656, CeTr: 1.236494541168213, CeVa: 1.9414044618606567
ENSEMBLE | Tr_Acc: 0.9635000228881836, Tr_CE: 0.2666095793247223, Va_Acc: 0.9200000166893005, Va_CE: 0.8604258894920349
Epoch: 91, AccTr: 0.8787000179290771, AccVa: 0.8445000052452087, CeTr: 1.2975621223449707, CeVa: 2.1068856716156006
Epoch: 92, AccTr: 0.8711000084877014, AccVa: 0.8424999713897705, CeTr: 1.385077953338623, CeVa: 1.8914461135864258
Epoch: 93, AccTr: 0.8920999765396118, AccVa: 0.843999981880188, CeTr: 1.0442906618118286, CeVa: 1.973426103591919
Epoch: 94, AccTr: 0.8783000111579895, AccVa: 0.8379999995231628, CeTr: 1.2851959466934204, CeVa: 2.092193365097046
Epoch: 95, AccTr: 0.8830999732017517, AccVa: 0.8420000076293945, CeTr: 1.1872634887695312, CeVa: 1.951389193534851
ENSEMBLE | Tr_Acc: 0.9645000100135803, Tr_CE: 0.2521882951259613, Va_Acc: 0.9259999990463257, Va_CE: 0.8340240120887756
Epoch: 96, AccTr: 0.871999979019165, AccVa: 0.8360000252723694, CeTr: 1.2845262289047241, CeVa: 2.073465347290039
Epoch: 97, AccTr: 0.8677999973297119, AccVa: 0.8314999938011169, CeTr: 1.3939255475997925, CeVa: 2.239600896835327
Epoch: 98, AccTr: 0.8632000088691711, AccVa: 0.8274999856948853, CeTr: 1.4505853652954102, CeVa: 2.274479389190674
Epoch: 99, AccTr: 0.8733999729156494, AccVa: 0.8424999713897705, CeTr: 1.3261489868164062, CeVa: 2.0647523403167725
Epoch: 100, AccTr: 0.8737999796867371, AccVa: 0.8349999785423279, CeTr: 1.3059909343719482, CeVa: 2.1361188888549805
ENSEMBLE | Tr_Acc: 0.9641000032424927, Tr_CE: 0.24844065308570862, Va_Acc: 0.9254999756813049, Va_CE: 0.8273327350616455
Epoch: 101, AccTr: 0.8752999901771545, AccVa: 0.8299999833106995, CeTr: 1.3666718006134033, CeVa: 2.2159314155578613
Epoch: 102, AccTr: 0.8797000050544739, AccVa: 0.8364999890327454, CeTr: 1.154874324798584, CeVa: 2.0782470703125
Epoch: 103, AccTr: 0.8784000277519226, AccVa: 0.8495000004768372, CeTr: 1.2172768115997314, CeVa: 1.9267023801803589
Epoch: 104, AccTr: 0.8733999729156494, AccVa: 0.8454999923706055, CeTr: 1.2376309633255005, CeVa: 2.059042453765869
Epoch: 105, AccTr: 0.8689000010490417, AccVa: 0.8245000243186951, CeTr: 1.4222272634506226, CeVa: 2.2273716926574707
ENSEMBLE | Tr_Acc: 0.9646999835968018, Tr_CE: 0.2492937445640564, Va_Acc: 0.9269999861717224, Va_CE: 0.8306673765182495
Epoch: 106, AccTr: 0.878000020980835, AccVa: 0.843999981880188, CeTr: 1.1928884983062744, CeVa: 1.9970065355300903
Epoch: 107, AccTr: 0.8780999779701233, AccVa: 0.8324999809265137, CeTr: 1.1673855781555176, CeVa: 2.0549566745758057
Epoch: 108, AccTr: 0.8813999891281128, AccVa: 0.8420000076293945, CeTr: 1.1617435216903687, CeVa: 2.0305869579315186
Epoch: 109, AccTr: 0.876800000667572, AccVa: 0.8395000100135803, CeTr: 1.1774033308029175, CeVa: 2.164449453353882
Epoch: 110, AccTr: 0.8791000247001648, AccVa: 0.8420000076293945, CeTr: 1.1686171293258667, CeVa: 2.1613929271698
ENSEMBLE | Tr_Acc: 0.9652000069618225, Tr_CE: 0.2399352788925171, Va_Acc: 0.9269999861717224, Va_CE: 0.8315186500549316
Epoch: 111, AccTr: 0.886900007724762, AccVa: 0.8379999995231628, CeTr: 1.1528714895248413, CeVa: 2.0717623233795166
Epoch: 112, AccTr: 0.8763999938964844, AccVa: 0.8295000195503235, CeTr: 1.3563194274902344, CeVa: 2.181764602661133
Epoch: 113, AccTr: 0.8707000017166138, AccVa: 0.847000002861023, CeTr: 1.4599823951721191, CeVa: 2.158615827560425
Epoch: 114, AccTr: 0.8806999921798706, AccVa: 0.8399999737739563, CeTr: 1.2451692819595337, CeVa: 2.111449718475342
Epoch: 115, AccTr: 0.8676000237464905, AccVa: 0.840499997138977, CeTr: 1.4258753061294556, CeVa: 2.0485496520996094
ENSEMBLE | Tr_Acc: 0.9650999903678894, Tr_CE: 0.24041657149791718, Va_Acc: 0.9279999732971191, Va_CE: 0.8171547651290894
Epoch: 116, AccTr: 0.869700014591217, AccVa: 0.8445000052452087, CeTr: 1.373234510421753, CeVa: 1.9143418073654175
Epoch: 117, AccTr: 0.8776000142097473, AccVa: 0.8479999899864197, CeTr: 1.3122516870498657, CeVa: 1.893183946609497
Epoch: 118, AccTr: 0.8718000054359436, AccVa: 0.8514999747276306, CeTr: 1.2898027896881104, CeVa: 1.9381259679794312
Epoch: 119, AccTr: 0.8752999901771545, AccVa: 0.8360000252723694, CeTr: 1.3375802040100098, CeVa: 2.299204111099243
Epoch: 120, AccTr: 0.8884000182151794, AccVa: 0.8364999890327454, CeTr: 1.0956331491470337, CeVa: 2.0012848377227783
ENSEMBLE | Tr_Acc: 0.9660000205039978, Tr_CE: 0.23559992015361786, Va_Acc: 0.9265000224113464, Va_CE: 0.7929695248603821
Epoch: 121, AccTr: 0.8774999976158142, AccVa: 0.840499997138977, CeTr: 1.2645422220230103, CeVa: 2.0171282291412354
Epoch: 122, AccTr: 0.8766999840736389, AccVa: 0.8339999914169312, CeTr: 1.30604887008667, CeVa: 2.0437657833099365
Epoch: 123, AccTr: 0.8813999891281128, AccVa: 0.8324999809265137, CeTr: 1.1644965410232544, CeVa: 2.1829774379730225
Epoch: 124, AccTr: 0.8841000199317932, AccVa: 0.8305000066757202, CeTr: 1.109413504600525, CeVa: 2.0669026374816895
Epoch: 125, AccTr: 0.8726999759674072, AccVa: 0.8339999914169312, CeTr: 1.2457586526870728, CeVa: 2.1747801303863525
ENSEMBLE | Tr_Acc: 0.9661999940872192, Tr_CE: 0.22998598217964172, Va_Acc: 0.9284999966621399, Va_CE: 0.7864120006561279
Epoch: 126, AccTr: 0.8741999864578247, AccVa: 0.8320000171661377, CeTr: 1.223785400390625, CeVa: 2.089710235595703
Epoch: 127, AccTr: 0.8791000247001648, AccVa: 0.8450000286102295, CeTr: 1.3137788772583008, CeVa: 2.4022397994995117
Epoch: 128, AccTr: 0.8773000240325928, AccVa: 0.8460000157356262, CeTr: 1.3179386854171753, CeVa: 2.182462692260742
Epoch: 129, AccTr: 0.8766999840736389, AccVa: 0.8395000100135803, CeTr: 1.2821491956710815, CeVa: 2.1778452396392822
Epoch: 130, AccTr: 0.8762999773025513, AccVa: 0.843999981880188, CeTr: 1.2396472692489624, CeVa: 2.061324119567871
ENSEMBLE | Tr_Acc: 0.9674000144004822, Tr_CE: 0.22820952534675598, Va_Acc: 0.9265000224113464, Va_CE: 0.7786450386047363
Epoch: 131, AccTr: 0.8824999928474426, AccVa: 0.8295000195503235, CeTr: 1.2748913764953613, CeVa: 2.3214004039764404
Epoch: 132, AccTr: 0.8826000094413757, AccVa: 0.828000009059906, CeTr: 1.2191156148910522, CeVa: 2.319415330886841
Epoch: 133, AccTr: 0.8626999855041504, AccVa: 0.8454999923706055, CeTr: 1.397551417350769, CeVa: 2.0971105098724365
Epoch: 134, AccTr: 0.8727999925613403, AccVa: 0.8345000147819519, CeTr: 1.2448025941848755, CeVa: 2.1131603717803955
Epoch: 135, AccTr: 0.883899986743927, AccVa: 0.8550000190734863, CeTr: 1.130299687385559, CeVa: 2.0264086723327637
ENSEMBLE | Tr_Acc: 0.9672999978065491, Tr_CE: 0.2234930694103241, Va_Acc: 0.9279999732971191, Va_CE: 0.7672183513641357
Epoch: 136, AccTr: 0.8827000260353088, AccVa: 0.8335000276565552, CeTr: 1.1805648803710938, CeVa: 2.1608164310455322
Epoch: 137, AccTr: 0.879800021648407, AccVa: 0.8424999713897705, CeTr: 1.281960368156433, CeVa: 2.1335504055023193
Epoch: 138, AccTr: 0.8655999898910522, AccVa: 0.8504999876022339, CeTr: 1.445419192314148, CeVa: 1.9691323041915894
Epoch: 139, AccTr: 0.8788999915122986, AccVa: 0.8514999747276306, CeTr: 1.2749786376953125, CeVa: 2.1193487644195557
Epoch: 140, AccTr: 0.8740000128746033, AccVa: 0.8395000100135803, CeTr: 1.3261280059814453, CeVa: 2.0753331184387207
ENSEMBLE | Tr_Acc: 0.9670000076293945, Tr_CE: 0.22469232976436615, Va_Acc: 0.9284999966621399, Va_CE: 0.7670645713806152
Epoch: 141, AccTr: 0.8694999814033508, AccVa: 0.8289999961853027, CeTr: 1.3442814350128174, CeVa: 2.3497395515441895
Epoch: 142, AccTr: 0.8729000091552734, AccVa: 0.8314999938011169, CeTr: 1.2430857419967651, CeVa: 2.1818013191223145
Epoch: 143, AccTr: 0.8822000026702881, AccVa: 0.8379999995231628, CeTr: 1.1654272079467773, CeVa: 2.213489055633545
Epoch: 144, AccTr: 0.8758000135421753, AccVa: 0.8424999713897705, CeTr: 1.3112906217575073, CeVa: 2.3733627796173096
Epoch: 145, AccTr: 0.8769000172615051, AccVa: 0.8355000019073486, CeTr: 1.3131327629089355, CeVa: 2.2075629234313965
ENSEMBLE | Tr_Acc: 0.9667999744415283, Tr_CE: 0.22357028722763062, Va_Acc: 0.9269999861717224, Va_CE: 0.7749089598655701
Epoch: 146, AccTr: 0.882099986076355, AccVa: 0.8309999704360962, CeTr: 1.1599088907241821, CeVa: 2.2142226696014404
Epoch: 147, AccTr: 0.8827999830245972, AccVa: 0.840499997138977, CeTr: 1.1845943927764893, CeVa: 2.0413107872009277
Epoch: 148, AccTr: 0.8797000050544739, AccVa: 0.8554999828338623, CeTr: 1.2368605136871338, CeVa: 2.0737144947052
Epoch: 149, AccTr: 0.8881999850273132, AccVa: 0.8514999747276306, CeTr: 1.1727800369262695, CeVa: 2.0278964042663574
Epoch: 150, AccTr: 0.8747000098228455, AccVa: 0.843999981880188, CeTr: 1.2922099828720093, CeVa: 2.1123344898223877
ENSEMBLE | Tr_Acc: 0.9674000144004822, Tr_CE: 0.22376592457294464, Va_Acc: 0.9265000224113464, Va_CE: 0.7687835693359375
Epoch: 151, AccTr: 0.8711000084877014, AccVa: 0.8445000052452087, CeTr: 1.3891847133636475, CeVa: 2.0272982120513916
Epoch: 152, AccTr: 0.8687999844551086, AccVa: 0.8374999761581421, CeTr: 1.3979324102401733, CeVa: 2.1434009075164795
Epoch: 153, AccTr: 0.8769999742507935, AccVa: 0.8345000147819519, CeTr: 1.2107304334640503, CeVa: 2.1884143352508545
Epoch: 154, AccTr: 0.879800021648407, AccVa: 0.8454999923706055, CeTr: 1.2858079671859741, CeVa: 2.0345282554626465
Epoch: 155, AccTr: 0.8802000284194946, AccVa: 0.8399999737739563, CeTr: 1.2249224185943604, CeVa: 2.078401803970337
ENSEMBLE | Tr_Acc: 0.9672999978065491, Tr_CE: 0.2232101559638977, Va_Acc: 0.9269999861717224, Va_CE: 0.765394389629364
Epoch: 156, AccTr: 0.8804000020027161, AccVa: 0.8535000085830688, CeTr: 1.1828722953796387, CeVa: 1.9661340713500977
Epoch: 157, AccTr: 0.891700029373169, AccVa: 0.8529999852180481, CeTr: 1.1366267204284668, CeVa: 2.062788486480713
Epoch: 158, AccTr: 0.8808000087738037, AccVa: 0.8460000157356262, CeTr: 1.230733871459961, CeVa: 2.0880486965179443
Epoch: 159, AccTr: 0.8799999952316284, AccVa: 0.847000002861023, CeTr: 1.217466950416565, CeVa: 2.049806594848633
Epoch: 160, AccTr: 0.8715999722480774, AccVa: 0.8349999785423279, CeTr: 1.3283743858337402, CeVa: 2.135507345199585
ENSEMBLE | Tr_Acc: 0.9675999879837036, Tr_CE: 0.22288808226585388, Va_Acc: 0.9254999756813049, Va_CE: 0.7627072930335999
Epoch: 161, AccTr: 0.8701000213623047, AccVa: 0.8389999866485596, CeTr: 1.381731390953064, CeVa: 2.08211350440979
Epoch: 162, AccTr: 0.8748000264167786, AccVa: 0.8399999737739563, CeTr: 1.2979451417922974, CeVa: 2.1340842247009277
Epoch: 163, AccTr: 0.8798999786376953, AccVa: 0.8424999713897705, CeTr: 1.2184860706329346, CeVa: 2.251077890396118
Epoch: 164, AccTr: 0.8734999895095825, AccVa: 0.8395000100135803, CeTr: 1.394184947013855, CeVa: 2.140368700027466
Epoch: 165, AccTr: 0.8693000078201294, AccVa: 0.8305000066757202, CeTr: 1.4149832725524902, CeVa: 2.2406177520751953
ENSEMBLE | Tr_Acc: 0.9675999879837036, Tr_CE: 0.22223535180091858, Va_Acc: 0.9279999732971191, Va_CE: 0.7606452703475952
Epoch: 166, AccTr: 0.8693000078201294, AccVa: 0.8504999876022339, CeTr: 1.374825358390808, CeVa: 2.009059429168701
Epoch: 167, AccTr: 0.8668000102043152, AccVa: 0.8414999842643738, CeTr: 1.351516842842102, CeVa: 2.176605463027954
Epoch: 168, AccTr: 0.8712000250816345, AccVa: 0.843999981880188, CeTr: 1.3037782907485962, CeVa: 2.0493507385253906
Epoch: 169, AccTr: 0.8729000091552734, AccVa: 0.8339999914169312, CeTr: 1.305816888809204, CeVa: 2.2170722484588623
Epoch: 170, AccTr: 0.8729000091552734, AccVa: 0.8255000114440918, CeTr: 1.3731087446212769, CeVa: 2.2781150341033936
ENSEMBLE | Tr_Acc: 0.9675999879837036, Tr_CE: 0.22265176475048065, Va_Acc: 0.925000011920929, Va_CE: 0.7611311078071594
Epoch: 171, AccTr: 0.8640999794006348, AccVa: 0.8195000290870667, CeTr: 1.4401005506515503, CeVa: 2.4160192012786865
Epoch: 172, AccTr: 0.8758000135421753, AccVa: 0.8349999785423279, CeTr: 1.2832133769989014, CeVa: 2.1831369400024414
Epoch: 173, AccTr: 0.8776999711990356, AccVa: 0.8255000114440918, CeTr: 1.2427341938018799, CeVa: 2.183586359024048
Epoch: 174, AccTr: 0.8702999949455261, AccVa: 0.8349999785423279, CeTr: 1.3092777729034424, CeVa: 2.235870122909546
Epoch: 175, AccTr: 0.8715000152587891, AccVa: 0.8429999947547913, CeTr: 1.3378793001174927, CeVa: 2.213528871536255
ENSEMBLE | Tr_Acc: 0.9674999713897705, Tr_CE: 0.22319959104061127, Va_Acc: 0.9244999885559082, Va_CE: 0.7640209794044495
Epoch: 176, AccTr: 0.8604999780654907, AccVa: 0.815500020980835, CeTr: 1.5692933797836304, CeVa: 2.6919217109680176
Epoch: 177, AccTr: 0.8598999977111816, AccVa: 0.8374999761581421, CeTr: 1.625030517578125, CeVa: 2.3404319286346436
Epoch: 178, AccTr: 0.871999979019165, AccVa: 0.8389999866485596, CeTr: 1.3182379007339478, CeVa: 2.298656463623047
Epoch: 179, AccTr: 0.8776999711990356, AccVa: 0.8345000147819519, CeTr: 1.2733371257781982, CeVa: 2.1706347465515137
Epoch: 180, AccTr: 0.8822000026702881, AccVa: 0.859000027179718, CeTr: 1.2323191165924072, CeVa: 2.0210201740264893
ENSEMBLE | Tr_Acc: 0.967199981212616, Tr_CE: 0.22277304530143738, Va_Acc: 0.9275000095367432, Va_CE: 0.7623851299285889
Epoch: 181, AccTr: 0.8755000233650208, AccVa: 0.8395000100135803, CeTr: 1.4167574644088745, CeVa: 2.2131083011627197
Epoch: 182, AccTr: 0.8842999935150146, AccVa: 0.8355000019073486, CeTr: 1.1711640357971191, CeVa: 2.24001145362854
Epoch: 183, AccTr: 0.8795999884605408, AccVa: 0.8364999890327454, CeTr: 1.2516974210739136, CeVa: 2.055866241455078
Epoch: 184, AccTr: 0.8913999795913696, AccVa: 0.8389999866485596, CeTr: 1.0556195974349976, CeVa: 2.2225043773651123
Epoch: 185, AccTr: 0.8823000192642212, AccVa: 0.8374999761581421, CeTr: 1.1650649309158325, CeVa: 2.104682207107544
ENSEMBLE | Tr_Acc: 0.9672999978065491, Tr_CE: 0.22178100049495697, Va_Acc: 0.9269999861717224, Va_CE: 0.7601301074028015
Epoch: 186, AccTr: 0.8899999856948853, AccVa: 0.8510000109672546, CeTr: 1.1053982973098755, CeVa: 2.0629734992980957
Epoch: 187, AccTr: 0.8733000159263611, AccVa: 0.843500018119812, CeTr: 1.2932608127593994, CeVa: 2.026665687561035
Epoch: 188, AccTr: 0.8658000230789185, AccVa: 0.8349999785423279, CeTr: 1.44241464138031, CeVa: 2.273789882659912
Epoch: 189, AccTr: 0.8802000284194946, AccVa: 0.8420000076293945, CeTr: 1.2073403596878052, CeVa: 2.0956223011016846
Epoch: 190, AccTr: 0.8669999837875366, AccVa: 0.8389999866485596, CeTr: 1.4229992628097534, CeVa: 2.143291711807251
ENSEMBLE | Tr_Acc: 0.9674999713897705, Tr_CE: 0.22262704372406006, Va_Acc: 0.9279999732971191, Va_CE: 0.7567708492279053
Epoch: 191, AccTr: 0.8575000166893005, AccVa: 0.8355000019073486, CeTr: 1.4571068286895752, CeVa: 2.1960036754608154
Epoch: 192, AccTr: 0.8672999739646912, AccVa: 0.8445000052452087, CeTr: 1.4338171482086182, CeVa: 2.045905828475952
Epoch: 193, AccTr: 0.8791000247001648, AccVa: 0.8335000276565552, CeTr: 1.2744861841201782, CeVa: 2.1821396350860596
Epoch: 194, AccTr: 0.8805999755859375, AccVa: 0.8360000252723694, CeTr: 1.3063784837722778, CeVa: 2.0890941619873047
Epoch: 195, AccTr: 0.8790000081062317, AccVa: 0.8349999785423279, CeTr: 1.2556215524673462, CeVa: 2.1226766109466553
ENSEMBLE | Tr_Acc: 0.9677000045776367, Tr_CE: 0.22066552937030792, Va_Acc: 0.9279999732971191, Va_CE: 0.7565845847129822
Epoch: 196, AccTr: 0.8664000034332275, AccVa: 0.8309999704360962, CeTr: 1.371592402458191, CeVa: 2.315499782562256
Epoch: 197, AccTr: 0.8682000041007996, AccVa: 0.8199999928474426, CeTr: 1.4561147689819336, CeVa: 2.292342185974121
Epoch: 198, AccTr: 0.8863000273704529, AccVa: 0.8525000214576721, CeTr: 1.1513005495071411, CeVa: 2.0258283615112305
Epoch: 199, AccTr: 0.8805000185966492, AccVa: 0.843500018119812, CeTr: 1.1645662784576416, CeVa: 2.1769022941589355
Epoch: 200, AccTr: 0.8676000237464905, AccVa: 0.8305000066757202, CeTr: 1.3230334520339966, CeVa: 2.273674249649048
ENSEMBLE | Tr_Acc: 0.9675999879837036, Tr_CE: 0.21909525990486145, Va_Acc: 0.9300000071525574, Va_CE: 0.7564358711242676
Input binarization: False
Pretrained network accuracy: 0.9855999946594238
NN CONFIG
Weight-type:		binary
Layout									Layer #1: 784	Layer #2: 280	Layer #3: 200	Layer #4: 10	
Activation Functions					Layer #1: bs	Layer #2: bs	
Keep probabilities		Layer #0: 0.99	Layer #1: 0.9	Layer #2: 0.9	
Flat factors							Layer #1: 1.0	Layer #2: 1.0	Layer #3: 1.0	
Activation Noise						Layer #1: 0.0	Layer #2: 0.0	Layer #3: 0.0	
Prior: 0.85

===================================

RUN CONFIG
Epochs: 200, Blocksize: 8

===================================

Epoch: 0, AccTr: 0.3294999897480011, AccVa: 0.34450000524520874, CeTr: 17.471981048583984, CeVa: 16.695037841796875
Epoch: 1, AccTr: 0.8812000155448914, AccVa: 0.8374999761581421, CeTr: 1.130017638206482, CeVa: 1.9452037811279297
Epoch: 2, AccTr: 0.9021999835968018, AccVa: 0.8650000095367432, CeTr: 0.8253002166748047, CeVa: 1.719844937324524
Epoch: 3, AccTr: 0.9050999879837036, AccVa: 0.8634999990463257, CeTr: 0.761804461479187, CeVa: 1.487840175628662
Epoch: 4, AccTr: 0.9068999886512756, AccVa: 0.8634999990463257, CeTr: 0.7670430541038513, CeVa: 1.5629364252090454
Epoch: 5, AccTr: 0.9035999774932861, AccVa: 0.8644999861717224, CeTr: 0.7854351997375488, CeVa: 1.638915777206421
Epoch: 6, AccTr: 0.9074000120162964, AccVa: 0.8675000071525574, CeTr: 0.7725873589515686, CeVa: 1.5127965211868286
Epoch: 7, AccTr: 0.9027000069618225, AccVa: 0.8600000143051147, CeTr: 0.8859508037567139, CeVa: 1.6209558248519897
Epoch: 8, AccTr: 0.8960000276565552, AccVa: 0.8514999747276306, CeTr: 0.9348132014274597, CeVa: 1.6711921691894531
Epoch: 9, AccTr: 0.8978000283241272, AccVa: 0.8485000133514404, CeTr: 0.9113157391548157, CeVa: 1.7913713455200195
Epoch: 10, AccTr: 0.8952000141143799, AccVa: 0.8705000281333923, CeTr: 0.9755093455314636, CeVa: 1.5229185819625854
Epoch: 11, AccTr: 0.8967000246047974, AccVa: 0.8600000143051147, CeTr: 0.9768689274787903, CeVa: 1.5600351095199585
Epoch: 12, AccTr: 0.8978999853134155, AccVa: 0.859499990940094, CeTr: 1.0099047422409058, CeVa: 1.5477858781814575
Epoch: 13, AccTr: 0.8877999782562256, AccVa: 0.843500018119812, CeTr: 1.0730658769607544, CeVa: 2.063859224319458
Epoch: 14, AccTr: 0.8956999778747559, AccVa: 0.8519999980926514, CeTr: 0.9282290935516357, CeVa: 1.8810489177703857
Epoch: 15, AccTr: 0.8909000158309937, AccVa: 0.8479999899864197, CeTr: 1.0405274629592896, CeVa: 1.8663625717163086
Epoch: 16, AccTr: 0.8924000263214111, AccVa: 0.843500018119812, CeTr: 0.9873673915863037, CeVa: 1.8881285190582275
Epoch: 17, AccTr: 0.8986999988555908, AccVa: 0.8475000262260437, CeTr: 0.9253047704696655, CeVa: 1.9657124280929565
Epoch: 18, AccTr: 0.9057999849319458, AccVa: 0.8539999723434448, CeTr: 0.8456642627716064, CeVa: 1.9340636730194092
Epoch: 19, AccTr: 0.8985999822616577, AccVa: 0.8514999747276306, CeTr: 0.870667576789856, CeVa: 1.9008342027664185
Epoch: 20, AccTr: 0.8903999924659729, AccVa: 0.8535000085830688, CeTr: 1.0851818323135376, CeVa: 1.9870644807815552
Epoch: 21, AccTr: 0.8810999989509583, AccVa: 0.8510000109672546, CeTr: 1.2034687995910645, CeVa: 2.0003442764282227
Epoch: 22, AccTr: 0.8913999795913696, AccVa: 0.8519999980926514, CeTr: 1.0230357646942139, CeVa: 1.862285852432251
Epoch: 23, AccTr: 0.8851000070571899, AccVa: 0.8414999842643738, CeTr: 1.1391570568084717, CeVa: 2.0212271213531494
Epoch: 24, AccTr: 0.8884999752044678, AccVa: 0.8385000228881836, CeTr: 1.1392312049865723, CeVa: 2.0731921195983887
Epoch: 25, AccTr: 0.8927000164985657, AccVa: 0.8510000109672546, CeTr: 1.0334359407424927, CeVa: 2.0039706230163574
Epoch: 26, AccTr: 0.8808000087738037, AccVa: 0.8395000100135803, CeTr: 1.2214545011520386, CeVa: 2.131666421890259
Epoch: 27, AccTr: 0.8930000066757202, AccVa: 0.8585000038146973, CeTr: 1.1002224683761597, CeVa: 1.9558957815170288
Epoch: 28, AccTr: 0.8840000033378601, AccVa: 0.847000002861023, CeTr: 1.1410845518112183, CeVa: 1.9963072538375854
Epoch: 29, AccTr: 0.881600022315979, AccVa: 0.8525000214576721, CeTr: 1.1850894689559937, CeVa: 1.9529865980148315
Epoch: 30, AccTr: 0.8848000168800354, AccVa: 0.8420000076293945, CeTr: 1.1429922580718994, CeVa: 1.9576330184936523
Epoch: 31, AccTr: 0.8841999769210815, AccVa: 0.8424999713897705, CeTr: 1.1741211414337158, CeVa: 1.9915844202041626
Epoch: 32, AccTr: 0.8858000040054321, AccVa: 0.8544999957084656, CeTr: 1.1505037546157837, CeVa: 1.897201418876648
Epoch: 33, AccTr: 0.8828999996185303, AccVa: 0.8525000214576721, CeTr: 1.1792922019958496, CeVa: 2.0113649368286133
Epoch: 34, AccTr: 0.8888999819755554, AccVa: 0.8610000014305115, CeTr: 1.1016159057617188, CeVa: 1.8225960731506348
Epoch: 35, AccTr: 0.8924999833106995, AccVa: 0.859000027179718, CeTr: 1.0456047058105469, CeVa: 2.090271472930908
Epoch: 36, AccTr: 0.885200023651123, AccVa: 0.8544999957084656, CeTr: 1.1194894313812256, CeVa: 1.9979298114776611
Epoch: 37, AccTr: 0.8806999921798706, AccVa: 0.8510000109672546, CeTr: 1.2294284105300903, CeVa: 1.9310681819915771
Epoch: 38, AccTr: 0.8862000107765198, AccVa: 0.8529999852180481, CeTr: 1.2007206678390503, CeVa: 2.109778881072998
Epoch: 39, AccTr: 0.8927000164985657, AccVa: 0.8489999771118164, CeTr: 1.1144529581069946, CeVa: 2.1326942443847656
Epoch: 40, AccTr: 0.8784000277519226, AccVa: 0.8309999704360962, CeTr: 1.2885226011276245, CeVa: 2.3184750080108643
Epoch: 41, AccTr: 0.8838000297546387, AccVa: 0.8529999852180481, CeTr: 1.1263843774795532, CeVa: 2.0746114253997803
Epoch: 42, AccTr: 0.8866999745368958, AccVa: 0.8519999980926514, CeTr: 1.1354397535324097, CeVa: 2.0146408081054688
Epoch: 43, AccTr: 0.8755000233650208, AccVa: 0.8420000076293945, CeTr: 1.3179904222488403, CeVa: 2.091524124145508
Epoch: 44, AccTr: 0.8727999925613403, AccVa: 0.8370000123977661, CeTr: 1.282886028289795, CeVa: 2.1614623069763184
Epoch: 45, AccTr: 0.8790000081062317, AccVa: 0.8379999995231628, CeTr: 1.3363498449325562, CeVa: 2.305842876434326
Epoch: 46, AccTr: 0.8808000087738037, AccVa: 0.843999981880188, CeTr: 1.2099361419677734, CeVa: 1.989227294921875
Epoch: 47, AccTr: 0.8727999925613403, AccVa: 0.8379999995231628, CeTr: 1.3318521976470947, CeVa: 2.0586040019989014
Epoch: 48, AccTr: 0.8791999816894531, AccVa: 0.8514999747276306, CeTr: 1.268721342086792, CeVa: 2.077366590499878
Epoch: 49, AccTr: 0.8766999840736389, AccVa: 0.8565000295639038, CeTr: 1.3503187894821167, CeVa: 1.807735800743103
Epoch: 50, AccTr: 0.8708999752998352, AccVa: 0.8324999809265137, CeTr: 1.3770920038223267, CeVa: 2.136927604675293
ENSEMBLE | Tr_Acc: 0.8708999752998352, Tr_CE: 1.3770920038223267, Va_Acc: 0.8324999809265137, Va_CE: 2.136927604675293
Epoch: 51, AccTr: 0.8784999847412109, AccVa: 0.8489999771118164, CeTr: 1.2339080572128296, CeVa: 1.978426456451416
Epoch: 52, AccTr: 0.8924000263214111, AccVa: 0.8535000085830688, CeTr: 0.9840068221092224, CeVa: 1.8791898488998413
Epoch: 53, AccTr: 0.8801000118255615, AccVa: 0.8410000205039978, CeTr: 1.185120940208435, CeVa: 2.3477413654327393
Epoch: 54, AccTr: 0.8873999714851379, AccVa: 0.8529999852180481, CeTr: 1.1422404050827026, CeVa: 1.9787791967391968
Epoch: 55, AccTr: 0.8709999918937683, AccVa: 0.8270000219345093, CeTr: 1.2923364639282227, CeVa: 2.239457607269287
ENSEMBLE | Tr_Acc: 0.9175000190734863, Tr_CE: 0.69952392578125, Va_Acc: 0.875, Va_CE: 1.4281830787658691
Epoch: 56, AccTr: 0.878000020980835, AccVa: 0.8379999995231628, CeTr: 1.2621734142303467, CeVa: 2.1519453525543213
Epoch: 57, AccTr: 0.8741000294685364, AccVa: 0.828499972820282, CeTr: 1.2165521383285522, CeVa: 2.203484058380127
Epoch: 58, AccTr: 0.878600001335144, AccVa: 0.8355000019073486, CeTr: 1.1532914638519287, CeVa: 2.0797603130340576
Epoch: 59, AccTr: 0.8765000104904175, AccVa: 0.8389999866485596, CeTr: 1.2784912586212158, CeVa: 2.1687045097351074
Epoch: 60, AccTr: 0.883400022983551, AccVa: 0.8489999771118164, CeTr: 1.2197381258010864, CeVa: 1.9796102046966553
ENSEMBLE | Tr_Acc: 0.9363999962806702, Tr_CE: 0.5176686644554138, Va_Acc: 0.8870000243186951, Va_CE: 1.1955065727233887
Epoch: 61, AccTr: 0.882099986076355, AccVa: 0.8565000295639038, CeTr: 1.2125773429870605, CeVa: 1.8211666345596313
Epoch: 62, AccTr: 0.8744000196456909, AccVa: 0.8374999761581421, CeTr: 1.3656063079833984, CeVa: 2.0434718132019043
Epoch: 63, AccTr: 0.883899986743927, AccVa: 0.8479999899864197, CeTr: 1.2289402484893799, CeVa: 1.870447039604187
Epoch: 64, AccTr: 0.8805000185966492, AccVa: 0.8370000123977661, CeTr: 1.2494412660598755, CeVa: 2.2347419261932373
Epoch: 65, AccTr: 0.8804000020027161, AccVa: 0.8544999957084656, CeTr: 1.1875097751617432, CeVa: 1.8720743656158447
ENSEMBLE | Tr_Acc: 0.944599986076355, Tr_CE: 0.4157417118549347, Va_Acc: 0.9035000205039978, Va_CE: 1.0540229082107544
Epoch: 66, AccTr: 0.8665000200271606, AccVa: 0.8370000123977661, CeTr: 1.429282307624817, CeVa: 2.2678911685943604
Epoch: 67, AccTr: 0.8815000057220459, AccVa: 0.8569999933242798, CeTr: 1.2494769096374512, CeVa: 1.8697187900543213
Epoch: 68, AccTr: 0.8787000179290771, AccVa: 0.8374999761581421, CeTr: 1.2679693698883057, CeVa: 1.9513911008834839
Epoch: 69, AccTr: 0.8769999742507935, AccVa: 0.8379999995231628, CeTr: 1.2597475051879883, CeVa: 2.1266324520111084
Epoch: 70, AccTr: 0.8741000294685364, AccVa: 0.8410000205039978, CeTr: 1.3394676446914673, CeVa: 2.099231004714966
ENSEMBLE | Tr_Acc: 0.9492999911308289, Tr_CE: 0.37758520245552063, Va_Acc: 0.9079999923706055, Va_CE: 0.988900363445282
Epoch: 71, AccTr: 0.8790000081062317, AccVa: 0.8445000052452087, CeTr: 1.2697480916976929, CeVa: 1.923842430114746
Epoch: 72, AccTr: 0.8751000165939331, AccVa: 0.8544999957084656, CeTr: 1.214425802230835, CeVa: 1.9423537254333496
Epoch: 73, AccTr: 0.8720999956130981, AccVa: 0.8504999876022339, CeTr: 1.3192825317382812, CeVa: 1.9386447668075562
Epoch: 74, AccTr: 0.8834999799728394, AccVa: 0.8395000100135803, CeTr: 1.1875219345092773, CeVa: 2.0442185401916504
Epoch: 75, AccTr: 0.8845000267028809, AccVa: 0.8525000214576721, CeTr: 1.141282081604004, CeVa: 1.9511724710464478
ENSEMBLE | Tr_Acc: 0.954200029373169, Tr_CE: 0.3377508819103241, Va_Acc: 0.9114999771118164, Va_CE: 0.9202718734741211
Epoch: 76, AccTr: 0.8810999989509583, AccVa: 0.8379999995231628, CeTr: 1.1757707595825195, CeVa: 2.0296552181243896
Epoch: 77, AccTr: 0.8740000128746033, AccVa: 0.8370000123977661, CeTr: 1.2570005655288696, CeVa: 2.102328062057495
Epoch: 78, AccTr: 0.8774999976158142, AccVa: 0.8445000052452087, CeTr: 1.2044007778167725, CeVa: 2.0935986042022705
Epoch: 79, AccTr: 0.8863999843597412, AccVa: 0.8519999980926514, CeTr: 1.117929458618164, CeVa: 1.9697825908660889
Epoch: 80, AccTr: 0.8812000155448914, AccVa: 0.8389999866485596, CeTr: 1.2906086444854736, CeVa: 2.0748109817504883
ENSEMBLE | Tr_Acc: 0.957099974155426, Tr_CE: 0.3269762098789215, Va_Acc: 0.909500002861023, Va_CE: 0.8919029831886292
Epoch: 81, AccTr: 0.8862000107765198, AccVa: 0.8560000061988831, CeTr: 1.2447364330291748, CeVa: 1.9211697578430176
Epoch: 82, AccTr: 0.8784000277519226, AccVa: 0.8395000100135803, CeTr: 1.338927149772644, CeVa: 2.1404449939727783
Epoch: 83, AccTr: 0.879800021648407, AccVa: 0.8345000147819519, CeTr: 1.2755056619644165, CeVa: 2.224456548690796
Epoch: 84, AccTr: 0.8736000061035156, AccVa: 0.8355000019073486, CeTr: 1.3189855813980103, CeVa: 2.097222089767456
Epoch: 85, AccTr: 0.8698999881744385, AccVa: 0.8309999704360962, CeTr: 1.3502007722854614, CeVa: 2.119359016418457
ENSEMBLE | Tr_Acc: 0.9577999711036682, Tr_CE: 0.3150448799133301, Va_Acc: 0.9144999980926514, Va_CE: 0.8670021891593933
Epoch: 86, AccTr: 0.8841999769210815, AccVa: 0.8450000286102295, CeTr: 1.1329151391983032, CeVa: 2.0717201232910156
Epoch: 87, AccTr: 0.8823999762535095, AccVa: 0.843500018119812, CeTr: 1.2486382722854614, CeVa: 2.0887951850891113
Epoch: 88, AccTr: 0.8860999941825867, AccVa: 0.840499997138977, CeTr: 1.1957720518112183, CeVa: 2.162631034851074
Epoch: 89, AccTr: 0.8723000288009644, AccVa: 0.8385000228881836, CeTr: 1.2937662601470947, CeVa: 2.1501662731170654
Epoch: 90, AccTr: 0.8755999803543091, AccVa: 0.8445000052452087, CeTr: 1.3378781080245972, CeVa: 2.10384202003479
ENSEMBLE | Tr_Acc: 0.9587000012397766, Tr_CE: 0.30226582288742065, Va_Acc: 0.9154999852180481, Va_CE: 0.8611584305763245
Epoch: 91, AccTr: 0.8618999719619751, AccVa: 0.8345000147819519, CeTr: 1.3697009086608887, CeVa: 2.152992010116577
Epoch: 92, AccTr: 0.8668000102043152, AccVa: 0.8345000147819519, CeTr: 1.4119147062301636, CeVa: 2.284533739089966
Epoch: 93, AccTr: 0.8726999759674072, AccVa: 0.8385000228881836, CeTr: 1.3110307455062866, CeVa: 2.3257529735565186
Epoch: 94, AccTr: 0.8791000247001648, AccVa: 0.840499997138977, CeTr: 1.2095192670822144, CeVa: 2.072568655014038
Epoch: 95, AccTr: 0.8871999979019165, AccVa: 0.8579999804496765, CeTr: 1.1078943014144897, CeVa: 2.0424253940582275
ENSEMBLE | Tr_Acc: 0.9595000147819519, Tr_CE: 0.2914607524871826, Va_Acc: 0.9179999828338623, Va_CE: 0.8515575528144836
Epoch: 96, AccTr: 0.8823999762535095, AccVa: 0.8489999771118164, CeTr: 1.2025947570800781, CeVa: 1.970097541809082
Epoch: 97, AccTr: 0.8661999702453613, AccVa: 0.843999981880188, CeTr: 1.4049986600875854, CeVa: 2.0470340251922607
Epoch: 98, AccTr: 0.8752999901771545, AccVa: 0.8360000252723694, CeTr: 1.2753357887268066, CeVa: 2.0536649227142334
Epoch: 99, AccTr: 0.8741000294685364, AccVa: 0.8445000052452087, CeTr: 1.301247477531433, CeVa: 1.8292226791381836
Epoch: 100, AccTr: 0.8801000118255615, AccVa: 0.8460000157356262, CeTr: 1.1845788955688477, CeVa: 1.9930810928344727
ENSEMBLE | Tr_Acc: 0.9611999988555908, Tr_CE: 0.27787983417510986, Va_Acc: 0.9210000038146973, Va_CE: 0.825314998626709
Epoch: 101, AccTr: 0.8784000277519226, AccVa: 0.8364999890327454, CeTr: 1.1910278797149658, CeVa: 2.0845277309417725
Epoch: 102, AccTr: 0.8810999989509583, AccVa: 0.8379999995231628, CeTr: 1.2170617580413818, CeVa: 1.820334553718567
Epoch: 103, AccTr: 0.8859999775886536, AccVa: 0.8475000262260437, CeTr: 1.1058698892593384, CeVa: 1.8533400297164917
Epoch: 104, AccTr: 0.876800000667572, AccVa: 0.8445000052452087, CeTr: 1.241721510887146, CeVa: 1.8033041954040527
Epoch: 105, AccTr: 0.8805999755859375, AccVa: 0.8539999723434448, CeTr: 1.2377861738204956, CeVa: 1.7345958948135376
ENSEMBLE | Tr_Acc: 0.9614999890327454, Tr_CE: 0.2701755464076996, Va_Acc: 0.9204999804496765, Va_CE: 0.8003750443458557
Epoch: 106, AccTr: 0.8859000205993652, AccVa: 0.8550000190734863, CeTr: 1.103285789489746, CeVa: 1.7154608964920044
Epoch: 107, AccTr: 0.8848000168800354, AccVa: 0.8389999866485596, CeTr: 1.1441861391067505, CeVa: 2.032447576522827
Epoch: 108, AccTr: 0.8629999756813049, AccVa: 0.8360000252723694, CeTr: 1.5195802450180054, CeVa: 2.0121750831604004
Epoch: 109, AccTr: 0.8762000203132629, AccVa: 0.8389999866485596, CeTr: 1.2353544235229492, CeVa: 1.9854552745819092
Epoch: 110, AccTr: 0.8870000243186951, AccVa: 0.8539999723434448, CeTr: 1.1600993871688843, CeVa: 1.840811014175415
ENSEMBLE | Tr_Acc: 0.961899995803833, Tr_CE: 0.263888418674469, Va_Acc: 0.921999990940094, Va_CE: 0.7895655035972595
Epoch: 111, AccTr: 0.882099986076355, AccVa: 0.8485000133514404, CeTr: 1.2078862190246582, CeVa: 1.9582955837249756
Epoch: 112, AccTr: 0.8896999955177307, AccVa: 0.8510000109672546, CeTr: 1.1324763298034668, CeVa: 2.0395896434783936
Epoch: 113, AccTr: 0.8809999823570251, AccVa: 0.8535000085830688, CeTr: 1.254947304725647, CeVa: 2.141139268875122
Epoch: 114, AccTr: 0.8794999718666077, AccVa: 0.8485000133514404, CeTr: 1.2201788425445557, CeVa: 1.9809377193450928
Epoch: 115, AccTr: 0.8822000026702881, AccVa: 0.8485000133514404, CeTr: 1.188100814819336, CeVa: 2.1398305892944336
ENSEMBLE | Tr_Acc: 0.9627000093460083, Tr_CE: 0.2586095631122589, Va_Acc: 0.9240000247955322, Va_CE: 0.7900480628013611
Epoch: 116, AccTr: 0.8881999850273132, AccVa: 0.8485000133514404, CeTr: 1.0803195238113403, CeVa: 1.9917457103729248
Epoch: 117, AccTr: 0.8758000135421753, AccVa: 0.8370000123977661, CeTr: 1.2114824056625366, CeVa: 2.3861401081085205
Epoch: 118, AccTr: 0.8776000142097473, AccVa: 0.8460000157356262, CeTr: 1.2269452810287476, CeVa: 1.9614882469177246
Epoch: 119, AccTr: 0.8754000067710876, AccVa: 0.8454999923706055, CeTr: 1.292641043663025, CeVa: 1.8519418239593506
Epoch: 120, AccTr: 0.8690999746322632, AccVa: 0.8500000238418579, CeTr: 1.3427326679229736, CeVa: 1.9330956935882568
ENSEMBLE | Tr_Acc: 0.9642000198364258, Tr_CE: 0.25443631410598755, Va_Acc: 0.9259999990463257, Va_CE: 0.7777119278907776
Epoch: 121, AccTr: 0.8744999766349792, AccVa: 0.8475000262260437, CeTr: 1.2795346975326538, CeVa: 2.0203351974487305
Epoch: 122, AccTr: 0.8730999827384949, AccVa: 0.8299999833106995, CeTr: 1.293394923210144, CeVa: 2.098238229751587
Epoch: 123, AccTr: 0.8738999962806702, AccVa: 0.8424999713897705, CeTr: 1.2773023843765259, CeVa: 2.215867519378662
Epoch: 124, AccTr: 0.8812999725341797, AccVa: 0.8420000076293945, CeTr: 1.2487331628799438, CeVa: 1.932702660560608
Epoch: 125, AccTr: 0.8758999705314636, AccVa: 0.8414999842643738, CeTr: 1.229280710220337, CeVa: 2.128999948501587
ENSEMBLE | Tr_Acc: 0.9642999768257141, Tr_CE: 0.24959780275821686, Va_Acc: 0.9254999756813049, Va_CE: 0.7788428068161011
Epoch: 126, AccTr: 0.8748999834060669, AccVa: 0.8410000205039978, CeTr: 1.259722352027893, CeVa: 2.1801836490631104
Epoch: 127, AccTr: 0.8745999932289124, AccVa: 0.847000002861023, CeTr: 1.3500738143920898, CeVa: 2.1458985805511475
Epoch: 128, AccTr: 0.8736000061035156, AccVa: 0.8330000042915344, CeTr: 1.297070860862732, CeVa: 2.183736562728882
Epoch: 129, AccTr: 0.8820000290870667, AccVa: 0.8659999966621399, CeTr: 1.2066892385482788, CeVa: 1.847459316253662
Epoch: 130, AccTr: 0.8840000033378601, AccVa: 0.847000002861023, CeTr: 1.1684491634368896, CeVa: 1.8467336893081665
ENSEMBLE | Tr_Acc: 0.9648000001907349, Tr_CE: 0.2433856874704361, Va_Acc: 0.9259999990463257, Va_CE: 0.7648006677627563
Epoch: 131, AccTr: 0.8812000155448914, AccVa: 0.8519999980926514, CeTr: 1.1182849407196045, CeVa: 1.9074381589889526
