Input binarization: False
Pretrained network accuracy: 0.9869999885559082
NN CONFIG
Weight-type:		binary
Layout									Layer #1: 784	Layer #2: 280	Layer #3: 200	Layer #4: 10	
Activation Functions					Layer #1: bs	Layer #2: bs	
Keep probabilities		Layer #0: 0.9700000000000001	Layer #1: 0.9	Layer #2: 0.9	
Flat factors							Layer #1: 1.0	Layer #2: 1.0	Layer #3: 1.0	
Activation Noise						Layer #1: 0.0	Layer #2: 0.0	Layer #3: 0.0	
Prior: 0.85

===================================

RUN CONFIG
Epochs: 200, Blocksize: 8

===================================

Epoch: 0, AccTr: 0.49559998512268066, AccVa: 0.5139999985694885, CeTr: 12.533698081970215, CeVa: 11.31176471710205
Epoch: 1, AccTr: 0.90420001745224, AccVa: 0.8790000081062317, CeTr: 0.94870924949646, CeVa: 1.51732337474823
Epoch: 2, AccTr: 0.9121999740600586, AccVa: 0.8730000257492065, CeTr: 0.8004534840583801, CeVa: 1.7196687459945679
Epoch: 3, AccTr: 0.9142000079154968, AccVa: 0.8715000152587891, CeTr: 0.7738971710205078, CeVa: 1.4807639122009277
Epoch: 4, AccTr: 0.9144999980926514, AccVa: 0.8765000104904175, CeTr: 0.8027040958404541, CeVa: 1.5301884412765503
Epoch: 5, AccTr: 0.8931999802589417, AccVa: 0.8514999747276306, CeTr: 1.0228464603424072, CeVa: 1.7810537815093994
Epoch: 6, AccTr: 0.8970999717712402, AccVa: 0.8565000295639038, CeTr: 0.9489303827285767, CeVa: 1.8208448886871338
Epoch: 7, AccTr: 0.8978999853134155, AccVa: 0.8414999842643738, CeTr: 0.9641206860542297, CeVa: 1.8010716438293457
Epoch: 8, AccTr: 0.8934000134468079, AccVa: 0.8565000295639038, CeTr: 0.9707097411155701, CeVa: 1.75
Epoch: 9, AccTr: 0.8914999961853027, AccVa: 0.8395000100135803, CeTr: 1.057176113128662, CeVa: 1.9103574752807617
Epoch: 10, AccTr: 0.8970000147819519, AccVa: 0.8579999804496765, CeTr: 1.0154433250427246, CeVa: 1.7188713550567627
Epoch: 11, AccTr: 0.890999972820282, AccVa: 0.859499990940094, CeTr: 1.1643956899642944, CeVa: 1.7299975156784058
Epoch: 12, AccTr: 0.8895000219345093, AccVa: 0.862500011920929, CeTr: 1.0873963832855225, CeVa: 1.742276906967163
Epoch: 13, AccTr: 0.8910999894142151, AccVa: 0.8675000071525574, CeTr: 1.1097146272659302, CeVa: 1.700919508934021
Epoch: 14, AccTr: 0.8858000040054321, AccVa: 0.862500011920929, CeTr: 1.170547604560852, CeVa: 1.7060651779174805
Epoch: 15, AccTr: 0.8816999793052673, AccVa: 0.8610000014305115, CeTr: 1.2791210412979126, CeVa: 1.7228225469589233
Epoch: 16, AccTr: 0.8809999823570251, AccVa: 0.8495000004768372, CeTr: 1.247435212135315, CeVa: 1.9554868936538696
Epoch: 17, AccTr: 0.8676999807357788, AccVa: 0.8305000066757202, CeTr: 1.3724379539489746, CeVa: 2.1253573894500732
Epoch: 18, AccTr: 0.8424999713897705, AccVa: 0.8050000071525574, CeTr: 1.6730889081954956, CeVa: 2.404914379119873
Epoch: 19, AccTr: 0.8596000075340271, AccVa: 0.8159999847412109, CeTr: 1.490926742553711, CeVa: 2.095649242401123
Epoch: 20, AccTr: 0.8650000095367432, AccVa: 0.8424999713897705, CeTr: 1.4820421934127808, CeVa: 2.131373405456543
Epoch: 21, AccTr: 0.8748999834060669, AccVa: 0.8454999923706055, CeTr: 1.3153434991836548, CeVa: 2.0003490447998047
Epoch: 22, AccTr: 0.8669000267982483, AccVa: 0.8324999809265137, CeTr: 1.3997108936309814, CeVa: 2.1254756450653076
Epoch: 23, AccTr: 0.8668000102043152, AccVa: 0.8424999713897705, CeTr: 1.4715319871902466, CeVa: 2.0192201137542725
Epoch: 24, AccTr: 0.8593999743461609, AccVa: 0.8309999704360962, CeTr: 1.534917950630188, CeVa: 2.3110694885253906
Epoch: 25, AccTr: 0.8812999725341797, AccVa: 0.8309999704360962, CeTr: 1.2881709337234497, CeVa: 2.323784589767456
Epoch: 26, AccTr: 0.86080002784729, AccVa: 0.8295000195503235, CeTr: 1.4915028810501099, CeVa: 2.146580457687378
Epoch: 27, AccTr: 0.8668000102043152, AccVa: 0.824999988079071, CeTr: 1.431490182876587, CeVa: 2.2603838443756104
Epoch: 28, AccTr: 0.8583999872207642, AccVa: 0.8220000267028809, CeTr: 1.4854917526245117, CeVa: 2.439530372619629
Epoch: 29, AccTr: 0.8633000254631042, AccVa: 0.8299999833106995, CeTr: 1.5257256031036377, CeVa: 2.368317127227783
Epoch: 30, AccTr: 0.8725000023841858, AccVa: 0.8374999761581421, CeTr: 1.4118025302886963, CeVa: 2.0464835166931152
Epoch: 31, AccTr: 0.8547000288963318, AccVa: 0.8159999847412109, CeTr: 1.6057229042053223, CeVa: 2.2446961402893066
Epoch: 32, AccTr: 0.864799976348877, AccVa: 0.8240000009536743, CeTr: 1.5164843797683716, CeVa: 2.3140251636505127
Epoch: 33, AccTr: 0.8593999743461609, AccVa: 0.8379999995231628, CeTr: 1.5352094173431396, CeVa: 2.0794756412506104
Epoch: 34, AccTr: 0.8507000207901001, AccVa: 0.8230000138282776, CeTr: 1.6845203638076782, CeVa: 2.2393221855163574
Epoch: 35, AccTr: 0.8529000282287598, AccVa: 0.8264999985694885, CeTr: 1.6361924409866333, CeVa: 2.4514968395233154
Epoch: 36, AccTr: 0.8532999753952026, AccVa: 0.8295000195503235, CeTr: 1.5868116617202759, CeVa: 2.351811408996582
Epoch: 37, AccTr: 0.8521000146865845, AccVa: 0.8130000233650208, CeTr: 1.607649564743042, CeVa: 2.480118989944458
Epoch: 38, AccTr: 0.8615999817848206, AccVa: 0.8360000252723694, CeTr: 1.5293761491775513, CeVa: 2.0265471935272217
Epoch: 39, AccTr: 0.8438000082969666, AccVa: 0.8059999942779541, CeTr: 1.7842375040054321, CeVa: 2.232250452041626
Epoch: 40, AccTr: 0.8544999957084656, AccVa: 0.8190000057220459, CeTr: 1.5988842248916626, CeVa: 2.336522102355957
Epoch: 41, AccTr: 0.8450000286102295, AccVa: 0.8080000281333923, CeTr: 1.6581580638885498, CeVa: 2.503610610961914
Epoch: 42, AccTr: 0.8583999872207642, AccVa: 0.8289999961853027, CeTr: 1.5846405029296875, CeVa: 2.4614100456237793
Epoch: 43, AccTr: 0.8555999994277954, AccVa: 0.8309999704360962, CeTr: 1.5674755573272705, CeVa: 2.2413432598114014
Epoch: 44, AccTr: 0.8500999808311462, AccVa: 0.8274999856948853, CeTr: 1.638702154159546, CeVa: 2.1542577743530273
Epoch: 45, AccTr: 0.8550000190734863, AccVa: 0.8274999856948853, CeTr: 1.498104214668274, CeVa: 2.2663679122924805
Epoch: 46, AccTr: 0.8603000044822693, AccVa: 0.8335000276565552, CeTr: 1.5062917470932007, CeVa: 1.9821407794952393
Epoch: 47, AccTr: 0.8579999804496765, AccVa: 0.8335000276565552, CeTr: 1.5737221240997314, CeVa: 2.312681198120117
Epoch: 48, AccTr: 0.8410000205039978, AccVa: 0.8234999775886536, CeTr: 1.706835150718689, CeVa: 2.2245235443115234
Epoch: 49, AccTr: 0.8550000190734863, AccVa: 0.8270000219345093, CeTr: 1.6690726280212402, CeVa: 2.4700522422790527
Epoch: 50, AccTr: 0.8478999733924866, AccVa: 0.8205000162124634, CeTr: 1.731408953666687, CeVa: 2.3287010192871094
ENSEMBLE | Tr_Acc: 0.8478999733924866, Tr_CE: 1.731408953666687, Va_Acc: 0.8205000162124634, Va_CE: 2.3287010192871094
Epoch: 51, AccTr: 0.8605999946594238, AccVa: 0.8195000290870667, CeTr: 1.5506280660629272, CeVa: 2.3641889095306396
Epoch: 52, AccTr: 0.8428000211715698, AccVa: 0.8149999976158142, CeTr: 1.7971597909927368, CeVa: 2.5041110515594482
Epoch: 53, AccTr: 0.8610000014305115, AccVa: 0.8370000123977661, CeTr: 1.4823297262191772, CeVa: 2.0492656230926514
Epoch: 54, AccTr: 0.8608999848365784, AccVa: 0.8274999856948853, CeTr: 1.5692132711410522, CeVa: 2.2834460735321045
Epoch: 55, AccTr: 0.8596000075340271, AccVa: 0.8355000019073486, CeTr: 1.6587684154510498, CeVa: 2.180032253265381
ENSEMBLE | Tr_Acc: 0.9028000235557556, Tr_CE: 0.9652079939842224, Va_Acc: 0.8769999742507935, Va_CE: 1.43308687210083
Epoch: 56, AccTr: 0.8547000288963318, AccVa: 0.8389999866485596, CeTr: 1.5697275400161743, CeVa: 2.0921058654785156
Epoch: 57, AccTr: 0.8411999940872192, AccVa: 0.8345000147819519, CeTr: 1.774362325668335, CeVa: 2.3134281635284424
Epoch: 58, AccTr: 0.8633000254631042, AccVa: 0.843999981880188, CeTr: 1.54791259765625, CeVa: 1.9675849676132202
Epoch: 59, AccTr: 0.8471999764442444, AccVa: 0.8190000057220459, CeTr: 1.7696439027786255, CeVa: 2.4398696422576904
Epoch: 60, AccTr: 0.8571000099182129, AccVa: 0.8259999752044678, CeTr: 1.5822216272354126, CeVa: 2.3710553646087646
ENSEMBLE | Tr_Acc: 0.9222999811172485, Tr_CE: 0.7225452661514282, Va_Acc: 0.8945000171661377, Va_CE: 1.2133221626281738
Epoch: 61, AccTr: 0.8601999878883362, AccVa: 0.8295000195503235, CeTr: 1.661777138710022, CeVa: 2.221421003341675
Epoch: 62, AccTr: 0.8496000170707703, AccVa: 0.8174999952316284, CeTr: 1.6424416303634644, CeVa: 2.368342876434326
Epoch: 63, AccTr: 0.8457000255584717, AccVa: 0.8144999742507935, CeTr: 1.7426210641860962, CeVa: 2.3518924713134766
Epoch: 64, AccTr: 0.8353999853134155, AccVa: 0.815500020980835, CeTr: 1.836451530456543, CeVa: 2.431875467300415
Epoch: 65, AccTr: 0.8658000230789185, AccVa: 0.8399999737739563, CeTr: 1.5256264209747314, CeVa: 2.0863566398620605
ENSEMBLE | Tr_Acc: 0.9341999888420105, Tr_CE: 0.5986471772193909, Va_Acc: 0.9049999713897705, Va_CE: 1.0660595893859863
Epoch: 66, AccTr: 0.8586000204086304, AccVa: 0.8370000123977661, CeTr: 1.5420124530792236, CeVa: 2.048651933670044
Epoch: 67, AccTr: 0.8571000099182129, AccVa: 0.8289999961853027, CeTr: 1.5873668193817139, CeVa: 2.2509610652923584
Epoch: 68, AccTr: 0.8582000136375427, AccVa: 0.8305000066757202, CeTr: 1.5874202251434326, CeVa: 2.2316205501556396
Epoch: 69, AccTr: 0.8485999703407288, AccVa: 0.8274999856948853, CeTr: 1.679502010345459, CeVa: 2.305208444595337
Epoch: 70, AccTr: 0.85589998960495, AccVa: 0.8385000228881836, CeTr: 1.6651620864868164, CeVa: 2.0204918384552
ENSEMBLE | Tr_Acc: 0.9404000043869019, Tr_CE: 0.5302026271820068, Va_Acc: 0.9100000262260437, Va_CE: 0.9759950637817383
Epoch: 71, AccTr: 0.828499972820282, AccVa: 0.8025000095367432, CeTr: 1.9212453365325928, CeVa: 2.444260358810425
Epoch: 72, AccTr: 0.8550999760627747, AccVa: 0.8314999938011169, CeTr: 1.6420295238494873, CeVa: 2.2790720462799072
Epoch: 73, AccTr: 0.8615000247955322, AccVa: 0.8339999914169312, CeTr: 1.6177278757095337, CeVa: 2.327300548553467
Epoch: 74, AccTr: 0.8510000109672546, AccVa: 0.843999981880188, CeTr: 1.6810046434402466, CeVa: 2.165740966796875
Epoch: 75, AccTr: 0.8585000038146973, AccVa: 0.8460000157356262, CeTr: 1.5326191186904907, CeVa: 1.9890211820602417
ENSEMBLE | Tr_Acc: 0.942799985408783, Tr_CE: 0.49371519684791565, Va_Acc: 0.9125000238418579, Va_CE: 0.9286372065544128
Epoch: 76, AccTr: 0.8567000031471252, AccVa: 0.8485000133514404, CeTr: 1.6230223178863525, CeVa: 2.158325433731079
Epoch: 77, AccTr: 0.8463000059127808, AccVa: 0.8264999985694885, CeTr: 1.7585574388504028, CeVa: 2.32883882522583
Epoch: 78, AccTr: 0.8482000231742859, AccVa: 0.824999988079071, CeTr: 1.643336534500122, CeVa: 2.1644177436828613
Epoch: 79, AccTr: 0.8305000066757202, AccVa: 0.8044999837875366, CeTr: 1.8159724473953247, CeVa: 2.1452348232269287
Epoch: 80, AccTr: 0.848800003528595, AccVa: 0.8215000033378601, CeTr: 1.6463261842727661, CeVa: 2.262174367904663
ENSEMBLE | Tr_Acc: 0.9437000155448914, Tr_CE: 0.453016996383667, Va_Acc: 0.9185000061988831, Va_CE: 0.8926645517349243
Epoch: 81, AccTr: 0.8571000099182129, AccVa: 0.8305000066757202, CeTr: 1.5471895933151245, CeVa: 2.1823065280914307
Epoch: 82, AccTr: 0.8475000262260437, AccVa: 0.8165000081062317, CeTr: 1.6077994108200073, CeVa: 2.2944517135620117
Epoch: 83, AccTr: 0.8357999920845032, AccVa: 0.8159999847412109, CeTr: 1.7132066488265991, CeVa: 2.404909133911133
Epoch: 84, AccTr: 0.854200005531311, AccVa: 0.8364999890327454, CeTr: 1.5753257274627686, CeVa: 2.1480894088745117
Epoch: 85, AccTr: 0.8531000018119812, AccVa: 0.8255000114440918, CeTr: 1.7348921298980713, CeVa: 2.3441243171691895
ENSEMBLE | Tr_Acc: 0.9463000297546387, Tr_CE: 0.4432958960533142, Va_Acc: 0.9185000061988831, Va_CE: 0.8746876120567322
Epoch: 86, AccTr: 0.8575999736785889, AccVa: 0.8299999833106995, CeTr: 1.5551470518112183, CeVa: 2.37328839302063
Epoch: 87, AccTr: 0.8536999821662903, AccVa: 0.828000009059906, CeTr: 1.5770697593688965, CeVa: 2.2715861797332764
Epoch: 88, AccTr: 0.8610000014305115, AccVa: 0.8339999914169312, CeTr: 1.5332095623016357, CeVa: 2.136230945587158
Epoch: 89, AccTr: 0.8518999814987183, AccVa: 0.8314999938011169, CeTr: 1.6256636381149292, CeVa: 2.1120500564575195
Epoch: 90, AccTr: 0.8299999833106995, AccVa: 0.8034999966621399, CeTr: 1.914839506149292, CeVa: 2.4683051109313965
ENSEMBLE | Tr_Acc: 0.9470000267028809, Tr_CE: 0.43016132712364197, Va_Acc: 0.925000011920929, Va_CE: 0.8558536767959595
Epoch: 91, AccTr: 0.8438000082969666, AccVa: 0.8105000257492065, CeTr: 1.6690866947174072, CeVa: 2.219315528869629
Epoch: 92, AccTr: 0.8446999788284302, AccVa: 0.7950000166893005, CeTr: 1.6835664510726929, CeVa: 2.505990982055664
Epoch: 93, AccTr: 0.8490999937057495, AccVa: 0.8140000104904175, CeTr: 1.7267754077911377, CeVa: 2.2549397945404053
Epoch: 94, AccTr: 0.8379999995231628, AccVa: 0.8174999952316284, CeTr: 1.8700404167175293, CeVa: 2.3194549083709717
Epoch: 95, AccTr: 0.8375999927520752, AccVa: 0.8209999799728394, CeTr: 1.7312160730361938, CeVa: 2.261547088623047
ENSEMBLE | Tr_Acc: 0.9488000273704529, Tr_CE: 0.418485552072525, Va_Acc: 0.9204999804496765, Va_CE: 0.8368598818778992
Epoch: 96, AccTr: 0.8348000049591064, AccVa: 0.8075000047683716, CeTr: 1.8129773139953613, CeVa: 2.4272334575653076
Epoch: 97, AccTr: 0.8335999846458435, AccVa: 0.8190000057220459, CeTr: 1.7761120796203613, CeVa: 2.2809901237487793
Epoch: 98, AccTr: 0.8353000283241272, AccVa: 0.8040000200271606, CeTr: 1.813198447227478, CeVa: 2.504143714904785
Epoch: 99, AccTr: 0.8565000295639038, AccVa: 0.828499972820282, CeTr: 1.628236174583435, CeVa: 2.1253325939178467
Epoch: 100, AccTr: 0.862500011920929, AccVa: 0.8335000276565552, CeTr: 1.3759108781814575, CeVa: 2.150223731994629
ENSEMBLE | Tr_Acc: 0.9491999745368958, Tr_CE: 0.40106862783432007, Va_Acc: 0.9235000014305115, Va_CE: 0.8274569511413574
Epoch: 101, AccTr: 0.8377000093460083, AccVa: 0.8054999709129333, CeTr: 1.8445751667022705, CeVa: 2.5817272663116455
Epoch: 102, AccTr: 0.8503000140190125, AccVa: 0.8360000252723694, CeTr: 1.723616600036621, CeVa: 2.245056390762329
Epoch: 103, AccTr: 0.8546000123023987, AccVa: 0.8330000042915344, CeTr: 1.5640591382980347, CeVa: 2.198028326034546
Epoch: 104, AccTr: 0.8476999998092651, AccVa: 0.8140000104904175, CeTr: 1.6910144090652466, CeVa: 2.2280852794647217
Epoch: 105, AccTr: 0.8665000200271606, AccVa: 0.8450000286102295, CeTr: 1.4248398542404175, CeVa: 1.9959027767181396
ENSEMBLE | Tr_Acc: 0.9513000249862671, Tr_CE: 0.3885328471660614, Va_Acc: 0.9279999732971191, Va_CE: 0.8154974579811096
Epoch: 106, AccTr: 0.8579999804496765, AccVa: 0.8224999904632568, CeTr: 1.5393705368041992, CeVa: 2.440467596054077
Epoch: 107, AccTr: 0.8460000157356262, AccVa: 0.8184999823570251, CeTr: 1.6618496179580688, CeVa: 2.2481186389923096
Epoch: 108, AccTr: 0.854200005531311, AccVa: 0.8234999775886536, CeTr: 1.5645395517349243, CeVa: 2.240889549255371
Epoch: 109, AccTr: 0.8521999716758728, AccVa: 0.8209999799728394, CeTr: 1.6712591648101807, CeVa: 2.404405117034912
Epoch: 110, AccTr: 0.850600004196167, AccVa: 0.8184999823570251, CeTr: 1.6500540971755981, CeVa: 2.390505313873291
ENSEMBLE | Tr_Acc: 0.9521999955177307, Tr_CE: 0.38208210468292236, Va_Acc: 0.9269999861717224, Va_CE: 0.8177313208580017
Epoch: 111, AccTr: 0.8533999919891357, AccVa: 0.8134999871253967, CeTr: 1.5943589210510254, CeVa: 2.242288112640381
Epoch: 112, AccTr: 0.8381999731063843, AccVa: 0.8270000219345093, CeTr: 1.802338719367981, CeVa: 2.3940842151641846
Epoch: 113, AccTr: 0.8593000173568726, AccVa: 0.8224999904632568, CeTr: 1.537027359008789, CeVa: 2.2131338119506836
Epoch: 114, AccTr: 0.8593999743461609, AccVa: 0.8454999923706055, CeTr: 1.601667046546936, CeVa: 2.1651370525360107
Epoch: 115, AccTr: 0.8478999733924866, AccVa: 0.8159999847412109, CeTr: 1.6476175785064697, CeVa: 2.387558698654175
ENSEMBLE | Tr_Acc: 0.9519000053405762, Tr_CE: 0.3753531277179718, Va_Acc: 0.9265000224113464, Va_CE: 0.8193396329879761
Epoch: 116, AccTr: 0.8375999927520752, AccVa: 0.796999990940094, CeTr: 1.7474521398544312, CeVa: 2.476864814758301
Epoch: 117, AccTr: 0.8551999926567078, AccVa: 0.8255000114440918, CeTr: 1.5515533685684204, CeVa: 2.2804129123687744
Epoch: 118, AccTr: 0.8499000072479248, AccVa: 0.8209999799728394, CeTr: 1.5907076597213745, CeVa: 2.2856807708740234
Epoch: 119, AccTr: 0.8411999940872192, AccVa: 0.8205000162124634, CeTr: 1.7937781810760498, CeVa: 2.4283859729766846
Epoch: 120, AccTr: 0.8537999987602234, AccVa: 0.8190000057220459, CeTr: 1.5834709405899048, CeVa: 2.2960307598114014
ENSEMBLE | Tr_Acc: 0.9528999924659729, Tr_CE: 0.36476245522499084, Va_Acc: 0.9265000224113464, Va_CE: 0.8224011063575745
Epoch: 121, AccTr: 0.8508999943733215, AccVa: 0.8330000042915344, CeTr: 1.6572669744491577, CeVa: 2.3070316314697266
Epoch: 122, AccTr: 0.8555999994277954, AccVa: 0.8199999928474426, CeTr: 1.6521224975585938, CeVa: 2.5349581241607666
Epoch: 123, AccTr: 0.8587999939918518, AccVa: 0.8299999833106995, CeTr: 1.5469356775283813, CeVa: 2.3906919956207275
Epoch: 124, AccTr: 0.8417999744415283, AccVa: 0.8130000233650208, CeTr: 1.815329670906067, CeVa: 2.6109015941619873
Epoch: 125, AccTr: 0.8345999717712402, AccVa: 0.815500020980835, CeTr: 1.8954285383224487, CeVa: 2.3165111541748047
ENSEMBLE | Tr_Acc: 0.9539999961853027, Tr_CE: 0.36302825808525085, Va_Acc: 0.9265000224113464, Va_CE: 0.802663266658783
Epoch: 126, AccTr: 0.859000027179718, AccVa: 0.8410000205039978, CeTr: 1.6276795864105225, CeVa: 2.0746665000915527
Epoch: 127, AccTr: 0.8413000106811523, AccVa: 0.8180000185966492, CeTr: 1.8310494422912598, CeVa: 2.353147506713867
Epoch: 128, AccTr: 0.8557000160217285, AccVa: 0.8374999761581421, CeTr: 1.7072769403457642, CeVa: 2.2146992683410645
Epoch: 129, AccTr: 0.8496999740600586, AccVa: 0.828499972820282, CeTr: 1.7167812585830688, CeVa: 2.3927433490753174
Epoch: 130, AccTr: 0.8460999727249146, AccVa: 0.8130000233650208, CeTr: 1.7107322216033936, CeVa: 2.476107597351074
ENSEMBLE | Tr_Acc: 0.9549000263214111, Tr_CE: 0.3600182831287384, Va_Acc: 0.925000011920929, Va_CE: 0.8048877120018005
Epoch: 131, AccTr: 0.8496999740600586, AccVa: 0.8205000162124634, CeTr: 1.5960484743118286, CeVa: 2.179058313369751
Epoch: 132, AccTr: 0.8384000062942505, AccVa: 0.8040000200271606, CeTr: 1.8331090211868286, CeVa: 2.5153825283050537
Epoch: 133, AccTr: 0.8626000285148621, AccVa: 0.8274999856948853, CeTr: 1.5782936811447144, CeVa: 2.1326370239257812
Epoch: 134, AccTr: 0.8569999933242798, AccVa: 0.8184999823570251, CeTr: 1.5460666418075562, CeVa: 2.2478713989257812
Epoch: 135, AccTr: 0.850600004196167, AccVa: 0.8320000171661377, CeTr: 1.6095643043518066, CeVa: 2.109639883041382
ENSEMBLE | Tr_Acc: 0.9539999961853027, Tr_CE: 0.357570618391037, Va_Acc: 0.9259999990463257, Va_CE: 0.7970722913742065
Epoch: 136, AccTr: 0.8590999841690063, AccVa: 0.8199999928474426, CeTr: 1.5382734537124634, CeVa: 2.2291507720947266
Epoch: 137, AccTr: 0.8565999865531921, AccVa: 0.8264999985694885, CeTr: 1.5705931186676025, CeVa: 2.328301191329956
Epoch: 138, AccTr: 0.8478999733924866, AccVa: 0.8309999704360962, CeTr: 1.714517593383789, CeVa: 2.1904797554016113
Epoch: 139, AccTr: 0.8345999717712402, AccVa: 0.8199999928474426, CeTr: 1.9015543460845947, CeVa: 2.2088723182678223
Epoch: 140, AccTr: 0.8409000039100647, AccVa: 0.8245000243186951, CeTr: 1.7371737957000732, CeVa: 2.303654193878174
ENSEMBLE | Tr_Acc: 0.9545999765396118, Tr_CE: 0.3548278510570526, Va_Acc: 0.9259999990463257, Va_CE: 0.7931569814682007
Epoch: 141, AccTr: 0.8446999788284302, AccVa: 0.8190000057220459, CeTr: 1.7379796504974365, CeVa: 2.375925064086914
Epoch: 142, AccTr: 0.8519999980926514, AccVa: 0.8295000195503235, CeTr: 1.6807126998901367, CeVa: 2.2192001342773438
Epoch: 143, AccTr: 0.8353999853134155, AccVa: 0.809499979019165, CeTr: 1.8100258111953735, CeVa: 2.458130121231079
Epoch: 144, AccTr: 0.8442999720573425, AccVa: 0.8190000057220459, CeTr: 1.7021291255950928, CeVa: 2.4856817722320557
Epoch: 145, AccTr: 0.8586999773979187, AccVa: 0.8320000171661377, CeTr: 1.5784708261489868, CeVa: 2.225590467453003
ENSEMBLE | Tr_Acc: 0.9538999795913696, Tr_CE: 0.35142067074775696, Va_Acc: 0.9269999861717224, Va_CE: 0.7866522073745728
Epoch: 146, AccTr: 0.8600999712944031, AccVa: 0.8500000238418579, CeTr: 1.5207947492599487, CeVa: 1.9905503988265991
Epoch: 147, AccTr: 0.8499000072479248, AccVa: 0.828000009059906, CeTr: 1.6726016998291016, CeVa: 2.1849265098571777
Epoch: 148, AccTr: 0.8518000245094299, AccVa: 0.8299999833106995, CeTr: 1.5840016603469849, CeVa: 2.140393018722534
Epoch: 149, AccTr: 0.847100019454956, AccVa: 0.8314999938011169, CeTr: 1.6559722423553467, CeVa: 2.196580410003662
Epoch: 150, AccTr: 0.8471999764442444, AccVa: 0.8165000081062317, CeTr: 1.7550021409988403, CeVa: 2.3407371044158936
ENSEMBLE | Tr_Acc: 0.9550999999046326, Tr_CE: 0.34930479526519775, Va_Acc: 0.9269999861717224, Va_CE: 0.7794005274772644
Epoch: 151, AccTr: 0.8604000210762024, AccVa: 0.8429999947547913, CeTr: 1.536773681640625, CeVa: 2.0903279781341553
Epoch: 152, AccTr: 0.8510000109672546, AccVa: 0.8389999866485596, CeTr: 1.6255199909210205, CeVa: 2.0683836936950684
Epoch: 153, AccTr: 0.852400004863739, AccVa: 0.8324999809265137, CeTr: 1.616169810295105, CeVa: 2.2028281688690186
Epoch: 154, AccTr: 0.8533999919891357, AccVa: 0.8119999766349792, CeTr: 1.673913836479187, CeVa: 2.418760299682617
Epoch: 155, AccTr: 0.8557999730110168, AccVa: 0.8374999761581421, CeTr: 1.6306273937225342, CeVa: 2.0689189434051514
ENSEMBLE | Tr_Acc: 0.9545999765396118, Tr_CE: 0.3471639156341553, Va_Acc: 0.9265000224113464, Va_CE: 0.7766144275665283
Epoch: 156, AccTr: 0.8693000078201294, AccVa: 0.8445000052452087, CeTr: 1.4919304847717285, CeVa: 2.015174150466919
Epoch: 157, AccTr: 0.8610000014305115, AccVa: 0.8374999761581421, CeTr: 1.5505709648132324, CeVa: 2.0247087478637695
Epoch: 158, AccTr: 0.8521999716758728, AccVa: 0.8209999799728394, CeTr: 1.6252983808517456, CeVa: 2.2785251140594482
Epoch: 159, AccTr: 0.8587999939918518, AccVa: 0.8220000267028809, CeTr: 1.6271153688430786, CeVa: 2.353306531906128
Epoch: 160, AccTr: 0.8511000275611877, AccVa: 0.828499972820282, CeTr: 1.703099250793457, CeVa: 2.240131378173828
ENSEMBLE | Tr_Acc: 0.9549999833106995, Tr_CE: 0.34921175241470337, Va_Acc: 0.9275000095367432, Va_CE: 0.7749272584915161
Epoch: 161, AccTr: 0.8529000282287598, AccVa: 0.8240000009536743, CeTr: 1.682450771331787, CeVa: 2.4534201622009277
Epoch: 162, AccTr: 0.8540999889373779, AccVa: 0.8264999985694885, CeTr: 1.6308618783950806, CeVa: 2.339766263961792
Epoch: 163, AccTr: 0.8597999811172485, AccVa: 0.8324999809265137, CeTr: 1.5369410514831543, CeVa: 2.323174238204956
Epoch: 164, AccTr: 0.8500000238418579, AccVa: 0.8130000233650208, CeTr: 1.616746425628662, CeVa: 2.306699275970459
Epoch: 165, AccTr: 0.8402000069618225, AccVa: 0.8069999814033508, CeTr: 1.71815824508667, CeVa: 2.425198554992676
ENSEMBLE | Tr_Acc: 0.9553999900817871, Tr_CE: 0.34754815697669983, Va_Acc: 0.9294999837875366, Va_CE: 0.7735379934310913
Epoch: 166, AccTr: 0.838100016117096, AccVa: 0.8165000081062317, CeTr: 1.8260289430618286, CeVa: 2.5173027515411377
Epoch: 167, AccTr: 0.847000002861023, AccVa: 0.8205000162124634, CeTr: 1.716440200805664, CeVa: 2.3487157821655273
Epoch: 168, AccTr: 0.8676000237464905, AccVa: 0.8324999809265137, CeTr: 1.4829983711242676, CeVa: 2.1719555854797363
Epoch: 169, AccTr: 0.8583999872207642, AccVa: 0.8195000290870667, CeTr: 1.5711710453033447, CeVa: 2.2746851444244385
Epoch: 170, AccTr: 0.8579999804496765, AccVa: 0.840499997138977, CeTr: 1.563104271888733, CeVa: 2.0538883209228516
ENSEMBLE | Tr_Acc: 0.9563999772071838, Tr_CE: 0.34324517846107483, Va_Acc: 0.9279999732971191, Va_CE: 0.76703941822052
Epoch: 171, AccTr: 0.8428000211715698, AccVa: 0.8245000243186951, CeTr: 1.8364851474761963, CeVa: 2.487272024154663
Epoch: 172, AccTr: 0.8528000116348267, AccVa: 0.8174999952316284, CeTr: 1.6944469213485718, CeVa: 2.417349338531494
Epoch: 173, AccTr: 0.8503999710083008, AccVa: 0.8234999775886536, CeTr: 1.630098581314087, CeVa: 2.338238477706909
Epoch: 174, AccTr: 0.8461999893188477, AccVa: 0.8149999976158142, CeTr: 1.7091423273086548, CeVa: 2.189504384994507
Epoch: 175, AccTr: 0.8321999907493591, AccVa: 0.8109999895095825, CeTr: 1.8129432201385498, CeVa: 2.2077386379241943
ENSEMBLE | Tr_Acc: 0.9564999938011169, Tr_CE: 0.34263211488723755, Va_Acc: 0.9284999966621399, Va_CE: 0.762791633605957
Epoch: 176, AccTr: 0.8537999987602234, AccVa: 0.8234999775886536, CeTr: 1.6049551963806152, CeVa: 2.1554088592529297
Epoch: 177, AccTr: 0.8271999955177307, AccVa: 0.7979999780654907, CeTr: 2.04762864112854, CeVa: 2.632760763168335
Epoch: 178, AccTr: 0.8535000085830688, AccVa: 0.824999988079071, CeTr: 1.6518007516860962, CeVa: 2.260881185531616
Epoch: 179, AccTr: 0.8604000210762024, AccVa: 0.8220000267028809, CeTr: 1.526367425918579, CeVa: 2.3057003021240234
Epoch: 180, AccTr: 0.8463000059127808, AccVa: 0.828000009059906, CeTr: 1.635318636894226, CeVa: 2.2457261085510254
ENSEMBLE | Tr_Acc: 0.957099974155426, Tr_CE: 0.3387073874473572, Va_Acc: 0.9269999861717224, Va_CE: 0.7586796879768372
Epoch: 181, AccTr: 0.8432000279426575, AccVa: 0.8065000176429749, CeTr: 1.7491693496704102, CeVa: 2.4479050636291504
Epoch: 182, AccTr: 0.8447999954223633, AccVa: 0.8069999814033508, CeTr: 1.7880572080612183, CeVa: 2.7312281131744385
Epoch: 183, AccTr: 0.8604999780654907, AccVa: 0.8209999799728394, CeTr: 1.587639331817627, CeVa: 2.337331533432007
Epoch: 184, AccTr: 0.8486999869346619, AccVa: 0.824999988079071, CeTr: 1.6635500192642212, CeVa: 2.3418750762939453
Epoch: 185, AccTr: 0.8529000282287598, AccVa: 0.8410000205039978, CeTr: 1.7648183107376099, CeVa: 2.2435710430145264
ENSEMBLE | Tr_Acc: 0.9564999938011169, Tr_CE: 0.34070146083831787, Va_Acc: 0.9284999966621399, Va_CE: 0.7608914971351624
Epoch: 186, AccTr: 0.8596000075340271, AccVa: 0.8450000286102295, CeTr: 1.5840437412261963, CeVa: 2.033956289291382
Epoch: 187, AccTr: 0.8500000238418579, AccVa: 0.8190000057220459, CeTr: 1.7648091316223145, CeVa: 2.515166997909546
Epoch: 188, AccTr: 0.8562999963760376, AccVa: 0.8224999904632568, CeTr: 1.6846531629562378, CeVa: 2.4418835639953613
Epoch: 189, AccTr: 0.8392000198364258, AccVa: 0.8255000114440918, CeTr: 1.7838419675827026, CeVa: 2.1216273307800293
Epoch: 190, AccTr: 0.8515999913215637, AccVa: 0.8195000290870667, CeTr: 1.7462222576141357, CeVa: 2.4339120388031006
ENSEMBLE | Tr_Acc: 0.9559000134468079, Tr_CE: 0.3391750454902649, Va_Acc: 0.9284999966621399, Va_CE: 0.7611215114593506
Epoch: 191, AccTr: 0.8418999910354614, AccVa: 0.8205000162124634, CeTr: 1.8291099071502686, CeVa: 2.3195483684539795
Epoch: 192, AccTr: 0.8543999791145325, AccVa: 0.8230000138282776, CeTr: 1.611936092376709, CeVa: 2.1707122325897217
Epoch: 193, AccTr: 0.8571000099182129, AccVa: 0.8245000243186951, CeTr: 1.6009427309036255, CeVa: 2.1826865673065186
Epoch: 194, AccTr: 0.8633999824523926, AccVa: 0.8215000033378601, CeTr: 1.459062933921814, CeVa: 2.1743624210357666
Epoch: 195, AccTr: 0.8561000227928162, AccVa: 0.8324999809265137, CeTr: 1.5955437421798706, CeVa: 2.187793254852295
ENSEMBLE | Tr_Acc: 0.9559000134468079, Tr_CE: 0.34005141258239746, Va_Acc: 0.9284999966621399, Va_CE: 0.7631715536117554
Epoch: 196, AccTr: 0.8508999943733215, AccVa: 0.8224999904632568, CeTr: 1.6659345626831055, CeVa: 2.276038885116577
Epoch: 197, AccTr: 0.8414999842643738, AccVa: 0.8255000114440918, CeTr: 1.7918474674224854, CeVa: 2.143916368484497
Epoch: 198, AccTr: 0.8452000021934509, AccVa: 0.8259999752044678, CeTr: 1.7779685258865356, CeVa: 2.2399182319641113
Epoch: 199, AccTr: 0.8561999797821045, AccVa: 0.8305000066757202, CeTr: 1.6462026834487915, CeVa: 2.3779218196868896
Epoch: 200, AccTr: 0.8521999716758728, AccVa: 0.8259999752044678, CeTr: 1.7686073780059814, CeVa: 2.392404794692993
ENSEMBLE | Tr_Acc: 0.9555000066757202, Tr_CE: 0.3416219651699066, Va_Acc: 0.9269999861717224, Va_CE: 0.7651966214179993
Input binarization: False
Pretrained network accuracy: 0.9865999817848206
NN CONFIG
Weight-type:		binary
Layout									Layer #1: 784	Layer #2: 280	Layer #3: 200	Layer #4: 10	
Activation Functions					Layer #1: bs	Layer #2: bs	
Keep probabilities		Layer #0: 0.9700000000000001	Layer #1: 0.9	Layer #2: 0.9	
Flat factors							Layer #1: 1.0	Layer #2: 1.0	Layer #3: 1.0	
Activation Noise						Layer #1: 0.0	Layer #2: 0.0	Layer #3: 0.0	
Prior: 0.85

===================================

RUN CONFIG
Epochs: 200, Blocksize: 8

===================================

Epoch: 0, AccTr: 0.23999999463558197, AccVa: 0.24400000274181366, CeTr: 25.130260467529297, CeVa: 24.431909561157227
Epoch: 1, AccTr: 0.8535000085830688, AccVa: 0.8159999847412109, CeTr: 1.5859225988388062, CeVa: 2.3334856033325195
Epoch: 2, AccTr: 0.8974000215530396, AccVa: 0.8644999861717224, CeTr: 0.905937910079956, CeVa: 1.6645631790161133
Epoch: 3, AccTr: 0.8964999914169312, AccVa: 0.8560000061988831, CeTr: 0.8803302049636841, CeVa: 1.7228838205337524
Epoch: 4, AccTr: 0.8863000273704529, AccVa: 0.8529999852180481, CeTr: 1.1278754472732544, CeVa: 1.7982386350631714
Epoch: 5, AccTr: 0.9014000296592712, AccVa: 0.8650000095367432, CeTr: 0.9154636859893799, CeVa: 1.6090527772903442
Epoch: 6, AccTr: 0.8822000026702881, AccVa: 0.8535000085830688, CeTr: 1.185368537902832, CeVa: 1.718216061592102
Epoch: 7, AccTr: 0.8830000162124634, AccVa: 0.862500011920929, CeTr: 1.1735129356384277, CeVa: 1.7017515897750854
Epoch: 8, AccTr: 0.8910999894142151, AccVa: 0.8669999837875366, CeTr: 1.088038444519043, CeVa: 1.5620408058166504
Epoch: 9, AccTr: 0.8913000226020813, AccVa: 0.8560000061988831, CeTr: 1.1152892112731934, CeVa: 1.7894655466079712
Epoch: 10, AccTr: 0.882099986076355, AccVa: 0.8529999852180481, CeTr: 1.1525052785873413, CeVa: 1.6941776275634766
Epoch: 11, AccTr: 0.8858000040054321, AccVa: 0.8460000157356262, CeTr: 1.1170462369918823, CeVa: 1.7940889596939087
Epoch: 12, AccTr: 0.8781999945640564, AccVa: 0.843999981880188, CeTr: 1.1896089315414429, CeVa: 1.7817851305007935
Epoch: 13, AccTr: 0.8621000051498413, AccVa: 0.8420000076293945, CeTr: 1.4859343767166138, CeVa: 2.168806314468384
Epoch: 14, AccTr: 0.8705999851226807, AccVa: 0.8389999866485596, CeTr: 1.3304715156555176, CeVa: 1.9534215927124023
Epoch: 15, AccTr: 0.8682000041007996, AccVa: 0.8360000252723694, CeTr: 1.3999395370483398, CeVa: 1.930525541305542
Epoch: 16, AccTr: 0.8743000030517578, AccVa: 0.8420000076293945, CeTr: 1.3975943326950073, CeVa: 1.9562615156173706
Epoch: 17, AccTr: 0.8719000220298767, AccVa: 0.8579999804496765, CeTr: 1.4378232955932617, CeVa: 1.9755182266235352
Epoch: 18, AccTr: 0.8690999746322632, AccVa: 0.8364999890327454, CeTr: 1.399565577507019, CeVa: 2.0768704414367676
Epoch: 19, AccTr: 0.8729000091552734, AccVa: 0.8355000019073486, CeTr: 1.4966291189193726, CeVa: 2.0306012630462646
Epoch: 20, AccTr: 0.8702999949455261, AccVa: 0.8454999923706055, CeTr: 1.3930096626281738, CeVa: 2.1004650592803955
Epoch: 21, AccTr: 0.8533999919891357, AccVa: 0.8345000147819519, CeTr: 1.5511741638183594, CeVa: 2.199730396270752
Epoch: 22, AccTr: 0.8629999756813049, AccVa: 0.8324999809265137, CeTr: 1.534075140953064, CeVa: 2.127484083175659
Epoch: 23, AccTr: 0.868399977684021, AccVa: 0.8399999737739563, CeTr: 1.4624905586242676, CeVa: 2.06292986869812
Epoch: 24, AccTr: 0.8687999844551086, AccVa: 0.843500018119812, CeTr: 1.3708420991897583, CeVa: 1.9908549785614014
Epoch: 25, AccTr: 0.8668000102043152, AccVa: 0.8399999737739563, CeTr: 1.3564125299453735, CeVa: 2.065253496170044
Epoch: 26, AccTr: 0.8774999976158142, AccVa: 0.840499997138977, CeTr: 1.3205718994140625, CeVa: 1.9058547019958496
Epoch: 27, AccTr: 0.8683000206947327, AccVa: 0.828499972820282, CeTr: 1.3947988748550415, CeVa: 2.1954457759857178
Epoch: 28, AccTr: 0.8526999950408936, AccVa: 0.8140000104904175, CeTr: 1.6331877708435059, CeVa: 2.227771759033203
Epoch: 29, AccTr: 0.8650000095367432, AccVa: 0.8370000123977661, CeTr: 1.4728096723556519, CeVa: 1.9216008186340332
Epoch: 30, AccTr: 0.8640999794006348, AccVa: 0.8234999775886536, CeTr: 1.3795576095581055, CeVa: 2.1283788681030273
Epoch: 31, AccTr: 0.8593000173568726, AccVa: 0.8364999890327454, CeTr: 1.6012938022613525, CeVa: 2.0513226985931396
Epoch: 32, AccTr: 0.8560000061988831, AccVa: 0.8339999914169312, CeTr: 1.559726357460022, CeVa: 2.043863296508789
Epoch: 33, AccTr: 0.8429999947547913, AccVa: 0.8215000033378601, CeTr: 1.716657042503357, CeVa: 2.101210117340088
Epoch: 34, AccTr: 0.8593000173568726, AccVa: 0.8349999785423279, CeTr: 1.5284173488616943, CeVa: 2.046539545059204
Epoch: 35, AccTr: 0.8579999804496765, AccVa: 0.8349999785423279, CeTr: 1.5681519508361816, CeVa: 2.148958921432495
Epoch: 36, AccTr: 0.8457000255584717, AccVa: 0.8264999985694885, CeTr: 1.8146408796310425, CeVa: 2.2274587154388428
Epoch: 37, AccTr: 0.8431000113487244, AccVa: 0.8184999823570251, CeTr: 1.794310212135315, CeVa: 2.4188411235809326
Epoch: 38, AccTr: 0.861299991607666, AccVa: 0.8335000276565552, CeTr: 1.5386651754379272, CeVa: 2.0992870330810547
Epoch: 39, AccTr: 0.8571000099182129, AccVa: 0.8240000009536743, CeTr: 1.620302677154541, CeVa: 2.1779379844665527
Epoch: 40, AccTr: 0.84170001745224, AccVa: 0.8069999814033508, CeTr: 1.7499921321868896, CeVa: 2.3473434448242188
Epoch: 41, AccTr: 0.8479999899864197, AccVa: 0.8159999847412109, CeTr: 1.7821418046951294, CeVa: 2.431403398513794
Epoch: 42, AccTr: 0.8651000261306763, AccVa: 0.8324999809265137, CeTr: 1.4190905094146729, CeVa: 2.246303081512451
Epoch: 43, AccTr: 0.8580999970436096, AccVa: 0.8324999809265137, CeTr: 1.5115312337875366, CeVa: 2.227917194366455
Epoch: 44, AccTr: 0.8654999732971191, AccVa: 0.8395000100135803, CeTr: 1.4814085960388184, CeVa: 2.119345188140869
Epoch: 45, AccTr: 0.8781999945640564, AccVa: 0.8410000205039978, CeTr: 1.3917406797409058, CeVa: 2.0198588371276855
Epoch: 46, AccTr: 0.8646000027656555, AccVa: 0.8355000019073486, CeTr: 1.4701762199401855, CeVa: 2.3715453147888184
Epoch: 47, AccTr: 0.8438000082969666, AccVa: 0.8180000185966492, CeTr: 1.6886622905731201, CeVa: 2.326598644256592
Epoch: 48, AccTr: 0.85589998960495, AccVa: 0.8389999866485596, CeTr: 1.5832382440567017, CeVa: 2.0518975257873535
Epoch: 49, AccTr: 0.8553000092506409, AccVa: 0.8240000009536743, CeTr: 1.5382976531982422, CeVa: 2.142651081085205
Epoch: 50, AccTr: 0.8553000092506409, AccVa: 0.8349999785423279, CeTr: 1.7213261127471924, CeVa: 2.267849922180176
ENSEMBLE | Tr_Acc: 0.8553000092506409, Tr_CE: 1.7213261127471924, Va_Acc: 0.8349999785423279, Va_CE: 2.267849922180176
Epoch: 51, AccTr: 0.8543999791145325, AccVa: 0.8180000185966492, CeTr: 1.6067357063293457, CeVa: 2.3181028366088867
Epoch: 52, AccTr: 0.8453999757766724, AccVa: 0.8349999785423279, CeTr: 1.7639132738113403, CeVa: 2.152132987976074
Epoch: 53, AccTr: 0.8529000282287598, AccVa: 0.828499972820282, CeTr: 1.6566976308822632, CeVa: 2.096496105194092
Epoch: 54, AccTr: 0.8356000185012817, AccVa: 0.7935000061988831, CeTr: 1.8991066217422485, CeVa: 2.6792495250701904
Epoch: 55, AccTr: 0.8611000180244446, AccVa: 0.8299999833106995, CeTr: 1.5167769193649292, CeVa: 2.163681745529175
ENSEMBLE | Tr_Acc: 0.9085000157356262, Tr_CE: 0.8820688724517822, Va_Acc: 0.8895000219345093, Va_CE: 1.4186757802963257
Epoch: 56, AccTr: 0.8500999808311462, AccVa: 0.8309999704360962, CeTr: 1.6661643981933594, CeVa: 2.2118277549743652
Epoch: 57, AccTr: 0.847000002861023, AccVa: 0.8309999704360962, CeTr: 1.80143404006958, CeVa: 2.423524856567383
Epoch: 58, AccTr: 0.861299991607666, AccVa: 0.815500020980835, CeTr: 1.579617977142334, CeVa: 2.467881441116333
Epoch: 59, AccTr: 0.8633000254631042, AccVa: 0.824999988079071, CeTr: 1.553452730178833, CeVa: 2.212906837463379
Epoch: 60, AccTr: 0.8533999919891357, AccVa: 0.8309999704360962, CeTr: 1.6964638233184814, CeVa: 2.27994441986084
ENSEMBLE | Tr_Acc: 0.9251999855041504, Tr_CE: 0.6917403936386108, Va_Acc: 0.902999997138977, Va_CE: 1.233841896057129
Epoch: 61, AccTr: 0.8525999784469604, AccVa: 0.8230000138282776, CeTr: 1.587030053138733, CeVa: 2.3271570205688477
Epoch: 62, AccTr: 0.8568000197410583, AccVa: 0.828499972820282, CeTr: 1.5805696249008179, CeVa: 2.1181042194366455
Epoch: 63, AccTr: 0.8578000068664551, AccVa: 0.8314999938011169, CeTr: 1.535363793373108, CeVa: 2.0845272541046143
Epoch: 64, AccTr: 0.8561000227928162, AccVa: 0.8274999856948853, CeTr: 1.5304921865463257, CeVa: 2.1937968730926514
Epoch: 65, AccTr: 0.8659999966621399, AccVa: 0.8479999899864197, CeTr: 1.4860365390777588, CeVa: 2.0857467651367188
ENSEMBLE | Tr_Acc: 0.9363999962806702, Tr_CE: 0.579596996307373, Va_Acc: 0.9079999923706055, Va_CE: 1.1016826629638672
Epoch: 66, AccTr: 0.8555999994277954, AccVa: 0.8305000066757202, CeTr: 1.560700535774231, CeVa: 2.0605990886688232
Epoch: 67, AccTr: 0.8565000295639038, AccVa: 0.8195000290870667, CeTr: 1.5730781555175781, CeVa: 2.2075726985931396
Epoch: 68, AccTr: 0.8391000032424927, AccVa: 0.8190000057220459, CeTr: 1.8216311931610107, CeVa: 2.197038412094116
Epoch: 69, AccTr: 0.8499000072479248, AccVa: 0.8264999985694885, CeTr: 1.6958863735198975, CeVa: 2.2342607975006104
Epoch: 70, AccTr: 0.8417999744415283, AccVa: 0.8220000267028809, CeTr: 1.7694627046585083, CeVa: 2.3427367210388184
ENSEMBLE | Tr_Acc: 0.9391999840736389, Tr_CE: 0.5433825254440308, Va_Acc: 0.9129999876022339, Va_CE: 1.0332149267196655
Epoch: 71, AccTr: 0.8514000177383423, AccVa: 0.8115000128746033, CeTr: 1.6987218856811523, CeVa: 2.428962230682373
Epoch: 72, AccTr: 0.857699990272522, AccVa: 0.8399999737739563, CeTr: 1.6676607131958008, CeVa: 2.223367929458618
Epoch: 73, AccTr: 0.8658000230789185, AccVa: 0.8420000076293945, CeTr: 1.536864995956421, CeVa: 2.2686195373535156
Epoch: 74, AccTr: 0.8615000247955322, AccVa: 0.824999988079071, CeTr: 1.5978442430496216, CeVa: 2.3097264766693115
Epoch: 75, AccTr: 0.8490999937057495, AccVa: 0.8220000267028809, CeTr: 1.743437647819519, CeVa: 2.402059555053711
ENSEMBLE | Tr_Acc: 0.9424999952316284, Tr_CE: 0.5155176520347595, Va_Acc: 0.9120000004768372, Va_CE: 1.000361680984497
Epoch: 76, AccTr: 0.8565000295639038, AccVa: 0.8314999938011169, CeTr: 1.646033763885498, CeVa: 2.13358211517334
Epoch: 77, AccTr: 0.8465999960899353, AccVa: 0.8190000057220459, CeTr: 1.6472810506820679, CeVa: 2.4570536613464355
Epoch: 78, AccTr: 0.833299994468689, AccVa: 0.8144999742507935, CeTr: 1.9322023391723633, CeVa: 2.4407827854156494
Epoch: 79, AccTr: 0.849399983882904, AccVa: 0.8255000114440918, CeTr: 1.6306593418121338, CeVa: 2.285290002822876
Epoch: 80, AccTr: 0.8511999845504761, AccVa: 0.8259999752044678, CeTr: 1.5945225954055786, CeVa: 2.254971504211426
ENSEMBLE | Tr_Acc: 0.9453999996185303, Tr_CE: 0.4773927628993988, Va_Acc: 0.9169999957084656, Va_CE: 0.9484524726867676
Epoch: 81, AccTr: 0.8467000126838684, AccVa: 0.8220000267028809, CeTr: 1.7911043167114258, CeVa: 2.300276517868042
Epoch: 82, AccTr: 0.8500999808311462, AccVa: 0.8144999742507935, CeTr: 1.6335729360580444, CeVa: 2.3084046840667725
Epoch: 83, AccTr: 0.8467000126838684, AccVa: 0.8264999985694885, CeTr: 1.6309456825256348, CeVa: 2.228576421737671
Epoch: 84, AccTr: 0.8349999785423279, AccVa: 0.8044999837875366, CeTr: 1.9021902084350586, CeVa: 2.5106539726257324
Epoch: 85, AccTr: 0.8481000065803528, AccVa: 0.8125, CeTr: 1.697685956954956, CeVa: 2.380939245223999
ENSEMBLE | Tr_Acc: 0.9473999738693237, Tr_CE: 0.45543575286865234, Va_Acc: 0.9204999804496765, Va_CE: 0.9355587959289551
Epoch: 86, AccTr: 0.8511999845504761, AccVa: 0.8360000252723694, CeTr: 1.7733705043792725, CeVa: 2.4143292903900146
Epoch: 87, AccTr: 0.8442999720573425, AccVa: 0.8240000009536743, CeTr: 1.702255129814148, CeVa: 2.3323798179626465
Epoch: 88, AccTr: 0.8557999730110168, AccVa: 0.8379999995231628, CeTr: 1.6082706451416016, CeVa: 2.1547939777374268
Epoch: 89, AccTr: 0.8571000099182129, AccVa: 0.8220000267028809, CeTr: 1.557273268699646, CeVa: 2.4124274253845215
Epoch: 90, AccTr: 0.8528000116348267, AccVa: 0.8259999752044678, CeTr: 1.6141778230667114, CeVa: 2.397427797317505
ENSEMBLE | Tr_Acc: 0.9480000138282776, Tr_CE: 0.43787631392478943, Va_Acc: 0.9235000014305115, Va_CE: 0.9402388334274292
Epoch: 91, AccTr: 0.8561000227928162, AccVa: 0.8295000195503235, CeTr: 1.5601603984832764, CeVa: 2.403089761734009
Epoch: 92, AccTr: 0.8464000225067139, AccVa: 0.8159999847412109, CeTr: 1.690842628479004, CeVa: 2.3503010272979736
Epoch: 93, AccTr: 0.8521000146865845, AccVa: 0.8190000057220459, CeTr: 1.6348646879196167, CeVa: 2.2134571075439453
Epoch: 94, AccTr: 0.8475000262260437, AccVa: 0.8165000081062317, CeTr: 1.6575556993484497, CeVa: 2.2305405139923096
Epoch: 95, AccTr: 0.8596000075340271, AccVa: 0.8420000076293945, CeTr: 1.4580249786376953, CeVa: 1.9380320310592651
ENSEMBLE | Tr_Acc: 0.9496999979019165, Tr_CE: 0.4114798903465271, Va_Acc: 0.9235000014305115, Va_CE: 0.9073438048362732
Epoch: 96, AccTr: 0.8465999960899353, AccVa: 0.8289999961853027, CeTr: 1.6515332460403442, CeVa: 2.195835590362549
Epoch: 97, AccTr: 0.8321999907493591, AccVa: 0.8044999837875366, CeTr: 1.8888503313064575, CeVa: 2.685474157333374
Epoch: 98, AccTr: 0.8582000136375427, AccVa: 0.828499972820282, CeTr: 1.5304104089736938, CeVa: 2.4606220722198486
Epoch: 99, AccTr: 0.8300999999046326, AccVa: 0.8105000257492065, CeTr: 1.9619054794311523, CeVa: 2.4637959003448486
Epoch: 100, AccTr: 0.8567000031471252, AccVa: 0.8349999785423279, CeTr: 1.618562936782837, CeVa: 2.3445966243743896
ENSEMBLE | Tr_Acc: 0.9505000114440918, Tr_CE: 0.3984229862689972, Va_Acc: 0.9235000014305115, Va_CE: 0.9078086614608765
Epoch: 101, AccTr: 0.8481000065803528, AccVa: 0.8180000185966492, CeTr: 1.644438624382019, CeVa: 2.265995740890503
Epoch: 102, AccTr: 0.8334000110626221, AccVa: 0.8169999718666077, CeTr: 1.835511565208435, CeVa: 2.6133289337158203
Epoch: 103, AccTr: 0.854200005531311, AccVa: 0.815500020980835, CeTr: 1.5854755640029907, CeVa: 2.2349677085876465
Epoch: 104, AccTr: 0.8590999841690063, AccVa: 0.8289999961853027, CeTr: 1.565234899520874, CeVa: 2.299802303314209
Epoch: 105, AccTr: 0.8385999798774719, AccVa: 0.8144999742507935, CeTr: 1.7732902765274048, CeVa: 2.344085216522217
ENSEMBLE | Tr_Acc: 0.9513000249862671, Tr_CE: 0.3919176757335663, Va_Acc: 0.921999990940094, Va_CE: 0.896712064743042
Epoch: 106, AccTr: 0.8396000266075134, AccVa: 0.8080000281333923, CeTr: 1.7177351713180542, CeVa: 2.4925835132598877
Epoch: 107, AccTr: 0.8574000000953674, AccVa: 0.8360000252723694, CeTr: 1.5462918281555176, CeVa: 2.089682102203369
Epoch: 108, AccTr: 0.8619999885559082, AccVa: 0.828000009059906, CeTr: 1.5759183168411255, CeVa: 2.213890552520752
Epoch: 109, AccTr: 0.84579998254776, AccVa: 0.8234999775886536, CeTr: 1.811337947845459, CeVa: 2.4906909465789795
Epoch: 110, AccTr: 0.8501999974250793, AccVa: 0.8234999775886536, CeTr: 1.604375958442688, CeVa: 2.379500150680542
ENSEMBLE | Tr_Acc: 0.9513999819755554, Tr_CE: 0.387676864862442, Va_Acc: 0.9235000014305115, Va_CE: 0.8802980184555054
Epoch: 111, AccTr: 0.8400999903678894, AccVa: 0.8109999895095825, CeTr: 1.7147597074508667, CeVa: 2.5597896575927734
Epoch: 112, AccTr: 0.8580999970436096, AccVa: 0.824999988079071, CeTr: 1.5615087747573853, CeVa: 2.3206753730773926
Epoch: 113, AccTr: 0.8623999953269958, AccVa: 0.8314999938011169, CeTr: 1.4968901872634888, CeVa: 2.172304391860962
Epoch: 114, AccTr: 0.8519999980926514, AccVa: 0.8309999704360962, CeTr: 1.6320406198501587, CeVa: 2.13627028465271
Epoch: 115, AccTr: 0.8616999983787537, AccVa: 0.8289999961853027, CeTr: 1.5328949689865112, CeVa: 2.0771849155426025
ENSEMBLE | Tr_Acc: 0.9517999887466431, Tr_CE: 0.37758660316467285, Va_Acc: 0.921999990940094, Va_CE: 0.864867091178894
Epoch: 116, AccTr: 0.85589998960495, AccVa: 0.8335000276565552, CeTr: 1.5026226043701172, CeVa: 2.107928514480591
Epoch: 117, AccTr: 0.8414000272750854, AccVa: 0.8209999799728394, CeTr: 1.705994963645935, CeVa: 2.2326910495758057
Epoch: 118, AccTr: 0.8409000039100647, AccVa: 0.8134999871253967, CeTr: 1.7223886251449585, CeVa: 2.367555618286133
Epoch: 119, AccTr: 0.8550000190734863, AccVa: 0.8165000081062317, CeTr: 1.5424569845199585, CeVa: 2.467848300933838
Epoch: 120, AccTr: 0.849399983882904, AccVa: 0.8134999871253967, CeTr: 1.688973069190979, CeVa: 2.3378870487213135
ENSEMBLE | Tr_Acc: 0.9535999894142151, Tr_CE: 0.3724066913127899, Va_Acc: 0.921999990940094, Va_CE: 0.8542903661727905
Epoch: 121, AccTr: 0.8514000177383423, AccVa: 0.8299999833106995, CeTr: 1.6175426244735718, CeVa: 2.0779812335968018
Epoch: 122, AccTr: 0.8485000133514404, AccVa: 0.828000009059906, CeTr: 1.6477718353271484, CeVa: 2.1925439834594727
Epoch: 123, AccTr: 0.830299973487854, AccVa: 0.809499979019165, CeTr: 1.7975064516067505, CeVa: 2.519333839416504
Epoch: 124, AccTr: 0.8328999876976013, AccVa: 0.8180000185966492, CeTr: 1.8313544988632202, CeVa: 2.3521974086761475
Epoch: 125, AccTr: 0.8655999898910522, AccVa: 0.8420000076293945, CeTr: 1.5605722665786743, CeVa: 2.0809240341186523
ENSEMBLE | Tr_Acc: 0.9531999826431274, Tr_CE: 0.37022721767425537, Va_Acc: 0.9235000014305115, Va_CE: 0.8460047245025635
Epoch: 126, AccTr: 0.8546000123023987, AccVa: 0.8245000243186951, CeTr: 1.7138004302978516, CeVa: 2.2389931678771973
Epoch: 127, AccTr: 0.8676000237464905, AccVa: 0.8270000219345093, CeTr: 1.3749969005584717, CeVa: 2.173262357711792
Epoch: 128, AccTr: 0.8564000129699707, AccVa: 0.8220000267028809, CeTr: 1.6536118984222412, CeVa: 2.4023141860961914
Epoch: 129, AccTr: 0.8522999882698059, AccVa: 0.8270000219345093, CeTr: 1.531171441078186, CeVa: 2.180253267288208
Epoch: 130, AccTr: 0.8513000011444092, AccVa: 0.8305000066757202, CeTr: 1.665663242340088, CeVa: 2.234809398651123
ENSEMBLE | Tr_Acc: 0.9532999992370605, Tr_CE: 0.3662654757499695, Va_Acc: 0.9254999756813049, Va_CE: 0.8441729545593262
Epoch: 131, AccTr: 0.8637999892234802, AccVa: 0.8395000100135803, CeTr: 1.6041609048843384, CeVa: 2.17134952545166
Epoch: 132, AccTr: 0.8603000044822693, AccVa: 0.8259999752044678, CeTr: 1.5539414882659912, CeVa: 2.339031934738159
Epoch: 133, AccTr: 0.8398000001907349, AccVa: 0.8144999742507935, CeTr: 1.9467164278030396, CeVa: 2.611506938934326
Epoch: 134, AccTr: 0.8453999757766724, AccVa: 0.828499972820282, CeTr: 1.7258679866790771, CeVa: 2.198798418045044
Epoch: 135, AccTr: 0.8553000092506409, AccVa: 0.8349999785423279, CeTr: 1.6562457084655762, CeVa: 2.264014482498169
ENSEMBLE | Tr_Acc: 0.9545000195503235, Tr_CE: 0.36492276191711426, Va_Acc: 0.9275000095367432, Va_CE: 0.8400751352310181
Epoch: 136, AccTr: 0.864799976348877, AccVa: 0.8429999947547913, CeTr: 1.546772837638855, CeVa: 2.165609121322632
Epoch: 137, AccTr: 0.8478999733924866, AccVa: 0.8109999895095825, CeTr: 1.7571786642074585, CeVa: 2.4466805458068848
