NN CONFIG
Weight-type:		binary
Layout									Layer #1: 280	Layer #2: 250	
Activation Functions					Layer #1: bs	Layer #2: bs	
Keep probabilities		Layer #0: 0.8	Layer #1: 0.8500000000000001	Layer #2: 0.8500000000000001	
Flat factors							Layer #1: 1.0	Layer #2: 1.0	Layer #3: 1.0	
Activation Noise						Layer #1: 0.0	Layer #2: 0.0	Layer #3: 0.0	

===================================

RUN CONFIG
Epochs: 150, Blocksize: 8

===================================

Epoch: 1, AccTr: 0.7336000204086304, AccVa: 0.7235000133514404, CeTr: 4.302188873291016, CeVa: 4.806422233581543
Epoch: 2, AccTr: 0.7163000106811523, AccVa: 0.6945000290870667, CeTr: 4.036288261413574, CeVa: 4.367084503173828
Epoch: 3, AccTr: 0.6728000044822693, AccVa: 0.6644999980926514, CeTr: 4.973031997680664, CeVa: 5.477554798126221
Epoch: 4, AccTr: 0.6585000157356262, AccVa: 0.6579999923706055, CeTr: 5.364459991455078, CeVa: 5.342552661895752
Epoch: 5, AccTr: 0.7003999948501587, AccVa: 0.6899999976158142, CeTr: 4.451197147369385, CeVa: 4.4451799392700195
Epoch: 6, AccTr: 0.6556000113487244, AccVa: 0.6455000042915344, CeTr: 5.158261299133301, CeVa: 5.33193302154541
Epoch: 7, AccTr: 0.6406000256538391, AccVa: 0.6485000252723694, CeTr: 4.941741466522217, CeVa: 4.786328315734863
Epoch: 8, AccTr: 0.5849000215530396, AccVa: 0.5874999761581421, CeTr: 5.687163352966309, CeVa: 5.522555828094482
Epoch: 9, AccTr: 0.5771999955177307, AccVa: 0.5764999985694885, CeTr: 6.3143696784973145, CeVa: 6.386137008666992
Epoch: 10, AccTr: 0.6147000193595886, AccVa: 0.6060000061988831, CeTr: 6.056700706481934, CeVa: 6.299261093139648
Epoch: 11, AccTr: 0.5759999752044678, AccVa: 0.5755000114440918, CeTr: 5.806163311004639, CeVa: 5.907730579376221
Epoch: 12, AccTr: 0.5138999819755554, AccVa: 0.5149999856948853, CeTr: 4.951037406921387, CeVa: 5.173944473266602
Epoch: 13, AccTr: 0.49059998989105225, AccVa: 0.48649999499320984, CeTr: 5.320854663848877, CeVa: 5.615872383117676
Epoch: 14, AccTr: 0.6033999919891357, AccVa: 0.5975000262260437, CeTr: 4.8348894119262695, CeVa: 5.002684593200684
Epoch: 15, AccTr: 0.5453000068664551, AccVa: 0.5414999723434448, CeTr: 7.00839376449585, CeVa: 7.144067287445068
Epoch: 16, AccTr: 0.5590999722480774, AccVa: 0.5410000085830688, CeTr: 5.365960121154785, CeVa: 5.7057061195373535
Epoch: 17, AccTr: 0.48890000581741333, AccVa: 0.48750001192092896, CeTr: 5.865708827972412, CeVa: 5.598823070526123
Epoch: 18, AccTr: 0.5453000068664551, AccVa: 0.5410000085830688, CeTr: 5.491039276123047, CeVa: 5.444393634796143
Epoch: 19, AccTr: 0.54830002784729, AccVa: 0.5410000085830688, CeTr: 4.994777679443359, CeVa: 5.12407112121582
Epoch: 20, AccTr: 0.5235000252723694, AccVa: 0.5329999923706055, CeTr: 5.293438911437988, CeVa: 5.3659563064575195
Epoch: 21, AccTr: 0.42879998683929443, AccVa: 0.41749998927116394, CeTr: 7.143342971801758, CeVa: 6.753276824951172
Epoch: 22, AccTr: 0.39649999141693115, AccVa: 0.39250001311302185, CeTr: 6.684932231903076, CeVa: 6.48615026473999
Epoch: 23, AccTr: 0.3693000078201294, AccVa: 0.3774999976158142, CeTr: 7.817000865936279, CeVa: 7.776937961578369
Epoch: 24, AccTr: 0.3154999911785126, AccVa: 0.2994999885559082, CeTr: 9.765488624572754, CeVa: 9.896017074584961
Epoch: 25, AccTr: 0.2784999907016754, AccVa: 0.27149999141693115, CeTr: 11.197941780090332, CeVa: 11.594237327575684
ENSEMBLE | Tr_Acc: 0.2784999907016754, Tr_CE: 11.197941780090332, Va_Acc: 0.27149999141693115, Va_CE: 11.594237327575684
Epoch: 26, AccTr: 0.25699999928474426, AccVa: 0.26600000262260437, CeTr: 9.960631370544434, CeVa: 9.848114967346191
Epoch: 27, AccTr: 0.4072999954223633, AccVa: 0.4104999899864197, CeTr: 7.055334568023682, CeVa: 6.872395992279053
Epoch: 28, AccTr: 0.3806000053882599, AccVa: 0.3774999976158142, CeTr: 7.342733383178711, CeVa: 7.199795246124268
Epoch: 29, AccTr: 0.4059000015258789, AccVa: 0.41200000047683716, CeTr: 8.197093963623047, CeVa: 7.942312240600586
Epoch: 30, AccTr: 0.32420000433921814, AccVa: 0.3244999945163727, CeTr: 6.776397705078125, CeVa: 6.810084819793701
ENSEMBLE | Tr_Acc: 0.3741999864578247, Tr_CE: 6.03247594833374, Va_Acc: 0.3684999942779541, Va_CE: 6.124687671661377
Epoch: 31, AccTr: 0.3813999891281128, AccVa: 0.3779999911785126, CeTr: 6.950598239898682, CeVa: 7.030630111694336
Epoch: 32, AccTr: 0.349700003862381, AccVa: 0.34950000047683716, CeTr: 10.246953010559082, CeVa: 10.235777854919434
Epoch: 33, AccTr: 0.3926999866962433, AccVa: 0.3840000033378601, CeTr: 9.158632278442383, CeVa: 9.000798225402832
Epoch: 34, AccTr: 0.4366999864578247, AccVa: 0.4244999885559082, CeTr: 7.61107873916626, CeVa: 7.724459171295166
Epoch: 35, AccTr: 0.4754999876022339, AccVa: 0.4729999899864197, CeTr: 5.9748382568359375, CeVa: 5.944506645202637
ENSEMBLE | Tr_Acc: 0.5293999910354614, Tr_CE: 3.860891342163086, Va_Acc: 0.5339999794960022, Va_CE: 3.906928062438965
Epoch: 36, AccTr: 0.40310001373291016, AccVa: 0.4009999930858612, CeTr: 8.354304313659668, CeVa: 8.315574645996094
Epoch: 37, AccTr: 0.40299999713897705, AccVa: 0.38600000739097595, CeTr: 8.712244033813477, CeVa: 8.469635963439941
Epoch: 38, AccTr: 0.43459999561309814, AccVa: 0.4180000126361847, CeTr: 8.65567398071289, CeVa: 8.61220932006836
Epoch: 39, AccTr: 0.423799991607666, AccVa: 0.42399999499320984, CeTr: 8.747642517089844, CeVa: 8.948678016662598
Epoch: 40, AccTr: 0.3666999936103821, AccVa: 0.3779999911785126, CeTr: 8.387653350830078, CeVa: 8.003061294555664
ENSEMBLE | Tr_Acc: 0.5062000155448914, Tr_CE: 4.038553714752197, Va_Acc: 0.5034999847412109, Va_CE: 3.9560110569000244
Epoch: 41, AccTr: 0.3179999887943268, AccVa: 0.32600000500679016, CeTr: 10.6398286819458, CeVa: 10.327925682067871
Epoch: 42, AccTr: 0.2535000145435333, AccVa: 0.2605000138282776, CeTr: 13.107069969177246, CeVa: 12.787165641784668
Epoch: 43, AccTr: 0.39010000228881836, AccVa: 0.39800000190734863, CeTr: 7.142078876495361, CeVa: 6.809728145599365
Epoch: 44, AccTr: 0.3547999858856201, AccVa: 0.34850001335144043, CeTr: 9.303096771240234, CeVa: 9.534139633178711
Epoch: 45, AccTr: 0.3871000111103058, AccVa: 0.382999986410141, CeTr: 9.273975372314453, CeVa: 8.899333000183105
ENSEMBLE | Tr_Acc: 0.48410001397132874, Tr_CE: 4.476968765258789, Va_Acc: 0.4869999885559082, Va_CE: 4.327384948730469
Epoch: 46, AccTr: 0.3237000107765198, AccVa: 0.3294999897480011, CeTr: 10.69742488861084, CeVa: 10.674930572509766
Epoch: 47, AccTr: 0.2897000014781952, AccVa: 0.29899999499320984, CeTr: 12.98016357421875, CeVa: 12.780406951904297
Epoch: 48, AccTr: 0.3614000082015991, AccVa: 0.36500000953674316, CeTr: 8.981667518615723, CeVa: 9.184138298034668
Epoch: 49, AccTr: 0.4429999887943268, AccVa: 0.4595000147819519, CeTr: 6.400666236877441, CeVa: 6.146566390991211
Epoch: 50, AccTr: 0.44859999418258667, AccVa: 0.4424999952316284, CeTr: 5.608525276184082, CeVa: 5.1280364990234375
ENSEMBLE | Tr_Acc: 0.5302000045776367, Tr_CE: 3.6579136848449707, Va_Acc: 0.5299999713897705, Va_CE: 3.4970805644989014
Epoch: 51, AccTr: 0.5174999833106995, AccVa: 0.512499988079071, CeTr: 5.215356349945068, CeVa: 5.05728816986084
Epoch: 52, AccTr: 0.47870001196861267, AccVa: 0.47099998593330383, CeTr: 4.930863857269287, CeVa: 4.934751033782959
Epoch: 53, AccTr: 0.28870001435279846, AccVa: 0.28999999165534973, CeTr: 12.302127838134766, CeVa: 12.08858585357666
Epoch: 54, AccTr: 0.32179999351501465, AccVa: 0.3244999945163727, CeTr: 11.360926628112793, CeVa: 11.130417823791504
Epoch: 55, AccTr: 0.3086000084877014, AccVa: 0.3100000023841858, CeTr: 13.906685829162598, CeVa: 13.890097618103027
ENSEMBLE | Tr_Acc: 0.48919999599456787, Tr_CE: 4.478320121765137, Va_Acc: 0.492000013589859, Va_CE: 4.319884777069092
Epoch: 56, AccTr: 0.42899999022483826, AccVa: 0.42100000381469727, CeTr: 9.156996726989746, CeVa: 9.07188606262207
Epoch: 57, AccTr: 0.3952000141143799, AccVa: 0.39800000190734863, CeTr: 8.791656494140625, CeVa: 8.502768516540527
Epoch: 58, AccTr: 0.32710000872612, AccVa: 0.33550000190734863, CeTr: 11.966790199279785, CeVa: 11.63349437713623
Epoch: 59, AccTr: 0.3488999903202057, AccVa: 0.3580000102519989, CeTr: 7.43682336807251, CeVa: 7.258169651031494
Epoch: 60, AccTr: 0.40310001373291016, AccVa: 0.40700000524520874, CeTr: 6.6361517906188965, CeVa: 6.574108600616455
ENSEMBLE | Tr_Acc: 0.4966999888420105, Tr_CE: 4.305027961730957, Va_Acc: 0.49950000643730164, Va_CE: 4.162127494812012
Epoch: 61, AccTr: 0.39340001344680786, AccVa: 0.3894999921321869, CeTr: 10.195271492004395, CeVa: 9.857277870178223
Epoch: 62, AccTr: 0.4000000059604645, AccVa: 0.41200000047683716, CeTr: 7.595895290374756, CeVa: 7.509865760803223
Epoch: 63, AccTr: 0.4162999987602234, AccVa: 0.4300000071525574, CeTr: 8.420406341552734, CeVa: 8.21064281463623
Epoch: 64, AccTr: 0.41519999504089355, AccVa: 0.4124999940395355, CeTr: 8.301708221435547, CeVa: 8.253911018371582
Epoch: 65, AccTr: 0.45010000467300415, AccVa: 0.45899999141693115, CeTr: 6.380099296569824, CeVa: 6.157771587371826
ENSEMBLE | Tr_Acc: 0.508899986743927, Tr_CE: 4.021621227264404, Va_Acc: 0.5070000290870667, Va_CE: 3.8840391635894775
Epoch: 66, AccTr: 0.34549999237060547, AccVa: 0.3504999876022339, CeTr: 8.381999969482422, CeVa: 8.286016464233398
Epoch: 67, AccTr: 0.27239999175071716, AccVa: 0.2745000123977661, CeTr: 10.381341934204102, CeVa: 10.158504486083984
Epoch: 68, AccTr: 0.3091000020503998, AccVa: 0.3075000047683716, CeTr: 12.882274627685547, CeVa: 12.70755386352539
Epoch: 69, AccTr: 0.2524000108242035, AccVa: 0.2524999976158142, CeTr: 16.10845375061035, CeVa: 16.05988883972168
Epoch: 70, AccTr: 0.26269999146461487, AccVa: 0.2535000145435333, CeTr: 14.752296447753906, CeVa: 14.794495582580566
ENSEMBLE | Tr_Acc: 0.5049999952316284, Tr_CE: 4.2035698890686035, Va_Acc: 0.49950000643730164, Va_CE: 4.084617614746094
Epoch: 71, AccTr: 0.1746000051498413, AccVa: 0.17299999296665192, CeTr: 19.27789306640625, CeVa: 19.177898406982422
Epoch: 72, AccTr: 0.2045000046491623, AccVa: 0.21150000393390656, CeTr: 20.494720458984375, CeVa: 20.337158203125
Epoch: 73, AccTr: 0.18950000405311584, AccVa: 0.18400000035762787, CeTr: 18.85219383239746, CeVa: 18.58154296875
Epoch: 74, AccTr: 0.14100000262260437, AccVa: 0.13950000703334808, CeTr: 24.651378631591797, CeVa: 24.49172019958496
Epoch: 75, AccTr: 0.11540000140666962, AccVa: 0.11649999767541885, CeTr: 23.697547912597656, CeVa: 23.862342834472656
ENSEMBLE | Tr_Acc: 0.49480000138282776, Tr_CE: 4.475908279418945, Va_Acc: 0.4925000071525574, Va_CE: 4.385633945465088
Epoch: 76, AccTr: 0.13279999792575836, AccVa: 0.12600000202655792, CeTr: 18.993778228759766, CeVa: 18.859554290771484
Epoch: 77, AccTr: 0.20110000669956207, AccVa: 0.20399999618530273, CeTr: 15.208722114562988, CeVa: 14.551270484924316
Epoch: 78, AccTr: 0.2953999936580658, AccVa: 0.3095000088214874, CeTr: 13.178972244262695, CeVa: 12.855713844299316
Epoch: 79, AccTr: 0.298799991607666, AccVa: 0.30399999022483826, CeTr: 9.712081909179688, CeVa: 9.51750659942627
Epoch: 80, AccTr: 0.26600000262260437, AccVa: 0.2605000138282776, CeTr: 11.57167911529541, CeVa: 11.529851913452148
ENSEMBLE | Tr_Acc: 0.49959999322891235, Tr_CE: 4.26405668258667, Va_Acc: 0.4970000088214874, Va_CE: 4.187734603881836
Epoch: 81, AccTr: 0.29319998621940613, AccVa: 0.2980000078678131, CeTr: 10.297452926635742, CeVa: 10.555755615234375
Epoch: 82, AccTr: 0.33160001039505005, AccVa: 0.33500000834465027, CeTr: 11.898637771606445, CeVa: 11.901074409484863
Epoch: 83, AccTr: 0.2615000009536743, AccVa: 0.2639999985694885, CeTr: 11.074739456176758, CeVa: 10.610573768615723
Epoch: 84, AccTr: 0.19900000095367432, AccVa: 0.19249999523162842, CeTr: 12.522056579589844, CeVa: 12.678838729858398
Epoch: 85, AccTr: 0.2825999855995178, AccVa: 0.2840000092983246, CeTr: 13.668882369995117, CeVa: 13.116127014160156
ENSEMBLE | Tr_Acc: 0.4936999976634979, Tr_CE: 4.293652534484863, Va_Acc: 0.4880000054836273, Va_CE: 4.205517768859863
Epoch: 86, AccTr: 0.16369999945163727, AccVa: 0.1589999943971634, CeTr: 18.629865646362305, CeVa: 18.45155143737793
Epoch: 87, AccTr: 0.20229999721050262, AccVa: 0.20200000703334808, CeTr: 15.611300468444824, CeVa: 15.41161060333252
Epoch: 88, AccTr: 0.2443999946117401, AccVa: 0.2535000145435333, CeTr: 11.769291877746582, CeVa: 11.46231460571289
Epoch: 89, AccTr: 0.28519999980926514, AccVa: 0.28600001335144043, CeTr: 12.416754722595215, CeVa: 12.403799057006836
Epoch: 90, AccTr: 0.26409998536109924, AccVa: 0.2615000009536743, CeTr: 12.641362190246582, CeVa: 12.682467460632324
ENSEMBLE | Tr_Acc: 0.48739999532699585, Tr_CE: 4.395142078399658, Va_Acc: 0.48100000619888306, Va_CE: 4.312777519226074
Epoch: 91, AccTr: 0.2524999976158142, AccVa: 0.24899999797344208, CeTr: 12.184101104736328, CeVa: 11.823454856872559
Epoch: 92, AccTr: 0.1648000031709671, AccVa: 0.15950000286102295, CeTr: 15.053828239440918, CeVa: 14.88723087310791
Epoch: 93, AccTr: 0.15880000591278076, AccVa: 0.1525000035762787, CeTr: 16.726572036743164, CeVa: 17.07048988342285
Epoch: 94, AccTr: 0.33469998836517334, AccVa: 0.3334999978542328, CeTr: 10.386860847473145, CeVa: 10.487412452697754
Epoch: 95, AccTr: 0.41100001335144043, AccVa: 0.4090000092983246, CeTr: 9.417150497436523, CeVa: 9.757620811462402
ENSEMBLE | Tr_Acc: 0.48730000853538513, Tr_CE: 4.45607328414917, Va_Acc: 0.4790000021457672, Va_CE: 4.390571594238281
Epoch: 96, AccTr: 0.4999000132083893, AccVa: 0.5034999847412109, CeTr: 7.770647048950195, CeVa: 7.679666519165039
Epoch: 97, AccTr: 0.45879998803138733, AccVa: 0.45100000500679016, CeTr: 7.472602367401123, CeVa: 7.505738258361816
Epoch: 98, AccTr: 0.36309999227523804, AccVa: 0.37299999594688416, CeTr: 9.24260139465332, CeVa: 8.997468948364258
Epoch: 99, AccTr: 0.3305000066757202, AccVa: 0.32350000739097595, CeTr: 10.956191062927246, CeVa: 11.450932502746582
Epoch: 100, AccTr: 0.20479999482631683, AccVa: 0.19750000536441803, CeTr: 15.775341033935547, CeVa: 15.538986206054688
ENSEMBLE | Tr_Acc: 0.4837999939918518, Tr_CE: 4.376587390899658, Va_Acc: 0.48249998688697815, Va_CE: 4.300746440887451
Epoch: 101, AccTr: 0.31619998812675476, AccVa: 0.3149999976158142, CeTr: 8.309188842773438, CeVa: 8.316533088684082
Epoch: 102, AccTr: 0.2653999924659729, AccVa: 0.25699999928474426, CeTr: 11.568513870239258, CeVa: 11.510697364807129
Epoch: 103, AccTr: 0.3560999929904938, AccVa: 0.35899999737739563, CeTr: 7.956940650939941, CeVa: 7.873030662536621
Epoch: 104, AccTr: 0.3082999885082245, AccVa: 0.31299999356269836, CeTr: 9.199708938598633, CeVa: 9.389862060546875
Epoch: 105, AccTr: 0.3865000009536743, AccVa: 0.38499999046325684, CeTr: 7.543213844299316, CeVa: 7.676072120666504
ENSEMBLE | Tr_Acc: 0.49399998784065247, Tr_CE: 4.1377949714660645, Va_Acc: 0.5005000233650208, Va_CE: 4.064243793487549
Epoch: 106, AccTr: 0.32109999656677246, AccVa: 0.3215000033378601, CeTr: 8.005376815795898, CeVa: 8.277806282043457
Epoch: 107, AccTr: 0.42579999566078186, AccVa: 0.41100001335144043, CeTr: 6.540987491607666, CeVa: 6.600936412811279
Epoch: 108, AccTr: 0.3474000096321106, AccVa: 0.35249999165534973, CeTr: 7.508279800415039, CeVa: 7.44136905670166
Epoch: 109, AccTr: 0.35760000348091125, AccVa: 0.36399999260902405, CeTr: 9.235816955566406, CeVa: 9.433841705322266
Epoch: 110, AccTr: 0.47540000081062317, AccVa: 0.48100000619888306, CeTr: 6.362677574157715, CeVa: 6.561379909515381
ENSEMBLE | Tr_Acc: 0.5085999965667725, Tr_CE: 3.94740891456604, Va_Acc: 0.5145000219345093, Va_CE: 3.8970303535461426
Epoch: 111, AccTr: 0.4097999930381775, AccVa: 0.40299999713897705, CeTr: 8.011467933654785, CeVa: 8.203922271728516
Epoch: 112, AccTr: 0.39239999651908875, AccVa: 0.4009999930858612, CeTr: 10.223387718200684, CeVa: 10.424867630004883
Epoch: 113, AccTr: 0.2614000141620636, AccVa: 0.2590000033378601, CeTr: 10.880309104919434, CeVa: 11.003788948059082
Epoch: 114, AccTr: 0.3458000123500824, AccVa: 0.34950000047683716, CeTr: 9.55673885345459, CeVa: 9.758087158203125
Epoch: 115, AccTr: 0.3546999990940094, AccVa: 0.3434999883174896, CeTr: 9.936077117919922, CeVa: 9.67855167388916
ENSEMBLE | Tr_Acc: 0.5084999799728394, Tr_CE: 3.8982667922973633, Va_Acc: 0.5145000219345093, Va_CE: 3.832400321960449
Epoch: 116, AccTr: 0.3562000095844269, AccVa: 0.3610000014305115, CeTr: 11.30581283569336, CeVa: 11.295267105102539
Epoch: 117, AccTr: 0.42730000615119934, AccVa: 0.4375, CeTr: 11.045318603515625, CeVa: 10.940349578857422
Epoch: 118, AccTr: 0.3747999966144562, AccVa: 0.3544999957084656, CeTr: 9.74448013305664, CeVa: 9.996135711669922
Epoch: 119, AccTr: 0.2556999921798706, AccVa: 0.2549999952316284, CeTr: 15.769335746765137, CeVa: 15.633572578430176
Epoch: 120, AccTr: 0.27709999680519104, AccVa: 0.2784999907016754, CeTr: 13.046932220458984, CeVa: 12.57505989074707
ENSEMBLE | Tr_Acc: 0.5027999877929688, Tr_CE: 4.041561126708984, Va_Acc: 0.5115000009536743, Va_CE: 3.975905179977417
Epoch: 121, AccTr: 0.25920000672340393, AccVa: 0.25999999046325684, CeTr: 13.161181449890137, CeVa: 13.090394973754883
Epoch: 122, AccTr: 0.2971999943256378, AccVa: 0.30250000953674316, CeTr: 9.965594291687012, CeVa: 9.913430213928223
Epoch: 123, AccTr: 0.43810001015663147, AccVa: 0.4404999911785126, CeTr: 7.468304634094238, CeVa: 7.528748512268066
Epoch: 124, AccTr: 0.4487000107765198, AccVa: 0.4584999978542328, CeTr: 6.102009296417236, CeVa: 6.162294864654541
Epoch: 125, AccTr: 0.37380000948905945, AccVa: 0.3634999990463257, CeTr: 7.212435245513916, CeVa: 7.395402908325195
ENSEMBLE | Tr_Acc: 0.5181999802589417, Tr_CE: 3.81164813041687, Va_Acc: 0.5214999914169312, Va_CE: 3.7740695476531982
Epoch: 126, AccTr: 0.492900013923645, AccVa: 0.4830000102519989, CeTr: 6.371915817260742, CeVa: 6.458064556121826
Epoch: 127, AccTr: 0.36570000648498535, AccVa: 0.3734999895095825, CeTr: 8.06933879852295, CeVa: 8.067512512207031
Epoch: 128, AccTr: 0.28459998965263367, AccVa: 0.2784999907016754, CeTr: 11.434027671813965, CeVa: 11.486017227172852
Epoch: 129, AccTr: 0.225600004196167, AccVa: 0.22699999809265137, CeTr: 15.841094970703125, CeVa: 15.727784156799316
Epoch: 130, AccTr: 0.29339998960494995, AccVa: 0.30300000309944153, CeTr: 10.296895027160645, CeVa: 10.216882705688477
ENSEMBLE | Tr_Acc: 0.5291000008583069, Tr_CE: 3.6754446029663086, Va_Acc: 0.5364999771118164, Va_CE: 3.647817373275757
Epoch: 131, AccTr: 0.3084999918937683, AccVa: 0.3009999990463257, CeTr: 11.140093803405762, CeVa: 11.402518272399902
Epoch: 132, AccTr: 0.22269999980926514, AccVa: 0.21649999916553497, CeTr: 13.626199722290039, CeVa: 13.721923828125
Epoch: 133, AccTr: 0.2784999907016754, AccVa: 0.28949999809265137, CeTr: 13.729450225830078, CeVa: 13.815084457397461
Epoch: 134, AccTr: 0.33410000801086426, AccVa: 0.3255000114440918, CeTr: 10.87620735168457, CeVa: 10.787945747375488
Epoch: 135, AccTr: 0.36899998784065247, AccVa: 0.36000001430511475, CeTr: 10.759485244750977, CeVa: 11.227818489074707
ENSEMBLE | Tr_Acc: 0.5317000150680542, Tr_CE: 3.684229612350464, Va_Acc: 0.5370000004768372, Va_CE: 3.689100742340088
Epoch: 136, AccTr: 0.23839999735355377, AccVa: 0.23849999904632568, CeTr: 11.856849670410156, CeVa: 12.02868366241455
Epoch: 137, AccTr: 0.25060001015663147, AccVa: 0.2554999887943268, CeTr: 11.266915321350098, CeVa: 11.531421661376953
Epoch: 138, AccTr: 0.24879999458789825, AccVa: 0.24899999797344208, CeTr: 12.930536270141602, CeVa: 13.001812934875488
Epoch: 139, AccTr: 0.2176000028848648, AccVa: 0.2175000011920929, CeTr: 14.64441204071045, CeVa: 14.658177375793457
Epoch: 140, AccTr: 0.349700003862381, AccVa: 0.3479999899864197, CeTr: 9.408563613891602, CeVa: 9.94606876373291
ENSEMBLE | Tr_Acc: 0.5516999959945679, Tr_CE: 3.4912426471710205, Va_Acc: 0.5534999966621399, Va_CE: 3.505000114440918
Epoch: 141, AccTr: 0.3305000066757202, AccVa: 0.3230000138282776, CeTr: 10.30350112915039, CeVa: 10.673672676086426
Epoch: 142, AccTr: 0.4609000086784363, AccVa: 0.45750001072883606, CeTr: 7.6929216384887695, CeVa: 7.939082145690918
Epoch: 143, AccTr: 0.3718999922275543, AccVa: 0.3580000102519989, CeTr: 8.432645797729492, CeVa: 8.548517227172852
Epoch: 144, AccTr: 0.4724999964237213, AccVa: 0.4715000092983246, CeTr: 7.593571662902832, CeVa: 7.565166473388672
Epoch: 145, AccTr: 0.47440001368522644, AccVa: 0.46650001406669617, CeTr: 7.454681873321533, CeVa: 7.452383041381836
ENSEMBLE | Tr_Acc: 0.5681999921798706, Tr_CE: 3.3464624881744385, Va_Acc: 0.5640000104904175, Va_CE: 3.360309362411499
Epoch: 146, AccTr: 0.4172999858856201, AccVa: 0.39250001311302185, CeTr: 7.72022819519043, CeVa: 7.805878639221191
Epoch: 147, AccTr: 0.42260000109672546, AccVa: 0.4390000104904175, CeTr: 8.199090957641602, CeVa: 8.14413833618164
Epoch: 148, AccTr: 0.36899998784065247, AccVa: 0.3644999861717224, CeTr: 9.921369552612305, CeVa: 9.931489944458008
Epoch: 149, AccTr: 0.2653999924659729, AccVa: 0.2669999897480011, CeTr: 12.509763717651367, CeVa: 12.75119686126709
Epoch: 150, AccTr: 0.415800005197525, AccVa: 0.41200000047683716, CeTr: 8.928911209106445, CeVa: 9.143735885620117
ENSEMBLE | Tr_Acc: 0.5701000094413757, Tr_CE: 3.371767282485962, Va_Acc: 0.5680000185966492, Va_CE: 3.3932762145996094
NN CONFIG
Weight-type:		binary
Layout									Layer #1: 280	Layer #2: 250	
Activation Functions					Layer #1: bs	Layer #2: bs	
Keep probabilities		Layer #0: 0.8	Layer #1: 0.8500000000000001	Layer #2: 0.8500000000000001	
Flat factors							Layer #1: 1.0	Layer #2: 1.0	Layer #3: 1.0	
Activation Noise						Layer #1: 0.0	Layer #2: 0.0	Layer #3: 0.0	

===================================

RUN CONFIG
Epochs: 150, Blocksize: 8

===================================

Epoch: 1, AccTr: 0.505299985408783, AccVa: 0.5195000171661377, CeTr: 12.922741889953613, CeVa: 12.883265495300293
Epoch: 2, AccTr: 0.4133000075817108, AccVa: 0.4180000126361847, CeTr: 12.152329444885254, CeVa: 12.284082412719727
Epoch: 3, AccTr: 0.46970000863075256, AccVa: 0.47200000286102295, CeTr: 12.177704811096191, CeVa: 12.042144775390625
Epoch: 4, AccTr: 0.5038999915122986, AccVa: 0.5084999799728394, CeTr: 8.93618392944336, CeVa: 8.890881538391113
Epoch: 5, AccTr: 0.5444999933242798, AccVa: 0.5590000152587891, CeTr: 7.904451370239258, CeVa: 7.4369707107543945
Epoch: 6, AccTr: 0.5533000230789185, AccVa: 0.5429999828338623, CeTr: 6.7977375984191895, CeVa: 7.34431266784668
Epoch: 7, AccTr: 0.5235999822616577, AccVa: 0.5195000171661377, CeTr: 6.651252269744873, CeVa: 6.434868335723877
Epoch: 8, AccTr: 0.5730000138282776, AccVa: 0.5665000081062317, CeTr: 5.58844518661499, CeVa: 5.420984268188477
Epoch: 9, AccTr: 0.474700003862381, AccVa: 0.5105000138282776, CeTr: 8.458512306213379, CeVa: 8.047090530395508
Epoch: 10, AccTr: 0.554099977016449, AccVa: 0.5444999933242798, CeTr: 5.644620418548584, CeVa: 6.024097442626953
Epoch: 11, AccTr: 0.4871000051498413, AccVa: 0.47099998593330383, CeTr: 5.455635070800781, CeVa: 5.624667644500732
Epoch: 12, AccTr: 0.45739999413490295, AccVa: 0.43549999594688416, CeTr: 7.020632743835449, CeVa: 7.231125354766846
Epoch: 13, AccTr: 0.5447999835014343, AccVa: 0.534500002861023, CeTr: 4.470222473144531, CeVa: 4.519711971282959
Epoch: 14, AccTr: 0.548799991607666, AccVa: 0.5435000061988831, CeTr: 5.115691184997559, CeVa: 5.071578502655029
Epoch: 15, AccTr: 0.414900004863739, AccVa: 0.4309999942779541, CeTr: 8.636567115783691, CeVa: 8.491722106933594
Epoch: 16, AccTr: 0.555899977684021, AccVa: 0.5540000200271606, CeTr: 5.402066230773926, CeVa: 5.412242412567139
Epoch: 17, AccTr: 0.33709999918937683, AccVa: 0.34599998593330383, CeTr: 11.037251472473145, CeVa: 10.504667282104492
Epoch: 18, AccTr: 0.4307999908924103, AccVa: 0.42500001192092896, CeTr: 6.6696391105651855, CeVa: 6.485437870025635
Epoch: 19, AccTr: 0.38019999861717224, AccVa: 0.3804999887943268, CeTr: 9.572112083435059, CeVa: 9.595475196838379
Epoch: 20, AccTr: 0.3492000102996826, AccVa: 0.3499999940395355, CeTr: 11.627823829650879, CeVa: 11.529240608215332
Epoch: 21, AccTr: 0.3203999996185303, AccVa: 0.3264999985694885, CeTr: 10.350152015686035, CeVa: 10.181556701660156
Epoch: 22, AccTr: 0.28700000047683716, AccVa: 0.2849999964237213, CeTr: 10.907967567443848, CeVa: 10.448168754577637
Epoch: 23, AccTr: 0.322299987077713, AccVa: 0.32199999690055847, CeTr: 8.829010963439941, CeVa: 8.8337984085083
Epoch: 24, AccTr: 0.35690000653266907, AccVa: 0.35850000381469727, CeTr: 8.620429992675781, CeVa: 8.107858657836914
Epoch: 25, AccTr: 0.35920000076293945, AccVa: 0.36149999499320984, CeTr: 7.013917922973633, CeVa: 7.01261043548584
ENSEMBLE | Tr_Acc: 0.35920000076293945, Tr_CE: 7.013917922973633, Va_Acc: 0.36149999499320984, Va_CE: 7.01261043548584
Epoch: 26, AccTr: 0.3977999985218048, AccVa: 0.41350001096725464, CeTr: 5.902927875518799, CeVa: 5.713454246520996
Epoch: 27, AccTr: 0.28529998660087585, AccVa: 0.2874999940395355, CeTr: 7.680370330810547, CeVa: 7.5969343185424805
Epoch: 28, AccTr: 0.34929999709129333, AccVa: 0.34049999713897705, CeTr: 5.194432735443115, CeVa: 5.505882740020752
Epoch: 29, AccTr: 0.3440000116825104, AccVa: 0.35249999165534973, CeTr: 9.00879955291748, CeVa: 9.196693420410156
Epoch: 30, AccTr: 0.34540000557899475, AccVa: 0.3375000059604645, CeTr: 9.864877700805664, CeVa: 10.14045524597168
ENSEMBLE | Tr_Acc: 0.42170000076293945, Tr_CE: 5.939140796661377, Va_Acc: 0.41200000047683716, Va_CE: 6.006861209869385
Epoch: 31, AccTr: 0.38420000672340393, AccVa: 0.4000000059604645, CeTr: 6.996823310852051, CeVa: 6.954947471618652
Epoch: 32, AccTr: 0.44920000433921814, AccVa: 0.45350000262260437, CeTr: 6.504631042480469, CeVa: 6.290469169616699
Epoch: 33, AccTr: 0.3573000133037567, AccVa: 0.3779999911785126, CeTr: 7.9535322189331055, CeVa: 7.540933132171631
Epoch: 34, AccTr: 0.4113999903202057, AccVa: 0.4104999899864197, CeTr: 7.692468643188477, CeVa: 7.642273902893066
Epoch: 35, AccTr: 0.37130001187324524, AccVa: 0.3700000047683716, CeTr: 9.059700012207031, CeVa: 8.752235412597656
ENSEMBLE | Tr_Acc: 0.45820000767707825, Tr_CE: 4.790910243988037, Va_Acc: 0.4779999852180481, Va_CE: 4.662600517272949
Epoch: 36, AccTr: 0.4505000114440918, AccVa: 0.4580000042915344, CeTr: 7.415811061859131, CeVa: 7.37197732925415
Epoch: 37, AccTr: 0.43720000982284546, AccVa: 0.4320000112056732, CeTr: 7.531149864196777, CeVa: 7.222148418426514
Epoch: 38, AccTr: 0.4927000105381012, AccVa: 0.4964999854564667, CeTr: 4.544379234313965, CeVa: 4.7549638748168945
Epoch: 39, AccTr: 0.45680001378059387, AccVa: 0.4584999978542328, CeTr: 5.130415439605713, CeVa: 4.984535217285156
Epoch: 40, AccTr: 0.4855000078678131, AccVa: 0.4819999933242798, CeTr: 5.629740238189697, CeVa: 5.505548000335693
ENSEMBLE | Tr_Acc: 0.5328999757766724, Tr_CE: 3.529386281967163, Va_Acc: 0.5354999899864197, Va_CE: 3.4015274047851562
Epoch: 41, AccTr: 0.4383000135421753, AccVa: 0.4334999918937683, CeTr: 6.287208080291748, CeVa: 6.00813102722168
Epoch: 42, AccTr: 0.47929999232292175, AccVa: 0.4925000071525574, CeTr: 5.243061065673828, CeVa: 5.082038879394531
Epoch: 43, AccTr: 0.4569000005722046, AccVa: 0.45399999618530273, CeTr: 6.470743656158447, CeVa: 6.28628396987915
Epoch: 44, AccTr: 0.4156999886035919, AccVa: 0.4300000071525574, CeTr: 5.918935298919678, CeVa: 5.650335311889648
Epoch: 45, AccTr: 0.3880000114440918, AccVa: 0.39399999380111694, CeTr: 8.716843605041504, CeVa: 8.495447158813477
ENSEMBLE | Tr_Acc: 0.5281000137329102, Tr_CE: 3.5072929859161377, Va_Acc: 0.531499981880188, Va_CE: 3.3466219902038574
Epoch: 46, AccTr: 0.26589998602867126, AccVa: 0.27799999713897705, CeTr: 11.469589233398438, CeVa: 11.15617847442627
Epoch: 47, AccTr: 0.36390000581741333, AccVa: 0.36649999022483826, CeTr: 8.026494026184082, CeVa: 7.743040084838867
Epoch: 48, AccTr: 0.5770999789237976, AccVa: 0.5789999961853027, CeTr: 4.110736846923828, CeVa: 4.046848297119141
Epoch: 49, AccTr: 0.47029998898506165, AccVa: 0.4894999861717224, CeTr: 5.8162407875061035, CeVa: 5.452197551727295
Epoch: 50, AccTr: 0.46889999508857727, AccVa: 0.46700000762939453, CeTr: 4.365499019622803, CeVa: 4.070407390594482
ENSEMBLE | Tr_Acc: 0.5989999771118164, Tr_CE: 2.5322818756103516, Va_Acc: 0.5979999899864197, Va_CE: 2.429067850112915
Epoch: 51, AccTr: 0.4810999929904938, AccVa: 0.4790000021457672, CeTr: 4.933061599731445, CeVa: 4.601180076599121
Epoch: 52, AccTr: 0.3034000098705292, AccVa: 0.3240000009536743, CeTr: 10.901901245117188, CeVa: 10.063034057617188
Epoch: 53, AccTr: 0.42260000109672546, AccVa: 0.44600000977516174, CeTr: 7.290863513946533, CeVa: 6.766069412231445
Epoch: 54, AccTr: 0.3264999985694885, AccVa: 0.3345000147819519, CeTr: 8.138192176818848, CeVa: 7.886144638061523
Epoch: 55, AccTr: 0.32510000467300415, AccVa: 0.32499998807907104, CeTr: 7.515210151672363, CeVa: 7.354023456573486
ENSEMBLE | Tr_Acc: 0.6133000254631042, Tr_CE: 2.2378573417663574, Va_Acc: 0.6290000081062317, Va_CE: 2.138627052307129
Epoch: 56, AccTr: 0.38989999890327454, AccVa: 0.3955000042915344, CeTr: 6.044503688812256, CeVa: 5.859503269195557
Epoch: 57, AccTr: 0.3237000107765198, AccVa: 0.3305000066757202, CeTr: 9.252484321594238, CeVa: 9.14002799987793
Epoch: 58, AccTr: 0.4074999988079071, AccVa: 0.4129999876022339, CeTr: 9.239627838134766, CeVa: 8.907360076904297
Epoch: 59, AccTr: 0.4027999937534332, AccVa: 0.40700000524520874, CeTr: 9.94389533996582, CeVa: 9.844465255737305
Epoch: 60, AccTr: 0.43070000410079956, AccVa: 0.4399999976158142, CeTr: 7.4298810958862305, CeVa: 6.98835563659668
ENSEMBLE | Tr_Acc: 0.6319000124931335, Tr_CE: 2.0540401935577393, Va_Acc: 0.6345000267028809, Va_CE: 1.952407956123352
Epoch: 61, AccTr: 0.3959999978542328, AccVa: 0.4009999930858612, CeTr: 7.5363969802856445, CeVa: 7.23745584487915
Epoch: 62, AccTr: 0.4122999906539917, AccVa: 0.40849998593330383, CeTr: 6.757495403289795, CeVa: 6.935721397399902
Epoch: 63, AccTr: 0.384799987077713, AccVa: 0.39399999380111694, CeTr: 9.635316848754883, CeVa: 9.558838844299316
Epoch: 64, AccTr: 0.357699990272522, AccVa: 0.3529999852180481, CeTr: 10.20480728149414, CeVa: 9.679447174072266
Epoch: 65, AccTr: 0.3614000082015991, AccVa: 0.3659999966621399, CeTr: 10.138916969299316, CeVa: 9.764078140258789
ENSEMBLE | Tr_Acc: 0.5942000150680542, Tr_CE: 2.391709327697754, Va_Acc: 0.6025000214576721, Va_CE: 2.2709243297576904
Epoch: 66, AccTr: 0.44940000772476196, AccVa: 0.46000000834465027, CeTr: 6.257457256317139, CeVa: 5.8865532875061035
Epoch: 67, AccTr: 0.4016999900341034, AccVa: 0.4074999988079071, CeTr: 7.59564208984375, CeVa: 7.439175605773926
Epoch: 68, AccTr: 0.25099998712539673, AccVa: 0.2590000033378601, CeTr: 10.178730010986328, CeVa: 9.936031341552734
Epoch: 69, AccTr: 0.2937000095844269, AccVa: 0.3059999942779541, CeTr: 10.567605018615723, CeVa: 10.348037719726562
Epoch: 70, AccTr: 0.17180000245571136, AccVa: 0.17649999260902405, CeTr: 14.678990364074707, CeVa: 14.53701114654541
ENSEMBLE | Tr_Acc: 0.5370000004768372, Tr_CE: 2.949493646621704, Va_Acc: 0.5429999828338623, Va_CE: 2.788120985031128
Epoch: 71, AccTr: 0.33009999990463257, AccVa: 0.33649998903274536, CeTr: 9.461833953857422, CeVa: 9.520907402038574
Epoch: 72, AccTr: 0.2833999991416931, AccVa: 0.2944999933242798, CeTr: 12.190488815307617, CeVa: 11.967642784118652
Epoch: 73, AccTr: 0.32820001244544983, AccVa: 0.3474999964237213, CeTr: 8.645051956176758, CeVa: 8.191788673400879
Epoch: 74, AccTr: 0.39419999718666077, AccVa: 0.3959999978542328, CeTr: 10.76665210723877, CeVa: 10.435181617736816
Epoch: 75, AccTr: 0.33559998869895935, AccVa: 0.33399999141693115, CeTr: 7.803504467010498, CeVa: 7.379700183868408
ENSEMBLE | Tr_Acc: 0.5386000275611877, Tr_CE: 2.8854143619537354, Va_Acc: 0.546500027179718, Va_CE: 2.7212650775909424
Epoch: 76, AccTr: 0.41029998660087585, AccVa: 0.40450000762939453, CeTr: 9.990755081176758, CeVa: 9.65869426727295
Epoch: 77, AccTr: 0.44690001010894775, AccVa: 0.4560000002384186, CeTr: 9.094642639160156, CeVa: 8.905810356140137
Epoch: 78, AccTr: 0.32710000872612, AccVa: 0.33500000834465027, CeTr: 12.491497039794922, CeVa: 12.263790130615234
Epoch: 79, AccTr: 0.32339999079704285, AccVa: 0.33399999141693115, CeTr: 10.746280670166016, CeVa: 10.419533729553223
Epoch: 80, AccTr: 0.3869999945163727, AccVa: 0.38449999690055847, CeTr: 10.146193504333496, CeVa: 9.94771957397461
ENSEMBLE | Tr_Acc: 0.534500002861023, Tr_CE: 3.041496753692627, Va_Acc: 0.5494999885559082, Va_CE: 2.8598930835723877
Epoch: 81, AccTr: 0.2498999983072281, AccVa: 0.26100000739097595, CeTr: 12.577287673950195, CeVa: 12.161883354187012
Epoch: 82, AccTr: 0.4104999899864197, AccVa: 0.40700000524520874, CeTr: 10.859818458557129, CeVa: 10.673208236694336
Epoch: 83, AccTr: 0.41670000553131104, AccVa: 0.421999990940094, CeTr: 11.502799034118652, CeVa: 11.357637405395508
Epoch: 84, AccTr: 0.2295999974012375, AccVa: 0.24300000071525574, CeTr: 16.675777435302734, CeVa: 15.743353843688965
Epoch: 85, AccTr: 0.25110000371932983, AccVa: 0.2565000057220459, CeTr: 16.16603660583496, CeVa: 15.425045013427734
ENSEMBLE | Tr_Acc: 0.4927999973297119, Tr_CE: 3.640470266342163, Va_Acc: 0.5009999871253967, Va_CE: 3.4152636528015137
Epoch: 86, AccTr: 0.27720001339912415, AccVa: 0.2815000116825104, CeTr: 14.37200927734375, CeVa: 13.90882396697998
Epoch: 87, AccTr: 0.2345999926328659, AccVa: 0.23250000178813934, CeTr: 15.866718292236328, CeVa: 15.250606536865234
Epoch: 88, AccTr: 0.20669999718666077, AccVa: 0.2094999998807907, CeTr: 19.651342391967773, CeVa: 18.757328033447266
Epoch: 89, AccTr: 0.2476000040769577, AccVa: 0.2549999952316284, CeTr: 16.88656234741211, CeVa: 15.938400268554688
Epoch: 90, AccTr: 0.1647000014781952, AccVa: 0.16899999976158142, CeTr: 19.317352294921875, CeVa: 19.000137329101562
ENSEMBLE | Tr_Acc: 0.4429999887943268, Tr_CE: 4.350720405578613, Va_Acc: 0.45649999380111694, Va_CE: 4.109339237213135
Epoch: 91, AccTr: 0.2515000104904175, AccVa: 0.25450000166893005, CeTr: 12.94162368774414, CeVa: 12.384612083435059
Epoch: 92, AccTr: 0.24699999392032623, AccVa: 0.2630000114440918, CeTr: 12.258301734924316, CeVa: 11.424821853637695
Epoch: 93, AccTr: 0.2791999876499176, AccVa: 0.289000004529953, CeTr: 16.397464752197266, CeVa: 15.427371978759766
Epoch: 94, AccTr: 0.3628999888896942, AccVa: 0.36399999260902405, CeTr: 11.201251983642578, CeVa: 11.112753868103027
Epoch: 95, AccTr: 0.4059000015258789, AccVa: 0.39649999141693115, CeTr: 10.254356384277344, CeVa: 10.36685848236084
ENSEMBLE | Tr_Acc: 0.45010000467300415, Tr_CE: 4.408555507659912, Va_Acc: 0.4555000066757202, Va_CE: 4.203129768371582
Epoch: 96, AccTr: 0.3424000144004822, AccVa: 0.33799999952316284, CeTr: 12.562285423278809, CeVa: 12.286436080932617
Epoch: 97, AccTr: 0.3425999879837036, AccVa: 0.34049999713897705, CeTr: 11.620584487915039, CeVa: 11.523517608642578
Epoch: 98, AccTr: 0.4374000132083893, AccVa: 0.4334999918937683, CeTr: 8.166417121887207, CeVa: 8.279095649719238
Epoch: 99, AccTr: 0.3808000087738037, AccVa: 0.3785000145435333, CeTr: 11.02016830444336, CeVa: 10.866565704345703
Epoch: 100, AccTr: 0.3587000072002411, AccVa: 0.367000013589859, CeTr: 10.707677841186523, CeVa: 10.41673755645752
ENSEMBLE | Tr_Acc: 0.4657999873161316, Tr_CE: 4.339468955993652, Va_Acc: 0.47200000286102295, Va_CE: 4.1561079025268555
Epoch: 101, AccTr: 0.39309999346733093, AccVa: 0.40299999713897705, CeTr: 9.735976219177246, CeVa: 9.81057071685791
Epoch: 102, AccTr: 0.3409999907016754, AccVa: 0.34950000047683716, CeTr: 11.704432487487793, CeVa: 11.259184837341309
Epoch: 103, AccTr: 0.32440000772476196, AccVa: 0.34150001406669617, CeTr: 9.886985778808594, CeVa: 9.104702949523926
Epoch: 104, AccTr: 0.35100001096725464, AccVa: 0.3540000021457672, CeTr: 10.50597858428955, CeVa: 10.16129207611084
Epoch: 105, AccTr: 0.4593999981880188, AccVa: 0.47099998593330383, CeTr: 7.262068748474121, CeVa: 6.781740665435791
ENSEMBLE | Tr_Acc: 0.4790000021457672, Tr_CE: 4.2198896408081055, Va_Acc: 0.48399999737739563, Va_CE: 4.0290069580078125
Epoch: 106, AccTr: 0.3666999936103821, AccVa: 0.3785000145435333, CeTr: 10.554553985595703, CeVa: 10.00594711303711
Epoch: 107, AccTr: 0.44209998846054077, AccVa: 0.4659999907016754, CeTr: 6.491731643676758, CeVa: 6.227334022521973
Epoch: 108, AccTr: 0.22010000050067902, AccVa: 0.22300000488758087, CeTr: 13.492857933044434, CeVa: 13.257861137390137
Epoch: 109, AccTr: 0.3474999964237213, AccVa: 0.3540000021457672, CeTr: 12.361584663391113, CeVa: 11.855301856994629
Epoch: 110, AccTr: 0.39629998803138733, AccVa: 0.3919999897480011, CeTr: 8.83944034576416, CeVa: 8.812960624694824
ENSEMBLE | Tr_Acc: 0.47699999809265137, Tr_CE: 4.275515556335449, Va_Acc: 0.48350000381469727, Va_CE: 4.090827941894531
Epoch: 111, AccTr: 0.3522999882698059, AccVa: 0.3555000126361847, CeTr: 9.921825408935547, CeVa: 9.84504508972168
Epoch: 112, AccTr: 0.27129998803138733, AccVa: 0.2775000035762787, CeTr: 12.014307975769043, CeVa: 11.513392448425293
Epoch: 113, AccTr: 0.29760000109672546, AccVa: 0.2879999876022339, CeTr: 13.350579261779785, CeVa: 13.145109176635742
Epoch: 114, AccTr: 0.29820001125335693, AccVa: 0.29100000858306885, CeTr: 10.939690589904785, CeVa: 10.668360710144043
Epoch: 115, AccTr: 0.29670000076293945, AccVa: 0.3009999990463257, CeTr: 12.151179313659668, CeVa: 11.413753509521484
ENSEMBLE | Tr_Acc: 0.478300005197525, Tr_CE: 4.207838535308838, Va_Acc: 0.48649999499320984, Va_CE: 4.001330375671387
Epoch: 116, AccTr: 0.33399999141693115, AccVa: 0.33399999141693115, CeTr: 12.325445175170898, CeVa: 12.028387069702148
Epoch: 117, AccTr: 0.30149999260902405, AccVa: 0.3095000088214874, CeTr: 11.933276176452637, CeVa: 11.431136131286621
Epoch: 118, AccTr: 0.27549999952316284, AccVa: 0.28850001096725464, CeTr: 12.64620590209961, CeVa: 11.839835166931152
Epoch: 119, AccTr: 0.29989999532699585, AccVa: 0.30300000309944153, CeTr: 14.15427303314209, CeVa: 13.721199989318848
Epoch: 120, AccTr: 0.33070001006126404, AccVa: 0.34299999475479126, CeTr: 13.114191055297852, CeVa: 12.223669052124023
ENSEMBLE | Tr_Acc: 0.4758000075817108, Tr_CE: 4.3743085861206055, Va_Acc: 0.4830000102519989, Va_CE: 4.144949913024902
Epoch: 121, AccTr: 0.37619999051094055, AccVa: 0.3779999911785126, CeTr: 10.650522232055664, CeVa: 10.043828010559082
Epoch: 122, AccTr: 0.35989999771118164, AccVa: 0.37700000405311584, CeTr: 9.104692459106445, CeVa: 8.929473876953125
Epoch: 123, AccTr: 0.3450999855995178, AccVa: 0.35600000619888306, CeTr: 8.800370216369629, CeVa: 8.256942749023438
Epoch: 124, AccTr: 0.2946000099182129, AccVa: 0.29350000619888306, CeTr: 14.930492401123047, CeVa: 14.786492347717285
Epoch: 125, AccTr: 0.2632000148296356, AccVa: 0.2639999985694885, CeTr: 15.445165634155273, CeVa: 14.662765502929688
ENSEMBLE | Tr_Acc: 0.4625999927520752, Tr_CE: 4.627402305603027, Va_Acc: 0.4684999883174896, Va_CE: 4.358992099761963
Epoch: 126, AccTr: 0.2700999975204468, AccVa: 0.28949999809265137, CeTr: 14.199854850769043, CeVa: 13.224449157714844
Epoch: 127, AccTr: 0.3497999906539917, AccVa: 0.3375000059604645, CeTr: 11.135848045349121, CeVa: 11.167952537536621
Epoch: 128, AccTr: 0.3156000077724457, AccVa: 0.33250001072883606, CeTr: 13.268794059753418, CeVa: 12.5895414352417
Epoch: 129, AccTr: 0.24300000071525574, AccVa: 0.24950000643730164, CeTr: 14.840362548828125, CeVa: 14.335474014282227
Epoch: 130, AccTr: 0.3057999908924103, AccVa: 0.32100000977516174, CeTr: 11.99936294555664, CeVa: 11.133322715759277
ENSEMBLE | Tr_Acc: 0.4555000066757202, Tr_CE: 4.810602188110352, Va_Acc: 0.4634999930858612, Va_CE: 4.514949321746826
Epoch: 131, AccTr: 0.25279998779296875, AccVa: 0.2669999897480011, CeTr: 14.572362899780273, CeVa: 13.47693157196045
Epoch: 132, AccTr: 0.20010000467300415, AccVa: 0.20649999380111694, CeTr: 18.730567932128906, CeVa: 17.879146575927734
Epoch: 133, AccTr: 0.17090000212192535, AccVa: 0.1860000044107437, CeTr: 18.28366470336914, CeVa: 17.278512954711914
Epoch: 134, AccTr: 0.15800000727176666, AccVa: 0.164000004529953, CeTr: 18.982891082763672, CeVa: 18.496593475341797
Epoch: 135, AccTr: 0.2700999975204468, AccVa: 0.27649998664855957, CeTr: 14.073234558105469, CeVa: 13.68375301361084
ENSEMBLE | Tr_Acc: 0.4490000009536743, Tr_CE: 5.010438919067383, Va_Acc: 0.4560000002384186, Va_CE: 4.693692207336426
Epoch: 136, AccTr: 0.2718000113964081, AccVa: 0.28299999237060547, CeTr: 16.14688491821289, CeVa: 15.881011009216309
Epoch: 137, AccTr: 0.2822999954223633, AccVa: 0.2809999883174896, CeTr: 19.52927589416504, CeVa: 18.65673065185547
Epoch: 138, AccTr: 0.3034000098705292, AccVa: 0.30250000953674316, CeTr: 19.638137817382812, CeVa: 18.851577758789062
Epoch: 139, AccTr: 0.30889999866485596, AccVa: 0.3244999945163727, CeTr: 17.790939331054688, CeVa: 16.802608489990234
Epoch: 140, AccTr: 0.3052000105381012, AccVa: 0.3009999990463257, CeTr: 15.167104721069336, CeVa: 14.644265174865723
ENSEMBLE | Tr_Acc: 0.4429999887943268, Tr_CE: 5.277581214904785, Va_Acc: 0.4480000138282776, Va_CE: 4.943007469177246
Epoch: 141, AccTr: 0.2092999964952469, AccVa: 0.2199999988079071, CeTr: 16.73796272277832, CeVa: 15.878300666809082
Epoch: 142, AccTr: 0.31200000643730164, AccVa: 0.31299999356269836, CeTr: 13.65064811706543, CeVa: 13.194360733032227
Epoch: 143, AccTr: 0.30320000648498535, AccVa: 0.3095000088214874, CeTr: 14.43188762664795, CeVa: 13.709738731384277
Epoch: 144, AccTr: 0.24009999632835388, AccVa: 0.2345000058412552, CeTr: 15.715465545654297, CeVa: 15.451227188110352
Epoch: 145, AccTr: 0.21209999918937683, AccVa: 0.2224999964237213, CeTr: 17.163942337036133, CeVa: 16.34687042236328
ENSEMBLE | Tr_Acc: 0.4336000084877014, Tr_CE: 5.526875019073486, Va_Acc: 0.43650001287460327, Va_CE: 5.177204132080078
Epoch: 146, AccTr: 0.31859999895095825, AccVa: 0.320499986410141, CeTr: 12.218708038330078, CeVa: 11.95920467376709
Epoch: 147, AccTr: 0.22630000114440918, AccVa: 0.23800000548362732, CeTr: 15.003032684326172, CeVa: 14.930108070373535
Epoch: 148, AccTr: 0.24220000207424164, AccVa: 0.24500000476837158, CeTr: 17.985811233520508, CeVa: 17.484785079956055
Epoch: 149, AccTr: 0.258899986743927, AccVa: 0.26600000262260437, CeTr: 17.09701156616211, CeVa: 16.123310089111328
Epoch: 150, AccTr: 0.2551000118255615, AccVa: 0.2630000114440918, CeTr: 16.47881507873535, CeVa: 15.71033000946045
ENSEMBLE | Tr_Acc: 0.4226999878883362, Tr_CE: 5.793569564819336, Va_Acc: 0.4309999942779541, Va_CE: 5.426424980163574
NN CONFIG
Weight-type:		binary
Layout									Layer #1: 280	Layer #2: 250	
Activation Functions					Layer #1: bs	Layer #2: bs	
Keep probabilities		Layer #0: 0.8	Layer #1: 0.8500000000000001	Layer #2: 0.8500000000000001	
Flat factors							Layer #1: 1.0	Layer #2: 1.0	Layer #3: 1.0	
Activation Noise						Layer #1: 0.0	Layer #2: 0.0	Layer #3: 0.0	

===================================

RUN CONFIG
Epochs: 150, Blocksize: 8

===================================

Epoch: 1, AccTr: 0.6360999941825867, AccVa: 0.6294999718666077, CeTr: 6.504187107086182, CeVa: 6.853610992431641
Epoch: 2, AccTr: 0.6547999978065491, AccVa: 0.6430000066757202, CeTr: 5.3233771324157715, CeVa: 5.469544887542725
Epoch: 3, AccTr: 0.6093999743461609, AccVa: 0.6129999756813049, CeTr: 5.5007243156433105, CeVa: 5.457496643066406
Epoch: 4, AccTr: 0.6065999865531921, AccVa: 0.6010000109672546, CeTr: 5.919729709625244, CeVa: 6.2599921226501465
Epoch: 5, AccTr: 0.5788000226020813, AccVa: 0.5895000100135803, CeTr: 5.781148910522461, CeVa: 5.874689102172852
Epoch: 6, AccTr: 0.5717999935150146, AccVa: 0.5529999732971191, CeTr: 5.9141364097595215, CeVa: 6.463521957397461
Epoch: 7, AccTr: 0.5268999934196472, AccVa: 0.5205000042915344, CeTr: 5.7710795402526855, CeVa: 6.114014148712158
Epoch: 8, AccTr: 0.5737000107765198, AccVa: 0.5414999723434448, CeTr: 5.8760271072387695, CeVa: 6.284154891967773
Epoch: 9, AccTr: 0.5098000168800354, AccVa: 0.4984999895095825, CeTr: 7.386248588562012, CeVa: 7.6565327644348145
Epoch: 10, AccTr: 0.5995000004768372, AccVa: 0.6019999980926514, CeTr: 5.473021984100342, CeVa: 5.303888320922852
Epoch: 11, AccTr: 0.43209999799728394, AccVa: 0.4359999895095825, CeTr: 7.001756191253662, CeVa: 7.286591529846191
Epoch: 12, AccTr: 0.3208000063896179, AccVa: 0.32350000739097595, CeTr: 10.505290985107422, CeVa: 10.481098175048828
Epoch: 13, AccTr: 0.400299996137619, AccVa: 0.390500009059906, CeTr: 7.319449424743652, CeVa: 7.292921543121338
Epoch: 14, AccTr: 0.47839999198913574, AccVa: 0.48399999737739563, CeTr: 7.887500762939453, CeVa: 8.057915687561035
Epoch: 15, AccTr: 0.4948999881744385, AccVa: 0.4884999990463257, CeTr: 7.814307689666748, CeVa: 8.102224349975586
Epoch: 16, AccTr: 0.38589999079704285, AccVa: 0.367000013589859, CeTr: 9.190984725952148, CeVa: 9.404223442077637
Epoch: 17, AccTr: 0.4618000090122223, AccVa: 0.45750001072883606, CeTr: 6.64459228515625, CeVa: 6.531908988952637
Epoch: 18, AccTr: 0.41260001063346863, AccVa: 0.4104999899864197, CeTr: 9.377970695495605, CeVa: 9.371654510498047
Epoch: 19, AccTr: 0.503600001335144, AccVa: 0.5074999928474426, CeTr: 7.446202278137207, CeVa: 7.391263484954834
Epoch: 20, AccTr: 0.4311999976634979, AccVa: 0.42250001430511475, CeTr: 7.3723344802856445, CeVa: 7.695528030395508
Epoch: 21, AccTr: 0.4715000092983246, AccVa: 0.4715000092983246, CeTr: 6.489302635192871, CeVa: 6.533351421356201
Epoch: 22, AccTr: 0.4163999855518341, AccVa: 0.4124999940395355, CeTr: 6.2901291847229, CeVa: 6.362754821777344
Epoch: 23, AccTr: 0.3402999937534332, AccVa: 0.3370000123977661, CeTr: 9.127912521362305, CeVa: 9.279966354370117
Epoch: 24, AccTr: 0.36489999294281006, AccVa: 0.3684999942779541, CeTr: 7.747429847717285, CeVa: 7.511731147766113
Epoch: 25, AccTr: 0.3693999946117401, AccVa: 0.37049999833106995, CeTr: 8.974607467651367, CeVa: 9.095050811767578
ENSEMBLE | Tr_Acc: 0.3693999946117401, Tr_CE: 8.974607467651367, Va_Acc: 0.37049999833106995, Va_CE: 9.095050811767578
Epoch: 26, AccTr: 0.4526999890804291, AccVa: 0.44699999690055847, CeTr: 7.252474308013916, CeVa: 7.577254772186279
Epoch: 27, AccTr: 0.4876999855041504, AccVa: 0.503000020980835, CeTr: 5.689347743988037, CeVa: 5.644903659820557
Epoch: 28, AccTr: 0.4424000084400177, AccVa: 0.45399999618530273, CeTr: 5.059774398803711, CeVa: 4.940764904022217
Epoch: 29, AccTr: 0.4341000020503998, AccVa: 0.4440000057220459, CeTr: 6.538464069366455, CeVa: 6.590776443481445
Epoch: 30, AccTr: 0.40959998965263367, AccVa: 0.4065000116825104, CeTr: 8.855772972106934, CeVa: 8.504998207092285
ENSEMBLE | Tr_Acc: 0.40049999952316284, Tr_CE: 7.383208751678467, Va_Acc: 0.4104999899864197, Va_CE: 7.244569301605225
Epoch: 31, AccTr: 0.32249999046325684, AccVa: 0.31450000405311584, CeTr: 8.393498420715332, CeVa: 8.416132926940918
Epoch: 32, AccTr: 0.275299996137619, AccVa: 0.2840000092983246, CeTr: 9.693687438964844, CeVa: 9.481758117675781
Epoch: 33, AccTr: 0.3278999924659729, AccVa: 0.3294999897480011, CeTr: 9.791627883911133, CeVa: 9.601369857788086
Epoch: 34, AccTr: 0.35420000553131104, AccVa: 0.34599998593330383, CeTr: 8.352483749389648, CeVa: 8.200485229492188
Epoch: 35, AccTr: 0.3370000123977661, AccVa: 0.33149999380111694, CeTr: 9.492829322814941, CeVa: 9.489174842834473
ENSEMBLE | Tr_Acc: 0.45989999175071716, Tr_CE: 6.053738117218018, Va_Acc: 0.4555000066757202, Va_CE: 5.997066974639893
Epoch: 36, AccTr: 0.2223999947309494, AccVa: 0.2240000069141388, CeTr: 14.537884712219238, CeVa: 14.067957878112793
Epoch: 37, AccTr: 0.42489999532699585, AccVa: 0.42750000953674316, CeTr: 10.699199676513672, CeVa: 10.364062309265137
Epoch: 38, AccTr: 0.34860000014305115, AccVa: 0.34599998593330383, CeTr: 11.051051139831543, CeVa: 10.91459846496582
Epoch: 39, AccTr: 0.335099995136261, AccVa: 0.34150001406669617, CeTr: 11.26081371307373, CeVa: 11.208086967468262
Epoch: 40, AccTr: 0.29660001397132874, AccVa: 0.29100000858306885, CeTr: 12.480270385742188, CeVa: 12.655590057373047
ENSEMBLE | Tr_Acc: 0.43860000371932983, Tr_CE: 6.828471660614014, Va_Acc: 0.44200000166893005, Va_CE: 6.836428165435791
Epoch: 41, AccTr: 0.400299996137619, AccVa: 0.40149998664855957, CeTr: 10.134401321411133, CeVa: 10.045109748840332
Epoch: 42, AccTr: 0.4129999876022339, AccVa: 0.41999998688697815, CeTr: 11.31650447845459, CeVa: 11.389820098876953
Epoch: 43, AccTr: 0.4018000066280365, AccVa: 0.4059999883174896, CeTr: 8.249593734741211, CeVa: 8.632635116577148
Epoch: 44, AccTr: 0.4537999927997589, AccVa: 0.4645000100135803, CeTr: 7.730318546295166, CeVa: 7.5371994972229
Epoch: 45, AccTr: 0.39100000262260437, AccVa: 0.39100000262260437, CeTr: 9.753689765930176, CeVa: 9.884359359741211
ENSEMBLE | Tr_Acc: 0.4715000092983246, Tr_CE: 6.3875203132629395, Va_Acc: 0.45899999141693115, Va_CE: 6.416460990905762
Epoch: 46, AccTr: 0.4918999969959259, AccVa: 0.49950000643730164, CeTr: 7.8307013511657715, CeVa: 7.872011661529541
Epoch: 47, AccTr: 0.4668000042438507, AccVa: 0.46650001406669617, CeTr: 10.519059181213379, CeVa: 10.412337303161621
Epoch: 48, AccTr: 0.47839999198913574, AccVa: 0.49000000953674316, CeTr: 8.335284233093262, CeVa: 8.23517894744873
Epoch: 49, AccTr: 0.4616999924182892, AccVa: 0.46050000190734863, CeTr: 7.622438907623291, CeVa: 7.783721446990967
Epoch: 50, AccTr: 0.37229999899864197, AccVa: 0.37549999356269836, CeTr: 9.955305099487305, CeVa: 9.87580394744873
ENSEMBLE | Tr_Acc: 0.5105000138282776, Tr_CE: 5.912674427032471, Va_Acc: 0.5009999871253967, Va_CE: 5.9708123207092285
Epoch: 51, AccTr: 0.48739999532699585, AccVa: 0.49050000309944153, CeTr: 7.216577529907227, CeVa: 7.388500213623047
Epoch: 52, AccTr: 0.4399999976158142, AccVa: 0.4415000081062317, CeTr: 9.427907943725586, CeVa: 9.492528915405273
Epoch: 53, AccTr: 0.527899980545044, AccVa: 0.515999972820282, CeTr: 5.287115097045898, CeVa: 5.260327339172363
Epoch: 54, AccTr: 0.43720000982284546, AccVa: 0.42899999022483826, CeTr: 8.100500106811523, CeVa: 8.26293659210205
Epoch: 55, AccTr: 0.45089998841285706, AccVa: 0.44999998807907104, CeTr: 9.493141174316406, CeVa: 9.758806228637695
ENSEMBLE | Tr_Acc: 0.5461000204086304, Tr_CE: 5.369012832641602, Va_Acc: 0.5400000214576721, Va_CE: 5.4808573722839355
Epoch: 56, AccTr: 0.3756999969482422, AccVa: 0.3695000112056732, CeTr: 8.730446815490723, CeVa: 8.88044548034668
Epoch: 57, AccTr: 0.4580000042915344, AccVa: 0.4494999945163727, CeTr: 8.127629280090332, CeVa: 8.103404998779297
Epoch: 58, AccTr: 0.38920000195503235, AccVa: 0.3869999945163727, CeTr: 8.376673698425293, CeVa: 8.807424545288086
Epoch: 59, AccTr: 0.4415000081062317, AccVa: 0.4359999895095825, CeTr: 7.00176477432251, CeVa: 7.160138130187988
Epoch: 60, AccTr: 0.36640000343322754, AccVa: 0.35850000381469727, CeTr: 9.466904640197754, CeVa: 9.770633697509766
ENSEMBLE | Tr_Acc: 0.5526999831199646, Tr_CE: 5.326486587524414, Va_Acc: 0.5444999933242798, Va_CE: 5.478330135345459
Epoch: 61, AccTr: 0.37059998512268066, AccVa: 0.35899999737739563, CeTr: 9.607806205749512, CeVa: 10.03713607788086
Epoch: 62, AccTr: 0.4551999866962433, AccVa: 0.4415000081062317, CeTr: 7.066586017608643, CeVa: 7.137134552001953
Epoch: 63, AccTr: 0.4537999927997589, AccVa: 0.44449999928474426, CeTr: 7.506439685821533, CeVa: 7.893782615661621
Epoch: 64, AccTr: 0.3727000057697296, AccVa: 0.38449999690055847, CeTr: 8.665546417236328, CeVa: 8.705300331115723
Epoch: 65, AccTr: 0.3490000069141388, AccVa: 0.34049999713897705, CeTr: 10.104308128356934, CeVa: 10.220820426940918
ENSEMBLE | Tr_Acc: 0.5450999736785889, Tr_CE: 5.387104034423828, Va_Acc: 0.534500002861023, Va_CE: 5.566964149475098
Epoch: 66, AccTr: 0.4392000138759613, AccVa: 0.4345000088214874, CeTr: 8.221630096435547, CeVa: 8.39945125579834
Epoch: 67, AccTr: 0.3319999873638153, AccVa: 0.3215000033378601, CeTr: 12.224023818969727, CeVa: 12.34699821472168
Epoch: 68, AccTr: 0.3499000072479248, AccVa: 0.3425000011920929, CeTr: 11.353476524353027, CeVa: 11.346625328063965
Epoch: 69, AccTr: 0.39800000190734863, AccVa: 0.40400001406669617, CeTr: 7.207314968109131, CeVa: 7.156113624572754
Epoch: 70, AccTr: 0.3513000011444092, AccVa: 0.3619999885559082, CeTr: 10.380776405334473, CeVa: 10.234524726867676
ENSEMBLE | Tr_Acc: 0.5388000011444092, Tr_CE: 5.321691989898682, Va_Acc: 0.5254999995231628, Va_CE: 5.484616279602051
Epoch: 71, AccTr: 0.37610000371932983, AccVa: 0.37700000405311584, CeTr: 8.410699844360352, CeVa: 8.352046012878418
Epoch: 72, AccTr: 0.33640000224113464, AccVa: 0.33399999141693115, CeTr: 8.14599609375, CeVa: 8.275882720947266
Epoch: 73, AccTr: 0.3244999945163727, AccVa: 0.3154999911785126, CeTr: 10.57054328918457, CeVa: 10.534835815429688
Epoch: 74, AccTr: 0.30790001153945923, AccVa: 0.30399999022483826, CeTr: 10.749889373779297, CeVa: 10.892807960510254
Epoch: 75, AccTr: 0.2750999927520752, AccVa: 0.2775000035762787, CeTr: 12.005353927612305, CeVa: 12.121831893920898
ENSEMBLE | Tr_Acc: 0.5241000056266785, Tr_CE: 5.525018692016602, Va_Acc: 0.5174999833106995, Va_CE: 5.6842145919799805
Epoch: 76, AccTr: 0.3208000063896179, AccVa: 0.31049999594688416, CeTr: 11.06893253326416, CeVa: 11.244537353515625
Epoch: 77, AccTr: 0.3894999921321869, AccVa: 0.38749998807907104, CeTr: 12.63331127166748, CeVa: 12.579556465148926
Epoch: 78, AccTr: 0.3296000063419342, AccVa: 0.32249999046325684, CeTr: 12.622209548950195, CeVa: 12.530593872070312
Epoch: 79, AccTr: 0.41449999809265137, AccVa: 0.41350001096725464, CeTr: 8.83899211883545, CeVa: 9.030879974365234
Epoch: 80, AccTr: 0.3506999909877777, AccVa: 0.33399999141693115, CeTr: 10.020387649536133, CeVa: 10.169742584228516
ENSEMBLE | Tr_Acc: 0.5285000205039978, Tr_CE: 5.598703861236572, Va_Acc: 0.515500009059906, Va_CE: 5.749532222747803
Epoch: 81, AccTr: 0.3553999960422516, AccVa: 0.35499998927116394, CeTr: 11.00173282623291, CeVa: 10.716276168823242
Epoch: 82, AccTr: 0.36980000138282776, AccVa: 0.36899998784065247, CeTr: 10.294212341308594, CeVa: 10.032615661621094
Epoch: 83, AccTr: 0.37459999322891235, AccVa: 0.37450000643730164, CeTr: 9.669089317321777, CeVa: 9.537075996398926
Epoch: 84, AccTr: 0.31290000677108765, AccVa: 0.3154999911785126, CeTr: 13.4765043258667, CeVa: 13.284143447875977
Epoch: 85, AccTr: 0.38019999861717224, AccVa: 0.3725000023841858, CeTr: 12.816723823547363, CeVa: 13.101966857910156
ENSEMBLE | Tr_Acc: 0.5418000221252441, Tr_CE: 5.647822856903076, Va_Acc: 0.5249999761581421, Va_CE: 5.792097091674805
Epoch: 86, AccTr: 0.2621999979019165, AccVa: 0.2680000066757202, CeTr: 16.973365783691406, CeVa: 16.835037231445312
Epoch: 87, AccTr: 0.31470000743865967, AccVa: 0.31949999928474426, CeTr: 14.810710906982422, CeVa: 14.713793754577637
Epoch: 88, AccTr: 0.20430000126361847, AccVa: 0.20900000631809235, CeTr: 20.930795669555664, CeVa: 21.105327606201172
Epoch: 89, AccTr: 0.37400001287460327, AccVa: 0.3529999852180481, CeTr: 13.975324630737305, CeVa: 14.229443550109863
Epoch: 90, AccTr: 0.25540000200271606, AccVa: 0.25049999356269836, CeTr: 17.571762084960938, CeVa: 17.742868423461914
ENSEMBLE | Tr_Acc: 0.5209000110626221, Tr_CE: 6.022418022155762, Va_Acc: 0.5084999799728394, Va_CE: 6.162233829498291
Epoch: 91, AccTr: 0.30979999899864197, AccVa: 0.3140000104904175, CeTr: 12.530399322509766, CeVa: 12.855381965637207
Epoch: 92, AccTr: 0.288100004196167, AccVa: 0.29499998688697815, CeTr: 12.024823188781738, CeVa: 12.338241577148438
Epoch: 93, AccTr: 0.3188000023365021, AccVa: 0.30799999833106995, CeTr: 11.863041877746582, CeVa: 11.804312705993652
