NN CONFIG
Weight-type:		binary
Layout									Layer #1: 280	Layer #2: 250	
Activation Functions					Layer #1: bs	Layer #2: bs	
Keep probabilities		Layer #0: 0.9	Layer #1: 0.9	Layer #2: 0.9	
Flat factors							Layer #1: 1.0	Layer #2: 1.0	Layer #3: 1.0	
Activation Noise						Layer #1: 0.0	Layer #2: 0.0	Layer #3: 0.0	

===================================

RUN CONFIG
Epochs: 150, Blocksize: 8

===================================

Epoch: 1, AccTr: 0.34139999747276306, AccVa: 0.35350000858306885, CeTr: 27.258581161499023, CeVa: 28.012638092041016
Epoch: 2, AccTr: 0.4634000062942505, AccVa: 0.4634999930858612, CeTr: 17.28485679626465, CeVa: 17.64366340637207
Epoch: 3, AccTr: 0.5264999866485596, AccVa: 0.5224999785423279, CeTr: 10.766298294067383, CeVa: 11.631378173828125
Epoch: 4, AccTr: 0.5604000091552734, AccVa: 0.5584999918937683, CeTr: 8.507756233215332, CeVa: 8.664999008178711
Epoch: 5, AccTr: 0.6434000134468079, AccVa: 0.6320000290870667, CeTr: 6.146742820739746, CeVa: 6.589037895202637
Epoch: 6, AccTr: 0.6431999802589417, AccVa: 0.6520000100135803, CeTr: 6.636013507843018, CeVa: 6.656410217285156
Epoch: 7, AccTr: 0.6636999845504761, AccVa: 0.6585000157356262, CeTr: 6.1512908935546875, CeVa: 6.224035263061523
Epoch: 8, AccTr: 0.6134999990463257, AccVa: 0.6025000214576721, CeTr: 7.474424839019775, CeVa: 7.7004547119140625
Epoch: 9, AccTr: 0.6639000177383423, AccVa: 0.6600000262260437, CeTr: 5.753421306610107, CeVa: 5.829451084136963
Epoch: 10, AccTr: 0.6966999769210815, AccVa: 0.6915000081062317, CeTr: 5.313408374786377, CeVa: 5.511632919311523
Epoch: 11, AccTr: 0.6966999769210815, AccVa: 0.6869999766349792, CeTr: 5.07041072845459, CeVa: 5.525295734405518
Epoch: 12, AccTr: 0.683899998664856, AccVa: 0.6825000047683716, CeTr: 5.1334099769592285, CeVa: 5.459784984588623
Epoch: 13, AccTr: 0.6638000011444092, AccVa: 0.6535000205039978, CeTr: 4.190377712249756, CeVa: 4.588822364807129
Epoch: 14, AccTr: 0.6567000150680542, AccVa: 0.6604999899864197, CeTr: 4.976494789123535, CeVa: 5.099019527435303
Epoch: 15, AccTr: 0.6703000068664551, AccVa: 0.6499999761581421, CeTr: 4.398308753967285, CeVa: 4.467915058135986
Epoch: 16, AccTr: 0.7049000263214111, AccVa: 0.6865000128746033, CeTr: 4.285469055175781, CeVa: 4.629849433898926
Epoch: 17, AccTr: 0.6534000039100647, AccVa: 0.6710000038146973, CeTr: 5.036111831665039, CeVa: 5.067890644073486
Epoch: 18, AccTr: 0.6610999703407288, AccVa: 0.6629999876022339, CeTr: 4.256677150726318, CeVa: 4.385859489440918
Epoch: 19, AccTr: 0.5388000011444092, AccVa: 0.5249999761581421, CeTr: 7.212246894836426, CeVa: 7.250936031341553
Epoch: 20, AccTr: 0.6814000010490417, AccVa: 0.6654999852180481, CeTr: 4.035520076751709, CeVa: 4.439121723175049
Epoch: 21, AccTr: 0.6642000079154968, AccVa: 0.6620000004768372, CeTr: 3.3160808086395264, CeVa: 3.5584652423858643
Epoch: 22, AccTr: 0.5967000126838684, AccVa: 0.5799999833106995, CeTr: 4.780603408813477, CeVa: 5.177448272705078
Epoch: 23, AccTr: 0.6632000207901001, AccVa: 0.6579999923706055, CeTr: 4.826191425323486, CeVa: 4.865871906280518
Epoch: 24, AccTr: 0.7059999704360962, AccVa: 0.6855000257492065, CeTr: 4.038713455200195, CeVa: 4.481673717498779
Epoch: 25, AccTr: 0.6771000027656555, AccVa: 0.656499981880188, CeTr: 4.21592378616333, CeVa: 4.564283847808838
ENSEMBLE | Tr_Acc: 0.6771000027656555, Tr_CE: 4.21592378616333, Va_Acc: 0.656499981880188, Va_CE: 4.564283847808838
Epoch: 26, AccTr: 0.6636999845504761, AccVa: 0.6620000004768372, CeTr: 5.005671977996826, CeVa: 4.8390913009643555
Epoch: 27, AccTr: 0.6687999963760376, AccVa: 0.6570000052452087, CeTr: 5.289547920227051, CeVa: 5.563723087310791
Epoch: 28, AccTr: 0.6410999894142151, AccVa: 0.6424999833106995, CeTr: 5.207089900970459, CeVa: 5.620957374572754
Epoch: 29, AccTr: 0.6378999948501587, AccVa: 0.6240000128746033, CeTr: 5.254671573638916, CeVa: 5.627589702606201
Epoch: 30, AccTr: 0.6349999904632568, AccVa: 0.6259999871253967, CeTr: 4.200243949890137, CeVa: 4.567193508148193
ENSEMBLE | Tr_Acc: 0.7468000054359436, Tr_CE: 2.639951467514038, Va_Acc: 0.7179999947547913, Va_CE: 2.947838306427002
Epoch: 31, AccTr: 0.6658999919891357, AccVa: 0.6694999933242798, CeTr: 4.600714206695557, CeVa: 4.531216144561768
Epoch: 32, AccTr: 0.6901999711990356, AccVa: 0.6970000267028809, CeTr: 4.09242057800293, CeVa: 4.113895416259766
Epoch: 33, AccTr: 0.7228000164031982, AccVa: 0.715499997138977, CeTr: 3.8597030639648438, CeVa: 4.0261406898498535
Epoch: 34, AccTr: 0.6769999861717224, AccVa: 0.6800000071525574, CeTr: 4.270755290985107, CeVa: 4.232768535614014
Epoch: 35, AccTr: 0.6420000195503235, AccVa: 0.6345000267028809, CeTr: 4.750882625579834, CeVa: 5.065949440002441
ENSEMBLE | Tr_Acc: 0.7883999943733215, Tr_CE: 2.134366750717163, Va_Acc: 0.765999972820282, Va_CE: 2.4210457801818848
Epoch: 36, AccTr: 0.6741999983787537, AccVa: 0.6654999852180481, CeTr: 3.4833102226257324, CeVa: 3.764514923095703
Epoch: 37, AccTr: 0.5526999831199646, AccVa: 0.550000011920929, CeTr: 5.263648986816406, CeVa: 5.717962741851807
Epoch: 38, AccTr: 0.6134999990463257, AccVa: 0.6209999918937683, CeTr: 5.164058208465576, CeVa: 5.313256740570068
Epoch: 39, AccTr: 0.4912000000476837, AccVa: 0.49000000953674316, CeTr: 7.6515655517578125, CeVa: 7.758575916290283
Epoch: 40, AccTr: 0.6137999892234802, AccVa: 0.6165000200271606, CeTr: 4.473586559295654, CeVa: 4.638161659240723
ENSEMBLE | Tr_Acc: 0.7986999750137329, Tr_CE: 1.9049874544143677, Va_Acc: 0.7850000262260437, Va_CE: 2.1599419116973877
Epoch: 41, AccTr: 0.6342999935150146, AccVa: 0.6380000114440918, CeTr: 4.689431190490723, CeVa: 4.558769226074219
Epoch: 42, AccTr: 0.6729999780654907, AccVa: 0.6669999957084656, CeTr: 3.629639148712158, CeVa: 3.8350327014923096
Epoch: 43, AccTr: 0.6495000123977661, AccVa: 0.6349999904632568, CeTr: 4.6288347244262695, CeVa: 4.947113513946533
Epoch: 44, AccTr: 0.47530001401901245, AccVa: 0.49900001287460327, CeTr: 7.868807792663574, CeVa: 7.913746356964111
Epoch: 45, AccTr: 0.4438999891281128, AccVa: 0.46149998903274536, CeTr: 9.105501174926758, CeVa: 8.470571517944336
ENSEMBLE | Tr_Acc: 0.8007000088691711, Tr_CE: 1.857407808303833, Va_Acc: 0.7860000133514404, Va_CE: 2.058490514755249
Epoch: 46, AccTr: 0.6039000153541565, AccVa: 0.5899999737739563, CeTr: 6.332722187042236, CeVa: 6.504837989807129
Epoch: 47, AccTr: 0.602400004863739, AccVa: 0.612500011920929, CeTr: 6.163649082183838, CeVa: 5.9895853996276855
Epoch: 48, AccTr: 0.6261000037193298, AccVa: 0.6050000190734863, CeTr: 4.87108850479126, CeVa: 5.105467319488525
Epoch: 49, AccTr: 0.6798999905586243, AccVa: 0.6700000166893005, CeTr: 4.440714359283447, CeVa: 4.626899242401123
Epoch: 50, AccTr: 0.6725000143051147, AccVa: 0.6679999828338623, CeTr: 4.531708717346191, CeVa: 4.567320823669434
ENSEMBLE | Tr_Acc: 0.8151999711990356, Tr_CE: 1.7092190980911255, Va_Acc: 0.7990000247955322, Va_CE: 1.882603406906128
Epoch: 51, AccTr: 0.49309998750686646, AccVa: 0.484499990940094, CeTr: 6.877584457397461, CeVa: 7.166058540344238
Epoch: 52, AccTr: 0.6419000029563904, AccVa: 0.6184999942779541, CeTr: 5.671842575073242, CeVa: 5.9788079261779785
Epoch: 53, AccTr: 0.7146999835968018, AccVa: 0.7110000252723694, CeTr: 3.487152338027954, CeVa: 3.651848077774048
Epoch: 54, AccTr: 0.6880999803543091, AccVa: 0.6949999928474426, CeTr: 3.6684019565582275, CeVa: 3.7104365825653076
Epoch: 55, AccTr: 0.6948000192642212, AccVa: 0.6825000047683716, CeTr: 4.198108673095703, CeVa: 4.576891899108887
ENSEMBLE | Tr_Acc: 0.8274000287055969, Tr_CE: 1.5425515174865723, Va_Acc: 0.8199999928474426, Va_CE: 1.7056673765182495
Epoch: 56, AccTr: 0.6933000087738037, AccVa: 0.6610000133514404, CeTr: 4.260009288787842, CeVa: 4.822356224060059
Epoch: 57, AccTr: 0.679099977016449, AccVa: 0.675000011920929, CeTr: 4.482143878936768, CeVa: 4.5579376220703125
Epoch: 58, AccTr: 0.6279000043869019, AccVa: 0.612500011920929, CeTr: 4.592968940734863, CeVa: 4.613544940948486
Epoch: 59, AccTr: 0.6570000052452087, AccVa: 0.6449999809265137, CeTr: 3.868645668029785, CeVa: 4.021562576293945
Epoch: 60, AccTr: 0.6345000267028809, AccVa: 0.6240000128746033, CeTr: 4.749638557434082, CeVa: 5.1394853591918945
ENSEMBLE | Tr_Acc: 0.8305000066757202, Tr_CE: 1.5081156492233276, Va_Acc: 0.8180000185966492, Va_CE: 1.6584868431091309
Epoch: 61, AccTr: 0.6935999989509583, AccVa: 0.6894999742507935, CeTr: 3.9536592960357666, CeVa: 4.19638204574585
Epoch: 62, AccTr: 0.6473000049591064, AccVa: 0.6144999861717224, CeTr: 4.405189037322998, CeVa: 4.873900890350342
Epoch: 63, AccTr: 0.7213000059127808, AccVa: 0.7129999995231628, CeTr: 3.865363359451294, CeVa: 3.81514573097229
Epoch: 64, AccTr: 0.7027999758720398, AccVa: 0.6995000243186951, CeTr: 3.8963162899017334, CeVa: 4.140430450439453
Epoch: 65, AccTr: 0.6916000247001648, AccVa: 0.6825000047683716, CeTr: 3.3195126056671143, CeVa: 3.3797147274017334
ENSEMBLE | Tr_Acc: 0.8403000235557556, Tr_CE: 1.3690366744995117, Va_Acc: 0.828000009059906, Va_CE: 1.4902043342590332
Epoch: 66, AccTr: 0.6675000190734863, AccVa: 0.659500002861023, CeTr: 3.6141417026519775, CeVa: 3.7403454780578613
Epoch: 67, AccTr: 0.73089998960495, AccVa: 0.7325000166893005, CeTr: 3.117229461669922, CeVa: 3.1035571098327637
Epoch: 68, AccTr: 0.6567000150680542, AccVa: 0.6445000171661377, CeTr: 4.1166558265686035, CeVa: 4.062221527099609
Epoch: 69, AccTr: 0.5791000127792358, AccVa: 0.5609999895095825, CeTr: 5.362020015716553, CeVa: 5.406663417816162
Epoch: 70, AccTr: 0.6412000060081482, AccVa: 0.6464999914169312, CeTr: 4.189538478851318, CeVa: 4.0635600090026855
ENSEMBLE | Tr_Acc: 0.8446999788284302, Tr_CE: 1.3099257946014404, Va_Acc: 0.8320000171661377, Va_CE: 1.4112145900726318
Epoch: 71, AccTr: 0.6240000128746033, AccVa: 0.6299999952316284, CeTr: 4.767112731933594, CeVa: 4.850848197937012
Epoch: 72, AccTr: 0.5924999713897705, AccVa: 0.5964999794960022, CeTr: 4.612775802612305, CeVa: 4.627251148223877
Epoch: 73, AccTr: 0.6352999806404114, AccVa: 0.6389999985694885, CeTr: 4.334961414337158, CeVa: 4.3158698081970215
Epoch: 74, AccTr: 0.6796000003814697, AccVa: 0.6754999756813049, CeTr: 3.2512331008911133, CeVa: 3.3499040603637695
Epoch: 75, AccTr: 0.5131000280380249, AccVa: 0.49000000953674316, CeTr: 5.622034549713135, CeVa: 5.666138648986816
ENSEMBLE | Tr_Acc: 0.8522999882698059, Tr_CE: 1.1929858922958374, Va_Acc: 0.8414999842643738, Va_CE: 1.3076249361038208
Epoch: 76, AccTr: 0.5346999764442444, AccVa: 0.5490000247955322, CeTr: 5.302918910980225, CeVa: 5.098718643188477
Epoch: 77, AccTr: 0.5418000221252441, AccVa: 0.5245000123977661, CeTr: 6.580327987670898, CeVa: 6.455920696258545
Epoch: 78, AccTr: 0.6128000020980835, AccVa: 0.6050000190734863, CeTr: 5.295358657836914, CeVa: 5.2672247886657715
Epoch: 79, AccTr: 0.623199999332428, AccVa: 0.6194999814033508, CeTr: 5.114511489868164, CeVa: 5.455170631408691
Epoch: 80, AccTr: 0.6342999935150146, AccVa: 0.6184999942779541, CeTr: 3.9072062969207764, CeVa: 4.195032119750977
ENSEMBLE | Tr_Acc: 0.8598999977111816, Tr_CE: 1.116110920906067, Va_Acc: 0.8510000109672546, Va_CE: 1.2353488206863403
Epoch: 81, AccTr: 0.5741000175476074, AccVa: 0.5680000185966492, CeTr: 5.571491241455078, CeVa: 5.4651079177856445
Epoch: 82, AccTr: 0.44119998812675476, AccVa: 0.44699999690055847, CeTr: 6.187860488891602, CeVa: 6.166759967803955
Epoch: 83, AccTr: 0.5493999719619751, AccVa: 0.5460000038146973, CeTr: 5.61769962310791, CeVa: 5.690057277679443
Epoch: 84, AccTr: 0.5062999725341797, AccVa: 0.5099999904632568, CeTr: 7.239996910095215, CeVa: 7.002171993255615
Epoch: 85, AccTr: 0.6104999780654907, AccVa: 0.6060000061988831, CeTr: 4.4015116691589355, CeVa: 4.270676136016846
ENSEMBLE | Tr_Acc: 0.8590999841690063, Tr_CE: 1.0882561206817627, Va_Acc: 0.8504999876022339, Va_CE: 1.2069936990737915
Epoch: 86, AccTr: 0.3345000147819519, AccVa: 0.3305000066757202, CeTr: 12.583894729614258, CeVa: 12.529447555541992
Epoch: 87, AccTr: 0.4580000042915344, AccVa: 0.4514999985694885, CeTr: 10.384769439697266, CeVa: 10.627381324768066
Epoch: 88, AccTr: 0.5048999786376953, AccVa: 0.5139999985694885, CeTr: 8.564570426940918, CeVa: 8.345025062561035
Epoch: 89, AccTr: 0.5965999960899353, AccVa: 0.5789999961853027, CeTr: 5.247986793518066, CeVa: 5.614597320556641
Epoch: 90, AccTr: 0.551800012588501, AccVa: 0.5320000052452087, CeTr: 5.814154624938965, CeVa: 5.831874847412109
ENSEMBLE | Tr_Acc: 0.8596000075340271, Tr_CE: 1.0761440992355347, Va_Acc: 0.847000002861023, Va_CE: 1.1889686584472656
Epoch: 91, AccTr: 0.49470001459121704, AccVa: 0.5105000138282776, CeTr: 5.959086894989014, CeVa: 5.804346084594727
Epoch: 92, AccTr: 0.6438000202178955, AccVa: 0.6420000195503235, CeTr: 4.0924458503723145, CeVa: 3.816927671432495
Epoch: 93, AccTr: 0.5189999938011169, AccVa: 0.531499981880188, CeTr: 6.501333236694336, CeVa: 6.32673454284668
Epoch: 94, AccTr: 0.5931000113487244, AccVa: 0.590499997138977, CeTr: 5.380179405212402, CeVa: 5.2496113777160645
Epoch: 95, AccTr: 0.5577999949455261, AccVa: 0.5584999918937683, CeTr: 6.4792256355285645, CeVa: 6.492097854614258
ENSEMBLE | Tr_Acc: 0.8600000143051147, Tr_CE: 1.0719703435897827, Va_Acc: 0.8495000004768372, Va_CE: 1.181551456451416
Epoch: 96, AccTr: 0.5856000185012817, AccVa: 0.5860000252723694, CeTr: 5.339695930480957, CeVa: 5.25105094909668
Epoch: 97, AccTr: 0.5526000261306763, AccVa: 0.5565000176429749, CeTr: 5.9237494468688965, CeVa: 6.070957660675049
Epoch: 98, AccTr: 0.5701000094413757, AccVa: 0.5669999718666077, CeTr: 5.671140193939209, CeVa: 5.8406291007995605
Epoch: 99, AccTr: 0.5224000215530396, AccVa: 0.5299999713897705, CeTr: 6.937094688415527, CeVa: 7.1599578857421875
Epoch: 100, AccTr: 0.5835999846458435, AccVa: 0.5989999771118164, CeTr: 5.641665458679199, CeVa: 5.414431095123291
ENSEMBLE | Tr_Acc: 0.86080002784729, Tr_CE: 1.0706567764282227, Va_Acc: 0.8489999771118164, Va_CE: 1.1838346719741821
Epoch: 101, AccTr: 0.5203999876976013, AccVa: 0.5170000195503235, CeTr: 5.503293037414551, CeVa: 5.557188034057617
Epoch: 102, AccTr: 0.5364999771118164, AccVa: 0.5304999947547913, CeTr: 7.888904571533203, CeVa: 8.018143653869629
Epoch: 103, AccTr: 0.4465000033378601, AccVa: 0.4415000081062317, CeTr: 9.867950439453125, CeVa: 10.275850296020508
Epoch: 104, AccTr: 0.4115000069141388, AccVa: 0.40549999475479126, CeTr: 12.656465530395508, CeVa: 12.79895305633545
Epoch: 105, AccTr: 0.4099999964237213, AccVa: 0.40299999713897705, CeTr: 11.247164726257324, CeVa: 11.046146392822266
ENSEMBLE | Tr_Acc: 0.8574000000953674, Tr_CE: 1.0972309112548828, Va_Acc: 0.8489999771118164, Va_CE: 1.1986478567123413
Epoch: 106, AccTr: 0.4401000142097473, AccVa: 0.4505000114440918, CeTr: 10.377373695373535, CeVa: 10.114343643188477
Epoch: 107, AccTr: 0.36329999566078186, AccVa: 0.35199999809265137, CeTr: 13.264337539672852, CeVa: 13.10433578491211
