NN CONFIG
Weight-type:		binary
Layout									Layer #1: 280	Layer #2: 250	
Activation Functions					Layer #1: bs	Layer #2: bs	
Keep probabilities		Layer #0: 0.8500000000000001	Layer #1: 0.8500000000000001	Layer #2: 0.8500000000000001	
Flat factors							Layer #1: 1.0	Layer #2: 1.0	Layer #3: 1.0	
Activation Noise						Layer #1: 0.0	Layer #2: 0.0	Layer #3: 0.0	

===================================

RUN CONFIG
Epochs: 150, Blocksize: 8

===================================

Epoch: 1, AccTr: 0.6371999979019165, AccVa: 0.6209999918937683, CeTr: 8.09775161743164, CeVa: 7.9715352058410645
Epoch: 2, AccTr: 0.5360000133514404, AccVa: 0.5354999899864197, CeTr: 10.765273094177246, CeVa: 10.90816593170166
Epoch: 3, AccTr: 0.4242999851703644, AccVa: 0.43299999833106995, CeTr: 13.820581436157227, CeVa: 13.05166244506836
Epoch: 4, AccTr: 0.4609000086784363, AccVa: 0.4595000147819519, CeTr: 12.061676979064941, CeVa: 11.330212593078613
Epoch: 5, AccTr: 0.5063999891281128, AccVa: 0.5084999799728394, CeTr: 9.298297882080078, CeVa: 9.227002143859863
Epoch: 6, AccTr: 0.4851999878883362, AccVa: 0.5040000081062317, CeTr: 10.812101364135742, CeVa: 10.061720848083496
Epoch: 7, AccTr: 0.5805000066757202, AccVa: 0.5989999771118164, CeTr: 7.150346755981445, CeVa: 6.621353626251221
Epoch: 8, AccTr: 0.5895000100135803, AccVa: 0.5770000219345093, CeTr: 6.457732677459717, CeVa: 6.389823913574219
Epoch: 9, AccTr: 0.5681999921798706, AccVa: 0.5755000114440918, CeTr: 6.4249420166015625, CeVa: 6.281038284301758
Epoch: 10, AccTr: 0.42669999599456787, AccVa: 0.43799999356269836, CeTr: 8.526175498962402, CeVa: 8.487287521362305
Epoch: 11, AccTr: 0.3781999945640564, AccVa: 0.3774999976158142, CeTr: 8.962499618530273, CeVa: 8.983778953552246
Epoch: 12, AccTr: 0.5013999938964844, AccVa: 0.5210000276565552, CeTr: 8.461427688598633, CeVa: 8.018790245056152
Epoch: 13, AccTr: 0.43369999527931213, AccVa: 0.43299999833106995, CeTr: 10.56102180480957, CeVa: 10.104241371154785
Epoch: 14, AccTr: 0.49959999322891235, AccVa: 0.5059999823570251, CeTr: 7.6452484130859375, CeVa: 7.3688645362854
Epoch: 15, AccTr: 0.41119998693466187, AccVa: 0.40849998593330383, CeTr: 10.480956077575684, CeVa: 10.001273155212402
Epoch: 16, AccTr: 0.48919999599456787, AccVa: 0.4964999854564667, CeTr: 6.970332622528076, CeVa: 6.783428192138672
Epoch: 17, AccTr: 0.37929999828338623, AccVa: 0.3889999985694885, CeTr: 8.418632507324219, CeVa: 8.087302207946777
Epoch: 18, AccTr: 0.47360000014305115, AccVa: 0.48100000619888306, CeTr: 6.864441394805908, CeVa: 6.802440166473389
Epoch: 19, AccTr: 0.4603999853134155, AccVa: 0.4675000011920929, CeTr: 8.629973411560059, CeVa: 8.308015823364258
Epoch: 20, AccTr: 0.5587999820709229, AccVa: 0.5740000009536743, CeTr: 6.2805399894714355, CeVa: 5.816569805145264
Epoch: 21, AccTr: 0.42149999737739563, AccVa: 0.4235000014305115, CeTr: 11.94452953338623, CeVa: 11.60276985168457
Epoch: 22, AccTr: 0.350600004196167, AccVa: 0.35600000619888306, CeTr: 9.2357816696167, CeVa: 9.280851364135742
Epoch: 23, AccTr: 0.2651999890804291, AccVa: 0.2750000059604645, CeTr: 13.579505920410156, CeVa: 13.280448913574219
Epoch: 24, AccTr: 0.3131999969482422, AccVa: 0.3269999921321869, CeTr: 10.06353759765625, CeVa: 9.77210521697998
Epoch: 25, AccTr: 0.28529998660087585, AccVa: 0.3005000054836273, CeTr: 13.922523498535156, CeVa: 13.462737083435059
ENSEMBLE | Tr_Acc: 0.28529998660087585, Tr_CE: 13.922523498535156, Va_Acc: 0.3005000054836273, Va_CE: 13.462737083435059
Epoch: 26, AccTr: 0.23489999771118164, AccVa: 0.25049999356269836, CeTr: 15.177213668823242, CeVa: 14.223603248596191
Epoch: 27, AccTr: 0.35850000381469727, AccVa: 0.375, CeTr: 10.23923397064209, CeVa: 10.077152252197266
Epoch: 28, AccTr: 0.4415999948978424, AccVa: 0.4390000104904175, CeTr: 7.8762054443359375, CeVa: 7.842403411865234
Epoch: 29, AccTr: 0.4884999990463257, AccVa: 0.4909999966621399, CeTr: 7.15748929977417, CeVa: 7.375058650970459
Epoch: 30, AccTr: 0.4251999855041504, AccVa: 0.4269999861717224, CeTr: 10.665858268737793, CeVa: 10.53962516784668
ENSEMBLE | Tr_Acc: 0.398499995470047, Tr_CE: 10.025819778442383, Va_Acc: 0.4074999988079071, Va_CE: 9.728179931640625
Epoch: 31, AccTr: 0.4350999891757965, AccVa: 0.4410000145435333, CeTr: 9.857573509216309, CeVa: 9.478468894958496
Epoch: 32, AccTr: 0.38179999589920044, AccVa: 0.4009999930858612, CeTr: 9.524049758911133, CeVa: 9.391219139099121
Epoch: 33, AccTr: 0.37290000915527344, AccVa: 0.3790000081062317, CeTr: 11.857519149780273, CeVa: 11.33998966217041
Epoch: 34, AccTr: 0.32989999651908875, AccVa: 0.33250001072883606, CeTr: 11.287930488586426, CeVa: 10.838418960571289
Epoch: 35, AccTr: 0.47870001196861267, AccVa: 0.48399999737739563, CeTr: 7.9260406494140625, CeVa: 8.117744445800781
ENSEMBLE | Tr_Acc: 0.4945000112056732, Tr_CE: 7.495386123657227, Va_Acc: 0.503000020980835, Va_CE: 7.364482402801514
Epoch: 36, AccTr: 0.4440000057220459, AccVa: 0.42800000309944153, CeTr: 8.196526527404785, CeVa: 8.22193717956543
Epoch: 37, AccTr: 0.4690000116825104, AccVa: 0.47049999237060547, CeTr: 8.071633338928223, CeVa: 7.921910285949707
Epoch: 38, AccTr: 0.35499998927116394, AccVa: 0.3555000126361847, CeTr: 9.981657028198242, CeVa: 9.935084342956543
Epoch: 39, AccTr: 0.43939998745918274, AccVa: 0.45500001311302185, CeTr: 7.349157810211182, CeVa: 6.818585395812988
Epoch: 40, AccTr: 0.38690000772476196, AccVa: 0.3869999945163727, CeTr: 9.896445274353027, CeVa: 9.432876586914062
ENSEMBLE | Tr_Acc: 0.49559998512268066, Tr_CE: 6.975513935089111, Va_Acc: 0.5074999928474426, Va_CE: 6.78229284286499
Epoch: 41, AccTr: 0.38029998540878296, AccVa: 0.3700000047683716, CeTr: 9.970942497253418, CeVa: 9.886163711547852
Epoch: 42, AccTr: 0.33309999108314514, AccVa: 0.3529999852180481, CeTr: 12.8579683303833, CeVa: 11.709592819213867
Epoch: 43, AccTr: 0.4339999854564667, AccVa: 0.43549999594688416, CeTr: 10.519854545593262, CeVa: 10.177529335021973
Epoch: 44, AccTr: 0.4343000054359436, AccVa: 0.45750001072883606, CeTr: 9.495591163635254, CeVa: 8.874817848205566
Epoch: 45, AccTr: 0.3310000002384186, AccVa: 0.3440000116825104, CeTr: 9.918142318725586, CeVa: 9.751994132995605
ENSEMBLE | Tr_Acc: 0.48660001158714294, Tr_CE: 6.628375053405762, Va_Acc: 0.5005000233650208, Va_CE: 6.452500343322754
Epoch: 46, AccTr: 0.2904999852180481, AccVa: 0.30300000309944153, CeTr: 12.259027481079102, CeVa: 12.07873821258545
Epoch: 47, AccTr: 0.2775999903678894, AccVa: 0.27799999713897705, CeTr: 13.280884742736816, CeVa: 13.19881820678711
Epoch: 48, AccTr: 0.3021000027656555, AccVa: 0.3034999966621399, CeTr: 16.472803115844727, CeVa: 16.53754425048828
Epoch: 49, AccTr: 0.38760000467300415, AccVa: 0.39399999380111694, CeTr: 12.624041557312012, CeVa: 12.387568473815918
Epoch: 50, AccTr: 0.33820000290870667, AccVa: 0.35749998688697815, CeTr: 14.525361061096191, CeVa: 14.039100646972656
ENSEMBLE | Tr_Acc: 0.49320000410079956, Tr_CE: 6.686229705810547, Va_Acc: 0.5005000233650208, Va_CE: 6.510473251342773
Epoch: 51, AccTr: 0.31369999051094055, AccVa: 0.31200000643730164, CeTr: 16.118106842041016, CeVa: 15.953154563903809
Epoch: 52, AccTr: 0.3422999978065491, AccVa: 0.3564999997615814, CeTr: 12.552006721496582, CeVa: 12.031420707702637
Epoch: 53, AccTr: 0.3808000087738037, AccVa: 0.40799999237060547, CeTr: 15.014694213867188, CeVa: 14.162640571594238
Epoch: 54, AccTr: 0.396699994802475, AccVa: 0.4090000092983246, CeTr: 13.306581497192383, CeVa: 12.448898315429688
Epoch: 55, AccTr: 0.3833000063896179, AccVa: 0.39500001072883606, CeTr: 14.55730152130127, CeVa: 14.264938354492188
ENSEMBLE | Tr_Acc: 0.47999998927116394, Tr_CE: 7.328971862792969, Va_Acc: 0.49300000071525574, Va_CE: 7.095821380615234
Epoch: 56, AccTr: 0.4584999978542328, AccVa: 0.4519999921321869, CeTr: 9.707551956176758, CeVa: 9.588452339172363
Epoch: 57, AccTr: 0.43959999084472656, AccVa: 0.45350000262260437, CeTr: 10.349812507629395, CeVa: 10.3941068649292
Epoch: 58, AccTr: 0.47189998626708984, AccVa: 0.45899999141693115, CeTr: 9.917844772338867, CeVa: 10.229525566101074
Epoch: 59, AccTr: 0.4936999976634979, AccVa: 0.4884999990463257, CeTr: 8.349974632263184, CeVa: 8.30724048614502
Epoch: 60, AccTr: 0.6186000108718872, AccVa: 0.625, CeTr: 4.484245300292969, CeVa: 4.344448089599609
ENSEMBLE | Tr_Acc: 0.5231000185012817, Tr_CE: 6.106200218200684, Va_Acc: 0.527999997138977, Va_CE: 5.879533767700195
Epoch: 61, AccTr: 0.5031999945640564, AccVa: 0.5254999995231628, CeTr: 7.213518142700195, CeVa: 7.1102294921875
Epoch: 62, AccTr: 0.4074000120162964, AccVa: 0.42100000381469727, CeTr: 8.556970596313477, CeVa: 8.309290885925293
Epoch: 63, AccTr: 0.3783000111579895, AccVa: 0.38199999928474426, CeTr: 11.227338790893555, CeVa: 11.172890663146973
Epoch: 64, AccTr: 0.4381999969482422, AccVa: 0.445499986410141, CeTr: 9.462944984436035, CeVa: 9.317018508911133
Epoch: 65, AccTr: 0.39649999141693115, AccVa: 0.4124999940395355, CeTr: 12.842238426208496, CeVa: 12.693292617797852
ENSEMBLE | Tr_Acc: 0.5383999943733215, Tr_CE: 5.790197849273682, Va_Acc: 0.5435000061988831, Va_CE: 5.63972282409668
Epoch: 66, AccTr: 0.4779999852180481, AccVa: 0.4830000102519989, CeTr: 8.944645881652832, CeVa: 8.921355247497559
Epoch: 67, AccTr: 0.41620001196861267, AccVa: 0.41600000858306885, CeTr: 10.685455322265625, CeVa: 10.8851318359375
Epoch: 68, AccTr: 0.49459999799728394, AccVa: 0.49300000071525574, CeTr: 11.408851623535156, CeVa: 11.398354530334473
Epoch: 69, AccTr: 0.3682999908924103, AccVa: 0.3700000047683716, CeTr: 12.465752601623535, CeVa: 12.38129711151123
Epoch: 70, AccTr: 0.39959999918937683, AccVa: 0.41100001335144043, CeTr: 12.194498062133789, CeVa: 11.838546752929688
ENSEMBLE | Tr_Acc: 0.5360000133514404, Tr_CE: 5.887252330780029, Va_Acc: 0.5419999957084656, Va_CE: 5.747738838195801
Epoch: 71, AccTr: 0.4016999900341034, AccVa: 0.4194999933242798, CeTr: 11.45810317993164, CeVa: 11.502684593200684
Epoch: 72, AccTr: 0.42969998717308044, AccVa: 0.429500013589859, CeTr: 8.201010704040527, CeVa: 8.269073486328125
Epoch: 73, AccTr: 0.5196999907493591, AccVa: 0.5145000219345093, CeTr: 9.393117904663086, CeVa: 9.439105987548828
Epoch: 74, AccTr: 0.51910001039505, AccVa: 0.5164999961853027, CeTr: 8.547823905944824, CeVa: 8.60633373260498
Epoch: 75, AccTr: 0.439300000667572, AccVa: 0.43700000643730164, CeTr: 9.784707069396973, CeVa: 9.649815559387207
ENSEMBLE | Tr_Acc: 0.5582000017166138, Tr_CE: 5.676577568054199, Va_Acc: 0.5609999895095825, Va_CE: 5.564268112182617
Epoch: 76, AccTr: 0.39590001106262207, AccVa: 0.39250001311302185, CeTr: 10.404956817626953, CeVa: 10.102093696594238
Epoch: 77, AccTr: 0.36809998750686646, AccVa: 0.37599998712539673, CeTr: 13.873562812805176, CeVa: 13.558382987976074
Epoch: 78, AccTr: 0.43709999322891235, AccVa: 0.4309999942779541, CeTr: 9.819517135620117, CeVa: 9.951497077941895
Epoch: 79, AccTr: 0.5105999708175659, AccVa: 0.5005000233650208, CeTr: 8.275679588317871, CeVa: 8.491167068481445
Epoch: 80, AccTr: 0.4562999904155731, AccVa: 0.4650000035762787, CeTr: 12.170598030090332, CeVa: 11.89493465423584
ENSEMBLE | Tr_Acc: 0.5612999796867371, Tr_CE: 5.869787216186523, Va_Acc: 0.5644999742507935, Va_CE: 5.754266262054443
Epoch: 81, AccTr: 0.3427000045776367, AccVa: 0.36149999499320984, CeTr: 16.767711639404297, CeVa: 16.254072189331055
Epoch: 82, AccTr: 0.36329999566078186, AccVa: 0.38850000500679016, CeTr: 13.688750267028809, CeVa: 13.403616905212402
Epoch: 83, AccTr: 0.3894999921321869, AccVa: 0.4000000059604645, CeTr: 11.672431945800781, CeVa: 11.080934524536133
Epoch: 84, AccTr: 0.364300012588501, AccVa: 0.3610000014305115, CeTr: 14.617033958435059, CeVa: 14.42825698852539
Epoch: 85, AccTr: 0.32330000400543213, AccVa: 0.3375000059604645, CeTr: 15.86404037475586, CeVa: 15.39531421661377
ENSEMBLE | Tr_Acc: 0.5458999872207642, Tr_CE: 6.1853766441345215, Va_Acc: 0.5529999732971191, Va_CE: 6.025501728057861
Epoch: 86, AccTr: 0.2184000015258789, AccVa: 0.22200000286102295, CeTr: 23.64537811279297, CeVa: 22.96335792541504
Epoch: 87, AccTr: 0.4090999960899353, AccVa: 0.38449999690055847, CeTr: 13.523003578186035, CeVa: 13.741453170776367
Epoch: 88, AccTr: 0.42419999837875366, AccVa: 0.43650001287460327, CeTr: 13.01368522644043, CeVa: 12.829761505126953
Epoch: 89, AccTr: 0.41819998621940613, AccVa: 0.41999998688697815, CeTr: 10.601532936096191, CeVa: 10.420668601989746
Epoch: 90, AccTr: 0.38179999589920044, AccVa: 0.4025000035762787, CeTr: 12.307144165039062, CeVa: 12.037429809570312
ENSEMBLE | Tr_Acc: 0.5388000011444092, Tr_CE: 6.290251731872559, Va_Acc: 0.5494999885559082, Va_CE: 6.090066909790039
Epoch: 91, AccTr: 0.31949999928474426, AccVa: 0.32749998569488525, CeTr: 14.556816101074219, CeVa: 14.110776901245117
Epoch: 92, AccTr: 0.30799999833106995, AccVa: 0.3174999952316284, CeTr: 15.37439250946045, CeVa: 15.031068801879883
Epoch: 93, AccTr: 0.46459999680519104, AccVa: 0.4675000011920929, CeTr: 9.38370418548584, CeVa: 9.23802661895752
Epoch: 94, AccTr: 0.5073999762535095, AccVa: 0.4945000112056732, CeTr: 7.897868633270264, CeVa: 8.110612869262695
Epoch: 95, AccTr: 0.46389999985694885, AccVa: 0.4715000092983246, CeTr: 9.032632827758789, CeVa: 9.319778442382812
ENSEMBLE | Tr_Acc: 0.5558000206947327, Tr_CE: 6.009394645690918, Va_Acc: 0.5554999709129333, Va_CE: 5.865459442138672
Epoch: 96, AccTr: 0.4968999922275543, AccVa: 0.49399998784065247, CeTr: 11.574662208557129, CeVa: 11.824213981628418
Epoch: 97, AccTr: 0.5087000131607056, AccVa: 0.4970000088214874, CeTr: 8.502285957336426, CeVa: 8.315847396850586
Epoch: 98, AccTr: 0.5116999745368958, AccVa: 0.5205000042915344, CeTr: 9.643838882446289, CeVa: 9.687554359436035
Epoch: 99, AccTr: 0.527899980545044, AccVa: 0.5245000123977661, CeTr: 9.573257446289062, CeVa: 9.399497985839844
Epoch: 100, AccTr: 0.4586000144481659, AccVa: 0.45500001311302185, CeTr: 9.208333015441895, CeVa: 9.356929779052734
ENSEMBLE | Tr_Acc: 0.5835999846458435, Tr_CE: 5.689741134643555, Va_Acc: 0.5860000252723694, Va_CE: 5.562898635864258
Epoch: 101, AccTr: 0.49810001254081726, AccVa: 0.47699999809265137, CeTr: 8.532742500305176, CeVa: 8.724651336669922
Epoch: 102, AccTr: 0.3328999876976013, AccVa: 0.3490000069141388, CeTr: 12.062832832336426, CeVa: 11.697586059570312
Epoch: 103, AccTr: 0.41290000081062317, AccVa: 0.42250001430511475, CeTr: 12.310295104980469, CeVa: 12.057300567626953
Epoch: 104, AccTr: 0.5101000070571899, AccVa: 0.5095000267028809, CeTr: 9.230828285217285, CeVa: 8.92312240600586
Epoch: 105, AccTr: 0.46540001034736633, AccVa: 0.4790000021457672, CeTr: 8.821952819824219, CeVa: 8.594276428222656
ENSEMBLE | Tr_Acc: 0.6050999760627747, Tr_CE: 5.318399429321289, Va_Acc: 0.6004999876022339, Va_CE: 5.237315654754639
Epoch: 106, AccTr: 0.4797999858856201, AccVa: 0.4964999854564667, CeTr: 10.351552963256836, CeVa: 9.770315170288086
Epoch: 107, AccTr: 0.3921000063419342, AccVa: 0.4050000011920929, CeTr: 12.006237030029297, CeVa: 11.695108413696289
Epoch: 108, AccTr: 0.39559999108314514, AccVa: 0.39649999141693115, CeTr: 12.196480751037598, CeVa: 12.3507661819458
Epoch: 109, AccTr: 0.42820000648498535, AccVa: 0.42149999737739563, CeTr: 9.879398345947266, CeVa: 9.70071792602539
Epoch: 110, AccTr: 0.5067999958992004, AccVa: 0.5174999833106995, CeTr: 9.272583961486816, CeVa: 9.074674606323242
ENSEMBLE | Tr_Acc: 0.6201000213623047, Tr_CE: 5.2160139083862305, Va_Acc: 0.6184999942779541, Va_CE: 5.147270679473877
Epoch: 111, AccTr: 0.5077999830245972, AccVa: 0.5019999742507935, CeTr: 10.663369178771973, CeVa: 10.666497230529785
Epoch: 112, AccTr: 0.5288000106811523, AccVa: 0.5164999961853027, CeTr: 6.971426010131836, CeVa: 6.747913360595703
Epoch: 113, AccTr: 0.5194000005722046, AccVa: 0.5180000066757202, CeTr: 7.932913303375244, CeVa: 7.600253105163574
Epoch: 114, AccTr: 0.5192999839782715, AccVa: 0.5134999752044678, CeTr: 8.010354995727539, CeVa: 7.709815979003906
Epoch: 115, AccTr: 0.44760000705718994, AccVa: 0.4544999897480011, CeTr: 10.022851943969727, CeVa: 9.751555442810059
ENSEMBLE | Tr_Acc: 0.6248000264167786, Tr_CE: 5.126274108886719, Va_Acc: 0.6269999742507935, Va_CE: 5.074253559112549
Epoch: 116, AccTr: 0.39629998803138733, AccVa: 0.4090000092983246, CeTr: 11.073891639709473, CeVa: 10.6082181930542
Epoch: 117, AccTr: 0.421999990940094, AccVa: 0.4165000021457672, CeTr: 10.54372501373291, CeVa: 10.285347938537598
Epoch: 118, AccTr: 0.4832000136375427, AccVa: 0.48350000381469727, CeTr: 9.295912742614746, CeVa: 8.998717308044434
Epoch: 119, AccTr: 0.4180000126361847, AccVa: 0.42399999499320984, CeTr: 12.684267044067383, CeVa: 12.264043807983398
Epoch: 120, AccTr: 0.4189999997615814, AccVa: 0.4269999861717224, CeTr: 10.991765022277832, CeVa: 10.704568862915039
ENSEMBLE | Tr_Acc: 0.6377000212669373, Tr_CE: 4.995753288269043, Va_Acc: 0.6324999928474426, Va_CE: 4.948721885681152
Epoch: 121, AccTr: 0.4115999937057495, AccVa: 0.4059999883174896, CeTr: 12.231650352478027, CeVa: 11.95637321472168
Epoch: 122, AccTr: 0.3549000024795532, AccVa: 0.34200000762939453, CeTr: 15.22063159942627, CeVa: 15.098296165466309
Epoch: 123, AccTr: 0.3172999918460846, AccVa: 0.3059999942779541, CeTr: 14.223092079162598, CeVa: 14.407218933105469
Epoch: 124, AccTr: 0.34139999747276306, AccVa: 0.3310000002384186, CeTr: 13.85599422454834, CeVa: 13.881128311157227
Epoch: 125, AccTr: 0.3921999931335449, AccVa: 0.382999986410141, CeTr: 11.144949913024902, CeVa: 11.522539138793945
ENSEMBLE | Tr_Acc: 0.6459000110626221, Tr_CE: 4.8255205154418945, Va_Acc: 0.640999972820282, Va_CE: 4.8053436279296875
Epoch: 126, AccTr: 0.399399995803833, AccVa: 0.3785000145435333, CeTr: 12.481844902038574, CeVa: 13.049487113952637
Epoch: 127, AccTr: 0.39309999346733093, AccVa: 0.39800000190734863, CeTr: 12.678818702697754, CeVa: 12.437932014465332
Epoch: 128, AccTr: 0.3677000105381012, AccVa: 0.3569999933242798, CeTr: 15.004659652709961, CeVa: 14.979758262634277
Epoch: 129, AccTr: 0.4366999864578247, AccVa: 0.43299999833106995, CeTr: 10.509132385253906, CeVa: 10.552762985229492
Epoch: 130, AccTr: 0.39629998803138733, AccVa: 0.4020000100135803, CeTr: 12.770917892456055, CeVa: 12.600951194763184
ENSEMBLE | Tr_Acc: 0.649399995803833, Tr_CE: 4.777707576751709, Va_Acc: 0.6504999995231628, Va_CE: 4.759764671325684
Epoch: 131, AccTr: 0.23119999468326569, AccVa: 0.21899999678134918, CeTr: 13.649925231933594, CeVa: 14.092761993408203
Epoch: 132, AccTr: 0.35690000653266907, AccVa: 0.35600000619888306, CeTr: 13.072829246520996, CeVa: 13.076882362365723
Epoch: 133, AccTr: 0.33059999346733093, AccVa: 0.3230000138282776, CeTr: 14.863603591918945, CeVa: 14.814737319946289
Epoch: 134, AccTr: 0.40230000019073486, AccVa: 0.4050000011920929, CeTr: 10.640756607055664, CeVa: 10.471555709838867
Epoch: 135, AccTr: 0.4717999994754791, AccVa: 0.4625000059604645, CeTr: 7.919832706451416, CeVa: 7.898402690887451
ENSEMBLE | Tr_Acc: 0.656000018119812, Tr_CE: 4.622365474700928, Va_Acc: 0.6554999947547913, Va_CE: 4.607662677764893
Epoch: 136, AccTr: 0.5259000062942505, AccVa: 0.5019999742507935, CeTr: 7.792893886566162, CeVa: 7.770861625671387
Epoch: 137, AccTr: 0.5365999937057495, AccVa: 0.5239999890327454, CeTr: 7.972316265106201, CeVa: 8.091646194458008
Epoch: 138, AccTr: 0.5407999753952026, AccVa: 0.534500002861023, CeTr: 8.020079612731934, CeVa: 7.872265815734863
Epoch: 139, AccTr: 0.5126000046730042, AccVa: 0.5099999904632568, CeTr: 8.35792064666748, CeVa: 8.525508880615234
Epoch: 140, AccTr: 0.602400004863739, AccVa: 0.5945000052452087, CeTr: 5.255297660827637, CeVa: 5.46974515914917
ENSEMBLE | Tr_Acc: 0.6669999957084656, Tr_CE: 4.4496750831604, Va_Acc: 0.6625000238418579, Va_CE: 4.444363117218018
Epoch: 141, AccTr: 0.46230000257492065, AccVa: 0.46399998664855957, CeTr: 7.293468952178955, CeVa: 7.3266072273254395
Epoch: 142, AccTr: 0.48179998993873596, AccVa: 0.48500001430511475, CeTr: 9.428812026977539, CeVa: 9.319507598876953
Epoch: 143, AccTr: 0.46650001406669617, AccVa: 0.4634999930858612, CeTr: 9.21059799194336, CeVa: 9.123320579528809
Epoch: 144, AccTr: 0.4228000044822693, AccVa: 0.42800000309944153, CeTr: 8.303147315979004, CeVa: 8.195932388305664
Epoch: 145, AccTr: 0.5350000262260437, AccVa: 0.5320000052452087, CeTr: 7.092284202575684, CeVa: 7.028388500213623
ENSEMBLE | Tr_Acc: 0.6714000105857849, Tr_CE: 4.353074073791504, Va_Acc: 0.6664999723434448, Va_CE: 4.345552921295166
Epoch: 146, AccTr: 0.4968999922275543, AccVa: 0.4869999885559082, CeTr: 7.9934210777282715, CeVa: 8.009235382080078
Epoch: 147, AccTr: 0.428600013256073, AccVa: 0.42800000309944153, CeTr: 9.829573631286621, CeVa: 9.598090171813965
Epoch: 148, AccTr: 0.3790999948978424, AccVa: 0.37400001287460327, CeTr: 8.21345043182373, CeVa: 7.984795570373535
Epoch: 149, AccTr: 0.42910000681877136, AccVa: 0.4165000021457672, CeTr: 8.659977912902832, CeVa: 8.747896194458008
Epoch: 150, AccTr: 0.5498999953269958, AccVa: 0.5385000109672546, CeTr: 6.451858997344971, CeVa: 6.311583995819092
ENSEMBLE | Tr_Acc: 0.6744999885559082, Tr_CE: 4.278941631317139, Va_Acc: 0.6725000143051147, Va_CE: 4.270469665527344
NN CONFIG
Weight-type:		binary
Layout									Layer #1: 280	Layer #2: 250	
Activation Functions					Layer #1: bs	Layer #2: bs	
Keep probabilities		Layer #0: 0.8500000000000001	Layer #1: 0.8500000000000001	Layer #2: 0.8500000000000001	
Flat factors							Layer #1: 1.0	Layer #2: 1.0	Layer #3: 1.0	
Activation Noise						Layer #1: 0.0	Layer #2: 0.0	Layer #3: 0.0	

===================================

RUN CONFIG
Epochs: 150, Blocksize: 8

===================================

Epoch: 1, AccTr: 0.5109000205993652, AccVa: 0.4945000112056732, CeTr: 10.085687637329102, CeVa: 10.453546524047852
Epoch: 2, AccTr: 0.7232000231742859, AccVa: 0.6974999904632568, CeTr: 3.745770215988159, CeVa: 4.014528751373291
Epoch: 3, AccTr: 0.6895999908447266, AccVa: 0.6834999918937683, CeTr: 3.786836624145508, CeVa: 4.066747188568115
Epoch: 4, AccTr: 0.7038000226020813, AccVa: 0.6884999871253967, CeTr: 4.36371374130249, CeVa: 4.383202075958252
Epoch: 5, AccTr: 0.7353000044822693, AccVa: 0.7455000281333923, CeTr: 3.6003358364105225, CeVa: 3.505582571029663
Epoch: 6, AccTr: 0.6783000230789185, AccVa: 0.6725000143051147, CeTr: 4.313446044921875, CeVa: 4.105797290802002
Epoch: 7, AccTr: 0.6690999865531921, AccVa: 0.671999990940094, CeTr: 4.143330097198486, CeVa: 4.077021598815918
Epoch: 8, AccTr: 0.65829998254776, AccVa: 0.6510000228881836, CeTr: 4.15234375, CeVa: 4.287683010101318
Epoch: 9, AccTr: 0.6704000234603882, AccVa: 0.671999990940094, CeTr: 4.087923049926758, CeVa: 4.310309410095215
Epoch: 10, AccTr: 0.6054999828338623, AccVa: 0.6035000085830688, CeTr: 5.1877264976501465, CeVa: 5.2814249992370605
Epoch: 11, AccTr: 0.7016000151634216, AccVa: 0.6959999799728394, CeTr: 3.7411320209503174, CeVa: 4.10013484954834
Epoch: 12, AccTr: 0.7146999835968018, AccVa: 0.7095000147819519, CeTr: 3.552339792251587, CeVa: 3.5649783611297607
Epoch: 13, AccTr: 0.6521000266075134, AccVa: 0.6424999833106995, CeTr: 4.574007511138916, CeVa: 4.49992561340332
Epoch: 14, AccTr: 0.7168999910354614, AccVa: 0.7074999809265137, CeTr: 4.08346700668335, CeVa: 4.42374324798584
Epoch: 15, AccTr: 0.6524999737739563, AccVa: 0.6445000171661377, CeTr: 5.019130229949951, CeVa: 5.1995530128479
Epoch: 16, AccTr: 0.6244000196456909, AccVa: 0.6334999799728394, CeTr: 5.165169715881348, CeVa: 4.945823669433594
Epoch: 17, AccTr: 0.5716999769210815, AccVa: 0.5695000290870667, CeTr: 5.189846515655518, CeVa: 5.248249530792236
Epoch: 18, AccTr: 0.5917999744415283, AccVa: 0.5950000286102295, CeTr: 4.9702043533325195, CeVa: 5.120619297027588
Epoch: 19, AccTr: 0.5206999778747559, AccVa: 0.5149999856948853, CeTr: 6.541264057159424, CeVa: 6.854945659637451
Epoch: 20, AccTr: 0.5281999707221985, AccVa: 0.5164999961853027, CeTr: 6.407458782196045, CeVa: 6.673771858215332
Epoch: 21, AccTr: 0.45579999685287476, AccVa: 0.45899999141693115, CeTr: 7.8420562744140625, CeVa: 8.026321411132812
Epoch: 22, AccTr: 0.5216000080108643, AccVa: 0.5130000114440918, CeTr: 6.834695339202881, CeVa: 6.192809581756592
Epoch: 23, AccTr: 0.5077000260353088, AccVa: 0.5235000252723694, CeTr: 6.1628098487854, CeVa: 6.073355197906494
Epoch: 24, AccTr: 0.5302000045776367, AccVa: 0.5360000133514404, CeTr: 6.117222785949707, CeVa: 6.375814914703369
Epoch: 25, AccTr: 0.5644000172615051, AccVa: 0.5565000176429749, CeTr: 6.129138469696045, CeVa: 6.1363844871521
ENSEMBLE | Tr_Acc: 0.5644000172615051, Tr_CE: 6.129138469696045, Va_Acc: 0.5565000176429749, Va_CE: 6.1363844871521
Epoch: 26, AccTr: 0.5076000094413757, AccVa: 0.4934999942779541, CeTr: 8.867807388305664, CeVa: 8.876935958862305
Epoch: 27, AccTr: 0.5907999873161316, AccVa: 0.5814999938011169, CeTr: 6.141648292541504, CeVa: 6.12864351272583
Epoch: 28, AccTr: 0.4912000000476837, AccVa: 0.48350000381469727, CeTr: 6.382016658782959, CeVa: 6.3015360832214355
Epoch: 29, AccTr: 0.46939998865127563, AccVa: 0.44749999046325684, CeTr: 7.865471839904785, CeVa: 7.709927082061768
Epoch: 30, AccTr: 0.5972999930381775, AccVa: 0.5954999923706055, CeTr: 4.727421760559082, CeVa: 4.45221471786499
ENSEMBLE | Tr_Acc: 0.6721000075340271, Tr_CE: 3.509814739227295, Va_Acc: 0.6690000295639038, Va_CE: 3.4377968311309814
Epoch: 31, AccTr: 0.6176999807357788, AccVa: 0.6200000047683716, CeTr: 4.253510475158691, CeVa: 4.124938488006592
Epoch: 32, AccTr: 0.6007999777793884, AccVa: 0.6044999957084656, CeTr: 4.531416416168213, CeVa: 4.276697158813477
Epoch: 33, AccTr: 0.5472999811172485, AccVa: 0.5419999957084656, CeTr: 5.432003021240234, CeVa: 5.418699264526367
Epoch: 34, AccTr: 0.5465999841690063, AccVa: 0.5460000038146973, CeTr: 4.786561965942383, CeVa: 4.819746971130371
Epoch: 35, AccTr: 0.5346999764442444, AccVa: 0.5210000276565552, CeTr: 5.841020584106445, CeVa: 5.99001407623291
ENSEMBLE | Tr_Acc: 0.6732000112533569, Tr_CE: 3.2020163536071777, Va_Acc: 0.6589999794960022, Va_CE: 3.2416398525238037
Epoch: 36, AccTr: 0.525600016117096, AccVa: 0.5189999938011169, CeTr: 5.685393810272217, CeVa: 5.61881160736084
Epoch: 37, AccTr: 0.45080000162124634, AccVa: 0.44699999690055847, CeTr: 7.167205333709717, CeVa: 7.226922988891602
Epoch: 38, AccTr: 0.4068000018596649, AccVa: 0.41100001335144043, CeTr: 9.784028053283691, CeVa: 9.849834442138672
Epoch: 39, AccTr: 0.41940000653266907, AccVa: 0.4205000102519989, CeTr: 9.180566787719727, CeVa: 9.550139427185059
Epoch: 40, AccTr: 0.5246999859809875, AccVa: 0.515999972820282, CeTr: 5.782585620880127, CeVa: 5.673507213592529
ENSEMBLE | Tr_Acc: 0.697700023651123, Tr_CE: 2.7596089839935303, Va_Acc: 0.6875, Va_CE: 2.8095362186431885
Epoch: 41, AccTr: 0.40529999136924744, AccVa: 0.41499999165534973, CeTr: 8.080428123474121, CeVa: 7.6715898513793945
Epoch: 42, AccTr: 0.39750000834465027, AccVa: 0.38999998569488525, CeTr: 9.76807975769043, CeVa: 9.510527610778809
Epoch: 43, AccTr: 0.249099999666214, AccVa: 0.24150000512599945, CeTr: 13.84434700012207, CeVa: 13.420599937438965
Epoch: 44, AccTr: 0.22599999606609344, AccVa: 0.22599999606609344, CeTr: 16.22414779663086, CeVa: 16.498245239257812
Epoch: 45, AccTr: 0.3303000032901764, AccVa: 0.34299999475479126, CeTr: 13.377315521240234, CeVa: 12.888900756835938
ENSEMBLE | Tr_Acc: 0.6412000060081482, Tr_CE: 3.4293417930603027, Va_Acc: 0.6389999985694885, Va_CE: 3.4106128215789795
Epoch: 46, AccTr: 0.3068000078201294, AccVa: 0.3050000071525574, CeTr: 14.36923885345459, CeVa: 14.3588285446167
Epoch: 47, AccTr: 0.38679999113082886, AccVa: 0.3894999921321869, CeTr: 10.798745155334473, CeVa: 10.512028694152832
Epoch: 48, AccTr: 0.30799999833106995, AccVa: 0.3140000104904175, CeTr: 14.676168441772461, CeVa: 14.30405044555664
Epoch: 49, AccTr: 0.4413999915122986, AccVa: 0.42750000953674316, CeTr: 9.340595245361328, CeVa: 9.146963119506836
Epoch: 50, AccTr: 0.43619999289512634, AccVa: 0.4244999885559082, CeTr: 6.915218830108643, CeVa: 6.751706123352051
ENSEMBLE | Tr_Acc: 0.6585999727249146, Tr_CE: 3.0221469402313232, Va_Acc: 0.6524999737739563, Va_CE: 3.0061771869659424
Epoch: 51, AccTr: 0.45399999618530273, AccVa: 0.4634999930858612, CeTr: 8.09484577178955, CeVa: 7.769407272338867
Epoch: 52, AccTr: 0.589900016784668, AccVa: 0.5870000123977661, CeTr: 5.0348029136657715, CeVa: 4.897586822509766
Epoch: 53, AccTr: 0.4156000018119812, AccVa: 0.43799999356269836, CeTr: 7.560739994049072, CeVa: 7.200442314147949
Epoch: 54, AccTr: 0.5672000050544739, AccVa: 0.559499979019165, CeTr: 4.712645530700684, CeVa: 4.7671284675598145
Epoch: 55, AccTr: 0.4966000020503998, AccVa: 0.5024999976158142, CeTr: 7.000448226928711, CeVa: 6.651998043060303
ENSEMBLE | Tr_Acc: 0.6837000250816345, Tr_CE: 2.725489616394043, Va_Acc: 0.6729999780654907, Va_CE: 2.7209177017211914
Epoch: 56, AccTr: 0.31290000677108765, AccVa: 0.3319999873638153, CeTr: 9.321697235107422, CeVa: 8.88818645477295
Epoch: 57, AccTr: 0.4124000072479248, AccVa: 0.44200000166893005, CeTr: 7.200133800506592, CeVa: 6.799737930297852
Epoch: 58, AccTr: 0.46380001306533813, AccVa: 0.4869999885559082, CeTr: 5.763939380645752, CeVa: 5.535984992980957
Epoch: 59, AccTr: 0.4708000123500824, AccVa: 0.4814999997615814, CeTr: 8.546014785766602, CeVa: 8.002218246459961
Epoch: 60, AccTr: 0.4052000045776367, AccVa: 0.42100000381469727, CeTr: 7.808579921722412, CeVa: 7.2329325675964355
ENSEMBLE | Tr_Acc: 0.7087000012397766, Tr_CE: 2.4269206523895264, Va_Acc: 0.699999988079071, Va_CE: 2.382080078125
Epoch: 61, AccTr: 0.4984999895095825, AccVa: 0.5015000104904175, CeTr: 7.718282222747803, CeVa: 7.492652416229248
Epoch: 62, AccTr: 0.5212000012397766, AccVa: 0.534500002861023, CeTr: 5.413172721862793, CeVa: 5.004658222198486
Epoch: 63, AccTr: 0.34049999713897705, AccVa: 0.3540000021457672, CeTr: 7.740574359893799, CeVa: 7.1437788009643555
Epoch: 64, AccTr: 0.4059000015258789, AccVa: 0.4025000035762787, CeTr: 7.152495384216309, CeVa: 7.211694240570068
Epoch: 65, AccTr: 0.49410000443458557, AccVa: 0.5174999833106995, CeTr: 6.787973403930664, CeVa: 6.258795261383057
ENSEMBLE | Tr_Acc: 0.7121000289916992, Tr_CE: 2.3715460300445557, Va_Acc: 0.7139999866485596, Va_CE: 2.277597188949585
Epoch: 66, AccTr: 0.3059999942779541, AccVa: 0.3019999861717224, CeTr: 10.700912475585938, CeVa: 10.397942543029785
Epoch: 67, AccTr: 0.486299991607666, AccVa: 0.4934999942779541, CeTr: 6.183078765869141, CeVa: 5.750270366668701
Epoch: 68, AccTr: 0.5259000062942505, AccVa: 0.531499981880188, CeTr: 6.492099761962891, CeVa: 6.232998371124268
Epoch: 69, AccTr: 0.557200014591217, AccVa: 0.5544999837875366, CeTr: 6.311034202575684, CeVa: 6.04700231552124
Epoch: 70, AccTr: 0.5429999828338623, AccVa: 0.5444999933242798, CeTr: 5.659351348876953, CeVa: 5.4627461433410645
ENSEMBLE | Tr_Acc: 0.7239999771118164, Tr_CE: 2.2801871299743652, Va_Acc: 0.7195000052452087, Va_CE: 2.1925442218780518
Epoch: 71, AccTr: 0.5145000219345093, AccVa: 0.5354999899864197, CeTr: 4.57553768157959, CeVa: 4.422242641448975
Epoch: 72, AccTr: 0.4586000144481659, AccVa: 0.4724999964237213, CeTr: 7.182587623596191, CeVa: 6.830282211303711
Epoch: 73, AccTr: 0.45260000228881836, AccVa: 0.4480000138282776, CeTr: 7.2686333656311035, CeVa: 7.1640706062316895
Epoch: 74, AccTr: 0.37549999356269836, AccVa: 0.3815000057220459, CeTr: 9.967780113220215, CeVa: 9.432482719421387
Epoch: 75, AccTr: 0.34299999475479126, AccVa: 0.34450000524520874, CeTr: 10.389846801757812, CeVa: 9.970664024353027
ENSEMBLE | Tr_Acc: 0.7128999829292297, Tr_CE: 2.251896858215332, Va_Acc: 0.7095000147819519, Va_CE: 2.158750057220459
Epoch: 76, AccTr: 0.4666000008583069, AccVa: 0.4675000011920929, CeTr: 6.896302223205566, CeVa: 6.746552467346191
Epoch: 77, AccTr: 0.4462999999523163, AccVa: 0.44200000166893005, CeTr: 6.9971537590026855, CeVa: 6.946644306182861
Epoch: 78, AccTr: 0.5077999830245972, AccVa: 0.5145000219345093, CeTr: 5.749156951904297, CeVa: 5.680196285247803
Epoch: 79, AccTr: 0.4223000109195709, AccVa: 0.4165000021457672, CeTr: 7.164881229400635, CeVa: 7.131263732910156
Epoch: 80, AccTr: 0.429500013589859, AccVa: 0.41749998927116394, CeTr: 7.661937713623047, CeVa: 7.315990924835205
ENSEMBLE | Tr_Acc: 0.7121999859809875, Tr_CE: 2.261871814727783, Va_Acc: 0.7089999914169312, Va_CE: 2.138730525970459
Epoch: 81, AccTr: 0.375900000333786, AccVa: 0.4104999899864197, CeTr: 9.907492637634277, CeVa: 9.206494331359863
Epoch: 82, AccTr: 0.3614000082015991, AccVa: 0.39250001311302185, CeTr: 10.634775161743164, CeVa: 9.730945587158203
Epoch: 83, AccTr: 0.4706999957561493, AccVa: 0.47699999809265137, CeTr: 7.215945243835449, CeVa: 6.717992305755615
Epoch: 84, AccTr: 0.5020999908447266, AccVa: 0.5285000205039978, CeTr: 6.112128734588623, CeVa: 6.171063423156738
Epoch: 85, AccTr: 0.5273000001907349, AccVa: 0.5354999899864197, CeTr: 6.784383773803711, CeVa: 6.772589683532715
ENSEMBLE | Tr_Acc: 0.7166000008583069, Tr_CE: 2.1897168159484863, Va_Acc: 0.7105000019073486, Va_CE: 2.0591225624084473
Epoch: 86, AccTr: 0.5690000057220459, AccVa: 0.5845000147819519, CeTr: 4.74932336807251, CeVa: 4.567263126373291
Epoch: 87, AccTr: 0.5687000155448914, AccVa: 0.5690000057220459, CeTr: 5.446203708648682, CeVa: 5.3715362548828125
Epoch: 88, AccTr: 0.5455999970436096, AccVa: 0.5389999747276306, CeTr: 6.301565647125244, CeVa: 6.261528015136719
Epoch: 89, AccTr: 0.5568000078201294, AccVa: 0.5544999837875366, CeTr: 5.6693501472473145, CeVa: 5.548464298248291
Epoch: 90, AccTr: 0.61080002784729, AccVa: 0.6050000190734863, CeTr: 4.387582302093506, CeVa: 4.368409633636475
ENSEMBLE | Tr_Acc: 0.7289000153541565, Tr_CE: 2.0677225589752197, Va_Acc: 0.7235000133514404, Va_CE: 1.947227954864502
Epoch: 91, AccTr: 0.5249999761581421, AccVa: 0.531000018119812, CeTr: 5.329763412475586, CeVa: 5.362125873565674
Epoch: 92, AccTr: 0.5496000051498413, AccVa: 0.5600000023841858, CeTr: 6.080007553100586, CeVa: 5.8694353103637695
Epoch: 93, AccTr: 0.36800000071525574, AccVa: 0.3840000033378601, CeTr: 6.749156475067139, CeVa: 6.656869888305664
Epoch: 94, AccTr: 0.40130001306533813, AccVa: 0.40299999713897705, CeTr: 7.761615753173828, CeVa: 7.50726842880249
Epoch: 95, AccTr: 0.541100025177002, AccVa: 0.534500002861023, CeTr: 4.967061519622803, CeVa: 5.007368564605713
ENSEMBLE | Tr_Acc: 0.7368000149726868, Tr_CE: 1.951806664466858, Va_Acc: 0.7279999852180481, Va_CE: 1.845400094985962
Epoch: 96, AccTr: 0.5587999820709229, AccVa: 0.5454999804496765, CeTr: 3.7562718391418457, CeVa: 3.671632766723633
Epoch: 97, AccTr: 0.5346999764442444, AccVa: 0.5329999923706055, CeTr: 5.2278618812561035, CeVa: 5.147044658660889
Epoch: 98, AccTr: 0.5062999725341797, AccVa: 0.4964999854564667, CeTr: 7.519040584564209, CeVa: 7.4268798828125
Epoch: 99, AccTr: 0.5856999754905701, AccVa: 0.5849999785423279, CeTr: 6.610679626464844, CeVa: 6.0583882331848145
Epoch: 100, AccTr: 0.5529000163078308, AccVa: 0.5435000061988831, CeTr: 5.53655481338501, CeVa: 5.410861968994141
ENSEMBLE | Tr_Acc: 0.7451000213623047, Tr_CE: 1.9093056917190552, Va_Acc: 0.7354999780654907, Va_CE: 1.8033654689788818
Epoch: 101, AccTr: 0.4000000059604645, AccVa: 0.4115000069141388, CeTr: 8.178832054138184, CeVa: 7.829917907714844
Epoch: 102, AccTr: 0.3246000111103058, AccVa: 0.3400000035762787, CeTr: 10.418716430664062, CeVa: 9.762084007263184
Epoch: 103, AccTr: 0.3889000117778778, AccVa: 0.382999986410141, CeTr: 10.990682601928711, CeVa: 10.711747169494629
Epoch: 104, AccTr: 0.38850000500679016, AccVa: 0.390500009059906, CeTr: 9.440567016601562, CeVa: 9.155609130859375
Epoch: 105, AccTr: 0.40400001406669617, AccVa: 0.42399999499320984, CeTr: 10.280055046081543, CeVa: 9.840524673461914
ENSEMBLE | Tr_Acc: 0.738099992275238, Tr_CE: 1.9791526794433594, Va_Acc: 0.7254999876022339, Va_CE: 1.8723721504211426
Epoch: 106, AccTr: 0.49160000681877136, AccVa: 0.5304999947547913, CeTr: 7.563896179199219, CeVa: 6.794921875
Epoch: 107, AccTr: 0.3984000086784363, AccVa: 0.414000004529953, CeTr: 11.31464672088623, CeVa: 10.347339630126953
Epoch: 108, AccTr: 0.36010000109672546, AccVa: 0.3865000009536743, CeTr: 11.838125228881836, CeVa: 10.972833633422852
Epoch: 109, AccTr: 0.4372999966144562, AccVa: 0.45500001311302185, CeTr: 8.59056282043457, CeVa: 7.7360429763793945
Epoch: 110, AccTr: 0.3815000057220459, AccVa: 0.3799999952316284, CeTr: 10.3862943649292, CeVa: 9.90544319152832
ENSEMBLE | Tr_Acc: 0.7336000204086304, Tr_CE: 2.023921012878418, Va_Acc: 0.7304999828338623, Va_CE: 1.9032201766967773
Epoch: 111, AccTr: 0.36640000343322754, AccVa: 0.36550000309944153, CeTr: 10.14452838897705, CeVa: 9.508319854736328
Epoch: 112, AccTr: 0.45739999413490295, AccVa: 0.4754999876022339, CeTr: 6.209911346435547, CeVa: 6.014059543609619
Epoch: 113, AccTr: 0.5924000144004822, AccVa: 0.593999981880188, CeTr: 4.514766693115234, CeVa: 4.343014717102051
Epoch: 114, AccTr: 0.5378000140190125, AccVa: 0.5475000143051147, CeTr: 6.655101776123047, CeVa: 6.398104667663574
Epoch: 115, AccTr: 0.5845000147819519, AccVa: 0.590499997138977, CeTr: 5.068753242492676, CeVa: 4.900542736053467
ENSEMBLE | Tr_Acc: 0.7384999990463257, Tr_CE: 2.0057830810546875, Va_Acc: 0.734000027179718, Va_CE: 1.8900160789489746
Epoch: 116, AccTr: 0.4668000042438507, AccVa: 0.47099998593330383, CeTr: 8.006662368774414, CeVa: 8.061409950256348
Epoch: 117, AccTr: 0.4700999855995178, AccVa: 0.4724999964237213, CeTr: 6.820224761962891, CeVa: 6.914788246154785
Epoch: 118, AccTr: 0.5408999919891357, AccVa: 0.5475000143051147, CeTr: 5.409875392913818, CeVa: 5.253809452056885
Epoch: 119, AccTr: 0.3885999917984009, AccVa: 0.38199999928474426, CeTr: 8.819220542907715, CeVa: 8.646163940429688
Epoch: 120, AccTr: 0.46790000796318054, AccVa: 0.48350000381469727, CeTr: 6.008817195892334, CeVa: 5.709056854248047
ENSEMBLE | Tr_Acc: 0.7466999888420105, Tr_CE: 1.9166375398635864, Va_Acc: 0.737500011920929, Va_CE: 1.795879602432251
Epoch: 121, AccTr: 0.38519999384880066, AccVa: 0.3799999952316284, CeTr: 10.802913665771484, CeVa: 10.33389949798584
Epoch: 122, AccTr: 0.5206999778747559, AccVa: 0.5120000243186951, CeTr: 5.1519060134887695, CeVa: 5.044881820678711
Epoch: 123, AccTr: 0.43860000371932983, AccVa: 0.45399999618530273, CeTr: 6.815335750579834, CeVa: 6.473011016845703
Epoch: 124, AccTr: 0.546999990940094, AccVa: 0.5544999837875366, CeTr: 4.815262317657471, CeVa: 4.5509724617004395
Epoch: 125, AccTr: 0.5139999985694885, AccVa: 0.4970000088214874, CeTr: 5.469545364379883, CeVa: 5.415266036987305
ENSEMBLE | Tr_Acc: 0.7494999766349792, Tr_CE: 1.8886003494262695, Va_Acc: 0.7384999990463257, Va_CE: 1.7753571271896362
Epoch: 126, AccTr: 0.5144000053405762, AccVa: 0.5174999833106995, CeTr: 6.546864986419678, CeVa: 6.294031620025635
Epoch: 127, AccTr: 0.5429999828338623, AccVa: 0.5354999899864197, CeTr: 4.357289791107178, CeVa: 4.314123153686523
Epoch: 128, AccTr: 0.5827999711036682, AccVa: 0.5724999904632568, CeTr: 4.132735252380371, CeVa: 4.14167594909668
Epoch: 129, AccTr: 0.5239999890327454, AccVa: 0.5115000009536743, CeTr: 6.445774555206299, CeVa: 6.296072959899902
Epoch: 130, AccTr: 0.45879998803138733, AccVa: 0.4729999899864197, CeTr: 6.9929375648498535, CeVa: 6.704804420471191
ENSEMBLE | Tr_Acc: 0.7486000061035156, Tr_CE: 1.8773773908615112, Va_Acc: 0.7350000143051147, Va_CE: 1.7656054496765137
Epoch: 131, AccTr: 0.40470001101493835, AccVa: 0.4325000047683716, CeTr: 7.017444610595703, CeVa: 6.659646034240723
Epoch: 132, AccTr: 0.52920001745224, AccVa: 0.5270000100135803, CeTr: 6.37618350982666, CeVa: 6.257043361663818
Epoch: 133, AccTr: 0.6195999979972839, AccVa: 0.6384999752044678, CeTr: 3.4916563034057617, CeVa: 3.252047300338745
Epoch: 134, AccTr: 0.4447000026702881, AccVa: 0.4390000104904175, CeTr: 7.310398578643799, CeVa: 7.380371570587158
Epoch: 135, AccTr: 0.5024999976158142, AccVa: 0.4959999918937683, CeTr: 6.399785041809082, CeVa: 6.50191593170166
ENSEMBLE | Tr_Acc: 0.7545999884605408, Tr_CE: 1.8177789449691772, Va_Acc: 0.7440000176429749, Va_CE: 1.713509202003479
Epoch: 136, AccTr: 0.5361999869346619, AccVa: 0.5214999914169312, CeTr: 6.214677810668945, CeVa: 6.169964790344238
Epoch: 137, AccTr: 0.4327000081539154, AccVa: 0.4309999942779541, CeTr: 8.410025596618652, CeVa: 8.577335357666016
Epoch: 138, AccTr: 0.5428000092506409, AccVa: 0.531499981880188, CeTr: 5.8509955406188965, CeVa: 5.887037754058838
Epoch: 139, AccTr: 0.52920001745224, AccVa: 0.5389999747276306, CeTr: 6.065461158752441, CeVa: 5.955724239349365
Epoch: 140, AccTr: 0.4253000020980835, AccVa: 0.4415000081062317, CeTr: 7.067656993865967, CeVa: 6.588497161865234
ENSEMBLE | Tr_Acc: 0.753000020980835, Tr_CE: 1.805456280708313, Va_Acc: 0.7440000176429749, Va_CE: 1.696485996246338
Epoch: 141, AccTr: 0.5202999711036682, AccVa: 0.5425000190734863, CeTr: 7.044592380523682, CeVa: 6.738631725311279
Epoch: 142, AccTr: 0.49140000343322754, AccVa: 0.5044999718666077, CeTr: 7.110464096069336, CeVa: 6.663960933685303
Epoch: 143, AccTr: 0.5156000256538391, AccVa: 0.5295000076293945, CeTr: 6.921379089355469, CeVa: 6.26315975189209
Epoch: 144, AccTr: 0.48570001125335693, AccVa: 0.48899999260902405, CeTr: 6.209830284118652, CeVa: 6.130361557006836
Epoch: 145, AccTr: 0.4706999957561493, AccVa: 0.4855000078678131, CeTr: 7.9117279052734375, CeVa: 7.66160249710083
ENSEMBLE | Tr_Acc: 0.753000020980835, Tr_CE: 1.8221906423568726, Va_Acc: 0.7419999837875366, Va_CE: 1.717849850654602
Epoch: 146, AccTr: 0.3402000069618225, AccVa: 0.3580000102519989, CeTr: 10.875996589660645, CeVa: 10.167091369628906
Epoch: 147, AccTr: 0.4821999967098236, AccVa: 0.4869999885559082, CeTr: 6.401891708374023, CeVa: 6.154623031616211
Epoch: 148, AccTr: 0.503600001335144, AccVa: 0.5199999809265137, CeTr: 5.844858646392822, CeVa: 5.608573913574219
Epoch: 149, AccTr: 0.3621000051498413, AccVa: 0.3714999854564667, CeTr: 9.739418983459473, CeVa: 9.319415092468262
Epoch: 150, AccTr: 0.4717000126838684, AccVa: 0.4860000014305115, CeTr: 7.259628772735596, CeVa: 6.984663486480713
ENSEMBLE | Tr_Acc: 0.7491999864578247, Tr_CE: 1.8819968700408936, Va_Acc: 0.7390000224113464, Va_CE: 1.7743420600891113
NN CONFIG
Weight-type:		binary
Layout									Layer #1: 280	Layer #2: 250	
Activation Functions					Layer #1: bs	Layer #2: bs	
Keep probabilities		Layer #0: 0.8500000000000001	Layer #1: 0.8500000000000001	Layer #2: 0.8500000000000001	
Flat factors							Layer #1: 1.0	Layer #2: 1.0	Layer #3: 1.0	
Activation Noise						Layer #1: 0.0	Layer #2: 0.0	Layer #3: 0.0	

===================================

RUN CONFIG
Epochs: 150, Blocksize: 8

===================================

Epoch: 1, AccTr: 0.3402999937534332, AccVa: 0.3504999876022339, CeTr: 21.488954544067383, CeVa: 20.340866088867188
Epoch: 2, AccTr: 0.33230000734329224, AccVa: 0.34049999713897705, CeTr: 20.82286834716797, CeVa: 20.38326644897461
Epoch: 3, AccTr: 0.3582000136375427, AccVa: 0.3695000112056732, CeTr: 18.609237670898438, CeVa: 18.01475715637207
Epoch: 4, AccTr: 0.3788999915122986, AccVa: 0.3799999952316284, CeTr: 16.871002197265625, CeVa: 16.751874923706055
Epoch: 5, AccTr: 0.49720001220703125, AccVa: 0.49549999833106995, CeTr: 10.579824447631836, CeVa: 10.400652885437012
Epoch: 6, AccTr: 0.4496999979019165, AccVa: 0.453000009059906, CeTr: 11.350198745727539, CeVa: 10.961186408996582
Epoch: 7, AccTr: 0.3952000141143799, AccVa: 0.40049999952316284, CeTr: 12.426612854003906, CeVa: 11.706847190856934
Epoch: 8, AccTr: 0.571399986743927, AccVa: 0.5690000057220459, CeTr: 8.250476837158203, CeVa: 7.958559513092041
Epoch: 9, AccTr: 0.5659999847412109, AccVa: 0.5609999895095825, CeTr: 7.327279567718506, CeVa: 7.123079299926758
Epoch: 10, AccTr: 0.5819000005722046, AccVa: 0.565500020980835, CeTr: 8.16262435913086, CeVa: 8.548297882080078
Epoch: 11, AccTr: 0.6359000205993652, AccVa: 0.6104999780654907, CeTr: 5.598616600036621, CeVa: 6.117393970489502
Epoch: 12, AccTr: 0.6074000000953674, AccVa: 0.5920000076293945, CeTr: 5.7512946128845215, CeVa: 6.036914825439453
Epoch: 13, AccTr: 0.5695000290870667, AccVa: 0.5774999856948853, CeTr: 6.701661109924316, CeVa: 6.610053539276123
Epoch: 14, AccTr: 0.5616999864578247, AccVa: 0.5630000233650208, CeTr: 7.041180610656738, CeVa: 6.873948574066162
Epoch: 15, AccTr: 0.5396999716758728, AccVa: 0.5440000295639038, CeTr: 7.525446891784668, CeVa: 7.3710222244262695
Epoch: 16, AccTr: 0.5037000179290771, AccVa: 0.5024999976158142, CeTr: 6.209253311157227, CeVa: 6.036564350128174
Epoch: 17, AccTr: 0.555899977684021, AccVa: 0.5554999709129333, CeTr: 6.244204521179199, CeVa: 6.120845317840576
Epoch: 18, AccTr: 0.6137999892234802, AccVa: 0.5975000262260437, CeTr: 4.331788539886475, CeVa: 4.522381782531738
Epoch: 19, AccTr: 0.48739999532699585, AccVa: 0.48350000381469727, CeTr: 7.801272869110107, CeVa: 7.81260871887207
Epoch: 20, AccTr: 0.5608999729156494, AccVa: 0.5479999780654907, CeTr: 5.3371477127075195, CeVa: 5.493274688720703
Epoch: 21, AccTr: 0.5169000029563904, AccVa: 0.5034999847412109, CeTr: 4.646285057067871, CeVa: 4.495625972747803
Epoch: 22, AccTr: 0.5548999905586243, AccVa: 0.5615000128746033, CeTr: 5.736547470092773, CeVa: 5.497673988342285
Epoch: 23, AccTr: 0.4458000063896179, AccVa: 0.4440000057220459, CeTr: 6.924777507781982, CeVa: 6.6526055335998535
Epoch: 24, AccTr: 0.39899998903274536, AccVa: 0.40950000286102295, CeTr: 9.95069408416748, CeVa: 9.99608039855957
Epoch: 25, AccTr: 0.49570000171661377, AccVa: 0.48899999260902405, CeTr: 6.480651378631592, CeVa: 6.762596607208252
ENSEMBLE | Tr_Acc: 0.49570000171661377, Tr_CE: 6.480651378631592, Va_Acc: 0.48899999260902405, Va_CE: 6.762596607208252
Epoch: 26, AccTr: 0.5339000225067139, AccVa: 0.5350000262260437, CeTr: 5.268899440765381, CeVa: 5.256104946136475
Epoch: 27, AccTr: 0.4975000023841858, AccVa: 0.5164999961853027, CeTr: 5.741441249847412, CeVa: 5.561628818511963
Epoch: 28, AccTr: 0.5223000049591064, AccVa: 0.5220000147819519, CeTr: 4.7815775871276855, CeVa: 4.799502849578857
Epoch: 29, AccTr: 0.5131999850273132, AccVa: 0.5195000171661377, CeTr: 7.055635929107666, CeVa: 6.662585735321045
Epoch: 30, AccTr: 0.4447000026702881, AccVa: 0.45399999618530273, CeTr: 8.766608238220215, CeVa: 8.599261283874512
ENSEMBLE | Tr_Acc: 0.5819000005722046, Tr_CE: 4.19329309463501, Va_Acc: 0.5814999938011169, Va_CE: 4.158672332763672
Epoch: 31, AccTr: 0.5026999711990356, AccVa: 0.5065000057220459, CeTr: 8.051959037780762, CeVa: 7.45115852355957
Epoch: 32, AccTr: 0.4853000044822693, AccVa: 0.4959999918937683, CeTr: 6.318077087402344, CeVa: 6.026650428771973
Epoch: 33, AccTr: 0.4742000102996826, AccVa: 0.48500001430511475, CeTr: 8.52108097076416, CeVa: 7.926739692687988
Epoch: 34, AccTr: 0.4526999890804291, AccVa: 0.4625000059604645, CeTr: 9.453598022460938, CeVa: 9.129465103149414
Epoch: 35, AccTr: 0.4514000117778778, AccVa: 0.45350000262260437, CeTr: 8.22767162322998, CeVa: 8.198962211608887
ENSEMBLE | Tr_Acc: 0.5954999923706055, Tr_CE: 3.854031562805176, Va_Acc: 0.5985000133514404, Va_CE: 3.8453476428985596
Epoch: 36, AccTr: 0.4740999937057495, AccVa: 0.47099998593330383, CeTr: 8.836812973022461, CeVa: 8.653406143188477
Epoch: 37, AccTr: 0.4496999979019165, AccVa: 0.4740000069141388, CeTr: 9.328624725341797, CeVa: 8.780830383300781
Epoch: 38, AccTr: 0.47929999232292175, AccVa: 0.49799999594688416, CeTr: 7.418124198913574, CeVa: 6.966649055480957
Epoch: 39, AccTr: 0.5015000104904175, AccVa: 0.5264999866485596, CeTr: 6.9161529541015625, CeVa: 6.464358806610107
Epoch: 40, AccTr: 0.5805000066757202, AccVa: 0.5864999890327454, CeTr: 6.330443382263184, CeVa: 6.037154197692871
ENSEMBLE | Tr_Acc: 0.6628000140190125, Tr_CE: 3.174360990524292, Va_Acc: 0.6729999780654907, Va_CE: 3.111785888671875
Epoch: 41, AccTr: 0.5156000256538391, AccVa: 0.5239999890327454, CeTr: 6.764665603637695, CeVa: 6.221741676330566
Epoch: 42, AccTr: 0.4334000051021576, AccVa: 0.4429999887943268, CeTr: 10.429726600646973, CeVa: 9.927084922790527
Epoch: 43, AccTr: 0.5289999842643738, AccVa: 0.5544999837875366, CeTr: 7.426517009735107, CeVa: 7.166560649871826
Epoch: 44, AccTr: 0.40450000762939453, AccVa: 0.42899999022483826, CeTr: 8.731935501098633, CeVa: 8.181228637695312
Epoch: 45, AccTr: 0.41019999980926514, AccVa: 0.4359999895095825, CeTr: 7.793782711029053, CeVa: 7.487297534942627
ENSEMBLE | Tr_Acc: 0.6617000102996826, Tr_CE: 3.110901117324829, Va_Acc: 0.675000011920929, Va_CE: 3.0487639904022217
Epoch: 46, AccTr: 0.46959999203681946, AccVa: 0.4959999918937683, CeTr: 7.709865570068359, CeVa: 7.11906623840332
Epoch: 47, AccTr: 0.4133000075817108, AccVa: 0.44200000166893005, CeTr: 7.905060768127441, CeVa: 7.324095726013184
Epoch: 48, AccTr: 0.3646000027656555, AccVa: 0.3634999990463257, CeTr: 8.873980522155762, CeVa: 8.605245590209961
Epoch: 49, AccTr: 0.37450000643730164, AccVa: 0.40049999952316284, CeTr: 10.709228515625, CeVa: 10.003515243530273
Epoch: 50, AccTr: 0.3862999975681305, AccVa: 0.3880000114440918, CeTr: 8.648849487304688, CeVa: 8.683496475219727
ENSEMBLE | Tr_Acc: 0.6669999957084656, Tr_CE: 2.8745527267456055, Va_Acc: 0.6650000214576721, Va_CE: 2.8209471702575684
Epoch: 51, AccTr: 0.3458000123500824, AccVa: 0.3695000112056732, CeTr: 10.748583793640137, CeVa: 10.289236068725586
Epoch: 52, AccTr: 0.4041999876499176, AccVa: 0.4104999899864197, CeTr: 10.799911499023438, CeVa: 10.684967994689941
Epoch: 53, AccTr: 0.5230000019073486, AccVa: 0.527999997138977, CeTr: 7.4510087966918945, CeVa: 7.5118021965026855
Epoch: 54, AccTr: 0.41830000281333923, AccVa: 0.40950000286102295, CeTr: 8.16987419128418, CeVa: 8.090859413146973
Epoch: 55, AccTr: 0.42879998683929443, AccVa: 0.4375, CeTr: 7.281443119049072, CeVa: 6.86797571182251
ENSEMBLE | Tr_Acc: 0.6797000169754028, Tr_CE: 2.6194698810577393, Va_Acc: 0.6804999709129333, Va_CE: 2.573664903640747
Epoch: 56, AccTr: 0.3743000030517578, AccVa: 0.37049999833106995, CeTr: 7.732810020446777, CeVa: 7.725394248962402
Epoch: 57, AccTr: 0.5146999955177307, AccVa: 0.515500009059906, CeTr: 4.724086761474609, CeVa: 4.7715840339660645
Epoch: 58, AccTr: 0.39899998903274536, AccVa: 0.3880000114440918, CeTr: 8.53207015991211, CeVa: 8.738677024841309
Epoch: 59, AccTr: 0.2535000145435333, AccVa: 0.2680000066757202, CeTr: 14.369047164916992, CeVa: 13.981553077697754
Epoch: 60, AccTr: 0.3393000066280365, AccVa: 0.3799999952316284, CeTr: 7.298745155334473, CeVa: 6.85881233215332
ENSEMBLE | Tr_Acc: 0.6657999753952026, Tr_CE: 2.574751615524292, Va_Acc: 0.6740000247955322, Va_CE: 2.5127761363983154
Epoch: 61, AccTr: 0.40450000762939453, AccVa: 0.40950000286102295, CeTr: 7.923135757446289, CeVa: 7.638208866119385
Epoch: 62, AccTr: 0.4146000146865845, AccVa: 0.4350000023841858, CeTr: 6.6506853103637695, CeVa: 6.478877067565918
Epoch: 63, AccTr: 0.5627999901771545, AccVa: 0.5684999823570251, CeTr: 4.7048845291137695, CeVa: 4.378486633300781
Epoch: 64, AccTr: 0.43720000982284546, AccVa: 0.4494999945163727, CeTr: 5.824676513671875, CeVa: 5.864333629608154
Epoch: 65, AccTr: 0.5401999950408936, AccVa: 0.5375000238418579, CeTr: 4.3106279373168945, CeVa: 4.3559160232543945
ENSEMBLE | Tr_Acc: 0.6888999938964844, Tr_CE: 2.289052724838257, Va_Acc: 0.6894999742507935, Va_CE: 2.214336633682251
Epoch: 66, AccTr: 0.4189999997615814, AccVa: 0.40549999475479126, CeTr: 7.816215515136719, CeVa: 7.791750431060791
Epoch: 67, AccTr: 0.5231999754905701, AccVa: 0.5329999923706055, CeTr: 5.42033052444458, CeVa: 5.3170318603515625
Epoch: 68, AccTr: 0.4666000008583069, AccVa: 0.47350001335144043, CeTr: 5.4956841468811035, CeVa: 5.577617645263672
Epoch: 69, AccTr: 0.5062999725341797, AccVa: 0.5, CeTr: 4.471907138824463, CeVa: 4.511914253234863
Epoch: 70, AccTr: 0.4909000098705292, AccVa: 0.4869999885559082, CeTr: 5.017300128936768, CeVa: 5.2143378257751465
ENSEMBLE | Tr_Acc: 0.7199000120162964, Tr_CE: 1.9490275382995605, Va_Acc: 0.7174999713897705, Va_CE: 1.874930500984192
Epoch: 71, AccTr: 0.5701000094413757, AccVa: 0.565500020980835, CeTr: 5.751108646392822, CeVa: 5.863726615905762
Epoch: 72, AccTr: 0.5144000053405762, AccVa: 0.5245000123977661, CeTr: 7.031250953674316, CeVa: 6.709298610687256
Epoch: 73, AccTr: 0.5264999866485596, AccVa: 0.5325000286102295, CeTr: 5.335987091064453, CeVa: 5.269154071807861
Epoch: 74, AccTr: 0.555899977684021, AccVa: 0.5410000085830688, CeTr: 4.879802227020264, CeVa: 5.0875115394592285
Epoch: 75, AccTr: 0.4458000063896179, AccVa: 0.4480000138282776, CeTr: 6.401812553405762, CeVa: 6.1434221267700195
ENSEMBLE | Tr_Acc: 0.7233999967575073, Tr_CE: 1.9166840314865112, Va_Acc: 0.7200000286102295, Va_CE: 1.8480324745178223
