NN CONFIG
Weight-type:		binary
Layout									Layer #1: 280	Layer #2: 250	
Activation Functions					Layer #1: bs	Layer #2: bs	
Keep probabilities		Layer #0: 0.9	Layer #1: 0.8	Layer #2: 0.8	
Flat factors							Layer #1: 1.0	Layer #2: 1.0	Layer #3: 1.0	
Activation Noise						Layer #1: 0.0	Layer #2: 0.0	Layer #3: 0.0	

===================================

RUN CONFIG
Epochs: 150, Blocksize: 8

===================================

Epoch: 1, AccTr: 0.5763999819755554, AccVa: 0.5544999837875366, CeTr: 15.781140327453613, CeVa: 15.874183654785156
Epoch: 2, AccTr: 0.41499999165534973, AccVa: 0.39750000834465027, CeTr: 29.081584930419922, CeVa: 29.59119987487793
Epoch: 3, AccTr: 0.2597000002861023, AccVa: 0.2619999945163727, CeTr: 38.846961975097656, CeVa: 38.02095413208008
Epoch: 4, AccTr: 0.2736999988555908, AccVa: 0.2824999988079071, CeTr: 41.13554382324219, CeVa: 39.29242706298828
Epoch: 5, AccTr: 0.24899999797344208, AccVa: 0.26100000739097595, CeTr: 36.55009460449219, CeVa: 35.458038330078125
Epoch: 6, AccTr: 0.23639999330043793, AccVa: 0.2409999966621399, CeTr: 36.141441345214844, CeVa: 35.50667953491211
Epoch: 7, AccTr: 0.2782000005245209, AccVa: 0.27950000762939453, CeTr: 28.442487716674805, CeVa: 27.670076370239258
Epoch: 8, AccTr: 0.3465999960899353, AccVa: 0.34200000762939453, CeTr: 21.681316375732422, CeVa: 21.03708267211914
Epoch: 9, AccTr: 0.4302000105381012, AccVa: 0.4189999997615814, CeTr: 14.737228393554688, CeVa: 14.332024574279785
Epoch: 10, AccTr: 0.41110000014305115, AccVa: 0.40299999713897705, CeTr: 16.78618049621582, CeVa: 16.215295791625977
Epoch: 11, AccTr: 0.39469999074935913, AccVa: 0.4189999997615814, CeTr: 8.089573860168457, CeVa: 7.90034294128418
Epoch: 12, AccTr: 0.48350000381469727, AccVa: 0.4634999930858612, CeTr: 8.811301231384277, CeVa: 9.07295036315918
Epoch: 13, AccTr: 0.4828000068664551, AccVa: 0.47850000858306885, CeTr: 8.312519073486328, CeVa: 8.365272521972656
Epoch: 14, AccTr: 0.5063999891281128, AccVa: 0.5059999823570251, CeTr: 8.877778053283691, CeVa: 8.67497444152832
Epoch: 15, AccTr: 0.5268999934196472, AccVa: 0.531000018119812, CeTr: 8.766326904296875, CeVa: 9.132356643676758
Epoch: 16, AccTr: 0.5932999849319458, AccVa: 0.5849999785423279, CeTr: 6.245502471923828, CeVa: 6.554205894470215
Epoch: 17, AccTr: 0.47269999980926514, AccVa: 0.4925000071525574, CeTr: 11.034378051757812, CeVa: 10.805357933044434
Epoch: 18, AccTr: 0.4456000030040741, AccVa: 0.44449999928474426, CeTr: 11.837628364562988, CeVa: 11.550671577453613
Epoch: 19, AccTr: 0.4221000075340271, AccVa: 0.42800000309944153, CeTr: 12.587294578552246, CeVa: 12.212793350219727
Epoch: 20, AccTr: 0.39079999923706055, AccVa: 0.38499999046325684, CeTr: 14.17972469329834, CeVa: 14.148569107055664
Epoch: 21, AccTr: 0.39989998936653137, AccVa: 0.4009999930858612, CeTr: 14.604820251464844, CeVa: 14.198877334594727
Epoch: 22, AccTr: 0.44850000739097595, AccVa: 0.44999998807907104, CeTr: 13.192390441894531, CeVa: 12.763618469238281
Epoch: 23, AccTr: 0.4975000023841858, AccVa: 0.49950000643730164, CeTr: 9.18603229522705, CeVa: 9.460173606872559
Epoch: 24, AccTr: 0.43799999356269836, AccVa: 0.43700000643730164, CeTr: 13.029237747192383, CeVa: 13.32468318939209
Epoch: 25, AccTr: 0.49810001254081726, AccVa: 0.49399998784065247, CeTr: 10.877823829650879, CeVa: 11.228752136230469
ENSEMBLE | Tr_Acc: 0.49810001254081726, Tr_CE: 10.877823829650879, Va_Acc: 0.49399998784065247, Va_CE: 11.228752136230469
Epoch: 26, AccTr: 0.6234999895095825, AccVa: 0.6200000047683716, CeTr: 5.765785217285156, CeVa: 5.698446273803711
Epoch: 27, AccTr: 0.590499997138977, AccVa: 0.5824999809265137, CeTr: 7.005619525909424, CeVa: 7.276058673858643
Epoch: 28, AccTr: 0.6554999947547913, AccVa: 0.6585000157356262, CeTr: 6.011765480041504, CeVa: 5.948554039001465
Epoch: 29, AccTr: 0.5619000196456909, AccVa: 0.5615000128746033, CeTr: 5.584349155426025, CeVa: 5.59981107711792
Epoch: 30, AccTr: 0.5914999842643738, AccVa: 0.5855000019073486, CeTr: 6.83500862121582, CeVa: 6.97907829284668
ENSEMBLE | Tr_Acc: 0.6114000082015991, Tr_CE: 6.232041835784912, Va_Acc: 0.5989999771118164, Va_CE: 6.513243198394775
Epoch: 31, AccTr: 0.5982999801635742, AccVa: 0.6029999852180481, CeTr: 7.2252044677734375, CeVa: 6.873068332672119
Epoch: 32, AccTr: 0.6470000147819519, AccVa: 0.656000018119812, CeTr: 5.0888671875, CeVa: 4.946900367736816
Epoch: 33, AccTr: 0.7031000256538391, AccVa: 0.6949999928474426, CeTr: 4.090445518493652, CeVa: 4.4487833976745605
Epoch: 34, AccTr: 0.6384999752044678, AccVa: 0.6140000224113464, CeTr: 5.383309364318848, CeVa: 5.705534934997559
Epoch: 35, AccTr: 0.7085000276565552, AccVa: 0.6899999976158142, CeTr: 3.8740789890289307, CeVa: 4.189741611480713
ENSEMBLE | Tr_Acc: 0.7371000051498413, Tr_CE: 3.4317684173583984, Va_Acc: 0.7239999771118164, Va_CE: 3.6218340396881104
Epoch: 36, AccTr: 0.692300021648407, AccVa: 0.671999990940094, CeTr: 3.6453616619110107, CeVa: 3.7024881839752197
Epoch: 37, AccTr: 0.7031999826431274, AccVa: 0.6945000290870667, CeTr: 3.7827272415161133, CeVa: 3.919323205947876
Epoch: 38, AccTr: 0.7124000191688538, AccVa: 0.6970000267028809, CeTr: 3.913374185562134, CeVa: 4.097872257232666
Epoch: 39, AccTr: 0.6306999921798706, AccVa: 0.628000020980835, CeTr: 5.435266494750977, CeVa: 5.582852363586426
Epoch: 40, AccTr: 0.6261000037193298, AccVa: 0.6234999895095825, CeTr: 6.13764762878418, CeVa: 6.2698259353637695
ENSEMBLE | Tr_Acc: 0.7440000176429749, Tr_CE: 3.1058390140533447, Va_Acc: 0.7285000085830688, Va_CE: 3.3370323181152344
Epoch: 41, AccTr: 0.6938999891281128, AccVa: 0.6955000162124634, CeTr: 4.341814041137695, CeVa: 4.078192710876465
Epoch: 42, AccTr: 0.6797000169754028, AccVa: 0.671500027179718, CeTr: 4.981355667114258, CeVa: 5.000514984130859
Epoch: 43, AccTr: 0.6836000084877014, AccVa: 0.6834999918937683, CeTr: 4.935428142547607, CeVa: 4.819467544555664
Epoch: 44, AccTr: 0.7109000086784363, AccVa: 0.7170000076293945, CeTr: 3.5270397663116455, CeVa: 3.4038004875183105
Epoch: 45, AccTr: 0.7196000218391418, AccVa: 0.7135000228881836, CeTr: 3.7016773223876953, CeVa: 3.7981133460998535
ENSEMBLE | Tr_Acc: 0.7896000146865845, Tr_CE: 2.40088152885437, Va_Acc: 0.7714999914169312, Va_CE: 2.5465805530548096
Epoch: 46, AccTr: 0.6747999787330627, AccVa: 0.6660000085830688, CeTr: 5.095337867736816, CeVa: 5.026785850524902
Epoch: 47, AccTr: 0.6525999903678894, AccVa: 0.6510000228881836, CeTr: 4.705576419830322, CeVa: 4.567293167114258
Epoch: 48, AccTr: 0.6597999930381775, AccVa: 0.652999997138977, CeTr: 4.94309139251709, CeVa: 4.881653785705566
Epoch: 49, AccTr: 0.6841999888420105, AccVa: 0.6819999814033508, CeTr: 4.9239373207092285, CeVa: 4.956012725830078
Epoch: 50, AccTr: 0.7258999943733215, AccVa: 0.7164999842643738, CeTr: 3.5046117305755615, CeVa: 3.6654117107391357
ENSEMBLE | Tr_Acc: 0.8098000288009644, Tr_CE: 2.026850700378418, Va_Acc: 0.7854999899864197, Va_CE: 2.1803205013275146
Epoch: 51, AccTr: 0.725600004196167, AccVa: 0.6945000290870667, CeTr: 3.627474308013916, CeVa: 3.9819746017456055
Epoch: 52, AccTr: 0.732200026512146, AccVa: 0.7024999856948853, CeTr: 3.5138027667999268, CeVa: 3.911231517791748
Epoch: 53, AccTr: 0.6955999732017517, AccVa: 0.6884999871253967, CeTr: 3.7876968383789062, CeVa: 4.131799221038818
Epoch: 54, AccTr: 0.7006999850273132, AccVa: 0.6980000138282776, CeTr: 3.94374680519104, CeVa: 3.927940845489502
Epoch: 55, AccTr: 0.7157999873161316, AccVa: 0.7120000123977661, CeTr: 3.669583559036255, CeVa: 3.551528215408325
ENSEMBLE | Tr_Acc: 0.8287000060081482, Tr_CE: 1.7762600183486938, Va_Acc: 0.8174999952316284, Va_CE: 1.8779176473617554
Epoch: 56, AccTr: 0.713100016117096, AccVa: 0.7014999985694885, CeTr: 3.5708460807800293, CeVa: 3.9292142391204834
Epoch: 57, AccTr: 0.6571999788284302, AccVa: 0.6485000252723694, CeTr: 3.9244205951690674, CeVa: 4.073282718658447
Epoch: 58, AccTr: 0.619700014591217, AccVa: 0.6069999933242798, CeTr: 5.580519676208496, CeVa: 5.742552757263184
Epoch: 59, AccTr: 0.7095000147819519, AccVa: 0.7204999923706055, CeTr: 3.911362886428833, CeVa: 3.9143142700195312
Epoch: 60, AccTr: 0.6934999823570251, AccVa: 0.6934999823570251, CeTr: 4.26945161819458, CeVa: 4.075652122497559
ENSEMBLE | Tr_Acc: 0.8409000039100647, Tr_CE: 1.6753612756729126, Va_Acc: 0.8215000033378601, Va_CE: 1.7784960269927979
Epoch: 61, AccTr: 0.6514000296592712, AccVa: 0.6470000147819519, CeTr: 6.031174182891846, CeVa: 5.630560874938965
Epoch: 62, AccTr: 0.6753000020980835, AccVa: 0.6704999804496765, CeTr: 3.7818715572357178, CeVa: 3.7878549098968506
Epoch: 63, AccTr: 0.7182999849319458, AccVa: 0.6934999823570251, CeTr: 3.3828465938568115, CeVa: 3.5540647506713867
Epoch: 64, AccTr: 0.7160999774932861, AccVa: 0.7174999713897705, CeTr: 3.6624624729156494, CeVa: 3.6988210678100586
Epoch: 65, AccTr: 0.6535000205039978, AccVa: 0.6554999947547913, CeTr: 5.582223892211914, CeVa: 5.340869426727295
ENSEMBLE | Tr_Acc: 0.8421000242233276, Tr_CE: 1.6670900583267212, Va_Acc: 0.8305000066757202, Va_CE: 1.7382582426071167
Epoch: 66, AccTr: 0.6967999935150146, AccVa: 0.6924999952316284, CeTr: 4.702209949493408, CeVa: 4.518784999847412
Epoch: 67, AccTr: 0.6430000066757202, AccVa: 0.6485000252723694, CeTr: 4.736305236816406, CeVa: 4.600375175476074
Epoch: 68, AccTr: 0.6809999942779541, AccVa: 0.6779999732971191, CeTr: 4.606517791748047, CeVa: 4.321663856506348
Epoch: 69, AccTr: 0.71670001745224, AccVa: 0.718999981880188, CeTr: 3.8372817039489746, CeVa: 3.822141647338867
Epoch: 70, AccTr: 0.6759999990463257, AccVa: 0.7009999752044678, CeTr: 4.2791337966918945, CeVa: 4.199986457824707
ENSEMBLE | Tr_Acc: 0.84579998254776, Tr_CE: 1.6200121641159058, Va_Acc: 0.8364999890327454, Va_CE: 1.7047765254974365
Epoch: 71, AccTr: 0.6467000246047974, AccVa: 0.640500009059906, CeTr: 5.356145858764648, CeVa: 5.2709431648254395
Epoch: 72, AccTr: 0.6065999865531921, AccVa: 0.593500018119812, CeTr: 5.886139869689941, CeVa: 5.601449489593506
Epoch: 73, AccTr: 0.6542999744415283, AccVa: 0.6414999961853027, CeTr: 5.603785514831543, CeVa: 5.955108165740967
Epoch: 74, AccTr: 0.6460000276565552, AccVa: 0.6424999833106995, CeTr: 5.713594913482666, CeVa: 5.668568134307861
Epoch: 75, AccTr: 0.6766999959945679, AccVa: 0.671500027179718, CeTr: 4.43562650680542, CeVa: 4.640285015106201
ENSEMBLE | Tr_Acc: 0.8475000262260437, Tr_CE: 1.5972844362258911, Va_Acc: 0.8420000076293945, Va_CE: 1.703763484954834
Epoch: 76, AccTr: 0.6726999878883362, AccVa: 0.6790000200271606, CeTr: 4.730140686035156, CeVa: 4.564464092254639
Epoch: 77, AccTr: 0.5712000131607056, AccVa: 0.5855000019073486, CeTr: 8.02474308013916, CeVa: 7.746139049530029
Epoch: 78, AccTr: 0.6825000047683716, AccVa: 0.6685000061988831, CeTr: 3.9641125202178955, CeVa: 3.982557773590088
Epoch: 79, AccTr: 0.6175000071525574, AccVa: 0.6225000023841858, CeTr: 6.112409591674805, CeVa: 5.815659046173096
Epoch: 80, AccTr: 0.6589999794960022, AccVa: 0.6499999761581421, CeTr: 5.412615776062012, CeVa: 5.5398383140563965
ENSEMBLE | Tr_Acc: 0.8460000157356262, Tr_CE: 1.6234304904937744, Va_Acc: 0.8414999842643738, Va_CE: 1.7377521991729736
Epoch: 81, AccTr: 0.7235000133514404, AccVa: 0.7200000286102295, CeTr: 3.7561328411102295, CeVa: 3.9166388511657715
Epoch: 82, AccTr: 0.6173999905586243, AccVa: 0.6184999942779541, CeTr: 5.265567779541016, CeVa: 5.042248725891113
Epoch: 83, AccTr: 0.6596999764442444, AccVa: 0.6625000238418579, CeTr: 4.378289222717285, CeVa: 4.178274631500244
Epoch: 84, AccTr: 0.642799973487854, AccVa: 0.6355000138282776, CeTr: 4.795357704162598, CeVa: 4.8856329917907715
Epoch: 85, AccTr: 0.6736000180244446, AccVa: 0.6414999961853027, CeTr: 4.171037673950195, CeVa: 4.348324298858643
ENSEMBLE | Tr_Acc: 0.8511999845504761, Tr_CE: 1.5157378911972046, Va_Acc: 0.8389999866485596, Va_CE: 1.643959403038025
Epoch: 86, AccTr: 0.6876999735832214, AccVa: 0.6880000233650208, CeTr: 4.01260232925415, CeVa: 4.06498384475708
Epoch: 87, AccTr: 0.7052000164985657, AccVa: 0.6995000243186951, CeTr: 3.814377784729004, CeVa: 3.7080516815185547
Epoch: 88, AccTr: 0.660099983215332, AccVa: 0.640999972820282, CeTr: 5.274402141571045, CeVa: 5.528136730194092
Epoch: 89, AccTr: 0.6499000191688538, AccVa: 0.656000018119812, CeTr: 5.433396816253662, CeVa: 5.255507946014404
Epoch: 90, AccTr: 0.6240000128746033, AccVa: 0.6244999766349792, CeTr: 6.189495086669922, CeVa: 6.000118732452393
ENSEMBLE | Tr_Acc: 0.8525000214576721, Tr_CE: 1.4945212602615356, Va_Acc: 0.843999981880188, Va_CE: 1.6350440979003906
Epoch: 91, AccTr: 0.675599992275238, AccVa: 0.6600000262260437, CeTr: 4.473588466644287, CeVa: 4.800279140472412
Epoch: 92, AccTr: 0.6625000238418579, AccVa: 0.6485000252723694, CeTr: 5.279679775238037, CeVa: 5.475055694580078
Epoch: 93, AccTr: 0.6413999795913696, AccVa: 0.6370000243186951, CeTr: 6.213430881500244, CeVa: 6.259105682373047
Epoch: 94, AccTr: 0.7307999730110168, AccVa: 0.7139999866485596, CeTr: 3.4678328037261963, CeVa: 3.888216733932495
Epoch: 95, AccTr: 0.7184000015258789, AccVa: 0.7049999833106995, CeTr: 3.776876926422119, CeVa: 4.22621488571167
ENSEMBLE | Tr_Acc: 0.8568000197410583, Tr_CE: 1.4776453971862793, Va_Acc: 0.8450000286102295, Va_CE: 1.6273530721664429
Epoch: 96, AccTr: 0.7239000201225281, AccVa: 0.7024999856948853, CeTr: 3.2800164222717285, CeVa: 3.672884464263916
Epoch: 97, AccTr: 0.7231000065803528, AccVa: 0.7110000252723694, CeTr: 4.213233470916748, CeVa: 4.5189409255981445
Epoch: 98, AccTr: 0.7149999737739563, AccVa: 0.7145000100135803, CeTr: 3.4970285892486572, CeVa: 3.4459517002105713
Epoch: 99, AccTr: 0.7379999756813049, AccVa: 0.7275000214576721, CeTr: 3.4436933994293213, CeVa: 3.559915065765381
Epoch: 100, AccTr: 0.7098000049591064, AccVa: 0.6984999775886536, CeTr: 4.236704349517822, CeVa: 4.305092811584473
ENSEMBLE | Tr_Acc: 0.8586000204086304, Tr_CE: 1.4614118337631226, Va_Acc: 0.8485000133514404, Va_CE: 1.6146436929702759
Epoch: 101, AccTr: 0.6958000063896179, AccVa: 0.6664999723434448, CeTr: 4.062323570251465, CeVa: 4.44212532043457
Epoch: 102, AccTr: 0.7207000255584717, AccVa: 0.7245000004768372, CeTr: 3.4360790252685547, CeVa: 3.4601776599884033
Epoch: 103, AccTr: 0.7224000096321106, AccVa: 0.7145000100135803, CeTr: 3.212965965270996, CeVa: 3.237800359725952
Epoch: 104, AccTr: 0.703499972820282, AccVa: 0.6859999895095825, CeTr: 3.693030834197998, CeVa: 3.882087230682373
Epoch: 105, AccTr: 0.7089999914169312, AccVa: 0.7009999752044678, CeTr: 3.2239644527435303, CeVa: 3.46616530418396
ENSEMBLE | Tr_Acc: 0.8646000027656555, Tr_CE: 1.3826687335968018, Va_Acc: 0.8535000085830688, Va_CE: 1.536691665649414
Epoch: 106, AccTr: 0.7434999942779541, AccVa: 0.718999981880188, CeTr: 3.0449280738830566, CeVa: 3.5652639865875244
Epoch: 107, AccTr: 0.7419000267982483, AccVa: 0.7260000109672546, CeTr: 3.2213497161865234, CeVa: 3.4928200244903564
Epoch: 108, AccTr: 0.734000027179718, AccVa: 0.7049999833106995, CeTr: 3.6831414699554443, CeVa: 4.18418550491333
Epoch: 109, AccTr: 0.7121000289916992, AccVa: 0.6850000023841858, CeTr: 3.674421787261963, CeVa: 4.05806303024292
Epoch: 110, AccTr: 0.7174000144004822, AccVa: 0.6930000185966492, CeTr: 3.972893714904785, CeVa: 4.42291784286499
ENSEMBLE | Tr_Acc: 0.8698999881744385, Tr_CE: 1.3107610940933228, Va_Acc: 0.8579999804496765, Va_CE: 1.459006428718567
Epoch: 111, AccTr: 0.6995000243186951, AccVa: 0.6620000004768372, CeTr: 4.249946594238281, CeVa: 4.954833984375
Epoch: 112, AccTr: 0.7203999757766724, AccVa: 0.7064999938011169, CeTr: 4.0860595703125, CeVa: 4.477609157562256
Epoch: 113, AccTr: 0.6506999731063843, AccVa: 0.6194999814033508, CeTr: 5.50355863571167, CeVa: 5.82151460647583
Epoch: 114, AccTr: 0.6721000075340271, AccVa: 0.6664999723434448, CeTr: 4.639122486114502, CeVa: 4.8534345626831055
Epoch: 115, AccTr: 0.692300021648407, AccVa: 0.684499979019165, CeTr: 4.456652641296387, CeVa: 4.852372646331787
ENSEMBLE | Tr_Acc: 0.8763999938964844, Tr_CE: 1.2454737424850464, Va_Acc: 0.8665000200271606, Va_CE: 1.3960628509521484
Epoch: 116, AccTr: 0.6766999959945679, AccVa: 0.6644999980926514, CeTr: 5.138677597045898, CeVa: 5.499616622924805
Epoch: 117, AccTr: 0.6044999957084656, AccVa: 0.5895000100135803, CeTr: 5.274938583374023, CeVa: 5.537675857543945
Epoch: 118, AccTr: 0.6739000082015991, AccVa: 0.6539999842643738, CeTr: 4.407644271850586, CeVa: 4.704140663146973
Epoch: 119, AccTr: 0.7307000160217285, AccVa: 0.7139999866485596, CeTr: 3.8206100463867188, CeVa: 4.0875701904296875
Epoch: 120, AccTr: 0.6872000098228455, AccVa: 0.6725000143051147, CeTr: 4.418155670166016, CeVa: 4.762015342712402
ENSEMBLE | Tr_Acc: 0.8758999705314636, Tr_CE: 1.2332772016525269, Va_Acc: 0.8669999837875366, Va_CE: 1.3869518041610718
Epoch: 121, AccTr: 0.6775000095367432, AccVa: 0.6700000166893005, CeTr: 5.47368860244751, CeVa: 5.504983425140381
Epoch: 122, AccTr: 0.7128000259399414, AccVa: 0.7045000195503235, CeTr: 3.607257843017578, CeVa: 3.850311517715454
Epoch: 123, AccTr: 0.6510999798774719, AccVa: 0.6485000252723694, CeTr: 5.270599365234375, CeVa: 5.3119306564331055
Epoch: 124, AccTr: 0.6358000040054321, AccVa: 0.6305000185966492, CeTr: 5.8249921798706055, CeVa: 6.022243976593018
Epoch: 125, AccTr: 0.6722000241279602, AccVa: 0.6585000157356262, CeTr: 4.412957191467285, CeVa: 4.608310222625732
ENSEMBLE | Tr_Acc: 0.8759999871253967, Tr_CE: 1.211672306060791, Va_Acc: 0.8679999709129333, Va_CE: 1.3655505180358887
Epoch: 126, AccTr: 0.5891000032424927, AccVa: 0.5814999938011169, CeTr: 6.223109722137451, CeVa: 6.206190586090088
Epoch: 127, AccTr: 0.5922999978065491, AccVa: 0.5899999737739563, CeTr: 5.776272773742676, CeVa: 5.897601127624512
Epoch: 128, AccTr: 0.5573999881744385, AccVa: 0.5419999957084656, CeTr: 6.362972736358643, CeVa: 6.468297004699707
Epoch: 129, AccTr: 0.6245999932289124, AccVa: 0.6129999756813049, CeTr: 5.954582214355469, CeVa: 6.061281681060791
Epoch: 130, AccTr: 0.5774999856948853, AccVa: 0.5665000081062317, CeTr: 6.542059421539307, CeVa: 6.651618957519531
ENSEMBLE | Tr_Acc: 0.8754000067710876, Tr_CE: 1.216551423072815, Va_Acc: 0.8654999732971191, Va_CE: 1.368863582611084
Epoch: 131, AccTr: 0.7098000049591064, AccVa: 0.7064999938011169, CeTr: 4.053147792816162, CeVa: 4.219219207763672
Epoch: 132, AccTr: 0.6557999849319458, AccVa: 0.6520000100135803, CeTr: 5.357987403869629, CeVa: 5.430337905883789
Epoch: 133, AccTr: 0.6523000001907349, AccVa: 0.6510000228881836, CeTr: 4.798404216766357, CeVa: 5.108264446258545
Epoch: 134, AccTr: 0.6786999702453613, AccVa: 0.6809999942779541, CeTr: 4.277835845947266, CeVa: 4.364987373352051
Epoch: 135, AccTr: 0.6383000016212463, AccVa: 0.640500009059906, CeTr: 5.847743988037109, CeVa: 5.929163455963135
ENSEMBLE | Tr_Acc: 0.8751000165939331, Tr_CE: 1.2227158546447754, Va_Acc: 0.8619999885559082, Va_CE: 1.3788456916809082
Epoch: 136, AccTr: 0.6107000112533569, AccVa: 0.6165000200271606, CeTr: 5.654254913330078, CeVa: 5.758199214935303
Epoch: 137, AccTr: 0.623199999332428, AccVa: 0.6345000267028809, CeTr: 6.419533729553223, CeVa: 6.383561611175537
Epoch: 138, AccTr: 0.6284999847412109, AccVa: 0.6240000128746033, CeTr: 6.783773422241211, CeVa: 6.8347649574279785
Epoch: 139, AccTr: 0.6283000111579895, AccVa: 0.6355000138282776, CeTr: 5.555768013000488, CeVa: 5.233494281768799
Epoch: 140, AccTr: 0.6442000269889832, AccVa: 0.6240000128746033, CeTr: 5.435654640197754, CeVa: 5.440967082977295
ENSEMBLE | Tr_Acc: 0.8736000061035156, Tr_CE: 1.2416439056396484, Va_Acc: 0.859000027179718, Va_CE: 1.4008889198303223
Epoch: 141, AccTr: 0.6360999941825867, AccVa: 0.6340000033378601, CeTr: 4.858420372009277, CeVa: 5.023311614990234
Epoch: 142, AccTr: 0.6600000262260437, AccVa: 0.6604999899864197, CeTr: 5.125352382659912, CeVa: 5.119420051574707
Epoch: 143, AccTr: 0.6496999859809875, AccVa: 0.6434999704360962, CeTr: 5.012911796569824, CeVa: 5.298731327056885
Epoch: 144, AccTr: 0.659600019454956, AccVa: 0.6485000252723694, CeTr: 5.542397975921631, CeVa: 6.166380882263184
Epoch: 145, AccTr: 0.6660000085830688, AccVa: 0.6765000224113464, CeTr: 5.36151647567749, CeVa: 5.552055358886719
ENSEMBLE | Tr_Acc: 0.8727999925613403, Tr_CE: 1.2676632404327393, Va_Acc: 0.8565000295639038, Va_CE: 1.4284729957580566
Epoch: 146, AccTr: 0.7429999709129333, AccVa: 0.7304999828338623, CeTr: 3.321455478668213, CeVa: 3.684436082839966
Epoch: 147, AccTr: 0.691100001335144, AccVa: 0.6804999709129333, CeTr: 3.6676464080810547, CeVa: 3.8292949199676514
Epoch: 148, AccTr: 0.7077000141143799, AccVa: 0.7024999856948853, CeTr: 3.562490701675415, CeVa: 3.5094408988952637
Epoch: 149, AccTr: 0.698199987411499, AccVa: 0.7085000276565552, CeTr: 4.160157203674316, CeVa: 4.216410160064697
Epoch: 150, AccTr: 0.7271999716758728, AccVa: 0.7409999966621399, CeTr: 3.5935842990875244, CeVa: 3.7553963661193848
ENSEMBLE | Tr_Acc: 0.8730999827384949, Tr_CE: 1.2651256322860718, Va_Acc: 0.8585000038146973, Va_CE: 1.431614875793457
NN CONFIG
Weight-type:		binary
Layout									Layer #1: 280	Layer #2: 250	
Activation Functions					Layer #1: bs	Layer #2: bs	
Keep probabilities		Layer #0: 0.9	Layer #1: 0.8	Layer #2: 0.8	
Flat factors							Layer #1: 1.0	Layer #2: 1.0	Layer #3: 1.0	
Activation Noise						Layer #1: 0.0	Layer #2: 0.0	Layer #3: 0.0	

===================================

RUN CONFIG
Epochs: 150, Blocksize: 8

===================================

Epoch: 1, AccTr: 0.8039000034332275, AccVa: 0.7854999899864197, CeTr: 3.279160261154175, CeVa: 3.6815245151519775
Epoch: 2, AccTr: 0.7803999781608582, AccVa: 0.7599999904632568, CeTr: 3.660310983657837, CeVa: 3.991032600402832
Epoch: 3, AccTr: 0.7858999967575073, AccVa: 0.7804999947547913, CeTr: 3.467026472091675, CeVa: 3.8649561405181885
Epoch: 4, AccTr: 0.7853000164031982, AccVa: 0.7645000219345093, CeTr: 3.456892251968384, CeVa: 4.17434549331665
Epoch: 5, AccTr: 0.8151000142097473, AccVa: 0.7925000190734863, CeTr: 2.7993323802948, CeVa: 3.5513837337493896
Epoch: 6, AccTr: 0.8041999936103821, AccVa: 0.8009999990463257, CeTr: 2.9950318336486816, CeVa: 3.246490716934204
Epoch: 7, AccTr: 0.7767999768257141, AccVa: 0.7720000147819519, CeTr: 3.725823402404785, CeVa: 4.143560409545898
Epoch: 8, AccTr: 0.7918999791145325, AccVa: 0.7789999842643738, CeTr: 3.242431163787842, CeVa: 3.697822332382202
Epoch: 9, AccTr: 0.7777000069618225, AccVa: 0.7565000057220459, CeTr: 3.5506577491760254, CeVa: 3.742220401763916
Epoch: 10, AccTr: 0.7263000011444092, AccVa: 0.7160000205039978, CeTr: 4.319929599761963, CeVa: 4.421539783477783
Epoch: 11, AccTr: 0.7148000001907349, AccVa: 0.7329999804496765, CeTr: 5.521245002746582, CeVa: 5.161767482757568
Epoch: 12, AccTr: 0.7695000171661377, AccVa: 0.7559999823570251, CeTr: 4.242340564727783, CeVa: 4.419980525970459
Epoch: 13, AccTr: 0.7721999883651733, AccVa: 0.7760000228881836, CeTr: 3.765329599380493, CeVa: 3.959980010986328
Epoch: 14, AccTr: 0.6833999752998352, AccVa: 0.6855000257492065, CeTr: 5.087128162384033, CeVa: 5.461385726928711
Epoch: 15, AccTr: 0.7355999946594238, AccVa: 0.734499990940094, CeTr: 4.337771415710449, CeVa: 4.299610614776611
Epoch: 16, AccTr: 0.7440000176429749, AccVa: 0.7245000004768372, CeTr: 4.187300205230713, CeVa: 4.543133735656738
Epoch: 17, AccTr: 0.7378000020980835, AccVa: 0.7459999918937683, CeTr: 4.5546555519104, CeVa: 4.449888229370117
Epoch: 18, AccTr: 0.7271000146865845, AccVa: 0.7049999833106995, CeTr: 4.733729362487793, CeVa: 4.708723068237305
Epoch: 19, AccTr: 0.7261000275611877, AccVa: 0.7145000100135803, CeTr: 4.121285915374756, CeVa: 4.189055442810059
Epoch: 20, AccTr: 0.7057999968528748, AccVa: 0.6995000243186951, CeTr: 5.101124286651611, CeVa: 5.0102057456970215
Epoch: 21, AccTr: 0.7188000082969666, AccVa: 0.7139999866485596, CeTr: 4.044432640075684, CeVa: 4.300126552581787
Epoch: 22, AccTr: 0.6830000281333923, AccVa: 0.6875, CeTr: 5.2181477546691895, CeVa: 5.22127628326416
Epoch: 23, AccTr: 0.6966999769210815, AccVa: 0.690500020980835, CeTr: 5.231209754943848, CeVa: 5.332087993621826
Epoch: 24, AccTr: 0.742900013923645, AccVa: 0.7239999771118164, CeTr: 3.996554374694824, CeVa: 4.0137410163879395
Epoch: 25, AccTr: 0.6858000159263611, AccVa: 0.675000011920929, CeTr: 5.481115818023682, CeVa: 5.650543689727783
ENSEMBLE | Tr_Acc: 0.6858000159263611, Tr_CE: 5.481115818023682, Va_Acc: 0.675000011920929, Va_CE: 5.650543689727783
Epoch: 26, AccTr: 0.7534000277519226, AccVa: 0.7475000023841858, CeTr: 4.0020575523376465, CeVa: 4.369422912597656
Epoch: 27, AccTr: 0.7753000259399414, AccVa: 0.7509999871253967, CeTr: 3.508507013320923, CeVa: 4.065990447998047
Epoch: 28, AccTr: 0.7527999877929688, AccVa: 0.7335000038146973, CeTr: 3.7514500617980957, CeVa: 4.0164666175842285
Epoch: 29, AccTr: 0.7455999851226807, AccVa: 0.7360000014305115, CeTr: 4.012122631072998, CeVa: 4.231517314910889
Epoch: 30, AccTr: 0.7265999913215637, AccVa: 0.7235000133514404, CeTr: 4.480406284332275, CeVa: 4.485973834991455
ENSEMBLE | Tr_Acc: 0.7739999890327454, Tr_CE: 3.304237127304077, Va_Acc: 0.7720000147819519, Va_CE: 3.3034400939941406
Epoch: 31, AccTr: 0.7260000109672546, AccVa: 0.7059999704360962, CeTr: 3.939070224761963, CeVa: 4.402181148529053
Epoch: 32, AccTr: 0.6935999989509583, AccVa: 0.6830000281333923, CeTr: 4.596898078918457, CeVa: 4.602165222167969
Epoch: 33, AccTr: 0.6951000094413757, AccVa: 0.6915000081062317, CeTr: 4.867023468017578, CeVa: 4.901554107666016
Epoch: 34, AccTr: 0.7401999831199646, AccVa: 0.7310000061988831, CeTr: 3.699655771255493, CeVa: 4.08708381652832
Epoch: 35, AccTr: 0.7117000222206116, AccVa: 0.690500020980835, CeTr: 4.906630516052246, CeVa: 5.22197151184082
ENSEMBLE | Tr_Acc: 0.8073999881744385, Tr_CE: 2.663691759109497, Va_Acc: 0.7950000166893005, Va_CE: 2.762601613998413
Epoch: 36, AccTr: 0.7433000206947327, AccVa: 0.7404999732971191, CeTr: 3.9349544048309326, CeVa: 4.278777122497559
Epoch: 37, AccTr: 0.7354000210762024, AccVa: 0.7204999923706055, CeTr: 3.646686315536499, CeVa: 3.885214328765869
Epoch: 38, AccTr: 0.7429999709129333, AccVa: 0.7509999871253967, CeTr: 4.012564659118652, CeVa: 4.190664291381836
Epoch: 39, AccTr: 0.7182000279426575, AccVa: 0.7245000004768372, CeTr: 4.052163124084473, CeVa: 4.042724132537842
Epoch: 40, AccTr: 0.6948999762535095, AccVa: 0.6859999895095825, CeTr: 4.775440692901611, CeVa: 5.006117343902588
ENSEMBLE | Tr_Acc: 0.8191999793052673, Tr_CE: 2.376640796661377, Va_Acc: 0.8090000152587891, Va_CE: 2.496525287628174
Epoch: 41, AccTr: 0.6969000101089478, AccVa: 0.7024999856948853, CeTr: 4.057906627655029, CeVa: 4.29014778137207
Epoch: 42, AccTr: 0.7258999943733215, AccVa: 0.7105000019073486, CeTr: 4.188650608062744, CeVa: 4.155557632446289
Epoch: 43, AccTr: 0.7325999736785889, AccVa: 0.7310000061988831, CeTr: 4.3272552490234375, CeVa: 4.309359073638916
Epoch: 44, AccTr: 0.6944000124931335, AccVa: 0.6884999871253967, CeTr: 5.147649765014648, CeVa: 5.385400295257568
Epoch: 45, AccTr: 0.7300999760627747, AccVa: 0.7204999923706055, CeTr: 4.589487552642822, CeVa: 4.879791736602783
ENSEMBLE | Tr_Acc: 0.8246999979019165, Tr_CE: 2.2293541431427, Va_Acc: 0.8159999847412109, Va_CE: 2.355480194091797
Epoch: 46, AccTr: 0.6656000018119812, AccVa: 0.6554999947547913, CeTr: 5.941155433654785, CeVa: 5.888879776000977
Epoch: 47, AccTr: 0.6927000284194946, AccVa: 0.684499979019165, CeTr: 4.709510326385498, CeVa: 5.144289016723633
Epoch: 48, AccTr: 0.7354999780654907, AccVa: 0.7354999780654907, CeTr: 4.054816246032715, CeVa: 4.155411720275879
Epoch: 49, AccTr: 0.6880999803543091, AccVa: 0.6804999709129333, CeTr: 5.152324199676514, CeVa: 5.407317161560059
Epoch: 50, AccTr: 0.6722999811172485, AccVa: 0.6650000214576721, CeTr: 6.033819198608398, CeVa: 6.066642761230469
ENSEMBLE | Tr_Acc: 0.8230000138282776, Tr_CE: 2.278864860534668, Va_Acc: 0.8109999895095825, Va_CE: 2.4455175399780273
Epoch: 51, AccTr: 0.685699999332428, AccVa: 0.6704999804496765, CeTr: 5.488842010498047, CeVa: 5.789803504943848
Epoch: 52, AccTr: 0.6960999965667725, AccVa: 0.6949999928474426, CeTr: 3.680248737335205, CeVa: 3.9282751083374023
Epoch: 53, AccTr: 0.7400000095367432, AccVa: 0.7379999756813049, CeTr: 3.467470407485962, CeVa: 3.4778809547424316
Epoch: 54, AccTr: 0.70660001039505, AccVa: 0.699999988079071, CeTr: 4.314359188079834, CeVa: 4.536529064178467
Epoch: 55, AccTr: 0.7074000239372253, AccVa: 0.7020000219345093, CeTr: 4.847928047180176, CeVa: 4.9828033447265625
ENSEMBLE | Tr_Acc: 0.8281999826431274, Tr_CE: 2.161714553833008, Va_Acc: 0.815500020980835, Va_CE: 2.33223557472229
Epoch: 56, AccTr: 0.728600025177002, AccVa: 0.7200000286102295, CeTr: 3.914191484451294, CeVa: 3.9667141437530518
Epoch: 57, AccTr: 0.7009000182151794, AccVa: 0.7074999809265137, CeTr: 4.639189720153809, CeVa: 4.632897853851318
Epoch: 58, AccTr: 0.6960999965667725, AccVa: 0.6974999904632568, CeTr: 5.293213367462158, CeVa: 5.327724456787109
Epoch: 59, AccTr: 0.7250000238418579, AccVa: 0.7289999723434448, CeTr: 5.002381801605225, CeVa: 5.154300212860107
Epoch: 60, AccTr: 0.7361000180244446, AccVa: 0.7214999794960022, CeTr: 4.208737850189209, CeVa: 4.628682613372803
ENSEMBLE | Tr_Acc: 0.8331999778747559, Tr_CE: 2.0402097702026367, Va_Acc: 0.8240000009536743, Va_CE: 2.2043747901916504
Epoch: 61, AccTr: 0.724399983882904, AccVa: 0.715499997138977, CeTr: 3.938270330429077, CeVa: 4.107572555541992
Epoch: 62, AccTr: 0.6514999866485596, AccVa: 0.6485000252723694, CeTr: 5.277286052703857, CeVa: 5.335527420043945
Epoch: 63, AccTr: 0.6955000162124634, AccVa: 0.6790000200271606, CeTr: 5.0119123458862305, CeVa: 5.374255657196045
Epoch: 64, AccTr: 0.6913999915122986, AccVa: 0.6840000152587891, CeTr: 5.1829423904418945, CeVa: 5.4856719970703125
Epoch: 65, AccTr: 0.7077000141143799, AccVa: 0.6899999976158142, CeTr: 4.4943108558654785, CeVa: 4.666019439697266
ENSEMBLE | Tr_Acc: 0.8450999855995178, Tr_CE: 1.8605769872665405, Va_Acc: 0.8330000042915344, Va_CE: 1.996200680732727
Epoch: 66, AccTr: 0.7497000098228455, AccVa: 0.7415000200271606, CeTr: 3.950019598007202, CeVa: 4.166104793548584
Epoch: 67, AccTr: 0.7476000189781189, AccVa: 0.7455000281333923, CeTr: 3.3837101459503174, CeVa: 3.621237277984619
Epoch: 68, AccTr: 0.7534999847412109, AccVa: 0.7360000014305115, CeTr: 3.4466609954833984, CeVa: 3.967649221420288
Epoch: 69, AccTr: 0.7599999904632568, AccVa: 0.7409999966621399, CeTr: 3.424510955810547, CeVa: 3.662935972213745
Epoch: 70, AccTr: 0.7670999765396118, AccVa: 0.7620000243186951, CeTr: 3.582414150238037, CeVa: 3.653085947036743
ENSEMBLE | Tr_Acc: 0.8503999710083008, Tr_CE: 1.7877568006515503, Va_Acc: 0.8410000205039978, Va_CE: 1.8982064723968506
Epoch: 71, AccTr: 0.7394999861717224, AccVa: 0.7260000109672546, CeTr: 4.089300632476807, CeVa: 4.661139488220215
Epoch: 72, AccTr: 0.7872999906539917, AccVa: 0.7649999856948853, CeTr: 3.2422733306884766, CeVa: 3.6396102905273438
Epoch: 73, AccTr: 0.7468000054359436, AccVa: 0.7400000095367432, CeTr: 3.4883816242218018, CeVa: 3.680027723312378
Epoch: 74, AccTr: 0.7049999833106995, AccVa: 0.7099999785423279, CeTr: 3.934093713760376, CeVa: 3.801795482635498
Epoch: 75, AccTr: 0.7310000061988831, AccVa: 0.7204999923706055, CeTr: 3.7423954010009766, CeVa: 4.018252849578857
ENSEMBLE | Tr_Acc: 0.8561000227928162, Tr_CE: 1.6559492349624634, Va_Acc: 0.8464999794960022, Va_CE: 1.7948389053344727
Epoch: 76, AccTr: 0.7271999716758728, AccVa: 0.7149999737739563, CeTr: 3.7880001068115234, CeVa: 3.9864447116851807
Epoch: 77, AccTr: 0.7163000106811523, AccVa: 0.7135000228881836, CeTr: 4.426270008087158, CeVa: 4.488282203674316
Epoch: 78, AccTr: 0.7195000052452087, AccVa: 0.7245000004768372, CeTr: 4.08441162109375, CeVa: 3.8568778038024902
Epoch: 79, AccTr: 0.7425000071525574, AccVa: 0.7415000200271606, CeTr: 3.9415905475616455, CeVa: 4.168250560760498
Epoch: 80, AccTr: 0.7160000205039978, AccVa: 0.699999988079071, CeTr: 4.292731761932373, CeVa: 4.7601823806762695
ENSEMBLE | Tr_Acc: 0.8571000099182129, Tr_CE: 1.623844861984253, Va_Acc: 0.8450000286102295, Va_CE: 1.773962140083313
Epoch: 81, AccTr: 0.7329000234603882, AccVa: 0.7149999737739563, CeTr: 3.8679280281066895, CeVa: 4.192303657531738
Epoch: 82, AccTr: 0.7264999747276306, AccVa: 0.7179999947547913, CeTr: 3.7038590908050537, CeVa: 4.299313068389893
Epoch: 83, AccTr: 0.7059000134468079, AccVa: 0.6945000290870667, CeTr: 3.9277637004852295, CeVa: 4.004758834838867
Epoch: 84, AccTr: 0.7142000198364258, AccVa: 0.7200000286102295, CeTr: 3.8945913314819336, CeVa: 4.093111515045166
Epoch: 85, AccTr: 0.6549000144004822, AccVa: 0.6414999961853027, CeTr: 5.280275821685791, CeVa: 5.234114170074463
ENSEMBLE | Tr_Acc: 0.8639000058174133, Tr_CE: 1.5574138164520264, Va_Acc: 0.8535000085830688, Va_CE: 1.6988333463668823
Epoch: 86, AccTr: 0.7513999938964844, AccVa: 0.7229999899864197, CeTr: 3.4432106018066406, CeVa: 4.124342918395996
Epoch: 87, AccTr: 0.7282000184059143, AccVa: 0.7099999785423279, CeTr: 4.204165935516357, CeVa: 4.662321090698242
Epoch: 88, AccTr: 0.7427999973297119, AccVa: 0.7304999828338623, CeTr: 3.8989081382751465, CeVa: 4.338284969329834
Epoch: 89, AccTr: 0.7595999836921692, AccVa: 0.7419999837875366, CeTr: 3.501189947128296, CeVa: 3.9091572761535645
Epoch: 90, AccTr: 0.751800000667572, AccVa: 0.7415000200271606, CeTr: 3.39687180519104, CeVa: 3.72454833984375
ENSEMBLE | Tr_Acc: 0.8672999739646912, Tr_CE: 1.492120385169983, Va_Acc: 0.8575000166893005, Va_CE: 1.638810157775879
Epoch: 91, AccTr: 0.7376000285148621, AccVa: 0.7319999933242798, CeTr: 4.086781024932861, CeVa: 4.413361072540283
Epoch: 92, AccTr: 0.7495999932289124, AccVa: 0.7315000295639038, CeTr: 4.205916404724121, CeVa: 4.508525371551514
Epoch: 93, AccTr: 0.7020000219345093, AccVa: 0.6930000185966492, CeTr: 4.871803283691406, CeVa: 5.127713680267334
Epoch: 94, AccTr: 0.7242000102996826, AccVa: 0.7235000133514404, CeTr: 4.248489856719971, CeVa: 4.468163013458252
Epoch: 95, AccTr: 0.7296000123023987, AccVa: 0.7164999842643738, CeTr: 3.895293712615967, CeVa: 4.29037618637085
ENSEMBLE | Tr_Acc: 0.8705000281333923, Tr_CE: 1.4311027526855469, Va_Acc: 0.8604999780654907, Va_CE: 1.5807204246520996
Epoch: 96, AccTr: 0.7391999959945679, AccVa: 0.7310000061988831, CeTr: 4.128496170043945, CeVa: 4.216299057006836
Epoch: 97, AccTr: 0.7450000047683716, AccVa: 0.7384999990463257, CeTr: 4.028831958770752, CeVa: 4.061226844787598
Epoch: 98, AccTr: 0.6947000026702881, AccVa: 0.690500020980835, CeTr: 4.870436191558838, CeVa: 4.822719097137451
Epoch: 99, AccTr: 0.7166000008583069, AccVa: 0.7214999794960022, CeTr: 4.294275283813477, CeVa: 4.370193004608154
Epoch: 100, AccTr: 0.7196999788284302, AccVa: 0.7135000228881836, CeTr: 4.563279628753662, CeVa: 4.383020401000977
ENSEMBLE | Tr_Acc: 0.8738999962806702, Tr_CE: 1.3984328508377075, Va_Acc: 0.8650000095367432, Va_CE: 1.5327739715576172
Epoch: 101, AccTr: 0.666100025177002, AccVa: 0.6499999761581421, CeTr: 5.686901569366455, CeVa: 5.84443473815918
Epoch: 102, AccTr: 0.6717000007629395, AccVa: 0.6575000286102295, CeTr: 4.443397045135498, CeVa: 4.575141429901123
Epoch: 103, AccTr: 0.6858999729156494, AccVa: 0.6800000071525574, CeTr: 4.444879531860352, CeVa: 4.869334697723389
Epoch: 104, AccTr: 0.7289999723434448, AccVa: 0.6965000033378601, CeTr: 3.789637565612793, CeVa: 4.208591938018799
Epoch: 105, AccTr: 0.7473000288009644, AccVa: 0.7120000123977661, CeTr: 3.3032729625701904, CeVa: 3.758659839630127
ENSEMBLE | Tr_Acc: 0.8762999773025513, Tr_CE: 1.3464514017105103, Va_Acc: 0.8675000071525574, Va_CE: 1.4938044548034668
Epoch: 106, AccTr: 0.7177000045776367, AccVa: 0.6930000185966492, CeTr: 4.289079666137695, CeVa: 4.543540954589844
Epoch: 107, AccTr: 0.6905999779701233, AccVa: 0.6704999804496765, CeTr: 5.0015764236450195, CeVa: 5.324891567230225
Epoch: 108, AccTr: 0.7450000047683716, AccVa: 0.7325000166893005, CeTr: 4.156894683837891, CeVa: 4.750698089599609
Epoch: 109, AccTr: 0.6851000189781189, AccVa: 0.6635000109672546, CeTr: 5.1101884841918945, CeVa: 5.435771465301514
Epoch: 110, AccTr: 0.6740000247955322, AccVa: 0.6514999866485596, CeTr: 5.464903354644775, CeVa: 6.076688766479492
ENSEMBLE | Tr_Acc: 0.8748999834060669, Tr_CE: 1.3472896814346313, Va_Acc: 0.8665000200271606, Va_CE: 1.507835865020752
Epoch: 111, AccTr: 0.6478000283241272, AccVa: 0.6445000171661377, CeTr: 4.595277786254883, CeVa: 4.684989929199219
Epoch: 112, AccTr: 0.6054999828338623, AccVa: 0.5924999713897705, CeTr: 7.017584323883057, CeVa: 7.374974727630615
Epoch: 113, AccTr: 0.661300003528595, AccVa: 0.6159999966621399, CeTr: 5.4749016761779785, CeVa: 6.379651069641113
Epoch: 114, AccTr: 0.6287999749183655, AccVa: 0.6315000057220459, CeTr: 5.414463043212891, CeVa: 5.498756408691406
Epoch: 115, AccTr: 0.6424999833106995, AccVa: 0.6340000033378601, CeTr: 6.2881083488464355, CeVa: 6.4164958000183105
ENSEMBLE | Tr_Acc: 0.8733999729156494, Tr_CE: 1.3681461811065674, Va_Acc: 0.8604999780654907, Va_CE: 1.530278205871582
Epoch: 116, AccTr: 0.7046999931335449, AccVa: 0.6865000128746033, CeTr: 4.4480061531066895, CeVa: 4.637327194213867
Epoch: 117, AccTr: 0.6852999925613403, AccVa: 0.656499981880188, CeTr: 5.391913890838623, CeVa: 6.051577091217041
Epoch: 118, AccTr: 0.7156999707221985, AccVa: 0.7009999752044678, CeTr: 4.580589771270752, CeVa: 5.334700584411621
Epoch: 119, AccTr: 0.6593999862670898, AccVa: 0.6460000276565552, CeTr: 5.63750696182251, CeVa: 6.118330001831055
Epoch: 120, AccTr: 0.7330999970436096, AccVa: 0.7164999842643738, CeTr: 4.560218811035156, CeVa: 5.229167938232422
ENSEMBLE | Tr_Acc: 0.8748999834060669, Tr_CE: 1.3634852170944214, Va_Acc: 0.8644999861717224, Va_CE: 1.5507868528366089
Epoch: 121, AccTr: 0.7670999765396118, AccVa: 0.7590000033378601, CeTr: 3.369201183319092, CeVa: 3.768897294998169
Epoch: 122, AccTr: 0.746399998664856, AccVa: 0.7450000047683716, CeTr: 3.79856014251709, CeVa: 3.763075351715088
Epoch: 123, AccTr: 0.7422999739646912, AccVa: 0.7425000071525574, CeTr: 3.587402820587158, CeVa: 3.68218994140625
Epoch: 124, AccTr: 0.6773999929428101, AccVa: 0.6790000200271606, CeTr: 4.611257553100586, CeVa: 4.728280544281006
Epoch: 125, AccTr: 0.6682000160217285, AccVa: 0.6355000138282776, CeTr: 5.5299201011657715, CeVa: 5.98109769821167
ENSEMBLE | Tr_Acc: 0.8751000165939331, Tr_CE: 1.350644588470459, Va_Acc: 0.8634999990463257, Va_CE: 1.540666103363037
Epoch: 126, AccTr: 0.718999981880188, AccVa: 0.6819999814033508, CeTr: 4.122842311859131, CeVa: 4.632823467254639
Epoch: 127, AccTr: 0.6894999742507935, AccVa: 0.6775000095367432, CeTr: 4.372243404388428, CeVa: 4.90108060836792
Epoch: 128, AccTr: 0.666100025177002, AccVa: 0.6600000262260437, CeTr: 4.593866348266602, CeVa: 4.974272727966309
Epoch: 129, AccTr: 0.6481000185012817, AccVa: 0.625, CeTr: 5.205966472625732, CeVa: 5.668827533721924
Epoch: 130, AccTr: 0.6953999996185303, AccVa: 0.6819999814033508, CeTr: 4.471757888793945, CeVa: 4.885259628295898
ENSEMBLE | Tr_Acc: 0.878600001335144, Tr_CE: 1.3126453161239624, Va_Acc: 0.8650000095367432, Va_CE: 1.5149258375167847
Epoch: 131, AccTr: 0.6779000163078308, AccVa: 0.6639999747276306, CeTr: 5.5421247482299805, CeVa: 6.002959251403809
Epoch: 132, AccTr: 0.7311999797821045, AccVa: 0.7170000076293945, CeTr: 4.314587593078613, CeVa: 4.8262739181518555
Epoch: 133, AccTr: 0.7522000074386597, AccVa: 0.722000002861023, CeTr: 3.940131664276123, CeVa: 4.47214937210083
Epoch: 134, AccTr: 0.7062000036239624, AccVa: 0.7005000114440918, CeTr: 4.378201484680176, CeVa: 4.675714015960693
Epoch: 135, AccTr: 0.7531999945640564, AccVa: 0.7394999861717224, CeTr: 3.902608871459961, CeVa: 4.269819259643555
ENSEMBLE | Tr_Acc: 0.8783000111579895, Tr_CE: 1.300519347190857, Va_Acc: 0.8654999732971191, Va_CE: 1.5114086866378784
Epoch: 136, AccTr: 0.7358999848365784, AccVa: 0.7225000262260437, CeTr: 4.069289684295654, CeVa: 4.639719009399414
Epoch: 137, AccTr: 0.6337000131607056, AccVa: 0.6230000257492065, CeTr: 5.784971714019775, CeVa: 5.949444770812988
Epoch: 138, AccTr: 0.623199999332428, AccVa: 0.621999979019165, CeTr: 6.135189056396484, CeVa: 6.451685905456543
Epoch: 139, AccTr: 0.7192000150680542, AccVa: 0.690500020980835, CeTr: 4.717623233795166, CeVa: 5.265575885772705
Epoch: 140, AccTr: 0.6470999717712402, AccVa: 0.6424999833106995, CeTr: 5.680075645446777, CeVa: 5.799233913421631
ENSEMBLE | Tr_Acc: 0.8805000185966492, Tr_CE: 1.2798408269882202, Va_Acc: 0.8684999942779541, Va_CE: 1.4871262311935425
Epoch: 141, AccTr: 0.7196999788284302, AccVa: 0.7135000228881836, CeTr: 4.630824089050293, CeVa: 4.742458820343018
Epoch: 142, AccTr: 0.7067999839782715, AccVa: 0.6995000243186951, CeTr: 4.44404935836792, CeVa: 4.7387566566467285
Epoch: 143, AccTr: 0.7041000127792358, AccVa: 0.6909999847412109, CeTr: 4.6076812744140625, CeVa: 5.0512871742248535
Epoch: 144, AccTr: 0.7181000113487244, AccVa: 0.7179999947547913, CeTr: 4.240514278411865, CeVa: 4.013278484344482
Epoch: 145, AccTr: 0.7204999923706055, AccVa: 0.7089999914169312, CeTr: 4.5103759765625, CeVa: 4.628106117248535
ENSEMBLE | Tr_Acc: 0.8809000253677368, Tr_CE: 1.2854079008102417, Va_Acc: 0.8669999837875366, Va_CE: 1.488834023475647
Epoch: 146, AccTr: 0.7156999707221985, AccVa: 0.6930000185966492, CeTr: 4.235903739929199, CeVa: 4.704468727111816
Epoch: 147, AccTr: 0.670199990272522, AccVa: 0.6710000038146973, CeTr: 5.166986465454102, CeVa: 5.234156131744385
Epoch: 148, AccTr: 0.7131999731063843, AccVa: 0.7080000042915344, CeTr: 5.005877494812012, CeVa: 5.0539350509643555
Epoch: 149, AccTr: 0.7332000136375427, AccVa: 0.7105000019073486, CeTr: 4.137455940246582, CeVa: 4.235884189605713
Epoch: 150, AccTr: 0.7092999815940857, AccVa: 0.6890000104904175, CeTr: 4.298412322998047, CeVa: 4.778539180755615
ENSEMBLE | Tr_Acc: 0.8813999891281128, Tr_CE: 1.2666449546813965, Va_Acc: 0.8684999942779541, Va_CE: 1.4802312850952148
NN CONFIG
Weight-type:		binary
Layout									Layer #1: 280	Layer #2: 250	
Activation Functions					Layer #1: bs	Layer #2: bs	
Keep probabilities		Layer #0: 0.9	Layer #1: 0.8	Layer #2: 0.8	
Flat factors							Layer #1: 1.0	Layer #2: 1.0	Layer #3: 1.0	
Activation Noise						Layer #1: 0.0	Layer #2: 0.0	Layer #3: 0.0	

===================================

RUN CONFIG
Epochs: 150, Blocksize: 8

===================================

Epoch: 1, AccTr: 0.6905999779701233, AccVa: 0.6694999933242798, CeTr: 4.927711009979248, CeVa: 6.006137371063232
Epoch: 2, AccTr: 0.789900004863739, AccVa: 0.7705000042915344, CeTr: 3.0389041900634766, CeVa: 3.6051745414733887
Epoch: 3, AccTr: 0.8069999814033508, AccVa: 0.8050000071525574, CeTr: 2.7731714248657227, CeVa: 3.005157232284546
Epoch: 4, AccTr: 0.8016999959945679, AccVa: 0.784500002861023, CeTr: 2.9530766010284424, CeVa: 3.492356538772583
Epoch: 5, AccTr: 0.8202999830245972, AccVa: 0.8159999847412109, CeTr: 2.577463388442993, CeVa: 2.779083251953125
Epoch: 6, AccTr: 0.7778000235557556, AccVa: 0.7730000019073486, CeTr: 3.253490686416626, CeVa: 3.759852409362793
Epoch: 7, AccTr: 0.7465999722480774, AccVa: 0.7294999957084656, CeTr: 4.23632287979126, CeVa: 4.24701452255249
Epoch: 8, AccTr: 0.7741000056266785, AccVa: 0.7754999995231628, CeTr: 3.472607135772705, CeVa: 3.695322036743164
Epoch: 9, AccTr: 0.7516000270843506, AccVa: 0.7515000104904175, CeTr: 3.9013116359710693, CeVa: 4.101199626922607
Epoch: 10, AccTr: 0.7616000175476074, AccVa: 0.7465000152587891, CeTr: 3.610884428024292, CeVa: 3.9037678241729736
Epoch: 11, AccTr: 0.7584999799728394, AccVa: 0.7590000033378601, CeTr: 3.8685452938079834, CeVa: 4.028446674346924
Epoch: 12, AccTr: 0.7529000043869019, AccVa: 0.7509999871253967, CeTr: 3.405017137527466, CeVa: 3.6388728618621826
Epoch: 13, AccTr: 0.7318999767303467, AccVa: 0.7429999709129333, CeTr: 4.161038875579834, CeVa: 4.232849597930908
Epoch: 14, AccTr: 0.7390000224113464, AccVa: 0.718500018119812, CeTr: 4.040773391723633, CeVa: 4.332114219665527
Epoch: 15, AccTr: 0.7889999747276306, AccVa: 0.7649999856948853, CeTr: 2.649672746658325, CeVa: 3.223601818084717
Epoch: 16, AccTr: 0.7508000135421753, AccVa: 0.7294999957084656, CeTr: 3.490504741668701, CeVa: 3.845885992050171
Epoch: 17, AccTr: 0.7656000256538391, AccVa: 0.7574999928474426, CeTr: 3.625195264816284, CeVa: 3.9152605533599854
Epoch: 18, AccTr: 0.8057000041007996, AccVa: 0.8034999966621399, CeTr: 2.6689937114715576, CeVa: 2.914001941680908
Epoch: 19, AccTr: 0.7261999845504761, AccVa: 0.7195000052452087, CeTr: 4.466972827911377, CeVa: 4.260452747344971
Epoch: 20, AccTr: 0.7300999760627747, AccVa: 0.7335000038146973, CeTr: 4.077870845794678, CeVa: 3.944129228591919
Epoch: 21, AccTr: 0.7114999890327454, AccVa: 0.6949999928474426, CeTr: 4.936829566955566, CeVa: 5.407105922698975
Epoch: 22, AccTr: 0.7391999959945679, AccVa: 0.7354999780654907, CeTr: 4.387513637542725, CeVa: 4.404826641082764
Epoch: 23, AccTr: 0.7483999729156494, AccVa: 0.7400000095367432, CeTr: 4.11935567855835, CeVa: 4.61222505569458
Epoch: 24, AccTr: 0.7095000147819519, AccVa: 0.7120000123977661, CeTr: 4.143178939819336, CeVa: 4.343093395233154
Epoch: 25, AccTr: 0.7001000046730042, AccVa: 0.6995000243186951, CeTr: 4.404723644256592, CeVa: 4.455015182495117
ENSEMBLE | Tr_Acc: 0.7001000046730042, Tr_CE: 4.404723644256592, Va_Acc: 0.6995000243186951, Va_CE: 4.455015182495117
Epoch: 26, AccTr: 0.7145000100135803, AccVa: 0.7045000195503235, CeTr: 4.337762355804443, CeVa: 4.290542125701904
Epoch: 27, AccTr: 0.7150999903678894, AccVa: 0.7009999752044678, CeTr: 3.666269063949585, CeVa: 3.8832998275756836
Epoch: 28, AccTr: 0.7516999840736389, AccVa: 0.7509999871253967, CeTr: 3.165980100631714, CeVa: 3.39469575881958
Epoch: 29, AccTr: 0.753600001335144, AccVa: 0.7269999980926514, CeTr: 3.618624210357666, CeVa: 4.098549842834473
Epoch: 30, AccTr: 0.7311000227928162, AccVa: 0.7210000157356262, CeTr: 3.7356159687042236, CeVa: 4.071920871734619
ENSEMBLE | Tr_Acc: 0.8026000261306763, Tr_CE: 2.3352179527282715, Va_Acc: 0.7985000014305115, Va_CE: 2.535515069961548
Epoch: 31, AccTr: 0.7479000091552734, AccVa: 0.7329999804496765, CeTr: 3.8165929317474365, CeVa: 4.036738395690918
Epoch: 32, AccTr: 0.7355999946594238, AccVa: 0.7250000238418579, CeTr: 4.0771284103393555, CeVa: 4.368062496185303
Epoch: 33, AccTr: 0.7515000104904175, AccVa: 0.7315000295639038, CeTr: 3.1774072647094727, CeVa: 3.755173444747925
Epoch: 34, AccTr: 0.6952999830245972, AccVa: 0.6610000133514404, CeTr: 3.943371057510376, CeVa: 4.4808349609375
Epoch: 35, AccTr: 0.6859999895095825, AccVa: 0.659500002861023, CeTr: 5.3099365234375, CeVa: 5.919908046722412
ENSEMBLE | Tr_Acc: 0.8370000123977661, Tr_CE: 1.8473408222198486, Va_Acc: 0.8165000081062317, Va_CE: 2.150399923324585
Epoch: 36, AccTr: 0.6722999811172485, AccVa: 0.6600000262260437, CeTr: 4.045130729675293, CeVa: 4.454824447631836
Epoch: 37, AccTr: 0.7182999849319458, AccVa: 0.7020000219345093, CeTr: 3.6043570041656494, CeVa: 3.826423168182373
Epoch: 38, AccTr: 0.7419000267982483, AccVa: 0.7285000085830688, CeTr: 3.649874210357666, CeVa: 3.688754081726074
Epoch: 39, AccTr: 0.671999990940094, AccVa: 0.6489999890327454, CeTr: 5.453756809234619, CeVa: 5.804844379425049
Epoch: 40, AccTr: 0.6815999746322632, AccVa: 0.6704999804496765, CeTr: 4.893642425537109, CeVa: 5.040311336517334
ENSEMBLE | Tr_Acc: 0.8395000100135803, Tr_CE: 1.8121745586395264, Va_Acc: 0.8224999904632568, Va_CE: 2.101724147796631
Epoch: 41, AccTr: 0.694100022315979, AccVa: 0.6800000071525574, CeTr: 4.868671894073486, CeVa: 4.947710037231445
Epoch: 42, AccTr: 0.7476999759674072, AccVa: 0.7394999861717224, CeTr: 3.8132147789001465, CeVa: 4.093346118927002
Epoch: 43, AccTr: 0.6865000128746033, AccVa: 0.6775000095367432, CeTr: 4.662334442138672, CeVa: 5.171901226043701
Epoch: 44, AccTr: 0.7664999961853027, AccVa: 0.7480000257492065, CeTr: 3.338327407836914, CeVa: 3.699733257293701
Epoch: 45, AccTr: 0.7472000122070312, AccVa: 0.7329999804496765, CeTr: 3.2993881702423096, CeVa: 3.5652389526367188
ENSEMBLE | Tr_Acc: 0.8517000079154968, Tr_CE: 1.6021449565887451, Va_Acc: 0.8309999704360962, Va_CE: 1.9112443923950195
Epoch: 46, AccTr: 0.7573999762535095, AccVa: 0.7475000023841858, CeTr: 2.9011900424957275, CeVa: 3.0255606174468994
Epoch: 47, AccTr: 0.6182000041007996, AccVa: 0.6000000238418579, CeTr: 4.375413417816162, CeVa: 4.643835067749023
Epoch: 48, AccTr: 0.6888999938964844, AccVa: 0.6819999814033508, CeTr: 4.305334568023682, CeVa: 4.3773651123046875
Epoch: 49, AccTr: 0.7390000224113464, AccVa: 0.7070000171661377, CeTr: 3.817404270172119, CeVa: 4.19987678527832
Epoch: 50, AccTr: 0.6959999799728394, AccVa: 0.6875, CeTr: 4.475231170654297, CeVa: 4.7527618408203125
ENSEMBLE | Tr_Acc: 0.8495000004768372, Tr_CE: 1.5578745603561401, Va_Acc: 0.8385000228881836, Va_CE: 1.8724063634872437
Epoch: 51, AccTr: 0.6951000094413757, AccVa: 0.6919999718666077, CeTr: 4.855871677398682, CeVa: 5.1642537117004395
Epoch: 52, AccTr: 0.6851999759674072, AccVa: 0.6639999747276306, CeTr: 4.753602504730225, CeVa: 5.243177890777588
Epoch: 53, AccTr: 0.739300012588501, AccVa: 0.7245000004768372, CeTr: 3.434194803237915, CeVa: 3.6959266662597656
Epoch: 54, AccTr: 0.7530999779701233, AccVa: 0.737500011920929, CeTr: 3.5611984729766846, CeVa: 4.285594940185547
Epoch: 55, AccTr: 0.7379999756813049, AccVa: 0.722000002861023, CeTr: 3.500957727432251, CeVa: 3.831228256225586
ENSEMBLE | Tr_Acc: 0.8567000031471252, Tr_CE: 1.4883896112442017, Va_Acc: 0.8420000076293945, Va_CE: 1.807824730873108
Epoch: 56, AccTr: 0.7182999849319458, AccVa: 0.6840000152587891, CeTr: 4.213456153869629, CeVa: 4.516590118408203
Epoch: 57, AccTr: 0.7513999938964844, AccVa: 0.746999979019165, CeTr: 3.429786443710327, CeVa: 3.6666581630706787
Epoch: 58, AccTr: 0.7307000160217285, AccVa: 0.7204999923706055, CeTr: 4.198596954345703, CeVa: 4.57381534576416
Epoch: 59, AccTr: 0.7710000276565552, AccVa: 0.7570000290870667, CeTr: 3.307187557220459, CeVa: 3.619241237640381
Epoch: 60, AccTr: 0.7319999933242798, AccVa: 0.7195000052452087, CeTr: 3.5630507469177246, CeVa: 3.770857810974121
ENSEMBLE | Tr_Acc: 0.8611000180244446, Tr_CE: 1.40736722946167, Va_Acc: 0.8445000052452087, Va_CE: 1.7033119201660156
Epoch: 61, AccTr: 0.7523000240325928, AccVa: 0.7390000224113464, CeTr: 3.274704694747925, CeVa: 3.327465534210205
Epoch: 62, AccTr: 0.744700014591217, AccVa: 0.7160000205039978, CeTr: 3.5263421535491943, CeVa: 4.016373634338379
Epoch: 63, AccTr: 0.6945000290870667, AccVa: 0.7009999752044678, CeTr: 4.298128128051758, CeVa: 4.390346527099609
Epoch: 64, AccTr: 0.7293000221252441, AccVa: 0.7164999842643738, CeTr: 3.5785906314849854, CeVa: 4.097959041595459
Epoch: 65, AccTr: 0.73580002784729, AccVa: 0.7245000004768372, CeTr: 3.9168128967285156, CeVa: 4.276523113250732
ENSEMBLE | Tr_Acc: 0.8626000285148621, Tr_CE: 1.3842644691467285, Va_Acc: 0.8445000052452087, Va_CE: 1.6751468181610107
Epoch: 66, AccTr: 0.7473999857902527, AccVa: 0.7444999814033508, CeTr: 3.476330041885376, CeVa: 3.7426421642303467
Epoch: 67, AccTr: 0.7311000227928162, AccVa: 0.7145000100135803, CeTr: 3.900554656982422, CeVa: 4.149219989776611
Epoch: 68, AccTr: 0.7350999712944031, AccVa: 0.7170000076293945, CeTr: 3.6752636432647705, CeVa: 4.091947078704834
Epoch: 69, AccTr: 0.7267000079154968, AccVa: 0.7275000214576721, CeTr: 3.6996912956237793, CeVa: 3.815824031829834
Epoch: 70, AccTr: 0.767799973487854, AccVa: 0.7534999847412109, CeTr: 3.3312604427337646, CeVa: 3.531635046005249
ENSEMBLE | Tr_Acc: 0.8715999722480774, Tr_CE: 1.3011449575424194, Va_Acc: 0.8519999980926514, Va_CE: 1.5801913738250732
Epoch: 71, AccTr: 0.7402999997138977, AccVa: 0.7404999732971191, CeTr: 3.6290507316589355, CeVa: 3.8524043560028076
Epoch: 72, AccTr: 0.7368000149726868, AccVa: 0.7294999957084656, CeTr: 3.8040976524353027, CeVa: 3.8802216053009033
Epoch: 73, AccTr: 0.736299991607666, AccVa: 0.7210000157356262, CeTr: 3.7113161087036133, CeVa: 3.983062505722046
Epoch: 74, AccTr: 0.7350000143051147, AccVa: 0.7310000061988831, CeTr: 3.4419007301330566, CeVa: 3.5783751010894775
Epoch: 75, AccTr: 0.7261000275611877, AccVa: 0.7360000014305115, CeTr: 3.8164403438568115, CeVa: 3.7418525218963623
ENSEMBLE | Tr_Acc: 0.871999979019165, Tr_CE: 1.290041208267212, Va_Acc: 0.8579999804496765, Va_CE: 1.54927396774292
Epoch: 76, AccTr: 0.7421000003814697, AccVa: 0.7335000038146973, CeTr: 3.5247204303741455, CeVa: 3.840437412261963
Epoch: 77, AccTr: 0.7760999798774719, AccVa: 0.7580000162124634, CeTr: 2.953970432281494, CeVa: 3.2660272121429443
Epoch: 78, AccTr: 0.7300000190734863, AccVa: 0.7139999866485596, CeTr: 3.360079288482666, CeVa: 3.5332510471343994
Epoch: 79, AccTr: 0.728600025177002, AccVa: 0.7145000100135803, CeTr: 3.9377048015594482, CeVa: 4.266831874847412
Epoch: 80, AccTr: 0.7717000246047974, AccVa: 0.7609999775886536, CeTr: 3.063849687576294, CeVa: 3.258202075958252
ENSEMBLE | Tr_Acc: 0.8799999952316284, Tr_CE: 1.215329885482788, Va_Acc: 0.8654999732971191, Va_CE: 1.4488574266433716
Epoch: 81, AccTr: 0.7028999924659729, AccVa: 0.6984999775886536, CeTr: 3.8572192192077637, CeVa: 3.9282448291778564
Epoch: 82, AccTr: 0.7116000056266785, AccVa: 0.6924999952316284, CeTr: 4.3598761558532715, CeVa: 4.5046210289001465
Epoch: 83, AccTr: 0.7228000164031982, AccVa: 0.7120000123977661, CeTr: 4.054945945739746, CeVa: 4.451607704162598
Epoch: 84, AccTr: 0.7064999938011169, AccVa: 0.7114999890327454, CeTr: 4.270427227020264, CeVa: 4.425439834594727
Epoch: 85, AccTr: 0.6809999942779541, AccVa: 0.6660000085830688, CeTr: 4.979948997497559, CeVa: 5.434834957122803
ENSEMBLE | Tr_Acc: 0.8759999871253967, Tr_CE: 1.2451279163360596, Va_Acc: 0.8629999756813049, Va_CE: 1.4861476421356201
Epoch: 86, AccTr: 0.690500020980835, AccVa: 0.6865000128746033, CeTr: 4.9197187423706055, CeVa: 5.341694355010986
Epoch: 87, AccTr: 0.7387999892234802, AccVa: 0.737500011920929, CeTr: 3.6982972621917725, CeVa: 3.7690589427948
Epoch: 88, AccTr: 0.7102000117301941, AccVa: 0.7074999809265137, CeTr: 4.327850818634033, CeVa: 4.595424652099609
Epoch: 89, AccTr: 0.7251999974250793, AccVa: 0.7110000252723694, CeTr: 4.171393871307373, CeVa: 4.602442264556885
Epoch: 90, AccTr: 0.7559999823570251, AccVa: 0.7210000157356262, CeTr: 3.5725483894348145, CeVa: 4.112051963806152
ENSEMBLE | Tr_Acc: 0.8798999786376953, Tr_CE: 1.2272449731826782, Va_Acc: 0.8650000095367432, Va_CE: 1.4704679250717163
Epoch: 91, AccTr: 0.7103000283241272, AccVa: 0.6940000057220459, CeTr: 3.990955352783203, CeVa: 4.4770636558532715
Epoch: 92, AccTr: 0.7551000118255615, AccVa: 0.7325000166893005, CeTr: 3.5396647453308105, CeVa: 3.9398066997528076
Epoch: 93, AccTr: 0.7178999781608582, AccVa: 0.7174999713897705, CeTr: 3.8955678939819336, CeVa: 3.906780242919922
Epoch: 94, AccTr: 0.7455000281333923, AccVa: 0.734000027179718, CeTr: 3.619065999984741, CeVa: 3.7279250621795654
Epoch: 95, AccTr: 0.6747000217437744, AccVa: 0.659500002861023, CeTr: 4.251221656799316, CeVa: 4.51204252243042
ENSEMBLE | Tr_Acc: 0.8844000101089478, Tr_CE: 1.1611040830612183, Va_Acc: 0.8634999990463257, Va_CE: 1.3953171968460083
Epoch: 96, AccTr: 0.7638000249862671, AccVa: 0.7509999871253967, CeTr: 3.194953203201294, CeVa: 3.3973708152770996
Epoch: 97, AccTr: 0.7199000120162964, AccVa: 0.7204999923706055, CeTr: 3.643665313720703, CeVa: 3.586000442504883
Epoch: 98, AccTr: 0.7148000001907349, AccVa: 0.7095000147819519, CeTr: 4.039623260498047, CeVa: 4.252908706665039
Epoch: 99, AccTr: 0.723800003528595, AccVa: 0.7059999704360962, CeTr: 4.2571210861206055, CeVa: 4.84689998626709
Epoch: 100, AccTr: 0.6897000074386597, AccVa: 0.6710000038146973, CeTr: 5.221317291259766, CeVa: 5.572292327880859
ENSEMBLE | Tr_Acc: 0.8804000020027161, Tr_CE: 1.1955554485321045, Va_Acc: 0.8615000247955322, Va_CE: 1.4254260063171387
Epoch: 101, AccTr: 0.677299976348877, AccVa: 0.6524999737739563, CeTr: 5.3472371101379395, CeVa: 5.670233726501465
Epoch: 102, AccTr: 0.6718000173568726, AccVa: 0.6675000190734863, CeTr: 5.201968669891357, CeVa: 5.339199066162109
Epoch: 103, AccTr: 0.6396999955177307, AccVa: 0.6320000290870667, CeTr: 5.528844356536865, CeVa: 5.5345611572265625
Epoch: 104, AccTr: 0.7348999977111816, AccVa: 0.737500011920929, CeTr: 3.7519116401672363, CeVa: 3.7678065299987793
Epoch: 105, AccTr: 0.6974999904632568, AccVa: 0.7045000195503235, CeTr: 4.71375846862793, CeVa: 4.577615737915039
ENSEMBLE | Tr_Acc: 0.8798999786376953, Tr_CE: 1.1983262300491333, Va_Acc: 0.862500011920929, Va_CE: 1.4043776988983154
Epoch: 106, AccTr: 0.6962000131607056, AccVa: 0.6955000162124634, CeTr: 4.0720906257629395, CeVa: 4.366359233856201
Epoch: 107, AccTr: 0.6251999735832214, AccVa: 0.6225000023841858, CeTr: 6.867903232574463, CeVa: 6.746679782867432
Epoch: 108, AccTr: 0.6535000205039978, AccVa: 0.6524999737739563, CeTr: 5.989100933074951, CeVa: 5.826253890991211
Epoch: 109, AccTr: 0.698199987411499, AccVa: 0.6909999847412109, CeTr: 4.467260360717773, CeVa: 4.645721912384033
Epoch: 110, AccTr: 0.65829998254776, AccVa: 0.6499999761581421, CeTr: 5.81931734085083, CeVa: 6.183352470397949
ENSEMBLE | Tr_Acc: 0.8792999982833862, Tr_CE: 1.2111577987670898, Va_Acc: 0.8634999990463257, Va_CE: 1.4174078702926636
Epoch: 111, AccTr: 0.6815999746322632, AccVa: 0.6740000247955322, CeTr: 5.197394371032715, CeVa: 5.428231239318848
Epoch: 112, AccTr: 0.7182000279426575, AccVa: 0.718999981880188, CeTr: 4.491116046905518, CeVa: 4.591892719268799
Epoch: 113, AccTr: 0.7207000255584717, AccVa: 0.7225000262260437, CeTr: 3.9115006923675537, CeVa: 4.045215129852295
Epoch: 114, AccTr: 0.7554000020027161, AccVa: 0.7434999942779541, CeTr: 3.3153257369995117, CeVa: 3.7447664737701416
Epoch: 115, AccTr: 0.7386999726295471, AccVa: 0.7149999737739563, CeTr: 3.7493274211883545, CeVa: 4.287501335144043
ENSEMBLE | Tr_Acc: 0.8809999823570251, Tr_CE: 1.1904844045639038, Va_Acc: 0.8610000014305115, Va_CE: 1.4086217880249023
Epoch: 116, AccTr: 0.7246000170707703, AccVa: 0.7074999809265137, CeTr: 4.282986164093018, CeVa: 4.595020294189453
Epoch: 117, AccTr: 0.7129999995231628, AccVa: 0.699999988079071, CeTr: 4.071155548095703, CeVa: 4.388596534729004
Epoch: 118, AccTr: 0.7192000150680542, AccVa: 0.6959999799728394, CeTr: 4.244586944580078, CeVa: 4.608761787414551
Epoch: 119, AccTr: 0.76910001039505, AccVa: 0.7540000081062317, CeTr: 3.334845781326294, CeVa: 3.711174964904785
Epoch: 120, AccTr: 0.7426999807357788, AccVa: 0.734499990940094, CeTr: 3.5830624103546143, CeVa: 4.038574695587158
ENSEMBLE | Tr_Acc: 0.8831999897956848, Tr_CE: 1.1646497249603271, Va_Acc: 0.8669999837875366, Va_CE: 1.381462812423706
Epoch: 121, AccTr: 0.666100025177002, AccVa: 0.6524999737739563, CeTr: 4.565934181213379, CeVa: 5.021082878112793
Epoch: 122, AccTr: 0.6470000147819519, AccVa: 0.6299999952316284, CeTr: 5.740409851074219, CeVa: 6.075232028961182
Epoch: 123, AccTr: 0.6567999720573425, AccVa: 0.6290000081062317, CeTr: 5.616122245788574, CeVa: 6.319977760314941
Epoch: 124, AccTr: 0.7020000219345093, AccVa: 0.671999990940094, CeTr: 4.669000148773193, CeVa: 5.226679801940918
Epoch: 125, AccTr: 0.7317000031471252, AccVa: 0.7210000157356262, CeTr: 3.7765684127807617, CeVa: 4.108414173126221
ENSEMBLE | Tr_Acc: 0.8809999823570251, Tr_CE: 1.162178874015808, Va_Acc: 0.8694999814033508, Va_CE: 1.383542776107788
Epoch: 126, AccTr: 0.7339000105857849, AccVa: 0.7014999985694885, CeTr: 3.6718647480010986, CeVa: 4.336824417114258
Epoch: 127, AccTr: 0.7311999797821045, AccVa: 0.7225000262260437, CeTr: 4.146702289581299, CeVa: 4.226055145263672
Epoch: 128, AccTr: 0.7465000152587891, AccVa: 0.7384999990463257, CeTr: 3.7589292526245117, CeVa: 3.882140636444092
Epoch: 129, AccTr: 0.7351999878883362, AccVa: 0.715499997138977, CeTr: 3.888939142227173, CeVa: 4.357903003692627
Epoch: 130, AccTr: 0.7107999920845032, AccVa: 0.6945000290870667, CeTr: 4.049250602722168, CeVa: 4.286843776702881
ENSEMBLE | Tr_Acc: 0.885200023651123, Tr_CE: 1.1380025148391724, Va_Acc: 0.8709999918937683, Va_CE: 1.3541438579559326
Epoch: 131, AccTr: 0.7235000133514404, AccVa: 0.7085000276565552, CeTr: 3.8246114253997803, CeVa: 4.07572078704834
Epoch: 132, AccTr: 0.6955999732017517, AccVa: 0.6945000290870667, CeTr: 4.419078350067139, CeVa: 4.455029487609863
Epoch: 133, AccTr: 0.7493000030517578, AccVa: 0.7440000176429749, CeTr: 3.505633592605591, CeVa: 3.66774320602417
Epoch: 134, AccTr: 0.7283999919891357, AccVa: 0.7085000276565552, CeTr: 4.045722007751465, CeVa: 4.4264936447143555
Epoch: 135, AccTr: 0.7415000200271606, AccVa: 0.7319999933242798, CeTr: 3.721369504928589, CeVa: 4.037644386291504
ENSEMBLE | Tr_Acc: 0.8871999979019165, Tr_CE: 1.124557375907898, Va_Acc: 0.8705000281333923, Va_CE: 1.3350297212600708
Epoch: 136, AccTr: 0.7516999840736389, AccVa: 0.7264999747276306, CeTr: 3.4319090843200684, CeVa: 3.783237934112549
Epoch: 137, AccTr: 0.7537000179290771, AccVa: 0.7319999933242798, CeTr: 3.1098499298095703, CeVa: 3.3202133178710938
Epoch: 138, AccTr: 0.7149999737739563, AccVa: 0.6840000152587891, CeTr: 3.7153797149658203, CeVa: 4.404779434204102
Epoch: 139, AccTr: 0.7307000160217285, AccVa: 0.7114999890327454, CeTr: 3.4605751037597656, CeVa: 3.7810235023498535
Epoch: 140, AccTr: 0.7267000079154968, AccVa: 0.7160000205039978, CeTr: 3.967686653137207, CeVa: 4.205854415893555
ENSEMBLE | Tr_Acc: 0.8870000243186951, Tr_CE: 1.133652925491333, Va_Acc: 0.8694999814033508, Va_CE: 1.3375844955444336
Epoch: 141, AccTr: 0.7411999702453613, AccVa: 0.7260000109672546, CeTr: 3.5941457748413086, CeVa: 3.887873649597168
Epoch: 142, AccTr: 0.7276999950408936, AccVa: 0.7099999785423279, CeTr: 4.0336995124816895, CeVa: 4.439495086669922
Epoch: 143, AccTr: 0.724399983882904, AccVa: 0.7014999985694885, CeTr: 3.4604909420013428, CeVa: 3.899017095565796
Epoch: 144, AccTr: 0.7307999730110168, AccVa: 0.7285000085830688, CeTr: 3.2343192100524902, CeVa: 3.4443461894989014
Epoch: 145, AccTr: 0.7483999729156494, AccVa: 0.7059999704360962, CeTr: 3.2154359817504883, CeVa: 4.046424388885498
ENSEMBLE | Tr_Acc: 0.8892999887466431, Tr_CE: 1.1022223234176636, Va_Acc: 0.871999979019165, Va_CE: 1.322723150253296
Epoch: 146, AccTr: 0.7706000208854675, AccVa: 0.7605000138282776, CeTr: 3.167056083679199, CeVa: 3.4174115657806396
Epoch: 147, AccTr: 0.7540000081062317, AccVa: 0.7285000085830688, CeTr: 3.134368419647217, CeVa: 3.5630059242248535
Epoch: 148, AccTr: 0.758899986743927, AccVa: 0.7444999814033508, CeTr: 3.2188684940338135, CeVa: 3.6548991203308105
Epoch: 149, AccTr: 0.7049999833106995, AccVa: 0.6880000233650208, CeTr: 3.5605359077453613, CeVa: 3.887829065322876
Epoch: 150, AccTr: 0.7544999718666077, AccVa: 0.7394999861717224, CeTr: 3.2236921787261963, CeVa: 3.616610527038574
ENSEMBLE | Tr_Acc: 0.88919997215271, Tr_CE: 1.0855735540390015, Va_Acc: 0.875, Va_CE: 1.3096433877944946
NN CONFIG
Weight-type:		binary
Layout									Layer #1: 280	Layer #2: 250	
Activation Functions					Layer #1: bs	Layer #2: bs	
Keep probabilities		Layer #0: 0.9	Layer #1: 0.8	Layer #2: 0.8	
Flat factors							Layer #1: 1.0	Layer #2: 1.0	Layer #3: 1.0	
Activation Noise						Layer #1: 0.0	Layer #2: 0.0	Layer #3: 0.0	

===================================

RUN CONFIG
Epochs: 150, Blocksize: 8

===================================

Epoch: 1, AccTr: 0.5791000127792358, AccVa: 0.5690000057220459, CeTr: 7.464040756225586, CeVa: 7.5573201179504395
Epoch: 2, AccTr: 0.6674000024795532, AccVa: 0.6625000238418579, CeTr: 4.654410362243652, CeVa: 4.635457992553711
Epoch: 3, AccTr: 0.7447999715805054, AccVa: 0.734000027179718, CeTr: 3.3879647254943848, CeVa: 3.5199499130249023
Epoch: 4, AccTr: 0.7682999968528748, AccVa: 0.7580000162124634, CeTr: 3.1193602085113525, CeVa: 3.2243473529815674
Epoch: 5, AccTr: 0.7804999947547913, AccVa: 0.7605000138282776, CeTr: 2.9138550758361816, CeVa: 3.2435474395751953
Epoch: 6, AccTr: 0.6887999773025513, AccVa: 0.6809999942779541, CeTr: 4.270392894744873, CeVa: 4.404099464416504
Epoch: 7, AccTr: 0.7766000032424927, AccVa: 0.7605000138282776, CeTr: 3.307936429977417, CeVa: 3.729055166244507
Epoch: 8, AccTr: 0.7868000268936157, AccVa: 0.7695000171661377, CeTr: 3.1413097381591797, CeVa: 3.5596327781677246
Epoch: 9, AccTr: 0.7885000109672546, AccVa: 0.7639999985694885, CeTr: 3.16549015045166, CeVa: 3.6533560752868652
Epoch: 10, AccTr: 0.7775999903678894, AccVa: 0.7689999938011169, CeTr: 3.216162919998169, CeVa: 3.5121753215789795
Epoch: 11, AccTr: 0.7253000140190125, AccVa: 0.7110000252723694, CeTr: 4.6857380867004395, CeVa: 5.20356559753418
Epoch: 12, AccTr: 0.6804999709129333, AccVa: 0.6855000257492065, CeTr: 5.134000778198242, CeVa: 5.4321722984313965
Epoch: 13, AccTr: 0.7414000034332275, AccVa: 0.7365000247955322, CeTr: 4.217616558074951, CeVa: 4.432541370391846
Epoch: 14, AccTr: 0.7505000233650208, AccVa: 0.7415000200271606, CeTr: 3.729175090789795, CeVa: 4.1075663566589355
Epoch: 15, AccTr: 0.7703999876976013, AccVa: 0.765999972820282, CeTr: 3.662189483642578, CeVa: 3.822429656982422
Epoch: 16, AccTr: 0.7551000118255615, AccVa: 0.7419999837875366, CeTr: 4.074227333068848, CeVa: 4.3362040519714355
Epoch: 17, AccTr: 0.7516999840736389, AccVa: 0.7444999814033508, CeTr: 4.152074813842773, CeVa: 4.34816837310791
Epoch: 18, AccTr: 0.7657999992370605, AccVa: 0.7494999766349792, CeTr: 3.8025059700012207, CeVa: 3.946561098098755
Epoch: 19, AccTr: 0.7731999754905701, AccVa: 0.7565000057220459, CeTr: 3.697375774383545, CeVa: 3.997302532196045
Epoch: 20, AccTr: 0.7145000100135803, AccVa: 0.7045000195503235, CeTr: 5.190066814422607, CeVa: 5.44915246963501
Epoch: 21, AccTr: 0.7074000239372253, AccVa: 0.6974999904632568, CeTr: 4.243417739868164, CeVa: 4.871689796447754
Epoch: 22, AccTr: 0.7418000102043152, AccVa: 0.7294999957084656, CeTr: 4.540889263153076, CeVa: 4.625853538513184
Epoch: 23, AccTr: 0.7634000182151794, AccVa: 0.7409999966621399, CeTr: 3.806844472885132, CeVa: 4.278125286102295
Epoch: 24, AccTr: 0.7573999762535095, AccVa: 0.762499988079071, CeTr: 3.9415433406829834, CeVa: 4.294671535491943
Epoch: 25, AccTr: 0.7391999959945679, AccVa: 0.734000027179718, CeTr: 3.9789881706237793, CeVa: 4.156058311462402
ENSEMBLE | Tr_Acc: 0.7391999959945679, Tr_CE: 3.9789881706237793, Va_Acc: 0.734000027179718, Va_CE: 4.156058311462402
Epoch: 26, AccTr: 0.7541999816894531, AccVa: 0.7549999952316284, CeTr: 3.600156307220459, CeVa: 3.7621712684631348
Epoch: 27, AccTr: 0.6902999877929688, AccVa: 0.6894999742507935, CeTr: 4.732219219207764, CeVa: 4.948018550872803
Epoch: 28, AccTr: 0.754800021648407, AccVa: 0.7475000023841858, CeTr: 3.7116401195526123, CeVa: 4.0731940269470215
Epoch: 29, AccTr: 0.7285000085830688, AccVa: 0.7170000076293945, CeTr: 4.7006096839904785, CeVa: 4.930088520050049
Epoch: 30, AccTr: 0.6847000122070312, AccVa: 0.6830000281333923, CeTr: 5.556575775146484, CeVa: 5.930433750152588
ENSEMBLE | Tr_Acc: 0.7954000234603882, Tr_CE: 2.810368299484253, Va_Acc: 0.784500002861023, Va_CE: 3.1088614463806152
Epoch: 31, AccTr: 0.7419000267982483, AccVa: 0.7179999947547913, CeTr: 4.164439678192139, CeVa: 4.748653411865234
Epoch: 32, AccTr: 0.7512999773025513, AccVa: 0.7384999990463257, CeTr: 4.036874294281006, CeVa: 4.291224479675293
