NN CONFIG
Weight-type:		binary
Layout									Layer #1: 280	Layer #2: 250	
Activation Functions					Layer #1: bs	Layer #2: bs	
Keep probabilities		Layer #0: 0.9	Layer #1: 0.9500000000000001	Layer #2: 0.9500000000000001	
Flat factors							Layer #1: 1.0	Layer #2: 1.0	Layer #3: 1.0	
Activation Noise						Layer #1: 0.0	Layer #2: 0.0	Layer #3: 0.0	

===================================

RUN CONFIG
Epochs: 150, Blocksize: 8

===================================

Epoch: 1, AccTr: 0.794700026512146, AccVa: 0.7940000295639038, CeTr: 2.182654619216919, CeVa: 2.1551167964935303
Epoch: 2, AccTr: 0.8226000070571899, AccVa: 0.796500027179718, CeTr: 1.6438007354736328, CeVa: 2.0847296714782715
Epoch: 3, AccTr: 0.8156999945640564, AccVa: 0.8034999966621399, CeTr: 2.003406524658203, CeVa: 2.3588500022888184
Epoch: 4, AccTr: 0.8273000121116638, AccVa: 0.8084999918937683, CeTr: 2.0586323738098145, CeVa: 2.487363815307617
Epoch: 5, AccTr: 0.8065000176429749, AccVa: 0.7860000133514404, CeTr: 2.188288927078247, CeVa: 2.6117823123931885
Epoch: 6, AccTr: 0.8004000186920166, AccVa: 0.7835000157356262, CeTr: 2.4081475734710693, CeVa: 2.695124864578247
Epoch: 7, AccTr: 0.7515000104904175, AccVa: 0.7565000057220459, CeTr: 3.5513789653778076, CeVa: 3.6331400871276855
Epoch: 8, AccTr: 0.7746000289916992, AccVa: 0.7565000057220459, CeTr: 2.8904550075531006, CeVa: 3.329805612564087
Epoch: 9, AccTr: 0.7705000042915344, AccVa: 0.7630000114440918, CeTr: 2.8685481548309326, CeVa: 3.3565351963043213
Epoch: 10, AccTr: 0.7666000127792358, AccVa: 0.7505000233650208, CeTr: 3.073525905609131, CeVa: 3.38761830329895
Epoch: 11, AccTr: 0.7466999888420105, AccVa: 0.7294999957084656, CeTr: 3.3864359855651855, CeVa: 3.7269797325134277
Epoch: 12, AccTr: 0.7538999915122986, AccVa: 0.7365000247955322, CeTr: 3.2970407009124756, CeVa: 3.624922513961792
Epoch: 13, AccTr: 0.7890999913215637, AccVa: 0.7789999842643738, CeTr: 2.7341182231903076, CeVa: 3.110546588897705
Epoch: 14, AccTr: 0.7268999814987183, AccVa: 0.7095000147819519, CeTr: 3.466792106628418, CeVa: 3.85856294631958
Epoch: 15, AccTr: 0.7427999973297119, AccVa: 0.7294999957084656, CeTr: 3.486630916595459, CeVa: 3.8179025650024414
Epoch: 16, AccTr: 0.7050999999046326, AccVa: 0.6800000071525574, CeTr: 3.527397632598877, CeVa: 3.7739288806915283
Epoch: 17, AccTr: 0.646399974822998, AccVa: 0.6485000252723694, CeTr: 4.552914619445801, CeVa: 4.442692756652832
Epoch: 18, AccTr: 0.6901999711990356, AccVa: 0.6690000295639038, CeTr: 3.888063669204712, CeVa: 3.936784267425537
Epoch: 19, AccTr: 0.6751000285148621, AccVa: 0.671500027179718, CeTr: 3.8286120891571045, CeVa: 3.7974438667297363
Epoch: 20, AccTr: 0.6851000189781189, AccVa: 0.6664999723434448, CeTr: 3.841013193130493, CeVa: 4.529033660888672
Epoch: 21, AccTr: 0.739799976348877, AccVa: 0.7415000200271606, CeTr: 3.116842269897461, CeVa: 3.291511297225952
Epoch: 22, AccTr: 0.7091000080108643, AccVa: 0.6840000152587891, CeTr: 3.023470878601074, CeVa: 3.4077365398406982
Epoch: 23, AccTr: 0.6909000277519226, AccVa: 0.6694999933242798, CeTr: 3.381204605102539, CeVa: 3.558093547821045
Epoch: 24, AccTr: 0.6579999923706055, AccVa: 0.628000020980835, CeTr: 3.8048295974731445, CeVa: 4.309373378753662
Epoch: 25, AccTr: 0.701200008392334, AccVa: 0.6834999918937683, CeTr: 3.4603354930877686, CeVa: 3.8141191005706787
ENSEMBLE | Tr_Acc: 0.701200008392334, Tr_CE: 3.4603354930877686, Va_Acc: 0.6834999918937683, Va_CE: 3.8141191005706787
Epoch: 26, AccTr: 0.7531999945640564, AccVa: 0.7315000295639038, CeTr: 2.8944175243377686, CeVa: 3.361541271209717
Epoch: 27, AccTr: 0.5813999772071838, AccVa: 0.5770000219345093, CeTr: 4.210029602050781, CeVa: 4.4245147705078125
Epoch: 28, AccTr: 0.6851999759674072, AccVa: 0.671500027179718, CeTr: 3.217512369155884, CeVa: 3.3718619346618652
Epoch: 29, AccTr: 0.7013999819755554, AccVa: 0.6934999823570251, CeTr: 3.7448172569274902, CeVa: 3.8809969425201416
Epoch: 30, AccTr: 0.6414999961853027, AccVa: 0.6399999856948853, CeTr: 3.9603781700134277, CeVa: 4.168290615081787
ENSEMBLE | Tr_Acc: 0.7843999862670898, Tr_CE: 1.7871140241622925, Va_Acc: 0.7720000147819519, Va_CE: 2.045438766479492
Epoch: 31, AccTr: 0.6352999806404114, AccVa: 0.6179999709129333, CeTr: 4.560169696807861, CeVa: 4.790693759918213
Epoch: 32, AccTr: 0.6621999740600586, AccVa: 0.6430000066757202, CeTr: 3.7647316455841064, CeVa: 3.9887919425964355
Epoch: 33, AccTr: 0.555400013923645, AccVa: 0.5559999942779541, CeTr: 4.068881034851074, CeVa: 4.025707244873047
Epoch: 34, AccTr: 0.636900007724762, AccVa: 0.6449999809265137, CeTr: 3.365679979324341, CeVa: 3.4704232215881348
Epoch: 35, AccTr: 0.5855000019073486, AccVa: 0.5755000114440918, CeTr: 4.76513147354126, CeVa: 4.925814628601074
ENSEMBLE | Tr_Acc: 0.805400013923645, Tr_CE: 1.4072060585021973, Va_Acc: 0.7900000214576721, Va_CE: 1.6603885889053345
Epoch: 36, AccTr: 0.680899977684021, AccVa: 0.6679999828338623, CeTr: 3.6218230724334717, CeVa: 3.762338399887085
Epoch: 37, AccTr: 0.6462000012397766, AccVa: 0.637499988079071, CeTr: 4.1271538734436035, CeVa: 4.141995429992676
Epoch: 38, AccTr: 0.6983000040054321, AccVa: 0.6980000138282776, CeTr: 3.3404288291931152, CeVa: 3.3995752334594727
Epoch: 39, AccTr: 0.5612000226974487, AccVa: 0.5565000176429749, CeTr: 5.401980876922607, CeVa: 5.595675945281982
Epoch: 40, AccTr: 0.5436999797821045, AccVa: 0.5270000100135803, CeTr: 5.369284152984619, CeVa: 5.473567485809326
ENSEMBLE | Tr_Acc: 0.7932999730110168, Tr_CE: 1.3443810939788818, Va_Acc: 0.7854999899864197, Va_CE: 1.562370777130127
Epoch: 41, AccTr: 0.6496999859809875, AccVa: 0.6675000190734863, CeTr: 3.4969282150268555, CeVa: 3.3942573070526123
Epoch: 42, AccTr: 0.6359000205993652, AccVa: 0.6209999918937683, CeTr: 4.329147815704346, CeVa: 4.522314071655273
Epoch: 43, AccTr: 0.6298999786376953, AccVa: 0.6150000095367432, CeTr: 4.143428325653076, CeVa: 4.292820930480957
Epoch: 44, AccTr: 0.616100013256073, AccVa: 0.6169999837875366, CeTr: 4.01733922958374, CeVa: 4.165816783905029
Epoch: 45, AccTr: 0.5781999826431274, AccVa: 0.565500020980835, CeTr: 5.577268123626709, CeVa: 5.5963454246521
ENSEMBLE | Tr_Acc: 0.7793999910354614, Tr_CE: 1.476279377937317, Va_Acc: 0.7770000100135803, Va_CE: 1.653996467590332
Epoch: 46, AccTr: 0.5425000190734863, AccVa: 0.5460000038146973, CeTr: 4.464905261993408, CeVa: 4.612846851348877
Epoch: 47, AccTr: 0.5713000297546387, AccVa: 0.5699999928474426, CeTr: 5.829037666320801, CeVa: 5.760735034942627
Epoch: 48, AccTr: 0.5130000114440918, AccVa: 0.4880000054836273, CeTr: 5.616067886352539, CeVa: 6.105103492736816
Epoch: 49, AccTr: 0.5367000102996826, AccVa: 0.5295000076293945, CeTr: 6.918460845947266, CeVa: 7.347216606140137
Epoch: 50, AccTr: 0.5152000188827515, AccVa: 0.5115000009536743, CeTr: 5.158124923706055, CeVa: 5.388662815093994
ENSEMBLE | Tr_Acc: 0.7730000019073486, Tr_CE: 1.4364148378372192, Va_Acc: 0.7649999856948853, Va_CE: 1.6197075843811035
Epoch: 51, AccTr: 0.45809999108314514, AccVa: 0.43849998712539673, CeTr: 7.0021562576293945, CeVa: 7.0679545402526855
Epoch: 52, AccTr: 0.36469998955726624, AccVa: 0.34049999713897705, CeTr: 8.506413459777832, CeVa: 8.525263786315918
Epoch: 53, AccTr: 0.5702000260353088, AccVa: 0.5584999918937683, CeTr: 4.852743148803711, CeVa: 4.9336724281311035
Epoch: 54, AccTr: 0.5288000106811523, AccVa: 0.5164999961853027, CeTr: 6.14659309387207, CeVa: 6.20023775100708
Epoch: 55, AccTr: 0.5480999946594238, AccVa: 0.5289999842643738, CeTr: 6.312624454498291, CeVa: 6.503885746002197
ENSEMBLE | Tr_Acc: 0.7583000063896179, Tr_CE: 1.6047372817993164, Va_Acc: 0.7429999709129333, Va_CE: 1.7844948768615723
Epoch: 56, AccTr: 0.49390000104904175, AccVa: 0.48399999737739563, CeTr: 7.828109264373779, CeVa: 8.026826858520508
Epoch: 57, AccTr: 0.42899999022483826, AccVa: 0.4050000011920929, CeTr: 8.07919979095459, CeVa: 8.291504859924316
Epoch: 58, AccTr: 0.45170000195503235, AccVa: 0.4440000057220459, CeTr: 7.686017990112305, CeVa: 7.731690406799316
Epoch: 59, AccTr: 0.4830999970436096, AccVa: 0.4779999852180481, CeTr: 5.853784561157227, CeVa: 5.8127264976501465
Epoch: 60, AccTr: 0.5178999900817871, AccVa: 0.5105000138282776, CeTr: 6.8615617752075195, CeVa: 6.80521297454834
ENSEMBLE | Tr_Acc: 0.7469000220298767, Tr_CE: 1.8120967149734497, Va_Acc: 0.7369999885559082, Va_CE: 1.962601900100708
Epoch: 61, AccTr: 0.4918000102043152, AccVa: 0.4805000126361847, CeTr: 6.613404750823975, CeVa: 6.819199085235596
Epoch: 62, AccTr: 0.4846999943256378, AccVa: 0.47600001096725464, CeTr: 5.365737438201904, CeVa: 5.5292510986328125
Epoch: 63, AccTr: 0.5361999869346619, AccVa: 0.5299999713897705, CeTr: 6.006703853607178, CeVa: 6.298824310302734
Epoch: 64, AccTr: 0.5843999981880188, AccVa: 0.5849999785423279, CeTr: 5.659124851226807, CeVa: 5.844264507293701
Epoch: 65, AccTr: 0.5077999830245972, AccVa: 0.48500001430511475, CeTr: 7.532735824584961, CeVa: 7.976189613342285
ENSEMBLE | Tr_Acc: 0.733299970626831, Tr_CE: 1.9749670028686523, Va_Acc: 0.7229999899864197, Va_CE: 2.13895845413208
Epoch: 66, AccTr: 0.4771000146865845, AccVa: 0.4715000092983246, CeTr: 9.259115219116211, CeVa: 9.754243850708008
Epoch: 67, AccTr: 0.5180000066757202, AccVa: 0.5120000243186951, CeTr: 7.088125705718994, CeVa: 7.306899547576904
Epoch: 68, AccTr: 0.6062999963760376, AccVa: 0.5960000157356262, CeTr: 4.887585163116455, CeVa: 5.104853630065918
Epoch: 69, AccTr: 0.6399999856948853, AccVa: 0.6194999814033508, CeTr: 4.431318283081055, CeVa: 4.88200569152832
Epoch: 70, AccTr: 0.595300018787384, AccVa: 0.590499997138977, CeTr: 4.892773151397705, CeVa: 4.7495317459106445
ENSEMBLE | Tr_Acc: 0.7369999885559082, Tr_CE: 1.7904226779937744, Va_Acc: 0.7260000109672546, Va_CE: 1.9455652236938477
Epoch: 71, AccTr: 0.5601000189781189, AccVa: 0.5740000009536743, CeTr: 4.815018653869629, CeVa: 4.58934211730957
Epoch: 72, AccTr: 0.5192999839782715, AccVa: 0.5220000147819519, CeTr: 4.7923479080200195, CeVa: 4.880889415740967
Epoch: 73, AccTr: 0.6074000000953674, AccVa: 0.6069999933242798, CeTr: 4.46257209777832, CeVa: 4.573326110839844
Epoch: 74, AccTr: 0.5787000060081482, AccVa: 0.5634999871253967, CeTr: 4.970513343811035, CeVa: 5.594300746917725
Epoch: 75, AccTr: 0.5302000045776367, AccVa: 0.5174999833106995, CeTr: 6.514666557312012, CeVa: 6.748071193695068
ENSEMBLE | Tr_Acc: 0.7387999892234802, Tr_CE: 1.8497523069381714, Va_Acc: 0.7300000190734863, Va_CE: 2.004951000213623
Epoch: 76, AccTr: 0.5062000155448914, AccVa: 0.49950000643730164, CeTr: 5.850411891937256, CeVa: 5.817958831787109
Epoch: 77, AccTr: 0.656499981880188, AccVa: 0.6420000195503235, CeTr: 2.6778078079223633, CeVa: 2.8352296352386475
Epoch: 78, AccTr: 0.5583000183105469, AccVa: 0.5404999852180481, CeTr: 4.397179126739502, CeVa: 4.6581926345825195
Epoch: 79, AccTr: 0.4440999925136566, AccVa: 0.4375, CeTr: 6.868185043334961, CeVa: 7.097908973693848
Epoch: 80, AccTr: 0.4108000099658966, AccVa: 0.41600000858306885, CeTr: 6.654323577880859, CeVa: 6.794752597808838
ENSEMBLE | Tr_Acc: 0.738099992275238, Tr_CE: 1.725663661956787, Va_Acc: 0.7304999828338623, Va_CE: 1.8742412328720093
Epoch: 81, AccTr: 0.5562000274658203, AccVa: 0.5354999899864197, CeTr: 4.448753356933594, CeVa: 4.5829854011535645
Epoch: 82, AccTr: 0.45590001344680786, AccVa: 0.44999998807907104, CeTr: 7.431987285614014, CeVa: 7.689527988433838
Epoch: 83, AccTr: 0.5238000154495239, AccVa: 0.5149999856948853, CeTr: 5.784830093383789, CeVa: 6.150789260864258
Epoch: 84, AccTr: 0.5248000025749207, AccVa: 0.5109999775886536, CeTr: 5.669753074645996, CeVa: 5.64354944229126
Epoch: 85, AccTr: 0.5486999750137329, AccVa: 0.527999997138977, CeTr: 5.149320125579834, CeVa: 5.382981300354004
ENSEMBLE | Tr_Acc: 0.7476000189781189, Tr_CE: 1.562421441078186, Va_Acc: 0.7369999885559082, Va_CE: 1.7012401819229126
Epoch: 86, AccTr: 0.5770000219345093, AccVa: 0.5715000033378601, CeTr: 4.327184200286865, CeVa: 4.510738372802734
Epoch: 87, AccTr: 0.5529000163078308, AccVa: 0.546999990940094, CeTr: 4.397560119628906, CeVa: 4.612346172332764
Epoch: 88, AccTr: 0.42309999465942383, AccVa: 0.40799999237060547, CeTr: 5.969457149505615, CeVa: 6.100663661956787
Epoch: 89, AccTr: 0.460999995470047, AccVa: 0.4675000011920929, CeTr: 6.193458557128906, CeVa: 6.117504119873047
Epoch: 90, AccTr: 0.3702000081539154, AccVa: 0.3644999861717224, CeTr: 6.708230495452881, CeVa: 6.701292037963867
ENSEMBLE | Tr_Acc: 0.7416999936103821, Tr_CE: 1.5668416023254395, Va_Acc: 0.7279999852180481, Va_CE: 1.7102468013763428
Epoch: 91, AccTr: 0.5515000224113464, AccVa: 0.5339999794960022, CeTr: 4.875446319580078, CeVa: 4.926821231842041
Epoch: 92, AccTr: 0.5400999784469604, AccVa: 0.5304999947547913, CeTr: 4.694478988647461, CeVa: 4.620720386505127
Epoch: 93, AccTr: 0.5263000130653381, AccVa: 0.5210000276565552, CeTr: 5.21792459487915, CeVa: 5.209174156188965
Epoch: 94, AccTr: 0.6146000027656555, AccVa: 0.621999979019165, CeTr: 3.683842897415161, CeVa: 3.584981918334961
Epoch: 95, AccTr: 0.5462999939918518, AccVa: 0.534500002861023, CeTr: 5.062878131866455, CeVa: 5.123406410217285
ENSEMBLE | Tr_Acc: 0.7472000122070312, Tr_CE: 1.5500853061676025, Va_Acc: 0.7319999933242798, Va_CE: 1.6895227432250977
Epoch: 96, AccTr: 0.5040000081062317, AccVa: 0.48500001430511475, CeTr: 4.350457668304443, CeVa: 4.66972017288208
Epoch: 97, AccTr: 0.5511999726295471, AccVa: 0.5509999990463257, CeTr: 5.4283952713012695, CeVa: 5.309106349945068
Epoch: 98, AccTr: 0.5720000267028809, AccVa: 0.5699999928474426, CeTr: 5.517594337463379, CeVa: 5.683128356933594
Epoch: 99, AccTr: 0.6240000128746033, AccVa: 0.6259999871253967, CeTr: 4.270393371582031, CeVa: 4.3283162117004395
Epoch: 100, AccTr: 0.6751999855041504, AccVa: 0.6729999780654907, CeTr: 3.6011226177215576, CeVa: 3.555678606033325
ENSEMBLE | Tr_Acc: 0.7574999928474426, Tr_CE: 1.4010802507400513, Va_Acc: 0.7415000200271606, Va_CE: 1.5249310731887817
Epoch: 101, AccTr: 0.5428000092506409, AccVa: 0.5475000143051147, CeTr: 4.982424259185791, CeVa: 5.033463478088379
Epoch: 102, AccTr: 0.6290000081062317, AccVa: 0.6259999871253967, CeTr: 3.87160587310791, CeVa: 3.9810612201690674
Epoch: 103, AccTr: 0.4327999949455261, AccVa: 0.4375, CeTr: 7.877567291259766, CeVa: 7.81761360168457
Epoch: 104, AccTr: 0.4562999904155731, AccVa: 0.4390000104904175, CeTr: 8.865765571594238, CeVa: 9.054884910583496
Epoch: 105, AccTr: 0.3763999938964844, AccVa: 0.38749998807907104, CeTr: 7.986307621002197, CeVa: 7.909792423248291
ENSEMBLE | Tr_Acc: 0.7513999938964844, Tr_CE: 1.4352506399154663, Va_Acc: 0.734499990940094, Va_CE: 1.5509426593780518
Epoch: 106, AccTr: 0.5163999795913696, AccVa: 0.515500009059906, CeTr: 5.759368419647217, CeVa: 5.519669532775879
Epoch: 107, AccTr: 0.49459999799728394, AccVa: 0.48399999737739563, CeTr: 6.201630115509033, CeVa: 6.229761123657227
Epoch: 108, AccTr: 0.545199990272522, AccVa: 0.5285000205039978, CeTr: 5.4684367179870605, CeVa: 5.614919662475586
Epoch: 109, AccTr: 0.6245999932289124, AccVa: 0.5924999713897705, CeTr: 4.37764310836792, CeVa: 4.581875324249268
Epoch: 110, AccTr: 0.5004000067710876, AccVa: 0.5049999952316284, CeTr: 7.065759181976318, CeVa: 6.820745468139648
ENSEMBLE | Tr_Acc: 0.7443000078201294, Tr_CE: 1.504684567451477, Va_Acc: 0.7269999980926514, Va_CE: 1.6089622974395752
Epoch: 111, AccTr: 0.5077999830245972, AccVa: 0.5074999928474426, CeTr: 5.796608924865723, CeVa: 5.928923606872559
Epoch: 112, AccTr: 0.49230000376701355, AccVa: 0.503000020980835, CeTr: 6.363669395446777, CeVa: 6.287901401519775
Epoch: 113, AccTr: 0.489300012588501, AccVa: 0.49149999022483826, CeTr: 7.14144229888916, CeVa: 6.661428928375244
Epoch: 114, AccTr: 0.608299970626831, AccVa: 0.6050000190734863, CeTr: 4.526371479034424, CeVa: 4.3584113121032715
Epoch: 115, AccTr: 0.6126999855041504, AccVa: 0.6165000200271606, CeTr: 5.151149749755859, CeVa: 4.963623523712158
ENSEMBLE | Tr_Acc: 0.7511000037193298, Tr_CE: 1.3989827632904053, Va_Acc: 0.7384999990463257, Va_CE: 1.5047454833984375
Epoch: 116, AccTr: 0.5666000247001648, AccVa: 0.5600000023841858, CeTr: 4.393244743347168, CeVa: 4.362361907958984
Epoch: 117, AccTr: 0.5985000133514404, AccVa: 0.5960000157356262, CeTr: 4.8247833251953125, CeVa: 4.911616325378418
Epoch: 118, AccTr: 0.5569999814033508, AccVa: 0.5575000047683716, CeTr: 5.999856472015381, CeVa: 6.053400039672852
Epoch: 119, AccTr: 0.41749998927116394, AccVa: 0.4000000059604645, CeTr: 9.31095027923584, CeVa: 9.47514533996582
Epoch: 120, AccTr: 0.5752000212669373, AccVa: 0.5680000185966492, CeTr: 5.488650798797607, CeVa: 5.396368026733398
ENSEMBLE | Tr_Acc: 0.7534000277519226, Tr_CE: 1.4013186693191528, Va_Acc: 0.7384999990463257, Va_CE: 1.4958134889602661
Epoch: 121, AccTr: 0.5220999717712402, AccVa: 0.5335000157356262, CeTr: 6.305464267730713, CeVa: 6.223543643951416
Epoch: 122, AccTr: 0.5346999764442444, AccVa: 0.5304999947547913, CeTr: 7.208151340484619, CeVa: 7.293335914611816
Epoch: 123, AccTr: 0.5493000149726868, AccVa: 0.5475000143051147, CeTr: 6.3439178466796875, CeVa: 6.3818182945251465
Epoch: 124, AccTr: 0.49810001254081726, AccVa: 0.4860000014305115, CeTr: 8.294829368591309, CeVa: 8.5789213180542
Epoch: 125, AccTr: 0.5432000160217285, AccVa: 0.5425000190734863, CeTr: 4.602353572845459, CeVa: 4.465299606323242
ENSEMBLE | Tr_Acc: 0.7540000081062317, Tr_CE: 1.3620243072509766, Va_Acc: 0.7440000176429749, Va_CE: 1.458699345588684
Epoch: 126, AccTr: 0.47839999198913574, AccVa: 0.484499990940094, CeTr: 5.908918380737305, CeVa: 5.692147254943848
Epoch: 127, AccTr: 0.4052000045776367, AccVa: 0.40049999952316284, CeTr: 9.497241020202637, CeVa: 9.587406158447266
Epoch: 128, AccTr: 0.38589999079704285, AccVa: 0.382999986410141, CeTr: 9.189743041992188, CeVa: 9.472184181213379
Epoch: 129, AccTr: 0.3472999930381775, AccVa: 0.3384999930858612, CeTr: 11.53415584564209, CeVa: 11.343971252441406
Epoch: 130, AccTr: 0.48570001125335693, AccVa: 0.48899999260902405, CeTr: 6.702278137207031, CeVa: 6.656026363372803
ENSEMBLE | Tr_Acc: 0.7495999932289124, Tr_CE: 1.3800479173660278, Va_Acc: 0.7415000200271606, Va_CE: 1.4708611965179443
Epoch: 131, AccTr: 0.5303000211715698, AccVa: 0.5220000147819519, CeTr: 6.738041400909424, CeVa: 6.70613956451416
Epoch: 132, AccTr: 0.5019000172615051, AccVa: 0.503000020980835, CeTr: 6.347964763641357, CeVa: 6.392341613769531
Epoch: 133, AccTr: 0.5641000270843506, AccVa: 0.5665000081062317, CeTr: 5.484395503997803, CeVa: 5.653884410858154
Epoch: 134, AccTr: 0.6100999712944031, AccVa: 0.5889999866485596, CeTr: 4.35277795791626, CeVa: 4.52990198135376
Epoch: 135, AccTr: 0.426800012588501, AccVa: 0.4359999895095825, CeTr: 9.235696792602539, CeVa: 8.79504108428955
ENSEMBLE | Tr_Acc: 0.7400000095367432, Tr_CE: 1.4666978120803833, Va_Acc: 0.7335000038146973, Va_CE: 1.549211025238037
Epoch: 136, AccTr: 0.5200999975204468, AccVa: 0.531499981880188, CeTr: 7.123335838317871, CeVa: 6.766361236572266
Epoch: 137, AccTr: 0.375900000333786, AccVa: 0.37049999833106995, CeTr: 7.427247047424316, CeVa: 7.528500556945801
Epoch: 138, AccTr: 0.4537000060081482, AccVa: 0.4410000145435333, CeTr: 8.06701374053955, CeVa: 8.177820205688477
Epoch: 139, AccTr: 0.438400000333786, AccVa: 0.4440000057220459, CeTr: 7.275695323944092, CeVa: 6.815013408660889
Epoch: 140, AccTr: 0.4675999879837036, AccVa: 0.4729999899864197, CeTr: 6.960190773010254, CeVa: 7.205508708953857
ENSEMBLE | Tr_Acc: 0.7366999983787537, Tr_CE: 1.4821404218673706, Va_Acc: 0.7304999828338623, Va_CE: 1.5783979892730713
Epoch: 141, AccTr: 0.5444999933242798, AccVa: 0.5444999933242798, CeTr: 6.625765800476074, CeVa: 6.667867183685303
Epoch: 142, AccTr: 0.5752999782562256, AccVa: 0.5619999766349792, CeTr: 5.626073360443115, CeVa: 5.587327003479004
Epoch: 143, AccTr: 0.6122999787330627, AccVa: 0.6079999804496765, CeTr: 5.045710563659668, CeVa: 5.047064781188965
Epoch: 144, AccTr: 0.5612999796867371, AccVa: 0.559499979019165, CeTr: 5.523256301879883, CeVa: 5.476371765136719
Epoch: 145, AccTr: 0.6365000009536743, AccVa: 0.6255000233650208, CeTr: 4.354495525360107, CeVa: 4.384514331817627
ENSEMBLE | Tr_Acc: 0.7505000233650208, Tr_CE: 1.4080336093902588, Va_Acc: 0.7434999942779541, Va_CE: 1.5085186958312988
Epoch: 146, AccTr: 0.5253999829292297, AccVa: 0.5084999799728394, CeTr: 5.898462295532227, CeVa: 5.955152988433838
Epoch: 147, AccTr: 0.5605000257492065, AccVa: 0.5485000014305115, CeTr: 4.615261077880859, CeVa: 4.6658806800842285
Epoch: 148, AccTr: 0.5655999779701233, AccVa: 0.5584999918937683, CeTr: 4.267088413238525, CeVa: 4.406887531280518
Epoch: 149, AccTr: 0.5981000065803528, AccVa: 0.5830000042915344, CeTr: 4.334628105163574, CeVa: 4.405923366546631
Epoch: 150, AccTr: 0.7028999924659729, AccVa: 0.6899999976158142, CeTr: 3.0596730709075928, CeVa: 3.2817842960357666
ENSEMBLE | Tr_Acc: 0.760699987411499, Tr_CE: 1.338879108428955, Va_Acc: 0.7524999976158142, Va_CE: 1.4424798488616943
NN CONFIG
Weight-type:		binary
Layout									Layer #1: 280	Layer #2: 250	
Activation Functions					Layer #1: bs	Layer #2: bs	
Keep probabilities		Layer #0: 0.9	Layer #1: 0.9500000000000001	Layer #2: 0.9500000000000001	
Flat factors							Layer #1: 1.0	Layer #2: 1.0	Layer #3: 1.0	
Activation Noise						Layer #1: 0.0	Layer #2: 0.0	Layer #3: 0.0	

===================================

RUN CONFIG
Epochs: 150, Blocksize: 8

===================================

Epoch: 1, AccTr: 0.7421000003814697, AccVa: 0.7285000085830688, CeTr: 3.2655012607574463, CeVa: 3.306361436843872
Epoch: 2, AccTr: 0.791700005531311, AccVa: 0.7910000085830688, CeTr: 2.3446767330169678, CeVa: 2.4851698875427246
Epoch: 3, AccTr: 0.7886000275611877, AccVa: 0.7580000162124634, CeTr: 2.572110652923584, CeVa: 3.144545316696167
Epoch: 4, AccTr: 0.8195000290870667, AccVa: 0.7914999723434448, CeTr: 2.0006601810455322, CeVa: 2.5739829540252686
Epoch: 5, AccTr: 0.8047999739646912, AccVa: 0.7935000061988831, CeTr: 2.3338401317596436, CeVa: 2.699889659881592
Epoch: 6, AccTr: 0.7781000137329102, AccVa: 0.7680000066757202, CeTr: 2.8662781715393066, CeVa: 3.1241800785064697
Epoch: 7, AccTr: 0.7901999950408936, AccVa: 0.7695000171661377, CeTr: 2.5768818855285645, CeVa: 3.0065438747406006
Epoch: 8, AccTr: 0.7768999934196472, AccVa: 0.75, CeTr: 2.4018542766571045, CeVa: 2.7762954235076904
Epoch: 9, AccTr: 0.7405999898910522, AccVa: 0.7275000214576721, CeTr: 2.8836405277252197, CeVa: 3.2457361221313477
Epoch: 10, AccTr: 0.7569000124931335, AccVa: 0.7319999933242798, CeTr: 3.0384361743927, CeVa: 3.2713022232055664
Epoch: 11, AccTr: 0.6345000267028809, AccVa: 0.6299999952316284, CeTr: 4.12360143661499, CeVa: 4.292593955993652
Epoch: 12, AccTr: 0.7538999915122986, AccVa: 0.75, CeTr: 3.262807607650757, CeVa: 3.122173547744751
Epoch: 13, AccTr: 0.7361999750137329, AccVa: 0.7360000014305115, CeTr: 3.2732057571411133, CeVa: 3.3913676738739014
Epoch: 14, AccTr: 0.6822999715805054, AccVa: 0.6614999771118164, CeTr: 4.167181015014648, CeVa: 4.345738410949707
Epoch: 15, AccTr: 0.6538000106811523, AccVa: 0.6514999866485596, CeTr: 4.221006393432617, CeVa: 4.376372337341309
Epoch: 16, AccTr: 0.638700008392334, AccVa: 0.6399999856948853, CeTr: 3.7080836296081543, CeVa: 3.780322551727295
Epoch: 17, AccTr: 0.6331999897956848, AccVa: 0.6184999942779541, CeTr: 3.9898273944854736, CeVa: 4.3352532386779785
