NN CONFIG
Weight-type:		binary
Layout									Layer #1: 280	Layer #2: 250	
Activation Functions					Layer #1: bs	Layer #2: bs	
Keep probabilities		Layer #0: 0.8500000000000001	Layer #1: 0.9	Layer #2: 0.9	
Flat factors							Layer #1: 1.0	Layer #2: 1.0	Layer #3: 1.0	
Activation Noise						Layer #1: 0.0	Layer #2: 0.0	Layer #3: 0.0	

===================================

RUN CONFIG
Epochs: 150, Blocksize: 8

===================================

Epoch: 1, AccTr: 0.539900004863739, AccVa: 0.5195000171661377, CeTr: 13.045563697814941, CeVa: 13.780804634094238
Epoch: 2, AccTr: 0.5220000147819519, AccVa: 0.5145000219345093, CeTr: 9.275446891784668, CeVa: 9.455004692077637
Epoch: 3, AccTr: 0.47540000081062317, AccVa: 0.48649999499320984, CeTr: 10.262892723083496, CeVa: 10.084409713745117
Epoch: 4, AccTr: 0.5648999810218811, AccVa: 0.5690000057220459, CeTr: 7.699409484863281, CeVa: 7.616899490356445
Epoch: 5, AccTr: 0.5187000036239624, AccVa: 0.5040000081062317, CeTr: 7.811269760131836, CeVa: 8.244579315185547
Epoch: 6, AccTr: 0.5774000287055969, AccVa: 0.5715000033378601, CeTr: 6.44541072845459, CeVa: 6.3426289558410645
Epoch: 7, AccTr: 0.6007000207901001, AccVa: 0.597000002861023, CeTr: 5.530823230743408, CeVa: 5.5924859046936035
Epoch: 8, AccTr: 0.6370999813079834, AccVa: 0.6305000185966492, CeTr: 4.716217517852783, CeVa: 5.017735958099365
Epoch: 9, AccTr: 0.46560001373291016, AccVa: 0.46299999952316284, CeTr: 7.767393589019775, CeVa: 7.874049663543701
Epoch: 10, AccTr: 0.5716999769210815, AccVa: 0.5699999928474426, CeTr: 5.424464702606201, CeVa: 5.461299896240234
Epoch: 11, AccTr: 0.511900007724762, AccVa: 0.4860000014305115, CeTr: 6.240196228027344, CeVa: 6.538634300231934
Epoch: 12, AccTr: 0.6180999875068665, AccVa: 0.593999981880188, CeTr: 4.163389682769775, CeVa: 4.470553398132324
Epoch: 13, AccTr: 0.43529999256134033, AccVa: 0.4180000126361847, CeTr: 9.014385223388672, CeVa: 9.280109405517578
Epoch: 14, AccTr: 0.4970000088214874, AccVa: 0.48350000381469727, CeTr: 6.28881311416626, CeVa: 6.637867450714111
Epoch: 15, AccTr: 0.5374000072479248, AccVa: 0.5554999709129333, CeTr: 5.605490207672119, CeVa: 5.508610248565674
Epoch: 16, AccTr: 0.6103000044822693, AccVa: 0.6000000238418579, CeTr: 5.604920864105225, CeVa: 5.900808811187744
Epoch: 17, AccTr: 0.53329998254776, AccVa: 0.5335000157356262, CeTr: 6.399877548217773, CeVa: 6.562378406524658
Epoch: 18, AccTr: 0.5443000197410583, AccVa: 0.5550000071525574, CeTr: 6.134176731109619, CeVa: 6.116385459899902
Epoch: 19, AccTr: 0.48159998655319214, AccVa: 0.4814999997615814, CeTr: 6.641746997833252, CeVa: 6.798131942749023
Epoch: 20, AccTr: 0.5277000069618225, AccVa: 0.5335000157356262, CeTr: 6.3105645179748535, CeVa: 6.110271453857422
Epoch: 21, AccTr: 0.5354999899864197, AccVa: 0.5304999947547913, CeTr: 5.398475170135498, CeVa: 5.44534969329834
Epoch: 22, AccTr: 0.43650001287460327, AccVa: 0.4390000104904175, CeTr: 9.811417579650879, CeVa: 9.53787899017334
Epoch: 23, AccTr: 0.43810001015663147, AccVa: 0.46650001406669617, CeTr: 8.194247245788574, CeVa: 8.028854370117188
Epoch: 24, AccTr: 0.5519999861717224, AccVa: 0.5665000081062317, CeTr: 6.770230293273926, CeVa: 6.599394798278809
Epoch: 25, AccTr: 0.515500009059906, AccVa: 0.5320000052452087, CeTr: 5.873763084411621, CeVa: 5.578365325927734
ENSEMBLE | Tr_Acc: 0.515500009059906, Tr_CE: 5.873763084411621, Va_Acc: 0.5320000052452087, Va_CE: 5.578365325927734
Epoch: 26, AccTr: 0.48750001192092896, AccVa: 0.4959999918937683, CeTr: 5.954442977905273, CeVa: 6.173557758331299
Epoch: 27, AccTr: 0.3215999901294708, AccVa: 0.3305000066757202, CeTr: 8.26251220703125, CeVa: 8.001137733459473
Epoch: 28, AccTr: 0.5022000074386597, AccVa: 0.5034999847412109, CeTr: 5.450797080993652, CeVa: 5.510703086853027
Epoch: 29, AccTr: 0.40139999985694885, AccVa: 0.4020000100135803, CeTr: 8.212798118591309, CeVa: 8.055325508117676
Epoch: 30, AccTr: 0.32190001010894775, AccVa: 0.31700000166893005, CeTr: 9.817959785461426, CeVa: 9.62919807434082
ENSEMBLE | Tr_Acc: 0.48069998621940613, Tr_CE: 5.502267837524414, Va_Acc: 0.5019999742507935, Va_CE: 5.182275295257568
Epoch: 31, AccTr: 0.492900013923645, AccVa: 0.49399998784065247, CeTr: 7.3435282707214355, CeVa: 7.25998592376709
Epoch: 32, AccTr: 0.3084999918937683, AccVa: 0.3095000088214874, CeTr: 11.183759689331055, CeVa: 10.974494934082031
Epoch: 33, AccTr: 0.42640000581741333, AccVa: 0.43050000071525574, CeTr: 7.089022636413574, CeVa: 7.326188564300537
Epoch: 34, AccTr: 0.20960000157356262, AccVa: 0.2070000022649765, CeTr: 13.360048294067383, CeVa: 13.316794395446777
Epoch: 35, AccTr: 0.298799991607666, AccVa: 0.31700000166893005, CeTr: 10.175891876220703, CeVa: 9.699239730834961
ENSEMBLE | Tr_Acc: 0.4357999861240387, Tr_CE: 5.632019519805908, Va_Acc: 0.4555000066757202, Va_CE: 5.288916110992432
Epoch: 36, AccTr: 0.3693000078201294, AccVa: 0.3630000054836273, CeTr: 9.120888710021973, CeVa: 9.077169418334961
Epoch: 37, AccTr: 0.24250000715255737, AccVa: 0.25949999690055847, CeTr: 12.073773384094238, CeVa: 11.265459060668945
Epoch: 38, AccTr: 0.34860000014305115, AccVa: 0.3544999957084656, CeTr: 11.426270484924316, CeVa: 10.921503067016602
Epoch: 39, AccTr: 0.37940001487731934, AccVa: 0.3970000147819519, CeTr: 9.449614524841309, CeVa: 9.271719932556152
Epoch: 40, AccTr: 0.25920000672340393, AccVa: 0.26499998569488525, CeTr: 14.185540199279785, CeVa: 13.49875259399414
ENSEMBLE | Tr_Acc: 0.3653999865055084, Tr_CE: 6.6996750831604, Va_Acc: 0.3725000023841858, Va_CE: 6.299635410308838
Epoch: 41, AccTr: 0.33889999985694885, AccVa: 0.33799999952316284, CeTr: 11.92514419555664, CeVa: 11.62425422668457
Epoch: 42, AccTr: 0.3244999945163727, AccVa: 0.32850000262260437, CeTr: 11.414360046386719, CeVa: 11.38636589050293
Epoch: 43, AccTr: 0.3149000108242035, AccVa: 0.31349998712539673, CeTr: 12.600872993469238, CeVa: 12.361560821533203
Epoch: 44, AccTr: 0.3605000078678131, AccVa: 0.3644999861717224, CeTr: 9.898018836975098, CeVa: 9.654881477355957
Epoch: 45, AccTr: 0.3125999867916107, AccVa: 0.32850000262260437, CeTr: 10.579684257507324, CeVa: 9.94247817993164
ENSEMBLE | Tr_Acc: 0.36550000309944153, Tr_CE: 6.656774997711182, Va_Acc: 0.3779999911785126, Va_CE: 6.235545635223389
Epoch: 46, AccTr: 0.3370000123977661, AccVa: 0.3409999907016754, CeTr: 7.852126598358154, CeVa: 7.926146030426025
Epoch: 47, AccTr: 0.4383000135421753, AccVa: 0.43650001287460327, CeTr: 8.706717491149902, CeVa: 8.646564483642578
Epoch: 48, AccTr: 0.4009000062942505, AccVa: 0.41350001096725464, CeTr: 5.601654052734375, CeVa: 5.589235305786133
Epoch: 49, AccTr: 0.38269999623298645, AccVa: 0.3894999921321869, CeTr: 8.961403846740723, CeVa: 9.164994239807129
Epoch: 50, AccTr: 0.3046000003814697, AccVa: 0.3240000009536743, CeTr: 9.913936614990234, CeVa: 9.745438575744629
ENSEMBLE | Tr_Acc: 0.361299991607666, Tr_CE: 6.523453235626221, Va_Acc: 0.3725000023841858, Va_CE: 6.177172660827637
Epoch: 51, AccTr: 0.34310001134872437, AccVa: 0.3580000102519989, CeTr: 9.664084434509277, CeVa: 9.505401611328125
Epoch: 52, AccTr: 0.37689998745918274, AccVa: 0.37700000405311584, CeTr: 9.853751182556152, CeVa: 9.83056926727295
Epoch: 53, AccTr: 0.39969998598098755, AccVa: 0.414000004529953, CeTr: 7.736424446105957, CeVa: 7.4089131355285645
Epoch: 54, AccTr: 0.4634999930858612, AccVa: 0.45100000500679016, CeTr: 7.582859992980957, CeVa: 7.765580654144287
Epoch: 55, AccTr: 0.5666000247001648, AccVa: 0.5605000257492065, CeTr: 5.073620319366455, CeVa: 5.29452657699585
ENSEMBLE | Tr_Acc: 0.46050000190734863, Tr_CE: 4.504980564117432, Va_Acc: 0.47049999237060547, Va_CE: 4.240291118621826
Epoch: 56, AccTr: 0.5408999919891357, AccVa: 0.531499981880188, CeTr: 4.994171142578125, CeVa: 5.154195785522461
Epoch: 57, AccTr: 0.5296000242233276, AccVa: 0.5180000066757202, CeTr: 4.5954155921936035, CeVa: 4.661962032318115
Epoch: 58, AccTr: 0.4961000084877014, AccVa: 0.49549999833106995, CeTr: 5.838628768920898, CeVa: 5.924869060516357
Epoch: 59, AccTr: 0.32089999318122864, AccVa: 0.3269999921321869, CeTr: 9.588558197021484, CeVa: 9.51429271697998
Epoch: 60, AccTr: 0.32589998841285706, AccVa: 0.33899998664855957, CeTr: 8.443086624145508, CeVa: 7.995744228363037
ENSEMBLE | Tr_Acc: 0.4693000018596649, Tr_CE: 4.204550266265869, Va_Acc: 0.4814999997615814, Va_CE: 3.959584951400757
Epoch: 61, AccTr: 0.46959999203681946, AccVa: 0.46700000762939453, CeTr: 5.627418041229248, CeVa: 5.637590408325195
Epoch: 62, AccTr: 0.46129998564720154, AccVa: 0.45899999141693115, CeTr: 4.180673122406006, CeVa: 4.272687911987305
Epoch: 63, AccTr: 0.43149998784065247, AccVa: 0.414000004529953, CeTr: 5.217086315155029, CeVa: 5.2636308670043945
Epoch: 64, AccTr: 0.4763000011444092, AccVa: 0.47600001096725464, CeTr: 5.8030104637146, CeVa: 6.155157566070557
Epoch: 65, AccTr: 0.48980000615119934, AccVa: 0.4909999966621399, CeTr: 6.077638149261475, CeVa: 6.279862880706787
ENSEMBLE | Tr_Acc: 0.5351999998092651, Tr_CE: 3.5040504932403564, Va_Acc: 0.546500027179718, Va_CE: 3.3491687774658203
Epoch: 66, AccTr: 0.5185999870300293, AccVa: 0.5454999804496765, CeTr: 4.349116802215576, CeVa: 4.092972755432129
Epoch: 67, AccTr: 0.4453999996185303, AccVa: 0.4699999988079071, CeTr: 4.290514945983887, CeVa: 4.065063953399658
Epoch: 68, AccTr: 0.38280001282691956, AccVa: 0.38499999046325684, CeTr: 4.77919864654541, CeVa: 4.854994773864746
Epoch: 69, AccTr: 0.43369999527931213, AccVa: 0.44699999690055847, CeTr: 4.136584281921387, CeVa: 4.072880268096924
Epoch: 70, AccTr: 0.3720000088214874, AccVa: 0.37950000166893005, CeTr: 7.925805568695068, CeVa: 7.6711883544921875
ENSEMBLE | Tr_Acc: 0.588699996471405, Tr_CE: 3.075320243835449, Va_Acc: 0.5910000205039978, Va_CE: 2.982022523880005
Epoch: 71, AccTr: 0.4205000102519989, AccVa: 0.4325000047683716, CeTr: 9.034618377685547, CeVa: 8.930521011352539
Epoch: 72, AccTr: 0.4521999955177307, AccVa: 0.4645000100135803, CeTr: 8.639516830444336, CeVa: 8.486957550048828
Epoch: 73, AccTr: 0.48829999566078186, AccVa: 0.4805000126361847, CeTr: 6.306243896484375, CeVa: 6.378798007965088
Epoch: 74, AccTr: 0.48429998755455017, AccVa: 0.4814999997615814, CeTr: 7.339568614959717, CeVa: 7.2452311515808105
Epoch: 75, AccTr: 0.32820001244544983, AccVa: 0.33500000834465027, CeTr: 7.816078186035156, CeVa: 7.777745246887207
ENSEMBLE | Tr_Acc: 0.5999000072479248, Tr_CE: 2.956805467605591, Va_Acc: 0.6019999980926514, Va_CE: 2.9056456089019775
Epoch: 76, AccTr: 0.36719998717308044, AccVa: 0.3700000047683716, CeTr: 8.788135528564453, CeVa: 8.868659973144531
Epoch: 77, AccTr: 0.29580000042915344, AccVa: 0.30799999833106995, CeTr: 10.073628425598145, CeVa: 10.144583702087402
Epoch: 78, AccTr: 0.39070001244544983, AccVa: 0.40849998593330383, CeTr: 6.868253707885742, CeVa: 6.815962314605713
Epoch: 79, AccTr: 0.423799991607666, AccVa: 0.421999990940094, CeTr: 5.5346832275390625, CeVa: 5.472273349761963
Epoch: 80, AccTr: 0.3734999895095825, AccVa: 0.375, CeTr: 7.332192897796631, CeVa: 7.182958126068115
ENSEMBLE | Tr_Acc: 0.5899999737739563, Tr_CE: 2.8925089836120605, Va_Acc: 0.5914999842643738, Va_CE: 2.85087251663208
Epoch: 81, AccTr: 0.4205999970436096, AccVa: 0.4269999861717224, CeTr: 6.169013977050781, CeVa: 6.262042045593262
Epoch: 82, AccTr: 0.28220000863075256, AccVa: 0.29649999737739563, CeTr: 10.79187297821045, CeVa: 10.388031959533691
Epoch: 83, AccTr: 0.303600013256073, AccVa: 0.30399999022483826, CeTr: 9.03874397277832, CeVa: 8.998291969299316
Epoch: 84, AccTr: 0.4408999979496002, AccVa: 0.4480000138282776, CeTr: 5.211232662200928, CeVa: 5.34226655960083
Epoch: 85, AccTr: 0.4278999865055084, AccVa: 0.445499986410141, CeTr: 7.428163051605225, CeVa: 7.031148910522461
ENSEMBLE | Tr_Acc: 0.5889000296592712, Tr_CE: 2.902296781539917, Va_Acc: 0.5929999947547913, Va_CE: 2.8273208141326904
Epoch: 86, AccTr: 0.3564000129699707, AccVa: 0.35350000858306885, CeTr: 7.701157093048096, CeVa: 7.553922653198242
Epoch: 87, AccTr: 0.46549999713897705, AccVa: 0.46799999475479126, CeTr: 4.423079490661621, CeVa: 4.314987659454346
Epoch: 88, AccTr: 0.42239999771118164, AccVa: 0.4235000014305115, CeTr: 5.558931827545166, CeVa: 5.526031017303467
Epoch: 89, AccTr: 0.4113999903202057, AccVa: 0.40400001406669617, CeTr: 7.261013984680176, CeVa: 7.246697902679443
Epoch: 90, AccTr: 0.33230000734329224, AccVa: 0.33649998903274536, CeTr: 7.7234578132629395, CeVa: 7.709587097167969
ENSEMBLE | Tr_Acc: 0.5767999887466431, Tr_CE: 2.908853530883789, Va_Acc: 0.5839999914169312, Va_CE: 2.8380470275878906
Epoch: 91, AccTr: 0.24150000512599945, AccVa: 0.22699999809265137, CeTr: 10.406834602355957, CeVa: 10.334368705749512
Epoch: 92, AccTr: 0.33629998564720154, AccVa: 0.34450000524520874, CeTr: 9.189645767211914, CeVa: 8.787117004394531
Epoch: 93, AccTr: 0.350600004196167, AccVa: 0.3395000100135803, CeTr: 9.443533897399902, CeVa: 9.540321350097656
Epoch: 94, AccTr: 0.3424000144004822, AccVa: 0.3529999852180481, CeTr: 9.423306465148926, CeVa: 9.497452735900879
Epoch: 95, AccTr: 0.2989000082015991, AccVa: 0.31049999594688416, CeTr: 11.800117492675781, CeVa: 11.31379508972168
ENSEMBLE | Tr_Acc: 0.5813000202178955, Tr_CE: 2.937856674194336, Va_Acc: 0.5895000100135803, Va_CE: 2.8781020641326904
Epoch: 96, AccTr: 0.31850001215934753, AccVa: 0.3269999921321869, CeTr: 12.586691856384277, CeVa: 12.321883201599121
Epoch: 97, AccTr: 0.29980000853538513, AccVa: 0.2939999997615814, CeTr: 11.544310569763184, CeVa: 11.45505428314209
Epoch: 98, AccTr: 0.295199990272522, AccVa: 0.29649999737739563, CeTr: 13.326140403747559, CeVa: 13.081382751464844
Epoch: 99, AccTr: 0.30239999294281006, AccVa: 0.29350000619888306, CeTr: 12.005849838256836, CeVa: 11.96866226196289
Epoch: 100, AccTr: 0.2199999988079071, AccVa: 0.210999995470047, CeTr: 15.31528091430664, CeVa: 15.431471824645996
ENSEMBLE | Tr_Acc: 0.5597000122070312, Tr_CE: 3.0493719577789307, Va_Acc: 0.5724999904632568, Va_CE: 2.989609718322754
Epoch: 101, AccTr: 0.23430000245571136, AccVa: 0.22200000286102295, CeTr: 14.861474990844727, CeVa: 14.93916130065918
Epoch: 102, AccTr: 0.3160000145435333, AccVa: 0.29750001430511475, CeTr: 15.053444862365723, CeVa: 14.935919761657715
Epoch: 103, AccTr: 0.2612000107765198, AccVa: 0.26100000739097595, CeTr: 18.511043548583984, CeVa: 18.264835357666016
Epoch: 104, AccTr: 0.28369998931884766, AccVa: 0.2784999907016754, CeTr: 13.531316757202148, CeVa: 13.718006134033203
Epoch: 105, AccTr: 0.32109999656677246, AccVa: 0.30550000071525574, CeTr: 12.518601417541504, CeVa: 12.652318000793457
ENSEMBLE | Tr_Acc: 0.5385000109672546, Tr_CE: 3.2191600799560547, Va_Acc: 0.5479999780654907, Va_CE: 3.1546318531036377
Epoch: 106, AccTr: 0.3287000060081482, AccVa: 0.3240000009536743, CeTr: 11.154594421386719, CeVa: 10.862890243530273
Epoch: 107, AccTr: 0.3262999951839447, AccVa: 0.32199999690055847, CeTr: 12.3711576461792, CeVa: 12.18138599395752
Epoch: 108, AccTr: 0.30979999899864197, AccVa: 0.3240000009536743, CeTr: 12.005290985107422, CeVa: 12.197484016418457
Epoch: 109, AccTr: 0.4607999920845032, AccVa: 0.4729999899864197, CeTr: 7.602617263793945, CeVa: 7.560527801513672
Epoch: 110, AccTr: 0.36809998750686646, AccVa: 0.3970000147819519, CeTr: 8.303378105163574, CeVa: 7.980951309204102
ENSEMBLE | Tr_Acc: 0.5388000011444092, Tr_CE: 3.22756028175354, Va_Acc: 0.5450000166893005, Va_CE: 3.156996488571167
Epoch: 111, AccTr: 0.34850001335144043, AccVa: 0.36000001430511475, CeTr: 8.774898529052734, CeVa: 8.170198440551758
Epoch: 112, AccTr: 0.37619999051094055, AccVa: 0.367000013589859, CeTr: 10.894148826599121, CeVa: 10.982734680175781
Epoch: 113, AccTr: 0.4781999886035919, AccVa: 0.4740000069141388, CeTr: 9.00268840789795, CeVa: 9.007987976074219
Epoch: 114, AccTr: 0.2842999994754791, AccVa: 0.28700000047683716, CeTr: 11.834547996520996, CeVa: 11.777791023254395
Epoch: 115, AccTr: 0.35580000281333923, AccVa: 0.3375000059604645, CeTr: 10.123169898986816, CeVa: 10.06603717803955
ENSEMBLE | Tr_Acc: 0.5335999727249146, Tr_CE: 3.342531681060791, Va_Acc: 0.5404999852180481, Va_CE: 3.270742177963257
Epoch: 116, AccTr: 0.3402999937534332, AccVa: 0.3395000100135803, CeTr: 9.276573181152344, CeVa: 9.379159927368164
Epoch: 117, AccTr: 0.3140000104904175, AccVa: 0.32199999690055847, CeTr: 9.45873737335205, CeVa: 9.418583869934082
Epoch: 118, AccTr: 0.3806999921798706, AccVa: 0.382999986410141, CeTr: 9.396224975585938, CeVa: 9.266250610351562
Epoch: 119, AccTr: 0.3939000070095062, AccVa: 0.3824999928474426, CeTr: 10.517830848693848, CeVa: 10.807320594787598
Epoch: 120, AccTr: 0.385699987411499, AccVa: 0.37549999356269836, CeTr: 8.731815338134766, CeVa: 9.013344764709473
ENSEMBLE | Tr_Acc: 0.5321000218391418, Tr_CE: 3.3625073432922363, Va_Acc: 0.534500002861023, Va_CE: 3.3043715953826904
Epoch: 121, AccTr: 0.3725999891757965, AccVa: 0.3919999897480011, CeTr: 7.709447860717773, CeVa: 7.461652755737305
Epoch: 122, AccTr: 0.3075999915599823, AccVa: 0.31049999594688416, CeTr: 8.647928237915039, CeVa: 8.588951110839844
Epoch: 123, AccTr: 0.3716999888420105, AccVa: 0.3605000078678131, CeTr: 8.864169120788574, CeVa: 8.830480575561523
Epoch: 124, AccTr: 0.4081000089645386, AccVa: 0.40700000524520874, CeTr: 9.164429664611816, CeVa: 9.14470100402832
Epoch: 125, AccTr: 0.36239999532699585, AccVa: 0.37299999594688416, CeTr: 9.541406631469727, CeVa: 9.482542991638184
ENSEMBLE | Tr_Acc: 0.5328999757766724, Tr_CE: 3.4271750450134277, Va_Acc: 0.5364999771118164, Va_CE: 3.363698959350586
Epoch: 126, AccTr: 0.31869998574256897, AccVa: 0.31299999356269836, CeTr: 11.138011932373047, CeVa: 10.880361557006836
Epoch: 127, AccTr: 0.26159998774528503, AccVa: 0.2800000011920929, CeTr: 11.65355110168457, CeVa: 11.284784317016602
Epoch: 128, AccTr: 0.31310001015663147, AccVa: 0.3330000042915344, CeTr: 11.272514343261719, CeVa: 10.77357006072998
Epoch: 129, AccTr: 0.4277999997138977, AccVa: 0.4300000071525574, CeTr: 8.932661056518555, CeVa: 9.047554016113281
Epoch: 130, AccTr: 0.45590001344680786, AccVa: 0.45500001311302185, CeTr: 9.948198318481445, CeVa: 10.363497734069824
ENSEMBLE | Tr_Acc: 0.5338000059127808, Tr_CE: 3.547553539276123, Va_Acc: 0.5370000004768372, Va_CE: 3.5116374492645264
Epoch: 131, AccTr: 0.37220001220703125, AccVa: 0.3619999885559082, CeTr: 9.876082420349121, CeVa: 10.071476936340332
Epoch: 132, AccTr: 0.36250001192092896, AccVa: 0.3544999957084656, CeTr: 8.847519874572754, CeVa: 9.159204483032227
Epoch: 133, AccTr: 0.4659999907016754, AccVa: 0.4555000066757202, CeTr: 7.7408881187438965, CeVa: 7.990862846374512
Epoch: 134, AccTr: 0.4749999940395355, AccVa: 0.47099998593330383, CeTr: 6.313375949859619, CeVa: 6.332152843475342
Epoch: 135, AccTr: 0.30959999561309814, AccVa: 0.3125, CeTr: 9.621769905090332, CeVa: 9.43770980834961
ENSEMBLE | Tr_Acc: 0.5389000177383423, Tr_CE: 3.544684648513794, Va_Acc: 0.5454999804496765, Va_CE: 3.512760877609253
Epoch: 136, AccTr: 0.3779999911785126, AccVa: 0.3889999985694885, CeTr: 9.17408561706543, CeVa: 9.22469711303711
Epoch: 137, AccTr: 0.39739999175071716, AccVa: 0.40299999713897705, CeTr: 10.526390075683594, CeVa: 10.776336669921875
Epoch: 138, AccTr: 0.37709999084472656, AccVa: 0.3765000104904175, CeTr: 12.754090309143066, CeVa: 13.084712982177734
Epoch: 139, AccTr: 0.3540000021457672, AccVa: 0.35600000619888306, CeTr: 13.123781204223633, CeVa: 13.279067993164062
Epoch: 140, AccTr: 0.37119999527931213, AccVa: 0.3774999976158142, CeTr: 11.851490020751953, CeVa: 12.309576988220215
ENSEMBLE | Tr_Acc: 0.5419999957084656, Tr_CE: 3.6795241832733154, Va_Acc: 0.5485000014305115, Va_CE: 3.6691246032714844
Epoch: 141, AccTr: 0.3061999976634979, AccVa: 0.3095000088214874, CeTr: 11.245390892028809, CeVa: 10.931787490844727
Epoch: 142, AccTr: 0.21889999508857727, AccVa: 0.21850000321865082, CeTr: 12.065459251403809, CeVa: 11.804703712463379
Epoch: 143, AccTr: 0.3549000024795532, AccVa: 0.34700000286102295, CeTr: 11.425972938537598, CeVa: 11.618233680725098
Epoch: 144, AccTr: 0.288100004196167, AccVa: 0.2865000069141388, CeTr: 16.097734451293945, CeVa: 16.234209060668945
Epoch: 145, AccTr: 0.33180001378059387, AccVa: 0.3409999907016754, CeTr: 14.897418975830078, CeVa: 14.688167572021484
ENSEMBLE | Tr_Acc: 0.5404000282287598, Tr_CE: 3.8919503688812256, Va_Acc: 0.5479999780654907, Va_CE: 3.8756587505340576
Epoch: 146, AccTr: 0.3718999922275543, AccVa: 0.37950000166893005, CeTr: 13.26451587677002, CeVa: 13.388532638549805
Epoch: 147, AccTr: 0.362199991941452, AccVa: 0.36500000953674316, CeTr: 13.87661361694336, CeVa: 13.671037673950195
Epoch: 148, AccTr: 0.4090000092983246, AccVa: 0.40149998664855957, CeTr: 10.40770435333252, CeVa: 10.284740447998047
Epoch: 149, AccTr: 0.4359999895095825, AccVa: 0.4339999854564667, CeTr: 9.369585990905762, CeVa: 9.300271034240723
Epoch: 150, AccTr: 0.4830999970436096, AccVa: 0.47099998593330383, CeTr: 7.484325885772705, CeVa: 7.527628421783447
ENSEMBLE | Tr_Acc: 0.5508000254631042, Tr_CE: 3.862072229385376, Va_Acc: 0.5590000152587891, Va_CE: 3.856452703475952
NN CONFIG
Weight-type:		binary
Layout									Layer #1: 280	Layer #2: 250	
Activation Functions					Layer #1: bs	Layer #2: bs	
Keep probabilities		Layer #0: 0.8500000000000001	Layer #1: 0.9	Layer #2: 0.9	
Flat factors							Layer #1: 1.0	Layer #2: 1.0	Layer #3: 1.0	
Activation Noise						Layer #1: 0.0	Layer #2: 0.0	Layer #3: 0.0	

===================================

RUN CONFIG
Epochs: 150, Blocksize: 8

===================================

Epoch: 1, AccTr: 0.6148999929428101, AccVa: 0.6065000295639038, CeTr: 5.841994762420654, CeVa: 5.933700084686279
Epoch: 2, AccTr: 0.6507999897003174, AccVa: 0.6504999995231628, CeTr: 4.546874046325684, CeVa: 4.650984287261963
Epoch: 3, AccTr: 0.6597999930381775, AccVa: 0.6855000257492065, CeTr: 4.538844585418701, CeVa: 4.6376118659973145
Epoch: 4, AccTr: 0.7141000032424927, AccVa: 0.7074999809265137, CeTr: 3.9284863471984863, CeVa: 3.930112600326538
Epoch: 5, AccTr: 0.6855000257492065, AccVa: 0.671500027179718, CeTr: 3.8360836505889893, CeVa: 3.9751594066619873
Epoch: 6, AccTr: 0.7023000121116638, AccVa: 0.7049999833106995, CeTr: 3.9252421855926514, CeVa: 3.8519442081451416
Epoch: 7, AccTr: 0.6600000262260437, AccVa: 0.6489999890327454, CeTr: 4.6424407958984375, CeVa: 4.61002254486084
Epoch: 8, AccTr: 0.6448000073432922, AccVa: 0.6510000228881836, CeTr: 4.292017459869385, CeVa: 4.241794586181641
Epoch: 9, AccTr: 0.651199996471405, AccVa: 0.6585000157356262, CeTr: 4.069672107696533, CeVa: 4.137604713439941
Epoch: 10, AccTr: 0.6008999943733215, AccVa: 0.5839999914169312, CeTr: 4.285665988922119, CeVa: 4.502880573272705
Epoch: 11, AccTr: 0.5789999961853027, AccVa: 0.5864999890327454, CeTr: 5.069985389709473, CeVa: 5.118712902069092
Epoch: 12, AccTr: 0.6000000238418579, AccVa: 0.6075000166893005, CeTr: 4.2042236328125, CeVa: 4.030465126037598
Epoch: 13, AccTr: 0.5450000166893005, AccVa: 0.5270000100135803, CeTr: 4.0464701652526855, CeVa: 4.164575099945068
Epoch: 14, AccTr: 0.5529999732971191, AccVa: 0.5494999885559082, CeTr: 3.3110973834991455, CeVa: 3.3153653144836426
Epoch: 15, AccTr: 0.399399995803833, AccVa: 0.390500009059906, CeTr: 6.205282211303711, CeVa: 6.066373825073242
Epoch: 16, AccTr: 0.3901999890804291, AccVa: 0.40450000762939453, CeTr: 7.192662715911865, CeVa: 6.847752094268799
Epoch: 17, AccTr: 0.4068000018596649, AccVa: 0.41999998688697815, CeTr: 5.6103339195251465, CeVa: 5.0954084396362305
Epoch: 18, AccTr: 0.42399999499320984, AccVa: 0.4244999885559082, CeTr: 7.2092204093933105, CeVa: 6.960391998291016
Epoch: 19, AccTr: 0.37130001187324524, AccVa: 0.3785000145435333, CeTr: 6.864234924316406, CeVa: 6.684678077697754
Epoch: 20, AccTr: 0.4332999885082245, AccVa: 0.43849998712539673, CeTr: 5.960312366485596, CeVa: 6.0200724601745605
Epoch: 21, AccTr: 0.2930999994277954, AccVa: 0.2879999876022339, CeTr: 7.134426593780518, CeVa: 6.992172718048096
Epoch: 22, AccTr: 0.2741999924182892, AccVa: 0.24650000035762787, CeTr: 8.591867446899414, CeVa: 8.786310195922852
Epoch: 23, AccTr: 0.5565000176429749, AccVa: 0.5759999752044678, CeTr: 4.954930305480957, CeVa: 4.631353378295898
Epoch: 24, AccTr: 0.5379999876022339, AccVa: 0.5249999761581421, CeTr: 5.339987277984619, CeVa: 5.361319541931152
Epoch: 25, AccTr: 0.42809998989105225, AccVa: 0.43700000643730164, CeTr: 7.950989246368408, CeVa: 7.88664436340332
ENSEMBLE | Tr_Acc: 0.42809998989105225, Tr_CE: 7.950989246368408, Va_Acc: 0.43700000643730164, Va_CE: 7.88664436340332
Epoch: 26, AccTr: 0.37220001220703125, AccVa: 0.3935000002384186, CeTr: 6.8013763427734375, CeVa: 6.602785110473633
Epoch: 27, AccTr: 0.5170999765396118, AccVa: 0.5134999752044678, CeTr: 4.742978096008301, CeVa: 4.816178321838379
Epoch: 28, AccTr: 0.295199990272522, AccVa: 0.2955000102519989, CeTr: 7.308521270751953, CeVa: 6.996672630310059
Epoch: 29, AccTr: 0.2976999878883362, AccVa: 0.30799999833106995, CeTr: 9.763632774353027, CeVa: 9.312005996704102
Epoch: 30, AccTr: 0.3257000148296356, AccVa: 0.32850000262260437, CeTr: 9.12675666809082, CeVa: 8.892407417297363
ENSEMBLE | Tr_Acc: 0.4302000105381012, Tr_CE: 6.586352348327637, Va_Acc: 0.445499986410141, Va_CE: 6.4058027267456055
Epoch: 31, AccTr: 0.29750001430511475, AccVa: 0.31349998712539673, CeTr: 10.145113945007324, CeVa: 9.492382049560547
Epoch: 32, AccTr: 0.36809998750686646, AccVa: 0.38499999046325684, CeTr: 6.604449272155762, CeVa: 6.37805700302124
Epoch: 33, AccTr: 0.33820000290870667, AccVa: 0.3345000147819519, CeTr: 8.749037742614746, CeVa: 8.497353553771973
Epoch: 34, AccTr: 0.3806999921798706, AccVa: 0.38100001215934753, CeTr: 10.307851791381836, CeVa: 10.079510688781738
Epoch: 35, AccTr: 0.32260000705718994, AccVa: 0.34299999475479126, CeTr: 11.333794593811035, CeVa: 10.724308967590332
ENSEMBLE | Tr_Acc: 0.4336000084877014, Tr_CE: 6.3929123878479, Va_Acc: 0.4429999887943268, Va_CE: 6.020284175872803
Epoch: 36, AccTr: 0.32760000228881836, AccVa: 0.32499998807907104, CeTr: 10.187941551208496, CeVa: 9.80418586730957
Epoch: 37, AccTr: 0.2451999932527542, AccVa: 0.25099998712539673, CeTr: 12.279630661010742, CeVa: 12.06415843963623
Epoch: 38, AccTr: 0.3391000032424927, AccVa: 0.3529999852180481, CeTr: 8.426339149475098, CeVa: 7.907602310180664
Epoch: 39, AccTr: 0.30489999055862427, AccVa: 0.3095000088214874, CeTr: 8.382122039794922, CeVa: 8.275630950927734
Epoch: 40, AccTr: 0.25220000743865967, AccVa: 0.2815000116825104, CeTr: 10.88813591003418, CeVa: 10.326299667358398
ENSEMBLE | Tr_Acc: 0.3993000090122223, Tr_CE: 6.241017818450928, Va_Acc: 0.41200000047683716, Va_CE: 5.779623985290527
Epoch: 41, AccTr: 0.3944999873638153, AccVa: 0.4230000078678131, CeTr: 8.512764930725098, CeVa: 7.712497234344482
Epoch: 42, AccTr: 0.5027999877929688, AccVa: 0.512499988079071, CeTr: 6.5377678871154785, CeVa: 6.041622638702393
Epoch: 43, AccTr: 0.41690000891685486, AccVa: 0.414000004529953, CeTr: 7.151719570159912, CeVa: 6.908693313598633
Epoch: 44, AccTr: 0.49230000376701355, AccVa: 0.5090000033378601, CeTr: 5.154503345489502, CeVa: 5.1713151931762695
Epoch: 45, AccTr: 0.47130000591278076, AccVa: 0.4494999945163727, CeTr: 5.49851655960083, CeVa: 5.623398780822754
ENSEMBLE | Tr_Acc: 0.4634999930858612, Tr_CE: 4.961080074310303, Va_Acc: 0.4790000021457672, Va_CE: 4.6051483154296875
Epoch: 46, AccTr: 0.4903999865055084, AccVa: 0.49900001287460327, CeTr: 4.4698920249938965, CeVa: 4.150004863739014
Epoch: 47, AccTr: 0.3978999853134155, AccVa: 0.3894999921321869, CeTr: 5.367461681365967, CeVa: 5.235379695892334
Epoch: 48, AccTr: 0.3192000091075897, AccVa: 0.33550000190734863, CeTr: 5.96888542175293, CeVa: 5.726714611053467
Epoch: 49, AccTr: 0.3783999979496002, AccVa: 0.37549999356269836, CeTr: 5.759278297424316, CeVa: 5.779887676239014
Epoch: 50, AccTr: 0.47699999809265137, AccVa: 0.4869999885559082, CeTr: 4.2401251792907715, CeVa: 4.077571868896484
ENSEMBLE | Tr_Acc: 0.5009999871253967, Tr_CE: 4.062134265899658, Va_Acc: 0.5210000276565552, Va_CE: 3.749467134475708
Epoch: 51, AccTr: 0.3100999891757965, AccVa: 0.31349998712539673, CeTr: 6.5579423904418945, CeVa: 6.4734086990356445
Epoch: 52, AccTr: 0.33799999952316284, AccVa: 0.34299999475479126, CeTr: 6.155553817749023, CeVa: 5.91542911529541
Epoch: 53, AccTr: 0.3382999897003174, AccVa: 0.3564999997615814, CeTr: 7.192834377288818, CeVa: 7.198981285095215
Epoch: 54, AccTr: 0.1923000067472458, AccVa: 0.20100000500679016, CeTr: 15.925081253051758, CeVa: 14.998544692993164
Epoch: 55, AccTr: 0.25279998779296875, AccVa: 0.2630000114440918, CeTr: 12.44706916809082, CeVa: 11.982011795043945
ENSEMBLE | Tr_Acc: 0.4722000062465668, Tr_CE: 4.316312313079834, Va_Acc: 0.49300000071525574, Va_CE: 3.94128155708313
Epoch: 56, AccTr: 0.38580000400543213, AccVa: 0.39899998903274536, CeTr: 7.88328218460083, CeVa: 7.285224437713623
Epoch: 57, AccTr: 0.4447999894618988, AccVa: 0.4404999911785126, CeTr: 6.8322529792785645, CeVa: 6.675919055938721
Epoch: 58, AccTr: 0.5213000178337097, AccVa: 0.5199999809265137, CeTr: 4.84691858291626, CeVa: 4.683913230895996
Epoch: 59, AccTr: 0.525600016117096, AccVa: 0.5245000123977661, CeTr: 4.533088207244873, CeVa: 4.484230041503906
Epoch: 60, AccTr: 0.5741999745368958, AccVa: 0.578499972820282, CeTr: 4.809629917144775, CeVa: 4.717027187347412
ENSEMBLE | Tr_Acc: 0.5565000176429749, Tr_CE: 3.4199612140655518, Va_Acc: 0.574999988079071, Va_CE: 3.103761672973633
Epoch: 61, AccTr: 0.571399986743927, AccVa: 0.550000011920929, CeTr: 3.9581596851348877, CeVa: 4.062333583831787
Epoch: 62, AccTr: 0.588100016117096, AccVa: 0.5724999904632568, CeTr: 3.918463945388794, CeVa: 3.986346483230591
Epoch: 63, AccTr: 0.4009000062942505, AccVa: 0.4034999907016754, CeTr: 7.439613342285156, CeVa: 7.206145286560059
Epoch: 64, AccTr: 0.5544999837875366, AccVa: 0.5429999828338623, CeTr: 4.647831439971924, CeVa: 4.894733428955078
Epoch: 65, AccTr: 0.3084999918937683, AccVa: 0.3009999990463257, CeTr: 8.124876976013184, CeVa: 8.303563117980957
ENSEMBLE | Tr_Acc: 0.5842000246047974, Tr_CE: 3.0043468475341797, Va_Acc: 0.6029999852180481, Va_CE: 2.734044075012207
Epoch: 66, AccTr: 0.4652000069618225, AccVa: 0.48649999499320984, CeTr: 4.642956256866455, CeVa: 4.462470531463623
Epoch: 67, AccTr: 0.38960000872612, AccVa: 0.390500009059906, CeTr: 6.323235034942627, CeVa: 6.043741226196289
Epoch: 68, AccTr: 0.3246000111103058, AccVa: 0.3310000002384186, CeTr: 10.567850112915039, CeVa: 10.580795288085938
Epoch: 69, AccTr: 0.33410000801086426, AccVa: 0.33000001311302185, CeTr: 9.080419540405273, CeVa: 8.754935264587402
Epoch: 70, AccTr: 0.37389999628067017, AccVa: 0.39399999380111694, CeTr: 6.543164253234863, CeVa: 6.268372058868408
ENSEMBLE | Tr_Acc: 0.5867999792098999, Tr_CE: 2.88311767578125, Va_Acc: 0.6014999747276306, Va_CE: 2.6037721633911133
Epoch: 71, AccTr: 0.3774000108242035, AccVa: 0.3995000123977661, CeTr: 7.2579827308654785, CeVa: 6.780210971832275
Epoch: 72, AccTr: 0.3986000120639801, AccVa: 0.4165000021457672, CeTr: 6.2027201652526855, CeVa: 5.810706615447998
Epoch: 73, AccTr: 0.5371999740600586, AccVa: 0.5335000157356262, CeTr: 3.519998073577881, CeVa: 3.626906633377075
Epoch: 74, AccTr: 0.5349000096321106, AccVa: 0.531499981880188, CeTr: 4.085926532745361, CeVa: 4.039971828460693
Epoch: 75, AccTr: 0.4975000023841858, AccVa: 0.49900001287460327, CeTr: 4.066280364990234, CeVa: 4.0277910232543945
ENSEMBLE | Tr_Acc: 0.6122000217437744, Tr_CE: 2.589961528778076, Va_Acc: 0.6334999799728394, Va_CE: 2.3182997703552246
Epoch: 76, AccTr: 0.3571000099182129, AccVa: 0.3630000054836273, CeTr: 6.758284568786621, CeVa: 6.663995742797852
Epoch: 77, AccTr: 0.44200000166893005, AccVa: 0.4620000123977661, CeTr: 4.734856605529785, CeVa: 4.5380778312683105
Epoch: 78, AccTr: 0.31610000133514404, AccVa: 0.3190000057220459, CeTr: 8.049654960632324, CeVa: 7.8333868980407715
Epoch: 79, AccTr: 0.41760000586509705, AccVa: 0.4194999933242798, CeTr: 6.294195175170898, CeVa: 6.132718563079834
Epoch: 80, AccTr: 0.5950999855995178, AccVa: 0.609000027179718, CeTr: 4.284375190734863, CeVa: 4.172613620758057
ENSEMBLE | Tr_Acc: 0.635200023651123, Tr_CE: 2.4027061462402344, Va_Acc: 0.6535000205039978, Va_CE: 2.1395342350006104
Epoch: 81, AccTr: 0.39010000228881836, AccVa: 0.40450000762939453, CeTr: 7.592684268951416, CeVa: 7.285002708435059
Epoch: 82, AccTr: 0.3465000092983246, AccVa: 0.3605000078678131, CeTr: 8.42657470703125, CeVa: 8.405717849731445
Epoch: 83, AccTr: 0.23680000007152557, AccVa: 0.23399999737739563, CeTr: 14.014447212219238, CeVa: 14.114121437072754
Epoch: 84, AccTr: 0.1535000056028366, AccVa: 0.15700000524520874, CeTr: 14.445310592651367, CeVa: 14.521466255187988
Epoch: 85, AccTr: 0.11810000240802765, AccVa: 0.11999999731779099, CeTr: 21.042497634887695, CeVa: 20.800756454467773
ENSEMBLE | Tr_Acc: 0.5891000032424927, Tr_CE: 2.8501522541046143, Va_Acc: 0.6065000295639038, Va_CE: 2.5737693309783936
Epoch: 86, AccTr: 0.1890999972820282, AccVa: 0.2094999998807907, CeTr: 13.978425025939941, CeVa: 13.803068161010742
Epoch: 87, AccTr: 0.20669999718666077, AccVa: 0.22100000083446503, CeTr: 13.258593559265137, CeVa: 12.857683181762695
Epoch: 88, AccTr: 0.2669000029563904, AccVa: 0.26750001311302185, CeTr: 10.728167533874512, CeVa: 10.426546096801758
Epoch: 89, AccTr: 0.19939999282360077, AccVa: 0.2094999998807907, CeTr: 13.510190963745117, CeVa: 13.374431610107422
Epoch: 90, AccTr: 0.28299999237060547, AccVa: 0.2874999940395355, CeTr: 10.756566047668457, CeVa: 10.512857437133789
ENSEMBLE | Tr_Acc: 0.5699999928474426, Tr_CE: 3.0591366291046143, Va_Acc: 0.5814999938011169, Va_CE: 2.773024082183838
Epoch: 91, AccTr: 0.2151000052690506, AccVa: 0.22450000047683716, CeTr: 14.867671966552734, CeVa: 14.776749610900879
Epoch: 92, AccTr: 0.14640000462532043, AccVa: 0.16300000250339508, CeTr: 14.450824737548828, CeVa: 13.853131294250488
Epoch: 93, AccTr: 0.15160000324249268, AccVa: 0.16750000417232513, CeTr: 13.9708890914917, CeVa: 13.601846694946289
Epoch: 94, AccTr: 0.18209999799728394, AccVa: 0.20200000703334808, CeTr: 14.668313980102539, CeVa: 13.905477523803711
Epoch: 95, AccTr: 0.12809999287128448, AccVa: 0.12600000202655792, CeTr: 19.29646873474121, CeVa: 19.125059127807617
ENSEMBLE | Tr_Acc: 0.5109999775886536, Tr_CE: 3.5266737937927246, Va_Acc: 0.531000018119812, Va_CE: 3.224608898162842
Epoch: 96, AccTr: 0.12639999389648438, AccVa: 0.1404999941587448, CeTr: 20.640615463256836, CeVa: 20.486608505249023
Epoch: 97, AccTr: 0.22050000727176666, AccVa: 0.22349999845027924, CeTr: 14.287826538085938, CeVa: 14.233551025390625
Epoch: 98, AccTr: 0.18700000643730164, AccVa: 0.19850000739097595, CeTr: 17.30443572998047, CeVa: 16.58457374572754
Epoch: 99, AccTr: 0.24320000410079956, AccVa: 0.25049999356269836, CeTr: 13.521598815917969, CeVa: 13.270882606506348
Epoch: 100, AccTr: 0.1543000042438507, AccVa: 0.16099999845027924, CeTr: 20.045425415039062, CeVa: 19.551284790039062
ENSEMBLE | Tr_Acc: 0.4708000123500824, Tr_CE: 4.046284198760986, Va_Acc: 0.49000000953674316, Va_CE: 3.736145257949829
Epoch: 101, AccTr: 0.2809999883174896, AccVa: 0.29100000858306885, CeTr: 15.904812812805176, CeVa: 15.877739906311035
Epoch: 102, AccTr: 0.23929999768733978, AccVa: 0.24400000274181366, CeTr: 15.338693618774414, CeVa: 15.50741195678711
Epoch: 103, AccTr: 0.25450000166893005, AccVa: 0.27250000834465027, CeTr: 16.602937698364258, CeVa: 16.315298080444336
Epoch: 104, AccTr: 0.31299999356269836, AccVa: 0.3269999921321869, CeTr: 11.774142265319824, CeVa: 11.550405502319336
Epoch: 105, AccTr: 0.40070000290870667, AccVa: 0.4165000021457672, CeTr: 10.057184219360352, CeVa: 9.685940742492676
ENSEMBLE | Tr_Acc: 0.46959999203681946, Tr_CE: 4.12522029876709, Va_Acc: 0.4884999990463257, Va_CE: 3.8030049800872803
Epoch: 106, AccTr: 0.3560999929904938, AccVa: 0.37950000166893005, CeTr: 11.033019065856934, CeVa: 10.698948860168457
Epoch: 107, AccTr: 0.28450000286102295, AccVa: 0.296999990940094, CeTr: 10.970226287841797, CeVa: 10.887968063354492
Epoch: 108, AccTr: 0.4343000054359436, AccVa: 0.4235000014305115, CeTr: 6.809640407562256, CeVa: 6.660043716430664
Epoch: 109, AccTr: 0.47440001368522644, AccVa: 0.4925000071525574, CeTr: 5.851782321929932, CeVa: 5.405031204223633
Epoch: 110, AccTr: 0.3206999897956848, AccVa: 0.3384999930858612, CeTr: 8.810345649719238, CeVa: 8.338785171508789
ENSEMBLE | Tr_Acc: 0.4794999957084656, Tr_CE: 3.944343328475952, Va_Acc: 0.4959999918937683, Va_CE: 3.627018451690674
Epoch: 111, AccTr: 0.18389999866485596, AccVa: 0.1899999976158142, CeTr: 13.597790718078613, CeVa: 13.403648376464844
Epoch: 112, AccTr: 0.19629999995231628, AccVa: 0.1914999932050705, CeTr: 14.202978134155273, CeVa: 13.982112884521484
Epoch: 113, AccTr: 0.21770000457763672, AccVa: 0.22100000083446503, CeTr: 14.558060646057129, CeVa: 13.643566131591797
Epoch: 114, AccTr: 0.3449000120162964, AccVa: 0.35199999809265137, CeTr: 10.901651382446289, CeVa: 10.66606330871582
Epoch: 115, AccTr: 0.24959999322891235, AccVa: 0.2475000023841858, CeTr: 15.428436279296875, CeVa: 14.842985153198242
ENSEMBLE | Tr_Acc: 0.454800009727478, Tr_CE: 4.294525146484375, Va_Acc: 0.4699999988079071, Va_CE: 3.9549906253814697
Epoch: 116, AccTr: 0.20880000293254852, AccVa: 0.21199999749660492, CeTr: 16.692413330078125, CeVa: 16.421714782714844
Epoch: 117, AccTr: 0.37709999084472656, AccVa: 0.3799999952316284, CeTr: 9.414687156677246, CeVa: 8.984572410583496
Epoch: 118, AccTr: 0.39410001039505005, AccVa: 0.39250001311302185, CeTr: 7.2058186531066895, CeVa: 7.05618953704834
Epoch: 119, AccTr: 0.26350000500679016, AccVa: 0.28200000524520874, CeTr: 10.61810302734375, CeVa: 10.075149536132812
Epoch: 120, AccTr: 0.19820000231266022, AccVa: 0.2045000046491623, CeTr: 13.621810913085938, CeVa: 13.204642295837402
ENSEMBLE | Tr_Acc: 0.429500013589859, Tr_CE: 4.484469413757324, Va_Acc: 0.4465000033378601, Va_CE: 4.1365227699279785
Epoch: 121, AccTr: 0.45680001378059387, AccVa: 0.4684999883174896, CeTr: 7.3107452392578125, CeVa: 6.919251918792725
Epoch: 122, AccTr: 0.31779998540878296, AccVa: 0.32199999690055847, CeTr: 10.057286262512207, CeVa: 9.881787300109863
Epoch: 123, AccTr: 0.2004999965429306, AccVa: 0.2134999930858612, CeTr: 14.15990924835205, CeVa: 13.682568550109863
Epoch: 124, AccTr: 0.2542000114917755, AccVa: 0.2644999921321869, CeTr: 14.416104316711426, CeVa: 13.935873985290527
Epoch: 125, AccTr: 0.1225999966263771, AccVa: 0.13699999451637268, CeTr: 19.86991310119629, CeVa: 19.247228622436523
ENSEMBLE | Tr_Acc: 0.3837999999523163, Tr_CE: 4.919320106506348, Va_Acc: 0.4025000035762787, Va_CE: 4.558434009552002
Epoch: 126, AccTr: 0.11100000143051147, AccVa: 0.11649999767541885, CeTr: 24.16387367248535, CeVa: 23.793718338012695
Epoch: 127, AccTr: 0.11469999700784683, AccVa: 0.1274999976158142, CeTr: 20.060943603515625, CeVa: 19.456140518188477
Epoch: 128, AccTr: 0.12219999730587006, AccVa: 0.125, CeTr: 21.366178512573242, CeVa: 20.762426376342773
Epoch: 129, AccTr: 0.10400000214576721, AccVa: 0.11649999767541885, CeTr: 24.42475128173828, CeVa: 23.674449920654297
Epoch: 130, AccTr: 0.12960000336170197, AccVa: 0.13199999928474426, CeTr: 25.25826644897461, CeVa: 24.851593017578125
ENSEMBLE | Tr_Acc: 0.3409000039100647, Tr_CE: 5.562319755554199, Va_Acc: 0.35850000381469727, Va_CE: 5.193207263946533
Epoch: 131, AccTr: 0.10779999941587448, AccVa: 0.11599999666213989, CeTr: 25.40513038635254, CeVa: 25.194808959960938
Epoch: 132, AccTr: 0.155799999833107, AccVa: 0.16099999845027924, CeTr: 23.405532836914062, CeVa: 23.0533504486084
Epoch: 133, AccTr: 0.11959999799728394, AccVa: 0.1264999955892563, CeTr: 25.81975555419922, CeVa: 25.899465560913086
Epoch: 134, AccTr: 0.13109999895095825, AccVa: 0.1404999941587448, CeTr: 23.4016056060791, CeVa: 23.370718002319336
Epoch: 135, AccTr: 0.13410000503063202, AccVa: 0.1459999978542328, CeTr: 22.524248123168945, CeVa: 21.69622039794922
ENSEMBLE | Tr_Acc: 0.310699999332428, Tr_CE: 6.1296210289001465, Va_Acc: 0.33149999380111694, Va_CE: 5.737564563751221
Epoch: 136, AccTr: 0.14030000567436218, AccVa: 0.14350000023841858, CeTr: 20.75043487548828, CeVa: 20.538406372070312
Epoch: 137, AccTr: 0.18520000576972961, AccVa: 0.19349999725818634, CeTr: 16.50423240661621, CeVa: 16.19959259033203
Epoch: 138, AccTr: 0.1289999932050705, AccVa: 0.13500000536441803, CeTr: 21.963647842407227, CeVa: 21.494945526123047
Epoch: 139, AccTr: 0.12409999966621399, AccVa: 0.12399999797344208, CeTr: 19.405197143554688, CeVa: 18.87757682800293
Epoch: 140, AccTr: 0.20839999616146088, AccVa: 0.22849999368190765, CeTr: 13.947016716003418, CeVa: 13.315754890441895
ENSEMBLE | Tr_Acc: 0.2921000123023987, Tr_CE: 6.341940402984619, Va_Acc: 0.3174999952316284, Va_CE: 5.93698263168335
Epoch: 141, AccTr: 0.22339999675750732, AccVa: 0.2370000034570694, CeTr: 11.762968063354492, CeVa: 11.298378944396973
Epoch: 142, AccTr: 0.11100000143051147, AccVa: 0.1145000010728836, CeTr: 19.483537673950195, CeVa: 19.400468826293945
Epoch: 143, AccTr: 0.3982999920845032, AccVa: 0.3955000042915344, CeTr: 10.371006965637207, CeVa: 10.011598587036133
Epoch: 144, AccTr: 0.3614000082015991, AccVa: 0.3709999918937683, CeTr: 8.94568920135498, CeVa: 8.909138679504395
Epoch: 145, AccTr: 0.41929998993873596, AccVa: 0.43549999594688416, CeTr: 6.774285316467285, CeVa: 6.303627967834473
ENSEMBLE | Tr_Acc: 0.30250000953674316, Tr_CE: 6.1951165199279785, Va_Acc: 0.32749998569488525, Va_CE: 5.785274982452393
Epoch: 146, AccTr: 0.4855000078678131, AccVa: 0.48399999737739563, CeTr: 6.244128227233887, CeVa: 6.465213298797607
Epoch: 147, AccTr: 0.42739999294281006, AccVa: 0.41850000619888306, CeTr: 6.696181297302246, CeVa: 6.744357585906982
Epoch: 148, AccTr: 0.3547999858856201, AccVa: 0.3734999895095825, CeTr: 9.051915168762207, CeVa: 8.966127395629883
Epoch: 149, AccTr: 0.3718000054359436, AccVa: 0.3605000078678131, CeTr: 7.7661452293396, CeVa: 7.750714302062988
Epoch: 150, AccTr: 0.21969999372959137, AccVa: 0.22750000655651093, CeTr: 14.657980918884277, CeVa: 14.765644073486328
ENSEMBLE | Tr_Acc: 0.2872999906539917, Tr_CE: 6.341181755065918, Va_Acc: 0.31150001287460327, Va_CE: 5.950002670288086
NN CONFIG
Weight-type:		binary
Layout									Layer #1: 280	Layer #2: 250	
Activation Functions					Layer #1: bs	Layer #2: bs	
Keep probabilities		Layer #0: 0.8500000000000001	Layer #1: 0.9	Layer #2: 0.9	
Flat factors							Layer #1: 1.0	Layer #2: 1.0	Layer #3: 1.0	
Activation Noise						Layer #1: 0.0	Layer #2: 0.0	Layer #3: 0.0	

===================================

RUN CONFIG
Epochs: 150, Blocksize: 8

===================================

Epoch: 1, AccTr: 0.38350000977516174, AccVa: 0.3935000002384186, CeTr: 14.782096862792969, CeVa: 15.089859008789062
Epoch: 2, AccTr: 0.42080000042915344, AccVa: 0.41449999809265137, CeTr: 10.23007869720459, CeVa: 10.712651252746582
Epoch: 3, AccTr: 0.4846999943256378, AccVa: 0.4869999885559082, CeTr: 10.752376556396484, CeVa: 10.75698184967041
Epoch: 4, AccTr: 0.5270000100135803, AccVa: 0.5289999842643738, CeTr: 10.411443710327148, CeVa: 10.36780834197998
Epoch: 5, AccTr: 0.5562000274658203, AccVa: 0.5540000200271606, CeTr: 7.953916549682617, CeVa: 7.764936923980713
Epoch: 6, AccTr: 0.6013000011444092, AccVa: 0.5920000076293945, CeTr: 6.605804920196533, CeVa: 6.737584114074707
Epoch: 7, AccTr: 0.6079999804496765, AccVa: 0.6305000185966492, CeTr: 5.034254550933838, CeVa: 4.75961971282959
Epoch: 8, AccTr: 0.6236000061035156, AccVa: 0.6165000200271606, CeTr: 4.565230369567871, CeVa: 4.635912895202637
Epoch: 9, AccTr: 0.6180999875068665, AccVa: 0.6169999837875366, CeTr: 4.8833160400390625, CeVa: 4.616775035858154
Epoch: 10, AccTr: 0.44780001044273376, AccVa: 0.4429999887943268, CeTr: 9.41441535949707, CeVa: 9.671513557434082
Epoch: 11, AccTr: 0.42910000681877136, AccVa: 0.4284999966621399, CeTr: 8.943122863769531, CeVa: 8.93415641784668
Epoch: 12, AccTr: 0.5087000131607056, AccVa: 0.4970000088214874, CeTr: 6.533339977264404, CeVa: 6.809234142303467
Epoch: 13, AccTr: 0.4742000102996826, AccVa: 0.4819999933242798, CeTr: 8.110698699951172, CeVa: 7.699897289276123
Epoch: 14, AccTr: 0.46700000762939453, AccVa: 0.46549999713897705, CeTr: 7.318817138671875, CeVa: 7.586130142211914
Epoch: 15, AccTr: 0.46149998903274536, AccVa: 0.4544999897480011, CeTr: 6.8126959800720215, CeVa: 6.785085678100586
Epoch: 16, AccTr: 0.4244999885559082, AccVa: 0.4165000021457672, CeTr: 7.4017438888549805, CeVa: 8.037667274475098
Epoch: 17, AccTr: 0.5472999811172485, AccVa: 0.546500027179718, CeTr: 4.903618335723877, CeVa: 4.914407730102539
Epoch: 18, AccTr: 0.3668000102043152, AccVa: 0.3610000014305115, CeTr: 9.668574333190918, CeVa: 9.95785140991211
Epoch: 19, AccTr: 0.44600000977516174, AccVa: 0.4309999942779541, CeTr: 6.042595386505127, CeVa: 6.4319891929626465
Epoch: 20, AccTr: 0.5351999998092651, AccVa: 0.5429999828338623, CeTr: 4.5415849685668945, CeVa: 4.570269584655762
Epoch: 21, AccTr: 0.4668000042438507, AccVa: 0.4684999883174896, CeTr: 7.034322738647461, CeVa: 6.927296161651611
Epoch: 22, AccTr: 0.5200999975204468, AccVa: 0.5115000009536743, CeTr: 5.429068088531494, CeVa: 5.369681358337402
Epoch: 23, AccTr: 0.5615000128746033, AccVa: 0.5565000176429749, CeTr: 4.655452728271484, CeVa: 4.684228420257568
Epoch: 24, AccTr: 0.44760000705718994, AccVa: 0.445499986410141, CeTr: 6.781190395355225, CeVa: 6.685105323791504
Epoch: 25, AccTr: 0.34860000014305115, AccVa: 0.34850001335144043, CeTr: 9.463255882263184, CeVa: 9.63575553894043
ENSEMBLE | Tr_Acc: 0.34860000014305115, Tr_CE: 9.463255882263184, Va_Acc: 0.34850001335144043, Va_CE: 9.63575553894043
Epoch: 26, AccTr: 0.4207000136375427, AccVa: 0.42750000953674316, CeTr: 6.20850944519043, CeVa: 6.314760684967041
Epoch: 27, AccTr: 0.4733999967575073, AccVa: 0.4699999988079071, CeTr: 5.831167221069336, CeVa: 5.765974998474121
Epoch: 28, AccTr: 0.33079999685287476, AccVa: 0.3345000147819519, CeTr: 7.265011787414551, CeVa: 7.009787082672119
Epoch: 29, AccTr: 0.4320000112056732, AccVa: 0.4350000023841858, CeTr: 6.258183002471924, CeVa: 6.38616943359375
Epoch: 30, AccTr: 0.3880000114440918, AccVa: 0.39399999380111694, CeTr: 6.367872714996338, CeVa: 6.380220890045166
ENSEMBLE | Tr_Acc: 0.4724999964237213, Tr_CE: 5.1023054122924805, Va_Acc: 0.47049999237060547, Va_CE: 5.258878231048584
Epoch: 31, AccTr: 0.48159998655319214, AccVa: 0.4684999883174896, CeTr: 7.425541400909424, CeVa: 7.4486260414123535
Epoch: 32, AccTr: 0.4065999984741211, AccVa: 0.414000004529953, CeTr: 8.197192192077637, CeVa: 8.067977905273438
Epoch: 33, AccTr: 0.4625999927520752, AccVa: 0.45100000500679016, CeTr: 7.1183061599731445, CeVa: 7.32628870010376
Epoch: 34, AccTr: 0.40070000290870667, AccVa: 0.41100001335144043, CeTr: 8.43702220916748, CeVa: 8.213470458984375
Epoch: 35, AccTr: 0.3197999894618988, AccVa: 0.3244999945163727, CeTr: 11.358977317810059, CeVa: 11.085981369018555
ENSEMBLE | Tr_Acc: 0.43459999561309814, Tr_CE: 5.923499584197998, Va_Acc: 0.4404999911785126, Va_CE: 5.977118015289307
Epoch: 36, AccTr: 0.31450000405311584, AccVa: 0.3149999976158142, CeTr: 9.173564910888672, CeVa: 9.072531700134277
Epoch: 37, AccTr: 0.3140999972820282, AccVa: 0.31299999356269836, CeTr: 9.336779594421387, CeVa: 9.144306182861328
Epoch: 38, AccTr: 0.2842999994754791, AccVa: 0.2919999957084656, CeTr: 12.29032039642334, CeVa: 12.53107738494873
Epoch: 39, AccTr: 0.3630000054836273, AccVa: 0.3395000100135803, CeTr: 14.129121780395508, CeVa: 13.827436447143555
Epoch: 40, AccTr: 0.24609999358654022, AccVa: 0.24699999392032623, CeTr: 17.686208724975586, CeVa: 17.58884048461914
ENSEMBLE | Tr_Acc: 0.40130001306533813, Tr_CE: 7.349208831787109, Va_Acc: 0.39899998903274536, Va_CE: 7.3961052894592285
Epoch: 41, AccTr: 0.22699999809265137, AccVa: 0.23399999737739563, CeTr: 18.785091400146484, CeVa: 18.501754760742188
Epoch: 42, AccTr: 0.19449999928474426, AccVa: 0.19599999487400055, CeTr: 17.944719314575195, CeVa: 17.966035842895508
Epoch: 43, AccTr: 0.12399999797344208, AccVa: 0.1274999976158142, CeTr: 27.15281867980957, CeVa: 26.734621047973633
Epoch: 44, AccTr: 0.1648000031709671, AccVa: 0.16699999570846558, CeTr: 24.339828491210938, CeVa: 23.908205032348633
Epoch: 45, AccTr: 0.20640000700950623, AccVa: 0.20100000500679016, CeTr: 17.56412124633789, CeVa: 17.68651580810547
ENSEMBLE | Tr_Acc: 0.4059000015258789, Tr_CE: 6.676753997802734, Va_Acc: 0.4050000011920929, Va_CE: 6.789514541625977
Epoch: 46, AccTr: 0.18880000710487366, AccVa: 0.18400000035762787, CeTr: 21.278209686279297, CeVa: 21.0773868560791
Epoch: 47, AccTr: 0.2854999899864197, AccVa: 0.2800000011920929, CeTr: 14.062884330749512, CeVa: 14.398682594299316
Epoch: 48, AccTr: 0.14630000293254852, AccVa: 0.13750000298023224, CeTr: 27.226943969726562, CeVa: 27.711383819580078
Epoch: 49, AccTr: 0.19329999387264252, AccVa: 0.19599999487400055, CeTr: 20.953720092773438, CeVa: 20.807167053222656
