NN CONFIG
Weight-type:		binary
Layout									Layer #1: 280	Layer #2: 250	
Activation Functions					Layer #1: bs	Layer #2: bs	
Keep probabilities		Layer #0: 0.8500000000000001	Layer #1: 0.9500000000000001	Layer #2: 0.9500000000000001	
Flat factors							Layer #1: 1.0	Layer #2: 1.0	Layer #3: 1.0	
Activation Noise						Layer #1: 0.0	Layer #2: 0.0	Layer #3: 0.0	

===================================

RUN CONFIG
Epochs: 150, Blocksize: 8

===================================

Epoch: 1, AccTr: 0.40459999442100525, AccVa: 0.40400001406669617, CeTr: 16.55568504333496, CeVa: 16.375341415405273
Epoch: 2, AccTr: 0.5217999815940857, AccVa: 0.4959999918937683, CeTr: 9.180137634277344, CeVa: 9.735299110412598
Epoch: 3, AccTr: 0.5139999985694885, AccVa: 0.5049999952316284, CeTr: 10.751593589782715, CeVa: 11.198965072631836
Epoch: 4, AccTr: 0.6460000276565552, AccVa: 0.6294999718666077, CeTr: 4.961909294128418, CeVa: 5.6326985359191895
Epoch: 5, AccTr: 0.5196999907493591, AccVa: 0.4984999895095825, CeTr: 8.149346351623535, CeVa: 8.34855842590332
Epoch: 6, AccTr: 0.4449999928474426, AccVa: 0.4375, CeTr: 9.754691123962402, CeVa: 9.894277572631836
Epoch: 7, AccTr: 0.5860000252723694, AccVa: 0.5989999771118164, CeTr: 5.221423625946045, CeVa: 5.130251407623291
Epoch: 8, AccTr: 0.48730000853538513, AccVa: 0.47450000047683716, CeTr: 4.527551174163818, CeVa: 4.542259216308594
Epoch: 9, AccTr: 0.40689998865127563, AccVa: 0.4034999907016754, CeTr: 5.547109603881836, CeVa: 5.602094650268555
Epoch: 10, AccTr: 0.49149999022483826, AccVa: 0.47600001096725464, CeTr: 3.638162612915039, CeVa: 3.6399552822113037
Epoch: 11, AccTr: 0.41029998660087585, AccVa: 0.414000004529953, CeTr: 5.182720184326172, CeVa: 5.365793228149414
Epoch: 12, AccTr: 0.4097000062465668, AccVa: 0.41100001335144043, CeTr: 4.261916637420654, CeVa: 4.300039291381836
Epoch: 13, AccTr: 0.3806999921798706, AccVa: 0.3734999895095825, CeTr: 8.171228408813477, CeVa: 8.460386276245117
Epoch: 14, AccTr: 0.3765000104904175, AccVa: 0.3709999918937683, CeTr: 7.901215076446533, CeVa: 8.182839393615723
Epoch: 15, AccTr: 0.3034000098705292, AccVa: 0.3149999976158142, CeTr: 7.002657890319824, CeVa: 6.9575276374816895
Epoch: 16, AccTr: 0.34850001335144043, AccVa: 0.3529999852180481, CeTr: 7.28019380569458, CeVa: 7.374070644378662
Epoch: 17, AccTr: 0.45980000495910645, AccVa: 0.4584999978542328, CeTr: 4.263710975646973, CeVa: 4.231305122375488
Epoch: 18, AccTr: 0.38499999046325684, AccVa: 0.3889999985694885, CeTr: 6.254536151885986, CeVa: 6.428861618041992
Epoch: 19, AccTr: 0.3889999985694885, AccVa: 0.40400001406669617, CeTr: 7.5886712074279785, CeVa: 7.5863800048828125
Epoch: 20, AccTr: 0.33899998664855957, AccVa: 0.328000009059906, CeTr: 6.364959239959717, CeVa: 6.403006076812744
Epoch: 21, AccTr: 0.265500009059906, AccVa: 0.25450000166893005, CeTr: 7.936758041381836, CeVa: 7.799386501312256
Epoch: 22, AccTr: 0.2694000005722046, AccVa: 0.2824999988079071, CeTr: 9.35626220703125, CeVa: 9.118531227111816
Epoch: 23, AccTr: 0.16200000047683716, AccVa: 0.16099999845027924, CeTr: 11.067756652832031, CeVa: 11.07778549194336
Epoch: 24, AccTr: 0.23170000314712524, AccVa: 0.23149999976158142, CeTr: 10.047320365905762, CeVa: 10.344943046569824
Epoch: 25, AccTr: 0.29820001125335693, AccVa: 0.3174999952316284, CeTr: 8.325406074523926, CeVa: 7.835177898406982
ENSEMBLE | Tr_Acc: 0.29820001125335693, Tr_CE: 8.325406074523926, Va_Acc: 0.3174999952316284, Va_CE: 7.835177898406982
Epoch: 26, AccTr: 0.2849999964237213, AccVa: 0.2944999933242798, CeTr: 8.797521591186523, CeVa: 8.779529571533203
Epoch: 27, AccTr: 0.1662999987602234, AccVa: 0.17249999940395355, CeTr: 12.742398262023926, CeVa: 12.436580657958984
Epoch: 28, AccTr: 0.2529999911785126, AccVa: 0.25600001215934753, CeTr: 11.838726997375488, CeVa: 11.338245391845703
Epoch: 29, AccTr: 0.31940001249313354, AccVa: 0.3244999945163727, CeTr: 10.798238754272461, CeVa: 10.51547622680664
Epoch: 30, AccTr: 0.19760000705718994, AccVa: 0.2045000046491623, CeTr: 9.601642608642578, CeVa: 9.489011764526367
ENSEMBLE | Tr_Acc: 0.27410000562667847, Tr_CE: 7.22977352142334, Va_Acc: 0.27250000834465027, Va_CE: 6.904993057250977
Epoch: 31, AccTr: 0.2827000021934509, AccVa: 0.2994999885559082, CeTr: 9.560264587402344, CeVa: 9.235843658447266
Epoch: 32, AccTr: 0.2946999967098236, AccVa: 0.3059999942779541, CeTr: 7.631519317626953, CeVa: 7.307644367218018
Epoch: 33, AccTr: 0.4205999970436096, AccVa: 0.4244999885559082, CeTr: 5.767509937286377, CeVa: 5.8694634437561035
Epoch: 34, AccTr: 0.41850000619888306, AccVa: 0.4194999933242798, CeTr: 7.078850746154785, CeVa: 6.946991443634033
Epoch: 35, AccTr: 0.4196000099182129, AccVa: 0.4255000054836273, CeTr: 8.57912826538086, CeVa: 8.563417434692383
ENSEMBLE | Tr_Acc: 0.3898000121116638, Tr_CE: 5.863149166107178, Va_Acc: 0.3970000147819519, Va_CE: 5.680205821990967
Epoch: 36, AccTr: 0.27570000290870667, AccVa: 0.2685000002384186, CeTr: 11.87004566192627, CeVa: 11.925260543823242
Epoch: 37, AccTr: 0.2596000134944916, AccVa: 0.24699999392032623, CeTr: 13.200831413269043, CeVa: 13.510174751281738
Epoch: 38, AccTr: 0.25110000371932983, AccVa: 0.2460000067949295, CeTr: 12.179265975952148, CeVa: 12.040702819824219
Epoch: 39, AccTr: 0.2515999972820282, AccVa: 0.23800000548362732, CeTr: 8.263669967651367, CeVa: 8.470745086669922
Epoch: 40, AccTr: 0.2768000066280365, AccVa: 0.2784999907016754, CeTr: 8.018366813659668, CeVa: 8.056303024291992
ENSEMBLE | Tr_Acc: 0.3675999939441681, Tr_CE: 5.7142157554626465, Va_Acc: 0.3734999895095825, Va_CE: 5.549926280975342
Epoch: 41, AccTr: 0.2289000004529953, AccVa: 0.23649999499320984, CeTr: 11.403767585754395, CeVa: 11.325304985046387
Epoch: 42, AccTr: 0.3100999891757965, AccVa: 0.33149999380111694, CeTr: 9.099928855895996, CeVa: 8.960416793823242
Epoch: 43, AccTr: 0.325300008058548, AccVa: 0.3160000145435333, CeTr: 7.731234550476074, CeVa: 7.536077976226807
Epoch: 44, AccTr: 0.3321000039577484, AccVa: 0.35100001096725464, CeTr: 8.470059394836426, CeVa: 8.23061752319336
Epoch: 45, AccTr: 0.20010000467300415, AccVa: 0.2070000022649765, CeTr: 9.697892189025879, CeVa: 9.339359283447266
ENSEMBLE | Tr_Acc: 0.3783000111579895, Tr_CE: 5.100850582122803, Va_Acc: 0.38999998569488525, Va_CE: 4.915779113769531
Epoch: 46, AccTr: 0.2678999900817871, AccVa: 0.2630000114440918, CeTr: 8.283955574035645, CeVa: 8.356380462646484
Epoch: 47, AccTr: 0.2720000147819519, AccVa: 0.28999999165534973, CeTr: 8.200644493103027, CeVa: 7.789791584014893
Epoch: 48, AccTr: 0.23579999804496765, AccVa: 0.24150000512599945, CeTr: 10.225617408752441, CeVa: 10.074695587158203
Epoch: 49, AccTr: 0.27459999918937683, AccVa: 0.27549999952316284, CeTr: 7.863318920135498, CeVa: 7.8046555519104
Epoch: 50, AccTr: 0.2062000036239624, AccVa: 0.22550000250339508, CeTr: 12.837849617004395, CeVa: 12.303967475891113
ENSEMBLE | Tr_Acc: 0.351500004529953, Tr_CE: 5.670074939727783, Va_Acc: 0.36399999260902405, Va_CE: 5.451786041259766
Epoch: 51, AccTr: 0.32260000705718994, AccVa: 0.33399999141693115, CeTr: 7.788593769073486, CeVa: 7.729304790496826
Epoch: 52, AccTr: 0.2621999979019165, AccVa: 0.26649999618530273, CeTr: 8.713624000549316, CeVa: 8.735268592834473
Epoch: 53, AccTr: 0.22130000591278076, AccVa: 0.22300000488758087, CeTr: 13.297119140625, CeVa: 13.024109840393066
Epoch: 54, AccTr: 0.21119999885559082, AccVa: 0.21299999952316284, CeTr: 12.039090156555176, CeVa: 11.7039155960083
Epoch: 55, AccTr: 0.2685000002384186, AccVa: 0.27399998903274536, CeTr: 11.173894882202148, CeVa: 11.104279518127441
ENSEMBLE | Tr_Acc: 0.335999995470047, Tr_CE: 6.089291095733643, Va_Acc: 0.3474999964237213, Va_CE: 5.873784065246582
Epoch: 56, AccTr: 0.24580000340938568, AccVa: 0.24699999392032623, CeTr: 10.213373184204102, CeVa: 10.161506652832031
Epoch: 57, AccTr: 0.273499995470047, AccVa: 0.2745000123977661, CeTr: 12.867030143737793, CeVa: 12.879927635192871
Epoch: 58, AccTr: 0.251800000667572, AccVa: 0.2685000002384186, CeTr: 13.12192153930664, CeVa: 12.918815612792969
Epoch: 59, AccTr: 0.16539999842643738, AccVa: 0.16899999976158142, CeTr: 15.997715950012207, CeVa: 15.787748336791992
Epoch: 60, AccTr: 0.27459999918937683, AccVa: 0.2800000011920929, CeTr: 15.846478462219238, CeVa: 15.598628997802734
ENSEMBLE | Tr_Acc: 0.3257000148296356, Tr_CE: 6.877267360687256, Va_Acc: 0.33899998664855957, Va_CE: 6.690290927886963
Epoch: 61, AccTr: 0.31769999861717224, AccVa: 0.33550000190734863, CeTr: 11.195270538330078, CeVa: 10.710776329040527
Epoch: 62, AccTr: 0.2045000046491623, AccVa: 0.20350000262260437, CeTr: 12.804369926452637, CeVa: 12.527308464050293
Epoch: 63, AccTr: 0.19499999284744263, AccVa: 0.20800000429153442, CeTr: 13.882609367370605, CeVa: 13.646324157714844
Epoch: 64, AccTr: 0.1339000016450882, AccVa: 0.13199999928474426, CeTr: 18.912803649902344, CeVa: 18.6826229095459
Epoch: 65, AccTr: 0.14970000088214874, AccVa: 0.1535000056028366, CeTr: 23.334232330322266, CeVa: 23.024738311767578
ENSEMBLE | Tr_Acc: 0.2847999930381775, Tr_CE: 8.24952220916748, Va_Acc: 0.2919999957084656, Va_CE: 8.042824745178223
Epoch: 66, AccTr: 0.19900000095367432, AccVa: 0.19750000536441803, CeTr: 12.01485824584961, CeVa: 11.989767074584961
Epoch: 67, AccTr: 0.2596000134944916, AccVa: 0.26899999380111694, CeTr: 13.628382682800293, CeVa: 13.538722038269043
Epoch: 68, AccTr: 0.32170000672340393, AccVa: 0.32600000500679016, CeTr: 8.284920692443848, CeVa: 8.147683143615723
Epoch: 69, AccTr: 0.3774999976158142, AccVa: 0.3765000104904175, CeTr: 7.3478922843933105, CeVa: 7.266560077667236
Epoch: 70, AccTr: 0.3391000032424927, AccVa: 0.33799999952316284, CeTr: 7.628087520599365, CeVa: 7.42678165435791
ENSEMBLE | Tr_Acc: 0.2928999960422516, Tr_CE: 7.978366374969482, Va_Acc: 0.3034999966621399, Va_CE: 7.7774553298950195
Epoch: 71, AccTr: 0.4535999894142151, AccVa: 0.4375, CeTr: 5.075627326965332, CeVa: 5.004345893859863
Epoch: 72, AccTr: 0.4749000072479248, AccVa: 0.46650001406669617, CeTr: 5.41232442855835, CeVa: 5.525216579437256
Epoch: 73, AccTr: 0.38040000200271606, AccVa: 0.3659999966621399, CeTr: 7.4881110191345215, CeVa: 7.781659126281738
Epoch: 74, AccTr: 0.366100013256073, AccVa: 0.34950000047683716, CeTr: 6.907405376434326, CeVa: 7.013526916503906
Epoch: 75, AccTr: 0.41179999709129333, AccVa: 0.39149999618530273, CeTr: 5.885101795196533, CeVa: 5.986461162567139
ENSEMBLE | Tr_Acc: 0.314300000667572, Tr_CE: 7.288862705230713, Va_Acc: 0.3230000138282776, Va_CE: 7.130658149719238
Epoch: 76, AccTr: 0.3799999952316284, AccVa: 0.36649999022483826, CeTr: 6.821763515472412, CeVa: 7.153684616088867
Epoch: 77, AccTr: 0.3840000033378601, AccVa: 0.382999986410141, CeTr: 5.132384777069092, CeVa: 5.103557586669922
Epoch: 78, AccTr: 0.34209999442100525, AccVa: 0.37049999833106995, CeTr: 5.8088603019714355, CeVa: 5.636407375335693
Epoch: 79, AccTr: 0.33570000529289246, AccVa: 0.3330000042915344, CeTr: 6.682571887969971, CeVa: 6.60734748840332
Epoch: 80, AccTr: 0.35760000348091125, AccVa: 0.3504999876022339, CeTr: 6.032513618469238, CeVa: 6.238931655883789
ENSEMBLE | Tr_Acc: 0.3165000081062317, Tr_CE: 6.668961524963379, Va_Acc: 0.32600000500679016, Va_CE: 6.545503616333008
Epoch: 81, AccTr: 0.37940001487731934, AccVa: 0.38850000500679016, CeTr: 7.157096862792969, CeVa: 6.896432399749756
Epoch: 82, AccTr: 0.4975000023841858, AccVa: 0.5074999928474426, CeTr: 4.181389808654785, CeVa: 4.193378925323486
Epoch: 83, AccTr: 0.31769999861717224, AccVa: 0.3305000066757202, CeTr: 7.297013282775879, CeVa: 7.437747001647949
Epoch: 84, AccTr: 0.3765999972820282, AccVa: 0.3720000088214874, CeTr: 5.46477746963501, CeVa: 5.648013114929199
Epoch: 85, AccTr: 0.4147999882698059, AccVa: 0.4300000071525574, CeTr: 6.004971504211426, CeVa: 5.867119312286377
ENSEMBLE | Tr_Acc: 0.33149999380111694, Tr_CE: 6.176590442657471, Va_Acc: 0.3409999907016754, Va_CE: 6.05577278137207
Epoch: 86, AccTr: 0.3889999985694885, AccVa: 0.3804999887943268, CeTr: 7.434171676635742, CeVa: 7.333802223205566
Epoch: 87, AccTr: 0.45980000495910645, AccVa: 0.47350001335144043, CeTr: 3.695889472961426, CeVa: 3.600355863571167
Epoch: 88, AccTr: 0.3725000023841858, AccVa: 0.37299999594688416, CeTr: 5.806616306304932, CeVa: 6.029448986053467
Epoch: 89, AccTr: 0.39489999413490295, AccVa: 0.36899998784065247, CeTr: 6.211895942687988, CeVa: 6.469192028045654
Epoch: 90, AccTr: 0.3580000102519989, AccVa: 0.35100001096725464, CeTr: 4.817318916320801, CeVa: 4.828617572784424
ENSEMBLE | Tr_Acc: 0.3330000042915344, Tr_CE: 5.753934383392334, Va_Acc: 0.3434999883174896, Va_CE: 5.651894569396973
Epoch: 91, AccTr: 0.4426000118255615, AccVa: 0.42800000309944153, CeTr: 5.084786891937256, CeVa: 5.4194254875183105
Epoch: 92, AccTr: 0.3156999945640564, AccVa: 0.3240000009536743, CeTr: 6.469230651855469, CeVa: 6.659811019897461
Epoch: 93, AccTr: 0.4323999881744385, AccVa: 0.4390000104904175, CeTr: 6.028368949890137, CeVa: 6.001644134521484
Epoch: 94, AccTr: 0.3912000060081482, AccVa: 0.39800000190734863, CeTr: 8.439607620239258, CeVa: 8.512635231018066
Epoch: 95, AccTr: 0.359499990940094, AccVa: 0.335999995470047, CeTr: 6.621613502502441, CeVa: 6.812278747558594
ENSEMBLE | Tr_Acc: 0.3312000036239624, Tr_CE: 5.40856409072876, Va_Acc: 0.34599998593330383, Va_CE: 5.347166061401367
Epoch: 96, AccTr: 0.33500000834465027, AccVa: 0.3334999978542328, CeTr: 7.356520175933838, CeVa: 7.2971601486206055
Epoch: 97, AccTr: 0.5055000185966492, AccVa: 0.5034999847412109, CeTr: 5.195483684539795, CeVa: 5.3048014640808105
Epoch: 98, AccTr: 0.5011000037193298, AccVa: 0.512499988079071, CeTr: 5.136031150817871, CeVa: 5.163517475128174
Epoch: 99, AccTr: 0.31520000100135803, AccVa: 0.32899999618530273, CeTr: 10.418373107910156, CeVa: 10.354686737060547
Epoch: 100, AccTr: 0.40230000019073486, AccVa: 0.4124999940395355, CeTr: 6.435675621032715, CeVa: 6.268052577972412
ENSEMBLE | Tr_Acc: 0.36890000104904175, Tr_CE: 4.837843418121338, Va_Acc: 0.3774999976158142, Va_CE: 4.804867744445801
Epoch: 101, AccTr: 0.47200000286102295, AccVa: 0.4595000147819519, CeTr: 5.531890392303467, CeVa: 5.408576488494873
Epoch: 102, AccTr: 0.4771000146865845, AccVa: 0.4729999899864197, CeTr: 5.453031539916992, CeVa: 5.431132793426514
Epoch: 103, AccTr: 0.3837999999523163, AccVa: 0.3865000009536743, CeTr: 6.145036697387695, CeVa: 6.019202709197998
Epoch: 104, AccTr: 0.35339999198913574, AccVa: 0.34150001406669617, CeTr: 5.777688503265381, CeVa: 5.6941633224487305
Epoch: 105, AccTr: 0.27230000495910645, AccVa: 0.25999999046325684, CeTr: 7.862521648406982, CeVa: 7.832023620605469
ENSEMBLE | Tr_Acc: 0.39419999718666077, Tr_CE: 4.439167499542236, Va_Acc: 0.39899998903274536, Va_CE: 4.415146350860596
Epoch: 106, AccTr: 0.26429998874664307, AccVa: 0.25200000405311584, CeTr: 8.052529335021973, CeVa: 7.918331146240234
Epoch: 107, AccTr: 0.38909998536109924, AccVa: 0.3709999918937683, CeTr: 6.897602558135986, CeVa: 7.128439903259277
Epoch: 108, AccTr: 0.4009000062942505, AccVa: 0.4034999907016754, CeTr: 6.6092305183410645, CeVa: 6.443017482757568
Epoch: 109, AccTr: 0.3395000100135803, AccVa: 0.3370000123977661, CeTr: 6.869102478027344, CeVa: 6.94132137298584
Epoch: 110, AccTr: 0.35269999504089355, AccVa: 0.37049999833106995, CeTr: 7.71388578414917, CeVa: 7.426945686340332
ENSEMBLE | Tr_Acc: 0.423799991607666, Tr_CE: 4.0522966384887695, Va_Acc: 0.42899999022483826, Va_CE: 4.046111583709717
Epoch: 111, AccTr: 0.45890000462532043, AccVa: 0.453000009059906, CeTr: 5.529220104217529, CeVa: 5.446158409118652
Epoch: 112, AccTr: 0.3231000006198883, AccVa: 0.3165000081062317, CeTr: 5.272447109222412, CeVa: 5.186459064483643
Epoch: 113, AccTr: 0.29980000853538513, AccVa: 0.28200000524520874, CeTr: 8.38038158416748, CeVa: 8.426959991455078
Epoch: 114, AccTr: 0.3424000144004822, AccVa: 0.3409999907016754, CeTr: 9.249436378479004, CeVa: 9.393413543701172
Epoch: 115, AccTr: 0.2793999910354614, AccVa: 0.27799999713897705, CeTr: 6.85862398147583, CeVa: 6.760933876037598
ENSEMBLE | Tr_Acc: 0.46709999442100525, Tr_CE: 3.572782039642334, Va_Acc: 0.46549999713897705, Va_CE: 3.576169013977051
Epoch: 116, AccTr: 0.25780001282691956, AccVa: 0.24950000643730164, CeTr: 8.140663146972656, CeVa: 8.303930282592773
Epoch: 117, AccTr: 0.42969998717308044, AccVa: 0.421999990940094, CeTr: 4.573145866394043, CeVa: 4.602062702178955
Epoch: 118, AccTr: 0.3172999918460846, AccVa: 0.2955000102519989, CeTr: 6.592897891998291, CeVa: 6.762791156768799
Epoch: 119, AccTr: 0.4772999882698059, AccVa: 0.48500001430511475, CeTr: 6.714229106903076, CeVa: 6.7391037940979
Epoch: 120, AccTr: 0.35040000081062317, AccVa: 0.367000013589859, CeTr: 6.649437427520752, CeVa: 6.500278949737549
ENSEMBLE | Tr_Acc: 0.5023999810218811, Tr_CE: 3.2314398288726807, Va_Acc: 0.49799999594688416, Va_CE: 3.2355806827545166
Epoch: 121, AccTr: 0.3208000063896179, AccVa: 0.3255000114440918, CeTr: 8.060416221618652, CeVa: 8.078420639038086
Epoch: 122, AccTr: 0.45680001378059387, AccVa: 0.45249998569488525, CeTr: 4.1510772705078125, CeVa: 4.0754194259643555
Epoch: 123, AccTr: 0.4803999960422516, AccVa: 0.47099998593330383, CeTr: 4.33540678024292, CeVa: 4.686051368713379
Epoch: 124, AccTr: 0.5055000185966492, AccVa: 0.5044999718666077, CeTr: 4.0767669677734375, CeVa: 4.147717475891113
Epoch: 125, AccTr: 0.4390000104904175, AccVa: 0.43650001287460327, CeTr: 3.983013391494751, CeVa: 4.012333869934082
ENSEMBLE | Tr_Acc: 0.5343999862670898, Tr_CE: 2.9455983638763428, Va_Acc: 0.5239999890327454, Va_CE: 2.9587008953094482
Epoch: 126, AccTr: 0.37940001487731934, AccVa: 0.36250001192092896, CeTr: 5.198849201202393, CeVa: 5.235135555267334
Epoch: 127, AccTr: 0.3799999952316284, AccVa: 0.382999986410141, CeTr: 4.8951263427734375, CeVa: 5.20495080947876
Epoch: 128, AccTr: 0.5652999877929688, AccVa: 0.5475000143051147, CeTr: 2.5341196060180664, CeVa: 2.752258539199829
Epoch: 129, AccTr: 0.3377000093460083, AccVa: 0.33250001072883606, CeTr: 5.265737056732178, CeVa: 5.272026062011719
Epoch: 130, AccTr: 0.4341999888420105, AccVa: 0.4269999861717224, CeTr: 5.4424662590026855, CeVa: 5.812323093414307
ENSEMBLE | Tr_Acc: 0.5552999973297119, Tr_CE: 2.7683348655700684, Va_Acc: 0.5494999885559082, Va_CE: 2.791182279586792
Epoch: 131, AccTr: 0.47110000252723694, AccVa: 0.46149998903274536, CeTr: 3.957371950149536, CeVa: 3.9397170543670654
Epoch: 132, AccTr: 0.4738999903202057, AccVa: 0.47850000858306885, CeTr: 4.346242904663086, CeVa: 4.375543594360352
Epoch: 133, AccTr: 0.44020000100135803, AccVa: 0.4399999976158142, CeTr: 3.772239923477173, CeVa: 3.8974366188049316
Epoch: 134, AccTr: 0.251800000667572, AccVa: 0.24699999392032623, CeTr: 6.936098575592041, CeVa: 6.994946002960205
Epoch: 135, AccTr: 0.4984999895095825, AccVa: 0.5084999799728394, CeTr: 3.4522106647491455, CeVa: 3.6141440868377686
ENSEMBLE | Tr_Acc: 0.5825999975204468, Tr_CE: 2.5563926696777344, Va_Acc: 0.5789999961853027, Va_CE: 2.5776207447052
Epoch: 136, AccTr: 0.38670000433921814, AccVa: 0.3790000081062317, CeTr: 3.3512585163116455, CeVa: 3.34004282951355
Epoch: 137, AccTr: 0.37459999322891235, AccVa: 0.37549999356269836, CeTr: 4.670986175537109, CeVa: 4.841085433959961
Epoch: 138, AccTr: 0.3555000126361847, AccVa: 0.34850001335144043, CeTr: 4.338588237762451, CeVa: 4.40032958984375
Epoch: 139, AccTr: 0.3783000111579895, AccVa: 0.36800000071525574, CeTr: 4.067101001739502, CeVa: 4.380101203918457
Epoch: 140, AccTr: 0.4772999882698059, AccVa: 0.4749999940395355, CeTr: 5.593377113342285, CeVa: 5.631841659545898
ENSEMBLE | Tr_Acc: 0.6067000031471252, Tr_CE: 2.3616199493408203, Va_Acc: 0.6004999876022339, Va_CE: 2.3902790546417236
Epoch: 141, AccTr: 0.46639999747276306, AccVa: 0.47099998593330383, CeTr: 4.334409236907959, CeVa: 4.175532341003418
Epoch: 142, AccTr: 0.453000009059906, AccVa: 0.44749999046325684, CeTr: 4.7141547203063965, CeVa: 4.949714660644531
Epoch: 143, AccTr: 0.40230000019073486, AccVa: 0.4115000069141388, CeTr: 6.228339195251465, CeVa: 5.956966400146484
Epoch: 144, AccTr: 0.39739999175071716, AccVa: 0.4020000100135803, CeTr: 5.570931911468506, CeVa: 5.458248138427734
Epoch: 145, AccTr: 0.5116000175476074, AccVa: 0.4975000023841858, CeTr: 5.118537425994873, CeVa: 5.052552700042725
ENSEMBLE | Tr_Acc: 0.625, Tr_CE: 2.2324037551879883, Va_Acc: 0.6205000281333923, Va_CE: 2.2596287727355957
Epoch: 146, AccTr: 0.36329999566078186, AccVa: 0.3700000047683716, CeTr: 5.051713943481445, CeVa: 4.978733062744141
Epoch: 147, AccTr: 0.5224999785423279, AccVa: 0.5214999914169312, CeTr: 3.355647325515747, CeVa: 3.45328426361084
Epoch: 148, AccTr: 0.3831000030040741, AccVa: 0.38350000977516174, CeTr: 5.93451452255249, CeVa: 5.887292385101318
Epoch: 149, AccTr: 0.41190001368522644, AccVa: 0.421999990940094, CeTr: 5.291258811950684, CeVa: 5.203958511352539
Epoch: 150, AccTr: 0.47200000286102295, AccVa: 0.4814999997615814, CeTr: 4.80452299118042, CeVa: 4.805644989013672
ENSEMBLE | Tr_Acc: 0.636900007724762, Tr_CE: 2.1466293334960938, Va_Acc: 0.6320000290870667, Va_CE: 2.172022819519043
NN CONFIG
Weight-type:		binary
Layout									Layer #1: 280	Layer #2: 250	
Activation Functions					Layer #1: bs	Layer #2: bs	
Keep probabilities		Layer #0: 0.8500000000000001	Layer #1: 0.9500000000000001	Layer #2: 0.9500000000000001	
Flat factors							Layer #1: 1.0	Layer #2: 1.0	Layer #3: 1.0	
Activation Noise						Layer #1: 0.0	Layer #2: 0.0	Layer #3: 0.0	

===================================

RUN CONFIG
Epochs: 150, Blocksize: 8

===================================

Epoch: 1, AccTr: 0.5404000282287598, AccVa: 0.531499981880188, CeTr: 11.05959415435791, CeVa: 10.823074340820312
Epoch: 2, AccTr: 0.6028000116348267, AccVa: 0.6104999780654907, CeTr: 6.866178035736084, CeVa: 7.142669200897217
Epoch: 3, AccTr: 0.6507999897003174, AccVa: 0.6510000228881836, CeTr: 4.8927154541015625, CeVa: 4.922582149505615
Epoch: 4, AccTr: 0.629800021648407, AccVa: 0.637499988079071, CeTr: 5.228205680847168, CeVa: 5.17545223236084
Epoch: 5, AccTr: 0.676800012588501, AccVa: 0.6669999957084656, CeTr: 4.614166736602783, CeVa: 4.797369480133057
Epoch: 6, AccTr: 0.617900013923645, AccVa: 0.6039999723434448, CeTr: 4.630833625793457, CeVa: 4.887710094451904
Epoch: 7, AccTr: 0.5440000295639038, AccVa: 0.5339999794960022, CeTr: 6.814788341522217, CeVa: 7.405216693878174
Epoch: 8, AccTr: 0.5708000063896179, AccVa: 0.5715000033378601, CeTr: 4.70308256149292, CeVa: 4.364035606384277
Epoch: 9, AccTr: 0.5945000052452087, AccVa: 0.5950000286102295, CeTr: 4.743685722351074, CeVa: 4.878934383392334
Epoch: 10, AccTr: 0.515999972820282, AccVa: 0.531000018119812, CeTr: 5.507709980010986, CeVa: 5.36593770980835
Epoch: 11, AccTr: 0.36629998683929443, AccVa: 0.36500000953674316, CeTr: 10.075268745422363, CeVa: 9.865169525146484
Epoch: 12, AccTr: 0.46389999985694885, AccVa: 0.47099998593330383, CeTr: 6.077773571014404, CeVa: 5.88707160949707
Epoch: 13, AccTr: 0.353300005197525, AccVa: 0.3370000123977661, CeTr: 9.11560344696045, CeVa: 9.165390968322754
Epoch: 14, AccTr: 0.41920000314712524, AccVa: 0.4415000081062317, CeTr: 6.170223712921143, CeVa: 6.0386786460876465
Epoch: 15, AccTr: 0.3937000036239624, AccVa: 0.41200000047683716, CeTr: 6.767996311187744, CeVa: 6.450528144836426
Epoch: 16, AccTr: 0.46399998664855957, AccVa: 0.47099998593330383, CeTr: 6.124670028686523, CeVa: 5.97603178024292
Epoch: 17, AccTr: 0.4860999882221222, AccVa: 0.4729999899864197, CeTr: 4.955081939697266, CeVa: 4.931002616882324
Epoch: 18, AccTr: 0.38499999046325684, AccVa: 0.38100001215934753, CeTr: 7.759128093719482, CeVa: 7.799991130828857
Epoch: 19, AccTr: 0.5033000111579895, AccVa: 0.5130000114440918, CeTr: 4.237471580505371, CeVa: 4.383509635925293
Epoch: 20, AccTr: 0.3416999876499176, AccVa: 0.3479999899864197, CeTr: 6.28884744644165, CeVa: 5.996901512145996
Epoch: 21, AccTr: 0.4214000105857849, AccVa: 0.43299999833106995, CeTr: 5.315729141235352, CeVa: 5.332030773162842
Epoch: 22, AccTr: 0.46320000290870667, AccVa: 0.460999995470047, CeTr: 3.8359553813934326, CeVa: 3.9087655544281006
Epoch: 23, AccTr: 0.27480000257492065, AccVa: 0.27549999952316284, CeTr: 6.760453224182129, CeVa: 6.539077281951904
Epoch: 24, AccTr: 0.313400000333786, AccVa: 0.3255000114440918, CeTr: 7.703510761260986, CeVa: 7.491267681121826
Epoch: 25, AccTr: 0.421099990606308, AccVa: 0.40849998593330383, CeTr: 6.321432113647461, CeVa: 6.381350517272949
ENSEMBLE | Tr_Acc: 0.421099990606308, Tr_CE: 6.321432113647461, Va_Acc: 0.40849998593330383, Va_CE: 6.381350517272949
Epoch: 26, AccTr: 0.3012000024318695, AccVa: 0.3140000104904175, CeTr: 7.246306419372559, CeVa: 7.158310413360596
Epoch: 27, AccTr: 0.4846999943256378, AccVa: 0.4794999957084656, CeTr: 4.351757526397705, CeVa: 4.381513595581055
Epoch: 28, AccTr: 0.42250001430511475, AccVa: 0.41100001335144043, CeTr: 5.154632091522217, CeVa: 5.040991306304932
Epoch: 29, AccTr: 0.3231000006198883, AccVa: 0.31349998712539673, CeTr: 7.661360740661621, CeVa: 7.84918737411499
Epoch: 30, AccTr: 0.21410000324249268, AccVa: 0.22599999606609344, CeTr: 10.570951461791992, CeVa: 10.331754684448242
ENSEMBLE | Tr_Acc: 0.34880000352859497, Tr_CE: 5.250827312469482, Va_Acc: 0.351500004529953, Va_CE: 5.267248153686523
Epoch: 31, AccTr: 0.37450000643730164, AccVa: 0.3855000138282776, CeTr: 5.656914234161377, CeVa: 5.64385461807251
Epoch: 32, AccTr: 0.4546000063419342, AccVa: 0.4429999887943268, CeTr: 4.7337517738342285, CeVa: 4.839652061462402
Epoch: 33, AccTr: 0.3018999993801117, AccVa: 0.3059999942779541, CeTr: 5.056906700134277, CeVa: 4.997798442840576
Epoch: 34, AccTr: 0.3239000141620636, AccVa: 0.3319999873638153, CeTr: 5.950570106506348, CeVa: 5.72880744934082
Epoch: 35, AccTr: 0.2378000020980835, AccVa: 0.23350000381469727, CeTr: 8.954967498779297, CeVa: 8.99262809753418
ENSEMBLE | Tr_Acc: 0.31119999289512634, Tr_CE: 5.878150939941406, Va_Acc: 0.32249999046325684, Va_CE: 5.891979217529297
Epoch: 36, AccTr: 0.34709998965263367, AccVa: 0.328000009059906, CeTr: 7.425680637359619, CeVa: 7.625203609466553
Epoch: 37, AccTr: 0.3671000003814697, AccVa: 0.367000013589859, CeTr: 9.571664810180664, CeVa: 9.748379707336426
Epoch: 38, AccTr: 0.32339999079704285, AccVa: 0.3269999921321869, CeTr: 7.693392276763916, CeVa: 7.695199012756348
Epoch: 39, AccTr: 0.31839999556541443, AccVa: 0.3215000033378601, CeTr: 7.244208812713623, CeVa: 7.293813705444336
Epoch: 40, AccTr: 0.36719998717308044, AccVa: 0.3544999957084656, CeTr: 5.697967529296875, CeVa: 5.955636501312256
ENSEMBLE | Tr_Acc: 0.3643999993801117, Tr_CE: 4.968172073364258, Va_Acc: 0.367000013589859, Va_CE: 5.036313533782959
Epoch: 41, AccTr: 0.3555999994277954, AccVa: 0.35100001096725464, CeTr: 7.198286056518555, CeVa: 7.365850925445557
Epoch: 42, AccTr: 0.3962000012397766, AccVa: 0.390500009059906, CeTr: 7.141691207885742, CeVa: 7.108302116394043
Epoch: 43, AccTr: 0.43860000371932983, AccVa: 0.46700000762939453, CeTr: 4.976085186004639, CeVa: 4.84891939163208
Epoch: 44, AccTr: 0.35199999809265137, AccVa: 0.3425000011920929, CeTr: 8.656820297241211, CeVa: 8.49651050567627
Epoch: 45, AccTr: 0.3370000123977661, AccVa: 0.3264999985694885, CeTr: 8.630292892456055, CeVa: 8.564824104309082
ENSEMBLE | Tr_Acc: 0.4065999984741211, Tr_CE: 4.7303466796875, Va_Acc: 0.40400001406669617, Va_CE: 4.812304973602295
Epoch: 46, AccTr: 0.3490000069141388, AccVa: 0.3499999940395355, CeTr: 6.603229522705078, CeVa: 6.733846187591553
Epoch: 47, AccTr: 0.29670000076293945, AccVa: 0.29100000858306885, CeTr: 7.224724769592285, CeVa: 7.236860275268555
Epoch: 48, AccTr: 0.35420000553131104, AccVa: 0.3490000069141388, CeTr: 6.354565620422363, CeVa: 6.320767402648926
Epoch: 49, AccTr: 0.4239000082015991, AccVa: 0.42399999499320984, CeTr: 5.033802509307861, CeVa: 5.106665134429932
Epoch: 50, AccTr: 0.4237000048160553, AccVa: 0.42100000381469727, CeTr: 5.215001106262207, CeVa: 5.235771179199219
ENSEMBLE | Tr_Acc: 0.43650001287460327, Tr_CE: 4.043261528015137, Va_Acc: 0.43700000643730164, Va_CE: 4.093032360076904
Epoch: 51, AccTr: 0.3598000109195709, AccVa: 0.36649999022483826, CeTr: 4.58513069152832, CeVa: 4.294618129730225
Epoch: 52, AccTr: 0.36410000920295715, AccVa: 0.3540000021457672, CeTr: 6.2514519691467285, CeVa: 6.094406604766846
Epoch: 53, AccTr: 0.41119998693466187, AccVa: 0.41350001096725464, CeTr: 4.615461826324463, CeVa: 4.55754280090332
Epoch: 54, AccTr: 0.289000004529953, AccVa: 0.27950000762939453, CeTr: 6.564389705657959, CeVa: 6.623546600341797
Epoch: 55, AccTr: 0.3643999993801117, AccVa: 0.36000001430511475, CeTr: 4.763134956359863, CeVa: 4.739187717437744
ENSEMBLE | Tr_Acc: 0.4375, Tr_CE: 3.8385024070739746, Va_Acc: 0.43700000643730164, Va_CE: 3.885213613510132
Epoch: 56, AccTr: 0.48570001125335693, AccVa: 0.48500001430511475, CeTr: 4.911470890045166, CeVa: 5.06817102432251
Epoch: 57, AccTr: 0.3463999927043915, AccVa: 0.35499998927116394, CeTr: 6.605863094329834, CeVa: 6.3046650886535645
Epoch: 58, AccTr: 0.3285999894142151, AccVa: 0.3165000081062317, CeTr: 9.518513679504395, CeVa: 9.824841499328613
Epoch: 59, AccTr: 0.45680001378059387, AccVa: 0.46299999952316284, CeTr: 5.14626932144165, CeVa: 5.080673694610596
Epoch: 60, AccTr: 0.3319000005722046, AccVa: 0.34549999237060547, CeTr: 5.356224060058594, CeVa: 5.2503437995910645
ENSEMBLE | Tr_Acc: 0.4959000051021576, Tr_CE: 3.1734554767608643, Va_Acc: 0.4950000047683716, Va_CE: 3.217499256134033
Epoch: 61, AccTr: 0.320499986410141, AccVa: 0.3125, CeTr: 7.315335273742676, CeVa: 7.522998809814453
Epoch: 62, AccTr: 0.4032999873161316, AccVa: 0.39250001311302185, CeTr: 5.299505233764648, CeVa: 5.3833231925964355
Epoch: 63, AccTr: 0.3869999945163727, AccVa: 0.38600000739097595, CeTr: 7.418546676635742, CeVa: 7.704657554626465
Epoch: 64, AccTr: 0.37400001287460327, AccVa: 0.3675000071525574, CeTr: 6.547687530517578, CeVa: 6.38755989074707
Epoch: 65, AccTr: 0.4713999927043915, AccVa: 0.4650000035762787, CeTr: 4.061712265014648, CeVa: 4.297668933868408
ENSEMBLE | Tr_Acc: 0.5389999747276306, Tr_CE: 2.859877347946167, Va_Acc: 0.5404999852180481, Va_CE: 2.9180757999420166
Epoch: 66, AccTr: 0.3573000133037567, AccVa: 0.3504999876022339, CeTr: 5.16475772857666, CeVa: 5.264204978942871
Epoch: 67, AccTr: 0.46389999985694885, AccVa: 0.4634999930858612, CeTr: 4.694712162017822, CeVa: 4.90313720703125
Epoch: 68, AccTr: 0.4099000096321106, AccVa: 0.3840000033378601, CeTr: 3.5580196380615234, CeVa: 3.7360544204711914
Epoch: 69, AccTr: 0.44179999828338623, AccVa: 0.4404999911785126, CeTr: 6.0470380783081055, CeVa: 6.194565296173096
Epoch: 70, AccTr: 0.36039999127388, AccVa: 0.37049999833106995, CeTr: 5.275453567504883, CeVa: 5.2094197273254395
ENSEMBLE | Tr_Acc: 0.5720000267028809, Tr_CE: 2.4463698863983154, Va_Acc: 0.5774999856948853, Va_CE: 2.5046157836914062
Epoch: 71, AccTr: 0.4300999939441681, AccVa: 0.44200000166893005, CeTr: 6.0758185386657715, CeVa: 6.00266170501709
Epoch: 72, AccTr: 0.35089999437332153, AccVa: 0.34549999237060547, CeTr: 4.68870210647583, CeVa: 4.840879917144775
Epoch: 73, AccTr: 0.4187999963760376, AccVa: 0.41350001096725464, CeTr: 3.973350763320923, CeVa: 4.116262435913086
Epoch: 74, AccTr: 0.4198000133037567, AccVa: 0.4194999933242798, CeTr: 4.7005414962768555, CeVa: 4.867581844329834
Epoch: 75, AccTr: 0.3894999921321869, AccVa: 0.41850000619888306, CeTr: 6.978526592254639, CeVa: 7.053355693817139
ENSEMBLE | Tr_Acc: 0.6344000101089478, Tr_CE: 2.1163625717163086, Va_Acc: 0.6315000057220459, Va_CE: 2.181558847427368
Epoch: 76, AccTr: 0.320499986410141, AccVa: 0.34150001406669617, CeTr: 6.446618556976318, CeVa: 6.30263090133667
Epoch: 77, AccTr: 0.40950000286102295, AccVa: 0.41600000858306885, CeTr: 6.295166969299316, CeVa: 6.2944793701171875
Epoch: 78, AccTr: 0.23909999430179596, AccVa: 0.24699999392032623, CeTr: 7.417247772216797, CeVa: 7.372790336608887
Epoch: 79, AccTr: 0.3562999963760376, AccVa: 0.3564999997615814, CeTr: 6.2870283126831055, CeVa: 6.375791072845459
Epoch: 80, AccTr: 0.3889999985694885, AccVa: 0.4050000011920929, CeTr: 7.908292293548584, CeVa: 7.9312896728515625
ENSEMBLE | Tr_Acc: 0.6620000004768372, Tr_CE: 1.9940167665481567, Va_Acc: 0.656000018119812, Va_CE: 2.086301565170288
Epoch: 81, AccTr: 0.2460000067949295, AccVa: 0.257999986410141, CeTr: 9.291157722473145, CeVa: 9.4553861618042
Epoch: 82, AccTr: 0.28690001368522644, AccVa: 0.28850001096725464, CeTr: 8.154414176940918, CeVa: 7.874788761138916
Epoch: 83, AccTr: 0.4368000030517578, AccVa: 0.4350000023841858, CeTr: 6.789888858795166, CeVa: 6.7399373054504395
Epoch: 84, AccTr: 0.3921000063419342, AccVa: 0.3840000033378601, CeTr: 6.463015079498291, CeVa: 6.858184337615967
Epoch: 85, AccTr: 0.24770000576972961, AccVa: 0.23399999737739563, CeTr: 10.258671760559082, CeVa: 10.91291618347168
ENSEMBLE | Tr_Acc: 0.6815000176429749, Tr_CE: 1.8233531713485718, Va_Acc: 0.6675000190734863, Va_CE: 1.9359196424484253
Epoch: 86, AccTr: 0.2761000096797943, AccVa: 0.2709999978542328, CeTr: 8.159513473510742, CeVa: 8.171820640563965
Epoch: 87, AccTr: 0.26170000433921814, AccVa: 0.2554999887943268, CeTr: 8.862506866455078, CeVa: 8.978797912597656
Epoch: 88, AccTr: 0.3190000057220459, AccVa: 0.3215000033378601, CeTr: 9.415780067443848, CeVa: 9.809477806091309
Epoch: 89, AccTr: 0.3230000138282776, AccVa: 0.3199999928474426, CeTr: 7.551717281341553, CeVa: 7.899910926818848
Epoch: 90, AccTr: 0.34850001335144043, AccVa: 0.35850000381469727, CeTr: 6.442237854003906, CeVa: 6.4367899894714355
ENSEMBLE | Tr_Acc: 0.695900022983551, Tr_CE: 1.7595833539962769, Va_Acc: 0.6815000176429749, Va_CE: 1.8709839582443237
Epoch: 91, AccTr: 0.2606000006198883, AccVa: 0.26899999380111694, CeTr: 9.68091106414795, CeVa: 9.757668495178223
Epoch: 92, AccTr: 0.258899986743927, AccVa: 0.27149999141693115, CeTr: 9.28553581237793, CeVa: 9.150453567504883
Epoch: 93, AccTr: 0.38019999861717224, AccVa: 0.3804999887943268, CeTr: 7.111836910247803, CeVa: 7.28098726272583
Epoch: 94, AccTr: 0.3562999963760376, AccVa: 0.35249999165534973, CeTr: 8.414144515991211, CeVa: 8.665976524353027
Epoch: 95, AccTr: 0.43059998750686646, AccVa: 0.43700000643730164, CeTr: 6.584195137023926, CeVa: 6.5180463790893555
ENSEMBLE | Tr_Acc: 0.7008000016212463, Tr_CE: 1.6961640119552612, Va_Acc: 0.6815000176429749, Va_CE: 1.820647954940796
Epoch: 96, AccTr: 0.33869999647140503, AccVa: 0.33250001072883606, CeTr: 11.231792449951172, CeVa: 11.257697105407715
Epoch: 97, AccTr: 0.26600000262260437, AccVa: 0.2770000100135803, CeTr: 12.385528564453125, CeVa: 12.45931625366211
Epoch: 98, AccTr: 0.298799991607666, AccVa: 0.29750001430511475, CeTr: 11.774334907531738, CeVa: 12.107982635498047
Epoch: 99, AccTr: 0.28380000591278076, AccVa: 0.2815000116825104, CeTr: 9.702561378479004, CeVa: 10.260759353637695
Epoch: 100, AccTr: 0.3456999957561493, AccVa: 0.3310000002384186, CeTr: 7.667631149291992, CeVa: 7.9909749031066895
ENSEMBLE | Tr_Acc: 0.6991000175476074, Tr_CE: 1.724881887435913, Va_Acc: 0.6809999942779541, Va_CE: 1.8582031726837158
Epoch: 101, AccTr: 0.4219000041484833, AccVa: 0.4235000014305115, CeTr: 5.874683380126953, CeVa: 5.9317169189453125
Epoch: 102, AccTr: 0.357699990272522, AccVa: 0.34950000047683716, CeTr: 8.353927612304688, CeVa: 8.505200386047363
Epoch: 103, AccTr: 0.520799994468689, AccVa: 0.5120000243186951, CeTr: 6.197566986083984, CeVa: 6.41337251663208
Epoch: 104, AccTr: 0.41920000314712524, AccVa: 0.41749998927116394, CeTr: 7.600142955780029, CeVa: 7.806632995605469
Epoch: 105, AccTr: 0.33160001039505005, AccVa: 0.351500004529953, CeTr: 9.478140830993652, CeVa: 9.342995643615723
ENSEMBLE | Tr_Acc: 0.6869999766349792, Tr_CE: 1.8043855428695679, Va_Acc: 0.6735000014305115, Va_CE: 1.9316892623901367
Epoch: 106, AccTr: 0.3433000147342682, AccVa: 0.3644999861717224, CeTr: 8.16974925994873, CeVa: 7.85860538482666
Epoch: 107, AccTr: 0.16089999675750732, AccVa: 0.16449999809265137, CeTr: 10.894065856933594, CeVa: 10.801095962524414
Epoch: 108, AccTr: 0.35510000586509705, AccVa: 0.35899999737739563, CeTr: 7.06106424331665, CeVa: 6.945830345153809
Epoch: 109, AccTr: 0.2565999925136566, AccVa: 0.2709999978542328, CeTr: 10.053637504577637, CeVa: 9.828359603881836
Epoch: 110, AccTr: 0.18629999458789825, AccVa: 0.19550000131130219, CeTr: 14.784018516540527, CeVa: 14.447181701660156
ENSEMBLE | Tr_Acc: 0.669700026512146, Tr_CE: 1.8798565864562988, Va_Acc: 0.6614999771118164, Va_CE: 1.986896276473999
Epoch: 111, AccTr: 0.3635999858379364, AccVa: 0.3790000081062317, CeTr: 10.101815223693848, CeVa: 10.135743141174316
Epoch: 112, AccTr: 0.2928999960422516, AccVa: 0.28700000047683716, CeTr: 11.177265167236328, CeVa: 11.01795768737793
Epoch: 113, AccTr: 0.2678000032901764, AccVa: 0.2824999988079071, CeTr: 10.335569381713867, CeVa: 10.152023315429688
Epoch: 114, AccTr: 0.33809998631477356, AccVa: 0.33550000190734863, CeTr: 9.516112327575684, CeVa: 9.435579299926758
Epoch: 115, AccTr: 0.3154999911785126, AccVa: 0.30799999833106995, CeTr: 10.091768264770508, CeVa: 10.093157768249512
ENSEMBLE | Tr_Acc: 0.6513000130653381, Tr_CE: 1.9525165557861328, Va_Acc: 0.640999972820282, Va_CE: 2.05328631401062
Epoch: 116, AccTr: 0.3093999922275543, AccVa: 0.3089999854564667, CeTr: 8.509678840637207, CeVa: 8.633811950683594
Epoch: 117, AccTr: 0.27730000019073486, AccVa: 0.2815000116825104, CeTr: 8.033428192138672, CeVa: 8.086764335632324
Epoch: 118, AccTr: 0.33889999985694885, AccVa: 0.34850001335144043, CeTr: 7.705749988555908, CeVa: 7.656270980834961
Epoch: 119, AccTr: 0.28690001368522644, AccVa: 0.28949999809265137, CeTr: 9.955305099487305, CeVa: 10.038991928100586
Epoch: 120, AccTr: 0.4268999993801117, AccVa: 0.43950000405311584, CeTr: 5.446614742279053, CeVa: 5.438745975494385
ENSEMBLE | Tr_Acc: 0.6517000198364258, Tr_CE: 1.9806333780288696, Va_Acc: 0.6399999856948853, Va_CE: 2.081256151199341
Epoch: 121, AccTr: 0.2648000121116638, AccVa: 0.25999999046325684, CeTr: 10.670026779174805, CeVa: 10.471297264099121
Epoch: 122, AccTr: 0.29750001430511475, AccVa: 0.3149999976158142, CeTr: 11.502910614013672, CeVa: 11.011604309082031
Epoch: 123, AccTr: 0.2842999994754791, AccVa: 0.2994999885559082, CeTr: 12.584380149841309, CeVa: 12.16845989227295
Epoch: 124, AccTr: 0.3303999900817871, AccVa: 0.32249999046325684, CeTr: 7.932497024536133, CeVa: 7.702790260314941
Epoch: 125, AccTr: 0.3707999885082245, AccVa: 0.3619999885559082, CeTr: 6.036390781402588, CeVa: 6.211803913116455
ENSEMBLE | Tr_Acc: 0.65420001745224, Tr_CE: 1.9299659729003906, Va_Acc: 0.6460000276565552, Va_CE: 2.030824661254883
Epoch: 126, AccTr: 0.34940001368522644, AccVa: 0.34950000047683716, CeTr: 5.675747871398926, CeVa: 5.625495433807373
Epoch: 127, AccTr: 0.35429999232292175, AccVa: 0.34950000047683716, CeTr: 6.5925984382629395, CeVa: 6.714706897735596
Epoch: 128, AccTr: 0.3901999890804291, AccVa: 0.40549999475479126, CeTr: 6.351963043212891, CeVa: 6.228024482727051
Epoch: 129, AccTr: 0.4796999990940094, AccVa: 0.48500001430511475, CeTr: 5.313477516174316, CeVa: 5.1912922859191895
Epoch: 130, AccTr: 0.4975000023841858, AccVa: 0.5065000057220459, CeTr: 3.9774866104125977, CeVa: 3.954104423522949
ENSEMBLE | Tr_Acc: 0.6545000076293945, Tr_CE: 1.9093101024627686, Va_Acc: 0.6445000171661377, Va_CE: 2.011914014816284
Epoch: 131, AccTr: 0.4474000036716461, AccVa: 0.44600000977516174, CeTr: 5.875668525695801, CeVa: 5.869219779968262
Epoch: 132, AccTr: 0.32580000162124634, AccVa: 0.32899999618530273, CeTr: 6.102665424346924, CeVa: 6.120516300201416
Epoch: 133, AccTr: 0.19699999690055847, AccVa: 0.19949999451637268, CeTr: 10.371623992919922, CeVa: 10.4596586227417
Epoch: 134, AccTr: 0.3763999938964844, AccVa: 0.3765000104904175, CeTr: 6.463637828826904, CeVa: 6.790766716003418
Epoch: 135, AccTr: 0.27649998664855957, AccVa: 0.2809999883174896, CeTr: 8.974080085754395, CeVa: 8.741833686828613
ENSEMBLE | Tr_Acc: 0.6482999920845032, Tr_CE: 1.9606527090072632, Va_Acc: 0.6330000162124634, Va_CE: 2.0572011470794678
Epoch: 136, AccTr: 0.301800012588501, AccVa: 0.3199999928474426, CeTr: 7.702331066131592, CeVa: 7.364699840545654
Epoch: 137, AccTr: 0.4226999878883362, AccVa: 0.4259999990463257, CeTr: 5.203057765960693, CeVa: 5.268242835998535
Epoch: 138, AccTr: 0.4546999931335449, AccVa: 0.4514999985694885, CeTr: 6.125141620635986, CeVa: 6.2430009841918945
Epoch: 139, AccTr: 0.39250001311302185, AccVa: 0.40450000762939453, CeTr: 7.458679676055908, CeVa: 7.563521862030029
Epoch: 140, AccTr: 0.448199987411499, AccVa: 0.4494999945163727, CeTr: 5.616616249084473, CeVa: 5.659747123718262
ENSEMBLE | Tr_Acc: 0.6481000185012817, Tr_CE: 1.9707088470458984, Va_Acc: 0.6349999904632568, Va_CE: 2.064788818359375
Epoch: 141, AccTr: 0.2542000114917755, AccVa: 0.2565000057220459, CeTr: 9.399394989013672, CeVa: 9.55920124053955
Epoch: 142, AccTr: 0.35920000076293945, AccVa: 0.37549999356269836, CeTr: 8.531350135803223, CeVa: 8.484674453735352
Epoch: 143, AccTr: 0.36910000443458557, AccVa: 0.35850000381469727, CeTr: 7.69489860534668, CeVa: 7.798496246337891
Epoch: 144, AccTr: 0.22779999673366547, AccVa: 0.21050000190734863, CeTr: 9.991406440734863, CeVa: 10.246843338012695
Epoch: 145, AccTr: 0.23970000445842743, AccVa: 0.23149999976158142, CeTr: 7.19651460647583, CeVa: 7.092567443847656
ENSEMBLE | Tr_Acc: 0.6402999758720398, Tr_CE: 1.9821728467941284, Va_Acc: 0.6324999928474426, Va_CE: 2.072544813156128
Epoch: 146, AccTr: 0.336899995803833, AccVa: 0.3330000042915344, CeTr: 7.915319442749023, CeVa: 8.107489585876465
Epoch: 147, AccTr: 0.40560001134872437, AccVa: 0.41449999809265137, CeTr: 5.955874443054199, CeVa: 6.06074857711792
Epoch: 148, AccTr: 0.5116999745368958, AccVa: 0.5059999823570251, CeTr: 5.210570335388184, CeVa: 5.374902248382568
Epoch: 149, AccTr: 0.37119999527931213, AccVa: 0.3720000088214874, CeTr: 6.6199727058410645, CeVa: 6.738255500793457
Epoch: 150, AccTr: 0.3901999890804291, AccVa: 0.40299999713897705, CeTr: 7.093587398529053, CeVa: 6.960994720458984
ENSEMBLE | Tr_Acc: 0.6381999850273132, Tr_CE: 1.9654332399368286, Va_Acc: 0.6290000081062317, Va_CE: 2.0498979091644287
NN CONFIG
Weight-type:		binary
Layout									Layer #1: 280	Layer #2: 250	
Activation Functions					Layer #1: bs	Layer #2: bs	
Keep probabilities		Layer #0: 0.8500000000000001	Layer #1: 0.9500000000000001	Layer #2: 0.9500000000000001	
Flat factors							Layer #1: 1.0	Layer #2: 1.0	Layer #3: 1.0	
Activation Noise						Layer #1: 0.0	Layer #2: 0.0	Layer #3: 0.0	

===================================

RUN CONFIG
Epochs: 150, Blocksize: 8

===================================

Epoch: 1, AccTr: 0.4867999851703644, AccVa: 0.46399998664855957, CeTr: 12.425376892089844, CeVa: 12.245156288146973
Epoch: 2, AccTr: 0.4893999993801117, AccVa: 0.4595000147819519, CeTr: 8.91532039642334, CeVa: 9.197837829589844
Epoch: 3, AccTr: 0.6736999750137329, AccVa: 0.6704999804496765, CeTr: 4.662818908691406, CeVa: 4.689903259277344
Epoch: 4, AccTr: 0.5983999967575073, AccVa: 0.574999988079071, CeTr: 5.379460334777832, CeVa: 5.624691009521484
Epoch: 5, AccTr: 0.6031000018119812, AccVa: 0.5950000286102295, CeTr: 4.915556907653809, CeVa: 5.262861251831055
Epoch: 6, AccTr: 0.6320000290870667, AccVa: 0.6159999966621399, CeTr: 3.596425771713257, CeVa: 3.95794415473938
Epoch: 7, AccTr: 0.5199000239372253, AccVa: 0.5009999871253967, CeTr: 5.393274307250977, CeVa: 5.4063720703125
Epoch: 8, AccTr: 0.5838000178337097, AccVa: 0.578499972820282, CeTr: 4.318864822387695, CeVa: 4.254659652709961
Epoch: 9, AccTr: 0.47440001368522644, AccVa: 0.4894999861717224, CeTr: 4.95349645614624, CeVa: 4.878112316131592
Epoch: 10, AccTr: 0.578000009059906, AccVa: 0.5519999861717224, CeTr: 3.068612813949585, CeVa: 3.4049875736236572
Epoch: 11, AccTr: 0.5781999826431274, AccVa: 0.578000009059906, CeTr: 3.1525723934173584, CeVa: 3.096996307373047
Epoch: 12, AccTr: 0.4986000061035156, AccVa: 0.5454999804496765, CeTr: 3.482639789581299, CeVa: 3.0885658264160156
Epoch: 13, AccTr: 0.5130000114440918, AccVa: 0.5044999718666077, CeTr: 4.547982215881348, CeVa: 4.826929092407227
Epoch: 14, AccTr: 0.5041000247001648, AccVa: 0.5130000114440918, CeTr: 4.664217472076416, CeVa: 4.438572883605957
Epoch: 15, AccTr: 0.40950000286102295, AccVa: 0.41350001096725464, CeTr: 7.747554779052734, CeVa: 7.7110419273376465
Epoch: 16, AccTr: 0.5231000185012817, AccVa: 0.5214999914169312, CeTr: 3.956557035446167, CeVa: 3.822455883026123
Epoch: 17, AccTr: 0.39329999685287476, AccVa: 0.3840000033378601, CeTr: 5.307849884033203, CeVa: 5.389853477478027
Epoch: 18, AccTr: 0.5338000059127808, AccVa: 0.5205000042915344, CeTr: 3.524902820587158, CeVa: 3.5615181922912598
Epoch: 19, AccTr: 0.4309000074863434, AccVa: 0.44600000977516174, CeTr: 6.4820966720581055, CeVa: 6.416398048400879
Epoch: 20, AccTr: 0.4652000069618225, AccVa: 0.45500001311302185, CeTr: 5.638607025146484, CeVa: 5.591113567352295
Epoch: 21, AccTr: 0.4300999939441681, AccVa: 0.4449999928474426, CeTr: 5.0851593017578125, CeVa: 5.066763401031494
Epoch: 22, AccTr: 0.522599995136261, AccVa: 0.5115000009536743, CeTr: 4.249235153198242, CeVa: 4.156996726989746
Epoch: 23, AccTr: 0.5248000025749207, AccVa: 0.512499988079071, CeTr: 3.3883559703826904, CeVa: 3.6276984214782715
Epoch: 24, AccTr: 0.46709999442100525, AccVa: 0.47049999237060547, CeTr: 4.951871871948242, CeVa: 4.722504138946533
Epoch: 25, AccTr: 0.4410000145435333, AccVa: 0.4494999945163727, CeTr: 4.036238670349121, CeVa: 3.9802401065826416
ENSEMBLE | Tr_Acc: 0.4410000145435333, Tr_CE: 4.036238670349121, Va_Acc: 0.4494999945163727, Va_CE: 3.9802401065826416
Epoch: 26, AccTr: 0.36010000109672546, AccVa: 0.35850000381469727, CeTr: 5.768131732940674, CeVa: 5.880862712860107
