NN CONFIG
Weight-type:		binary
Layout									Layer #1: 280	Layer #2: 250	
Activation Functions					Layer #1: bs	Layer #2: bs	
Keep probabilities		Layer #0: 0.8500000000000001	Layer #1: 0.8	Layer #2: 0.8	
Flat factors							Layer #1: 1.0	Layer #2: 1.0	Layer #3: 1.0	
Activation Noise						Layer #1: 0.0	Layer #2: 0.0	Layer #3: 0.0	

===================================

RUN CONFIG
Epochs: 150, Blocksize: 8

===================================

Epoch: 1, AccTr: 0.3402000069618225, AccVa: 0.3709999918937683, CeTr: 31.404457092285156, CeVa: 30.382421493530273
Epoch: 2, AccTr: 0.28209999203681946, AccVa: 0.29600000381469727, CeTr: 26.185543060302734, CeVa: 24.566312789916992
Epoch: 3, AccTr: 0.31450000405311584, AccVa: 0.32100000977516174, CeTr: 22.079315185546875, CeVa: 21.382125854492188
Epoch: 4, AccTr: 0.3864000141620636, AccVa: 0.3865000009536743, CeTr: 18.35015296936035, CeVa: 17.509483337402344
Epoch: 5, AccTr: 0.4049000144004822, AccVa: 0.4235000014305115, CeTr: 16.234909057617188, CeVa: 15.342155456542969
Epoch: 6, AccTr: 0.5128999948501587, AccVa: 0.515500009059906, CeTr: 10.464459419250488, CeVa: 10.316079139709473
Epoch: 7, AccTr: 0.43630000948905945, AccVa: 0.47749999165534973, CeTr: 13.729785919189453, CeVa: 12.822783470153809
Epoch: 8, AccTr: 0.4341000020503998, AccVa: 0.44350001215934753, CeTr: 12.213193893432617, CeVa: 11.891566276550293
Epoch: 9, AccTr: 0.5508999824523926, AccVa: 0.5684999823570251, CeTr: 8.103426933288574, CeVa: 7.785118103027344
Epoch: 10, AccTr: 0.5773000121116638, AccVa: 0.5960000157356262, CeTr: 8.142882347106934, CeVa: 8.18271255493164
Epoch: 11, AccTr: 0.4729999899864197, AccVa: 0.4794999957084656, CeTr: 8.804215431213379, CeVa: 8.813193321228027
Epoch: 12, AccTr: 0.5687000155448914, AccVa: 0.5665000081062317, CeTr: 6.852071762084961, CeVa: 6.637124061584473
Epoch: 13, AccTr: 0.6168000102043152, AccVa: 0.6194999814033508, CeTr: 7.19671630859375, CeVa: 7.197708606719971
Epoch: 14, AccTr: 0.613099992275238, AccVa: 0.625, CeTr: 6.608118534088135, CeVa: 6.272066116333008
Epoch: 15, AccTr: 0.6319000124931335, AccVa: 0.6209999918937683, CeTr: 6.244145393371582, CeVa: 6.289291858673096
Epoch: 16, AccTr: 0.6122999787330627, AccVa: 0.6244999766349792, CeTr: 6.736915588378906, CeVa: 6.318960189819336
Epoch: 17, AccTr: 0.5665000081062317, AccVa: 0.5789999961853027, CeTr: 7.461811542510986, CeVa: 7.1646013259887695
Epoch: 18, AccTr: 0.5580999851226807, AccVa: 0.5684999823570251, CeTr: 6.653476715087891, CeVa: 6.212512016296387
Epoch: 19, AccTr: 0.5716000199317932, AccVa: 0.5864999890327454, CeTr: 6.811276435852051, CeVa: 6.762901306152344
Epoch: 20, AccTr: 0.5295000076293945, AccVa: 0.5444999933242798, CeTr: 7.682253360748291, CeVa: 7.261255264282227
Epoch: 21, AccTr: 0.5587000250816345, AccVa: 0.5745000243186951, CeTr: 6.89188289642334, CeVa: 6.6890363693237305
Epoch: 22, AccTr: 0.6189000010490417, AccVa: 0.6340000033378601, CeTr: 5.545471668243408, CeVa: 5.37998628616333
Epoch: 23, AccTr: 0.6373999714851379, AccVa: 0.6320000290870667, CeTr: 5.203456878662109, CeVa: 4.873973369598389
Epoch: 24, AccTr: 0.6039999723434448, AccVa: 0.5950000286102295, CeTr: 5.303425312042236, CeVa: 5.2685136795043945
Epoch: 25, AccTr: 0.4984000027179718, AccVa: 0.5040000081062317, CeTr: 7.613956451416016, CeVa: 7.246031284332275
ENSEMBLE | Tr_Acc: 0.4984000027179718, Tr_CE: 7.613956451416016, Va_Acc: 0.5040000081062317, Va_CE: 7.246031284332275
Epoch: 26, AccTr: 0.5590000152587891, AccVa: 0.5734999775886536, CeTr: 7.4251203536987305, CeVa: 7.102277755737305
Epoch: 27, AccTr: 0.5674999952316284, AccVa: 0.565500020980835, CeTr: 6.624335765838623, CeVa: 6.172685623168945
Epoch: 28, AccTr: 0.4708999991416931, AccVa: 0.4724999964237213, CeTr: 9.843400001525879, CeVa: 9.681374549865723
Epoch: 29, AccTr: 0.5446000099182129, AccVa: 0.5370000004768372, CeTr: 7.888123989105225, CeVa: 7.649438858032227
Epoch: 30, AccTr: 0.5979999899864197, AccVa: 0.6025000214576721, CeTr: 5.018089294433594, CeVa: 4.9253926277160645
ENSEMBLE | Tr_Acc: 0.6384000182151794, Tr_CE: 4.009477615356445, Va_Acc: 0.6455000042915344, Va_CE: 3.903472423553467
Epoch: 31, AccTr: 0.5871999859809875, AccVa: 0.6039999723434448, CeTr: 4.7461771965026855, CeVa: 4.559073448181152
Epoch: 32, AccTr: 0.5358999967575073, AccVa: 0.5429999828338623, CeTr: 6.48325777053833, CeVa: 6.216223239898682
Epoch: 33, AccTr: 0.5640000104904175, AccVa: 0.5619999766349792, CeTr: 5.503836154937744, CeVa: 5.2795820236206055
Epoch: 34, AccTr: 0.5936999917030334, AccVa: 0.5964999794960022, CeTr: 5.991170406341553, CeVa: 5.927608966827393
Epoch: 35, AccTr: 0.5347999930381775, AccVa: 0.5429999828338623, CeTr: 6.2456183433532715, CeVa: 5.97726583480835
ENSEMBLE | Tr_Acc: 0.6560999751091003, Tr_CE: 3.354384422302246, Va_Acc: 0.675000011920929, Va_CE: 3.211181163787842
Epoch: 36, AccTr: 0.5365999937057495, AccVa: 0.5460000038146973, CeTr: 6.767371654510498, CeVa: 6.616476535797119
Epoch: 37, AccTr: 0.5205000042915344, AccVa: 0.5245000123977661, CeTr: 6.543862819671631, CeVa: 6.450541019439697
Epoch: 38, AccTr: 0.49540001153945923, AccVa: 0.4860000014305115, CeTr: 7.7269673347473145, CeVa: 8.00105094909668
Epoch: 39, AccTr: 0.5831000208854675, AccVa: 0.5814999938011169, CeTr: 5.668380260467529, CeVa: 5.65176248550415
Epoch: 40, AccTr: 0.6355000138282776, AccVa: 0.6389999985694885, CeTr: 5.271029472351074, CeVa: 5.247957229614258
ENSEMBLE | Tr_Acc: 0.7200999855995178, Tr_CE: 2.731276273727417, Va_Acc: 0.7294999957084656, Va_CE: 2.6473207473754883
Epoch: 41, AccTr: 0.6474999785423279, AccVa: 0.6639999747276306, CeTr: 4.955771446228027, CeVa: 4.868741989135742
Epoch: 42, AccTr: 0.5687000155448914, AccVa: 0.574999988079071, CeTr: 6.447698593139648, CeVa: 6.377107620239258
Epoch: 43, AccTr: 0.5206999778747559, AccVa: 0.5429999828338623, CeTr: 6.849761009216309, CeVa: 6.917839050292969
Epoch: 44, AccTr: 0.4659000039100647, AccVa: 0.4790000021457672, CeTr: 7.623639106750488, CeVa: 7.5036940574646
Epoch: 45, AccTr: 0.6624000072479248, AccVa: 0.6575000286102295, CeTr: 3.626093864440918, CeVa: 3.6212916374206543
ENSEMBLE | Tr_Acc: 0.7591000199317932, Tr_CE: 2.1369690895080566, Va_Acc: 0.7670000195503235, Va_CE: 2.110485315322876
Epoch: 46, AccTr: 0.6513000130653381, AccVa: 0.6664999723434448, CeTr: 3.7562367916107178, CeVa: 3.7508788108825684
Epoch: 47, AccTr: 0.474700003862381, AccVa: 0.4869999885559082, CeTr: 7.723138332366943, CeVa: 7.639902114868164
Epoch: 48, AccTr: 0.4925999939441681, AccVa: 0.4860000014305115, CeTr: 8.302008628845215, CeVa: 8.2601318359375
Epoch: 49, AccTr: 0.6072999835014343, AccVa: 0.6100000143051147, CeTr: 4.59505033493042, CeVa: 4.2278971672058105
Epoch: 50, AccTr: 0.5587000250816345, AccVa: 0.5759999752044678, CeTr: 6.011396884918213, CeVa: 5.591963291168213
ENSEMBLE | Tr_Acc: 0.762499988079071, Tr_CE: 2.103874444961548, Va_Acc: 0.7710000276565552, Va_CE: 2.083981990814209
Epoch: 51, AccTr: 0.37770000100135803, AccVa: 0.3869999945163727, CeTr: 10.949430465698242, CeVa: 10.625200271606445
Epoch: 52, AccTr: 0.5188999772071838, AccVa: 0.5109999775886536, CeTr: 6.255908012390137, CeVa: 6.443050861358643
Epoch: 53, AccTr: 0.5580999851226807, AccVa: 0.5774999856948853, CeTr: 5.540579795837402, CeVa: 5.091772079467773
Epoch: 54, AccTr: 0.5781000256538391, AccVa: 0.5945000052452087, CeTr: 5.998140811920166, CeVa: 5.780338764190674
Epoch: 55, AccTr: 0.484499990940094, AccVa: 0.5, CeTr: 8.902424812316895, CeVa: 8.831872940063477
ENSEMBLE | Tr_Acc: 0.7612000107765198, Tr_CE: 2.1860973834991455, Va_Acc: 0.765500009059906, Va_CE: 2.144989252090454
Epoch: 56, AccTr: 0.5616999864578247, AccVa: 0.5795000195503235, CeTr: 5.003198623657227, CeVa: 4.916409015655518
Epoch: 57, AccTr: 0.5289000272750854, AccVa: 0.5339999794960022, CeTr: 7.093413829803467, CeVa: 6.6912665367126465
Epoch: 58, AccTr: 0.5426999926567078, AccVa: 0.5649999976158142, CeTr: 6.768810749053955, CeVa: 6.397445201873779
Epoch: 59, AccTr: 0.5263000130653381, AccVa: 0.5304999947547913, CeTr: 7.461295127868652, CeVa: 7.018805503845215
Epoch: 60, AccTr: 0.5148000121116638, AccVa: 0.5184999704360962, CeTr: 8.165716171264648, CeVa: 8.268040657043457
ENSEMBLE | Tr_Acc: 0.7724000215530396, Tr_CE: 2.100642442703247, Va_Acc: 0.7695000171661377, Va_CE: 2.0433506965637207
Epoch: 61, AccTr: 0.539900004863739, AccVa: 0.5375000238418579, CeTr: 6.572199821472168, CeVa: 6.578636169433594
Epoch: 62, AccTr: 0.4528000056743622, AccVa: 0.46950000524520874, CeTr: 11.420289993286133, CeVa: 10.629639625549316
Epoch: 63, AccTr: 0.5115000009536743, AccVa: 0.5145000219345093, CeTr: 10.113190650939941, CeVa: 9.123700141906738
Epoch: 64, AccTr: 0.47440001368522644, AccVa: 0.5015000104904175, CeTr: 9.994985580444336, CeVa: 8.894390106201172
Epoch: 65, AccTr: 0.4498000144958496, AccVa: 0.4560000002384186, CeTr: 11.791179656982422, CeVa: 11.551351547241211
ENSEMBLE | Tr_Acc: 0.7950999736785889, Tr_CE: 2.021965980529785, Va_Acc: 0.7889999747276306, Va_CE: 1.9411219358444214
Epoch: 66, AccTr: 0.4115999937057495, AccVa: 0.4124999940395355, CeTr: 13.63939380645752, CeVa: 12.866889953613281
Epoch: 67, AccTr: 0.4690000116825104, AccVa: 0.47350001335144043, CeTr: 9.941719055175781, CeVa: 9.697702407836914
Epoch: 68, AccTr: 0.5613999962806702, AccVa: 0.5805000066757202, CeTr: 7.097236633300781, CeVa: 6.71406364440918
Epoch: 69, AccTr: 0.6079999804496765, AccVa: 0.6234999895095825, CeTr: 6.00377893447876, CeVa: 5.774155139923096
Epoch: 70, AccTr: 0.4828000068664551, AccVa: 0.5084999799728394, CeTr: 8.452106475830078, CeVa: 7.6694512367248535
ENSEMBLE | Tr_Acc: 0.7975000143051147, Tr_CE: 1.998483419418335, Va_Acc: 0.8065000176429749, Va_CE: 1.8672399520874023
Epoch: 71, AccTr: 0.4287000000476837, AccVa: 0.44200000166893005, CeTr: 11.575652122497559, CeVa: 10.737617492675781
Epoch: 72, AccTr: 0.5620999932289124, AccVa: 0.5590000152587891, CeTr: 6.917590618133545, CeVa: 6.7937445640563965
Epoch: 73, AccTr: 0.5105999708175659, AccVa: 0.5120000243186951, CeTr: 7.500946998596191, CeVa: 7.80462646484375
Epoch: 74, AccTr: 0.574999988079071, AccVa: 0.5849999785423279, CeTr: 6.130279541015625, CeVa: 5.95641565322876
Epoch: 75, AccTr: 0.5947999954223633, AccVa: 0.609000027179718, CeTr: 5.687173366546631, CeVa: 5.451061248779297
ENSEMBLE | Tr_Acc: 0.8066999912261963, Tr_CE: 1.9198390245437622, Va_Acc: 0.8069999814033508, Va_CE: 1.8160357475280762
Epoch: 76, AccTr: 0.5667999982833862, AccVa: 0.5669999718666077, CeTr: 6.396060943603516, CeVa: 6.29217004776001
Epoch: 77, AccTr: 0.5295000076293945, AccVa: 0.5149999856948853, CeTr: 6.553118705749512, CeVa: 6.182481288909912
Epoch: 78, AccTr: 0.5177000164985657, AccVa: 0.5090000033378601, CeTr: 5.375604629516602, CeVa: 5.402165412902832
Epoch: 79, AccTr: 0.5515000224113464, AccVa: 0.5609999895095825, CeTr: 5.895730495452881, CeVa: 5.718959331512451
Epoch: 80, AccTr: 0.6008999943733215, AccVa: 0.5954999923706055, CeTr: 4.892585754394531, CeVa: 5.056554317474365
ENSEMBLE | Tr_Acc: 0.8116999864578247, Tr_CE: 1.805999755859375, Va_Acc: 0.8134999871253967, Va_CE: 1.7069100141525269
Epoch: 81, AccTr: 0.5525000095367432, AccVa: 0.5665000081062317, CeTr: 6.05991268157959, CeVa: 5.528530597686768
Epoch: 82, AccTr: 0.5789999961853027, AccVa: 0.5734999775886536, CeTr: 5.493000030517578, CeVa: 5.770770072937012
Epoch: 83, AccTr: 0.5454999804496765, AccVa: 0.5619999766349792, CeTr: 7.862792015075684, CeVa: 7.13347053527832
Epoch: 84, AccTr: 0.5189999938011169, AccVa: 0.5180000066757202, CeTr: 6.9002685546875, CeVa: 7.00698709487915
Epoch: 85, AccTr: 0.4447000026702881, AccVa: 0.4580000042915344, CeTr: 9.750368118286133, CeVa: 9.574833869934082
ENSEMBLE | Tr_Acc: 0.8266000151634216, Tr_CE: 1.619901418685913, Va_Acc: 0.8230000138282776, Va_CE: 1.545836091041565
Epoch: 86, AccTr: 0.4699999988079071, AccVa: 0.49399998784065247, CeTr: 7.851812362670898, CeVa: 7.383894920349121
Epoch: 87, AccTr: 0.5001000165939331, AccVa: 0.5164999961853027, CeTr: 9.20722770690918, CeVa: 8.776440620422363
Epoch: 88, AccTr: 0.4120999872684479, AccVa: 0.4255000054836273, CeTr: 12.789517402648926, CeVa: 12.020624160766602
Epoch: 89, AccTr: 0.5673999786376953, AccVa: 0.5879999995231628, CeTr: 7.355215072631836, CeVa: 7.313189506530762
Epoch: 90, AccTr: 0.5910999774932861, AccVa: 0.5989999771118164, CeTr: 7.335176467895508, CeVa: 6.851664066314697
ENSEMBLE | Tr_Acc: 0.8317999839782715, Tr_CE: 1.6057875156402588, Va_Acc: 0.8320000171661377, Va_CE: 1.5048187971115112
Epoch: 91, AccTr: 0.559499979019165, AccVa: 0.578499972820282, CeTr: 7.556188106536865, CeVa: 7.006663799285889
Epoch: 92, AccTr: 0.5128999948501587, AccVa: 0.5230000019073486, CeTr: 8.310821533203125, CeVa: 8.127165794372559
Epoch: 93, AccTr: 0.49630001187324524, AccVa: 0.5080000162124634, CeTr: 8.491398811340332, CeVa: 8.111431121826172
Epoch: 94, AccTr: 0.49630001187324524, AccVa: 0.5, CeTr: 9.064362525939941, CeVa: 8.848390579223633
Epoch: 95, AccTr: 0.3601999878883362, AccVa: 0.37049999833106995, CeTr: 10.137839317321777, CeVa: 9.650036811828613
ENSEMBLE | Tr_Acc: 0.830299973487854, Tr_CE: 1.6077121496200562, Va_Acc: 0.8339999914169312, Va_CE: 1.5145657062530518
Epoch: 96, AccTr: 0.5059000253677368, AccVa: 0.5139999985694885, CeTr: 7.596494674682617, CeVa: 7.563754081726074
Epoch: 97, AccTr: 0.4884999990463257, AccVa: 0.49050000309944153, CeTr: 7.905799388885498, CeVa: 8.066333770751953
Epoch: 98, AccTr: 0.5008000135421753, AccVa: 0.5130000114440918, CeTr: 7.54720401763916, CeVa: 7.308346271514893
Epoch: 99, AccTr: 0.491100013256073, AccVa: 0.5210000276565552, CeTr: 7.9134955406188965, CeVa: 7.238204479217529
Epoch: 100, AccTr: 0.3553999960422516, AccVa: 0.36800000071525574, CeTr: 12.430562019348145, CeVa: 11.86026382446289
ENSEMBLE | Tr_Acc: 0.8216000199317932, Tr_CE: 1.6856632232666016, Va_Acc: 0.8299999833106995, Va_CE: 1.5802645683288574
Epoch: 101, AccTr: 0.3749000132083893, AccVa: 0.3815000057220459, CeTr: 12.705429077148438, CeVa: 12.540298461914062
Epoch: 102, AccTr: 0.43560001254081726, AccVa: 0.43549999594688416, CeTr: 12.028678894042969, CeVa: 11.501388549804688
Epoch: 103, AccTr: 0.4884999990463257, AccVa: 0.5019999742507935, CeTr: 9.258798599243164, CeVa: 8.496869087219238
Epoch: 104, AccTr: 0.5311999917030334, AccVa: 0.5534999966621399, CeTr: 6.418651580810547, CeVa: 5.885979652404785
Epoch: 105, AccTr: 0.4855000078678131, AccVa: 0.49549999833106995, CeTr: 8.454833030700684, CeVa: 8.166275978088379
ENSEMBLE | Tr_Acc: 0.8167999982833862, Tr_CE: 1.7394285202026367, Va_Acc: 0.8245000243186951, Va_CE: 1.6371811628341675
Epoch: 106, AccTr: 0.5001999735832214, AccVa: 0.5015000104904175, CeTr: 7.99147367477417, CeVa: 7.66209077835083
Epoch: 107, AccTr: 0.5026000142097473, AccVa: 0.4984999895095825, CeTr: 7.485721111297607, CeVa: 7.312441349029541
Epoch: 108, AccTr: 0.38679999113082886, AccVa: 0.3804999887943268, CeTr: 13.784273147583008, CeVa: 13.366957664489746
Epoch: 109, AccTr: 0.5342000126838684, AccVa: 0.5404999852180481, CeTr: 6.9929704666137695, CeVa: 6.3575849533081055
Epoch: 110, AccTr: 0.5386000275611877, AccVa: 0.5364999771118164, CeTr: 8.263659477233887, CeVa: 8.182633399963379
ENSEMBLE | Tr_Acc: 0.8123999834060669, Tr_CE: 1.8235572576522827, Va_Acc: 0.8144999742507935, Va_CE: 1.7232054471969604
Epoch: 111, AccTr: 0.6098999977111816, AccVa: 0.6299999952316284, CeTr: 5.5940937995910645, CeVa: 5.414746284484863
Epoch: 112, AccTr: 0.6251000165939331, AccVa: 0.6169999837875366, CeTr: 4.727123260498047, CeVa: 4.979287624359131
Epoch: 113, AccTr: 0.6406000256538391, AccVa: 0.6399999856948853, CeTr: 5.426846981048584, CeVa: 5.298384666442871
Epoch: 114, AccTr: 0.5648000240325928, AccVa: 0.5805000066757202, CeTr: 7.195751667022705, CeVa: 6.610706806182861
Epoch: 115, AccTr: 0.5849000215530396, AccVa: 0.5879999995231628, CeTr: 6.618270397186279, CeVa: 6.470184803009033
ENSEMBLE | Tr_Acc: 0.8108999729156494, Tr_CE: 1.8556526899337769, Va_Acc: 0.8125, Va_CE: 1.7498611211776733
Epoch: 116, AccTr: 0.5586000084877014, AccVa: 0.5734999775886536, CeTr: 6.683882713317871, CeVa: 6.39058780670166
Epoch: 117, AccTr: 0.651199996471405, AccVa: 0.6449999809265137, CeTr: 4.370978832244873, CeVa: 4.421004295349121
Epoch: 118, AccTr: 0.6384999752044678, AccVa: 0.6620000004768372, CeTr: 5.21208381652832, CeVa: 4.858748435974121
Epoch: 119, AccTr: 0.6308000087738037, AccVa: 0.6265000104904175, CeTr: 4.849316596984863, CeVa: 4.766585350036621
Epoch: 120, AccTr: 0.5565999746322632, AccVa: 0.5565000176429749, CeTr: 5.719239234924316, CeVa: 5.6007490158081055
ENSEMBLE | Tr_Acc: 0.8126000165939331, Tr_CE: 1.8209933042526245, Va_Acc: 0.815500020980835, Va_CE: 1.7154372930526733
Epoch: 121, AccTr: 0.5622000098228455, AccVa: 0.5695000290870667, CeTr: 5.7300705909729, CeVa: 5.306062698364258
Epoch: 122, AccTr: 0.5835999846458435, AccVa: 0.597000002861023, CeTr: 6.64965295791626, CeVa: 6.29126501083374
Epoch: 123, AccTr: 0.5264999866485596, AccVa: 0.5450000166893005, CeTr: 8.216334342956543, CeVa: 7.450770378112793
Epoch: 124, AccTr: 0.5209000110626221, AccVa: 0.531499981880188, CeTr: 8.147636413574219, CeVa: 7.650771617889404
Epoch: 125, AccTr: 0.6067000031471252, AccVa: 0.6079999804496765, CeTr: 6.948977947235107, CeVa: 6.713627815246582
ENSEMBLE | Tr_Acc: 0.8093000054359436, Tr_CE: 1.8695111274719238, Va_Acc: 0.8149999976158142, Va_CE: 1.7514286041259766
Epoch: 126, AccTr: 0.5810999870300293, AccVa: 0.5860000252723694, CeTr: 7.395057201385498, CeVa: 6.872917175292969
Epoch: 127, AccTr: 0.5533000230789185, AccVa: 0.5550000071525574, CeTr: 7.729089736938477, CeVa: 7.5484299659729
Epoch: 128, AccTr: 0.5522000193595886, AccVa: 0.5774999856948853, CeTr: 6.533761024475098, CeVa: 6.116291522979736
Epoch: 129, AccTr: 0.5633000135421753, AccVa: 0.5534999966621399, CeTr: 6.623661041259766, CeVa: 6.3701701164245605
Epoch: 130, AccTr: 0.5112000107765198, AccVa: 0.5074999928474426, CeTr: 9.057507514953613, CeVa: 8.943342208862305
ENSEMBLE | Tr_Acc: 0.8062999844551086, Tr_CE: 1.9173780679702759, Va_Acc: 0.8140000104904175, Va_CE: 1.78849458694458
Epoch: 131, AccTr: 0.5644000172615051, AccVa: 0.559499979019165, CeTr: 6.229061603546143, CeVa: 6.087601661682129
Epoch: 132, AccTr: 0.5432000160217285, AccVa: 0.5494999885559082, CeTr: 6.213767051696777, CeVa: 6.307413101196289
Epoch: 133, AccTr: 0.4887999892234802, AccVa: 0.492000013589859, CeTr: 9.641579627990723, CeVa: 8.90922737121582
Epoch: 134, AccTr: 0.513700008392334, AccVa: 0.515999972820282, CeTr: 7.192415714263916, CeVa: 7.013802528381348
Epoch: 135, AccTr: 0.49869999289512634, AccVa: 0.5044999718666077, CeTr: 8.467507362365723, CeVa: 7.9641032218933105
ENSEMBLE | Tr_Acc: 0.8012999892234802, Tr_CE: 1.9842743873596191, Va_Acc: 0.8115000128746033, Va_CE: 1.8550444841384888
Epoch: 136, AccTr: 0.5382000207901001, AccVa: 0.5515000224113464, CeTr: 7.615591526031494, CeVa: 7.3679728507995605
Epoch: 137, AccTr: 0.5471000075340271, AccVa: 0.5659999847412109, CeTr: 8.672577857971191, CeVa: 7.604162693023682
Epoch: 138, AccTr: 0.5489000082015991, AccVa: 0.5554999709129333, CeTr: 8.057628631591797, CeVa: 7.66943359375
Epoch: 139, AccTr: 0.46889999508857727, AccVa: 0.4555000066757202, CeTr: 8.68580150604248, CeVa: 8.638239860534668
Epoch: 140, AccTr: 0.5113000273704529, AccVa: 0.512499988079071, CeTr: 8.864113807678223, CeVa: 8.79342269897461
ENSEMBLE | Tr_Acc: 0.7980999946594238, Tr_CE: 2.0408973693847656, Va_Acc: 0.8065000176429749, Va_CE: 1.9053071737289429
Epoch: 141, AccTr: 0.5625, AccVa: 0.5709999799728394, CeTr: 7.823291301727295, CeVa: 7.814915657043457
Epoch: 142, AccTr: 0.5461000204086304, AccVa: 0.5669999718666077, CeTr: 6.834789276123047, CeVa: 6.501539707183838
Epoch: 143, AccTr: 0.4555000066757202, AccVa: 0.44999998807907104, CeTr: 9.478089332580566, CeVa: 9.31584358215332
Epoch: 144, AccTr: 0.5178999900817871, AccVa: 0.5189999938011169, CeTr: 8.649489402770996, CeVa: 8.633172988891602
Epoch: 145, AccTr: 0.5511999726295471, AccVa: 0.5440000295639038, CeTr: 7.205443859100342, CeVa: 7.027729034423828
ENSEMBLE | Tr_Acc: 0.7971000075340271, Tr_CE: 2.066906690597534, Va_Acc: 0.8054999709129333, Va_CE: 1.9347796440124512
Epoch: 146, AccTr: 0.49459999799728394, AccVa: 0.5055000185966492, CeTr: 10.031489372253418, CeVa: 9.755851745605469
Epoch: 147, AccTr: 0.4966000020503998, AccVa: 0.48100000619888306, CeTr: 10.266654968261719, CeVa: 10.408259391784668
Epoch: 148, AccTr: 0.531000018119812, AccVa: 0.5230000019073486, CeTr: 8.785459518432617, CeVa: 8.899291038513184
Epoch: 149, AccTr: 0.6018999814987183, AccVa: 0.6025000214576721, CeTr: 5.381297588348389, CeVa: 5.434501647949219
Epoch: 150, AccTr: 0.5681999921798706, AccVa: 0.565500020980835, CeTr: 7.79482364654541, CeVa: 7.901102066040039
ENSEMBLE | Tr_Acc: 0.7961999773979187, Tr_CE: 2.1132090091705322, Va_Acc: 0.8019999861717224, Va_CE: 1.9953744411468506
NN CONFIG
Weight-type:		binary
Layout									Layer #1: 280	Layer #2: 250	
Activation Functions					Layer #1: bs	Layer #2: bs	
Keep probabilities		Layer #0: 0.8500000000000001	Layer #1: 0.8	Layer #2: 0.8	
Flat factors							Layer #1: 1.0	Layer #2: 1.0	Layer #3: 1.0	
Activation Noise						Layer #1: 0.0	Layer #2: 0.0	Layer #3: 0.0	

===================================

RUN CONFIG
Epochs: 150, Blocksize: 8

===================================

Epoch: 1, AccTr: 0.38530001044273376, AccVa: 0.375, CeTr: 38.285804748535156, CeVa: 37.88203048706055
Epoch: 2, AccTr: 0.34630000591278076, AccVa: 0.32850000262260437, CeTr: 33.50127029418945, CeVa: 34.720645904541016
Epoch: 3, AccTr: 0.2856000065803528, AccVa: 0.2750000059604645, CeTr: 24.38367462158203, CeVa: 24.802616119384766
Epoch: 4, AccTr: 0.3222000002861023, AccVa: 0.30550000071525574, CeTr: 24.234222412109375, CeVa: 24.925933837890625
Epoch: 5, AccTr: 0.37869998812675476, AccVa: 0.3630000054836273, CeTr: 17.9692325592041, CeVa: 18.544462203979492
Epoch: 6, AccTr: 0.39660000801086426, AccVa: 0.3869999945163727, CeTr: 15.353856086730957, CeVa: 15.565874099731445
Epoch: 7, AccTr: 0.45680001378059387, AccVa: 0.43549999594688416, CeTr: 13.651412963867188, CeVa: 14.110718727111816
Epoch: 8, AccTr: 0.483599990606308, AccVa: 0.4894999861717224, CeTr: 12.923375129699707, CeVa: 12.912720680236816
Epoch: 9, AccTr: 0.5354999899864197, AccVa: 0.5274999737739563, CeTr: 9.146321296691895, CeVa: 9.03939437866211
Epoch: 10, AccTr: 0.6277999877929688, AccVa: 0.6119999885559082, CeTr: 5.372253894805908, CeVa: 5.534442901611328
Epoch: 11, AccTr: 0.6144999861717224, AccVa: 0.6179999709129333, CeTr: 6.8880743980407715, CeVa: 6.737502098083496
Epoch: 12, AccTr: 0.5521000027656555, AccVa: 0.5515000224113464, CeTr: 6.406409740447998, CeVa: 6.39412784576416
Epoch: 13, AccTr: 0.5357000231742859, AccVa: 0.5299999713897705, CeTr: 9.036940574645996, CeVa: 9.131117820739746
Epoch: 14, AccTr: 0.5841000080108643, AccVa: 0.5870000123977661, CeTr: 8.867937088012695, CeVa: 8.893322944641113
Epoch: 15, AccTr: 0.5637000203132629, AccVa: 0.5680000185966492, CeTr: 9.298911094665527, CeVa: 9.388910293579102
Epoch: 16, AccTr: 0.5841000080108643, AccVa: 0.5845000147819519, CeTr: 6.656818866729736, CeVa: 6.708647727966309
Epoch: 17, AccTr: 0.5824999809265137, AccVa: 0.5799999833106995, CeTr: 5.768091201782227, CeVa: 5.80647611618042
Epoch: 18, AccTr: 0.567799985408783, AccVa: 0.5665000081062317, CeTr: 6.440706253051758, CeVa: 6.616483688354492
Epoch: 19, AccTr: 0.548799991607666, AccVa: 0.5419999957084656, CeTr: 6.739086627960205, CeVa: 6.783454895019531
Epoch: 20, AccTr: 0.5658000111579895, AccVa: 0.5705000162124634, CeTr: 6.74616003036499, CeVa: 6.608947277069092
Epoch: 21, AccTr: 0.5493000149726868, AccVa: 0.5429999828338623, CeTr: 8.924277305603027, CeVa: 8.972260475158691
Epoch: 22, AccTr: 0.5242000222206116, AccVa: 0.5270000100135803, CeTr: 7.650914669036865, CeVa: 7.470276832580566
Epoch: 23, AccTr: 0.5252000093460083, AccVa: 0.5205000042915344, CeTr: 9.18400764465332, CeVa: 8.907902717590332
Epoch: 24, AccTr: 0.5712000131607056, AccVa: 0.5630000233650208, CeTr: 8.246526718139648, CeVa: 8.149019241333008
Epoch: 25, AccTr: 0.5414000153541565, AccVa: 0.5450000166893005, CeTr: 9.53784465789795, CeVa: 8.880706787109375
ENSEMBLE | Tr_Acc: 0.5414000153541565, Tr_CE: 9.53784465789795, Va_Acc: 0.5450000166893005, Va_CE: 8.880706787109375
Epoch: 26, AccTr: 0.6014999747276306, AccVa: 0.6044999957084656, CeTr: 7.352924823760986, CeVa: 6.565046787261963
Epoch: 27, AccTr: 0.5024999976158142, AccVa: 0.5009999871253967, CeTr: 8.458118438720703, CeVa: 8.415311813354492
Epoch: 28, AccTr: 0.5425000190734863, AccVa: 0.546500027179718, CeTr: 8.062955856323242, CeVa: 7.694652080535889
Epoch: 29, AccTr: 0.542900025844574, AccVa: 0.5295000076293945, CeTr: 8.589396476745605, CeVa: 8.35107707977295
Epoch: 30, AccTr: 0.535099983215332, AccVa: 0.5370000004768372, CeTr: 7.724653244018555, CeVa: 7.728295803070068
ENSEMBLE | Tr_Acc: 0.5848000049591064, Tr_CE: 6.893955230712891, Va_Acc: 0.5764999985694885, Va_CE: 6.61726188659668
Epoch: 31, AccTr: 0.5805000066757202, AccVa: 0.5745000243186951, CeTr: 6.721781253814697, CeVa: 7.156924247741699
Epoch: 32, AccTr: 0.47200000286102295, AccVa: 0.47350001335144043, CeTr: 10.237375259399414, CeVa: 10.279111862182617
Epoch: 33, AccTr: 0.5616000294685364, AccVa: 0.5575000047683716, CeTr: 7.602573394775391, CeVa: 7.5257439613342285
Epoch: 34, AccTr: 0.4846000075340271, AccVa: 0.484499990940094, CeTr: 10.979290008544922, CeVa: 10.804267883300781
Epoch: 35, AccTr: 0.541700005531311, AccVa: 0.5609999895095825, CeTr: 8.097149848937988, CeVa: 7.918396472930908
ENSEMBLE | Tr_Acc: 0.6067000031471252, Tr_CE: 6.012545108795166, Va_Acc: 0.5899999737739563, Va_CE: 5.788557052612305
Epoch: 36, AccTr: 0.5501999855041504, AccVa: 0.546500027179718, CeTr: 8.085845947265625, CeVa: 7.86196756362915
Epoch: 37, AccTr: 0.5073999762535095, AccVa: 0.5170000195503235, CeTr: 8.285694122314453, CeVa: 8.022130966186523
Epoch: 38, AccTr: 0.5170000195503235, AccVa: 0.5049999952316284, CeTr: 8.321989059448242, CeVa: 8.029644966125488
Epoch: 39, AccTr: 0.47290000319480896, AccVa: 0.4595000147819519, CeTr: 8.841776847839355, CeVa: 9.180896759033203
Epoch: 40, AccTr: 0.45159998536109924, AccVa: 0.44600000977516174, CeTr: 11.545370101928711, CeVa: 11.664839744567871
ENSEMBLE | Tr_Acc: 0.6111999750137329, Tr_CE: 6.048576354980469, Va_Acc: 0.6010000109672546, Va_CE: 5.898749351501465
Epoch: 41, AccTr: 0.4909000098705292, AccVa: 0.5040000081062317, CeTr: 9.024298667907715, CeVa: 8.893478393554688
Epoch: 42, AccTr: 0.45320001244544983, AccVa: 0.44449999928474426, CeTr: 12.440631866455078, CeVa: 12.662158012390137
Epoch: 43, AccTr: 0.5327000021934509, AccVa: 0.5285000205039978, CeTr: 8.383245468139648, CeVa: 8.419139862060547
Epoch: 44, AccTr: 0.5583999752998352, AccVa: 0.5559999942779541, CeTr: 7.970658779144287, CeVa: 7.938716888427734
Epoch: 45, AccTr: 0.5239999890327454, AccVa: 0.5210000276565552, CeTr: 9.355303764343262, CeVa: 9.219156265258789
ENSEMBLE | Tr_Acc: 0.6269000172615051, Tr_CE: 5.491839408874512, Va_Acc: 0.6244999766349792, Va_CE: 5.335209369659424
Epoch: 46, AccTr: 0.46000000834465027, AccVa: 0.46399998664855957, CeTr: 10.235501289367676, CeVa: 10.151580810546875
Epoch: 47, AccTr: 0.5769000053405762, AccVa: 0.5879999995231628, CeTr: 6.202300071716309, CeVa: 5.794634819030762
Epoch: 48, AccTr: 0.48179998993873596, AccVa: 0.5019999742507935, CeTr: 8.526939392089844, CeVa: 7.710547924041748
Epoch: 49, AccTr: 0.4837000072002411, AccVa: 0.4934999942779541, CeTr: 9.586237907409668, CeVa: 9.435942649841309
Epoch: 50, AccTr: 0.5473999977111816, AccVa: 0.5490000247955322, CeTr: 7.510674953460693, CeVa: 7.370463848114014
ENSEMBLE | Tr_Acc: 0.6363999843597412, Tr_CE: 5.233001708984375, Va_Acc: 0.6274999976158142, Va_CE: 5.072351455688477
Epoch: 51, AccTr: 0.5799000263214111, AccVa: 0.5789999961853027, CeTr: 6.5090179443359375, CeVa: 6.236900806427002
Epoch: 52, AccTr: 0.5845000147819519, AccVa: 0.5885000228881836, CeTr: 6.281681537628174, CeVa: 6.0864644050598145
Epoch: 53, AccTr: 0.5875999927520752, AccVa: 0.5709999799728394, CeTr: 5.41012716293335, CeVa: 5.5905046463012695
Epoch: 54, AccTr: 0.5612000226974487, AccVa: 0.5730000138282776, CeTr: 4.949899196624756, CeVa: 4.618959426879883
Epoch: 55, AccTr: 0.40209999680519104, AccVa: 0.39649999141693115, CeTr: 9.527113914489746, CeVa: 9.268780708312988
ENSEMBLE | Tr_Acc: 0.6431999802589417, Tr_CE: 4.749695301055908, Va_Acc: 0.6439999938011169, Va_CE: 4.545605659484863
Epoch: 56, AccTr: 0.5685999989509583, AccVa: 0.5590000152587891, CeTr: 6.237231731414795, CeVa: 6.321962833404541
Epoch: 57, AccTr: 0.45590001344680786, AccVa: 0.46549999713897705, CeTr: 9.102208137512207, CeVa: 8.6416015625
Epoch: 58, AccTr: 0.5178999900817871, AccVa: 0.5134999752044678, CeTr: 7.120590686798096, CeVa: 6.731231212615967
Epoch: 59, AccTr: 0.5274999737739563, AccVa: 0.5074999928474426, CeTr: 7.358146667480469, CeVa: 7.319705009460449
Epoch: 60, AccTr: 0.3260999917984009, AccVa: 0.3165000081062317, CeTr: 12.109734535217285, CeVa: 11.812541961669922
ENSEMBLE | Tr_Acc: 0.6798999905586243, Tr_CE: 3.9168801307678223, Va_Acc: 0.6819999814033508, Va_CE: 3.749174118041992
Epoch: 61, AccTr: 0.4318000078201294, AccVa: 0.4309999942779541, CeTr: 10.830303192138672, CeVa: 10.63762378692627
Epoch: 62, AccTr: 0.45730000734329224, AccVa: 0.45899999141693115, CeTr: 8.859452247619629, CeVa: 9.073559761047363
Epoch: 63, AccTr: 0.45969998836517334, AccVa: 0.4569999873638153, CeTr: 8.948548316955566, CeVa: 8.986204147338867
Epoch: 64, AccTr: 0.41119998693466187, AccVa: 0.39899998903274536, CeTr: 10.682828903198242, CeVa: 10.663002014160156
Epoch: 65, AccTr: 0.45329999923706055, AccVa: 0.44699999690055847, CeTr: 8.00123119354248, CeVa: 8.030498504638672
ENSEMBLE | Tr_Acc: 0.7067999839782715, Tr_CE: 3.400214910507202, Va_Acc: 0.7020000219345093, Va_CE: 3.2417426109313965
Epoch: 66, AccTr: 0.6294000148773193, AccVa: 0.6240000128746033, CeTr: 4.956089019775391, CeVa: 5.120304584503174
Epoch: 67, AccTr: 0.5340999960899353, AccVa: 0.531000018119812, CeTr: 5.96921968460083, CeVa: 6.198370456695557
Epoch: 68, AccTr: 0.6531999707221985, AccVa: 0.6434999704360962, CeTr: 4.0559468269348145, CeVa: 4.194489479064941
Epoch: 69, AccTr: 0.6421999931335449, AccVa: 0.6399999856948853, CeTr: 4.349847793579102, CeVa: 4.388108253479004
Epoch: 70, AccTr: 0.6552000045776367, AccVa: 0.6480000019073486, CeTr: 4.081975936889648, CeVa: 4.466465950012207
ENSEMBLE | Tr_Acc: 0.7276999950408936, Tr_CE: 2.984388589859009, Va_Acc: 0.7260000109672546, Va_CE: 2.896531105041504
Epoch: 71, AccTr: 0.6711000204086304, AccVa: 0.6710000038146973, CeTr: 4.262600898742676, CeVa: 4.125490188598633
Epoch: 72, AccTr: 0.6118999719619751, AccVa: 0.6115000247955322, CeTr: 5.3856353759765625, CeVa: 5.397946834564209
Epoch: 73, AccTr: 0.6421999931335449, AccVa: 0.6455000042915344, CeTr: 4.021332740783691, CeVa: 4.046348571777344
Epoch: 74, AccTr: 0.6622999906539917, AccVa: 0.6675000190734863, CeTr: 4.768222808837891, CeVa: 4.897425651550293
Epoch: 75, AccTr: 0.65420001745224, AccVa: 0.6669999957084656, CeTr: 3.785295009613037, CeVa: 3.451171398162842
ENSEMBLE | Tr_Acc: 0.7357000112533569, Tr_CE: 2.7598321437835693, Va_Acc: 0.7329999804496765, Va_CE: 2.6461572647094727
Epoch: 76, AccTr: 0.5681999921798706, AccVa: 0.5640000104904175, CeTr: 5.85195255279541, CeVa: 5.781181335449219
Epoch: 77, AccTr: 0.6528000235557556, AccVa: 0.656000018119812, CeTr: 3.8069562911987305, CeVa: 3.6259987354278564
Epoch: 78, AccTr: 0.5856000185012817, AccVa: 0.5874999761581421, CeTr: 6.0538740158081055, CeVa: 5.538027286529541
Epoch: 79, AccTr: 0.5392000079154968, AccVa: 0.546500027179718, CeTr: 5.571491241455078, CeVa: 5.225733757019043
Epoch: 80, AccTr: 0.5849999785423279, AccVa: 0.5665000081062317, CeTr: 5.551661014556885, CeVa: 5.671595096588135
ENSEMBLE | Tr_Acc: 0.7480999827384949, Tr_CE: 2.624802350997925, Va_Acc: 0.7409999966621399, Va_CE: 2.5228841304779053
Epoch: 81, AccTr: 0.6578999757766724, AccVa: 0.640999972820282, CeTr: 3.795830488204956, CeVa: 4.011475086212158
Epoch: 82, AccTr: 0.6252999901771545, AccVa: 0.6175000071525574, CeTr: 5.1380181312561035, CeVa: 5.262930870056152
Epoch: 83, AccTr: 0.6291999816894531, AccVa: 0.6259999871253967, CeTr: 5.218835353851318, CeVa: 5.3925628662109375
Epoch: 84, AccTr: 0.6466000080108643, AccVa: 0.6305000185966492, CeTr: 5.187321662902832, CeVa: 5.611762046813965
Epoch: 85, AccTr: 0.6266000270843506, AccVa: 0.6144999861717224, CeTr: 4.492727279663086, CeVa: 4.659815311431885
ENSEMBLE | Tr_Acc: 0.757099986076355, Tr_CE: 2.4507522583007812, Va_Acc: 0.7494999766349792, Va_CE: 2.374948024749756
Epoch: 86, AccTr: 0.6606000065803528, AccVa: 0.6474999785423279, CeTr: 3.971973419189453, CeVa: 4.0698065757751465
Epoch: 87, AccTr: 0.6624000072479248, AccVa: 0.6585000157356262, CeTr: 5.0734148025512695, CeVa: 5.030879974365234
Epoch: 88, AccTr: 0.6628999710083008, AccVa: 0.656499981880188, CeTr: 5.0919694900512695, CeVa: 5.03352165222168
Epoch: 89, AccTr: 0.6604999899864197, AccVa: 0.6424999833106995, CeTr: 5.156435012817383, CeVa: 5.5892510414123535
Epoch: 90, AccTr: 0.6376000046730042, AccVa: 0.6395000219345093, CeTr: 4.499881744384766, CeVa: 4.478997707366943
ENSEMBLE | Tr_Acc: 0.7638999819755554, Tr_CE: 2.35809588432312, Va_Acc: 0.7599999904632568, Va_CE: 2.2781379222869873
Epoch: 91, AccTr: 0.6344000101089478, AccVa: 0.6380000114440918, CeTr: 4.391897678375244, CeVa: 4.252588748931885
Epoch: 92, AccTr: 0.5871000289916992, AccVa: 0.5724999904632568, CeTr: 5.747836112976074, CeVa: 5.818519592285156
Epoch: 93, AccTr: 0.6317999958992004, AccVa: 0.6230000257492065, CeTr: 4.484207630157471, CeVa: 4.479982852935791
Epoch: 94, AccTr: 0.5544999837875366, AccVa: 0.5580000281333923, CeTr: 6.13542366027832, CeVa: 5.831007480621338
Epoch: 95, AccTr: 0.5913000106811523, AccVa: 0.5889999866485596, CeTr: 5.660221099853516, CeVa: 5.721836566925049
ENSEMBLE | Tr_Acc: 0.7724000215530396, Tr_CE: 2.2555553913116455, Va_Acc: 0.7684999704360962, Va_CE: 2.165193796157837
Epoch: 96, AccTr: 0.5949000120162964, AccVa: 0.5885000228881836, CeTr: 6.618768692016602, CeVa: 6.579156398773193
Epoch: 97, AccTr: 0.5435000061988831, AccVa: 0.5375000238418579, CeTr: 7.062414169311523, CeVa: 7.001401901245117
Epoch: 98, AccTr: 0.5333999991416931, AccVa: 0.5270000100135803, CeTr: 7.839928150177002, CeVa: 8.200357437133789
Epoch: 99, AccTr: 0.6297000050544739, AccVa: 0.6154999732971191, CeTr: 5.323134422302246, CeVa: 5.374944686889648
Epoch: 100, AccTr: 0.6133000254631042, AccVa: 0.6029999852180481, CeTr: 4.83296012878418, CeVa: 4.874466896057129
ENSEMBLE | Tr_Acc: 0.777999997138977, Tr_CE: 2.1882171630859375, Va_Acc: 0.7789999842643738, Va_CE: 2.103503704071045
Epoch: 101, AccTr: 0.6295999884605408, AccVa: 0.6345000267028809, CeTr: 4.674821376800537, CeVa: 4.7430830001831055
Epoch: 102, AccTr: 0.5742999911308289, AccVa: 0.5709999799728394, CeTr: 5.847916603088379, CeVa: 5.724846363067627
Epoch: 103, AccTr: 0.5509999990463257, AccVa: 0.5634999871253967, CeTr: 6.091407775878906, CeVa: 5.8651652336120605
Epoch: 104, AccTr: 0.6159999966621399, AccVa: 0.6290000081062317, CeTr: 4.60575532913208, CeVa: 4.470247745513916
Epoch: 105, AccTr: 0.6452999711036682, AccVa: 0.6320000290870667, CeTr: 4.251466274261475, CeVa: 4.363399028778076
ENSEMBLE | Tr_Acc: 0.7872999906539917, Tr_CE: 2.066657781600952, Va_Acc: 0.7904999852180481, Va_CE: 1.9813346862792969
Epoch: 106, AccTr: 0.6322000026702881, AccVa: 0.6230000257492065, CeTr: 4.554236888885498, CeVa: 4.5449042320251465
Epoch: 107, AccTr: 0.6157000064849854, AccVa: 0.5920000076293945, CeTr: 5.110186576843262, CeVa: 5.144374847412109
Epoch: 108, AccTr: 0.5569999814033508, AccVa: 0.5515000224113464, CeTr: 4.7846574783325195, CeVa: 4.883566379547119
Epoch: 109, AccTr: 0.5697000026702881, AccVa: 0.5830000042915344, CeTr: 5.617544651031494, CeVa: 5.288872241973877
Epoch: 110, AccTr: 0.588699996471405, AccVa: 0.5975000262260437, CeTr: 5.935932636260986, CeVa: 5.733650207519531
ENSEMBLE | Tr_Acc: 0.7955999970436096, Tr_CE: 2.0113205909729004, Va_Acc: 0.7990000247955322, Va_CE: 1.9142162799835205
Epoch: 111, AccTr: 0.5309000015258789, AccVa: 0.5210000276565552, CeTr: 7.613383769989014, CeVa: 7.479111671447754
Epoch: 112, AccTr: 0.5407000184059143, AccVa: 0.5239999890327454, CeTr: 6.838688850402832, CeVa: 6.890794277191162
Epoch: 113, AccTr: 0.5291000008583069, AccVa: 0.5245000123977661, CeTr: 7.2310638427734375, CeVa: 7.44350528717041
Epoch: 114, AccTr: 0.4717000126838684, AccVa: 0.4740000069141388, CeTr: 10.218823432922363, CeVa: 9.919808387756348
Epoch: 115, AccTr: 0.5666999816894531, AccVa: 0.5615000128746033, CeTr: 7.850675106048584, CeVa: 7.647291660308838
ENSEMBLE | Tr_Acc: 0.8066999912261963, Tr_CE: 1.9256043434143066, Va_Acc: 0.8065000176429749, Va_CE: 1.8437840938568115
Epoch: 116, AccTr: 0.5698000192642212, AccVa: 0.5659999847412109, CeTr: 6.743212699890137, CeVa: 6.833307266235352
Epoch: 117, AccTr: 0.49410000443458557, AccVa: 0.4934999942779541, CeTr: 10.42416763305664, CeVa: 10.584263801574707
Epoch: 118, AccTr: 0.5425000190734863, AccVa: 0.5435000061988831, CeTr: 7.902642250061035, CeVa: 7.8578057289123535
Epoch: 119, AccTr: 0.552299976348877, AccVa: 0.5425000190734863, CeTr: 7.540069580078125, CeVa: 7.509205341339111
Epoch: 120, AccTr: 0.5929999947547913, AccVa: 0.578000009059906, CeTr: 6.6375813484191895, CeVa: 6.565839767456055
ENSEMBLE | Tr_Acc: 0.807699978351593, Tr_CE: 1.9077686071395874, Va_Acc: 0.8044999837875366, Va_CE: 1.8327929973602295
Epoch: 121, AccTr: 0.515999972820282, AccVa: 0.5164999961853027, CeTr: 6.727451324462891, CeVa: 6.68585729598999
Epoch: 122, AccTr: 0.5115000009536743, AccVa: 0.5120000243186951, CeTr: 7.6482062339782715, CeVa: 7.693676948547363
Epoch: 123, AccTr: 0.5802000164985657, AccVa: 0.5630000233650208, CeTr: 5.240131855010986, CeVa: 5.238058567047119
Epoch: 124, AccTr: 0.5120999813079834, AccVa: 0.5, CeTr: 6.588316440582275, CeVa: 6.605506896972656
Epoch: 125, AccTr: 0.5504000186920166, AccVa: 0.5410000085830688, CeTr: 7.530052185058594, CeVa: 7.683003902435303
ENSEMBLE | Tr_Acc: 0.8065999746322632, Tr_CE: 1.913686752319336, Va_Acc: 0.8029999732971191, Va_CE: 1.850042700767517
Epoch: 126, AccTr: 0.5480999946594238, AccVa: 0.5385000109672546, CeTr: 7.854401588439941, CeVa: 8.094710350036621
Epoch: 127, AccTr: 0.5698000192642212, AccVa: 0.5680000185966492, CeTr: 7.027373313903809, CeVa: 6.676580905914307
Epoch: 128, AccTr: 0.6309000253677368, AccVa: 0.6320000290870667, CeTr: 5.1192450523376465, CeVa: 4.979467391967773
Epoch: 129, AccTr: 0.6018000245094299, AccVa: 0.5839999914169312, CeTr: 6.053219318389893, CeVa: 6.207745552062988
Epoch: 130, AccTr: 0.41200000047683716, AccVa: 0.40400001406669617, CeTr: 8.412077903747559, CeVa: 8.366939544677734
ENSEMBLE | Tr_Acc: 0.8029000163078308, Tr_CE: 1.9216856956481934, Va_Acc: 0.8015000224113464, Va_CE: 1.8613853454589844
Epoch: 131, AccTr: 0.5508999824523926, AccVa: 0.5429999828338623, CeTr: 6.976825714111328, CeVa: 6.966981410980225
Epoch: 132, AccTr: 0.5529999732971191, AccVa: 0.546999990940094, CeTr: 7.068657875061035, CeVa: 6.833534240722656
Epoch: 133, AccTr: 0.5552999973297119, AccVa: 0.5519999861717224, CeTr: 6.097130298614502, CeVa: 5.981782913208008
Epoch: 134, AccTr: 0.5629000067710876, AccVa: 0.5565000176429749, CeTr: 7.106529712677002, CeVa: 6.723402500152588
Epoch: 135, AccTr: 0.5422000288963318, AccVa: 0.5325000286102295, CeTr: 8.81997013092041, CeVa: 8.9832124710083
ENSEMBLE | Tr_Acc: 0.8014000058174133, Tr_CE: 1.9489820003509521, Va_Acc: 0.796500027179718, Va_CE: 1.898814082145691
Epoch: 136, AccTr: 0.5044000148773193, AccVa: 0.5, CeTr: 8.316229820251465, CeVa: 8.212006568908691
Epoch: 137, AccTr: 0.5346999764442444, AccVa: 0.5400000214576721, CeTr: 7.2093610763549805, CeVa: 7.169925689697266
Epoch: 138, AccTr: 0.5471000075340271, AccVa: 0.5400000214576721, CeTr: 6.416552543640137, CeVa: 6.288208961486816
Epoch: 139, AccTr: 0.5555999875068665, AccVa: 0.5580000281333923, CeTr: 6.447177886962891, CeVa: 6.343213081359863
Epoch: 140, AccTr: 0.4887000024318695, AccVa: 0.492000013589859, CeTr: 8.338251113891602, CeVa: 8.305545806884766
ENSEMBLE | Tr_Acc: 0.7982000112533569, Tr_CE: 1.975222110748291, Va_Acc: 0.7889999747276306, Va_CE: 1.9369078874588013
Epoch: 141, AccTr: 0.5088000297546387, AccVa: 0.5195000171661377, CeTr: 8.195484161376953, CeVa: 7.555208206176758
Epoch: 142, AccTr: 0.43320000171661377, AccVa: 0.4410000145435333, CeTr: 9.820496559143066, CeVa: 9.526200294494629
Epoch: 143, AccTr: 0.4855000078678131, AccVa: 0.476500004529953, CeTr: 8.442583084106445, CeVa: 8.180922508239746
Epoch: 144, AccTr: 0.5979999899864197, AccVa: 0.5985000133514404, CeTr: 5.452033042907715, CeVa: 5.356800079345703
Epoch: 145, AccTr: 0.4950999915599823, AccVa: 0.4925000071525574, CeTr: 8.422067642211914, CeVa: 8.313369750976562
ENSEMBLE | Tr_Acc: 0.7975999712944031, Tr_CE: 1.9636536836624146, Va_Acc: 0.7870000004768372, Va_CE: 1.936257243156433
Epoch: 146, AccTr: 0.520799994468689, AccVa: 0.5249999761581421, CeTr: 8.223315238952637, CeVa: 8.207511901855469
Epoch: 147, AccTr: 0.5677000284194946, AccVa: 0.5684999823570251, CeTr: 7.080511569976807, CeVa: 7.145492076873779
Epoch: 148, AccTr: 0.5464000105857849, AccVa: 0.5540000200271606, CeTr: 5.821516990661621, CeVa: 5.67111349105835
Epoch: 149, AccTr: 0.5349000096321106, AccVa: 0.5550000071525574, CeTr: 7.226945400238037, CeVa: 7.209969520568848
Epoch: 150, AccTr: 0.5626999735832214, AccVa: 0.5724999904632568, CeTr: 4.906734466552734, CeVa: 4.953147888183594
ENSEMBLE | Tr_Acc: 0.79830002784729, Tr_CE: 1.931542158126831, Va_Acc: 0.7910000085830688, Va_CE: 1.9024736881256104
NN CONFIG
Weight-type:		binary
Layout									Layer #1: 280	Layer #2: 250	
Activation Functions					Layer #1: bs	Layer #2: bs	
Keep probabilities		Layer #0: 0.8500000000000001	Layer #1: 0.8	Layer #2: 0.8	
Flat factors							Layer #1: 1.0	Layer #2: 1.0	Layer #3: 1.0	
Activation Noise						Layer #1: 0.0	Layer #2: 0.0	Layer #3: 0.0	

===================================

RUN CONFIG
Epochs: 150, Blocksize: 8

===================================

Epoch: 1, AccTr: 0.7195000052452087, AccVa: 0.7124999761581421, CeTr: 4.621146202087402, CeVa: 4.8283305168151855
Epoch: 2, AccTr: 0.8217999935150146, AccVa: 0.8019999861717224, CeTr: 2.430845260620117, CeVa: 2.73142409324646
Epoch: 3, AccTr: 0.7735000252723694, AccVa: 0.7670000195503235, CeTr: 3.0824897289276123, CeVa: 3.5608181953430176
Epoch: 4, AccTr: 0.7991999983787537, AccVa: 0.8004999756813049, CeTr: 2.911499261856079, CeVa: 2.8843295574188232
Epoch: 5, AccTr: 0.7324000000953674, AccVa: 0.7210000157356262, CeTr: 3.9872851371765137, CeVa: 4.097862243652344
Epoch: 6, AccTr: 0.7620999813079834, AccVa: 0.7450000047683716, CeTr: 3.8740313053131104, CeVa: 4.427793025970459
Epoch: 7, AccTr: 0.7304999828338623, AccVa: 0.7014999985694885, CeTr: 4.203143119812012, CeVa: 4.855562210083008
Epoch: 8, AccTr: 0.7239000201225281, AccVa: 0.7139999866485596, CeTr: 4.4739837646484375, CeVa: 4.766082286834717
Epoch: 9, AccTr: 0.7074999809265137, AccVa: 0.7114999890327454, CeTr: 4.258152961730957, CeVa: 4.284778594970703
Epoch: 10, AccTr: 0.6787999868392944, AccVa: 0.6735000014305115, CeTr: 4.953729152679443, CeVa: 4.953657150268555
Epoch: 11, AccTr: 0.6577000021934509, AccVa: 0.6480000019073486, CeTr: 5.5793256759643555, CeVa: 5.738277435302734
Epoch: 12, AccTr: 0.654699981212616, AccVa: 0.6324999928474426, CeTr: 5.793834209442139, CeVa: 5.943276882171631
Epoch: 13, AccTr: 0.684499979019165, AccVa: 0.675000011920929, CeTr: 4.408538341522217, CeVa: 4.890961170196533
Epoch: 14, AccTr: 0.7039999961853027, AccVa: 0.6930000185966492, CeTr: 4.580137729644775, CeVa: 5.066365718841553
Epoch: 15, AccTr: 0.6607000231742859, AccVa: 0.6524999737739563, CeTr: 4.0974578857421875, CeVa: 4.257236480712891
Epoch: 16, AccTr: 0.5817000269889832, AccVa: 0.5695000290870667, CeTr: 7.553934574127197, CeVa: 8.038199424743652
Epoch: 17, AccTr: 0.6313999891281128, AccVa: 0.6119999885559082, CeTr: 5.869317531585693, CeVa: 6.2465643882751465
Epoch: 18, AccTr: 0.6509000062942505, AccVa: 0.6179999709129333, CeTr: 5.321529865264893, CeVa: 5.913437843322754
Epoch: 19, AccTr: 0.6568999886512756, AccVa: 0.6434999704360962, CeTr: 5.226512432098389, CeVa: 5.4382100105285645
Epoch: 20, AccTr: 0.605400025844574, AccVa: 0.5989999771118164, CeTr: 5.706086158752441, CeVa: 5.936213970184326
Epoch: 21, AccTr: 0.6136999726295471, AccVa: 0.5740000009536743, CeTr: 6.032925128936768, CeVa: 6.764970302581787
Epoch: 22, AccTr: 0.619700014591217, AccVa: 0.6209999918937683, CeTr: 5.900270938873291, CeVa: 6.064219951629639
Epoch: 23, AccTr: 0.6100000143051147, AccVa: 0.6010000109672546, CeTr: 5.941251277923584, CeVa: 6.354100704193115
Epoch: 24, AccTr: 0.6194999814033508, AccVa: 0.5989999771118164, CeTr: 6.2662835121154785, CeVa: 6.465288162231445
Epoch: 25, AccTr: 0.6013000011444092, AccVa: 0.5870000123977661, CeTr: 6.505458831787109, CeVa: 6.930663585662842
ENSEMBLE | Tr_Acc: 0.6013000011444092, Tr_CE: 6.505458831787109, Va_Acc: 0.5870000123977661, Va_CE: 6.930663585662842
Epoch: 26, AccTr: 0.6294999718666077, AccVa: 0.6014999747276306, CeTr: 5.1765522956848145, CeVa: 5.524944305419922
Epoch: 27, AccTr: 0.6446999907493591, AccVa: 0.6395000219345093, CeTr: 4.854745388031006, CeVa: 4.856295585632324
Epoch: 28, AccTr: 0.675599992275238, AccVa: 0.6884999871253967, CeTr: 3.9545562267303467, CeVa: 3.818969964981079
Epoch: 29, AccTr: 0.6444000005722046, AccVa: 0.659500002861023, CeTr: 5.268019199371338, CeVa: 5.247533321380615
Epoch: 30, AccTr: 0.6205999851226807, AccVa: 0.6190000176429749, CeTr: 4.811040878295898, CeVa: 4.654606342315674
ENSEMBLE | Tr_Acc: 0.6996999979019165, Tr_CE: 3.4190218448638916, Va_Acc: 0.6865000128746033, Va_CE: 3.571021318435669
Epoch: 31, AccTr: 0.645799994468689, AccVa: 0.652999997138977, CeTr: 5.034564971923828, CeVa: 5.071436405181885
Epoch: 32, AccTr: 0.6410999894142151, AccVa: 0.6474999785423279, CeTr: 4.223274230957031, CeVa: 4.279513835906982
Epoch: 33, AccTr: 0.6434000134468079, AccVa: 0.6330000162124634, CeTr: 4.6711530685424805, CeVa: 4.7099151611328125
Epoch: 34, AccTr: 0.567300021648407, AccVa: 0.5795000195503235, CeTr: 6.217037677764893, CeVa: 6.116990089416504
Epoch: 35, AccTr: 0.5898000001907349, AccVa: 0.5889999866485596, CeTr: 5.510549068450928, CeVa: 5.588252067565918
ENSEMBLE | Tr_Acc: 0.7206000089645386, Tr_CE: 2.957598924636841, Va_Acc: 0.7129999995231628, Va_CE: 2.9992592334747314
Epoch: 36, AccTr: 0.597599983215332, AccVa: 0.5929999947547913, CeTr: 4.450133800506592, CeVa: 4.517741680145264
Epoch: 37, AccTr: 0.5726000070571899, AccVa: 0.5600000023841858, CeTr: 5.493297576904297, CeVa: 5.50253963470459
Epoch: 38, AccTr: 0.5583000183105469, AccVa: 0.5625, CeTr: 5.77113676071167, CeVa: 5.542341709136963
Epoch: 39, AccTr: 0.6040999889373779, AccVa: 0.6085000038146973, CeTr: 4.636157035827637, CeVa: 4.629809379577637
Epoch: 40, AccTr: 0.6302000284194946, AccVa: 0.6320000290870667, CeTr: 4.570291042327881, CeVa: 4.622832775115967
ENSEMBLE | Tr_Acc: 0.761900007724762, Tr_CE: 2.342815637588501, Va_Acc: 0.7544999718666077, Va_CE: 2.382655620574951
Epoch: 41, AccTr: 0.6538000106811523, AccVa: 0.652999997138977, CeTr: 4.803944110870361, CeVa: 4.933381080627441
Epoch: 42, AccTr: 0.6233000159263611, AccVa: 0.6209999918937683, CeTr: 5.10847282409668, CeVa: 5.101742744445801
Epoch: 43, AccTr: 0.5755000114440918, AccVa: 0.5605000257492065, CeTr: 6.258172035217285, CeVa: 6.584005832672119
Epoch: 44, AccTr: 0.5950000286102295, AccVa: 0.5849999785423279, CeTr: 5.106888294219971, CeVa: 5.3710479736328125
Epoch: 45, AccTr: 0.6017000079154968, AccVa: 0.6044999957084656, CeTr: 5.052875995635986, CeVa: 5.074560642242432
ENSEMBLE | Tr_Acc: 0.7757999897003174, Tr_CE: 2.080063819885254, Va_Acc: 0.7639999985694885, Va_CE: 2.1177725791931152
Epoch: 46, AccTr: 0.5861999988555908, AccVa: 0.5839999914169312, CeTr: 5.525579452514648, CeVa: 5.72138786315918
Epoch: 47, AccTr: 0.5809000134468079, AccVa: 0.5805000066757202, CeTr: 6.665374279022217, CeVa: 6.878030776977539
Epoch: 48, AccTr: 0.6294999718666077, AccVa: 0.6194999814033508, CeTr: 5.422327518463135, CeVa: 5.712935924530029
Epoch: 49, AccTr: 0.6384999752044678, AccVa: 0.6389999985694885, CeTr: 4.567285537719727, CeVa: 4.945955753326416
Epoch: 50, AccTr: 0.6011000275611877, AccVa: 0.5920000076293945, CeTr: 4.792779922485352, CeVa: 5.058987140655518
ENSEMBLE | Tr_Acc: 0.7892000079154968, Tr_CE: 1.9396902322769165, Va_Acc: 0.7730000019073486, Va_CE: 2.032172679901123
Epoch: 51, AccTr: 0.5455999970436096, AccVa: 0.5329999923706055, CeTr: 5.875904560089111, CeVa: 6.080907344818115
Epoch: 52, AccTr: 0.6416000127792358, AccVa: 0.6424999833106995, CeTr: 4.2198967933654785, CeVa: 4.293087959289551
Epoch: 53, AccTr: 0.6288999915122986, AccVa: 0.6134999990463257, CeTr: 4.44094181060791, CeVa: 4.5789265632629395
Epoch: 54, AccTr: 0.6485999822616577, AccVa: 0.6504999995231628, CeTr: 3.6555652618408203, CeVa: 3.7636468410491943
Epoch: 55, AccTr: 0.5141000151634216, AccVa: 0.5239999890327454, CeTr: 6.016272068023682, CeVa: 5.887502670288086
ENSEMBLE | Tr_Acc: 0.7907000184059143, Tr_CE: 1.8146802186965942, Va_Acc: 0.7749999761581421, Va_CE: 1.886317253112793
Epoch: 56, AccTr: 0.613099992275238, AccVa: 0.628000020980835, CeTr: 3.948868751525879, CeVa: 3.6281330585479736
Epoch: 57, AccTr: 0.6126000285148621, AccVa: 0.6054999828338623, CeTr: 5.101611614227295, CeVa: 5.2332539558410645
Epoch: 58, AccTr: 0.6146000027656555, AccVa: 0.6209999918937683, CeTr: 5.126755237579346, CeVa: 4.906393051147461
Epoch: 59, AccTr: 0.6008999943733215, AccVa: 0.6115000247955322, CeTr: 4.383238792419434, CeVa: 4.191833019256592
Epoch: 60, AccTr: 0.6132000088691711, AccVa: 0.6065000295639038, CeTr: 4.689987659454346, CeVa: 4.786728858947754
ENSEMBLE | Tr_Acc: 0.795799970626831, Tr_CE: 1.7155029773712158, Va_Acc: 0.7820000052452087, Va_CE: 1.7723805904388428
Epoch: 61, AccTr: 0.6503000259399414, AccVa: 0.6460000276565552, CeTr: 3.80138897895813, CeVa: 3.786749839782715
Epoch: 62, AccTr: 0.5760999917984009, AccVa: 0.5805000066757202, CeTr: 5.596345901489258, CeVa: 5.889939785003662
Epoch: 63, AccTr: 0.5583000183105469, AccVa: 0.5435000061988831, CeTr: 6.1149163246154785, CeVa: 6.499667167663574
Epoch: 64, AccTr: 0.6262000203132629, AccVa: 0.6244999766349792, CeTr: 4.994444370269775, CeVa: 4.983622074127197
Epoch: 65, AccTr: 0.5877000093460083, AccVa: 0.574999988079071, CeTr: 6.073723316192627, CeVa: 6.430427074432373
ENSEMBLE | Tr_Acc: 0.7928000092506409, Tr_CE: 1.7135146856307983, Va_Acc: 0.7799999713897705, Va_CE: 1.8086795806884766
Epoch: 66, AccTr: 0.5609999895095825, AccVa: 0.5400000214576721, CeTr: 6.482827186584473, CeVa: 6.571252822875977
Epoch: 67, AccTr: 0.45969998836517334, AccVa: 0.4659999907016754, CeTr: 10.385379791259766, CeVa: 10.086546897888184
Epoch: 68, AccTr: 0.40720000863075256, AccVa: 0.41850000619888306, CeTr: 12.127744674682617, CeVa: 12.047253608703613
Epoch: 69, AccTr: 0.5288000106811523, AccVa: 0.5264999866485596, CeTr: 7.335632801055908, CeVa: 7.252468109130859
Epoch: 70, AccTr: 0.414900004863739, AccVa: 0.41749998927116394, CeTr: 11.581541061401367, CeVa: 11.606178283691406
ENSEMBLE | Tr_Acc: 0.792900025844574, Tr_CE: 1.7444919347763062, Va_Acc: 0.7804999947547913, Va_CE: 1.8447234630584717
Epoch: 71, AccTr: 0.6123999953269958, AccVa: 0.5845000147819519, CeTr: 6.500410079956055, CeVa: 6.836477756500244
Epoch: 72, AccTr: 0.6500999927520752, AccVa: 0.659500002861023, CeTr: 4.259783744812012, CeVa: 4.3019232749938965
Epoch: 73, AccTr: 0.4284999966621399, AccVa: 0.4339999854564667, CeTr: 9.291756629943848, CeVa: 9.248451232910156
Epoch: 74, AccTr: 0.4311000108718872, AccVa: 0.43799999356269836, CeTr: 9.92792797088623, CeVa: 9.551473617553711
Epoch: 75, AccTr: 0.5580999851226807, AccVa: 0.5615000128746033, CeTr: 7.707162380218506, CeVa: 7.554332256317139
ENSEMBLE | Tr_Acc: 0.796999990940094, Tr_CE: 1.8070707321166992, Va_Acc: 0.7820000052452087, Va_CE: 1.8724128007888794
Epoch: 76, AccTr: 0.5343000292778015, AccVa: 0.5435000061988831, CeTr: 6.20873498916626, CeVa: 6.054446220397949
Epoch: 77, AccTr: 0.5648000240325928, AccVa: 0.5625, CeTr: 7.42568302154541, CeVa: 7.41046667098999
Epoch: 78, AccTr: 0.46720001101493835, AccVa: 0.4659999907016754, CeTr: 9.370784759521484, CeVa: 9.358606338500977
Epoch: 79, AccTr: 0.5537999868392944, AccVa: 0.5519999861717224, CeTr: 6.959092140197754, CeVa: 7.060870170593262
Epoch: 80, AccTr: 0.5960000157356262, AccVa: 0.5895000100135803, CeTr: 5.044210910797119, CeVa: 5.360972881317139
ENSEMBLE | Tr_Acc: 0.7975999712944031, Tr_CE: 1.760125994682312, Va_Acc: 0.781000018119812, Va_CE: 1.8471921682357788
Epoch: 81, AccTr: 0.5950000286102295, AccVa: 0.6065000295639038, CeTr: 5.324814319610596, CeVa: 5.395960330963135
Epoch: 82, AccTr: 0.6080999970436096, AccVa: 0.6010000109672546, CeTr: 5.0882720947265625, CeVa: 5.167293548583984
Epoch: 83, AccTr: 0.573199987411499, AccVa: 0.5774999856948853, CeTr: 6.205511093139648, CeVa: 5.923736095428467
Epoch: 84, AccTr: 0.557200014591217, AccVa: 0.5550000071525574, CeTr: 7.8123459815979, CeVa: 7.7216644287109375
Epoch: 85, AccTr: 0.5911999940872192, AccVa: 0.5879999995231628, CeTr: 6.758707046508789, CeVa: 6.795730113983154
ENSEMBLE | Tr_Acc: 0.7936000227928162, Tr_CE: 1.79081130027771, Va_Acc: 0.7774999737739563, Va_CE: 1.872834324836731
Epoch: 86, AccTr: 0.618399977684021, AccVa: 0.6175000071525574, CeTr: 6.308834552764893, CeVa: 6.36447286605835
Epoch: 87, AccTr: 0.5645999908447266, AccVa: 0.5814999938011169, CeTr: 6.4280571937561035, CeVa: 6.3253607749938965
Epoch: 88, AccTr: 0.5536999702453613, AccVa: 0.5504999756813049, CeTr: 6.381929874420166, CeVa: 6.320075035095215
Epoch: 89, AccTr: 0.5924000144004822, AccVa: 0.6025000214576721, CeTr: 5.475292682647705, CeVa: 5.300671100616455
Epoch: 90, AccTr: 0.5841000080108643, AccVa: 0.5835000276565552, CeTr: 7.635066986083984, CeVa: 7.6246747970581055
ENSEMBLE | Tr_Acc: 0.7840999960899353, Tr_CE: 1.884189486503601, Va_Acc: 0.7724999785423279, Va_CE: 1.9772051572799683
Epoch: 91, AccTr: 0.5174999833106995, AccVa: 0.5299999713897705, CeTr: 8.490898132324219, CeVa: 8.550609588623047
Epoch: 92, AccTr: 0.538100004196167, AccVa: 0.5519999861717224, CeTr: 7.928124904632568, CeVa: 7.674444675445557
Epoch: 93, AccTr: 0.5015000104904175, AccVa: 0.5049999952316284, CeTr: 9.081414222717285, CeVa: 9.111422538757324
Epoch: 94, AccTr: 0.5673999786376953, AccVa: 0.5550000071525574, CeTr: 6.487663269042969, CeVa: 6.606927871704102
Epoch: 95, AccTr: 0.6035000085830688, AccVa: 0.6085000038146973, CeTr: 5.765402793884277, CeVa: 5.442180633544922
ENSEMBLE | Tr_Acc: 0.7882999777793884, Tr_CE: 1.8383902311325073, Va_Acc: 0.7804999947547913, Va_CE: 1.9243569374084473
