NN CONFIG
Weight-type:		ternary
Layout									Layer #1: 250	Layer #2: 220	
Activation Functions					Layer #1: ets	Layer #2: ets	
Keep probabilities		Layer #0: 1.0	Layer #1: 1.0	Layer #2: 1.0	
Flat factors							Layer #1: 1.0	Layer #2: 1.0	Layer #3: 1.0	
Activation Noise						Layer #1: 0.1	Layer #2: 0.1	Layer #3: 0.0	
Prior: 0.8

===================================

RUN CONFIG
Epochs: 50, Blocksize: 4

===================================

Epoch: 1, AccTr: 0.9020000100135803, AccVa: 0.8569999933242798, CeTr: 0.3030722737312317, CeVa: 0.47701770067214966
Epoch: 2, AccTr: 0.9168000221252441, AccVa: 0.8659999966621399, CeTr: 0.26150763034820557, CeVa: 0.45337730646133423
Epoch: 3, AccTr: 0.9164000153541565, AccVa: 0.8769999742507935, CeTr: 0.2475806623697281, CeVa: 0.4481925964355469
Epoch: 4, AccTr: 0.9132000207901001, AccVa: 0.8690000176429749, CeTr: 0.2512626349925995, CeVa: 0.4537305235862732
Epoch: 5, AccTr: 0.9204999804496765, AccVa: 0.8560000061988831, CeTr: 0.24146518111228943, CeVa: 0.49022889137268066
ENSEMBLE | Tr_Acc: 0.9204999804496765, Tr_CE: 0.24146518111228943, Va_Acc: 0.8560000061988831, Va_CE: 0.49022889137268066
Epoch: 6, AccTr: 0.9182999730110168, AccVa: 0.8629999756813049, CeTr: 0.24969536066055298, CeVa: 0.48347511887550354
Epoch: 7, AccTr: 0.9165999889373779, AccVa: 0.8585000038146973, CeTr: 0.24026790261268616, CeVa: 0.4566894769668579
Epoch: 8, AccTr: 0.9100000262260437, AccVa: 0.862500011920929, CeTr: 0.24899306893348694, CeVa: 0.4492872357368469
Epoch: 9, AccTr: 0.9180999994277954, AccVa: 0.8610000014305115, CeTr: 0.2415522038936615, CeVa: 0.4592553973197937
Epoch: 10, AccTr: 0.916700005531311, AccVa: 0.859499990940094, CeTr: 0.2405506819486618, CeVa: 0.48513320088386536
ENSEMBLE | Tr_Acc: 0.954800009727478, Tr_CE: 0.1515250951051712, Va_Acc: 0.8914999961853027, Va_CE: 0.35649654269218445
Epoch: 11, AccTr: 0.9182999730110168, AccVa: 0.8544999957084656, CeTr: 0.23957619071006775, CeVa: 0.4706363379955292
Epoch: 12, AccTr: 0.9186000227928162, AccVa: 0.8565000295639038, CeTr: 0.24164970219135284, CeVa: 0.4948423206806183
Epoch: 13, AccTr: 0.9158999919891357, AccVa: 0.8560000061988831, CeTr: 0.24509599804878235, CeVa: 0.48673832416534424
Epoch: 14, AccTr: 0.917900025844574, AccVa: 0.8659999966621399, CeTr: 0.24380744993686676, CeVa: 0.4772723317146301
Epoch: 15, AccTr: 0.9169999957084656, AccVa: 0.8565000295639038, CeTr: 0.2414558082818985, CeVa: 0.46444347500801086
ENSEMBLE | Tr_Acc: 0.9638000130653381, Tr_CE: 0.12718744575977325, Va_Acc: 0.9079999923706055, Va_CE: 0.30811795592308044
Epoch: 16, AccTr: 0.9157000184059143, AccVa: 0.8619999885559082, CeTr: 0.24148119986057281, CeVa: 0.45481690764427185
Epoch: 17, AccTr: 0.9150000214576721, AccVa: 0.8619999885559082, CeTr: 0.24038517475128174, CeVa: 0.47572842240333557
Epoch: 18, AccTr: 0.9187999963760376, AccVa: 0.8560000061988831, CeTr: 0.24279001355171204, CeVa: 0.5019576549530029
Epoch: 19, AccTr: 0.9150999784469604, AccVa: 0.8654999732971191, CeTr: 0.2464873492717743, CeVa: 0.4619814157485962
Epoch: 20, AccTr: 0.9128000140190125, AccVa: 0.8600000143051147, CeTr: 0.2519747316837311, CeVa: 0.4749898612499237
ENSEMBLE | Tr_Acc: 0.9682000279426575, Tr_CE: 0.11721597611904144, Va_Acc: 0.9144999980926514, Va_CE: 0.28350162506103516
Epoch: 21, AccTr: 0.9168999791145325, AccVa: 0.8464999794960022, CeTr: 0.24118228256702423, CeVa: 0.5123984217643738
Epoch: 22, AccTr: 0.9164999723434448, AccVa: 0.8715000152587891, CeTr: 0.24751703441143036, CeVa: 0.46111688017845154
Epoch: 23, AccTr: 0.9164999723434448, AccVa: 0.8479999899864197, CeTr: 0.24172446131706238, CeVa: 0.5044708251953125
Epoch: 24, AccTr: 0.9135000109672546, AccVa: 0.8489999771118164, CeTr: 0.2515360713005066, CeVa: 0.5025131106376648
Epoch: 25, AccTr: 0.9203000068664551, AccVa: 0.859499990940094, CeTr: 0.2374340295791626, CeVa: 0.49225756525993347
ENSEMBLE | Tr_Acc: 0.9710999727249146, Tr_CE: 0.10895345360040665, Va_Acc: 0.9150000214576721, Va_CE: 0.27225252985954285
Epoch: 26, AccTr: 0.9178000092506409, AccVa: 0.8565000295639038, CeTr: 0.24216879904270172, CeVa: 0.48991909623146057
Epoch: 27, AccTr: 0.9207000136375427, AccVa: 0.8514999747276306, CeTr: 0.23460334539413452, CeVa: 0.5317086577415466
Epoch: 28, AccTr: 0.9192000031471252, AccVa: 0.8610000014305115, CeTr: 0.23820866644382477, CeVa: 0.489202618598938
Epoch: 29, AccTr: 0.9204000234603882, AccVa: 0.8634999990463257, CeTr: 0.23239988088607788, CeVa: 0.47536957263946533
Epoch: 30, AccTr: 0.9211000204086304, AccVa: 0.8554999828338623, CeTr: 0.2367585003376007, CeVa: 0.48793190717697144
ENSEMBLE | Tr_Acc: 0.9735999703407288, Tr_CE: 0.10341701656579971, Va_Acc: 0.9164999723434448, Va_CE: 0.26572611927986145
Epoch: 31, AccTr: 0.9175999760627747, AccVa: 0.8629999756813049, CeTr: 0.23985068500041962, CeVa: 0.48853468894958496
Epoch: 32, AccTr: 0.9162999987602234, AccVa: 0.8579999804496765, CeTr: 0.23428857326507568, CeVa: 0.5077013373374939
Epoch: 33, AccTr: 0.9178000092506409, AccVa: 0.8525000214576721, CeTr: 0.24027353525161743, CeVa: 0.5030069947242737
Epoch: 34, AccTr: 0.9146999716758728, AccVa: 0.8550000190734863, CeTr: 0.24771928787231445, CeVa: 0.47457489371299744
Epoch: 35, AccTr: 0.9193000197410583, AccVa: 0.8500000238418579, CeTr: 0.2305295616388321, CeVa: 0.5099548697471619
ENSEMBLE | Tr_Acc: 0.9725000262260437, Tr_CE: 0.10033278912305832, Va_Acc: 0.9194999933242798, Va_CE: 0.26198557019233704
Epoch: 36, AccTr: 0.9226999878883362, AccVa: 0.8604999780654907, CeTr: 0.23639905452728271, CeVa: 0.47120946645736694
Epoch: 37, AccTr: 0.9169999957084656, AccVa: 0.8665000200271606, CeTr: 0.24692919850349426, CeVa: 0.4831477403640747
Epoch: 38, AccTr: 0.9150000214576721, AccVa: 0.8560000061988831, CeTr: 0.24494214355945587, CeVa: 0.4785696268081665
Epoch: 39, AccTr: 0.9203000068664551, AccVa: 0.8659999966621399, CeTr: 0.22545473277568817, CeVa: 0.4973001480102539
Epoch: 40, AccTr: 0.9223999977111816, AccVa: 0.8519999980926514, CeTr: 0.2222016155719757, CeVa: 0.4989567697048187
ENSEMBLE | Tr_Acc: 0.974399983882904, Tr_CE: 0.09605242311954498, Va_Acc: 0.9229999780654907, Va_CE: 0.2552354633808136
Epoch: 41, AccTr: 0.9197999835014343, AccVa: 0.8755000233650208, CeTr: 0.23173630237579346, CeVa: 0.4391183853149414
Epoch: 42, AccTr: 0.9197999835014343, AccVa: 0.8659999966621399, CeTr: 0.23059631884098053, CeVa: 0.4586194157600403
Epoch: 43, AccTr: 0.9171000123023987, AccVa: 0.8600000143051147, CeTr: 0.2377660572528839, CeVa: 0.4971592426300049
Epoch: 44, AccTr: 0.9200999736785889, AccVa: 0.8604999780654907, CeTr: 0.23038655519485474, CeVa: 0.4672732353210449
Epoch: 45, AccTr: 0.9223999977111816, AccVa: 0.8644999861717224, CeTr: 0.22629880905151367, CeVa: 0.46070197224617004
ENSEMBLE | Tr_Acc: 0.9750000238418579, Tr_CE: 0.09360243380069733, Va_Acc: 0.9254999756813049, Va_CE: 0.24894990026950836
Epoch: 46, AccTr: 0.9193000197410583, AccVa: 0.8525000214576721, CeTr: 0.23586168885231018, CeVa: 0.5227610468864441
Epoch: 47, AccTr: 0.9251000285148621, AccVa: 0.8550000190734863, CeTr: 0.22606074810028076, CeVa: 0.5035896897315979
Epoch: 48, AccTr: 0.9215999841690063, AccVa: 0.8644999861717224, CeTr: 0.22696638107299805, CeVa: 0.48581522703170776
Epoch: 49, AccTr: 0.9235000014305115, AccVa: 0.8650000095367432, CeTr: 0.22800934314727783, CeVa: 0.46232834458351135
Epoch: 50, AccTr: 0.9154999852180481, AccVa: 0.8554999828338623, CeTr: 0.24522460997104645, CeVa: 0.5181329846382141
ENSEMBLE | Tr_Acc: 0.9751999974250793, Tr_CE: 0.09208618104457855, Va_Acc: 0.9290000200271606, Va_CE: 0.24575351178646088
NN CONFIG
Weight-type:		ternary
Layout									Layer #1: 250	Layer #2: 220	
Activation Functions					Layer #1: ets	Layer #2: ets	
Keep probabilities		Layer #0: 1.0	Layer #1: 1.0	Layer #2: 1.0	
Flat factors							Layer #1: 1.0	Layer #2: 1.0	Layer #3: 1.0	
Activation Noise						Layer #1: 0.1	Layer #2: 0.1	Layer #3: 0.0	
Prior: 0.8

===================================

RUN CONFIG
Epochs: 50, Blocksize: 4

===================================

Epoch: 1, AccTr: 0.9272000193595886, AccVa: 0.8734999895095825, CeTr: 0.22111281752586365, CeVa: 0.5295584201812744
Epoch: 2, AccTr: 0.9258000254631042, AccVa: 0.8734999895095825, CeTr: 0.2265283763408661, CeVa: 0.5238573551177979
Epoch: 3, AccTr: 0.9283999800682068, AccVa: 0.8799999952316284, CeTr: 0.20800796151161194, CeVa: 0.5323682427406311
Epoch: 4, AccTr: 0.9307000041007996, AccVa: 0.8744999766349792, CeTr: 0.20812158286571503, CeVa: 0.5255798697471619
Epoch: 5, AccTr: 0.930899977684021, AccVa: 0.8610000014305115, CeTr: 0.20992165803909302, CeVa: 0.5825656652450562
ENSEMBLE | Tr_Acc: 0.930899977684021, Tr_CE: 0.20992165803909302, Va_Acc: 0.8610000014305115, Va_CE: 0.5825656652450562
Epoch: 6, AccTr: 0.9304999709129333, AccVa: 0.8759999871253967, CeTr: 0.20619285106658936, CeVa: 0.5096604824066162
Epoch: 7, AccTr: 0.926800012588501, AccVa: 0.8669999837875366, CeTr: 0.21779941022396088, CeVa: 0.5548990964889526
Epoch: 8, AccTr: 0.9271000027656555, AccVa: 0.8569999933242798, CeTr: 0.20987172424793243, CeVa: 0.574774980545044
Epoch: 9, AccTr: 0.9322999715805054, AccVa: 0.871999979019165, CeTr: 0.20306487381458282, CeVa: 0.5676983594894409
Epoch: 10, AccTr: 0.9319999814033508, AccVa: 0.8675000071525574, CeTr: 0.20742720365524292, CeVa: 0.5857136249542236
ENSEMBLE | Tr_Acc: 0.9653000235557556, Tr_CE: 0.10864809900522232, Va_Acc: 0.8934999704360962, Va_CE: 0.4189188480377197
Epoch: 11, AccTr: 0.9318000078201294, AccVa: 0.8640000224113464, CeTr: 0.20286516845226288, CeVa: 0.5599188208580017
Epoch: 12, AccTr: 0.9327999949455261, AccVa: 0.8725000023841858, CeTr: 0.19361567497253418, CeVa: 0.5321931838989258
Epoch: 13, AccTr: 0.9318000078201294, AccVa: 0.871999979019165, CeTr: 0.20135825872421265, CeVa: 0.5547739267349243
Epoch: 14, AccTr: 0.9300000071525574, AccVa: 0.8684999942779541, CeTr: 0.19919687509536743, CeVa: 0.546785831451416
Epoch: 15, AccTr: 0.9291999936103821, AccVa: 0.859000027179718, CeTr: 0.1963350772857666, CeVa: 0.5814232230186462
ENSEMBLE | Tr_Acc: 0.972000002861023, Tr_CE: 0.08333218842744827, Va_Acc: 0.9035000205039978, Va_CE: 0.36721497774124146
Epoch: 16, AccTr: 0.9322999715805054, AccVa: 0.8619999885559082, CeTr: 0.1989029496908188, CeVa: 0.5421531200408936
Epoch: 17, AccTr: 0.9340999722480774, AccVa: 0.8709999918937683, CeTr: 0.19728200137615204, CeVa: 0.5386492013931274
Epoch: 18, AccTr: 0.9286999702453613, AccVa: 0.8665000200271606, CeTr: 0.20205888152122498, CeVa: 0.5782645344734192
Epoch: 19, AccTr: 0.9289000034332275, AccVa: 0.859499990940094, CeTr: 0.20845547318458557, CeVa: 0.5714356303215027
Epoch: 20, AccTr: 0.9277999997138977, AccVa: 0.8684999942779541, CeTr: 0.20715083181858063, CeVa: 0.5585666298866272
ENSEMBLE | Tr_Acc: 0.975600004196167, Tr_CE: 0.07119663059711456, Va_Acc: 0.9135000109672546, Va_CE: 0.33866584300994873
Epoch: 21, AccTr: 0.9311000108718872, AccVa: 0.8705000281333923, CeTr: 0.2092316597700119, CeVa: 0.5536436438560486
Epoch: 22, AccTr: 0.932200014591217, AccVa: 0.8715000152587891, CeTr: 0.1951972097158432, CeVa: 0.5391741991043091
Epoch: 23, AccTr: 0.9312000274658203, AccVa: 0.8715000152587891, CeTr: 0.19992174208164215, CeVa: 0.5203851461410522
Epoch: 24, AccTr: 0.9259999990463257, AccVa: 0.8650000095367432, CeTr: 0.21472665667533875, CeVa: 0.5681889653205872
Epoch: 25, AccTr: 0.9301999807357788, AccVa: 0.859499990940094, CeTr: 0.20261338353157043, CeVa: 0.5804985165596008
ENSEMBLE | Tr_Acc: 0.9776999950408936, Tr_CE: 0.06355241686105728, Va_Acc: 0.9210000038146973, Va_CE: 0.3158243000507355
Epoch: 26, AccTr: 0.9330000281333923, AccVa: 0.8610000014305115, CeTr: 0.20014804601669312, CeVa: 0.5535876750946045
Epoch: 27, AccTr: 0.9286999702453613, AccVa: 0.859000027179718, CeTr: 0.19921629130840302, CeVa: 0.5476329326629639
Epoch: 28, AccTr: 0.9289000034332275, AccVa: 0.8554999828338623, CeTr: 0.20818102359771729, CeVa: 0.5773821473121643
Epoch: 29, AccTr: 0.9253000020980835, AccVa: 0.8740000128746033, CeTr: 0.21736420691013336, CeVa: 0.5307934284210205
Epoch: 30, AccTr: 0.9259999990463257, AccVa: 0.8669999837875366, CeTr: 0.20686601102352142, CeVa: 0.5535632371902466
ENSEMBLE | Tr_Acc: 0.9801999926567078, Tr_CE: 0.059781767427921295, Va_Acc: 0.9204999804496765, Va_CE: 0.3031125068664551
Epoch: 31, AccTr: 0.9294000267982483, AccVa: 0.8734999895095825, CeTr: 0.20752422511577606, CeVa: 0.5391730070114136
Epoch: 32, AccTr: 0.9276999831199646, AccVa: 0.8600000143051147, CeTr: 0.20948061347007751, CeVa: 0.5469059944152832
Epoch: 33, AccTr: 0.932699978351593, AccVa: 0.8629999756813049, CeTr: 0.1996118128299713, CeVa: 0.5597639679908752
Epoch: 34, AccTr: 0.9275000095367432, AccVa: 0.8700000047683716, CeTr: 0.20945774018764496, CeVa: 0.5522403120994568
Epoch: 35, AccTr: 0.9272000193595886, AccVa: 0.8665000200271606, CeTr: 0.2201404571533203, CeVa: 0.4964614808559418
ENSEMBLE | Tr_Acc: 0.980400025844574, Tr_CE: 0.057534247636795044, Va_Acc: 0.925000011920929, Va_CE: 0.28547221422195435
Epoch: 36, AccTr: 0.9273999929428101, AccVa: 0.8684999942779541, CeTr: 0.20003904402256012, CeVa: 0.5439906716346741
Epoch: 37, AccTr: 0.9279000163078308, AccVa: 0.859000027179718, CeTr: 0.2024022489786148, CeVa: 0.575539231300354
Epoch: 38, AccTr: 0.9258000254631042, AccVa: 0.8740000128746033, CeTr: 0.21071654558181763, CeVa: 0.5506536364555359
Epoch: 39, AccTr: 0.9297000169754028, AccVa: 0.8569999933242798, CeTr: 0.19954542815685272, CeVa: 0.5850967168807983
Epoch: 40, AccTr: 0.9286999702453613, AccVa: 0.8665000200271606, CeTr: 0.2066268026828766, CeVa: 0.5160474181175232
ENSEMBLE | Tr_Acc: 0.9825000166893005, Tr_CE: 0.055121034383773804, Va_Acc: 0.9290000200271606, Va_CE: 0.27554309368133545
Epoch: 41, AccTr: 0.9276000261306763, AccVa: 0.8514999747276306, CeTr: 0.21167488396167755, CeVa: 0.5792269706726074
Epoch: 42, AccTr: 0.9291999936103821, AccVa: 0.8654999732971191, CeTr: 0.20335397124290466, CeVa: 0.5636003017425537
Epoch: 43, AccTr: 0.9309999942779541, AccVa: 0.8610000014305115, CeTr: 0.19883470237255096, CeVa: 0.5854553580284119
Epoch: 44, AccTr: 0.9276000261306763, AccVa: 0.8554999828338623, CeTr: 0.21360258758068085, CeVa: 0.6074631214141846
Epoch: 45, AccTr: 0.9269999861717224, AccVa: 0.8525000214576721, CeTr: 0.2065434604883194, CeVa: 0.5754460692405701
ENSEMBLE | Tr_Acc: 0.9836999773979187, Tr_CE: 0.05296953022480011, Va_Acc: 0.9284999966621399, Va_CE: 0.2743133008480072
Epoch: 46, AccTr: 0.9289000034332275, AccVa: 0.8669999837875366, CeTr: 0.20298649370670319, CeVa: 0.579444944858551
Epoch: 47, AccTr: 0.9276000261306763, AccVa: 0.8615000247955322, CeTr: 0.2103775590658188, CeVa: 0.6094601154327393
Epoch: 48, AccTr: 0.930899977684021, AccVa: 0.8454999923706055, CeTr: 0.19825738668441772, CeVa: 0.6189031600952148
Epoch: 49, AccTr: 0.9283000230789185, AccVa: 0.8525000214576721, CeTr: 0.20664305984973907, CeVa: 0.5995259881019592
Epoch: 50, AccTr: 0.9246000051498413, AccVa: 0.8504999876022339, CeTr: 0.2209479957818985, CeVa: 0.6095159649848938
ENSEMBLE | Tr_Acc: 0.9832000136375427, Tr_CE: 0.05153452232480049, Va_Acc: 0.9294999837875366, Va_CE: 0.27148211002349854
NN CONFIG
Weight-type:		ternary
Layout									Layer #1: 250	Layer #2: 220	
Activation Functions					Layer #1: ets	Layer #2: ets	
Keep probabilities		Layer #0: 1.0	Layer #1: 1.0	Layer #2: 1.0	
Flat factors							Layer #1: 1.0	Layer #2: 1.0	Layer #3: 1.0	
Activation Noise						Layer #1: 0.1	Layer #2: 0.1	Layer #3: 0.0	
Prior: 0.8

===================================

RUN CONFIG
Epochs: 50, Blocksize: 4

===================================

Epoch: 1, AccTr: 0.9154000282287598, AccVa: 0.8690000176429749, CeTr: 0.26174527406692505, CeVa: 0.5111633539199829
Epoch: 2, AccTr: 0.9186999797821045, AccVa: 0.8640000224113464, CeTr: 0.2478196769952774, CeVa: 0.5187162160873413
Epoch: 3, AccTr: 0.9247999787330627, AccVa: 0.8774999976158142, CeTr: 0.22268444299697876, CeVa: 0.519743800163269
Epoch: 4, AccTr: 0.923799991607666, AccVa: 0.8640000224113464, CeTr: 0.23121781647205353, CeVa: 0.5105515122413635
Epoch: 5, AccTr: 0.9217000007629395, AccVa: 0.8554999828338623, CeTr: 0.22544141113758087, CeVa: 0.5300716757774353
ENSEMBLE | Tr_Acc: 0.9217000007629395, Tr_CE: 0.22544141113758087, Va_Acc: 0.8554999828338623, Va_CE: 0.5300716757774353
Epoch: 6, AccTr: 0.9259999990463257, AccVa: 0.8565000295639038, CeTr: 0.21716874837875366, CeVa: 0.5613663196563721
Epoch: 7, AccTr: 0.928600013256073, AccVa: 0.8575000166893005, CeTr: 0.20945724844932556, CeVa: 0.554554283618927
Epoch: 8, AccTr: 0.9215999841690063, AccVa: 0.8554999828338623, CeTr: 0.22777505218982697, CeVa: 0.5475168228149414
Epoch: 9, AccTr: 0.9269999861717224, AccVa: 0.8644999861717224, CeTr: 0.21664850413799286, CeVa: 0.5111037492752075
Epoch: 10, AccTr: 0.926800012588501, AccVa: 0.8679999709129333, CeTr: 0.21350209414958954, CeVa: 0.5187608003616333
ENSEMBLE | Tr_Acc: 0.9587000012397766, Tr_CE: 0.12449294328689575, Va_Acc: 0.9010000228881836, Va_CE: 0.3824732005596161
Epoch: 11, AccTr: 0.9308000206947327, AccVa: 0.8700000047683716, CeTr: 0.207723930478096, CeVa: 0.49688443541526794
Epoch: 12, AccTr: 0.9302999973297119, AccVa: 0.8640000224113464, CeTr: 0.20244760811328888, CeVa: 0.5502934455871582
Epoch: 13, AccTr: 0.9279000163078308, AccVa: 0.8755000233650208, CeTr: 0.20936748385429382, CeVa: 0.5295693874359131
Epoch: 14, AccTr: 0.9261000156402588, AccVa: 0.8640000224113464, CeTr: 0.2119355946779251, CeVa: 0.5144582986831665
Epoch: 15, AccTr: 0.930400013923645, AccVa: 0.8644999861717224, CeTr: 0.20718353986740112, CeVa: 0.5281074047088623
ENSEMBLE | Tr_Acc: 0.9696000218391418, Tr_CE: 0.0965108796954155, Va_Acc: 0.9070000052452087, Va_CE: 0.3371192514896393
Epoch: 16, AccTr: 0.9258999824523926, AccVa: 0.871999979019165, CeTr: 0.21773657202720642, CeVa: 0.48114562034606934
Epoch: 17, AccTr: 0.9297999739646912, AccVa: 0.8569999933242798, CeTr: 0.19823524355888367, CeVa: 0.5140670537948608
Epoch: 18, AccTr: 0.9264000058174133, AccVa: 0.8604999780654907, CeTr: 0.20427456498146057, CeVa: 0.562544584274292
Epoch: 19, AccTr: 0.9275000095367432, AccVa: 0.8659999966621399, CeTr: 0.20896345376968384, CeVa: 0.548335075378418
Epoch: 20, AccTr: 0.9254999756813049, AccVa: 0.8560000061988831, CeTr: 0.21162866055965424, CeVa: 0.5781282782554626
ENSEMBLE | Tr_Acc: 0.9728999733924866, Tr_CE: 0.08435234427452087, Va_Acc: 0.9144999980926514, Va_CE: 0.3252953588962555
Epoch: 21, AccTr: 0.9307000041007996, AccVa: 0.8519999980926514, CeTr: 0.1975700855255127, CeVa: 0.5660332441329956
Epoch: 22, AccTr: 0.9243000149726868, AccVa: 0.8610000014305115, CeTr: 0.21166762709617615, CeVa: 0.5283083915710449
Epoch: 23, AccTr: 0.9282000064849854, AccVa: 0.8569999933242798, CeTr: 0.20642484724521637, CeVa: 0.5572763085365295
Epoch: 24, AccTr: 0.9301000237464905, AccVa: 0.8650000095367432, CeTr: 0.20178735256195068, CeVa: 0.5065429210662842
Epoch: 25, AccTr: 0.9269999861717224, AccVa: 0.8755000233650208, CeTr: 0.2074836641550064, CeVa: 0.49657711386680603
ENSEMBLE | Tr_Acc: 0.9763000011444092, Tr_CE: 0.07747570425271988, Va_Acc: 0.9194999933242798, Va_CE: 0.30806753039360046
Epoch: 26, AccTr: 0.9276000261306763, AccVa: 0.8579999804496765, CeTr: 0.20657891035079956, CeVa: 0.5713136196136475
Epoch: 27, AccTr: 0.9247000217437744, AccVa: 0.8550000190734863, CeTr: 0.20391367375850677, CeVa: 0.5667906403541565
Epoch: 28, AccTr: 0.9232000112533569, AccVa: 0.8495000004768372, CeTr: 0.2099790722131729, CeVa: 0.5815916061401367
Epoch: 29, AccTr: 0.9301000237464905, AccVa: 0.8669999837875366, CeTr: 0.20302516222000122, CeVa: 0.5392694473266602
Epoch: 30, AccTr: 0.9286999702453613, AccVa: 0.8675000071525574, CeTr: 0.20458978414535522, CeVa: 0.5493453741073608
ENSEMBLE | Tr_Acc: 0.9782000184059143, Tr_CE: 0.07181478291749954, Va_Acc: 0.9175000190734863, Va_CE: 0.3004995584487915
Epoch: 31, AccTr: 0.9222999811172485, AccVa: 0.8560000061988831, CeTr: 0.2211642563343048, CeVa: 0.5880307555198669
Epoch: 32, AccTr: 0.9289000034332275, AccVa: 0.8640000224113464, CeTr: 0.20534135401248932, CeVa: 0.5545018911361694
Epoch: 33, AccTr: 0.928600013256073, AccVa: 0.8529999852180481, CeTr: 0.20864452421665192, CeVa: 0.5570389628410339
Epoch: 34, AccTr: 0.9239000082015991, AccVa: 0.8615000247955322, CeTr: 0.21363872289657593, CeVa: 0.553226888179779
Epoch: 35, AccTr: 0.9269000291824341, AccVa: 0.8610000014305115, CeTr: 0.2034483402967453, CeVa: 0.5373303890228271
ENSEMBLE | Tr_Acc: 0.9800000190734863, Tr_CE: 0.06787765771150589, Va_Acc: 0.9190000295639038, Va_CE: 0.28710731863975525
Epoch: 36, AccTr: 0.9283000230789185, AccVa: 0.8610000014305115, CeTr: 0.20313839614391327, CeVa: 0.5308817625045776
Epoch: 37, AccTr: 0.9261000156402588, AccVa: 0.8610000014305115, CeTr: 0.2144303172826767, CeVa: 0.5515661835670471
Epoch: 38, AccTr: 0.9301999807357788, AccVa: 0.8644999861717224, CeTr: 0.2015225738286972, CeVa: 0.5314818620681763
Epoch: 39, AccTr: 0.9279000163078308, AccVa: 0.8774999976158142, CeTr: 0.20564258098602295, CeVa: 0.5162529349327087
Epoch: 40, AccTr: 0.9282000064849854, AccVa: 0.8604999780654907, CeTr: 0.19895793497562408, CeVa: 0.5404954552650452
ENSEMBLE | Tr_Acc: 0.9801999926567078, Tr_CE: 0.06452788412570953, Va_Acc: 0.9210000038146973, Va_CE: 0.28103408217430115
Epoch: 41, AccTr: 0.9261999726295471, AccVa: 0.8544999957084656, CeTr: 0.20250844955444336, CeVa: 0.5552354454994202
Epoch: 42, AccTr: 0.9264000058174133, AccVa: 0.8675000071525574, CeTr: 0.20829276740550995, CeVa: 0.5306852459907532
Epoch: 43, AccTr: 0.9315000176429749, AccVa: 0.859000027179718, CeTr: 0.2022673785686493, CeVa: 0.527336061000824
Epoch: 44, AccTr: 0.9262999892234802, AccVa: 0.8575000166893005, CeTr: 0.20901620388031006, CeVa: 0.5729833245277405
Epoch: 45, AccTr: 0.9289000034332275, AccVa: 0.8475000262260437, CeTr: 0.20189030468463898, CeVa: 0.5862330794334412
ENSEMBLE | Tr_Acc: 0.9815999865531921, Tr_CE: 0.06248471513390541, Va_Acc: 0.9210000038146973, Va_CE: 0.28092074394226074
Epoch: 46, AccTr: 0.9325000047683716, AccVa: 0.8539999723434448, CeTr: 0.20060887932777405, CeVa: 0.5374606251716614
Epoch: 47, AccTr: 0.9293000102043152, AccVa: 0.8575000166893005, CeTr: 0.20013538002967834, CeVa: 0.5393967628479004
Epoch: 48, AccTr: 0.9241999983787537, AccVa: 0.8610000014305115, CeTr: 0.21573349833488464, CeVa: 0.5506760478019714
Epoch: 49, AccTr: 0.9264000058174133, AccVa: 0.862500011920929, CeTr: 0.2054767608642578, CeVa: 0.5372054576873779
Epoch: 50, AccTr: 0.9265999794006348, AccVa: 0.8730000257492065, CeTr: 0.20638525485992432, CeVa: 0.517849862575531
ENSEMBLE | Tr_Acc: 0.9817000031471252, Tr_CE: 0.06072838231921196, Va_Acc: 0.9259999990463257, Va_CE: 0.2749781012535095
NN CONFIG
Weight-type:		ternary
Layout									Layer #1: 250	Layer #2: 220	
Activation Functions					Layer #1: ets	Layer #2: ets	
Keep probabilities		Layer #0: 1.0	Layer #1: 1.0	Layer #2: 1.0	
Flat factors							Layer #1: 1.0	Layer #2: 1.0	Layer #3: 1.0	
Activation Noise						Layer #1: 0.1	Layer #2: 0.1	Layer #3: 0.0	
Prior: 0.8

===================================

RUN CONFIG
Epochs: 50, Blocksize: 4

===================================

Epoch: 1, AccTr: 0.9144999980926514, AccVa: 0.8550000190734863, CeTr: 0.2679092288017273, CeVa: 0.5370925068855286
Epoch: 2, AccTr: 0.9193000197410583, AccVa: 0.8644999861717224, CeTr: 0.2368282675743103, CeVa: 0.5203355550765991
Epoch: 3, AccTr: 0.920799970626831, AccVa: 0.8475000262260437, CeTr: 0.2312587946653366, CeVa: 0.5381403565406799
Epoch: 4, AccTr: 0.9235000014305115, AccVa: 0.8644999861717224, CeTr: 0.23089037835597992, CeVa: 0.5583193302154541
Epoch: 5, AccTr: 0.921500027179718, AccVa: 0.8510000109672546, CeTr: 0.22347114980220795, CeVa: 0.5514245629310608
ENSEMBLE | Tr_Acc: 0.921500027179718, Tr_CE: 0.22347114980220795, Va_Acc: 0.8510000109672546, Va_CE: 0.5514245629310608
Epoch: 6, AccTr: 0.9228000044822693, AccVa: 0.8629999756813049, CeTr: 0.22346045076847076, CeVa: 0.5316480398178101
Epoch: 7, AccTr: 0.9257000088691711, AccVa: 0.8619999885559082, CeTr: 0.21461322903633118, CeVa: 0.5204424262046814
Epoch: 8, AccTr: 0.923799991607666, AccVa: 0.8450000286102295, CeTr: 0.22656460106372833, CeVa: 0.542870044708252
Epoch: 9, AccTr: 0.9258999824523926, AccVa: 0.8709999918937683, CeTr: 0.21754418313503265, CeVa: 0.49454396963119507
Epoch: 10, AccTr: 0.9275000095367432, AccVa: 0.8684999942779541, CeTr: 0.2113962471485138, CeVa: 0.5215460062026978
ENSEMBLE | Tr_Acc: 0.9599999785423279, Tr_CE: 0.1227560043334961, Va_Acc: 0.8945000171661377, Va_CE: 0.38227391242980957
Epoch: 11, AccTr: 0.9221000075340271, AccVa: 0.859000027179718, CeTr: 0.2218841016292572, CeVa: 0.5653620362281799
Epoch: 12, AccTr: 0.9243999719619751, AccVa: 0.8654999732971191, CeTr: 0.2154897004365921, CeVa: 0.5585842728614807
Epoch: 13, AccTr: 0.9230999946594238, AccVa: 0.859499990940094, CeTr: 0.2216649353504181, CeVa: 0.537371814250946
Epoch: 14, AccTr: 0.927299976348877, AccVa: 0.8585000038146973, CeTr: 0.2106846123933792, CeVa: 0.544951856136322
Epoch: 15, AccTr: 0.923799991607666, AccVa: 0.8569999933242798, CeTr: 0.21827062964439392, CeVa: 0.5307104587554932
ENSEMBLE | Tr_Acc: 0.9689000248908997, Tr_CE: 0.09651057422161102, Va_Acc: 0.9039999842643738, Va_CE: 0.3389383554458618
Epoch: 16, AccTr: 0.9254999756813049, AccVa: 0.8514999747276306, CeTr: 0.21492065489292145, CeVa: 0.5246289968490601
Epoch: 17, AccTr: 0.9246000051498413, AccVa: 0.8529999852180481, CeTr: 0.2153681218624115, CeVa: 0.5754212737083435
Epoch: 18, AccTr: 0.9229999780654907, AccVa: 0.8565000295639038, CeTr: 0.21826913952827454, CeVa: 0.534462571144104
Epoch: 19, AccTr: 0.9282000064849854, AccVa: 0.8535000085830688, CeTr: 0.20848003029823303, CeVa: 0.583193838596344
Epoch: 20, AccTr: 0.9243000149726868, AccVa: 0.8575000166893005, CeTr: 0.21770483255386353, CeVa: 0.5513026118278503
ENSEMBLE | Tr_Acc: 0.9735999703407288, Tr_CE: 0.08354493975639343, Va_Acc: 0.9110000133514404, Va_CE: 0.31017497181892395
Epoch: 21, AccTr: 0.9236999750137329, AccVa: 0.862500011920929, CeTr: 0.21845649182796478, CeVa: 0.5419530272483826
Epoch: 22, AccTr: 0.925000011920929, AccVa: 0.859499990940094, CeTr: 0.21049469709396362, CeVa: 0.5215809941291809
Epoch: 23, AccTr: 0.9258999824523926, AccVa: 0.8550000190734863, CeTr: 0.2136182337999344, CeVa: 0.5894659757614136
Epoch: 24, AccTr: 0.9276999831199646, AccVa: 0.8579999804496765, CeTr: 0.21067996323108673, CeVa: 0.5629743933677673
Epoch: 25, AccTr: 0.925000011920929, AccVa: 0.8700000047683716, CeTr: 0.2223905324935913, CeVa: 0.5175032019615173
ENSEMBLE | Tr_Acc: 0.9753999710083008, Tr_CE: 0.07715455442667007, Va_Acc: 0.9175000190734863, Va_CE: 0.28932884335517883
Epoch: 26, AccTr: 0.9200999736785889, AccVa: 0.8669999837875366, CeTr: 0.2257341742515564, CeVa: 0.5291569232940674
Epoch: 27, AccTr: 0.9272000193595886, AccVa: 0.859499990940094, CeTr: 0.20902463793754578, CeVa: 0.5563256740570068
Epoch: 28, AccTr: 0.9211999773979187, AccVa: 0.8550000190734863, CeTr: 0.2122020572423935, CeVa: 0.5506466031074524
Epoch: 29, AccTr: 0.9203000068664551, AccVa: 0.8554999828338623, CeTr: 0.22644416987895966, CeVa: 0.5695699453353882
Epoch: 30, AccTr: 0.9189000129699707, AccVa: 0.8510000109672546, CeTr: 0.23200032114982605, CeVa: 0.5699195265769958
ENSEMBLE | Tr_Acc: 0.9772999882698059, Tr_CE: 0.0732474997639656, Va_Acc: 0.9235000014305115, Va_CE: 0.2810833156108856
Epoch: 31, AccTr: 0.9225000143051147, AccVa: 0.859000027179718, CeTr: 0.21426743268966675, CeVa: 0.5351588129997253
Epoch: 32, AccTr: 0.9277999997138977, AccVa: 0.8619999885559082, CeTr: 0.20876337587833405, CeVa: 0.5473541617393494
Epoch: 33, AccTr: 0.9222000241279602, AccVa: 0.859000027179718, CeTr: 0.21628634631633759, CeVa: 0.5373330116271973
Epoch: 34, AccTr: 0.9264000058174133, AccVa: 0.8489999771118164, CeTr: 0.2116771787405014, CeVa: 0.5731672048568726
Epoch: 35, AccTr: 0.9236000180244446, AccVa: 0.840499997138977, CeTr: 0.21316726505756378, CeVa: 0.5746965408325195
ENSEMBLE | Tr_Acc: 0.9783999919891357, Tr_CE: 0.06883048266172409, Va_Acc: 0.9240000247955322, Va_CE: 0.27515503764152527
Epoch: 36, AccTr: 0.9251999855041504, AccVa: 0.8479999899864197, CeTr: 0.22145092487335205, CeVa: 0.575863778591156
Epoch: 37, AccTr: 0.9196000099182129, AccVa: 0.8460000157356262, CeTr: 0.22959189116954803, CeVa: 0.5798930525779724
Epoch: 38, AccTr: 0.9246000051498413, AccVa: 0.8550000190734863, CeTr: 0.21434901654720306, CeVa: 0.5670633912086487
Epoch: 39, AccTr: 0.9262999892234802, AccVa: 0.8464999794960022, CeTr: 0.20925945043563843, CeVa: 0.5414436459541321
Epoch: 40, AccTr: 0.9197999835014343, AccVa: 0.8510000109672546, CeTr: 0.21799486875534058, CeVa: 0.5438064336776733
ENSEMBLE | Tr_Acc: 0.979200005531311, Tr_CE: 0.06630370020866394, Va_Acc: 0.9254999756813049, Va_CE: 0.27034470438957214
Epoch: 41, AccTr: 0.9247999787330627, AccVa: 0.8654999732971191, CeTr: 0.2155921459197998, CeVa: 0.5357852578163147
Epoch: 42, AccTr: 0.925599992275238, AccVa: 0.8495000004768372, CeTr: 0.21520613133907318, CeVa: 0.5653644800186157
Epoch: 43, AccTr: 0.9225000143051147, AccVa: 0.8525000214576721, CeTr: 0.21809245645999908, CeVa: 0.5805599689483643
Epoch: 44, AccTr: 0.9229999780654907, AccVa: 0.8464999794960022, CeTr: 0.20911167562007904, CeVa: 0.6019287109375
Epoch: 45, AccTr: 0.9247000217437744, AccVa: 0.8424999713897705, CeTr: 0.21364980936050415, CeVa: 0.5416290163993835
ENSEMBLE | Tr_Acc: 0.9797999858856201, Tr_CE: 0.06368754059076309, Va_Acc: 0.9225000143051147, Va_CE: 0.263808012008667
Epoch: 46, AccTr: 0.9261999726295471, AccVa: 0.859499990940094, CeTr: 0.2141689509153366, CeVa: 0.5561282634735107
Epoch: 47, AccTr: 0.9258999824523926, AccVa: 0.859000027179718, CeTr: 0.21164658665657043, CeVa: 0.5042266249656677
Epoch: 48, AccTr: 0.9230999946594238, AccVa: 0.8495000004768372, CeTr: 0.21758010983467102, CeVa: 0.540996789932251
Epoch: 49, AccTr: 0.929099977016449, AccVa: 0.8700000047683716, CeTr: 0.20366311073303223, CeVa: 0.5072121620178223
Epoch: 50, AccTr: 0.9229999780654907, AccVa: 0.8604999780654907, CeTr: 0.22490988671779633, CeVa: 0.5365751385688782
ENSEMBLE | Tr_Acc: 0.9804999828338623, Tr_CE: 0.0614110492169857, Va_Acc: 0.9269999861717224, Va_CE: 0.259699285030365
Mod Accuracy || Mean: 0.859874963760376	 Std: 0.008361944928765297
Ens Accuracy || Mean: 0.9278750419616699	 Std: 0.0014306921511888504
Mod CE || Mean: 0.5455184578895569	 Std: 0.037719953805208206
Ens CE || Mean: 0.2629782557487488	 Std: 0.011442850343883038
