NN CONFIG
Weight-type:		ternary
Layout									Layer #1: 250	Layer #2: 220	
Activation Functions					Layer #1: ets	Layer #2: ets	
Keep probabilities		Layer #0: 1.0	Layer #1: 1.0	Layer #2: 1.0	
Flat factors							Layer #1: 1.0	Layer #2: 1.0	Layer #3: 1.0	
Activation Noise						Layer #1: 0.1	Layer #2: 0.1	Layer #3: 0.0	
Prior: 0.8

===================================

RUN CONFIG
Epochs: 50, Blocksize: 4

===================================

Epoch: 1, AccTr: 0.9258000254631042, AccVa: 0.8585000038146973, CeTr: 0.2186785638332367, CeVa: 0.5301417708396912
Epoch: 2, AccTr: 0.9280999898910522, AccVa: 0.859000027179718, CeTr: 0.21386191248893738, CeVa: 0.5129721164703369
Epoch: 3, AccTr: 0.926800012588501, AccVa: 0.8585000038146973, CeTr: 0.212875097990036, CeVa: 0.5434153079986572
Epoch: 4, AccTr: 0.9282000064849854, AccVa: 0.8730000257492065, CeTr: 0.20673415064811707, CeVa: 0.4910641610622406
Epoch: 5, AccTr: 0.9296000003814697, AccVa: 0.8600000143051147, CeTr: 0.2080913633108139, CeVa: 0.5206587314605713
ENSEMBLE | Tr_Acc: 0.9296000003814697, Tr_CE: 0.2080913633108139, Va_Acc: 0.8600000143051147, Va_CE: 0.5206587314605713
Epoch: 6, AccTr: 0.9275000095367432, AccVa: 0.8734999895095825, CeTr: 0.21291105449199677, CeVa: 0.5165404081344604
Epoch: 7, AccTr: 0.9309999942779541, AccVa: 0.8535000085830688, CeTr: 0.20243264734745026, CeVa: 0.5695397853851318
Epoch: 8, AccTr: 0.9248999953269958, AccVa: 0.8640000224113464, CeTr: 0.21611608564853668, CeVa: 0.5122835040092468
Epoch: 9, AccTr: 0.9312999844551086, AccVa: 0.8730000257492065, CeTr: 0.19805803894996643, CeVa: 0.5075668096542358
Epoch: 10, AccTr: 0.9312000274658203, AccVa: 0.8820000290870667, CeTr: 0.20455531775951385, CeVa: 0.4723593592643738
ENSEMBLE | Tr_Acc: 0.9610999822616577, Tr_CE: 0.11433003842830658, Va_Acc: 0.9014999866485596, Va_CE: 0.3497669994831085
Epoch: 11, AccTr: 0.9251999855041504, AccVa: 0.8794999718666077, CeTr: 0.2062891125679016, CeVa: 0.46701598167419434
Epoch: 12, AccTr: 0.9271000027656555, AccVa: 0.8544999957084656, CeTr: 0.21144883334636688, CeVa: 0.5778796672821045
Epoch: 13, AccTr: 0.9348999857902527, AccVa: 0.8755000233650208, CeTr: 0.1935766339302063, CeVa: 0.5472153425216675
Epoch: 14, AccTr: 0.9296000003814697, AccVa: 0.8510000109672546, CeTr: 0.2047189176082611, CeVa: 0.6073314547538757
Epoch: 15, AccTr: 0.9277999997138977, AccVa: 0.8575000166893005, CeTr: 0.2063363790512085, CeVa: 0.6118538975715637
ENSEMBLE | Tr_Acc: 0.97079998254776, Tr_CE: 0.0889093354344368, Va_Acc: 0.9114999771118164, Va_CE: 0.33253341913223267
Epoch: 16, AccTr: 0.9276999831199646, AccVa: 0.8615000247955322, CeTr: 0.2051568329334259, CeVa: 0.5720440149307251
Epoch: 17, AccTr: 0.9226999878883362, AccVa: 0.8554999828338623, CeTr: 0.22037138044834137, CeVa: 0.5437220335006714
Epoch: 18, AccTr: 0.9265000224113464, AccVa: 0.8519999980926514, CeTr: 0.21469184756278992, CeVa: 0.5525473952293396
Epoch: 19, AccTr: 0.9259999990463257, AccVa: 0.8610000014305115, CeTr: 0.2145432084798813, CeVa: 0.5452204942703247
Epoch: 20, AccTr: 0.9225999712944031, AccVa: 0.8644999861717224, CeTr: 0.21482723951339722, CeVa: 0.5637387037277222
ENSEMBLE | Tr_Acc: 0.9760000109672546, Tr_CE: 0.07616068422794342, Va_Acc: 0.9185000061988831, Va_CE: 0.3148570954799652
Epoch: 21, AccTr: 0.9232000112533569, AccVa: 0.8579999804496765, CeTr: 0.21851259469985962, CeVa: 0.5361941456794739
Epoch: 22, AccTr: 0.9283999800682068, AccVa: 0.8585000038146973, CeTr: 0.2173832505941391, CeVa: 0.5739724636077881
Epoch: 23, AccTr: 0.9271000027656555, AccVa: 0.8579999804496765, CeTr: 0.21203380823135376, CeVa: 0.5617942214012146
Epoch: 24, AccTr: 0.9279000163078308, AccVa: 0.8565000295639038, CeTr: 0.21372675895690918, CeVa: 0.580083966255188
Epoch: 25, AccTr: 0.9251999855041504, AccVa: 0.8694999814033508, CeTr: 0.20970529317855835, CeVa: 0.5398481488227844
ENSEMBLE | Tr_Acc: 0.9789000153541565, Tr_CE: 0.06806471943855286, Va_Acc: 0.9185000061988831, Va_CE: 0.2980916500091553
Epoch: 26, AccTr: 0.9296000003814697, AccVa: 0.8684999942779541, CeTr: 0.2059059888124466, CeVa: 0.551335334777832
Epoch: 27, AccTr: 0.9264000058174133, AccVa: 0.8659999966621399, CeTr: 0.2098606377840042, CeVa: 0.5373721718788147
Epoch: 28, AccTr: 0.9283999800682068, AccVa: 0.859499990940094, CeTr: 0.20628854632377625, CeVa: 0.5610077381134033
Epoch: 29, AccTr: 0.9279000163078308, AccVa: 0.8519999980926514, CeTr: 0.19992758333683014, CeVa: 0.5872743725776672
Epoch: 30, AccTr: 0.9276999831199646, AccVa: 0.8615000247955322, CeTr: 0.20775292813777924, CeVa: 0.5814180970191956
ENSEMBLE | Tr_Acc: 0.9801999926567078, Tr_CE: 0.06416936218738556, Va_Acc: 0.9210000038146973, Va_CE: 0.29572904109954834
Epoch: 31, AccTr: 0.9258999824523926, AccVa: 0.8519999980926514, CeTr: 0.20723029971122742, CeVa: 0.5908892750740051
Epoch: 32, AccTr: 0.9265000224113464, AccVa: 0.8495000004768372, CeTr: 0.20898935198783875, CeVa: 0.6332667469978333
Epoch: 33, AccTr: 0.9254000186920166, AccVa: 0.8644999861717224, CeTr: 0.20929154753684998, CeVa: 0.5791772603988647
Epoch: 34, AccTr: 0.9294999837875366, AccVa: 0.8619999885559082, CeTr: 0.2043376863002777, CeVa: 0.5707972645759583
Epoch: 35, AccTr: 0.9266999959945679, AccVa: 0.8554999828338623, CeTr: 0.2091834545135498, CeVa: 0.5960457921028137
ENSEMBLE | Tr_Acc: 0.9811000227928162, Tr_CE: 0.061593737453222275, Va_Acc: 0.9240000247955322, Va_CE: 0.2907467484474182
Epoch: 36, AccTr: 0.9251000285148621, AccVa: 0.8759999871253967, CeTr: 0.21491767466068268, CeVa: 0.5076758861541748
Epoch: 37, AccTr: 0.9264000058174133, AccVa: 0.8650000095367432, CeTr: 0.210800439119339, CeVa: 0.5446260571479797
Epoch: 38, AccTr: 0.930899977684021, AccVa: 0.8475000262260437, CeTr: 0.21977153420448303, CeVa: 0.5700734853744507
Epoch: 39, AccTr: 0.926800012588501, AccVa: 0.8659999966621399, CeTr: 0.2065766155719757, CeVa: 0.5567196607589722
Epoch: 40, AccTr: 0.9289000034332275, AccVa: 0.8629999756813049, CeTr: 0.2053551822900772, CeVa: 0.550731360912323
ENSEMBLE | Tr_Acc: 0.9822999835014343, Tr_CE: 0.05964534729719162, Va_Acc: 0.9240000247955322, Va_CE: 0.2829342186450958
Epoch: 41, AccTr: 0.9264000058174133, AccVa: 0.847000002861023, CeTr: 0.21451133489608765, CeVa: 0.6014460921287537
Epoch: 42, AccTr: 0.9279000163078308, AccVa: 0.8679999709129333, CeTr: 0.21202677488327026, CeVa: 0.5618783235549927
Epoch: 43, AccTr: 0.9261000156402588, AccVa: 0.8529999852180481, CeTr: 0.2152206003665924, CeVa: 0.5598815679550171
Epoch: 44, AccTr: 0.9258999824523926, AccVa: 0.859499990940094, CeTr: 0.2065677046775818, CeVa: 0.5839820504188538
Epoch: 45, AccTr: 0.9283000230789185, AccVa: 0.8585000038146973, CeTr: 0.2079152762889862, CeVa: 0.6282821297645569
ENSEMBLE | Tr_Acc: 0.9835000038146973, Tr_CE: 0.057568542659282684, Va_Acc: 0.9269999861717224, Va_CE: 0.28250229358673096
Epoch: 46, AccTr: 0.926800012588501, AccVa: 0.8560000061988831, CeTr: 0.21305549144744873, CeVa: 0.6066129803657532
Epoch: 47, AccTr: 0.9262999892234802, AccVa: 0.8535000085830688, CeTr: 0.20723508298397064, CeVa: 0.5732872486114502
Epoch: 48, AccTr: 0.9248999953269958, AccVa: 0.8569999933242798, CeTr: 0.21879513561725616, CeVa: 0.5759241580963135
Epoch: 49, AccTr: 0.9248999953269958, AccVa: 0.8585000038146973, CeTr: 0.2156876027584076, CeVa: 0.606238842010498
Epoch: 50, AccTr: 0.9243999719619751, AccVa: 0.8600000143051147, CeTr: 0.20411723852157593, CeVa: 0.5964078307151794
ENSEMBLE | Tr_Acc: 0.9843999743461609, Tr_CE: 0.05537905916571617, Va_Acc: 0.9244999885559082, Va_CE: 0.27927666902542114
NN CONFIG
Weight-type:		ternary
Layout									Layer #1: 250	Layer #2: 220	
Activation Functions					Layer #1: ets	Layer #2: ets	
Keep probabilities		Layer #0: 1.0	Layer #1: 1.0	Layer #2: 1.0	
Flat factors							Layer #1: 1.0	Layer #2: 1.0	Layer #3: 1.0	
Activation Noise						Layer #1: 0.1	Layer #2: 0.1	Layer #3: 0.0	
Prior: 0.8

===================================

RUN CONFIG
Epochs: 50, Blocksize: 4

===================================

Epoch: 1, AccTr: 0.9225999712944031, AccVa: 0.8675000071525574, CeTr: 0.23268578946590424, CeVa: 0.47425511479377747
Epoch: 2, AccTr: 0.9269000291824341, AccVa: 0.8575000166893005, CeTr: 0.2197205275297165, CeVa: 0.5264771580696106
Epoch: 3, AccTr: 0.9221000075340271, AccVa: 0.8644999861717224, CeTr: 0.21932831406593323, CeVa: 0.48930835723876953
Epoch: 4, AccTr: 0.9282000064849854, AccVa: 0.8694999814033508, CeTr: 0.2108130306005478, CeVa: 0.498073935508728
Epoch: 5, AccTr: 0.9235000014305115, AccVa: 0.8514999747276306, CeTr: 0.220686674118042, CeVa: 0.5350120067596436
ENSEMBLE | Tr_Acc: 0.9235000014305115, Tr_CE: 0.220686674118042, Va_Acc: 0.8514999747276306, Va_CE: 0.5350120067596436
Epoch: 6, AccTr: 0.9279000163078308, AccVa: 0.8550000190734863, CeTr: 0.2101874202489853, CeVa: 0.5260134339332581
Epoch: 7, AccTr: 0.9217000007629395, AccVa: 0.8640000224113464, CeTr: 0.2141677737236023, CeVa: 0.5021819472312927
Epoch: 8, AccTr: 0.9294999837875366, AccVa: 0.8619999885559082, CeTr: 0.2077244371175766, CeVa: 0.520235002040863
Epoch: 9, AccTr: 0.929099977016449, AccVa: 0.8654999732971191, CeTr: 0.20445473492145538, CeVa: 0.5422670841217041
Epoch: 10, AccTr: 0.9304999709129333, AccVa: 0.8600000143051147, CeTr: 0.20955708622932434, CeVa: 0.55088871717453
ENSEMBLE | Tr_Acc: 0.9595000147819519, Tr_CE: 0.11820102483034134, Va_Acc: 0.8989999890327454, Va_CE: 0.38137319684028625
Epoch: 11, AccTr: 0.9251999855041504, AccVa: 0.8585000038146973, CeTr: 0.2075536549091339, CeVa: 0.559335470199585
Epoch: 12, AccTr: 0.9223999977111816, AccVa: 0.8529999852180481, CeTr: 0.22242414951324463, CeVa: 0.5948614478111267
Epoch: 13, AccTr: 0.9273999929428101, AccVa: 0.8575000166893005, CeTr: 0.20911665260791779, CeVa: 0.5379742980003357
Epoch: 14, AccTr: 0.925599992275238, AccVa: 0.8525000214576721, CeTr: 0.2181062251329422, CeVa: 0.5726302266120911
Epoch: 15, AccTr: 0.9298999905586243, AccVa: 0.8514999747276306, CeTr: 0.21066689491271973, CeVa: 0.5898988246917725
ENSEMBLE | Tr_Acc: 0.9697999954223633, Tr_CE: 0.09078270941972733, Va_Acc: 0.9020000100135803, Va_CE: 0.3526158630847931
Epoch: 16, AccTr: 0.9283000230789185, AccVa: 0.8454999923706055, CeTr: 0.2093959003686905, CeVa: 0.5895693898200989
Epoch: 17, AccTr: 0.9282000064849854, AccVa: 0.859499990940094, CeTr: 0.21950195729732513, CeVa: 0.5519921779632568
Epoch: 18, AccTr: 0.928600013256073, AccVa: 0.8644999861717224, CeTr: 0.21107690036296844, CeVa: 0.539226233959198
Epoch: 19, AccTr: 0.9279000163078308, AccVa: 0.8794999718666077, CeTr: 0.21111509203910828, CeVa: 0.49211469292640686
Epoch: 20, AccTr: 0.9215999841690063, AccVa: 0.8495000004768372, CeTr: 0.21952830255031586, CeVa: 0.5414406657218933
ENSEMBLE | Tr_Acc: 0.9747999906539917, Tr_CE: 0.07938580214977264, Va_Acc: 0.9120000004768372, Va_CE: 0.3174043595790863
Epoch: 21, AccTr: 0.9291999936103821, AccVa: 0.8575000166893005, CeTr: 0.2050865739583969, CeVa: 0.5446141958236694
Epoch: 22, AccTr: 0.9272000193595886, AccVa: 0.8560000061988831, CeTr: 0.20534782111644745, CeVa: 0.5543286204338074
Epoch: 23, AccTr: 0.9322999715805054, AccVa: 0.8535000085830688, CeTr: 0.1996888667345047, CeVa: 0.5462462902069092
Epoch: 24, AccTr: 0.9275000095367432, AccVa: 0.8569999933242798, CeTr: 0.21093271672725677, CeVa: 0.5688492655754089
Epoch: 25, AccTr: 0.9233999848365784, AccVa: 0.8684999942779541, CeTr: 0.21816664934158325, CeVa: 0.5394086241722107
ENSEMBLE | Tr_Acc: 0.9764000177383423, Tr_CE: 0.07251442968845367, Va_Acc: 0.9125000238418579, Va_CE: 0.3039413094520569
Epoch: 26, AccTr: 0.9286999702453613, AccVa: 0.8644999861717224, CeTr: 0.21052519977092743, CeVa: 0.48770421743392944
Epoch: 27, AccTr: 0.9223999977111816, AccVa: 0.859000027179718, CeTr: 0.21730849146842957, CeVa: 0.557164192199707
Epoch: 28, AccTr: 0.9271000027656555, AccVa: 0.8575000166893005, CeTr: 0.20919272303581238, CeVa: 0.5394944548606873
Epoch: 29, AccTr: 0.9277999997138977, AccVa: 0.8665000200271606, CeTr: 0.21020063757896423, CeVa: 0.5320925116539001
Epoch: 30, AccTr: 0.9258000254631042, AccVa: 0.8619999885559082, CeTr: 0.2092866748571396, CeVa: 0.5304552316665649
ENSEMBLE | Tr_Acc: 0.9785000085830688, Tr_CE: 0.06759364902973175, Va_Acc: 0.9154999852180481, Va_CE: 0.290244460105896
Epoch: 31, AccTr: 0.928600013256073, AccVa: 0.8734999895095825, CeTr: 0.20700979232788086, CeVa: 0.5318529605865479
Epoch: 32, AccTr: 0.9276999831199646, AccVa: 0.8529999852180481, CeTr: 0.20304663479328156, CeVa: 0.5543032288551331
Epoch: 33, AccTr: 0.9269999861717224, AccVa: 0.8610000014305115, CeTr: 0.21053525805473328, CeVa: 0.5753560662269592
Epoch: 34, AccTr: 0.9296000003814697, AccVa: 0.859000027179718, CeTr: 0.20418862998485565, CeVa: 0.5430954098701477
Epoch: 35, AccTr: 0.9305999875068665, AccVa: 0.8565000295639038, CeTr: 0.2048363834619522, CeVa: 0.5543273091316223
ENSEMBLE | Tr_Acc: 0.9800999760627747, Tr_CE: 0.06388377398252487, Va_Acc: 0.9179999828338623, Va_CE: 0.28784120082855225
Epoch: 36, AccTr: 0.9312000274658203, AccVa: 0.8529999852180481, CeTr: 0.19523701071739197, CeVa: 0.5427323579788208
Epoch: 37, AccTr: 0.9257000088691711, AccVa: 0.8585000038146973, CeTr: 0.2156299352645874, CeVa: 0.5321916341781616
Epoch: 38, AccTr: 0.9311000108718872, AccVa: 0.8565000295639038, CeTr: 0.20289140939712524, CeVa: 0.5465002059936523
Epoch: 39, AccTr: 0.9296000003814697, AccVa: 0.8550000190734863, CeTr: 0.20333406329154968, CeVa: 0.532940685749054
Epoch: 40, AccTr: 0.9229999780654907, AccVa: 0.8454999923706055, CeTr: 0.218515083193779, CeVa: 0.5782269239425659
ENSEMBLE | Tr_Acc: 0.9815000295639038, Tr_CE: 0.06116852909326553, Va_Acc: 0.9175000190734863, Va_CE: 0.2799697816371918
Epoch: 41, AccTr: 0.9261000156402588, AccVa: 0.8529999852180481, CeTr: 0.21598117053508759, CeVa: 0.5785367488861084
Epoch: 42, AccTr: 0.9276999831199646, AccVa: 0.8475000262260437, CeTr: 0.20762260258197784, CeVa: 0.5988609790802002
Epoch: 43, AccTr: 0.9243000149726868, AccVa: 0.8529999852180481, CeTr: 0.21556730568408966, CeVa: 0.5932060480117798
Epoch: 44, AccTr: 0.9251999855041504, AccVa: 0.8544999957084656, CeTr: 0.2193426489830017, CeVa: 0.5488595962524414
Epoch: 45, AccTr: 0.9269999861717224, AccVa: 0.8504999876022339, CeTr: 0.21112841367721558, CeVa: 0.5725815296173096
ENSEMBLE | Tr_Acc: 0.9829000234603882, Tr_CE: 0.05901660770177841, Va_Acc: 0.9204999804496765, Va_CE: 0.27371934056282043
Epoch: 46, AccTr: 0.9226999878883362, AccVa: 0.8500000238418579, CeTr: 0.21733583509922028, CeVa: 0.5923179984092712
Epoch: 47, AccTr: 0.9262999892234802, AccVa: 0.8644999861717224, CeTr: 0.2082291692495346, CeVa: 0.5635854601860046
Epoch: 48, AccTr: 0.923799991607666, AccVa: 0.8445000052452087, CeTr: 0.2207285612821579, CeVa: 0.6130659580230713
Epoch: 49, AccTr: 0.9266999959945679, AccVa: 0.8399999737739563, CeTr: 0.21683701872825623, CeVa: 0.5763033628463745
Epoch: 50, AccTr: 0.9261999726295471, AccVa: 0.8454999923706055, CeTr: 0.2120949774980545, CeVa: 0.6165078282356262
ENSEMBLE | Tr_Acc: 0.9835000038146973, Tr_CE: 0.05694424360990524, Va_Acc: 0.9200000166893005, Va_CE: 0.27347052097320557
NN CONFIG
Weight-type:		ternary
Layout									Layer #1: 250	Layer #2: 220	
Activation Functions					Layer #1: ets	Layer #2: ets	
Keep probabilities		Layer #0: 1.0	Layer #1: 1.0	Layer #2: 1.0	
Flat factors							Layer #1: 1.0	Layer #2: 1.0	Layer #3: 1.0	
Activation Noise						Layer #1: 0.1	Layer #2: 0.1	Layer #3: 0.0	
Prior: 0.8

===================================

RUN CONFIG
Epochs: 50, Blocksize: 4

===================================

Epoch: 1, AccTr: 0.9279000163078308, AccVa: 0.8619999885559082, CeTr: 0.22870713472366333, CeVa: 0.5249132513999939
Epoch: 2, AccTr: 0.9305999875068665, AccVa: 0.8709999918937683, CeTr: 0.20371955633163452, CeVa: 0.5432199835777283
Epoch: 3, AccTr: 0.9309999942779541, AccVa: 0.862500011920929, CeTr: 0.20415017008781433, CeVa: 0.5532321929931641
Epoch: 4, AccTr: 0.9337000250816345, AccVa: 0.8730000257492065, CeTr: 0.1973574161529541, CeVa: 0.5128631591796875
Epoch: 5, AccTr: 0.9307000041007996, AccVa: 0.8629999756813049, CeTr: 0.20386452972888947, CeVa: 0.5469804406166077
ENSEMBLE | Tr_Acc: 0.9307000041007996, Tr_CE: 0.20386452972888947, Va_Acc: 0.8629999756813049, Va_CE: 0.5469804406166077
Epoch: 6, AccTr: 0.930899977684021, AccVa: 0.8690000176429749, CeTr: 0.19591055810451508, CeVa: 0.5334880352020264
Epoch: 7, AccTr: 0.9265000224113464, AccVa: 0.8600000143051147, CeTr: 0.21460217237472534, CeVa: 0.5772502422332764
Epoch: 8, AccTr: 0.9316999912261963, AccVa: 0.8579999804496765, CeTr: 0.19828581809997559, CeVa: 0.57252037525177
Epoch: 9, AccTr: 0.9312999844551086, AccVa: 0.8544999957084656, CeTr: 0.1996506303548813, CeVa: 0.5890561938285828
Epoch: 10, AccTr: 0.9294000267982483, AccVa: 0.8644999861717224, CeTr: 0.20613418519496918, CeVa: 0.5495118498802185
ENSEMBLE | Tr_Acc: 0.9629999995231628, Tr_CE: 0.10994452983140945, Va_Acc: 0.8974999785423279, Va_CE: 0.3872373104095459
Epoch: 11, AccTr: 0.9294999837875366, AccVa: 0.8529999852180481, CeTr: 0.2005254626274109, CeVa: 0.5418808460235596
Epoch: 12, AccTr: 0.9265999794006348, AccVa: 0.862500011920929, CeTr: 0.20146696269512177, CeVa: 0.5475367307662964
Epoch: 13, AccTr: 0.9305999875068665, AccVa: 0.8684999942779541, CeTr: 0.19901660084724426, CeVa: 0.5448510050773621
Epoch: 14, AccTr: 0.9269999861717224, AccVa: 0.8569999933242798, CeTr: 0.2086767554283142, CeVa: 0.5467466115951538
Epoch: 15, AccTr: 0.9279000163078308, AccVa: 0.8519999980926514, CeTr: 0.20531821250915527, CeVa: 0.5678521990776062
ENSEMBLE | Tr_Acc: 0.9718999862670898, Tr_CE: 0.0833829715847969, Va_Acc: 0.9054999947547913, Va_CE: 0.3383798599243164
Epoch: 16, AccTr: 0.9294999837875366, AccVa: 0.8650000095367432, CeTr: 0.1991015076637268, CeVa: 0.5714150667190552
Epoch: 17, AccTr: 0.928600013256073, AccVa: 0.8575000166893005, CeTr: 0.21322277188301086, CeVa: 0.5430278182029724
Epoch: 18, AccTr: 0.9261999726295471, AccVa: 0.8519999980926514, CeTr: 0.21221449971199036, CeVa: 0.5776838660240173
Epoch: 19, AccTr: 0.9265000224113464, AccVa: 0.8504999876022339, CeTr: 0.21669816970825195, CeVa: 0.5418295860290527
Epoch: 20, AccTr: 0.9247000217437744, AccVa: 0.8585000038146973, CeTr: 0.21477632224559784, CeVa: 0.5422067642211914
ENSEMBLE | Tr_Acc: 0.9758999943733215, Tr_CE: 0.07347580790519714, Va_Acc: 0.9120000004768372, Va_CE: 0.3082510232925415
Epoch: 21, AccTr: 0.9276999831199646, AccVa: 0.8654999732971191, CeTr: 0.21014246344566345, CeVa: 0.5252551436424255
Epoch: 22, AccTr: 0.9261999726295471, AccVa: 0.8525000214576721, CeTr: 0.21226032078266144, CeVa: 0.5539513826370239
Epoch: 23, AccTr: 0.9257000088691711, AccVa: 0.8604999780654907, CeTr: 0.21478049457073212, CeVa: 0.5710362792015076
Epoch: 24, AccTr: 0.9279999732971191, AccVa: 0.871999979019165, CeTr: 0.2119522988796234, CeVa: 0.519270122051239
Epoch: 25, AccTr: 0.9266999959945679, AccVa: 0.8600000143051147, CeTr: 0.21235977113246918, CeVa: 0.5866819024085999
ENSEMBLE | Tr_Acc: 0.9789999723434448, Tr_CE: 0.06545538455247879, Va_Acc: 0.9185000061988831, Va_CE: 0.29467639327049255
Epoch: 26, AccTr: 0.925599992275238, AccVa: 0.8504999876022339, CeTr: 0.20973019301891327, CeVa: 0.617722749710083
Epoch: 27, AccTr: 0.9297999739646912, AccVa: 0.8619999885559082, CeTr: 0.19775544106960297, CeVa: 0.5588515400886536
Epoch: 28, AccTr: 0.9302999973297119, AccVa: 0.8525000214576721, CeTr: 0.20952443778514862, CeVa: 0.5689612030982971
Epoch: 29, AccTr: 0.9273999929428101, AccVa: 0.8550000190734863, CeTr: 0.21235346794128418, CeVa: 0.5725529193878174
Epoch: 30, AccTr: 0.9261999726295471, AccVa: 0.8554999828338623, CeTr: 0.21038194000720978, CeVa: 0.5638524889945984
ENSEMBLE | Tr_Acc: 0.9800000190734863, Tr_CE: 0.061222851276397705, Va_Acc: 0.9185000061988831, Va_CE: 0.2847689390182495
Epoch: 31, AccTr: 0.9246000051498413, AccVa: 0.8514999747276306, CeTr: 0.2175758332014084, CeVa: 0.6294437646865845
Epoch: 32, AccTr: 0.9271000027656555, AccVa: 0.847000002861023, CeTr: 0.20015548169612885, CeVa: 0.6053082346916199
Epoch: 33, AccTr: 0.926800012588501, AccVa: 0.8569999933242798, CeTr: 0.20622265338897705, CeVa: 0.5887546539306641
Epoch: 34, AccTr: 0.926800012588501, AccVa: 0.8525000214576721, CeTr: 0.21408015489578247, CeVa: 0.5902422666549683
Epoch: 35, AccTr: 0.9289000034332275, AccVa: 0.8755000233650208, CeTr: 0.21003854274749756, CeVa: 0.5590405464172363
ENSEMBLE | Tr_Acc: 0.9815000295639038, Tr_CE: 0.058016322553157806, Va_Acc: 0.9190000295639038, Va_CE: 0.28033843636512756
Epoch: 36, AccTr: 0.9271000027656555, AccVa: 0.8489999771118164, CeTr: 0.20497651398181915, CeVa: 0.6159148216247559
Epoch: 37, AccTr: 0.9277999997138977, AccVa: 0.8659999966621399, CeTr: 0.2050914615392685, CeVa: 0.5580559372901917
Epoch: 38, AccTr: 0.9277999997138977, AccVa: 0.8500000238418579, CeTr: 0.2021792232990265, CeVa: 0.5987740159034729
Epoch: 39, AccTr: 0.927299976348877, AccVa: 0.8619999885559082, CeTr: 0.22071777284145355, CeVa: 0.5517533421516418
Epoch: 40, AccTr: 0.9315000176429749, AccVa: 0.8634999990463257, CeTr: 0.19787436723709106, CeVa: 0.5469202995300293
ENSEMBLE | Tr_Acc: 0.982699990272522, Tr_CE: 0.054605383425951004, Va_Acc: 0.9194999933242798, Va_CE: 0.27454590797424316
Epoch: 41, AccTr: 0.9284999966621399, AccVa: 0.8569999933242798, CeTr: 0.21448472142219543, CeVa: 0.5637359023094177
Epoch: 42, AccTr: 0.9265000224113464, AccVa: 0.8489999771118164, CeTr: 0.21441929042339325, CeVa: 0.6068827509880066
Epoch: 43, AccTr: 0.9320999979972839, AccVa: 0.8615000247955322, CeTr: 0.19693759083747864, CeVa: 0.5506137609481812
Epoch: 44, AccTr: 0.929099977016449, AccVa: 0.8539999723434448, CeTr: 0.20354992151260376, CeVa: 0.6020278334617615
Epoch: 45, AccTr: 0.9279000163078308, AccVa: 0.8585000038146973, CeTr: 0.20483051240444183, CeVa: 0.5366430878639221
ENSEMBLE | Tr_Acc: 0.984000027179718, Tr_CE: 0.05268535017967224, Va_Acc: 0.9229999780654907, Va_CE: 0.26798516511917114
Epoch: 46, AccTr: 0.9253000020980835, AccVa: 0.8464999794960022, CeTr: 0.21063515543937683, CeVa: 0.6162611842155457
Epoch: 47, AccTr: 0.9258000254631042, AccVa: 0.8489999771118164, CeTr: 0.2103063017129898, CeVa: 0.5895086526870728
Epoch: 48, AccTr: 0.9251000285148621, AccVa: 0.8510000109672546, CeTr: 0.21586376428604126, CeVa: 0.5663148760795593
Epoch: 49, AccTr: 0.9286999702453613, AccVa: 0.8659999966621399, CeTr: 0.20629501342773438, CeVa: 0.5426477789878845
Epoch: 50, AccTr: 0.9222000241279602, AccVa: 0.8629999756813049, CeTr: 0.22638005018234253, CeVa: 0.5696407556533813
ENSEMBLE | Tr_Acc: 0.9847000241279602, Tr_CE: 0.05150321125984192, Va_Acc: 0.9269999861717224, Va_CE: 0.26396065950393677
NN CONFIG
Weight-type:		ternary
Layout									Layer #1: 250	Layer #2: 220	
Activation Functions					Layer #1: ets	Layer #2: ets	
Keep probabilities		Layer #0: 1.0	Layer #1: 1.0	Layer #2: 1.0	
Flat factors							Layer #1: 1.0	Layer #2: 1.0	Layer #3: 1.0	
Activation Noise						Layer #1: 0.1	Layer #2: 0.1	Layer #3: 0.0	
Prior: 0.8

===================================

RUN CONFIG
Epochs: 50, Blocksize: 4

===================================

Epoch: 1, AccTr: 0.935699999332428, AccVa: 0.8774999976158142, CeTr: 0.20922592282295227, CeVa: 0.5087388157844543
Epoch: 2, AccTr: 0.9312999844551086, AccVa: 0.8740000128746033, CeTr: 0.20952746272087097, CeVa: 0.5303874015808105
Epoch: 3, AccTr: 0.9333999752998352, AccVa: 0.871999979019165, CeTr: 0.19688813388347626, CeVa: 0.5436460375785828
Epoch: 4, AccTr: 0.9358999729156494, AccVa: 0.8684999942779541, CeTr: 0.19086922705173492, CeVa: 0.5637210011482239
Epoch: 5, AccTr: 0.9337999820709229, AccVa: 0.8765000104904175, CeTr: 0.19321340322494507, CeVa: 0.5393247604370117
ENSEMBLE | Tr_Acc: 0.9337999820709229, Tr_CE: 0.19321340322494507, Va_Acc: 0.8765000104904175, Va_CE: 0.5393247604370117
Epoch: 6, AccTr: 0.9312000274658203, AccVa: 0.8734999895095825, CeTr: 0.19926999509334564, CeVa: 0.5562214255332947
Epoch: 7, AccTr: 0.9294999837875366, AccVa: 0.8744999766349792, CeTr: 0.19517214596271515, CeVa: 0.5401567816734314
Epoch: 8, AccTr: 0.9332000017166138, AccVa: 0.8610000014305115, CeTr: 0.19819509983062744, CeVa: 0.5887858867645264
Epoch: 9, AccTr: 0.9312000274658203, AccVa: 0.8665000200271606, CeTr: 0.20239919424057007, CeVa: 0.5311235189437866
Epoch: 10, AccTr: 0.9315000176429749, AccVa: 0.8529999852180481, CeTr: 0.2008437067270279, CeVa: 0.5921168327331543
ENSEMBLE | Tr_Acc: 0.9641000032424927, Tr_CE: 0.10300464183092117, Va_Acc: 0.9004999995231628, Va_CE: 0.39931967854499817
Epoch: 11, AccTr: 0.9412000179290771, AccVa: 0.8604999780654907, CeTr: 0.17973656952381134, CeVa: 0.5824871063232422
Epoch: 12, AccTr: 0.9312000274658203, AccVa: 0.8650000095367432, CeTr: 0.19202975928783417, CeVa: 0.5614729523658752
Epoch: 13, AccTr: 0.9304999709129333, AccVa: 0.8669999837875366, CeTr: 0.20464591681957245, CeVa: 0.5534311532974243
Epoch: 14, AccTr: 0.933899998664856, AccVa: 0.8669999837875366, CeTr: 0.1948784738779068, CeVa: 0.5311535596847534
Epoch: 15, AccTr: 0.9307000041007996, AccVa: 0.8744999766349792, CeTr: 0.20464183390140533, CeVa: 0.5528315901756287
ENSEMBLE | Tr_Acc: 0.972100019454956, Tr_CE: 0.07942338287830353, Va_Acc: 0.9104999899864197, Va_CE: 0.348528653383255
Epoch: 16, AccTr: 0.933899998664856, AccVa: 0.8550000190734863, CeTr: 0.1923166960477829, CeVa: 0.5772659778594971
Epoch: 17, AccTr: 0.9294999837875366, AccVa: 0.8600000143051147, CeTr: 0.21075163781642914, CeVa: 0.6063606142997742
Epoch: 18, AccTr: 0.9337999820709229, AccVa: 0.8565000295639038, CeTr: 0.19681653380393982, CeVa: 0.6190517544746399
Epoch: 19, AccTr: 0.928600013256073, AccVa: 0.8644999861717224, CeTr: 0.19927148520946503, CeVa: 0.5723532438278198
Epoch: 20, AccTr: 0.9318000078201294, AccVa: 0.8600000143051147, CeTr: 0.1990322768688202, CeVa: 0.5372604727745056
ENSEMBLE | Tr_Acc: 0.977400004863739, Tr_CE: 0.06731069087982178, Va_Acc: 0.9144999980926514, Va_CE: 0.3249025046825409
Epoch: 21, AccTr: 0.9332000017166138, AccVa: 0.8679999709129333, CeTr: 0.20280341804027557, CeVa: 0.5539597868919373
Epoch: 22, AccTr: 0.9264000058174133, AccVa: 0.8690000176429749, CeTr: 0.21810795366764069, CeVa: 0.5735240578651428
Epoch: 23, AccTr: 0.9280999898910522, AccVa: 0.8604999780654907, CeTr: 0.21896511316299438, CeVa: 0.6028348207473755
Epoch: 24, AccTr: 0.9247999787330627, AccVa: 0.8535000085830688, CeTr: 0.21808931231498718, CeVa: 0.5447797775268555
Epoch: 25, AccTr: 0.9297999739646912, AccVa: 0.8734999895095825, CeTr: 0.2055548131465912, CeVa: 0.5245457887649536
ENSEMBLE | Tr_Acc: 0.9797999858856201, Tr_CE: 0.06152556836605072, Va_Acc: 0.9240000247955322, Va_CE: 0.30104830861091614
Epoch: 26, AccTr: 0.9312999844551086, AccVa: 0.8675000071525574, CeTr: 0.19141410291194916, CeVa: 0.5330268740653992
Epoch: 27, AccTr: 0.932699978351593, AccVa: 0.8700000047683716, CeTr: 0.2067055106163025, CeVa: 0.6018388867378235
Epoch: 28, AccTr: 0.9296000003814697, AccVa: 0.8640000224113464, CeTr: 0.2093021422624588, CeVa: 0.6163361668586731
Epoch: 29, AccTr: 0.9262999892234802, AccVa: 0.8504999876022339, CeTr: 0.20976655185222626, CeVa: 0.6183322668075562
Epoch: 30, AccTr: 0.9312999844551086, AccVa: 0.8604999780654907, CeTr: 0.1899101585149765, CeVa: 0.5972548723220825
ENSEMBLE | Tr_Acc: 0.9815000295639038, Tr_CE: 0.05675283074378967, Va_Acc: 0.925000011920929, Va_CE: 0.2915280759334564
Epoch: 31, AccTr: 0.9289000034332275, AccVa: 0.8575000166893005, CeTr: 0.20436173677444458, CeVa: 0.6134390234947205
Epoch: 32, AccTr: 0.9229999780654907, AccVa: 0.8684999942779541, CeTr: 0.21348725259304047, CeVa: 0.582939863204956
Epoch: 33, AccTr: 0.9279000163078308, AccVa: 0.8500000238418579, CeTr: 0.21091891825199127, CeVa: 0.6622725129127502
Epoch: 34, AccTr: 0.9269000291824341, AccVa: 0.8529999852180481, CeTr: 0.21501587331295013, CeVa: 0.6000284552574158
Epoch: 35, AccTr: 0.929099977016449, AccVa: 0.8709999918937683, CeTr: 0.2088322788476944, CeVa: 0.5885460376739502
ENSEMBLE | Tr_Acc: 0.982200026512146, Tr_CE: 0.05405741557478905, Va_Acc: 0.9235000014305115, Va_CE: 0.28967341780662537
Epoch: 36, AccTr: 0.9296000003814697, AccVa: 0.8575000166893005, CeTr: 0.20646396279335022, CeVa: 0.6279754638671875
Epoch: 37, AccTr: 0.9273999929428101, AccVa: 0.8600000143051147, CeTr: 0.20699839293956757, CeVa: 0.606690526008606
Epoch: 38, AccTr: 0.9239000082015991, AccVa: 0.8539999723434448, CeTr: 0.21520166099071503, CeVa: 0.5725551843643188
Epoch: 39, AccTr: 0.9254000186920166, AccVa: 0.8634999990463257, CeTr: 0.21437481045722961, CeVa: 0.6103100776672363
Epoch: 40, AccTr: 0.9266999959945679, AccVa: 0.8654999732971191, CeTr: 0.21319453418254852, CeVa: 0.5812187790870667
ENSEMBLE | Tr_Acc: 0.9832000136375427, Tr_CE: 0.05210753157734871, Va_Acc: 0.9254999756813049, Va_CE: 0.28420665860176086
Epoch: 41, AccTr: 0.9254999756813049, AccVa: 0.8544999957084656, CeTr: 0.20829154551029205, CeVa: 0.5892232060432434
Epoch: 42, AccTr: 0.9297000169754028, AccVa: 0.859499990940094, CeTr: 0.2087331861257553, CeVa: 0.5581420063972473
Epoch: 43, AccTr: 0.9287999868392944, AccVa: 0.8554999828338623, CeTr: 0.20763330161571503, CeVa: 0.5912712216377258
Epoch: 44, AccTr: 0.9251000285148621, AccVa: 0.8514999747276306, CeTr: 0.2136320024728775, CeVa: 0.6168037056922913
Epoch: 45, AccTr: 0.9294000267982483, AccVa: 0.8604999780654907, CeTr: 0.2087804228067398, CeVa: 0.5665841102600098
ENSEMBLE | Tr_Acc: 0.984000027179718, Tr_CE: 0.04980698227882385, Va_Acc: 0.9290000200271606, Va_CE: 0.277169793844223
Epoch: 46, AccTr: 0.9323999881744385, AccVa: 0.8529999852180481, CeTr: 0.19615547358989716, CeVa: 0.6286863088607788
Epoch: 47, AccTr: 0.9276000261306763, AccVa: 0.8610000014305115, CeTr: 0.21392209827899933, CeVa: 0.5913931727409363
Epoch: 48, AccTr: 0.9273999929428101, AccVa: 0.8554999828338623, CeTr: 0.212103009223938, CeVa: 0.6052935123443604
Epoch: 49, AccTr: 0.9277999997138977, AccVa: 0.8579999804496765, CeTr: 0.20668251812458038, CeVa: 0.5983200669288635
Epoch: 50, AccTr: 0.9259999990463257, AccVa: 0.8519999980926514, CeTr: 0.21494252979755402, CeVa: 0.6193584203720093
ENSEMBLE | Tr_Acc: 0.9850000143051147, Tr_CE: 0.04851493611931801, Va_Acc: 0.9269999861717224, Va_CE: 0.2767346203327179
Mod Accuracy || Mean: 0.8551250100135803	 Std: 0.006859071087092161
Ens Accuracy || Mean: 0.924625039100647	 Std: 0.002858636900782585
Mod CE || Mean: 0.6004787087440491	 Std: 0.019880440086126328
Ens CE || Mean: 0.27336061000823975	 Std: 0.005804197862744331
