NN CONFIG
Weight-type:		ternary
Layout									Layer #1: 250	Layer #2: 220	
Activation Functions					Layer #1: ets	Layer #2: ets	
Keep probabilities		Layer #0: 1.0	Layer #1: 1.0	Layer #2: 1.0	
Flat factors							Layer #1: 1.0	Layer #2: 1.0	Layer #3: 1.0	
Activation Noise						Layer #1: 0.1	Layer #2: 0.1	Layer #3: 0.0	
Prior: 0.8

===================================

RUN CONFIG
Epochs: 50, Blocksize: 4

===================================

Input binarization: False
Epoch: 1, AccTr: 0.9047999978065491, AccVa: 0.8740000128746033, CeTr: 0.3102430999279022, CeVa: 0.4611719250679016
Epoch: 2, AccTr: 0.90829998254776, AccVa: 0.8759999871253967, CeTr: 0.29924896359443665, CeVa: 0.46720871329307556
Epoch: 3, AccTr: 0.916100025177002, AccVa: 0.8855000138282776, CeTr: 0.27523475885391235, CeVa: 0.427487313747406
Epoch: 4, AccTr: 0.9138000011444092, AccVa: 0.8805000185966492, CeTr: 0.27578774094581604, CeVa: 0.443318247795105
Epoch: 5, AccTr: 0.9151999950408936, AccVa: 0.8794999718666077, CeTr: 0.27143579721450806, CeVa: 0.45923662185668945
ENSEMBLE | Tr_Acc: 0.9151999950408936, Tr_CE: 0.27143579721450806, Va_Acc: 0.8794999718666077, Va_CE: 0.45923662185668945
Epoch: 6, AccTr: 0.9182000160217285, AccVa: 0.8830000162124634, CeTr: 0.2633250951766968, CeVa: 0.4754503667354584
Epoch: 7, AccTr: 0.9142000079154968, AccVa: 0.8840000033378601, CeTr: 0.2739741802215576, CeVa: 0.4307371973991394
Epoch: 8, AccTr: 0.9158999919891357, AccVa: 0.8865000009536743, CeTr: 0.26564013957977295, CeVa: 0.4445699155330658
Epoch: 9, AccTr: 0.9208999872207642, AccVa: 0.8870000243186951, CeTr: 0.2638985216617584, CeVa: 0.4423585832118988
Epoch: 10, AccTr: 0.9197999835014343, AccVa: 0.8855000138282776, CeTr: 0.25577008724212646, CeVa: 0.43792587518692017
ENSEMBLE | Tr_Acc: 0.9492999911308289, Tr_CE: 0.16116027534008026, Va_Acc: 0.9200000166893005, Va_CE: 0.3212099075317383
Epoch: 11, AccTr: 0.9226999878883362, AccVa: 0.8859999775886536, CeTr: 0.2505076229572296, CeVa: 0.44294673204421997
Epoch: 12, AccTr: 0.9200000166893005, AccVa: 0.8845000267028809, CeTr: 0.2509666979312897, CeVa: 0.4303928315639496
Epoch: 13, AccTr: 0.9218000173568726, AccVa: 0.8799999952316284, CeTr: 0.23950956761837006, CeVa: 0.45960506796836853
Epoch: 14, AccTr: 0.9251000285148621, AccVa: 0.8815000057220459, CeTr: 0.2417771965265274, CeVa: 0.4219026267528534
Epoch: 15, AccTr: 0.9203000068664551, AccVa: 0.8769999742507935, CeTr: 0.2541239857673645, CeVa: 0.44601762294769287
ENSEMBLE | Tr_Acc: 0.9599000215530396, Tr_CE: 0.13052184879779816, Va_Acc: 0.9235000014305115, Va_CE: 0.27815431356430054
Epoch: 16, AccTr: 0.9208999872207642, AccVa: 0.8830000162124634, CeTr: 0.24398034811019897, CeVa: 0.4413548409938812
Epoch: 17, AccTr: 0.9185000061988831, AccVa: 0.8805000185966492, CeTr: 0.2661222219467163, CeVa: 0.44822144508361816
Epoch: 18, AccTr: 0.9205999970436096, AccVa: 0.8809999823570251, CeTr: 0.260755330324173, CeVa: 0.4377862811088562
Epoch: 19, AccTr: 0.9254000186920166, AccVa: 0.8960000276565552, CeTr: 0.2545260787010193, CeVa: 0.4313470423221588
Epoch: 20, AccTr: 0.9210000038146973, AccVa: 0.8870000243186951, CeTr: 0.24928808212280273, CeVa: 0.4298546314239502
ENSEMBLE | Tr_Acc: 0.9645000100135803, Tr_CE: 0.1146780252456665, Va_Acc: 0.9330000281333923, Va_CE: 0.26008379459381104
Epoch: 21, AccTr: 0.921999990940094, AccVa: 0.8769999742507935, CeTr: 0.25164997577667236, CeVa: 0.4553093910217285
Epoch: 22, AccTr: 0.9211999773979187, AccVa: 0.890999972820282, CeTr: 0.2550661265850067, CeVa: 0.4191821217536926
Epoch: 23, AccTr: 0.925599992275238, AccVa: 0.8855000138282776, CeTr: 0.2399936467409134, CeVa: 0.44934263825416565
Epoch: 24, AccTr: 0.9204000234603882, AccVa: 0.8840000033378601, CeTr: 0.25525468587875366, CeVa: 0.44491320848464966
Epoch: 25, AccTr: 0.9243999719619751, AccVa: 0.8849999904632568, CeTr: 0.24161967635154724, CeVa: 0.4173278212547302
ENSEMBLE | Tr_Acc: 0.9668999910354614, Tr_CE: 0.10600900650024414, Va_Acc: 0.9365000128746033, Va_CE: 0.2422129362821579
Epoch: 26, AccTr: 0.921500027179718, AccVa: 0.8790000081062317, CeTr: 0.2456849068403244, CeVa: 0.4360363781452179
Epoch: 27, AccTr: 0.9239000082015991, AccVa: 0.8820000290870667, CeTr: 0.25464576482772827, CeVa: 0.4541168510913849
Epoch: 28, AccTr: 0.920799970626831, AccVa: 0.8865000009536743, CeTr: 0.24755507707595825, CeVa: 0.4556412696838379
Epoch: 29, AccTr: 0.9254999756813049, AccVa: 0.890999972820282, CeTr: 0.25245821475982666, CeVa: 0.42932459712028503
Epoch: 30, AccTr: 0.9240999817848206, AccVa: 0.8845000267028809, CeTr: 0.2500220835208893, CeVa: 0.4715181291103363
ENSEMBLE | Tr_Acc: 0.9689000248908997, Tr_CE: 0.10047582536935806, Va_Acc: 0.9355000257492065, Va_CE: 0.23864297568798065
Epoch: 31, AccTr: 0.9215999841690063, AccVa: 0.8830000162124634, CeTr: 0.2569776773452759, CeVa: 0.4588189423084259
Epoch: 32, AccTr: 0.920799970626831, AccVa: 0.8815000057220459, CeTr: 0.2559003233909607, CeVa: 0.4638044238090515
Epoch: 33, AccTr: 0.9279999732971191, AccVa: 0.8899999856948853, CeTr: 0.23831699788570404, CeVa: 0.4455867111682892
Epoch: 34, AccTr: 0.925599992275238, AccVa: 0.8834999799728394, CeTr: 0.23187614977359772, CeVa: 0.4719536304473877
Epoch: 35, AccTr: 0.9236999750137329, AccVa: 0.887499988079071, CeTr: 0.24817109107971191, CeVa: 0.45472094416618347
ENSEMBLE | Tr_Acc: 0.9689000248908997, Tr_CE: 0.09711780399084091, Va_Acc: 0.9375, Va_CE: 0.2353420853614807
Epoch: 36, AccTr: 0.9276000261306763, AccVa: 0.8865000009536743, CeTr: 0.23568890988826752, CeVa: 0.4682506024837494
Epoch: 37, AccTr: 0.9259999990463257, AccVa: 0.8895000219345093, CeTr: 0.23944887518882751, CeVa: 0.43714380264282227
Epoch: 38, AccTr: 0.9243000149726868, AccVa: 0.8744999766349792, CeTr: 0.24718332290649414, CeVa: 0.48660778999328613
Epoch: 39, AccTr: 0.916100025177002, AccVa: 0.8774999976158142, CeTr: 0.25917574763298035, CeVa: 0.4599774181842804
Epoch: 40, AccTr: 0.923799991607666, AccVa: 0.8824999928474426, CeTr: 0.24634003639221191, CeVa: 0.4495229721069336
ENSEMBLE | Tr_Acc: 0.9710999727249146, Tr_CE: 0.09349347651004791, Va_Acc: 0.9384999871253967, Va_CE: 0.2355795055627823
Epoch: 41, AccTr: 0.9235000014305115, AccVa: 0.8799999952316284, CeTr: 0.23771433532238007, CeVa: 0.4553847908973694
Epoch: 42, AccTr: 0.9236000180244446, AccVa: 0.871999979019165, CeTr: 0.24484287202358246, CeVa: 0.49733665585517883
Epoch: 43, AccTr: 0.9208999872207642, AccVa: 0.8794999718666077, CeTr: 0.2584095597267151, CeVa: 0.47186657786369324
Epoch: 44, AccTr: 0.9222999811172485, AccVa: 0.8805000185966492, CeTr: 0.2520913779735565, CeVa: 0.4864845275878906
Epoch: 45, AccTr: 0.9180999994277954, AccVa: 0.8755000233650208, CeTr: 0.25758031010627747, CeVa: 0.4603631794452667
ENSEMBLE | Tr_Acc: 0.9718000292778015, Tr_CE: 0.09054557979106903, Va_Acc: 0.9380000233650208, Va_CE: 0.23496191203594208
Epoch: 46, AccTr: 0.9235000014305115, AccVa: 0.8805000185966492, CeTr: 0.2419818788766861, CeVa: 0.4465520679950714
Epoch: 47, AccTr: 0.9229000210762024, AccVa: 0.8820000290870667, CeTr: 0.24083417654037476, CeVa: 0.4317704141139984
Epoch: 48, AccTr: 0.9269000291824341, AccVa: 0.8849999904632568, CeTr: 0.23874670267105103, CeVa: 0.4260551631450653
Epoch: 49, AccTr: 0.920199990272522, AccVa: 0.8805000185966492, CeTr: 0.2563900053501129, CeVa: 0.4807363748550415
Epoch: 50, AccTr: 0.9271000027656555, AccVa: 0.8830000162124634, CeTr: 0.23658344149589539, CeVa: 0.45429089665412903
ENSEMBLE | Tr_Acc: 0.9714000225067139, Tr_CE: 0.08811080455780029, Va_Acc: 0.9384999871253967, Va_CE: 0.23253479599952698
NN CONFIG
Weight-type:		ternary
Layout									Layer #1: 250	Layer #2: 220	
Activation Functions					Layer #1: ets	Layer #2: ets	
Keep probabilities		Layer #0: 1.0	Layer #1: 1.0	Layer #2: 1.0	
Flat factors							Layer #1: 1.0	Layer #2: 1.0	Layer #3: 1.0	
Activation Noise						Layer #1: 0.1	Layer #2: 0.1	Layer #3: 0.0	
Prior: 0.8

===================================

RUN CONFIG
Epochs: 50, Blocksize: 4

===================================

Input binarization: False
Epoch: 1, AccTr: 0.9136000275611877, AccVa: 0.8945000171661377, CeTr: 0.3013226091861725, CeVa: 0.43405795097351074
Epoch: 2, AccTr: 0.9125999808311462, AccVa: 0.8774999976158142, CeTr: 0.2898331582546234, CeVa: 0.46215203404426575
Epoch: 3, AccTr: 0.9200999736785889, AccVa: 0.8870000243186951, CeTr: 0.27419066429138184, CeVa: 0.4499368667602539
Epoch: 4, AccTr: 0.9194999933242798, AccVa: 0.8784999847412109, CeTr: 0.267243355512619, CeVa: 0.48498839139938354
Epoch: 5, AccTr: 0.9179999828338623, AccVa: 0.8840000033378601, CeTr: 0.2706994116306305, CeVa: 0.4531124234199524
ENSEMBLE | Tr_Acc: 0.9179999828338623, Tr_CE: 0.2706994116306305, Va_Acc: 0.8840000033378601, Va_CE: 0.4531124234199524
Epoch: 6, AccTr: 0.9147999882698059, AccVa: 0.8684999942779541, CeTr: 0.26156866550445557, CeVa: 0.48271867632865906
Epoch: 7, AccTr: 0.9178000092506409, AccVa: 0.8755000233650208, CeTr: 0.2626184821128845, CeVa: 0.5285727381706238
Epoch: 8, AccTr: 0.9171000123023987, AccVa: 0.8830000162124634, CeTr: 0.2795879542827606, CeVa: 0.49433284997940063
Epoch: 9, AccTr: 0.9225999712944031, AccVa: 0.8914999961853027, CeTr: 0.2625029385089874, CeVa: 0.4506978690624237
Epoch: 10, AccTr: 0.9182999730110168, AccVa: 0.890500009059906, CeTr: 0.2569313943386078, CeVa: 0.4711758494377136
ENSEMBLE | Tr_Acc: 0.9466000199317932, Tr_CE: 0.16345512866973877, Va_Acc: 0.921999990940094, Va_CE: 0.3334076702594757
Epoch: 11, AccTr: 0.9179999828338623, AccVa: 0.8815000057220459, CeTr: 0.25907373428344727, CeVa: 0.4588761031627655
Epoch: 12, AccTr: 0.9190999865531921, AccVa: 0.8805000185966492, CeTr: 0.25873416662216187, CeVa: 0.5031630992889404
Epoch: 13, AccTr: 0.9244999885559082, AccVa: 0.8840000033378601, CeTr: 0.25299760699272156, CeVa: 0.46516409516334534
Epoch: 14, AccTr: 0.9233999848365784, AccVa: 0.8815000057220459, CeTr: 0.2526492774486542, CeVa: 0.473539799451828
Epoch: 15, AccTr: 0.9190000295639038, AccVa: 0.8834999799728394, CeTr: 0.2620597183704376, CeVa: 0.4567839801311493
ENSEMBLE | Tr_Acc: 0.9567999839782715, Tr_CE: 0.13133542239665985, Va_Acc: 0.9284999966621399, Va_CE: 0.28696227073669434
Epoch: 16, AccTr: 0.9211999773979187, AccVa: 0.890500009059906, CeTr: 0.25630685687065125, CeVa: 0.4371252954006195
Epoch: 17, AccTr: 0.9217000007629395, AccVa: 0.8824999928474426, CeTr: 0.2642563581466675, CeVa: 0.4768769443035126
Epoch: 18, AccTr: 0.9192000031471252, AccVa: 0.8849999904632568, CeTr: 0.2658342123031616, CeVa: 0.46837523579597473
Epoch: 19, AccTr: 0.9204000234603882, AccVa: 0.887499988079071, CeTr: 0.2504972517490387, CeVa: 0.4746948182582855
Epoch: 20, AccTr: 0.9229000210762024, AccVa: 0.8815000057220459, CeTr: 0.2553287744522095, CeVa: 0.5171833634376526
ENSEMBLE | Tr_Acc: 0.9617999792098999, Tr_CE: 0.11548400670289993, Va_Acc: 0.9334999918937683, Va_CE: 0.2753217816352844
Epoch: 21, AccTr: 0.9261999726295471, AccVa: 0.8830000162124634, CeTr: 0.23731738328933716, CeVa: 0.48042425513267517
Epoch: 22, AccTr: 0.9212999939918518, AccVa: 0.8920000195503235, CeTr: 0.24908684194087982, CeVa: 0.4391178488731384
Epoch: 23, AccTr: 0.9178000092506409, AccVa: 0.8895000219345093, CeTr: 0.2572934925556183, CeVa: 0.4368501901626587
Epoch: 24, AccTr: 0.9222999811172485, AccVa: 0.8859999775886536, CeTr: 0.25388795137405396, CeVa: 0.45838215947151184
Epoch: 25, AccTr: 0.9230999946594238, AccVa: 0.890999972820282, CeTr: 0.2528814375400543, CeVa: 0.4537825882434845
ENSEMBLE | Tr_Acc: 0.9643999934196472, Tr_CE: 0.10508156567811966, Va_Acc: 0.9355000257492065, Va_CE: 0.26198792457580566
Epoch: 26, AccTr: 0.9214000105857849, AccVa: 0.8934999704360962, CeTr: 0.2506312131881714, CeVa: 0.4408718943595886
Epoch: 27, AccTr: 0.9240999817848206, AccVa: 0.8884999752044678, CeTr: 0.24027690291404724, CeVa: 0.4564482569694519
Epoch: 28, AccTr: 0.925599992275238, AccVa: 0.875, CeTr: 0.24654780328273773, CeVa: 0.5112613439559937
Epoch: 29, AccTr: 0.9247000217437744, AccVa: 0.878000020980835, CeTr: 0.24932661652565002, CeVa: 0.46528252959251404
Epoch: 30, AccTr: 0.923799991607666, AccVa: 0.8855000138282776, CeTr: 0.2525181174278259, CeVa: 0.4521758556365967
ENSEMBLE | Tr_Acc: 0.967199981212616, Tr_CE: 0.09780654311180115, Va_Acc: 0.934499979019165, Va_CE: 0.2510044574737549
Epoch: 31, AccTr: 0.9235000014305115, AccVa: 0.8899999856948853, CeTr: 0.24705053865909576, CeVa: 0.45277708768844604
Epoch: 32, AccTr: 0.9236999750137329, AccVa: 0.8834999799728394, CeTr: 0.23992525041103363, CeVa: 0.4219443202018738
Epoch: 33, AccTr: 0.9261999726295471, AccVa: 0.8834999799728394, CeTr: 0.23816461861133575, CeVa: 0.466069757938385
Epoch: 34, AccTr: 0.9217000007629395, AccVa: 0.8759999871253967, CeTr: 0.25162264704704285, CeVa: 0.5021406412124634
Epoch: 35, AccTr: 0.9193000197410583, AccVa: 0.8859999775886536, CeTr: 0.2549513280391693, CeVa: 0.48128682374954224
ENSEMBLE | Tr_Acc: 0.9697999954223633, Tr_CE: 0.09311626851558685, Va_Acc: 0.9355000257492065, Va_CE: 0.2483265995979309
Epoch: 36, AccTr: 0.9222999811172485, AccVa: 0.8805000185966492, CeTr: 0.24546997249126434, CeVa: 0.4583427608013153
Epoch: 37, AccTr: 0.9205999970436096, AccVa: 0.8784999847412109, CeTr: 0.2562822699546814, CeVa: 0.48533669114112854
Epoch: 38, AccTr: 0.9244999885559082, AccVa: 0.8855000138282776, CeTr: 0.2550971210002899, CeVa: 0.4668117165565491
Epoch: 39, AccTr: 0.9217000007629395, AccVa: 0.8880000114440918, CeTr: 0.253841370344162, CeVa: 0.45914801955223083
Epoch: 40, AccTr: 0.9236000180244446, AccVa: 0.8934999704360962, CeTr: 0.2574857473373413, CeVa: 0.4649643301963806
ENSEMBLE | Tr_Acc: 0.9707000255584717, Tr_CE: 0.08993619680404663, Va_Acc: 0.9365000128746033, Va_CE: 0.24708646535873413
Epoch: 41, AccTr: 0.9228000044822693, AccVa: 0.8989999890327454, CeTr: 0.2492009699344635, CeVa: 0.4311748147010803
Epoch: 42, AccTr: 0.9187999963760376, AccVa: 0.8820000290870667, CeTr: 0.2538207769393921, CeVa: 0.4565596878528595
Epoch: 43, AccTr: 0.9233999848365784, AccVa: 0.8960000276565552, CeTr: 0.25394630432128906, CeVa: 0.4409395456314087
Epoch: 44, AccTr: 0.9222999811172485, AccVa: 0.878000020980835, CeTr: 0.24615448713302612, CeVa: 0.44531652331352234
Epoch: 45, AccTr: 0.9240000247955322, AccVa: 0.8794999718666077, CeTr: 0.24716587364673615, CeVa: 0.4922148585319519
ENSEMBLE | Tr_Acc: 0.9714999794960022, Tr_CE: 0.08723052591085434, Va_Acc: 0.9390000104904175, Va_CE: 0.2465645670890808
Epoch: 46, AccTr: 0.9211000204086304, AccVa: 0.8939999938011169, CeTr: 0.2514347732067108, CeVa: 0.4317610561847687
Epoch: 47, AccTr: 0.9229999780654907, AccVa: 0.8895000219345093, CeTr: 0.2513113021850586, CeVa: 0.4441129267215729
Epoch: 48, AccTr: 0.9205999970436096, AccVa: 0.8974999785423279, CeTr: 0.2500550448894501, CeVa: 0.4567299783229828
Epoch: 49, AccTr: 0.91839998960495, AccVa: 0.8870000243186951, CeTr: 0.26367250084877014, CeVa: 0.4772031903266907
Epoch: 50, AccTr: 0.923799991607666, AccVa: 0.8865000009536743, CeTr: 0.25265830755233765, CeVa: 0.49108365178108215
ENSEMBLE | Tr_Acc: 0.972100019454956, Tr_CE: 0.08487129211425781, Va_Acc: 0.9394999742507935, Va_CE: 0.2449249029159546
NN CONFIG
Weight-type:		ternary
Layout									Layer #1: 250	Layer #2: 220	
Activation Functions					Layer #1: ets	Layer #2: ets	
Keep probabilities		Layer #0: 1.0	Layer #1: 1.0	Layer #2: 1.0	
Flat factors							Layer #1: 1.0	Layer #2: 1.0	Layer #3: 1.0	
Activation Noise						Layer #1: 0.1	Layer #2: 0.1	Layer #3: 0.0	
Prior: 0.8

===================================

RUN CONFIG
Epochs: 50, Blocksize: 4

===================================

Input binarization: False
Epoch: 1, AccTr: 0.9251000285148621, AccVa: 0.8845000267028809, CeTr: 0.2621570825576782, CeVa: 0.4341053366661072
Epoch: 2, AccTr: 0.9190999865531921, AccVa: 0.8855000138282776, CeTr: 0.26991763710975647, CeVa: 0.4436643123626709
Epoch: 3, AccTr: 0.9190000295639038, AccVa: 0.8820000290870667, CeTr: 0.25505995750427246, CeVa: 0.4997004568576813
Epoch: 4, AccTr: 0.9178000092506409, AccVa: 0.8815000057220459, CeTr: 0.27187037467956543, CeVa: 0.47983434796333313
Epoch: 5, AccTr: 0.9217000007629395, AccVa: 0.8895000219345093, CeTr: 0.2636086344718933, CeVa: 0.465404212474823
ENSEMBLE | Tr_Acc: 0.9217000007629395, Tr_CE: 0.2636086344718933, Va_Acc: 0.8895000219345093, Va_CE: 0.465404212474823
Epoch: 6, AccTr: 0.921500027179718, AccVa: 0.8799999952316284, CeTr: 0.25684937834739685, CeVa: 0.4973883628845215
Epoch: 7, AccTr: 0.920199990272522, AccVa: 0.878000020980835, CeTr: 0.258586585521698, CeVa: 0.48792436718940735
Epoch: 8, AccTr: 0.9225000143051147, AccVa: 0.8790000081062317, CeTr: 0.24753369390964508, CeVa: 0.44999054074287415
Epoch: 9, AccTr: 0.9222999811172485, AccVa: 0.8830000162124634, CeTr: 0.25177958607673645, CeVa: 0.4810596704483032
Epoch: 10, AccTr: 0.9196000099182129, AccVa: 0.8765000104904175, CeTr: 0.2463676482439041, CeVa: 0.45463815331459045
ENSEMBLE | Tr_Acc: 0.9526000022888184, Tr_CE: 0.14737887680530548, Va_Acc: 0.9120000004768372, Va_CE: 0.3245443105697632
Epoch: 11, AccTr: 0.920799970626831, AccVa: 0.8849999904632568, CeTr: 0.25582000613212585, CeVa: 0.44275492429733276
Epoch: 12, AccTr: 0.9200000166893005, AccVa: 0.8730000257492065, CeTr: 0.2534273862838745, CeVa: 0.5144217014312744
Epoch: 13, AccTr: 0.9222999811172485, AccVa: 0.8815000057220459, CeTr: 0.2567918598651886, CeVa: 0.47326162457466125
Epoch: 14, AccTr: 0.9261999726295471, AccVa: 0.875, CeTr: 0.24665141105651855, CeVa: 0.49841243028640747
Epoch: 15, AccTr: 0.9182000160217285, AccVa: 0.8790000081062317, CeTr: 0.26013311743736267, CeVa: 0.48949378728866577
ENSEMBLE | Tr_Acc: 0.9614999890327454, Tr_CE: 0.11867261677980423, Va_Acc: 0.9244999885559082, Va_CE: 0.28453728556632996
Epoch: 16, AccTr: 0.9221000075340271, AccVa: 0.8824999928474426, CeTr: 0.25390878319740295, CeVa: 0.48092120885849
Epoch: 17, AccTr: 0.9180999994277954, AccVa: 0.8784999847412109, CeTr: 0.25313514471054077, CeVa: 0.46419283747673035
Epoch: 18, AccTr: 0.921500027179718, AccVa: 0.8715000152587891, CeTr: 0.26291143894195557, CeVa: 0.5049658417701721
Epoch: 19, AccTr: 0.9226999878883362, AccVa: 0.8855000138282776, CeTr: 0.25316113233566284, CeVa: 0.44437873363494873
Epoch: 20, AccTr: 0.9211999773979187, AccVa: 0.8914999961853027, CeTr: 0.25919434428215027, CeVa: 0.4413347840309143
ENSEMBLE | Tr_Acc: 0.9645000100135803, Tr_CE: 0.1067010760307312, Va_Acc: 0.9294999837875366, Va_CE: 0.2631116211414337
Epoch: 21, AccTr: 0.9226999878883362, AccVa: 0.8799999952316284, CeTr: 0.2533186376094818, CeVa: 0.45888087153434753
Epoch: 22, AccTr: 0.9189000129699707, AccVa: 0.8824999928474426, CeTr: 0.2520514130592346, CeVa: 0.46352458000183105
Epoch: 23, AccTr: 0.9205999970436096, AccVa: 0.8790000081062317, CeTr: 0.2518214285373688, CeVa: 0.47675496339797974
Epoch: 24, AccTr: 0.9225999712944031, AccVa: 0.8859999775886536, CeTr: 0.24961645901203156, CeVa: 0.48059022426605225
Epoch: 25, AccTr: 0.9258000254631042, AccVa: 0.8865000009536743, CeTr: 0.23158720135688782, CeVa: 0.45093512535095215
ENSEMBLE | Tr_Acc: 0.9674000144004822, Tr_CE: 0.09610696882009506, Va_Acc: 0.9300000071525574, Va_CE: 0.2505916953086853
Epoch: 26, AccTr: 0.9229000210762024, AccVa: 0.8840000033378601, CeTr: 0.256193071603775, CeVa: 0.46816179156303406
Epoch: 27, AccTr: 0.925599992275238, AccVa: 0.8799999952316284, CeTr: 0.24757860600948334, CeVa: 0.4830411672592163
Epoch: 28, AccTr: 0.9192000031471252, AccVa: 0.8930000066757202, CeTr: 0.25562334060668945, CeVa: 0.46504077315330505
Epoch: 29, AccTr: 0.9225000143051147, AccVa: 0.878000020980835, CeTr: 0.2529480457305908, CeVa: 0.4620884954929352
Epoch: 30, AccTr: 0.9215999841690063, AccVa: 0.8884999752044678, CeTr: 0.264126181602478, CeVa: 0.46308815479278564
ENSEMBLE | Tr_Acc: 0.968999981880188, Tr_CE: 0.09216423332691193, Va_Acc: 0.9330000281333923, Va_CE: 0.24478989839553833
Epoch: 31, AccTr: 0.9222999811172485, AccVa: 0.8855000138282776, CeTr: 0.2580034136772156, CeVa: 0.48785948753356934
Epoch: 32, AccTr: 0.921500027179718, AccVa: 0.8899999856948853, CeTr: 0.264945924282074, CeVa: 0.4326338768005371
Epoch: 33, AccTr: 0.9240000247955322, AccVa: 0.8899999856948853, CeTr: 0.25473853945732117, CeVa: 0.4478033781051636
Epoch: 34, AccTr: 0.9175000190734863, AccVa: 0.887499988079071, CeTr: 0.25918063521385193, CeVa: 0.4444984197616577
Epoch: 35, AccTr: 0.9215999841690063, AccVa: 0.875, CeTr: 0.2595127522945404, CeVa: 0.47776830196380615
ENSEMBLE | Tr_Acc: 0.9699000120162964, Tr_CE: 0.08923804759979248, Va_Acc: 0.9359999895095825, Va_CE: 0.2363128513097763
Epoch: 36, AccTr: 0.9193000197410583, AccVa: 0.8889999985694885, CeTr: 0.2593667507171631, CeVa: 0.43515777587890625
Epoch: 37, AccTr: 0.9196000099182129, AccVa: 0.8705000281333923, CeTr: 0.25311070680618286, CeVa: 0.5083367824554443
Epoch: 38, AccTr: 0.9218000173568726, AccVa: 0.8859999775886536, CeTr: 0.24465952813625336, CeVa: 0.45311829447746277
Epoch: 39, AccTr: 0.9211000204086304, AccVa: 0.8820000290870667, CeTr: 0.2503569424152374, CeVa: 0.46769946813583374
Epoch: 40, AccTr: 0.9218000173568726, AccVa: 0.8790000081062317, CeTr: 0.2566629648208618, CeVa: 0.48387694358825684
ENSEMBLE | Tr_Acc: 0.9707000255584717, Tr_CE: 0.08629659563302994, Va_Acc: 0.9350000023841858, Va_CE: 0.23132619261741638
Epoch: 41, AccTr: 0.916100025177002, AccVa: 0.8884999752044678, CeTr: 0.2652726471424103, CeVa: 0.4877426326274872
Epoch: 42, AccTr: 0.916700005531311, AccVa: 0.8845000267028809, CeTr: 0.26884934306144714, CeVa: 0.4388682544231415
Epoch: 43, AccTr: 0.9212999939918518, AccVa: 0.8820000290870667, CeTr: 0.2543574273586273, CeVa: 0.4844309389591217
Epoch: 44, AccTr: 0.9265999794006348, AccVa: 0.8865000009536743, CeTr: 0.23915590345859528, CeVa: 0.46235978603363037
Epoch: 45, AccTr: 0.920199990272522, AccVa: 0.8820000290870667, CeTr: 0.25465521216392517, CeVa: 0.46393051743507385
ENSEMBLE | Tr_Acc: 0.9722999930381775, Tr_CE: 0.0840107724070549, Va_Acc: 0.9390000104904175, Va_CE: 0.2277672439813614
Epoch: 46, AccTr: 0.9178000092506409, AccVa: 0.8774999976158142, CeTr: 0.26299041509628296, CeVa: 0.5346992611885071
Epoch: 47, AccTr: 0.9236999750137329, AccVa: 0.8725000023841858, CeTr: 0.25663477182388306, CeVa: 0.4929061233997345
Epoch: 48, AccTr: 0.9200999736785889, AccVa: 0.8805000185966492, CeTr: 0.2682872414588928, CeVa: 0.4828944206237793
Epoch: 49, AccTr: 0.9223999977111816, AccVa: 0.8744999766349792, CeTr: 0.2620769441127777, CeVa: 0.4860585927963257
Epoch: 50, AccTr: 0.920199990272522, AccVa: 0.887499988079071, CeTr: 0.25504234433174133, CeVa: 0.42556414008140564
ENSEMBLE | Tr_Acc: 0.972599983215332, Tr_CE: 0.0823003426194191, Va_Acc: 0.9415000081062317, Va_CE: 0.22327764332294464
NN CONFIG
Weight-type:		ternary
Layout									Layer #1: 250	Layer #2: 220	
Activation Functions					Layer #1: ets	Layer #2: ets	
Keep probabilities		Layer #0: 1.0	Layer #1: 1.0	Layer #2: 1.0	
Flat factors							Layer #1: 1.0	Layer #2: 1.0	Layer #3: 1.0	
Activation Noise						Layer #1: 0.1	Layer #2: 0.1	Layer #3: 0.0	
Prior: 0.8

===================================

RUN CONFIG
Epochs: 50, Blocksize: 4

===================================

Input binarization: False
Epoch: 1, AccTr: 0.9193999767303467, AccVa: 0.8930000066757202, CeTr: 0.28220880031585693, CeVa: 0.4120118021965027
Epoch: 2, AccTr: 0.9174000024795532, AccVa: 0.8840000033378601, CeTr: 0.2740955054759979, CeVa: 0.45862093567848206
Epoch: 3, AccTr: 0.9218999743461609, AccVa: 0.890999972820282, CeTr: 0.25776299834251404, CeVa: 0.46358829736709595
Epoch: 4, AccTr: 0.9175000190734863, AccVa: 0.8880000114440918, CeTr: 0.27708661556243896, CeVa: 0.4552585780620575
Epoch: 5, AccTr: 0.9251999855041504, AccVa: 0.890500009059906, CeTr: 0.2565916180610657, CeVa: 0.44322314858436584
ENSEMBLE | Tr_Acc: 0.9251999855041504, Tr_CE: 0.2565916180610657, Va_Acc: 0.890500009059906, Va_CE: 0.44322314858436584
Epoch: 6, AccTr: 0.9200999736785889, AccVa: 0.8820000290870667, CeTr: 0.24784880876541138, CeVa: 0.4814976751804352
Epoch: 7, AccTr: 0.9217000007629395, AccVa: 0.8855000138282776, CeTr: 0.2580659091472626, CeVa: 0.523381233215332
Epoch: 8, AccTr: 0.9215999841690063, AccVa: 0.8855000138282776, CeTr: 0.2616330683231354, CeVa: 0.48630738258361816
Epoch: 9, AccTr: 0.9233999848365784, AccVa: 0.8830000162124634, CeTr: 0.2483832985162735, CeVa: 0.4482351243495941
Epoch: 10, AccTr: 0.9222000241279602, AccVa: 0.8849999904632568, CeTr: 0.26028355956077576, CeVa: 0.49179500341415405
ENSEMBLE | Tr_Acc: 0.953000009059906, Tr_CE: 0.15104199945926666, Va_Acc: 0.9160000085830688, Va_CE: 0.33849555253982544
Epoch: 11, AccTr: 0.9200000166893005, AccVa: 0.8964999914169312, CeTr: 0.25599339604377747, CeVa: 0.4259665012359619
Epoch: 12, AccTr: 0.9179999828338623, AccVa: 0.8920000195503235, CeTr: 0.2705792486667633, CeVa: 0.4244699776172638
Epoch: 13, AccTr: 0.9251000285148621, AccVa: 0.8865000009536743, CeTr: 0.2441750019788742, CeVa: 0.4437771737575531
Epoch: 14, AccTr: 0.9235000014305115, AccVa: 0.8884999752044678, CeTr: 0.25779953598976135, CeVa: 0.4580064117908478
Epoch: 15, AccTr: 0.9246000051498413, AccVa: 0.8845000267028809, CeTr: 0.2462874948978424, CeVa: 0.4273884892463684
ENSEMBLE | Tr_Acc: 0.9621999859809875, Tr_CE: 0.12015201151371002, Va_Acc: 0.9284999966621399, Va_CE: 0.2824058532714844
Epoch: 16, AccTr: 0.926800012588501, AccVa: 0.8815000057220459, CeTr: 0.2463044971227646, CeVa: 0.501606285572052
Epoch: 17, AccTr: 0.9253000020980835, AccVa: 0.8824999928474426, CeTr: 0.25751814246177673, CeVa: 0.53509122133255
Epoch: 18, AccTr: 0.9243999719619751, AccVa: 0.887499988079071, CeTr: 0.2479352504014969, CeVa: 0.4691683351993561
Epoch: 19, AccTr: 0.9233999848365784, AccVa: 0.8809999823570251, CeTr: 0.25428348779678345, CeVa: 0.48253315687179565
Epoch: 20, AccTr: 0.921500027179718, AccVa: 0.8859999775886536, CeTr: 0.2486756145954132, CeVa: 0.45756620168685913
ENSEMBLE | Tr_Acc: 0.9657999873161316, Tr_CE: 0.10437966138124466, Va_Acc: 0.9319999814033508, Va_CE: 0.2665267586708069
Epoch: 21, AccTr: 0.9208999872207642, AccVa: 0.8840000033378601, CeTr: 0.25018906593322754, CeVa: 0.48677152395248413
Epoch: 22, AccTr: 0.9226999878883362, AccVa: 0.8834999799728394, CeTr: 0.24555422365665436, CeVa: 0.5121880769729614
Epoch: 23, AccTr: 0.9214000105857849, AccVa: 0.8815000057220459, CeTr: 0.2594924867153168, CeVa: 0.4916694164276123
Epoch: 24, AccTr: 0.9232000112533569, AccVa: 0.890500009059906, CeTr: 0.2397480010986328, CeVa: 0.44842052459716797
Epoch: 25, AccTr: 0.9205999970436096, AccVa: 0.887499988079071, CeTr: 0.2506818175315857, CeVa: 0.4712921977043152
ENSEMBLE | Tr_Acc: 0.9674999713897705, Tr_CE: 0.09707009047269821, Va_Acc: 0.9325000047683716, Va_CE: 0.25526684522628784
Epoch: 26, AccTr: 0.9208999872207642, AccVa: 0.890500009059906, CeTr: 0.26125314831733704, CeVa: 0.43548181653022766
Epoch: 27, AccTr: 0.9228000044822693, AccVa: 0.8759999871253967, CeTr: 0.24526967108249664, CeVa: 0.46282684803009033
Epoch: 28, AccTr: 0.9217000007629395, AccVa: 0.8824999928474426, CeTr: 0.2624967098236084, CeVa: 0.49334385991096497
Epoch: 29, AccTr: 0.9254999756813049, AccVa: 0.8960000276565552, CeTr: 0.24419763684272766, CeVa: 0.45312076807022095
Epoch: 30, AccTr: 0.9226999878883362, AccVa: 0.8840000033378601, CeTr: 0.2488594502210617, CeVa: 0.4888151288032532
ENSEMBLE | Tr_Acc: 0.9714000225067139, Tr_CE: 0.08991881459951401, Va_Acc: 0.934499979019165, Va_CE: 0.2475060373544693
Epoch: 31, AccTr: 0.9223999977111816, AccVa: 0.8834999799728394, CeTr: 0.25479286909103394, CeVa: 0.48221564292907715
Epoch: 32, AccTr: 0.9265999794006348, AccVa: 0.8870000243186951, CeTr: 0.24026718735694885, CeVa: 0.501140296459198
Epoch: 33, AccTr: 0.9275000095367432, AccVa: 0.8855000138282776, CeTr: 0.23980088531970978, CeVa: 0.4533959925174713
Epoch: 34, AccTr: 0.9271000027656555, AccVa: 0.8834999799728394, CeTr: 0.23770253360271454, CeVa: 0.5015370845794678
Epoch: 35, AccTr: 0.9254000186920166, AccVa: 0.8805000185966492, CeTr: 0.24053549766540527, CeVa: 0.5252808332443237
ENSEMBLE | Tr_Acc: 0.9726999998092651, Tr_CE: 0.08571639657020569, Va_Acc: 0.934499979019165, Va_CE: 0.24747629463672638
Epoch: 36, AccTr: 0.9168999791145325, AccVa: 0.875, CeTr: 0.2606085538864136, CeVa: 0.5288087129592896
Epoch: 37, AccTr: 0.921999990940094, AccVa: 0.8725000023841858, CeTr: 0.25945839285850525, CeVa: 0.545869767665863
Epoch: 38, AccTr: 0.9240000247955322, AccVa: 0.8774999976158142, CeTr: 0.2547692358493805, CeVa: 0.5040872693061829
Epoch: 39, AccTr: 0.9225000143051147, AccVa: 0.8840000033378601, CeTr: 0.2564510107040405, CeVa: 0.45827236771583557
Epoch: 40, AccTr: 0.9246000051498413, AccVa: 0.8805000185966492, CeTr: 0.23586750030517578, CeVa: 0.4759575426578522
ENSEMBLE | Tr_Acc: 0.9732000231742859, Tr_CE: 0.08280833810567856, Va_Acc: 0.9355000257492065, Va_CE: 0.24216754734516144
Epoch: 41, AccTr: 0.92330002784729, AccVa: 0.8759999871253967, CeTr: 0.2572481632232666, CeVa: 0.48396843671798706
Epoch: 42, AccTr: 0.9211999773979187, AccVa: 0.878000020980835, CeTr: 0.25913387537002563, CeVa: 0.4925837814807892
Epoch: 43, AccTr: 0.9265999794006348, AccVa: 0.8895000219345093, CeTr: 0.23285898566246033, CeVa: 0.4619098901748657
Epoch: 44, AccTr: 0.9215999841690063, AccVa: 0.8809999823570251, CeTr: 0.2443845421075821, CeVa: 0.470058411359787
Epoch: 45, AccTr: 0.9221000075340271, AccVa: 0.8870000243186951, CeTr: 0.25645911693573, CeVa: 0.45676830410957336
ENSEMBLE | Tr_Acc: 0.9743000268936157, Tr_CE: 0.08071776479482651, Va_Acc: 0.9394999742507935, Va_CE: 0.23629511892795563
Epoch: 46, AccTr: 0.9248999953269958, AccVa: 0.8834999799728394, CeTr: 0.25395268201828003, CeVa: 0.4767809510231018
Epoch: 47, AccTr: 0.9218999743461609, AccVa: 0.8845000267028809, CeTr: 0.2540426552295685, CeVa: 0.45931366086006165
Epoch: 48, AccTr: 0.9247999787330627, AccVa: 0.8784999847412109, CeTr: 0.243300661444664, CeVa: 0.46900537610054016
Epoch: 49, AccTr: 0.9248999953269958, AccVa: 0.8755000233650208, CeTr: 0.24642778933048248, CeVa: 0.5098706483840942
Epoch: 50, AccTr: 0.9258999824523926, AccVa: 0.8815000057220459, CeTr: 0.24101941287517548, CeVa: 0.478935182094574
ENSEMBLE | Tr_Acc: 0.9743000268936157, Tr_CE: 0.07869087904691696, Va_Acc: 0.9394999742507935, Va_CE: 0.23297066986560822
Mod Accuracy || Mean: 0.8846250176429749	 Std: 0.002459031529724598
Ens Accuracy || Mean: 0.9397499561309814	 Std: 0.00108973472379148
Mod CE || Mean: 0.4624684453010559	 Std: 0.025093741714954376
Ens CE || Mean: 0.2334270030260086	 Std: 0.007684651762247086
