NN CONFIG
Weight-type:		ternary
Layout									Layer #1: 250	Layer #2: 220	
Activation Functions					Layer #1: ets	Layer #2: ets	
Keep probabilities		Layer #0: 1.0	Layer #1: 1.0	Layer #2: 1.0	
Flat factors							Layer #1: 1.0	Layer #2: 1.0	Layer #3: 1.0	
Activation Noise						Layer #1: 0.1	Layer #2: 0.1	Layer #3: 0.0	
Prior: 0.8

===================================

RUN CONFIG
Epochs: 50, Blocksize: 4

===================================

Input binarization: False
Epoch: 1, AccTr: 0.8763999938964844, AccVa: 0.8634999990463257, CeTr: 0.4840269088745117, CeVa: 0.6368035078048706
Epoch: 2, AccTr: 0.8863999843597412, AccVa: 0.8500000238418579, CeTr: 0.43237870931625366, CeVa: 0.6437854170799255
Epoch: 3, AccTr: 0.8944000005722046, AccVa: 0.8665000200271606, CeTr: 0.39951515197753906, CeVa: 0.6205312609672546
Epoch: 4, AccTr: 0.8884000182151794, AccVa: 0.8525000214576721, CeTr: 0.40803319215774536, CeVa: 0.6020036339759827
Epoch: 5, AccTr: 0.8877999782562256, AccVa: 0.8495000004768372, CeTr: 0.40618664026260376, CeVa: 0.6196607351303101
ENSEMBLE | Tr_Acc: 0.8877999782562256, Tr_CE: 0.40618664026260376, Va_Acc: 0.8495000004768372, Va_CE: 0.6196607351303101
Epoch: 6, AccTr: 0.8906000256538391, AccVa: 0.8560000061988831, CeTr: 0.39496761560440063, CeVa: 0.6234298348426819
Epoch: 7, AccTr: 0.8950999975204468, AccVa: 0.8550000190734863, CeTr: 0.37401527166366577, CeVa: 0.6214451193809509
Epoch: 8, AccTr: 0.8935999870300293, AccVa: 0.8544999957084656, CeTr: 0.39761656522750854, CeVa: 0.6122794151306152
Epoch: 9, AccTr: 0.8880000114440918, AccVa: 0.8544999957084656, CeTr: 0.3889485001564026, CeVa: 0.6161134839057922
Epoch: 10, AccTr: 0.8956000208854675, AccVa: 0.8694999814033508, CeTr: 0.3633156418800354, CeVa: 0.5904015302658081
ENSEMBLE | Tr_Acc: 0.9330999851226807, Tr_CE: 0.22334623336791992, Va_Acc: 0.8934999704360962, Va_CE: 0.41005533933639526
Epoch: 11, AccTr: 0.8892999887466431, AccVa: 0.8669999837875366, CeTr: 0.3922283351421356, CeVa: 0.5724737644195557
Epoch: 12, AccTr: 0.8985000252723694, AccVa: 0.8514999747276306, CeTr: 0.3616954982280731, CeVa: 0.6080127954483032
Epoch: 13, AccTr: 0.8996000289916992, AccVa: 0.8519999980926514, CeTr: 0.35947343707084656, CeVa: 0.5961642265319824
Epoch: 14, AccTr: 0.8978000283241272, AccVa: 0.8600000143051147, CeTr: 0.37073856592178345, CeVa: 0.559326171875
Epoch: 15, AccTr: 0.8966000080108643, AccVa: 0.8575000166893005, CeTr: 0.3660992681980133, CeVa: 0.616523802280426
ENSEMBLE | Tr_Acc: 0.9466999769210815, Tr_CE: 0.17195820808410645, Va_Acc: 0.9120000004768372, Va_CE: 0.35555604100227356
Epoch: 16, AccTr: 0.8986999988555908, AccVa: 0.8569999933242798, CeTr: 0.3618660271167755, CeVa: 0.6456104516983032
Epoch: 17, AccTr: 0.8949999809265137, AccVa: 0.8579999804496765, CeTr: 0.3659006953239441, CeVa: 0.630262553691864
Epoch: 18, AccTr: 0.8999000191688538, AccVa: 0.8529999852180481, CeTr: 0.35505709052085876, CeVa: 0.6067522764205933
Epoch: 19, AccTr: 0.9003999829292297, AccVa: 0.8634999990463257, CeTr: 0.3538779318332672, CeVa: 0.645404040813446
Epoch: 20, AccTr: 0.9025999903678894, AccVa: 0.8519999980926514, CeTr: 0.35237857699394226, CeVa: 0.6296771764755249
ENSEMBLE | Tr_Acc: 0.9544000029563904, Tr_CE: 0.14698322117328644, Va_Acc: 0.9185000061988831, Va_CE: 0.32569295167922974
Epoch: 21, AccTr: 0.899399995803833, AccVa: 0.859499990940094, CeTr: 0.34103140234947205, CeVa: 0.6146200895309448
Epoch: 22, AccTr: 0.8986999988555908, AccVa: 0.8629999756813049, CeTr: 0.3602890372276306, CeVa: 0.5955866575241089
Epoch: 23, AccTr: 0.8980000019073486, AccVa: 0.8585000038146973, CeTr: 0.35788363218307495, CeVa: 0.6164356470108032
Epoch: 24, AccTr: 0.8935999870300293, AccVa: 0.8604999780654907, CeTr: 0.38422906398773193, CeVa: 0.5868165493011475
Epoch: 25, AccTr: 0.8937000036239624, AccVa: 0.8654999732971191, CeTr: 0.37574124336242676, CeVa: 0.5914552211761475
ENSEMBLE | Tr_Acc: 0.9577999711036682, Tr_CE: 0.13498395681381226, Va_Acc: 0.9240000247955322, Va_CE: 0.3102632761001587
Epoch: 26, AccTr: 0.8967000246047974, AccVa: 0.8705000281333923, CeTr: 0.3810938596725464, CeVa: 0.5966306328773499
Epoch: 27, AccTr: 0.8901000022888184, AccVa: 0.8464999794960022, CeTr: 0.3833707869052887, CeVa: 0.6367692351341248
Epoch: 28, AccTr: 0.9002000093460083, AccVa: 0.8665000200271606, CeTr: 0.3638341426849365, CeVa: 0.5797576308250427
Epoch: 29, AccTr: 0.8986999988555908, AccVa: 0.8565000295639038, CeTr: 0.35786837339401245, CeVa: 0.5958788990974426
Epoch: 30, AccTr: 0.902899980545044, AccVa: 0.8610000014305115, CeTr: 0.3374141454696655, CeVa: 0.5954316258430481
ENSEMBLE | Tr_Acc: 0.9616000056266785, Tr_CE: 0.12478836625814438, Va_Acc: 0.9229999780654907, Va_CE: 0.2961918115615845
Epoch: 31, AccTr: 0.8967000246047974, AccVa: 0.8600000143051147, CeTr: 0.36391961574554443, CeVa: 0.6242386698722839
Epoch: 32, AccTr: 0.8952000141143799, AccVa: 0.8565000295639038, CeTr: 0.36909976601600647, CeVa: 0.6141999959945679
Epoch: 33, AccTr: 0.8982999920845032, AccVa: 0.8575000166893005, CeTr: 0.3624161183834076, CeVa: 0.6012938618659973
Epoch: 34, AccTr: 0.9006999731063843, AccVa: 0.8604999780654907, CeTr: 0.34416139125823975, CeVa: 0.545283854007721
Epoch: 35, AccTr: 0.8959000110626221, AccVa: 0.8539999723434448, CeTr: 0.3734264373779297, CeVa: 0.6014073491096497
ENSEMBLE | Tr_Acc: 0.9621000289916992, Tr_CE: 0.11857341229915619, Va_Acc: 0.9235000014305115, Va_CE: 0.2867165207862854
Epoch: 36, AccTr: 0.9013000130653381, AccVa: 0.8740000128746033, CeTr: 0.35073062777519226, CeVa: 0.5560993552207947
Epoch: 37, AccTr: 0.9009000062942505, AccVa: 0.8575000166893005, CeTr: 0.3494938910007477, CeVa: 0.6650091409683228
Epoch: 38, AccTr: 0.8988999724388123, AccVa: 0.8529999852180481, CeTr: 0.37002378702163696, CeVa: 0.6331157088279724
Epoch: 39, AccTr: 0.9014000296592712, AccVa: 0.8585000038146973, CeTr: 0.35191792249679565, CeVa: 0.6562731266021729
Epoch: 40, AccTr: 0.9031000137329102, AccVa: 0.8550000190734863, CeTr: 0.35574257373809814, CeVa: 0.634548544883728
ENSEMBLE | Tr_Acc: 0.9623000025749207, Tr_CE: 0.1150960922241211, Va_Acc: 0.9235000014305115, Va_CE: 0.28156137466430664
Epoch: 41, AccTr: 0.9014999866485596, AccVa: 0.8610000014305115, CeTr: 0.3544439673423767, CeVa: 0.6368788480758667
Epoch: 42, AccTr: 0.8948000073432922, AccVa: 0.871999979019165, CeTr: 0.36978548765182495, CeVa: 0.5806950330734253
Epoch: 43, AccTr: 0.9013000130653381, AccVa: 0.859000027179718, CeTr: 0.3481150269508362, CeVa: 0.6742410659790039
Epoch: 44, AccTr: 0.9020000100135803, AccVa: 0.8629999756813049, CeTr: 0.33619892597198486, CeVa: 0.646115243434906
Epoch: 45, AccTr: 0.9010999798774719, AccVa: 0.8565000295639038, CeTr: 0.3393065929412842, CeVa: 0.5836491584777832
ENSEMBLE | Tr_Acc: 0.9646999835968018, Tr_CE: 0.11019467562437057, Va_Acc: 0.9265000224113464, Va_CE: 0.2745780944824219
Epoch: 46, AccTr: 0.8967000246047974, AccVa: 0.8529999852180481, CeTr: 0.36329808831214905, CeVa: 0.6709648370742798
Epoch: 47, AccTr: 0.9065999984741211, AccVa: 0.859000027179718, CeTr: 0.3355880677700043, CeVa: 0.6151332855224609
Epoch: 48, AccTr: 0.9010999798774719, AccVa: 0.8650000095367432, CeTr: 0.35837408900260925, CeVa: 0.5873004198074341
Epoch: 49, AccTr: 0.9063000082969666, AccVa: 0.8705000281333923, CeTr: 0.3295380473136902, CeVa: 0.5842909216880798
Epoch: 50, AccTr: 0.9049000144004822, AccVa: 0.8644999861717224, CeTr: 0.32332441210746765, CeVa: 0.5898289084434509
ENSEMBLE | Tr_Acc: 0.9672999978065491, Tr_CE: 0.10520005226135254, Va_Acc: 0.9294999837875366, Va_CE: 0.27108559012413025
NN CONFIG
Weight-type:		ternary
Layout									Layer #1: 250	Layer #2: 220	
Activation Functions					Layer #1: ets	Layer #2: ets	
Keep probabilities		Layer #0: 1.0	Layer #1: 1.0	Layer #2: 1.0	
Flat factors							Layer #1: 1.0	Layer #2: 1.0	Layer #3: 1.0	
Activation Noise						Layer #1: 0.1	Layer #2: 0.1	Layer #3: 0.0	
Prior: 0.8

===================================

RUN CONFIG
Epochs: 50, Blocksize: 4

===================================

Input binarization: False
Epoch: 1, AccTr: 0.8844000101089478, AccVa: 0.8675000071525574, CeTr: 0.45310521125793457, CeVa: 0.596023440361023
Epoch: 2, AccTr: 0.8884000182151794, AccVa: 0.8579999804496765, CeTr: 0.4177793562412262, CeVa: 0.5979894995689392
Epoch: 3, AccTr: 0.8967999815940857, AccVa: 0.8575000166893005, CeTr: 0.38250210881233215, CeVa: 0.6169294714927673
Epoch: 4, AccTr: 0.8934999704360962, AccVa: 0.8529999852180481, CeTr: 0.3861723244190216, CeVa: 0.6135281920433044
Epoch: 5, AccTr: 0.9003999829292297, AccVa: 0.8610000014305115, CeTr: 0.35703861713409424, CeVa: 0.5928237438201904
ENSEMBLE | Tr_Acc: 0.9003999829292297, Tr_CE: 0.35703861713409424, Va_Acc: 0.8610000014305115, Va_CE: 0.5928237438201904
Epoch: 6, AccTr: 0.9006999731063843, AccVa: 0.8539999723434448, CeTr: 0.3362654745578766, CeVa: 0.5792762637138367
Epoch: 7, AccTr: 0.9003999829292297, AccVa: 0.8679999709129333, CeTr: 0.34356871247291565, CeVa: 0.530005931854248
Epoch: 8, AccTr: 0.8981999754905701, AccVa: 0.8744999766349792, CeTr: 0.37632834911346436, CeVa: 0.53621506690979
Epoch: 9, AccTr: 0.9024999737739563, AccVa: 0.8619999885559082, CeTr: 0.34086546301841736, CeVa: 0.5614831447601318
Epoch: 10, AccTr: 0.8967999815940857, AccVa: 0.8585000038146973, CeTr: 0.35455772280693054, CeVa: 0.5463102459907532
ENSEMBLE | Tr_Acc: 0.9347000122070312, Tr_CE: 0.21377317607402802, Va_Acc: 0.9049999713897705, Va_CE: 0.37940892577171326
Epoch: 11, AccTr: 0.8999000191688538, AccVa: 0.8650000095367432, CeTr: 0.33827513456344604, CeVa: 0.5460895299911499
Epoch: 12, AccTr: 0.8973000049591064, AccVa: 0.8675000071525574, CeTr: 0.34820541739463806, CeVa: 0.529779314994812
Epoch: 13, AccTr: 0.8952999711036682, AccVa: 0.8634999990463257, CeTr: 0.3614232540130615, CeVa: 0.5366986989974976
Epoch: 14, AccTr: 0.8916000127792358, AccVa: 0.8569999933242798, CeTr: 0.3756096065044403, CeVa: 0.5902462005615234
Epoch: 15, AccTr: 0.900600016117096, AccVa: 0.8604999780654907, CeTr: 0.3620644211769104, CeVa: 0.5671860575675964
ENSEMBLE | Tr_Acc: 0.9505000114440918, Tr_CE: 0.17143841087818146, Va_Acc: 0.9129999876022339, Va_CE: 0.32981500029563904
Epoch: 16, AccTr: 0.9039999842643738, AccVa: 0.8575000166893005, CeTr: 0.34645697474479675, CeVa: 0.5676682591438293
Epoch: 17, AccTr: 0.9021999835968018, AccVa: 0.8510000109672546, CeTr: 0.341280996799469, CeVa: 0.5823427438735962
Epoch: 18, AccTr: 0.8980000019073486, AccVa: 0.8544999957084656, CeTr: 0.3545771837234497, CeVa: 0.583472728729248
Epoch: 19, AccTr: 0.894599974155426, AccVa: 0.8510000109672546, CeTr: 0.3615334928035736, CeVa: 0.5895063281059265
Epoch: 20, AccTr: 0.8988000154495239, AccVa: 0.8475000262260437, CeTr: 0.3540121018886566, CeVa: 0.6365653276443481
ENSEMBLE | Tr_Acc: 0.9560999870300293, Tr_CE: 0.14957594871520996, Va_Acc: 0.9194999933242798, Va_CE: 0.31844469904899597
Epoch: 21, AccTr: 0.8978000283241272, AccVa: 0.8519999980926514, CeTr: 0.3370300829410553, CeVa: 0.6309720873832703
Epoch: 22, AccTr: 0.8995000123977661, AccVa: 0.8694999814033508, CeTr: 0.35008475184440613, CeVa: 0.5489580035209656
Epoch: 23, AccTr: 0.8931000232696533, AccVa: 0.8569999933242798, CeTr: 0.35175809264183044, CeVa: 0.5710601806640625
Epoch: 24, AccTr: 0.8944000005722046, AccVa: 0.8610000014305115, CeTr: 0.3611578047275543, CeVa: 0.5714651942253113
Epoch: 25, AccTr: 0.8996000289916992, AccVa: 0.8565000295639038, CeTr: 0.34446442127227783, CeVa: 0.5727462768554688
ENSEMBLE | Tr_Acc: 0.960099995136261, Tr_CE: 0.1357346475124359, Va_Acc: 0.9265000224113464, Va_CE: 0.2975057363510132
Epoch: 26, AccTr: 0.8981000185012817, AccVa: 0.8679999709129333, CeTr: 0.350711852312088, CeVa: 0.5701045989990234
Epoch: 27, AccTr: 0.8981000185012817, AccVa: 0.8600000143051147, CeTr: 0.360686331987381, CeVa: 0.5982975959777832
Epoch: 28, AccTr: 0.8934000134468079, AccVa: 0.8679999709129333, CeTr: 0.3549480736255646, CeVa: 0.5685198903083801
Epoch: 29, AccTr: 0.8931999802589417, AccVa: 0.859499990940094, CeTr: 0.35390332341194153, CeVa: 0.5659363269805908
Epoch: 30, AccTr: 0.8956999778747559, AccVa: 0.8705000281333923, CeTr: 0.37672632932662964, CeVa: 0.5348376631736755
ENSEMBLE | Tr_Acc: 0.9610999822616577, Tr_CE: 0.13047370314598083, Va_Acc: 0.9294999837875366, Va_CE: 0.28595536947250366
Epoch: 31, AccTr: 0.9013000130653381, AccVa: 0.862500011920929, CeTr: 0.34022876620292664, CeVa: 0.5630679726600647
Epoch: 32, AccTr: 0.894599974155426, AccVa: 0.8650000095367432, CeTr: 0.3403245508670807, CeVa: 0.5874162316322327
Epoch: 33, AccTr: 0.9003000259399414, AccVa: 0.8675000071525574, CeTr: 0.33684229850769043, CeVa: 0.5016240477561951
Epoch: 34, AccTr: 0.8970999717712402, AccVa: 0.871999979019165, CeTr: 0.3375524580478668, CeVa: 0.49555617570877075
Epoch: 35, AccTr: 0.8949000239372253, AccVa: 0.8575000166893005, CeTr: 0.33776065707206726, CeVa: 0.5544310808181763
ENSEMBLE | Tr_Acc: 0.9631999731063843, Tr_CE: 0.122788205742836, Va_Acc: 0.9304999709129333, Va_CE: 0.272287517786026
Epoch: 36, AccTr: 0.8978999853134155, AccVa: 0.8585000038146973, CeTr: 0.3444281220436096, CeVa: 0.56635582447052
Epoch: 37, AccTr: 0.8964999914169312, AccVa: 0.8675000071525574, CeTr: 0.34953489899635315, CeVa: 0.5399886965751648
Epoch: 38, AccTr: 0.8992000222206116, AccVa: 0.8644999861717224, CeTr: 0.34093719720840454, CeVa: 0.514394223690033
Epoch: 39, AccTr: 0.8974999785423279, AccVa: 0.8830000162124634, CeTr: 0.3444700241088867, CeVa: 0.5113704204559326
Epoch: 40, AccTr: 0.8959000110626221, AccVa: 0.8690000176429749, CeTr: 0.34595778584480286, CeVa: 0.5314723253250122
ENSEMBLE | Tr_Acc: 0.964900016784668, Tr_CE: 0.11678032577037811, Va_Acc: 0.9355000257492065, Va_CE: 0.25960907340049744
Epoch: 41, AccTr: 0.8970000147819519, AccVa: 0.862500011920929, CeTr: 0.3457951545715332, CeVa: 0.5519562363624573
Epoch: 42, AccTr: 0.9046000242233276, AccVa: 0.8669999837875366, CeTr: 0.3342716693878174, CeVa: 0.5866926908493042
Epoch: 43, AccTr: 0.9013000130653381, AccVa: 0.8539999723434448, CeTr: 0.34010499715805054, CeVa: 0.6028763651847839
Epoch: 44, AccTr: 0.8981000185012817, AccVa: 0.862500011920929, CeTr: 0.34938618540763855, CeVa: 0.5862745046615601
Epoch: 45, AccTr: 0.8985999822616577, AccVa: 0.8615000247955322, CeTr: 0.35057762265205383, CeVa: 0.5817057490348816
ENSEMBLE | Tr_Acc: 0.964900016784668, Tr_CE: 0.11293002963066101, Va_Acc: 0.9340000152587891, Va_CE: 0.25652435421943665
Epoch: 46, AccTr: 0.8938999772071838, AccVa: 0.859000027179718, CeTr: 0.34061315655708313, CeVa: 0.5655499696731567
Epoch: 47, AccTr: 0.8944000005722046, AccVa: 0.8640000224113464, CeTr: 0.3451691269874573, CeVa: 0.569733202457428
Epoch: 48, AccTr: 0.8977000117301941, AccVa: 0.8765000104904175, CeTr: 0.3443373739719391, CeVa: 0.5270211100578308
Epoch: 49, AccTr: 0.896399974822998, AccVa: 0.8654999732971191, CeTr: 0.3481132686138153, CeVa: 0.5345202684402466
Epoch: 50, AccTr: 0.9004999995231628, AccVa: 0.8679999709129333, CeTr: 0.3395226001739502, CeVa: 0.5525838732719421
ENSEMBLE | Tr_Acc: 0.9661999940872192, Tr_CE: 0.10929983109235764, Va_Acc: 0.9375, Va_CE: 0.2527250051498413
NN CONFIG
Weight-type:		ternary
Layout									Layer #1: 250	Layer #2: 220	
Activation Functions					Layer #1: ets	Layer #2: ets	
Keep probabilities		Layer #0: 1.0	Layer #1: 1.0	Layer #2: 1.0	
Flat factors							Layer #1: 1.0	Layer #2: 1.0	Layer #3: 1.0	
Activation Noise						Layer #1: 0.1	Layer #2: 0.1	Layer #3: 0.0	
Prior: 0.8

===================================

RUN CONFIG
Epochs: 50, Blocksize: 4

===================================

Input binarization: False
Epoch: 1, AccTr: 0.8745999932289124, AccVa: 0.8504999876022339, CeTr: 0.44622811675071716, CeVa: 0.5883004665374756
Epoch: 2, AccTr: 0.8848999738693237, AccVa: 0.8659999966621399, CeTr: 0.41069087386131287, CeVa: 0.5442229509353638
Epoch: 3, AccTr: 0.8913000226020813, AccVa: 0.8629999756813049, CeTr: 0.3856917917728424, CeVa: 0.5652684569358826
Epoch: 4, AccTr: 0.8960000276565552, AccVa: 0.871999979019165, CeTr: 0.363531231880188, CeVa: 0.5450567007064819
Epoch: 5, AccTr: 0.8959000110626221, AccVa: 0.8529999852180481, CeTr: 0.35636118054389954, CeVa: 0.6378648281097412
ENSEMBLE | Tr_Acc: 0.8959000110626221, Tr_CE: 0.35636118054389954, Va_Acc: 0.8529999852180481, Va_CE: 0.6378648281097412
Epoch: 6, AccTr: 0.8895999789237976, AccVa: 0.8529999852180481, CeTr: 0.38682225346565247, CeVa: 0.575747549533844
Epoch: 7, AccTr: 0.8920999765396118, AccVa: 0.8690000176429749, CeTr: 0.38734087347984314, CeVa: 0.54090416431427
Epoch: 8, AccTr: 0.890999972820282, AccVa: 0.8615000247955322, CeTr: 0.3706350028514862, CeVa: 0.6025838255882263
Epoch: 9, AccTr: 0.8938999772071838, AccVa: 0.8550000190734863, CeTr: 0.36367353796958923, CeVa: 0.5912906527519226
Epoch: 10, AccTr: 0.8970999717712402, AccVa: 0.8600000143051147, CeTr: 0.34866124391555786, CeVa: 0.5856452584266663
ENSEMBLE | Tr_Acc: 0.9344000220298767, Tr_CE: 0.20473967492580414, Va_Acc: 0.8895000219345093, Va_CE: 0.4329066574573517
Epoch: 11, AccTr: 0.8980000019073486, AccVa: 0.8615000247955322, CeTr: 0.3581635355949402, CeVa: 0.5790182948112488
Epoch: 12, AccTr: 0.8955000042915344, AccVa: 0.8585000038146973, CeTr: 0.3466358780860901, CeVa: 0.544011652469635
Epoch: 13, AccTr: 0.8967999815940857, AccVa: 0.8659999966621399, CeTr: 0.3365546762943268, CeVa: 0.5682771801948547
Epoch: 14, AccTr: 0.9002000093460083, AccVa: 0.8535000085830688, CeTr: 0.34153085947036743, CeVa: 0.5837443470954895
Epoch: 15, AccTr: 0.8998000025749207, AccVa: 0.8579999804496765, CeTr: 0.34124594926834106, CeVa: 0.5549289584159851
ENSEMBLE | Tr_Acc: 0.9470999836921692, Tr_CE: 0.16485153138637543, Va_Acc: 0.8995000123977661, Va_CE: 0.3683573305606842
Epoch: 16, AccTr: 0.8991000056266785, AccVa: 0.8565000295639038, CeTr: 0.3375113308429718, CeVa: 0.5689419507980347
Epoch: 17, AccTr: 0.9014000296592712, AccVa: 0.8740000128746033, CeTr: 0.3289889097213745, CeVa: 0.557567298412323
Epoch: 18, AccTr: 0.9038000106811523, AccVa: 0.8665000200271606, CeTr: 0.3273044526576996, CeVa: 0.5104681253433228
Epoch: 19, AccTr: 0.9010000228881836, AccVa: 0.8485000133514404, CeTr: 0.32996517419815063, CeVa: 0.5771729946136475
Epoch: 20, AccTr: 0.8978000283241272, AccVa: 0.8560000061988831, CeTr: 0.3607933521270752, CeVa: 0.5470566749572754
ENSEMBLE | Tr_Acc: 0.9532999992370605, Tr_CE: 0.147123783826828, Va_Acc: 0.9114999771118164, Va_CE: 0.33015668392181396
Epoch: 21, AccTr: 0.8992000222206116, AccVa: 0.8650000095367432, CeTr: 0.34411078691482544, CeVa: 0.5722359418869019
Epoch: 22, AccTr: 0.8996999859809875, AccVa: 0.8554999828338623, CeTr: 0.33643946051597595, CeVa: 0.5902641415596008
Epoch: 23, AccTr: 0.9082000255584717, AccVa: 0.859499990940094, CeTr: 0.32935866713523865, CeVa: 0.5723034739494324
Epoch: 24, AccTr: 0.9039000272750854, AccVa: 0.8615000247955322, CeTr: 0.3352389633655548, CeVa: 0.5390084385871887
Epoch: 25, AccTr: 0.8989999890327454, AccVa: 0.862500011920929, CeTr: 0.3414667844772339, CeVa: 0.5256420373916626
ENSEMBLE | Tr_Acc: 0.9573000073432922, Tr_CE: 0.1332818865776062, Va_Acc: 0.9175000190734863, Va_CE: 0.30233967304229736
Epoch: 26, AccTr: 0.8996000289916992, AccVa: 0.8654999732971191, CeTr: 0.3434562087059021, CeVa: 0.588138997554779
Epoch: 27, AccTr: 0.9009000062942505, AccVa: 0.8544999957084656, CeTr: 0.3440159857273102, CeVa: 0.6056362390518188
Epoch: 28, AccTr: 0.8985000252723694, AccVa: 0.859000027179718, CeTr: 0.34050431847572327, CeVa: 0.5954339504241943
Epoch: 29, AccTr: 0.8984000086784363, AccVa: 0.8460000157356262, CeTr: 0.34825026988983154, CeVa: 0.6578168869018555
Epoch: 30, AccTr: 0.900600016117096, AccVa: 0.862500011920929, CeTr: 0.3393653333187103, CeVa: 0.5523830056190491
ENSEMBLE | Tr_Acc: 0.9606999754905701, Tr_CE: 0.1244373545050621, Va_Acc: 0.9200000166893005, Va_CE: 0.29137369990348816
Epoch: 31, AccTr: 0.9023000001907349, AccVa: 0.8715000152587891, CeTr: 0.32304906845092773, CeVa: 0.5893931984901428
Epoch: 32, AccTr: 0.8934000134468079, AccVa: 0.8615000247955322, CeTr: 0.35383671522140503, CeVa: 0.5882576704025269
Epoch: 33, AccTr: 0.9021999835968018, AccVa: 0.8604999780654907, CeTr: 0.33815059065818787, CeVa: 0.5517401695251465
Epoch: 34, AccTr: 0.9059000015258789, AccVa: 0.8665000200271606, CeTr: 0.31308144330978394, CeVa: 0.5387436747550964
Epoch: 35, AccTr: 0.8985999822616577, AccVa: 0.8575000166893005, CeTr: 0.34260472655296326, CeVa: 0.5596611499786377
ENSEMBLE | Tr_Acc: 0.9617000222206116, Tr_CE: 0.11887526512145996, Va_Acc: 0.9225000143051147, Va_CE: 0.2853296399116516
Epoch: 36, AccTr: 0.9021999835968018, AccVa: 0.862500011920929, CeTr: 0.3421444594860077, CeVa: 0.5653272271156311
Epoch: 37, AccTr: 0.9014999866485596, AccVa: 0.8665000200271606, CeTr: 0.33529043197631836, CeVa: 0.5183770656585693
Epoch: 38, AccTr: 0.8952999711036682, AccVa: 0.8650000095367432, CeTr: 0.34872037172317505, CeVa: 0.5471867322921753
Epoch: 39, AccTr: 0.8999999761581421, AccVa: 0.8644999861717224, CeTr: 0.347484827041626, CeVa: 0.5251948237419128
Epoch: 40, AccTr: 0.8999000191688538, AccVa: 0.8615000247955322, CeTr: 0.3434983789920807, CeVa: 0.5647733211517334
ENSEMBLE | Tr_Acc: 0.9629999995231628, Tr_CE: 0.11515972018241882, Va_Acc: 0.9235000014305115, Va_CE: 0.27927902340888977
Epoch: 41, AccTr: 0.8949000239372253, AccVa: 0.8634999990463257, CeTr: 0.35334327816963196, CeVa: 0.5743674039840698
Epoch: 42, AccTr: 0.9010000228881836, AccVa: 0.8675000071525574, CeTr: 0.33263006806373596, CeVa: 0.51976078748703
Epoch: 43, AccTr: 0.8999000191688538, AccVa: 0.8640000224113464, CeTr: 0.3331548571586609, CeVa: 0.5424537062644958
Epoch: 44, AccTr: 0.902400016784668, AccVa: 0.8604999780654907, CeTr: 0.3364684581756592, CeVa: 0.5470091700553894
Epoch: 45, AccTr: 0.9009000062942505, AccVa: 0.8690000176429749, CeTr: 0.3328184187412262, CeVa: 0.5314440727233887
ENSEMBLE | Tr_Acc: 0.9656999707221985, Tr_CE: 0.11085569113492966, Va_Acc: 0.9244999885559082, Va_CE: 0.2716634273529053
Epoch: 46, AccTr: 0.8992000222206116, AccVa: 0.8615000247955322, CeTr: 0.3360665738582611, CeVa: 0.5902477502822876
Epoch: 47, AccTr: 0.9061999917030334, AccVa: 0.8705000281333923, CeTr: 0.3282821774482727, CeVa: 0.5467742681503296
Epoch: 48, AccTr: 0.9014999866485596, AccVa: 0.8665000200271606, CeTr: 0.3291003704071045, CeVa: 0.6009679436683655
Epoch: 49, AccTr: 0.9057999849319458, AccVa: 0.8569999933242798, CeTr: 0.3268336057662964, CeVa: 0.5918216109275818
Epoch: 50, AccTr: 0.9063000082969666, AccVa: 0.8600000143051147, CeTr: 0.3153328001499176, CeVa: 0.5335744023323059
ENSEMBLE | Tr_Acc: 0.9648000001907349, Tr_CE: 0.10691126435995102, Va_Acc: 0.9259999990463257, Va_CE: 0.2647290825843811
NN CONFIG
Weight-type:		ternary
Layout									Layer #1: 250	Layer #2: 220	
Activation Functions					Layer #1: ets	Layer #2: ets	
Keep probabilities		Layer #0: 1.0	Layer #1: 1.0	Layer #2: 1.0	
Flat factors							Layer #1: 1.0	Layer #2: 1.0	Layer #3: 1.0	
Activation Noise						Layer #1: 0.1	Layer #2: 0.1	Layer #3: 0.0	
Prior: 0.8

===================================

RUN CONFIG
Epochs: 50, Blocksize: 4

===================================

Input binarization: False
Epoch: 1, AccTr: 0.8812999725341797, AccVa: 0.8669999837875366, CeTr: 0.42984336614608765, CeVa: 0.5515365600585938
Epoch: 2, AccTr: 0.8889999985694885, AccVa: 0.8629999756813049, CeTr: 0.4170302748680115, CeVa: 0.5285767912864685
Epoch: 3, AccTr: 0.8930000066757202, AccVa: 0.8650000095367432, CeTr: 0.3878602087497711, CeVa: 0.5323099493980408
Epoch: 4, AccTr: 0.8956999778747559, AccVa: 0.8600000143051147, CeTr: 0.36292144656181335, CeVa: 0.5989497900009155
Epoch: 5, AccTr: 0.8956999778747559, AccVa: 0.8650000095367432, CeTr: 0.36632993817329407, CeVa: 0.5506823658943176
ENSEMBLE | Tr_Acc: 0.8956999778747559, Tr_CE: 0.36632993817329407, Va_Acc: 0.8650000095367432, Va_CE: 0.5506823658943176
Epoch: 6, AccTr: 0.8963000178337097, AccVa: 0.8619999885559082, CeTr: 0.35787123441696167, CeVa: 0.5704944729804993
Epoch: 7, AccTr: 0.8966000080108643, AccVa: 0.8700000047683716, CeTr: 0.3624635636806488, CeVa: 0.5169490575790405
Epoch: 8, AccTr: 0.8945000171661377, AccVa: 0.8600000143051147, CeTr: 0.37077808380126953, CeVa: 0.5640522241592407
Epoch: 9, AccTr: 0.9000999927520752, AccVa: 0.8644999861717224, CeTr: 0.3538511097431183, CeVa: 0.5562792420387268
Epoch: 10, AccTr: 0.8978999853134155, AccVa: 0.8539999723434448, CeTr: 0.3672632873058319, CeVa: 0.5915471315383911
ENSEMBLE | Tr_Acc: 0.9333000183105469, Tr_CE: 0.21828840672969818, Va_Acc: 0.8980000019073486, Va_CE: 0.392752081155777
Epoch: 11, AccTr: 0.8932999968528748, AccVa: 0.8569999933242798, CeTr: 0.37705785036087036, CeVa: 0.5883440971374512
Epoch: 12, AccTr: 0.8959000110626221, AccVa: 0.8694999814033508, CeTr: 0.36934590339660645, CeVa: 0.5777575969696045
Epoch: 13, AccTr: 0.9021000266075134, AccVa: 0.8650000095367432, CeTr: 0.34903451800346375, CeVa: 0.5768554210662842
Epoch: 14, AccTr: 0.8985999822616577, AccVa: 0.8684999942779541, CeTr: 0.36186036467552185, CeVa: 0.5696694850921631
Epoch: 15, AccTr: 0.9000999927520752, AccVa: 0.8744999766349792, CeTr: 0.3431273102760315, CeVa: 0.5329631567001343
ENSEMBLE | Tr_Acc: 0.9470999836921692, Tr_CE: 0.16880583763122559, Va_Acc: 0.9169999957084656, Va_CE: 0.33456602692604065
Epoch: 16, AccTr: 0.9036999940872192, AccVa: 0.8659999966621399, CeTr: 0.3349442183971405, CeVa: 0.5836414098739624
Epoch: 17, AccTr: 0.9020000100135803, AccVa: 0.8740000128746033, CeTr: 0.33482638001441956, CeVa: 0.5621673464775085
Epoch: 18, AccTr: 0.8981000185012817, AccVa: 0.8665000200271606, CeTr: 0.34412631392478943, CeVa: 0.5807837247848511
Epoch: 19, AccTr: 0.9049000144004822, AccVa: 0.871999979019165, CeTr: 0.3321954011917114, CeVa: 0.5453538298606873
Epoch: 20, AccTr: 0.9017000198364258, AccVa: 0.8725000023841858, CeTr: 0.33801668882369995, CeVa: 0.5172312259674072
ENSEMBLE | Tr_Acc: 0.9539999961853027, Tr_CE: 0.14518125355243683, Va_Acc: 0.9204999804496765, Va_CE: 0.30042561888694763
Epoch: 21, AccTr: 0.9039000272750854, AccVa: 0.859000027179718, CeTr: 0.32203108072280884, CeVa: 0.5518915057182312
Epoch: 22, AccTr: 0.8970000147819519, AccVa: 0.8730000257492065, CeTr: 0.3488514721393585, CeVa: 0.5759193301200867
Epoch: 23, AccTr: 0.902999997138977, AccVa: 0.8640000224113464, CeTr: 0.3506160080432892, CeVa: 0.582119345664978
Epoch: 24, AccTr: 0.9017999768257141, AccVa: 0.8604999780654907, CeTr: 0.33309510350227356, CeVa: 0.5592849254608154
Epoch: 25, AccTr: 0.9047999978065491, AccVa: 0.8709999918937683, CeTr: 0.33472010493278503, CeVa: 0.5372981429100037
ENSEMBLE | Tr_Acc: 0.95660001039505, Tr_CE: 0.13165922462940216, Va_Acc: 0.9279999732971191, Va_CE: 0.2899364233016968
Epoch: 26, AccTr: 0.9039000272750854, AccVa: 0.8610000014305115, CeTr: 0.3456331193447113, CeVa: 0.6006690263748169
Epoch: 27, AccTr: 0.8988000154495239, AccVa: 0.8640000224113464, CeTr: 0.35716256499290466, CeVa: 0.5583052039146423
Epoch: 28, AccTr: 0.9017999768257141, AccVa: 0.8604999780654907, CeTr: 0.3291758894920349, CeVa: 0.5783262848854065
Epoch: 29, AccTr: 0.8999999761581421, AccVa: 0.8619999885559082, CeTr: 0.3522510826587677, CeVa: 0.5737784504890442
Epoch: 30, AccTr: 0.9035000205039978, AccVa: 0.8629999756813049, CeTr: 0.32763755321502686, CeVa: 0.5547493100166321
ENSEMBLE | Tr_Acc: 0.9584000110626221, Tr_CE: 0.12236931174993515, Va_Acc: 0.9284999966621399, Va_CE: 0.2786448895931244
Epoch: 31, AccTr: 0.9014000296592712, AccVa: 0.8705000281333923, CeTr: 0.33483150601387024, CeVa: 0.557589054107666
Epoch: 32, AccTr: 0.9068999886512756, AccVa: 0.8684999942779541, CeTr: 0.33793526887893677, CeVa: 0.5572708249092102
Epoch: 33, AccTr: 0.9031999707221985, AccVa: 0.8640000224113464, CeTr: 0.32405033707618713, CeVa: 0.5300418734550476
Epoch: 34, AccTr: 0.9061999917030334, AccVa: 0.8654999732971191, CeTr: 0.3398555517196655, CeVa: 0.5767866373062134
Epoch: 35, AccTr: 0.9017000198364258, AccVa: 0.8619999885559082, CeTr: 0.3398784399032593, CeVa: 0.568634569644928
ENSEMBLE | Tr_Acc: 0.9603000283241272, Tr_CE: 0.11608283966779709, Va_Acc: 0.9300000071525574, Va_CE: 0.2688606083393097
Epoch: 36, AccTr: 0.9041000008583069, AccVa: 0.8615000247955322, CeTr: 0.3383198380470276, CeVa: 0.5405378937721252
Epoch: 37, AccTr: 0.9021000266075134, AccVa: 0.8705000281333923, CeTr: 0.32691022753715515, CeVa: 0.5494258999824524
Epoch: 38, AccTr: 0.8973000049591064, AccVa: 0.8744999766349792, CeTr: 0.3468424677848816, CeVa: 0.5292826294898987
Epoch: 39, AccTr: 0.9041000008583069, AccVa: 0.8744999766349792, CeTr: 0.32618170976638794, CeVa: 0.5264540314674377
Epoch: 40, AccTr: 0.9070000052452087, AccVa: 0.8669999837875366, CeTr: 0.3278195261955261, CeVa: 0.5458160042762756
ENSEMBLE | Tr_Acc: 0.9621000289916992, Tr_CE: 0.11124365031719208, Va_Acc: 0.9340000152587891, Va_CE: 0.2617051601409912
Epoch: 41, AccTr: 0.9041000008583069, AccVa: 0.875, CeTr: 0.338896244764328, CeVa: 0.5336581468582153
Epoch: 42, AccTr: 0.9013000130653381, AccVa: 0.8684999942779541, CeTr: 0.3359789252281189, CeVa: 0.547122061252594
Epoch: 43, AccTr: 0.9067999720573425, AccVa: 0.8684999942779541, CeTr: 0.32384398579597473, CeVa: 0.5815507769584656
Epoch: 44, AccTr: 0.9052000045776367, AccVa: 0.8640000224113464, CeTr: 0.32331475615501404, CeVa: 0.5520564317703247
Epoch: 45, AccTr: 0.9024999737739563, AccVa: 0.8560000061988831, CeTr: 0.34192588925361633, CeVa: 0.5977486371994019
ENSEMBLE | Tr_Acc: 0.9632999897003174, Tr_CE: 0.10729841142892838, Va_Acc: 0.9334999918937683, Va_CE: 0.26069819927215576
Epoch: 46, AccTr: 0.907800018787384, AccVa: 0.8600000143051147, CeTr: 0.31773096323013306, CeVa: 0.5786161422729492
Epoch: 47, AccTr: 0.8962000012397766, AccVa: 0.8665000200271606, CeTr: 0.3435411751270294, CeVa: 0.5548669695854187
Epoch: 48, AccTr: 0.8995000123977661, AccVa: 0.8569999933242798, CeTr: 0.34633004665374756, CeVa: 0.6156086921691895
Epoch: 49, AccTr: 0.9034000039100647, AccVa: 0.8675000071525574, CeTr: 0.3434638977050781, CeVa: 0.5631701946258545
Epoch: 50, AccTr: 0.9034000039100647, AccVa: 0.8644999861717224, CeTr: 0.34276726841926575, CeVa: 0.6050531268119812
ENSEMBLE | Tr_Acc: 0.9643999934196472, Tr_CE: 0.1051822379231453, Va_Acc: 0.9330000281333923, Va_CE: 0.26007023453712463
Mod Accuracy || Mean: 0.8642500042915344	 Std: 0.0028394386172294617
Ens Accuracy || Mean: 0.9315000176429749	 Std: 0.0042573511600494385
Mod CE || Mean: 0.5702601075172424	 Std: 0.028512200340628624
Ens CE || Mean: 0.2621524930000305	 Std: 0.006701722741127014
