NN CONFIG
Weight-type:		ternary
Layout									Layer #1: 250	Layer #2: 220	
Activation Functions					Layer #1: ets	Layer #2: ets	
Keep probabilities		Layer #0: 1.0	Layer #1: 1.0	Layer #2: 1.0	
Flat factors							Layer #1: 1.0	Layer #2: 1.0	Layer #3: 1.0	
Activation Noise						Layer #1: 0.1	Layer #2: 0.1	Layer #3: 0.0	
Prior: 0.8

===================================

RUN CONFIG
Epochs: 50, Blocksize: 4

===================================

Input binarization: False
Epoch: 1, AccTr: 0.8877999782562256, AccVa: 0.8634999990463257, CeTr: 0.4069313108921051, CeVa: 0.5481747984886169
Epoch: 2, AccTr: 0.8967999815940857, AccVa: 0.8700000047683716, CeTr: 0.3601208031177521, CeVa: 0.4647709131240845
Epoch: 3, AccTr: 0.8988000154495239, AccVa: 0.8669999837875366, CeTr: 0.35268279910087585, CeVa: 0.5107006430625916
Epoch: 4, AccTr: 0.9014999866485596, AccVa: 0.8705000281333923, CeTr: 0.3307427763938904, CeVa: 0.5239149928092957
Epoch: 5, AccTr: 0.9028000235557556, AccVa: 0.8604999780654907, CeTr: 0.32463890314102173, CeVa: 0.5272555947303772
ENSEMBLE | Tr_Acc: 0.9028000235557556, Tr_CE: 0.32463890314102173, Va_Acc: 0.8604999780654907, Va_CE: 0.5272555947303772
Epoch: 6, AccTr: 0.904699981212616, AccVa: 0.859499990940094, CeTr: 0.31088924407958984, CeVa: 0.5189724564552307
Epoch: 7, AccTr: 0.8966000080108643, AccVa: 0.8730000257492065, CeTr: 0.34296098351478577, CeVa: 0.4928174316883087
Epoch: 8, AccTr: 0.9009000062942505, AccVa: 0.8769999742507935, CeTr: 0.326583594083786, CeVa: 0.5223584175109863
Epoch: 9, AccTr: 0.9025999903678894, AccVa: 0.8634999990463257, CeTr: 0.32397088408470154, CeVa: 0.5321294665336609
Epoch: 10, AccTr: 0.9042999744415283, AccVa: 0.8634999990463257, CeTr: 0.31527459621429443, CeVa: 0.5197952389717102
ENSEMBLE | Tr_Acc: 0.9394000172615051, Tr_CE: 0.18699362874031067, Va_Acc: 0.9024999737739563, Va_CE: 0.35579249262809753
Epoch: 11, AccTr: 0.9079999923706055, AccVa: 0.8734999895095825, CeTr: 0.3139725625514984, CeVa: 0.5059666037559509
Epoch: 12, AccTr: 0.9063000082969666, AccVa: 0.8715000152587891, CeTr: 0.3009718954563141, CeVa: 0.48771318793296814
Epoch: 13, AccTr: 0.9093999862670898, AccVa: 0.8755000233650208, CeTr: 0.2932586073875427, CeVa: 0.4934360980987549
Epoch: 14, AccTr: 0.9065999984741211, AccVa: 0.8640000224113464, CeTr: 0.3084244728088379, CeVa: 0.496652752161026
Epoch: 15, AccTr: 0.9088000059127808, AccVa: 0.8765000104904175, CeTr: 0.3059671223163605, CeVa: 0.4480406641960144
ENSEMBLE | Tr_Acc: 0.953000009059906, Tr_CE: 0.1472705751657486, Va_Acc: 0.9210000038146973, Va_CE: 0.2821463644504547
Epoch: 16, AccTr: 0.9039000272750854, AccVa: 0.8615000247955322, CeTr: 0.30963632464408875, CeVa: 0.5465726852416992
Epoch: 17, AccTr: 0.9077000021934509, AccVa: 0.8525000214576721, CeTr: 0.3089442551136017, CeVa: 0.5495719313621521
Epoch: 18, AccTr: 0.9092000126838684, AccVa: 0.8665000200271606, CeTr: 0.3019236922264099, CeVa: 0.5326991081237793
Epoch: 19, AccTr: 0.9107999801635742, AccVa: 0.8544999957084656, CeTr: 0.3053712546825409, CeVa: 0.5479469895362854
Epoch: 20, AccTr: 0.9074000120162964, AccVa: 0.8615000247955322, CeTr: 0.3061755299568176, CeVa: 0.5390042066574097
ENSEMBLE | Tr_Acc: 0.9603000283241272, Tr_CE: 0.12728582322597504, Va_Acc: 0.9269999861717224, Va_CE: 0.26404470205307007
Epoch: 21, AccTr: 0.9038000106811523, AccVa: 0.8690000176429749, CeTr: 0.31167367100715637, CeVa: 0.5107565522193909
Epoch: 22, AccTr: 0.9089999794960022, AccVa: 0.871999979019165, CeTr: 0.298126220703125, CeVa: 0.48349133133888245
Epoch: 23, AccTr: 0.9081000089645386, AccVa: 0.8659999966621399, CeTr: 0.2988089323043823, CeVa: 0.46099042892456055
Epoch: 24, AccTr: 0.90420001745224, AccVa: 0.8794999718666077, CeTr: 0.30843693017959595, CeVa: 0.4748248755931854
Epoch: 25, AccTr: 0.9075999855995178, AccVa: 0.8730000257492065, CeTr: 0.31093651056289673, CeVa: 0.5264198184013367
ENSEMBLE | Tr_Acc: 0.9631999731063843, Tr_CE: 0.11692563444375992, Va_Acc: 0.9319999814033508, Va_CE: 0.2593277394771576
Epoch: 26, AccTr: 0.9096999764442444, AccVa: 0.871999979019165, CeTr: 0.3008140027523041, CeVa: 0.5118046402931213
Epoch: 27, AccTr: 0.9036999940872192, AccVa: 0.8644999861717224, CeTr: 0.31252241134643555, CeVa: 0.5089401602745056
Epoch: 28, AccTr: 0.9078999757766724, AccVa: 0.8740000128746033, CeTr: 0.30138832330703735, CeVa: 0.5018193125724792
Epoch: 29, AccTr: 0.9096999764442444, AccVa: 0.8744999766349792, CeTr: 0.30408626794815063, CeVa: 0.5229764580726624
Epoch: 30, AccTr: 0.9092000126838684, AccVa: 0.878000020980835, CeTr: 0.307017982006073, CeVa: 0.4822482466697693
ENSEMBLE | Tr_Acc: 0.9642000198364258, Tr_CE: 0.1123957484960556, Va_Acc: 0.934499979019165, Va_CE: 0.2507520020008087
Epoch: 31, AccTr: 0.9082000255584717, AccVa: 0.8765000104904175, CeTr: 0.2995724380016327, CeVa: 0.4803958833217621
Epoch: 32, AccTr: 0.9052000045776367, AccVa: 0.8679999709129333, CeTr: 0.3102239668369293, CeVa: 0.4833236336708069
Epoch: 33, AccTr: 0.9057000279426575, AccVa: 0.859499990940094, CeTr: 0.3172055184841156, CeVa: 0.5371180772781372
Epoch: 34, AccTr: 0.9089999794960022, AccVa: 0.8694999814033508, CeTr: 0.30843475461006165, CeVa: 0.5147014260292053
Epoch: 35, AccTr: 0.907800018787384, AccVa: 0.8634999990463257, CeTr: 0.3027278482913971, CeVa: 0.5260927081108093
ENSEMBLE | Tr_Acc: 0.96670001745224, Tr_CE: 0.10793054103851318, Va_Acc: 0.9334999918937683, Va_CE: 0.24676235020160675
Epoch: 36, AccTr: 0.9039000272750854, AccVa: 0.8705000281333923, CeTr: 0.3137347102165222, CeVa: 0.4988115727901459
Epoch: 37, AccTr: 0.9061999917030334, AccVa: 0.8659999966621399, CeTr: 0.3055194616317749, CeVa: 0.5199954509735107
Epoch: 38, AccTr: 0.9089000225067139, AccVa: 0.8765000104904175, CeTr: 0.3060755729675293, CeVa: 0.4816252589225769
Epoch: 39, AccTr: 0.9038000106811523, AccVa: 0.8669999837875366, CeTr: 0.31885308027267456, CeVa: 0.5100563168525696
Epoch: 40, AccTr: 0.9075000286102295, AccVa: 0.8654999732971191, CeTr: 0.29512378573417664, CeVa: 0.5275832414627075
ENSEMBLE | Tr_Acc: 0.9675999879837036, Tr_CE: 0.10437118262052536, Va_Acc: 0.9334999918937683, Va_CE: 0.2464398741722107
Epoch: 41, AccTr: 0.9103999733924866, AccVa: 0.8659999966621399, CeTr: 0.2956337034702301, CeVa: 0.5382706522941589
Epoch: 42, AccTr: 0.9071999788284302, AccVa: 0.8759999871253967, CeTr: 0.3041398525238037, CeVa: 0.5040597319602966
Epoch: 43, AccTr: 0.9114999771118164, AccVa: 0.8730000257492065, CeTr: 0.29798707365989685, CeVa: 0.5172158479690552
Epoch: 44, AccTr: 0.9045000076293945, AccVa: 0.8784999847412109, CeTr: 0.3208630383014679, CeVa: 0.44744014739990234
Epoch: 45, AccTr: 0.9077000021934509, AccVa: 0.8690000176429749, CeTr: 0.30971822142601013, CeVa: 0.47746118903160095
ENSEMBLE | Tr_Acc: 0.9679999947547913, Tr_CE: 0.10229340940713882, Va_Acc: 0.9375, Va_CE: 0.24115145206451416
Epoch: 46, AccTr: 0.9093000292778015, AccVa: 0.871999979019165, CeTr: 0.2999349534511566, CeVa: 0.4950856864452362
Epoch: 47, AccTr: 0.9100000262260437, AccVa: 0.8734999895095825, CeTr: 0.29500195384025574, CeVa: 0.5012019276618958
Epoch: 48, AccTr: 0.9110000133514404, AccVa: 0.8640000224113464, CeTr: 0.3047301173210144, CeVa: 0.5290706157684326
Epoch: 49, AccTr: 0.909600019454956, AccVa: 0.8634999990463257, CeTr: 0.29579833149909973, CeVa: 0.5334029793739319
Epoch: 50, AccTr: 0.9083999991416931, AccVa: 0.878000020980835, CeTr: 0.2941915690898895, CeVa: 0.4848678708076477
ENSEMBLE | Tr_Acc: 0.9689000248908997, Tr_CE: 0.09935135394334793, Va_Acc: 0.9375, Va_CE: 0.23940226435661316
NN CONFIG
Weight-type:		ternary
Layout									Layer #1: 250	Layer #2: 220	
Activation Functions					Layer #1: ets	Layer #2: ets	
Keep probabilities		Layer #0: 1.0	Layer #1: 1.0	Layer #2: 1.0	
Flat factors							Layer #1: 1.0	Layer #2: 1.0	Layer #3: 1.0	
Activation Noise						Layer #1: 0.1	Layer #2: 0.1	Layer #3: 0.0	
Prior: 0.8

===================================

RUN CONFIG
Epochs: 50, Blocksize: 4

===================================

Input binarization: False
Epoch: 1, AccTr: 0.8870000243186951, AccVa: 0.8554999828338623, CeTr: 0.3963637351989746, CeVa: 0.5322403311729431
Epoch: 2, AccTr: 0.9004999995231628, AccVa: 0.8675000071525574, CeTr: 0.3380855917930603, CeVa: 0.490337610244751
Epoch: 3, AccTr: 0.9003000259399414, AccVa: 0.8694999814033508, CeTr: 0.3269765079021454, CeVa: 0.5096022486686707
Epoch: 4, AccTr: 0.9075999855995178, AccVa: 0.8709999918937683, CeTr: 0.3071753978729248, CeVa: 0.4845883548259735
Epoch: 5, AccTr: 0.9081000089645386, AccVa: 0.8634999990463257, CeTr: 0.3019539415836334, CeVa: 0.489113450050354
ENSEMBLE | Tr_Acc: 0.9081000089645386, Tr_CE: 0.3019539415836334, Va_Acc: 0.8634999990463257, Va_CE: 0.489113450050354
Epoch: 6, AccTr: 0.9035000205039978, AccVa: 0.8740000128746033, CeTr: 0.30840206146240234, CeVa: 0.4984089732170105
Epoch: 7, AccTr: 0.9021999835968018, AccVa: 0.8675000071525574, CeTr: 0.30159813165664673, CeVa: 0.5167924761772156
Epoch: 8, AccTr: 0.9039000272750854, AccVa: 0.8679999709129333, CeTr: 0.31501659750938416, CeVa: 0.5086100101470947
Epoch: 9, AccTr: 0.9104999899864197, AccVa: 0.8765000104904175, CeTr: 0.2965582609176636, CeVa: 0.46872782707214355
Epoch: 10, AccTr: 0.9052000045776367, AccVa: 0.8644999861717224, CeTr: 0.306715726852417, CeVa: 0.4708230197429657
ENSEMBLE | Tr_Acc: 0.9469000101089478, Tr_CE: 0.17426340281963348, Va_Acc: 0.9089999794960022, Va_CE: 0.3305075168609619
Epoch: 11, AccTr: 0.904699981212616, AccVa: 0.8744999766349792, CeTr: 0.3118910491466522, CeVa: 0.469425767660141
Epoch: 12, AccTr: 0.9053000211715698, AccVa: 0.8734999895095825, CeTr: 0.3087329566478729, CeVa: 0.45468342304229736
Epoch: 13, AccTr: 0.9014000296592712, AccVa: 0.8644999861717224, CeTr: 0.31705671548843384, CeVa: 0.5045777559280396
Epoch: 14, AccTr: 0.9089999794960022, AccVa: 0.859000027179718, CeTr: 0.2978258430957794, CeVa: 0.519376277923584
Epoch: 15, AccTr: 0.9068999886512756, AccVa: 0.8619999885559082, CeTr: 0.300822913646698, CeVa: 0.5151255130767822
ENSEMBLE | Tr_Acc: 0.9569000005722046, Tr_CE: 0.1394101083278656, Va_Acc: 0.9190000295639038, Va_CE: 0.290568470954895
Epoch: 16, AccTr: 0.9053999781608582, AccVa: 0.8554999828338623, CeTr: 0.30279678106307983, CeVa: 0.5069481134414673
Epoch: 17, AccTr: 0.9020000100135803, AccVa: 0.8604999780654907, CeTr: 0.31290581822395325, CeVa: 0.48587191104888916
Epoch: 18, AccTr: 0.9038000106811523, AccVa: 0.8665000200271606, CeTr: 0.31550830602645874, CeVa: 0.5066919326782227
Epoch: 19, AccTr: 0.8992000222206116, AccVa: 0.8679999709129333, CeTr: 0.3100653886795044, CeVa: 0.5054120421409607
Epoch: 20, AccTr: 0.9021000266075134, AccVa: 0.8709999918937683, CeTr: 0.3118283748626709, CeVa: 0.4788553714752197
ENSEMBLE | Tr_Acc: 0.9621999859809875, Tr_CE: 0.12544435262680054, Va_Acc: 0.9244999885559082, Va_CE: 0.2630497217178345
Epoch: 21, AccTr: 0.9042999744415283, AccVa: 0.8634999990463257, CeTr: 0.315840482711792, CeVa: 0.4744585454463959
Epoch: 22, AccTr: 0.8981999754905701, AccVa: 0.8604999780654907, CeTr: 0.3252761662006378, CeVa: 0.5038096904754639
Epoch: 23, AccTr: 0.9064000248908997, AccVa: 0.8734999895095825, CeTr: 0.3068119287490845, CeVa: 0.46295756101608276
Epoch: 24, AccTr: 0.9070000052452087, AccVa: 0.8709999918937683, CeTr: 0.3015245199203491, CeVa: 0.4600420594215393
Epoch: 25, AccTr: 0.9035999774932861, AccVa: 0.8705000281333923, CeTr: 0.3057512640953064, CeVa: 0.4679730534553528
ENSEMBLE | Tr_Acc: 0.9642999768257141, Tr_CE: 0.1164810061454773, Va_Acc: 0.9290000200271606, Va_CE: 0.24700209498405457
Epoch: 26, AccTr: 0.909500002861023, AccVa: 0.8709999918937683, CeTr: 0.2897341847419739, CeVa: 0.49736297130584717
Epoch: 27, AccTr: 0.8998000025749207, AccVa: 0.875, CeTr: 0.3153762221336365, CeVa: 0.4732983410358429
Epoch: 28, AccTr: 0.9052000045776367, AccVa: 0.8700000047683716, CeTr: 0.3071953356266022, CeVa: 0.48318397998809814
Epoch: 29, AccTr: 0.9028000235557556, AccVa: 0.8709999918937683, CeTr: 0.3109334111213684, CeVa: 0.4974745213985443
Epoch: 30, AccTr: 0.9061999917030334, AccVa: 0.8694999814033508, CeTr: 0.3083563446998596, CeVa: 0.50728839635849
ENSEMBLE | Tr_Acc: 0.9656000137329102, Tr_CE: 0.11177265644073486, Va_Acc: 0.9304999709129333, Va_CE: 0.24188503623008728
Epoch: 31, AccTr: 0.901199996471405, AccVa: 0.8544999957084656, CeTr: 0.3278193473815918, CeVa: 0.5495967864990234
Epoch: 32, AccTr: 0.9071000218391418, AccVa: 0.8859999775886536, CeTr: 0.31344351172447205, CeVa: 0.45261669158935547
Epoch: 33, AccTr: 0.9010999798774719, AccVa: 0.8650000095367432, CeTr: 0.31670081615448, CeVa: 0.505397379398346
Epoch: 34, AccTr: 0.9039000272750854, AccVa: 0.8734999895095825, CeTr: 0.3138144314289093, CeVa: 0.4718478322029114
Epoch: 35, AccTr: 0.9057000279426575, AccVa: 0.8539999723434448, CeTr: 0.32297787070274353, CeVa: 0.5497103929519653
ENSEMBLE | Tr_Acc: 0.9668999910354614, Tr_CE: 0.107047438621521, Va_Acc: 0.9315000176429749, Va_CE: 0.23722778260707855
Epoch: 36, AccTr: 0.9079999923706055, AccVa: 0.8794999718666077, CeTr: 0.3059314787387848, CeVa: 0.45600104331970215
Epoch: 37, AccTr: 0.9054999947547913, AccVa: 0.8669999837875366, CeTr: 0.3029700815677643, CeVa: 0.45477330684661865
Epoch: 38, AccTr: 0.9056000113487244, AccVa: 0.8665000200271606, CeTr: 0.30612123012542725, CeVa: 0.5041141510009766
Epoch: 39, AccTr: 0.9034000039100647, AccVa: 0.8610000014305115, CeTr: 0.31656917929649353, CeVa: 0.5234518051147461
Epoch: 40, AccTr: 0.8968999981880188, AccVa: 0.8565000295639038, CeTr: 0.3280825614929199, CeVa: 0.5189899206161499
ENSEMBLE | Tr_Acc: 0.9670000076293945, Tr_CE: 0.10381722450256348, Va_Acc: 0.9355000257492065, Va_CE: 0.23019446432590485
Epoch: 41, AccTr: 0.9006999731063843, AccVa: 0.8740000128746033, CeTr: 0.32925945520401, CeVa: 0.4818580448627472
Epoch: 42, AccTr: 0.8989999890327454, AccVa: 0.8650000095367432, CeTr: 0.3184036910533905, CeVa: 0.5051826238632202
Epoch: 43, AccTr: 0.9043999910354614, AccVa: 0.8679999709129333, CeTr: 0.30849117040634155, CeVa: 0.467630535364151
Epoch: 44, AccTr: 0.906499981880188, AccVa: 0.859000027179718, CeTr: 0.3116329610347748, CeVa: 0.5243129730224609
Epoch: 45, AccTr: 0.9021000266075134, AccVa: 0.8550000190734863, CeTr: 0.3151768147945404, CeVa: 0.5177968740463257
ENSEMBLE | Tr_Acc: 0.968500018119812, Tr_CE: 0.10105031728744507, Va_Acc: 0.9355000257492065, Va_CE: 0.2278677225112915
Epoch: 46, AccTr: 0.9088000059127808, AccVa: 0.8615000247955322, CeTr: 0.3033764064311981, CeVa: 0.49282827973365784
Epoch: 47, AccTr: 0.9064000248908997, AccVa: 0.8694999814033508, CeTr: 0.31060299277305603, CeVa: 0.47254011034965515
Epoch: 48, AccTr: 0.9031000137329102, AccVa: 0.8669999837875366, CeTr: 0.3122825026512146, CeVa: 0.5036913156509399
Epoch: 49, AccTr: 0.9059000015258789, AccVa: 0.8675000071525574, CeTr: 0.3055476248264313, CeVa: 0.49578574299812317
Epoch: 50, AccTr: 0.9054999947547913, AccVa: 0.8700000047683716, CeTr: 0.3075014352798462, CeVa: 0.47500431537628174
ENSEMBLE | Tr_Acc: 0.9692999720573425, Tr_CE: 0.09941821545362473, Va_Acc: 0.9380000233650208, Va_CE: 0.2230130434036255
NN CONFIG
Weight-type:		ternary
Layout									Layer #1: 250	Layer #2: 220	
Activation Functions					Layer #1: ets	Layer #2: ets	
Keep probabilities		Layer #0: 1.0	Layer #1: 1.0	Layer #2: 1.0	
Flat factors							Layer #1: 1.0	Layer #2: 1.0	Layer #3: 1.0	
Activation Noise						Layer #1: 0.1	Layer #2: 0.1	Layer #3: 0.0	
Prior: 0.8

===================================

RUN CONFIG
Epochs: 50, Blocksize: 4

===================================

Input binarization: False
Epoch: 1, AccTr: 0.8931999802589417, AccVa: 0.8709999918937683, CeTr: 0.37761998176574707, CeVa: 0.5479295253753662
Epoch: 2, AccTr: 0.9053000211715698, AccVa: 0.8669999837875366, CeTr: 0.32457613945007324, CeVa: 0.4968353509902954
Epoch: 3, AccTr: 0.9057000279426575, AccVa: 0.8684999942779541, CeTr: 0.330962598323822, CeVa: 0.5692651867866516
Epoch: 4, AccTr: 0.9097999930381775, AccVa: 0.8684999942779541, CeTr: 0.3065973222255707, CeVa: 0.5161318182945251
Epoch: 5, AccTr: 0.9042999744415283, AccVa: 0.8565000295639038, CeTr: 0.3309612274169922, CeVa: 0.5837350487709045
ENSEMBLE | Tr_Acc: 0.9042999744415283, Tr_CE: 0.3309612274169922, Va_Acc: 0.8565000295639038, Va_CE: 0.5837350487709045
Epoch: 6, AccTr: 0.9056000113487244, AccVa: 0.8744999766349792, CeTr: 0.32783541083335876, CeVa: 0.5231700539588928
Epoch: 7, AccTr: 0.904699981212616, AccVa: 0.8544999957084656, CeTr: 0.32450079917907715, CeVa: 0.5768510103225708
Epoch: 8, AccTr: 0.9083999991416931, AccVa: 0.8709999918937683, CeTr: 0.29803621768951416, CeVa: 0.5604457259178162
Epoch: 9, AccTr: 0.9057999849319458, AccVa: 0.8715000152587891, CeTr: 0.30930396914482117, CeVa: 0.5859107375144958
Epoch: 10, AccTr: 0.9045000076293945, AccVa: 0.8740000128746033, CeTr: 0.32355526089668274, CeVa: 0.5030226111412048
ENSEMBLE | Tr_Acc: 0.9404000043869019, Tr_CE: 0.18771325051784515, Va_Acc: 0.9079999923706055, Va_CE: 0.36587363481521606
Epoch: 11, AccTr: 0.9063000082969666, AccVa: 0.8700000047683716, CeTr: 0.3224429190158844, CeVa: 0.5490747690200806
Epoch: 12, AccTr: 0.9009000062942505, AccVa: 0.8730000257492065, CeTr: 0.3264748454093933, CeVa: 0.5611996650695801
Epoch: 13, AccTr: 0.9070000052452087, AccVa: 0.8690000176429749, CeTr: 0.3060474693775177, CeVa: 0.5700171589851379
Epoch: 14, AccTr: 0.9028000235557556, AccVa: 0.8659999966621399, CeTr: 0.3368007242679596, CeVa: 0.531501829624176
Epoch: 15, AccTr: 0.9103000164031982, AccVa: 0.8765000104904175, CeTr: 0.3115670084953308, CeVa: 0.5372269153594971
ENSEMBLE | Tr_Acc: 0.9534000158309937, Tr_CE: 0.1463860422372818, Va_Acc: 0.9194999933242798, Va_CE: 0.3170277774333954
Epoch: 16, AccTr: 0.9054999947547913, AccVa: 0.8769999742507935, CeTr: 0.3134478032588959, CeVa: 0.5181557536125183
Epoch: 17, AccTr: 0.9086999893188477, AccVa: 0.8675000071525574, CeTr: 0.32431578636169434, CeVa: 0.523601233959198
Epoch: 18, AccTr: 0.9081000089645386, AccVa: 0.8755000233650208, CeTr: 0.3196398913860321, CeVa: 0.5261293649673462
Epoch: 19, AccTr: 0.9052000045776367, AccVa: 0.8845000267028809, CeTr: 0.32088321447372437, CeVa: 0.4768115282058716
Epoch: 20, AccTr: 0.902999997138977, AccVa: 0.8744999766349792, CeTr: 0.3154732882976532, CeVa: 0.5085054636001587
ENSEMBLE | Tr_Acc: 0.9587000012397766, Tr_CE: 0.1284523606300354, Va_Acc: 0.9259999990463257, Va_CE: 0.2904084026813507
Epoch: 21, AccTr: 0.9060999751091003, AccVa: 0.8725000023841858, CeTr: 0.3126734495162964, CeVa: 0.508299708366394
Epoch: 22, AccTr: 0.9050999879837036, AccVa: 0.8669999837875366, CeTr: 0.31688031554222107, CeVa: 0.5344404578208923
Epoch: 23, AccTr: 0.9081000089645386, AccVa: 0.8755000233650208, CeTr: 0.30994510650634766, CeVa: 0.5283068418502808
Epoch: 24, AccTr: 0.9042999744415283, AccVa: 0.8734999895095825, CeTr: 0.3187575936317444, CeVa: 0.5413685441017151
Epoch: 25, AccTr: 0.9077000021934509, AccVa: 0.8820000290870667, CeTr: 0.32151201367378235, CeVa: 0.5026437640190125
ENSEMBLE | Tr_Acc: 0.963100016117096, Tr_CE: 0.11884996294975281, Va_Acc: 0.9275000095367432, Va_CE: 0.2717505395412445
Epoch: 26, AccTr: 0.9053999781608582, AccVa: 0.8709999918937683, CeTr: 0.31395411491394043, CeVa: 0.5339272022247314
Epoch: 27, AccTr: 0.9106000065803528, AccVa: 0.8604999780654907, CeTr: 0.2999052107334137, CeVa: 0.5456798076629639
Epoch: 28, AccTr: 0.907800018787384, AccVa: 0.862500011920929, CeTr: 0.3066505491733551, CeVa: 0.5559940338134766
Epoch: 29, AccTr: 0.9061999917030334, AccVa: 0.8575000166893005, CeTr: 0.32130372524261475, CeVa: 0.5970664620399475
Epoch: 30, AccTr: 0.9056000113487244, AccVa: 0.8690000176429749, CeTr: 0.3297719359397888, CeVa: 0.5215381383895874
ENSEMBLE | Tr_Acc: 0.964900016784668, Tr_CE: 0.11447042226791382, Va_Acc: 0.9300000071525574, Va_CE: 0.2576960325241089
Epoch: 31, AccTr: 0.9089000225067139, AccVa: 0.8799999952316284, CeTr: 0.30153781175613403, CeVa: 0.5090838074684143
Epoch: 32, AccTr: 0.9110000133514404, AccVa: 0.8675000071525574, CeTr: 0.30186107754707336, CeVa: 0.5402382612228394
Epoch: 33, AccTr: 0.9101999998092651, AccVa: 0.8700000047683716, CeTr: 0.3038477897644043, CeVa: 0.5360695719718933
Epoch: 34, AccTr: 0.9078999757766724, AccVa: 0.8565000295639038, CeTr: 0.30454131960868835, CeVa: 0.5138877034187317
Epoch: 35, AccTr: 0.9083999991416931, AccVa: 0.8675000071525574, CeTr: 0.3207743763923645, CeVa: 0.5379042625427246
ENSEMBLE | Tr_Acc: 0.9656000137329102, Tr_CE: 0.11049912124872208, Va_Acc: 0.9355000257492065, Va_CE: 0.24806389212608337
Epoch: 36, AccTr: 0.9075000286102295, AccVa: 0.8759999871253967, CeTr: 0.309728741645813, CeVa: 0.5139678716659546
Epoch: 37, AccTr: 0.9061999917030334, AccVa: 0.8705000281333923, CeTr: 0.3230443298816681, CeVa: 0.5433772206306458
Epoch: 38, AccTr: 0.9071999788284302, AccVa: 0.8629999756813049, CeTr: 0.32104820013046265, CeVa: 0.5443478226661682
Epoch: 39, AccTr: 0.9064000248908997, AccVa: 0.8665000200271606, CeTr: 0.3155914545059204, CeVa: 0.5694020986557007
Epoch: 40, AccTr: 0.9103999733924866, AccVa: 0.8615000247955322, CeTr: 0.29602885246276855, CeVa: 0.5474418997764587
ENSEMBLE | Tr_Acc: 0.9679999947547913, Tr_CE: 0.1062842309474945, Va_Acc: 0.9365000128746033, Va_CE: 0.24521447718143463
Epoch: 41, AccTr: 0.9024999737739563, AccVa: 0.8569999933242798, CeTr: 0.31847384572029114, CeVa: 0.5688503384590149
Epoch: 42, AccTr: 0.910099983215332, AccVa: 0.8659999966621399, CeTr: 0.3067726194858551, CeVa: 0.5296492576599121
Epoch: 43, AccTr: 0.9070000052452087, AccVa: 0.8725000023841858, CeTr: 0.3071955442428589, CeVa: 0.4859800338745117
Epoch: 44, AccTr: 0.9093000292778015, AccVa: 0.8634999990463257, CeTr: 0.305178165435791, CeVa: 0.5664712190628052
Epoch: 45, AccTr: 0.9086999893188477, AccVa: 0.8659999966621399, CeTr: 0.2986477315425873, CeVa: 0.5866920351982117
ENSEMBLE | Tr_Acc: 0.9690999984741211, Tr_CE: 0.10293076187372208, Va_Acc: 0.9375, Va_CE: 0.24517446756362915
Epoch: 46, AccTr: 0.9121000170707703, AccVa: 0.8759999871253967, CeTr: 0.30311423540115356, CeVa: 0.48781099915504456
Epoch: 47, AccTr: 0.9086999893188477, AccVa: 0.8679999709129333, CeTr: 0.31269827485084534, CeVa: 0.5234749913215637
Epoch: 48, AccTr: 0.9090999960899353, AccVa: 0.8629999756813049, CeTr: 0.3009834885597229, CeVa: 0.5365119576454163
Epoch: 49, AccTr: 0.9120000004768372, AccVa: 0.8675000071525574, CeTr: 0.29050078988075256, CeVa: 0.574526846408844
Epoch: 50, AccTr: 0.906499981880188, AccVa: 0.8690000176429749, CeTr: 0.30073514580726624, CeVa: 0.5383439064025879
ENSEMBLE | Tr_Acc: 0.9693999886512756, Tr_CE: 0.09964901208877563, Va_Acc: 0.9369999766349792, Va_CE: 0.2432069033384323
NN CONFIG
Weight-type:		ternary
Layout									Layer #1: 250	Layer #2: 220	
Activation Functions					Layer #1: ets	Layer #2: ets	
Keep probabilities		Layer #0: 1.0	Layer #1: 1.0	Layer #2: 1.0	
Flat factors							Layer #1: 1.0	Layer #2: 1.0	Layer #3: 1.0	
Activation Noise						Layer #1: 0.1	Layer #2: 0.1	Layer #3: 0.0	
Prior: 0.8

===================================

RUN CONFIG
Epochs: 50, Blocksize: 4

===================================

Input binarization: False
Epoch: 1, AccTr: 0.8878999948501587, AccVa: 0.8504999876022339, CeTr: 0.39109307527542114, CeVa: 0.5763068199157715
Epoch: 2, AccTr: 0.8946999907493591, AccVa: 0.862500011920929, CeTr: 0.35213130712509155, CeVa: 0.5361020565032959
Epoch: 3, AccTr: 0.8938999772071838, AccVa: 0.8700000047683716, CeTr: 0.3422626852989197, CeVa: 0.535990834236145
Epoch: 4, AccTr: 0.902400016784668, AccVa: 0.8809999823570251, CeTr: 0.3345645070075989, CeVa: 0.48144322633743286
Epoch: 5, AccTr: 0.902400016784668, AccVa: 0.8640000224113464, CeTr: 0.33143866062164307, CeVa: 0.5157806873321533
ENSEMBLE | Tr_Acc: 0.902400016784668, Tr_CE: 0.33143866062164307, Va_Acc: 0.8640000224113464, Va_CE: 0.5157806873321533
Epoch: 6, AccTr: 0.9053000211715698, AccVa: 0.8654999732971191, CeTr: 0.3160746693611145, CeVa: 0.5356073379516602
Epoch: 7, AccTr: 0.9035000205039978, AccVa: 0.871999979019165, CeTr: 0.3126702606678009, CeVa: 0.5157727599143982
Epoch: 8, AccTr: 0.8985999822616577, AccVa: 0.8675000071525574, CeTr: 0.3243601620197296, CeVa: 0.5197324156761169
Epoch: 9, AccTr: 0.9060999751091003, AccVa: 0.8684999942779541, CeTr: 0.3175283670425415, CeVa: 0.5178930759429932
Epoch: 10, AccTr: 0.9017000198364258, AccVa: 0.8560000061988831, CeTr: 0.3322000503540039, CeVa: 0.5684014558792114
ENSEMBLE | Tr_Acc: 0.9408000111579895, Tr_CE: 0.190277099609375, Va_Acc: 0.9035000205039978, Va_CE: 0.3631875813007355
Epoch: 11, AccTr: 0.8988000154495239, AccVa: 0.8654999732971191, CeTr: 0.3136585056781769, CeVa: 0.5010561943054199
Epoch: 12, AccTr: 0.9002000093460083, AccVa: 0.8715000152587891, CeTr: 0.32211026549339294, CeVa: 0.5138731002807617
Epoch: 13, AccTr: 0.9041000008583069, AccVa: 0.8650000095367432, CeTr: 0.314487487077713, CeVa: 0.537379801273346
Epoch: 14, AccTr: 0.9064000248908997, AccVa: 0.8654999732971191, CeTr: 0.3046397566795349, CeVa: 0.5284896492958069
Epoch: 15, AccTr: 0.9020000100135803, AccVa: 0.8529999852180481, CeTr: 0.30608272552490234, CeVa: 0.5534480214118958
ENSEMBLE | Tr_Acc: 0.9513999819755554, Tr_CE: 0.14523808658123016, Va_Acc: 0.9169999957084656, Va_CE: 0.3160601556301117
Epoch: 16, AccTr: 0.9021000266075134, AccVa: 0.8765000104904175, CeTr: 0.3170359432697296, CeVa: 0.47059041261672974
Epoch: 17, AccTr: 0.9047999978065491, AccVa: 0.8705000281333923, CeTr: 0.32273346185684204, CeVa: 0.5186399817466736
Epoch: 18, AccTr: 0.9075000286102295, AccVa: 0.8575000166893005, CeTr: 0.306899756193161, CeVa: 0.5839418172836304
Epoch: 19, AccTr: 0.9042999744415283, AccVa: 0.8600000143051147, CeTr: 0.3140189051628113, CeVa: 0.5647802352905273
Epoch: 20, AccTr: 0.9042999744415283, AccVa: 0.8734999895095825, CeTr: 0.32067081332206726, CeVa: 0.47972118854522705
ENSEMBLE | Tr_Acc: 0.9578999876976013, Tr_CE: 0.1283084899187088, Va_Acc: 0.9235000014305115, Va_CE: 0.28317615389823914
Epoch: 21, AccTr: 0.9049000144004822, AccVa: 0.8690000176429749, CeTr: 0.3244602680206299, CeVa: 0.5068114995956421
Epoch: 22, AccTr: 0.9039999842643738, AccVa: 0.8659999966621399, CeTr: 0.3107157349586487, CeVa: 0.5265206694602966
Epoch: 23, AccTr: 0.8985999822616577, AccVa: 0.8659999966621399, CeTr: 0.32008877396583557, CeVa: 0.5148823261260986
Epoch: 24, AccTr: 0.9070000052452087, AccVa: 0.8634999990463257, CeTr: 0.30775186419487, CeVa: 0.5308738946914673
Epoch: 25, AccTr: 0.902400016784668, AccVa: 0.8644999861717224, CeTr: 0.31513074040412903, CeVa: 0.5169900059700012
ENSEMBLE | Tr_Acc: 0.9610999822616577, Tr_CE: 0.1189541146159172, Va_Acc: 0.9269999861717224, Va_CE: 0.2676754593849182
Epoch: 26, AccTr: 0.9014999866485596, AccVa: 0.8690000176429749, CeTr: 0.31879299879074097, CeVa: 0.5483874082565308
Epoch: 27, AccTr: 0.9032999873161316, AccVa: 0.8709999918937683, CeTr: 0.3052876889705658, CeVa: 0.5231797099113464
Epoch: 28, AccTr: 0.9023000001907349, AccVa: 0.8740000128746033, CeTr: 0.30799630284309387, CeVa: 0.49482715129852295
Epoch: 29, AccTr: 0.9041000008583069, AccVa: 0.8734999895095825, CeTr: 0.31331509351730347, CeVa: 0.5004166960716248
Epoch: 30, AccTr: 0.9049000144004822, AccVa: 0.8715000152587891, CeTr: 0.2994110882282257, CeVa: 0.5015791058540344
ENSEMBLE | Tr_Acc: 0.9638000130653381, Tr_CE: 0.11123376339673996, Va_Acc: 0.9334999918937683, Va_CE: 0.2562723159790039
Epoch: 31, AccTr: 0.9057999849319458, AccVa: 0.8665000200271606, CeTr: 0.3092872202396393, CeVa: 0.5572129487991333
Epoch: 32, AccTr: 0.9083999991416931, AccVa: 0.8709999918937683, CeTr: 0.3060849606990814, CeVa: 0.4997941851615906
Epoch: 33, AccTr: 0.90420001745224, AccVa: 0.8765000104904175, CeTr: 0.30000606179237366, CeVa: 0.5287982821464539
Epoch: 34, AccTr: 0.9085000157356262, AccVa: 0.8734999895095825, CeTr: 0.30559784173965454, CeVa: 0.48333361744880676
Epoch: 35, AccTr: 0.9039999842643738, AccVa: 0.8715000152587891, CeTr: 0.3196225166320801, CeVa: 0.5049558877944946
ENSEMBLE | Tr_Acc: 0.9649999737739563, Tr_CE: 0.1071058139204979, Va_Acc: 0.9355000257492065, Va_CE: 0.24720071256160736
Epoch: 36, AccTr: 0.9085000157356262, AccVa: 0.8679999709129333, CeTr: 0.3129079341888428, CeVa: 0.4845503568649292
Epoch: 37, AccTr: 0.9039999842643738, AccVa: 0.8715000152587891, CeTr: 0.3001430630683899, CeVa: 0.4838346838951111
Epoch: 38, AccTr: 0.906000018119812, AccVa: 0.8629999756813049, CeTr: 0.3052378296852112, CeVa: 0.5472955703735352
Epoch: 39, AccTr: 0.9028000235557556, AccVa: 0.8629999756813049, CeTr: 0.32112568616867065, CeVa: 0.5649136304855347
Epoch: 40, AccTr: 0.9053000211715698, AccVa: 0.8725000023841858, CeTr: 0.3137638568878174, CeVa: 0.49769872426986694
ENSEMBLE | Tr_Acc: 0.9668999910354614, Tr_CE: 0.10297529399394989, Va_Acc: 0.9334999918937683, Va_CE: 0.24236224591732025
Epoch: 41, AccTr: 0.9078999757766724, AccVa: 0.8684999942779541, CeTr: 0.2964821755886078, CeVa: 0.5137501955032349
Epoch: 42, AccTr: 0.9065999984741211, AccVa: 0.8694999814033508, CeTr: 0.30612704157829285, CeVa: 0.5051926374435425
Epoch: 43, AccTr: 0.9053000211715698, AccVa: 0.8575000166893005, CeTr: 0.31032904982566833, CeVa: 0.5657223463058472
Epoch: 44, AccTr: 0.9065999984741211, AccVa: 0.8629999756813049, CeTr: 0.31360703706741333, CeVa: 0.49927717447280884
Epoch: 45, AccTr: 0.9035000205039978, AccVa: 0.8694999814033508, CeTr: 0.30288830399513245, CeVa: 0.5263121128082275
ENSEMBLE | Tr_Acc: 0.9667999744415283, Tr_CE: 0.09925851970911026, Va_Acc: 0.9340000152587891, Va_CE: 0.24104604125022888
Epoch: 46, AccTr: 0.9081000089645386, AccVa: 0.8715000152587891, CeTr: 0.3017948865890503, CeVa: 0.4970439076423645
Epoch: 47, AccTr: 0.9043999910354614, AccVa: 0.8690000176429749, CeTr: 0.3067106306552887, CeVa: 0.5242734551429749
Epoch: 48, AccTr: 0.909600019454956, AccVa: 0.8740000128746033, CeTr: 0.289837509393692, CeVa: 0.4995100200176239
Epoch: 49, AccTr: 0.9059000015258789, AccVa: 0.8640000224113464, CeTr: 0.2910842299461365, CeVa: 0.5163751840591431
Epoch: 50, AccTr: 0.9024999737739563, AccVa: 0.8650000095367432, CeTr: 0.3097986876964569, CeVa: 0.47776275873184204
ENSEMBLE | Tr_Acc: 0.9684000015258789, Tr_CE: 0.09714736044406891, Va_Acc: 0.934499979019165, Va_CE: 0.23345357179641724
Mod Accuracy || Mean: 0.8705000281333923	 Std: 0.0047169947065413
Ens Accuracy || Mean: 0.9367499947547913	 Std: 0.001346304314211011
Mod CE || Mean: 0.49399471282958984	 Std: 0.025856632739305496
Ens CE || Mean: 0.23476894199848175	 Std: 0.007625585421919823
