NN CONFIG
Weight-type:		ternary
Layout									Layer #1: 250	Layer #2: 220	
Activation Functions					Layer #1: ets	Layer #2: ets	
Keep probabilities		Layer #0: 1.0	Layer #1: 1.0	Layer #2: 1.0	
Flat factors							Layer #1: 1.0	Layer #2: 1.0	Layer #3: 1.0	
Activation Noise						Layer #1: 0.1	Layer #2: 0.1	Layer #3: 0.0	
Prior: 0.8

===================================

RUN CONFIG
Epochs: 50, Blocksize: 4

===================================

Input binarization: False
Epoch: 1, AccTr: 0.9059000015258789, AccVa: 0.878000020980835, CeTr: 0.33133774995803833, CeVa: 0.48169219493865967
Epoch: 2, AccTr: 0.9125999808311462, AccVa: 0.8840000033378601, CeTr: 0.2904505729675293, CeVa: 0.45360827445983887
Epoch: 3, AccTr: 0.9143000245094299, AccVa: 0.8784999847412109, CeTr: 0.28315073251724243, CeVa: 0.45833736658096313
Epoch: 4, AccTr: 0.9070000052452087, AccVa: 0.8774999976158142, CeTr: 0.2895687520503998, CeVa: 0.47308453917503357
Epoch: 5, AccTr: 0.9108999967575073, AccVa: 0.8725000023841858, CeTr: 0.2848535478115082, CeVa: 0.48421964049339294
ENSEMBLE | Tr_Acc: 0.9108999967575073, Tr_CE: 0.2848535478115082, Va_Acc: 0.8725000023841858, Va_CE: 0.48421964049339294
Epoch: 6, AccTr: 0.9150000214576721, AccVa: 0.8675000071525574, CeTr: 0.27941280603408813, CeVa: 0.5093106627464294
Epoch: 7, AccTr: 0.9190000295639038, AccVa: 0.8665000200271606, CeTr: 0.2761536240577698, CeVa: 0.5071713328361511
Epoch: 8, AccTr: 0.9114999771118164, AccVa: 0.878000020980835, CeTr: 0.2727910280227661, CeVa: 0.4759815037250519
Epoch: 9, AccTr: 0.9150999784469604, AccVa: 0.8914999961853027, CeTr: 0.278255432844162, CeVa: 0.4365276098251343
Epoch: 10, AccTr: 0.9157000184059143, AccVa: 0.8759999871253967, CeTr: 0.27723929286003113, CeVa: 0.48480966687202454
ENSEMBLE | Tr_Acc: 0.9466999769210815, Tr_CE: 0.16880738735198975, Va_Acc: 0.9085000157356262, Va_CE: 0.3409152328968048
Epoch: 11, AccTr: 0.9083999991416931, AccVa: 0.8679999709129333, CeTr: 0.28761154413223267, CeVa: 0.4710704982280731
Epoch: 12, AccTr: 0.9089999794960022, AccVa: 0.8659999966621399, CeTr: 0.2970546782016754, CeVa: 0.5245205163955688
Epoch: 13, AccTr: 0.9164999723434448, AccVa: 0.8705000281333923, CeTr: 0.27063554525375366, CeVa: 0.5194751024246216
Epoch: 14, AccTr: 0.9143999814987183, AccVa: 0.8815000057220459, CeTr: 0.27365800738334656, CeVa: 0.4753369092941284
Epoch: 15, AccTr: 0.9168999791145325, AccVa: 0.878000020980835, CeTr: 0.26885324716567993, CeVa: 0.4851948320865631
ENSEMBLE | Tr_Acc: 0.9557999968528748, Tr_CE: 0.13308922946453094, Va_Acc: 0.921999990940094, Va_CE: 0.30003735423088074
Epoch: 16, AccTr: 0.9115999937057495, AccVa: 0.8774999976158142, CeTr: 0.27749839425086975, CeVa: 0.4787043333053589
Epoch: 17, AccTr: 0.9107000231742859, AccVa: 0.8700000047683716, CeTr: 0.2730322778224945, CeVa: 0.49042513966560364
Epoch: 18, AccTr: 0.9146000146865845, AccVa: 0.8659999966621399, CeTr: 0.280666321516037, CeVa: 0.5132437944412231
Epoch: 19, AccTr: 0.9143000245094299, AccVa: 0.8640000224113464, CeTr: 0.27076995372772217, CeVa: 0.5309107303619385
Epoch: 20, AccTr: 0.914900004863739, AccVa: 0.8830000162124634, CeTr: 0.27893325686454773, CeVa: 0.48311468958854675
ENSEMBLE | Tr_Acc: 0.9606999754905701, Tr_CE: 0.11788486689329147, Va_Acc: 0.9254999756813049, Va_CE: 0.2805776000022888
Epoch: 21, AccTr: 0.9196000099182129, AccVa: 0.8820000290870667, CeTr: 0.2634284794330597, CeVa: 0.45349830389022827
Epoch: 22, AccTr: 0.9172000288963318, AccVa: 0.8740000128746033, CeTr: 0.27431514859199524, CeVa: 0.5154207348823547
Epoch: 23, AccTr: 0.9115999937057495, AccVa: 0.8604999780654907, CeTr: 0.2756606936454773, CeVa: 0.5084878206253052
Epoch: 24, AccTr: 0.9110000133514404, AccVa: 0.8610000014305115, CeTr: 0.28041860461235046, CeVa: 0.5066038966178894
Epoch: 25, AccTr: 0.9140999913215637, AccVa: 0.8744999766349792, CeTr: 0.2742651104927063, CeVa: 0.46122223138809204
ENSEMBLE | Tr_Acc: 0.9639999866485596, Tr_CE: 0.11006011068820953, Va_Acc: 0.9290000200271606, Va_CE: 0.2634240686893463
Epoch: 26, AccTr: 0.9088000059127808, AccVa: 0.8700000047683716, CeTr: 0.28076621890068054, CeVa: 0.4767914116382599
Epoch: 27, AccTr: 0.9099000096321106, AccVa: 0.8679999709129333, CeTr: 0.2798554599285126, CeVa: 0.5182055234909058
Epoch: 28, AccTr: 0.917900025844574, AccVa: 0.8709999918937683, CeTr: 0.26427510380744934, CeVa: 0.4807130694389343
Epoch: 29, AccTr: 0.9169999957084656, AccVa: 0.8694999814033508, CeTr: 0.26418980956077576, CeVa: 0.5006935596466064
Epoch: 30, AccTr: 0.9180999994277954, AccVa: 0.8679999709129333, CeTr: 0.2657647132873535, CeVa: 0.49965691566467285
ENSEMBLE | Tr_Acc: 0.9664000272750854, Tr_CE: 0.10350581258535385, Va_Acc: 0.9309999942779541, Va_CE: 0.25358736515045166
Epoch: 31, AccTr: 0.9121999740600586, AccVa: 0.8669999837875366, CeTr: 0.2789914011955261, CeVa: 0.5006520748138428
Epoch: 32, AccTr: 0.9158999919891357, AccVa: 0.8765000104904175, CeTr: 0.26737892627716064, CeVa: 0.4904216527938843
Epoch: 33, AccTr: 0.9136999845504761, AccVa: 0.8650000095367432, CeTr: 0.28036701679229736, CeVa: 0.5037630796432495
Epoch: 34, AccTr: 0.9143999814987183, AccVa: 0.8774999976158142, CeTr: 0.280063658952713, CeVa: 0.47457993030548096
Epoch: 35, AccTr: 0.9114000201225281, AccVa: 0.8644999861717224, CeTr: 0.2695656716823578, CeVa: 0.5229533314704895
ENSEMBLE | Tr_Acc: 0.9682000279426575, Tr_CE: 0.10026389360427856, Va_Acc: 0.9279999732971191, Va_CE: 0.2513267695903778
Epoch: 36, AccTr: 0.9146999716758728, AccVa: 0.8650000095367432, CeTr: 0.2706586718559265, CeVa: 0.5446908473968506
Epoch: 37, AccTr: 0.9133999943733215, AccVa: 0.8759999871253967, CeTr: 0.26574674248695374, CeVa: 0.4863937199115753
Epoch: 38, AccTr: 0.9154000282287598, AccVa: 0.8529999852180481, CeTr: 0.27067381143569946, CeVa: 0.5937345027923584
Epoch: 39, AccTr: 0.9150000214576721, AccVa: 0.8679999709129333, CeTr: 0.2786015570163727, CeVa: 0.5067773461341858
Epoch: 40, AccTr: 0.9151999950408936, AccVa: 0.8654999732971191, CeTr: 0.2732056677341461, CeVa: 0.4954284131526947
ENSEMBLE | Tr_Acc: 0.9696000218391418, Tr_CE: 0.09727394580841064, Va_Acc: 0.9269999861717224, Va_CE: 0.24712395668029785
Epoch: 41, AccTr: 0.9186000227928162, AccVa: 0.8654999732971191, CeTr: 0.26656389236450195, CeVa: 0.5017083883285522
Epoch: 42, AccTr: 0.9174000024795532, AccVa: 0.8790000081062317, CeTr: 0.2680041491985321, CeVa: 0.48264265060424805
Epoch: 43, AccTr: 0.9157000184059143, AccVa: 0.8809999823570251, CeTr: 0.2650526463985443, CeVa: 0.4852111041545868
Epoch: 44, AccTr: 0.9139999747276306, AccVa: 0.8790000081062317, CeTr: 0.27071017026901245, CeVa: 0.49702849984169006
Epoch: 45, AccTr: 0.9172999858856201, AccVa: 0.8730000257492065, CeTr: 0.2609880864620209, CeVa: 0.4870105981826782
ENSEMBLE | Tr_Acc: 0.9704999923706055, Tr_CE: 0.09377522021532059, Va_Acc: 0.9294999837875366, Va_CE: 0.2449541687965393
Epoch: 46, AccTr: 0.9154000282287598, AccVa: 0.8784999847412109, CeTr: 0.26571741700172424, CeVa: 0.47066429257392883
Epoch: 47, AccTr: 0.9190000295639038, AccVa: 0.8725000023841858, CeTr: 0.26420271396636963, CeVa: 0.5125659704208374
Epoch: 48, AccTr: 0.9140999913215637, AccVa: 0.8629999756813049, CeTr: 0.2704896628856659, CeVa: 0.529230535030365
Epoch: 49, AccTr: 0.9172000288963318, AccVa: 0.8715000152587891, CeTr: 0.25983354449272156, CeVa: 0.5071263909339905
Epoch: 50, AccTr: 0.9129999876022339, AccVa: 0.8769999742507935, CeTr: 0.27287423610687256, CeVa: 0.4902210831642151
ENSEMBLE | Tr_Acc: 0.9713000059127808, Tr_CE: 0.09197531640529633, Va_Acc: 0.9309999942779541, Va_CE: 0.24415206909179688
NN CONFIG
Weight-type:		ternary
Layout									Layer #1: 250	Layer #2: 220	
Activation Functions					Layer #1: ets	Layer #2: ets	
Keep probabilities		Layer #0: 1.0	Layer #1: 1.0	Layer #2: 1.0	
Flat factors							Layer #1: 1.0	Layer #2: 1.0	Layer #3: 1.0	
Activation Noise						Layer #1: 0.1	Layer #2: 0.1	Layer #3: 0.0	
Prior: 0.8

===================================

RUN CONFIG
Epochs: 50, Blocksize: 4

===================================

Input binarization: False
Epoch: 1, AccTr: 0.9128999710083008, AccVa: 0.8615000247955322, CeTr: 0.2849366068840027, CeVa: 0.49069252610206604
Epoch: 2, AccTr: 0.9092000126838684, AccVa: 0.8784999847412109, CeTr: 0.30257901549339294, CeVa: 0.47909802198410034
Epoch: 3, AccTr: 0.9139000177383423, AccVa: 0.871999979019165, CeTr: 0.27399012446403503, CeVa: 0.4567982256412506
Epoch: 4, AccTr: 0.9158999919891357, AccVa: 0.875, CeTr: 0.2642059624195099, CeVa: 0.45354750752449036
Epoch: 5, AccTr: 0.9139999747276306, AccVa: 0.8769999742507935, CeTr: 0.26588428020477295, CeVa: 0.4622170627117157
ENSEMBLE | Tr_Acc: 0.9139999747276306, Tr_CE: 0.26588428020477295, Va_Acc: 0.8769999742507935, Va_CE: 0.4622170627117157
Epoch: 6, AccTr: 0.9072999954223633, AccVa: 0.8600000143051147, CeTr: 0.2840207517147064, CeVa: 0.48547324538230896
Epoch: 7, AccTr: 0.9158999919891357, AccVa: 0.8675000071525574, CeTr: 0.26470664143562317, CeVa: 0.5307375192642212
Epoch: 8, AccTr: 0.9190000295639038, AccVa: 0.8744999766349792, CeTr: 0.2573006749153137, CeVa: 0.4926398694515228
Epoch: 9, AccTr: 0.9140999913215637, AccVa: 0.8734999895095825, CeTr: 0.2761111259460449, CeVa: 0.4802844822406769
Epoch: 10, AccTr: 0.9217000007629395, AccVa: 0.8805000185966492, CeTr: 0.25717025995254517, CeVa: 0.488118052482605
ENSEMBLE | Tr_Acc: 0.9495999813079834, Tr_CE: 0.15663136541843414, Va_Acc: 0.9139999747276306, Va_CE: 0.3376730978488922
Epoch: 11, AccTr: 0.9132000207901001, AccVa: 0.875, CeTr: 0.27857816219329834, CeVa: 0.49454590678215027
Epoch: 12, AccTr: 0.916100025177002, AccVa: 0.8684999942779541, CeTr: 0.26790091395378113, CeVa: 0.4860132336616516
Epoch: 13, AccTr: 0.9146999716758728, AccVa: 0.8690000176429749, CeTr: 0.26774582266807556, CeVa: 0.5139783620834351
Epoch: 14, AccTr: 0.9103000164031982, AccVa: 0.8644999861717224, CeTr: 0.27734634280204773, CeVa: 0.5097600817680359
Epoch: 15, AccTr: 0.9147999882698059, AccVa: 0.878000020980835, CeTr: 0.2719208896160126, CeVa: 0.475771963596344
ENSEMBLE | Tr_Acc: 0.9589999914169312, Tr_CE: 0.12704387307167053, Va_Acc: 0.9204999804496765, Va_CE: 0.29088473320007324
Epoch: 16, AccTr: 0.9158999919891357, AccVa: 0.8690000176429749, CeTr: 0.25738808512687683, CeVa: 0.49082106351852417
Epoch: 17, AccTr: 0.9157000184059143, AccVa: 0.8744999766349792, CeTr: 0.2764086127281189, CeVa: 0.45552289485931396
Epoch: 18, AccTr: 0.9161999821662903, AccVa: 0.8834999799728394, CeTr: 0.27003782987594604, CeVa: 0.4352412521839142
Epoch: 19, AccTr: 0.917900025844574, AccVa: 0.875, CeTr: 0.2630298435688019, CeVa: 0.45462870597839355
Epoch: 20, AccTr: 0.9154000282287598, AccVa: 0.8694999814033508, CeTr: 0.2665784955024719, CeVa: 0.44590604305267334
ENSEMBLE | Tr_Acc: 0.9657999873161316, Tr_CE: 0.10955280810594559, Va_Acc: 0.9279999732971191, Va_CE: 0.2571011781692505
Epoch: 21, AccTr: 0.9168999791145325, AccVa: 0.878000020980835, CeTr: 0.26778751611709595, CeVa: 0.47521618008613586
Epoch: 22, AccTr: 0.9175000190734863, AccVa: 0.8784999847412109, CeTr: 0.2700864374637604, CeVa: 0.47327160835266113
Epoch: 23, AccTr: 0.9165999889373779, AccVa: 0.8694999814033508, CeTr: 0.2658464014530182, CeVa: 0.4846762716770172
Epoch: 24, AccTr: 0.9143000245094299, AccVa: 0.8755000233650208, CeTr: 0.27350375056266785, CeVa: 0.491173654794693
Epoch: 25, AccTr: 0.9207000136375427, AccVa: 0.8705000281333923, CeTr: 0.2529624104499817, CeVa: 0.4872296452522278
ENSEMBLE | Tr_Acc: 0.9688000082969666, Tr_CE: 0.1004909947514534, Va_Acc: 0.9319999814033508, Va_CE: 0.2471800595521927
Epoch: 26, AccTr: 0.9138000011444092, AccVa: 0.8755000233650208, CeTr: 0.2735208570957184, CeVa: 0.48943591117858887
Epoch: 27, AccTr: 0.9156000018119812, AccVa: 0.8769999742507935, CeTr: 0.2645239233970642, CeVa: 0.4569997191429138
Epoch: 28, AccTr: 0.9132999777793884, AccVa: 0.8725000023841858, CeTr: 0.2644047141075134, CeVa: 0.47444412112236023
Epoch: 29, AccTr: 0.9193000197410583, AccVa: 0.8765000104904175, CeTr: 0.251953125, CeVa: 0.4753594994544983
Epoch: 30, AccTr: 0.9147999882698059, AccVa: 0.875, CeTr: 0.26346778869628906, CeVa: 0.4881231188774109
ENSEMBLE | Tr_Acc: 0.9707000255584717, Tr_CE: 0.09417024254798889, Va_Acc: 0.9334999918937683, Va_CE: 0.24307486414909363
Epoch: 31, AccTr: 0.916100025177002, AccVa: 0.8744999766349792, CeTr: 0.2644135355949402, CeVa: 0.45926761627197266
Epoch: 32, AccTr: 0.9132000207901001, AccVa: 0.8744999766349792, CeTr: 0.2663954198360443, CeVa: 0.467381089925766
Epoch: 33, AccTr: 0.9111999869346619, AccVa: 0.8774999976158142, CeTr: 0.27264559268951416, CeVa: 0.4655686318874359
Epoch: 34, AccTr: 0.916100025177002, AccVa: 0.8665000200271606, CeTr: 0.26257315278053284, CeVa: 0.5084223747253418
Epoch: 35, AccTr: 0.9125000238418579, AccVa: 0.8665000200271606, CeTr: 0.28098124265670776, CeVa: 0.4960339367389679
ENSEMBLE | Tr_Acc: 0.9718000292778015, Tr_CE: 0.09096208214759827, Va_Acc: 0.9340000152587891, Va_CE: 0.23783326148986816
Epoch: 36, AccTr: 0.9168999791145325, AccVa: 0.8705000281333923, CeTr: 0.26240381598472595, CeVa: 0.49081531167030334
Epoch: 37, AccTr: 0.9111999869346619, AccVa: 0.878000020980835, CeTr: 0.2724016010761261, CeVa: 0.4358094334602356
Epoch: 38, AccTr: 0.9144999980926514, AccVa: 0.8600000143051147, CeTr: 0.2627235949039459, CeVa: 0.5280216336250305
Epoch: 39, AccTr: 0.9146000146865845, AccVa: 0.8784999847412109, CeTr: 0.26160210371017456, CeVa: 0.46566787362098694
Epoch: 40, AccTr: 0.9121999740600586, AccVa: 0.8805000185966492, CeTr: 0.2778852581977844, CeVa: 0.5040963292121887
ENSEMBLE | Tr_Acc: 0.972000002861023, Tr_CE: 0.08909787237644196, Va_Acc: 0.9365000128746033, Va_CE: 0.2329252064228058
Epoch: 41, AccTr: 0.914900004863739, AccVa: 0.8730000257492065, CeTr: 0.2663107216358185, CeVa: 0.5100347995758057
Epoch: 42, AccTr: 0.9142000079154968, AccVa: 0.8805000185966492, CeTr: 0.2787587642669678, CeVa: 0.4527892470359802
Epoch: 43, AccTr: 0.9140999913215637, AccVa: 0.8744999766349792, CeTr: 0.2712235450744629, CeVa: 0.4764995872974396
Epoch: 44, AccTr: 0.9169999957084656, AccVa: 0.875, CeTr: 0.26951900124549866, CeVa: 0.4601333737373352
Epoch: 45, AccTr: 0.9144999980926514, AccVa: 0.8709999918937683, CeTr: 0.26579004526138306, CeVa: 0.4543960392475128
ENSEMBLE | Tr_Acc: 0.9729999899864197, Tr_CE: 0.08634984493255615, Va_Acc: 0.9369999766349792, Va_CE: 0.22536809742450714
Epoch: 46, AccTr: 0.916700005531311, AccVa: 0.8744999766349792, CeTr: 0.26179036498069763, CeVa: 0.5099973082542419
Epoch: 47, AccTr: 0.9162999987602234, AccVa: 0.8715000152587891, CeTr: 0.2672879993915558, CeVa: 0.48291730880737305
Epoch: 48, AccTr: 0.9176999926567078, AccVa: 0.8799999952316284, CeTr: 0.2594907581806183, CeVa: 0.5182482004165649
Epoch: 49, AccTr: 0.9147999882698059, AccVa: 0.8794999718666077, CeTr: 0.2674713730812073, CeVa: 0.46927154064178467
Epoch: 50, AccTr: 0.9164000153541565, AccVa: 0.8794999718666077, CeTr: 0.2678321301937103, CeVa: 0.48087334632873535
ENSEMBLE | Tr_Acc: 0.9736999869346619, Tr_CE: 0.08486621826887131, Va_Acc: 0.9380000233650208, Va_CE: 0.22403062880039215
NN CONFIG
Weight-type:		ternary
Layout									Layer #1: 250	Layer #2: 220	
Activation Functions					Layer #1: ets	Layer #2: ets	
Keep probabilities		Layer #0: 1.0	Layer #1: 1.0	Layer #2: 1.0	
Flat factors							Layer #1: 1.0	Layer #2: 1.0	Layer #3: 1.0	
Activation Noise						Layer #1: 0.1	Layer #2: 0.1	Layer #3: 0.0	
Prior: 0.8

===================================

RUN CONFIG
Epochs: 50, Blocksize: 4

===================================

Input binarization: False
Epoch: 1, AccTr: 0.9047999978065491, AccVa: 0.8709999918937683, CeTr: 0.31211477518081665, CeVa: 0.47131603956222534
Epoch: 2, AccTr: 0.9089000225067139, AccVa: 0.8840000033378601, CeTr: 0.29286450147628784, CeVa: 0.42843520641326904
Epoch: 3, AccTr: 0.9106000065803528, AccVa: 0.8834999799728394, CeTr: 0.29126685857772827, CeVa: 0.410555362701416
Epoch: 4, AccTr: 0.9061999917030334, AccVa: 0.8705000281333923, CeTr: 0.29728206992149353, CeVa: 0.48497509956359863
Epoch: 5, AccTr: 0.9143999814987183, AccVa: 0.8694999814033508, CeTr: 0.27023062109947205, CeVa: 0.4472000002861023
ENSEMBLE | Tr_Acc: 0.9143999814987183, Tr_CE: 0.27023062109947205, Va_Acc: 0.8694999814033508, Va_CE: 0.4472000002861023
Epoch: 6, AccTr: 0.9125000238418579, AccVa: 0.8774999976158142, CeTr: 0.27344363927841187, CeVa: 0.4549625515937805
Epoch: 7, AccTr: 0.9101999998092651, AccVa: 0.8684999942779541, CeTr: 0.2802828550338745, CeVa: 0.49825233221054077
Epoch: 8, AccTr: 0.9108999967575073, AccVa: 0.8700000047683716, CeTr: 0.2847534716129303, CeVa: 0.46992576122283936
Epoch: 9, AccTr: 0.9160000085830688, AccVa: 0.8794999718666077, CeTr: 0.27021169662475586, CeVa: 0.44551265239715576
Epoch: 10, AccTr: 0.9203000068664551, AccVa: 0.8730000257492065, CeTr: 0.258671373128891, CeVa: 0.4315941631793976
ENSEMBLE | Tr_Acc: 0.9502000212669373, Tr_CE: 0.15786537528038025, Va_Acc: 0.9089999794960022, Va_CE: 0.2987828850746155
Epoch: 11, AccTr: 0.911300003528595, AccVa: 0.8790000081062317, CeTr: 0.2671709656715393, CeVa: 0.43151938915252686
Epoch: 12, AccTr: 0.9128000140190125, AccVa: 0.8824999928474426, CeTr: 0.2644742727279663, CeVa: 0.4415770471096039
Epoch: 13, AccTr: 0.9115999937057495, AccVa: 0.8659999966621399, CeTr: 0.2815292477607727, CeVa: 0.49683380126953125
Epoch: 14, AccTr: 0.9114999771118164, AccVa: 0.8759999871253967, CeTr: 0.28053224086761475, CeVa: 0.4648081660270691
Epoch: 15, AccTr: 0.9150000214576721, AccVa: 0.8805000185966492, CeTr: 0.2584441900253296, CeVa: 0.44722962379455566
ENSEMBLE | Tr_Acc: 0.9610000252723694, Tr_CE: 0.1260208934545517, Va_Acc: 0.9254999756813049, Va_CE: 0.25825974345207214
Epoch: 16, AccTr: 0.9150000214576721, AccVa: 0.8849999904632568, CeTr: 0.2653743028640747, CeVa: 0.43725815415382385
Epoch: 17, AccTr: 0.9140999913215637, AccVa: 0.8794999718666077, CeTr: 0.2612784504890442, CeVa: 0.4166061282157898
Epoch: 18, AccTr: 0.9126999974250793, AccVa: 0.8725000023841858, CeTr: 0.27404555678367615, CeVa: 0.4772462844848633
Epoch: 19, AccTr: 0.9146999716758728, AccVa: 0.871999979019165, CeTr: 0.26587483286857605, CeVa: 0.4211638867855072
Epoch: 20, AccTr: 0.9200000166893005, AccVa: 0.8755000233650208, CeTr: 0.2552221417427063, CeVa: 0.4570409655570984
ENSEMBLE | Tr_Acc: 0.9657999873161316, Tr_CE: 0.11246037483215332, Va_Acc: 0.9330000281333923, Va_CE: 0.24187609553337097
Epoch: 21, AccTr: 0.9150000214576721, AccVa: 0.8730000257492065, CeTr: 0.26808539032936096, CeVa: 0.4484728276729584
Epoch: 22, AccTr: 0.9150000214576721, AccVa: 0.8700000047683716, CeTr: 0.2610263228416443, CeVa: 0.4847501218318939
Epoch: 23, AccTr: 0.9193000197410583, AccVa: 0.8725000023841858, CeTr: 0.2529011368751526, CeVa: 0.4792715907096863
Epoch: 24, AccTr: 0.9086999893188477, AccVa: 0.8840000033378601, CeTr: 0.2788221836090088, CeVa: 0.4252733588218689
Epoch: 25, AccTr: 0.9125999808311462, AccVa: 0.8684999942779541, CeTr: 0.27248114347457886, CeVa: 0.45225298404693604
ENSEMBLE | Tr_Acc: 0.9686999917030334, Tr_CE: 0.10529299080371857, Va_Acc: 0.9355000257492065, Va_CE: 0.22804376482963562
Epoch: 26, AccTr: 0.9115999937057495, AccVa: 0.8705000281333923, CeTr: 0.2698831558227539, CeVa: 0.4636566638946533
Epoch: 27, AccTr: 0.9114999771118164, AccVa: 0.871999979019165, CeTr: 0.26899203658103943, CeVa: 0.468318909406662
Epoch: 28, AccTr: 0.9106000065803528, AccVa: 0.8755000233650208, CeTr: 0.2705586850643158, CeVa: 0.4335050880908966
Epoch: 29, AccTr: 0.9114999771118164, AccVa: 0.8694999814033508, CeTr: 0.2730274796485901, CeVa: 0.47266313433647156
Epoch: 30, AccTr: 0.9140999913215637, AccVa: 0.8755000233650208, CeTr: 0.26170051097869873, CeVa: 0.45531660318374634
ENSEMBLE | Tr_Acc: 0.9695000052452087, Tr_CE: 0.09984033554792404, Va_Acc: 0.9350000023841858, Va_CE: 0.22402626276016235
Epoch: 31, AccTr: 0.9157999753952026, AccVa: 0.8705000281333923, CeTr: 0.2678828537464142, CeVa: 0.4661268889904022
Epoch: 32, AccTr: 0.9089000225067139, AccVa: 0.8679999709129333, CeTr: 0.28175976872444153, CeVa: 0.44900819659233093
Epoch: 33, AccTr: 0.911899983882904, AccVa: 0.8705000281333923, CeTr: 0.2725573778152466, CeVa: 0.46971288323402405
Epoch: 34, AccTr: 0.9154000282287598, AccVa: 0.8715000152587891, CeTr: 0.26055577397346497, CeVa: 0.48744165897369385
Epoch: 35, AccTr: 0.9194999933242798, AccVa: 0.8690000176429749, CeTr: 0.2573457658290863, CeVa: 0.4741515517234802
ENSEMBLE | Tr_Acc: 0.97079998254776, Tr_CE: 0.09600549191236496, Va_Acc: 0.9355000257492065, Va_CE: 0.2205759435892105
Epoch: 36, AccTr: 0.9135000109672546, AccVa: 0.8730000257492065, CeTr: 0.27009350061416626, CeVa: 0.4659739136695862
Epoch: 37, AccTr: 0.9120000004768372, AccVa: 0.8744999766349792, CeTr: 0.2773289978504181, CeVa: 0.45524081587791443
Epoch: 38, AccTr: 0.9125000238418579, AccVa: 0.8650000095367432, CeTr: 0.27616629004478455, CeVa: 0.46504175662994385
Epoch: 39, AccTr: 0.9107999801635742, AccVa: 0.878000020980835, CeTr: 0.2746617794036865, CeVa: 0.4492384195327759
Epoch: 40, AccTr: 0.9121999740600586, AccVa: 0.8744999766349792, CeTr: 0.28060591220855713, CeVa: 0.4508797824382782
ENSEMBLE | Tr_Acc: 0.9700999855995178, Tr_CE: 0.09402885288000107, Va_Acc: 0.9384999871253967, Va_CE: 0.21656416356563568
Epoch: 41, AccTr: 0.9122999906539917, AccVa: 0.8675000071525574, CeTr: 0.27282172441482544, CeVa: 0.45826321840286255
Epoch: 42, AccTr: 0.911300003528595, AccVa: 0.8700000047683716, CeTr: 0.27353861927986145, CeVa: 0.44652074575424194
Epoch: 43, AccTr: 0.9146999716758728, AccVa: 0.8690000176429749, CeTr: 0.27706289291381836, CeVa: 0.4684251844882965
Epoch: 44, AccTr: 0.9118000268936157, AccVa: 0.8684999942779541, CeTr: 0.262448787689209, CeVa: 0.478785902261734
Epoch: 45, AccTr: 0.9168999791145325, AccVa: 0.8730000257492065, CeTr: 0.26267144083976746, CeVa: 0.45530936121940613
ENSEMBLE | Tr_Acc: 0.9713000059127808, Tr_CE: 0.09183351695537567, Va_Acc: 0.9390000104904175, Va_CE: 0.21533331274986267
Epoch: 46, AccTr: 0.9128000140190125, AccVa: 0.8790000081062317, CeTr: 0.2740699350833893, CeVa: 0.47311311960220337
Epoch: 47, AccTr: 0.907800018787384, AccVa: 0.8604999780654907, CeTr: 0.28131285309791565, CeVa: 0.4793328642845154
Epoch: 48, AccTr: 0.911899983882904, AccVa: 0.8690000176429749, CeTr: 0.2813861668109894, CeVa: 0.48146340250968933
Epoch: 49, AccTr: 0.9106000065803528, AccVa: 0.8644999861717224, CeTr: 0.28236469626426697, CeVa: 0.5029006004333496
Epoch: 50, AccTr: 0.9180999994277954, AccVa: 0.875, CeTr: 0.26498839259147644, CeVa: 0.444406121969223
ENSEMBLE | Tr_Acc: 0.972100019454956, Tr_CE: 0.0902266651391983, Va_Acc: 0.9365000128746033, Va_CE: 0.2121696174144745
NN CONFIG
Weight-type:		ternary
Layout									Layer #1: 250	Layer #2: 220	
Activation Functions					Layer #1: ets	Layer #2: ets	
Keep probabilities		Layer #0: 1.0	Layer #1: 1.0	Layer #2: 1.0	
Flat factors							Layer #1: 1.0	Layer #2: 1.0	Layer #3: 1.0	
Activation Noise						Layer #1: 0.1	Layer #2: 0.1	Layer #3: 0.0	
Prior: 0.8

===================================

RUN CONFIG
Epochs: 50, Blocksize: 4

===================================

Input binarization: False
Epoch: 1, AccTr: 0.8981999754905701, AccVa: 0.8690000176429749, CeTr: 0.3265781104564667, CeVa: 0.46247461438179016
Epoch: 2, AccTr: 0.9117000102996826, AccVa: 0.8790000081062317, CeTr: 0.29169541597366333, CeVa: 0.48219460248947144
Epoch: 3, AccTr: 0.9110999703407288, AccVa: 0.8740000128746033, CeTr: 0.2830601632595062, CeVa: 0.4727737009525299
Epoch: 4, AccTr: 0.9175000190734863, AccVa: 0.8790000081062317, CeTr: 0.2726547122001648, CeVa: 0.4751587212085724
Epoch: 5, AccTr: 0.9122999906539917, AccVa: 0.8725000023841858, CeTr: 0.2835565507411957, CeVa: 0.5018848776817322
ENSEMBLE | Tr_Acc: 0.9122999906539917, Tr_CE: 0.2835565507411957, Va_Acc: 0.8725000023841858, Va_CE: 0.5018848776817322
Epoch: 6, AccTr: 0.9142000079154968, AccVa: 0.8650000095367432, CeTr: 0.27098333835601807, CeVa: 0.5136165022850037
Epoch: 7, AccTr: 0.9136999845504761, AccVa: 0.8585000038146973, CeTr: 0.2769971489906311, CeVa: 0.5269835591316223
Epoch: 8, AccTr: 0.9157000184059143, AccVa: 0.8794999718666077, CeTr: 0.2737216055393219, CeVa: 0.4526597857475281
Epoch: 9, AccTr: 0.9101999998092651, AccVa: 0.8700000047683716, CeTr: 0.2858709394931793, CeVa: 0.46085622906684875
Epoch: 10, AccTr: 0.9093000292778015, AccVa: 0.8690000176429749, CeTr: 0.2801513075828552, CeVa: 0.4957159459590912
ENSEMBLE | Tr_Acc: 0.9463000297546387, Tr_CE: 0.16684870421886444, Va_Acc: 0.9089999794960022, Va_CE: 0.3576172888278961
Epoch: 11, AccTr: 0.9097999930381775, AccVa: 0.8705000281333923, CeTr: 0.28049471974372864, CeVa: 0.46522241830825806
Epoch: 12, AccTr: 0.9115999937057495, AccVa: 0.8675000071525574, CeTr: 0.27565476298332214, CeVa: 0.4699530005455017
Epoch: 13, AccTr: 0.9150999784469604, AccVa: 0.8694999814033508, CeTr: 0.27357450127601624, CeVa: 0.4916137456893921
Epoch: 14, AccTr: 0.9172000288963318, AccVa: 0.8715000152587891, CeTr: 0.2708849608898163, CeVa: 0.4686284363269806
Epoch: 15, AccTr: 0.9107000231742859, AccVa: 0.8669999837875366, CeTr: 0.27762922644615173, CeVa: 0.5058539509773254
ENSEMBLE | Tr_Acc: 0.9569000005722046, Tr_CE: 0.13331496715545654, Va_Acc: 0.9194999933242798, Va_CE: 0.3141036629676819
Epoch: 16, AccTr: 0.9174000024795532, AccVa: 0.8744999766349792, CeTr: 0.2653546929359436, CeVa: 0.4878726601600647
Epoch: 17, AccTr: 0.9139999747276306, AccVa: 0.8755000233650208, CeTr: 0.2793983519077301, CeVa: 0.4440106451511383
Epoch: 18, AccTr: 0.9125000238418579, AccVa: 0.8755000233650208, CeTr: 0.2729702591896057, CeVa: 0.453483521938324
Epoch: 19, AccTr: 0.9144999980926514, AccVa: 0.878000020980835, CeTr: 0.26625141501426697, CeVa: 0.4522395730018616
Epoch: 20, AccTr: 0.911899983882904, AccVa: 0.8824999928474426, CeTr: 0.28048083186149597, CeVa: 0.44160276651382446
ENSEMBLE | Tr_Acc: 0.9610999822616577, Tr_CE: 0.12062545120716095, Va_Acc: 0.9244999885559082, Va_CE: 0.28364279866218567
Epoch: 21, AccTr: 0.9168000221252441, AccVa: 0.8734999895095825, CeTr: 0.275617390871048, CeVa: 0.4580613970756531
Epoch: 22, AccTr: 0.916700005531311, AccVa: 0.8824999928474426, CeTr: 0.26253125071525574, CeVa: 0.4587511718273163
Epoch: 23, AccTr: 0.9072999954223633, AccVa: 0.8755000233650208, CeTr: 0.287905216217041, CeVa: 0.4721967577934265
Epoch: 24, AccTr: 0.9161999821662903, AccVa: 0.8784999847412109, CeTr: 0.268478125333786, CeVa: 0.42646101117134094
Epoch: 25, AccTr: 0.9146000146865845, AccVa: 0.8740000128746033, CeTr: 0.27060961723327637, CeVa: 0.4995487630367279
ENSEMBLE | Tr_Acc: 0.963699996471405, Tr_CE: 0.112078957259655, Va_Acc: 0.9290000200271606, Va_CE: 0.27762654423713684
Epoch: 26, AccTr: 0.9161999821662903, AccVa: 0.8744999766349792, CeTr: 0.26663723587989807, CeVa: 0.46252888441085815
Epoch: 27, AccTr: 0.9128000140190125, AccVa: 0.8734999895095825, CeTr: 0.2817527949810028, CeVa: 0.48545756936073303
Epoch: 28, AccTr: 0.9168000221252441, AccVa: 0.878000020980835, CeTr: 0.2642756700515747, CeVa: 0.47938597202301025
Epoch: 29, AccTr: 0.9178000092506409, AccVa: 0.8665000200271606, CeTr: 0.2675807476043701, CeVa: 0.5138038992881775
Epoch: 30, AccTr: 0.9172999858856201, AccVa: 0.8615000247955322, CeTr: 0.2647429406642914, CeVa: 0.5062476992607117
ENSEMBLE | Tr_Acc: 0.9674000144004822, Tr_CE: 0.10563623160123825, Va_Acc: 0.925000011920929, Va_CE: 0.2706615626811981
Epoch: 31, AccTr: 0.9165999889373779, AccVa: 0.8690000176429749, CeTr: 0.2698187232017517, CeVa: 0.5022135376930237
Epoch: 32, AccTr: 0.9103999733924866, AccVa: 0.8709999918937683, CeTr: 0.27488628029823303, CeVa: 0.5181636214256287
Epoch: 33, AccTr: 0.9089000225067139, AccVa: 0.8629999756813049, CeTr: 0.301261305809021, CeVa: 0.5440108180046082
Epoch: 34, AccTr: 0.9129999876022339, AccVa: 0.8665000200271606, CeTr: 0.2764732837677002, CeVa: 0.47956401109695435
Epoch: 35, AccTr: 0.9075000286102295, AccVa: 0.8690000176429749, CeTr: 0.28787514567375183, CeVa: 0.4675983786582947
ENSEMBLE | Tr_Acc: 0.9682999849319458, Tr_CE: 0.10274700820446014, Va_Acc: 0.9290000200271606, Va_CE: 0.25986582040786743
Epoch: 36, AccTr: 0.9132999777793884, AccVa: 0.8684999942779541, CeTr: 0.27534669637680054, CeVa: 0.48760825395584106
Epoch: 37, AccTr: 0.9135000109672546, AccVa: 0.8709999918937683, CeTr: 0.27005377411842346, CeVa: 0.48207390308380127
Epoch: 38, AccTr: 0.9111999869346619, AccVa: 0.8725000023841858, CeTr: 0.2823496162891388, CeVa: 0.45769405364990234
Epoch: 39, AccTr: 0.9146999716758728, AccVa: 0.8730000257492065, CeTr: 0.27513813972473145, CeVa: 0.4509103298187256
Epoch: 40, AccTr: 0.9154999852180481, AccVa: 0.8765000104904175, CeTr: 0.2786042094230652, CeVa: 0.44532379508018494
ENSEMBLE | Tr_Acc: 0.9688000082969666, Tr_CE: 0.09986341744661331, Va_Acc: 0.9319999814033508, Va_CE: 0.25196850299835205
Epoch: 41, AccTr: 0.911300003528595, AccVa: 0.8684999942779541, CeTr: 0.2749265730381012, CeVa: 0.4685633182525635
Epoch: 42, AccTr: 0.9092000126838684, AccVa: 0.8790000081062317, CeTr: 0.28095686435699463, CeVa: 0.45251673460006714
Epoch: 43, AccTr: 0.9187999963760376, AccVa: 0.8705000281333923, CeTr: 0.2604297995567322, CeVa: 0.46847718954086304
Epoch: 44, AccTr: 0.9153000116348267, AccVa: 0.878000020980835, CeTr: 0.2636024057865143, CeVa: 0.45448097586631775
Epoch: 45, AccTr: 0.9146000146865845, AccVa: 0.8824999928474426, CeTr: 0.27653226256370544, CeVa: 0.42946070432662964
ENSEMBLE | Tr_Acc: 0.9695000052452087, Tr_CE: 0.09811311215162277, Va_Acc: 0.9325000047683716, Va_CE: 0.24538999795913696
Epoch: 46, AccTr: 0.9182000160217285, AccVa: 0.8774999976158142, CeTr: 0.2709263563156128, CeVa: 0.49340203404426575
Epoch: 47, AccTr: 0.9121999740600586, AccVa: 0.8755000233650208, CeTr: 0.2787337005138397, CeVa: 0.4908662438392639
Epoch: 48, AccTr: 0.9089999794960022, AccVa: 0.878000020980835, CeTr: 0.2879430949687958, CeVa: 0.46997034549713135
Epoch: 49, AccTr: 0.911899983882904, AccVa: 0.8715000152587891, CeTr: 0.28581538796424866, CeVa: 0.4773659110069275
Epoch: 50, AccTr: 0.9144999980926514, AccVa: 0.875, CeTr: 0.2806016504764557, CeVa: 0.48314836621284485
ENSEMBLE | Tr_Acc: 0.970300018787384, Tr_CE: 0.09674149006605148, Va_Acc: 0.9309999942779541, Va_CE: 0.24237841367721558
Mod Accuracy || Mean: 0.8766250014305115	 Std: 0.0018498188583180308
Ens Accuracy || Mean: 0.9341250061988831	 Std: 0.0031696930527687073
Mod CE || Mean: 0.4746622145175934	 Std: 0.01780521310865879
Ens CE || Mean: 0.23068268597126007	 Std: 0.013277781195938587
