NN CONFIG
Weight-type:		ternary
Layout									Layer #1: 250	Layer #2: 220	
Activation Functions					Layer #1: ets	Layer #2: ets	
Keep probabilities		Layer #0: 1.0	Layer #1: 1.0	Layer #2: 1.0	
Flat factors							Layer #1: 1.0	Layer #2: 1.0	Layer #3: 1.0	
Activation Noise						Layer #1: 0.1	Layer #2: 0.1	Layer #3: 0.0	
Prior: 0.8

===================================

RUN CONFIG
Epochs: 50, Blocksize: 4

===================================

Epoch: 1, AccTr: 0.9088000059127808, AccVa: 0.8510000109672546, CeTr: 0.2934655249118805, CeVa: 0.5745188593864441
Epoch: 2, AccTr: 0.9088000059127808, AccVa: 0.8544999957084656, CeTr: 0.26668328046798706, CeVa: 0.5561985373497009
Epoch: 3, AccTr: 0.9133999943733215, AccVa: 0.8504999876022339, CeTr: 0.26387399435043335, CeVa: 0.5402857661247253
Epoch: 4, AccTr: 0.9164999723434448, AccVa: 0.8464999794960022, CeTr: 0.25578773021698, CeVa: 0.5672482252120972
Epoch: 5, AccTr: 0.9186000227928162, AccVa: 0.8535000085830688, CeTr: 0.24929296970367432, CeVa: 0.53891921043396
ENSEMBLE | Tr_Acc: 0.9186000227928162, Tr_CE: 0.24929296970367432, Va_Acc: 0.8535000085830688, Va_CE: 0.53891921043396
Epoch: 6, AccTr: 0.9200999736785889, AccVa: 0.8475000262260437, CeTr: 0.24279971420764923, CeVa: 0.5655591487884521
Epoch: 7, AccTr: 0.9150999784469604, AccVa: 0.8560000061988831, CeTr: 0.24700376391410828, CeVa: 0.5696545243263245
Epoch: 8, AccTr: 0.9146999716758728, AccVa: 0.8525000214576721, CeTr: 0.24850425124168396, CeVa: 0.5528348684310913
Epoch: 9, AccTr: 0.921999990940094, AccVa: 0.8510000109672546, CeTr: 0.23679257929325104, CeVa: 0.5369248986244202
Epoch: 10, AccTr: 0.9203000068664551, AccVa: 0.8539999723434448, CeTr: 0.23731257021427155, CeVa: 0.5501758456230164
ENSEMBLE | Tr_Acc: 0.955299973487854, Tr_CE: 0.13759618997573853, Va_Acc: 0.8920000195503235, Va_CE: 0.38453495502471924
Epoch: 11, AccTr: 0.9143000245094299, AccVa: 0.8495000004768372, CeTr: 0.25084754824638367, CeVa: 0.59290611743927
Epoch: 12, AccTr: 0.9140999913215637, AccVa: 0.8429999947547913, CeTr: 0.2491779327392578, CeVa: 0.6161581873893738
Epoch: 13, AccTr: 0.9179999828338623, AccVa: 0.8445000052452087, CeTr: 0.24316689372062683, CeVa: 0.5750411152839661
Epoch: 14, AccTr: 0.9168000221252441, AccVa: 0.8464999794960022, CeTr: 0.24388481676578522, CeVa: 0.5775244832038879
Epoch: 15, AccTr: 0.9193999767303467, AccVa: 0.8464999794960022, CeTr: 0.23473496735095978, CeVa: 0.5936028361320496
ENSEMBLE | Tr_Acc: 0.9666000008583069, Tr_CE: 0.10763200372457504, Va_Acc: 0.9049999713897705, Va_CE: 0.3398900330066681
Epoch: 16, AccTr: 0.9176999926567078, AccVa: 0.8445000052452087, CeTr: 0.24245668947696686, CeVa: 0.5817154049873352
Epoch: 17, AccTr: 0.9125999808311462, AccVa: 0.8414999842643738, CeTr: 0.24670933187007904, CeVa: 0.5728206634521484
Epoch: 18, AccTr: 0.9174000024795532, AccVa: 0.8495000004768372, CeTr: 0.24207934737205505, CeVa: 0.5308787822723389
Epoch: 19, AccTr: 0.9157000184059143, AccVa: 0.8424999713897705, CeTr: 0.24720346927642822, CeVa: 0.5315407514572144
Epoch: 20, AccTr: 0.917900025844574, AccVa: 0.8529999852180481, CeTr: 0.23709546029567719, CeVa: 0.5248004198074341
ENSEMBLE | Tr_Acc: 0.973800003528595, Tr_CE: 0.09201247245073318, Va_Acc: 0.9085000157356262, Va_CE: 0.3058793246746063
Epoch: 21, AccTr: 0.9190999865531921, AccVa: 0.8514999747276306, CeTr: 0.2415200173854828, CeVa: 0.5861445069313049
Epoch: 22, AccTr: 0.9136999845504761, AccVa: 0.8360000252723694, CeTr: 0.25389131903648376, CeVa: 0.5932489037513733
Epoch: 23, AccTr: 0.9153000116348267, AccVa: 0.8370000123977661, CeTr: 0.248932883143425, CeVa: 0.5849642157554626
Epoch: 24, AccTr: 0.9168000221252441, AccVa: 0.8424999713897705, CeTr: 0.24723920226097107, CeVa: 0.5794117450714111
Epoch: 25, AccTr: 0.9135000109672546, AccVa: 0.8479999899864197, CeTr: 0.2518673837184906, CeVa: 0.5509094595909119
ENSEMBLE | Tr_Acc: 0.9758999943733215, Tr_CE: 0.08523432910442352, Va_Acc: 0.9210000038146973, Va_CE: 0.28943854570388794
Epoch: 26, AccTr: 0.9138000011444092, AccVa: 0.8525000214576721, CeTr: 0.24660317599773407, CeVa: 0.5538468360900879
Epoch: 27, AccTr: 0.916100025177002, AccVa: 0.8629999756813049, CeTr: 0.2446068376302719, CeVa: 0.5402377843856812
Epoch: 28, AccTr: 0.9139000177383423, AccVa: 0.8424999713897705, CeTr: 0.25642645359039307, CeVa: 0.5413604974746704
Epoch: 29, AccTr: 0.9180999994277954, AccVa: 0.8420000076293945, CeTr: 0.24154379963874817, CeVa: 0.594467043876648
Epoch: 30, AccTr: 0.9186000227928162, AccVa: 0.8385000228881836, CeTr: 0.24456840753555298, CeVa: 0.5980513095855713
ENSEMBLE | Tr_Acc: 0.9778000116348267, Tr_CE: 0.08030887693166733, Va_Acc: 0.921999990940094, Va_CE: 0.28065407276153564
Epoch: 31, AccTr: 0.9171000123023987, AccVa: 0.8355000019073486, CeTr: 0.24434292316436768, CeVa: 0.5966265797615051
Epoch: 32, AccTr: 0.9194999933242798, AccVa: 0.8420000076293945, CeTr: 0.23254340887069702, CeVa: 0.5582606792449951
Epoch: 33, AccTr: 0.917900025844574, AccVa: 0.847000002861023, CeTr: 0.23814475536346436, CeVa: 0.5724589228630066
Epoch: 34, AccTr: 0.9241999983787537, AccVa: 0.8445000052452087, CeTr: 0.2328415960073471, CeVa: 0.5940815806388855
Epoch: 35, AccTr: 0.9196000099182129, AccVa: 0.8450000286102295, CeTr: 0.24058158695697784, CeVa: 0.5813366174697876
ENSEMBLE | Tr_Acc: 0.9782000184059143, Tr_CE: 0.07647427916526794, Va_Acc: 0.9225000143051147, Va_CE: 0.27380114793777466
Epoch: 36, AccTr: 0.9193999767303467, AccVa: 0.8539999723434448, CeTr: 0.23112794756889343, CeVa: 0.5596414804458618
Epoch: 37, AccTr: 0.9150000214576721, AccVa: 0.8445000052452087, CeTr: 0.24774052202701569, CeVa: 0.5792418122291565
Epoch: 38, AccTr: 0.9157999753952026, AccVa: 0.8510000109672546, CeTr: 0.2484201341867447, CeVa: 0.5693135261535645
Epoch: 39, AccTr: 0.9132000207901001, AccVa: 0.8309999704360962, CeTr: 0.24997323751449585, CeVa: 0.6031566262245178
Epoch: 40, AccTr: 0.9218000173568726, AccVa: 0.8500000238418579, CeTr: 0.2324809581041336, CeVa: 0.5673057436943054
ENSEMBLE | Tr_Acc: 0.9781000018119812, Tr_CE: 0.07344039529561996, Va_Acc: 0.921999990940094, Va_CE: 0.2685772180557251
Epoch: 41, AccTr: 0.9128999710083008, AccVa: 0.8504999876022339, CeTr: 0.24916137754917145, CeVa: 0.5460346341133118
Epoch: 42, AccTr: 0.9175999760627747, AccVa: 0.8424999713897705, CeTr: 0.2505309283733368, CeVa: 0.5845335721969604
Epoch: 43, AccTr: 0.9101999998092651, AccVa: 0.843500018119812, CeTr: 0.25423097610473633, CeVa: 0.5645453929901123
Epoch: 44, AccTr: 0.9151999950408936, AccVa: 0.8479999899864197, CeTr: 0.2476266771554947, CeVa: 0.5665878653526306
Epoch: 45, AccTr: 0.9204999804496765, AccVa: 0.8535000085830688, CeTr: 0.2414511740207672, CeVa: 0.5512065887451172
ENSEMBLE | Tr_Acc: 0.9794999957084656, Tr_CE: 0.0709916204214096, Va_Acc: 0.921500027179718, Va_CE: 0.26698175072669983
Epoch: 46, AccTr: 0.9168000221252441, AccVa: 0.8479999899864197, CeTr: 0.2471027374267578, CeVa: 0.545033872127533
Epoch: 47, AccTr: 0.9193999767303467, AccVa: 0.8560000061988831, CeTr: 0.23799721896648407, CeVa: 0.5161963701248169
Epoch: 48, AccTr: 0.9153000116348267, AccVa: 0.8535000085830688, CeTr: 0.2466331571340561, CeVa: 0.5700176954269409
Epoch: 49, AccTr: 0.9186000227928162, AccVa: 0.8615000247955322, CeTr: 0.23602072894573212, CeVa: 0.5420418381690979
Epoch: 50, AccTr: 0.9158999919891357, AccVa: 0.8410000205039978, CeTr: 0.24308200180530548, CeVa: 0.5845908522605896
ENSEMBLE | Tr_Acc: 0.98089998960495, Tr_CE: 0.069319948554039, Va_Acc: 0.921999990940094, Va_CE: 0.26487964391708374
NN CONFIG
Weight-type:		ternary
Layout									Layer #1: 250	Layer #2: 220	
Activation Functions					Layer #1: ets	Layer #2: ets	
Keep probabilities		Layer #0: 1.0	Layer #1: 1.0	Layer #2: 1.0	
Flat factors							Layer #1: 1.0	Layer #2: 1.0	Layer #3: 1.0	
Activation Noise						Layer #1: 0.1	Layer #2: 0.1	Layer #3: 0.0	
Prior: 0.8

===================================

RUN CONFIG
Epochs: 50, Blocksize: 4

===================================

Epoch: 1, AccTr: 0.9222999811172485, AccVa: 0.8629999756813049, CeTr: 0.24515341222286224, CeVa: 0.5566145181655884
Epoch: 2, AccTr: 0.9272000193595886, AccVa: 0.8510000109672546, CeTr: 0.23163364827632904, CeVa: 0.638679563999176
Epoch: 3, AccTr: 0.9235000014305115, AccVa: 0.8634999990463257, CeTr: 0.2309725135564804, CeVa: 0.5586374402046204
Epoch: 4, AccTr: 0.9269999861717224, AccVa: 0.8550000190734863, CeTr: 0.2262689471244812, CeVa: 0.5775948166847229
Epoch: 5, AccTr: 0.9273999929428101, AccVa: 0.8529999852180481, CeTr: 0.21829812228679657, CeVa: 0.5921235084533691
ENSEMBLE | Tr_Acc: 0.9273999929428101, Tr_CE: 0.21829812228679657, Va_Acc: 0.8529999852180481, Va_CE: 0.5921235084533691
Epoch: 6, AccTr: 0.9240999817848206, AccVa: 0.8535000085830688, CeTr: 0.2242073267698288, CeVa: 0.6219836473464966
Epoch: 7, AccTr: 0.9243000149726868, AccVa: 0.8544999957084656, CeTr: 0.2247503101825714, CeVa: 0.6467605233192444
Epoch: 8, AccTr: 0.9276000261306763, AccVa: 0.8479999899864197, CeTr: 0.2264387160539627, CeVa: 0.690782368183136
Epoch: 9, AccTr: 0.9276999831199646, AccVa: 0.8554999828338623, CeTr: 0.22102412581443787, CeVa: 0.6271796822547913
Epoch: 10, AccTr: 0.9254000186920166, AccVa: 0.862500011920929, CeTr: 0.22253857553005219, CeVa: 0.5966953039169312
ENSEMBLE | Tr_Acc: 0.9643999934196472, Tr_CE: 0.10912242531776428, Va_Acc: 0.9004999995231628, Va_CE: 0.4051273465156555
Epoch: 11, AccTr: 0.9236999750137329, AccVa: 0.8585000038146973, CeTr: 0.22626926004886627, CeVa: 0.5918352007865906
Epoch: 12, AccTr: 0.9228000044822693, AccVa: 0.8554999828338623, CeTr: 0.23264819383621216, CeVa: 0.6835532784461975
Epoch: 13, AccTr: 0.9261000156402588, AccVa: 0.840499997138977, CeTr: 0.2240087389945984, CeVa: 0.7004824280738831
Epoch: 14, AccTr: 0.9212999939918518, AccVa: 0.8489999771118164, CeTr: 0.23460404574871063, CeVa: 0.6208140254020691
Epoch: 15, AccTr: 0.9244999885559082, AccVa: 0.8489999771118164, CeTr: 0.2189731001853943, CeVa: 0.6487939357757568
ENSEMBLE | Tr_Acc: 0.9736999869346619, Tr_CE: 0.08129952102899551, Va_Acc: 0.9054999947547913, Va_CE: 0.36864370107650757
Epoch: 16, AccTr: 0.9236000180244446, AccVa: 0.8479999899864197, CeTr: 0.22353877127170563, CeVa: 0.687462329864502
Epoch: 17, AccTr: 0.9229999780654907, AccVa: 0.8539999723434448, CeTr: 0.22870710492134094, CeVa: 0.643663763999939
Epoch: 18, AccTr: 0.9272000193595886, AccVa: 0.8585000038146973, CeTr: 0.2157142162322998, CeVa: 0.5907527804374695
Epoch: 19, AccTr: 0.9205999970436096, AccVa: 0.8629999756813049, CeTr: 0.23489819467067719, CeVa: 0.579532265663147
Epoch: 20, AccTr: 0.9261999726295471, AccVa: 0.8610000014305115, CeTr: 0.22425559163093567, CeVa: 0.6000227332115173
ENSEMBLE | Tr_Acc: 0.9797000288963318, Tr_CE: 0.06726571172475815, Va_Acc: 0.909500002861023, Va_CE: 0.336559534072876
Epoch: 21, AccTr: 0.9204000234603882, AccVa: 0.8395000100135803, CeTr: 0.2386937290430069, CeVa: 0.6633695363998413
Epoch: 22, AccTr: 0.9225999712944031, AccVa: 0.8519999980926514, CeTr: 0.23334355652332306, CeVa: 0.6944133639335632
Epoch: 23, AccTr: 0.9239000082015991, AccVa: 0.8539999723434448, CeTr: 0.2230762243270874, CeVa: 0.639163076877594
Epoch: 24, AccTr: 0.9199000000953674, AccVa: 0.8479999899864197, CeTr: 0.2381436973810196, CeVa: 0.6671427488327026
Epoch: 25, AccTr: 0.920199990272522, AccVa: 0.8525000214576721, CeTr: 0.23207229375839233, CeVa: 0.6119052767753601
ENSEMBLE | Tr_Acc: 0.9814000129699707, Tr_CE: 0.06023145839571953, Va_Acc: 0.9150000214576721, Va_CE: 0.32031720876693726
Epoch: 26, AccTr: 0.9210000038146973, AccVa: 0.8385000228881836, CeTr: 0.22575795650482178, CeVa: 0.6796265840530396
Epoch: 27, AccTr: 0.9254999756813049, AccVa: 0.843500018119812, CeTr: 0.22050920128822327, CeVa: 0.6845617890357971
Epoch: 28, AccTr: 0.9241999983787537, AccVa: 0.8600000143051147, CeTr: 0.22456444799900055, CeVa: 0.6395286321640015
Epoch: 29, AccTr: 0.9221000075340271, AccVa: 0.8335000276565552, CeTr: 0.2391439974308014, CeVa: 0.6736574769020081
Epoch: 30, AccTr: 0.921999990940094, AccVa: 0.8450000286102295, CeTr: 0.2267671376466751, CeVa: 0.6580154895782471
ENSEMBLE | Tr_Acc: 0.9830999970436096, Tr_CE: 0.05494142323732376, Va_Acc: 0.9185000061988831, Va_CE: 0.30828624963760376
Epoch: 31, AccTr: 0.9222000241279602, AccVa: 0.8500000238418579, CeTr: 0.23317597806453705, CeVa: 0.6836113333702087
Epoch: 32, AccTr: 0.9186000227928162, AccVa: 0.8429999947547913, CeTr: 0.23513159155845642, CeVa: 0.6682997941970825
Epoch: 33, AccTr: 0.9190999865531921, AccVa: 0.8374999761581421, CeTr: 0.23866084218025208, CeVa: 0.716105580329895
Epoch: 34, AccTr: 0.9180999994277954, AccVa: 0.8510000109672546, CeTr: 0.2420923411846161, CeVa: 0.6660767793655396
Epoch: 35, AccTr: 0.9264000058174133, AccVa: 0.8460000157356262, CeTr: 0.22049297392368317, CeVa: 0.6782611012458801
ENSEMBLE | Tr_Acc: 0.9843000173568726, Tr_CE: 0.05168852582573891, Va_Acc: 0.9200000166893005, Va_CE: 0.301695317029953
Epoch: 36, AccTr: 0.9240000247955322, AccVa: 0.8450000286102295, CeTr: 0.23121772706508636, CeVa: 0.7120829224586487
Epoch: 37, AccTr: 0.92330002784729, AccVa: 0.8464999794960022, CeTr: 0.2257775366306305, CeVa: 0.6379600167274475
Epoch: 38, AccTr: 0.9230999946594238, AccVa: 0.8554999828338623, CeTr: 0.2294222116470337, CeVa: 0.6174036264419556
Epoch: 39, AccTr: 0.9214000105857849, AccVa: 0.8510000109672546, CeTr: 0.22704331576824188, CeVa: 0.623648464679718
Epoch: 40, AccTr: 0.9203000068664551, AccVa: 0.8554999828338623, CeTr: 0.23437514901161194, CeVa: 0.624789834022522
ENSEMBLE | Tr_Acc: 0.9851999878883362, Tr_CE: 0.049236688762903214, Va_Acc: 0.9210000038146973, Va_CE: 0.29378795623779297
Epoch: 41, AccTr: 0.9190999865531921, AccVa: 0.8360000252723694, CeTr: 0.24030448496341705, CeVa: 0.6842235326766968
Epoch: 42, AccTr: 0.9254000186920166, AccVa: 0.847000002861023, CeTr: 0.2271035611629486, CeVa: 0.6883810758590698
Epoch: 43, AccTr: 0.9223999977111816, AccVa: 0.8460000157356262, CeTr: 0.2334720492362976, CeVa: 0.7107465863227844
Epoch: 44, AccTr: 0.9200000166893005, AccVa: 0.8339999914169312, CeTr: 0.23609399795532227, CeVa: 0.6989971399307251
Epoch: 45, AccTr: 0.9208999872207642, AccVa: 0.8485000133514404, CeTr: 0.23282721638679504, CeVa: 0.694979190826416
ENSEMBLE | Tr_Acc: 0.9861000180244446, Tr_CE: 0.04777080565690994, Va_Acc: 0.921999990940094, Va_CE: 0.2932049036026001
Epoch: 46, AccTr: 0.9193000197410583, AccVa: 0.8324999809265137, CeTr: 0.2395774871110916, CeVa: 0.7189821600914001
Epoch: 47, AccTr: 0.9210000038146973, AccVa: 0.8529999852180481, CeTr: 0.2301989048719406, CeVa: 0.6743646860122681
Epoch: 48, AccTr: 0.9241999983787537, AccVa: 0.8514999747276306, CeTr: 0.22525078058242798, CeVa: 0.6545714735984802
Epoch: 49, AccTr: 0.925599992275238, AccVa: 0.8475000262260437, CeTr: 0.22172090411186218, CeVa: 0.6257761120796204
Epoch: 50, AccTr: 0.9178000092506409, AccVa: 0.8420000076293945, CeTr: 0.23490339517593384, CeVa: 0.6493233442306519
ENSEMBLE | Tr_Acc: 0.9860000014305115, Tr_CE: 0.04595004767179489, Va_Acc: 0.9244999885559082, Va_CE: 0.2891983091831207
NN CONFIG
Weight-type:		ternary
Layout									Layer #1: 250	Layer #2: 220	
Activation Functions					Layer #1: ets	Layer #2: ets	
Keep probabilities		Layer #0: 1.0	Layer #1: 1.0	Layer #2: 1.0	
Flat factors							Layer #1: 1.0	Layer #2: 1.0	Layer #3: 1.0	
Activation Noise						Layer #1: 0.1	Layer #2: 0.1	Layer #3: 0.0	
Prior: 0.8

===================================

RUN CONFIG
Epochs: 50, Blocksize: 4

===================================

Epoch: 1, AccTr: 0.9041000008583069, AccVa: 0.8489999771118164, CeTr: 0.31114017963409424, CeVa: 0.5930269360542297
Epoch: 2, AccTr: 0.9146999716758728, AccVa: 0.843999981880188, CeTr: 0.261920690536499, CeVa: 0.6749913692474365
Epoch: 3, AccTr: 0.9176999926567078, AccVa: 0.8550000190734863, CeTr: 0.25563913583755493, CeVa: 0.6567565202713013
Epoch: 4, AccTr: 0.916100025177002, AccVa: 0.8330000042915344, CeTr: 0.24741338193416595, CeVa: 0.6771563291549683
Epoch: 5, AccTr: 0.9135000109672546, AccVa: 0.8535000085830688, CeTr: 0.2580502927303314, CeVa: 0.60560142993927
ENSEMBLE | Tr_Acc: 0.9135000109672546, Tr_CE: 0.2580502927303314, Va_Acc: 0.8535000085830688, Va_CE: 0.60560142993927
Epoch: 6, AccTr: 0.9124000072479248, AccVa: 0.8579999804496765, CeTr: 0.26317837834358215, CeVa: 0.6563225388526917
Epoch: 7, AccTr: 0.917900025844574, AccVa: 0.8675000071525574, CeTr: 0.2559901475906372, CeVa: 0.6048564314842224
Epoch: 8, AccTr: 0.9168000221252441, AccVa: 0.8495000004768372, CeTr: 0.24669592082500458, CeVa: 0.6537526845932007
Epoch: 9, AccTr: 0.9212999939918518, AccVa: 0.8535000085830688, CeTr: 0.23725180327892303, CeVa: 0.593268632888794
Epoch: 10, AccTr: 0.9157999753952026, AccVa: 0.8489999771118164, CeTr: 0.2443050593137741, CeVa: 0.6324940323829651
ENSEMBLE | Tr_Acc: 0.9564999938011169, Tr_CE: 0.12617456912994385, Va_Acc: 0.8939999938011169, Va_CE: 0.42335638403892517
Epoch: 11, AccTr: 0.9157999753952026, AccVa: 0.8514999747276306, CeTr: 0.24560971558094025, CeVa: 0.6148979067802429
Epoch: 12, AccTr: 0.916700005531311, AccVa: 0.8544999957084656, CeTr: 0.24099154770374298, CeVa: 0.6038670539855957
Epoch: 13, AccTr: 0.919700026512146, AccVa: 0.8585000038146973, CeTr: 0.24181611835956573, CeVa: 0.6123818755149841
Epoch: 14, AccTr: 0.9164000153541565, AccVa: 0.8500000238418579, CeTr: 0.2458343803882599, CeVa: 0.6279422640800476
Epoch: 15, AccTr: 0.9222999811172485, AccVa: 0.8479999899864197, CeTr: 0.23242080211639404, CeVa: 0.6399825811386108
ENSEMBLE | Tr_Acc: 0.9682999849319458, Tr_CE: 0.09135804325342178, Va_Acc: 0.9075000286102295, Va_CE: 0.368901789188385
Epoch: 16, AccTr: 0.9168000221252441, AccVa: 0.8489999771118164, CeTr: 0.2453550100326538, CeVa: 0.636997401714325
Epoch: 17, AccTr: 0.9190000295639038, AccVa: 0.8575000166893005, CeTr: 0.2334536612033844, CeVa: 0.6446712613105774
Epoch: 18, AccTr: 0.9235000014305115, AccVa: 0.8575000166893005, CeTr: 0.2116101086139679, CeVa: 0.5755423307418823
Epoch: 19, AccTr: 0.9210000038146973, AccVa: 0.8519999980926514, CeTr: 0.2300191968679428, CeVa: 0.6455756425857544
Epoch: 20, AccTr: 0.9178000092506409, AccVa: 0.843500018119812, CeTr: 0.23441389203071594, CeVa: 0.6382249593734741
ENSEMBLE | Tr_Acc: 0.9757000207901001, Tr_CE: 0.0752776488661766, Va_Acc: 0.9089999794960022, Va_CE: 0.3394356667995453
Epoch: 21, AccTr: 0.9194999933242798, AccVa: 0.8485000133514404, CeTr: 0.22861093282699585, CeVa: 0.6610531210899353
Epoch: 22, AccTr: 0.9197999835014343, AccVa: 0.8544999957084656, CeTr: 0.23879526555538177, CeVa: 0.619171142578125
Epoch: 23, AccTr: 0.9175999760627747, AccVa: 0.8450000286102295, CeTr: 0.2529046833515167, CeVa: 0.6700978875160217
Epoch: 24, AccTr: 0.9223999977111816, AccVa: 0.8510000109672546, CeTr: 0.2228890210390091, CeVa: 0.6506563425064087
Epoch: 25, AccTr: 0.9178000092506409, AccVa: 0.8504999876022339, CeTr: 0.22881528735160828, CeVa: 0.6541450023651123
ENSEMBLE | Tr_Acc: 0.9799000024795532, Tr_CE: 0.06698401272296906, Va_Acc: 0.9129999876022339, Va_CE: 0.3269255459308624
Epoch: 26, AccTr: 0.9204999804496765, AccVa: 0.8510000109672546, CeTr: 0.22850950062274933, CeVa: 0.6524571776390076
Epoch: 27, AccTr: 0.9233999848365784, AccVa: 0.8495000004768372, CeTr: 0.21616557240486145, CeVa: 0.6197056770324707
Epoch: 28, AccTr: 0.917900025844574, AccVa: 0.8454999923706055, CeTr: 0.23712892830371857, CeVa: 0.6484419107437134
Epoch: 29, AccTr: 0.923799991607666, AccVa: 0.8460000157356262, CeTr: 0.22495102882385254, CeVa: 0.6304561495780945
Epoch: 30, AccTr: 0.9187999963760376, AccVa: 0.8529999852180481, CeTr: 0.23812036216259003, CeVa: 0.5982114672660828
ENSEMBLE | Tr_Acc: 0.9785000085830688, Tr_CE: 0.0621783509850502, Va_Acc: 0.9190000295639038, Va_CE: 0.3075597882270813
Epoch: 31, AccTr: 0.921500027179718, AccVa: 0.8535000085830688, CeTr: 0.225847065448761, CeVa: 0.6057373285293579
Epoch: 32, AccTr: 0.9199000000953674, AccVa: 0.8569999933242798, CeTr: 0.23605822026729584, CeVa: 0.6180974245071411
Epoch: 33, AccTr: 0.9208999872207642, AccVa: 0.8399999737739563, CeTr: 0.2365831583738327, CeVa: 0.6713542938232422
Epoch: 34, AccTr: 0.9190999865531921, AccVa: 0.8535000085830688, CeTr: 0.2369900345802307, CeVa: 0.6471684575080872
Epoch: 35, AccTr: 0.9222999811172485, AccVa: 0.8429999947547913, CeTr: 0.23233066499233246, CeVa: 0.6538617014884949
ENSEMBLE | Tr_Acc: 0.9810000061988831, Tr_CE: 0.057785265147686005, Va_Acc: 0.9240000247955322, Va_CE: 0.30472031235694885
Epoch: 36, AccTr: 0.9199000000953674, AccVa: 0.8529999852180481, CeTr: 0.23466265201568604, CeVa: 0.6210357546806335
Epoch: 37, AccTr: 0.9246000051498413, AccVa: 0.8539999723434448, CeTr: 0.22218813002109528, CeVa: 0.6333149075508118
Epoch: 38, AccTr: 0.9205999970436096, AccVa: 0.8479999899864197, CeTr: 0.23433808982372284, CeVa: 0.6032402515411377
Epoch: 39, AccTr: 0.9200999736785889, AccVa: 0.840499997138977, CeTr: 0.22134338319301605, CeVa: 0.723994255065918
Epoch: 40, AccTr: 0.9244999885559082, AccVa: 0.8495000004768372, CeTr: 0.21906809508800507, CeVa: 0.6516998410224915
ENSEMBLE | Tr_Acc: 0.9812999963760376, Tr_CE: 0.0544758066534996, Va_Acc: 0.9240000247955322, Va_CE: 0.29982462525367737
Epoch: 41, AccTr: 0.9204000234603882, AccVa: 0.8414999842643738, CeTr: 0.22986367344856262, CeVa: 0.6502338647842407
Epoch: 42, AccTr: 0.9190000295639038, AccVa: 0.859499990940094, CeTr: 0.23376213014125824, CeVa: 0.645106315612793
Epoch: 43, AccTr: 0.9235000014305115, AccVa: 0.8525000214576721, CeTr: 0.22007939219474792, CeVa: 0.6426975727081299
Epoch: 44, AccTr: 0.9179999828338623, AccVa: 0.8565000295639038, CeTr: 0.23124292492866516, CeVa: 0.6265354156494141
Epoch: 45, AccTr: 0.9199000000953674, AccVa: 0.843500018119812, CeTr: 0.24097533524036407, CeVa: 0.6735617518424988
ENSEMBLE | Tr_Acc: 0.9828000068664551, Tr_CE: 0.05300366133451462, Va_Acc: 0.9225000143051147, Va_CE: 0.29842910170555115
Epoch: 46, AccTr: 0.9175999760627747, AccVa: 0.8460000157356262, CeTr: 0.23562867939472198, CeVa: 0.6398525834083557
Epoch: 47, AccTr: 0.9175000190734863, AccVa: 0.8550000190734863, CeTr: 0.22383877635002136, CeVa: 0.6035924553871155
Epoch: 48, AccTr: 0.9185000061988831, AccVa: 0.8544999957084656, CeTr: 0.2354893982410431, CeVa: 0.6278189420700073
Epoch: 49, AccTr: 0.9190999865531921, AccVa: 0.8500000238418579, CeTr: 0.228414848446846, CeVa: 0.641789436340332
Epoch: 50, AccTr: 0.9229000210762024, AccVa: 0.8500000238418579, CeTr: 0.2247856706380844, CeVa: 0.632965624332428
ENSEMBLE | Tr_Acc: 0.984000027179718, Tr_CE: 0.05139726400375366, Va_Acc: 0.9235000014305115, Va_CE: 0.295479953289032
NN CONFIG
Weight-type:		ternary
Layout									Layer #1: 250	Layer #2: 220	
Activation Functions					Layer #1: ets	Layer #2: ets	
Keep probabilities		Layer #0: 1.0	Layer #1: 1.0	Layer #2: 1.0	
Flat factors							Layer #1: 1.0	Layer #2: 1.0	Layer #3: 1.0	
Activation Noise						Layer #1: 0.1	Layer #2: 0.1	Layer #3: 0.0	
Prior: 0.8

===================================

RUN CONFIG
Epochs: 50, Blocksize: 4

===================================

Epoch: 1, AccTr: 0.9157000184059143, AccVa: 0.8544999957084656, CeTr: 0.27695032954216003, CeVa: 0.5912246108055115
Epoch: 2, AccTr: 0.9232000112533569, AccVa: 0.8634999990463257, CeTr: 0.24256494641304016, CeVa: 0.5471687912940979
Epoch: 3, AccTr: 0.9150000214576721, AccVa: 0.8550000190734863, CeTr: 0.2558915317058563, CeVa: 0.5790424942970276
Epoch: 4, AccTr: 0.9154000282287598, AccVa: 0.8550000190734863, CeTr: 0.24181830883026123, CeVa: 0.5625829696655273
Epoch: 5, AccTr: 0.920199990272522, AccVa: 0.8600000143051147, CeTr: 0.23753704130649567, CeVa: 0.5624886155128479
ENSEMBLE | Tr_Acc: 0.920199990272522, Tr_CE: 0.23753704130649567, Va_Acc: 0.8600000143051147, Va_CE: 0.5624886155128479
Epoch: 6, AccTr: 0.9261000156402588, AccVa: 0.8529999852180481, CeTr: 0.23153720796108246, CeVa: 0.608396053314209
Epoch: 7, AccTr: 0.9150999784469604, AccVa: 0.8615000247955322, CeTr: 0.2352183610200882, CeVa: 0.5692800879478455
Epoch: 8, AccTr: 0.920199990272522, AccVa: 0.8579999804496765, CeTr: 0.23083755373954773, CeVa: 0.5560153722763062
Epoch: 9, AccTr: 0.9204000234603882, AccVa: 0.8525000214576721, CeTr: 0.23864994943141937, CeVa: 0.5742300748825073
Epoch: 10, AccTr: 0.9207000136375427, AccVa: 0.843999981880188, CeTr: 0.23592031002044678, CeVa: 0.5900305509567261
ENSEMBLE | Tr_Acc: 0.9584000110626221, Tr_CE: 0.1261134147644043, Va_Acc: 0.8970000147819519, Va_CE: 0.3872985243797302
Epoch: 11, AccTr: 0.9175000190734863, AccVa: 0.8569999933242798, CeTr: 0.2293729931116104, CeVa: 0.5557674765586853
Epoch: 12, AccTr: 0.9172000288963318, AccVa: 0.8450000286102295, CeTr: 0.24185624718666077, CeVa: 0.6017923355102539
Epoch: 13, AccTr: 0.9248999953269958, AccVa: 0.8604999780654907, CeTr: 0.2268477976322174, CeVa: 0.5756479501724243
Epoch: 14, AccTr: 0.9200000166893005, AccVa: 0.8640000224113464, CeTr: 0.24694077670574188, CeVa: 0.5351293087005615
Epoch: 15, AccTr: 0.9215999841690063, AccVa: 0.8544999957084656, CeTr: 0.23501025140285492, CeVa: 0.5972883105278015
ENSEMBLE | Tr_Acc: 0.9693999886512756, Tr_CE: 0.09686212241649628, Va_Acc: 0.9085000157356262, Va_CE: 0.3457886278629303
Epoch: 16, AccTr: 0.9175999760627747, AccVa: 0.8565000295639038, CeTr: 0.24171298742294312, CeVa: 0.5909727811813354
Epoch: 17, AccTr: 0.917900025844574, AccVa: 0.8489999771118164, CeTr: 0.2351931631565094, CeVa: 0.5772969722747803
Epoch: 18, AccTr: 0.920799970626831, AccVa: 0.8600000143051147, CeTr: 0.24090881645679474, CeVa: 0.5703068375587463
Epoch: 19, AccTr: 0.9157000184059143, AccVa: 0.8519999980926514, CeTr: 0.2370942384004593, CeVa: 0.5567314028739929
Epoch: 20, AccTr: 0.9218000173568726, AccVa: 0.8424999713897705, CeTr: 0.22663240134716034, CeVa: 0.6270967721939087
ENSEMBLE | Tr_Acc: 0.9739999771118164, Tr_CE: 0.08130434900522232, Va_Acc: 0.906499981880188, Va_CE: 0.3269459903240204
Epoch: 21, AccTr: 0.9190999865531921, AccVa: 0.8525000214576721, CeTr: 0.22796174883842468, CeVa: 0.610264003276825
Epoch: 22, AccTr: 0.9168000221252441, AccVa: 0.8414999842643738, CeTr: 0.24244961142539978, CeVa: 0.6272364854812622
Epoch: 23, AccTr: 0.9174000024795532, AccVa: 0.843999981880188, CeTr: 0.2419038563966751, CeVa: 0.5782422423362732
Epoch: 24, AccTr: 0.9225999712944031, AccVa: 0.8485000133514404, CeTr: 0.23053571581840515, CeVa: 0.5982469320297241
Epoch: 25, AccTr: 0.9186000227928162, AccVa: 0.8399999737739563, CeTr: 0.23878486454486847, CeVa: 0.6106991171836853
ENSEMBLE | Tr_Acc: 0.9771000146865845, Tr_CE: 0.07479795813560486, Va_Acc: 0.9104999899864197, Va_CE: 0.31211555004119873
Epoch: 26, AccTr: 0.9193999767303467, AccVa: 0.8355000019073486, CeTr: 0.23264311254024506, CeVa: 0.6320843696594238
Epoch: 27, AccTr: 0.916700005531311, AccVa: 0.8450000286102295, CeTr: 0.232993021607399, CeVa: 0.5930534601211548
Epoch: 28, AccTr: 0.9232000112533569, AccVa: 0.8619999885559082, CeTr: 0.2318621128797531, CeVa: 0.5537079572677612
Epoch: 29, AccTr: 0.92330002784729, AccVa: 0.8424999713897705, CeTr: 0.21917285025119781, CeVa: 0.612588107585907
Epoch: 30, AccTr: 0.9187999963760376, AccVa: 0.8510000109672546, CeTr: 0.24066884815692902, CeVa: 0.5676937699317932
ENSEMBLE | Tr_Acc: 0.9793000221252441, Tr_CE: 0.07029624283313751, Va_Acc: 0.9154999852180481, Va_CE: 0.29257193207740784
Epoch: 31, AccTr: 0.9185000061988831, AccVa: 0.8539999723434448, CeTr: 0.23834887146949768, CeVa: 0.5766347646713257
Epoch: 32, AccTr: 0.9143999814987183, AccVa: 0.8489999771118164, CeTr: 0.24304558336734772, CeVa: 0.6117624044418335
Epoch: 33, AccTr: 0.9160000085830688, AccVa: 0.8495000004768372, CeTr: 0.23265644907951355, CeVa: 0.5640579462051392
Epoch: 34, AccTr: 0.920799970626831, AccVa: 0.8489999771118164, CeTr: 0.23840346932411194, CeVa: 0.6213011145591736
Epoch: 35, AccTr: 0.9196000099182129, AccVa: 0.847000002861023, CeTr: 0.22649545967578888, CeVa: 0.5933035612106323
ENSEMBLE | Tr_Acc: 0.9799000024795532, Tr_CE: 0.06604287028312683, Va_Acc: 0.9139999747276306, Va_CE: 0.2847733795642853
Epoch: 36, AccTr: 0.9172000288963318, AccVa: 0.8495000004768372, CeTr: 0.24067136645317078, CeVa: 0.6357241272926331
Epoch: 37, AccTr: 0.9146000146865845, AccVa: 0.8410000205039978, CeTr: 0.24879121780395508, CeVa: 0.6243165135383606
Epoch: 38, AccTr: 0.9196000099182129, AccVa: 0.8414999842643738, CeTr: 0.2316199243068695, CeVa: 0.5860603451728821
Epoch: 39, AccTr: 0.911899983882904, AccVa: 0.843500018119812, CeTr: 0.2473713904619217, CeVa: 0.5983885526657104
Epoch: 40, AccTr: 0.917900025844574, AccVa: 0.8320000171661377, CeTr: 0.24113459885120392, CeVa: 0.619013786315918
ENSEMBLE | Tr_Acc: 0.9815000295639038, Tr_CE: 0.06237835809588432, Va_Acc: 0.9179999828338623, Va_CE: 0.277348130941391
Epoch: 41, AccTr: 0.917900025844574, AccVa: 0.8525000214576721, CeTr: 0.23526911437511444, CeVa: 0.5857988595962524
Epoch: 42, AccTr: 0.9189000129699707, AccVa: 0.8414999842643738, CeTr: 0.2289903312921524, CeVa: 0.6186030507087708
Epoch: 43, AccTr: 0.916100025177002, AccVa: 0.8414999842643738, CeTr: 0.24419565498828888, CeVa: 0.6338345408439636
Epoch: 44, AccTr: 0.9193999767303467, AccVa: 0.8460000157356262, CeTr: 0.23867885768413544, CeVa: 0.5778896808624268
Epoch: 45, AccTr: 0.9221000075340271, AccVa: 0.8504999876022339, CeTr: 0.22766117751598358, CeVa: 0.6155490875244141
ENSEMBLE | Tr_Acc: 0.9817000031471252, Tr_CE: 0.060172099620103836, Va_Acc: 0.921500027179718, Va_CE: 0.27454429864883423
Epoch: 46, AccTr: 0.9186999797821045, AccVa: 0.8500000238418579, CeTr: 0.2373550832271576, CeVa: 0.6204030513763428
Epoch: 47, AccTr: 0.9160000085830688, AccVa: 0.843500018119812, CeTr: 0.2416417896747589, CeVa: 0.6285289525985718
Epoch: 48, AccTr: 0.9120000004768372, AccVa: 0.8489999771118164, CeTr: 0.2522178292274475, CeVa: 0.5778318643569946
Epoch: 49, AccTr: 0.9190000295639038, AccVa: 0.8539999723434448, CeTr: 0.22824721038341522, CeVa: 0.5629802346229553
Epoch: 50, AccTr: 0.9171000123023987, AccVa: 0.8454999923706055, CeTr: 0.24029119312763214, CeVa: 0.6193605661392212
ENSEMBLE | Tr_Acc: 0.9830999970436096, Tr_CE: 0.058317217975854874, Va_Acc: 0.9210000038146973, Va_CE: 0.2741643786430359
Mod Accuracy || Mean: 0.8446249961853027	 Std: 0.003524470143020153
Ens Accuracy || Mean: 0.9227499961853027	 Std: 0.0013462876668199897
Mod CE || Mean: 0.6215600967407227	 Std: 0.023835094645619392
Ens CE || Mean: 0.2809305787086487	 Std: 0.012077393010258675
