NN CONFIG
Weight-type:		ternary
Layout									Layer #1: 250	Layer #2: 220	
Activation Functions					Layer #1: ets	Layer #2: ets	
Keep probabilities		Layer #0: 1.0	Layer #1: 1.0	Layer #2: 1.0	
Flat factors							Layer #1: 1.0	Layer #2: 1.0	Layer #3: 1.0	
Activation Noise						Layer #1: 0.1	Layer #2: 0.1	Layer #3: 0.0	
Prior: 0.8

===================================

RUN CONFIG
Epochs: 50, Blocksize: 4

===================================

Epoch: 1, AccTr: 0.9211999773979187, AccVa: 0.875, CeTr: 0.24608662724494934, CeVa: 0.43514785170555115
Epoch: 2, AccTr: 0.921500027179718, AccVa: 0.8709999918937683, CeTr: 0.22954340279102325, CeVa: 0.4427199363708496
Epoch: 3, AccTr: 0.9261000156402588, AccVa: 0.8694999814033508, CeTr: 0.2204677313566208, CeVa: 0.45957067608833313
Epoch: 4, AccTr: 0.9244999885559082, AccVa: 0.859499990940094, CeTr: 0.2305334508419037, CeVa: 0.5048221349716187
Epoch: 5, AccTr: 0.9262999892234802, AccVa: 0.8675000071525574, CeTr: 0.22081489861011505, CeVa: 0.46791401505470276
ENSEMBLE | Tr_Acc: 0.9262999892234802, Tr_CE: 0.22081489861011505, Va_Acc: 0.8675000071525574, Va_CE: 0.46791401505470276
Epoch: 6, AccTr: 0.9271000027656555, AccVa: 0.8585000038146973, CeTr: 0.21678705513477325, CeVa: 0.5032876133918762
Epoch: 7, AccTr: 0.9226999878883362, AccVa: 0.862500011920929, CeTr: 0.22883491218090057, CeVa: 0.4749685227870941
Epoch: 8, AccTr: 0.9187999963760376, AccVa: 0.8544999957084656, CeTr: 0.2330501675605774, CeVa: 0.4949108958244324
Epoch: 9, AccTr: 0.920799970626831, AccVa: 0.8575000166893005, CeTr: 0.23221391439437866, CeVa: 0.48990359902381897
Epoch: 10, AccTr: 0.9222999811172485, AccVa: 0.8495000004768372, CeTr: 0.22976607084274292, CeVa: 0.5089272260665894
ENSEMBLE | Tr_Acc: 0.9584000110626221, Tr_CE: 0.13244712352752686, Va_Acc: 0.8995000123977661, Va_CE: 0.3502499461174011
Epoch: 11, AccTr: 0.9207000136375427, AccVa: 0.8604999780654907, CeTr: 0.23519594967365265, CeVa: 0.5188760161399841
Epoch: 12, AccTr: 0.9273999929428101, AccVa: 0.8569999933242798, CeTr: 0.21273685991764069, CeVa: 0.5328903198242188
Epoch: 13, AccTr: 0.9226999878883362, AccVa: 0.859000027179718, CeTr: 0.22641690075397491, CeVa: 0.5193746089935303
Epoch: 14, AccTr: 0.9211999773979187, AccVa: 0.8519999980926514, CeTr: 0.22603975236415863, CeVa: 0.5194700956344604
Epoch: 15, AccTr: 0.9233999848365784, AccVa: 0.8604999780654907, CeTr: 0.23101574182510376, CeVa: 0.49643391370773315
ENSEMBLE | Tr_Acc: 0.9660000205039978, Tr_CE: 0.10765226185321808, Va_Acc: 0.9039999842643738, Va_CE: 0.3061060607433319
Epoch: 16, AccTr: 0.9196000099182129, AccVa: 0.8579999804496765, CeTr: 0.23033054172992706, CeVa: 0.5230897068977356
Epoch: 17, AccTr: 0.9246000051498413, AccVa: 0.8554999828338623, CeTr: 0.22409260272979736, CeVa: 0.5376940965652466
Epoch: 18, AccTr: 0.9186000227928162, AccVa: 0.8525000214576721, CeTr: 0.24119023978710175, CeVa: 0.5259329676628113
Epoch: 19, AccTr: 0.9244999885559082, AccVa: 0.8510000109672546, CeTr: 0.22616884112358093, CeVa: 0.5329841375350952
Epoch: 20, AccTr: 0.9222999811172485, AccVa: 0.8535000085830688, CeTr: 0.22840112447738647, CeVa: 0.5427844524383545
ENSEMBLE | Tr_Acc: 0.9707000255584717, Tr_CE: 0.09307394921779633, Va_Acc: 0.9144999980926514, Va_CE: 0.29390284419059753
Epoch: 21, AccTr: 0.9193999767303467, AccVa: 0.8525000214576721, CeTr: 0.231977641582489, CeVa: 0.5364624857902527
Epoch: 22, AccTr: 0.9228000044822693, AccVa: 0.8460000157356262, CeTr: 0.22246447205543518, CeVa: 0.5285037755966187
Epoch: 23, AccTr: 0.9265999794006348, AccVa: 0.8539999723434448, CeTr: 0.22139516472816467, CeVa: 0.4962073266506195
Epoch: 24, AccTr: 0.9232000112533569, AccVa: 0.8585000038146973, CeTr: 0.22662678360939026, CeVa: 0.48669520020484924
Epoch: 25, AccTr: 0.9269999861717224, AccVa: 0.8644999861717224, CeTr: 0.22487641870975494, CeVa: 0.5197396874427795
ENSEMBLE | Tr_Acc: 0.9757999777793884, Tr_CE: 0.08556339144706726, Va_Acc: 0.9179999828338623, Va_CE: 0.286161869764328
Epoch: 26, AccTr: 0.9286999702453613, AccVa: 0.8579999804496765, CeTr: 0.2231377214193344, CeVa: 0.514968991279602
Epoch: 27, AccTr: 0.9239000082015991, AccVa: 0.8640000224113464, CeTr: 0.2235383540391922, CeVa: 0.520367443561554
Epoch: 28, AccTr: 0.9243000149726868, AccVa: 0.8489999771118164, CeTr: 0.22050116956233978, CeVa: 0.5499863028526306
Epoch: 29, AccTr: 0.9222999811172485, AccVa: 0.8525000214576721, CeTr: 0.2253018617630005, CeVa: 0.5426850318908691
Epoch: 30, AccTr: 0.9243999719619751, AccVa: 0.8420000076293945, CeTr: 0.22574296593666077, CeVa: 0.5435558557510376
ENSEMBLE | Tr_Acc: 0.9776999950408936, Tr_CE: 0.07979770749807358, Va_Acc: 0.9179999828338623, Va_CE: 0.2773110568523407
Epoch: 31, AccTr: 0.9235000014305115, AccVa: 0.8495000004768372, CeTr: 0.2298671156167984, CeVa: 0.5142621994018555
Epoch: 32, AccTr: 0.9193999767303467, AccVa: 0.8604999780654907, CeTr: 0.2205432653427124, CeVa: 0.49123236536979675
Epoch: 33, AccTr: 0.9225999712944031, AccVa: 0.8554999828338623, CeTr: 0.22003616392612457, CeVa: 0.4791068136692047
Epoch: 34, AccTr: 0.9225000143051147, AccVa: 0.8550000190734863, CeTr: 0.21812109649181366, CeVa: 0.49220430850982666
Epoch: 35, AccTr: 0.925599992275238, AccVa: 0.859499990940094, CeTr: 0.22205376625061035, CeVa: 0.4908290505409241
ENSEMBLE | Tr_Acc: 0.9794999957084656, Tr_CE: 0.07564523071050644, Va_Acc: 0.9175000190734863, Va_CE: 0.2699376046657562
Epoch: 36, AccTr: 0.9203000068664551, AccVa: 0.8619999885559082, CeTr: 0.23017725348472595, CeVa: 0.5247258543968201
Epoch: 37, AccTr: 0.9244999885559082, AccVa: 0.8504999876022339, CeTr: 0.2193366438150406, CeVa: 0.5023636817932129
Epoch: 38, AccTr: 0.921999990940094, AccVa: 0.8560000061988831, CeTr: 0.22051875293254852, CeVa: 0.49726012349128723
Epoch: 39, AccTr: 0.9168999791145325, AccVa: 0.8450000286102295, CeTr: 0.23825278878211975, CeVa: 0.5153985619544983
Epoch: 40, AccTr: 0.9194999933242798, AccVa: 0.8535000085830688, CeTr: 0.23195233941078186, CeVa: 0.5310271382331848
ENSEMBLE | Tr_Acc: 0.9804999828338623, Tr_CE: 0.07346902042627335, Va_Acc: 0.9200000166893005, Va_CE: 0.26365604996681213
Epoch: 41, AccTr: 0.9241999983787537, AccVa: 0.8554999828338623, CeTr: 0.22443950176239014, CeVa: 0.5124719738960266
Epoch: 42, AccTr: 0.9247999787330627, AccVa: 0.8519999980926514, CeTr: 0.21522915363311768, CeVa: 0.5004295110702515
Epoch: 43, AccTr: 0.9182000160217285, AccVa: 0.8565000295639038, CeTr: 0.230544775724411, CeVa: 0.5035412311553955
Epoch: 44, AccTr: 0.9222999811172485, AccVa: 0.8554999828338623, CeTr: 0.2227049022912979, CeVa: 0.5042027235031128
Epoch: 45, AccTr: 0.920799970626831, AccVa: 0.8514999747276306, CeTr: 0.2324698269367218, CeVa: 0.552570641040802
ENSEMBLE | Tr_Acc: 0.98089998960495, Tr_CE: 0.07159458845853806, Va_Acc: 0.9229999780654907, Va_CE: 0.2603151798248291
Epoch: 46, AccTr: 0.9222000241279602, AccVa: 0.8504999876022339, CeTr: 0.22662964463233948, CeVa: 0.49664026498794556
Epoch: 47, AccTr: 0.9190000295639038, AccVa: 0.8504999876022339, CeTr: 0.22668427228927612, CeVa: 0.544926106929779
Epoch: 48, AccTr: 0.9232000112533569, AccVa: 0.8554999828338623, CeTr: 0.22621701657772064, CeVa: 0.5078879594802856
Epoch: 49, AccTr: 0.9204999804496765, AccVa: 0.8529999852180481, CeTr: 0.23175206780433655, CeVa: 0.5222359299659729
Epoch: 50, AccTr: 0.920799970626831, AccVa: 0.8550000190734863, CeTr: 0.23122970759868622, CeVa: 0.5287297964096069
ENSEMBLE | Tr_Acc: 0.9807999730110168, Tr_CE: 0.06988922506570816, Va_Acc: 0.9259999990463257, Va_CE: 0.25961339473724365
NN CONFIG
Weight-type:		ternary
Layout									Layer #1: 250	Layer #2: 220	
Activation Functions					Layer #1: ets	Layer #2: ets	
Keep probabilities		Layer #0: 1.0	Layer #1: 1.0	Layer #2: 1.0	
Flat factors							Layer #1: 1.0	Layer #2: 1.0	Layer #3: 1.0	
Activation Noise						Layer #1: 0.1	Layer #2: 0.1	Layer #3: 0.0	
Prior: 0.8

===================================

RUN CONFIG
Epochs: 50, Blocksize: 4

===================================

Epoch: 1, AccTr: 0.906499981880188, AccVa: 0.8629999756813049, CeTr: 0.2963554263114929, CeVa: 0.515792191028595
Epoch: 2, AccTr: 0.9150000214576721, AccVa: 0.8579999804496765, CeTr: 0.24972541630268097, CeVa: 0.48591741919517517
Epoch: 3, AccTr: 0.9136999845504761, AccVa: 0.8634999990463257, CeTr: 0.25234994292259216, CeVa: 0.48049497604370117
Epoch: 4, AccTr: 0.9217000007629395, AccVa: 0.8610000014305115, CeTr: 0.22785361111164093, CeVa: 0.5021002292633057
Epoch: 5, AccTr: 0.9196000099182129, AccVa: 0.8619999885559082, CeTr: 0.23822267353534698, CeVa: 0.4958554208278656
ENSEMBLE | Tr_Acc: 0.9196000099182129, Tr_CE: 0.23822267353534698, Va_Acc: 0.8619999885559082, Va_CE: 0.4958554208278656
Epoch: 6, AccTr: 0.9204000234603882, AccVa: 0.8514999747276306, CeTr: 0.2324504852294922, CeVa: 0.5108179450035095
Epoch: 7, AccTr: 0.9200000166893005, AccVa: 0.8690000176429749, CeTr: 0.2286907434463501, CeVa: 0.47047698497772217
Epoch: 8, AccTr: 0.9223999977111816, AccVa: 0.859000027179718, CeTr: 0.2298315465450287, CeVa: 0.49232473969459534
Epoch: 9, AccTr: 0.9186000227928162, AccVa: 0.8640000224113464, CeTr: 0.22854502499103546, CeVa: 0.49123597145080566
Epoch: 10, AccTr: 0.9264000058174133, AccVa: 0.8640000224113464, CeTr: 0.2259623110294342, CeVa: 0.49005556106567383
ENSEMBLE | Tr_Acc: 0.9588000178337097, Tr_CE: 0.13363713026046753, Va_Acc: 0.9039999842643738, Va_CE: 0.34027060866355896
Epoch: 11, AccTr: 0.9248999953269958, AccVa: 0.8579999804496765, CeTr: 0.2300185114145279, CeVa: 0.47842028737068176
Epoch: 12, AccTr: 0.9200000166893005, AccVa: 0.8629999756813049, CeTr: 0.2282005399465561, CeVa: 0.4796447157859802
Epoch: 13, AccTr: 0.9172000288963318, AccVa: 0.8604999780654907, CeTr: 0.24377553164958954, CeVa: 0.5372633337974548
Epoch: 14, AccTr: 0.9190999865531921, AccVa: 0.8510000109672546, CeTr: 0.2365923821926117, CeVa: 0.5209154486656189
Epoch: 15, AccTr: 0.9199000000953674, AccVa: 0.8410000205039978, CeTr: 0.2401248961687088, CeVa: 0.5303598642349243
ENSEMBLE | Tr_Acc: 0.9668999910354614, Tr_CE: 0.1118471696972847, Va_Acc: 0.9129999876022339, Va_CE: 0.30969148874282837
Epoch: 16, AccTr: 0.9135000109672546, AccVa: 0.8475000262260437, CeTr: 0.2426675260066986, CeVa: 0.5050399303436279
Epoch: 17, AccTr: 0.9233999848365784, AccVa: 0.8565000295639038, CeTr: 0.23108628392219543, CeVa: 0.4725988209247589
Epoch: 18, AccTr: 0.9168999791145325, AccVa: 0.843999981880188, CeTr: 0.2354515641927719, CeVa: 0.5471166968345642
Epoch: 19, AccTr: 0.9147999882698059, AccVa: 0.8525000214576721, CeTr: 0.2455032914876938, CeVa: 0.5203676223754883
Epoch: 20, AccTr: 0.9175000190734863, AccVa: 0.8500000238418579, CeTr: 0.23520371317863464, CeVa: 0.543792724609375
ENSEMBLE | Tr_Acc: 0.9710999727249146, Tr_CE: 0.1014573723077774, Va_Acc: 0.9110000133514404, Va_CE: 0.298503577709198
Epoch: 21, AccTr: 0.9240000247955322, AccVa: 0.8529999852180481, CeTr: 0.23189875483512878, CeVa: 0.5185571312904358
Epoch: 22, AccTr: 0.9132000207901001, AccVa: 0.8514999747276306, CeTr: 0.24382109940052032, CeVa: 0.5144568085670471
Epoch: 23, AccTr: 0.9203000068664551, AccVa: 0.8579999804496765, CeTr: 0.2393523007631302, CeVa: 0.53336501121521
Epoch: 24, AccTr: 0.9172000288963318, AccVa: 0.8460000157356262, CeTr: 0.24211379885673523, CeVa: 0.5259324908256531
Epoch: 25, AccTr: 0.921500027179718, AccVa: 0.8600000143051147, CeTr: 0.2379506379365921, CeVa: 0.4950133264064789
ENSEMBLE | Tr_Acc: 0.9726999998092651, Tr_CE: 0.0952109545469284, Va_Acc: 0.9144999980926514, Va_CE: 0.2807478904724121
Epoch: 26, AccTr: 0.9121999740600586, AccVa: 0.8529999852180481, CeTr: 0.25389915704727173, CeVa: 0.5429069995880127
Epoch: 27, AccTr: 0.916100025177002, AccVa: 0.8604999780654907, CeTr: 0.24291767179965973, CeVa: 0.5211966633796692
Epoch: 28, AccTr: 0.9154000282287598, AccVa: 0.8485000133514404, CeTr: 0.24603618681430817, CeVa: 0.5669223666191101
Epoch: 29, AccTr: 0.9197999835014343, AccVa: 0.8429999947547913, CeTr: 0.23671908676624298, CeVa: 0.5607987642288208
Epoch: 30, AccTr: 0.920199990272522, AccVa: 0.843999981880188, CeTr: 0.23886872828006744, CeVa: 0.5584551095962524
ENSEMBLE | Tr_Acc: 0.9757000207901001, Tr_CE: 0.08972924947738647, Va_Acc: 0.9190000295639038, Va_CE: 0.2724652886390686
Epoch: 31, AccTr: 0.9178000092506409, AccVa: 0.8420000076293945, CeTr: 0.23964203894138336, CeVa: 0.570067286491394
Epoch: 32, AccTr: 0.9165999889373779, AccVa: 0.8535000085830688, CeTr: 0.23767614364624023, CeVa: 0.4988824427127838
Epoch: 33, AccTr: 0.9168999791145325, AccVa: 0.8544999957084656, CeTr: 0.24447700381278992, CeVa: 0.5392507314682007
Epoch: 34, AccTr: 0.9132000207901001, AccVa: 0.8575000166893005, CeTr: 0.2490561455488205, CeVa: 0.5161709785461426
Epoch: 35, AccTr: 0.9143999814987183, AccVa: 0.8569999933242798, CeTr: 0.2501771152019501, CeVa: 0.5342791676521301
ENSEMBLE | Tr_Acc: 0.9764999747276306, Tr_CE: 0.08716389536857605, Va_Acc: 0.921999990940094, Va_CE: 0.2649838328361511
Epoch: 36, AccTr: 0.9121000170707703, AccVa: 0.8519999980926514, CeTr: 0.24923676252365112, CeVa: 0.5259602665901184
Epoch: 37, AccTr: 0.9176999926567078, AccVa: 0.8475000262260437, CeTr: 0.23498937487602234, CeVa: 0.5472102761268616
Epoch: 38, AccTr: 0.9164999723434448, AccVa: 0.859000027179718, CeTr: 0.23964309692382812, CeVa: 0.507570207118988
Epoch: 39, AccTr: 0.9233999848365784, AccVa: 0.8429999947547913, CeTr: 0.22968247532844543, CeVa: 0.5867612957954407
Epoch: 40, AccTr: 0.9175000190734863, AccVa: 0.8464999794960022, CeTr: 0.24307939410209656, CeVa: 0.5548784732818604
ENSEMBLE | Tr_Acc: 0.9771000146865845, Tr_CE: 0.08494222164154053, Va_Acc: 0.921500027179718, Va_CE: 0.2636139690876007
Epoch: 41, AccTr: 0.9175999760627747, AccVa: 0.8535000085830688, CeTr: 0.243621826171875, CeVa: 0.511960506439209
Epoch: 42, AccTr: 0.921500027179718, AccVa: 0.8560000061988831, CeTr: 0.23084180057048798, CeVa: 0.4673711061477661
Epoch: 43, AccTr: 0.921999990940094, AccVa: 0.8565000295639038, CeTr: 0.2381836622953415, CeVa: 0.5075072050094604
Epoch: 44, AccTr: 0.9133999943733215, AccVa: 0.843500018119812, CeTr: 0.24989624321460724, CeVa: 0.5408792495727539
Epoch: 45, AccTr: 0.914900004863739, AccVa: 0.8489999771118164, CeTr: 0.23630693554878235, CeVa: 0.5133267641067505
ENSEMBLE | Tr_Acc: 0.9775999784469604, Tr_CE: 0.08307835459709167, Va_Acc: 0.9194999933242798, Va_CE: 0.26049309968948364
Epoch: 46, AccTr: 0.9169999957084656, AccVa: 0.8525000214576721, CeTr: 0.23946347832679749, CeVa: 0.5378564596176147
Epoch: 47, AccTr: 0.9157000184059143, AccVa: 0.843999981880188, CeTr: 0.24150893092155457, CeVa: 0.5471457839012146
Epoch: 48, AccTr: 0.9142000079154968, AccVa: 0.8460000157356262, CeTr: 0.24171748757362366, CeVa: 0.5648137331008911
Epoch: 49, AccTr: 0.9150999784469604, AccVa: 0.8569999933242798, CeTr: 0.235941082239151, CeVa: 0.5311638712882996
Epoch: 50, AccTr: 0.9211999773979187, AccVa: 0.8529999852180481, CeTr: 0.2355593740940094, CeVa: 0.5175939202308655
ENSEMBLE | Tr_Acc: 0.9785000085830688, Tr_CE: 0.08165700733661652, Va_Acc: 0.9229999780654907, Va_CE: 0.25637418031692505
NN CONFIG
Weight-type:		ternary
Layout									Layer #1: 250	Layer #2: 220	
Activation Functions					Layer #1: ets	Layer #2: ets	
Keep probabilities		Layer #0: 1.0	Layer #1: 1.0	Layer #2: 1.0	
Flat factors							Layer #1: 1.0	Layer #2: 1.0	Layer #3: 1.0	
Activation Noise						Layer #1: 0.1	Layer #2: 0.1	Layer #3: 0.0	
Prior: 0.8

===================================

RUN CONFIG
Epochs: 50, Blocksize: 4

===================================

Epoch: 1, AccTr: 0.9104999899864197, AccVa: 0.843500018119812, CeTr: 0.2747907340526581, CeVa: 0.5516335368156433
Epoch: 2, AccTr: 0.9150000214576721, AccVa: 0.8644999861717224, CeTr: 0.2561066448688507, CeVa: 0.47734686732292175
Epoch: 3, AccTr: 0.9217000007629395, AccVa: 0.859499990940094, CeTr: 0.23831501603126526, CeVa: 0.524426281452179
Epoch: 4, AccTr: 0.927299976348877, AccVa: 0.859000027179718, CeTr: 0.21746604144573212, CeVa: 0.524029552936554
Epoch: 5, AccTr: 0.9204999804496765, AccVa: 0.8525000214576721, CeTr: 0.23203247785568237, CeVa: 0.49705228209495544
ENSEMBLE | Tr_Acc: 0.9204999804496765, Tr_CE: 0.23203247785568237, Va_Acc: 0.8525000214576721, Va_CE: 0.49705228209495544
Epoch: 6, AccTr: 0.9229000210762024, AccVa: 0.859499990940094, CeTr: 0.22744570672512054, CeVa: 0.49259787797927856
Epoch: 7, AccTr: 0.9182000160217285, AccVa: 0.8575000166893005, CeTr: 0.23416352272033691, CeVa: 0.5412415862083435
Epoch: 8, AccTr: 0.9186999797821045, AccVa: 0.8575000166893005, CeTr: 0.23288999497890472, CeVa: 0.5067551732063293
Epoch: 9, AccTr: 0.9222999811172485, AccVa: 0.8615000247955322, CeTr: 0.22812776267528534, CeVa: 0.5178534388542175
Epoch: 10, AccTr: 0.9254000186920166, AccVa: 0.862500011920929, CeTr: 0.221406027674675, CeVa: 0.5017468333244324
ENSEMBLE | Tr_Acc: 0.9599000215530396, Tr_CE: 0.13284090161323547, Va_Acc: 0.8964999914169312, Va_CE: 0.3647927939891815
Epoch: 11, AccTr: 0.921999990940094, AccVa: 0.8569999933242798, CeTr: 0.22359851002693176, CeVa: 0.5181729197502136
Epoch: 12, AccTr: 0.9221000075340271, AccVa: 0.8600000143051147, CeTr: 0.2220141589641571, CeVa: 0.5168336629867554
Epoch: 13, AccTr: 0.9225999712944031, AccVa: 0.8659999966621399, CeTr: 0.2193537801504135, CeVa: 0.5028082728385925
Epoch: 14, AccTr: 0.9240999817848206, AccVa: 0.8579999804496765, CeTr: 0.21981585025787354, CeVa: 0.5136725902557373
Epoch: 15, AccTr: 0.9215999841690063, AccVa: 0.8610000014305115, CeTr: 0.22382202744483948, CeVa: 0.48817479610443115
ENSEMBLE | Tr_Acc: 0.9674000144004822, Tr_CE: 0.10708293318748474, Va_Acc: 0.9075000286102295, Va_CE: 0.3175053894519806
Epoch: 16, AccTr: 0.9230999946594238, AccVa: 0.8634999990463257, CeTr: 0.22235387563705444, CeVa: 0.530989408493042
Epoch: 17, AccTr: 0.9261000156402588, AccVa: 0.8650000095367432, CeTr: 0.2169991433620453, CeVa: 0.5058242678642273
Epoch: 18, AccTr: 0.9241999983787537, AccVa: 0.8519999980926514, CeTr: 0.21830454468727112, CeVa: 0.5251228213310242
Epoch: 19, AccTr: 0.920799970626831, AccVa: 0.8504999876022339, CeTr: 0.22440293431282043, CeVa: 0.531706690788269
Epoch: 20, AccTr: 0.9236999750137329, AccVa: 0.8644999861717224, CeTr: 0.22686751186847687, CeVa: 0.4964612126350403
ENSEMBLE | Tr_Acc: 0.9721999764442444, Tr_CE: 0.0943252444267273, Va_Acc: 0.9135000109672546, Va_CE: 0.2979769706726074
Epoch: 21, AccTr: 0.9243999719619751, AccVa: 0.8690000176429749, CeTr: 0.22273457050323486, CeVa: 0.47030308842658997
Epoch: 22, AccTr: 0.9218999743461609, AccVa: 0.8600000143051147, CeTr: 0.2254185825586319, CeVa: 0.48599064350128174
Epoch: 23, AccTr: 0.925000011920929, AccVa: 0.8529999852180481, CeTr: 0.21963530778884888, CeVa: 0.49431392550468445
Epoch: 24, AccTr: 0.9225999712944031, AccVa: 0.8644999861717224, CeTr: 0.22316239774227142, CeVa: 0.5086719989776611
Epoch: 25, AccTr: 0.920199990272522, AccVa: 0.8579999804496765, CeTr: 0.22717583179473877, CeVa: 0.5169362425804138
ENSEMBLE | Tr_Acc: 0.9743000268936157, Tr_CE: 0.08765443414449692, Va_Acc: 0.9144999980926514, Va_CE: 0.28405120968818665
Epoch: 26, AccTr: 0.9203000068664551, AccVa: 0.8684999942779541, CeTr: 0.23009291291236877, CeVa: 0.5010504126548767
Epoch: 27, AccTr: 0.92330002784729, AccVa: 0.8479999899864197, CeTr: 0.22320012748241425, CeVa: 0.5133371949195862
Epoch: 28, AccTr: 0.9248999953269958, AccVa: 0.8539999723434448, CeTr: 0.21478496491909027, CeVa: 0.5192170739173889
Epoch: 29, AccTr: 0.9226999878883362, AccVa: 0.8560000061988831, CeTr: 0.21607333421707153, CeVa: 0.5160840749740601
Epoch: 30, AccTr: 0.9246000051498413, AccVa: 0.8665000200271606, CeTr: 0.2178092747926712, CeVa: 0.4695774018764496
ENSEMBLE | Tr_Acc: 0.9761000275611877, Tr_CE: 0.08317877352237701, Va_Acc: 0.921500027179718, Va_CE: 0.27097874879837036
Epoch: 31, AccTr: 0.9258999824523926, AccVa: 0.8604999780654907, CeTr: 0.2160179615020752, CeVa: 0.5158672332763672
Epoch: 32, AccTr: 0.917900025844574, AccVa: 0.8604999780654907, CeTr: 0.22246293723583221, CeVa: 0.495296835899353
Epoch: 33, AccTr: 0.9247999787330627, AccVa: 0.8669999837875366, CeTr: 0.2120235562324524, CeVa: 0.4818785786628723
Epoch: 34, AccTr: 0.9197999835014343, AccVa: 0.859499990940094, CeTr: 0.22418859601020813, CeVa: 0.47376227378845215
Epoch: 35, AccTr: 0.9228000044822693, AccVa: 0.8544999957084656, CeTr: 0.2217593789100647, CeVa: 0.5325563549995422
ENSEMBLE | Tr_Acc: 0.9768000245094299, Tr_CE: 0.07973278313875198, Va_Acc: 0.9194999933242798, Va_CE: 0.26790285110473633
Epoch: 36, AccTr: 0.9217000007629395, AccVa: 0.8634999990463257, CeTr: 0.225782111287117, CeVa: 0.4922087490558624
Epoch: 37, AccTr: 0.9186999797821045, AccVa: 0.8525000214576721, CeTr: 0.22837616503238678, CeVa: 0.4989416301250458
Epoch: 38, AccTr: 0.9269999861717224, AccVa: 0.8675000071525574, CeTr: 0.21025116741657257, CeVa: 0.5169749855995178
Epoch: 39, AccTr: 0.9251999855041504, AccVa: 0.8579999804496765, CeTr: 0.2206641584634781, CeVa: 0.5435768961906433
Epoch: 40, AccTr: 0.9258999824523926, AccVa: 0.859000027179718, CeTr: 0.21293090283870697, CeVa: 0.49799200892448425
ENSEMBLE | Tr_Acc: 0.9779999852180481, Tr_CE: 0.07661983370780945, Va_Acc: 0.9225000143051147, Va_CE: 0.2644667327404022
Epoch: 41, AccTr: 0.9261000156402588, AccVa: 0.8604999780654907, CeTr: 0.214012011885643, CeVa: 0.5071256160736084
Epoch: 42, AccTr: 0.9235000014305115, AccVa: 0.859000027179718, CeTr: 0.21404697000980377, CeVa: 0.47774067521095276
Epoch: 43, AccTr: 0.9243000149726868, AccVa: 0.8659999966621399, CeTr: 0.21626055240631104, CeVa: 0.493502676486969
Epoch: 44, AccTr: 0.925599992275238, AccVa: 0.8585000038146973, CeTr: 0.21711567044258118, CeVa: 0.4862593710422516
Epoch: 45, AccTr: 0.9262999892234802, AccVa: 0.8700000047683716, CeTr: 0.2117803990840912, CeVa: 0.49886858463287354
ENSEMBLE | Tr_Acc: 0.978600025177002, Tr_CE: 0.07415442168712616, Va_Acc: 0.925000011920929, Va_CE: 0.2574918568134308
Epoch: 46, AccTr: 0.9279000163078308, AccVa: 0.8669999837875366, CeTr: 0.20662721991539001, CeVa: 0.47608038783073425
Epoch: 47, AccTr: 0.9261000156402588, AccVa: 0.8615000247955322, CeTr: 0.21990936994552612, CeVa: 0.5009303689002991
Epoch: 48, AccTr: 0.920199990272522, AccVa: 0.859000027179718, CeTr: 0.22286397218704224, CeVa: 0.5034952163696289
Epoch: 49, AccTr: 0.9236999750137329, AccVa: 0.8709999918937683, CeTr: 0.22598032653331757, CeVa: 0.4794333875179291
Epoch: 50, AccTr: 0.9244999885559082, AccVa: 0.8700000047683716, CeTr: 0.2087608426809311, CeVa: 0.5111430883407593
ENSEMBLE | Tr_Acc: 0.9797000288963318, Tr_CE: 0.07197556644678116, Va_Acc: 0.9244999885559082, Va_CE: 0.25420084595680237
NN CONFIG
Weight-type:		ternary
Layout									Layer #1: 250	Layer #2: 220	
Activation Functions					Layer #1: ets	Layer #2: ets	
Keep probabilities		Layer #0: 1.0	Layer #1: 1.0	Layer #2: 1.0	
Flat factors							Layer #1: 1.0	Layer #2: 1.0	Layer #3: 1.0	
Activation Noise						Layer #1: 0.1	Layer #2: 0.1	Layer #3: 0.0	
Prior: 0.8

===================================

RUN CONFIG
Epochs: 50, Blocksize: 4

===================================

Epoch: 1, AccTr: 0.9314000010490417, AccVa: 0.878000020980835, CeTr: 0.21382305026054382, CeVa: 0.4593915343284607
Epoch: 2, AccTr: 0.9319999814033508, AccVa: 0.8715000152587891, CeTr: 0.2093311995267868, CeVa: 0.4801536798477173
Epoch: 3, AccTr: 0.9283000230789185, AccVa: 0.8615000247955322, CeTr: 0.210089311003685, CeVa: 0.530140221118927
Epoch: 4, AccTr: 0.9302999973297119, AccVa: 0.8669999837875366, CeTr: 0.20489999651908875, CeVa: 0.5047648549079895
Epoch: 5, AccTr: 0.9266999959945679, AccVa: 0.859000027179718, CeTr: 0.21223893761634827, CeVa: 0.5367354154586792
ENSEMBLE | Tr_Acc: 0.9266999959945679, Tr_CE: 0.21223893761634827, Va_Acc: 0.859000027179718, Va_CE: 0.5367354154586792
Epoch: 6, AccTr: 0.9247999787330627, AccVa: 0.8585000038146973, CeTr: 0.2245951145887375, CeVa: 0.5657030344009399
Epoch: 7, AccTr: 0.9264000058174133, AccVa: 0.8665000200271606, CeTr: 0.21355974674224854, CeVa: 0.5058668255805969
Epoch: 8, AccTr: 0.9236000180244446, AccVa: 0.8554999828338623, CeTr: 0.22117748856544495, CeVa: 0.5405299663543701
Epoch: 9, AccTr: 0.9187999963760376, AccVa: 0.8554999828338623, CeTr: 0.22530852258205414, CeVa: 0.5521045923233032
Epoch: 10, AccTr: 0.9265000224113464, AccVa: 0.8544999957084656, CeTr: 0.2122131884098053, CeVa: 0.5618272423744202
ENSEMBLE | Tr_Acc: 0.9596999883651733, Tr_CE: 0.11880531907081604, Va_Acc: 0.8939999938011169, Va_CE: 0.3912258744239807
Epoch: 11, AccTr: 0.9271000027656555, AccVa: 0.8675000071525574, CeTr: 0.21695654094219208, CeVa: 0.5696019530296326
Epoch: 12, AccTr: 0.921999990940094, AccVa: 0.8634999990463257, CeTr: 0.21874548494815826, CeVa: 0.5542483925819397
Epoch: 13, AccTr: 0.9294000267982483, AccVa: 0.8650000095367432, CeTr: 0.20866245031356812, CeVa: 0.5235843658447266
Epoch: 14, AccTr: 0.9236000180244446, AccVa: 0.8535000085830688, CeTr: 0.21646852791309357, CeVa: 0.5482361316680908
Epoch: 15, AccTr: 0.9217000007629395, AccVa: 0.8544999957084656, CeTr: 0.21933090686798096, CeVa: 0.5986105799674988
ENSEMBLE | Tr_Acc: 0.9690999984741211, Tr_CE: 0.09228619933128357, Va_Acc: 0.9039999842643738, Va_CE: 0.35473397374153137
Epoch: 16, AccTr: 0.9236000180244446, AccVa: 0.8525000214576721, CeTr: 0.21679267287254333, CeVa: 0.5563425421714783
Epoch: 17, AccTr: 0.9229999780654907, AccVa: 0.8519999980926514, CeTr: 0.21850542724132538, CeVa: 0.5727947354316711
Epoch: 18, AccTr: 0.9229000210762024, AccVa: 0.8454999923706055, CeTr: 0.21082399785518646, CeVa: 0.576417088508606
Epoch: 19, AccTr: 0.921999990940094, AccVa: 0.8525000214576721, CeTr: 0.21090897917747498, CeVa: 0.5821807980537415
Epoch: 20, AccTr: 0.9248999953269958, AccVa: 0.8489999771118164, CeTr: 0.20719990134239197, CeVa: 0.5661910176277161
ENSEMBLE | Tr_Acc: 0.9747999906539917, Tr_CE: 0.07545177638530731, Va_Acc: 0.9089999794960022, Va_CE: 0.32572585344314575
Epoch: 21, AccTr: 0.9241999983787537, AccVa: 0.8554999828338623, CeTr: 0.2239730954170227, CeVa: 0.5626093745231628
Epoch: 22, AccTr: 0.9261999726295471, AccVa: 0.8500000238418579, CeTr: 0.21316196024417877, CeVa: 0.5812297463417053
Epoch: 23, AccTr: 0.9233999848365784, AccVa: 0.8615000247955322, CeTr: 0.2173556089401245, CeVa: 0.5233325362205505
Epoch: 24, AccTr: 0.9300000071525574, AccVa: 0.8489999771118164, CeTr: 0.20176203548908234, CeVa: 0.582314670085907
Epoch: 25, AccTr: 0.9280999898910522, AccVa: 0.8475000262260437, CeTr: 0.20956528186798096, CeVa: 0.6052638292312622
ENSEMBLE | Tr_Acc: 0.977400004863739, Tr_CE: 0.06820736825466156, Va_Acc: 0.9154999852180481, Va_CE: 0.31624239683151245
Epoch: 26, AccTr: 0.9271000027656555, AccVa: 0.8510000109672546, CeTr: 0.20881186425685883, CeVa: 0.5598560571670532
Epoch: 27, AccTr: 0.9254999756813049, AccVa: 0.8535000085830688, CeTr: 0.21532973647117615, CeVa: 0.5499333143234253
Epoch: 28, AccTr: 0.9273999929428101, AccVa: 0.8510000109672546, CeTr: 0.21353276073932648, CeVa: 0.5647603273391724
Epoch: 29, AccTr: 0.9236999750137329, AccVa: 0.8464999794960022, CeTr: 0.21816405653953552, CeVa: 0.5989861488342285
Epoch: 30, AccTr: 0.9257000088691711, AccVa: 0.8539999723434448, CeTr: 0.21240830421447754, CeVa: 0.5832104682922363
ENSEMBLE | Tr_Acc: 0.9801999926567078, Tr_CE: 0.06397685408592224, Va_Acc: 0.9185000061988831, Va_CE: 0.30661067366600037
Epoch: 31, AccTr: 0.9222000241279602, AccVa: 0.8585000038146973, CeTr: 0.2211514413356781, CeVa: 0.5688887238502502
Epoch: 32, AccTr: 0.923799991607666, AccVa: 0.843999981880188, CeTr: 0.21670211851596832, CeVa: 0.6232041120529175
Epoch: 33, AccTr: 0.9253000020980835, AccVa: 0.8604999780654907, CeTr: 0.20838767290115356, CeVa: 0.5499905347824097
Epoch: 34, AccTr: 0.9254999756813049, AccVa: 0.8610000014305115, CeTr: 0.20681020617485046, CeVa: 0.5296335220336914
Epoch: 35, AccTr: 0.9265000224113464, AccVa: 0.8519999980926514, CeTr: 0.20234057307243347, CeVa: 0.5728849172592163
ENSEMBLE | Tr_Acc: 0.9821000099182129, Tr_CE: 0.06010790541768074, Va_Acc: 0.921500027179718, Va_CE: 0.2966476082801819
Epoch: 36, AccTr: 0.9251999855041504, AccVa: 0.8634999990463257, CeTr: 0.21596552431583405, CeVa: 0.5682775378227234
Epoch: 37, AccTr: 0.9247999787330627, AccVa: 0.8604999780654907, CeTr: 0.21261335909366608, CeVa: 0.5528591275215149
Epoch: 38, AccTr: 0.9265999794006348, AccVa: 0.871999979019165, CeTr: 0.2082948237657547, CeVa: 0.5440884232521057
Epoch: 39, AccTr: 0.9265999794006348, AccVa: 0.8659999966621399, CeTr: 0.2112431675195694, CeVa: 0.5706709027290344
Epoch: 40, AccTr: 0.9297999739646912, AccVa: 0.8560000061988831, CeTr: 0.1982429027557373, CeVa: 0.5765512585639954
ENSEMBLE | Tr_Acc: 0.9832000136375427, Tr_CE: 0.05668225884437561, Va_Acc: 0.9210000038146973, Va_CE: 0.29030364751815796
Epoch: 41, AccTr: 0.923799991607666, AccVa: 0.8665000200271606, CeTr: 0.21258142590522766, CeVa: 0.5484104752540588
Epoch: 42, AccTr: 0.9247000217437744, AccVa: 0.8450000286102295, CeTr: 0.21585214138031006, CeVa: 0.582615315914154
Epoch: 43, AccTr: 0.9236000180244446, AccVa: 0.8554999828338623, CeTr: 0.20920026302337646, CeVa: 0.5704596638679504
Epoch: 44, AccTr: 0.9261000156402588, AccVa: 0.8560000061988831, CeTr: 0.20719772577285767, CeVa: 0.5449048280715942
Epoch: 45, AccTr: 0.925000011920929, AccVa: 0.8445000052452087, CeTr: 0.20959751307964325, CeVa: 0.6098490953445435
ENSEMBLE | Tr_Acc: 0.9835000038146973, Tr_CE: 0.05481104552745819, Va_Acc: 0.9194999933242798, Va_CE: 0.2889676094055176
Epoch: 46, AccTr: 0.9239000082015991, AccVa: 0.859499990940094, CeTr: 0.21071277558803558, CeVa: 0.5412100553512573
Epoch: 47, AccTr: 0.9228000044822693, AccVa: 0.859000027179718, CeTr: 0.21601323783397675, CeVa: 0.5587636232376099
Epoch: 48, AccTr: 0.9251999855041504, AccVa: 0.8535000085830688, CeTr: 0.2108725756406784, CeVa: 0.5708661079406738
Epoch: 49, AccTr: 0.9247000217437744, AccVa: 0.862500011920929, CeTr: 0.21621249616146088, CeVa: 0.5129281282424927
Epoch: 50, AccTr: 0.9276999831199646, AccVa: 0.8634999990463257, CeTr: 0.1983237862586975, CeVa: 0.523836076259613
ENSEMBLE | Tr_Acc: 0.984499990940094, Tr_CE: 0.05319961532950401, Va_Acc: 0.921999990940094, Va_CE: 0.2794213891029358
Mod Accuracy || Mean: 0.8603750467300415	 Std: 0.0068133617751300335
Ens Accuracy || Mean: 0.9238749742507935	 Std: 0.0015155489090830088
Mod CE || Mean: 0.5203257203102112	 Std: 0.006609359756112099
Ens CE || Mean: 0.2624024748802185	 Std: 0.010012860409915447
