NN CONFIG
Weight-type:		ternary
Layout									Layer #1: 250	Layer #2: 220	
Activation Functions					Layer #1: ets	Layer #2: ets	
Keep probabilities		Layer #0: 1.0	Layer #1: 1.0	Layer #2: 1.0	
Flat factors							Layer #1: 1.0	Layer #2: 1.0	Layer #3: 1.0	
Activation Noise						Layer #1: 0.1	Layer #2: 0.1	Layer #3: 0.0	
Prior: 0.8

===================================

RUN CONFIG
Epochs: 50, Blocksize: 4

===================================

Input binarization: False
Epoch: 1, AccTr: 0.8977000117301941, AccVa: 0.8679999709129333, CeTr: 0.33741968870162964, CeVa: 0.4566448926925659
Epoch: 2, AccTr: 0.9067999720573425, AccVa: 0.8880000114440918, CeTr: 0.2942095696926117, CeVa: 0.4207566976547241
Epoch: 3, AccTr: 0.906499981880188, AccVa: 0.8705000281333923, CeTr: 0.28881463408470154, CeVa: 0.4420204162597656
Epoch: 4, AccTr: 0.9114000201225281, AccVa: 0.8849999904632568, CeTr: 0.27603793144226074, CeVa: 0.3881126642227173
Epoch: 5, AccTr: 0.910099983215332, AccVa: 0.8865000009536743, CeTr: 0.2720336616039276, CeVa: 0.39148762822151184
ENSEMBLE | Tr_Acc: 0.910099983215332, Tr_CE: 0.2720336616039276, Va_Acc: 0.8865000009536743, Va_CE: 0.39148762822151184
Epoch: 6, AccTr: 0.913100004196167, AccVa: 0.8920000195503235, CeTr: 0.26104989647865295, CeVa: 0.3963596522808075
Epoch: 7, AccTr: 0.9218000173568726, AccVa: 0.8820000290870667, CeTr: 0.24029220640659332, CeVa: 0.3923141658306122
Epoch: 8, AccTr: 0.9160000085830688, AccVa: 0.8920000195503235, CeTr: 0.2560911476612091, CeVa: 0.38754191994667053
Epoch: 9, AccTr: 0.917900025844574, AccVa: 0.8880000114440918, CeTr: 0.25331535935401917, CeVa: 0.38373640179634094
Epoch: 10, AccTr: 0.9161999821662903, AccVa: 0.8914999961853027, CeTr: 0.2603004276752472, CeVa: 0.3916863203048706
ENSEMBLE | Tr_Acc: 0.9440000057220459, Tr_CE: 0.17562295496463776, Va_Acc: 0.9150000214576721, Va_CE: 0.29691582918167114
Epoch: 11, AccTr: 0.9171000123023987, AccVa: 0.8845000267028809, CeTr: 0.2499276101589203, CeVa: 0.3867729902267456
Epoch: 12, AccTr: 0.9204000234603882, AccVa: 0.8834999799728394, CeTr: 0.24373969435691833, CeVa: 0.3936639130115509
Epoch: 13, AccTr: 0.9244999885559082, AccVa: 0.8880000114440918, CeTr: 0.23210224509239197, CeVa: 0.36238813400268555
Epoch: 14, AccTr: 0.9258000254631042, AccVa: 0.9010000228881836, CeTr: 0.2357882261276245, CeVa: 0.3498059809207916
Epoch: 15, AccTr: 0.9190000295639038, AccVa: 0.890500009059906, CeTr: 0.24877704679965973, CeVa: 0.3674076497554779
ENSEMBLE | Tr_Acc: 0.954800009727478, Tr_CE: 0.1460442990064621, Va_Acc: 0.9279999732971191, Va_CE: 0.2551117241382599
Epoch: 16, AccTr: 0.9205999970436096, AccVa: 0.8815000057220459, CeTr: 0.24151627719402313, CeVa: 0.409884512424469
Epoch: 17, AccTr: 0.919700026512146, AccVa: 0.8799999952316284, CeTr: 0.23695698380470276, CeVa: 0.37964603304862976
Epoch: 18, AccTr: 0.9194999933242798, AccVa: 0.8889999985694885, CeTr: 0.24204160273075104, CeVa: 0.38560760021209717
Epoch: 19, AccTr: 0.9189000129699707, AccVa: 0.8799999952316284, CeTr: 0.24511967599391937, CeVa: 0.41174620389938354
Epoch: 20, AccTr: 0.9218999743461609, AccVa: 0.8700000047683716, CeTr: 0.237481489777565, CeVa: 0.41737642884254456
ENSEMBLE | Tr_Acc: 0.9592999815940857, Tr_CE: 0.12902818620204926, Va_Acc: 0.9294999837875366, Va_CE: 0.24499130249023438
Epoch: 21, AccTr: 0.9200999736785889, AccVa: 0.8834999799728394, CeTr: 0.2386077344417572, CeVa: 0.3909514546394348
Epoch: 22, AccTr: 0.9211000204086304, AccVa: 0.8849999904632568, CeTr: 0.247911274433136, CeVa: 0.3888690173625946
Epoch: 23, AccTr: 0.9200000166893005, AccVa: 0.8870000243186951, CeTr: 0.24299633502960205, CeVa: 0.3993242681026459
Epoch: 24, AccTr: 0.9225000143051147, AccVa: 0.8884999752044678, CeTr: 0.2395700216293335, CeVa: 0.3958183526992798
Epoch: 25, AccTr: 0.9214000105857849, AccVa: 0.8845000267028809, CeTr: 0.2442827671766281, CeVa: 0.38388320803642273
ENSEMBLE | Tr_Acc: 0.9631999731063843, Tr_CE: 0.12071079015731812, Va_Acc: 0.9300000071525574, Va_CE: 0.23535600304603577
Epoch: 26, AccTr: 0.9246000051498413, AccVa: 0.8920000195503235, CeTr: 0.22765542566776276, CeVa: 0.36662882566452026
Epoch: 27, AccTr: 0.9236000180244446, AccVa: 0.8859999775886536, CeTr: 0.23399291932582855, CeVa: 0.41391822695732117
Epoch: 28, AccTr: 0.9240999817848206, AccVa: 0.8924999833106995, CeTr: 0.236662358045578, CeVa: 0.3658345937728882
Epoch: 29, AccTr: 0.9218999743461609, AccVa: 0.8855000138282776, CeTr: 0.23833467066287994, CeVa: 0.3949855864048004
Epoch: 30, AccTr: 0.923799991607666, AccVa: 0.8939999938011169, CeTr: 0.229951411485672, CeVa: 0.37437567114830017
ENSEMBLE | Tr_Acc: 0.9650999903678894, Tr_CE: 0.11306347697973251, Va_Acc: 0.9294999837875366, Va_CE: 0.22787445783615112
Epoch: 31, AccTr: 0.9246000051498413, AccVa: 0.887499988079071, CeTr: 0.23361848294734955, CeVa: 0.3993730843067169
Epoch: 32, AccTr: 0.9244999885559082, AccVa: 0.8920000195503235, CeTr: 0.24001719057559967, CeVa: 0.3874099850654602
Epoch: 33, AccTr: 0.9269999861717224, AccVa: 0.8884999752044678, CeTr: 0.23404523730278015, CeVa: 0.39224931597709656
Epoch: 34, AccTr: 0.9240999817848206, AccVa: 0.8865000009536743, CeTr: 0.2363957017660141, CeVa: 0.38664039969444275
Epoch: 35, AccTr: 0.9259999990463257, AccVa: 0.887499988079071, CeTr: 0.22715969383716583, CeVa: 0.4037506878376007
ENSEMBLE | Tr_Acc: 0.9667999744415283, Tr_CE: 0.10862890630960464, Va_Acc: 0.9325000047683716, Va_CE: 0.22585836052894592
Epoch: 36, AccTr: 0.9230999946594238, AccVa: 0.8924999833106995, CeTr: 0.23471298813819885, CeVa: 0.4021098017692566
Epoch: 37, AccTr: 0.927299976348877, AccVa: 0.8799999952316284, CeTr: 0.21904975175857544, CeVa: 0.3829619288444519
Epoch: 38, AccTr: 0.9275000095367432, AccVa: 0.8859999775886536, CeTr: 0.23022308945655823, CeVa: 0.37599343061447144
Epoch: 39, AccTr: 0.9300000071525574, AccVa: 0.8884999752044678, CeTr: 0.22207598388195038, CeVa: 0.36227947473526
Epoch: 40, AccTr: 0.9232000112533569, AccVa: 0.887499988079071, CeTr: 0.22029805183410645, CeVa: 0.38711822032928467
ENSEMBLE | Tr_Acc: 0.9670000076293945, Tr_CE: 0.10536987334489822, Va_Acc: 0.9355000257492065, Va_CE: 0.22158974409103394
Epoch: 41, AccTr: 0.9251999855041504, AccVa: 0.8949999809265137, CeTr: 0.22760185599327087, CeVa: 0.3703550696372986
Epoch: 42, AccTr: 0.925599992275238, AccVa: 0.8889999985694885, CeTr: 0.22424902021884918, CeVa: 0.37271344661712646
Epoch: 43, AccTr: 0.9211999773979187, AccVa: 0.8840000033378601, CeTr: 0.2454235851764679, CeVa: 0.38165825605392456
Epoch: 44, AccTr: 0.9247000217437744, AccVa: 0.8840000033378601, CeTr: 0.23627087473869324, CeVa: 0.38715213537216187
Epoch: 45, AccTr: 0.9218999743461609, AccVa: 0.878000020980835, CeTr: 0.24251440167427063, CeVa: 0.4258156716823578
ENSEMBLE | Tr_Acc: 0.9671000242233276, Tr_CE: 0.1038881465792656, Va_Acc: 0.9355000257492065, Va_CE: 0.2210521399974823
Epoch: 46, AccTr: 0.9225999712944031, AccVa: 0.8870000243186951, CeTr: 0.2402687966823578, CeVa: 0.3817214369773865
Epoch: 47, AccTr: 0.9205999970436096, AccVa: 0.8840000033378601, CeTr: 0.23751172423362732, CeVa: 0.4021792709827423
Epoch: 48, AccTr: 0.92330002784729, AccVa: 0.8945000171661377, CeTr: 0.23225952684879303, CeVa: 0.37763169407844543
Epoch: 49, AccTr: 0.9244999885559082, AccVa: 0.8939999938011169, CeTr: 0.2341567873954773, CeVa: 0.37615564465522766
Epoch: 50, AccTr: 0.921500027179718, AccVa: 0.8865000009536743, CeTr: 0.2395334541797638, CeVa: 0.3948689103126526
ENSEMBLE | Tr_Acc: 0.9679999947547913, Tr_CE: 0.1023533046245575, Va_Acc: 0.934499979019165, Va_CE: 0.21924655139446259
NN CONFIG
Weight-type:		ternary
Layout									Layer #1: 250	Layer #2: 220	
Activation Functions					Layer #1: ets	Layer #2: ets	
Keep probabilities		Layer #0: 1.0	Layer #1: 1.0	Layer #2: 1.0	
Flat factors							Layer #1: 1.0	Layer #2: 1.0	Layer #3: 1.0	
Activation Noise						Layer #1: 0.1	Layer #2: 0.1	Layer #3: 0.0	
Prior: 0.8

===================================

RUN CONFIG
Epochs: 50, Blocksize: 4

===================================

Input binarization: False
Epoch: 1, AccTr: 0.9108999967575073, AccVa: 0.8834999799728394, CeTr: 0.3008750081062317, CeVa: 0.3940097689628601
Epoch: 2, AccTr: 0.9144999980926514, AccVa: 0.8725000023841858, CeTr: 0.26558926701545715, CeVa: 0.4311002790927887
Epoch: 3, AccTr: 0.9179999828338623, AccVa: 0.8980000019073486, CeTr: 0.262587308883667, CeVa: 0.3596782088279724
Epoch: 4, AccTr: 0.9228000044822693, AccVa: 0.890999972820282, CeTr: 0.25868871808052063, CeVa: 0.3570571839809418
Epoch: 5, AccTr: 0.9190999865531921, AccVa: 0.8980000019073486, CeTr: 0.26517340540885925, CeVa: 0.3701665699481964
ENSEMBLE | Tr_Acc: 0.9190999865531921, Tr_CE: 0.26517340540885925, Va_Acc: 0.8980000019073486, Va_CE: 0.3701665699481964
Epoch: 6, AccTr: 0.9215999841690063, AccVa: 0.8914999961853027, CeTr: 0.24999170005321503, CeVa: 0.37572014331817627
Epoch: 7, AccTr: 0.9157000184059143, AccVa: 0.8924999833106995, CeTr: 0.2568901479244232, CeVa: 0.38001763820648193
Epoch: 8, AccTr: 0.9204000234603882, AccVa: 0.890999972820282, CeTr: 0.25425970554351807, CeVa: 0.4074971377849579
Epoch: 9, AccTr: 0.9197999835014343, AccVa: 0.8859999775886536, CeTr: 0.24885043501853943, CeVa: 0.4024006724357605
Epoch: 10, AccTr: 0.9225000143051147, AccVa: 0.8914999961853027, CeTr: 0.2404458075761795, CeVa: 0.41788774728775024
ENSEMBLE | Tr_Acc: 0.9447000026702881, Tr_CE: 0.17211735248565674, Va_Acc: 0.9150000214576721, Va_CE: 0.291617751121521
Epoch: 11, AccTr: 0.9251000285148621, AccVa: 0.8945000171661377, CeTr: 0.24510115385055542, CeVa: 0.3902852237224579
Epoch: 12, AccTr: 0.9194999933242798, AccVa: 0.8999999761581421, CeTr: 0.24226734042167664, CeVa: 0.36528703570365906
Epoch: 13, AccTr: 0.9228000044822693, AccVa: 0.887499988079071, CeTr: 0.24373090267181396, CeVa: 0.39227545261383057
Epoch: 14, AccTr: 0.9269999861717224, AccVa: 0.8774999976158142, CeTr: 0.24122978746891022, CeVa: 0.4288264214992523
Epoch: 15, AccTr: 0.9194999933242798, AccVa: 0.887499988079071, CeTr: 0.24267050623893738, CeVa: 0.3963300287723541
ENSEMBLE | Tr_Acc: 0.9552000164985657, Tr_CE: 0.14343710243701935, Va_Acc: 0.9279999732971191, Va_CE: 0.26256608963012695
Epoch: 16, AccTr: 0.9243000149726868, AccVa: 0.8870000243186951, CeTr: 0.2443038523197174, CeVa: 0.4113670587539673
Epoch: 17, AccTr: 0.9248999953269958, AccVa: 0.8840000033378601, CeTr: 0.23639611899852753, CeVa: 0.41668879985809326
Epoch: 18, AccTr: 0.9171000123023987, AccVa: 0.8845000267028809, CeTr: 0.24310456216335297, CeVa: 0.40624287724494934
Epoch: 19, AccTr: 0.923799991607666, AccVa: 0.8955000042915344, CeTr: 0.24327914416790009, CeVa: 0.3679085075855255
Epoch: 20, AccTr: 0.9214000105857849, AccVa: 0.8995000123977661, CeTr: 0.2447921335697174, CeVa: 0.37303289771080017
ENSEMBLE | Tr_Acc: 0.9606000185012817, Tr_CE: 0.13069315254688263, Va_Acc: 0.9319999814033508, Va_CE: 0.23996350169181824
Epoch: 21, AccTr: 0.9229000210762024, AccVa: 0.8945000171661377, CeTr: 0.24305343627929688, CeVa: 0.39050379395484924
Epoch: 22, AccTr: 0.9246000051498413, AccVa: 0.8934999704360962, CeTr: 0.24596428871154785, CeVa: 0.37285298109054565
Epoch: 23, AccTr: 0.91839998960495, AccVa: 0.8815000057220459, CeTr: 0.24619685113430023, CeVa: 0.38566431403160095
Epoch: 24, AccTr: 0.9240999817848206, AccVa: 0.8955000042915344, CeTr: 0.23891986906528473, CeVa: 0.3690655529499054
Epoch: 25, AccTr: 0.9232000112533569, AccVa: 0.8924999833106995, CeTr: 0.23482832312583923, CeVa: 0.38892632722854614
ENSEMBLE | Tr_Acc: 0.9629999995231628, Tr_CE: 0.12036499381065369, Va_Acc: 0.934499979019165, Va_CE: 0.22749648988246918
Epoch: 26, AccTr: 0.9261999726295471, AccVa: 0.8924999833106995, CeTr: 0.22976769506931305, CeVa: 0.3712666928768158
Epoch: 27, AccTr: 0.9254000186920166, AccVa: 0.8880000114440918, CeTr: 0.238279327750206, CeVa: 0.4150305390357971
Epoch: 28, AccTr: 0.9293000102043152, AccVa: 0.8924999833106995, CeTr: 0.2309081256389618, CeVa: 0.3989967107772827
Epoch: 29, AccTr: 0.9273999929428101, AccVa: 0.890999972820282, CeTr: 0.2317722886800766, CeVa: 0.40001484751701355
Epoch: 30, AccTr: 0.9211999773979187, AccVa: 0.8824999928474426, CeTr: 0.2414296567440033, CeVa: 0.4180363416671753
ENSEMBLE | Tr_Acc: 0.9642999768257141, Tr_CE: 0.1141388937830925, Va_Acc: 0.9380000233650208, Va_CE: 0.2227873057126999
Epoch: 31, AccTr: 0.9240000247955322, AccVa: 0.8855000138282776, CeTr: 0.238754004240036, CeVa: 0.40417975187301636
Epoch: 32, AccTr: 0.9218999743461609, AccVa: 0.8980000019073486, CeTr: 0.24240122735500336, CeVa: 0.3703477382659912
Epoch: 33, AccTr: 0.9235000014305115, AccVa: 0.887499988079071, CeTr: 0.23528283834457397, CeVa: 0.3775392472743988
Epoch: 34, AccTr: 0.9221000075340271, AccVa: 0.8880000114440918, CeTr: 0.24469372630119324, CeVa: 0.3820655047893524
Epoch: 35, AccTr: 0.9261999726295471, AccVa: 0.8799999952316284, CeTr: 0.23839189112186432, CeVa: 0.415134996175766
ENSEMBLE | Tr_Acc: 0.9656000137329102, Tr_CE: 0.11033110320568085, Va_Acc: 0.9384999871253967, Va_CE: 0.2220132201910019
Epoch: 36, AccTr: 0.9204999804496765, AccVa: 0.8930000066757202, CeTr: 0.2455555647611618, CeVa: 0.37561482191085815
Epoch: 37, AccTr: 0.927299976348877, AccVa: 0.8934999704360962, CeTr: 0.22976332902908325, CeVa: 0.3943069875240326
Epoch: 38, AccTr: 0.9211999773979187, AccVa: 0.8945000171661377, CeTr: 0.24651771783828735, CeVa: 0.39091944694519043
Epoch: 39, AccTr: 0.9269999861717224, AccVa: 0.8980000019073486, CeTr: 0.23437179625034332, CeVa: 0.3907960057258606
Epoch: 40, AccTr: 0.9217000007629395, AccVa: 0.8859999775886536, CeTr: 0.24663154780864716, CeVa: 0.39581477642059326
ENSEMBLE | Tr_Acc: 0.965499997138977, Tr_CE: 0.10729829967021942, Va_Acc: 0.9390000104904175, Va_CE: 0.21861878037452698
Epoch: 41, AccTr: 0.9259999990463257, AccVa: 0.8949999809265137, CeTr: 0.23765809834003448, CeVa: 0.37671664357185364
Epoch: 42, AccTr: 0.9226999878883362, AccVa: 0.8920000195503235, CeTr: 0.24406816065311432, CeVa: 0.35900065302848816
Epoch: 43, AccTr: 0.9236999750137329, AccVa: 0.8939999938011169, CeTr: 0.24289223551750183, CeVa: 0.3701205551624298
Epoch: 44, AccTr: 0.9204999804496765, AccVa: 0.8930000066757202, CeTr: 0.25596529245376587, CeVa: 0.36558258533477783
Epoch: 45, AccTr: 0.9225999712944031, AccVa: 0.9004999995231628, CeTr: 0.24045883119106293, CeVa: 0.37311312556266785
ENSEMBLE | Tr_Acc: 0.9678999781608582, Tr_CE: 0.10544111579656601, Va_Acc: 0.9434999823570251, Va_CE: 0.21504086256027222
Epoch: 46, AccTr: 0.9200999736785889, AccVa: 0.8960000276565552, CeTr: 0.24136099219322205, CeVa: 0.3598298132419586
Epoch: 47, AccTr: 0.9272000193595886, AccVa: 0.8949999809265137, CeTr: 0.22740575671195984, CeVa: 0.3627799153327942
Epoch: 48, AccTr: 0.9257000088691711, AccVa: 0.890999972820282, CeTr: 0.2401944398880005, CeVa: 0.38577404618263245
Epoch: 49, AccTr: 0.9203000068664551, AccVa: 0.8880000114440918, CeTr: 0.25586578249931335, CeVa: 0.3740290105342865
Epoch: 50, AccTr: 0.925599992275238, AccVa: 0.890500009059906, CeTr: 0.23976172506809235, CeVa: 0.39636796712875366
ENSEMBLE | Tr_Acc: 0.9685999751091003, Tr_CE: 0.10317187756299973, Va_Acc: 0.9419999718666077, Va_CE: 0.2134665548801422
NN CONFIG
Weight-type:		ternary
Layout									Layer #1: 250	Layer #2: 220	
Activation Functions					Layer #1: ets	Layer #2: ets	
Keep probabilities		Layer #0: 1.0	Layer #1: 1.0	Layer #2: 1.0	
Flat factors							Layer #1: 1.0	Layer #2: 1.0	Layer #3: 1.0	
Activation Noise						Layer #1: 0.1	Layer #2: 0.1	Layer #3: 0.0	
Prior: 0.8

===================================

RUN CONFIG
Epochs: 50, Blocksize: 4

===================================

Input binarization: False
Epoch: 1, AccTr: 0.9124000072479248, AccVa: 0.8794999718666077, CeTr: 0.29920893907546997, CeVa: 0.4171907603740692
Epoch: 2, AccTr: 0.9169999957084656, AccVa: 0.8809999823570251, CeTr: 0.2606956660747528, CeVa: 0.4203067719936371
Epoch: 3, AccTr: 0.9175999760627747, AccVa: 0.8985000252723694, CeTr: 0.2619454860687256, CeVa: 0.39868202805519104
Epoch: 4, AccTr: 0.9157000184059143, AccVa: 0.8849999904632568, CeTr: 0.2689099609851837, CeVa: 0.39390185475349426
Epoch: 5, AccTr: 0.9230999946594238, AccVa: 0.8945000171661377, CeTr: 0.25629857182502747, CeVa: 0.4215753674507141
ENSEMBLE | Tr_Acc: 0.9230999946594238, Tr_CE: 0.25629857182502747, Va_Acc: 0.8945000171661377, Va_CE: 0.4215753674507141
Epoch: 6, AccTr: 0.920799970626831, AccVa: 0.8995000123977661, CeTr: 0.25135537981987, CeVa: 0.386675626039505
Epoch: 7, AccTr: 0.9200999736785889, AccVa: 0.8840000033378601, CeTr: 0.24604828655719757, CeVa: 0.4031517803668976
Epoch: 8, AccTr: 0.9179999828338623, AccVa: 0.8859999775886536, CeTr: 0.25102338194847107, CeVa: 0.42473089694976807
Epoch: 9, AccTr: 0.9182999730110168, AccVa: 0.8914999961853027, CeTr: 0.26178303360939026, CeVa: 0.37844744324684143
Epoch: 10, AccTr: 0.9241999983787537, AccVa: 0.8870000243186951, CeTr: 0.2405945360660553, CeVa: 0.3948456645011902
ENSEMBLE | Tr_Acc: 0.9519000053405762, Tr_CE: 0.158552885055542, Va_Acc: 0.9194999933242798, Va_CE: 0.30314400792121887
Epoch: 11, AccTr: 0.920799970626831, AccVa: 0.8820000290870667, CeTr: 0.23927390575408936, CeVa: 0.40342095494270325
Epoch: 12, AccTr: 0.921999990940094, AccVa: 0.8939999938011169, CeTr: 0.24230551719665527, CeVa: 0.3990592658519745
Epoch: 13, AccTr: 0.920799970626831, AccVa: 0.8949999809265137, CeTr: 0.24820075929164886, CeVa: 0.3976036608219147
Epoch: 14, AccTr: 0.92330002784729, AccVa: 0.887499988079071, CeTr: 0.23855452239513397, CeVa: 0.4053887128829956
Epoch: 15, AccTr: 0.9199000000953674, AccVa: 0.8859999775886536, CeTr: 0.24638642370700836, CeVa: 0.4073082208633423
ENSEMBLE | Tr_Acc: 0.958299994468689, Tr_CE: 0.13258014619350433, Va_Acc: 0.925000011920929, Va_CE: 0.27246689796447754
Epoch: 16, AccTr: 0.9217000007629395, AccVa: 0.8889999985694885, CeTr: 0.2456951141357422, CeVa: 0.40930917859077454
Epoch: 17, AccTr: 0.9211000204086304, AccVa: 0.887499988079071, CeTr: 0.2516799569129944, CeVa: 0.41241538524627686
Epoch: 18, AccTr: 0.9211000204086304, AccVa: 0.8820000290870667, CeTr: 0.24028775095939636, CeVa: 0.4111224412918091
Epoch: 19, AccTr: 0.9221000075340271, AccVa: 0.8859999775886536, CeTr: 0.24205556511878967, CeVa: 0.405272901058197
Epoch: 20, AccTr: 0.9243000149726868, AccVa: 0.887499988079071, CeTr: 0.23730258643627167, CeVa: 0.4055520296096802
ENSEMBLE | Tr_Acc: 0.9635999798774719, Tr_CE: 0.11656081676483154, Va_Acc: 0.9290000200271606, Va_CE: 0.24657848477363586
Epoch: 21, AccTr: 0.9251999855041504, AccVa: 0.8955000042915344, CeTr: 0.23579160869121552, CeVa: 0.38633447885513306
Epoch: 22, AccTr: 0.9222999811172485, AccVa: 0.8790000081062317, CeTr: 0.24574872851371765, CeVa: 0.4118262231349945
Epoch: 23, AccTr: 0.9232000112533569, AccVa: 0.890500009059906, CeTr: 0.22910383343696594, CeVa: 0.3940095901489258
Epoch: 24, AccTr: 0.9241999983787537, AccVa: 0.887499988079071, CeTr: 0.23784899711608887, CeVa: 0.39430683851242065
Epoch: 25, AccTr: 0.9253000020980835, AccVa: 0.8939999938011169, CeTr: 0.22682638466358185, CeVa: 0.3847897946834564
ENSEMBLE | Tr_Acc: 0.9661999940872192, Tr_CE: 0.10673767328262329, Va_Acc: 0.9330000281333923, Va_CE: 0.2324817180633545
Epoch: 26, AccTr: 0.9228000044822693, AccVa: 0.8995000123977661, CeTr: 0.23676332831382751, CeVa: 0.38517114520072937
Epoch: 27, AccTr: 0.925000011920929, AccVa: 0.8895000219345093, CeTr: 0.2259683609008789, CeVa: 0.4053611159324646
Epoch: 28, AccTr: 0.9251999855041504, AccVa: 0.8970000147819519, CeTr: 0.225313201546669, CeVa: 0.37910497188568115
Epoch: 29, AccTr: 0.9243000149726868, AccVa: 0.8930000066757202, CeTr: 0.2380189150571823, CeVa: 0.4160732924938202
Epoch: 30, AccTr: 0.921999990940094, AccVa: 0.890999972820282, CeTr: 0.23961254954338074, CeVa: 0.4161602556705475
ENSEMBLE | Tr_Acc: 0.9671000242233276, Tr_CE: 0.10158047825098038, Va_Acc: 0.9359999895095825, Va_CE: 0.22761639952659607
Epoch: 31, AccTr: 0.9225000143051147, AccVa: 0.8889999985694885, CeTr: 0.23756298422813416, CeVa: 0.39169156551361084
Epoch: 32, AccTr: 0.9273999929428101, AccVa: 0.8765000104904175, CeTr: 0.227851003408432, CeVa: 0.46240025758743286
Epoch: 33, AccTr: 0.9228000044822693, AccVa: 0.8970000147819519, CeTr: 0.2421894520521164, CeVa: 0.39051103591918945
Epoch: 34, AccTr: 0.9258999824523926, AccVa: 0.8949999809265137, CeTr: 0.23383930325508118, CeVa: 0.38105255365371704
Epoch: 35, AccTr: 0.9247999787330627, AccVa: 0.8970000147819519, CeTr: 0.23309829831123352, CeVa: 0.3864288926124573
ENSEMBLE | Tr_Acc: 0.9684000015258789, Tr_CE: 0.09757246822118759, Va_Acc: 0.9365000128746033, Va_CE: 0.22117748856544495
Epoch: 36, AccTr: 0.9222999811172485, AccVa: 0.9035000205039978, CeTr: 0.24272099137306213, CeVa: 0.3898554742336273
Epoch: 37, AccTr: 0.9225000143051147, AccVa: 0.8895000219345093, CeTr: 0.23145614564418793, CeVa: 0.4062586724758148
Epoch: 38, AccTr: 0.9229999780654907, AccVa: 0.8824999928474426, CeTr: 0.22625353932380676, CeVa: 0.3913831114768982
Epoch: 39, AccTr: 0.921999990940094, AccVa: 0.8824999928474426, CeTr: 0.24270950257778168, CeVa: 0.4057709276676178
Epoch: 40, AccTr: 0.9235000014305115, AccVa: 0.8945000171661377, CeTr: 0.23500725626945496, CeVa: 0.3986263573169708
ENSEMBLE | Tr_Acc: 0.9696000218391418, Tr_CE: 0.09471669793128967, Va_Acc: 0.9384999871253967, Va_CE: 0.214632049202919
Epoch: 41, AccTr: 0.9218999743461609, AccVa: 0.8895000219345093, CeTr: 0.2408723384141922, CeVa: 0.4198285639286041
Epoch: 42, AccTr: 0.9236000180244446, AccVa: 0.8855000138282776, CeTr: 0.23125556111335754, CeVa: 0.42528271675109863
Epoch: 43, AccTr: 0.9208999872207642, AccVa: 0.8980000019073486, CeTr: 0.2378363460302353, CeVa: 0.37260809540748596
Epoch: 44, AccTr: 0.91839998960495, AccVa: 0.8830000162124634, CeTr: 0.2496747523546219, CeVa: 0.42214688658714294
Epoch: 45, AccTr: 0.9160000085830688, AccVa: 0.8880000114440918, CeTr: 0.25782716274261475, CeVa: 0.3991366922855377
ENSEMBLE | Tr_Acc: 0.9700999855995178, Tr_CE: 0.09299974888563156, Va_Acc: 0.940500020980835, Va_CE: 0.20972396433353424
Epoch: 46, AccTr: 0.9218000173568726, AccVa: 0.8840000033378601, CeTr: 0.2438124716281891, CeVa: 0.3957674503326416
Epoch: 47, AccTr: 0.9185000061988831, AccVa: 0.8805000185966492, CeTr: 0.236235573887825, CeVa: 0.4262635409832001
Epoch: 48, AccTr: 0.9211999773979187, AccVa: 0.8895000219345093, CeTr: 0.2448885291814804, CeVa: 0.40648144483566284
Epoch: 49, AccTr: 0.923799991607666, AccVa: 0.8855000138282776, CeTr: 0.2366984337568283, CeVa: 0.4111834764480591
Epoch: 50, AccTr: 0.9239000082015991, AccVa: 0.8884999752044678, CeTr: 0.23826177418231964, CeVa: 0.4200810492038727
ENSEMBLE | Tr_Acc: 0.9702000021934509, Tr_CE: 0.09129826724529266, Va_Acc: 0.9394999742507935, Va_CE: 0.2097894251346588
NN CONFIG
Weight-type:		ternary
Layout									Layer #1: 250	Layer #2: 220	
Activation Functions					Layer #1: ets	Layer #2: ets	
Keep probabilities		Layer #0: 1.0	Layer #1: 1.0	Layer #2: 1.0	
Flat factors							Layer #1: 1.0	Layer #2: 1.0	Layer #3: 1.0	
Activation Noise						Layer #1: 0.1	Layer #2: 0.1	Layer #3: 0.0	
Prior: 0.8

===================================

RUN CONFIG
Epochs: 50, Blocksize: 4

===================================

Input binarization: False
Epoch: 1, AccTr: 0.899399995803833, AccVa: 0.8769999742507935, CeTr: 0.32870596647262573, CeVa: 0.3966374695301056
Epoch: 2, AccTr: 0.9090999960899353, AccVa: 0.8784999847412109, CeTr: 0.28725874423980713, CeVa: 0.41235607862472534
Epoch: 3, AccTr: 0.9097999930381775, AccVa: 0.8834999799728394, CeTr: 0.2818903923034668, CeVa: 0.39898139238357544
Epoch: 4, AccTr: 0.9122999906539917, AccVa: 0.8865000009536743, CeTr: 0.27321016788482666, CeVa: 0.4090248644351959
Epoch: 5, AccTr: 0.9157999753952026, AccVa: 0.8834999799728394, CeTr: 0.2592451274394989, CeVa: 0.4117170572280884
ENSEMBLE | Tr_Acc: 0.9157999753952026, Tr_CE: 0.2592451274394989, Va_Acc: 0.8834999799728394, Va_CE: 0.4117170572280884
Epoch: 6, AccTr: 0.9161999821662903, AccVa: 0.8834999799728394, CeTr: 0.26866427063941956, CeVa: 0.40429437160491943
Epoch: 7, AccTr: 0.916700005531311, AccVa: 0.8924999833106995, CeTr: 0.2689886689186096, CeVa: 0.35407623648643494
Epoch: 8, AccTr: 0.914900004863739, AccVa: 0.8920000195503235, CeTr: 0.26697251200675964, CeVa: 0.37510883808135986
Epoch: 9, AccTr: 0.9162999987602234, AccVa: 0.8895000219345093, CeTr: 0.2638852894306183, CeVa: 0.3845149576663971
Epoch: 10, AccTr: 0.9193999767303467, AccVa: 0.8834999799728394, CeTr: 0.24513691663742065, CeVa: 0.41025298833847046
ENSEMBLE | Tr_Acc: 0.9473999738693237, Tr_CE: 0.16796891391277313, Va_Acc: 0.9120000004768372, Va_CE: 0.3109610974788666
Epoch: 11, AccTr: 0.9225999712944031, AccVa: 0.8769999742507935, CeTr: 0.2392500936985016, CeVa: 0.3916989266872406
Epoch: 12, AccTr: 0.9175999760627747, AccVa: 0.8824999928474426, CeTr: 0.2616102397441864, CeVa: 0.39086320996284485
Epoch: 13, AccTr: 0.9239000082015991, AccVa: 0.8924999833106995, CeTr: 0.24533896148204803, CeVa: 0.3779798448085785
Epoch: 14, AccTr: 0.9212999939918518, AccVa: 0.8824999928474426, CeTr: 0.24366974830627441, CeVa: 0.39941319823265076
Epoch: 15, AccTr: 0.9229000210762024, AccVa: 0.8895000219345093, CeTr: 0.23545530438423157, CeVa: 0.41149142384529114
ENSEMBLE | Tr_Acc: 0.9556000232696533, Tr_CE: 0.13918082416057587, Va_Acc: 0.9225000143051147, Va_CE: 0.2770256996154785
Epoch: 16, AccTr: 0.9193999767303467, AccVa: 0.8824999928474426, CeTr: 0.2409348338842392, CeVa: 0.3954457938671112
Epoch: 17, AccTr: 0.9178000092506409, AccVa: 0.8930000066757202, CeTr: 0.24471698701381683, CeVa: 0.39813244342803955
Epoch: 18, AccTr: 0.92330002784729, AccVa: 0.8899999856948853, CeTr: 0.2343025952577591, CeVa: 0.3818991184234619
Epoch: 19, AccTr: 0.9217000007629395, AccVa: 0.8899999856948853, CeTr: 0.24246364831924438, CeVa: 0.3817843496799469
Epoch: 20, AccTr: 0.9232000112533569, AccVa: 0.8974999785423279, CeTr: 0.24416562914848328, CeVa: 0.3882766664028168
ENSEMBLE | Tr_Acc: 0.9613999724388123, Tr_CE: 0.12616176903247833, Va_Acc: 0.921500027179718, Va_CE: 0.2619096636772156
Epoch: 21, AccTr: 0.9218999743461609, AccVa: 0.8920000195503235, CeTr: 0.2400057166814804, CeVa: 0.37453311681747437
Epoch: 22, AccTr: 0.9229000210762024, AccVa: 0.9004999995231628, CeTr: 0.24806611239910126, CeVa: 0.35560673475265503
Epoch: 23, AccTr: 0.9226999878883362, AccVa: 0.890999972820282, CeTr: 0.2377956062555313, CeVa: 0.3729458749294281
Epoch: 24, AccTr: 0.9207000136375427, AccVa: 0.890999972820282, CeTr: 0.2418666034936905, CeVa: 0.38526538014411926
Epoch: 25, AccTr: 0.9223999977111816, AccVa: 0.8849999904632568, CeTr: 0.2318257838487625, CeVa: 0.40106603503227234
ENSEMBLE | Tr_Acc: 0.9631999731063843, Tr_CE: 0.11780798435211182, Va_Acc: 0.9265000224113464, Va_CE: 0.2511831223964691
Epoch: 26, AccTr: 0.9276000261306763, AccVa: 0.8955000042915344, CeTr: 0.23351503908634186, CeVa: 0.3701646327972412
Epoch: 27, AccTr: 0.9215999841690063, AccVa: 0.8985000252723694, CeTr: 0.2407698929309845, CeVa: 0.36229974031448364
Epoch: 28, AccTr: 0.9194999933242798, AccVa: 0.890999972820282, CeTr: 0.2421855926513672, CeVa: 0.3907642960548401
Epoch: 29, AccTr: 0.9215999841690063, AccVa: 0.8974999785423279, CeTr: 0.2478627860546112, CeVa: 0.3448796272277832
Epoch: 30, AccTr: 0.919700026512146, AccVa: 0.8859999775886536, CeTr: 0.23338225483894348, CeVa: 0.3700457811355591
ENSEMBLE | Tr_Acc: 0.9649999737739563, Tr_CE: 0.11238476634025574, Va_Acc: 0.9300000071525574, Va_CE: 0.23980657756328583
Epoch: 31, AccTr: 0.9199000000953674, AccVa: 0.887499988079071, CeTr: 0.24136073887348175, CeVa: 0.37505611777305603
Epoch: 32, AccTr: 0.9196000099182129, AccVa: 0.8934999704360962, CeTr: 0.2510155439376831, CeVa: 0.3821774423122406
Epoch: 33, AccTr: 0.9193000197410583, AccVa: 0.8820000290870667, CeTr: 0.2372904270887375, CeVa: 0.4116181433200836
Epoch: 34, AccTr: 0.9236999750137329, AccVa: 0.9004999995231628, CeTr: 0.2367989718914032, CeVa: 0.3718718886375427
Epoch: 35, AccTr: 0.9221000075340271, AccVa: 0.8870000243186951, CeTr: 0.24169301986694336, CeVa: 0.3871035873889923
ENSEMBLE | Tr_Acc: 0.9663000106811523, Tr_CE: 0.108905129134655, Va_Acc: 0.9340000152587891, Va_CE: 0.23082180321216583
Epoch: 36, AccTr: 0.9251000285148621, AccVa: 0.8899999856948853, CeTr: 0.23864257335662842, CeVa: 0.3893762528896332
Epoch: 37, AccTr: 0.9233999848365784, AccVa: 0.8899999856948853, CeTr: 0.23687736690044403, CeVa: 0.3886938989162445
Epoch: 38, AccTr: 0.921999990940094, AccVa: 0.8914999961853027, CeTr: 0.24028903245925903, CeVa: 0.41728493571281433
Epoch: 39, AccTr: 0.9276000261306763, AccVa: 0.8880000114440918, CeTr: 0.22511298954486847, CeVa: 0.41664624214172363
Epoch: 40, AccTr: 0.92330002784729, AccVa: 0.890999972820282, CeTr: 0.2329522967338562, CeVa: 0.3849107623100281
ENSEMBLE | Tr_Acc: 0.9657999873161316, Tr_CE: 0.10566618293523788, Va_Acc: 0.9365000128746033, Va_CE: 0.225686177611351
Epoch: 41, AccTr: 0.9211000204086304, AccVa: 0.8930000066757202, CeTr: 0.24245715141296387, CeVa: 0.4012892544269562
Epoch: 42, AccTr: 0.9222999811172485, AccVa: 0.8889999985694885, CeTr: 0.23557953536510468, CeVa: 0.4068671762943268
Epoch: 43, AccTr: 0.9254000186920166, AccVa: 0.8934999704360962, CeTr: 0.22600755095481873, CeVa: 0.4004652202129364
Epoch: 44, AccTr: 0.9240999817848206, AccVa: 0.8980000019073486, CeTr: 0.23964600265026093, CeVa: 0.38075685501098633
Epoch: 45, AccTr: 0.92330002784729, AccVa: 0.890999972820282, CeTr: 0.2372911125421524, CeVa: 0.3993152379989624
ENSEMBLE | Tr_Acc: 0.9670000076293945, Tr_CE: 0.10370473563671112, Va_Acc: 0.9359999895095825, Va_CE: 0.2228485643863678
Epoch: 46, AccTr: 0.9261999726295471, AccVa: 0.8859999775886536, CeTr: 0.2315971404314041, CeVa: 0.38953113555908203
Epoch: 47, AccTr: 0.9204999804496765, AccVa: 0.8855000138282776, CeTr: 0.23492348194122314, CeVa: 0.3977470099925995
Epoch: 48, AccTr: 0.9204999804496765, AccVa: 0.8834999799728394, CeTr: 0.2549583911895752, CeVa: 0.39234137535095215
Epoch: 49, AccTr: 0.921500027179718, AccVa: 0.8920000195503235, CeTr: 0.24717573821544647, CeVa: 0.39149513840675354
Epoch: 50, AccTr: 0.920199990272522, AccVa: 0.8934999704360962, CeTr: 0.24225011467933655, CeVa: 0.3632880747318268
ENSEMBLE | Tr_Acc: 0.9682000279426575, Tr_CE: 0.10191404074430466, Va_Acc: 0.9365000128746033, Va_CE: 0.2195078283548355
Mod Accuracy || Mean: 0.8897500038146973	 Std: 0.0025860127061605453
Ens Accuracy || Mean: 0.9381250143051147	 Std: 0.0028586413245648146
Mod CE || Mean: 0.39365148544311523	 Std: 0.020182417705655098
Ens CE || Mean: 0.21550258994102478	 Std: 0.004087935667484999
