NN CONFIG
Weight-type:		ternary
Layout									Layer #1: 250	Layer #2: 220	
Activation Functions					Layer #1: ets	Layer #2: ets	
Keep probabilities		Layer #0: 1.0	Layer #1: 1.0	Layer #2: 1.0	
Flat factors							Layer #1: 1.0	Layer #2: 1.0	Layer #3: 1.0	
Activation Noise						Layer #1: 0.1	Layer #2: 0.1	Layer #3: 0.0	
Prior: 0.8

===================================

RUN CONFIG
Epochs: 50, Blocksize: 4

===================================

Epoch: 1, AccTr: 0.8884999752044678, AccVa: 0.8324999809265137, CeTr: 0.35236889123916626, CeVa: 0.6212189197540283
Epoch: 2, AccTr: 0.9093000292778015, AccVa: 0.8569999933242798, CeTr: 0.29044151306152344, CeVa: 0.5497013330459595
Epoch: 3, AccTr: 0.909600019454956, AccVa: 0.8479999899864197, CeTr: 0.28481805324554443, CeVa: 0.5622835755348206
Epoch: 4, AccTr: 0.9117000102996826, AccVa: 0.8510000109672546, CeTr: 0.276873379945755, CeVa: 0.6106573343276978
Epoch: 5, AccTr: 0.9120000004768372, AccVa: 0.8634999990463257, CeTr: 0.284786194562912, CeVa: 0.5798484683036804
ENSEMBLE | Tr_Acc: 0.9120000004768372, Tr_CE: 0.284786194562912, Va_Acc: 0.8634999990463257, Va_CE: 0.5798484683036804
Epoch: 6, AccTr: 0.910099983215332, AccVa: 0.8510000109672546, CeTr: 0.2769589126110077, CeVa: 0.580203115940094
Epoch: 7, AccTr: 0.9114000201225281, AccVa: 0.859000027179718, CeTr: 0.2826191782951355, CeVa: 0.6230186820030212
Epoch: 8, AccTr: 0.9128000140190125, AccVa: 0.8610000014305115, CeTr: 0.2721861004829407, CeVa: 0.5736659169197083
Epoch: 9, AccTr: 0.9146999716758728, AccVa: 0.8510000109672546, CeTr: 0.27645567059516907, CeVa: 0.6355913877487183
Epoch: 10, AccTr: 0.9121000170707703, AccVa: 0.8615000247955322, CeTr: 0.27322739362716675, CeVa: 0.5694863200187683
ENSEMBLE | Tr_Acc: 0.9467999935150146, Tr_CE: 0.1560981571674347, Va_Acc: 0.8930000066757202, Va_CE: 0.4003981053829193
Epoch: 11, AccTr: 0.911300003528595, AccVa: 0.8525000214576721, CeTr: 0.2771974503993988, CeVa: 0.5858104825019836
Epoch: 12, AccTr: 0.9100000262260437, AccVa: 0.8575000166893005, CeTr: 0.2748045027256012, CeVa: 0.5642170310020447
Epoch: 13, AccTr: 0.9146000146865845, AccVa: 0.8634999990463257, CeTr: 0.25642451643943787, CeVa: 0.5789721012115479
Epoch: 14, AccTr: 0.9118000268936157, AccVa: 0.8525000214576721, CeTr: 0.27933651208877563, CeVa: 0.6195665001869202
Epoch: 15, AccTr: 0.909600019454956, AccVa: 0.8519999980926514, CeTr: 0.2726411521434784, CeVa: 0.5973725318908691
ENSEMBLE | Tr_Acc: 0.9587000012397766, Tr_CE: 0.11958573013544083, Va_Acc: 0.906000018119812, Va_CE: 0.3527272939682007
Epoch: 16, AccTr: 0.9118000268936157, AccVa: 0.8495000004768372, CeTr: 0.2783711552619934, CeVa: 0.6384458541870117
Epoch: 17, AccTr: 0.9097999930381775, AccVa: 0.8510000109672546, CeTr: 0.2849406599998474, CeVa: 0.5993030071258545
Epoch: 18, AccTr: 0.9101999998092651, AccVa: 0.8510000109672546, CeTr: 0.2737669348716736, CeVa: 0.6195859909057617
Epoch: 19, AccTr: 0.9136000275611877, AccVa: 0.8690000176429749, CeTr: 0.2651646137237549, CeVa: 0.5663564205169678
Epoch: 20, AccTr: 0.9114000201225281, AccVa: 0.8554999828338623, CeTr: 0.28011196851730347, CeVa: 0.5912737250328064
ENSEMBLE | Tr_Acc: 0.9635999798774719, Tr_CE: 0.10144256800413132, Va_Acc: 0.9135000109672546, Va_CE: 0.3328004479408264
Epoch: 21, AccTr: 0.9114000201225281, AccVa: 0.8615000247955322, CeTr: 0.27338895201683044, CeVa: 0.5947856903076172
Epoch: 22, AccTr: 0.9169999957084656, AccVa: 0.8610000014305115, CeTr: 0.2662995755672455, CeVa: 0.5877496600151062
Epoch: 23, AccTr: 0.9133999943733215, AccVa: 0.8495000004768372, CeTr: 0.268584281206131, CeVa: 0.6098210215568542
Epoch: 24, AccTr: 0.9142000079154968, AccVa: 0.8579999804496765, CeTr: 0.2659362256526947, CeVa: 0.5976598858833313
Epoch: 25, AccTr: 0.9187999963760376, AccVa: 0.859499990940094, CeTr: 0.25137603282928467, CeVa: 0.6126075387001038
ENSEMBLE | Tr_Acc: 0.968500018119812, Tr_CE: 0.0905042514204979, Va_Acc: 0.9135000109672546, Va_CE: 0.3246517479419708
Epoch: 26, AccTr: 0.9150999784469604, AccVa: 0.8610000014305115, CeTr: 0.2621847093105316, CeVa: 0.5864889621734619
Epoch: 27, AccTr: 0.9168999791145325, AccVa: 0.859000027179718, CeTr: 0.2543916404247284, CeVa: 0.5807034969329834
Epoch: 28, AccTr: 0.9172999858856201, AccVa: 0.8479999899864197, CeTr: 0.2603864371776581, CeVa: 0.6466665267944336
Epoch: 29, AccTr: 0.9171000123023987, AccVa: 0.8544999957084656, CeTr: 0.26069769263267517, CeVa: 0.6045127511024475
Epoch: 30, AccTr: 0.9111999869346619, AccVa: 0.8504999876022339, CeTr: 0.2708258628845215, CeVa: 0.6148325204849243
ENSEMBLE | Tr_Acc: 0.970300018787384, Tr_CE: 0.08445803076028824, Va_Acc: 0.9164999723434448, Va_CE: 0.3149428069591522
Epoch: 31, AccTr: 0.9169999957084656, AccVa: 0.8535000085830688, CeTr: 0.25045663118362427, CeVa: 0.5880987048149109
Epoch: 32, AccTr: 0.9143000245094299, AccVa: 0.8600000143051147, CeTr: 0.25605806708335876, CeVa: 0.5785502195358276
Epoch: 33, AccTr: 0.9151999950408936, AccVa: 0.8600000143051147, CeTr: 0.2595503032207489, CeVa: 0.6094882488250732
Epoch: 34, AccTr: 0.9142000079154968, AccVa: 0.8525000214576721, CeTr: 0.25876542925834656, CeVa: 0.6210548877716064
Epoch: 35, AccTr: 0.9157000184059143, AccVa: 0.8485000133514404, CeTr: 0.25189271569252014, CeVa: 0.6049685478210449
ENSEMBLE | Tr_Acc: 0.9726999998092651, Tr_CE: 0.0792911946773529, Va_Acc: 0.9179999828338623, Va_CE: 0.3070245385169983
Epoch: 36, AccTr: 0.9179999828338623, AccVa: 0.8575000166893005, CeTr: 0.24964426457881927, CeVa: 0.6075448393821716
Epoch: 37, AccTr: 0.9158999919891357, AccVa: 0.8529999852180481, CeTr: 0.25960609316825867, CeVa: 0.6448889374732971
Epoch: 38, AccTr: 0.916700005531311, AccVa: 0.8450000286102295, CeTr: 0.2564200162887573, CeVa: 0.6524258852005005
Epoch: 39, AccTr: 0.9124000072479248, AccVa: 0.8460000157356262, CeTr: 0.2663591206073761, CeVa: 0.6053708791732788
Epoch: 40, AccTr: 0.916700005531311, AccVa: 0.8510000109672546, CeTr: 0.26507896184921265, CeVa: 0.6186569333076477
ENSEMBLE | Tr_Acc: 0.9735000133514404, Tr_CE: 0.07762004435062408, Va_Acc: 0.9179999828338623, Va_CE: 0.3016732931137085
Epoch: 41, AccTr: 0.9171000123023987, AccVa: 0.8539999723434448, CeTr: 0.260090708732605, CeVa: 0.5987928509712219
Epoch: 42, AccTr: 0.9151999950408936, AccVa: 0.8539999723434448, CeTr: 0.25964874029159546, CeVa: 0.6452528238296509
Epoch: 43, AccTr: 0.9147999882698059, AccVa: 0.8445000052452087, CeTr: 0.2587573826313019, CeVa: 0.6279895305633545
Epoch: 44, AccTr: 0.9093000292778015, AccVa: 0.8495000004768372, CeTr: 0.2783336341381073, CeVa: 0.6046403646469116
Epoch: 45, AccTr: 0.911899983882904, AccVa: 0.8514999747276306, CeTr: 0.26610541343688965, CeVa: 0.5889678597450256
ENSEMBLE | Tr_Acc: 0.9743000268936157, Tr_CE: 0.07418578863143921, Va_Acc: 0.9179999828338623, Va_CE: 0.2935427129268646
Epoch: 46, AccTr: 0.9101999998092651, AccVa: 0.8475000262260437, CeTr: 0.2734195291996002, CeVa: 0.6207036375999451
Epoch: 47, AccTr: 0.9140999913215637, AccVa: 0.8424999713897705, CeTr: 0.2648453712463379, CeVa: 0.6614781618118286
Epoch: 48, AccTr: 0.9168000221252441, AccVa: 0.8550000190734863, CeTr: 0.24810072779655457, CeVa: 0.5860178470611572
Epoch: 49, AccTr: 0.913100004196167, AccVa: 0.8585000038146973, CeTr: 0.26313793659210205, CeVa: 0.6341908574104309
Epoch: 50, AccTr: 0.916100025177002, AccVa: 0.8514999747276306, CeTr: 0.26310622692108154, CeVa: 0.6184247732162476
ENSEMBLE | Tr_Acc: 0.975600004196167, Tr_CE: 0.07195323705673218, Va_Acc: 0.9139999747276306, Va_CE: 0.292180597782135
NN CONFIG
Weight-type:		ternary
Layout									Layer #1: 250	Layer #2: 220	
Activation Functions					Layer #1: ets	Layer #2: ets	
Keep probabilities		Layer #0: 1.0	Layer #1: 1.0	Layer #2: 1.0	
Flat factors							Layer #1: 1.0	Layer #2: 1.0	Layer #3: 1.0	
Activation Noise						Layer #1: 0.1	Layer #2: 0.1	Layer #3: 0.0	
Prior: 0.8

===================================

RUN CONFIG
Epochs: 50, Blocksize: 4

===================================

Epoch: 1, AccTr: 0.885699987411499, AccVa: 0.8389999866485596, CeTr: 0.37729328870773315, CeVa: 0.6319615244865417
Epoch: 2, AccTr: 0.9020000100135803, AccVa: 0.8544999957084656, CeTr: 0.3219700753688812, CeVa: 0.5775946378707886
Epoch: 3, AccTr: 0.9108999967575073, AccVa: 0.8585000038146973, CeTr: 0.2828499376773834, CeVa: 0.5783542990684509
Epoch: 4, AccTr: 0.9085999727249146, AccVa: 0.8554999828338623, CeTr: 0.28744593262672424, CeVa: 0.5753151178359985
Epoch: 5, AccTr: 0.906000018119812, AccVa: 0.8510000109672546, CeTr: 0.28693529963493347, CeVa: 0.5707500576972961
ENSEMBLE | Tr_Acc: 0.906000018119812, Tr_CE: 0.28693529963493347, Va_Acc: 0.8510000109672546, Va_CE: 0.5707500576972961
Epoch: 6, AccTr: 0.9065999984741211, AccVa: 0.8565000295639038, CeTr: 0.28113603591918945, CeVa: 0.5546597838401794
Epoch: 7, AccTr: 0.9097999930381775, AccVa: 0.8519999980926514, CeTr: 0.28678277134895325, CeVa: 0.5689376592636108
Epoch: 8, AccTr: 0.9081000089645386, AccVa: 0.8615000247955322, CeTr: 0.2886621654033661, CeVa: 0.5739268064498901
Epoch: 9, AccTr: 0.9083999991416931, AccVa: 0.8519999980926514, CeTr: 0.284101277589798, CeVa: 0.5968209505081177
Epoch: 10, AccTr: 0.9088000059127808, AccVa: 0.8529999852180481, CeTr: 0.28443270921707153, CeVa: 0.5302285552024841
ENSEMBLE | Tr_Acc: 0.9419000148773193, Tr_CE: 0.17211677134037018, Va_Acc: 0.8980000019073486, Va_CE: 0.3802492022514343
Epoch: 11, AccTr: 0.906499981880188, AccVa: 0.8550000190734863, CeTr: 0.2779914438724518, CeVa: 0.5595073103904724
Epoch: 12, AccTr: 0.9168000221252441, AccVa: 0.8535000085830688, CeTr: 0.26843729615211487, CeVa: 0.5665841698646545
Epoch: 13, AccTr: 0.9053999781608582, AccVa: 0.8565000295639038, CeTr: 0.2961913049221039, CeVa: 0.5982462167739868
Epoch: 14, AccTr: 0.9085999727249146, AccVa: 0.8485000133514404, CeTr: 0.27965596318244934, CeVa: 0.5996882915496826
Epoch: 15, AccTr: 0.9089000225067139, AccVa: 0.8479999899864197, CeTr: 0.2892303764820099, CeVa: 0.6047642230987549
ENSEMBLE | Tr_Acc: 0.9559999704360962, Tr_CE: 0.1376919150352478, Va_Acc: 0.9049999713897705, Va_CE: 0.3487376570701599
Epoch: 16, AccTr: 0.9125999808311462, AccVa: 0.8569999933242798, CeTr: 0.2625805139541626, CeVa: 0.553703784942627
Epoch: 17, AccTr: 0.9132999777793884, AccVa: 0.8525000214576721, CeTr: 0.2698797285556793, CeVa: 0.5797191262245178
Epoch: 18, AccTr: 0.909600019454956, AccVa: 0.8600000143051147, CeTr: 0.26645562052726746, CeVa: 0.5778523087501526
Epoch: 19, AccTr: 0.9125999808311462, AccVa: 0.8489999771118164, CeTr: 0.2689255475997925, CeVa: 0.6203855276107788
Epoch: 20, AccTr: 0.911899983882904, AccVa: 0.8379999995231628, CeTr: 0.2803032100200653, CeVa: 0.6441165208816528
ENSEMBLE | Tr_Acc: 0.9606999754905701, Tr_CE: 0.1218889057636261, Va_Acc: 0.9089999794960022, Va_CE: 0.33080798387527466
Epoch: 21, AccTr: 0.9132999777793884, AccVa: 0.8445000052452087, CeTr: 0.27304932475090027, CeVa: 0.600286066532135
Epoch: 22, AccTr: 0.9079999923706055, AccVa: 0.8495000004768372, CeTr: 0.2783442437648773, CeVa: 0.6108264923095703
Epoch: 23, AccTr: 0.9086999893188477, AccVa: 0.8495000004768372, CeTr: 0.2728407084941864, CeVa: 0.592562198638916
Epoch: 24, AccTr: 0.904699981212616, AccVa: 0.847000002861023, CeTr: 0.29142409563064575, CeVa: 0.6379860043525696
Epoch: 25, AccTr: 0.9114000201225281, AccVa: 0.8510000109672546, CeTr: 0.26785868406295776, CeVa: 0.6163017749786377
ENSEMBLE | Tr_Acc: 0.9639999866485596, Tr_CE: 0.1111317127943039, Va_Acc: 0.9104999899864197, Va_CE: 0.3205389380455017
Epoch: 26, AccTr: 0.9118000268936157, AccVa: 0.8585000038146973, CeTr: 0.26874032616615295, CeVa: 0.5578368902206421
Epoch: 27, AccTr: 0.9106000065803528, AccVa: 0.8535000085830688, CeTr: 0.2696744203567505, CeVa: 0.5705133676528931
Epoch: 28, AccTr: 0.9068999886512756, AccVa: 0.8519999980926514, CeTr: 0.2834908068180084, CeVa: 0.5642081499099731
Epoch: 29, AccTr: 0.9100000262260437, AccVa: 0.8529999852180481, CeTr: 0.2776103913784027, CeVa: 0.597615122795105
Epoch: 30, AccTr: 0.9107999801635742, AccVa: 0.8604999780654907, CeTr: 0.2710116505622864, CeVa: 0.5697613954544067
ENSEMBLE | Tr_Acc: 0.9678999781608582, Tr_CE: 0.10294315218925476, Va_Acc: 0.9175000190734863, Va_CE: 0.3035484552383423
Epoch: 31, AccTr: 0.9099000096321106, AccVa: 0.8535000085830688, CeTr: 0.2778577506542206, CeVa: 0.6100487112998962
Epoch: 32, AccTr: 0.9114000201225281, AccVa: 0.8529999852180481, CeTr: 0.25591060519218445, CeVa: 0.5795480012893677
Epoch: 33, AccTr: 0.9136999845504761, AccVa: 0.8550000190734863, CeTr: 0.2553252577781677, CeVa: 0.5952842831611633
Epoch: 34, AccTr: 0.9178000092506409, AccVa: 0.8514999747276306, CeTr: 0.25293558835983276, CeVa: 0.6001206636428833
Epoch: 35, AccTr: 0.9143000245094299, AccVa: 0.8429999947547913, CeTr: 0.25892388820648193, CeVa: 0.6425931453704834
ENSEMBLE | Tr_Acc: 0.9711999893188477, Tr_CE: 0.09596692770719528, Va_Acc: 0.921999990940094, Va_CE: 0.30204588174819946
Epoch: 36, AccTr: 0.9136000275611877, AccVa: 0.8514999747276306, CeTr: 0.26582804322242737, CeVa: 0.5701760053634644
Epoch: 37, AccTr: 0.9133999943733215, AccVa: 0.8569999933242798, CeTr: 0.2688247561454773, CeVa: 0.5752407312393188
Epoch: 38, AccTr: 0.9108999967575073, AccVa: 0.843500018119812, CeTr: 0.27438610792160034, CeVa: 0.6678298115730286
Epoch: 39, AccTr: 0.9096999764442444, AccVa: 0.8544999957084656, CeTr: 0.27369701862335205, CeVa: 0.5874055027961731
Epoch: 40, AccTr: 0.9114999771118164, AccVa: 0.859499990940094, CeTr: 0.26898184418678284, CeVa: 0.585562527179718
ENSEMBLE | Tr_Acc: 0.9735000133514404, Tr_CE: 0.09243134409189224, Va_Acc: 0.9200000166893005, Va_CE: 0.29587921500205994
Epoch: 41, AccTr: 0.9150999784469604, AccVa: 0.8565000295639038, CeTr: 0.2696627080440521, CeVa: 0.5394070148468018
Epoch: 42, AccTr: 0.911300003528595, AccVa: 0.8585000038146973, CeTr: 0.2766144871711731, CeVa: 0.5765637159347534
Epoch: 43, AccTr: 0.9139000177383423, AccVa: 0.8575000166893005, CeTr: 0.2677229046821594, CeVa: 0.5983150005340576
Epoch: 44, AccTr: 0.9128000140190125, AccVa: 0.8585000038146973, CeTr: 0.26505181193351746, CeVa: 0.5692326426506042
Epoch: 45, AccTr: 0.9104999899864197, AccVa: 0.8565000295639038, CeTr: 0.2804013788700104, CeVa: 0.5541947484016418
ENSEMBLE | Tr_Acc: 0.9743000268936157, Tr_CE: 0.09029114991426468, Va_Acc: 0.9229999780654907, Va_CE: 0.29179060459136963
Epoch: 46, AccTr: 0.9103000164031982, AccVa: 0.8519999980926514, CeTr: 0.26738810539245605, CeVa: 0.5752465724945068
Epoch: 47, AccTr: 0.9101999998092651, AccVa: 0.8510000109672546, CeTr: 0.2683238387107849, CeVa: 0.5869122743606567
Epoch: 48, AccTr: 0.9100000262260437, AccVa: 0.8510000109672546, CeTr: 0.26992562413215637, CeVa: 0.5996474623680115
Epoch: 49, AccTr: 0.9103000164031982, AccVa: 0.8610000014305115, CeTr: 0.2694823145866394, CeVa: 0.5215925574302673
Epoch: 50, AccTr: 0.9114999771118164, AccVa: 0.8535000085830688, CeTr: 0.2657633423805237, CeVa: 0.5575923323631287
ENSEMBLE | Tr_Acc: 0.9746999740600586, Tr_CE: 0.08749370276927948, Va_Acc: 0.9240000247955322, Va_CE: 0.28465038537979126
NN CONFIG
Weight-type:		ternary
Layout									Layer #1: 250	Layer #2: 220	
Activation Functions					Layer #1: ets	Layer #2: ets	
Keep probabilities		Layer #0: 1.0	Layer #1: 1.0	Layer #2: 1.0	
Flat factors							Layer #1: 1.0	Layer #2: 1.0	Layer #3: 1.0	
Activation Noise						Layer #1: 0.1	Layer #2: 0.1	Layer #3: 0.0	
Prior: 0.8

===================================

RUN CONFIG
Epochs: 50, Blocksize: 4

===================================

Epoch: 1, AccTr: 0.911300003528595, AccVa: 0.8529999852180481, CeTr: 0.30701586604118347, CeVa: 0.573941707611084
Epoch: 2, AccTr: 0.9168000221252441, AccVa: 0.8690000176429749, CeTr: 0.2722664177417755, CeVa: 0.5336478352546692
Epoch: 3, AccTr: 0.9193999767303467, AccVa: 0.8644999861717224, CeTr: 0.2542247772216797, CeVa: 0.5819880962371826
Epoch: 4, AccTr: 0.919700026512146, AccVa: 0.8565000295639038, CeTr: 0.2512531876564026, CeVa: 0.5747512578964233
Epoch: 5, AccTr: 0.9239000082015991, AccVa: 0.8629999756813049, CeTr: 0.2366686314344406, CeVa: 0.5936320424079895
ENSEMBLE | Tr_Acc: 0.9239000082015991, Tr_CE: 0.2366686314344406, Va_Acc: 0.8629999756813049, Va_CE: 0.5936320424079895
Epoch: 6, AccTr: 0.9186999797821045, AccVa: 0.8585000038146973, CeTr: 0.2526285648345947, CeVa: 0.5989851355552673
Epoch: 7, AccTr: 0.9172999858856201, AccVa: 0.8659999966621399, CeTr: 0.25635701417922974, CeVa: 0.5761276483535767
Epoch: 8, AccTr: 0.9187999963760376, AccVa: 0.859000027179718, CeTr: 0.24538633227348328, CeVa: 0.5987552404403687
Epoch: 9, AccTr: 0.9192000031471252, AccVa: 0.8529999852180481, CeTr: 0.2527949810028076, CeVa: 0.6354068517684937
Epoch: 10, AccTr: 0.919700026512146, AccVa: 0.8600000143051147, CeTr: 0.24760176241397858, CeVa: 0.6120992302894592
ENSEMBLE | Tr_Acc: 0.9574000239372253, Tr_CE: 0.12842494249343872, Va_Acc: 0.8949999809265137, Va_CE: 0.4434521198272705
Epoch: 11, AccTr: 0.9218999743461609, AccVa: 0.8504999876022339, CeTr: 0.24372026324272156, CeVa: 0.6396552920341492
Epoch: 12, AccTr: 0.9179999828338623, AccVa: 0.8744999766349792, CeTr: 0.24327324330806732, CeVa: 0.5638184547424316
Epoch: 13, AccTr: 0.9217000007629395, AccVa: 0.8569999933242798, CeTr: 0.2460092008113861, CeVa: 0.5870875120162964
Epoch: 14, AccTr: 0.9154000282287598, AccVa: 0.8519999980926514, CeTr: 0.25775355100631714, CeVa: 0.6428111791610718
Epoch: 15, AccTr: 0.9164999723434448, AccVa: 0.8585000038146973, CeTr: 0.2597409188747406, CeVa: 0.6404533982276917
ENSEMBLE | Tr_Acc: 0.963699996471405, Tr_CE: 0.1057102307677269, Va_Acc: 0.9039999842643738, Va_CE: 0.39664745330810547
Epoch: 16, AccTr: 0.920199990272522, AccVa: 0.8535000085830688, CeTr: 0.2428664267063141, CeVa: 0.6131863594055176
Epoch: 17, AccTr: 0.91839998960495, AccVa: 0.8610000014305115, CeTr: 0.2498442828655243, CeVa: 0.5863853096961975
Epoch: 18, AccTr: 0.9211999773979187, AccVa: 0.8554999828338623, CeTr: 0.24695786833763123, CeVa: 0.6273037791252136
Epoch: 19, AccTr: 0.9178000092506409, AccVa: 0.8654999732971191, CeTr: 0.25256088376045227, CeVa: 0.6112344861030579
Epoch: 20, AccTr: 0.919700026512146, AccVa: 0.8569999933242798, CeTr: 0.25980499386787415, CeVa: 0.628004789352417
ENSEMBLE | Tr_Acc: 0.9684000015258789, Tr_CE: 0.09177441149950027, Va_Acc: 0.9104999899864197, Va_CE: 0.3770478069782257
Epoch: 21, AccTr: 0.9223999977111816, AccVa: 0.8629999756813049, CeTr: 0.24101486802101135, CeVa: 0.6243470311164856
Epoch: 22, AccTr: 0.9204999804496765, AccVa: 0.8510000109672546, CeTr: 0.25575190782546997, CeVa: 0.635994553565979
Epoch: 23, AccTr: 0.917900025844574, AccVa: 0.8615000247955322, CeTr: 0.24885769188404083, CeVa: 0.6088008284568787
Epoch: 24, AccTr: 0.9194999933242798, AccVa: 0.8525000214576721, CeTr: 0.24916470050811768, CeVa: 0.6365799307823181
Epoch: 25, AccTr: 0.921500027179718, AccVa: 0.8544999957084656, CeTr: 0.24069377779960632, CeVa: 0.6538233160972595
ENSEMBLE | Tr_Acc: 0.9710000157356262, Tr_CE: 0.08232361078262329, Va_Acc: 0.906000018119812, Va_CE: 0.361893892288208
Epoch: 26, AccTr: 0.9157999753952026, AccVa: 0.8654999732971191, CeTr: 0.2566719949245453, CeVa: 0.5793545246124268
Epoch: 27, AccTr: 0.9221000075340271, AccVa: 0.8619999885559082, CeTr: 0.24491530656814575, CeVa: 0.595808744430542
Epoch: 28, AccTr: 0.9128000140190125, AccVa: 0.8669999837875366, CeTr: 0.2560107409954071, CeVa: 0.5523355007171631
Epoch: 29, AccTr: 0.9187999963760376, AccVa: 0.8460000157356262, CeTr: 0.2543637156486511, CeVa: 0.6523036956787109
Epoch: 30, AccTr: 0.9161999821662903, AccVa: 0.8600000143051147, CeTr: 0.25936299562454224, CeVa: 0.6101993322372437
ENSEMBLE | Tr_Acc: 0.9732000231742859, Tr_CE: 0.07660389691591263, Va_Acc: 0.9100000262260437, Va_CE: 0.35124900937080383
Epoch: 31, AccTr: 0.9186999797821045, AccVa: 0.8529999852180481, CeTr: 0.25336089730262756, CeVa: 0.6316149830818176
Epoch: 32, AccTr: 0.9232000112533569, AccVa: 0.8495000004768372, CeTr: 0.24216234683990479, CeVa: 0.6494430899620056
Epoch: 33, AccTr: 0.9211000204086304, AccVa: 0.859499990940094, CeTr: 0.24387268722057343, CeVa: 0.614032506942749
Epoch: 34, AccTr: 0.916700005531311, AccVa: 0.8450000286102295, CeTr: 0.24545595049858093, CeVa: 0.6177634000778198
Epoch: 35, AccTr: 0.9172999858856201, AccVa: 0.8519999980926514, CeTr: 0.24748355150222778, CeVa: 0.6062501668930054
ENSEMBLE | Tr_Acc: 0.9753000140190125, Tr_CE: 0.07119196653366089, Va_Acc: 0.9120000004768372, Va_CE: 0.3388458788394928
Epoch: 36, AccTr: 0.91839998960495, AccVa: 0.8565000295639038, CeTr: 0.2473922073841095, CeVa: 0.6341580748558044
Epoch: 37, AccTr: 0.9203000068664551, AccVa: 0.8500000238418579, CeTr: 0.24997417628765106, CeVa: 0.6216769218444824
Epoch: 38, AccTr: 0.916700005531311, AccVa: 0.8575000166893005, CeTr: 0.24938690662384033, CeVa: 0.6167547106742859
Epoch: 39, AccTr: 0.9190999865531921, AccVa: 0.8539999723434448, CeTr: 0.24475756287574768, CeVa: 0.6309921741485596
Epoch: 40, AccTr: 0.9214000105857849, AccVa: 0.8519999980926514, CeTr: 0.2432108223438263, CeVa: 0.6327013373374939
ENSEMBLE | Tr_Acc: 0.9771999716758728, Tr_CE: 0.06757999211549759, Va_Acc: 0.9139999747276306, Va_CE: 0.329167902469635
Epoch: 41, AccTr: 0.9218999743461609, AccVa: 0.8500000238418579, CeTr: 0.24322104454040527, CeVa: 0.6553004384040833
Epoch: 42, AccTr: 0.9226999878883362, AccVa: 0.8569999933242798, CeTr: 0.24042601883411407, CeVa: 0.6327879428863525
Epoch: 43, AccTr: 0.9192000031471252, AccVa: 0.8500000238418579, CeTr: 0.24320712685585022, CeVa: 0.6105887293815613
Epoch: 44, AccTr: 0.9211000204086304, AccVa: 0.8489999771118164, CeTr: 0.24343259632587433, CeVa: 0.6262979507446289
Epoch: 45, AccTr: 0.9174000024795532, AccVa: 0.8500000238418579, CeTr: 0.26269081234931946, CeVa: 0.6150655150413513
ENSEMBLE | Tr_Acc: 0.9775999784469604, Tr_CE: 0.06530947238206863, Va_Acc: 0.9179999828338623, Va_CE: 0.31984442472457886
Epoch: 46, AccTr: 0.91839998960495, AccVa: 0.859000027179718, CeTr: 0.24990688264369965, CeVa: 0.6226723194122314
Epoch: 47, AccTr: 0.920799970626831, AccVa: 0.8554999828338623, CeTr: 0.24498996138572693, CeVa: 0.6051197052001953
Epoch: 48, AccTr: 0.9189000129699707, AccVa: 0.859000027179718, CeTr: 0.24392785131931305, CeVa: 0.5918924808502197
Epoch: 49, AccTr: 0.9210000038146973, AccVa: 0.8475000262260437, CeTr: 0.24557912349700928, CeVa: 0.6203809380531311
Epoch: 50, AccTr: 0.9150999784469604, AccVa: 0.8675000071525574, CeTr: 0.25348690152168274, CeVa: 0.5670523643493652
ENSEMBLE | Tr_Acc: 0.9783999919891357, Tr_CE: 0.06341518461704254, Va_Acc: 0.9175000190734863, Va_CE: 0.3097633123397827
NN CONFIG
Weight-type:		ternary
Layout									Layer #1: 250	Layer #2: 220	
Activation Functions					Layer #1: ets	Layer #2: ets	
Keep probabilities		Layer #0: 1.0	Layer #1: 1.0	Layer #2: 1.0	
Flat factors							Layer #1: 1.0	Layer #2: 1.0	Layer #3: 1.0	
Activation Noise						Layer #1: 0.1	Layer #2: 0.1	Layer #3: 0.0	
Prior: 0.8

===================================

RUN CONFIG
Epochs: 50, Blocksize: 4

===================================

Epoch: 1, AccTr: 0.9117000102996826, AccVa: 0.8489999771118164, CeTr: 0.2964460551738739, CeVa: 0.6554321050643921
Epoch: 2, AccTr: 0.9146000146865845, AccVa: 0.8610000014305115, CeTr: 0.2790505886077881, CeVa: 0.6368313431739807
Epoch: 3, AccTr: 0.9146999716758728, AccVa: 0.8579999804496765, CeTr: 0.2819288671016693, CeVa: 0.6400378346443176
Epoch: 4, AccTr: 0.9150000214576721, AccVa: 0.859499990940094, CeTr: 0.27856913208961487, CeVa: 0.6268404126167297
Epoch: 5, AccTr: 0.917900025844574, AccVa: 0.8529999852180481, CeTr: 0.25813350081443787, CeVa: 0.6534764170646667
ENSEMBLE | Tr_Acc: 0.917900025844574, Tr_CE: 0.25813350081443787, Va_Acc: 0.8529999852180481, Va_CE: 0.6534764170646667
Epoch: 6, AccTr: 0.9168999791145325, AccVa: 0.8560000061988831, CeTr: 0.2630055546760559, CeVa: 0.632877767086029
Epoch: 7, AccTr: 0.9128000140190125, AccVa: 0.8604999780654907, CeTr: 0.27439388632774353, CeVa: 0.6108528971672058
Epoch: 8, AccTr: 0.9186000227928162, AccVa: 0.8535000085830688, CeTr: 0.2658841907978058, CeVa: 0.6812536120414734
Epoch: 9, AccTr: 0.917900025844574, AccVa: 0.8640000224113464, CeTr: 0.2574058473110199, CeVa: 0.645407497882843
Epoch: 10, AccTr: 0.9174000024795532, AccVa: 0.8610000014305115, CeTr: 0.2647812068462372, CeVa: 0.5810922384262085
ENSEMBLE | Tr_Acc: 0.9535999894142151, Tr_CE: 0.13687929511070251, Va_Acc: 0.8845000267028809, Va_CE: 0.43140581250190735
Epoch: 11, AccTr: 0.9189000129699707, AccVa: 0.8684999942779541, CeTr: 0.2676513195037842, CeVa: 0.5982659459114075
Epoch: 12, AccTr: 0.9143999814987183, AccVa: 0.8705000281333923, CeTr: 0.26145103573799133, CeVa: 0.60041344165802
Epoch: 13, AccTr: 0.9136999845504761, AccVa: 0.8554999828338623, CeTr: 0.2659461498260498, CeVa: 0.6582300066947937
Epoch: 14, AccTr: 0.9114999771118164, AccVa: 0.8535000085830688, CeTr: 0.26903432607650757, CeVa: 0.6176641583442688
Epoch: 15, AccTr: 0.9161999821662903, AccVa: 0.8665000200271606, CeTr: 0.2765313386917114, CeVa: 0.5908101201057434
ENSEMBLE | Tr_Acc: 0.9639000296592712, Tr_CE: 0.10707124322652817, Va_Acc: 0.9024999737739563, Va_CE: 0.3600844740867615
Epoch: 16, AccTr: 0.9143999814987183, AccVa: 0.8665000200271606, CeTr: 0.26727181673049927, CeVa: 0.5846344828605652
Epoch: 17, AccTr: 0.9171000123023987, AccVa: 0.8659999966621399, CeTr: 0.2588422894477844, CeVa: 0.6229390501976013
Epoch: 18, AccTr: 0.9138000011444092, AccVa: 0.8669999837875366, CeTr: 0.2725028395652771, CeVa: 0.5795970559120178
Epoch: 19, AccTr: 0.9169999957084656, AccVa: 0.8600000143051147, CeTr: 0.2537650465965271, CeVa: 0.616054892539978
Epoch: 20, AccTr: 0.917900025844574, AccVa: 0.8525000214576721, CeTr: 0.25818827748298645, CeVa: 0.6644445061683655
ENSEMBLE | Tr_Acc: 0.9684000015258789, Tr_CE: 0.09105271846055984, Va_Acc: 0.9089999794960022, Va_CE: 0.34568101167678833
Epoch: 21, AccTr: 0.9190000295639038, AccVa: 0.8644999861717224, CeTr: 0.25416138768196106, CeVa: 0.5861882567405701
Epoch: 22, AccTr: 0.9156000018119812, AccVa: 0.8585000038146973, CeTr: 0.26087409257888794, CeVa: 0.6204653382301331
Epoch: 23, AccTr: 0.9107999801635742, AccVa: 0.8585000038146973, CeTr: 0.28491973876953125, CeVa: 0.6636372804641724
Epoch: 24, AccTr: 0.9135000109672546, AccVa: 0.8445000052452087, CeTr: 0.28085845708847046, CeVa: 0.6851202249526978
Epoch: 25, AccTr: 0.9158999919891357, AccVa: 0.8705000281333923, CeTr: 0.2577516734600067, CeVa: 0.6262420415878296
ENSEMBLE | Tr_Acc: 0.9722999930381775, Tr_CE: 0.08044472336769104, Va_Acc: 0.9154999852180481, Va_CE: 0.33376726508140564
Epoch: 26, AccTr: 0.9180999994277954, AccVa: 0.8560000061988831, CeTr: 0.2641012370586395, CeVa: 0.6603503227233887
Epoch: 27, AccTr: 0.9189000129699707, AccVa: 0.8585000038146973, CeTr: 0.24593262374401093, CeVa: 0.7196723818778992
Epoch: 28, AccTr: 0.9143000245094299, AccVa: 0.8489999771118164, CeTr: 0.26761287450790405, CeVa: 0.665387749671936
Epoch: 29, AccTr: 0.9126999974250793, AccVa: 0.8585000038146973, CeTr: 0.2727632224559784, CeVa: 0.640773594379425
Epoch: 30, AccTr: 0.9132999777793884, AccVa: 0.8550000190734863, CeTr: 0.2677052319049835, CeVa: 0.6417241096496582
ENSEMBLE | Tr_Acc: 0.9743000268936157, Tr_CE: 0.07372405380010605, Va_Acc: 0.9144999980926514, Va_CE: 0.32441356778144836
Epoch: 31, AccTr: 0.9125000238418579, AccVa: 0.8464999794960022, CeTr: 0.2773970067501068, CeVa: 0.7173156142234802
Epoch: 32, AccTr: 0.9103999733924866, AccVa: 0.8475000262260437, CeTr: 0.27337968349456787, CeVa: 0.692821741104126
Epoch: 33, AccTr: 0.9160000085830688, AccVa: 0.8479999899864197, CeTr: 0.27789169549942017, CeVa: 0.6940937042236328
Epoch: 34, AccTr: 0.9157999753952026, AccVa: 0.8610000014305115, CeTr: 0.26662686467170715, CeVa: 0.6246095895767212
Epoch: 35, AccTr: 0.9172000288963318, AccVa: 0.8565000295639038, CeTr: 0.2626461982727051, CeVa: 0.6394740343093872
ENSEMBLE | Tr_Acc: 0.9746000170707703, Tr_CE: 0.06986639648675919, Va_Acc: 0.9154999852180481, Va_CE: 0.31678104400634766
Epoch: 36, AccTr: 0.9158999919891357, AccVa: 0.8485000133514404, CeTr: 0.26001644134521484, CeVa: 0.7023460865020752
Epoch: 37, AccTr: 0.9172999858856201, AccVa: 0.8579999804496765, CeTr: 0.260518342256546, CeVa: 0.6165146231651306
Epoch: 38, AccTr: 0.9133999943733215, AccVa: 0.8544999957084656, CeTr: 0.26631611585617065, CeVa: 0.6180664300918579
Epoch: 39, AccTr: 0.9153000116348267, AccVa: 0.8579999804496765, CeTr: 0.27201324701309204, CeVa: 0.6694307923316956
Epoch: 40, AccTr: 0.9154000282287598, AccVa: 0.8539999723434448, CeTr: 0.2687229514122009, CeVa: 0.6829625368118286
ENSEMBLE | Tr_Acc: 0.9749000072479248, Tr_CE: 0.06776963174343109, Va_Acc: 0.9175000190734863, Va_CE: 0.3162955045700073
Epoch: 41, AccTr: 0.9125999808311462, AccVa: 0.8445000052452087, CeTr: 0.2721370458602905, CeVa: 0.7003249526023865
Epoch: 42, AccTr: 0.9136000275611877, AccVa: 0.840499997138977, CeTr: 0.2623421847820282, CeVa: 0.6742141842842102
Epoch: 43, AccTr: 0.911899983882904, AccVa: 0.8429999947547913, CeTr: 0.26302918791770935, CeVa: 0.637438952922821
Epoch: 44, AccTr: 0.9146000146865845, AccVa: 0.8460000157356262, CeTr: 0.26385724544525146, CeVa: 0.6602080464363098
Epoch: 45, AccTr: 0.9136999845504761, AccVa: 0.8514999747276306, CeTr: 0.2700197994709015, CeVa: 0.6312311887741089
ENSEMBLE | Tr_Acc: 0.9768999814987183, Tr_CE: 0.06495945155620575, Va_Acc: 0.9190000295639038, Va_CE: 0.311824232339859
Epoch: 46, AccTr: 0.9136000275611877, AccVa: 0.8519999980926514, CeTr: 0.2677101492881775, CeVa: 0.6140242218971252
Epoch: 47, AccTr: 0.9175000190734863, AccVa: 0.8585000038146973, CeTr: 0.2689310908317566, CeVa: 0.612323522567749
Epoch: 48, AccTr: 0.9129999876022339, AccVa: 0.8539999723434448, CeTr: 0.2608889639377594, CeVa: 0.6515960693359375
Epoch: 49, AccTr: 0.9165999889373779, AccVa: 0.859499990940094, CeTr: 0.2613847255706787, CeVa: 0.6252548098564148
Epoch: 50, AccTr: 0.9151999950408936, AccVa: 0.8504999876022339, CeTr: 0.2650994658470154, CeVa: 0.6748802065849304
ENSEMBLE | Tr_Acc: 0.9778000116348267, Tr_CE: 0.06273643672466278, Va_Acc: 0.9229999780654907, Va_CE: 0.3101431131362915
Mod Accuracy || Mean: 0.8557499647140503	 Std: 0.00686932448297739
Ens Accuracy || Mean: 0.9196250438690186	 Std: 0.004083129111677408
Mod CE || Mean: 0.604487419128418	 Std: 0.04677052050828934
Ens CE || Mean: 0.2991843521595001	 Std: 0.01109389029443264
