NN CONFIG
Weight-type:		ternary
Layout									Layer #1: 250	Layer #2: 220	
Activation Functions					Layer #1: ets	Layer #2: ets	
Keep probabilities		Layer #0: 1.0	Layer #1: 1.0	Layer #2: 1.0	
Flat factors							Layer #1: 1.0	Layer #2: 1.0	Layer #3: 1.0	
Activation Noise						Layer #1: 0.1	Layer #2: 0.1	Layer #3: 0.0	
Prior: 0.8

===================================

RUN CONFIG
Epochs: 50, Blocksize: 4

===================================

Input binarization: False
Epoch: 1, AccTr: 0.8986999988555908, AccVa: 0.8665000200271606, CeTr: 0.38385605812072754, CeVa: 0.5488927960395813
Epoch: 2, AccTr: 0.9045000076293945, AccVa: 0.8730000257492065, CeTr: 0.3467024862766266, CeVa: 0.5676575303077698
Epoch: 3, AccTr: 0.9053000211715698, AccVa: 0.8665000200271606, CeTr: 0.329985648393631, CeVa: 0.5221424698829651
Epoch: 4, AccTr: 0.9067999720573425, AccVa: 0.8755000233650208, CeTr: 0.3183976411819458, CeVa: 0.509111225605011
Epoch: 5, AccTr: 0.9049999713897705, AccVa: 0.878000020980835, CeTr: 0.32783764600753784, CeVa: 0.5301274061203003
ENSEMBLE | Tr_Acc: 0.9049999713897705, Tr_CE: 0.32783764600753784, Va_Acc: 0.878000020980835, Va_CE: 0.5301274061203003
Epoch: 6, AccTr: 0.909600019454956, AccVa: 0.8784999847412109, CeTr: 0.3157917559146881, CeVa: 0.5227484107017517
Epoch: 7, AccTr: 0.9082000255584717, AccVa: 0.8700000047683716, CeTr: 0.3187005817890167, CeVa: 0.553697407245636
Epoch: 8, AccTr: 0.9067000150680542, AccVa: 0.8774999976158142, CeTr: 0.3209896385669708, CeVa: 0.4979522228240967
Epoch: 9, AccTr: 0.9093000292778015, AccVa: 0.8794999718666077, CeTr: 0.306307315826416, CeVa: 0.5102220177650452
Epoch: 10, AccTr: 0.9158999919891357, AccVa: 0.8684999942779541, CeTr: 0.29047733545303345, CeVa: 0.5664824843406677
ENSEMBLE | Tr_Acc: 0.9433000087738037, Tr_CE: 0.18066447973251343, Va_Acc: 0.9039999842643738, Va_CE: 0.38393983244895935
Epoch: 11, AccTr: 0.9099000096321106, AccVa: 0.8790000081062317, CeTr: 0.3119434714317322, CeVa: 0.5202174186706543
Epoch: 12, AccTr: 0.9088000059127808, AccVa: 0.875, CeTr: 0.31372562050819397, CeVa: 0.5237704515457153
Epoch: 13, AccTr: 0.9107000231742859, AccVa: 0.8820000290870667, CeTr: 0.2963038682937622, CeVa: 0.5057504177093506
Epoch: 14, AccTr: 0.9108999967575073, AccVa: 0.8734999895095825, CeTr: 0.2992073595523834, CeVa: 0.5392093658447266
Epoch: 15, AccTr: 0.9118000268936157, AccVa: 0.8774999976158142, CeTr: 0.30456238985061646, CeVa: 0.5067164897918701
ENSEMBLE | Tr_Acc: 0.9569000005722046, Tr_CE: 0.14451873302459717, Va_Acc: 0.9204999804496765, Va_CE: 0.3231986463069916
Epoch: 16, AccTr: 0.9107999801635742, AccVa: 0.8805000185966492, CeTr: 0.3069489300251007, CeVa: 0.5092802047729492
Epoch: 17, AccTr: 0.9100000262260437, AccVa: 0.871999979019165, CeTr: 0.297197163105011, CeVa: 0.5831722617149353
Epoch: 18, AccTr: 0.9093999862670898, AccVa: 0.8539999723434448, CeTr: 0.308086633682251, CeVa: 0.5571932792663574
Epoch: 19, AccTr: 0.9121999740600586, AccVa: 0.8715000152587891, CeTr: 0.28432026505470276, CeVa: 0.528337836265564
Epoch: 20, AccTr: 0.9075000286102295, AccVa: 0.8629999756813049, CeTr: 0.30065175890922546, CeVa: 0.5341812968254089
ENSEMBLE | Tr_Acc: 0.9627000093460083, Tr_CE: 0.12479861825704575, Va_Acc: 0.9290000200271606, Va_CE: 0.2924049496650696
Epoch: 21, AccTr: 0.909600019454956, AccVa: 0.8634999990463257, CeTr: 0.29200342297554016, CeVa: 0.5288463234901428
Epoch: 22, AccTr: 0.9125000238418579, AccVa: 0.8870000243186951, CeTr: 0.29855793714523315, CeVa: 0.5070748925209045
Epoch: 23, AccTr: 0.9096999764442444, AccVa: 0.8690000176429749, CeTr: 0.2913998067378998, CeVa: 0.5537755489349365
Epoch: 24, AccTr: 0.9075999855995178, AccVa: 0.8820000290870667, CeTr: 0.3060242235660553, CeVa: 0.517020583152771
Epoch: 25, AccTr: 0.909600019454956, AccVa: 0.862500011920929, CeTr: 0.305279940366745, CeVa: 0.5480742454528809
ENSEMBLE | Tr_Acc: 0.963100016117096, Tr_CE: 0.11514783650636673, Va_Acc: 0.9294999837875366, Va_CE: 0.2807843089103699
Epoch: 26, AccTr: 0.9128999710083008, AccVa: 0.8774999976158142, CeTr: 0.29884564876556396, CeVa: 0.5382176637649536
Epoch: 27, AccTr: 0.9125999808311462, AccVa: 0.8840000033378601, CeTr: 0.2962113916873932, CeVa: 0.5308290719985962
Epoch: 28, AccTr: 0.9067999720573425, AccVa: 0.8684999942779541, CeTr: 0.3059996962547302, CeVa: 0.5667709708213806
Epoch: 29, AccTr: 0.9139999747276306, AccVa: 0.8774999976158142, CeTr: 0.2840723693370819, CeVa: 0.4858027398586273
Epoch: 30, AccTr: 0.9144999980926514, AccVa: 0.875, CeTr: 0.2831844091415405, CeVa: 0.5278534293174744
ENSEMBLE | Tr_Acc: 0.9660000205039978, Tr_CE: 0.10671079158782959, Va_Acc: 0.9334999918937683, Va_CE: 0.2702038884162903
Epoch: 31, AccTr: 0.9089000225067139, AccVa: 0.8709999918937683, CeTr: 0.2942165434360504, CeVa: 0.5450754761695862
Epoch: 32, AccTr: 0.9125000238418579, AccVa: 0.8744999766349792, CeTr: 0.2927544116973877, CeVa: 0.5386817455291748
Epoch: 33, AccTr: 0.913100004196167, AccVa: 0.8644999861717224, CeTr: 0.2934229373931885, CeVa: 0.540392279624939
Epoch: 34, AccTr: 0.9153000116348267, AccVa: 0.8759999871253967, CeTr: 0.2931044399738312, CeVa: 0.5104400515556335
Epoch: 35, AccTr: 0.911300003528595, AccVa: 0.8744999766349792, CeTr: 0.2953961193561554, CeVa: 0.4954875111579895
ENSEMBLE | Tr_Acc: 0.9668999910354614, Tr_CE: 0.10224878787994385, Va_Acc: 0.9340000152587891, Va_CE: 0.26208654046058655
Epoch: 36, AccTr: 0.9089999794960022, AccVa: 0.8640000224113464, CeTr: 0.3086635172367096, CeVa: 0.5829774737358093
Epoch: 37, AccTr: 0.9128999710083008, AccVa: 0.8709999918937683, CeTr: 0.30111566185951233, CeVa: 0.5546260476112366
Epoch: 38, AccTr: 0.9139000177383423, AccVa: 0.8709999918937683, CeTr: 0.29184219241142273, CeVa: 0.5543028712272644
Epoch: 39, AccTr: 0.911300003528595, AccVa: 0.8740000128746033, CeTr: 0.2998991012573242, CeVa: 0.5150160789489746
Epoch: 40, AccTr: 0.9125999808311462, AccVa: 0.8560000061988831, CeTr: 0.29473167657852173, CeVa: 0.5449385643005371
ENSEMBLE | Tr_Acc: 0.9678000211715698, Tr_CE: 0.09890897572040558, Va_Acc: 0.9330000281333923, Va_CE: 0.256782591342926
Epoch: 41, AccTr: 0.9154000282287598, AccVa: 0.8765000104904175, CeTr: 0.2846808433532715, CeVa: 0.5074697136878967
Epoch: 42, AccTr: 0.911899983882904, AccVa: 0.8675000071525574, CeTr: 0.2907741069793701, CeVa: 0.5459921956062317
Epoch: 43, AccTr: 0.9100000262260437, AccVa: 0.8834999799728394, CeTr: 0.2944982945919037, CeVa: 0.5043774247169495
Epoch: 44, AccTr: 0.9138000011444092, AccVa: 0.8930000066757202, CeTr: 0.2774854004383087, CeVa: 0.48048892617225647
Epoch: 45, AccTr: 0.9061999917030334, AccVa: 0.8669999837875366, CeTr: 0.31365767121315, CeVa: 0.5826831459999084
ENSEMBLE | Tr_Acc: 0.9685999751091003, Tr_CE: 0.0970347598195076, Va_Acc: 0.9359999895095825, Va_CE: 0.25832709670066833
Epoch: 46, AccTr: 0.9110000133514404, AccVa: 0.8694999814033508, CeTr: 0.28476741909980774, CeVa: 0.5228768587112427
Epoch: 47, AccTr: 0.9089000225067139, AccVa: 0.8640000224113464, CeTr: 0.2877509593963623, CeVa: 0.5705174803733826
Epoch: 48, AccTr: 0.9115999937057495, AccVa: 0.8619999885559082, CeTr: 0.2802927792072296, CeVa: 0.5723437666893005
Epoch: 49, AccTr: 0.9103999733924866, AccVa: 0.8669999837875366, CeTr: 0.30111566185951233, CeVa: 0.5114088654518127
Epoch: 50, AccTr: 0.9133999943733215, AccVa: 0.8650000095367432, CeTr: 0.29479047656059265, CeVa: 0.5860373377799988
ENSEMBLE | Tr_Acc: 0.9699000120162964, Tr_CE: 0.09509208053350449, Va_Acc: 0.9390000104904175, Va_CE: 0.25916019082069397
NN CONFIG
Weight-type:		ternary
Layout									Layer #1: 250	Layer #2: 220	
Activation Functions					Layer #1: ets	Layer #2: ets	
Keep probabilities		Layer #0: 1.0	Layer #1: 1.0	Layer #2: 1.0	
Flat factors							Layer #1: 1.0	Layer #2: 1.0	Layer #3: 1.0	
Activation Noise						Layer #1: 0.1	Layer #2: 0.1	Layer #3: 0.0	
Prior: 0.8

===================================

RUN CONFIG
Epochs: 50, Blocksize: 4

===================================

Input binarization: False
Epoch: 1, AccTr: 0.9075000286102295, AccVa: 0.8755000233650208, CeTr: 0.32342615723609924, CeVa: 0.5268501043319702
Epoch: 2, AccTr: 0.9079999923706055, AccVa: 0.8659999966621399, CeTr: 0.3226155638694763, CeVa: 0.5634374022483826
Epoch: 3, AccTr: 0.9125999808311462, AccVa: 0.8740000128746033, CeTr: 0.29649537801742554, CeVa: 0.49778276681900024
Epoch: 4, AccTr: 0.9103999733924866, AccVa: 0.875, CeTr: 0.295466810464859, CeVa: 0.5196366906166077
Epoch: 5, AccTr: 0.9107000231742859, AccVa: 0.8809999823570251, CeTr: 0.31385868787765503, CeVa: 0.5198537111282349
ENSEMBLE | Tr_Acc: 0.9107000231742859, Tr_CE: 0.31385868787765503, Va_Acc: 0.8809999823570251, Va_CE: 0.5198537111282349
Epoch: 6, AccTr: 0.9059000015258789, AccVa: 0.8769999742507935, CeTr: 0.3170968294143677, CeVa: 0.5136163234710693
Epoch: 7, AccTr: 0.9114000201225281, AccVa: 0.8799999952316284, CeTr: 0.31749558448791504, CeVa: 0.5176411271095276
Epoch: 8, AccTr: 0.9139000177383423, AccVa: 0.8794999718666077, CeTr: 0.29774320125579834, CeVa: 0.5185995101928711
Epoch: 9, AccTr: 0.9128999710083008, AccVa: 0.8769999742507935, CeTr: 0.2972071170806885, CeVa: 0.4878709018230438
Epoch: 10, AccTr: 0.9125999808311462, AccVa: 0.8769999742507935, CeTr: 0.29743701219558716, CeVa: 0.46883997321128845
ENSEMBLE | Tr_Acc: 0.9437000155448914, Tr_CE: 0.18631252646446228, Va_Acc: 0.9135000109672546, Va_CE: 0.3496200144290924
Epoch: 11, AccTr: 0.9079999923706055, AccVa: 0.8744999766349792, CeTr: 0.30051133036613464, CeVa: 0.5475245714187622
Epoch: 12, AccTr: 0.9143999814987183, AccVa: 0.8815000057220459, CeTr: 0.2910262644290924, CeVa: 0.488648384809494
Epoch: 13, AccTr: 0.9089999794960022, AccVa: 0.8684999942779541, CeTr: 0.292667031288147, CeVa: 0.5500742793083191
Epoch: 14, AccTr: 0.9164999723434448, AccVa: 0.8815000057220459, CeTr: 0.2819579243659973, CeVa: 0.4781765937805176
Epoch: 15, AccTr: 0.9150999784469604, AccVa: 0.8774999976158142, CeTr: 0.2886958420276642, CeVa: 0.523131251335144
ENSEMBLE | Tr_Acc: 0.9545999765396118, Tr_CE: 0.14835019409656525, Va_Acc: 0.9229999780654907, Va_CE: 0.3166202902793884
Epoch: 16, AccTr: 0.9171000123023987, AccVa: 0.8784999847412109, CeTr: 0.278202623128891, CeVa: 0.5372065901756287
Epoch: 17, AccTr: 0.9146000146865845, AccVa: 0.8815000057220459, CeTr: 0.27688920497894287, CeVa: 0.5048478245735168
Epoch: 18, AccTr: 0.9157999753952026, AccVa: 0.8809999823570251, CeTr: 0.2820729613304138, CeVa: 0.4742129445075989
Epoch: 19, AccTr: 0.9164000153541565, AccVa: 0.875, CeTr: 0.28159263730049133, CeVa: 0.48878979682922363
Epoch: 20, AccTr: 0.90829998254776, AccVa: 0.8799999952316284, CeTr: 0.2955124080181122, CeVa: 0.48939281702041626
ENSEMBLE | Tr_Acc: 0.9592000246047974, Tr_CE: 0.13052554428577423, Va_Acc: 0.9294999837875366, Va_CE: 0.28965866565704346
Epoch: 21, AccTr: 0.9097999930381775, AccVa: 0.8654999732971191, CeTr: 0.2962615489959717, CeVa: 0.4978159964084625
Epoch: 22, AccTr: 0.9172999858856201, AccVa: 0.8730000257492065, CeTr: 0.2668348550796509, CeVa: 0.5069125294685364
Epoch: 23, AccTr: 0.9142000079154968, AccVa: 0.8830000162124634, CeTr: 0.2938985824584961, CeVa: 0.4873296618461609
Epoch: 24, AccTr: 0.9187999963760376, AccVa: 0.8769999742507935, CeTr: 0.2595137059688568, CeVa: 0.4761570990085602
Epoch: 25, AccTr: 0.9157999753952026, AccVa: 0.8794999718666077, CeTr: 0.28646913170814514, CeVa: 0.5152060985565186
ENSEMBLE | Tr_Acc: 0.9614999890327454, Tr_CE: 0.120060496032238, Va_Acc: 0.9319999814033508, Va_CE: 0.27460408210754395
Epoch: 26, AccTr: 0.9118000268936157, AccVa: 0.8650000095367432, CeTr: 0.29044756293296814, CeVa: 0.5723442435264587
Epoch: 27, AccTr: 0.9140999913215637, AccVa: 0.8675000071525574, CeTr: 0.28664925694465637, CeVa: 0.5383554697036743
Epoch: 28, AccTr: 0.9143999814987183, AccVa: 0.8550000190734863, CeTr: 0.2833463251590729, CeVa: 0.5528581142425537
Epoch: 29, AccTr: 0.9164999723434448, AccVa: 0.8755000233650208, CeTr: 0.273193359375, CeVa: 0.5094326138496399
Epoch: 30, AccTr: 0.9150000214576721, AccVa: 0.8734999895095825, CeTr: 0.2826535999774933, CeVa: 0.5315163135528564
ENSEMBLE | Tr_Acc: 0.9653000235557556, Tr_CE: 0.11185912042856216, Va_Acc: 0.9330000281333923, Va_CE: 0.2671981751918793
Epoch: 31, AccTr: 0.9175000190734863, AccVa: 0.8709999918937683, CeTr: 0.26964181661605835, CeVa: 0.5255144238471985
Epoch: 32, AccTr: 0.9146000146865845, AccVa: 0.8644999861717224, CeTr: 0.2775649428367615, CeVa: 0.5528993606567383
Epoch: 33, AccTr: 0.9121000170707703, AccVa: 0.8669999837875366, CeTr: 0.28653019666671753, CeVa: 0.571921169757843
Epoch: 34, AccTr: 0.9135000109672546, AccVa: 0.8604999780654907, CeTr: 0.2906937897205353, CeVa: 0.5706471800804138
Epoch: 35, AccTr: 0.9107999801635742, AccVa: 0.8705000281333923, CeTr: 0.29690784215927124, CeVa: 0.5453397035598755
ENSEMBLE | Tr_Acc: 0.9653000235557556, Tr_CE: 0.10658195614814758, Va_Acc: 0.934499979019165, Va_CE: 0.26545509696006775
Epoch: 36, AccTr: 0.9174000024795532, AccVa: 0.8690000176429749, CeTr: 0.27461448311805725, CeVa: 0.5500618815422058
Epoch: 37, AccTr: 0.9158999919891357, AccVa: 0.8730000257492065, CeTr: 0.2711084485054016, CeVa: 0.5021266937255859
Epoch: 38, AccTr: 0.914900004863739, AccVa: 0.8755000233650208, CeTr: 0.27672278881073, CeVa: 0.5334588885307312
Epoch: 39, AccTr: 0.9172000288963318, AccVa: 0.8585000038146973, CeTr: 0.2687837779521942, CeVa: 0.5370069146156311
Epoch: 40, AccTr: 0.9162999987602234, AccVa: 0.8730000257492065, CeTr: 0.2854069769382477, CeVa: 0.4743604362010956
ENSEMBLE | Tr_Acc: 0.9667999744415283, Tr_CE: 0.10286379605531693, Va_Acc: 0.9340000152587891, Va_CE: 0.2536788284778595
Epoch: 41, AccTr: 0.9182999730110168, AccVa: 0.871999979019165, CeTr: 0.26952114701271057, CeVa: 0.5170422792434692
Epoch: 42, AccTr: 0.9174000024795532, AccVa: 0.8659999966621399, CeTr: 0.2666809558868408, CeVa: 0.5407822132110596
Epoch: 43, AccTr: 0.9171000123023987, AccVa: 0.8824999928474426, CeTr: 0.274658739566803, CeVa: 0.4580356478691101
Epoch: 44, AccTr: 0.9157000184059143, AccVa: 0.8784999847412109, CeTr: 0.27460458874702454, CeVa: 0.5086127519607544
Epoch: 45, AccTr: 0.9157999753952026, AccVa: 0.8759999871253967, CeTr: 0.2697591483592987, CeVa: 0.520150363445282
ENSEMBLE | Tr_Acc: 0.9685999751091003, Tr_CE: 0.09836998581886292, Va_Acc: 0.9375, Va_CE: 0.24962589144706726
Epoch: 46, AccTr: 0.9150999784469604, AccVa: 0.8784999847412109, CeTr: 0.2843567132949829, CeVa: 0.509475827217102
Epoch: 47, AccTr: 0.9138000011444092, AccVa: 0.8725000023841858, CeTr: 0.27978384494781494, CeVa: 0.5590323209762573
Epoch: 48, AccTr: 0.9207000136375427, AccVa: 0.8744999766349792, CeTr: 0.27109289169311523, CeVa: 0.48211973905563354
Epoch: 49, AccTr: 0.9211999773979187, AccVa: 0.8684999942779541, CeTr: 0.2608870565891266, CeVa: 0.5141368508338928
Epoch: 50, AccTr: 0.9169999957084656, AccVa: 0.8840000033378601, CeTr: 0.27863848209381104, CeVa: 0.462585985660553
ENSEMBLE | Tr_Acc: 0.9704999923706055, Tr_CE: 0.09569696336984634, Va_Acc: 0.9350000023841858, Va_CE: 0.24126087129116058
NN CONFIG
Weight-type:		ternary
Layout									Layer #1: 250	Layer #2: 220	
Activation Functions					Layer #1: ets	Layer #2: ets	
Keep probabilities		Layer #0: 1.0	Layer #1: 1.0	Layer #2: 1.0	
Flat factors							Layer #1: 1.0	Layer #2: 1.0	Layer #3: 1.0	
Activation Noise						Layer #1: 0.1	Layer #2: 0.1	Layer #3: 0.0	
Prior: 0.8

===================================

RUN CONFIG
Epochs: 50, Blocksize: 4

===================================

Input binarization: False
Epoch: 1, AccTr: 0.9034000039100647, AccVa: 0.8715000152587891, CeTr: 0.3308124542236328, CeVa: 0.5045191049575806
Epoch: 2, AccTr: 0.9121999740600586, AccVa: 0.8784999847412109, CeTr: 0.28964662551879883, CeVa: 0.4799351394176483
Epoch: 3, AccTr: 0.9168000221252441, AccVa: 0.8809999823570251, CeTr: 0.2922614514827728, CeVa: 0.49104052782058716
Epoch: 4, AccTr: 0.9090999960899353, AccVa: 0.8665000200271606, CeTr: 0.2993810474872589, CeVa: 0.5027917623519897
Epoch: 5, AccTr: 0.913100004196167, AccVa: 0.8784999847412109, CeTr: 0.27783721685409546, CeVa: 0.4900910556316376
ENSEMBLE | Tr_Acc: 0.913100004196167, Tr_CE: 0.27783721685409546, Va_Acc: 0.8784999847412109, Va_CE: 0.4900910556316376
Epoch: 6, AccTr: 0.9174000024795532, AccVa: 0.8769999742507935, CeTr: 0.2660447657108307, CeVa: 0.4734964072704315
Epoch: 7, AccTr: 0.9140999913215637, AccVa: 0.8730000257492065, CeTr: 0.28175848722457886, CeVa: 0.48673298954963684
Epoch: 8, AccTr: 0.9125999808311462, AccVa: 0.8679999709129333, CeTr: 0.28899526596069336, CeVa: 0.486555814743042
Epoch: 9, AccTr: 0.914900004863739, AccVa: 0.8799999952316284, CeTr: 0.2761387825012207, CeVa: 0.4474639296531677
Epoch: 10, AccTr: 0.9168000221252441, AccVa: 0.8784999847412109, CeTr: 0.2706422805786133, CeVa: 0.47426122426986694
ENSEMBLE | Tr_Acc: 0.9465000033378601, Tr_CE: 0.1633419543504715, Va_Acc: 0.909500002861023, Va_CE: 0.34115374088287354
Epoch: 11, AccTr: 0.9160000085830688, AccVa: 0.8744999766349792, CeTr: 0.26813292503356934, CeVa: 0.4850637912750244
Epoch: 12, AccTr: 0.9139000177383423, AccVa: 0.8799999952316284, CeTr: 0.2722090184688568, CeVa: 0.4842221736907959
Epoch: 13, AccTr: 0.9133999943733215, AccVa: 0.8889999985694885, CeTr: 0.2799634635448456, CeVa: 0.4480382800102234
Epoch: 14, AccTr: 0.9150999784469604, AccVa: 0.8809999823570251, CeTr: 0.27249565720558167, CeVa: 0.44290509819984436
Epoch: 15, AccTr: 0.9193000197410583, AccVa: 0.8799999952316284, CeTr: 0.2585556209087372, CeVa: 0.47789356112480164
ENSEMBLE | Tr_Acc: 0.9616000056266785, Tr_CE: 0.12474989891052246, Va_Acc: 0.9200000166893005, Va_CE: 0.2966656982898712
Epoch: 16, AccTr: 0.91839998960495, AccVa: 0.8784999847412109, CeTr: 0.26278385519981384, CeVa: 0.42678073048591614
Epoch: 17, AccTr: 0.9158999919891357, AccVa: 0.8830000162124634, CeTr: 0.26172855496406555, CeVa: 0.4617701470851898
Epoch: 18, AccTr: 0.9151999950408936, AccVa: 0.875, CeTr: 0.2813471555709839, CeVa: 0.502315104007721
Epoch: 19, AccTr: 0.9143000245094299, AccVa: 0.8705000281333923, CeTr: 0.2638865113258362, CeVa: 0.5082144141197205
Epoch: 20, AccTr: 0.9226999878883362, AccVa: 0.8784999847412109, CeTr: 0.25578999519348145, CeVa: 0.47518762946128845
ENSEMBLE | Tr_Acc: 0.9659000039100647, Tr_CE: 0.110305055975914, Va_Acc: 0.9350000023841858, Va_CE: 0.2735988199710846
Epoch: 21, AccTr: 0.9165999889373779, AccVa: 0.8744999766349792, CeTr: 0.26874813437461853, CeVa: 0.4554862082004547
Epoch: 22, AccTr: 0.9164000153541565, AccVa: 0.8820000290870667, CeTr: 0.2579089403152466, CeVa: 0.4688895046710968
Epoch: 23, AccTr: 0.9193999767303467, AccVa: 0.8740000128746033, CeTr: 0.2466413527727127, CeVa: 0.47003453969955444
Epoch: 24, AccTr: 0.9136000275611877, AccVa: 0.8730000257492065, CeTr: 0.27916836738586426, CeVa: 0.46408605575561523
Epoch: 25, AccTr: 0.9136999845504761, AccVa: 0.878000020980835, CeTr: 0.27668213844299316, CeVa: 0.4684893488883972
ENSEMBLE | Tr_Acc: 0.9689000248908997, Tr_CE: 0.10164470970630646, Va_Acc: 0.9359999895095825, Va_CE: 0.2545197010040283
Epoch: 26, AccTr: 0.9085000157356262, AccVa: 0.871999979019165, CeTr: 0.28545573353767395, CeVa: 0.4945674538612366
Epoch: 27, AccTr: 0.9110000133514404, AccVa: 0.8700000047683716, CeTr: 0.27351272106170654, CeVa: 0.4728674590587616
Epoch: 28, AccTr: 0.9153000116348267, AccVa: 0.8734999895095825, CeTr: 0.25984594225883484, CeVa: 0.49919790029525757
Epoch: 29, AccTr: 0.9182000160217285, AccVa: 0.862500011920929, CeTr: 0.2599339485168457, CeVa: 0.5025902986526489
Epoch: 30, AccTr: 0.9171000123023987, AccVa: 0.8740000128746033, CeTr: 0.2766065001487732, CeVa: 0.47526800632476807
ENSEMBLE | Tr_Acc: 0.9699000120162964, Tr_CE: 0.09657593071460724, Va_Acc: 0.9355000257492065, Va_CE: 0.24593663215637207
Epoch: 31, AccTr: 0.9139999747276306, AccVa: 0.8815000057220459, CeTr: 0.2733711302280426, CeVa: 0.47035089135169983
Epoch: 32, AccTr: 0.9142000079154968, AccVa: 0.8830000162124634, CeTr: 0.27046480774879456, CeVa: 0.4591410756111145
Epoch: 33, AccTr: 0.917900025844574, AccVa: 0.8784999847412109, CeTr: 0.2750150263309479, CeVa: 0.4950859546661377
Epoch: 34, AccTr: 0.9187999963760376, AccVa: 0.8730000257492065, CeTr: 0.26013851165771484, CeVa: 0.47301024198532104
Epoch: 35, AccTr: 0.9142000079154968, AccVa: 0.8730000257492065, CeTr: 0.2864302098751068, CeVa: 0.4872824549674988
ENSEMBLE | Tr_Acc: 0.9710000157356262, Tr_CE: 0.09372413158416748, Va_Acc: 0.9380000233650208, Va_CE: 0.23854009807109833
Epoch: 36, AccTr: 0.9194999933242798, AccVa: 0.8725000023841858, CeTr: 0.2678115665912628, CeVa: 0.5192224979400635
Epoch: 37, AccTr: 0.9125999808311462, AccVa: 0.8765000104904175, CeTr: 0.27828460931777954, CeVa: 0.47143271565437317
Epoch: 38, AccTr: 0.9142000079154968, AccVa: 0.871999979019165, CeTr: 0.26789024472236633, CeVa: 0.4569475054740906
Epoch: 39, AccTr: 0.916700005531311, AccVa: 0.8765000104904175, CeTr: 0.2730424404144287, CeVa: 0.4594450294971466
Epoch: 40, AccTr: 0.9129999876022339, AccVa: 0.8799999952316284, CeTr: 0.2785349190235138, CeVa: 0.47369834780693054
ENSEMBLE | Tr_Acc: 0.9711999893188477, Tr_CE: 0.09064701944589615, Va_Acc: 0.9394999742507935, Va_CE: 0.23332639038562775
Epoch: 41, AccTr: 0.914900004863739, AccVa: 0.8794999718666077, CeTr: 0.2724454998970032, CeVa: 0.5186837911605835
Epoch: 42, AccTr: 0.9194999933242798, AccVa: 0.878000020980835, CeTr: 0.2706393003463745, CeVa: 0.4985203444957733
Epoch: 43, AccTr: 0.9175999760627747, AccVa: 0.8774999976158142, CeTr: 0.26430565118789673, CeVa: 0.4832136929035187
Epoch: 44, AccTr: 0.9162999987602234, AccVa: 0.8765000104904175, CeTr: 0.27002519369125366, CeVa: 0.47358155250549316
Epoch: 45, AccTr: 0.9135000109672546, AccVa: 0.8790000081062317, CeTr: 0.2766709625720978, CeVa: 0.48468834161758423
ENSEMBLE | Tr_Acc: 0.9711999893188477, Tr_CE: 0.08932556211948395, Va_Acc: 0.9394999742507935, Va_CE: 0.22982893884181976
Epoch: 46, AccTr: 0.9168999791145325, AccVa: 0.8820000290870667, CeTr: 0.257675439119339, CeVa: 0.4653872847557068
Epoch: 47, AccTr: 0.9168999791145325, AccVa: 0.8679999709129333, CeTr: 0.25706398487091064, CeVa: 0.487897127866745
Epoch: 48, AccTr: 0.9178000092506409, AccVa: 0.8669999837875366, CeTr: 0.26420721411705017, CeVa: 0.4932236969470978
Epoch: 49, AccTr: 0.9203000068664551, AccVa: 0.8700000047683716, CeTr: 0.269600510597229, CeVa: 0.5090448260307312
Epoch: 50, AccTr: 0.9146000146865845, AccVa: 0.8715000152587891, CeTr: 0.2778516709804535, CeVa: 0.4824599027633667
ENSEMBLE | Tr_Acc: 0.9725000262260437, Tr_CE: 0.08725718408823013, Va_Acc: 0.9419999718666077, Va_CE: 0.22597290575504303
NN CONFIG
Weight-type:		ternary
Layout									Layer #1: 250	Layer #2: 220	
Activation Functions					Layer #1: ets	Layer #2: ets	
Keep probabilities		Layer #0: 1.0	Layer #1: 1.0	Layer #2: 1.0	
Flat factors							Layer #1: 1.0	Layer #2: 1.0	Layer #3: 1.0	
Activation Noise						Layer #1: 0.1	Layer #2: 0.1	Layer #3: 0.0	
Prior: 0.8

===================================

RUN CONFIG
Epochs: 50, Blocksize: 4

===================================

Input binarization: False
Epoch: 1, AccTr: 0.8967999815940857, AccVa: 0.8579999804496765, CeTr: 0.36281371116638184, CeVa: 0.5434797406196594
Epoch: 2, AccTr: 0.9023000001907349, AccVa: 0.8725000023841858, CeTr: 0.33546513319015503, CeVa: 0.5421431660652161
Epoch: 3, AccTr: 0.9052000045776367, AccVa: 0.8725000023841858, CeTr: 0.32576537132263184, CeVa: 0.5081731677055359
Epoch: 4, AccTr: 0.9064000248908997, AccVa: 0.8610000014305115, CeTr: 0.31317225098609924, CeVa: 0.5413994193077087
Epoch: 5, AccTr: 0.9072999954223633, AccVa: 0.8725000023841858, CeTr: 0.3101481795310974, CeVa: 0.5040161609649658
ENSEMBLE | Tr_Acc: 0.9072999954223633, Tr_CE: 0.3101481795310974, Va_Acc: 0.8725000023841858, Va_CE: 0.5040161609649658
Epoch: 6, AccTr: 0.9122999906539917, AccVa: 0.8700000047683716, CeTr: 0.30074864625930786, CeVa: 0.508965253829956
Epoch: 7, AccTr: 0.9085999727249146, AccVa: 0.8679999709129333, CeTr: 0.31241607666015625, CeVa: 0.5338282585144043
Epoch: 8, AccTr: 0.9110999703407288, AccVa: 0.8769999742507935, CeTr: 0.29734164476394653, CeVa: 0.4851343333721161
Epoch: 9, AccTr: 0.9103000164031982, AccVa: 0.8700000047683716, CeTr: 0.29017671942710876, CeVa: 0.5167557597160339
Epoch: 10, AccTr: 0.9061999917030334, AccVa: 0.8799999952316284, CeTr: 0.29552406072616577, CeVa: 0.47238296270370483
ENSEMBLE | Tr_Acc: 0.9426000118255615, Tr_CE: 0.18111655116081238, Va_Acc: 0.9089999794960022, Va_CE: 0.3375127911567688
Epoch: 11, AccTr: 0.9079999923706055, AccVa: 0.8759999871253967, CeTr: 0.2923465073108673, CeVa: 0.44987407326698303
Epoch: 12, AccTr: 0.9114999771118164, AccVa: 0.8730000257492065, CeTr: 0.28986942768096924, CeVa: 0.4672919511795044
Epoch: 13, AccTr: 0.9057000279426575, AccVa: 0.8805000185966492, CeTr: 0.29737141728401184, CeVa: 0.48751911520957947
Epoch: 14, AccTr: 0.9125999808311462, AccVa: 0.8694999814033508, CeTr: 0.2938765287399292, CeVa: 0.5121898055076599
Epoch: 15, AccTr: 0.9133999943733215, AccVa: 0.8665000200271606, CeTr: 0.2907065153121948, CeVa: 0.519195556640625
ENSEMBLE | Tr_Acc: 0.9562000036239624, Tr_CE: 0.14166244864463806, Va_Acc: 0.9179999828338623, Va_CE: 0.2949363887310028
Epoch: 16, AccTr: 0.9059000015258789, AccVa: 0.8679999709129333, CeTr: 0.30274614691734314, CeVa: 0.5165551900863647
Epoch: 17, AccTr: 0.9114000201225281, AccVa: 0.8824999928474426, CeTr: 0.2878972589969635, CeVa: 0.4751819670200348
Epoch: 18, AccTr: 0.9143000245094299, AccVa: 0.875, CeTr: 0.2945633828639984, CeVa: 0.48856663703918457
Epoch: 19, AccTr: 0.9136000275611877, AccVa: 0.8734999895095825, CeTr: 0.2837330102920532, CeVa: 0.49231159687042236
Epoch: 20, AccTr: 0.9129999876022339, AccVa: 0.8784999847412109, CeTr: 0.28717559576034546, CeVa: 0.44035089015960693
ENSEMBLE | Tr_Acc: 0.9610000252723694, Tr_CE: 0.12275508791208267, Va_Acc: 0.9279999732971191, Va_CE: 0.2614605724811554
Epoch: 21, AccTr: 0.9117000102996826, AccVa: 0.8730000257492065, CeTr: 0.2812007665634155, CeVa: 0.4765586256980896
Epoch: 22, AccTr: 0.9143000245094299, AccVa: 0.8784999847412109, CeTr: 0.28627002239227295, CeVa: 0.47031456232070923
Epoch: 23, AccTr: 0.9128999710083008, AccVa: 0.8799999952316284, CeTr: 0.28543606400489807, CeVa: 0.4787237048149109
Epoch: 24, AccTr: 0.9132999777793884, AccVa: 0.8824999928474426, CeTr: 0.2763734459877014, CeVa: 0.46984609961509705
Epoch: 25, AccTr: 0.9150000214576721, AccVa: 0.8815000057220459, CeTr: 0.2784040868282318, CeVa: 0.48798108100891113
ENSEMBLE | Tr_Acc: 0.9646999835968018, Tr_CE: 0.10903672873973846, Va_Acc: 0.9315000176429749, Va_CE: 0.2500632107257843
Epoch: 26, AccTr: 0.9172999858856201, AccVa: 0.8769999742507935, CeTr: 0.26775795221328735, CeVa: 0.4835607409477234
Epoch: 27, AccTr: 0.9157999753952026, AccVa: 0.8715000152587891, CeTr: 0.28156596422195435, CeVa: 0.4977613091468811
Epoch: 28, AccTr: 0.9133999943733215, AccVa: 0.8734999895095825, CeTr: 0.28115934133529663, CeVa: 0.49473679065704346
Epoch: 29, AccTr: 0.9135000109672546, AccVa: 0.878000020980835, CeTr: 0.28396064043045044, CeVa: 0.49482542276382446
Epoch: 30, AccTr: 0.9146000146865845, AccVa: 0.8679999709129333, CeTr: 0.28234827518463135, CeVa: 0.527133584022522
ENSEMBLE | Tr_Acc: 0.9677000045776367, Tr_CE: 0.10218495875597, Va_Acc: 0.9309999942779541, Va_CE: 0.24819110333919525
Epoch: 31, AccTr: 0.9165999889373779, AccVa: 0.8830000162124634, CeTr: 0.27758368849754333, CeVa: 0.49642691016197205
Epoch: 32, AccTr: 0.9150999784469604, AccVa: 0.8679999709129333, CeTr: 0.2840477526187897, CeVa: 0.5238324403762817
Epoch: 33, AccTr: 0.9138000011444092, AccVa: 0.8744999766349792, CeTr: 0.2902267575263977, CeVa: 0.5133858323097229
Epoch: 34, AccTr: 0.9107000231742859, AccVa: 0.8675000071525574, CeTr: 0.29918256402015686, CeVa: 0.5308079719543457
Epoch: 35, AccTr: 0.9128000140190125, AccVa: 0.8849999904632568, CeTr: 0.287945419549942, CeVa: 0.47901055216789246
ENSEMBLE | Tr_Acc: 0.9700000286102295, Tr_CE: 0.09701201319694519, Va_Acc: 0.9375, Va_CE: 0.23729385435581207
Epoch: 36, AccTr: 0.917900025844574, AccVa: 0.8734999895095825, CeTr: 0.2751704454421997, CeVa: 0.5337799191474915
Epoch: 37, AccTr: 0.9156000018119812, AccVa: 0.8865000009536743, CeTr: 0.2761034071445465, CeVa: 0.4506899416446686
Epoch: 38, AccTr: 0.9117000102996826, AccVa: 0.8679999709129333, CeTr: 0.29637324810028076, CeVa: 0.5033625364303589
Epoch: 39, AccTr: 0.9193000197410583, AccVa: 0.8705000281333923, CeTr: 0.25988447666168213, CeVa: 0.5159363150596619
Epoch: 40, AccTr: 0.9233999848365784, AccVa: 0.871999979019165, CeTr: 0.26151522994041443, CeVa: 0.5056217312812805
ENSEMBLE | Tr_Acc: 0.9706000089645386, Tr_CE: 0.0927494466304779, Va_Acc: 0.9365000128746033, Va_CE: 0.23352453112602234
Epoch: 41, AccTr: 0.9243999719619751, AccVa: 0.8765000104904175, CeTr: 0.25694939494132996, CeVa: 0.5019963979721069
Epoch: 42, AccTr: 0.919700026512146, AccVa: 0.8694999814033508, CeTr: 0.2702133357524872, CeVa: 0.5183110237121582
Epoch: 43, AccTr: 0.9168999791145325, AccVa: 0.8705000281333923, CeTr: 0.2844799757003784, CeVa: 0.5423279404640198
Epoch: 44, AccTr: 0.9204000234603882, AccVa: 0.8845000267028809, CeTr: 0.2648840546607971, CeVa: 0.5019095540046692
Epoch: 45, AccTr: 0.9120000004768372, AccVa: 0.875, CeTr: 0.28838807344436646, CeVa: 0.5076208114624023
ENSEMBLE | Tr_Acc: 0.9708999991416931, Tr_CE: 0.08973807841539383, Va_Acc: 0.9384999871253967, Va_CE: 0.22942598164081573
Epoch: 46, AccTr: 0.916700005531311, AccVa: 0.8640000224113464, CeTr: 0.27535513043403625, CeVa: 0.5659537315368652
Epoch: 47, AccTr: 0.9189000129699707, AccVa: 0.8820000290870667, CeTr: 0.27047601342201233, CeVa: 0.49534332752227783
Epoch: 48, AccTr: 0.9138000011444092, AccVa: 0.8679999709129333, CeTr: 0.27510014176368713, CeVa: 0.505491316318512
Epoch: 49, AccTr: 0.9168999791145325, AccVa: 0.8755000233650208, CeTr: 0.2622224986553192, CeVa: 0.5319216847419739
Epoch: 50, AccTr: 0.9154000282287598, AccVa: 0.8790000081062317, CeTr: 0.27815428376197815, CeVa: 0.5125949382781982
ENSEMBLE | Tr_Acc: 0.9710000157356262, Tr_CE: 0.08659223467111588, Va_Acc: 0.9390000104904175, Va_CE: 0.22744224965572357
Mod Accuracy || Mean: 0.874875009059906	 Std: 0.007231655064970255
Ens Accuracy || Mean: 0.9387500286102295	 Std: 0.002487459219992161
Mod CE || Mean: 0.5109195709228516	 Std: 0.046881698071956635
Ens CE || Mean: 0.238459050655365	 Std: 0.013357218354940414
