NN CONFIG
Weight-type:		ternary
Layout									Layer #1: 250	Layer #2: 220	
Activation Functions					Layer #1: ets	Layer #2: ets	
Keep probabilities		Layer #0: 1.0	Layer #1: 1.0	Layer #2: 1.0	
Flat factors							Layer #1: 1.0	Layer #2: 1.0	Layer #3: 1.0	
Activation Noise						Layer #1: 0.1	Layer #2: 0.1	Layer #3: 0.0	
Prior: 0.8

===================================

RUN CONFIG
Epochs: 50, Blocksize: 4

===================================

Input binarization: False
Epoch: 1, AccTr: 0.8982999920845032, AccVa: 0.8815000057220459, CeTr: 0.35363340377807617, CeVa: 0.456245094537735
Epoch: 2, AccTr: 0.901199996471405, AccVa: 0.8740000128746033, CeTr: 0.32566574215888977, CeVa: 0.46693435311317444
Epoch: 3, AccTr: 0.9074000120162964, AccVa: 0.875, CeTr: 0.3165466785430908, CeVa: 0.45022711157798767
Epoch: 4, AccTr: 0.9071000218391418, AccVa: 0.8799999952316284, CeTr: 0.3106996715068817, CeVa: 0.4382759928703308
Epoch: 5, AccTr: 0.9071999788284302, AccVa: 0.8805000185966492, CeTr: 0.3113059103488922, CeVa: 0.430585116147995
ENSEMBLE | Tr_Acc: 0.9071999788284302, Tr_CE: 0.3113059103488922, Va_Acc: 0.8805000185966492, Va_CE: 0.430585116147995
Epoch: 6, AccTr: 0.9104999899864197, AccVa: 0.8765000104904175, CeTr: 0.2983185648918152, CeVa: 0.4728522300720215
Epoch: 7, AccTr: 0.9104999899864197, AccVa: 0.8855000138282776, CeTr: 0.30138301849365234, CeVa: 0.4187157154083252
Epoch: 8, AccTr: 0.9092000126838684, AccVa: 0.8709999918937683, CeTr: 0.28739801049232483, CeVa: 0.46400782465934753
Epoch: 9, AccTr: 0.9136999845504761, AccVa: 0.8690000176429749, CeTr: 0.26808691024780273, CeVa: 0.4729437530040741
Epoch: 10, AccTr: 0.9122999906539917, AccVa: 0.878000020980835, CeTr: 0.28263258934020996, CeVa: 0.47821149230003357
ENSEMBLE | Tr_Acc: 0.942300021648407, Tr_CE: 0.18300075829029083, Va_Acc: 0.9129999876022339, Va_CE: 0.3220422565937042
Epoch: 11, AccTr: 0.9101999998092651, AccVa: 0.8784999847412109, CeTr: 0.2886959910392761, CeVa: 0.47844237089157104
Epoch: 12, AccTr: 0.9122999906539917, AccVa: 0.8799999952316284, CeTr: 0.286545068025589, CeVa: 0.43390515446662903
Epoch: 13, AccTr: 0.9132000207901001, AccVa: 0.890999972820282, CeTr: 0.27950161695480347, CeVa: 0.45966196060180664
Epoch: 14, AccTr: 0.9135000109672546, AccVa: 0.887499988079071, CeTr: 0.2867777347564697, CeVa: 0.4528437554836273
Epoch: 15, AccTr: 0.9157999753952026, AccVa: 0.8790000081062317, CeTr: 0.2771495580673218, CeVa: 0.44230765104293823
ENSEMBLE | Tr_Acc: 0.9567000269889832, Tr_CE: 0.14281783998012543, Va_Acc: 0.925000011920929, Va_CE: 0.28002631664276123
Epoch: 16, AccTr: 0.914900004863739, AccVa: 0.8865000009536743, CeTr: 0.27363020181655884, CeVa: 0.4549298882484436
Epoch: 17, AccTr: 0.9139999747276306, AccVa: 0.8784999847412109, CeTr: 0.26703161001205444, CeVa: 0.4560665190219879
Epoch: 18, AccTr: 0.9175000190734863, AccVa: 0.8805000185966492, CeTr: 0.2616785168647766, CeVa: 0.44478803873062134
Epoch: 19, AccTr: 0.9157000184059143, AccVa: 0.8849999904632568, CeTr: 0.2711329162120819, CeVa: 0.43037787079811096
Epoch: 20, AccTr: 0.9164000153541565, AccVa: 0.8880000114440918, CeTr: 0.2675636112689972, CeVa: 0.43565115332603455
ENSEMBLE | Tr_Acc: 0.9609000086784363, Tr_CE: 0.1249099150300026, Va_Acc: 0.9330000281333923, Va_CE: 0.25399893522262573
Epoch: 21, AccTr: 0.9180999994277954, AccVa: 0.8809999823570251, CeTr: 0.2622610032558441, CeVa: 0.45548757910728455
Epoch: 22, AccTr: 0.9158999919891357, AccVa: 0.8794999718666077, CeTr: 0.2689366638660431, CeVa: 0.45639729499816895
Epoch: 23, AccTr: 0.914900004863739, AccVa: 0.8840000033378601, CeTr: 0.2731287181377411, CeVa: 0.42162954807281494
Epoch: 24, AccTr: 0.9121999740600586, AccVa: 0.8809999823570251, CeTr: 0.2691514194011688, CeVa: 0.4571964144706726
Epoch: 25, AccTr: 0.9172000288963318, AccVa: 0.8799999952316284, CeTr: 0.2734985947608948, CeVa: 0.47161319851875305
ENSEMBLE | Tr_Acc: 0.9634000062942505, Tr_CE: 0.11613735556602478, Va_Acc: 0.9369999766349792, Va_CE: 0.23767386376857758
Epoch: 26, AccTr: 0.9139000177383423, AccVa: 0.8784999847412109, CeTr: 0.2848527431488037, CeVa: 0.47244521975517273
Epoch: 27, AccTr: 0.914900004863739, AccVa: 0.8824999928474426, CeTr: 0.27340665459632874, CeVa: 0.4788401126861572
Epoch: 28, AccTr: 0.9178000092506409, AccVa: 0.8845000267028809, CeTr: 0.27475109696388245, CeVa: 0.4149419367313385
Epoch: 29, AccTr: 0.9186000227928162, AccVa: 0.8824999928474426, CeTr: 0.2642681300640106, CeVa: 0.4643576145172119
Epoch: 30, AccTr: 0.9139000177383423, AccVa: 0.8924999833106995, CeTr: 0.2694021165370941, CeVa: 0.41790053248405457
ENSEMBLE | Tr_Acc: 0.9656999707221985, Tr_CE: 0.10905808955430984, Va_Acc: 0.9380000233650208, Va_CE: 0.2271886020898819
Epoch: 31, AccTr: 0.9154000282287598, AccVa: 0.8880000114440918, CeTr: 0.2688339948654175, CeVa: 0.40907227993011475
Epoch: 32, AccTr: 0.9168999791145325, AccVa: 0.8805000185966492, CeTr: 0.2749830186367035, CeVa: 0.43250295519828796
Epoch: 33, AccTr: 0.9138000011444092, AccVa: 0.8794999718666077, CeTr: 0.2722398042678833, CeVa: 0.4386895000934601
Epoch: 34, AccTr: 0.9157000184059143, AccVa: 0.8845000267028809, CeTr: 0.2661835253238678, CeVa: 0.40351542830467224
Epoch: 35, AccTr: 0.917900025844574, AccVa: 0.878000020980835, CeTr: 0.2604723274707794, CeVa: 0.4680989384651184
ENSEMBLE | Tr_Acc: 0.9681000113487244, Tr_CE: 0.10262482613325119, Va_Acc: 0.940500020980835, Va_CE: 0.2227020263671875
Epoch: 36, AccTr: 0.9168000221252441, AccVa: 0.878000020980835, CeTr: 0.2694505751132965, CeVa: 0.4167918562889099
Epoch: 37, AccTr: 0.9161999821662903, AccVa: 0.8805000185966492, CeTr: 0.27377209067344666, CeVa: 0.4706253707408905
Epoch: 38, AccTr: 0.9186000227928162, AccVa: 0.8675000071525574, CeTr: 0.25998255610466003, CeVa: 0.4761039614677429
Epoch: 39, AccTr: 0.9207000136375427, AccVa: 0.8805000185966492, CeTr: 0.25395992398262024, CeVa: 0.45179975032806396
Epoch: 40, AccTr: 0.9204999804496765, AccVa: 0.8715000152587891, CeTr: 0.2536427974700928, CeVa: 0.45136258006095886
ENSEMBLE | Tr_Acc: 0.9681000113487244, Tr_CE: 0.09934727847576141, Va_Acc: 0.9409999847412109, Va_CE: 0.21689477562904358
Epoch: 41, AccTr: 0.9157999753952026, AccVa: 0.8834999799728394, CeTr: 0.27610069513320923, CeVa: 0.44291797280311584
Epoch: 42, AccTr: 0.9151999950408936, AccVa: 0.8790000081062317, CeTr: 0.2723484933376312, CeVa: 0.437926709651947
Epoch: 43, AccTr: 0.9150000214576721, AccVa: 0.8774999976158142, CeTr: 0.26343417167663574, CeVa: 0.4595523178577423
Epoch: 44, AccTr: 0.9172000288963318, AccVa: 0.875, CeTr: 0.2662518620491028, CeVa: 0.4835393726825714
Epoch: 45, AccTr: 0.9168000221252441, AccVa: 0.8799999952316284, CeTr: 0.27267196774482727, CeVa: 0.4961593747138977
ENSEMBLE | Tr_Acc: 0.9693999886512756, Tr_CE: 0.09700676798820496, Va_Acc: 0.9434999823570251, Va_CE: 0.21854452788829803
Epoch: 46, AccTr: 0.9158999919891357, AccVa: 0.8834999799728394, CeTr: 0.27391356229782104, CeVa: 0.4491451382637024
Epoch: 47, AccTr: 0.9189000129699707, AccVa: 0.8884999752044678, CeTr: 0.27357280254364014, CeVa: 0.43891096115112305
Epoch: 48, AccTr: 0.9193999767303467, AccVa: 0.8815000057220459, CeTr: 0.2655952572822571, CeVa: 0.47822627425193787
Epoch: 49, AccTr: 0.9180999994277954, AccVa: 0.8815000057220459, CeTr: 0.2728072702884674, CeVa: 0.46969422698020935
Epoch: 50, AccTr: 0.9189000129699707, AccVa: 0.8845000267028809, CeTr: 0.27351751923561096, CeVa: 0.4436718225479126
ENSEMBLE | Tr_Acc: 0.9697999954223633, Tr_CE: 0.09492155909538269, Va_Acc: 0.9424999952316284, Va_CE: 0.21789848804473877
NN CONFIG
Weight-type:		ternary
Layout									Layer #1: 250	Layer #2: 220	
Activation Functions					Layer #1: ets	Layer #2: ets	
Keep probabilities		Layer #0: 1.0	Layer #1: 1.0	Layer #2: 1.0	
Flat factors							Layer #1: 1.0	Layer #2: 1.0	Layer #3: 1.0	
Activation Noise						Layer #1: 0.1	Layer #2: 0.1	Layer #3: 0.0	
Prior: 0.8

===================================

RUN CONFIG
Epochs: 50, Blocksize: 4

===================================

Input binarization: False
Epoch: 1, AccTr: 0.8981000185012817, AccVa: 0.8694999814033508, CeTr: 0.3550019860267639, CeVa: 0.5016321539878845
Epoch: 2, AccTr: 0.9090999960899353, AccVa: 0.8755000233650208, CeTr: 0.3093031346797943, CeVa: 0.45936205983161926
Epoch: 3, AccTr: 0.909600019454956, AccVa: 0.859000027179718, CeTr: 0.30347388982772827, CeVa: 0.5189620852470398
Epoch: 4, AccTr: 0.9075000286102295, AccVa: 0.8734999895095825, CeTr: 0.29309648275375366, CeVa: 0.4773131012916565
Epoch: 5, AccTr: 0.9175000190734863, AccVa: 0.8744999766349792, CeTr: 0.27850040793418884, CeVa: 0.4530259072780609
ENSEMBLE | Tr_Acc: 0.9175000190734863, Tr_CE: 0.27850040793418884, Va_Acc: 0.8744999766349792, Va_CE: 0.4530259072780609
Epoch: 6, AccTr: 0.9175000190734863, AccVa: 0.8784999847412109, CeTr: 0.28098568320274353, CeVa: 0.4940526783466339
Epoch: 7, AccTr: 0.9100000262260437, AccVa: 0.8755000233650208, CeTr: 0.2886349558830261, CeVa: 0.4838995635509491
Epoch: 8, AccTr: 0.9133999943733215, AccVa: 0.875, CeTr: 0.274257630109787, CeVa: 0.4886287450790405
Epoch: 9, AccTr: 0.9140999913215637, AccVa: 0.8834999799728394, CeTr: 0.28094345331192017, CeVa: 0.43334734439849854
Epoch: 10, AccTr: 0.9139000177383423, AccVa: 0.8794999718666077, CeTr: 0.28244471549987793, CeVa: 0.4575486183166504
ENSEMBLE | Tr_Acc: 0.9451000094413757, Tr_CE: 0.174086332321167, Va_Acc: 0.9045000076293945, Va_CE: 0.3233082592487335
Epoch: 11, AccTr: 0.9146999716758728, AccVa: 0.8855000138282776, CeTr: 0.2787351906299591, CeVa: 0.42852869629859924
Epoch: 12, AccTr: 0.917900025844574, AccVa: 0.8845000267028809, CeTr: 0.26119109988212585, CeVa: 0.44302743673324585
Epoch: 13, AccTr: 0.9143000245094299, AccVa: 0.8880000114440918, CeTr: 0.27716782689094543, CeVa: 0.470050573348999
Epoch: 14, AccTr: 0.9186000227928162, AccVa: 0.887499988079071, CeTr: 0.2779213786125183, CeVa: 0.4385825991630554
Epoch: 15, AccTr: 0.9197999835014343, AccVa: 0.8859999775886536, CeTr: 0.26351118087768555, CeVa: 0.45059075951576233
ENSEMBLE | Tr_Acc: 0.9563000202178955, Tr_CE: 0.13765649497509003, Va_Acc: 0.921500027179718, Va_CE: 0.28627389669418335
Epoch: 16, AccTr: 0.9190999865531921, AccVa: 0.8759999871253967, CeTr: 0.26610204577445984, CeVa: 0.4748411774635315
Epoch: 17, AccTr: 0.9138000011444092, AccVa: 0.8845000267028809, CeTr: 0.2705853581428528, CeVa: 0.4739583134651184
Epoch: 18, AccTr: 0.9175999760627747, AccVa: 0.8765000104904175, CeTr: 0.2662596106529236, CeVa: 0.4952664375305176
Epoch: 19, AccTr: 0.9146000146865845, AccVa: 0.8784999847412109, CeTr: 0.2831777334213257, CeVa: 0.4732972979545593
Epoch: 20, AccTr: 0.916700005531311, AccVa: 0.8815000057220459, CeTr: 0.26928645372390747, CeVa: 0.44858604669570923
ENSEMBLE | Tr_Acc: 0.9606000185012817, Tr_CE: 0.12213730812072754, Va_Acc: 0.9300000071525574, Va_CE: 0.2621762454509735
Epoch: 21, AccTr: 0.9244999885559082, AccVa: 0.8790000081062317, CeTr: 0.24462644755840302, CeVa: 0.42986956238746643
Epoch: 22, AccTr: 0.9193999767303467, AccVa: 0.8834999799728394, CeTr: 0.2578103542327881, CeVa: 0.44509562849998474
Epoch: 23, AccTr: 0.9179999828338623, AccVa: 0.8964999914169312, CeTr: 0.26861822605133057, CeVa: 0.4200723469257355
Epoch: 24, AccTr: 0.9204000234603882, AccVa: 0.887499988079071, CeTr: 0.26145699620246887, CeVa: 0.4304431676864624
Epoch: 25, AccTr: 0.9199000000953674, AccVa: 0.8774999976158142, CeTr: 0.27117234468460083, CeVa: 0.4827920198440552
ENSEMBLE | Tr_Acc: 0.9638000130653381, Tr_CE: 0.11290913075208664, Va_Acc: 0.9304999709129333, Va_CE: 0.25555315613746643
Epoch: 26, AccTr: 0.9158999919891357, AccVa: 0.8849999904632568, CeTr: 0.2648467421531677, CeVa: 0.4232727587223053
Epoch: 27, AccTr: 0.9200000166893005, AccVa: 0.887499988079071, CeTr: 0.26404517889022827, CeVa: 0.4581887125968933
Epoch: 28, AccTr: 0.9165999889373779, AccVa: 0.8849999904632568, CeTr: 0.2668379843235016, CeVa: 0.46825146675109863
Epoch: 29, AccTr: 0.9230999946594238, AccVa: 0.8834999799728394, CeTr: 0.24995417892932892, CeVa: 0.46117857098579407
Epoch: 30, AccTr: 0.9186999797821045, AccVa: 0.8815000057220459, CeTr: 0.2649836540222168, CeVa: 0.45714831352233887
ENSEMBLE | Tr_Acc: 0.9652000069618225, Tr_CE: 0.10614655911922455, Va_Acc: 0.9315000176429749, Va_CE: 0.2433963119983673
Epoch: 31, AccTr: 0.917900025844574, AccVa: 0.8859999775886536, CeTr: 0.26212581992149353, CeVa: 0.46357035636901855
Epoch: 32, AccTr: 0.9157999753952026, AccVa: 0.8790000081062317, CeTr: 0.27024415135383606, CeVa: 0.45291438698768616
Epoch: 33, AccTr: 0.9185000061988831, AccVa: 0.8759999871253967, CeTr: 0.26048123836517334, CeVa: 0.4461855888366699
Epoch: 34, AccTr: 0.9126999974250793, AccVa: 0.8755000233650208, CeTr: 0.27453070878982544, CeVa: 0.46025195717811584
Epoch: 35, AccTr: 0.9168999791145325, AccVa: 0.8889999985694885, CeTr: 0.2773391902446747, CeVa: 0.4721905589103699
ENSEMBLE | Tr_Acc: 0.9659000039100647, Tr_CE: 0.10302570462226868, Va_Acc: 0.9319999814033508, Va_CE: 0.24241229891777039
Epoch: 36, AccTr: 0.9186999797821045, AccVa: 0.8809999823570251, CeTr: 0.27173054218292236, CeVa: 0.4466313123703003
Epoch: 37, AccTr: 0.9182000160217285, AccVa: 0.8880000114440918, CeTr: 0.2809061110019684, CeVa: 0.4233960807323456
Epoch: 38, AccTr: 0.9150999784469604, AccVa: 0.8805000185966492, CeTr: 0.2816421389579773, CeVa: 0.46743983030319214
Epoch: 39, AccTr: 0.9174000024795532, AccVa: 0.8774999976158142, CeTr: 0.26411446928977966, CeVa: 0.4729321300983429
Epoch: 40, AccTr: 0.9190999865531921, AccVa: 0.8899999856948853, CeTr: 0.2752112150192261, CeVa: 0.4365408718585968
ENSEMBLE | Tr_Acc: 0.9660999774932861, Tr_CE: 0.10022169351577759, Va_Acc: 0.9350000023841858, Va_CE: 0.23617587983608246
Epoch: 41, AccTr: 0.9140999913215637, AccVa: 0.890999972820282, CeTr: 0.27872002124786377, CeVa: 0.42426177859306335
Epoch: 42, AccTr: 0.9126999974250793, AccVa: 0.8774999976158142, CeTr: 0.28074750304222107, CeVa: 0.45569658279418945
Epoch: 43, AccTr: 0.9186000227928162, AccVa: 0.8834999799728394, CeTr: 0.26428645849227905, CeVa: 0.4123644530773163
Epoch: 44, AccTr: 0.9172999858856201, AccVa: 0.8845000267028809, CeTr: 0.2657206058502197, CeVa: 0.43127790093421936
Epoch: 45, AccTr: 0.9132000207901001, AccVa: 0.8870000243186951, CeTr: 0.27968937158584595, CeVa: 0.40520063042640686
ENSEMBLE | Tr_Acc: 0.9681000113487244, Tr_CE: 0.09718700498342514, Va_Acc: 0.9384999871253967, Va_CE: 0.22870033979415894
Epoch: 46, AccTr: 0.9160000085830688, AccVa: 0.8769999742507935, CeTr: 0.26320403814315796, CeVa: 0.4577338993549347
Epoch: 47, AccTr: 0.9164000153541565, AccVa: 0.890500009059906, CeTr: 0.2774810492992401, CeVa: 0.405513197183609
Epoch: 48, AccTr: 0.9178000092506409, AccVa: 0.8769999742507935, CeTr: 0.2700749635696411, CeVa: 0.47010406851768494
Epoch: 49, AccTr: 0.9138000011444092, AccVa: 0.878000020980835, CeTr: 0.2786031663417816, CeVa: 0.44869187474250793
Epoch: 50, AccTr: 0.9186000227928162, AccVa: 0.8840000033378601, CeTr: 0.27193519473075867, CeVa: 0.4428445100784302
ENSEMBLE | Tr_Acc: 0.9685999751091003, Tr_CE: 0.09507305920124054, Va_Acc: 0.9365000128746033, Va_CE: 0.2241603285074234
NN CONFIG
Weight-type:		ternary
Layout									Layer #1: 250	Layer #2: 220	
Activation Functions					Layer #1: ets	Layer #2: ets	
Keep probabilities		Layer #0: 1.0	Layer #1: 1.0	Layer #2: 1.0	
Flat factors							Layer #1: 1.0	Layer #2: 1.0	Layer #3: 1.0	
Activation Noise						Layer #1: 0.1	Layer #2: 0.1	Layer #3: 0.0	
Prior: 0.8

===================================

RUN CONFIG
Epochs: 50, Blocksize: 4

===================================

Input binarization: False
Epoch: 1, AccTr: 0.8978000283241272, AccVa: 0.8755000233650208, CeTr: 0.33711132407188416, CeVa: 0.43333935737609863
Epoch: 2, AccTr: 0.9090999960899353, AccVa: 0.8740000128746033, CeTr: 0.2948363423347473, CeVa: 0.4225102663040161
Epoch: 3, AccTr: 0.9099000096321106, AccVa: 0.8865000009536743, CeTr: 0.2908218204975128, CeVa: 0.41846832633018494
Epoch: 4, AccTr: 0.911899983882904, AccVa: 0.8784999847412109, CeTr: 0.27696654200553894, CeVa: 0.44150471687316895
Epoch: 5, AccTr: 0.911899983882904, AccVa: 0.8834999799728394, CeTr: 0.2747534215450287, CeVa: 0.44225412607192993
ENSEMBLE | Tr_Acc: 0.911899983882904, Tr_CE: 0.2747534215450287, Va_Acc: 0.8834999799728394, Va_CE: 0.44225412607192993
Epoch: 6, AccTr: 0.9121999740600586, AccVa: 0.862500011920929, CeTr: 0.2983470857143402, CeVa: 0.4971862733364105
Epoch: 7, AccTr: 0.913100004196167, AccVa: 0.8784999847412109, CeTr: 0.28079506754875183, CeVa: 0.4365459680557251
Epoch: 8, AccTr: 0.9168000221252441, AccVa: 0.8790000081062317, CeTr: 0.27461910247802734, CeVa: 0.39210963249206543
Epoch: 9, AccTr: 0.920199990272522, AccVa: 0.8949999809265137, CeTr: 0.26292160153388977, CeVa: 0.39202046394348145
Epoch: 10, AccTr: 0.916100025177002, AccVa: 0.8830000162124634, CeTr: 0.2721206247806549, CeVa: 0.43695855140686035
ENSEMBLE | Tr_Acc: 0.9478999972343445, Tr_CE: 0.16501928865909576, Va_Acc: 0.909500002861023, Va_CE: 0.3117292523384094
Epoch: 11, AccTr: 0.9150000214576721, AccVa: 0.8870000243186951, CeTr: 0.2768791615962982, CeVa: 0.4151352345943451
Epoch: 12, AccTr: 0.9168999791145325, AccVa: 0.887499988079071, CeTr: 0.26695388555526733, CeVa: 0.44004568457603455
Epoch: 13, AccTr: 0.9182999730110168, AccVa: 0.8765000104904175, CeTr: 0.2644937038421631, CeVa: 0.44089362025260925
Epoch: 14, AccTr: 0.9168000221252441, AccVa: 0.8765000104904175, CeTr: 0.2670723497867584, CeVa: 0.451617032289505
Epoch: 15, AccTr: 0.9146000146865845, AccVa: 0.8845000267028809, CeTr: 0.2679159641265869, CeVa: 0.4334908425807953
ENSEMBLE | Tr_Acc: 0.9581000208854675, Tr_CE: 0.13426093757152557, Va_Acc: 0.9194999933242798, Va_CE: 0.2708076238632202
Epoch: 16, AccTr: 0.916700005531311, AccVa: 0.8995000123977661, CeTr: 0.2679961025714874, CeVa: 0.4063974618911743
Epoch: 17, AccTr: 0.9136999845504761, AccVa: 0.8834999799728394, CeTr: 0.2735041081905365, CeVa: 0.4262634813785553
Epoch: 18, AccTr: 0.9187999963760376, AccVa: 0.8859999775886536, CeTr: 0.2651371955871582, CeVa: 0.4106168746948242
Epoch: 19, AccTr: 0.9171000123023987, AccVa: 0.878000020980835, CeTr: 0.2672796845436096, CeVa: 0.43090856075286865
Epoch: 20, AccTr: 0.916100025177002, AccVa: 0.8884999752044678, CeTr: 0.26205548644065857, CeVa: 0.4003603756427765
ENSEMBLE | Tr_Acc: 0.9606000185012817, Tr_CE: 0.1219136118888855, Va_Acc: 0.9244999885559082, Va_CE: 0.2496858686208725
Epoch: 21, AccTr: 0.9179999828338623, AccVa: 0.8774999976158142, CeTr: 0.2593778669834137, CeVa: 0.41113364696502686
Epoch: 22, AccTr: 0.9179999828338623, AccVa: 0.8805000185966492, CeTr: 0.2581396996974945, CeVa: 0.41677725315093994
Epoch: 23, AccTr: 0.9197999835014343, AccVa: 0.8855000138282776, CeTr: 0.25725674629211426, CeVa: 0.418357253074646
Epoch: 24, AccTr: 0.9157000184059143, AccVa: 0.8809999823570251, CeTr: 0.257594496011734, CeVa: 0.4206480085849762
Epoch: 25, AccTr: 0.9182000160217285, AccVa: 0.8859999775886536, CeTr: 0.26550164818763733, CeVa: 0.3937329649925232
ENSEMBLE | Tr_Acc: 0.9634000062942505, Tr_CE: 0.11398529261350632, Va_Acc: 0.9304999709129333, Va_CE: 0.23316852748394012
Epoch: 26, AccTr: 0.9144999980926514, AccVa: 0.8939999938011169, CeTr: 0.2719295918941498, CeVa: 0.37796637415885925
Epoch: 27, AccTr: 0.9164999723434448, AccVa: 0.887499988079071, CeTr: 0.266556978225708, CeVa: 0.4338679909706116
Epoch: 28, AccTr: 0.9138000011444092, AccVa: 0.8845000267028809, CeTr: 0.2719930410385132, CeVa: 0.4417719542980194
Epoch: 29, AccTr: 0.9171000123023987, AccVa: 0.8834999799728394, CeTr: 0.2638118267059326, CeVa: 0.4164988100528717
Epoch: 30, AccTr: 0.9150999784469604, AccVa: 0.8769999742507935, CeTr: 0.27227869629859924, CeVa: 0.4452720880508423
ENSEMBLE | Tr_Acc: 0.9642000198364258, Tr_CE: 0.10873512178659439, Va_Acc: 0.9340000152587891, Va_CE: 0.2293916642665863
Epoch: 31, AccTr: 0.9158999919891357, AccVa: 0.878000020980835, CeTr: 0.26979365944862366, CeVa: 0.42772015929222107
Epoch: 32, AccTr: 0.916700005531311, AccVa: 0.8734999895095825, CeTr: 0.26621806621551514, CeVa: 0.4517306685447693
Epoch: 33, AccTr: 0.9197999835014343, AccVa: 0.8794999718666077, CeTr: 0.26902493834495544, CeVa: 0.45907896757125854
Epoch: 34, AccTr: 0.9164000153541565, AccVa: 0.8895000219345093, CeTr: 0.27293217182159424, CeVa: 0.38730794191360474
Epoch: 35, AccTr: 0.9193999767303467, AccVa: 0.8805000185966492, CeTr: 0.2622954249382019, CeVa: 0.44028469920158386
ENSEMBLE | Tr_Acc: 0.9652000069618225, Tr_CE: 0.10559992492198944, Va_Acc: 0.9384999871253967, Va_CE: 0.22497546672821045
Epoch: 36, AccTr: 0.9185000061988831, AccVa: 0.8790000081062317, CeTr: 0.2680325508117676, CeVa: 0.44325411319732666
Epoch: 37, AccTr: 0.9146000146865845, AccVa: 0.8740000128746033, CeTr: 0.27929580211639404, CeVa: 0.44835740327835083
Epoch: 38, AccTr: 0.9200999736785889, AccVa: 0.887499988079071, CeTr: 0.261123389005661, CeVa: 0.44771185517311096
Epoch: 39, AccTr: 0.9169999957084656, AccVa: 0.887499988079071, CeTr: 0.2722017467021942, CeVa: 0.4348073899745941
Epoch: 40, AccTr: 0.921999990940094, AccVa: 0.8880000114440918, CeTr: 0.25262969732284546, CeVa: 0.45623883605003357
ENSEMBLE | Tr_Acc: 0.9672999978065491, Tr_CE: 0.1014038547873497, Va_Acc: 0.9384999871253967, Va_CE: 0.22590439021587372
Epoch: 41, AccTr: 0.9193000197410583, AccVa: 0.8889999985694885, CeTr: 0.25452837347984314, CeVa: 0.4246678352355957
Epoch: 42, AccTr: 0.9182000160217285, AccVa: 0.8884999752044678, CeTr: 0.25927871465682983, CeVa: 0.40433812141418457
Epoch: 43, AccTr: 0.9208999872207642, AccVa: 0.8924999833106995, CeTr: 0.25793206691741943, CeVa: 0.4165026545524597
Epoch: 44, AccTr: 0.9204999804496765, AccVa: 0.8830000162124634, CeTr: 0.2623967230319977, CeVa: 0.438251793384552
Epoch: 45, AccTr: 0.9178000092506409, AccVa: 0.8769999742507935, CeTr: 0.2612687945365906, CeVa: 0.4373069405555725
ENSEMBLE | Tr_Acc: 0.9678999781608582, Tr_CE: 0.09934110939502716, Va_Acc: 0.9384999871253967, Va_CE: 0.22296839952468872
Epoch: 46, AccTr: 0.9136999845504761, AccVa: 0.878000020980835, CeTr: 0.2766988277435303, CeVa: 0.4592288136482239
Epoch: 47, AccTr: 0.9133999943733215, AccVa: 0.8794999718666077, CeTr: 0.2703647017478943, CeVa: 0.4529162347316742
Epoch: 48, AccTr: 0.9176999926567078, AccVa: 0.8784999847412109, CeTr: 0.27000856399536133, CeVa: 0.4308626055717468
Epoch: 49, AccTr: 0.9158999919891357, AccVa: 0.8799999952316284, CeTr: 0.269635409116745, CeVa: 0.4522368311882019
Epoch: 50, AccTr: 0.9158999919891357, AccVa: 0.8830000162124634, CeTr: 0.26220786571502686, CeVa: 0.4293750524520874
ENSEMBLE | Tr_Acc: 0.9682999849319458, Tr_CE: 0.09710585325956345, Va_Acc: 0.9399999976158142, Va_CE: 0.2198578417301178
NN CONFIG
Weight-type:		ternary
Layout									Layer #1: 250	Layer #2: 220	
Activation Functions					Layer #1: ets	Layer #2: ets	
Keep probabilities		Layer #0: 1.0	Layer #1: 1.0	Layer #2: 1.0	
Flat factors							Layer #1: 1.0	Layer #2: 1.0	Layer #3: 1.0	
Activation Noise						Layer #1: 0.1	Layer #2: 0.1	Layer #3: 0.0	
Prior: 0.8

===================================

RUN CONFIG
Epochs: 50, Blocksize: 4

===================================

Input binarization: False
Epoch: 1, AccTr: 0.9108999967575073, AccVa: 0.8859999775886536, CeTr: 0.31297481060028076, CeVa: 0.4702516198158264
Epoch: 2, AccTr: 0.9121999740600586, AccVa: 0.8834999799728394, CeTr: 0.3049278259277344, CeVa: 0.4935901165008545
Epoch: 3, AccTr: 0.9118000268936157, AccVa: 0.8690000176429749, CeTr: 0.30245107412338257, CeVa: 0.5706452131271362
Epoch: 4, AccTr: 0.9168999791145325, AccVa: 0.8870000243186951, CeTr: 0.2885492146015167, CeVa: 0.46027901768684387
Epoch: 5, AccTr: 0.9172999858856201, AccVa: 0.8920000195503235, CeTr: 0.29487374424934387, CeVa: 0.48081496357917786
ENSEMBLE | Tr_Acc: 0.9172999858856201, Tr_CE: 0.29487374424934387, Va_Acc: 0.8920000195503235, Va_CE: 0.48081496357917786
Epoch: 6, AccTr: 0.9172999858856201, AccVa: 0.8744999766349792, CeTr: 0.29310938715934753, CeVa: 0.5206962823867798
Epoch: 7, AccTr: 0.9157000184059143, AccVa: 0.8849999904632568, CeTr: 0.2971339225769043, CeVa: 0.4701385796070099
Epoch: 8, AccTr: 0.9151999950408936, AccVa: 0.8859999775886536, CeTr: 0.2995368540287018, CeVa: 0.46127766370773315
Epoch: 9, AccTr: 0.9144999980926514, AccVa: 0.8744999766349792, CeTr: 0.2920919358730316, CeVa: 0.49589961767196655
Epoch: 10, AccTr: 0.917900025844574, AccVa: 0.8809999823570251, CeTr: 0.271182656288147, CeVa: 0.4868601858615875
ENSEMBLE | Tr_Acc: 0.9488000273704529, Tr_CE: 0.16592338681221008, Va_Acc: 0.9179999828338623, Va_CE: 0.3339947462081909
Epoch: 11, AccTr: 0.9172000288963318, AccVa: 0.8845000267028809, CeTr: 0.28408005833625793, CeVa: 0.4697560667991638
Epoch: 12, AccTr: 0.9182000160217285, AccVa: 0.8834999799728394, CeTr: 0.2820969521999359, CeVa: 0.47306832671165466
Epoch: 13, AccTr: 0.9128999710083008, AccVa: 0.8899999856948853, CeTr: 0.29070037603378296, CeVa: 0.44721975922584534
Epoch: 14, AccTr: 0.9186999797821045, AccVa: 0.8899999856948853, CeTr: 0.27604228258132935, CeVa: 0.4599635899066925
Epoch: 15, AccTr: 0.916700005531311, AccVa: 0.8815000057220459, CeTr: 0.28042447566986084, CeVa: 0.5051574110984802
ENSEMBLE | Tr_Acc: 0.9581999778747559, Tr_CE: 0.13376209139823914, Va_Acc: 0.9240000247955322, Va_CE: 0.30057424306869507
Epoch: 16, AccTr: 0.9175000190734863, AccVa: 0.8855000138282776, CeTr: 0.2845018208026886, CeVa: 0.47353559732437134
Epoch: 17, AccTr: 0.9168999791145325, AccVa: 0.890500009059906, CeTr: 0.2696954607963562, CeVa: 0.48073291778564453
Epoch: 18, AccTr: 0.9157999753952026, AccVa: 0.8849999904632568, CeTr: 0.2833625376224518, CeVa: 0.46761611104011536
Epoch: 19, AccTr: 0.9180999994277954, AccVa: 0.8809999823570251, CeTr: 0.28736546635627747, CeVa: 0.490879625082016
Epoch: 20, AccTr: 0.9199000000953674, AccVa: 0.8849999904632568, CeTr: 0.2746201157569885, CeVa: 0.4608749747276306
ENSEMBLE | Tr_Acc: 0.9623000025749207, Tr_CE: 0.11869050562381744, Va_Acc: 0.9300000071525574, Va_CE: 0.27059802412986755
Epoch: 21, AccTr: 0.920199990272522, AccVa: 0.8809999823570251, CeTr: 0.2759047746658325, CeVa: 0.4916378855705261
Epoch: 22, AccTr: 0.9200999736785889, AccVa: 0.8740000128746033, CeTr: 0.26715248823165894, CeVa: 0.5320436954498291
Epoch: 23, AccTr: 0.9214000105857849, AccVa: 0.8939999938011169, CeTr: 0.27242565155029297, CeVa: 0.47922617197036743
Epoch: 24, AccTr: 0.9189000129699707, AccVa: 0.8824999928474426, CeTr: 0.27297115325927734, CeVa: 0.4651600420475006
Epoch: 25, AccTr: 0.9207000136375427, AccVa: 0.8880000114440918, CeTr: 0.27501213550567627, CeVa: 0.44813162088394165
ENSEMBLE | Tr_Acc: 0.9642000198364258, Tr_CE: 0.10955911874771118, Va_Acc: 0.934499979019165, Va_CE: 0.25288525223731995
Epoch: 26, AccTr: 0.9154999852180481, AccVa: 0.8870000243186951, CeTr: 0.28135359287261963, CeVa: 0.45617517828941345
Epoch: 27, AccTr: 0.920799970626831, AccVa: 0.8945000171661377, CeTr: 0.26466894149780273, CeVa: 0.46057018637657166
Epoch: 28, AccTr: 0.9172999858856201, AccVa: 0.8755000233650208, CeTr: 0.2764711081981659, CeVa: 0.5050563216209412
Epoch: 29, AccTr: 0.9179999828338623, AccVa: 0.890500009059906, CeTr: 0.2737959027290344, CeVa: 0.48687493801116943
Epoch: 30, AccTr: 0.9142000079154968, AccVa: 0.8820000290870667, CeTr: 0.2795528769493103, CeVa: 0.49832120537757874
ENSEMBLE | Tr_Acc: 0.9656999707221985, Tr_CE: 0.1037939190864563, Va_Acc: 0.934499979019165, Va_CE: 0.2503708302974701
Epoch: 31, AccTr: 0.9239000082015991, AccVa: 0.8784999847412109, CeTr: 0.25782883167266846, CeVa: 0.4543227553367615
Epoch: 32, AccTr: 0.9215999841690063, AccVa: 0.8899999856948853, CeTr: 0.26002511382102966, CeVa: 0.466880202293396
Epoch: 33, AccTr: 0.9178000092506409, AccVa: 0.887499988079071, CeTr: 0.28472626209259033, CeVa: 0.45507028698921204
Epoch: 34, AccTr: 0.9139999747276306, AccVa: 0.8769999742507935, CeTr: 0.2854427099227905, CeVa: 0.5057323575019836
Epoch: 35, AccTr: 0.9168000221252441, AccVa: 0.8989999890327454, CeTr: 0.27010250091552734, CeVa: 0.4440605342388153
ENSEMBLE | Tr_Acc: 0.9678999781608582, Tr_CE: 0.09751401841640472, Va_Acc: 0.9359999895095825, Va_CE: 0.24004197120666504
Epoch: 36, AccTr: 0.9199000000953674, AccVa: 0.8794999718666077, CeTr: 0.2792474627494812, CeVa: 0.4766440987586975
Epoch: 37, AccTr: 0.9212999939918518, AccVa: 0.8799999952316284, CeTr: 0.2734130918979645, CeVa: 0.4564377963542938
Epoch: 38, AccTr: 0.9197999835014343, AccVa: 0.8790000081062317, CeTr: 0.26251664757728577, CeVa: 0.4931786358356476
Epoch: 39, AccTr: 0.9190000295639038, AccVa: 0.8820000290870667, CeTr: 0.28118592500686646, CeVa: 0.48515191674232483
Epoch: 40, AccTr: 0.9154000282287598, AccVa: 0.8845000267028809, CeTr: 0.2764478027820587, CeVa: 0.4854345917701721
ENSEMBLE | Tr_Acc: 0.9692000150680542, Tr_CE: 0.09279311448335648, Va_Acc: 0.9384999871253967, Va_CE: 0.23569433391094208
Epoch: 41, AccTr: 0.91839998960495, AccVa: 0.8849999904632568, CeTr: 0.27875345945358276, CeVa: 0.46343758702278137
Epoch: 42, AccTr: 0.9150999784469604, AccVa: 0.8820000290870667, CeTr: 0.2901758849620819, CeVa: 0.5127749443054199
Epoch: 43, AccTr: 0.9136000275611877, AccVa: 0.8774999976158142, CeTr: 0.2733526825904846, CeVa: 0.5406441688537598
Epoch: 44, AccTr: 0.9168999791145325, AccVa: 0.8855000138282776, CeTr: 0.2771227955818176, CeVa: 0.49651584029197693
Epoch: 45, AccTr: 0.9182000160217285, AccVa: 0.887499988079071, CeTr: 0.27415552735328674, CeVa: 0.5158531665802002
ENSEMBLE | Tr_Acc: 0.9693999886512756, Tr_CE: 0.09016567468643188, Va_Acc: 0.9399999976158142, Va_CE: 0.2375672608613968
Epoch: 46, AccTr: 0.9186999797821045, AccVa: 0.8880000114440918, CeTr: 0.2798381745815277, CeVa: 0.5001826882362366
Epoch: 47, AccTr: 0.9169999957084656, AccVa: 0.8849999904632568, CeTr: 0.2776576280593872, CeVa: 0.4828474223613739
Epoch: 48, AccTr: 0.9218000173568726, AccVa: 0.8865000009536743, CeTr: 0.2703843116760254, CeVa: 0.46850457787513733
Epoch: 49, AccTr: 0.9172999858856201, AccVa: 0.8784999847412109, CeTr: 0.27293166518211365, CeVa: 0.5346956849098206
Epoch: 50, AccTr: 0.9211999773979187, AccVa: 0.8889999985694885, CeTr: 0.27134615182876587, CeVa: 0.47455281019210815
ENSEMBLE | Tr_Acc: 0.9703999757766724, Tr_CE: 0.08817348629236221, Va_Acc: 0.9399999976158142, Va_CE: 0.234511598944664
Mod Accuracy || Mean: 0.8851250410079956	 Std: 0.0023014876060187817
Ens Accuracy || Mean: 0.9397500157356262	 Std: 0.002135994378477335
Mod CE || Mean: 0.4476110339164734	 Std: 0.016557833179831505
Ens CE || Mean: 0.2241070568561554	 Std: 0.006419881246984005
