NN CONFIG
Weight-type:		ternary
Layout									Layer #1: 250	Layer #2: 220	
Activation Functions					Layer #1: ets	Layer #2: ets	
Keep probabilities		Layer #0: 1.0	Layer #1: 1.0	Layer #2: 1.0	
Flat factors							Layer #1: 1.0	Layer #2: 1.0	Layer #3: 1.0	
Activation Noise						Layer #1: 0.1	Layer #2: 0.1	Layer #3: 0.0	
Prior: 0.8

===================================

RUN CONFIG
Epochs: 50, Blocksize: 4

===================================

Input binarization: False
Epoch: 1, AccTr: 0.921999990940094, AccVa: 0.8880000114440918, CeTr: 0.2682790160179138, CeVa: 0.42770329117774963
Epoch: 2, AccTr: 0.9247999787330627, AccVa: 0.8870000243186951, CeTr: 0.25221651792526245, CeVa: 0.48364171385765076
Epoch: 3, AccTr: 0.921999990940094, AccVa: 0.8924999833106995, CeTr: 0.2478051334619522, CeVa: 0.46522805094718933
Epoch: 4, AccTr: 0.9284999966621399, AccVa: 0.8865000009536743, CeTr: 0.23182177543640137, CeVa: 0.47335028648376465
Epoch: 5, AccTr: 0.9246000051498413, AccVa: 0.8859999775886536, CeTr: 0.2335481494665146, CeVa: 0.46340158581733704
ENSEMBLE | Tr_Acc: 0.9246000051498413, Tr_CE: 0.2335481494665146, Va_Acc: 0.8859999775886536, Va_CE: 0.46340158581733704
Epoch: 6, AccTr: 0.9272000193595886, AccVa: 0.890500009059906, CeTr: 0.2294228971004486, CeVa: 0.45189428329467773
Epoch: 7, AccTr: 0.9261999726295471, AccVa: 0.8805000185966492, CeTr: 0.22890761494636536, CeVa: 0.4616425633430481
Epoch: 8, AccTr: 0.9269999861717224, AccVa: 0.8684999942779541, CeTr: 0.22582939267158508, CeVa: 0.4915812313556671
Epoch: 9, AccTr: 0.9273999929428101, AccVa: 0.8734999895095825, CeTr: 0.22750315070152283, CeVa: 0.47185444831848145
Epoch: 10, AccTr: 0.929099977016449, AccVa: 0.8899999856948853, CeTr: 0.22553622722625732, CeVa: 0.4635646641254425
ENSEMBLE | Tr_Acc: 0.9575999975204468, Tr_CE: 0.1322971135377884, Va_Acc: 0.9114999771118164, Va_CE: 0.3273599147796631
Epoch: 11, AccTr: 0.9253000020980835, AccVa: 0.890500009059906, CeTr: 0.2293303906917572, CeVa: 0.4135506749153137
Epoch: 12, AccTr: 0.9312999844551086, AccVa: 0.8820000290870667, CeTr: 0.21093963086605072, CeVa: 0.46337610483169556
Epoch: 13, AccTr: 0.9275000095367432, AccVa: 0.8855000138282776, CeTr: 0.22526884078979492, CeVa: 0.42612820863723755
Epoch: 14, AccTr: 0.9291999936103821, AccVa: 0.875, CeTr: 0.22545532882213593, CeVa: 0.499122679233551
Epoch: 15, AccTr: 0.9287999868392944, AccVa: 0.890500009059906, CeTr: 0.22272761166095734, CeVa: 0.4691120982170105
ENSEMBLE | Tr_Acc: 0.96670001745224, Tr_CE: 0.10171297192573547, Va_Acc: 0.9240000247955322, Va_CE: 0.28716757893562317
Epoch: 16, AccTr: 0.930400013923645, AccVa: 0.8845000267028809, CeTr: 0.21218276023864746, CeVa: 0.4687727391719818
Epoch: 17, AccTr: 0.9264000058174133, AccVa: 0.878000020980835, CeTr: 0.22273851931095123, CeVa: 0.479567289352417
Epoch: 18, AccTr: 0.9276000261306763, AccVa: 0.8799999952316284, CeTr: 0.2280731499195099, CeVa: 0.46986129879951477
Epoch: 19, AccTr: 0.9298999905586243, AccVa: 0.8815000057220459, CeTr: 0.22009892761707306, CeVa: 0.4530167281627655
Epoch: 20, AccTr: 0.9264000058174133, AccVa: 0.8889999985694885, CeTr: 0.23044197261333466, CeVa: 0.4174913465976715
ENSEMBLE | Tr_Acc: 0.9703999757766724, Tr_CE: 0.09192276746034622, Va_Acc: 0.9290000200271606, Va_CE: 0.2600138783454895
Epoch: 21, AccTr: 0.9287999868392944, AccVa: 0.890999972820282, CeTr: 0.22568029165267944, CeVa: 0.4420717656612396
Epoch: 22, AccTr: 0.9280999898910522, AccVa: 0.8794999718666077, CeTr: 0.2238430678844452, CeVa: 0.4865521192550659
Epoch: 23, AccTr: 0.9261999726295471, AccVa: 0.8895000219345093, CeTr: 0.22830073535442352, CeVa: 0.43428412079811096
Epoch: 24, AccTr: 0.9277999997138977, AccVa: 0.890500009059906, CeTr: 0.22474296391010284, CeVa: 0.44463232159614563
Epoch: 25, AccTr: 0.9289000034332275, AccVa: 0.8830000162124634, CeTr: 0.22166655957698822, CeVa: 0.4192987084388733
ENSEMBLE | Tr_Acc: 0.9714000225067139, Tr_CE: 0.08412676304578781, Va_Acc: 0.9330000281333923, Va_CE: 0.24329373240470886
Epoch: 26, AccTr: 0.9265000224113464, AccVa: 0.8895000219345093, CeTr: 0.22518271207809448, CeVa: 0.4371601939201355
Epoch: 27, AccTr: 0.9348999857902527, AccVa: 0.890999972820282, CeTr: 0.20686940848827362, CeVa: 0.4353410005569458
Epoch: 28, AccTr: 0.9261000156402588, AccVa: 0.8884999752044678, CeTr: 0.22504977881908417, CeVa: 0.43934792280197144
Epoch: 29, AccTr: 0.9289000034332275, AccVa: 0.8805000185966492, CeTr: 0.23063109815120697, CeVa: 0.4978621304035187
Epoch: 30, AccTr: 0.9232000112533569, AccVa: 0.8809999823570251, CeTr: 0.2358952909708023, CeVa: 0.4760986268520355
ENSEMBLE | Tr_Acc: 0.9728999733924866, Tr_CE: 0.07956420630216599, Va_Acc: 0.9350000023841858, Va_CE: 0.23894430696964264
Epoch: 31, AccTr: 0.9254999756813049, AccVa: 0.8765000104904175, CeTr: 0.23970967531204224, CeVa: 0.47639790177345276
Epoch: 32, AccTr: 0.9286999702453613, AccVa: 0.8809999823570251, CeTr: 0.22270937263965607, CeVa: 0.4393159747123718
Epoch: 33, AccTr: 0.9218000173568726, AccVa: 0.8899999856948853, CeTr: 0.23821167647838593, CeVa: 0.44582033157348633
Epoch: 34, AccTr: 0.925599992275238, AccVa: 0.8734999895095825, CeTr: 0.2282029539346695, CeVa: 0.5176656246185303
Epoch: 35, AccTr: 0.9251000285148621, AccVa: 0.8815000057220459, CeTr: 0.22902360558509827, CeVa: 0.4722196161746979
ENSEMBLE | Tr_Acc: 0.9739000201225281, Tr_CE: 0.07601984590291977, Va_Acc: 0.9334999918937683, Va_CE: 0.23693270981311798
Epoch: 36, AccTr: 0.927299976348877, AccVa: 0.8834999799728394, CeTr: 0.22839891910552979, CeVa: 0.4545714855194092
Epoch: 37, AccTr: 0.926800012588501, AccVa: 0.8865000009536743, CeTr: 0.2277931123971939, CeVa: 0.4385235905647278
Epoch: 38, AccTr: 0.9298999905586243, AccVa: 0.8805000185966492, CeTr: 0.22464194893836975, CeVa: 0.48608580231666565
Epoch: 39, AccTr: 0.9279000163078308, AccVa: 0.8769999742507935, CeTr: 0.21851728856563568, CeVa: 0.4628696143627167
Epoch: 40, AccTr: 0.9276000261306763, AccVa: 0.887499988079071, CeTr: 0.22155678272247314, CeVa: 0.4389219284057617
ENSEMBLE | Tr_Acc: 0.9753999710083008, Tr_CE: 0.07314667105674744, Va_Acc: 0.9390000104904175, Va_CE: 0.23035116493701935
Epoch: 41, AccTr: 0.9279999732971191, AccVa: 0.8769999742507935, CeTr: 0.22068369388580322, CeVa: 0.5091342329978943
Epoch: 42, AccTr: 0.9225000143051147, AccVa: 0.8830000162124634, CeTr: 0.23302072286605835, CeVa: 0.4561583995819092
Epoch: 43, AccTr: 0.9269999861717224, AccVa: 0.8769999742507935, CeTr: 0.22926996648311615, CeVa: 0.49578869342803955
Epoch: 44, AccTr: 0.9247999787330627, AccVa: 0.8834999799728394, CeTr: 0.22912153601646423, CeVa: 0.4602930247783661
Epoch: 45, AccTr: 0.9254000186920166, AccVa: 0.878000020980835, CeTr: 0.22809793055057526, CeVa: 0.48702722787857056
ENSEMBLE | Tr_Acc: 0.9763000011444092, Tr_CE: 0.07098665088415146, Va_Acc: 0.9394999742507935, Va_CE: 0.22954674065113068
Epoch: 46, AccTr: 0.9305999875068665, AccVa: 0.871999979019165, CeTr: 0.21731770038604736, CeVa: 0.49703115224838257
Epoch: 47, AccTr: 0.927299976348877, AccVa: 0.8809999823570251, CeTr: 0.2293616682291031, CeVa: 0.4658997058868408
Epoch: 48, AccTr: 0.9229999780654907, AccVa: 0.8784999847412109, CeTr: 0.23819279670715332, CeVa: 0.4874330163002014
Epoch: 49, AccTr: 0.9294000267982483, AccVa: 0.887499988079071, CeTr: 0.2246180921792984, CeVa: 0.44647493958473206
Epoch: 50, AccTr: 0.9300000071525574, AccVa: 0.8774999976158142, CeTr: 0.21667063236236572, CeVa: 0.49403125047683716
ENSEMBLE | Tr_Acc: 0.9776999950408936, Tr_CE: 0.06883842498064041, Va_Acc: 0.9390000104904175, Va_CE: 0.22938606142997742
NN CONFIG
Weight-type:		ternary
Layout									Layer #1: 250	Layer #2: 220	
Activation Functions					Layer #1: ets	Layer #2: ets	
Keep probabilities		Layer #0: 1.0	Layer #1: 1.0	Layer #2: 1.0	
Flat factors							Layer #1: 1.0	Layer #2: 1.0	Layer #3: 1.0	
Activation Noise						Layer #1: 0.1	Layer #2: 0.1	Layer #3: 0.0	
Prior: 0.8

===================================

RUN CONFIG
Epochs: 50, Blocksize: 4

===================================

Input binarization: False
Epoch: 1, AccTr: 0.9218999743461609, AccVa: 0.8974999785423279, CeTr: 0.24826715886592865, CeVa: 0.38790419697761536
Epoch: 2, AccTr: 0.9236000180244446, AccVa: 0.8849999904632568, CeTr: 0.2579158544540405, CeVa: 0.44428789615631104
Epoch: 3, AccTr: 0.9282000064849854, AccVa: 0.8855000138282776, CeTr: 0.23876483738422394, CeVa: 0.42976850271224976
Epoch: 4, AccTr: 0.9265999794006348, AccVa: 0.878000020980835, CeTr: 0.23641707003116608, CeVa: 0.4704206585884094
Epoch: 5, AccTr: 0.9225999712944031, AccVa: 0.8784999847412109, CeTr: 0.2334846407175064, CeVa: 0.4754175543785095
ENSEMBLE | Tr_Acc: 0.9225999712944031, Tr_CE: 0.2334846407175064, Va_Acc: 0.8784999847412109, Va_CE: 0.4754175543785095
Epoch: 6, AccTr: 0.9293000102043152, AccVa: 0.890500009059906, CeTr: 0.22363774478435516, CeVa: 0.44751253724098206
Epoch: 7, AccTr: 0.9271000027656555, AccVa: 0.8805000185966492, CeTr: 0.2274085432291031, CeVa: 0.47934070229530334
Epoch: 8, AccTr: 0.9283000230789185, AccVa: 0.8939999938011169, CeTr: 0.22451181709766388, CeVa: 0.44503068923950195
Epoch: 9, AccTr: 0.925599992275238, AccVa: 0.8974999785423279, CeTr: 0.22361211478710175, CeVa: 0.4026263356208801
Epoch: 10, AccTr: 0.9222999811172485, AccVa: 0.8799999952316284, CeTr: 0.2426752895116806, CeVa: 0.4895925521850586
ENSEMBLE | Tr_Acc: 0.9526000022888184, Tr_CE: 0.1405114084482193, Va_Acc: 0.9125000238418579, Va_CE: 0.3484162986278534
Epoch: 11, AccTr: 0.9230999946594238, AccVa: 0.8934999704360962, CeTr: 0.24387533962726593, CeVa: 0.43646547198295593
Epoch: 12, AccTr: 0.9296000003814697, AccVa: 0.8849999904632568, CeTr: 0.2197604477405548, CeVa: 0.4581845998764038
Epoch: 13, AccTr: 0.9243000149726868, AccVa: 0.8834999799728394, CeTr: 0.23388613760471344, CeVa: 0.44053104519844055
Epoch: 14, AccTr: 0.9240000247955322, AccVa: 0.8955000042915344, CeTr: 0.236586332321167, CeVa: 0.4140228033065796
Epoch: 15, AccTr: 0.9279000163078308, AccVa: 0.8930000066757202, CeTr: 0.23310378193855286, CeVa: 0.41802650690078735
ENSEMBLE | Tr_Acc: 0.9645000100135803, Tr_CE: 0.11253044754266739, Va_Acc: 0.9265000224113464, Va_CE: 0.2876582741737366
Epoch: 16, AccTr: 0.9261999726295471, AccVa: 0.8834999799728394, CeTr: 0.21874740719795227, CeVa: 0.4638090431690216
Epoch: 17, AccTr: 0.9283000230789185, AccVa: 0.8845000267028809, CeTr: 0.2269718199968338, CeVa: 0.47651031613349915
Epoch: 18, AccTr: 0.9223999977111816, AccVa: 0.8815000057220459, CeTr: 0.23302705585956573, CeVa: 0.4181053340435028
Epoch: 19, AccTr: 0.9247000217437744, AccVa: 0.8855000138282776, CeTr: 0.23447057604789734, CeVa: 0.4651355445384979
Epoch: 20, AccTr: 0.9290000200271606, AccVa: 0.8824999928474426, CeTr: 0.2181573212146759, CeVa: 0.47727787494659424
ENSEMBLE | Tr_Acc: 0.968500018119812, Tr_CE: 0.0974198505282402, Va_Acc: 0.9294999837875366, Va_CE: 0.27255508303642273
Epoch: 21, AccTr: 0.9240999817848206, AccVa: 0.8759999871253967, CeTr: 0.23108135163784027, CeVa: 0.4628519117832184
Epoch: 22, AccTr: 0.9276000261306763, AccVa: 0.8774999976158142, CeTr: 0.22316159307956696, CeVa: 0.41767987608909607
Epoch: 23, AccTr: 0.9326000213623047, AccVa: 0.8769999742507935, CeTr: 0.2169867604970932, CeVa: 0.4653867781162262
Epoch: 24, AccTr: 0.926800012588501, AccVa: 0.8765000104904175, CeTr: 0.21934370696544647, CeVa: 0.45615506172180176
Epoch: 25, AccTr: 0.9291999936103821, AccVa: 0.8870000243186951, CeTr: 0.21568726003170013, CeVa: 0.45516321063041687
ENSEMBLE | Tr_Acc: 0.9718999862670898, Tr_CE: 0.08705748617649078, Va_Acc: 0.9325000047683716, Va_CE: 0.2605201005935669
Epoch: 26, AccTr: 0.929099977016449, AccVa: 0.8855000138282776, CeTr: 0.21282275021076202, CeVa: 0.4627540409564972
Epoch: 27, AccTr: 0.9297000169754028, AccVa: 0.8859999775886536, CeTr: 0.21620246767997742, CeVa: 0.4306800365447998
Epoch: 28, AccTr: 0.9283000230789185, AccVa: 0.8884999752044678, CeTr: 0.21926599740982056, CeVa: 0.4371008276939392
Epoch: 29, AccTr: 0.9283000230789185, AccVa: 0.8859999775886536, CeTr: 0.2162950485944748, CeVa: 0.46067482233047485
Epoch: 30, AccTr: 0.9283000230789185, AccVa: 0.8855000138282776, CeTr: 0.2277953177690506, CeVa: 0.4566015899181366
ENSEMBLE | Tr_Acc: 0.9728999733924866, Tr_CE: 0.08327151089906693, Va_Acc: 0.9340000152587891, Va_CE: 0.25179049372673035
Epoch: 31, AccTr: 0.9286999702453613, AccVa: 0.8765000104904175, CeTr: 0.22416003048419952, CeVa: 0.45077216625213623
Epoch: 32, AccTr: 0.926800012588501, AccVa: 0.8849999904632568, CeTr: 0.22691528499126434, CeVa: 0.42388105392456055
Epoch: 33, AccTr: 0.9297999739646912, AccVa: 0.8884999752044678, CeTr: 0.22479745745658875, CeVa: 0.4397159218788147
Epoch: 34, AccTr: 0.9283000230789185, AccVa: 0.8815000057220459, CeTr: 0.2268255650997162, CeVa: 0.4441832900047302
Epoch: 35, AccTr: 0.9294000267982483, AccVa: 0.8784999847412109, CeTr: 0.21752257645130157, CeVa: 0.4564656913280487
ENSEMBLE | Tr_Acc: 0.9745000004768372, Tr_CE: 0.0784849151968956, Va_Acc: 0.9359999895095825, Va_CE: 0.24358730018138885
Epoch: 36, AccTr: 0.9251999855041504, AccVa: 0.8865000009536743, CeTr: 0.23110438883304596, CeVa: 0.42128828167915344
Epoch: 37, AccTr: 0.9248999953269958, AccVa: 0.8870000243186951, CeTr: 0.23683232069015503, CeVa: 0.45706233382225037
Epoch: 38, AccTr: 0.9236999750137329, AccVa: 0.8799999952316284, CeTr: 0.23509731888771057, CeVa: 0.43752434849739075
Epoch: 39, AccTr: 0.9226999878883362, AccVa: 0.8774999976158142, CeTr: 0.24437719583511353, CeVa: 0.47228968143463135
Epoch: 40, AccTr: 0.9259999990463257, AccVa: 0.8920000195503235, CeTr: 0.23983752727508545, CeVa: 0.3991195261478424
ENSEMBLE | Tr_Acc: 0.9758999943733215, Tr_CE: 0.0764283537864685, Va_Acc: 0.9355000257492065, Va_CE: 0.23522014915943146
Epoch: 41, AccTr: 0.9257000088691711, AccVa: 0.8784999847412109, CeTr: 0.22583363950252533, CeVa: 0.4275134801864624
Epoch: 42, AccTr: 0.9261999726295471, AccVa: 0.890999972820282, CeTr: 0.23062650859355927, CeVa: 0.4440116286277771
Epoch: 43, AccTr: 0.926800012588501, AccVa: 0.8855000138282776, CeTr: 0.21889188885688782, CeVa: 0.4636816382408142
Epoch: 44, AccTr: 0.9257000088691711, AccVa: 0.8899999856948853, CeTr: 0.2347961962223053, CeVa: 0.4309263229370117
Epoch: 45, AccTr: 0.9247999787330627, AccVa: 0.8880000114440918, CeTr: 0.23512226343154907, CeVa: 0.483487993478775
ENSEMBLE | Tr_Acc: 0.9764999747276306, Tr_CE: 0.07473549991846085, Va_Acc: 0.9375, Va_CE: 0.2359910011291504
Epoch: 46, AccTr: 0.9296000003814697, AccVa: 0.8889999985694885, CeTr: 0.2176167517900467, CeVa: 0.484578400850296
Epoch: 47, AccTr: 0.9247999787330627, AccVa: 0.8934999704360962, CeTr: 0.23341645300388336, CeVa: 0.4080880284309387
Epoch: 48, AccTr: 0.9322999715805054, AccVa: 0.8955000042915344, CeTr: 0.21096672117710114, CeVa: 0.4423985481262207
Epoch: 49, AccTr: 0.929099977016449, AccVa: 0.8834999799728394, CeTr: 0.2189795970916748, CeVa: 0.43361151218414307
Epoch: 50, AccTr: 0.9261000156402588, AccVa: 0.8830000162124634, CeTr: 0.22158342599868774, CeVa: 0.42599743604660034
ENSEMBLE | Tr_Acc: 0.9769999980926514, Tr_CE: 0.07299743592739105, Va_Acc: 0.9369999766349792, Va_CE: 0.23060986399650574
NN CONFIG
Weight-type:		ternary
Layout									Layer #1: 250	Layer #2: 220	
Activation Functions					Layer #1: ets	Layer #2: ets	
Keep probabilities		Layer #0: 1.0	Layer #1: 1.0	Layer #2: 1.0	
Flat factors							Layer #1: 1.0	Layer #2: 1.0	Layer #3: 1.0	
Activation Noise						Layer #1: 0.1	Layer #2: 0.1	Layer #3: 0.0	
Prior: 0.8

===================================

RUN CONFIG
Epochs: 50, Blocksize: 4

===================================

Input binarization: False
Epoch: 1, AccTr: 0.9185000061988831, AccVa: 0.875, CeTr: 0.2874862849712372, CeVa: 0.504209578037262
Epoch: 2, AccTr: 0.9194999933242798, AccVa: 0.8895000219345093, CeTr: 0.26308944821357727, CeVa: 0.4699946343898773
Epoch: 3, AccTr: 0.9169999957084656, AccVa: 0.890500009059906, CeTr: 0.27441033720970154, CeVa: 0.4749016761779785
Epoch: 4, AccTr: 0.921500027179718, AccVa: 0.887499988079071, CeTr: 0.2536897361278534, CeVa: 0.46431633830070496
Epoch: 5, AccTr: 0.9212999939918518, AccVa: 0.8870000243186951, CeTr: 0.2583177387714386, CeVa: 0.4502246081829071
ENSEMBLE | Tr_Acc: 0.9212999939918518, Tr_CE: 0.2583177387714386, Va_Acc: 0.8870000243186951, Va_CE: 0.4502246081829071
Epoch: 6, AccTr: 0.9208999872207642, AccVa: 0.8889999985694885, CeTr: 0.25211280584335327, CeVa: 0.4716813862323761
Epoch: 7, AccTr: 0.9276999831199646, AccVa: 0.8865000009536743, CeTr: 0.24417328834533691, CeVa: 0.479885071516037
Epoch: 8, AccTr: 0.9236999750137329, AccVa: 0.8815000057220459, CeTr: 0.2410983443260193, CeVa: 0.4552861452102661
Epoch: 9, AccTr: 0.92330002784729, AccVa: 0.8709999918937683, CeTr: 0.24283352494239807, CeVa: 0.5148172974586487
Epoch: 10, AccTr: 0.9275000095367432, AccVa: 0.8914999961853027, CeTr: 0.23457741737365723, CeVa: 0.44218209385871887
ENSEMBLE | Tr_Acc: 0.9528999924659729, Tr_CE: 0.14351631700992584, Va_Acc: 0.9135000109672546, Va_CE: 0.3244951665401459
Epoch: 11, AccTr: 0.9207000136375427, AccVa: 0.8790000081062317, CeTr: 0.23857207596302032, CeVa: 0.4498032033443451
Epoch: 12, AccTr: 0.9269999861717224, AccVa: 0.8790000081062317, CeTr: 0.23164662718772888, CeVa: 0.4927802085876465
Epoch: 13, AccTr: 0.9254000186920166, AccVa: 0.8700000047683716, CeTr: 0.2392747849225998, CeVa: 0.5283597707748413
Epoch: 14, AccTr: 0.9253000020980835, AccVa: 0.8794999718666077, CeTr: 0.23495230078697205, CeVa: 0.47980797290802
Epoch: 15, AccTr: 0.9265999794006348, AccVa: 0.8889999985694885, CeTr: 0.2214195281267166, CeVa: 0.4527988135814667
ENSEMBLE | Tr_Acc: 0.963699996471405, Tr_CE: 0.10965058952569962, Va_Acc: 0.9265000224113464, Va_CE: 0.27816784381866455
Epoch: 16, AccTr: 0.9236000180244446, AccVa: 0.887499988079071, CeTr: 0.24762563407421112, CeVa: 0.45994243025779724
Epoch: 17, AccTr: 0.9277999997138977, AccVa: 0.8970000147819519, CeTr: 0.23051735758781433, CeVa: 0.45483478903770447
Epoch: 18, AccTr: 0.9266999959945679, AccVa: 0.8830000162124634, CeTr: 0.22870835661888123, CeVa: 0.48459523916244507
Epoch: 19, AccTr: 0.9243000149726868, AccVa: 0.8744999766349792, CeTr: 0.23476757109165192, CeVa: 0.5159580111503601
Epoch: 20, AccTr: 0.9253000020980835, AccVa: 0.8784999847412109, CeTr: 0.24266506731510162, CeVa: 0.48827019333839417
ENSEMBLE | Tr_Acc: 0.9679999947547913, Tr_CE: 0.09623736888170242, Va_Acc: 0.9284999966621399, Va_CE: 0.2691524028778076
Epoch: 21, AccTr: 0.9282000064849854, AccVa: 0.878000020980835, CeTr: 0.22736287117004395, CeVa: 0.5272815823554993
Epoch: 22, AccTr: 0.9253000020980835, AccVa: 0.8815000057220459, CeTr: 0.23422294855117798, CeVa: 0.5078529119491577
Epoch: 23, AccTr: 0.9258999824523926, AccVa: 0.8744999766349792, CeTr: 0.23080582916736603, CeVa: 0.5231501460075378
Epoch: 24, AccTr: 0.926800012588501, AccVa: 0.8824999928474426, CeTr: 0.2338235080242157, CeVa: 0.5351369380950928
Epoch: 25, AccTr: 0.9283000230789185, AccVa: 0.8759999871253967, CeTr: 0.2323409616947174, CeVa: 0.5101381540298462
ENSEMBLE | Tr_Acc: 0.9718000292778015, Tr_CE: 0.08617841452360153, Va_Acc: 0.9340000152587891, Va_CE: 0.2620027959346771
Epoch: 26, AccTr: 0.9240000247955322, AccVa: 0.8755000233650208, CeTr: 0.22983884811401367, CeVa: 0.5745883584022522
Epoch: 27, AccTr: 0.9273999929428101, AccVa: 0.8805000185966492, CeTr: 0.230681911110878, CeVa: 0.5286567807197571
Epoch: 28, AccTr: 0.9325000047683716, AccVa: 0.8725000023841858, CeTr: 0.22197793424129486, CeVa: 0.5305187702178955
Epoch: 29, AccTr: 0.9314000010490417, AccVa: 0.8880000114440918, CeTr: 0.2196318358182907, CeVa: 0.4723342955112457
Epoch: 30, AccTr: 0.9248999953269958, AccVa: 0.8824999928474426, CeTr: 0.22264018654823303, CeVa: 0.4873206913471222
ENSEMBLE | Tr_Acc: 0.9749000072479248, Tr_CE: 0.07852336764335632, Va_Acc: 0.934499979019165, Va_CE: 0.25248584151268005
Epoch: 31, AccTr: 0.925000011920929, AccVa: 0.8799999952316284, CeTr: 0.238030806183815, CeVa: 0.5042450428009033
Epoch: 32, AccTr: 0.928600013256073, AccVa: 0.8769999742507935, CeTr: 0.22517089545726776, CeVa: 0.48975110054016113
Epoch: 33, AccTr: 0.9302999973297119, AccVa: 0.8820000290870667, CeTr: 0.214950829744339, CeVa: 0.4592455327510834
Epoch: 34, AccTr: 0.9280999898910522, AccVa: 0.8715000152587891, CeTr: 0.2233150452375412, CeVa: 0.484297513961792
Epoch: 35, AccTr: 0.9282000064849854, AccVa: 0.8790000081062317, CeTr: 0.2233361303806305, CeVa: 0.485219806432724
ENSEMBLE | Tr_Acc: 0.9760000109672546, Tr_CE: 0.07464984059333801, Va_Acc: 0.9384999871253967, Va_CE: 0.24725253880023956
Epoch: 36, AccTr: 0.9262999892234802, AccVa: 0.8805000185966492, CeTr: 0.22268305718898773, CeVa: 0.4665219783782959
Epoch: 37, AccTr: 0.9297999739646912, AccVa: 0.8840000033378601, CeTr: 0.22719943523406982, CeVa: 0.4646774232387543
Epoch: 38, AccTr: 0.9312999844551086, AccVa: 0.887499988079071, CeTr: 0.21618935465812683, CeVa: 0.45793211460113525
Epoch: 39, AccTr: 0.9265000224113464, AccVa: 0.8849999904632568, CeTr: 0.22899062931537628, CeVa: 0.5019564628601074
Epoch: 40, AccTr: 0.9248999953269958, AccVa: 0.8849999904632568, CeTr: 0.22831237316131592, CeVa: 0.4914760887622833
ENSEMBLE | Tr_Acc: 0.9772999882698059, Tr_CE: 0.07139819115400314, Va_Acc: 0.9380000233650208, Va_CE: 0.24478821456432343
Epoch: 41, AccTr: 0.9235000014305115, AccVa: 0.8809999823570251, CeTr: 0.23468945920467377, CeVa: 0.47938233613967896
Epoch: 42, AccTr: 0.9300000071525574, AccVa: 0.8855000138282776, CeTr: 0.2206883281469345, CeVa: 0.4849603474140167
Epoch: 43, AccTr: 0.9308000206947327, AccVa: 0.8884999752044678, CeTr: 0.22159256041049957, CeVa: 0.44217023253440857
Epoch: 44, AccTr: 0.9294999837875366, AccVa: 0.8939999938011169, CeTr: 0.22806623578071594, CeVa: 0.4330046474933624
Epoch: 45, AccTr: 0.9258000254631042, AccVa: 0.8870000243186951, CeTr: 0.2383817881345749, CeVa: 0.45152032375335693
ENSEMBLE | Tr_Acc: 0.9772999882698059, Tr_CE: 0.07006655633449554, Va_Acc: 0.9384999871253967, Va_CE: 0.23530635237693787
Epoch: 46, AccTr: 0.9296000003814697, AccVa: 0.8820000290870667, CeTr: 0.21565835177898407, CeVa: 0.4560696482658386
Epoch: 47, AccTr: 0.9297000169754028, AccVa: 0.8830000162124634, CeTr: 0.22037798166275024, CeVa: 0.4888535737991333
Epoch: 48, AccTr: 0.9345999956130981, AccVa: 0.8849999904632568, CeTr: 0.20583555102348328, CeVa: 0.4419551491737366
Epoch: 49, AccTr: 0.9284999966621399, AccVa: 0.8889999985694885, CeTr: 0.2245924323797226, CeVa: 0.4410416781902313
Epoch: 50, AccTr: 0.9272000193595886, AccVa: 0.878000020980835, CeTr: 0.22998873889446259, CeVa: 0.47940951585769653
ENSEMBLE | Tr_Acc: 0.9775000214576721, Tr_CE: 0.06877978146076202, Va_Acc: 0.940500020980835, Va_CE: 0.23183254897594452
NN CONFIG
Weight-type:		ternary
Layout									Layer #1: 250	Layer #2: 220	
Activation Functions					Layer #1: ets	Layer #2: ets	
Keep probabilities		Layer #0: 1.0	Layer #1: 1.0	Layer #2: 1.0	
Flat factors							Layer #1: 1.0	Layer #2: 1.0	Layer #3: 1.0	
Activation Noise						Layer #1: 0.1	Layer #2: 0.1	Layer #3: 0.0	
Prior: 0.8

===================================

RUN CONFIG
Epochs: 50, Blocksize: 4

===================================

Input binarization: False
Epoch: 1, AccTr: 0.9280999898910522, AccVa: 0.8949999809265137, CeTr: 0.23202158510684967, CeVa: 0.4151672124862671
Epoch: 2, AccTr: 0.9320999979972839, AccVa: 0.8870000243186951, CeTr: 0.21671220660209656, CeVa: 0.4680929183959961
Epoch: 3, AccTr: 0.9309999942779541, AccVa: 0.8849999904632568, CeTr: 0.21884380280971527, CeVa: 0.46665772795677185
Epoch: 4, AccTr: 0.9286999702453613, AccVa: 0.871999979019165, CeTr: 0.22206011414527893, CeVa: 0.4831084907054901
Epoch: 5, AccTr: 0.9248999953269958, AccVa: 0.8884999752044678, CeTr: 0.23154987394809723, CeVa: 0.4650178551673889
ENSEMBLE | Tr_Acc: 0.9248999953269958, Tr_CE: 0.23154987394809723, Va_Acc: 0.8884999752044678, Va_CE: 0.4650178551673889
Epoch: 6, AccTr: 0.9301999807357788, AccVa: 0.8880000114440918, CeTr: 0.21448254585266113, CeVa: 0.45792800188064575
Epoch: 7, AccTr: 0.925599992275238, AccVa: 0.8824999928474426, CeTr: 0.2266584038734436, CeVa: 0.4629763662815094
Epoch: 8, AccTr: 0.925000011920929, AccVa: 0.8849999904632568, CeTr: 0.23078405857086182, CeVa: 0.48547524213790894
Epoch: 9, AccTr: 0.9261999726295471, AccVa: 0.8884999752044678, CeTr: 0.22676457464694977, CeVa: 0.4174179136753082
Epoch: 10, AccTr: 0.9239000082015991, AccVa: 0.8794999718666077, CeTr: 0.22804436087608337, CeVa: 0.4887390732765198
ENSEMBLE | Tr_Acc: 0.9556000232696533, Tr_CE: 0.13267196714878082, Va_Acc: 0.9125000238418579, Va_CE: 0.3527185618877411
Epoch: 11, AccTr: 0.9247999787330627, AccVa: 0.8759999871253967, CeTr: 0.2369631826877594, CeVa: 0.5035297274589539
Epoch: 12, AccTr: 0.9246000051498413, AccVa: 0.8799999952316284, CeTr: 0.22846198081970215, CeVa: 0.5021299123764038
Epoch: 13, AccTr: 0.925599992275238, AccVa: 0.8784999847412109, CeTr: 0.23459237813949585, CeVa: 0.5125405788421631
Epoch: 14, AccTr: 0.9277999997138977, AccVa: 0.8694999814033508, CeTr: 0.23396381735801697, CeVa: 0.5420668125152588
Epoch: 15, AccTr: 0.9229000210762024, AccVa: 0.8840000033378601, CeTr: 0.24424418807029724, CeVa: 0.48145294189453125
ENSEMBLE | Tr_Acc: 0.9656000137329102, Tr_CE: 0.10670197755098343, Va_Acc: 0.9210000038146973, Va_CE: 0.3110986351966858
Epoch: 16, AccTr: 0.9254000186920166, AccVa: 0.8870000243186951, CeTr: 0.23850470781326294, CeVa: 0.43640002608299255
Epoch: 17, AccTr: 0.9289000034332275, AccVa: 0.8794999718666077, CeTr: 0.2233254611492157, CeVa: 0.5064322352409363
Epoch: 18, AccTr: 0.9243999719619751, AccVa: 0.890500009059906, CeTr: 0.22994336485862732, CeVa: 0.4438500702381134
Epoch: 19, AccTr: 0.9257000088691711, AccVa: 0.878000020980835, CeTr: 0.2289792001247406, CeVa: 0.5100577473640442
Epoch: 20, AccTr: 0.9276999831199646, AccVa: 0.875, CeTr: 0.2212701141834259, CeVa: 0.5098581910133362
ENSEMBLE | Tr_Acc: 0.9710999727249146, Tr_CE: 0.0897912085056305, Va_Acc: 0.9244999885559082, Va_CE: 0.291686087846756
Epoch: 21, AccTr: 0.9301000237464905, AccVa: 0.890999972820282, CeTr: 0.21298925578594208, CeVa: 0.4650834798812866
Epoch: 22, AccTr: 0.9265000224113464, AccVa: 0.8794999718666077, CeTr: 0.22091510891914368, CeVa: 0.48538923263549805
Epoch: 23, AccTr: 0.9257000088691711, AccVa: 0.8830000162124634, CeTr: 0.22897958755493164, CeVa: 0.4570486843585968
Epoch: 24, AccTr: 0.9276000261306763, AccVa: 0.875, CeTr: 0.2288908213376999, CeVa: 0.5076702833175659
Epoch: 25, AccTr: 0.9272000193595886, AccVa: 0.8859999775886536, CeTr: 0.23327593505382538, CeVa: 0.458518385887146
ENSEMBLE | Tr_Acc: 0.9721999764442444, Tr_CE: 0.08233144879341125, Va_Acc: 0.9294999837875366, Va_CE: 0.2763945460319519
Epoch: 26, AccTr: 0.9302999973297119, AccVa: 0.875, CeTr: 0.21542780101299286, CeVa: 0.502623438835144
Epoch: 27, AccTr: 0.925000011920929, AccVa: 0.8884999752044678, CeTr: 0.23529653251171112, CeVa: 0.44311073422431946
Epoch: 28, AccTr: 0.926800012588501, AccVa: 0.8744999766349792, CeTr: 0.23409900069236755, CeVa: 0.5091441869735718
Epoch: 29, AccTr: 0.9241999983787537, AccVa: 0.8889999985694885, CeTr: 0.24122534692287445, CeVa: 0.4657587707042694
Epoch: 30, AccTr: 0.9232000112533569, AccVa: 0.8794999718666077, CeTr: 0.2421853095293045, CeVa: 0.4642307162284851
ENSEMBLE | Tr_Acc: 0.9739000201225281, Tr_CE: 0.07996702939271927, Va_Acc: 0.9294999837875366, Va_CE: 0.2617205083370209
Epoch: 31, AccTr: 0.9265000224113464, AccVa: 0.8834999799728394, CeTr: 0.23276104032993317, CeVa: 0.4566064178943634
Epoch: 32, AccTr: 0.9261000156402588, AccVa: 0.8934999704360962, CeTr: 0.23494520783424377, CeVa: 0.4545820355415344
Epoch: 33, AccTr: 0.927299976348877, AccVa: 0.8855000138282776, CeTr: 0.22387290000915527, CeVa: 0.43663763999938965
Epoch: 34, AccTr: 0.9261999726295471, AccVa: 0.8715000152587891, CeTr: 0.23166963458061218, CeVa: 0.49336010217666626
Epoch: 35, AccTr: 0.9232000112533569, AccVa: 0.8815000057220459, CeTr: 0.23230917751789093, CeVa: 0.4316805899143219
ENSEMBLE | Tr_Acc: 0.9746999740600586, Tr_CE: 0.07630734890699387, Va_Acc: 0.9334999918937683, Va_CE: 0.24823422729969025
Epoch: 36, AccTr: 0.9294000267982483, AccVa: 0.8834999799728394, CeTr: 0.22118264436721802, CeVa: 0.47144970297813416
Epoch: 37, AccTr: 0.9261999726295471, AccVa: 0.8834999799728394, CeTr: 0.2255067378282547, CeVa: 0.46768781542778015
Epoch: 38, AccTr: 0.9251999855041504, AccVa: 0.8845000267028809, CeTr: 0.22456391155719757, CeVa: 0.46813124418258667
Epoch: 39, AccTr: 0.9282000064849854, AccVa: 0.8805000185966492, CeTr: 0.2263031303882599, CeVa: 0.49729472398757935
Epoch: 40, AccTr: 0.9244999885559082, AccVa: 0.8820000290870667, CeTr: 0.2227308303117752, CeVa: 0.4601860046386719
ENSEMBLE | Tr_Acc: 0.9758999943733215, Tr_CE: 0.07311871647834778, Va_Acc: 0.9340000152587891, Va_CE: 0.24180932343006134
Epoch: 41, AccTr: 0.9298999905586243, AccVa: 0.8824999928474426, CeTr: 0.22222304344177246, CeVa: 0.460921049118042
Epoch: 42, AccTr: 0.9266999959945679, AccVa: 0.8790000081062317, CeTr: 0.22681008279323578, CeVa: 0.4572273790836334
Epoch: 43, AccTr: 0.9271000027656555, AccVa: 0.8899999856948853, CeTr: 0.21837760508060455, CeVa: 0.44895291328430176
Epoch: 44, AccTr: 0.929099977016449, AccVa: 0.8799999952316284, CeTr: 0.22572734951972961, CeVa: 0.5147327780723572
Epoch: 45, AccTr: 0.9230999946594238, AccVa: 0.8794999718666077, CeTr: 0.23698833584785461, CeVa: 0.47509729862213135
ENSEMBLE | Tr_Acc: 0.9769999980926514, Tr_CE: 0.07025983929634094, Va_Acc: 0.9359999895095825, Va_CE: 0.23615536093711853
Epoch: 46, AccTr: 0.9282000064849854, AccVa: 0.8845000267028809, CeTr: 0.2286013960838318, CeVa: 0.47554993629455566
Epoch: 47, AccTr: 0.926800012588501, AccVa: 0.8949999809265137, CeTr: 0.22802436351776123, CeVa: 0.40555137395858765
Epoch: 48, AccTr: 0.9261000156402588, AccVa: 0.8830000162124634, CeTr: 0.22602319717407227, CeVa: 0.4694686233997345
Epoch: 49, AccTr: 0.9290000200271606, AccVa: 0.8849999904632568, CeTr: 0.2203444391489029, CeVa: 0.43844664096832275
Epoch: 50, AccTr: 0.9251000285148621, AccVa: 0.8834999799728394, CeTr: 0.22761918604373932, CeVa: 0.471356600522995
ENSEMBLE | Tr_Acc: 0.9771999716758728, Tr_CE: 0.06850867718458176, Va_Acc: 0.9355000257492065, Va_CE: 0.23229213058948517
Mod Accuracy || Mean: 0.8804999589920044	 Std: 0.002761334413662553
Ens Accuracy || Mean: 0.937999963760376	 Std: 0.0019039461622014642
Mod CE || Mean: 0.46769869327545166	 Std: 0.025411227717995644
Ens CE || Mean: 0.2310301512479782	 Std: 0.0011309406254440546
