NN CONFIG
Weight-type:		ternary
Layout									Layer #1: 250	Layer #2: 220	
Activation Functions					Layer #1: ets	Layer #2: ets	
Keep probabilities		Layer #0: 1.0	Layer #1: 1.0	Layer #2: 1.0	
Flat factors							Layer #1: 1.0	Layer #2: 1.0	Layer #3: 1.0	
Activation Noise						Layer #1: 0.1	Layer #2: 0.1	Layer #3: 0.0	
Prior: 0.8

===================================

RUN CONFIG
Epochs: 50, Blocksize: 4

===================================

Epoch: 1, AccTr: 0.9283999800682068, AccVa: 0.8774999976158142, CeTr: 0.2210892140865326, CeVa: 0.4820650517940521
Epoch: 2, AccTr: 0.9293000102043152, AccVa: 0.8675000071525574, CeTr: 0.21213950216770172, CeVa: 0.5264542698860168
Epoch: 3, AccTr: 0.9284999966621399, AccVa: 0.8604999780654907, CeTr: 0.20753774046897888, CeVa: 0.5793123841285706
Epoch: 4, AccTr: 0.9315000176429749, AccVa: 0.8650000095367432, CeTr: 0.2073933631181717, CeVa: 0.5203157663345337
Epoch: 5, AccTr: 0.9289000034332275, AccVa: 0.8669999837875366, CeTr: 0.21080610156059265, CeVa: 0.535942554473877
ENSEMBLE | Tr_Acc: 0.9289000034332275, Tr_CE: 0.21080610156059265, Va_Acc: 0.8669999837875366, Va_CE: 0.535942554473877
Epoch: 6, AccTr: 0.9282000064849854, AccVa: 0.8600000143051147, CeTr: 0.20587922632694244, CeVa: 0.5247675776481628
Epoch: 7, AccTr: 0.9282000064849854, AccVa: 0.871999979019165, CeTr: 0.21042264997959137, CeVa: 0.5045515894889832
Epoch: 8, AccTr: 0.9265000224113464, AccVa: 0.8679999709129333, CeTr: 0.21031402051448822, CeVa: 0.5267843008041382
Epoch: 9, AccTr: 0.9312000274658203, AccVa: 0.8659999966621399, CeTr: 0.19849474728107452, CeVa: 0.5521483421325684
Epoch: 10, AccTr: 0.9275000095367432, AccVa: 0.8684999942779541, CeTr: 0.20639321208000183, CeVa: 0.561627209186554
ENSEMBLE | Tr_Acc: 0.9617999792098999, Tr_CE: 0.11240939795970917, Va_Acc: 0.8960000276565552, Va_CE: 0.3840051293373108
Epoch: 11, AccTr: 0.9307000041007996, AccVa: 0.8700000047683716, CeTr: 0.20562870800495148, CeVa: 0.5189534425735474
Epoch: 12, AccTr: 0.9326000213623047, AccVa: 0.8665000200271606, CeTr: 0.19782142341136932, CeVa: 0.5308553576469421
Epoch: 13, AccTr: 0.927299976348877, AccVa: 0.8669999837875366, CeTr: 0.21055322885513306, CeVa: 0.5319799780845642
Epoch: 14, AccTr: 0.9247000217437744, AccVa: 0.8705000281333923, CeTr: 0.2127622365951538, CeVa: 0.5335991382598877
Epoch: 15, AccTr: 0.9259999990463257, AccVa: 0.8629999756813049, CeTr: 0.21321453154087067, CeVa: 0.5417665243148804
ENSEMBLE | Tr_Acc: 0.9714000225067139, Tr_CE: 0.08742409944534302, Va_Acc: 0.9085000157356262, Va_CE: 0.3351958096027374
Epoch: 16, AccTr: 0.9291999936103821, AccVa: 0.8679999709129333, CeTr: 0.20875810086727142, CeVa: 0.5524015426635742
Epoch: 17, AccTr: 0.9275000095367432, AccVa: 0.8665000200271606, CeTr: 0.20713330805301666, CeVa: 0.4952426850795746
Epoch: 18, AccTr: 0.9279999732971191, AccVa: 0.8675000071525574, CeTr: 0.21408861875534058, CeVa: 0.5139840245246887
Epoch: 19, AccTr: 0.9289000034332275, AccVa: 0.8640000224113464, CeTr: 0.2073519080877304, CeVa: 0.5315510630607605
Epoch: 20, AccTr: 0.927299976348877, AccVa: 0.8610000014305115, CeTr: 0.21009181439876556, CeVa: 0.5307382941246033
ENSEMBLE | Tr_Acc: 0.975600004196167, Tr_CE: 0.07591874897480011, Va_Acc: 0.9144999980926514, Va_CE: 0.30645203590393066
Epoch: 21, AccTr: 0.9264000058174133, AccVa: 0.8569999933242798, CeTr: 0.21172194182872772, CeVa: 0.5782923102378845
Epoch: 22, AccTr: 0.9241999983787537, AccVa: 0.8640000224113464, CeTr: 0.22102035582065582, CeVa: 0.5474305748939514
Epoch: 23, AccTr: 0.9261999726295471, AccVa: 0.8604999780654907, CeTr: 0.21197788417339325, CeVa: 0.5520241856575012
Epoch: 24, AccTr: 0.9294999837875366, AccVa: 0.8610000014305115, CeTr: 0.21748784184455872, CeVa: 0.5655345916748047
Epoch: 25, AccTr: 0.9259999990463257, AccVa: 0.8675000071525574, CeTr: 0.21531186997890472, CeVa: 0.5535938143730164
ENSEMBLE | Tr_Acc: 0.9765999913215637, Tr_CE: 0.0693148821592331, Va_Acc: 0.9194999933242798, Va_CE: 0.2958582937717438
Epoch: 26, AccTr: 0.9282000064849854, AccVa: 0.8644999861717224, CeTr: 0.2114328294992447, CeVa: 0.5272582769393921
Epoch: 27, AccTr: 0.9276000261306763, AccVa: 0.8700000047683716, CeTr: 0.20699580013751984, CeVa: 0.5287586450576782
Epoch: 28, AccTr: 0.9289000034332275, AccVa: 0.8669999837875366, CeTr: 0.21117250621318817, CeVa: 0.5310013294219971
Epoch: 29, AccTr: 0.9247999787330627, AccVa: 0.8619999885559082, CeTr: 0.21341504156589508, CeVa: 0.538278341293335
Epoch: 30, AccTr: 0.9261000156402588, AccVa: 0.8579999804496765, CeTr: 0.21391239762306213, CeVa: 0.5481065511703491
ENSEMBLE | Tr_Acc: 0.9790999889373779, Tr_CE: 0.06488090008497238, Va_Acc: 0.921999990940094, Va_CE: 0.2812783122062683
Epoch: 31, AccTr: 0.9286999702453613, AccVa: 0.8535000085830688, CeTr: 0.19475917518138885, CeVa: 0.5415972471237183
Epoch: 32, AccTr: 0.9239000082015991, AccVa: 0.859499990940094, CeTr: 0.21303273737430573, CeVa: 0.5751919746398926
Epoch: 33, AccTr: 0.9284999966621399, AccVa: 0.8634999990463257, CeTr: 0.20585498213768005, CeVa: 0.568970799446106
Epoch: 34, AccTr: 0.9277999997138977, AccVa: 0.8575000166893005, CeTr: 0.21434028446674347, CeVa: 0.5542874932289124
Epoch: 35, AccTr: 0.9240999817848206, AccVa: 0.8619999885559082, CeTr: 0.21233735978603363, CeVa: 0.5671738982200623
ENSEMBLE | Tr_Acc: 0.9797999858856201, Tr_CE: 0.06215351074934006, Va_Acc: 0.9200000166893005, Va_CE: 0.2791505455970764
Epoch: 36, AccTr: 0.9280999898910522, AccVa: 0.8644999861717224, CeTr: 0.21189795434474945, CeVa: 0.5430423021316528
Epoch: 37, AccTr: 0.9247000217437744, AccVa: 0.859000027179718, CeTr: 0.218293696641922, CeVa: 0.5450932383537292
Epoch: 38, AccTr: 0.926800012588501, AccVa: 0.8579999804496765, CeTr: 0.21354882419109344, CeVa: 0.5682156085968018
Epoch: 39, AccTr: 0.9312000274658203, AccVa: 0.8740000128746033, CeTr: 0.20046034455299377, CeVa: 0.5363224744796753
Epoch: 40, AccTr: 0.9271000027656555, AccVa: 0.8705000281333923, CeTr: 0.20372825860977173, CeVa: 0.5388672351837158
ENSEMBLE | Tr_Acc: 0.9807999730110168, Tr_CE: 0.05948835611343384, Va_Acc: 0.9229999780654907, Va_CE: 0.2762056291103363
Epoch: 41, AccTr: 0.9293000102043152, AccVa: 0.8675000071525574, CeTr: 0.20776303112506866, CeVa: 0.4818795919418335
Epoch: 42, AccTr: 0.9241999983787537, AccVa: 0.8565000295639038, CeTr: 0.2139270007610321, CeVa: 0.5578579306602478
Epoch: 43, AccTr: 0.9283999800682068, AccVa: 0.8799999952316284, CeTr: 0.2079615741968155, CeVa: 0.5168778300285339
Epoch: 44, AccTr: 0.9273999929428101, AccVa: 0.8669999837875366, CeTr: 0.21186380088329315, CeVa: 0.5355187058448792
Epoch: 45, AccTr: 0.9259999990463257, AccVa: 0.8575000166893005, CeTr: 0.21323418617248535, CeVa: 0.5413131713867188
ENSEMBLE | Tr_Acc: 0.98089998960495, Tr_CE: 0.058062080293893814, Va_Acc: 0.9235000014305115, Va_CE: 0.2704142928123474
Epoch: 46, AccTr: 0.9262999892234802, AccVa: 0.8514999747276306, CeTr: 0.20952214300632477, CeVa: 0.5642147064208984
Epoch: 47, AccTr: 0.9283000230789185, AccVa: 0.8725000023841858, CeTr: 0.2136518508195877, CeVa: 0.5603580474853516
Epoch: 48, AccTr: 0.9233999848365784, AccVa: 0.8650000095367432, CeTr: 0.21394971013069153, CeVa: 0.5220100283622742
Epoch: 49, AccTr: 0.9330999851226807, AccVa: 0.8700000047683716, CeTr: 0.196421816945076, CeVa: 0.5060667395591736
Epoch: 50, AccTr: 0.9241999983787537, AccVa: 0.8610000014305115, CeTr: 0.2231592983007431, CeVa: 0.5360596179962158
ENSEMBLE | Tr_Acc: 0.9818000197410583, Tr_CE: 0.056898683309555054, Va_Acc: 0.9244999885559082, Va_CE: 0.26605674624443054
NN CONFIG
Weight-type:		ternary
Layout									Layer #1: 250	Layer #2: 220	
Activation Functions					Layer #1: ets	Layer #2: ets	
Keep probabilities		Layer #0: 1.0	Layer #1: 1.0	Layer #2: 1.0	
Flat factors							Layer #1: 1.0	Layer #2: 1.0	Layer #3: 1.0	
Activation Noise						Layer #1: 0.1	Layer #2: 0.1	Layer #3: 0.0	
Prior: 0.8

===================================

RUN CONFIG
Epochs: 50, Blocksize: 4

===================================

Epoch: 1, AccTr: 0.920199990272522, AccVa: 0.8654999732971191, CeTr: 0.25909456610679626, CeVa: 0.5426293015480042
Epoch: 2, AccTr: 0.9229000210762024, AccVa: 0.8690000176429749, CeTr: 0.23418520390987396, CeVa: 0.5207213759422302
Epoch: 3, AccTr: 0.9275000095367432, AccVa: 0.8690000176429749, CeTr: 0.21771648526191711, CeVa: 0.5369548797607422
Epoch: 4, AccTr: 0.9261999726295471, AccVa: 0.8740000128746033, CeTr: 0.22332529723644257, CeVa: 0.528134286403656
Epoch: 5, AccTr: 0.9296000003814697, AccVa: 0.8619999885559082, CeTr: 0.20796996355056763, CeVa: 0.5647667050361633
ENSEMBLE | Tr_Acc: 0.9296000003814697, Tr_CE: 0.20796996355056763, Va_Acc: 0.8619999885559082, Va_CE: 0.5647667050361633
Epoch: 6, AccTr: 0.9309999942779541, AccVa: 0.8634999990463257, CeTr: 0.20533901453018188, CeVa: 0.5482276678085327
Epoch: 7, AccTr: 0.9269000291824341, AccVa: 0.8634999990463257, CeTr: 0.21439723670482635, CeVa: 0.5487145185470581
Epoch: 8, AccTr: 0.9272000193595886, AccVa: 0.8769999742507935, CeTr: 0.21054770052433014, CeVa: 0.4979865550994873
Epoch: 9, AccTr: 0.9297000169754028, AccVa: 0.862500011920929, CeTr: 0.20468275249004364, CeVa: 0.5251529216766357
Epoch: 10, AccTr: 0.9269000291824341, AccVa: 0.8600000143051147, CeTr: 0.2069709450006485, CeVa: 0.5639612078666687
ENSEMBLE | Tr_Acc: 0.9629999995231628, Tr_CE: 0.11406684666872025, Va_Acc: 0.8949999809265137, Va_CE: 0.4023967981338501
Epoch: 11, AccTr: 0.9301000237464905, AccVa: 0.8604999780654907, CeTr: 0.20816461741924286, CeVa: 0.5395331382751465
Epoch: 12, AccTr: 0.9319000244140625, AccVa: 0.8619999885559082, CeTr: 0.19447284936904907, CeVa: 0.5448469519615173
Epoch: 13, AccTr: 0.9293000102043152, AccVa: 0.8629999756813049, CeTr: 0.20349252223968506, CeVa: 0.5688835382461548
Epoch: 14, AccTr: 0.9309999942779541, AccVa: 0.862500011920929, CeTr: 0.20169010758399963, CeVa: 0.566925585269928
Epoch: 15, AccTr: 0.9266999959945679, AccVa: 0.8579999804496765, CeTr: 0.20083457231521606, CeVa: 0.5929587483406067
ENSEMBLE | Tr_Acc: 0.9708999991416931, Tr_CE: 0.0881960541009903, Va_Acc: 0.9120000004768372, Va_CE: 0.3658004701137543
Epoch: 16, AccTr: 0.9323999881744385, AccVa: 0.8650000095367432, CeTr: 0.20510458946228027, CeVa: 0.5635860562324524
Epoch: 17, AccTr: 0.925000011920929, AccVa: 0.8634999990463257, CeTr: 0.21224364638328552, CeVa: 0.5624716281890869
Epoch: 18, AccTr: 0.9284999966621399, AccVa: 0.8535000085830688, CeTr: 0.20519056916236877, CeVa: 0.5477993488311768
Epoch: 19, AccTr: 0.9302999973297119, AccVa: 0.8640000224113464, CeTr: 0.19897018373012543, CeVa: 0.540773332118988
Epoch: 20, AccTr: 0.930899977684021, AccVa: 0.8560000061988831, CeTr: 0.20419006049633026, CeVa: 0.5719763040542603
ENSEMBLE | Tr_Acc: 0.9743000268936157, Tr_CE: 0.07706630975008011, Va_Acc: 0.9114999771118164, Va_CE: 0.34209582209587097
Epoch: 21, AccTr: 0.9279999732971191, AccVa: 0.8665000200271606, CeTr: 0.21089209616184235, CeVa: 0.5526587963104248
Epoch: 22, AccTr: 0.9266999959945679, AccVa: 0.8700000047683716, CeTr: 0.21891789138317108, CeVa: 0.4992973208427429
Epoch: 23, AccTr: 0.9293000102043152, AccVa: 0.871999979019165, CeTr: 0.2151554673910141, CeVa: 0.5456907153129578
Epoch: 24, AccTr: 0.9248999953269958, AccVa: 0.8544999957084656, CeTr: 0.2169463336467743, CeVa: 0.568253755569458
Epoch: 25, AccTr: 0.9275000095367432, AccVa: 0.8579999804496765, CeTr: 0.2142796814441681, CeVa: 0.5928868651390076
ENSEMBLE | Tr_Acc: 0.9771000146865845, Tr_CE: 0.06974196434020996, Va_Acc: 0.9164999723434448, Va_CE: 0.3267628252506256
Epoch: 26, AccTr: 0.9273999929428101, AccVa: 0.8585000038146973, CeTr: 0.20766600966453552, CeVa: 0.5284087061882019
Epoch: 27, AccTr: 0.9277999997138977, AccVa: 0.8610000014305115, CeTr: 0.20711389183998108, CeVa: 0.5295118093490601
Epoch: 28, AccTr: 0.9269000291824341, AccVa: 0.8640000224113464, CeTr: 0.21388661861419678, CeVa: 0.5383978486061096
Epoch: 29, AccTr: 0.9259999990463257, AccVa: 0.859000027179718, CeTr: 0.21610330045223236, CeVa: 0.553207278251648
Epoch: 30, AccTr: 0.926800012588501, AccVa: 0.8504999876022339, CeTr: 0.2171749472618103, CeVa: 0.582842230796814
ENSEMBLE | Tr_Acc: 0.9793999791145325, Tr_CE: 0.06454665213823318, Va_Acc: 0.9185000061988831, Va_CE: 0.3111775517463684
Epoch: 31, AccTr: 0.929099977016449, AccVa: 0.8694999814033508, CeTr: 0.2051764577627182, CeVa: 0.507561206817627
Epoch: 32, AccTr: 0.9262999892234802, AccVa: 0.8629999756813049, CeTr: 0.20974990725517273, CeVa: 0.5268093943595886
Epoch: 33, AccTr: 0.9265999794006348, AccVa: 0.8514999747276306, CeTr: 0.2174471616744995, CeVa: 0.5775975584983826
Epoch: 34, AccTr: 0.9269999861717224, AccVa: 0.8629999756813049, CeTr: 0.21299755573272705, CeVa: 0.5536916255950928
Epoch: 35, AccTr: 0.929099977016449, AccVa: 0.8640000224113464, CeTr: 0.20203645527362823, CeVa: 0.5327842235565186
ENSEMBLE | Tr_Acc: 0.9810000061988831, Tr_CE: 0.06018843874335289, Va_Acc: 0.921999990940094, Va_CE: 0.2971341013908386
Epoch: 36, AccTr: 0.9215999841690063, AccVa: 0.8544999957084656, CeTr: 0.22264470160007477, CeVa: 0.524581789970398
Epoch: 37, AccTr: 0.9247999787330627, AccVa: 0.8615000247955322, CeTr: 0.21050435304641724, CeVa: 0.5722534656524658
Epoch: 38, AccTr: 0.9305999875068665, AccVa: 0.8615000247955322, CeTr: 0.20463912189006805, CeVa: 0.5474054217338562
Epoch: 39, AccTr: 0.925000011920929, AccVa: 0.8744999766349792, CeTr: 0.2108750194311142, CeVa: 0.5579780340194702
Epoch: 40, AccTr: 0.9247000217437744, AccVa: 0.8504999876022339, CeTr: 0.21079853177070618, CeVa: 0.5577384829521179
ENSEMBLE | Tr_Acc: 0.9821000099182129, Tr_CE: 0.057347316294908524, Va_Acc: 0.9235000014305115, Va_CE: 0.288052499294281
Epoch: 41, AccTr: 0.9300000071525574, AccVa: 0.8575000166893005, CeTr: 0.1963447779417038, CeVa: 0.5580899715423584
Epoch: 42, AccTr: 0.9258999824523926, AccVa: 0.8535000085830688, CeTr: 0.2086980640888214, CeVa: 0.5650989413261414
Epoch: 43, AccTr: 0.9283999800682068, AccVa: 0.8629999756813049, CeTr: 0.2130182385444641, CeVa: 0.5560023188591003
Epoch: 44, AccTr: 0.9257000088691711, AccVa: 0.8529999852180481, CeTr: 0.21745377779006958, CeVa: 0.547329306602478
Epoch: 45, AccTr: 0.923799991607666, AccVa: 0.8634999990463257, CeTr: 0.21154356002807617, CeVa: 0.5425829291343689
ENSEMBLE | Tr_Acc: 0.982200026512146, Tr_CE: 0.05568830668926239, Va_Acc: 0.9254999756813049, Va_CE: 0.28349417448043823
Epoch: 46, AccTr: 0.9265000224113464, AccVa: 0.8544999957084656, CeTr: 0.2164221704006195, CeVa: 0.5740278363227844
Epoch: 47, AccTr: 0.9269000291824341, AccVa: 0.8585000038146973, CeTr: 0.2091904729604721, CeVa: 0.5787053108215332
Epoch: 48, AccTr: 0.9279000163078308, AccVa: 0.8579999804496765, CeTr: 0.20548874139785767, CeVa: 0.5783936977386475
Epoch: 49, AccTr: 0.9258999824523926, AccVa: 0.8600000143051147, CeTr: 0.21436123549938202, CeVa: 0.5687464475631714
Epoch: 50, AccTr: 0.9243999719619751, AccVa: 0.8479999899864197, CeTr: 0.22091157734394073, CeVa: 0.5885193943977356
ENSEMBLE | Tr_Acc: 0.9830999970436096, Tr_CE: 0.05468297004699707, Va_Acc: 0.9265000224113464, Va_CE: 0.2801005244255066
NN CONFIG
Weight-type:		ternary
Layout									Layer #1: 250	Layer #2: 220	
Activation Functions					Layer #1: ets	Layer #2: ets	
Keep probabilities		Layer #0: 1.0	Layer #1: 1.0	Layer #2: 1.0	
Flat factors							Layer #1: 1.0	Layer #2: 1.0	Layer #3: 1.0	
Activation Noise						Layer #1: 0.1	Layer #2: 0.1	Layer #3: 0.0	
Prior: 0.8

===================================

RUN CONFIG
Epochs: 50, Blocksize: 4

===================================

Epoch: 1, AccTr: 0.9032999873161316, AccVa: 0.8734999895095825, CeTr: 0.31743407249450684, CeVa: 0.5483901500701904
Epoch: 2, AccTr: 0.9142000079154968, AccVa: 0.8619999885559082, CeTr: 0.2619168758392334, CeVa: 0.5945010185241699
Epoch: 3, AccTr: 0.9207000136375427, AccVa: 0.8600000143051147, CeTr: 0.23964917659759521, CeVa: 0.5502253770828247
Epoch: 4, AccTr: 0.9211000204086304, AccVa: 0.8659999966621399, CeTr: 0.23456403613090515, CeVa: 0.5155394673347473
Epoch: 5, AccTr: 0.9225000143051147, AccVa: 0.8634999990463257, CeTr: 0.23268529772758484, CeVa: 0.5067829489707947
ENSEMBLE | Tr_Acc: 0.9225000143051147, Tr_CE: 0.23268529772758484, Va_Acc: 0.8634999990463257, Va_CE: 0.5067829489707947
Epoch: 6, AccTr: 0.9297999739646912, AccVa: 0.8690000176429749, CeTr: 0.2133852243423462, CeVa: 0.5690860152244568
Epoch: 7, AccTr: 0.9247000217437744, AccVa: 0.8634999990463257, CeTr: 0.21950183808803558, CeVa: 0.5914728045463562
Epoch: 8, AccTr: 0.9243000149726868, AccVa: 0.8640000224113464, CeTr: 0.23027800023555756, CeVa: 0.5835438370704651
Epoch: 9, AccTr: 0.9230999946594238, AccVa: 0.8619999885559082, CeTr: 0.22113507986068726, CeVa: 0.6159106492996216
Epoch: 10, AccTr: 0.9265000224113464, AccVa: 0.8460000157356262, CeTr: 0.2183162122964859, CeVa: 0.6454414129257202
ENSEMBLE | Tr_Acc: 0.9599000215530396, Tr_CE: 0.11887563765048981, Va_Acc: 0.8930000066757202, Va_CE: 0.3972186744213104
Epoch: 11, AccTr: 0.9284999966621399, AccVa: 0.8585000038146973, CeTr: 0.21202661097049713, CeVa: 0.6194342970848083
Epoch: 12, AccTr: 0.9262999892234802, AccVa: 0.8690000176429749, CeTr: 0.2235211730003357, CeVa: 0.5871556997299194
Epoch: 13, AccTr: 0.9265000224113464, AccVa: 0.862500011920929, CeTr: 0.22508661448955536, CeVa: 0.5932301878929138
Epoch: 14, AccTr: 0.9244999885559082, AccVa: 0.8554999828338623, CeTr: 0.21622124314308167, CeVa: 0.6161468625068665
Epoch: 15, AccTr: 0.9233999848365784, AccVa: 0.8579999804496765, CeTr: 0.23236729204654694, CeVa: 0.5927693843841553
ENSEMBLE | Tr_Acc: 0.9682000279426575, Tr_CE: 0.09294185787439346, Va_Acc: 0.9085000157356262, Va_CE: 0.3479726016521454
Epoch: 16, AccTr: 0.9241999983787537, AccVa: 0.8675000071525574, CeTr: 0.22426484525203705, CeVa: 0.5737508535385132
Epoch: 17, AccTr: 0.9269999861717224, AccVa: 0.8690000176429749, CeTr: 0.2040785849094391, CeVa: 0.58784419298172
Epoch: 18, AccTr: 0.9261000156402588, AccVa: 0.8640000224113464, CeTr: 0.21813690662384033, CeVa: 0.5804331302642822
Epoch: 19, AccTr: 0.9239000082015991, AccVa: 0.8654999732971191, CeTr: 0.22429780662059784, CeVa: 0.5846626162528992
Epoch: 20, AccTr: 0.9247000217437744, AccVa: 0.8535000085830688, CeTr: 0.21989303827285767, CeVa: 0.6225144267082214
ENSEMBLE | Tr_Acc: 0.9747999906539917, Tr_CE: 0.07819276303052902, Va_Acc: 0.9129999876022339, Va_CE: 0.33103039860725403
Epoch: 21, AccTr: 0.9229000210762024, AccVa: 0.8629999756813049, CeTr: 0.23303861916065216, CeVa: 0.5862269401550293
Epoch: 22, AccTr: 0.9258000254631042, AccVa: 0.8539999723434448, CeTr: 0.2204829901456833, CeVa: 0.6348711252212524
Epoch: 23, AccTr: 0.9271000027656555, AccVa: 0.859499990940094, CeTr: 0.21670448780059814, CeVa: 0.6207393407821655
Epoch: 24, AccTr: 0.9279000163078308, AccVa: 0.8600000143051147, CeTr: 0.2202327698469162, CeVa: 0.5852764844894409
Epoch: 25, AccTr: 0.9241999983787537, AccVa: 0.8529999852180481, CeTr: 0.2224431186914444, CeVa: 0.5887669920921326
ENSEMBLE | Tr_Acc: 0.9764999747276306, Tr_CE: 0.07124058157205582, Va_Acc: 0.9144999980926514, Va_CE: 0.3149481415748596
Epoch: 26, AccTr: 0.9241999983787537, AccVa: 0.8569999933242798, CeTr: 0.21911181509494781, CeVa: 0.5817087292671204
Epoch: 27, AccTr: 0.9305999875068665, AccVa: 0.8560000061988831, CeTr: 0.21092399954795837, CeVa: 0.6187275648117065
Epoch: 28, AccTr: 0.9243000149726868, AccVa: 0.8679999709129333, CeTr: 0.2237021028995514, CeVa: 0.5932765007019043
Epoch: 29, AccTr: 0.9279999732971191, AccVa: 0.8560000061988831, CeTr: 0.21298886835575104, CeVa: 0.6069677472114563
Epoch: 30, AccTr: 0.9305999875068665, AccVa: 0.8610000014305115, CeTr: 0.21222715079784393, CeVa: 0.5887663960456848
ENSEMBLE | Tr_Acc: 0.9782000184059143, Tr_CE: 0.06571535766124725, Va_Acc: 0.9164999723434448, Va_CE: 0.30545732378959656
Epoch: 31, AccTr: 0.9279999732971191, AccVa: 0.8604999780654907, CeTr: 0.2036721259355545, CeVa: 0.5642005801200867
Epoch: 32, AccTr: 0.927299976348877, AccVa: 0.862500011920929, CeTr: 0.21345928311347961, CeVa: 0.5820014476776123
Epoch: 33, AccTr: 0.9283999800682068, AccVa: 0.8615000247955322, CeTr: 0.20903745293617249, CeVa: 0.6069187521934509
Epoch: 34, AccTr: 0.9280999898910522, AccVa: 0.8560000061988831, CeTr: 0.2180817872285843, CeVa: 0.6410459280014038
Epoch: 35, AccTr: 0.9275000095367432, AccVa: 0.8575000166893005, CeTr: 0.20864145457744598, CeVa: 0.6319357752799988
ENSEMBLE | Tr_Acc: 0.9793000221252441, Tr_CE: 0.060694579035043716, Va_Acc: 0.9175000190734863, Va_CE: 0.3012479245662689
Epoch: 36, AccTr: 0.9265999794006348, AccVa: 0.8604999780654907, CeTr: 0.20348422229290009, CeVa: 0.6027066707611084
Epoch: 37, AccTr: 0.9273999929428101, AccVa: 0.8585000038146973, CeTr: 0.2116110771894455, CeVa: 0.6211832165718079
Epoch: 38, AccTr: 0.920799970626831, AccVa: 0.8644999861717224, CeTr: 0.2174062430858612, CeVa: 0.5740078091621399
Epoch: 39, AccTr: 0.9279000163078308, AccVa: 0.8629999756813049, CeTr: 0.2067621648311615, CeVa: 0.564461886882782
Epoch: 40, AccTr: 0.9239000082015991, AccVa: 0.8604999780654907, CeTr: 0.21947996318340302, CeVa: 0.5840321183204651
ENSEMBLE | Tr_Acc: 0.9810000061988831, Tr_CE: 0.05740001052618027, Va_Acc: 0.9200000166893005, Va_CE: 0.2928987443447113
Epoch: 41, AccTr: 0.9258000254631042, AccVa: 0.8544999957084656, CeTr: 0.21039463579654694, CeVa: 0.5999382138252258
Epoch: 42, AccTr: 0.9222999811172485, AccVa: 0.8585000038146973, CeTr: 0.22412274777889252, CeVa: 0.6150977611541748
Epoch: 43, AccTr: 0.9294000267982483, AccVa: 0.8510000109672546, CeTr: 0.2092738002538681, CeVa: 0.6597261428833008
Epoch: 44, AccTr: 0.9251000285148621, AccVa: 0.8450000286102295, CeTr: 0.21446159482002258, CeVa: 0.6617486476898193
Epoch: 45, AccTr: 0.9254000186920166, AccVa: 0.8569999933242798, CeTr: 0.21812118589878082, CeVa: 0.5891962647438049
ENSEMBLE | Tr_Acc: 0.9828000068664551, Tr_CE: 0.05455566570162773, Va_Acc: 0.9210000038146973, Va_CE: 0.2877575755119324
Epoch: 46, AccTr: 0.9262999892234802, AccVa: 0.8445000052452087, CeTr: 0.2139759063720703, CeVa: 0.6321903467178345
Epoch: 47, AccTr: 0.9244999885559082, AccVa: 0.8479999899864197, CeTr: 0.22102054953575134, CeVa: 0.6399508118629456
Epoch: 48, AccTr: 0.927299976348877, AccVa: 0.8675000071525574, CeTr: 0.21323461830615997, CeVa: 0.5790790319442749
Epoch: 49, AccTr: 0.9297999739646912, AccVa: 0.8539999723434448, CeTr: 0.20966126024723053, CeVa: 0.6403148174285889
Epoch: 50, AccTr: 0.9266999959945679, AccVa: 0.859000027179718, CeTr: 0.21814453601837158, CeVa: 0.6237635016441345
ENSEMBLE | Tr_Acc: 0.9839000105857849, Tr_CE: 0.052007582038640976, Va_Acc: 0.9229999780654907, Va_CE: 0.28519442677497864
NN CONFIG
Weight-type:		ternary
Layout									Layer #1: 250	Layer #2: 220	
Activation Functions					Layer #1: ets	Layer #2: ets	
Keep probabilities		Layer #0: 1.0	Layer #1: 1.0	Layer #2: 1.0	
Flat factors							Layer #1: 1.0	Layer #2: 1.0	Layer #3: 1.0	
Activation Noise						Layer #1: 0.1	Layer #2: 0.1	Layer #3: 0.0	
Prior: 0.8

===================================

RUN CONFIG
Epochs: 50, Blocksize: 4

===================================

Epoch: 1, AccTr: 0.9108999967575073, AccVa: 0.8575000166893005, CeTr: 0.2696092426776886, CeVa: 0.5240750908851624
Epoch: 2, AccTr: 0.9214000105857849, AccVa: 0.8550000190734863, CeTr: 0.23626112937927246, CeVa: 0.5345736145973206
Epoch: 3, AccTr: 0.9211999773979187, AccVa: 0.859000027179718, CeTr: 0.22836509346961975, CeVa: 0.5190577507019043
Epoch: 4, AccTr: 0.9247999787330627, AccVa: 0.8684999942779541, CeTr: 0.2267504334449768, CeVa: 0.4940321743488312
Epoch: 5, AccTr: 0.9265999794006348, AccVa: 0.8684999942779541, CeTr: 0.2225731909275055, CeVa: 0.5086461305618286
ENSEMBLE | Tr_Acc: 0.9265999794006348, Tr_CE: 0.2225731909275055, Va_Acc: 0.8684999942779541, Va_CE: 0.5086461305618286
Epoch: 6, AccTr: 0.9254999756813049, AccVa: 0.8700000047683716, CeTr: 0.2193676233291626, CeVa: 0.49294647574424744
Epoch: 7, AccTr: 0.9296000003814697, AccVa: 0.8544999957084656, CeTr: 0.2115837186574936, CeVa: 0.5134785771369934
Epoch: 8, AccTr: 0.9226999878883362, AccVa: 0.8665000200271606, CeTr: 0.22371698915958405, CeVa: 0.5185098052024841
Epoch: 9, AccTr: 0.9309999942779541, AccVa: 0.8690000176429749, CeTr: 0.20555275678634644, CeVa: 0.5413002967834473
Epoch: 10, AccTr: 0.9276999831199646, AccVa: 0.8675000071525574, CeTr: 0.213759183883667, CeVa: 0.5248982310295105
ENSEMBLE | Tr_Acc: 0.9589999914169312, Tr_CE: 0.12348713725805283, Va_Acc: 0.8989999890327454, Va_CE: 0.36443889141082764
Epoch: 11, AccTr: 0.9236000180244446, AccVa: 0.862500011920929, CeTr: 0.2209530770778656, CeVa: 0.4869914650917053
Epoch: 12, AccTr: 0.9253000020980835, AccVa: 0.8629999756813049, CeTr: 0.21638935804367065, CeVa: 0.5255410075187683
Epoch: 13, AccTr: 0.923799991607666, AccVa: 0.8675000071525574, CeTr: 0.21315795183181763, CeVa: 0.5011264085769653
Epoch: 14, AccTr: 0.9218000173568726, AccVa: 0.843500018119812, CeTr: 0.2222224622964859, CeVa: 0.5758653283119202
Epoch: 15, AccTr: 0.9279999732971191, AccVa: 0.8604999780654907, CeTr: 0.21152295172214508, CeVa: 0.5325509309768677
ENSEMBLE | Tr_Acc: 0.9693999886512756, Tr_CE: 0.09789065271615982, Va_Acc: 0.9144999980926514, Va_CE: 0.3219822347164154
Epoch: 16, AccTr: 0.9217000007629395, AccVa: 0.8560000061988831, CeTr: 0.22206149995326996, CeVa: 0.5723512768745422
Epoch: 17, AccTr: 0.9207000136375427, AccVa: 0.8504999876022339, CeTr: 0.22769512236118317, CeVa: 0.5275312066078186
Epoch: 18, AccTr: 0.9265999794006348, AccVa: 0.8575000166893005, CeTr: 0.21412000060081482, CeVa: 0.5154281258583069
Epoch: 19, AccTr: 0.9271000027656555, AccVa: 0.8644999861717224, CeTr: 0.2239639163017273, CeVa: 0.5267440676689148
Epoch: 20, AccTr: 0.9254000186920166, AccVa: 0.8610000014305115, CeTr: 0.21525366604328156, CeVa: 0.49770092964172363
ENSEMBLE | Tr_Acc: 0.9726999998092651, Tr_CE: 0.0855909138917923, Va_Acc: 0.9175000190734863, Va_CE: 0.2962477207183838
Epoch: 21, AccTr: 0.9241999983787537, AccVa: 0.8619999885559082, CeTr: 0.222391277551651, CeVa: 0.5382227301597595
Epoch: 22, AccTr: 0.923799991607666, AccVa: 0.8500000238418579, CeTr: 0.22387973964214325, CeVa: 0.5523000359535217
Epoch: 23, AccTr: 0.9251000285148621, AccVa: 0.862500011920929, CeTr: 0.2262650430202484, CeVa: 0.5135785937309265
Epoch: 24, AccTr: 0.9254999756813049, AccVa: 0.8550000190734863, CeTr: 0.21526771783828735, CeVa: 0.530081570148468
Epoch: 25, AccTr: 0.9247999787330627, AccVa: 0.871999979019165, CeTr: 0.21394608914852142, CeVa: 0.48060888051986694
ENSEMBLE | Tr_Acc: 0.9760000109672546, Tr_CE: 0.07859668880701065, Va_Acc: 0.9210000038146973, Va_CE: 0.27928078174591064
Epoch: 26, AccTr: 0.9218999743461609, AccVa: 0.8525000214576721, CeTr: 0.22887453436851501, CeVa: 0.5560998320579529
Epoch: 27, AccTr: 0.9254000186920166, AccVa: 0.8489999771118164, CeTr: 0.2113277167081833, CeVa: 0.5455889105796814
Epoch: 28, AccTr: 0.925599992275238, AccVa: 0.8629999756813049, CeTr: 0.21565859019756317, CeVa: 0.514217734336853
Epoch: 29, AccTr: 0.9182999730110168, AccVa: 0.8544999957084656, CeTr: 0.22686591744422913, CeVa: 0.5447196364402771
Epoch: 30, AccTr: 0.925599992275238, AccVa: 0.862500011920929, CeTr: 0.2259104996919632, CeVa: 0.5168631076812744
ENSEMBLE | Tr_Acc: 0.9771000146865845, Tr_CE: 0.07480107247829437, Va_Acc: 0.9259999990463257, Va_CE: 0.2745448350906372
Epoch: 31, AccTr: 0.927299976348877, AccVa: 0.8740000128746033, CeTr: 0.21178984642028809, CeVa: 0.5098261833190918
Epoch: 32, AccTr: 0.9230999946594238, AccVa: 0.8640000224113464, CeTr: 0.21540507674217224, CeVa: 0.5326980948448181
Epoch: 33, AccTr: 0.9287999868392944, AccVa: 0.8644999861717224, CeTr: 0.2068268358707428, CeVa: 0.5117137432098389
Epoch: 34, AccTr: 0.9261999726295471, AccVa: 0.8550000190734863, CeTr: 0.20773115754127502, CeVa: 0.5618227124214172
Epoch: 35, AccTr: 0.9254000186920166, AccVa: 0.8514999747276306, CeTr: 0.2133437544107437, CeVa: 0.5933406352996826
ENSEMBLE | Tr_Acc: 0.9787999987602234, Tr_CE: 0.07043276727199554, Va_Acc: 0.921500027179718, Va_CE: 0.27357935905456543
Epoch: 36, AccTr: 0.9247999787330627, AccVa: 0.8659999966621399, CeTr: 0.2124049812555313, CeVa: 0.5466635823249817
Epoch: 37, AccTr: 0.9272000193595886, AccVa: 0.8665000200271606, CeTr: 0.20578381419181824, CeVa: 0.5017804503440857
Epoch: 38, AccTr: 0.9296000003814697, AccVa: 0.8679999709129333, CeTr: 0.20584218204021454, CeVa: 0.5031800270080566
Epoch: 39, AccTr: 0.9266999959945679, AccVa: 0.8554999828338623, CeTr: 0.2103724181652069, CeVa: 0.5544677376747131
Epoch: 40, AccTr: 0.9290000200271606, AccVa: 0.8669999837875366, CeTr: 0.20748217403888702, CeVa: 0.48630422353744507
ENSEMBLE | Tr_Acc: 0.9789999723434448, Tr_CE: 0.06730502843856812, Va_Acc: 0.9235000014305115, Va_CE: 0.26239845156669617
Epoch: 41, AccTr: 0.9261000156402588, AccVa: 0.862500011920929, CeTr: 0.20864741504192352, CeVa: 0.4990261197090149
Epoch: 42, AccTr: 0.9251000285148621, AccVa: 0.8610000014305115, CeTr: 0.21108251810073853, CeVa: 0.5136439800262451
Epoch: 43, AccTr: 0.9271000027656555, AccVa: 0.8610000014305115, CeTr: 0.21678833663463593, CeVa: 0.5466353893280029
Epoch: 44, AccTr: 0.9236000180244446, AccVa: 0.8554999828338623, CeTr: 0.22008933126926422, CeVa: 0.550504744052887
Epoch: 45, AccTr: 0.9244999885559082, AccVa: 0.8510000109672546, CeTr: 0.21574096381664276, CeVa: 0.5429797172546387
ENSEMBLE | Tr_Acc: 0.9807999730110168, Tr_CE: 0.06492511183023453, Va_Acc: 0.9254999756813049, Va_CE: 0.25622808933258057
Epoch: 46, AccTr: 0.9215999841690063, AccVa: 0.8604999780654907, CeTr: 0.22460180521011353, CeVa: 0.5045933723449707
Epoch: 47, AccTr: 0.9258000254631042, AccVa: 0.8650000095367432, CeTr: 0.21730278432369232, CeVa: 0.5183897614479065
Epoch: 48, AccTr: 0.9204999804496765, AccVa: 0.8550000190734863, CeTr: 0.2254217267036438, CeVa: 0.5249062776565552
Epoch: 49, AccTr: 0.9253000020980835, AccVa: 0.8709999918937683, CeTr: 0.2159259021282196, CeVa: 0.5094521045684814
Epoch: 50, AccTr: 0.9248999953269958, AccVa: 0.8615000247955322, CeTr: 0.21005547046661377, CeVa: 0.5354854464530945
ENSEMBLE | Tr_Acc: 0.9815999865531921, Tr_CE: 0.062901072204113, Va_Acc: 0.9284999966621399, Va_CE: 0.2529695928096771
Mod Accuracy || Mean: 0.8573750257492065	 Std: 0.005492904223501682
Ens Accuracy || Mean: 0.9256250262260437	 Std: 0.002072900300845504
Mod CE || Mean: 0.5709570050239563	 Std: 0.03732634335756302
Ens CE || Mean: 0.2710803151130676	 Std: 0.012587759643793106
