NN CONFIG
Weight-type:		ternary
Layout									Layer #1: 250	Layer #2: 220	
Activation Functions					Layer #1: ets	Layer #2: ets	
Keep probabilities		Layer #0: 1.0	Layer #1: 1.0	Layer #2: 1.0	
Flat factors							Layer #1: 1.0	Layer #2: 1.0	Layer #3: 1.0	
Activation Noise						Layer #1: 0.1	Layer #2: 0.1	Layer #3: 0.0	
Prior: 0.8

===================================

RUN CONFIG
Epochs: 50, Blocksize: 4

===================================

Input binarization: False
Epoch: 1, AccTr: 0.859000027179718, AccVa: 0.8330000042915344, CeTr: 0.44954153895378113, CeVa: 0.5334484577178955
Epoch: 2, AccTr: 0.8770999908447266, AccVa: 0.8489999771118164, CeTr: 0.400427907705307, CeVa: 0.5119868516921997
Epoch: 3, AccTr: 0.8812999725341797, AccVa: 0.8615000247955322, CeTr: 0.3736247420310974, CeVa: 0.467187762260437
Epoch: 4, AccTr: 0.8841000199317932, AccVa: 0.8585000038146973, CeTr: 0.3642418086528778, CeVa: 0.4590785801410675
Epoch: 5, AccTr: 0.8824999928474426, AccVa: 0.8529999852180481, CeTr: 0.36348894238471985, CeVa: 0.4694785475730896
ENSEMBLE | Tr_Acc: 0.8824999928474426, Tr_CE: 0.36348894238471985, Va_Acc: 0.8529999852180481, Va_CE: 0.4694785475730896
Epoch: 6, AccTr: 0.8847000002861023, AccVa: 0.862500011920929, CeTr: 0.3551270663738251, CeVa: 0.454989492893219
Epoch: 7, AccTr: 0.8883000016212463, AccVa: 0.8525000214576721, CeTr: 0.3509037494659424, CeVa: 0.48975682258605957
Epoch: 8, AccTr: 0.8876000046730042, AccVa: 0.8565000295639038, CeTr: 0.3572566509246826, CeVa: 0.49264243245124817
Epoch: 9, AccTr: 0.88919997215271, AccVa: 0.8604999780654907, CeTr: 0.34934890270233154, CeVa: 0.47719815373420715
Epoch: 10, AccTr: 0.8876000046730042, AccVa: 0.862500011920929, CeTr: 0.34213748574256897, CeVa: 0.4580215513706207
ENSEMBLE | Tr_Acc: 0.9174000024795532, Tr_CE: 0.25351977348327637, Va_Acc: 0.8880000114440918, Va_CE: 0.3560269773006439
Epoch: 11, AccTr: 0.8973000049591064, AccVa: 0.8539999723434448, CeTr: 0.32408297061920166, CeVa: 0.5123512148857117
Epoch: 12, AccTr: 0.8914999961853027, AccVa: 0.8560000061988831, CeTr: 0.3441047966480255, CeVa: 0.47783973813056946
Epoch: 13, AccTr: 0.8913000226020813, AccVa: 0.8679999709129333, CeTr: 0.34642431139945984, CeVa: 0.4582064747810364
Epoch: 14, AccTr: 0.8885999917984009, AccVa: 0.8569999933242798, CeTr: 0.3388623893260956, CeVa: 0.4970152974128723
Epoch: 15, AccTr: 0.8885999917984009, AccVa: 0.859499990940094, CeTr: 0.33545464277267456, CeVa: 0.4820133149623871
ENSEMBLE | Tr_Acc: 0.9315000176429749, Tr_CE: 0.21917136013507843, Va_Acc: 0.9020000100135803, Va_CE: 0.3229491114616394
Epoch: 16, AccTr: 0.8906000256538391, AccVa: 0.8634999990463257, CeTr: 0.3351556062698364, CeVa: 0.4563528895378113
Epoch: 17, AccTr: 0.8948000073432922, AccVa: 0.8604999780654907, CeTr: 0.33702871203422546, CeVa: 0.49990561604499817
Epoch: 18, AccTr: 0.8924999833106995, AccVa: 0.859000027179718, CeTr: 0.33324164152145386, CeVa: 0.5078409314155579
Epoch: 19, AccTr: 0.8917999863624573, AccVa: 0.8495000004768372, CeTr: 0.3407575488090515, CeVa: 0.463955819606781
Epoch: 20, AccTr: 0.8858000040054321, AccVa: 0.8575000166893005, CeTr: 0.34890884160995483, CeVa: 0.4871894419193268
ENSEMBLE | Tr_Acc: 0.9363999962806702, Tr_CE: 0.2039315402507782, Va_Acc: 0.9054999947547913, Va_CE: 0.31144654750823975
Epoch: 21, AccTr: 0.8934999704360962, AccVa: 0.8615000247955322, CeTr: 0.3347148299217224, CeVa: 0.497443825006485
Epoch: 22, AccTr: 0.8903999924659729, AccVa: 0.8610000014305115, CeTr: 0.3423222303390503, CeVa: 0.46661317348480225
Epoch: 23, AccTr: 0.8888000249862671, AccVa: 0.8550000190734863, CeTr: 0.343267560005188, CeVa: 0.4929850697517395
Epoch: 24, AccTr: 0.8934000134468079, AccVa: 0.8654999732971191, CeTr: 0.3375784754753113, CeVa: 0.47551602125167847
Epoch: 25, AccTr: 0.8914999961853027, AccVa: 0.8539999723434448, CeTr: 0.33966127038002014, CeVa: 0.4933037757873535
ENSEMBLE | Tr_Acc: 0.9397000074386597, Tr_CE: 0.1945035755634308, Va_Acc: 0.9104999899864197, Va_CE: 0.302428662776947
Epoch: 26, AccTr: 0.8921999931335449, AccVa: 0.8565000295639038, CeTr: 0.33927014470100403, CeVa: 0.5001593828201294
Epoch: 27, AccTr: 0.8938000202178955, AccVa: 0.8575000166893005, CeTr: 0.33974677324295044, CeVa: 0.49820491671562195
Epoch: 28, AccTr: 0.8919000029563904, AccVa: 0.8500000238418579, CeTr: 0.3427095115184784, CeVa: 0.5236521363258362
Epoch: 29, AccTr: 0.8883000016212463, AccVa: 0.8619999885559082, CeTr: 0.34261009097099304, CeVa: 0.47411999106407166
Epoch: 30, AccTr: 0.8898000121116638, AccVa: 0.8504999876022339, CeTr: 0.3458158075809479, CeVa: 0.5121603012084961
ENSEMBLE | Tr_Acc: 0.9404000043869019, Tr_CE: 0.18845650553703308, Va_Acc: 0.9120000004768372, Va_CE: 0.29953745007514954
Epoch: 31, AccTr: 0.8928999900817871, AccVa: 0.8629999756813049, CeTr: 0.33676502108573914, CeVa: 0.46915483474731445
Epoch: 32, AccTr: 0.8892999887466431, AccVa: 0.8644999861717224, CeTr: 0.35243481397628784, CeVa: 0.48732197284698486
Epoch: 33, AccTr: 0.8939999938011169, AccVa: 0.8654999732971191, CeTr: 0.3415229618549347, CeVa: 0.4814245104789734
Epoch: 34, AccTr: 0.890999972820282, AccVa: 0.8504999876022339, CeTr: 0.34367597103118896, CeVa: 0.5066128969192505
Epoch: 35, AccTr: 0.8877999782562256, AccVa: 0.8640000224113464, CeTr: 0.3524474501609802, CeVa: 0.4614269733428955
ENSEMBLE | Tr_Acc: 0.9419000148773193, Tr_CE: 0.183275505900383, Va_Acc: 0.9150000214576721, Va_CE: 0.29157713055610657
Epoch: 36, AccTr: 0.8895000219345093, AccVa: 0.8569999933242798, CeTr: 0.3489483892917633, CeVa: 0.4959835112094879
Epoch: 37, AccTr: 0.8910999894142151, AccVa: 0.8619999885559082, CeTr: 0.33203157782554626, CeVa: 0.4989762008190155
Epoch: 38, AccTr: 0.8956999778747559, AccVa: 0.8519999980926514, CeTr: 0.3308251202106476, CeVa: 0.5045186281204224
Epoch: 39, AccTr: 0.8928999900817871, AccVa: 0.859499990940094, CeTr: 0.33618420362472534, CeVa: 0.4730357825756073
Epoch: 40, AccTr: 0.8948000073432922, AccVa: 0.8665000200271606, CeTr: 0.3349096179008484, CeVa: 0.44217145442962646
ENSEMBLE | Tr_Acc: 0.9452000260353088, Tr_CE: 0.17835615575313568, Va_Acc: 0.9175000190734863, Va_CE: 0.28322869539260864
Epoch: 41, AccTr: 0.8944000005722046, AccVa: 0.8644999861717224, CeTr: 0.3339845836162567, CeVa: 0.4784897565841675
Epoch: 42, AccTr: 0.8945000171661377, AccVa: 0.8569999933242798, CeTr: 0.3298497498035431, CeVa: 0.5005152821540833
Epoch: 43, AccTr: 0.897599995136261, AccVa: 0.8865000009536743, CeTr: 0.3202531635761261, CeVa: 0.4306396543979645
Epoch: 44, AccTr: 0.8934999704360962, AccVa: 0.8659999966621399, CeTr: 0.33227092027664185, CeVa: 0.48141926527023315
Epoch: 45, AccTr: 0.8949999809265137, AccVa: 0.859499990940094, CeTr: 0.3254879415035248, CeVa: 0.5010560154914856
ENSEMBLE | Tr_Acc: 0.9466000199317932, Tr_CE: 0.17423471808433533, Va_Acc: 0.9185000061988831, Va_CE: 0.28290507197380066
Epoch: 46, AccTr: 0.8935999870300293, AccVa: 0.8634999990463257, CeTr: 0.33657965064048767, CeVa: 0.4489513337612152
Epoch: 47, AccTr: 0.89410001039505, AccVa: 0.8654999732971191, CeTr: 0.3283514678478241, CeVa: 0.4750671088695526
Epoch: 48, AccTr: 0.8980000019073486, AccVa: 0.8705000281333923, CeTr: 0.3258427083492279, CeVa: 0.4608757197856903
Epoch: 49, AccTr: 0.8935999870300293, AccVa: 0.8634999990463257, CeTr: 0.3282596170902252, CeVa: 0.4690323770046234
Epoch: 50, AccTr: 0.8895000219345093, AccVa: 0.8585000038146973, CeTr: 0.34181129932403564, CeVa: 0.4582405090332031
ENSEMBLE | Tr_Acc: 0.9480999708175659, Tr_CE: 0.1724422425031662, Va_Acc: 0.9210000038146973, Va_CE: 0.27915674448013306
NN CONFIG
Weight-type:		ternary
Layout									Layer #1: 250	Layer #2: 220	
Activation Functions					Layer #1: ets	Layer #2: ets	
Keep probabilities		Layer #0: 1.0	Layer #1: 1.0	Layer #2: 1.0	
Flat factors							Layer #1: 1.0	Layer #2: 1.0	Layer #3: 1.0	
Activation Noise						Layer #1: 0.1	Layer #2: 0.1	Layer #3: 0.0	
Prior: 0.8

===================================

RUN CONFIG
Epochs: 50, Blocksize: 4

===================================

Input binarization: False
Epoch: 1, AccTr: 0.8370000123977661, AccVa: 0.8215000033378601, CeTr: 0.5132263898849487, CeVa: 0.5579655766487122
Epoch: 2, AccTr: 0.870199978351593, AccVa: 0.8550000190734863, CeTr: 0.40946489572525024, CeVa: 0.47830283641815186
Epoch: 3, AccTr: 0.8784999847412109, AccVa: 0.8579999804496765, CeTr: 0.38595330715179443, CeVa: 0.45931825041770935
Epoch: 4, AccTr: 0.8794999718666077, AccVa: 0.8619999885559082, CeTr: 0.3730681538581848, CeVa: 0.47609129548072815
Epoch: 5, AccTr: 0.8883000016212463, AccVa: 0.8544999957084656, CeTr: 0.3515957295894623, CeVa: 0.48731330037117004
ENSEMBLE | Tr_Acc: 0.8883000016212463, Tr_CE: 0.3515957295894623, Va_Acc: 0.8544999957084656, Va_CE: 0.48731330037117004
Epoch: 6, AccTr: 0.8810999989509583, AccVa: 0.8565000295639038, CeTr: 0.3551310896873474, CeVa: 0.45238688588142395
Epoch: 7, AccTr: 0.8901000022888184, AccVa: 0.8535000085830688, CeTr: 0.3513840138912201, CeVa: 0.4599064290523529
Epoch: 8, AccTr: 0.8859000205993652, AccVa: 0.8604999780654907, CeTr: 0.3434803783893585, CeVa: 0.4701306223869324
Epoch: 9, AccTr: 0.8863999843597412, AccVa: 0.8705000281333923, CeTr: 0.3447572588920593, CeVa: 0.42922964692115784
Epoch: 10, AccTr: 0.8942999839782715, AccVa: 0.8665000200271606, CeTr: 0.34113574028015137, CeVa: 0.45902764797210693
ENSEMBLE | Tr_Acc: 0.9223999977111816, Tr_CE: 0.2532241642475128, Va_Acc: 0.8930000066757202, Va_CE: 0.3665226697921753
Epoch: 11, AccTr: 0.8932999968528748, AccVa: 0.8654999732971191, CeTr: 0.3287648558616638, CeVa: 0.44536590576171875
Epoch: 12, AccTr: 0.892799973487854, AccVa: 0.8694999814033508, CeTr: 0.3314777910709381, CeVa: 0.4334791600704193
Epoch: 13, AccTr: 0.8910999894142151, AccVa: 0.8730000257492065, CeTr: 0.336192786693573, CeVa: 0.446708083152771
Epoch: 14, AccTr: 0.8931000232696533, AccVa: 0.8575000166893005, CeTr: 0.3376857042312622, CeVa: 0.4663783609867096
Epoch: 15, AccTr: 0.8930000066757202, AccVa: 0.8654999732971191, CeTr: 0.3242614269256592, CeVa: 0.43860283493995667
ENSEMBLE | Tr_Acc: 0.934499979019165, Tr_CE: 0.21893352270126343, Va_Acc: 0.8999999761581421, Va_CE: 0.326776921749115
Epoch: 16, AccTr: 0.8853999972343445, AccVa: 0.871999979019165, CeTr: 0.33403095602989197, CeVa: 0.4411425292491913
Epoch: 17, AccTr: 0.8910999894142151, AccVa: 0.8700000047683716, CeTr: 0.33233529329299927, CeVa: 0.4313313066959381
Epoch: 18, AccTr: 0.8894000053405762, AccVa: 0.862500011920929, CeTr: 0.3341301679611206, CeVa: 0.44142812490463257
Epoch: 19, AccTr: 0.8924000263214111, AccVa: 0.8600000143051147, CeTr: 0.33399561047554016, CeVa: 0.4303068220615387
Epoch: 20, AccTr: 0.8925999999046326, AccVa: 0.8634999990463257, CeTr: 0.3345593214035034, CeVa: 0.43066248297691345
ENSEMBLE | Tr_Acc: 0.9377999901771545, Tr_CE: 0.20304210484027863, Va_Acc: 0.902999997138977, Va_CE: 0.30388107895851135
Epoch: 21, AccTr: 0.8906000256538391, AccVa: 0.8709999918937683, CeTr: 0.33614835143089294, CeVa: 0.4234810769557953
Epoch: 22, AccTr: 0.8920999765396118, AccVa: 0.8539999723434448, CeTr: 0.33902692794799805, CeVa: 0.4656970798969269
Epoch: 23, AccTr: 0.8902999758720398, AccVa: 0.8650000095367432, CeTr: 0.33263322710990906, CeVa: 0.45606476068496704
Epoch: 24, AccTr: 0.8945000171661377, AccVa: 0.8669999837875366, CeTr: 0.32773998379707336, CeVa: 0.46769654750823975
Epoch: 25, AccTr: 0.8889999985694885, AccVa: 0.862500011920929, CeTr: 0.3427745997905731, CeVa: 0.4746842086315155
ENSEMBLE | Tr_Acc: 0.9391999840736389, Tr_CE: 0.19529511034488678, Va_Acc: 0.9079999923706055, Va_CE: 0.2968165874481201
Epoch: 26, AccTr: 0.8863999843597412, AccVa: 0.8659999966621399, CeTr: 0.3468371033668518, CeVa: 0.46136683225631714
Epoch: 27, AccTr: 0.8919000029563904, AccVa: 0.871999979019165, CeTr: 0.33600255846977234, CeVa: 0.46653857827186584
Epoch: 28, AccTr: 0.8919000029563904, AccVa: 0.8675000071525574, CeTr: 0.33217504620552063, CeVa: 0.43609270453453064
Epoch: 29, AccTr: 0.8888000249862671, AccVa: 0.8554999828338623, CeTr: 0.33882030844688416, CeVa: 0.45907312631607056
Epoch: 30, AccTr: 0.8914999961853027, AccVa: 0.8709999918937683, CeTr: 0.3433018922805786, CeVa: 0.4620654881000519
ENSEMBLE | Tr_Acc: 0.9420999884605408, Tr_CE: 0.18990741670131683, Va_Acc: 0.9114999771118164, Va_CE: 0.29113954305648804
Epoch: 31, AccTr: 0.8903999924659729, AccVa: 0.8640000224113464, CeTr: 0.34567421674728394, CeVa: 0.4540556073188782
Epoch: 32, AccTr: 0.8895999789237976, AccVa: 0.8600000143051147, CeTr: 0.33393141627311707, CeVa: 0.48952117562294006
Epoch: 33, AccTr: 0.8891000151634216, AccVa: 0.8604999780654907, CeTr: 0.33922576904296875, CeVa: 0.48384520411491394
Epoch: 34, AccTr: 0.890500009059906, AccVa: 0.8665000200271606, CeTr: 0.3364142179489136, CeVa: 0.44112059473991394
Epoch: 35, AccTr: 0.892300009727478, AccVa: 0.8709999918937683, CeTr: 0.33876562118530273, CeVa: 0.4754970669746399
ENSEMBLE | Tr_Acc: 0.9424999952316284, Tr_CE: 0.1856893002986908, Va_Acc: 0.9135000109672546, Va_CE: 0.2885504961013794
Epoch: 36, AccTr: 0.8847000002861023, AccVa: 0.859499990940094, CeTr: 0.3427472710609436, CeVa: 0.470663458108902
Epoch: 37, AccTr: 0.8939999938011169, AccVa: 0.8579999804496765, CeTr: 0.3295226991176605, CeVa: 0.4769684970378876
Epoch: 38, AccTr: 0.8917999863624573, AccVa: 0.8514999747276306, CeTr: 0.33161377906799316, CeVa: 0.4741162061691284
Epoch: 39, AccTr: 0.8942999839782715, AccVa: 0.8759999871253967, CeTr: 0.3233497440814972, CeVa: 0.4520164132118225
Epoch: 40, AccTr: 0.8952000141143799, AccVa: 0.875, CeTr: 0.32852867245674133, CeVa: 0.41488009691238403
ENSEMBLE | Tr_Acc: 0.9449999928474426, Tr_CE: 0.18095481395721436, Va_Acc: 0.9139999747276306, Va_CE: 0.27896374464035034
Epoch: 41, AccTr: 0.8870000243186951, AccVa: 0.8730000257492065, CeTr: 0.3447110056877136, CeVa: 0.44449493288993835
Epoch: 42, AccTr: 0.8917999863624573, AccVa: 0.8644999861717224, CeTr: 0.3346380889415741, CeVa: 0.4589107036590576
Epoch: 43, AccTr: 0.892799973487854, AccVa: 0.871999979019165, CeTr: 0.32655489444732666, CeVa: 0.4329602122306824
Epoch: 44, AccTr: 0.8935999870300293, AccVa: 0.875, CeTr: 0.3290809690952301, CeVa: 0.45702987909317017
Epoch: 45, AccTr: 0.8924999833106995, AccVa: 0.8684999942779541, CeTr: 0.3253956735134125, CeVa: 0.44671621918678284
ENSEMBLE | Tr_Acc: 0.9449999928474426, Tr_CE: 0.17745158076286316, Va_Acc: 0.9169999957084656, Va_CE: 0.27534323930740356
Epoch: 46, AccTr: 0.8919000029563904, AccVa: 0.8644999861717224, CeTr: 0.3312254250049591, CeVa: 0.4497411251068115
Epoch: 47, AccTr: 0.8877000212669373, AccVa: 0.8659999966621399, CeTr: 0.3367646038532257, CeVa: 0.4513586461544037
Epoch: 48, AccTr: 0.8907999992370605, AccVa: 0.8700000047683716, CeTr: 0.34350594878196716, CeVa: 0.4316466152667999
Epoch: 49, AccTr: 0.8871999979019165, AccVa: 0.8610000014305115, CeTr: 0.35053038597106934, CeVa: 0.4629983901977539
Epoch: 50, AccTr: 0.890500009059906, AccVa: 0.8650000095367432, CeTr: 0.3347521722316742, CeVa: 0.4410446584224701
ENSEMBLE | Tr_Acc: 0.9456999897956848, Tr_CE: 0.1753322333097458, Va_Acc: 0.9179999828338623, Va_CE: 0.27137327194213867
NN CONFIG
Weight-type:		ternary
Layout									Layer #1: 250	Layer #2: 220	
Activation Functions					Layer #1: ets	Layer #2: ets	
Keep probabilities		Layer #0: 1.0	Layer #1: 1.0	Layer #2: 1.0	
Flat factors							Layer #1: 1.0	Layer #2: 1.0	Layer #3: 1.0	
Activation Noise						Layer #1: 0.1	Layer #2: 0.1	Layer #3: 0.0	
Prior: 0.8

===================================

RUN CONFIG
Epochs: 50, Blocksize: 4

===================================

Input binarization: False
Epoch: 1, AccTr: 0.843500018119812, AccVa: 0.8445000052452087, CeTr: 0.4795888662338257, CeVa: 0.47275838255882263
Epoch: 2, AccTr: 0.8819000124931335, AccVa: 0.8510000109672546, CeTr: 0.3759081959724426, CeVa: 0.4713156223297119
Epoch: 3, AccTr: 0.8837000131607056, AccVa: 0.8650000095367432, CeTr: 0.3665978014469147, CeVa: 0.45830395817756653
Epoch: 4, AccTr: 0.8906999826431274, AccVa: 0.8579999804496765, CeTr: 0.34679779410362244, CeVa: 0.4699370861053467
Epoch: 5, AccTr: 0.8877000212669373, AccVa: 0.859000027179718, CeTr: 0.35783517360687256, CeVa: 0.46797215938568115
ENSEMBLE | Tr_Acc: 0.8877000212669373, Tr_CE: 0.35783517360687256, Va_Acc: 0.859000027179718, Va_CE: 0.46797215938568115
Epoch: 6, AccTr: 0.8892999887466431, AccVa: 0.8610000014305115, CeTr: 0.3527706563472748, CeVa: 0.49532610177993774
Epoch: 7, AccTr: 0.8892999887466431, AccVa: 0.8700000047683716, CeTr: 0.34675726294517517, CeVa: 0.43743279576301575
Epoch: 8, AccTr: 0.8862000107765198, AccVa: 0.8659999966621399, CeTr: 0.3604540228843689, CeVa: 0.4557449519634247
Epoch: 9, AccTr: 0.8902000188827515, AccVa: 0.8640000224113464, CeTr: 0.3436327576637268, CeVa: 0.4967139959335327
Epoch: 10, AccTr: 0.8910999894142151, AccVa: 0.859499990940094, CeTr: 0.345141738653183, CeVa: 0.47921472787857056
ENSEMBLE | Tr_Acc: 0.9240000247955322, Tr_CE: 0.25093916058540344, Va_Acc: 0.8914999961853027, Va_CE: 0.36477234959602356
Epoch: 11, AccTr: 0.8930000066757202, AccVa: 0.8569999933242798, CeTr: 0.3453652262687683, CeVa: 0.4898059070110321
Epoch: 12, AccTr: 0.892300009727478, AccVa: 0.8669999837875366, CeTr: 0.34284427762031555, CeVa: 0.4594229757785797
Epoch: 13, AccTr: 0.8920999765396118, AccVa: 0.8650000095367432, CeTr: 0.34051209688186646, CeVa: 0.4697524309158325
Epoch: 14, AccTr: 0.8914999961853027, AccVa: 0.8544999957084656, CeTr: 0.3530028760433197, CeVa: 0.4978698492050171
Epoch: 15, AccTr: 0.8956000208854675, AccVa: 0.8619999885559082, CeTr: 0.335812509059906, CeVa: 0.46356499195098877
ENSEMBLE | Tr_Acc: 0.9341999888420105, Tr_CE: 0.2157335728406906, Va_Acc: 0.9045000076293945, Va_CE: 0.33067724108695984
Epoch: 16, AccTr: 0.8899999856948853, AccVa: 0.8565000295639038, CeTr: 0.3575846552848816, CeVa: 0.5053183436393738
Epoch: 17, AccTr: 0.8928999900817871, AccVa: 0.8629999756813049, CeTr: 0.3350914418697357, CeVa: 0.47607094049453735
Epoch: 18, AccTr: 0.894599974155426, AccVa: 0.8610000014305115, CeTr: 0.3447238802909851, CeVa: 0.47887158393859863
Epoch: 19, AccTr: 0.8914999961853027, AccVa: 0.8654999732971191, CeTr: 0.3347184956073761, CeVa: 0.5065644979476929
Epoch: 20, AccTr: 0.892300009727478, AccVa: 0.8794999718666077, CeTr: 0.3423340320587158, CeVa: 0.4482508599758148
ENSEMBLE | Tr_Acc: 0.9386000037193298, Tr_CE: 0.1990005224943161, Va_Acc: 0.9100000262260437, Va_CE: 0.3055528402328491
Epoch: 21, AccTr: 0.8920999765396118, AccVa: 0.8700000047683716, CeTr: 0.34816402196884155, CeVa: 0.4554225206375122
Epoch: 22, AccTr: 0.8913999795913696, AccVa: 0.859000027179718, CeTr: 0.3384505808353424, CeVa: 0.4957447350025177
Epoch: 23, AccTr: 0.8946999907493591, AccVa: 0.8684999942779541, CeTr: 0.3361605405807495, CeVa: 0.45458903908729553
Epoch: 24, AccTr: 0.8945000171661377, AccVa: 0.8650000095367432, CeTr: 0.3335005044937134, CeVa: 0.45840904116630554
Epoch: 25, AccTr: 0.8938000202178955, AccVa: 0.8600000143051147, CeTr: 0.340304970741272, CeVa: 0.4758387804031372
ENSEMBLE | Tr_Acc: 0.9429000020027161, Tr_CE: 0.18862077593803406, Va_Acc: 0.9120000004768372, Va_CE: 0.29502883553504944
Epoch: 26, AccTr: 0.8978999853134155, AccVa: 0.8684999942779541, CeTr: 0.33678197860717773, CeVa: 0.46639782190322876
Epoch: 27, AccTr: 0.8920999765396118, AccVa: 0.8679999709129333, CeTr: 0.33840301632881165, CeVa: 0.47879257798194885
Epoch: 28, AccTr: 0.8981999754905701, AccVa: 0.8504999876022339, CeTr: 0.3260652720928192, CeVa: 0.5236760377883911
Epoch: 29, AccTr: 0.894599974155426, AccVa: 0.8709999918937683, CeTr: 0.3399106562137604, CeVa: 0.49379846453666687
Epoch: 30, AccTr: 0.8931999802589417, AccVa: 0.8615000247955322, CeTr: 0.33666256070137024, CeVa: 0.5008161067962646
ENSEMBLE | Tr_Acc: 0.9437000155448914, Tr_CE: 0.18148374557495117, Va_Acc: 0.9150000214576721, Va_CE: 0.29148218035697937
Epoch: 31, AccTr: 0.8920000195503235, AccVa: 0.8615000247955322, CeTr: 0.34563741087913513, CeVa: 0.48658543825149536
Epoch: 32, AccTr: 0.8939999938011169, AccVa: 0.8600000143051147, CeTr: 0.34515058994293213, CeVa: 0.5003087520599365
Epoch: 33, AccTr: 0.8942000269889832, AccVa: 0.8730000257492065, CeTr: 0.33727630972862244, CeVa: 0.4826280474662781
Epoch: 34, AccTr: 0.896399974822998, AccVa: 0.8679999709129333, CeTr: 0.3352665305137634, CeVa: 0.47692200541496277
Epoch: 35, AccTr: 0.8949000239372253, AccVa: 0.8665000200271606, CeTr: 0.34289324283599854, CeVa: 0.48798155784606934
ENSEMBLE | Tr_Acc: 0.9453999996185303, Tr_CE: 0.17672139406204224, Va_Acc: 0.9139999747276306, Va_CE: 0.2897037863731384
Epoch: 36, AccTr: 0.89410001039505, AccVa: 0.8615000247955322, CeTr: 0.3363278806209564, CeVa: 0.4884827136993408
Epoch: 37, AccTr: 0.8953999876976013, AccVa: 0.8619999885559082, CeTr: 0.3280832767486572, CeVa: 0.4962403178215027
Epoch: 38, AccTr: 0.892799973487854, AccVa: 0.8619999885559082, CeTr: 0.3493547737598419, CeVa: 0.49711161851882935
Epoch: 39, AccTr: 0.8917999863624573, AccVa: 0.8654999732971191, CeTr: 0.33822503685951233, CeVa: 0.466013103723526
Epoch: 40, AccTr: 0.8948000073432922, AccVa: 0.8774999976158142, CeTr: 0.34255826473236084, CeVa: 0.44913485646247864
ENSEMBLE | Tr_Acc: 0.9462000131607056, Tr_CE: 0.1736697107553482, Va_Acc: 0.9139999747276306, Va_CE: 0.28371164202690125
Epoch: 41, AccTr: 0.8953999876976013, AccVa: 0.8715000152587891, CeTr: 0.3334961533546448, CeVa: 0.45085859298706055
Epoch: 42, AccTr: 0.8939999938011169, AccVa: 0.8604999780654907, CeTr: 0.3338628113269806, CeVa: 0.4970574676990509
Epoch: 43, AccTr: 0.8934999704360962, AccVa: 0.8619999885559082, CeTr: 0.3275914490222931, CeVa: 0.4664101004600525
Epoch: 44, AccTr: 0.8944000005722046, AccVa: 0.8579999804496765, CeTr: 0.3330160081386566, CeVa: 0.5018215775489807
Epoch: 45, AccTr: 0.894599974155426, AccVa: 0.8604999780654907, CeTr: 0.34306734800338745, CeVa: 0.49074795842170715
ENSEMBLE | Tr_Acc: 0.9467999935150146, Tr_CE: 0.17153656482696533, Va_Acc: 0.9150000214576721, Va_CE: 0.2833956778049469
Epoch: 46, AccTr: 0.8884000182151794, AccVa: 0.8579999804496765, CeTr: 0.34730300307273865, CeVa: 0.485565185546875
Epoch: 47, AccTr: 0.8919000029563904, AccVa: 0.8504999876022339, CeTr: 0.3417411148548126, CeVa: 0.5196865200996399
Epoch: 48, AccTr: 0.8924000263214111, AccVa: 0.8529999852180481, CeTr: 0.33927005529403687, CeVa: 0.5131052136421204
Epoch: 49, AccTr: 0.8907999992370605, AccVa: 0.8650000095367432, CeTr: 0.3464486300945282, CeVa: 0.48662230372428894
Epoch: 50, AccTr: 0.8931000232696533, AccVa: 0.8654999732971191, CeTr: 0.3414222300052643, CeVa: 0.4731234610080719
ENSEMBLE | Tr_Acc: 0.9473999738693237, Tr_CE: 0.16986116766929626, Va_Acc: 0.9169999957084656, Va_CE: 0.2808466851711273
NN CONFIG
Weight-type:		ternary
Layout									Layer #1: 250	Layer #2: 220	
Activation Functions					Layer #1: ets	Layer #2: ets	
Keep probabilities		Layer #0: 1.0	Layer #1: 1.0	Layer #2: 1.0	
Flat factors							Layer #1: 1.0	Layer #2: 1.0	Layer #3: 1.0	
Activation Noise						Layer #1: 0.1	Layer #2: 0.1	Layer #3: 0.0	
Prior: 0.8

===================================

RUN CONFIG
Epochs: 50, Blocksize: 4

===================================

Input binarization: False
Epoch: 1, AccTr: 0.8529000282287598, AccVa: 0.8274999856948853, CeTr: 0.4734662175178528, CeVa: 0.5462089776992798
Epoch: 2, AccTr: 0.8770999908447266, AccVa: 0.8450000286102295, CeTr: 0.40367254614830017, CeVa: 0.5008225440979004
Epoch: 3, AccTr: 0.8826000094413757, AccVa: 0.8569999933242798, CeTr: 0.3675800859928131, CeVa: 0.4704880118370056
Epoch: 4, AccTr: 0.8844000101089478, AccVa: 0.8450000286102295, CeTr: 0.3710283041000366, CeVa: 0.5276294946670532
Epoch: 5, AccTr: 0.8866000175476074, AccVa: 0.8500000238418579, CeTr: 0.35045313835144043, CeVa: 0.4733360707759857
ENSEMBLE | Tr_Acc: 0.8866000175476074, Tr_CE: 0.35045313835144043, Va_Acc: 0.8500000238418579, Va_CE: 0.4733360707759857
Epoch: 6, AccTr: 0.88919997215271, AccVa: 0.8460000157356262, CeTr: 0.3418112099170685, CeVa: 0.5141972899436951
Epoch: 7, AccTr: 0.8878999948501587, AccVa: 0.8529999852180481, CeTr: 0.35278481245040894, CeVa: 0.47515034675598145
Epoch: 8, AccTr: 0.8916000127792358, AccVa: 0.8629999756813049, CeTr: 0.33530908823013306, CeVa: 0.4439827799797058
Epoch: 9, AccTr: 0.8884999752044678, AccVa: 0.859499990940094, CeTr: 0.34389418363571167, CeVa: 0.45553216338157654
Epoch: 10, AccTr: 0.8876000046730042, AccVa: 0.8575000166893005, CeTr: 0.3416935205459595, CeVa: 0.4630522131919861
ENSEMBLE | Tr_Acc: 0.9190000295639038, Tr_CE: 0.25020673871040344, Va_Acc: 0.8859999775886536, Va_CE: 0.36323508620262146
Epoch: 11, AccTr: 0.892799973487854, AccVa: 0.8734999895095825, CeTr: 0.3390277922153473, CeVa: 0.4472408592700958
Epoch: 12, AccTr: 0.8938000202178955, AccVa: 0.8619999885559082, CeTr: 0.33471450209617615, CeVa: 0.47486644983291626
Epoch: 13, AccTr: 0.8935999870300293, AccVa: 0.8585000038146973, CeTr: 0.3337913155555725, CeVa: 0.488381028175354
Epoch: 14, AccTr: 0.8952000141143799, AccVa: 0.8665000200271606, CeTr: 0.3389917016029358, CeVa: 0.4542733430862427
Epoch: 15, AccTr: 0.8910999894142151, AccVa: 0.8495000004768372, CeTr: 0.3343993127346039, CeVa: 0.487885445356369
ENSEMBLE | Tr_Acc: 0.9330000281333923, Tr_CE: 0.21760742366313934, Va_Acc: 0.8980000019073486, Va_CE: 0.33597272634506226
Epoch: 16, AccTr: 0.8913999795913696, AccVa: 0.8615000247955322, CeTr: 0.33010151982307434, CeVa: 0.4795547127723694
Epoch: 17, AccTr: 0.8924000263214111, AccVa: 0.8644999861717224, CeTr: 0.33148640394210815, CeVa: 0.4631810188293457
Epoch: 18, AccTr: 0.8910999894142151, AccVa: 0.8669999837875366, CeTr: 0.32684123516082764, CeVa: 0.4477517604827881
Epoch: 19, AccTr: 0.8932999968528748, AccVa: 0.8744999766349792, CeTr: 0.3290303647518158, CeVa: 0.43573930859565735
Epoch: 20, AccTr: 0.892300009727478, AccVa: 0.8535000085830688, CeTr: 0.32280200719833374, CeVa: 0.47863635420799255
ENSEMBLE | Tr_Acc: 0.9384999871253967, Tr_CE: 0.20143814384937286, Va_Acc: 0.9010000228881836, Va_CE: 0.3187599182128906
Epoch: 21, AccTr: 0.892300009727478, AccVa: 0.8604999780654907, CeTr: 0.3250299096107483, CeVa: 0.4716322720050812
Epoch: 22, AccTr: 0.8920999765396118, AccVa: 0.8504999876022339, CeTr: 0.3309164345264435, CeVa: 0.486298531293869
Epoch: 23, AccTr: 0.8899999856948853, AccVa: 0.8610000014305115, CeTr: 0.3383525609970093, CeVa: 0.47797009348869324
Epoch: 24, AccTr: 0.8934000134468079, AccVa: 0.8675000071525574, CeTr: 0.3286784589290619, CeVa: 0.4604601263999939
Epoch: 25, AccTr: 0.8962000012397766, AccVa: 0.8700000047683716, CeTr: 0.3259916603565216, CeVa: 0.4504339396953583
ENSEMBLE | Tr_Acc: 0.9412000179290771, Tr_CE: 0.19283966720104218, Va_Acc: 0.9024999737739563, Va_CE: 0.30676957964897156
Epoch: 26, AccTr: 0.892300009727478, AccVa: 0.8644999861717224, CeTr: 0.3352338373661041, CeVa: 0.46544942259788513
Epoch: 27, AccTr: 0.8931999802589417, AccVa: 0.8669999837875366, CeTr: 0.33127978444099426, CeVa: 0.43502113223075867
Epoch: 28, AccTr: 0.8963000178337097, AccVa: 0.8694999814033508, CeTr: 0.33263686299324036, CeVa: 0.4579477906227112
Epoch: 29, AccTr: 0.8938999772071838, AccVa: 0.8539999723434448, CeTr: 0.3356299102306366, CeVa: 0.4806003272533417
Epoch: 30, AccTr: 0.8914999961853027, AccVa: 0.8610000014305115, CeTr: 0.33542871475219727, CeVa: 0.49348312616348267
ENSEMBLE | Tr_Acc: 0.9434000253677368, Tr_CE: 0.1883423775434494, Va_Acc: 0.9129999876022339, Va_CE: 0.3010130822658539
Epoch: 31, AccTr: 0.8949999809265137, AccVa: 0.8600000143051147, CeTr: 0.32829779386520386, CeVa: 0.4437882602214813
Epoch: 32, AccTr: 0.894599974155426, AccVa: 0.862500011920929, CeTr: 0.33698561787605286, CeVa: 0.468924880027771
Epoch: 33, AccTr: 0.8920999765396118, AccVa: 0.871999979019165, CeTr: 0.3349420130252838, CeVa: 0.4481622874736786
Epoch: 34, AccTr: 0.89410001039505, AccVa: 0.8650000095367432, CeTr: 0.3303225040435791, CeVa: 0.4755564033985138
Epoch: 35, AccTr: 0.8924000263214111, AccVa: 0.8640000224113464, CeTr: 0.3298933207988739, CeVa: 0.4537293612957001
ENSEMBLE | Tr_Acc: 0.944599986076355, Tr_CE: 0.18302258849143982, Va_Acc: 0.9164999723434448, Va_CE: 0.2943055033683777
Epoch: 36, AccTr: 0.8927000164985657, AccVa: 0.875, CeTr: 0.334959477186203, CeVa: 0.4432445168495178
Epoch: 37, AccTr: 0.8914999961853027, AccVa: 0.8629999756813049, CeTr: 0.332185834646225, CeVa: 0.4661511182785034
Epoch: 38, AccTr: 0.8924999833106995, AccVa: 0.871999979019165, CeTr: 0.33539023995399475, CeVa: 0.4561353921890259
Epoch: 39, AccTr: 0.890999972820282, AccVa: 0.8700000047683716, CeTr: 0.3352901339530945, CeVa: 0.46172359585762024
Epoch: 40, AccTr: 0.8931999802589417, AccVa: 0.8669999837875366, CeTr: 0.3385923206806183, CeVa: 0.4844779074192047
ENSEMBLE | Tr_Acc: 0.944100022315979, Tr_CE: 0.18047626316547394, Va_Acc: 0.9154999852180481, Va_CE: 0.2927941381931305
Epoch: 41, AccTr: 0.8968999981880188, AccVa: 0.8709999918937683, CeTr: 0.33763056993484497, CeVa: 0.4293666183948517
Epoch: 42, AccTr: 0.8935999870300293, AccVa: 0.8644999861717224, CeTr: 0.3278806805610657, CeVa: 0.46411949396133423
Epoch: 43, AccTr: 0.896399974822998, AccVa: 0.8600000143051147, CeTr: 0.32021185755729675, CeVa: 0.4786682724952698
Epoch: 44, AccTr: 0.8870999813079834, AccVa: 0.8659999966621399, CeTr: 0.3353080153465271, CeVa: 0.4659787714481354
Epoch: 45, AccTr: 0.8955000042915344, AccVa: 0.8659999966621399, CeTr: 0.3391949236392975, CeVa: 0.4486074149608612
ENSEMBLE | Tr_Acc: 0.9441999793052673, Tr_CE: 0.17875906825065613, Va_Acc: 0.9160000085830688, Va_CE: 0.2871052324771881
Epoch: 46, AccTr: 0.8960000276565552, AccVa: 0.8640000224113464, CeTr: 0.3220924735069275, CeVa: 0.4589909017086029
Epoch: 47, AccTr: 0.8949000239372253, AccVa: 0.8634999990463257, CeTr: 0.32391858100891113, CeVa: 0.4606192111968994
Epoch: 48, AccTr: 0.8937000036239624, AccVa: 0.8579999804496765, CeTr: 0.33063551783561707, CeVa: 0.4600110352039337
Epoch: 49, AccTr: 0.8982999920845032, AccVa: 0.8709999918937683, CeTr: 0.32741937041282654, CeVa: 0.44609391689300537
Epoch: 50, AccTr: 0.8873000144958496, AccVa: 0.8700000047683716, CeTr: 0.334699809551239, CeVa: 0.4615561366081238
ENSEMBLE | Tr_Acc: 0.9456999897956848, Tr_CE: 0.17627863585948944, Va_Acc: 0.9160000085830688, Va_CE: 0.285506010055542
Mod Accuracy || Mean: 0.8647500276565552	 Std: 0.004100303631275892
Ens Accuracy || Mean: 0.9179999828338623	 Std: 0.0018708285642787814
Mod CE || Mean: 0.4584912061691284	 Std: 0.011488488875329494
Ens CE || Mean: 0.27922067046165466	 Std: 0.00509252306073904
