NN CONFIG
Weight-type:		ternary
Layout									Layer #1: 250	Layer #2: 220	
Activation Functions					Layer #1: ets	Layer #2: ets	
Keep probabilities		Layer #0: 1.0	Layer #1: 1.0	Layer #2: 1.0	
Flat factors							Layer #1: 1.0	Layer #2: 1.0	Layer #3: 1.0	
Activation Noise						Layer #1: 0.1	Layer #2: 0.1	Layer #3: 0.0	
Prior: 0.8

===================================

RUN CONFIG
Epochs: 50, Blocksize: 4

===================================

Input binarization: False
Epoch: 1, AccTr: 0.8963000178337097, AccVa: 0.8675000071525574, CeTr: 0.3368873596191406, CeVa: 0.4553849399089813
Epoch: 2, AccTr: 0.9036999940872192, AccVa: 0.8725000023841858, CeTr: 0.30477049946784973, CeVa: 0.43985071778297424
Epoch: 3, AccTr: 0.909500002861023, AccVa: 0.8815000057220459, CeTr: 0.2960752844810486, CeVa: 0.45311570167541504
Epoch: 4, AccTr: 0.9064000248908997, AccVa: 0.8820000290870667, CeTr: 0.29447734355926514, CeVa: 0.41286155581474304
Epoch: 5, AccTr: 0.9072999954223633, AccVa: 0.8665000200271606, CeTr: 0.30000337958335876, CeVa: 0.4679391384124756
ENSEMBLE | Tr_Acc: 0.9072999954223633, Tr_CE: 0.30000337958335876, Va_Acc: 0.8665000200271606, Va_CE: 0.4679391384124756
Epoch: 6, AccTr: 0.9059000015258789, AccVa: 0.878000020980835, CeTr: 0.2932717204093933, CeVa: 0.4278285801410675
Epoch: 7, AccTr: 0.9042999744415283, AccVa: 0.8734999895095825, CeTr: 0.30303263664245605, CeVa: 0.45130130648612976
Epoch: 8, AccTr: 0.9002000093460083, AccVa: 0.8709999918937683, CeTr: 0.3024666905403137, CeVa: 0.4603055417537689
Epoch: 9, AccTr: 0.9014999866485596, AccVa: 0.8774999976158142, CeTr: 0.3062746822834015, CeVa: 0.4293411672115326
Epoch: 10, AccTr: 0.9060999751091003, AccVa: 0.8665000200271606, CeTr: 0.2902110517024994, CeVa: 0.4411599636077881
ENSEMBLE | Tr_Acc: 0.9347000122070312, Tr_CE: 0.20548024773597717, Va_Acc: 0.9014999866485596, Va_CE: 0.3435901403427124
Epoch: 11, AccTr: 0.9056000113487244, AccVa: 0.8669999837875366, CeTr: 0.28862181305885315, CeVa: 0.43949583172798157
Epoch: 12, AccTr: 0.9081000089645386, AccVa: 0.8809999823570251, CeTr: 0.29380956292152405, CeVa: 0.44637444615364075
Epoch: 13, AccTr: 0.9082000255584717, AccVa: 0.8824999928474426, CeTr: 0.2894380986690521, CeVa: 0.42549148201942444
Epoch: 14, AccTr: 0.9061999917030334, AccVa: 0.8794999718666077, CeTr: 0.2864900529384613, CeVa: 0.42241719365119934
Epoch: 15, AccTr: 0.9090999960899353, AccVa: 0.8694999814033508, CeTr: 0.2865532636642456, CeVa: 0.4084048867225647
ENSEMBLE | Tr_Acc: 0.9445000290870667, Tr_CE: 0.175384521484375, Va_Acc: 0.9169999957084656, Va_CE: 0.2948469817638397
Epoch: 16, AccTr: 0.9072999954223633, AccVa: 0.887499988079071, CeTr: 0.29607993364334106, CeVa: 0.37773025035858154
Epoch: 17, AccTr: 0.9053999781608582, AccVa: 0.8769999742507935, CeTr: 0.28156840801239014, CeVa: 0.4339492619037628
Epoch: 18, AccTr: 0.9092000126838684, AccVa: 0.8700000047683716, CeTr: 0.2859436273574829, CeVa: 0.4490809142589569
Epoch: 19, AccTr: 0.9042999744415283, AccVa: 0.8684999942779541, CeTr: 0.2901727855205536, CeVa: 0.4504048228263855
Epoch: 20, AccTr: 0.9085000157356262, AccVa: 0.8759999871253967, CeTr: 0.28220614790916443, CeVa: 0.464552104473114
ENSEMBLE | Tr_Acc: 0.949999988079071, Tr_CE: 0.16104523837566376, Va_Acc: 0.9150000214576721, Va_CE: 0.2870640754699707
Epoch: 21, AccTr: 0.907800018787384, AccVa: 0.8784999847412109, CeTr: 0.2956361770629883, CeVa: 0.4326847195625305
Epoch: 22, AccTr: 0.9034000039100647, AccVa: 0.8740000128746033, CeTr: 0.29396122694015503, CeVa: 0.4473320543766022
Epoch: 23, AccTr: 0.9046000242233276, AccVa: 0.8794999718666077, CeTr: 0.2999342381954193, CeVa: 0.443989634513855
Epoch: 24, AccTr: 0.9093000292778015, AccVa: 0.8725000023841858, CeTr: 0.27891770005226135, CeVa: 0.42462384700775146
Epoch: 25, AccTr: 0.9085000157356262, AccVa: 0.8799999952316284, CeTr: 0.2917516529560089, CeVa: 0.42120328545570374
ENSEMBLE | Tr_Acc: 0.95169997215271, Tr_CE: 0.15223635733127594, Va_Acc: 0.9204999804496765, Va_CE: 0.27154654264450073
Epoch: 26, AccTr: 0.907800018787384, AccVa: 0.8659999966621399, CeTr: 0.29245054721832275, CeVa: 0.446018785238266
Epoch: 27, AccTr: 0.9056000113487244, AccVa: 0.8794999718666077, CeTr: 0.3033418655395508, CeVa: 0.42104706168174744
Epoch: 28, AccTr: 0.9021999835968018, AccVa: 0.8709999918937683, CeTr: 0.3044986426830292, CeVa: 0.444882333278656
Epoch: 29, AccTr: 0.9063000082969666, AccVa: 0.8740000128746033, CeTr: 0.28953829407691956, CeVa: 0.4199138581752777
Epoch: 30, AccTr: 0.9075999855995178, AccVa: 0.8740000128746033, CeTr: 0.3013572692871094, CeVa: 0.44009628891944885
ENSEMBLE | Tr_Acc: 0.9546999931335449, Tr_CE: 0.14767083525657654, Va_Acc: 0.9240000247955322, Va_CE: 0.26462674140930176
Epoch: 31, AccTr: 0.9089000225067139, AccVa: 0.8740000128746033, CeTr: 0.29182446002960205, CeVa: 0.4408034384250641
Epoch: 32, AccTr: 0.9057999849319458, AccVa: 0.878000020980835, CeTr: 0.29610592126846313, CeVa: 0.4189962148666382
Epoch: 33, AccTr: 0.9050999879837036, AccVa: 0.8740000128746033, CeTr: 0.3033480942249298, CeVa: 0.45622074604034424
Epoch: 34, AccTr: 0.9053000211715698, AccVa: 0.8725000023841858, CeTr: 0.29643306136131287, CeVa: 0.45010972023010254
Epoch: 35, AccTr: 0.9078999757766724, AccVa: 0.8759999871253967, CeTr: 0.292955219745636, CeVa: 0.431182324886322
ENSEMBLE | Tr_Acc: 0.9550999999046326, Tr_CE: 0.14302262663841248, Va_Acc: 0.9229999780654907, Va_CE: 0.2585480213165283
Epoch: 36, AccTr: 0.9042999744415283, AccVa: 0.8705000281333923, CeTr: 0.3027617633342743, CeVa: 0.4419275224208832
Epoch: 37, AccTr: 0.902999997138977, AccVa: 0.8725000023841858, CeTr: 0.30424147844314575, CeVa: 0.42731937766075134
Epoch: 38, AccTr: 0.9024999737739563, AccVa: 0.8725000023841858, CeTr: 0.30350029468536377, CeVa: 0.45266270637512207
Epoch: 39, AccTr: 0.9035999774932861, AccVa: 0.8734999895095825, CeTr: 0.3045085072517395, CeVa: 0.41820386052131653
Epoch: 40, AccTr: 0.9031999707221985, AccVa: 0.8815000057220459, CeTr: 0.31251582503318787, CeVa: 0.42684245109558105
ENSEMBLE | Tr_Acc: 0.955299973487854, Tr_CE: 0.1418924629688263, Va_Acc: 0.925000011920929, Va_CE: 0.2570570707321167
Epoch: 41, AccTr: 0.9043999910354614, AccVa: 0.8820000290870667, CeTr: 0.29210004210472107, CeVa: 0.4146404564380646
Epoch: 42, AccTr: 0.9034000039100647, AccVa: 0.8784999847412109, CeTr: 0.2943747937679291, CeVa: 0.40884560346603394
Epoch: 43, AccTr: 0.9046000242233276, AccVa: 0.8694999814033508, CeTr: 0.2986285984516144, CeVa: 0.4472578167915344
Epoch: 44, AccTr: 0.9061999917030334, AccVa: 0.8705000281333923, CeTr: 0.30143436789512634, CeVa: 0.44068673253059387
Epoch: 45, AccTr: 0.9063000082969666, AccVa: 0.8805000185966492, CeTr: 0.2989848554134369, CeVa: 0.42918360233306885
ENSEMBLE | Tr_Acc: 0.9562000036239624, Tr_CE: 0.1394459456205368, Va_Acc: 0.9290000200271606, Va_CE: 0.25148990750312805
Epoch: 46, AccTr: 0.9042999744415283, AccVa: 0.871999979019165, CeTr: 0.29167670011520386, CeVa: 0.427095890045166
Epoch: 47, AccTr: 0.9047999978065491, AccVa: 0.8769999742507935, CeTr: 0.29417383670806885, CeVa: 0.46464109420776367
Epoch: 48, AccTr: 0.9043999910354614, AccVa: 0.878000020980835, CeTr: 0.2965315282344818, CeVa: 0.44727495312690735
Epoch: 49, AccTr: 0.9031999707221985, AccVa: 0.8694999814033508, CeTr: 0.2980208396911621, CeVa: 0.4365547001361847
Epoch: 50, AccTr: 0.9016000032424927, AccVa: 0.8784999847412109, CeTr: 0.2984780967235565, CeVa: 0.4490944743156433
ENSEMBLE | Tr_Acc: 0.9563999772071838, Tr_CE: 0.13786175847053528, Va_Acc: 0.9300000071525574, Va_CE: 0.24985165894031525
NN CONFIG
Weight-type:		ternary
Layout									Layer #1: 250	Layer #2: 220	
Activation Functions					Layer #1: ets	Layer #2: ets	
Keep probabilities		Layer #0: 1.0	Layer #1: 1.0	Layer #2: 1.0	
Flat factors							Layer #1: 1.0	Layer #2: 1.0	Layer #3: 1.0	
Activation Noise						Layer #1: 0.1	Layer #2: 0.1	Layer #3: 0.0	
Prior: 0.8

===================================

RUN CONFIG
Epochs: 50, Blocksize: 4

===================================

Input binarization: False
Epoch: 1, AccTr: 0.8917999863624573, AccVa: 0.8684999942779541, CeTr: 0.36682769656181335, CeVa: 0.44507718086242676
Epoch: 2, AccTr: 0.899399995803833, AccVa: 0.8759999871253967, CeTr: 0.3201774060726166, CeVa: 0.45614951848983765
Epoch: 3, AccTr: 0.902999997138977, AccVa: 0.8700000047683716, CeTr: 0.3118942081928253, CeVa: 0.46202602982521057
Epoch: 4, AccTr: 0.9078999757766724, AccVa: 0.8725000023841858, CeTr: 0.2955263555049896, CeVa: 0.45698487758636475
Epoch: 5, AccTr: 0.9047999978065491, AccVa: 0.871999979019165, CeTr: 0.30762699246406555, CeVa: 0.4634203612804413
ENSEMBLE | Tr_Acc: 0.9047999978065491, Tr_CE: 0.30762699246406555, Va_Acc: 0.871999979019165, Va_CE: 0.4634203612804413
Epoch: 6, AccTr: 0.9053999781608582, AccVa: 0.8744999766349792, CeTr: 0.30247583985328674, CeVa: 0.44418734312057495
Epoch: 7, AccTr: 0.9067000150680542, AccVa: 0.8715000152587891, CeTr: 0.29516810178756714, CeVa: 0.4477692246437073
Epoch: 8, AccTr: 0.9071000218391418, AccVa: 0.8709999918937683, CeTr: 0.29913264513015747, CeVa: 0.43803125619888306
Epoch: 9, AccTr: 0.9081000089645386, AccVa: 0.8705000281333923, CeTr: 0.29038265347480774, CeVa: 0.4357573986053467
Epoch: 10, AccTr: 0.9078999757766724, AccVa: 0.8769999742507935, CeTr: 0.2895231246948242, CeVa: 0.46360355615615845
ENSEMBLE | Tr_Acc: 0.9358999729156494, Tr_CE: 0.20427805185317993, Va_Acc: 0.906499981880188, Va_CE: 0.3520534038543701
Epoch: 11, AccTr: 0.9047999978065491, AccVa: 0.8715000152587891, CeTr: 0.3061012327671051, CeVa: 0.4650512635707855
Epoch: 12, AccTr: 0.9085999727249146, AccVa: 0.862500011920929, CeTr: 0.28984788060188293, CeVa: 0.469066858291626
Epoch: 13, AccTr: 0.9097999930381775, AccVa: 0.871999979019165, CeTr: 0.29308274388313293, CeVa: 0.4393356144428253
Epoch: 14, AccTr: 0.9083999991416931, AccVa: 0.8725000023841858, CeTr: 0.3008691072463989, CeVa: 0.463199645280838
Epoch: 15, AccTr: 0.911899983882904, AccVa: 0.8820000290870667, CeTr: 0.2859187424182892, CeVa: 0.4317258596420288
ENSEMBLE | Tr_Acc: 0.9451000094413757, Tr_CE: 0.1704956591129303, Va_Acc: 0.9169999957084656, Va_CE: 0.30481860041618347
Epoch: 16, AccTr: 0.9093000292778015, AccVa: 0.8679999709129333, CeTr: 0.2939531207084656, CeVa: 0.4562567174434662
Epoch: 17, AccTr: 0.9078999757766724, AccVa: 0.8805000185966492, CeTr: 0.29769906401634216, CeVa: 0.4492769241333008
Epoch: 18, AccTr: 0.9067999720573425, AccVa: 0.8765000104904175, CeTr: 0.29150477051734924, CeVa: 0.4464835822582245
Epoch: 19, AccTr: 0.90829998254776, AccVa: 0.8709999918937683, CeTr: 0.28852108120918274, CeVa: 0.5026117563247681
Epoch: 20, AccTr: 0.906499981880188, AccVa: 0.8675000071525574, CeTr: 0.29363325238227844, CeVa: 0.47767743468284607
ENSEMBLE | Tr_Acc: 0.9501000046730042, Tr_CE: 0.15606321394443512, Va_Acc: 0.9169999957084656, Va_CE: 0.29401472210884094
Epoch: 21, AccTr: 0.9063000082969666, AccVa: 0.8629999756813049, CeTr: 0.29406610131263733, CeVa: 0.49519017338752747
Epoch: 22, AccTr: 0.9046000242233276, AccVa: 0.8830000162124634, CeTr: 0.29689347743988037, CeVa: 0.4630606174468994
Epoch: 23, AccTr: 0.9081000089645386, AccVa: 0.8705000281333923, CeTr: 0.30780768394470215, CeVa: 0.4964456260204315
Epoch: 24, AccTr: 0.9049000144004822, AccVa: 0.8744999766349792, CeTr: 0.3053065240383148, CeVa: 0.44259586930274963
Epoch: 25, AccTr: 0.9053000211715698, AccVa: 0.8705000281333923, CeTr: 0.2988375127315521, CeVa: 0.4907020330429077
ENSEMBLE | Tr_Acc: 0.9495999813079834, Tr_CE: 0.149873748421669, Va_Acc: 0.9200000166893005, Va_CE: 0.2884019613265991
Epoch: 26, AccTr: 0.9067999720573425, AccVa: 0.8805000185966492, CeTr: 0.3019709587097168, CeVa: 0.44412165880203247
Epoch: 27, AccTr: 0.9060999751091003, AccVa: 0.8744999766349792, CeTr: 0.29341357946395874, CeVa: 0.4506377577781677
Epoch: 28, AccTr: 0.9065999984741211, AccVa: 0.8820000290870667, CeTr: 0.3052655756473541, CeVa: 0.42977404594421387
Epoch: 29, AccTr: 0.9049000144004822, AccVa: 0.8849999904632568, CeTr: 0.2976677715778351, CeVa: 0.43115362524986267
Epoch: 30, AccTr: 0.9031999707221985, AccVa: 0.8759999871253967, CeTr: 0.29940736293792725, CeVa: 0.44460371136665344
ENSEMBLE | Tr_Acc: 0.9526000022888184, Tr_CE: 0.14435668289661407, Va_Acc: 0.9254999756813049, Va_CE: 0.2777425944805145
Epoch: 31, AccTr: 0.9035000205039978, AccVa: 0.8715000152587891, CeTr: 0.3100404441356659, CeVa: 0.4821772873401642
Epoch: 32, AccTr: 0.9064000248908997, AccVa: 0.878000020980835, CeTr: 0.3085560202598572, CeVa: 0.47551825642585754
Epoch: 33, AccTr: 0.9050999879837036, AccVa: 0.8884999752044678, CeTr: 0.30899983644485474, CeVa: 0.4398905634880066
Epoch: 34, AccTr: 0.9023000001907349, AccVa: 0.8845000267028809, CeTr: 0.3074011206626892, CeVa: 0.46849551796913147
Epoch: 35, AccTr: 0.8996999859809875, AccVa: 0.8659999966621399, CeTr: 0.3099621534347534, CeVa: 0.5000336766242981
ENSEMBLE | Tr_Acc: 0.9541000127792358, Tr_CE: 0.13987290859222412, Va_Acc: 0.9254999756813049, Va_CE: 0.2775050401687622
Epoch: 36, AccTr: 0.9057999849319458, AccVa: 0.8715000152587891, CeTr: 0.31356099247932434, CeVa: 0.4978484511375427
Epoch: 37, AccTr: 0.9067999720573425, AccVa: 0.8740000128746033, CeTr: 0.29892951250076294, CeVa: 0.4812428951263428
Epoch: 38, AccTr: 0.904699981212616, AccVa: 0.8665000200271606, CeTr: 0.29903221130371094, CeVa: 0.4868565499782562
Epoch: 39, AccTr: 0.9023000001907349, AccVa: 0.859499990940094, CeTr: 0.3166370987892151, CeVa: 0.5101957321166992
Epoch: 40, AccTr: 0.9016000032424927, AccVa: 0.8744999766349792, CeTr: 0.3089963495731354, CeVa: 0.46301960945129395
ENSEMBLE | Tr_Acc: 0.954200029373169, Tr_CE: 0.1376413255929947, Va_Acc: 0.9275000095367432, Va_CE: 0.27028942108154297
Epoch: 41, AccTr: 0.9100000262260437, AccVa: 0.8740000128746033, CeTr: 0.2899784445762634, CeVa: 0.48801565170288086
Epoch: 42, AccTr: 0.9036999940872192, AccVa: 0.8794999718666077, CeTr: 0.3010794520378113, CeVa: 0.45029082894325256
Epoch: 43, AccTr: 0.9067999720573425, AccVa: 0.8805000185966492, CeTr: 0.29460638761520386, CeVa: 0.45392587780952454
Epoch: 44, AccTr: 0.9089999794960022, AccVa: 0.8740000128746033, CeTr: 0.29257968068122864, CeVa: 0.44911667704582214
Epoch: 45, AccTr: 0.9057999849319458, AccVa: 0.8715000152587891, CeTr: 0.29592758417129517, CeVa: 0.4718967378139496
ENSEMBLE | Tr_Acc: 0.9556999802589417, Tr_CE: 0.1352802962064743, Va_Acc: 0.9269999861717224, Va_CE: 0.2678949236869812
Epoch: 46, AccTr: 0.9100000262260437, AccVa: 0.8725000023841858, CeTr: 0.28763896226882935, CeVa: 0.47434288263320923
Epoch: 47, AccTr: 0.9103999733924866, AccVa: 0.8744999766349792, CeTr: 0.2824828624725342, CeVa: 0.5184259414672852
Epoch: 48, AccTr: 0.9057000279426575, AccVa: 0.8619999885559082, CeTr: 0.29799288511276245, CeVa: 0.49411141872406006
Epoch: 49, AccTr: 0.9045000076293945, AccVa: 0.871999979019165, CeTr: 0.29722413420677185, CeVa: 0.46587178111076355
Epoch: 50, AccTr: 0.9039000272750854, AccVa: 0.8715000152587891, CeTr: 0.3028949201107025, CeVa: 0.4701656103134155
ENSEMBLE | Tr_Acc: 0.9557999968528748, Tr_CE: 0.13283559679985046, Va_Acc: 0.9254999756813049, Va_CE: 0.265273779630661
NN CONFIG
Weight-type:		ternary
Layout									Layer #1: 250	Layer #2: 220	
Activation Functions					Layer #1: ets	Layer #2: ets	
Keep probabilities		Layer #0: 1.0	Layer #1: 1.0	Layer #2: 1.0	
Flat factors							Layer #1: 1.0	Layer #2: 1.0	Layer #3: 1.0	
Activation Noise						Layer #1: 0.1	Layer #2: 0.1	Layer #3: 0.0	
Prior: 0.8

===================================

RUN CONFIG
Epochs: 50, Blocksize: 4

===================================

Input binarization: False
Epoch: 1, AccTr: 0.8776000142097473, AccVa: 0.8445000052452087, CeTr: 0.3991948664188385, CeVa: 0.5245334506034851
Epoch: 2, AccTr: 0.8884999752044678, AccVa: 0.8634999990463257, CeTr: 0.34508904814720154, CeVa: 0.4487573206424713
Epoch: 3, AccTr: 0.8927000164985657, AccVa: 0.8619999885559082, CeTr: 0.33541181683540344, CeVa: 0.47147226333618164
Epoch: 4, AccTr: 0.8974999785423279, AccVa: 0.8659999966621399, CeTr: 0.32489264011383057, CeVa: 0.4577198326587677
Epoch: 5, AccTr: 0.9027000069618225, AccVa: 0.8640000224113464, CeTr: 0.3197411596775055, CeVa: 0.4629822373390198
ENSEMBLE | Tr_Acc: 0.9027000069618225, Tr_CE: 0.3197411596775055, Va_Acc: 0.8640000224113464, Va_CE: 0.4629822373390198
Epoch: 6, AccTr: 0.8974000215530396, AccVa: 0.8799999952316284, CeTr: 0.32377490401268005, CeVa: 0.4577900767326355
Epoch: 7, AccTr: 0.8970000147819519, AccVa: 0.8705000281333923, CeTr: 0.3175016939640045, CeVa: 0.43884211778640747
Epoch: 8, AccTr: 0.9000999927520752, AccVa: 0.878000020980835, CeTr: 0.3148770034313202, CeVa: 0.448485404253006
Epoch: 9, AccTr: 0.8970999717712402, AccVa: 0.8734999895095825, CeTr: 0.3223826289176941, CeVa: 0.4354613125324249
Epoch: 10, AccTr: 0.8946999907493591, AccVa: 0.8690000176429749, CeTr: 0.31134822964668274, CeVa: 0.4682570695877075
ENSEMBLE | Tr_Acc: 0.9271000027656555, Tr_CE: 0.22062070667743683, Va_Acc: 0.8985000252723694, Va_CE: 0.3608234226703644
Epoch: 11, AccTr: 0.9031999707221985, AccVa: 0.859000027179718, CeTr: 0.30434998869895935, CeVa: 0.47416388988494873
Epoch: 12, AccTr: 0.9021000266075134, AccVa: 0.8759999871253967, CeTr: 0.305340975522995, CeVa: 0.45420733094215393
Epoch: 13, AccTr: 0.9035999774932861, AccVa: 0.8690000176429749, CeTr: 0.3005824685096741, CeVa: 0.45418664813041687
Epoch: 14, AccTr: 0.9031000137329102, AccVa: 0.8744999766349792, CeTr: 0.3038429319858551, CeVa: 0.4533490836620331
Epoch: 15, AccTr: 0.9017000198364258, AccVa: 0.8845000267028809, CeTr: 0.3032277226448059, CeVa: 0.3991166353225708
ENSEMBLE | Tr_Acc: 0.9401999711990356, Tr_CE: 0.19110611081123352, Va_Acc: 0.9079999923706055, Va_CE: 0.3143819570541382
Epoch: 16, AccTr: 0.9000999927520752, AccVa: 0.8705000281333923, CeTr: 0.30119621753692627, CeVa: 0.41547656059265137
Epoch: 17, AccTr: 0.8984000086784363, AccVa: 0.8734999895095825, CeTr: 0.30824264883995056, CeVa: 0.4369504749774933
Epoch: 18, AccTr: 0.8982999920845032, AccVa: 0.8640000224113464, CeTr: 0.31209248304367065, CeVa: 0.4780506491661072
Epoch: 19, AccTr: 0.9003999829292297, AccVa: 0.8615000247955322, CeTr: 0.30521830916404724, CeVa: 0.4727550745010376
Epoch: 20, AccTr: 0.8996999859809875, AccVa: 0.875, CeTr: 0.3018532693386078, CeVa: 0.4253081679344177
ENSEMBLE | Tr_Acc: 0.9451000094413757, Tr_CE: 0.17333833873271942, Va_Acc: 0.9164999723434448, Va_CE: 0.2879652976989746
Epoch: 21, AccTr: 0.8991000056266785, AccVa: 0.8755000233650208, CeTr: 0.30671122670173645, CeVa: 0.4103073477745056
Epoch: 22, AccTr: 0.9031000137329102, AccVa: 0.8715000152587891, CeTr: 0.2939404845237732, CeVa: 0.4496972858905792
Epoch: 23, AccTr: 0.9042999744415283, AccVa: 0.8659999966621399, CeTr: 0.2993481457233429, CeVa: 0.4727867543697357
Epoch: 24, AccTr: 0.9027000069618225, AccVa: 0.8654999732971191, CeTr: 0.29850032925605774, CeVa: 0.43190237879753113
Epoch: 25, AccTr: 0.9003999829292297, AccVa: 0.875, CeTr: 0.3015420436859131, CeVa: 0.42607828974723816
ENSEMBLE | Tr_Acc: 0.9478999972343445, Tr_CE: 0.16451996564865112, Va_Acc: 0.9175000190734863, Va_CE: 0.2767571210861206
Epoch: 26, AccTr: 0.9025999903678894, AccVa: 0.878000020980835, CeTr: 0.29260116815567017, CeVa: 0.4402822256088257
Epoch: 27, AccTr: 0.8964999914169312, AccVa: 0.8715000152587891, CeTr: 0.3087136447429657, CeVa: 0.46308591961860657
Epoch: 28, AccTr: 0.902899980545044, AccVa: 0.875, CeTr: 0.2900678813457489, CeVa: 0.43571117520332336
Epoch: 29, AccTr: 0.8962000012397766, AccVa: 0.8740000128746033, CeTr: 0.3137668967247009, CeVa: 0.41742852330207825
Epoch: 30, AccTr: 0.9018999934196472, AccVa: 0.875, CeTr: 0.30457454919815063, CeVa: 0.4268382787704468
ENSEMBLE | Tr_Acc: 0.9508000016212463, Tr_CE: 0.1587848961353302, Va_Acc: 0.9150000214576721, Va_CE: 0.26978999376296997
Epoch: 31, AccTr: 0.8985000252723694, AccVa: 0.8675000071525574, CeTr: 0.31503456830978394, CeVa: 0.4604952931404114
Epoch: 32, AccTr: 0.9039000272750854, AccVa: 0.878000020980835, CeTr: 0.30195048451423645, CeVa: 0.4511718153953552
Epoch: 33, AccTr: 0.8978999853134155, AccVa: 0.8709999918937683, CeTr: 0.3005264103412628, CeVa: 0.45108914375305176
Epoch: 34, AccTr: 0.8996000289916992, AccVa: 0.8824999928474426, CeTr: 0.2987484931945801, CeVa: 0.40173107385635376
Epoch: 35, AccTr: 0.9089000225067139, AccVa: 0.871999979019165, CeTr: 0.29998019337654114, CeVa: 0.4409530758857727
ENSEMBLE | Tr_Acc: 0.9520000219345093, Tr_CE: 0.15488076210021973, Va_Acc: 0.9194999933242798, Va_CE: 0.26520946621894836
Epoch: 36, AccTr: 0.9039999842643738, AccVa: 0.8740000128746033, CeTr: 0.30184483528137207, CeVa: 0.43727874755859375
Epoch: 37, AccTr: 0.8985000252723694, AccVa: 0.8755000233650208, CeTr: 0.3054284155368805, CeVa: 0.4143410325050354
Epoch: 38, AccTr: 0.9054999947547913, AccVa: 0.8744999766349792, CeTr: 0.29879072308540344, CeVa: 0.4135843515396118
Epoch: 39, AccTr: 0.9021999835968018, AccVa: 0.8784999847412109, CeTr: 0.30563417077064514, CeVa: 0.4321998953819275
Epoch: 40, AccTr: 0.9042999744415283, AccVa: 0.8690000176429749, CeTr: 0.30176863074302673, CeVa: 0.45541274547576904
ENSEMBLE | Tr_Acc: 0.9526000022888184, Tr_CE: 0.15143851935863495, Va_Acc: 0.921500027179718, Va_CE: 0.2622646391391754
Epoch: 41, AccTr: 0.9049000144004822, AccVa: 0.8744999766349792, CeTr: 0.30145347118377686, CeVa: 0.416995108127594
Epoch: 42, AccTr: 0.9070000052452087, AccVa: 0.8744999766349792, CeTr: 0.30035069584846497, CeVa: 0.4280855655670166
Epoch: 43, AccTr: 0.9067999720573425, AccVa: 0.8769999742507935, CeTr: 0.2893257439136505, CeVa: 0.42899104952812195
Epoch: 44, AccTr: 0.8992999792098999, AccVa: 0.871999979019165, CeTr: 0.3062872886657715, CeVa: 0.41937577724456787
Epoch: 45, AccTr: 0.9082000255584717, AccVa: 0.8730000257492065, CeTr: 0.2863243818283081, CeVa: 0.4200177490711212
ENSEMBLE | Tr_Acc: 0.9524999856948853, Tr_CE: 0.14742490649223328, Va_Acc: 0.9225000143051147, Va_CE: 0.2573334872722626
Epoch: 46, AccTr: 0.9093000292778015, AccVa: 0.8615000247955322, CeTr: 0.29273346066474915, CeVa: 0.4600646197795868
Epoch: 47, AccTr: 0.9032999873161316, AccVa: 0.8640000224113464, CeTr: 0.3035122752189636, CeVa: 0.46563103795051575
Epoch: 48, AccTr: 0.9107999801635742, AccVa: 0.8715000152587891, CeTr: 0.28021004796028137, CeVa: 0.4530201554298401
Epoch: 49, AccTr: 0.9007999897003174, AccVa: 0.8690000176429749, CeTr: 0.30540525913238525, CeVa: 0.4490363597869873
Epoch: 50, AccTr: 0.9059000015258789, AccVa: 0.8705000281333923, CeTr: 0.29342976212501526, CeVa: 0.4307189881801605
ENSEMBLE | Tr_Acc: 0.9527999758720398, Tr_CE: 0.14504550397396088, Va_Acc: 0.925000011920929, Va_CE: 0.2553246319293976
NN CONFIG
Weight-type:		ternary
Layout									Layer #1: 250	Layer #2: 220	
Activation Functions					Layer #1: ets	Layer #2: ets	
Keep probabilities		Layer #0: 1.0	Layer #1: 1.0	Layer #2: 1.0	
Flat factors							Layer #1: 1.0	Layer #2: 1.0	Layer #3: 1.0	
Activation Noise						Layer #1: 0.1	Layer #2: 0.1	Layer #3: 0.0	
Prior: 0.8

===================================

RUN CONFIG
Epochs: 50, Blocksize: 4

===================================

Input binarization: False
Epoch: 1, AccTr: 0.8862000107765198, AccVa: 0.8654999732971191, CeTr: 0.36926013231277466, CeVa: 0.4604055881500244
Epoch: 2, AccTr: 0.8948000073432922, AccVa: 0.8654999732971191, CeTr: 0.3315497040748596, CeVa: 0.46500247716903687
Epoch: 3, AccTr: 0.8953999876976013, AccVa: 0.8740000128746033, CeTr: 0.3248522877693176, CeVa: 0.44204622507095337
Epoch: 4, AccTr: 0.902400016784668, AccVa: 0.8815000057220459, CeTr: 0.3101099729537964, CeVa: 0.4271013140678406
Epoch: 5, AccTr: 0.902400016784668, AccVa: 0.8675000071525574, CeTr: 0.30473172664642334, CeVa: 0.4584033191204071
ENSEMBLE | Tr_Acc: 0.902400016784668, Tr_CE: 0.30473172664642334, Va_Acc: 0.8675000071525574, Va_CE: 0.4584033191204071
Epoch: 6, AccTr: 0.9046000242233276, AccVa: 0.8644999861717224, CeTr: 0.3043225109577179, CeVa: 0.4719611406326294
Epoch: 7, AccTr: 0.9071000218391418, AccVa: 0.8815000057220459, CeTr: 0.3015192151069641, CeVa: 0.4312319755554199
Epoch: 8, AccTr: 0.9047999978065491, AccVa: 0.8759999871253967, CeTr: 0.2932393550872803, CeVa: 0.4598179757595062
Epoch: 9, AccTr: 0.90420001745224, AccVa: 0.8815000057220459, CeTr: 0.30000337958335876, CeVa: 0.45370763540267944
Epoch: 10, AccTr: 0.9028000235557556, AccVa: 0.8755000233650208, CeTr: 0.2930302321910858, CeVa: 0.4448745846748352
ENSEMBLE | Tr_Acc: 0.9355000257492065, Tr_CE: 0.20398202538490295, Va_Acc: 0.8980000019073486, Va_CE: 0.3522121012210846
Epoch: 11, AccTr: 0.9021999835968018, AccVa: 0.8684999942779541, CeTr: 0.30418720841407776, CeVa: 0.4658997356891632
Epoch: 12, AccTr: 0.9039999842643738, AccVa: 0.8744999766349792, CeTr: 0.29791924357414246, CeVa: 0.41306719183921814
Epoch: 13, AccTr: 0.9054999947547913, AccVa: 0.8715000152587891, CeTr: 0.3022119104862213, CeVa: 0.41931405663490295
Epoch: 14, AccTr: 0.907800018787384, AccVa: 0.8769999742507935, CeTr: 0.2886800169944763, CeVa: 0.42220303416252136
Epoch: 15, AccTr: 0.9039000272750854, AccVa: 0.8744999766349792, CeTr: 0.28776514530181885, CeVa: 0.42289820313453674
ENSEMBLE | Tr_Acc: 0.9456999897956848, Tr_CE: 0.1709900200366974, Va_Acc: 0.9100000262260437, Va_CE: 0.30881375074386597
Epoch: 16, AccTr: 0.9057000279426575, AccVa: 0.8774999976158142, CeTr: 0.2980213463306427, CeVa: 0.4419703483581543
Epoch: 17, AccTr: 0.9104999899864197, AccVa: 0.8769999742507935, CeTr: 0.2869294583797455, CeVa: 0.42465174198150635
Epoch: 18, AccTr: 0.9070000052452087, AccVa: 0.8755000233650208, CeTr: 0.28305497765541077, CeVa: 0.40534937381744385
Epoch: 19, AccTr: 0.9075999855995178, AccVa: 0.8730000257492065, CeTr: 0.2957046329975128, CeVa: 0.4005368649959564
Epoch: 20, AccTr: 0.9114999771118164, AccVa: 0.8830000162124634, CeTr: 0.27874264121055603, CeVa: 0.42937779426574707
ENSEMBLE | Tr_Acc: 0.9510999917984009, Tr_CE: 0.1557045727968216, Va_Acc: 0.9144999980926514, Va_CE: 0.2910740077495575
Epoch: 21, AccTr: 0.9078999757766724, AccVa: 0.871999979019165, CeTr: 0.28498178720474243, CeVa: 0.45905041694641113
Epoch: 22, AccTr: 0.9089999794960022, AccVa: 0.8834999799728394, CeTr: 0.28664082288742065, CeVa: 0.4209176301956177
Epoch: 23, AccTr: 0.9089999794960022, AccVa: 0.8730000257492065, CeTr: 0.2904874384403229, CeVa: 0.4375298023223877
Epoch: 24, AccTr: 0.9074000120162964, AccVa: 0.8845000267028809, CeTr: 0.2908995747566223, CeVa: 0.4288513660430908
Epoch: 25, AccTr: 0.9061999917030334, AccVa: 0.8709999918937683, CeTr: 0.2914575934410095, CeVa: 0.45594772696495056
ENSEMBLE | Tr_Acc: 0.9549000263214111, Tr_CE: 0.14724384248256683, Va_Acc: 0.9210000038146973, Va_CE: 0.279997318983078
Epoch: 26, AccTr: 0.9104999899864197, AccVa: 0.8784999847412109, CeTr: 0.2860315144062042, CeVa: 0.46538665890693665
Epoch: 27, AccTr: 0.9071000218391418, AccVa: 0.8809999823570251, CeTr: 0.281848281621933, CeVa: 0.42244377732276917
Epoch: 28, AccTr: 0.9070000052452087, AccVa: 0.8830000162124634, CeTr: 0.29216229915618896, CeVa: 0.4271465837955475
Epoch: 29, AccTr: 0.8996000289916992, AccVa: 0.8734999895095825, CeTr: 0.29733094573020935, CeVa: 0.45365047454833984
Epoch: 30, AccTr: 0.906000018119812, AccVa: 0.8715000152587891, CeTr: 0.2970147430896759, CeVa: 0.4760340452194214
ENSEMBLE | Tr_Acc: 0.95660001039505, Tr_CE: 0.14127622544765472, Va_Acc: 0.9210000038146973, Va_CE: 0.2739071547985077
Epoch: 31, AccTr: 0.9053999781608582, AccVa: 0.8634999990463257, CeTr: 0.2954207956790924, CeVa: 0.4370236396789551
Epoch: 32, AccTr: 0.902999997138977, AccVa: 0.8859999775886536, CeTr: 0.2923945188522339, CeVa: 0.46547767519950867
Epoch: 33, AccTr: 0.9047999978065491, AccVa: 0.8659999966621399, CeTr: 0.2902766466140747, CeVa: 0.437273770570755
Epoch: 34, AccTr: 0.9043999910354614, AccVa: 0.8809999823570251, CeTr: 0.3010255992412567, CeVa: 0.43390750885009766
Epoch: 35, AccTr: 0.9043999910354614, AccVa: 0.8709999918937683, CeTr: 0.3008236885070801, CeVa: 0.4630710780620575
ENSEMBLE | Tr_Acc: 0.9575999975204468, Tr_CE: 0.1380452662706375, Va_Acc: 0.925000011920929, Va_CE: 0.27066946029663086
Epoch: 36, AccTr: 0.901199996471405, AccVa: 0.8799999952316284, CeTr: 0.30680522322654724, CeVa: 0.43668490648269653
Epoch: 37, AccTr: 0.9039999842643738, AccVa: 0.8640000224113464, CeTr: 0.3000873923301697, CeVa: 0.47740769386291504
Epoch: 38, AccTr: 0.9023000001907349, AccVa: 0.8765000104904175, CeTr: 0.3028623163700104, CeVa: 0.43380007147789
Epoch: 39, AccTr: 0.904699981212616, AccVa: 0.8690000176429749, CeTr: 0.2921867072582245, CeVa: 0.4340664744377136
Epoch: 40, AccTr: 0.9064000248908997, AccVa: 0.8759999871253967, CeTr: 0.285438597202301, CeVa: 0.43519359827041626
ENSEMBLE | Tr_Acc: 0.958899974822998, Tr_CE: 0.13421562314033508, Va_Acc: 0.9225000143051147, Va_CE: 0.2663659155368805
Epoch: 41, AccTr: 0.9068999886512756, AccVa: 0.8805000185966492, CeTr: 0.2945454716682434, CeVa: 0.4115656018257141
Epoch: 42, AccTr: 0.9074000120162964, AccVa: 0.8759999871253967, CeTr: 0.29794633388519287, CeVa: 0.4304734468460083
Epoch: 43, AccTr: 0.9089000225067139, AccVa: 0.8684999942779541, CeTr: 0.2829777002334595, CeVa: 0.45249393582344055
Epoch: 44, AccTr: 0.9042999744415283, AccVa: 0.8709999918937683, CeTr: 0.2885706126689911, CeVa: 0.43848878145217896
Epoch: 45, AccTr: 0.9034000039100647, AccVa: 0.878000020980835, CeTr: 0.2947148084640503, CeVa: 0.4116560220718384
ENSEMBLE | Tr_Acc: 0.960099995136261, Tr_CE: 0.13225650787353516, Va_Acc: 0.9225000143051147, Va_CE: 0.2598517835140228
Epoch: 46, AccTr: 0.9031999707221985, AccVa: 0.878000020980835, CeTr: 0.2989753782749176, CeVa: 0.4294738471508026
Epoch: 47, AccTr: 0.9096999764442444, AccVa: 0.8784999847412109, CeTr: 0.28834298253059387, CeVa: 0.4193190038204193
Epoch: 48, AccTr: 0.9097999930381775, AccVa: 0.8725000023841858, CeTr: 0.2863667607307434, CeVa: 0.45012974739074707
Epoch: 49, AccTr: 0.9047999978065491, AccVa: 0.8744999766349792, CeTr: 0.307451456785202, CeVa: 0.4539441466331482
Epoch: 50, AccTr: 0.9083999991416931, AccVa: 0.8895000219345093, CeTr: 0.2903915047645569, CeVa: 0.415833055973053
ENSEMBLE | Tr_Acc: 0.9596999883651733, Tr_CE: 0.13042351603507996, Va_Acc: 0.9240000247955322, Va_CE: 0.2563995122909546
Mod Accuracy || Mean: 0.877500057220459	 Std: 0.007582874037325382
Ens Accuracy || Mean: 0.9261249899864197	 Std: 0.0023014915641397238
Mod CE || Mean: 0.4414530396461487	 Std: 0.020337199792265892
Ens CE || Mean: 0.256712406873703	 Std: 0.005531518720090389
