NN CONFIG
Weight-type:		ternary
Layout									Layer #1: 250	Layer #2: 220	
Activation Functions					Layer #1: ets	Layer #2: ets	
Keep probabilities		Layer #0: 1.0	Layer #1: 1.0	Layer #2: 1.0	
Flat factors							Layer #1: 1.0	Layer #2: 1.0	Layer #3: 1.0	
Activation Noise						Layer #1: 0.1	Layer #2: 0.1	Layer #3: 0.0	
Prior: 0.8

===================================

RUN CONFIG
Epochs: 50, Blocksize: 4

===================================

Input binarization: False
Epoch: 1, AccTr: 0.8813999891281128, AccVa: 0.8665000200271606, CeTr: 0.3997209966182709, CeVa: 0.47150930762290955
Epoch: 2, AccTr: 0.8973000049591064, AccVa: 0.8675000071525574, CeTr: 0.3430737853050232, CeVa: 0.43761369585990906
Epoch: 3, AccTr: 0.8992000222206116, AccVa: 0.8755000233650208, CeTr: 0.3317246735095978, CeVa: 0.4888073801994324
Epoch: 4, AccTr: 0.9031000137329102, AccVa: 0.8665000200271606, CeTr: 0.30769047141075134, CeVa: 0.4707297086715698
Epoch: 5, AccTr: 0.9068999886512756, AccVa: 0.8765000104904175, CeTr: 0.30546972155570984, CeVa: 0.44718557596206665
ENSEMBLE | Tr_Acc: 0.9068999886512756, Tr_CE: 0.30546972155570984, Va_Acc: 0.8765000104904175, Va_CE: 0.44718557596206665
Epoch: 6, AccTr: 0.9057999849319458, AccVa: 0.8709999918937683, CeTr: 0.30536386370658875, CeVa: 0.4880638122558594
Epoch: 7, AccTr: 0.9110000133514404, AccVa: 0.887499988079071, CeTr: 0.29324451088905334, CeVa: 0.42360392212867737
Epoch: 8, AccTr: 0.9090999960899353, AccVa: 0.8765000104904175, CeTr: 0.293479859828949, CeVa: 0.4400249123573303
Epoch: 9, AccTr: 0.9075000286102295, AccVa: 0.8740000128746033, CeTr: 0.29655852913856506, CeVa: 0.46700745820999146
Epoch: 10, AccTr: 0.9089999794960022, AccVa: 0.8809999823570251, CeTr: 0.29221442341804504, CeVa: 0.4489530026912689
ENSEMBLE | Tr_Acc: 0.9373999834060669, Tr_CE: 0.19639469683170319, Va_Acc: 0.9110000133514404, Va_CE: 0.32676905393600464
Epoch: 11, AccTr: 0.9100000262260437, AccVa: 0.8914999961853027, CeTr: 0.2893889248371124, CeVa: 0.415373295545578
Epoch: 12, AccTr: 0.911300003528595, AccVa: 0.8865000009536743, CeTr: 0.2811525762081146, CeVa: 0.414729505777359
Epoch: 13, AccTr: 0.9120000004768372, AccVa: 0.8945000171661377, CeTr: 0.28363192081451416, CeVa: 0.38948288559913635
Epoch: 14, AccTr: 0.9138000011444092, AccVa: 0.890500009059906, CeTr: 0.2770742177963257, CeVa: 0.4124295115470886
Epoch: 15, AccTr: 0.9136000275611877, AccVa: 0.8899999856948853, CeTr: 0.27228033542633057, CeVa: 0.42295506596565247
ENSEMBLE | Tr_Acc: 0.9477999806404114, Tr_CE: 0.16071684658527374, Va_Acc: 0.921500027179718, Va_CE: 0.2877398133277893
Epoch: 16, AccTr: 0.9097999930381775, AccVa: 0.8859999775886536, CeTr: 0.2861163020133972, CeVa: 0.4223518669605255
Epoch: 17, AccTr: 0.9083999991416931, AccVa: 0.8665000200271606, CeTr: 0.28919243812561035, CeVa: 0.48612847924232483
Epoch: 18, AccTr: 0.9150999784469604, AccVa: 0.8845000267028809, CeTr: 0.2796221077442169, CeVa: 0.42559680342674255
Epoch: 19, AccTr: 0.9132000207901001, AccVa: 0.8939999938011169, CeTr: 0.28649258613586426, CeVa: 0.4169592261314392
Epoch: 20, AccTr: 0.9107000231742859, AccVa: 0.8834999799728394, CeTr: 0.28761056065559387, CeVa: 0.4189627170562744
ENSEMBLE | Tr_Acc: 0.9524000287055969, Tr_CE: 0.14537492394447327, Va_Acc: 0.9300000071525574, Va_CE: 0.2651970684528351
Epoch: 21, AccTr: 0.9101999998092651, AccVa: 0.8955000042915344, CeTr: 0.2863510549068451, CeVa: 0.39644190669059753
Epoch: 22, AccTr: 0.9129999876022339, AccVa: 0.890999972820282, CeTr: 0.272737592458725, CeVa: 0.41929447650909424
Epoch: 23, AccTr: 0.9132000207901001, AccVa: 0.887499988079071, CeTr: 0.27760496735572815, CeVa: 0.41215094923973083
Epoch: 24, AccTr: 0.9140999913215637, AccVa: 0.890500009059906, CeTr: 0.27218618988990784, CeVa: 0.4260742962360382
Epoch: 25, AccTr: 0.9139999747276306, AccVa: 0.8774999976158142, CeTr: 0.26840782165527344, CeVa: 0.4678872227668762
ENSEMBLE | Tr_Acc: 0.9577000141143799, Tr_CE: 0.1340731829404831, Va_Acc: 0.925000011920929, Va_CE: 0.26196950674057007
Epoch: 26, AccTr: 0.9147999882698059, AccVa: 0.8849999904632568, CeTr: 0.262607216835022, CeVa: 0.43910646438598633
Epoch: 27, AccTr: 0.9178000092506409, AccVa: 0.8809999823570251, CeTr: 0.26842382550239563, CeVa: 0.4416094720363617
Epoch: 28, AccTr: 0.9092000126838684, AccVa: 0.8989999890327454, CeTr: 0.2780173718929291, CeVa: 0.4063641428947449
Epoch: 29, AccTr: 0.9156000018119812, AccVa: 0.8774999976158142, CeTr: 0.26041653752326965, CeVa: 0.45251211524009705
Epoch: 30, AccTr: 0.9194999933242798, AccVa: 0.8964999914169312, CeTr: 0.2665676176548004, CeVa: 0.4185193181037903
ENSEMBLE | Tr_Acc: 0.9588000178337097, Tr_CE: 0.1275743991136551, Va_Acc: 0.9309999942779541, Va_CE: 0.2535720467567444
Epoch: 31, AccTr: 0.916100025177002, AccVa: 0.890500009059906, CeTr: 0.27150171995162964, CeVa: 0.4233584702014923
Epoch: 32, AccTr: 0.9143000245094299, AccVa: 0.8865000009536743, CeTr: 0.2713488042354584, CeVa: 0.4458690285682678
Epoch: 33, AccTr: 0.9143999814987183, AccVa: 0.8815000057220459, CeTr: 0.2767636179924011, CeVa: 0.43225082755088806
Epoch: 34, AccTr: 0.9174000024795532, AccVa: 0.8930000066757202, CeTr: 0.26895514130592346, CeVa: 0.420894056558609
Epoch: 35, AccTr: 0.9125999808311462, AccVa: 0.8855000138282776, CeTr: 0.27276185154914856, CeVa: 0.4291040599346161
ENSEMBLE | Tr_Acc: 0.9593999981880188, Tr_CE: 0.12261953204870224, Va_Acc: 0.9325000047683716, Va_CE: 0.2485426962375641
Epoch: 36, AccTr: 0.9156000018119812, AccVa: 0.8964999914169312, CeTr: 0.2674378454685211, CeVa: 0.43851029872894287
Epoch: 37, AccTr: 0.9171000123023987, AccVa: 0.890500009059906, CeTr: 0.2609104514122009, CeVa: 0.39231160283088684
Epoch: 38, AccTr: 0.9136000275611877, AccVa: 0.8830000162124634, CeTr: 0.26957446336746216, CeVa: 0.4432673752307892
Epoch: 39, AccTr: 0.9117000102996826, AccVa: 0.878000020980835, CeTr: 0.2654685974121094, CeVa: 0.45003148913383484
Epoch: 40, AccTr: 0.9186000227928162, AccVa: 0.8809999823570251, CeTr: 0.2669154107570648, CeVa: 0.43126025795936584
ENSEMBLE | Tr_Acc: 0.9613999724388123, Tr_CE: 0.11871154606342316, Va_Acc: 0.9294999837875366, Va_CE: 0.24507327377796173
Epoch: 41, AccTr: 0.9146999716758728, AccVa: 0.8934999704360962, CeTr: 0.267993301153183, CeVa: 0.4072818160057068
Epoch: 42, AccTr: 0.9126999974250793, AccVa: 0.8855000138282776, CeTr: 0.2818926274776459, CeVa: 0.43895480036735535
Epoch: 43, AccTr: 0.911300003528595, AccVa: 0.8815000057220459, CeTr: 0.27462249994277954, CeVa: 0.43228811025619507
Epoch: 44, AccTr: 0.9193000197410583, AccVa: 0.8790000081062317, CeTr: 0.2557985186576843, CeVa: 0.45032697916030884
Epoch: 45, AccTr: 0.9164999723434448, AccVa: 0.8820000290870667, CeTr: 0.2668701112270355, CeVa: 0.47488635778427124
ENSEMBLE | Tr_Acc: 0.9624999761581421, Tr_CE: 0.11464358121156693, Va_Acc: 0.9325000047683716, Va_CE: 0.24306009709835052
Epoch: 46, AccTr: 0.9126999974250793, AccVa: 0.887499988079071, CeTr: 0.27122363448143005, CeVa: 0.40431106090545654
Epoch: 47, AccTr: 0.9192000031471252, AccVa: 0.8880000114440918, CeTr: 0.25791600346565247, CeVa: 0.44447728991508484
Epoch: 48, AccTr: 0.9136000275611877, AccVa: 0.8859999775886536, CeTr: 0.2721482813358307, CeVa: 0.4074486494064331
Epoch: 49, AccTr: 0.9111999869346619, AccVa: 0.8769999742507935, CeTr: 0.2762373089790344, CeVa: 0.45085573196411133
Epoch: 50, AccTr: 0.9162999987602234, AccVa: 0.8960000276565552, CeTr: 0.270045667886734, CeVa: 0.43391668796539307
ENSEMBLE | Tr_Acc: 0.9635000228881836, Tr_CE: 0.11282364279031754, Va_Acc: 0.9330000281333923, Va_CE: 0.24081069231033325
NN CONFIG
Weight-type:		ternary
Layout									Layer #1: 250	Layer #2: 220	
Activation Functions					Layer #1: ets	Layer #2: ets	
Keep probabilities		Layer #0: 1.0	Layer #1: 1.0	Layer #2: 1.0	
Flat factors							Layer #1: 1.0	Layer #2: 1.0	Layer #3: 1.0	
Activation Noise						Layer #1: 0.1	Layer #2: 0.1	Layer #3: 0.0	
Prior: 0.8

===================================

RUN CONFIG
Epochs: 50, Blocksize: 4

===================================

Input binarization: False
Epoch: 1, AccTr: 0.8815000057220459, AccVa: 0.8669999837875366, CeTr: 0.3754391074180603, CeVa: 0.45920518040657043
Epoch: 2, AccTr: 0.8945000171661377, AccVa: 0.8554999828338623, CeTr: 0.32589974999427795, CeVa: 0.4372338652610779
Epoch: 3, AccTr: 0.902400016784668, AccVa: 0.8709999918937683, CeTr: 0.31691327691078186, CeVa: 0.4443173110485077
Epoch: 4, AccTr: 0.9054999947547913, AccVa: 0.8679999709129333, CeTr: 0.30911514163017273, CeVa: 0.44582805037498474
Epoch: 5, AccTr: 0.9093999862670898, AccVa: 0.875, CeTr: 0.290448933839798, CeVa: 0.4298216998577118
ENSEMBLE | Tr_Acc: 0.9093999862670898, Tr_CE: 0.290448933839798, Va_Acc: 0.875, Va_CE: 0.4298216998577118
Epoch: 6, AccTr: 0.9063000082969666, AccVa: 0.8820000290870667, CeTr: 0.29183340072631836, CeVa: 0.4244416058063507
Epoch: 7, AccTr: 0.9090999960899353, AccVa: 0.8880000114440918, CeTr: 0.28001734614372253, CeVa: 0.3795073330402374
Epoch: 8, AccTr: 0.9075999855995178, AccVa: 0.8809999823570251, CeTr: 0.2779758870601654, CeVa: 0.41892871260643005
Epoch: 9, AccTr: 0.9103999733924866, AccVa: 0.8865000009536743, CeTr: 0.27874428033828735, CeVa: 0.38785484433174133
Epoch: 10, AccTr: 0.9132999777793884, AccVa: 0.8895000219345093, CeTr: 0.27461177110671997, CeVa: 0.4007774293422699
ENSEMBLE | Tr_Acc: 0.9401999711990356, Tr_CE: 0.19728104770183563, Va_Acc: 0.906499981880188, Va_CE: 0.3156815767288208
Epoch: 11, AccTr: 0.9086999893188477, AccVa: 0.8774999976158142, CeTr: 0.2850331664085388, CeVa: 0.41139429807662964
Epoch: 12, AccTr: 0.9115999937057495, AccVa: 0.890500009059906, CeTr: 0.2771415412425995, CeVa: 0.4013415575027466
Epoch: 13, AccTr: 0.9093999862670898, AccVa: 0.8845000267028809, CeTr: 0.2877204716205597, CeVa: 0.41698312759399414
Epoch: 14, AccTr: 0.9096999764442444, AccVa: 0.8774999976158142, CeTr: 0.2765021026134491, CeVa: 0.4145418703556061
Epoch: 15, AccTr: 0.913100004196167, AccVa: 0.8840000033378601, CeTr: 0.27814194560050964, CeVa: 0.4180424213409424
ENSEMBLE | Tr_Acc: 0.9469000101089478, Tr_CE: 0.17243027687072754, Va_Acc: 0.921500027179718, Va_CE: 0.285513699054718
Epoch: 16, AccTr: 0.913100004196167, AccVa: 0.8824999928474426, CeTr: 0.27380815148353577, CeVa: 0.402789831161499
Epoch: 17, AccTr: 0.9103999733924866, AccVa: 0.8740000128746033, CeTr: 0.2782999873161316, CeVa: 0.4191887080669403
Epoch: 18, AccTr: 0.913100004196167, AccVa: 0.8934999704360962, CeTr: 0.2699979841709137, CeVa: 0.37175655364990234
Epoch: 19, AccTr: 0.9120000004768372, AccVa: 0.8769999742507935, CeTr: 0.282296359539032, CeVa: 0.39585721492767334
Epoch: 20, AccTr: 0.9124000072479248, AccVa: 0.8820000290870667, CeTr: 0.2713140547275543, CeVa: 0.4014928638935089
ENSEMBLE | Tr_Acc: 0.9526000022888184, Tr_CE: 0.15768294036388397, Va_Acc: 0.9265000224113464, Va_CE: 0.26909542083740234
Epoch: 21, AccTr: 0.9180999994277954, AccVa: 0.890999972820282, CeTr: 0.2624873220920563, CeVa: 0.3736010193824768
Epoch: 22, AccTr: 0.9185000061988831, AccVa: 0.8809999823570251, CeTr: 0.26226210594177246, CeVa: 0.39220282435417175
Epoch: 23, AccTr: 0.9143000245094299, AccVa: 0.8849999904632568, CeTr: 0.27138829231262207, CeVa: 0.3834817409515381
Epoch: 24, AccTr: 0.9122999906539917, AccVa: 0.8840000033378601, CeTr: 0.2730708420276642, CeVa: 0.39862141013145447
Epoch: 25, AccTr: 0.9121999740600586, AccVa: 0.8709999918937683, CeTr: 0.26134586334228516, CeVa: 0.4181842505931854
ENSEMBLE | Tr_Acc: 0.9567000269889832, Tr_CE: 0.14804436266422272, Va_Acc: 0.9284999966621399, Va_CE: 0.2611502408981323
Epoch: 26, AccTr: 0.9200000166893005, AccVa: 0.8870000243186951, CeTr: 0.2579165995121002, CeVa: 0.38617926836013794
Epoch: 27, AccTr: 0.913100004196167, AccVa: 0.8790000081062317, CeTr: 0.26999375224113464, CeVa: 0.442994087934494
Epoch: 28, AccTr: 0.916100025177002, AccVa: 0.8815000057220459, CeTr: 0.26677319407463074, CeVa: 0.3945300877094269
Epoch: 29, AccTr: 0.9153000116348267, AccVa: 0.8859999775886536, CeTr: 0.26022329926490784, CeVa: 0.40958091616630554
Epoch: 30, AccTr: 0.9142000079154968, AccVa: 0.875, CeTr: 0.2693859338760376, CeVa: 0.3840573728084564
ENSEMBLE | Tr_Acc: 0.9573000073432922, Tr_CE: 0.14224760234355927, Va_Acc: 0.9284999966621399, Va_CE: 0.248634472489357
Epoch: 31, AccTr: 0.9172999858856201, AccVa: 0.8899999856948853, CeTr: 0.2682158648967743, CeVa: 0.38320186734199524
Epoch: 32, AccTr: 0.9162999987602234, AccVa: 0.8895000219345093, CeTr: 0.26677489280700684, CeVa: 0.3915838301181793
Epoch: 33, AccTr: 0.9175000190734863, AccVa: 0.8849999904632568, CeTr: 0.26634034514427185, CeVa: 0.4095238745212555
Epoch: 34, AccTr: 0.9204999804496765, AccVa: 0.878000020980835, CeTr: 0.26253095269203186, CeVa: 0.4004116356372833
Epoch: 35, AccTr: 0.9168000221252441, AccVa: 0.8769999742507935, CeTr: 0.2554171085357666, CeVa: 0.4014968276023865
ENSEMBLE | Tr_Acc: 0.958299994468689, Tr_CE: 0.13731326162815094, Va_Acc: 0.9319999814033508, Va_CE: 0.2423497885465622
Epoch: 36, AccTr: 0.9151999950408936, AccVa: 0.875, CeTr: 0.2622804641723633, CeVa: 0.4133206605911255
Epoch: 37, AccTr: 0.9124000072479248, AccVa: 0.8774999976158142, CeTr: 0.27491313219070435, CeVa: 0.38582050800323486
Epoch: 38, AccTr: 0.9146000146865845, AccVa: 0.8855000138282776, CeTr: 0.2677549421787262, CeVa: 0.37586143612861633
Epoch: 39, AccTr: 0.9168999791145325, AccVa: 0.8889999985694885, CeTr: 0.2632197141647339, CeVa: 0.39040353894233704
Epoch: 40, AccTr: 0.9138000011444092, AccVa: 0.8834999799728394, CeTr: 0.26469019055366516, CeVa: 0.35223647952079773
ENSEMBLE | Tr_Acc: 0.9592000246047974, Tr_CE: 0.1337665319442749, Va_Acc: 0.9315000176429749, Va_CE: 0.23268114030361176
Epoch: 41, AccTr: 0.9143000245094299, AccVa: 0.8880000114440918, CeTr: 0.25290220975875854, CeVa: 0.3672652542591095
Epoch: 42, AccTr: 0.913100004196167, AccVa: 0.8845000267028809, CeTr: 0.2651642858982086, CeVa: 0.37535321712493896
Epoch: 43, AccTr: 0.9158999919891357, AccVa: 0.890500009059906, CeTr: 0.2609640657901764, CeVa: 0.40990400314331055
Epoch: 44, AccTr: 0.9164000153541565, AccVa: 0.8820000290870667, CeTr: 0.26217901706695557, CeVa: 0.39039695262908936
Epoch: 45, AccTr: 0.9185000061988831, AccVa: 0.8895000219345093, CeTr: 0.263095885515213, CeVa: 0.389492928981781
ENSEMBLE | Tr_Acc: 0.9610999822616577, Tr_CE: 0.13095520436763763, Va_Acc: 0.9300000071525574, Va_CE: 0.23083658516407013
Epoch: 46, AccTr: 0.9097999930381775, AccVa: 0.8824999928474426, CeTr: 0.27171358466148376, CeVa: 0.4104897975921631
Epoch: 47, AccTr: 0.9172000288963318, AccVa: 0.8840000033378601, CeTr: 0.2633408308029175, CeVa: 0.4213114082813263
Epoch: 48, AccTr: 0.9147999882698059, AccVa: 0.8880000114440918, CeTr: 0.26611411571502686, CeVa: 0.4171707034111023
Epoch: 49, AccTr: 0.9154999852180481, AccVa: 0.9024999737739563, CeTr: 0.2658262252807617, CeVa: 0.3725985288619995
Epoch: 50, AccTr: 0.9154000282287598, AccVa: 0.8880000114440918, CeTr: 0.2567369043827057, CeVa: 0.36622363328933716
ENSEMBLE | Tr_Acc: 0.9625999927520752, Tr_CE: 0.12839730083942413, Va_Acc: 0.9319999814033508, Va_CE: 0.22634583711624146
NN CONFIG
Weight-type:		ternary
Layout									Layer #1: 250	Layer #2: 220	
Activation Functions					Layer #1: ets	Layer #2: ets	
Keep probabilities		Layer #0: 1.0	Layer #1: 1.0	Layer #2: 1.0	
Flat factors							Layer #1: 1.0	Layer #2: 1.0	Layer #3: 1.0	
Activation Noise						Layer #1: 0.1	Layer #2: 0.1	Layer #3: 0.0	
Prior: 0.8

===================================

RUN CONFIG
Epochs: 50, Blocksize: 4

===================================

Input binarization: False
Epoch: 1, AccTr: 0.8931000232696533, AccVa: 0.8759999871253967, CeTr: 0.3504270315170288, CeVa: 0.4669523537158966
Epoch: 2, AccTr: 0.9027000069618225, AccVa: 0.8715000152587891, CeTr: 0.31036990880966187, CeVa: 0.4679957330226898
Epoch: 3, AccTr: 0.9135000109672546, AccVa: 0.8744999766349792, CeTr: 0.2829948365688324, CeVa: 0.4357401132583618
Epoch: 4, AccTr: 0.9158999919891357, AccVa: 0.8920000195503235, CeTr: 0.2744617760181427, CeVa: 0.3863084614276886
Epoch: 5, AccTr: 0.9143999814987183, AccVa: 0.8939999938011169, CeTr: 0.26890331506729126, CeVa: 0.39822185039520264
ENSEMBLE | Tr_Acc: 0.9143999814987183, Tr_CE: 0.26890331506729126, Va_Acc: 0.8939999938011169, Va_CE: 0.39822185039520264
Epoch: 6, AccTr: 0.9103999733924866, AccVa: 0.8794999718666077, CeTr: 0.27335113286972046, CeVa: 0.39531102776527405
Epoch: 7, AccTr: 0.913100004196167, AccVa: 0.890999972820282, CeTr: 0.2777063548564911, CeVa: 0.39723432064056396
Epoch: 8, AccTr: 0.9147999882698059, AccVa: 0.8859999775886536, CeTr: 0.2698836624622345, CeVa: 0.4166284203529358
Epoch: 9, AccTr: 0.9110999703407288, AccVa: 0.8799999952316284, CeTr: 0.28354698419570923, CeVa: 0.43254998326301575
Epoch: 10, AccTr: 0.9115999937057495, AccVa: 0.8805000185966492, CeTr: 0.27946019172668457, CeVa: 0.39592355489730835
ENSEMBLE | Tr_Acc: 0.9406999945640564, Tr_CE: 0.18339170515537262, Va_Acc: 0.9164999723434448, Va_CE: 0.2902972400188446
Epoch: 11, AccTr: 0.9118000268936157, AccVa: 0.8845000267028809, CeTr: 0.2845154404640198, CeVa: 0.4044598340988159
Epoch: 12, AccTr: 0.9150999784469604, AccVa: 0.8834999799728394, CeTr: 0.26919814944267273, CeVa: 0.40190544724464417
Epoch: 13, AccTr: 0.914900004863739, AccVa: 0.8889999985694885, CeTr: 0.2661428153514862, CeVa: 0.39136797189712524
Epoch: 14, AccTr: 0.9147999882698059, AccVa: 0.8840000033378601, CeTr: 0.276359498500824, CeVa: 0.40509483218193054
Epoch: 15, AccTr: 0.9160000085830688, AccVa: 0.8830000162124634, CeTr: 0.2599720060825348, CeVa: 0.4352800250053406
ENSEMBLE | Tr_Acc: 0.9498000144958496, Tr_CE: 0.1542007029056549, Va_Acc: 0.9244999885559082, Va_CE: 0.2721761465072632
Epoch: 16, AccTr: 0.9193999767303467, AccVa: 0.8920000195503235, CeTr: 0.25767427682876587, CeVa: 0.4110460579395294
Epoch: 17, AccTr: 0.9175999760627747, AccVa: 0.8889999985694885, CeTr: 0.25956088304519653, CeVa: 0.4040117859840393
Epoch: 18, AccTr: 0.9133999943733215, AccVa: 0.8855000138282776, CeTr: 0.2667991816997528, CeVa: 0.41474640369415283
Epoch: 19, AccTr: 0.9179999828338623, AccVa: 0.890500009059906, CeTr: 0.26143375039100647, CeVa: 0.390971839427948
Epoch: 20, AccTr: 0.914900004863739, AccVa: 0.8989999890327454, CeTr: 0.26317939162254333, CeVa: 0.3689894378185272
ENSEMBLE | Tr_Acc: 0.9550999999046326, Tr_CE: 0.13906948268413544, Va_Acc: 0.9300000071525574, Va_CE: 0.24996958673000336
Epoch: 21, AccTr: 0.9139999747276306, AccVa: 0.8884999752044678, CeTr: 0.2772373557090759, CeVa: 0.41432979702949524
Epoch: 22, AccTr: 0.9160000085830688, AccVa: 0.8799999952316284, CeTr: 0.27257874608039856, CeVa: 0.42908942699432373
Epoch: 23, AccTr: 0.9168000221252441, AccVa: 0.8715000152587891, CeTr: 0.26106953620910645, CeVa: 0.4412800967693329
Epoch: 24, AccTr: 0.9150999784469604, AccVa: 0.8765000104904175, CeTr: 0.26565802097320557, CeVa: 0.4246930778026581
Epoch: 25, AccTr: 0.9190999865531921, AccVa: 0.8930000066757202, CeTr: 0.2535566985607147, CeVa: 0.40076524019241333
ENSEMBLE | Tr_Acc: 0.9592999815940857, Tr_CE: 0.1281801462173462, Va_Acc: 0.9290000200271606, Va_CE: 0.24060317873954773
Epoch: 26, AccTr: 0.9142000079154968, AccVa: 0.890500009059906, CeTr: 0.265843003988266, CeVa: 0.41623926162719727
Epoch: 27, AccTr: 0.9189000129699707, AccVa: 0.8790000081062317, CeTr: 0.2534055709838867, CeVa: 0.44370222091674805
Epoch: 28, AccTr: 0.9193000197410583, AccVa: 0.890999972820282, CeTr: 0.25868701934814453, CeVa: 0.40558987855911255
Epoch: 29, AccTr: 0.9154000282287598, AccVa: 0.8945000171661377, CeTr: 0.2640906870365143, CeVa: 0.4272981882095337
Epoch: 30, AccTr: 0.9144999980926514, AccVa: 0.8870000243186951, CeTr: 0.2725255787372589, CeVa: 0.39058464765548706
ENSEMBLE | Tr_Acc: 0.9610000252723694, Tr_CE: 0.1248994767665863, Va_Acc: 0.9294999837875366, Va_CE: 0.23555700480937958
Epoch: 31, AccTr: 0.9175999760627747, AccVa: 0.8930000066757202, CeTr: 0.2535161077976227, CeVa: 0.4192945659160614
Epoch: 32, AccTr: 0.9143000245094299, AccVa: 0.8870000243186951, CeTr: 0.27683162689208984, CeVa: 0.4295847713947296
Epoch: 33, AccTr: 0.9168000221252441, AccVa: 0.890999972820282, CeTr: 0.2551543116569519, CeVa: 0.3964727818965912
Epoch: 34, AccTr: 0.9179999828338623, AccVa: 0.8774999976158142, CeTr: 0.2518377900123596, CeVa: 0.42553791403770447
Epoch: 35, AccTr: 0.9176999926567078, AccVa: 0.8834999799728394, CeTr: 0.2570854127407074, CeVa: 0.4141683280467987
ENSEMBLE | Tr_Acc: 0.9620000123977661, Tr_CE: 0.12053888291120529, Va_Acc: 0.9304999709129333, Va_CE: 0.2320658564567566
Epoch: 36, AccTr: 0.9160000085830688, AccVa: 0.887499988079071, CeTr: 0.2600816488265991, CeVa: 0.3893772065639496
Epoch: 37, AccTr: 0.9146000146865845, AccVa: 0.8870000243186951, CeTr: 0.264661580324173, CeVa: 0.39778202772140503
Epoch: 38, AccTr: 0.9186999797821045, AccVa: 0.8870000243186951, CeTr: 0.2503723204135895, CeVa: 0.42524826526641846
Epoch: 39, AccTr: 0.917900025844574, AccVa: 0.8945000171661377, CeTr: 0.2612120509147644, CeVa: 0.4082548916339874
Epoch: 40, AccTr: 0.9147999882698059, AccVa: 0.8805000185966492, CeTr: 0.2577603757381439, CeVa: 0.4021676778793335
ENSEMBLE | Tr_Acc: 0.9625999927520752, Tr_CE: 0.11774257570505142, Va_Acc: 0.9330000281333923, Va_CE: 0.2286929041147232
Epoch: 41, AccTr: 0.9211000204086304, AccVa: 0.8899999856948853, CeTr: 0.25738927721977234, CeVa: 0.4022562503814697
Epoch: 42, AccTr: 0.916700005531311, AccVa: 0.8914999961853027, CeTr: 0.2617756724357605, CeVa: 0.41153809428215027
Epoch: 43, AccTr: 0.9154000282287598, AccVa: 0.8799999952316284, CeTr: 0.2623232901096344, CeVa: 0.4216203987598419
Epoch: 44, AccTr: 0.9187999963760376, AccVa: 0.8830000162124634, CeTr: 0.24875549972057343, CeVa: 0.3732633590698242
Epoch: 45, AccTr: 0.9172000288963318, AccVa: 0.8920000195503235, CeTr: 0.25829991698265076, CeVa: 0.3927935063838959
ENSEMBLE | Tr_Acc: 0.963699996471405, Tr_CE: 0.11574660986661911, Va_Acc: 0.9340000152587891, Va_CE: 0.22580377757549286
Epoch: 46, AccTr: 0.9212999939918518, AccVa: 0.8805000185966492, CeTr: 0.25377357006073, CeVa: 0.4276217818260193
Epoch: 47, AccTr: 0.9193999767303467, AccVa: 0.8859999775886536, CeTr: 0.25664129853248596, CeVa: 0.4086649715900421
Epoch: 48, AccTr: 0.9200999736785889, AccVa: 0.8849999904632568, CeTr: 0.2553515136241913, CeVa: 0.43821224570274353
Epoch: 49, AccTr: 0.9169999957084656, AccVa: 0.8790000081062317, CeTr: 0.26498258113861084, CeVa: 0.4201304316520691
Epoch: 50, AccTr: 0.9211000204086304, AccVa: 0.8930000066757202, CeTr: 0.26076579093933105, CeVa: 0.3990800976753235
ENSEMBLE | Tr_Acc: 0.9635000228881836, Tr_CE: 0.1145615205168724, Va_Acc: 0.934499979019165, Va_CE: 0.22461119294166565
NN CONFIG
Weight-type:		ternary
Layout									Layer #1: 250	Layer #2: 220	
Activation Functions					Layer #1: ets	Layer #2: ets	
Keep probabilities		Layer #0: 1.0	Layer #1: 1.0	Layer #2: 1.0	
Flat factors							Layer #1: 1.0	Layer #2: 1.0	Layer #3: 1.0	
Activation Noise						Layer #1: 0.1	Layer #2: 0.1	Layer #3: 0.0	
Prior: 0.8

===================================

RUN CONFIG
Epochs: 50, Blocksize: 4

===================================

Input binarization: False
Epoch: 1, AccTr: 0.8914999961853027, AccVa: 0.8769999742507935, CeTr: 0.3538055717945099, CeVa: 0.4626336395740509
Epoch: 2, AccTr: 0.9017000198364258, AccVa: 0.8744999766349792, CeTr: 0.31818217039108276, CeVa: 0.437595933675766
Epoch: 3, AccTr: 0.9060999751091003, AccVa: 0.8794999718666077, CeTr: 0.3003697395324707, CeVa: 0.40781038999557495
Epoch: 4, AccTr: 0.9088000059127808, AccVa: 0.8799999952316284, CeTr: 0.2848885953426361, CeVa: 0.4165932834148407
Epoch: 5, AccTr: 0.9075000286102295, AccVa: 0.878000020980835, CeTr: 0.2877369523048401, CeVa: 0.4024406671524048
ENSEMBLE | Tr_Acc: 0.9075000286102295, Tr_CE: 0.2877369523048401, Va_Acc: 0.878000020980835, Va_CE: 0.4024406671524048
Epoch: 6, AccTr: 0.9110000133514404, AccVa: 0.8849999904632568, CeTr: 0.2717670500278473, CeVa: 0.40154197812080383
Epoch: 7, AccTr: 0.916700005531311, AccVa: 0.8820000290870667, CeTr: 0.2633347511291504, CeVa: 0.39117133617401123
Epoch: 8, AccTr: 0.9147999882698059, AccVa: 0.8895000219345093, CeTr: 0.27352020144462585, CeVa: 0.39417117834091187
Epoch: 9, AccTr: 0.9118000268936157, AccVa: 0.8840000033378601, CeTr: 0.2754342257976532, CeVa: 0.4148651659488678
Epoch: 10, AccTr: 0.914900004863739, AccVa: 0.8799999952316284, CeTr: 0.26246538758277893, CeVa: 0.3850110173225403
ENSEMBLE | Tr_Acc: 0.9399999976158142, Tr_CE: 0.19125959277153015, Va_Acc: 0.9129999876022339, Va_CE: 0.2977279722690582
Epoch: 11, AccTr: 0.9142000079154968, AccVa: 0.8884999752044678, CeTr: 0.26995179057121277, CeVa: 0.3951662480831146
Epoch: 12, AccTr: 0.9150999784469604, AccVa: 0.8845000267028809, CeTr: 0.2636931538581848, CeVa: 0.3974635899066925
Epoch: 13, AccTr: 0.916700005531311, AccVa: 0.8960000276565552, CeTr: 0.2709081768989563, CeVa: 0.37097078561782837
Epoch: 14, AccTr: 0.9100000262260437, AccVa: 0.8769999742507935, CeTr: 0.271036297082901, CeVa: 0.40974536538124084
Epoch: 15, AccTr: 0.9156000018119812, AccVa: 0.8809999823570251, CeTr: 0.2596933841705322, CeVa: 0.3774978220462799
ENSEMBLE | Tr_Acc: 0.9498999714851379, Tr_CE: 0.16332758963108063, Va_Acc: 0.925000011920929, Va_CE: 0.26466283202171326
Epoch: 16, AccTr: 0.9179999828338623, AccVa: 0.890500009059906, CeTr: 0.2647159695625305, CeVa: 0.4020572006702423
Epoch: 17, AccTr: 0.9138000011444092, AccVa: 0.8855000138282776, CeTr: 0.279156893491745, CeVa: 0.36746692657470703
Epoch: 18, AccTr: 0.914900004863739, AccVa: 0.8830000162124634, CeTr: 0.27139797806739807, CeVa: 0.39967837929725647
Epoch: 19, AccTr: 0.9129999876022339, AccVa: 0.8849999904632568, CeTr: 0.26095646619796753, CeVa: 0.4005681276321411
Epoch: 20, AccTr: 0.9171000123023987, AccVa: 0.890500009059906, CeTr: 0.25694984197616577, CeVa: 0.39709851145744324
ENSEMBLE | Tr_Acc: 0.9527000188827515, Tr_CE: 0.14887143671512604, Va_Acc: 0.9279999732971191, Va_CE: 0.25070878863334656
Epoch: 21, AccTr: 0.9157999753952026, AccVa: 0.8790000081062317, CeTr: 0.2559339106082916, CeVa: 0.41468173265457153
Epoch: 22, AccTr: 0.9168999791145325, AccVa: 0.8820000290870667, CeTr: 0.26192837953567505, CeVa: 0.43951672315597534
Epoch: 23, AccTr: 0.9164000153541565, AccVa: 0.8865000009536743, CeTr: 0.26326507329940796, CeVa: 0.4234146177768707
Epoch: 24, AccTr: 0.9193999767303467, AccVa: 0.8794999718666077, CeTr: 0.2564053535461426, CeVa: 0.43015944957733154
Epoch: 25, AccTr: 0.9150999784469604, AccVa: 0.8845000267028809, CeTr: 0.2591080069541931, CeVa: 0.37726595997810364
ENSEMBLE | Tr_Acc: 0.9544000029563904, Tr_CE: 0.14000728726387024, Va_Acc: 0.9325000047683716, Va_CE: 0.2400878369808197
Epoch: 26, AccTr: 0.9146999716758728, AccVa: 0.8880000114440918, CeTr: 0.26068100333213806, CeVa: 0.41278329491615295
Epoch: 27, AccTr: 0.9230999946594238, AccVa: 0.8815000057220459, CeTr: 0.24231447279453278, CeVa: 0.40709492564201355
Epoch: 28, AccTr: 0.9221000075340271, AccVa: 0.890999972820282, CeTr: 0.2531681954860687, CeVa: 0.38691967725753784
Epoch: 29, AccTr: 0.9232000112533569, AccVa: 0.8924999833106995, CeTr: 0.24591584503650665, CeVa: 0.35903725028038025
Epoch: 30, AccTr: 0.9129999876022339, AccVa: 0.8895000219345093, CeTr: 0.26323455572128296, CeVa: 0.3844793736934662
ENSEMBLE | Tr_Acc: 0.9552000164985657, Tr_CE: 0.13411453366279602, Va_Acc: 0.934499979019165, Va_CE: 0.23346135020256042
Epoch: 31, AccTr: 0.9154000282287598, AccVa: 0.8759999871253967, CeTr: 0.2617132365703583, CeVa: 0.42815274000167847
Epoch: 32, AccTr: 0.9189000129699707, AccVa: 0.9039999842643738, CeTr: 0.2557518482208252, CeVa: 0.36115890741348267
Epoch: 33, AccTr: 0.9150000214576721, AccVa: 0.8809999823570251, CeTr: 0.2654497027397156, CeVa: 0.40801337361335754
Epoch: 34, AccTr: 0.9121999740600586, AccVa: 0.8784999847412109, CeTr: 0.26996368169784546, CeVa: 0.41032707691192627
Epoch: 35, AccTr: 0.9125999808311462, AccVa: 0.8799999952316284, CeTr: 0.26241761445999146, CeVa: 0.4198034107685089
ENSEMBLE | Tr_Acc: 0.9571999907493591, Tr_CE: 0.13010293245315552, Va_Acc: 0.9340000152587891, Va_CE: 0.23388943076133728
Epoch: 36, AccTr: 0.9193000197410583, AccVa: 0.8914999961853027, CeTr: 0.2520475387573242, CeVa: 0.4245295524597168
Epoch: 37, AccTr: 0.9157000184059143, AccVa: 0.8799999952316284, CeTr: 0.25448280572891235, CeVa: 0.41610923409461975
Epoch: 38, AccTr: 0.9154999852180481, AccVa: 0.878000020980835, CeTr: 0.2536777853965759, CeVa: 0.4340519607067108
Epoch: 39, AccTr: 0.9164999723434448, AccVa: 0.8889999985694885, CeTr: 0.2602825164794922, CeVa: 0.39210155606269836
Epoch: 40, AccTr: 0.9222000241279602, AccVa: 0.8939999938011169, CeTr: 0.2417243868112564, CeVa: 0.4095400273799896
ENSEMBLE | Tr_Acc: 0.9598000049591064, Tr_CE: 0.12499953806400299, Va_Acc: 0.9380000233650208, Va_CE: 0.23109200596809387
Epoch: 41, AccTr: 0.917900025844574, AccVa: 0.8895000219345093, CeTr: 0.25658467411994934, CeVa: 0.3776361644268036
Epoch: 42, AccTr: 0.9189000129699707, AccVa: 0.8889999985694885, CeTr: 0.2525005042552948, CeVa: 0.3835475444793701
Epoch: 43, AccTr: 0.920799970626831, AccVa: 0.890999972820282, CeTr: 0.26241636276245117, CeVa: 0.37200239300727844
Epoch: 44, AccTr: 0.9214000105857849, AccVa: 0.890999972820282, CeTr: 0.2552013099193573, CeVa: 0.3834388256072998
Epoch: 45, AccTr: 0.9164999723434448, AccVa: 0.8895000219345093, CeTr: 0.256939172744751, CeVa: 0.3972165286540985
ENSEMBLE | Tr_Acc: 0.9603999853134155, Tr_CE: 0.123053640127182, Va_Acc: 0.9350000023841858, Va_CE: 0.22885319590568542
Epoch: 46, AccTr: 0.9217000007629395, AccVa: 0.8924999833106995, CeTr: 0.24951772391796112, CeVa: 0.38475146889686584
Epoch: 47, AccTr: 0.916100025177002, AccVa: 0.8899999856948853, CeTr: 0.26386329531669617, CeVa: 0.39783018827438354
Epoch: 48, AccTr: 0.9199000000953674, AccVa: 0.8895000219345093, CeTr: 0.2616276443004608, CeVa: 0.38178274035453796
Epoch: 49, AccTr: 0.9168000221252441, AccVa: 0.8865000009536743, CeTr: 0.25514036417007446, CeVa: 0.391961932182312
Epoch: 50, AccTr: 0.917900025844574, AccVa: 0.8939999938011169, CeTr: 0.2603866755962372, CeVa: 0.3932274281978607
ENSEMBLE | Tr_Acc: 0.9605000019073486, Tr_CE: 0.12180446833372116, Va_Acc: 0.9330000281333923, Va_CE: 0.22798611223697662
Mod Accuracy || Mean: 0.8927500247955322	 Std: 0.002947458764538169
Ens Accuracy || Mean: 0.9331250190734863	 Std: 0.0008926743757911026
Mod CE || Mean: 0.3981119692325592	 Std: 0.024102075025439262
Ens CE || Mean: 0.22993844747543335	 Std: 0.0063895187340676785
