NN CONFIG
Weight-type:		ternary
Layout									Layer #1: 250	Layer #2: 220	
Activation Functions					Layer #1: ets	Layer #2: ets	
Keep probabilities		Layer #0: 1.0	Layer #1: 1.0	Layer #2: 1.0	
Flat factors							Layer #1: 1.0	Layer #2: 1.0	Layer #3: 1.0	
Activation Noise						Layer #1: 0.1	Layer #2: 0.1	Layer #3: 0.0	
Prior: 0.8

===================================

RUN CONFIG
Epochs: 50, Blocksize: 4

===================================

Input binarization: False
Epoch: 1, AccTr: 0.8762000203132629, AccVa: 0.8399999737739563, CeTr: 0.39209556579589844, CeVa: 0.4990490674972534
Epoch: 2, AccTr: 0.887499988079071, AccVa: 0.8560000061988831, CeTr: 0.35992100834846497, CeVa: 0.47612977027893066
Epoch: 3, AccTr: 0.88919997215271, AccVa: 0.8554999828338623, CeTr: 0.3453868627548218, CeVa: 0.45864352583885193
Epoch: 4, AccTr: 0.891700029373169, AccVa: 0.8675000071525574, CeTr: 0.3360929787158966, CeVa: 0.45628592371940613
Epoch: 5, AccTr: 0.8963000178337097, AccVa: 0.8629999756813049, CeTr: 0.3223879039287567, CeVa: 0.4484761357307434
ENSEMBLE | Tr_Acc: 0.8963000178337097, Tr_CE: 0.3223879039287567, Va_Acc: 0.8629999756813049, Va_CE: 0.4484761357307434
Epoch: 6, AccTr: 0.8981000185012817, AccVa: 0.871999979019165, CeTr: 0.3145420551300049, CeVa: 0.4391612112522125
Epoch: 7, AccTr: 0.8968999981880188, AccVa: 0.8805000185966492, CeTr: 0.3191107213497162, CeVa: 0.4182901680469513
Epoch: 8, AccTr: 0.8981999754905701, AccVa: 0.8709999918937683, CeTr: 0.3083667755126953, CeVa: 0.4458004832267761
Epoch: 9, AccTr: 0.9017999768257141, AccVa: 0.875, CeTr: 0.3107089698314667, CeVa: 0.4381519854068756
Epoch: 10, AccTr: 0.9010000228881836, AccVa: 0.8734999895095825, CeTr: 0.3060987591743469, CeVa: 0.4201434254646301
ENSEMBLE | Tr_Acc: 0.9282000064849854, Tr_CE: 0.22668398916721344, Va_Acc: 0.8964999914169312, Va_CE: 0.3315768241882324
Epoch: 11, AccTr: 0.9010999798774719, AccVa: 0.8740000128746033, CeTr: 0.3054366111755371, CeVa: 0.4444080889225006
Epoch: 12, AccTr: 0.8981999754905701, AccVa: 0.8784999847412109, CeTr: 0.3127460479736328, CeVa: 0.43850618600845337
Epoch: 13, AccTr: 0.9047999978065491, AccVa: 0.8715000152587891, CeTr: 0.3035491704940796, CeVa: 0.41774412989616394
Epoch: 14, AccTr: 0.9014999866485596, AccVa: 0.8715000152587891, CeTr: 0.31321534514427185, CeVa: 0.42794090509414673
Epoch: 15, AccTr: 0.9023000001907349, AccVa: 0.8700000047683716, CeTr: 0.30264008045196533, CeVa: 0.43776747584342957
ENSEMBLE | Tr_Acc: 0.9387000203132629, Tr_CE: 0.19385778903961182, Va_Acc: 0.909500002861023, Va_CE: 0.3063575029373169
Epoch: 16, AccTr: 0.9059000015258789, AccVa: 0.8694999814033508, CeTr: 0.30270618200302124, CeVa: 0.4508167803287506
Epoch: 17, AccTr: 0.9018999934196472, AccVa: 0.8709999918937683, CeTr: 0.3100014626979828, CeVa: 0.4026951491832733
Epoch: 18, AccTr: 0.902999997138977, AccVa: 0.8769999742507935, CeTr: 0.29948747158050537, CeVa: 0.42529064416885376
Epoch: 19, AccTr: 0.9050999879837036, AccVa: 0.8794999718666077, CeTr: 0.2904210388660431, CeVa: 0.40543317794799805
Epoch: 20, AccTr: 0.9039999842643738, AccVa: 0.8730000257492065, CeTr: 0.2951001524925232, CeVa: 0.4156779646873474
ENSEMBLE | Tr_Acc: 0.944599986076355, Tr_CE: 0.17704884707927704, Va_Acc: 0.9139999747276306, Va_CE: 0.28610655665397644
Epoch: 21, AccTr: 0.9057000279426575, AccVa: 0.8730000257492065, CeTr: 0.30337288975715637, CeVa: 0.4147862195968628
Epoch: 22, AccTr: 0.9054999947547913, AccVa: 0.8705000281333923, CeTr: 0.3044562339782715, CeVa: 0.4461880028247833
Epoch: 23, AccTr: 0.9047999978065491, AccVa: 0.8824999928474426, CeTr: 0.2962910532951355, CeVa: 0.4146118760108948
Epoch: 24, AccTr: 0.9067000150680542, AccVa: 0.8799999952316284, CeTr: 0.28523847460746765, CeVa: 0.4054863452911377
Epoch: 25, AccTr: 0.9049999713897705, AccVa: 0.8830000162124634, CeTr: 0.3005848526954651, CeVa: 0.4004322588443756
ENSEMBLE | Tr_Acc: 0.9466000199317932, Tr_CE: 0.16870783269405365, Va_Acc: 0.9185000061988831, Va_CE: 0.2705918252468109
Epoch: 26, AccTr: 0.9039000272750854, AccVa: 0.8790000081062317, CeTr: 0.3017463982105255, CeVa: 0.39598196744918823
Epoch: 27, AccTr: 0.902899980545044, AccVa: 0.8730000257492065, CeTr: 0.30341342091560364, CeVa: 0.4239179491996765
Epoch: 28, AccTr: 0.9057999849319458, AccVa: 0.8684999942779541, CeTr: 0.2964940071105957, CeVa: 0.42294561862945557
Epoch: 29, AccTr: 0.9017000198364258, AccVa: 0.8700000047683716, CeTr: 0.30210113525390625, CeVa: 0.43193215131759644
Epoch: 30, AccTr: 0.90420001745224, AccVa: 0.8784999847412109, CeTr: 0.3069755434989929, CeVa: 0.4079582393169403
ENSEMBLE | Tr_Acc: 0.9484999775886536, Tr_CE: 0.16382864117622375, Va_Acc: 0.9229999780654907, Va_CE: 0.25843122601509094
Epoch: 31, AccTr: 0.9046000242233276, AccVa: 0.8769999742507935, CeTr: 0.28551197052001953, CeVa: 0.4055688977241516
Epoch: 32, AccTr: 0.9039000272750854, AccVa: 0.8690000176429749, CeTr: 0.3039631247520447, CeVa: 0.4092317521572113
Epoch: 33, AccTr: 0.9075999855995178, AccVa: 0.8759999871253967, CeTr: 0.2812858521938324, CeVa: 0.41444653272628784
Epoch: 34, AccTr: 0.9043999910354614, AccVa: 0.878000020980835, CeTr: 0.30366137623786926, CeVa: 0.42170464992523193
Epoch: 35, AccTr: 0.9010999798774719, AccVa: 0.8824999928474426, CeTr: 0.30879485607147217, CeVa: 0.40893104672431946
ENSEMBLE | Tr_Acc: 0.9503999948501587, Tr_CE: 0.15997982025146484, Va_Acc: 0.9275000095367432, Va_CE: 0.25434744358062744
Epoch: 36, AccTr: 0.9010999798774719, AccVa: 0.8855000138282776, CeTr: 0.30193090438842773, CeVa: 0.3940054178237915
Epoch: 37, AccTr: 0.9023000001907349, AccVa: 0.8734999895095825, CeTr: 0.29772982001304626, CeVa: 0.40067043900489807
Epoch: 38, AccTr: 0.9052000045776367, AccVa: 0.8774999976158142, CeTr: 0.29690346121788025, CeVa: 0.43027135729789734
Epoch: 39, AccTr: 0.9035999774932861, AccVa: 0.878000020980835, CeTr: 0.29908862709999084, CeVa: 0.41440349817276
Epoch: 40, AccTr: 0.9061999917030334, AccVa: 0.8734999895095825, CeTr: 0.29584354162216187, CeVa: 0.4448693096637726
ENSEMBLE | Tr_Acc: 0.9521999955177307, Tr_CE: 0.155864879488945, Va_Acc: 0.9294999837875366, Va_CE: 0.2546645402908325
Epoch: 41, AccTr: 0.9061999917030334, AccVa: 0.8845000267028809, CeTr: 0.29514825344085693, CeVa: 0.41629907488822937
Epoch: 42, AccTr: 0.9010999798774719, AccVa: 0.8774999976158142, CeTr: 0.30082133412361145, CeVa: 0.4199732542037964
Epoch: 43, AccTr: 0.9021000266075134, AccVa: 0.8870000243186951, CeTr: 0.30715733766555786, CeVa: 0.4050449728965759
Epoch: 44, AccTr: 0.9049000144004822, AccVa: 0.8784999847412109, CeTr: 0.29055386781692505, CeVa: 0.4050253629684448
Epoch: 45, AccTr: 0.9071000218391418, AccVa: 0.8809999823570251, CeTr: 0.29204490780830383, CeVa: 0.41752859950065613
ENSEMBLE | Tr_Acc: 0.9513000249862671, Tr_CE: 0.15255066752433777, Va_Acc: 0.9300000071525574, Va_CE: 0.25160011649131775
Epoch: 46, AccTr: 0.9086999893188477, AccVa: 0.8799999952316284, CeTr: 0.2860841453075409, CeVa: 0.4009987413883209
Epoch: 47, AccTr: 0.9083999991416931, AccVa: 0.875, CeTr: 0.29143163561820984, CeVa: 0.4455435276031494
Epoch: 48, AccTr: 0.9082000255584717, AccVa: 0.8790000081062317, CeTr: 0.2877899408340454, CeVa: 0.41464588046073914
Epoch: 49, AccTr: 0.90420001745224, AccVa: 0.8809999823570251, CeTr: 0.3013177216053009, CeVa: 0.4086739122867584
Epoch: 50, AccTr: 0.9000999927520752, AccVa: 0.875, CeTr: 0.3094289302825928, CeVa: 0.4129004180431366
ENSEMBLE | Tr_Acc: 0.9520999789237976, Tr_CE: 0.1512882560491562, Va_Acc: 0.9315000176429749, Va_CE: 0.2484038770198822
NN CONFIG
Weight-type:		ternary
Layout									Layer #1: 250	Layer #2: 220	
Activation Functions					Layer #1: ets	Layer #2: ets	
Keep probabilities		Layer #0: 1.0	Layer #1: 1.0	Layer #2: 1.0	
Flat factors							Layer #1: 1.0	Layer #2: 1.0	Layer #3: 1.0	
Activation Noise						Layer #1: 0.1	Layer #2: 0.1	Layer #3: 0.0	
Prior: 0.8

===================================

RUN CONFIG
Epochs: 50, Blocksize: 4

===================================

Input binarization: False
Epoch: 1, AccTr: 0.8790000081062317, AccVa: 0.8634999990463257, CeTr: 0.3916863799095154, CeVa: 0.4696299135684967
Epoch: 2, AccTr: 0.8902999758720398, AccVa: 0.8539999723434448, CeTr: 0.347349613904953, CeVa: 0.4795987606048584
Epoch: 3, AccTr: 0.8998000025749207, AccVa: 0.8644999861717224, CeTr: 0.33499154448509216, CeVa: 0.45354926586151123
Epoch: 4, AccTr: 0.9031000137329102, AccVa: 0.8725000023841858, CeTr: 0.3140769898891449, CeVa: 0.43026456236839294
Epoch: 5, AccTr: 0.8956999778747559, AccVa: 0.8634999990463257, CeTr: 0.33176660537719727, CeVa: 0.4253333508968353
ENSEMBLE | Tr_Acc: 0.8956999778747559, Tr_CE: 0.33176660537719727, Va_Acc: 0.8634999990463257, Va_CE: 0.4253333508968353
Epoch: 6, AccTr: 0.9004999995231628, AccVa: 0.8634999990463257, CeTr: 0.31733712553977966, CeVa: 0.44232895970344543
Epoch: 7, AccTr: 0.9021000266075134, AccVa: 0.875, CeTr: 0.3059817850589752, CeVa: 0.4216582179069519
Epoch: 8, AccTr: 0.8986999988555908, AccVa: 0.8715000152587891, CeTr: 0.3116999566555023, CeVa: 0.4224990904331207
Epoch: 9, AccTr: 0.9052000045776367, AccVa: 0.8715000152587891, CeTr: 0.30744490027427673, CeVa: 0.42474329471588135
Epoch: 10, AccTr: 0.9052000045776367, AccVa: 0.8730000257492065, CeTr: 0.2982621192932129, CeVa: 0.428394615650177
ENSEMBLE | Tr_Acc: 0.9294000267982483, Tr_CE: 0.2303449958562851, Va_Acc: 0.8914999961853027, Va_CE: 0.3359943926334381
Epoch: 11, AccTr: 0.906499981880188, AccVa: 0.8694999814033508, CeTr: 0.2933209538459778, CeVa: 0.4130910336971283
Epoch: 12, AccTr: 0.9024999737739563, AccVa: 0.8815000057220459, CeTr: 0.2951209843158722, CeVa: 0.39190673828125
Epoch: 13, AccTr: 0.9039000272750854, AccVa: 0.8755000233650208, CeTr: 0.2977130711078644, CeVa: 0.4366704821586609
Epoch: 14, AccTr: 0.9041000008583069, AccVa: 0.8899999856948853, CeTr: 0.29107025265693665, CeVa: 0.4163248538970947
Epoch: 15, AccTr: 0.9056000113487244, AccVa: 0.8765000104904175, CeTr: 0.29346466064453125, CeVa: 0.41962265968322754
ENSEMBLE | Tr_Acc: 0.9381999969482422, Tr_CE: 0.20077580213546753, Va_Acc: 0.9075000286102295, Va_CE: 0.30673468112945557
Epoch: 16, AccTr: 0.9050999879837036, AccVa: 0.8744999766349792, CeTr: 0.299225389957428, CeVa: 0.43985527753829956
Epoch: 17, AccTr: 0.9041000008583069, AccVa: 0.8669999837875366, CeTr: 0.3005707859992981, CeVa: 0.42214009165763855
Epoch: 18, AccTr: 0.9067999720573425, AccVa: 0.8765000104904175, CeTr: 0.2909347414970398, CeVa: 0.41757670044898987
Epoch: 19, AccTr: 0.9002000093460083, AccVa: 0.875, CeTr: 0.3076038956642151, CeVa: 0.41541850566864014
Epoch: 20, AccTr: 0.9023000001907349, AccVa: 0.8740000128746033, CeTr: 0.2979396879673004, CeVa: 0.4365703761577606
ENSEMBLE | Tr_Acc: 0.9420999884605408, Tr_CE: 0.1877313256263733, Va_Acc: 0.9179999828338623, Va_CE: 0.29590755701065063
Epoch: 21, AccTr: 0.9075000286102295, AccVa: 0.8744999766349792, CeTr: 0.30130308866500854, CeVa: 0.42393991351127625
Epoch: 22, AccTr: 0.9053000211715698, AccVa: 0.8920000195503235, CeTr: 0.29780104756355286, CeVa: 0.3958350718021393
Epoch: 23, AccTr: 0.9017999768257141, AccVa: 0.8759999871253967, CeTr: 0.29824408888816833, CeVa: 0.3987523317337036
Epoch: 24, AccTr: 0.9059000015258789, AccVa: 0.8759999871253967, CeTr: 0.303089439868927, CeVa: 0.4196373522281647
Epoch: 25, AccTr: 0.9061999917030334, AccVa: 0.8690000176429749, CeTr: 0.2987419366836548, CeVa: 0.45269253849983215
ENSEMBLE | Tr_Acc: 0.9452000260353088, Tr_CE: 0.18062689900398254, Va_Acc: 0.9179999828338623, Va_CE: 0.29098638892173767
Epoch: 26, AccTr: 0.9050999879837036, AccVa: 0.875, CeTr: 0.29602423310279846, CeVa: 0.4115346372127533
Epoch: 27, AccTr: 0.9053000211715698, AccVa: 0.8859999775886536, CeTr: 0.28967535495758057, CeVa: 0.3869001269340515
Epoch: 28, AccTr: 0.9049999713897705, AccVa: 0.8730000257492065, CeTr: 0.30052679777145386, CeVa: 0.42222627997398376
Epoch: 29, AccTr: 0.9063000082969666, AccVa: 0.8830000162124634, CeTr: 0.2956031560897827, CeVa: 0.3967377543449402
Epoch: 30, AccTr: 0.9071000218391418, AccVa: 0.8709999918937683, CeTr: 0.2915053963661194, CeVa: 0.42657607793807983
ENSEMBLE | Tr_Acc: 0.9465000033378601, Tr_CE: 0.17466267943382263, Va_Acc: 0.9144999980926514, Va_CE: 0.28304338455200195
Epoch: 31, AccTr: 0.906499981880188, AccVa: 0.8845000267028809, CeTr: 0.2937609851360321, CeVa: 0.4048585891723633
Epoch: 32, AccTr: 0.9054999947547913, AccVa: 0.8859999775886536, CeTr: 0.29360702633857727, CeVa: 0.38355499505996704
Epoch: 33, AccTr: 0.906499981880188, AccVa: 0.8755000233650208, CeTr: 0.2952839732170105, CeVa: 0.4136408269405365
Epoch: 34, AccTr: 0.9038000106811523, AccVa: 0.8824999928474426, CeTr: 0.30148863792419434, CeVa: 0.3867650032043457
Epoch: 35, AccTr: 0.9049000144004822, AccVa: 0.8799999952316284, CeTr: 0.3032393753528595, CeVa: 0.3873257637023926
ENSEMBLE | Tr_Acc: 0.9480000138282776, Tr_CE: 0.1712648570537567, Va_Acc: 0.9185000061988831, Va_CE: 0.27290335297584534
Epoch: 36, AccTr: 0.9101999998092651, AccVa: 0.8774999976158142, CeTr: 0.29268231987953186, CeVa: 0.3969685733318329
Epoch: 37, AccTr: 0.9027000069618225, AccVa: 0.8834999799728394, CeTr: 0.3073723316192627, CeVa: 0.3600742220878601
Epoch: 38, AccTr: 0.9065999984741211, AccVa: 0.8794999718666077, CeTr: 0.297565221786499, CeVa: 0.37884026765823364
Epoch: 39, AccTr: 0.9096999764442444, AccVa: 0.8920000195503235, CeTr: 0.29140737652778625, CeVa: 0.3570551574230194
Epoch: 40, AccTr: 0.9071999788284302, AccVa: 0.8755000233650208, CeTr: 0.29075050354003906, CeVa: 0.3831838071346283
ENSEMBLE | Tr_Acc: 0.9490000009536743, Tr_CE: 0.1679026186466217, Va_Acc: 0.921999990940094, Va_CE: 0.26641836762428284
Epoch: 41, AccTr: 0.9082000255584717, AccVa: 0.890500009059906, CeTr: 0.28455597162246704, CeVa: 0.37508705258369446
Epoch: 42, AccTr: 0.906499981880188, AccVa: 0.8709999918937683, CeTr: 0.2965365946292877, CeVa: 0.4058777689933777
Epoch: 43, AccTr: 0.9068999886512756, AccVa: 0.8715000152587891, CeTr: 0.29557672142982483, CeVa: 0.4480443596839905
Epoch: 44, AccTr: 0.9072999954223633, AccVa: 0.887499988079071, CeTr: 0.2878912687301636, CeVa: 0.3889371156692505
Epoch: 45, AccTr: 0.9041000008583069, AccVa: 0.8855000138282776, CeTr: 0.29875448346138, CeVa: 0.401470422744751
ENSEMBLE | Tr_Acc: 0.9498000144958496, Tr_CE: 0.16561055183410645, Va_Acc: 0.921500027179718, Va_CE: 0.26142802834510803
Epoch: 46, AccTr: 0.9053999781608582, AccVa: 0.8769999742507935, CeTr: 0.28964829444885254, CeVa: 0.4141824245452881
Epoch: 47, AccTr: 0.906499981880188, AccVa: 0.8759999871253967, CeTr: 0.2964656352996826, CeVa: 0.41650494933128357
Epoch: 48, AccTr: 0.9061999917030334, AccVa: 0.8759999871253967, CeTr: 0.28808119893074036, CeVa: 0.4121510088443756
Epoch: 49, AccTr: 0.9024999737739563, AccVa: 0.8799999952316284, CeTr: 0.3016967177391052, CeVa: 0.4075736999511719
Epoch: 50, AccTr: 0.9085000157356262, AccVa: 0.8769999742507935, CeTr: 0.2825114130973816, CeVa: 0.4093027412891388
ENSEMBLE | Tr_Acc: 0.9502000212669373, Tr_CE: 0.16295409202575684, Va_Acc: 0.9225000143051147, Va_CE: 0.25920796394348145
NN CONFIG
Weight-type:		ternary
Layout									Layer #1: 250	Layer #2: 220	
Activation Functions					Layer #1: ets	Layer #2: ets	
Keep probabilities		Layer #0: 1.0	Layer #1: 1.0	Layer #2: 1.0	
Flat factors							Layer #1: 1.0	Layer #2: 1.0	Layer #3: 1.0	
Activation Noise						Layer #1: 0.1	Layer #2: 0.1	Layer #3: 0.0	
Prior: 0.8

===================================

RUN CONFIG
Epochs: 50, Blocksize: 4

===================================

Input binarization: False
Epoch: 1, AccTr: 0.8777999877929688, AccVa: 0.8569999933242798, CeTr: 0.3861502408981323, CeVa: 0.4610155522823334
Epoch: 2, AccTr: 0.8999999761581421, AccVa: 0.8799999952316284, CeTr: 0.32920756936073303, CeVa: 0.44164684414863586
Epoch: 3, AccTr: 0.9000999927520752, AccVa: 0.8889999985694885, CeTr: 0.31259751319885254, CeVa: 0.39185282588005066
Epoch: 4, AccTr: 0.9021000266075134, AccVa: 0.871999979019165, CeTr: 0.31436994671821594, CeVa: 0.430376797914505
Epoch: 5, AccTr: 0.9053000211715698, AccVa: 0.875, CeTr: 0.31136053800582886, CeVa: 0.4259743392467499
ENSEMBLE | Tr_Acc: 0.9053000211715698, Tr_CE: 0.31136053800582886, Va_Acc: 0.875, Va_CE: 0.4259743392467499
Epoch: 6, AccTr: 0.9009000062942505, AccVa: 0.8794999718666077, CeTr: 0.31061041355133057, CeVa: 0.3920084834098816
Epoch: 7, AccTr: 0.8985999822616577, AccVa: 0.8794999718666077, CeTr: 0.31502506136894226, CeVa: 0.4209357798099518
Epoch: 8, AccTr: 0.9021000266075134, AccVa: 0.8740000128746033, CeTr: 0.3062373399734497, CeVa: 0.4102182984352112
Epoch: 9, AccTr: 0.9042999744415283, AccVa: 0.8784999847412109, CeTr: 0.29911601543426514, CeVa: 0.4176206886768341
Epoch: 10, AccTr: 0.9049999713897705, AccVa: 0.8769999742507935, CeTr: 0.3012542426586151, CeVa: 0.41515395045280457
ENSEMBLE | Tr_Acc: 0.9320999979972839, Tr_CE: 0.21802878379821777, Va_Acc: 0.9045000076293945, Va_CE: 0.3235603868961334
Epoch: 11, AccTr: 0.9075000286102295, AccVa: 0.8790000081062317, CeTr: 0.3002370595932007, CeVa: 0.4193267226219177
Epoch: 12, AccTr: 0.902999997138977, AccVa: 0.8855000138282776, CeTr: 0.2963455021381378, CeVa: 0.42290496826171875
Epoch: 13, AccTr: 0.9074000120162964, AccVa: 0.8924999833106995, CeTr: 0.30092549324035645, CeVa: 0.3952377438545227
Epoch: 14, AccTr: 0.8995000123977661, AccVa: 0.8820000290870667, CeTr: 0.3056044578552246, CeVa: 0.4182906448841095
Epoch: 15, AccTr: 0.9036999940872192, AccVa: 0.8784999847412109, CeTr: 0.30124711990356445, CeVa: 0.41261792182922363
ENSEMBLE | Tr_Acc: 0.9380000233650208, Tr_CE: 0.19100703299045563, Va_Acc: 0.9150000214576721, Va_CE: 0.2911848723888397
Epoch: 16, AccTr: 0.9020000100135803, AccVa: 0.8684999942779541, CeTr: 0.30462291836738586, CeVa: 0.45688268542289734
Epoch: 17, AccTr: 0.9054999947547913, AccVa: 0.8774999976158142, CeTr: 0.2890026271343231, CeVa: 0.4054153561592102
Epoch: 18, AccTr: 0.9079999923706055, AccVa: 0.8845000267028809, CeTr: 0.28766289353370667, CeVa: 0.39396169781684875
Epoch: 19, AccTr: 0.9009000062942505, AccVa: 0.8700000047683716, CeTr: 0.2986694872379303, CeVa: 0.43455904722213745
Epoch: 20, AccTr: 0.9059000015258789, AccVa: 0.8730000257492065, CeTr: 0.29512274265289307, CeVa: 0.42003652453422546
ENSEMBLE | Tr_Acc: 0.9438999891281128, Tr_CE: 0.17556756734848022, Va_Acc: 0.9210000038146973, Va_CE: 0.2723046541213989
Epoch: 21, AccTr: 0.9032999873161316, AccVa: 0.8784999847412109, CeTr: 0.2982756197452545, CeVa: 0.4143262803554535
Epoch: 22, AccTr: 0.9038000106811523, AccVa: 0.8895000219345093, CeTr: 0.2986292839050293, CeVa: 0.3908863961696625
Epoch: 23, AccTr: 0.901199996471405, AccVa: 0.8930000066757202, CeTr: 0.2970393896102905, CeVa: 0.3895646631717682
Epoch: 24, AccTr: 0.9085000157356262, AccVa: 0.8830000162124634, CeTr: 0.2961527705192566, CeVa: 0.41405633091926575
Epoch: 25, AccTr: 0.9081000089645386, AccVa: 0.8834999799728394, CeTr: 0.28808683156967163, CeVa: 0.41137856245040894
ENSEMBLE | Tr_Acc: 0.9480999708175659, Tr_CE: 0.16671040654182434, Va_Acc: 0.9204999804496765, Va_CE: 0.26178810000419617
Epoch: 26, AccTr: 0.904699981212616, AccVa: 0.8840000033378601, CeTr: 0.30010128021240234, CeVa: 0.4130866527557373
Epoch: 27, AccTr: 0.9063000082969666, AccVa: 0.8794999718666077, CeTr: 0.29667598009109497, CeVa: 0.438917338848114
Epoch: 28, AccTr: 0.90829998254776, AccVa: 0.878000020980835, CeTr: 0.28914985060691833, CeVa: 0.4287710189819336
Epoch: 29, AccTr: 0.9023000001907349, AccVa: 0.8824999928474426, CeTr: 0.3071407675743103, CeVa: 0.4101031422615051
Epoch: 30, AccTr: 0.9013000130653381, AccVa: 0.8765000104904175, CeTr: 0.30064553022384644, CeVa: 0.4246986210346222
ENSEMBLE | Tr_Acc: 0.9496999979019165, Tr_CE: 0.16007189452648163, Va_Acc: 0.921500027179718, Va_CE: 0.25764092803001404
Epoch: 31, AccTr: 0.9060999751091003, AccVa: 0.8809999823570251, CeTr: 0.2880924940109253, CeVa: 0.41643133759498596
Epoch: 32, AccTr: 0.90829998254776, AccVa: 0.8820000290870667, CeTr: 0.2919571101665497, CeVa: 0.4135010838508606
Epoch: 33, AccTr: 0.9061999917030334, AccVa: 0.8815000057220459, CeTr: 0.29033565521240234, CeVa: 0.43057605624198914
Epoch: 34, AccTr: 0.9053999781608582, AccVa: 0.8799999952316284, CeTr: 0.2929992377758026, CeVa: 0.40443968772888184
Epoch: 35, AccTr: 0.9065999984741211, AccVa: 0.8859999775886536, CeTr: 0.2945181131362915, CeVa: 0.4045478403568268
ENSEMBLE | Tr_Acc: 0.9505000114440918, Tr_CE: 0.1561596840620041, Va_Acc: 0.9254999756813049, Va_CE: 0.2516290843486786
Epoch: 36, AccTr: 0.906000018119812, AccVa: 0.8799999952316284, CeTr: 0.2968219220638275, CeVa: 0.401598185300827
Epoch: 37, AccTr: 0.9034000039100647, AccVa: 0.8759999871253967, CeTr: 0.2939269244670868, CeVa: 0.41238927841186523
Epoch: 38, AccTr: 0.901199996471405, AccVa: 0.8684999942779541, CeTr: 0.3020486533641815, CeVa: 0.42822104692459106
Epoch: 39, AccTr: 0.9057999849319458, AccVa: 0.8830000162124634, CeTr: 0.3027140498161316, CeVa: 0.40007880330085754
Epoch: 40, AccTr: 0.9089000225067139, AccVa: 0.878000020980835, CeTr: 0.290069043636322, CeVa: 0.41528141498565674
ENSEMBLE | Tr_Acc: 0.9523000121116638, Tr_CE: 0.15355706214904785, Va_Acc: 0.925000011920929, Va_CE: 0.24819953739643097
Epoch: 41, AccTr: 0.9039999842643738, AccVa: 0.8820000290870667, CeTr: 0.3080998659133911, CeVa: 0.41475552320480347
Epoch: 42, AccTr: 0.9036999940872192, AccVa: 0.887499988079071, CeTr: 0.29652926325798035, CeVa: 0.3995179533958435
Epoch: 43, AccTr: 0.9068999886512756, AccVa: 0.887499988079071, CeTr: 0.2923666834831238, CeVa: 0.4133571684360504
Epoch: 44, AccTr: 0.9034000039100647, AccVa: 0.8765000104904175, CeTr: 0.29678013920783997, CeVa: 0.429977685213089
Epoch: 45, AccTr: 0.902899980545044, AccVa: 0.8700000047683716, CeTr: 0.29632842540740967, CeVa: 0.4299687445163727
ENSEMBLE | Tr_Acc: 0.9524000287055969, Tr_CE: 0.15122351050376892, Va_Acc: 0.925000011920929, Va_CE: 0.24630911648273468
Epoch: 46, AccTr: 0.90420001745224, AccVa: 0.8730000257492065, CeTr: 0.2967100441455841, CeVa: 0.4392351806163788
Epoch: 47, AccTr: 0.9002000093460083, AccVa: 0.8755000233650208, CeTr: 0.30819594860076904, CeVa: 0.42143088579177856
Epoch: 48, AccTr: 0.9032999873161316, AccVa: 0.8799999952316284, CeTr: 0.3022105097770691, CeVa: 0.451689213514328
Epoch: 49, AccTr: 0.9021999835968018, AccVa: 0.8769999742507935, CeTr: 0.31605884432792664, CeVa: 0.42608362436294556
Epoch: 50, AccTr: 0.9061999917030334, AccVa: 0.8840000033378601, CeTr: 0.2844589948654175, CeVa: 0.3983161747455597
ENSEMBLE | Tr_Acc: 0.954200029373169, Tr_CE: 0.1484232246875763, Va_Acc: 0.9259999990463257, Va_CE: 0.2434232532978058
NN CONFIG
Weight-type:		ternary
Layout									Layer #1: 250	Layer #2: 220	
Activation Functions					Layer #1: ets	Layer #2: ets	
Keep probabilities		Layer #0: 1.0	Layer #1: 1.0	Layer #2: 1.0	
Flat factors							Layer #1: 1.0	Layer #2: 1.0	Layer #3: 1.0	
Activation Noise						Layer #1: 0.1	Layer #2: 0.1	Layer #3: 0.0	
Prior: 0.8

===================================

RUN CONFIG
Epochs: 50, Blocksize: 4

===================================

Input binarization: False
Epoch: 1, AccTr: 0.8805000185966492, AccVa: 0.8705000281333923, CeTr: 0.39517053961753845, CeVa: 0.4499868154525757
Epoch: 2, AccTr: 0.8913000226020813, AccVa: 0.8700000047683716, CeTr: 0.34185659885406494, CeVa: 0.4600008428096771
Epoch: 3, AccTr: 0.8982999920845032, AccVa: 0.8665000200271606, CeTr: 0.3278844654560089, CeVa: 0.4340195953845978
Epoch: 4, AccTr: 0.9016000032424927, AccVa: 0.8765000104904175, CeTr: 0.30981308221817017, CeVa: 0.42386168241500854
Epoch: 5, AccTr: 0.8988999724388123, AccVa: 0.8690000176429749, CeTr: 0.31572479009628296, CeVa: 0.437254399061203
ENSEMBLE | Tr_Acc: 0.8988999724388123, Tr_CE: 0.31572479009628296, Va_Acc: 0.8690000176429749, Va_CE: 0.437254399061203
Epoch: 6, AccTr: 0.9053999781608582, AccVa: 0.875, CeTr: 0.29281336069107056, CeVa: 0.4435867965221405
Epoch: 7, AccTr: 0.9009000062942505, AccVa: 0.8809999823570251, CeTr: 0.3046211004257202, CeVa: 0.3983915150165558
Epoch: 8, AccTr: 0.9031000137329102, AccVa: 0.8759999871253967, CeTr: 0.2948369085788727, CeVa: 0.43814411759376526
Epoch: 9, AccTr: 0.9031999707221985, AccVa: 0.871999979019165, CeTr: 0.2999800145626068, CeVa: 0.4440709054470062
Epoch: 10, AccTr: 0.907800018787384, AccVa: 0.871999979019165, CeTr: 0.29581329226493835, CeVa: 0.43910467624664307
ENSEMBLE | Tr_Acc: 0.929099977016449, Tr_CE: 0.21854574978351593, Va_Acc: 0.9049999713897705, Va_CE: 0.3302519917488098
Epoch: 11, AccTr: 0.9060999751091003, AccVa: 0.875, CeTr: 0.30048441886901855, CeVa: 0.40536734461784363
Epoch: 12, AccTr: 0.904699981212616, AccVa: 0.8765000104904175, CeTr: 0.29720208048820496, CeVa: 0.41853466629981995
Epoch: 13, AccTr: 0.9046000242233276, AccVa: 0.8774999976158142, CeTr: 0.3000996708869934, CeVa: 0.42232343554496765
Epoch: 14, AccTr: 0.9032999873161316, AccVa: 0.8740000128746033, CeTr: 0.30235904455184937, CeVa: 0.42556631565093994
Epoch: 15, AccTr: 0.9053000211715698, AccVa: 0.8790000081062317, CeTr: 0.30569061636924744, CeVa: 0.41580212116241455
ENSEMBLE | Tr_Acc: 0.9387999773025513, Tr_CE: 0.1933848261833191, Va_Acc: 0.9129999876022339, Va_CE: 0.29636865854263306
Epoch: 16, AccTr: 0.9056000113487244, AccVa: 0.8709999918937683, CeTr: 0.29706674814224243, CeVa: 0.44229742884635925
Epoch: 17, AccTr: 0.9050999879837036, AccVa: 0.8805000185966492, CeTr: 0.3035435080528259, CeVa: 0.4095471203327179
Epoch: 18, AccTr: 0.9057000279426575, AccVa: 0.8895000219345093, CeTr: 0.2867097556591034, CeVa: 0.38092657923698425
Epoch: 19, AccTr: 0.906499981880188, AccVa: 0.8840000033378601, CeTr: 0.30226966738700867, CeVa: 0.43163612484931946
Epoch: 20, AccTr: 0.9014000296592712, AccVa: 0.871999979019165, CeTr: 0.3053879141807556, CeVa: 0.43804726004600525
ENSEMBLE | Tr_Acc: 0.9433000087738037, Tr_CE: 0.17841477692127228, Va_Acc: 0.9194999933242798, Va_CE: 0.2845630943775177
Epoch: 21, AccTr: 0.9079999923706055, AccVa: 0.8730000257492065, CeTr: 0.29656580090522766, CeVa: 0.4367585778236389
Epoch: 22, AccTr: 0.9063000082969666, AccVa: 0.8784999847412109, CeTr: 0.2909875214099884, CeVa: 0.39802172780036926
Epoch: 23, AccTr: 0.90420001745224, AccVa: 0.875, CeTr: 0.2999587655067444, CeVa: 0.4396538734436035
Epoch: 24, AccTr: 0.9039999842643738, AccVa: 0.8755000233650208, CeTr: 0.29526206851005554, CeVa: 0.4346010088920593
Epoch: 25, AccTr: 0.906000018119812, AccVa: 0.887499988079071, CeTr: 0.2993834614753723, CeVa: 0.42621248960494995
ENSEMBLE | Tr_Acc: 0.9458000063896179, Tr_CE: 0.16942903399467468, Va_Acc: 0.9235000014305115, Va_CE: 0.2756420373916626
Epoch: 26, AccTr: 0.9065999984741211, AccVa: 0.8805000185966492, CeTr: 0.29240545630455017, CeVa: 0.4055117964744568
Epoch: 27, AccTr: 0.9079999923706055, AccVa: 0.890500009059906, CeTr: 0.2965123653411865, CeVa: 0.40862420201301575
Epoch: 28, AccTr: 0.909600019454956, AccVa: 0.8834999799728394, CeTr: 0.29505273699760437, CeVa: 0.41785547137260437
Epoch: 29, AccTr: 0.9031999707221985, AccVa: 0.8870000243186951, CeTr: 0.3063610792160034, CeVa: 0.39080196619033813
Epoch: 30, AccTr: 0.9060999751091003, AccVa: 0.8794999718666077, CeTr: 0.2943946421146393, CeVa: 0.4119665026664734
ENSEMBLE | Tr_Acc: 0.9472000002861023, Tr_CE: 0.16312001645565033, Va_Acc: 0.9265000224113464, Va_CE: 0.2669513523578644
Epoch: 31, AccTr: 0.9036999940872192, AccVa: 0.8744999766349792, CeTr: 0.300136536359787, CeVa: 0.4248010814189911
Epoch: 32, AccTr: 0.9060999751091003, AccVa: 0.875, CeTr: 0.2948611378669739, CeVa: 0.43986383080482483
Epoch: 33, AccTr: 0.9046000242233276, AccVa: 0.8730000257492065, CeTr: 0.3033367991447449, CeVa: 0.4579541087150574
Epoch: 34, AccTr: 0.9041000008583069, AccVa: 0.8774999976158142, CeTr: 0.3072774410247803, CeVa: 0.4294191598892212
Epoch: 35, AccTr: 0.9067000150680542, AccVa: 0.878000020980835, CeTr: 0.3035120666027069, CeVa: 0.41991662979125977
ENSEMBLE | Tr_Acc: 0.9491999745368958, Tr_CE: 0.15975859761238098, Va_Acc: 0.9254999756813049, Va_CE: 0.26048585772514343
Epoch: 36, AccTr: 0.9083999991416931, AccVa: 0.8725000023841858, CeTr: 0.2907350957393646, CeVa: 0.43856891989707947
Epoch: 37, AccTr: 0.9078999757766724, AccVa: 0.8715000152587891, CeTr: 0.29042503237724304, CeVa: 0.4319569766521454
Epoch: 38, AccTr: 0.9053000211715698, AccVa: 0.8845000267028809, CeTr: 0.2980536222457886, CeVa: 0.3988044261932373
Epoch: 39, AccTr: 0.9038000106811523, AccVa: 0.8740000128746033, CeTr: 0.3013882040977478, CeVa: 0.44345879554748535
Epoch: 40, AccTr: 0.9017000198364258, AccVa: 0.878000020980835, CeTr: 0.3030535578727722, CeVa: 0.4112619161605835
ENSEMBLE | Tr_Acc: 0.9503999948501587, Tr_CE: 0.15716621279716492, Va_Acc: 0.9275000095367432, Va_CE: 0.2525922954082489
Epoch: 41, AccTr: 0.9017000198364258, AccVa: 0.8700000047683716, CeTr: 0.3069554269313812, CeVa: 0.43948525190353394
Epoch: 42, AccTr: 0.9052000045776367, AccVa: 0.8755000233650208, CeTr: 0.2947132885456085, CeVa: 0.4097949266433716
Epoch: 43, AccTr: 0.9072999954223633, AccVa: 0.8790000081062317, CeTr: 0.2955935299396515, CeVa: 0.419197678565979
Epoch: 44, AccTr: 0.9096999764442444, AccVa: 0.8895000219345093, CeTr: 0.288286954164505, CeVa: 0.40101760625839233
Epoch: 45, AccTr: 0.9050999879837036, AccVa: 0.8740000128746033, CeTr: 0.3000618517398834, CeVa: 0.4484614431858063
ENSEMBLE | Tr_Acc: 0.9508000016212463, Tr_CE: 0.1549137383699417, Va_Acc: 0.925000011920929, Va_CE: 0.24996767938137054
Epoch: 46, AccTr: 0.9034000039100647, AccVa: 0.8849999904632568, CeTr: 0.31127625703811646, CeVa: 0.4137380123138428
Epoch: 47, AccTr: 0.9063000082969666, AccVa: 0.887499988079071, CeTr: 0.29494962096214294, CeVa: 0.38961008191108704
Epoch: 48, AccTr: 0.9023000001907349, AccVa: 0.8744999766349792, CeTr: 0.30421769618988037, CeVa: 0.4346063733100891
Epoch: 49, AccTr: 0.9067999720573425, AccVa: 0.8870000243186951, CeTr: 0.2980813980102539, CeVa: 0.425124853849411
Epoch: 50, AccTr: 0.9067000150680542, AccVa: 0.8824999928474426, CeTr: 0.3027983605861664, CeVa: 0.4101511240005493
ENSEMBLE | Tr_Acc: 0.9517999887466431, Tr_CE: 0.1531018614768982, Va_Acc: 0.9229999780654907, Va_CE: 0.24706238508224487
Mod Accuracy || Mean: 0.8796249628067017	 Std: 0.003731206990778446
Ens Accuracy || Mean: 0.9257500171661377	 Std: 0.0035794631112366915
Mod CE || Mean: 0.4076676070690155	 Std: 0.005560420919209719
Ens CE || Mean: 0.24952436983585358	 Std: 0.005880316719412804
