NN CONFIG
Weight-type:		ternary
Layout									Layer #1: 250	Layer #2: 220	
Activation Functions					Layer #1: ets	Layer #2: ets	
Keep probabilities		Layer #0: 1.0	Layer #1: 1.0	Layer #2: 1.0	
Flat factors							Layer #1: 1.0	Layer #2: 1.0	Layer #3: 1.0	
Activation Noise						Layer #1: 0.1	Layer #2: 0.1	Layer #3: 0.0	
Prior: 0.8

===================================

RUN CONFIG
Epochs: 50, Blocksize: 4

===================================

Input binarization: False
Epoch: 1, AccTr: 0.8837000131607056, AccVa: 0.8744999766349792, CeTr: 0.3750682473182678, CeVa: 0.4226433038711548
Epoch: 2, AccTr: 0.8895000219345093, AccVa: 0.8679999709129333, CeTr: 0.34900611639022827, CeVa: 0.42789426445961
Epoch: 3, AccTr: 0.8970000147819519, AccVa: 0.8700000047683716, CeTr: 0.31895720958709717, CeVa: 0.4259680211544037
Epoch: 4, AccTr: 0.8999000191688538, AccVa: 0.8774999976158142, CeTr: 0.3103382885456085, CeVa: 0.4082837700843811
Epoch: 5, AccTr: 0.8981999754905701, AccVa: 0.8684999942779541, CeTr: 0.3139655292034149, CeVa: 0.442348837852478
ENSEMBLE | Tr_Acc: 0.8981999754905701, Tr_CE: 0.3139655292034149, Va_Acc: 0.8684999942779541, Va_CE: 0.442348837852478
Epoch: 6, AccTr: 0.8978000283241272, AccVa: 0.8644999861717224, CeTr: 0.3164997696876526, CeVa: 0.44757068157196045
Epoch: 7, AccTr: 0.8986999988555908, AccVa: 0.8705000281333923, CeTr: 0.3118060827255249, CeVa: 0.41828250885009766
Epoch: 8, AccTr: 0.9045000076293945, AccVa: 0.8759999871253967, CeTr: 0.29738906025886536, CeVa: 0.40017247200012207
Epoch: 9, AccTr: 0.9043999910354614, AccVa: 0.8690000176429749, CeTr: 0.29166707396507263, CeVa: 0.408224880695343
Epoch: 10, AccTr: 0.8970999717712402, AccVa: 0.875, CeTr: 0.314879834651947, CeVa: 0.4346647560596466
ENSEMBLE | Tr_Acc: 0.9247000217437744, Tr_CE: 0.23079468309879303, Va_Acc: 0.8995000123977661, Va_CE: 0.34716421365737915
Epoch: 11, AccTr: 0.899399995803833, AccVa: 0.8675000071525574, CeTr: 0.30978912115097046, CeVa: 0.44252949953079224
Epoch: 12, AccTr: 0.9016000032424927, AccVa: 0.8744999766349792, CeTr: 0.3156067728996277, CeVa: 0.4091583788394928
Epoch: 13, AccTr: 0.9025999903678894, AccVa: 0.8834999799728394, CeTr: 0.3094847798347473, CeVa: 0.41047611832618713
Epoch: 14, AccTr: 0.8985000252723694, AccVa: 0.8790000081062317, CeTr: 0.31344956159591675, CeVa: 0.4335595369338989
Epoch: 15, AccTr: 0.8988999724388123, AccVa: 0.8805000185966492, CeTr: 0.312681645154953, CeVa: 0.44851818680763245
ENSEMBLE | Tr_Acc: 0.9348999857902527, Tr_CE: 0.201997771859169, Va_Acc: 0.9049999713897705, Va_CE: 0.32209089398384094
Epoch: 16, AccTr: 0.8985000252723694, AccVa: 0.8705000281333923, CeTr: 0.308908611536026, CeVa: 0.44465532898902893
Epoch: 17, AccTr: 0.9054999947547913, AccVa: 0.8700000047683716, CeTr: 0.301071435213089, CeVa: 0.4492427110671997
Epoch: 18, AccTr: 0.8998000025749207, AccVa: 0.8684999942779541, CeTr: 0.3122912049293518, CeVa: 0.4559231698513031
Epoch: 19, AccTr: 0.9027000069618225, AccVa: 0.8730000257492065, CeTr: 0.3048853874206543, CeVa: 0.4492087960243225
Epoch: 20, AccTr: 0.901199996471405, AccVa: 0.8744999766349792, CeTr: 0.31023088097572327, CeVa: 0.44523611664772034
ENSEMBLE | Tr_Acc: 0.9415000081062317, Tr_CE: 0.18747271597385406, Va_Acc: 0.9110000133514404, Va_CE: 0.30643561482429504
Epoch: 21, AccTr: 0.9006999731063843, AccVa: 0.8659999966621399, CeTr: 0.30765318870544434, CeVa: 0.4563591778278351
Epoch: 22, AccTr: 0.9027000069618225, AccVa: 0.871999979019165, CeTr: 0.2991638779640198, CeVa: 0.4598442316055298
Epoch: 23, AccTr: 0.9024999737739563, AccVa: 0.8665000200271606, CeTr: 0.29563018679618835, CeVa: 0.4363373816013336
Epoch: 24, AccTr: 0.8988999724388123, AccVa: 0.8650000095367432, CeTr: 0.30408111214637756, CeVa: 0.4371078610420227
Epoch: 25, AccTr: 0.9036999940872192, AccVa: 0.8644999861717224, CeTr: 0.29934269189834595, CeVa: 0.4330551326274872
ENSEMBLE | Tr_Acc: 0.9424999952316284, Tr_CE: 0.17922557890415192, Va_Acc: 0.9150000214576721, Va_CE: 0.29401612281799316
Epoch: 26, AccTr: 0.9034000039100647, AccVa: 0.8765000104904175, CeTr: 0.30255362391471863, CeVa: 0.42670878767967224
Epoch: 27, AccTr: 0.9003000259399414, AccVa: 0.8730000257492065, CeTr: 0.29844653606414795, CeVa: 0.4348341226577759
Epoch: 28, AccTr: 0.9064000248908997, AccVa: 0.8759999871253967, CeTr: 0.29120415449142456, CeVa: 0.4095487594604492
Epoch: 29, AccTr: 0.8991000056266785, AccVa: 0.8669999837875366, CeTr: 0.30417877435684204, CeVa: 0.43109825253486633
Epoch: 30, AccTr: 0.8974999785423279, AccVa: 0.8755000233650208, CeTr: 0.3089282810688019, CeVa: 0.4256160259246826
ENSEMBLE | Tr_Acc: 0.9440000057220459, Tr_CE: 0.17384882271289825, Va_Acc: 0.9139999747276306, Va_CE: 0.286076158285141
Epoch: 31, AccTr: 0.902999997138977, AccVa: 0.8805000185966492, CeTr: 0.2973770499229431, CeVa: 0.41737520694732666
Epoch: 32, AccTr: 0.90420001745224, AccVa: 0.8794999718666077, CeTr: 0.29872143268585205, CeVa: 0.42782485485076904
Epoch: 33, AccTr: 0.8984000086784363, AccVa: 0.8744999766349792, CeTr: 0.31027305126190186, CeVa: 0.4453780949115753
Epoch: 34, AccTr: 0.8988999724388123, AccVa: 0.8709999918937683, CeTr: 0.30805814266204834, CeVa: 0.45257318019866943
Epoch: 35, AccTr: 0.9016000032424927, AccVa: 0.8790000081062317, CeTr: 0.30987393856048584, CeVa: 0.4456944167613983
ENSEMBLE | Tr_Acc: 0.9451000094413757, Tr_CE: 0.1701667308807373, Va_Acc: 0.9164999723434448, Va_CE: 0.28183093667030334
Epoch: 36, AccTr: 0.9017999768257141, AccVa: 0.8715000152587891, CeTr: 0.30438846349716187, CeVa: 0.43328770995140076
Epoch: 37, AccTr: 0.9017000198364258, AccVa: 0.8700000047683716, CeTr: 0.3009963929653168, CeVa: 0.4452987611293793
Epoch: 38, AccTr: 0.9021000266075134, AccVa: 0.8694999814033508, CeTr: 0.3019416928291321, CeVa: 0.44136080145835876
Epoch: 39, AccTr: 0.9009000062942505, AccVa: 0.8684999942779541, CeTr: 0.2979929745197296, CeVa: 0.44915521144866943
Epoch: 40, AccTr: 0.895799994468689, AccVa: 0.8805000185966492, CeTr: 0.3188498914241791, CeVa: 0.4386165142059326
ENSEMBLE | Tr_Acc: 0.946399986743927, Tr_CE: 0.16779688000679016, Va_Acc: 0.9160000085830688, Va_CE: 0.2790454626083374
Epoch: 41, AccTr: 0.9046000242233276, AccVa: 0.8759999871253967, CeTr: 0.3059617280960083, CeVa: 0.4478920102119446
Epoch: 42, AccTr: 0.9010999798774719, AccVa: 0.8690000176429749, CeTr: 0.30722957849502563, CeVa: 0.45820191502571106
Epoch: 43, AccTr: 0.9036999940872192, AccVa: 0.8665000200271606, CeTr: 0.3055300712585449, CeVa: 0.46268826723098755
Epoch: 44, AccTr: 0.9009000062942505, AccVa: 0.8694999814033508, CeTr: 0.3103260397911072, CeVa: 0.4421134293079376
Epoch: 45, AccTr: 0.9038000106811523, AccVa: 0.8665000200271606, CeTr: 0.3009851574897766, CeVa: 0.4594941735267639
ENSEMBLE | Tr_Acc: 0.9465000033378601, Tr_CE: 0.16452477872371674, Va_Acc: 0.9200000166893005, Va_CE: 0.2765752375125885
Epoch: 46, AccTr: 0.8992999792098999, AccVa: 0.8575000166893005, CeTr: 0.3068391680717468, CeVa: 0.48211222887039185
Epoch: 47, AccTr: 0.8992999792098999, AccVa: 0.8799999952316284, CeTr: 0.3070948123931885, CeVa: 0.45074355602264404
Epoch: 48, AccTr: 0.899399995803833, AccVa: 0.8615000247955322, CeTr: 0.3141232132911682, CeVa: 0.44167011976242065
Epoch: 49, AccTr: 0.8996999859809875, AccVa: 0.8790000081062317, CeTr: 0.31245800852775574, CeVa: 0.45135200023651123
Epoch: 50, AccTr: 0.8960000276565552, AccVa: 0.8715000152587891, CeTr: 0.32020413875579834, CeVa: 0.4519917666912079
ENSEMBLE | Tr_Acc: 0.9469000101089478, Tr_CE: 0.16283078491687775, Va_Acc: 0.9179999828338623, Va_CE: 0.2751646041870117
NN CONFIG
Weight-type:		ternary
Layout									Layer #1: 250	Layer #2: 220	
Activation Functions					Layer #1: ets	Layer #2: ets	
Keep probabilities		Layer #0: 1.0	Layer #1: 1.0	Layer #2: 1.0	
Flat factors							Layer #1: 1.0	Layer #2: 1.0	Layer #3: 1.0	
Activation Noise						Layer #1: 0.1	Layer #2: 0.1	Layer #3: 0.0	
Prior: 0.8

===================================

RUN CONFIG
Epochs: 50, Blocksize: 4

===================================

Input binarization: False
Epoch: 1, AccTr: 0.8783000111579895, AccVa: 0.8565000295639038, CeTr: 0.38285937905311584, CeVa: 0.45534035563468933
Epoch: 2, AccTr: 0.8848999738693237, AccVa: 0.8659999966621399, CeTr: 0.36261558532714844, CeVa: 0.4621080160140991
Epoch: 3, AccTr: 0.892300009727478, AccVa: 0.8615000247955322, CeTr: 0.34295397996902466, CeVa: 0.43794888257980347
Epoch: 4, AccTr: 0.8944000005722046, AccVa: 0.8650000095367432, CeTr: 0.3412245213985443, CeVa: 0.45114320516586304
Epoch: 5, AccTr: 0.8966000080108643, AccVa: 0.8604999780654907, CeTr: 0.3302176296710968, CeVa: 0.44966211915016174
ENSEMBLE | Tr_Acc: 0.8966000080108643, Tr_CE: 0.3302176296710968, Va_Acc: 0.8604999780654907, Va_CE: 0.44966211915016174
Epoch: 6, AccTr: 0.8950999975204468, AccVa: 0.8604999780654907, CeTr: 0.3293954133987427, CeVa: 0.4470090866088867
Epoch: 7, AccTr: 0.8919000029563904, AccVa: 0.8610000014305115, CeTr: 0.3365570902824402, CeVa: 0.4719577729701996
Epoch: 8, AccTr: 0.8928999900817871, AccVa: 0.8629999756813049, CeTr: 0.3281162977218628, CeVa: 0.46106597781181335
Epoch: 9, AccTr: 0.8920999765396118, AccVa: 0.8740000128746033, CeTr: 0.3301451802253723, CeVa: 0.4572696089744568
Epoch: 10, AccTr: 0.897599995136261, AccVa: 0.875, CeTr: 0.3151189982891083, CeVa: 0.403164267539978
ENSEMBLE | Tr_Acc: 0.9269000291824341, Tr_CE: 0.2353270798921585, Va_Acc: 0.9010000228881836, Va_CE: 0.32726943492889404
Epoch: 11, AccTr: 0.9009000062942505, AccVa: 0.8679999709129333, CeTr: 0.3072914481163025, CeVa: 0.43584269285202026
Epoch: 12, AccTr: 0.904699981212616, AccVa: 0.8740000128746033, CeTr: 0.31271910667419434, CeVa: 0.43683239817619324
Epoch: 13, AccTr: 0.8955000042915344, AccVa: 0.8790000081062317, CeTr: 0.3139156699180603, CeVa: 0.40004774928092957
Epoch: 14, AccTr: 0.9003999829292297, AccVa: 0.8744999766349792, CeTr: 0.30223581194877625, CeVa: 0.41198602318763733
Epoch: 15, AccTr: 0.9020000100135803, AccVa: 0.8640000224113464, CeTr: 0.3039054572582245, CeVa: 0.45910322666168213
ENSEMBLE | Tr_Acc: 0.9387000203132629, Tr_CE: 0.2026536464691162, Va_Acc: 0.9089999794960022, Va_CE: 0.31034761667251587
Epoch: 16, AccTr: 0.8981999754905701, AccVa: 0.8715000152587891, CeTr: 0.3058742582798004, CeVa: 0.4423674941062927
Epoch: 17, AccTr: 0.8978000283241272, AccVa: 0.8709999918937683, CeTr: 0.3086421489715576, CeVa: 0.45216935873031616
Epoch: 18, AccTr: 0.8959000110626221, AccVa: 0.8725000023841858, CeTr: 0.31161734461784363, CeVa: 0.4401548206806183
Epoch: 19, AccTr: 0.9046000242233276, AccVa: 0.8774999976158142, CeTr: 0.29355430603027344, CeVa: 0.4402626156806946
Epoch: 20, AccTr: 0.9024999737739563, AccVa: 0.8684999942779541, CeTr: 0.30098652839660645, CeVa: 0.46091705560684204
ENSEMBLE | Tr_Acc: 0.9434000253677368, Tr_CE: 0.18552912771701813, Va_Acc: 0.9160000085830688, Va_CE: 0.29965564608573914
Epoch: 21, AccTr: 0.9000999927520752, AccVa: 0.8725000023841858, CeTr: 0.31310051679611206, CeVa: 0.4189401865005493
Epoch: 22, AccTr: 0.9010000228881836, AccVa: 0.8684999942779541, CeTr: 0.30785301327705383, CeVa: 0.4330002963542938
Epoch: 23, AccTr: 0.8996999859809875, AccVa: 0.8740000128746033, CeTr: 0.311355859041214, CeVa: 0.43249577283859253
Epoch: 24, AccTr: 0.9006999731063843, AccVa: 0.8725000023841858, CeTr: 0.3003959357738495, CeVa: 0.43263930082321167
Epoch: 25, AccTr: 0.9004999995231628, AccVa: 0.8725000023841858, CeTr: 0.30853575468063354, CeVa: 0.44484445452690125
ENSEMBLE | Tr_Acc: 0.944599986076355, Tr_CE: 0.17684271931648254, Va_Acc: 0.9150000214576721, Va_CE: 0.28844788670539856
Epoch: 26, AccTr: 0.9054999947547913, AccVa: 0.8734999895095825, CeTr: 0.3069799840450287, CeVa: 0.42406532168388367
Epoch: 27, AccTr: 0.9042999744415283, AccVa: 0.8694999814033508, CeTr: 0.2993724048137665, CeVa: 0.4196700155735016
Epoch: 28, AccTr: 0.9047999978065491, AccVa: 0.8815000057220459, CeTr: 0.3003697693347931, CeVa: 0.4055439531803131
Epoch: 29, AccTr: 0.9017000198364258, AccVa: 0.8744999766349792, CeTr: 0.3100528419017792, CeVa: 0.4121731221675873
Epoch: 30, AccTr: 0.90420001745224, AccVa: 0.8790000081062317, CeTr: 0.29724934697151184, CeVa: 0.41181185841560364
ENSEMBLE | Tr_Acc: 0.9477999806404114, Tr_CE: 0.1707005798816681, Va_Acc: 0.9200000166893005, Va_CE: 0.2767389714717865
Epoch: 31, AccTr: 0.9053000211715698, AccVa: 0.8840000033378601, CeTr: 0.2932587265968323, CeVa: 0.3902159631252289
Epoch: 32, AccTr: 0.9039000272750854, AccVa: 0.8784999847412109, CeTr: 0.29694175720214844, CeVa: 0.4196818172931671
Epoch: 33, AccTr: 0.901199996471405, AccVa: 0.8774999976158142, CeTr: 0.3085041046142578, CeVa: 0.43451496958732605
Epoch: 34, AccTr: 0.9034000039100647, AccVa: 0.8805000185966492, CeTr: 0.29975074529647827, CeVa: 0.41103771328926086
Epoch: 35, AccTr: 0.902999997138977, AccVa: 0.8765000104904175, CeTr: 0.3061940670013428, CeVa: 0.41219568252563477
ENSEMBLE | Tr_Acc: 0.9492999911308289, Tr_CE: 0.16638855636119843, Va_Acc: 0.9235000014305115, Va_CE: 0.26898229122161865
Epoch: 36, AccTr: 0.8989999890327454, AccVa: 0.8744999766349792, CeTr: 0.30276957154273987, CeVa: 0.43623441457748413
Epoch: 37, AccTr: 0.9043999910354614, AccVa: 0.8845000267028809, CeTr: 0.2973850667476654, CeVa: 0.4197910726070404
Epoch: 38, AccTr: 0.897599995136261, AccVa: 0.8705000281333923, CeTr: 0.3091847896575928, CeVa: 0.46703481674194336
Epoch: 39, AccTr: 0.901199996471405, AccVa: 0.871999979019165, CeTr: 0.30912086367607117, CeVa: 0.43547600507736206
Epoch: 40, AccTr: 0.9031000137329102, AccVa: 0.8705000281333923, CeTr: 0.30216699838638306, CeVa: 0.4229528605937958
ENSEMBLE | Tr_Acc: 0.9502000212669373, Tr_CE: 0.16358090937137604, Va_Acc: 0.9225000143051147, Va_CE: 0.2637813985347748
Epoch: 41, AccTr: 0.9046000242233276, AccVa: 0.8889999985694885, CeTr: 0.30179136991500854, CeVa: 0.42622318863868713
Epoch: 42, AccTr: 0.9021999835968018, AccVa: 0.8774999976158142, CeTr: 0.2960762083530426, CeVa: 0.4138979911804199
Epoch: 43, AccTr: 0.9007999897003174, AccVa: 0.8725000023841858, CeTr: 0.3052539527416229, CeVa: 0.43858346343040466
Epoch: 44, AccTr: 0.9035000205039978, AccVa: 0.8799999952316284, CeTr: 0.30437591671943665, CeVa: 0.4167516827583313
Epoch: 45, AccTr: 0.9049000144004822, AccVa: 0.8744999766349792, CeTr: 0.30170732736587524, CeVa: 0.45407727360725403
ENSEMBLE | Tr_Acc: 0.9510999917984009, Tr_CE: 0.16097238659858704, Va_Acc: 0.9254999756813049, Va_CE: 0.26500266790390015
Epoch: 46, AccTr: 0.902899980545044, AccVa: 0.8734999895095825, CeTr: 0.298643559217453, CeVa: 0.43610715866088867
Epoch: 47, AccTr: 0.9031999707221985, AccVa: 0.8755000233650208, CeTr: 0.3089607059955597, CeVa: 0.43067657947540283
Epoch: 48, AccTr: 0.900600016117096, AccVa: 0.8734999895095825, CeTr: 0.30236688256263733, CeVa: 0.419374018907547
Epoch: 49, AccTr: 0.9039999842643738, AccVa: 0.8740000128746033, CeTr: 0.30528953671455383, CeVa: 0.4180290997028351
Epoch: 50, AccTr: 0.9042999744415283, AccVa: 0.8734999895095825, CeTr: 0.3033161759376526, CeVa: 0.4525749981403351
ENSEMBLE | Tr_Acc: 0.9509999752044678, Tr_CE: 0.1587955355644226, Va_Acc: 0.925000011920929, Va_CE: 0.2654013931751251
NN CONFIG
Weight-type:		ternary
Layout									Layer #1: 250	Layer #2: 220	
Activation Functions					Layer #1: ets	Layer #2: ets	
Keep probabilities		Layer #0: 1.0	Layer #1: 1.0	Layer #2: 1.0	
Flat factors							Layer #1: 1.0	Layer #2: 1.0	Layer #3: 1.0	
Activation Noise						Layer #1: 0.1	Layer #2: 0.1	Layer #3: 0.0	
Prior: 0.8

===================================

RUN CONFIG
Epochs: 50, Blocksize: 4

===================================

Input binarization: False
Epoch: 1, AccTr: 0.8712000250816345, AccVa: 0.8454999923706055, CeTr: 0.40229013562202454, CeVa: 0.4830123782157898
Epoch: 2, AccTr: 0.883400022983551, AccVa: 0.8535000085830688, CeTr: 0.3629843592643738, CeVa: 0.472530335187912
Epoch: 3, AccTr: 0.8888999819755554, AccVa: 0.8615000247955322, CeTr: 0.35257259011268616, CeVa: 0.44255271553993225
Epoch: 4, AccTr: 0.8949000239372253, AccVa: 0.8744999766349792, CeTr: 0.33136123418807983, CeVa: 0.4495934844017029
Epoch: 5, AccTr: 0.8971999883651733, AccVa: 0.8809999823570251, CeTr: 0.32312652468681335, CeVa: 0.4036448001861572
ENSEMBLE | Tr_Acc: 0.8971999883651733, Tr_CE: 0.32312652468681335, Va_Acc: 0.8809999823570251, Va_CE: 0.4036448001861572
Epoch: 6, AccTr: 0.902999997138977, AccVa: 0.8914999961853027, CeTr: 0.31429967284202576, CeVa: 0.3915930986404419
Epoch: 7, AccTr: 0.8974999785423279, AccVa: 0.8690000176429749, CeTr: 0.3112090528011322, CeVa: 0.4344644546508789
Epoch: 8, AccTr: 0.8949000239372253, AccVa: 0.871999979019165, CeTr: 0.32074999809265137, CeVa: 0.41935819387435913
Epoch: 9, AccTr: 0.8985000252723694, AccVa: 0.8830000162124634, CeTr: 0.3201814591884613, CeVa: 0.4013228714466095
Epoch: 10, AccTr: 0.8985000252723694, AccVa: 0.8740000128746033, CeTr: 0.31876420974731445, CeVa: 0.426595538854599
ENSEMBLE | Tr_Acc: 0.9259999990463257, Tr_CE: 0.23678241670131683, Va_Acc: 0.906499981880188, Va_CE: 0.32283326983451843
Epoch: 11, AccTr: 0.8981000185012817, AccVa: 0.8769999742507935, CeTr: 0.31830933690071106, CeVa: 0.4055764973163605
Epoch: 12, AccTr: 0.9000999927520752, AccVa: 0.8809999823570251, CeTr: 0.3113722801208496, CeVa: 0.4068930149078369
Epoch: 13, AccTr: 0.9017999768257141, AccVa: 0.8774999976158142, CeTr: 0.31276822090148926, CeVa: 0.4318559169769287
Epoch: 14, AccTr: 0.8998000025749207, AccVa: 0.8755000233650208, CeTr: 0.3146606385707855, CeVa: 0.435176283121109
Epoch: 15, AccTr: 0.902999997138977, AccVa: 0.8665000200271606, CeTr: 0.3096682131290436, CeVa: 0.4192478656768799
ENSEMBLE | Tr_Acc: 0.9358999729156494, Tr_CE: 0.20847243070602417, Va_Acc: 0.9160000085830688, Va_CE: 0.2942412197589874
Epoch: 16, AccTr: 0.8992999792098999, AccVa: 0.8700000047683716, CeTr: 0.31211134791374207, CeVa: 0.4319375157356262
Epoch: 17, AccTr: 0.8999999761581421, AccVa: 0.871999979019165, CeTr: 0.3132231831550598, CeVa: 0.4271698296070099
Epoch: 18, AccTr: 0.897599995136261, AccVa: 0.8734999895095825, CeTr: 0.31825342774391174, CeVa: 0.410953164100647
Epoch: 19, AccTr: 0.9016000032424927, AccVa: 0.8834999799728394, CeTr: 0.3041558265686035, CeVa: 0.4197665750980377
Epoch: 20, AccTr: 0.9070000052452087, AccVa: 0.878000020980835, CeTr: 0.2938632369041443, CeVa: 0.3980931043624878
ENSEMBLE | Tr_Acc: 0.9405999779701233, Tr_CE: 0.19196674227714539, Va_Acc: 0.9194999933242798, Va_CE: 0.2754718065261841
Epoch: 21, AccTr: 0.8999999761581421, AccVa: 0.8870000243186951, CeTr: 0.301531583070755, CeVa: 0.37107715010643005
Epoch: 22, AccTr: 0.9060999751091003, AccVa: 0.8840000033378601, CeTr: 0.29704535007476807, CeVa: 0.40374755859375
Epoch: 23, AccTr: 0.9000999927520752, AccVa: 0.8755000233650208, CeTr: 0.309082955121994, CeVa: 0.4124629497528076
Epoch: 24, AccTr: 0.9032999873161316, AccVa: 0.8790000081062317, CeTr: 0.30567046999931335, CeVa: 0.4132715165615082
Epoch: 25, AccTr: 0.9032999873161316, AccVa: 0.8805000185966492, CeTr: 0.29395484924316406, CeVa: 0.41993623971939087
ENSEMBLE | Tr_Acc: 0.9434000253677368, Tr_CE: 0.18163613975048065, Va_Acc: 0.921500027179718, Va_CE: 0.26822617650032043
Epoch: 26, AccTr: 0.9039000272750854, AccVa: 0.8755000233650208, CeTr: 0.29739710688591003, CeVa: 0.4168495237827301
Epoch: 27, AccTr: 0.8989999890327454, AccVa: 0.8715000152587891, CeTr: 0.3034781515598297, CeVa: 0.407497376203537
Epoch: 28, AccTr: 0.9017000198364258, AccVa: 0.8765000104904175, CeTr: 0.2972528040409088, CeVa: 0.4012768864631653
Epoch: 29, AccTr: 0.9018999934196472, AccVa: 0.8824999928474426, CeTr: 0.3028941750526428, CeVa: 0.4293515086174011
Epoch: 30, AccTr: 0.9035000205039978, AccVa: 0.8705000281333923, CeTr: 0.2908393144607544, CeVa: 0.41900435090065
ENSEMBLE | Tr_Acc: 0.9476000070571899, Tr_CE: 0.17404590547084808, Va_Acc: 0.9210000038146973, Va_CE: 0.26384907960891724
Epoch: 31, AccTr: 0.9017999768257141, AccVa: 0.8794999718666077, CeTr: 0.29385313391685486, CeVa: 0.411310076713562
Epoch: 32, AccTr: 0.9038000106811523, AccVa: 0.8669999837875366, CeTr: 0.29503676295280457, CeVa: 0.42920416593551636
Epoch: 33, AccTr: 0.9016000032424927, AccVa: 0.8820000290870667, CeTr: 0.3001408278942108, CeVa: 0.38399040699005127
Epoch: 34, AccTr: 0.9039999842643738, AccVa: 0.8824999928474426, CeTr: 0.30581092834472656, CeVa: 0.4137095808982849
Epoch: 35, AccTr: 0.9009000062942505, AccVa: 0.875, CeTr: 0.30396878719329834, CeVa: 0.40434691309928894
ENSEMBLE | Tr_Acc: 0.9484999775886536, Tr_CE: 0.17031535506248474, Va_Acc: 0.9210000038146973, Va_CE: 0.2598553001880646
Epoch: 36, AccTr: 0.9007999897003174, AccVa: 0.8774999976158142, CeTr: 0.30531245470046997, CeVa: 0.3823556900024414
Epoch: 37, AccTr: 0.9032999873161316, AccVa: 0.8725000023841858, CeTr: 0.29394638538360596, CeVa: 0.41607722640037537
Epoch: 38, AccTr: 0.8986999988555908, AccVa: 0.8759999871253967, CeTr: 0.3140818774700165, CeVa: 0.410645455121994
Epoch: 39, AccTr: 0.8999999761581421, AccVa: 0.875, CeTr: 0.3006860911846161, CeVa: 0.40970876812934875
Epoch: 40, AccTr: 0.8962000012397766, AccVa: 0.8675000071525574, CeTr: 0.3151134252548218, CeVa: 0.43890252709388733
ENSEMBLE | Tr_Acc: 0.9495000243186951, Tr_CE: 0.16804905235767365, Va_Acc: 0.9229999780654907, Va_CE: 0.259865403175354
Epoch: 41, AccTr: 0.9003000259399414, AccVa: 0.8694999814033508, CeTr: 0.31440794467926025, CeVa: 0.4175601601600647
Epoch: 42, AccTr: 0.902899980545044, AccVa: 0.8855000138282776, CeTr: 0.3084299862384796, CeVa: 0.3988994061946869
Epoch: 43, AccTr: 0.9023000001907349, AccVa: 0.8769999742507935, CeTr: 0.30641523003578186, CeVa: 0.413144588470459
Epoch: 44, AccTr: 0.9010000228881836, AccVa: 0.8870000243186951, CeTr: 0.30117860436439514, CeVa: 0.38187408447265625
Epoch: 45, AccTr: 0.9081000089645386, AccVa: 0.8744999766349792, CeTr: 0.2850200831890106, CeVa: 0.41036278009414673
ENSEMBLE | Tr_Acc: 0.9508000016212463, Tr_CE: 0.16487012803554535, Va_Acc: 0.9210000038146973, Va_CE: 0.2559913396835327
Epoch: 46, AccTr: 0.9052000045776367, AccVa: 0.8730000257492065, CeTr: 0.29422059655189514, CeVa: 0.4239109754562378
Epoch: 47, AccTr: 0.9003000259399414, AccVa: 0.8730000257492065, CeTr: 0.30057212710380554, CeVa: 0.42799603939056396
Epoch: 48, AccTr: 0.9041000008583069, AccVa: 0.8705000281333923, CeTr: 0.29960736632347107, CeVa: 0.4475423991680145
Epoch: 49, AccTr: 0.8988999724388123, AccVa: 0.875, CeTr: 0.3042031526565552, CeVa: 0.42383649945259094
Epoch: 50, AccTr: 0.8959000110626221, AccVa: 0.8784999847412109, CeTr: 0.31516698002815247, CeVa: 0.41741999983787537
ENSEMBLE | Tr_Acc: 0.9502000212669373, Tr_CE: 0.1633903831243515, Va_Acc: 0.9200000166893005, Va_CE: 0.2539142668247223
NN CONFIG
Weight-type:		ternary
Layout									Layer #1: 250	Layer #2: 220	
Activation Functions					Layer #1: ets	Layer #2: ets	
Keep probabilities		Layer #0: 1.0	Layer #1: 1.0	Layer #2: 1.0	
Flat factors							Layer #1: 1.0	Layer #2: 1.0	Layer #3: 1.0	
Activation Noise						Layer #1: 0.1	Layer #2: 0.1	Layer #3: 0.0	
Prior: 0.8

===================================

RUN CONFIG
Epochs: 50, Blocksize: 4

===================================

Input binarization: False
Epoch: 1, AccTr: 0.8881999850273132, AccVa: 0.8659999966621399, CeTr: 0.36628344655036926, CeVa: 0.46524956822395325
Epoch: 2, AccTr: 0.8938999772071838, AccVa: 0.8659999966621399, CeTr: 0.3430326282978058, CeVa: 0.458915650844574
Epoch: 3, AccTr: 0.8924000263214111, AccVa: 0.8734999895095825, CeTr: 0.3371569812297821, CeVa: 0.47291266918182373
Epoch: 4, AccTr: 0.8992999792098999, AccVa: 0.8774999976158142, CeTr: 0.32232803106307983, CeVa: 0.4201318323612213
Epoch: 5, AccTr: 0.9003000259399414, AccVa: 0.8809999823570251, CeTr: 0.31391090154647827, CeVa: 0.43326207995414734
ENSEMBLE | Tr_Acc: 0.9003000259399414, Tr_CE: 0.31391090154647827, Va_Acc: 0.8809999823570251, Va_CE: 0.43326207995414734
Epoch: 6, AccTr: 0.8996999859809875, AccVa: 0.8784999847412109, CeTr: 0.3098490238189697, CeVa: 0.42572396993637085
Epoch: 7, AccTr: 0.9017999768257141, AccVa: 0.8715000152587891, CeTr: 0.3143887221813202, CeVa: 0.4482533037662506
Epoch: 8, AccTr: 0.8970000147819519, AccVa: 0.8769999742507935, CeTr: 0.3290470838546753, CeVa: 0.4402709901332855
Epoch: 9, AccTr: 0.9061999917030334, AccVa: 0.8679999709129333, CeTr: 0.3086811602115631, CeVa: 0.4378544092178345
Epoch: 10, AccTr: 0.901199996471405, AccVa: 0.875, CeTr: 0.3114597797393799, CeVa: 0.4318593442440033
ENSEMBLE | Tr_Acc: 0.9283999800682068, Tr_CE: 0.22341398894786835, Va_Acc: 0.9045000076293945, Va_CE: 0.33044975996017456
Epoch: 11, AccTr: 0.9027000069618225, AccVa: 0.8759999871253967, CeTr: 0.3118543326854706, CeVa: 0.4267953038215637
Epoch: 12, AccTr: 0.8966000080108643, AccVa: 0.8600000143051147, CeTr: 0.32689380645751953, CeVa: 0.47462689876556396
Epoch: 13, AccTr: 0.8981000185012817, AccVa: 0.8615000247955322, CeTr: 0.3164287209510803, CeVa: 0.46355828642845154
Epoch: 14, AccTr: 0.8995000123977661, AccVa: 0.8759999871253967, CeTr: 0.31568968296051025, CeVa: 0.43191951513290405
Epoch: 15, AccTr: 0.9025999903678894, AccVa: 0.8730000257492065, CeTr: 0.31737881898880005, CeVa: 0.45095840096473694
ENSEMBLE | Tr_Acc: 0.9380999803543091, Tr_CE: 0.19505049288272858, Va_Acc: 0.906000018119812, Va_CE: 0.3047642707824707
Epoch: 16, AccTr: 0.9010000228881836, AccVa: 0.8705000281333923, CeTr: 0.31625643372535706, CeVa: 0.4435313940048218
Epoch: 17, AccTr: 0.9061999917030334, AccVa: 0.8809999823570251, CeTr: 0.29943907260894775, CeVa: 0.3982239365577698
Epoch: 18, AccTr: 0.8996000289916992, AccVa: 0.8705000281333923, CeTr: 0.3115086853504181, CeVa: 0.44452258944511414
Epoch: 19, AccTr: 0.9017999768257141, AccVa: 0.8700000047683716, CeTr: 0.3010755181312561, CeVa: 0.4459012448787689
Epoch: 20, AccTr: 0.9000999927520752, AccVa: 0.8755000233650208, CeTr: 0.3178054094314575, CeVa: 0.4236057996749878
ENSEMBLE | Tr_Acc: 0.9409000277519226, Tr_CE: 0.1844562441110611, Va_Acc: 0.9100000262260437, Va_CE: 0.286327064037323
Epoch: 21, AccTr: 0.9017999768257141, AccVa: 0.8744999766349792, CeTr: 0.3049319386482239, CeVa: 0.42929792404174805
Epoch: 22, AccTr: 0.9013000130653381, AccVa: 0.8820000290870667, CeTr: 0.31831613183021545, CeVa: 0.4186217188835144
Epoch: 23, AccTr: 0.9036999940872192, AccVa: 0.8805000185966492, CeTr: 0.3077211081981659, CeVa: 0.43330106139183044
Epoch: 24, AccTr: 0.9070000052452087, AccVa: 0.8884999752044678, CeTr: 0.3009724020957947, CeVa: 0.4028388559818268
Epoch: 25, AccTr: 0.9035000205039978, AccVa: 0.8659999966621399, CeTr: 0.30589595437049866, CeVa: 0.4353716969490051
ENSEMBLE | Tr_Acc: 0.9448000192642212, Tr_CE: 0.17501303553581238, Va_Acc: 0.9114999771118164, Va_CE: 0.27420762181282043
Epoch: 26, AccTr: 0.9002000093460083, AccVa: 0.878000020980835, CeTr: 0.31392502784729004, CeVa: 0.4128926694393158
Epoch: 27, AccTr: 0.8986999988555908, AccVa: 0.8824999928474426, CeTr: 0.31982550024986267, CeVa: 0.4094659388065338
Epoch: 28, AccTr: 0.9010999798774719, AccVa: 0.8830000162124634, CeTr: 0.3138761818408966, CeVa: 0.42709025740623474
Epoch: 29, AccTr: 0.9038000106811523, AccVa: 0.8629999756813049, CeTr: 0.3155048191547394, CeVa: 0.4602292478084564
Epoch: 30, AccTr: 0.9042999744415283, AccVa: 0.8849999904632568, CeTr: 0.3026082515716553, CeVa: 0.4225892424583435
ENSEMBLE | Tr_Acc: 0.9466000199317932, Tr_CE: 0.16796177625656128, Va_Acc: 0.9200000166893005, Va_CE: 0.2681479752063751
Epoch: 31, AccTr: 0.8999000191688538, AccVa: 0.8765000104904175, CeTr: 0.3104362189769745, CeVa: 0.41838595271110535
Epoch: 32, AccTr: 0.8981000185012817, AccVa: 0.8694999814033508, CeTr: 0.31769028306007385, CeVa: 0.4248441755771637
Epoch: 33, AccTr: 0.90420001745224, AccVa: 0.8740000128746033, CeTr: 0.3162974715232849, CeVa: 0.4405326545238495
Epoch: 34, AccTr: 0.9028000235557556, AccVa: 0.8774999976158142, CeTr: 0.3045884370803833, CeVa: 0.4152519404888153
Epoch: 35, AccTr: 0.9006999731063843, AccVa: 0.8644999861717224, CeTr: 0.30991703271865845, CeVa: 0.46557971835136414
ENSEMBLE | Tr_Acc: 0.9483000040054321, Tr_CE: 0.1640821099281311, Va_Acc: 0.921500027179718, Va_CE: 0.2662559747695923
Epoch: 36, AccTr: 0.9070000052452087, AccVa: 0.8840000033378601, CeTr: 0.30482813715934753, CeVa: 0.43188995122909546
Epoch: 37, AccTr: 0.901199996471405, AccVa: 0.8734999895095825, CeTr: 0.3090348243713379, CeVa: 0.4424235224723816
Epoch: 38, AccTr: 0.902400016784668, AccVa: 0.871999979019165, CeTr: 0.30118975043296814, CeVa: 0.43571433424949646
Epoch: 39, AccTr: 0.9027000069618225, AccVa: 0.8774999976158142, CeTr: 0.30752474069595337, CeVa: 0.4405362904071808
Epoch: 40, AccTr: 0.9003999829292297, AccVa: 0.8640000224113464, CeTr: 0.31151703000068665, CeVa: 0.4520009458065033
ENSEMBLE | Tr_Acc: 0.9485999941825867, Tr_CE: 0.16090835630893707, Va_Acc: 0.9225000143051147, Va_CE: 0.2639355957508087
Epoch: 41, AccTr: 0.9018999934196472, AccVa: 0.8759999871253967, CeTr: 0.308918833732605, CeVa: 0.44066229462623596
Epoch: 42, AccTr: 0.8996000289916992, AccVa: 0.862500011920929, CeTr: 0.3190472722053528, CeVa: 0.4710461497306824
Epoch: 43, AccTr: 0.9041000008583069, AccVa: 0.8765000104904175, CeTr: 0.3121659457683563, CeVa: 0.4352790415287018
Epoch: 44, AccTr: 0.9021000266075134, AccVa: 0.8715000152587891, CeTr: 0.3075248599052429, CeVa: 0.437387615442276
Epoch: 45, AccTr: 0.8981000185012817, AccVa: 0.8740000128746033, CeTr: 0.3108920753002167, CeVa: 0.423666387796402
ENSEMBLE | Tr_Acc: 0.9502999782562256, Tr_CE: 0.15879201889038086, Va_Acc: 0.9225000143051147, Va_CE: 0.2608793377876282
Epoch: 46, AccTr: 0.9018999934196472, AccVa: 0.8774999976158142, CeTr: 0.3108683228492737, CeVa: 0.4341251850128174
Epoch: 47, AccTr: 0.9025999903678894, AccVa: 0.8725000023841858, CeTr: 0.3051680028438568, CeVa: 0.45325934886932373
Epoch: 48, AccTr: 0.9072999954223633, AccVa: 0.8740000128746033, CeTr: 0.3008514642715454, CeVa: 0.4138249456882477
Epoch: 49, AccTr: 0.9031999707221985, AccVa: 0.8665000200271606, CeTr: 0.30606693029403687, CeVa: 0.4755014181137085
Epoch: 50, AccTr: 0.9057999849319458, AccVa: 0.8784999847412109, CeTr: 0.30750158429145813, CeVa: 0.4391708970069885
ENSEMBLE | Tr_Acc: 0.9527000188827515, Tr_CE: 0.1562698781490326, Va_Acc: 0.921999990940094, Va_CE: 0.259854793548584
Mod Accuracy || Mean: 0.875499963760376	 Std: 0.0030821964610368013
Ens Accuracy || Mean: 0.9212499856948853	 Std: 0.002586027141660452
Mod CE || Mean: 0.4402894377708435	 Std: 0.014249050989747047
Ens CE || Mean: 0.2635837495326996	 Std: 0.007823427207767963
