NN CONFIG
Weight-type:		ternary
Layout									Layer #1: 250	Layer #2: 220	
Activation Functions					Layer #1: ets	Layer #2: ets	
Keep probabilities		Layer #0: 1.0	Layer #1: 1.0	Layer #2: 1.0	
Flat factors							Layer #1: 1.0	Layer #2: 1.0	Layer #3: 1.0	
Activation Noise						Layer #1: 0.1	Layer #2: 0.1	Layer #3: 0.0	
Prior: 0.8

===================================

RUN CONFIG
Epochs: 50, Blocksize: 4

===================================

Input binarization: False
Epoch: 1, AccTr: 0.8899999856948853, AccVa: 0.8730000257492065, CeTr: 0.35642948746681213, CeVa: 0.42701083421707153
Epoch: 2, AccTr: 0.9006999731063843, AccVa: 0.8705000281333923, CeTr: 0.3210625946521759, CeVa: 0.41383638978004456
Epoch: 3, AccTr: 0.9010000228881836, AccVa: 0.8644999861717224, CeTr: 0.30971837043762207, CeVa: 0.4447243809700012
Epoch: 4, AccTr: 0.9025999903678894, AccVa: 0.8815000057220459, CeTr: 0.30037763714790344, CeVa: 0.4239017367362976
Epoch: 5, AccTr: 0.9054999947547913, AccVa: 0.8815000057220459, CeTr: 0.2919169068336487, CeVa: 0.39823034405708313
ENSEMBLE | Tr_Acc: 0.9054999947547913, Tr_CE: 0.2919169068336487, Va_Acc: 0.8815000057220459, Va_CE: 0.39823034405708313
Epoch: 6, AccTr: 0.9074000120162964, AccVa: 0.875, CeTr: 0.29263705015182495, CeVa: 0.41533011198043823
Epoch: 7, AccTr: 0.9050999879837036, AccVa: 0.8845000267028809, CeTr: 0.29765138030052185, CeVa: 0.4046298861503601
Epoch: 8, AccTr: 0.906000018119812, AccVa: 0.8740000128746033, CeTr: 0.2912665605545044, CeVa: 0.4238063097000122
Epoch: 9, AccTr: 0.907800018787384, AccVa: 0.8725000023841858, CeTr: 0.2901677191257477, CeVa: 0.42866411805152893
Epoch: 10, AccTr: 0.9049999713897705, AccVa: 0.8820000290870667, CeTr: 0.29771795868873596, CeVa: 0.422899067401886
ENSEMBLE | Tr_Acc: 0.9316999912261963, Tr_CE: 0.2121683657169342, Va_Acc: 0.9079999923706055, Va_CE: 0.31509873270988464
Epoch: 11, AccTr: 0.9093000292778015, AccVa: 0.8865000009536743, CeTr: 0.28755277395248413, CeVa: 0.3955787122249603
Epoch: 12, AccTr: 0.9059000015258789, AccVa: 0.890999972820282, CeTr: 0.29655689001083374, CeVa: 0.38612571358680725
Epoch: 13, AccTr: 0.9053000211715698, AccVa: 0.8769999742507935, CeTr: 0.2919873297214508, CeVa: 0.3949623703956604
Epoch: 14, AccTr: 0.9088000059127808, AccVa: 0.8725000023841858, CeTr: 0.2738859951496124, CeVa: 0.4258008897304535
Epoch: 15, AccTr: 0.9079999923706055, AccVa: 0.8740000128746033, CeTr: 0.2875695526599884, CeVa: 0.436869353055954
ENSEMBLE | Tr_Acc: 0.9416000247001648, Tr_CE: 0.18207715451717377, Va_Acc: 0.9125000238418579, Va_CE: 0.28562378883361816
Epoch: 16, AccTr: 0.9063000082969666, AccVa: 0.8930000066757202, CeTr: 0.2869222164154053, CeVa: 0.39233478903770447
Epoch: 17, AccTr: 0.9075999855995178, AccVa: 0.8820000290870667, CeTr: 0.28190183639526367, CeVa: 0.40671199560165405
Epoch: 18, AccTr: 0.9106000065803528, AccVa: 0.8939999938011169, CeTr: 0.28362682461738586, CeVa: 0.3779599964618683
Epoch: 19, AccTr: 0.9090999960899353, AccVa: 0.8980000019073486, CeTr: 0.2796826958656311, CeVa: 0.3785228431224823
Epoch: 20, AccTr: 0.9096999764442444, AccVa: 0.8859999775886536, CeTr: 0.2796216309070587, CeVa: 0.37669503688812256
ENSEMBLE | Tr_Acc: 0.9465000033378601, Tr_CE: 0.1671229600906372, Va_Acc: 0.9210000038146973, Va_CE: 0.2613060474395752
Epoch: 21, AccTr: 0.9107999801635742, AccVa: 0.8834999799728394, CeTr: 0.28121644258499146, CeVa: 0.416934072971344
Epoch: 22, AccTr: 0.9104999899864197, AccVa: 0.8769999742507935, CeTr: 0.2830662727355957, CeVa: 0.427511990070343
Epoch: 23, AccTr: 0.9114999771118164, AccVa: 0.8805000185966492, CeTr: 0.2721598148345947, CeVa: 0.4195466935634613
Epoch: 24, AccTr: 0.9078999757766724, AccVa: 0.8784999847412109, CeTr: 0.2858336865901947, CeVa: 0.4161737859249115
Epoch: 25, AccTr: 0.9053000211715698, AccVa: 0.8889999985694885, CeTr: 0.29258236289024353, CeVa: 0.41358935832977295
ENSEMBLE | Tr_Acc: 0.9491999745368958, Tr_CE: 0.15930315852165222, Va_Acc: 0.9265000224113464, Va_CE: 0.25706562399864197
Epoch: 26, AccTr: 0.9071000218391418, AccVa: 0.8824999928474426, CeTr: 0.2863089442253113, CeVa: 0.4200388193130493
Epoch: 27, AccTr: 0.9052000045776367, AccVa: 0.878000020980835, CeTr: 0.2833549380302429, CeVa: 0.415480375289917
Epoch: 28, AccTr: 0.9089000225067139, AccVa: 0.8799999952316284, CeTr: 0.27935460209846497, CeVa: 0.3911558985710144
Epoch: 29, AccTr: 0.9079999923706055, AccVa: 0.8725000023841858, CeTr: 0.2930982708930969, CeVa: 0.4126831889152527
Epoch: 30, AccTr: 0.9092000126838684, AccVa: 0.8774999976158142, CeTr: 0.2708946764469147, CeVa: 0.42507898807525635
ENSEMBLE | Tr_Acc: 0.9516000151634216, Tr_CE: 0.15318933129310608, Va_Acc: 0.9200000166893005, Va_CE: 0.2541908621788025
Epoch: 31, AccTr: 0.9139999747276306, AccVa: 0.878000020980835, CeTr: 0.2728862762451172, CeVa: 0.4261554777622223
Epoch: 32, AccTr: 0.914900004863739, AccVa: 0.8799999952316284, CeTr: 0.2718474566936493, CeVa: 0.41554421186447144
Epoch: 33, AccTr: 0.9125000238418579, AccVa: 0.8840000033378601, CeTr: 0.27062082290649414, CeVa: 0.3836202025413513
Epoch: 34, AccTr: 0.9081000089645386, AccVa: 0.8849999904632568, CeTr: 0.28633132576942444, CeVa: 0.37499335408210754
Epoch: 35, AccTr: 0.9096999764442444, AccVa: 0.8790000081062317, CeTr: 0.2840251326560974, CeVa: 0.4268249571323395
ENSEMBLE | Tr_Acc: 0.9538000226020813, Tr_CE: 0.14901414513587952, Va_Acc: 0.9254999756813049, Va_CE: 0.2503513693809509
Epoch: 36, AccTr: 0.9053000211715698, AccVa: 0.8659999966621399, CeTr: 0.2955305278301239, CeVa: 0.4563271105289459
Epoch: 37, AccTr: 0.9079999923706055, AccVa: 0.8820000290870667, CeTr: 0.2881101667881012, CeVa: 0.40114253759384155
Epoch: 38, AccTr: 0.9082000255584717, AccVa: 0.8884999752044678, CeTr: 0.2823377847671509, CeVa: 0.38782888650894165
Epoch: 39, AccTr: 0.9104999899864197, AccVa: 0.8824999928474426, CeTr: 0.2766664922237396, CeVa: 0.39045780897140503
Epoch: 40, AccTr: 0.9110999703407288, AccVa: 0.8830000162124634, CeTr: 0.27220889925956726, CeVa: 0.38443151116371155
ENSEMBLE | Tr_Acc: 0.9562000036239624, Tr_CE: 0.14539512991905212, Va_Acc: 0.9259999990463257, Va_CE: 0.24568115174770355
Epoch: 41, AccTr: 0.909500002861023, AccVa: 0.8759999871253967, CeTr: 0.27837899327278137, CeVa: 0.4232102930545807
Epoch: 42, AccTr: 0.9096999764442444, AccVa: 0.8820000290870667, CeTr: 0.2776626944541931, CeVa: 0.3871186077594757
Epoch: 43, AccTr: 0.911899983882904, AccVa: 0.8744999766349792, CeTr: 0.28480929136276245, CeVa: 0.39972251653671265
Epoch: 44, AccTr: 0.9115999937057495, AccVa: 0.8725000023841858, CeTr: 0.2811218500137329, CeVa: 0.3978646993637085
Epoch: 45, AccTr: 0.9072999954223633, AccVa: 0.8740000128746033, CeTr: 0.28389909863471985, CeVa: 0.4600873291492462
ENSEMBLE | Tr_Acc: 0.9555000066757202, Tr_CE: 0.14298699796199799, Va_Acc: 0.9269999861717224, Va_CE: 0.24672262370586395
Epoch: 46, AccTr: 0.9103000164031982, AccVa: 0.8679999709129333, CeTr: 0.2813784182071686, CeVa: 0.4622342586517334
Epoch: 47, AccTr: 0.9067999720573425, AccVa: 0.8734999895095825, CeTr: 0.2800748944282532, CeVa: 0.444990336894989
Epoch: 48, AccTr: 0.9096999764442444, AccVa: 0.8920000195503235, CeTr: 0.2802636921405792, CeVa: 0.3938615024089813
Epoch: 49, AccTr: 0.9064000248908997, AccVa: 0.8755000233650208, CeTr: 0.2985689043998718, CeVa: 0.4171869456768036
Epoch: 50, AccTr: 0.9059000015258789, AccVa: 0.8809999823570251, CeTr: 0.29075321555137634, CeVa: 0.4294620454311371
ENSEMBLE | Tr_Acc: 0.9563000202178955, Tr_CE: 0.14098523557186127, Va_Acc: 0.9269999861717224, Va_CE: 0.24610914289951324
NN CONFIG
Weight-type:		ternary
Layout									Layer #1: 250	Layer #2: 220	
Activation Functions					Layer #1: ets	Layer #2: ets	
Keep probabilities		Layer #0: 1.0	Layer #1: 1.0	Layer #2: 1.0	
Flat factors							Layer #1: 1.0	Layer #2: 1.0	Layer #3: 1.0	
Activation Noise						Layer #1: 0.1	Layer #2: 0.1	Layer #3: 0.0	
Prior: 0.8

===================================

RUN CONFIG
Epochs: 50, Blocksize: 4

===================================

Input binarization: False
Epoch: 1, AccTr: 0.89410001039505, AccVa: 0.8709999918937683, CeTr: 0.3396434783935547, CeVa: 0.43520158529281616
Epoch: 2, AccTr: 0.8942000269889832, AccVa: 0.8744999766349792, CeTr: 0.3255717158317566, CeVa: 0.4135657548904419
Epoch: 3, AccTr: 0.9010999798774719, AccVa: 0.871999979019165, CeTr: 0.3109357953071594, CeVa: 0.4485859274864197
Epoch: 4, AccTr: 0.9018999934196472, AccVa: 0.8709999918937683, CeTr: 0.3007810413837433, CeVa: 0.4364657700061798
Epoch: 5, AccTr: 0.9035000205039978, AccVa: 0.8755000233650208, CeTr: 0.3069054186344147, CeVa: 0.43454721570014954
ENSEMBLE | Tr_Acc: 0.9035000205039978, Tr_CE: 0.3069054186344147, Va_Acc: 0.8755000233650208, Va_CE: 0.43454721570014954
Epoch: 6, AccTr: 0.9110999703407288, AccVa: 0.8880000114440918, CeTr: 0.28653964400291443, CeVa: 0.3701614439487457
Epoch: 7, AccTr: 0.906499981880188, AccVa: 0.8740000128746033, CeTr: 0.29075953364372253, CeVa: 0.43077003955841064
Epoch: 8, AccTr: 0.9061999917030334, AccVa: 0.8870000243186951, CeTr: 0.2923765182495117, CeVa: 0.3917277753353119
Epoch: 9, AccTr: 0.9081000089645386, AccVa: 0.8859999775886536, CeTr: 0.2912216782569885, CeVa: 0.3861471116542816
Epoch: 10, AccTr: 0.9053999781608582, AccVa: 0.8945000171661377, CeTr: 0.2906422019004822, CeVa: 0.3979922831058502
ENSEMBLE | Tr_Acc: 0.9355999827384949, Tr_CE: 0.2046334147453308, Va_Acc: 0.9110000133514404, Va_CE: 0.3186178207397461
Epoch: 11, AccTr: 0.9071000218391418, AccVa: 0.8769999742507935, CeTr: 0.30109041929244995, CeVa: 0.43296846747398376
Epoch: 12, AccTr: 0.9107000231742859, AccVa: 0.8769999742507935, CeTr: 0.29011157155036926, CeVa: 0.4484647512435913
Epoch: 13, AccTr: 0.9063000082969666, AccVa: 0.8675000071525574, CeTr: 0.29002177715301514, CeVa: 0.43719586730003357
Epoch: 14, AccTr: 0.9085999727249146, AccVa: 0.8809999823570251, CeTr: 0.28045645356178284, CeVa: 0.4186992943286896
Epoch: 15, AccTr: 0.9083999991416931, AccVa: 0.8765000104904175, CeTr: 0.2821093201637268, CeVa: 0.41686609387397766
ENSEMBLE | Tr_Acc: 0.9459999799728394, Tr_CE: 0.17340436577796936, Va_Acc: 0.9169999957084656, Va_CE: 0.28396472334861755
Epoch: 16, AccTr: 0.9046000242233276, AccVa: 0.8790000081062317, CeTr: 0.2941887676715851, CeVa: 0.38014155626296997
Epoch: 17, AccTr: 0.9053000211715698, AccVa: 0.8859999775886536, CeTr: 0.2906171977519989, CeVa: 0.3981095850467682
Epoch: 18, AccTr: 0.9103000164031982, AccVa: 0.8790000081062317, CeTr: 0.27865323424339294, CeVa: 0.38915592432022095
Epoch: 19, AccTr: 0.9096999764442444, AccVa: 0.8734999895095825, CeTr: 0.27439913153648376, CeVa: 0.4133394658565521
Epoch: 20, AccTr: 0.9081000089645386, AccVa: 0.8765000104904175, CeTr: 0.2902772128582001, CeVa: 0.42554810643196106
ENSEMBLE | Tr_Acc: 0.9484999775886536, Tr_CE: 0.16031277179718018, Va_Acc: 0.9225000143051147, Va_CE: 0.26988136768341064
Epoch: 21, AccTr: 0.9067999720573425, AccVa: 0.8799999952316284, CeTr: 0.28632280230522156, CeVa: 0.4049951136112213
Epoch: 22, AccTr: 0.9036999940872192, AccVa: 0.8705000281333923, CeTr: 0.2889097034931183, CeVa: 0.43376824259757996
Epoch: 23, AccTr: 0.906000018119812, AccVa: 0.8700000047683716, CeTr: 0.2930546998977661, CeVa: 0.428094744682312
Epoch: 24, AccTr: 0.9065999984741211, AccVa: 0.8684999942779541, CeTr: 0.289607971906662, CeVa: 0.4362480938434601
Epoch: 25, AccTr: 0.9085999727249146, AccVa: 0.8740000128746033, CeTr: 0.2743382453918457, CeVa: 0.4161151945590973
ENSEMBLE | Tr_Acc: 0.9520999789237976, Tr_CE: 0.15080749988555908, Va_Acc: 0.9269999861717224, Va_CE: 0.25848472118377686
Epoch: 26, AccTr: 0.9074000120162964, AccVa: 0.878000020980835, CeTr: 0.2892753481864929, CeVa: 0.4287761449813843
Epoch: 27, AccTr: 0.9129999876022339, AccVa: 0.8799999952316284, CeTr: 0.276184618473053, CeVa: 0.41130146384239197
Epoch: 28, AccTr: 0.9068999886512756, AccVa: 0.8765000104904175, CeTr: 0.28334781527519226, CeVa: 0.40962743759155273
Epoch: 29, AccTr: 0.9067999720573425, AccVa: 0.8769999742507935, CeTr: 0.294131875038147, CeVa: 0.4277348220348358
Epoch: 30, AccTr: 0.9036999940872192, AccVa: 0.8790000081062317, CeTr: 0.28953152894973755, CeVa: 0.39817219972610474
ENSEMBLE | Tr_Acc: 0.9545999765396118, Tr_CE: 0.1456580013036728, Va_Acc: 0.9304999709129333, Va_CE: 0.2480209767818451
Epoch: 31, AccTr: 0.9107000231742859, AccVa: 0.871999979019165, CeTr: 0.2775849997997284, CeVa: 0.40855786204338074
Epoch: 32, AccTr: 0.9106000065803528, AccVa: 0.878000020980835, CeTr: 0.2865774929523468, CeVa: 0.4082201421260834
Epoch: 33, AccTr: 0.9004999995231628, AccVa: 0.8790000081062317, CeTr: 0.29529324173927307, CeVa: 0.4149906635284424
Epoch: 34, AccTr: 0.9072999954223633, AccVa: 0.8790000081062317, CeTr: 0.280900239944458, CeVa: 0.4056982100009918
Epoch: 35, AccTr: 0.9088000059127808, AccVa: 0.8784999847412109, CeTr: 0.28508150577545166, CeVa: 0.4058226943016052
ENSEMBLE | Tr_Acc: 0.9559000134468079, Tr_CE: 0.14164277911186218, Va_Acc: 0.9275000095367432, Va_CE: 0.2443845123052597
Epoch: 36, AccTr: 0.9039000272750854, AccVa: 0.8855000138282776, CeTr: 0.2911158800125122, CeVa: 0.40557894110679626
Epoch: 37, AccTr: 0.9100000262260437, AccVa: 0.8865000009536743, CeTr: 0.2850572168827057, CeVa: 0.412516713142395
Epoch: 38, AccTr: 0.9079999923706055, AccVa: 0.8759999871253967, CeTr: 0.2792075574398041, CeVa: 0.4180371165275574
Epoch: 39, AccTr: 0.9121999740600586, AccVa: 0.8784999847412109, CeTr: 0.2802179753780365, CeVa: 0.4258863925933838
Epoch: 40, AccTr: 0.9085999727249146, AccVa: 0.8755000233650208, CeTr: 0.28333601355552673, CeVa: 0.4381089508533478
ENSEMBLE | Tr_Acc: 0.9555000066757202, Tr_CE: 0.13867489993572235, Va_Acc: 0.9279999732971191, Va_CE: 0.24360555410385132
Epoch: 41, AccTr: 0.9049999713897705, AccVa: 0.8734999895095825, CeTr: 0.29048407077789307, CeVa: 0.4483298659324646
Epoch: 42, AccTr: 0.9070000052452087, AccVa: 0.8809999823570251, CeTr: 0.2957039475440979, CeVa: 0.3920400142669678
Epoch: 43, AccTr: 0.9038000106811523, AccVa: 0.8694999814033508, CeTr: 0.292186975479126, CeVa: 0.44679901003837585
Epoch: 44, AccTr: 0.9083999991416931, AccVa: 0.8859999775886536, CeTr: 0.2861694097518921, CeVa: 0.41691043972969055
Epoch: 45, AccTr: 0.9085000157356262, AccVa: 0.8845000267028809, CeTr: 0.2845436930656433, CeVa: 0.4305817782878876
ENSEMBLE | Tr_Acc: 0.9563999772071838, Tr_CE: 0.13621249794960022, Va_Acc: 0.925000011920929, Va_CE: 0.24065707623958588
Epoch: 46, AccTr: 0.9086999893188477, AccVa: 0.8774999976158142, CeTr: 0.29014331102371216, CeVa: 0.41425594687461853
Epoch: 47, AccTr: 0.909500002861023, AccVa: 0.8794999718666077, CeTr: 0.28062352538108826, CeVa: 0.42821717262268066
Epoch: 48, AccTr: 0.9100000262260437, AccVa: 0.8870000243186951, CeTr: 0.2849714756011963, CeVa: 0.41178879141807556
Epoch: 49, AccTr: 0.9085000157356262, AccVa: 0.8759999871253967, CeTr: 0.28622668981552124, CeVa: 0.4058400094509125
Epoch: 50, AccTr: 0.9099000096321106, AccVa: 0.8845000267028809, CeTr: 0.28144916892051697, CeVa: 0.3843632936477661
ENSEMBLE | Tr_Acc: 0.9578999876976013, Tr_CE: 0.13382172584533691, Va_Acc: 0.9315000176429749, Va_CE: 0.23576979339122772
NN CONFIG
Weight-type:		ternary
Layout									Layer #1: 250	Layer #2: 220	
Activation Functions					Layer #1: ets	Layer #2: ets	
Keep probabilities		Layer #0: 1.0	Layer #1: 1.0	Layer #2: 1.0	
Flat factors							Layer #1: 1.0	Layer #2: 1.0	Layer #3: 1.0	
Activation Noise						Layer #1: 0.1	Layer #2: 0.1	Layer #3: 0.0	
Prior: 0.8

===================================

RUN CONFIG
Epochs: 50, Blocksize: 4

===================================

Input binarization: False
Epoch: 1, AccTr: 0.864300012588501, AccVa: 0.8299999833106995, CeTr: 0.4396737217903137, CeVa: 0.5127909779548645
Epoch: 2, AccTr: 0.888700008392334, AccVa: 0.8495000004768372, CeTr: 0.352870374917984, CeVa: 0.4774332344532013
Epoch: 3, AccTr: 0.8889999985694885, AccVa: 0.862500011920929, CeTr: 0.34889036417007446, CeVa: 0.454218327999115
Epoch: 4, AccTr: 0.8952000141143799, AccVa: 0.8675000071525574, CeTr: 0.3232576549053192, CeVa: 0.4517328441143036
Epoch: 5, AccTr: 0.8970000147819519, AccVa: 0.8774999976158142, CeTr: 0.3197256922721863, CeVa: 0.4344097971916199
ENSEMBLE | Tr_Acc: 0.8970000147819519, Tr_CE: 0.3197256922721863, Va_Acc: 0.8774999976158142, Va_CE: 0.4344097971916199
Epoch: 6, AccTr: 0.9004999995231628, AccVa: 0.8700000047683716, CeTr: 0.3066035807132721, CeVa: 0.41788944602012634
Epoch: 7, AccTr: 0.9007999897003174, AccVa: 0.8659999966621399, CeTr: 0.3107149302959442, CeVa: 0.47085314989089966
Epoch: 8, AccTr: 0.9027000069618225, AccVa: 0.8820000290870667, CeTr: 0.3087940812110901, CeVa: 0.3984721004962921
Epoch: 9, AccTr: 0.9014999866485596, AccVa: 0.8690000176429749, CeTr: 0.30050086975097656, CeVa: 0.4472905695438385
Epoch: 10, AccTr: 0.90420001745224, AccVa: 0.8694999814033508, CeTr: 0.2982120215892792, CeVa: 0.4561489224433899
ENSEMBLE | Tr_Acc: 0.9314000010490417, Tr_CE: 0.2190549373626709, Va_Acc: 0.9045000076293945, Va_CE: 0.3329707980155945
Epoch: 11, AccTr: 0.9065999984741211, AccVa: 0.8809999823570251, CeTr: 0.28968319296836853, CeVa: 0.41949597001075745
Epoch: 12, AccTr: 0.9047999978065491, AccVa: 0.8654999732971191, CeTr: 0.295906126499176, CeVa: 0.41287392377853394
Epoch: 13, AccTr: 0.906499981880188, AccVa: 0.878000020980835, CeTr: 0.29921385645866394, CeVa: 0.43304264545440674
Epoch: 14, AccTr: 0.9038000106811523, AccVa: 0.890500009059906, CeTr: 0.3041105568408966, CeVa: 0.396247923374176
Epoch: 15, AccTr: 0.9025999903678894, AccVa: 0.878000020980835, CeTr: 0.3043176233768463, CeVa: 0.41970327496528625
ENSEMBLE | Tr_Acc: 0.9420999884605408, Tr_CE: 0.1908060759305954, Va_Acc: 0.9100000262260437, Va_CE: 0.29827770590782166
Epoch: 16, AccTr: 0.9049999713897705, AccVa: 0.875, CeTr: 0.30637264251708984, CeVa: 0.39988768100738525
Epoch: 17, AccTr: 0.9023000001907349, AccVa: 0.8840000033378601, CeTr: 0.29989778995513916, CeVa: 0.41600584983825684
Epoch: 18, AccTr: 0.9082000255584717, AccVa: 0.8805000185966492, CeTr: 0.29420486092567444, CeVa: 0.4129292964935303
Epoch: 19, AccTr: 0.9047999978065491, AccVa: 0.8784999847412109, CeTr: 0.29930591583251953, CeVa: 0.4320680499076843
Epoch: 20, AccTr: 0.9036999940872192, AccVa: 0.8740000128746033, CeTr: 0.2976439595222473, CeVa: 0.4421965479850769
ENSEMBLE | Tr_Acc: 0.9466000199317932, Tr_CE: 0.17381660640239716, Va_Acc: 0.9175000190734863, Va_CE: 0.2856065630912781
Epoch: 21, AccTr: 0.9035000205039978, AccVa: 0.887499988079071, CeTr: 0.2928313910961151, CeVa: 0.39757847785949707
Epoch: 22, AccTr: 0.9038000106811523, AccVa: 0.8805000185966492, CeTr: 0.30106839537620544, CeVa: 0.4459066689014435
Epoch: 23, AccTr: 0.9039000272750854, AccVa: 0.8870000243186951, CeTr: 0.29354366660118103, CeVa: 0.39384976029396057
Epoch: 24, AccTr: 0.9085000157356262, AccVa: 0.8815000057220459, CeTr: 0.28046363592147827, CeVa: 0.4211944043636322
Epoch: 25, AccTr: 0.9107999801635742, AccVa: 0.8790000081062317, CeTr: 0.27753230929374695, CeVa: 0.4011715054512024
ENSEMBLE | Tr_Acc: 0.9509000182151794, Tr_CE: 0.16175535321235657, Va_Acc: 0.9225000143051147, Va_CE: 0.2709009647369385
Epoch: 26, AccTr: 0.9079999923706055, AccVa: 0.8700000047683716, CeTr: 0.2839279770851135, CeVa: 0.4139242470264435
Epoch: 27, AccTr: 0.9057000279426575, AccVa: 0.8784999847412109, CeTr: 0.2829953134059906, CeVa: 0.3919183611869812
Epoch: 28, AccTr: 0.9121000170707703, AccVa: 0.8769999742507935, CeTr: 0.2784397602081299, CeVa: 0.43661758303642273
Epoch: 29, AccTr: 0.9128000140190125, AccVa: 0.8865000009536743, CeTr: 0.27489173412323, CeVa: 0.42572107911109924
Epoch: 30, AccTr: 0.9085000157356262, AccVa: 0.8809999823570251, CeTr: 0.28672119975090027, CeVa: 0.40504175424575806
ENSEMBLE | Tr_Acc: 0.9535999894142151, Tr_CE: 0.15535983443260193, Va_Acc: 0.9269999861717224, Va_CE: 0.2627432942390442
Epoch: 31, AccTr: 0.9085000157356262, AccVa: 0.8794999718666077, CeTr: 0.2841411232948303, CeVa: 0.4087616205215454
Epoch: 32, AccTr: 0.9017999768257141, AccVa: 0.8740000128746033, CeTr: 0.3013501465320587, CeVa: 0.43133386969566345
Epoch: 33, AccTr: 0.9047999978065491, AccVa: 0.8774999976158142, CeTr: 0.28534263372421265, CeVa: 0.39743924140930176
Epoch: 34, AccTr: 0.9068999886512756, AccVa: 0.8784999847412109, CeTr: 0.2924205958843231, CeVa: 0.40668627619743347
Epoch: 35, AccTr: 0.90420001745224, AccVa: 0.878000020980835, CeTr: 0.2934650778770447, CeVa: 0.40570321679115295
ENSEMBLE | Tr_Acc: 0.9546999931335449, Tr_CE: 0.15108352899551392, Va_Acc: 0.9269999861717224, Va_CE: 0.25526145100593567
Epoch: 36, AccTr: 0.9052000045776367, AccVa: 0.8809999823570251, CeTr: 0.2909342646598816, CeVa: 0.4005083441734314
Epoch: 37, AccTr: 0.9041000008583069, AccVa: 0.8859999775886536, CeTr: 0.29217755794525146, CeVa: 0.4139556586742401
Epoch: 38, AccTr: 0.9082000255584717, AccVa: 0.8830000162124634, CeTr: 0.2854185402393341, CeVa: 0.40650904178619385
Epoch: 39, AccTr: 0.9071999788284302, AccVa: 0.8725000023841858, CeTr: 0.28543832898139954, CeVa: 0.43556782603263855
Epoch: 40, AccTr: 0.9021000266075134, AccVa: 0.8740000128746033, CeTr: 0.2950471043586731, CeVa: 0.4335988759994507
ENSEMBLE | Tr_Acc: 0.9542999863624573, Tr_CE: 0.14829608798027039, Va_Acc: 0.9275000095367432, Va_CE: 0.25318044424057007
Epoch: 41, AccTr: 0.9063000082969666, AccVa: 0.8734999895095825, CeTr: 0.2880522608757019, CeVa: 0.43526947498321533
Epoch: 42, AccTr: 0.9072999954223633, AccVa: 0.8870000243186951, CeTr: 0.29118582606315613, CeVa: 0.3974161148071289
Epoch: 43, AccTr: 0.9089999794960022, AccVa: 0.8830000162124634, CeTr: 0.2750721275806427, CeVa: 0.3866535723209381
Epoch: 44, AccTr: 0.9093999862670898, AccVa: 0.871999979019165, CeTr: 0.2770448625087738, CeVa: 0.425585001707077
Epoch: 45, AccTr: 0.9075999855995178, AccVa: 0.8794999718666077, CeTr: 0.27799805998802185, CeVa: 0.4049995541572571
ENSEMBLE | Tr_Acc: 0.95660001039505, Tr_CE: 0.14356739819049835, Va_Acc: 0.9294999837875366, Va_CE: 0.2477901726961136
Epoch: 46, AccTr: 0.90829998254776, AccVa: 0.8849999904632568, CeTr: 0.2796567380428314, CeVa: 0.4231121838092804
Epoch: 47, AccTr: 0.9115999937057495, AccVa: 0.8690000176429749, CeTr: 0.27837520837783813, CeVa: 0.4537920355796814
Epoch: 48, AccTr: 0.9081000089645386, AccVa: 0.875, CeTr: 0.28210341930389404, CeVa: 0.4495605528354645
Epoch: 49, AccTr: 0.9077000021934509, AccVa: 0.8815000057220459, CeTr: 0.28324729204177856, CeVa: 0.43058061599731445
Epoch: 50, AccTr: 0.9115999937057495, AccVa: 0.8815000057220459, CeTr: 0.2800196409225464, CeVa: 0.4305608570575714
ENSEMBLE | Tr_Acc: 0.9560999870300293, Tr_CE: 0.14106613397598267, Va_Acc: 0.9284999966621399, Va_CE: 0.2463178038597107
NN CONFIG
Weight-type:		ternary
Layout									Layer #1: 250	Layer #2: 220	
Activation Functions					Layer #1: ets	Layer #2: ets	
Keep probabilities		Layer #0: 1.0	Layer #1: 1.0	Layer #2: 1.0	
Flat factors							Layer #1: 1.0	Layer #2: 1.0	Layer #3: 1.0	
Activation Noise						Layer #1: 0.1	Layer #2: 0.1	Layer #3: 0.0	
Prior: 0.8

===================================

RUN CONFIG
Epochs: 50, Blocksize: 4

===================================

Input binarization: False
Epoch: 1, AccTr: 0.8697999715805054, AccVa: 0.847000002861023, CeTr: 0.44693315029144287, CeVa: 0.5302578806877136
Epoch: 2, AccTr: 0.8852999806404114, AccVa: 0.8519999980926514, CeTr: 0.3743421733379364, CeVa: 0.5071823596954346
Epoch: 3, AccTr: 0.8952999711036682, AccVa: 0.8619999885559082, CeTr: 0.3424185812473297, CeVa: 0.5073012709617615
Epoch: 4, AccTr: 0.8950999975204468, AccVa: 0.8744999766349792, CeTr: 0.3455764055252075, CeVa: 0.45497214794158936
Epoch: 5, AccTr: 0.8925999999046326, AccVa: 0.8700000047683716, CeTr: 0.33934229612350464, CeVa: 0.4500792920589447
ENSEMBLE | Tr_Acc: 0.8925999999046326, Tr_CE: 0.33934229612350464, Va_Acc: 0.8700000047683716, Va_CE: 0.4500792920589447
Epoch: 6, AccTr: 0.8984000086784363, AccVa: 0.8659999966621399, CeTr: 0.3218897581100464, CeVa: 0.44195452332496643
Epoch: 7, AccTr: 0.8999999761581421, AccVa: 0.8700000047683716, CeTr: 0.32337483763694763, CeVa: 0.45832788944244385
Epoch: 8, AccTr: 0.9036999940872192, AccVa: 0.8700000047683716, CeTr: 0.31160229444503784, CeVa: 0.4497522711753845
Epoch: 9, AccTr: 0.8988999724388123, AccVa: 0.8705000281333923, CeTr: 0.31364893913269043, CeVa: 0.4885523021221161
Epoch: 10, AccTr: 0.9070000052452087, AccVa: 0.8759999871253967, CeTr: 0.30087539553642273, CeVa: 0.4532518684864044
ENSEMBLE | Tr_Acc: 0.9302999973297119, Tr_CE: 0.22225454449653625, Va_Acc: 0.9070000052452087, Va_CE: 0.3401588201522827
Epoch: 11, AccTr: 0.901199996471405, AccVa: 0.875, CeTr: 0.31211909651756287, CeVa: 0.42916402220726013
Epoch: 12, AccTr: 0.9061999917030334, AccVa: 0.8669999837875366, CeTr: 0.298595130443573, CeVa: 0.4345476031303406
Epoch: 13, AccTr: 0.9054999947547913, AccVa: 0.8830000162124634, CeTr: 0.2945472002029419, CeVa: 0.4248337745666504
Epoch: 14, AccTr: 0.900600016117096, AccVa: 0.8784999847412109, CeTr: 0.29900750517845154, CeVa: 0.41710299253463745
Epoch: 15, AccTr: 0.9075000286102295, AccVa: 0.8830000162124634, CeTr: 0.2891175150871277, CeVa: 0.4442821741104126
ENSEMBLE | Tr_Acc: 0.9409999847412109, Tr_CE: 0.18424978852272034, Va_Acc: 0.9139999747276306, Va_CE: 0.305213987827301
Epoch: 16, AccTr: 0.9057000279426575, AccVa: 0.8820000290870667, CeTr: 0.29333245754241943, CeVa: 0.4228900671005249
Epoch: 17, AccTr: 0.9081000089645386, AccVa: 0.8740000128746033, CeTr: 0.2935735881328583, CeVa: 0.44347256422042847
Epoch: 18, AccTr: 0.9067999720573425, AccVa: 0.875, CeTr: 0.2858349680900574, CeVa: 0.45310360193252563
Epoch: 19, AccTr: 0.9100000262260437, AccVa: 0.8730000257492065, CeTr: 0.28144174814224243, CeVa: 0.4599384665489197
Epoch: 20, AccTr: 0.9090999960899353, AccVa: 0.8684999942779541, CeTr: 0.28365492820739746, CeVa: 0.447021484375
ENSEMBLE | Tr_Acc: 0.9478999972343445, Tr_CE: 0.16504447162151337, Va_Acc: 0.9229999780654907, Va_CE: 0.2848813235759735
Epoch: 21, AccTr: 0.9049999713897705, AccVa: 0.8784999847412109, CeTr: 0.2955240309238434, CeVa: 0.3959653079509735
Epoch: 22, AccTr: 0.906499981880188, AccVa: 0.8820000290870667, CeTr: 0.28934094309806824, CeVa: 0.41425663232803345
Epoch: 23, AccTr: 0.9075999855995178, AccVa: 0.8834999799728394, CeTr: 0.2838786244392395, CeVa: 0.41842857003211975
Epoch: 24, AccTr: 0.9085000157356262, AccVa: 0.8830000162124634, CeTr: 0.292265921831131, CeVa: 0.40071654319763184
Epoch: 25, AccTr: 0.9085000157356262, AccVa: 0.8945000171661377, CeTr: 0.2847733199596405, CeVa: 0.3637351393699646
ENSEMBLE | Tr_Acc: 0.9503999948501587, Tr_CE: 0.15623442828655243, Va_Acc: 0.9300000071525574, Va_CE: 0.26098307967185974
Epoch: 26, AccTr: 0.9070000052452087, AccVa: 0.8820000290870667, CeTr: 0.29123643040657043, CeVa: 0.4009508490562439
Epoch: 27, AccTr: 0.9154999852180481, AccVa: 0.8934999704360962, CeTr: 0.2726658880710602, CeVa: 0.37035226821899414
Epoch: 28, AccTr: 0.9085000157356262, AccVa: 0.878000020980835, CeTr: 0.2859208881855011, CeVa: 0.40372762084007263
Epoch: 29, AccTr: 0.9129999876022339, AccVa: 0.8815000057220459, CeTr: 0.2814502418041229, CeVa: 0.38984712958335876
Epoch: 30, AccTr: 0.909600019454956, AccVa: 0.8834999799728394, CeTr: 0.2889030873775482, CeVa: 0.39483642578125
ENSEMBLE | Tr_Acc: 0.9527000188827515, Tr_CE: 0.14943331480026245, Va_Acc: 0.9269999861717224, Va_CE: 0.2540881931781769
Epoch: 31, AccTr: 0.9072999954223633, AccVa: 0.8880000114440918, CeTr: 0.29017698764801025, CeVa: 0.38556212186813354
Epoch: 32, AccTr: 0.9136999845504761, AccVa: 0.8889999985694885, CeTr: 0.276155561208725, CeVa: 0.4201800525188446
Epoch: 33, AccTr: 0.9096999764442444, AccVa: 0.8799999952316284, CeTr: 0.28144586086273193, CeVa: 0.4324806332588196
Epoch: 34, AccTr: 0.9124000072479248, AccVa: 0.8840000033378601, CeTr: 0.2856397330760956, CeVa: 0.409511923789978
Epoch: 35, AccTr: 0.9111999869346619, AccVa: 0.8730000257492065, CeTr: 0.2873993515968323, CeVa: 0.43664830923080444
ENSEMBLE | Tr_Acc: 0.9545000195503235, Tr_CE: 0.14417940378189087, Va_Acc: 0.9259999990463257, Va_CE: 0.2519600987434387
Epoch: 36, AccTr: 0.9125000238418579, AccVa: 0.8790000081062317, CeTr: 0.28515684604644775, CeVa: 0.4384761154651642
Epoch: 37, AccTr: 0.9103999733924866, AccVa: 0.8824999928474426, CeTr: 0.283073753118515, CeVa: 0.4333989918231964
Epoch: 38, AccTr: 0.9147999882698059, AccVa: 0.8824999928474426, CeTr: 0.2675093114376068, CeVa: 0.4107714295387268
Epoch: 39, AccTr: 0.9110000133514404, AccVa: 0.8790000081062317, CeTr: 0.2744576930999756, CeVa: 0.4467603862285614
Epoch: 40, AccTr: 0.914900004863739, AccVa: 0.8830000162124634, CeTr: 0.2837015986442566, CeVa: 0.4532627761363983
ENSEMBLE | Tr_Acc: 0.9564999938011169, Tr_CE: 0.1400236189365387, Va_Acc: 0.9294999837875366, Va_CE: 0.2526204586029053
Epoch: 41, AccTr: 0.9061999917030334, AccVa: 0.8730000257492065, CeTr: 0.2892463505268097, CeVa: 0.42847344279289246
Epoch: 42, AccTr: 0.9089000225067139, AccVa: 0.8840000033378601, CeTr: 0.28782427310943604, CeVa: 0.40693098306655884
Epoch: 43, AccTr: 0.9074000120162964, AccVa: 0.8830000162124634, CeTr: 0.2820177376270294, CeVa: 0.4218880832195282
Epoch: 44, AccTr: 0.9133999943733215, AccVa: 0.8805000185966492, CeTr: 0.27885520458221436, CeVa: 0.43898308277130127
Epoch: 45, AccTr: 0.9093999862670898, AccVa: 0.8824999928474426, CeTr: 0.28324854373931885, CeVa: 0.4167575240135193
ENSEMBLE | Tr_Acc: 0.9581000208854675, Tr_CE: 0.13664646446704865, Va_Acc: 0.9300000071525574, Va_CE: 0.24838119745254517
Epoch: 46, AccTr: 0.909600019454956, AccVa: 0.8809999823570251, CeTr: 0.2799094319343567, CeVa: 0.42561861872673035
Epoch: 47, AccTr: 0.9121000170707703, AccVa: 0.8865000009536743, CeTr: 0.2730794847011566, CeVa: 0.4250811040401459
Epoch: 48, AccTr: 0.9120000004768372, AccVa: 0.8849999904632568, CeTr: 0.28061163425445557, CeVa: 0.41030237078666687
Epoch: 49, AccTr: 0.9092000126838684, AccVa: 0.8809999823570251, CeTr: 0.2853161096572876, CeVa: 0.4375835657119751
Epoch: 50, AccTr: 0.911899983882904, AccVa: 0.8820000290870667, CeTr: 0.27984514832496643, CeVa: 0.4271670877933502
ENSEMBLE | Tr_Acc: 0.9585000276565552, Tr_CE: 0.13403303921222687, Va_Acc: 0.9330000281333923, Va_CE: 0.24460484087467194
Mod Accuracy || Mean: 0.8822500109672546	 Std: 0.001346304314211011
Ens Accuracy || Mean: 0.9300000071525574	 Std: 0.0023717249277979136
Mod CE || Mean: 0.4178883135318756	 Std: 0.019394375383853912
Ens CE || Mean: 0.2432003915309906	 Std: 0.004340661223977804
