NN CONFIG
Weight-type:		ternary
Layout									Layer #1: 250	Layer #2: 220	
Activation Functions					Layer #1: ets	Layer #2: ets	
Keep probabilities		Layer #0: 1.0	Layer #1: 1.0	Layer #2: 1.0	
Flat factors							Layer #1: 1.0	Layer #2: 1.0	Layer #3: 1.0	
Activation Noise						Layer #1: 0.1	Layer #2: 0.1	Layer #3: 0.0	
Prior: 0.8

===================================

RUN CONFIG
Epochs: 50, Blocksize: 4

===================================

Input binarization: False
Epoch: 1, AccTr: 0.8981999754905701, AccVa: 0.8659999966621399, CeTr: 0.3291673958301544, CeVa: 0.44422388076782227
Epoch: 2, AccTr: 0.9057999849319458, AccVa: 0.8755000233650208, CeTr: 0.2935326397418976, CeVa: 0.42095279693603516
Epoch: 3, AccTr: 0.9053999781608582, AccVa: 0.878000020980835, CeTr: 0.28952357172966003, CeVa: 0.4185793697834015
Epoch: 4, AccTr: 0.9125999808311462, AccVa: 0.8799999952316284, CeTr: 0.275081068277359, CeVa: 0.42962273955345154
Epoch: 5, AccTr: 0.9100000262260437, AccVa: 0.8794999718666077, CeTr: 0.2775197923183441, CeVa: 0.4258192777633667
ENSEMBLE | Tr_Acc: 0.9100000262260437, Tr_CE: 0.2775197923183441, Va_Acc: 0.8794999718666077, Va_CE: 0.4258192777633667
Epoch: 6, AccTr: 0.9082000255584717, AccVa: 0.8809999823570251, CeTr: 0.275945246219635, CeVa: 0.4133095145225525
Epoch: 7, AccTr: 0.9154000282287598, AccVa: 0.8799999952316284, CeTr: 0.2734779417514801, CeVa: 0.4308382272720337
Epoch: 8, AccTr: 0.9107999801635742, AccVa: 0.8790000081062317, CeTr: 0.27645134925842285, CeVa: 0.43325769901275635
Epoch: 9, AccTr: 0.9174000024795532, AccVa: 0.8820000290870667, CeTr: 0.2567397952079773, CeVa: 0.41790422797203064
Epoch: 10, AccTr: 0.9125000238418579, AccVa: 0.8855000138282776, CeTr: 0.274629682302475, CeVa: 0.40023794770240784
ENSEMBLE | Tr_Acc: 0.9370999932289124, Tr_CE: 0.19148273766040802, Va_Acc: 0.906000018119812, Va_CE: 0.31739094853401184
Epoch: 11, AccTr: 0.9154000282287598, AccVa: 0.8920000195503235, CeTr: 0.2618783712387085, CeVa: 0.3927208185195923
Epoch: 12, AccTr: 0.9132999777793884, AccVa: 0.8794999718666077, CeTr: 0.2661714553833008, CeVa: 0.4200805127620697
Epoch: 13, AccTr: 0.9157000184059143, AccVa: 0.8815000057220459, CeTr: 0.25978487730026245, CeVa: 0.4108746349811554
Epoch: 14, AccTr: 0.9125000238418579, AccVa: 0.8855000138282776, CeTr: 0.26893696188926697, CeVa: 0.4030611515045166
Epoch: 15, AccTr: 0.9129999876022339, AccVa: 0.8914999961853027, CeTr: 0.27255895733833313, CeVa: 0.38361066579818726
ENSEMBLE | Tr_Acc: 0.9477999806404114, Tr_CE: 0.1643068790435791, Va_Acc: 0.9229999780654907, Va_CE: 0.2740092873573303
Epoch: 16, AccTr: 0.914900004863739, AccVa: 0.8945000171661377, CeTr: 0.2621394991874695, CeVa: 0.4042476713657379
Epoch: 17, AccTr: 0.9175999760627747, AccVa: 0.8970000147819519, CeTr: 0.259934663772583, CeVa: 0.3863714039325714
Epoch: 18, AccTr: 0.9138000011444092, AccVa: 0.8820000290870667, CeTr: 0.2624901235103607, CeVa: 0.401573121547699
Epoch: 19, AccTr: 0.9164999723434448, AccVa: 0.8859999775886536, CeTr: 0.2577104866504669, CeVa: 0.4232371151447296
Epoch: 20, AccTr: 0.9171000123023987, AccVa: 0.8815000057220459, CeTr: 0.25777533650398254, CeVa: 0.37832123041152954
ENSEMBLE | Tr_Acc: 0.9527999758720398, Tr_CE: 0.1488448977470398, Va_Acc: 0.9259999990463257, Va_CE: 0.2492566704750061
Epoch: 21, AccTr: 0.9172000288963318, AccVa: 0.8920000195503235, CeTr: 0.25448745489120483, CeVa: 0.3658354878425598
Epoch: 22, AccTr: 0.9174000024795532, AccVa: 0.8914999961853027, CeTr: 0.26393914222717285, CeVa: 0.3681955635547638
Epoch: 23, AccTr: 0.9172999858856201, AccVa: 0.890500009059906, CeTr: 0.2570590674877167, CeVa: 0.403435617685318
Epoch: 24, AccTr: 0.9197999835014343, AccVa: 0.8889999985694885, CeTr: 0.2626495957374573, CeVa: 0.385856956243515
Epoch: 25, AccTr: 0.9153000116348267, AccVa: 0.8794999718666077, CeTr: 0.27301573753356934, CeVa: 0.4156273603439331
ENSEMBLE | Tr_Acc: 0.9542999863624573, Tr_CE: 0.14162980020046234, Va_Acc: 0.9284999966621399, Va_CE: 0.24355481564998627
Epoch: 26, AccTr: 0.9136000275611877, AccVa: 0.8880000114440918, CeTr: 0.26758188009262085, CeVa: 0.38664141297340393
Epoch: 27, AccTr: 0.916700005531311, AccVa: 0.890999972820282, CeTr: 0.2608119547367096, CeVa: 0.41050925850868225
Epoch: 28, AccTr: 0.9146000146865845, AccVa: 0.8949999809265137, CeTr: 0.26368874311447144, CeVa: 0.3834242820739746
Epoch: 29, AccTr: 0.9168999791145325, AccVa: 0.8849999904632568, CeTr: 0.2577158212661743, CeVa: 0.408184289932251
Epoch: 30, AccTr: 0.9174000024795532, AccVa: 0.8859999775886536, CeTr: 0.2571047842502594, CeVa: 0.3987325429916382
ENSEMBLE | Tr_Acc: 0.9571999907493591, Tr_CE: 0.13528771698474884, Va_Acc: 0.9304999709129333, Va_CE: 0.24081970751285553
Epoch: 31, AccTr: 0.9154999852180481, AccVa: 0.8784999847412109, CeTr: 0.2558938264846802, CeVa: 0.40036511421203613
Epoch: 32, AccTr: 0.9150999784469604, AccVa: 0.8980000019073486, CeTr: 0.26083433628082275, CeVa: 0.38361334800720215
Epoch: 33, AccTr: 0.9157999753952026, AccVa: 0.8859999775886536, CeTr: 0.262285441160202, CeVa: 0.42420580983161926
Epoch: 34, AccTr: 0.9140999913215637, AccVa: 0.8840000033378601, CeTr: 0.2611692249774933, CeVa: 0.4085704982280731
Epoch: 35, AccTr: 0.9165999889373779, AccVa: 0.8845000267028809, CeTr: 0.26139986515045166, CeVa: 0.4024030268192291
ENSEMBLE | Tr_Acc: 0.9577999711036682, Tr_CE: 0.1314467042684555, Va_Acc: 0.9319999814033508, Va_CE: 0.23554940521717072
Epoch: 36, AccTr: 0.9186000227928162, AccVa: 0.8855000138282776, CeTr: 0.25207236409187317, CeVa: 0.4171411097049713
Epoch: 37, AccTr: 0.9153000116348267, AccVa: 0.887499988079071, CeTr: 0.26807114481925964, CeVa: 0.4137438237667084
Epoch: 38, AccTr: 0.9122999906539917, AccVa: 0.887499988079071, CeTr: 0.25513511896133423, CeVa: 0.39893707633018494
Epoch: 39, AccTr: 0.9179999828338623, AccVa: 0.8840000033378601, CeTr: 0.2584051489830017, CeVa: 0.3718835115432739
Epoch: 40, AccTr: 0.9142000079154968, AccVa: 0.8794999718666077, CeTr: 0.2635355591773987, CeVa: 0.388938844203949
ENSEMBLE | Tr_Acc: 0.958899974822998, Tr_CE: 0.12847024202346802, Va_Acc: 0.9334999918937683, Va_CE: 0.23046718537807465
Epoch: 41, AccTr: 0.9168999791145325, AccVa: 0.871999979019165, CeTr: 0.2562084496021271, CeVa: 0.44332611560821533
Epoch: 42, AccTr: 0.9114000201225281, AccVa: 0.8880000114440918, CeTr: 0.26863914728164673, CeVa: 0.3844899833202362
Epoch: 43, AccTr: 0.9114999771118164, AccVa: 0.8774999976158142, CeTr: 0.26518958806991577, CeVa: 0.43662235140800476
Epoch: 44, AccTr: 0.9142000079154968, AccVa: 0.8859999775886536, CeTr: 0.26611658930778503, CeVa: 0.3887231945991516
Epoch: 45, AccTr: 0.9121000170707703, AccVa: 0.8939999938011169, CeTr: 0.27028027176856995, CeVa: 0.38051775097846985
ENSEMBLE | Tr_Acc: 0.9585999846458435, Tr_CE: 0.12596124410629272, Va_Acc: 0.9334999918937683, Va_CE: 0.22797083854675293
Epoch: 46, AccTr: 0.9157000184059143, AccVa: 0.8880000114440918, CeTr: 0.2622935473918915, CeVa: 0.3799593448638916
Epoch: 47, AccTr: 0.9146999716758728, AccVa: 0.8899999856948853, CeTr: 0.26619356870651245, CeVa: 0.4164349436759949
Epoch: 48, AccTr: 0.9124000072479248, AccVa: 0.8970000147819519, CeTr: 0.26715293526649475, CeVa: 0.3808572292327881
Epoch: 49, AccTr: 0.9182999730110168, AccVa: 0.8870000243186951, CeTr: 0.25649598240852356, CeVa: 0.38877564668655396
Epoch: 50, AccTr: 0.9189000129699707, AccVa: 0.8820000290870667, CeTr: 0.2555820941925049, CeVa: 0.40904247760772705
ENSEMBLE | Tr_Acc: 0.9593999981880188, Tr_CE: 0.12347576022148132, Va_Acc: 0.9330000281333923, Va_CE: 0.22769464552402496
NN CONFIG
Weight-type:		ternary
Layout									Layer #1: 250	Layer #2: 220	
Activation Functions					Layer #1: ets	Layer #2: ets	
Keep probabilities		Layer #0: 1.0	Layer #1: 1.0	Layer #2: 1.0	
Flat factors							Layer #1: 1.0	Layer #2: 1.0	Layer #3: 1.0	
Activation Noise						Layer #1: 0.1	Layer #2: 0.1	Layer #3: 0.0	
Prior: 0.8

===================================

RUN CONFIG
Epochs: 50, Blocksize: 4

===================================

Input binarization: False
Epoch: 1, AccTr: 0.8852999806404114, AccVa: 0.8725000023841858, CeTr: 0.37781476974487305, CeVa: 0.4443973898887634
Epoch: 2, AccTr: 0.9025999903678894, AccVa: 0.8759999871253967, CeTr: 0.3218041956424713, CeVa: 0.42111295461654663
Epoch: 3, AccTr: 0.9027000069618225, AccVa: 0.8805000185966492, CeTr: 0.3146386742591858, CeVa: 0.3997363746166229
Epoch: 4, AccTr: 0.9079999923706055, AccVa: 0.8834999799728394, CeTr: 0.2903861701488495, CeVa: 0.4040123522281647
Epoch: 5, AccTr: 0.9079999923706055, AccVa: 0.8820000290870667, CeTr: 0.29633671045303345, CeVa: 0.4254663288593292
ENSEMBLE | Tr_Acc: 0.9079999923706055, Tr_CE: 0.29633671045303345, Va_Acc: 0.8820000290870667, Va_CE: 0.4254663288593292
Epoch: 6, AccTr: 0.9107999801635742, AccVa: 0.8834999799728394, CeTr: 0.2820851504802704, CeVa: 0.4173487424850464
Epoch: 7, AccTr: 0.9099000096321106, AccVa: 0.8805000185966492, CeTr: 0.28511905670166016, CeVa: 0.4061891436576843
Epoch: 8, AccTr: 0.90829998254776, AccVa: 0.8930000066757202, CeTr: 0.2881111800670624, CeVa: 0.403551310300827
Epoch: 9, AccTr: 0.9035999774932861, AccVa: 0.8740000128746033, CeTr: 0.2912111282348633, CeVa: 0.41554194688796997
Epoch: 10, AccTr: 0.9049999713897705, AccVa: 0.8849999904632568, CeTr: 0.2928888201713562, CeVa: 0.38729679584503174
ENSEMBLE | Tr_Acc: 0.9319999814033508, Tr_CE: 0.20608015358448029, Va_Acc: 0.9110000133514404, Va_CE: 0.30916348099708557
Epoch: 11, AccTr: 0.9086999893188477, AccVa: 0.8784999847412109, CeTr: 0.2802378833293915, CeVa: 0.4059484302997589
Epoch: 12, AccTr: 0.9143999814987183, AccVa: 0.8939999938011169, CeTr: 0.2791059613227844, CeVa: 0.3678901791572571
Epoch: 13, AccTr: 0.9125000238418579, AccVa: 0.8824999928474426, CeTr: 0.27613288164138794, CeVa: 0.42072737216949463
Epoch: 14, AccTr: 0.9117000102996826, AccVa: 0.8899999856948853, CeTr: 0.2767719626426697, CeVa: 0.37058374285697937
Epoch: 15, AccTr: 0.9117000102996826, AccVa: 0.8859999775886536, CeTr: 0.2892114818096161, CeVa: 0.4127657413482666
ENSEMBLE | Tr_Acc: 0.9424999952316284, Tr_CE: 0.18082308769226074, Va_Acc: 0.9194999933242798, Va_CE: 0.28059032559394836
Epoch: 16, AccTr: 0.9135000109672546, AccVa: 0.8889999985694885, CeTr: 0.270295113325119, CeVa: 0.39177146553993225
Epoch: 17, AccTr: 0.909500002861023, AccVa: 0.8820000290870667, CeTr: 0.27544721961021423, CeVa: 0.3967954218387604
Epoch: 18, AccTr: 0.9154999852180481, AccVa: 0.8989999890327454, CeTr: 0.2637448310852051, CeVa: 0.3679191768169403
Epoch: 19, AccTr: 0.9133999943733215, AccVa: 0.8884999752044678, CeTr: 0.2686062157154083, CeVa: 0.39768755435943604
Epoch: 20, AccTr: 0.9125999808311462, AccVa: 0.8884999752044678, CeTr: 0.27970531582832336, CeVa: 0.36804431676864624
ENSEMBLE | Tr_Acc: 0.9492999911308289, Tr_CE: 0.16491486132144928, Va_Acc: 0.9279999732971191, Va_CE: 0.2533923089504242
Epoch: 21, AccTr: 0.9114999771118164, AccVa: 0.8824999928474426, CeTr: 0.26478663086891174, CeVa: 0.4055725038051605
Epoch: 22, AccTr: 0.9139000177383423, AccVa: 0.875, CeTr: 0.27104657888412476, CeVa: 0.4185192286968231
Epoch: 23, AccTr: 0.9125999808311462, AccVa: 0.8799999952316284, CeTr: 0.27736860513687134, CeVa: 0.38682740926742554
Epoch: 24, AccTr: 0.9118000268936157, AccVa: 0.8769999742507935, CeTr: 0.2725238800048828, CeVa: 0.4161388576030731
Epoch: 25, AccTr: 0.9156000018119812, AccVa: 0.887499988079071, CeTr: 0.27558812499046326, CeVa: 0.3761453926563263
ENSEMBLE | Tr_Acc: 0.9509000182151794, Tr_CE: 0.15519890189170837, Va_Acc: 0.9275000095367432, Va_CE: 0.24158312380313873
Epoch: 26, AccTr: 0.914900004863739, AccVa: 0.8849999904632568, CeTr: 0.272002249956131, CeVa: 0.4069025218486786
Epoch: 27, AccTr: 0.9132000207901001, AccVa: 0.8899999856948853, CeTr: 0.26486456394195557, CeVa: 0.40086889266967773
Epoch: 28, AccTr: 0.9121999740600586, AccVa: 0.8834999799728394, CeTr: 0.27099764347076416, CeVa: 0.40374359488487244
Epoch: 29, AccTr: 0.9104999899864197, AccVa: 0.8805000185966492, CeTr: 0.2832832932472229, CeVa: 0.4264645278453827
Epoch: 30, AccTr: 0.9083999991416931, AccVa: 0.8790000081062317, CeTr: 0.27995532751083374, CeVa: 0.40168336033821106
ENSEMBLE | Tr_Acc: 0.9523000121116638, Tr_CE: 0.14831337332725525, Va_Acc: 0.9279999732971191, Va_CE: 0.2346532791852951
Epoch: 31, AccTr: 0.9103000164031982, AccVa: 0.8815000057220459, CeTr: 0.28028687834739685, CeVa: 0.3929879665374756
Epoch: 32, AccTr: 0.9178000092506409, AccVa: 0.8830000162124634, CeTr: 0.26206502318382263, CeVa: 0.40452682971954346
Epoch: 33, AccTr: 0.9161999821662903, AccVa: 0.8889999985694885, CeTr: 0.27394574880599976, CeVa: 0.39893612265586853
Epoch: 34, AccTr: 0.9122999906539917, AccVa: 0.8924999833106995, CeTr: 0.2699815630912781, CeVa: 0.39247602224349976
Epoch: 35, AccTr: 0.9089000225067139, AccVa: 0.8830000162124634, CeTr: 0.27521005272865295, CeVa: 0.3971376121044159
ENSEMBLE | Tr_Acc: 0.9534000158309937, Tr_CE: 0.1422031968832016, Va_Acc: 0.9304999709129333, Va_CE: 0.22938840091228485
Epoch: 36, AccTr: 0.9110000133514404, AccVa: 0.8809999823570251, CeTr: 0.2663117051124573, CeVa: 0.3948213756084442
Epoch: 37, AccTr: 0.911300003528595, AccVa: 0.8845000267028809, CeTr: 0.2740184962749481, CeVa: 0.4206043779850006
Epoch: 38, AccTr: 0.9129999876022339, AccVa: 0.8934999704360962, CeTr: 0.27480924129486084, CeVa: 0.3562280535697937
Epoch: 39, AccTr: 0.9175000190734863, AccVa: 0.8930000066757202, CeTr: 0.2623838484287262, CeVa: 0.38572564721107483
Epoch: 40, AccTr: 0.9110999703407288, AccVa: 0.8895000219345093, CeTr: 0.2758939266204834, CeVa: 0.39093419909477234
ENSEMBLE | Tr_Acc: 0.9562000036239624, Tr_CE: 0.13821488618850708, Va_Acc: 0.9325000047683716, Va_CE: 0.2267790287733078
Epoch: 41, AccTr: 0.9168999791145325, AccVa: 0.8794999718666077, CeTr: 0.2681785523891449, CeVa: 0.42089423537254333
Epoch: 42, AccTr: 0.9151999950408936, AccVa: 0.8830000162124634, CeTr: 0.2565925419330597, CeVa: 0.3889564871788025
Epoch: 43, AccTr: 0.9154000282287598, AccVa: 0.8840000033378601, CeTr: 0.26800888776779175, CeVa: 0.392899751663208
Epoch: 44, AccTr: 0.9117000102996826, AccVa: 0.8784999847412109, CeTr: 0.27595463395118713, CeVa: 0.40984711050987244
Epoch: 45, AccTr: 0.9122999906539917, AccVa: 0.8914999961853027, CeTr: 0.27150267362594604, CeVa: 0.41497042775154114
ENSEMBLE | Tr_Acc: 0.9570000171661377, Tr_CE: 0.13493190705776215, Va_Acc: 0.934499979019165, Va_CE: 0.22636789083480835
Epoch: 46, AccTr: 0.9136000275611877, AccVa: 0.8880000114440918, CeTr: 0.26508116722106934, CeVa: 0.390400767326355
Epoch: 47, AccTr: 0.9139000177383423, AccVa: 0.887499988079071, CeTr: 0.27497464418411255, CeVa: 0.4082115888595581
Epoch: 48, AccTr: 0.9110999703407288, AccVa: 0.8730000257492065, CeTr: 0.2748718857765198, CeVa: 0.41355544328689575
Epoch: 49, AccTr: 0.9139999747276306, AccVa: 0.8805000185966492, CeTr: 0.27018821239471436, CeVa: 0.4063054323196411
Epoch: 50, AccTr: 0.9120000004768372, AccVa: 0.890500009059906, CeTr: 0.27333077788352966, CeVa: 0.40536370873451233
ENSEMBLE | Tr_Acc: 0.9577000141143799, Tr_CE: 0.13222676515579224, Va_Acc: 0.934499979019165, Va_CE: 0.22602331638336182
NN CONFIG
Weight-type:		ternary
Layout									Layer #1: 250	Layer #2: 220	
Activation Functions					Layer #1: ets	Layer #2: ets	
Keep probabilities		Layer #0: 1.0	Layer #1: 1.0	Layer #2: 1.0	
Flat factors							Layer #1: 1.0	Layer #2: 1.0	Layer #3: 1.0	
Activation Noise						Layer #1: 0.1	Layer #2: 0.1	Layer #3: 0.0	
Prior: 0.8

===================================

RUN CONFIG
Epochs: 50, Blocksize: 4

===================================

Input binarization: False
Epoch: 1, AccTr: 0.9041000008583069, AccVa: 0.8805000185966492, CeTr: 0.3233875036239624, CeVa: 0.4194830656051636
Epoch: 2, AccTr: 0.9158999919891357, AccVa: 0.8805000185966492, CeTr: 0.28153499960899353, CeVa: 0.4076365530490875
Epoch: 3, AccTr: 0.9122999906539917, AccVa: 0.8855000138282776, CeTr: 0.2858240306377411, CeVa: 0.41396015882492065
Epoch: 4, AccTr: 0.9136000275611877, AccVa: 0.8820000290870667, CeTr: 0.2652965188026428, CeVa: 0.4221178889274597
Epoch: 5, AccTr: 0.9197999835014343, AccVa: 0.887499988079071, CeTr: 0.2600524425506592, CeVa: 0.3933466076850891
ENSEMBLE | Tr_Acc: 0.9197999835014343, Tr_CE: 0.2600524425506592, Va_Acc: 0.887499988079071, Va_CE: 0.3933466076850891
Epoch: 6, AccTr: 0.9154000282287598, AccVa: 0.8989999890327454, CeTr: 0.26865220069885254, CeVa: 0.3937288820743561
Epoch: 7, AccTr: 0.9172000288963318, AccVa: 0.8845000267028809, CeTr: 0.26780807971954346, CeVa: 0.4050932824611664
Epoch: 8, AccTr: 0.9182999730110168, AccVa: 0.8960000276565552, CeTr: 0.2634347379207611, CeVa: 0.36335933208465576
Epoch: 9, AccTr: 0.9121999740600586, AccVa: 0.8849999904632568, CeTr: 0.27609947323799133, CeVa: 0.42423760890960693
Epoch: 10, AccTr: 0.9144999980926514, AccVa: 0.8859999775886536, CeTr: 0.27250462770462036, CeVa: 0.4288316071033478
ENSEMBLE | Tr_Acc: 0.944100022315979, Tr_CE: 0.17834699153900146, Va_Acc: 0.9139999747276306, Va_CE: 0.3093887269496918
Epoch: 11, AccTr: 0.91839998960495, AccVa: 0.8914999961853027, CeTr: 0.263847678899765, CeVa: 0.41245707869529724
Epoch: 12, AccTr: 0.9185000061988831, AccVa: 0.8830000162124634, CeTr: 0.2758484482765198, CeVa: 0.4351019561290741
Epoch: 13, AccTr: 0.9176999926567078, AccVa: 0.8799999952316284, CeTr: 0.25822705030441284, CeVa: 0.4189090430736542
Epoch: 14, AccTr: 0.9164000153541565, AccVa: 0.8870000243186951, CeTr: 0.2661323845386505, CeVa: 0.4062792956829071
Epoch: 15, AccTr: 0.916100025177002, AccVa: 0.8870000243186951, CeTr: 0.27118831872940063, CeVa: 0.42554908990859985
ENSEMBLE | Tr_Acc: 0.95169997215271, Tr_CE: 0.15480118989944458, Va_Acc: 0.9204999804496765, Va_CE: 0.28252464532852173
Epoch: 16, AccTr: 0.9144999980926514, AccVa: 0.8974999785423279, CeTr: 0.2640257775783539, CeVa: 0.383125364780426
Epoch: 17, AccTr: 0.9160000085830688, AccVa: 0.8849999904632568, CeTr: 0.26013919711112976, CeVa: 0.43025022745132446
Epoch: 18, AccTr: 0.9190999865531921, AccVa: 0.8830000162124634, CeTr: 0.2584461569786072, CeVa: 0.4324958324432373
Epoch: 19, AccTr: 0.9156000018119812, AccVa: 0.8914999961853027, CeTr: 0.2636649012565613, CeVa: 0.4118873178958893
Epoch: 20, AccTr: 0.9175000190734863, AccVa: 0.8934999704360962, CeTr: 0.25584501028060913, CeVa: 0.38280439376831055
ENSEMBLE | Tr_Acc: 0.9557999968528748, Tr_CE: 0.13978996872901917, Va_Acc: 0.925000011920929, Va_CE: 0.2582995295524597
Epoch: 21, AccTr: 0.914900004863739, AccVa: 0.8794999718666077, CeTr: 0.26124072074890137, CeVa: 0.415168434381485
Epoch: 22, AccTr: 0.9175000190734863, AccVa: 0.8840000033378601, CeTr: 0.25606003403663635, CeVa: 0.4109460711479187
Epoch: 23, AccTr: 0.9190999865531921, AccVa: 0.8849999904632568, CeTr: 0.26038578152656555, CeVa: 0.41777390241622925
Epoch: 24, AccTr: 0.9156000018119812, AccVa: 0.8855000138282776, CeTr: 0.2606296241283417, CeVa: 0.41500598192214966
Epoch: 25, AccTr: 0.9139999747276306, AccVa: 0.8799999952316284, CeTr: 0.26569047570228577, CeVa: 0.46029990911483765
ENSEMBLE | Tr_Acc: 0.9587000012397766, Tr_CE: 0.131818026304245, Va_Acc: 0.9284999966621399, Va_CE: 0.255094051361084
Epoch: 26, AccTr: 0.911899983882904, AccVa: 0.8855000138282776, CeTr: 0.2714506685733795, CeVa: 0.44488275051116943
Epoch: 27, AccTr: 0.9180999994277954, AccVa: 0.8845000267028809, CeTr: 0.2752971053123474, CeVa: 0.43541020154953003
Epoch: 28, AccTr: 0.9153000116348267, AccVa: 0.8834999799728394, CeTr: 0.2670888304710388, CeVa: 0.44251635670661926
Epoch: 29, AccTr: 0.9150000214576721, AccVa: 0.8865000009536743, CeTr: 0.270870566368103, CeVa: 0.3973420262336731
Epoch: 30, AccTr: 0.9136000275611877, AccVa: 0.8884999752044678, CeTr: 0.27522212266921997, CeVa: 0.40025603771209717
ENSEMBLE | Tr_Acc: 0.9599999785423279, Tr_CE: 0.1273028552532196, Va_Acc: 0.9315000176429749, Va_CE: 0.2448633760213852
Epoch: 31, AccTr: 0.9110999703407288, AccVa: 0.8845000267028809, CeTr: 0.2769523561000824, CeVa: 0.41204535961151123
Epoch: 32, AccTr: 0.9153000116348267, AccVa: 0.8930000066757202, CeTr: 0.2725245952606201, CeVa: 0.3926748037338257
Epoch: 33, AccTr: 0.9125000238418579, AccVa: 0.8870000243186951, CeTr: 0.27758580446243286, CeVa: 0.4340662658214569
Epoch: 34, AccTr: 0.9175999760627747, AccVa: 0.8934999704360962, CeTr: 0.26798173785209656, CeVa: 0.39594829082489014
Epoch: 35, AccTr: 0.9147999882698059, AccVa: 0.8845000267028809, CeTr: 0.27198293805122375, CeVa: 0.43309295177459717
ENSEMBLE | Tr_Acc: 0.9610000252723694, Tr_CE: 0.12429947406053543, Va_Acc: 0.9309999942779541, Va_CE: 0.2446424961090088
Epoch: 36, AccTr: 0.9132000207901001, AccVa: 0.8899999856948853, CeTr: 0.2754092812538147, CeVa: 0.4262779951095581
Epoch: 37, AccTr: 0.9132999777793884, AccVa: 0.8815000057220459, CeTr: 0.2695867419242859, CeVa: 0.425068736076355
Epoch: 38, AccTr: 0.9168000221252441, AccVa: 0.8924999833106995, CeTr: 0.26129886507987976, CeVa: 0.42533499002456665
Epoch: 39, AccTr: 0.9168999791145325, AccVa: 0.8939999938011169, CeTr: 0.261594295501709, CeVa: 0.4008641242980957
Epoch: 40, AccTr: 0.9143999814987183, AccVa: 0.8899999856948853, CeTr: 0.27341920137405396, CeVa: 0.4157516658306122
ENSEMBLE | Tr_Acc: 0.9613000154495239, Tr_CE: 0.12177950143814087, Va_Acc: 0.9304999709129333, Va_CE: 0.23923785984516144
Epoch: 41, AccTr: 0.9154999852180481, AccVa: 0.8899999856948853, CeTr: 0.27175965905189514, CeVa: 0.4500930905342102
Epoch: 42, AccTr: 0.9158999919891357, AccVa: 0.8815000057220459, CeTr: 0.2690555155277252, CeVa: 0.44729849696159363
Epoch: 43, AccTr: 0.9165999889373779, AccVa: 0.8859999775886536, CeTr: 0.27257850766181946, CeVa: 0.44013649225234985
Epoch: 44, AccTr: 0.9124000072479248, AccVa: 0.8824999928474426, CeTr: 0.2751362919807434, CeVa: 0.44075408577919006
Epoch: 45, AccTr: 0.9164000153541565, AccVa: 0.8849999904632568, CeTr: 0.26114434003829956, CeVa: 0.4387781023979187
ENSEMBLE | Tr_Acc: 0.9614999890327454, Tr_CE: 0.11953391134738922, Va_Acc: 0.9330000281333923, Va_CE: 0.23825623095035553
Epoch: 46, AccTr: 0.9182000160217285, AccVa: 0.8855000138282776, CeTr: 0.2671915590763092, CeVa: 0.4144236445426941
Epoch: 47, AccTr: 0.9178000092506409, AccVa: 0.8820000290870667, CeTr: 0.2616487443447113, CeVa: 0.4146557152271271
Epoch: 48, AccTr: 0.9164999723434448, AccVa: 0.8930000066757202, CeTr: 0.27377745509147644, CeVa: 0.40358442068099976
Epoch: 49, AccTr: 0.9136000275611877, AccVa: 0.8840000033378601, CeTr: 0.2681138813495636, CeVa: 0.4433054029941559
Epoch: 50, AccTr: 0.9154999852180481, AccVa: 0.8759999871253967, CeTr: 0.2660973370075226, CeVa: 0.4481503963470459
ENSEMBLE | Tr_Acc: 0.9620000123977661, Tr_CE: 0.1173369362950325, Va_Acc: 0.9315000176429749, Va_CE: 0.23866680264472961
NN CONFIG
Weight-type:		ternary
Layout									Layer #1: 250	Layer #2: 220	
Activation Functions					Layer #1: ets	Layer #2: ets	
Keep probabilities		Layer #0: 1.0	Layer #1: 1.0	Layer #2: 1.0	
Flat factors							Layer #1: 1.0	Layer #2: 1.0	Layer #3: 1.0	
Activation Noise						Layer #1: 0.1	Layer #2: 0.1	Layer #3: 0.0	
Prior: 0.8

===================================

RUN CONFIG
Epochs: 50, Blocksize: 4

===================================

Input binarization: False
Epoch: 1, AccTr: 0.9018999934196472, AccVa: 0.8679999709129333, CeTr: 0.31935030221939087, CeVa: 0.451270192861557
Epoch: 2, AccTr: 0.9078999757766724, AccVa: 0.8744999766349792, CeTr: 0.29588639736175537, CeVa: 0.41417571902275085
Epoch: 3, AccTr: 0.9063000082969666, AccVa: 0.8709999918937683, CeTr: 0.28666117787361145, CeVa: 0.4137393534183502
Epoch: 4, AccTr: 0.9108999967575073, AccVa: 0.8799999952316284, CeTr: 0.2796289920806885, CeVa: 0.4047548174858093
Epoch: 5, AccTr: 0.9132999777793884, AccVa: 0.8840000033378601, CeTr: 0.2754930257797241, CeVa: 0.37820494174957275
ENSEMBLE | Tr_Acc: 0.9132999777793884, Tr_CE: 0.2754930257797241, Va_Acc: 0.8840000033378601, Va_CE: 0.37820494174957275
Epoch: 6, AccTr: 0.9057999849319458, AccVa: 0.8759999871253967, CeTr: 0.2810322642326355, CeVa: 0.427274227142334
Epoch: 7, AccTr: 0.9104999899864197, AccVa: 0.887499988079071, CeTr: 0.2856895625591278, CeVa: 0.40763574838638306
Epoch: 8, AccTr: 0.9081000089645386, AccVa: 0.8820000290870667, CeTr: 0.28149446845054626, CeVa: 0.411189466714859
Epoch: 9, AccTr: 0.9081000089645386, AccVa: 0.8820000290870667, CeTr: 0.28488296270370483, CeVa: 0.41786879301071167
Epoch: 10, AccTr: 0.9101999998092651, AccVa: 0.8830000162124634, CeTr: 0.2739604413509369, CeVa: 0.40555325150489807
ENSEMBLE | Tr_Acc: 0.9384999871253967, Tr_CE: 0.19029314815998077, Va_Acc: 0.9114999771118164, Va_CE: 0.2913985550403595
Epoch: 11, AccTr: 0.9083999991416931, AccVa: 0.8799999952316284, CeTr: 0.27701014280319214, CeVa: 0.40031692385673523
Epoch: 12, AccTr: 0.9129999876022339, AccVa: 0.8755000233650208, CeTr: 0.2715129852294922, CeVa: 0.42004790902137756
Epoch: 13, AccTr: 0.9097999930381775, AccVa: 0.8734999895095825, CeTr: 0.2677808403968811, CeVa: 0.43729838728904724
Epoch: 14, AccTr: 0.9161999821662903, AccVa: 0.8774999976158142, CeTr: 0.25701797008514404, CeVa: 0.4289293885231018
Epoch: 15, AccTr: 0.9139999747276306, AccVa: 0.8830000162124634, CeTr: 0.2640692889690399, CeVa: 0.40613776445388794
ENSEMBLE | Tr_Acc: 0.9491000175476074, Tr_CE: 0.16511425375938416, Va_Acc: 0.921999990940094, Va_CE: 0.26842236518859863
Epoch: 16, AccTr: 0.9107999801635742, AccVa: 0.887499988079071, CeTr: 0.267317533493042, CeVa: 0.3839118182659149
Epoch: 17, AccTr: 0.916700005531311, AccVa: 0.875, CeTr: 0.262237012386322, CeVa: 0.41195914149284363
Epoch: 18, AccTr: 0.9147999882698059, AccVa: 0.8899999856948853, CeTr: 0.2711319923400879, CeVa: 0.38375183939933777
Epoch: 19, AccTr: 0.9125999808311462, AccVa: 0.878000020980835, CeTr: 0.2696518898010254, CeVa: 0.4073534607887268
Epoch: 20, AccTr: 0.9126999974250793, AccVa: 0.8834999799728394, CeTr: 0.2664627730846405, CeVa: 0.4008431136608124
ENSEMBLE | Tr_Acc: 0.9523000121116638, Tr_CE: 0.15138015151023865, Va_Acc: 0.921500027179718, Va_CE: 0.25513800978660583
Epoch: 21, AccTr: 0.910099983215332, AccVa: 0.8799999952316284, CeTr: 0.273355633020401, CeVa: 0.387222558259964
Epoch: 22, AccTr: 0.916100025177002, AccVa: 0.887499988079071, CeTr: 0.2691807746887207, CeVa: 0.39170148968696594
Epoch: 23, AccTr: 0.9165999889373779, AccVa: 0.8834999799728394, CeTr: 0.2690695524215698, CeVa: 0.403063029050827
Epoch: 24, AccTr: 0.9115999937057495, AccVa: 0.8924999833106995, CeTr: 0.2706241309642792, CeVa: 0.4088283181190491
Epoch: 25, AccTr: 0.911300003528595, AccVa: 0.8884999752044678, CeTr: 0.2710912525653839, CeVa: 0.3999386131763458
ENSEMBLE | Tr_Acc: 0.9544000029563904, Tr_CE: 0.14354810118675232, Va_Acc: 0.925000011920929, Va_CE: 0.2464078962802887
Epoch: 26, AccTr: 0.9154000282287598, AccVa: 0.8930000066757202, CeTr: 0.2680908441543579, CeVa: 0.3835573196411133
Epoch: 27, AccTr: 0.9107999801635742, AccVa: 0.8809999823570251, CeTr: 0.2737369239330292, CeVa: 0.41933557391166687
Epoch: 28, AccTr: 0.9093999862670898, AccVa: 0.8824999928474426, CeTr: 0.2846071720123291, CeVa: 0.4049105644226074
Epoch: 29, AccTr: 0.9122999906539917, AccVa: 0.8914999961853027, CeTr: 0.2737046480178833, CeVa: 0.3781440854072571
Epoch: 30, AccTr: 0.9108999967575073, AccVa: 0.8884999752044678, CeTr: 0.26612600684165955, CeVa: 0.40576475858688354
ENSEMBLE | Tr_Acc: 0.955299973487854, Tr_CE: 0.13787221908569336, Va_Acc: 0.9294999837875366, Va_CE: 0.2401372641324997
Epoch: 31, AccTr: 0.9143000245094299, AccVa: 0.8805000185966492, CeTr: 0.26701077818870544, CeVa: 0.4099254012107849
Epoch: 32, AccTr: 0.9125999808311462, AccVa: 0.8884999752044678, CeTr: 0.2757122218608856, CeVa: 0.4060037136077881
Epoch: 33, AccTr: 0.914900004863739, AccVa: 0.8939999938011169, CeTr: 0.26828905940055847, CeVa: 0.3802930414676666
Epoch: 34, AccTr: 0.9111999869346619, AccVa: 0.8820000290870667, CeTr: 0.27723798155784607, CeVa: 0.4114595651626587
Epoch: 35, AccTr: 0.9103999733924866, AccVa: 0.8889999985694885, CeTr: 0.2713189721107483, CeVa: 0.3971463441848755
ENSEMBLE | Tr_Acc: 0.9563999772071838, Tr_CE: 0.1342010349035263, Va_Acc: 0.9304999709129333, Va_CE: 0.2358725517988205
Epoch: 36, AccTr: 0.9193000197410583, AccVa: 0.8859999775886536, CeTr: 0.258576363325119, CeVa: 0.4261896312236786
Epoch: 37, AccTr: 0.9143000245094299, AccVa: 0.8834999799728394, CeTr: 0.27497348189353943, CeVa: 0.4053846001625061
Epoch: 38, AccTr: 0.9168999791145325, AccVa: 0.8734999895095825, CeTr: 0.25609180331230164, CeVa: 0.4433278739452362
Epoch: 39, AccTr: 0.9158999919891357, AccVa: 0.8834999799728394, CeTr: 0.260287880897522, CeVa: 0.397954523563385
Epoch: 40, AccTr: 0.9115999937057495, AccVa: 0.8805000185966492, CeTr: 0.2684361934661865, CeVa: 0.417196661233902
ENSEMBLE | Tr_Acc: 0.9564999938011169, Tr_CE: 0.13156633079051971, Va_Acc: 0.9319999814033508, Va_CE: 0.23516443371772766
Epoch: 41, AccTr: 0.9138000011444092, AccVa: 0.8759999871253967, CeTr: 0.2747243046760559, CeVa: 0.4559343457221985
Epoch: 42, AccTr: 0.9067000150680542, AccVa: 0.8769999742507935, CeTr: 0.2812913954257965, CeVa: 0.41661712527275085
Epoch: 43, AccTr: 0.9128999710083008, AccVa: 0.8759999871253967, CeTr: 0.27074742317199707, CeVa: 0.42324206233024597
Epoch: 44, AccTr: 0.9143000245094299, AccVa: 0.8845000267028809, CeTr: 0.2757832407951355, CeVa: 0.3800455331802368
Epoch: 45, AccTr: 0.913100004196167, AccVa: 0.890500009059906, CeTr: 0.27026087045669556, CeVa: 0.40256714820861816
ENSEMBLE | Tr_Acc: 0.9573000073432922, Tr_CE: 0.12944011390209198, Va_Acc: 0.9330000281333923, Va_CE: 0.23265060782432556
Epoch: 46, AccTr: 0.9114999771118164, AccVa: 0.8920000195503235, CeTr: 0.2747325301170349, CeVa: 0.3959214687347412
Epoch: 47, AccTr: 0.9138000011444092, AccVa: 0.8765000104904175, CeTr: 0.26814624667167664, CeVa: 0.39405345916748047
Epoch: 48, AccTr: 0.9151999950408936, AccVa: 0.875, CeTr: 0.26517540216445923, CeVa: 0.4279283583164215
Epoch: 49, AccTr: 0.909500002861023, AccVa: 0.8870000243186951, CeTr: 0.28083065152168274, CeVa: 0.4337826073169708
Epoch: 50, AccTr: 0.9088000059127808, AccVa: 0.871999979019165, CeTr: 0.28087469935417175, CeVa: 0.4148392081260681
ENSEMBLE | Tr_Acc: 0.9581999778747559, Tr_CE: 0.12828384339809418, Va_Acc: 0.9355000257492065, Va_CE: 0.22993896901607513
Mod Accuracy || Mean: 0.8801249861717224	 Std: 0.006967572029680014
Ens Accuracy || Mean: 0.9336249828338623	 Std: 0.0015155402943491936
Mod CE || Mean: 0.41934895515441895	 Std: 0.016968142241239548
Ens CE || Mean: 0.23058092594146729	 Std: 0.004870727192610502
