NN CONFIG
Weight-type:		ternary
Layout									Layer #1: 250	Layer #2: 220	
Activation Functions					Layer #1: ets	Layer #2: ets	
Keep probabilities		Layer #0: 1.0	Layer #1: 1.0	Layer #2: 1.0	
Flat factors							Layer #1: 1.0	Layer #2: 1.0	Layer #3: 1.0	
Activation Noise						Layer #1: 0.0	Layer #2: 0.0	Layer #3: 0.0	
Prior: 0.8

===================================

RUN CONFIG
Epochs: 200, Blocksize: 4

===================================

Input binarization: False
Pretrained network accuracy: 0.9699000120162964
Epoch: 0, AccTr: 0.46459999680519104, AccVa: 0.46050000190734863, CeTr: 3.3478753566741943, CeVa: 3.4018521308898926
Epoch: 1, AccTr: 0.942799985408783, AccVa: 0.8880000114440918, CeTr: 0.17715296149253845, CeVa: 0.4358568787574768
Epoch: 2, AccTr: 0.9553999900817871, AccVa: 0.890999972820282, CeTr: 0.12905775010585785, CeVa: 0.38710588216781616
Epoch: 3, AccTr: 0.9593999981880188, AccVa: 0.9049999713897705, CeTr: 0.11941894888877869, CeVa: 0.3335413932800293
Epoch: 4, AccTr: 0.9624000191688538, AccVa: 0.8970000147819519, CeTr: 0.11362998187541962, CeVa: 0.39512649178504944
Epoch: 5, AccTr: 0.9613000154495239, AccVa: 0.8924999833106995, CeTr: 0.11658846586942673, CeVa: 0.41303467750549316
Epoch: 6, AccTr: 0.9607999920845032, AccVa: 0.8884999752044678, CeTr: 0.11336410045623779, CeVa: 0.39932647347450256
Epoch: 7, AccTr: 0.9611999988555908, AccVa: 0.8769999742507935, CeTr: 0.11444279551506042, CeVa: 0.48612260818481445
Epoch: 8, AccTr: 0.9632999897003174, AccVa: 0.8830000162124634, CeTr: 0.11509180814027786, CeVa: 0.4412577748298645
Epoch: 9, AccTr: 0.9606000185012817, AccVa: 0.8840000033378601, CeTr: 0.11168205738067627, CeVa: 0.3944072127342224
Epoch: 10, AccTr: 0.9573000073432922, AccVa: 0.871999979019165, CeTr: 0.11866672337055206, CeVa: 0.424307256937027
ENSEMBLE | Tr_Acc: 0.9573000073432922, Tr_CE: 0.11866672337055206, Va_Acc: 0.871999979019165, Va_CE: 0.424307256937027
Epoch: 11, AccTr: 0.9627000093460083, AccVa: 0.8815000057220459, CeTr: 0.11040043830871582, CeVa: 0.4313020408153534
Epoch: 12, AccTr: 0.9614999890327454, AccVa: 0.8709999918937683, CeTr: 0.11386831104755402, CeVa: 0.43621307611465454
Epoch: 13, AccTr: 0.9643999934196472, AccVa: 0.8824999928474426, CeTr: 0.11310798674821854, CeVa: 0.42187243700027466
Epoch: 14, AccTr: 0.9588000178337097, AccVa: 0.8815000057220459, CeTr: 0.11436724662780762, CeVa: 0.44746002554893494
Epoch: 15, AccTr: 0.9605000019073486, AccVa: 0.8759999871253967, CeTr: 0.11080031841993332, CeVa: 0.4388447701931
ENSEMBLE | Tr_Acc: 0.9818999767303467, Tr_CE: 0.06264105439186096, Va_Acc: 0.9104999899864197, Va_CE: 0.3072940707206726
Epoch: 16, AccTr: 0.9616000056266785, AccVa: 0.8899999856948853, CeTr: 0.11518488824367523, CeVa: 0.41461658477783203
Epoch: 17, AccTr: 0.9607999920845032, AccVa: 0.8799999952316284, CeTr: 0.11197100579738617, CeVa: 0.46057263016700745
Epoch: 18, AccTr: 0.9595000147819519, AccVa: 0.8759999871253967, CeTr: 0.11328652501106262, CeVa: 0.5057785511016846
Epoch: 19, AccTr: 0.9607999920845032, AccVa: 0.8809999823570251, CeTr: 0.10875899344682693, CeVa: 0.4598596394062042
Epoch: 20, AccTr: 0.9581999778747559, AccVa: 0.8725000023841858, CeTr: 0.11381798982620239, CeVa: 0.4493744969367981
ENSEMBLE | Tr_Acc: 0.9864000082015991, Tr_CE: 0.04792671278119087, Va_Acc: 0.921500027179718, Va_CE: 0.26905420422554016
Epoch: 21, AccTr: 0.9606000185012817, AccVa: 0.8790000081062317, CeTr: 0.11173571646213531, CeVa: 0.47071903944015503
Epoch: 22, AccTr: 0.9598000049591064, AccVa: 0.8700000047683716, CeTr: 0.1113336905837059, CeVa: 0.49108850955963135
Epoch: 23, AccTr: 0.9617999792098999, AccVa: 0.8859999775886536, CeTr: 0.11029388755559921, CeVa: 0.4419233798980713
Epoch: 24, AccTr: 0.9599999785423279, AccVa: 0.8985000252723694, CeTr: 0.11382397264242172, CeVa: 0.4275221824645996
Epoch: 25, AccTr: 0.9606000185012817, AccVa: 0.8880000114440918, CeTr: 0.11440104991197586, CeVa: 0.4307219982147217
ENSEMBLE | Tr_Acc: 0.9886000156402588, Tr_CE: 0.041612982749938965, Va_Acc: 0.9279999732971191, Va_CE: 0.24180898070335388
Epoch: 26, AccTr: 0.9592999815940857, AccVa: 0.875, CeTr: 0.11575889587402344, CeVa: 0.4890674352645874
Epoch: 27, AccTr: 0.9624999761581421, AccVa: 0.8884999752044678, CeTr: 0.11136850714683533, CeVa: 0.465518981218338
Epoch: 28, AccTr: 0.958899974822998, AccVa: 0.878000020980835, CeTr: 0.11325473338365555, CeVa: 0.44987449049949646
Epoch: 29, AccTr: 0.9589999914169312, AccVa: 0.8790000081062317, CeTr: 0.11502296477556229, CeVa: 0.4310760498046875
Epoch: 30, AccTr: 0.9580000042915344, AccVa: 0.8820000290870667, CeTr: 0.11642434448003769, CeVa: 0.4595024287700653
ENSEMBLE | Tr_Acc: 0.989799976348877, Tr_CE: 0.03826557472348213, Va_Acc: 0.9319999814033508, Va_CE: 0.2356160581111908
Epoch: 31, AccTr: 0.9573000073432922, AccVa: 0.8784999847412109, CeTr: 0.1173650249838829, CeVa: 0.44915771484375
Epoch: 32, AccTr: 0.9575999975204468, AccVa: 0.8865000009536743, CeTr: 0.11802265793085098, CeVa: 0.4331873953342438
Epoch: 33, AccTr: 0.9585000276565552, AccVa: 0.8845000267028809, CeTr: 0.11535318940877914, CeVa: 0.45197805762290955
Epoch: 34, AccTr: 0.9625999927520752, AccVa: 0.8715000152587891, CeTr: 0.1056680902838707, CeVa: 0.4652545750141144
Epoch: 35, AccTr: 0.9624000191688538, AccVa: 0.8830000162124634, CeTr: 0.10932302474975586, CeVa: 0.43374598026275635
ENSEMBLE | Tr_Acc: 0.9915000200271606, Tr_CE: 0.03543073311448097, Va_Acc: 0.9330000281333923, Va_CE: 0.22903040051460266
Epoch: 36, AccTr: 0.9632999897003174, AccVa: 0.8834999799728394, CeTr: 0.10665807873010635, CeVa: 0.42590418457984924
Epoch: 37, AccTr: 0.9605000019073486, AccVa: 0.8824999928474426, CeTr: 0.11232183873653412, CeVa: 0.44489818811416626
Epoch: 38, AccTr: 0.9634000062942505, AccVa: 0.887499988079071, CeTr: 0.11127856373786926, CeVa: 0.45149505138397217
Epoch: 39, AccTr: 0.9628000259399414, AccVa: 0.8730000257492065, CeTr: 0.10543821007013321, CeVa: 0.4605039358139038
Epoch: 40, AccTr: 0.9602000117301941, AccVa: 0.8865000009536743, CeTr: 0.11135537177324295, CeVa: 0.4519307017326355
ENSEMBLE | Tr_Acc: 0.9922000169754028, Tr_CE: 0.033590760082006454, Va_Acc: 0.9375, Va_CE: 0.2256082147359848
Epoch: 41, AccTr: 0.9571999907493591, AccVa: 0.8824999928474426, CeTr: 0.114223912358284, CeVa: 0.4404715299606323
Epoch: 42, AccTr: 0.9592999815940857, AccVa: 0.8830000162124634, CeTr: 0.11212131381034851, CeVa: 0.43852534890174866
Epoch: 43, AccTr: 0.9611999988555908, AccVa: 0.8824999928474426, CeTr: 0.11204266548156738, CeVa: 0.4615468680858612
Epoch: 44, AccTr: 0.9645000100135803, AccVa: 0.8840000033378601, CeTr: 0.10778135061264038, CeVa: 0.4450145661830902
Epoch: 45, AccTr: 0.963100016117096, AccVa: 0.8895000219345093, CeTr: 0.10510025918483734, CeVa: 0.4389670193195343
ENSEMBLE | Tr_Acc: 0.992900013923645, Tr_CE: 0.03180697187781334, Va_Acc: 0.9415000081062317, Va_CE: 0.22248707711696625
Epoch: 46, AccTr: 0.9606000185012817, AccVa: 0.8859999775886536, CeTr: 0.10962256789207458, CeVa: 0.47266072034835815
Epoch: 47, AccTr: 0.9638000130653381, AccVa: 0.8820000290870667, CeTr: 0.10531413555145264, CeVa: 0.45831769704818726
Epoch: 48, AccTr: 0.9603000283241272, AccVa: 0.8880000114440918, CeTr: 0.10846823453903198, CeVa: 0.4341680109500885
Epoch: 49, AccTr: 0.9598000049591064, AccVa: 0.8845000267028809, CeTr: 0.11030173301696777, CeVa: 0.4585517942905426
Epoch: 50, AccTr: 0.9605000019073486, AccVa: 0.8939999938011169, CeTr: 0.11063815653324127, CeVa: 0.3925682604312897
ENSEMBLE | Tr_Acc: 0.9936000108718872, Tr_CE: 0.03073386289179325, Va_Acc: 0.9415000081062317, Va_CE: 0.21758006513118744
Epoch: 51, AccTr: 0.9613999724388123, AccVa: 0.8939999938011169, CeTr: 0.10989902168512344, CeVa: 0.4220460057258606
Epoch: 52, AccTr: 0.9613000154495239, AccVa: 0.890999972820282, CeTr: 0.11181174218654633, CeVa: 0.4111519753932953
Epoch: 53, AccTr: 0.9624999761581421, AccVa: 0.8889999985694885, CeTr: 0.1113353744149208, CeVa: 0.45303598046302795
Epoch: 54, AccTr: 0.9609000086784363, AccVa: 0.8774999976158142, CeTr: 0.11124899983406067, CeVa: 0.49211156368255615
Epoch: 55, AccTr: 0.9624999761581421, AccVa: 0.8830000162124634, CeTr: 0.10632771253585815, CeVa: 0.47740525007247925
ENSEMBLE | Tr_Acc: 0.9939000010490417, Tr_CE: 0.029706649482250214, Va_Acc: 0.9440000057220459, Va_CE: 0.21652817726135254
Epoch: 56, AccTr: 0.9632999897003174, AccVa: 0.8880000114440918, CeTr: 0.10629072040319443, CeVa: 0.4401909112930298
Epoch: 57, AccTr: 0.9602000117301941, AccVa: 0.890500009059906, CeTr: 0.11418753862380981, CeVa: 0.4317411184310913
Epoch: 58, AccTr: 0.9587000012397766, AccVa: 0.8889999985694885, CeTr: 0.10850945115089417, CeVa: 0.4634649455547333
Epoch: 59, AccTr: 0.9593999981880188, AccVa: 0.8820000290870667, CeTr: 0.11428391188383102, CeVa: 0.44089964032173157
Epoch: 60, AccTr: 0.9610000252723694, AccVa: 0.8794999718666077, CeTr: 0.11057934910058975, CeVa: 0.45624518394470215
ENSEMBLE | Tr_Acc: 0.9944000244140625, Tr_CE: 0.029413042590022087, Va_Acc: 0.9430000185966492, Va_CE: 0.21495631337165833
Epoch: 61, AccTr: 0.9592000246047974, AccVa: 0.8889999985694885, CeTr: 0.11226983368396759, CeVa: 0.4245587885379791
Epoch: 62, AccTr: 0.9609000086784363, AccVa: 0.8914999961853027, CeTr: 0.10982447862625122, CeVa: 0.42318400740623474
Epoch: 63, AccTr: 0.9614999890327454, AccVa: 0.887499988079071, CeTr: 0.11093781888484955, CeVa: 0.4455685019493103
Epoch: 64, AccTr: 0.9641000032424927, AccVa: 0.8899999856948853, CeTr: 0.10810904204845428, CeVa: 0.44852912425994873
Epoch: 65, AccTr: 0.9657999873161316, AccVa: 0.8830000162124634, CeTr: 0.10523615777492523, CeVa: 0.442997545003891
ENSEMBLE | Tr_Acc: 0.9940999746322632, Tr_CE: 0.028766870498657227, Va_Acc: 0.9430000185966492, Va_CE: 0.21271704137325287
Epoch: 66, AccTr: 0.9620000123977661, AccVa: 0.8859999775886536, CeTr: 0.10626412183046341, CeVa: 0.427229106426239
Epoch: 67, AccTr: 0.9607999920845032, AccVa: 0.890500009059906, CeTr: 0.10936877131462097, CeVa: 0.42193517088890076
Epoch: 68, AccTr: 0.9631999731063843, AccVa: 0.8914999961853027, CeTr: 0.10959640145301819, CeVa: 0.40628036856651306
Epoch: 69, AccTr: 0.9610999822616577, AccVa: 0.890500009059906, CeTr: 0.10443852841854095, CeVa: 0.412909597158432
Epoch: 70, AccTr: 0.9611999988555908, AccVa: 0.8840000033378601, CeTr: 0.10679329931735992, CeVa: 0.4366055428981781
ENSEMBLE | Tr_Acc: 0.9940000176429749, Tr_CE: 0.02815534733235836, Va_Acc: 0.9440000057220459, Va_CE: 0.21063761413097382
Epoch: 71, AccTr: 0.9634000062942505, AccVa: 0.8939999938011169, CeTr: 0.10561352223157883, CeVa: 0.45141828060150146
Epoch: 72, AccTr: 0.9593999981880188, AccVa: 0.8924999833106995, CeTr: 0.11529340595006943, CeVa: 0.4512864947319031
Epoch: 73, AccTr: 0.9592000246047974, AccVa: 0.875, CeTr: 0.11255326867103577, CeVa: 0.5041689276695251
Epoch: 74, AccTr: 0.9606999754905701, AccVa: 0.8855000138282776, CeTr: 0.10784177482128143, CeVa: 0.46782612800598145
Epoch: 75, AccTr: 0.9634000062942505, AccVa: 0.8845000267028809, CeTr: 0.10674765706062317, CeVa: 0.4375162422657013
ENSEMBLE | Tr_Acc: 0.9937999844551086, Tr_CE: 0.02757631242275238, Va_Acc: 0.9465000033378601, Va_CE: 0.20878615975379944
Epoch: 76, AccTr: 0.9610000252723694, AccVa: 0.887499988079071, CeTr: 0.1084078699350357, CeVa: 0.4432221055030823
Epoch: 77, AccTr: 0.9614999890327454, AccVa: 0.875, CeTr: 0.10926219820976257, CeVa: 0.47537288069725037
Epoch: 78, AccTr: 0.9614999890327454, AccVa: 0.8934999704360962, CeTr: 0.10632214695215225, CeVa: 0.42385879158973694
Epoch: 79, AccTr: 0.9603000283241272, AccVa: 0.8930000066757202, CeTr: 0.10961547493934631, CeVa: 0.4123603403568268
Epoch: 80, AccTr: 0.963100016117096, AccVa: 0.8889999985694885, CeTr: 0.10551506280899048, CeVa: 0.4621589481830597
ENSEMBLE | Tr_Acc: 0.9941999912261963, Tr_CE: 0.027069516479969025, Va_Acc: 0.9474999904632568, Va_CE: 0.2100943624973297
Epoch: 81, AccTr: 0.9609000086784363, AccVa: 0.8830000162124634, CeTr: 0.11079200357198715, CeVa: 0.42657890915870667
Epoch: 82, AccTr: 0.9642000198364258, AccVa: 0.8855000138282776, CeTr: 0.1052498146891594, CeVa: 0.4623379707336426
Epoch: 83, AccTr: 0.961899995803833, AccVa: 0.8849999904632568, CeTr: 0.10628872364759445, CeVa: 0.47838079929351807
Epoch: 84, AccTr: 0.963100016117096, AccVa: 0.8859999775886536, CeTr: 0.10653330385684967, CeVa: 0.4409918487071991
Epoch: 85, AccTr: 0.9656000137329102, AccVa: 0.8859999775886536, CeTr: 0.10341944545507431, CeVa: 0.46598461270332336
ENSEMBLE | Tr_Acc: 0.9947999715805054, Tr_CE: 0.02665046975016594, Va_Acc: 0.9480000138282776, Va_CE: 0.2102825939655304
Epoch: 86, AccTr: 0.9646000266075134, AccVa: 0.8865000009536743, CeTr: 0.10042162984609604, CeVa: 0.4431760609149933
Epoch: 87, AccTr: 0.9642999768257141, AccVa: 0.8945000171661377, CeTr: 0.09758655726909637, CeVa: 0.4448162317276001
Epoch: 88, AccTr: 0.9610999822616577, AccVa: 0.8914999961853027, CeTr: 0.10449901223182678, CeVa: 0.4617461562156677
Epoch: 89, AccTr: 0.9635000228881836, AccVa: 0.8895000219345093, CeTr: 0.10646103322505951, CeVa: 0.4618421792984009
Epoch: 90, AccTr: 0.9624000191688538, AccVa: 0.8870000243186951, CeTr: 0.10675280541181564, CeVa: 0.4362723231315613
ENSEMBLE | Tr_Acc: 0.9945999979972839, Tr_CE: 0.026064716279506683, Va_Acc: 0.9470000267028809, Va_CE: 0.2087223082780838
Epoch: 91, AccTr: 0.9617000222206116, AccVa: 0.8849999904632568, CeTr: 0.10978300869464874, CeVa: 0.436377614736557
Epoch: 92, AccTr: 0.9649999737739563, AccVa: 0.8859999775886536, CeTr: 0.10076854377985, CeVa: 0.4331192076206207
Epoch: 93, AccTr: 0.9603000283241272, AccVa: 0.8815000057220459, CeTr: 0.11045202612876892, CeVa: 0.45747482776641846
Epoch: 94, AccTr: 0.9634000062942505, AccVa: 0.8805000185966492, CeTr: 0.10403069853782654, CeVa: 0.445387601852417
Epoch: 95, AccTr: 0.9614999890327454, AccVa: 0.8765000104904175, CeTr: 0.1073322743177414, CeVa: 0.45894020795822144
ENSEMBLE | Tr_Acc: 0.995199978351593, Tr_CE: 0.025627924129366875, Va_Acc: 0.9470000267028809, Va_CE: 0.2082347422838211
Epoch: 96, AccTr: 0.9610000252723694, AccVa: 0.8880000114440918, CeTr: 0.10432663559913635, CeVa: 0.4382299780845642
Epoch: 97, AccTr: 0.9627000093460083, AccVa: 0.878000020980835, CeTr: 0.10557065159082413, CeVa: 0.4621524512767792
Epoch: 98, AccTr: 0.9616000056266785, AccVa: 0.8834999799728394, CeTr: 0.10553563386201859, CeVa: 0.4466710686683655
Epoch: 99, AccTr: 0.961899995803833, AccVa: 0.8949999809265137, CeTr: 0.10391900688409805, CeVa: 0.4524727165699005
Epoch: 100, AccTr: 0.9616000056266785, AccVa: 0.8834999799728394, CeTr: 0.10661984980106354, CeVa: 0.5077053308486938
ENSEMBLE | Tr_Acc: 0.9950000047683716, Tr_CE: 0.025317614898085594, Va_Acc: 0.9459999799728394, Va_CE: 0.20803330838680267
Epoch: 101, AccTr: 0.9645000100135803, AccVa: 0.8870000243186951, CeTr: 0.09772611409425735, CeVa: 0.4743378758430481
Epoch: 102, AccTr: 0.963100016117096, AccVa: 0.8794999718666077, CeTr: 0.10440798103809357, CeVa: 0.49145591259002686
Epoch: 103, AccTr: 0.9621999859809875, AccVa: 0.8815000057220459, CeTr: 0.11236610263586044, CeVa: 0.48169130086898804
Epoch: 104, AccTr: 0.9656999707221985, AccVa: 0.8899999856948853, CeTr: 0.09895192831754684, CeVa: 0.4808419942855835
Epoch: 105, AccTr: 0.9623000025749207, AccVa: 0.8840000033378601, CeTr: 0.10232996940612793, CeVa: 0.4626392424106598
ENSEMBLE | Tr_Acc: 0.9947999715805054, Tr_CE: 0.025047579780220985, Va_Acc: 0.9459999799728394, Va_CE: 0.2079111784696579
Epoch: 106, AccTr: 0.9653000235557556, AccVa: 0.8705000281333923, CeTr: 0.09653538465499878, CeVa: 0.5048962235450745
Epoch: 107, AccTr: 0.9657999873161316, AccVa: 0.8790000081062317, CeTr: 0.09916506707668304, CeVa: 0.4941992461681366
Epoch: 108, AccTr: 0.9624999761581421, AccVa: 0.8805000185966492, CeTr: 0.10353967547416687, CeVa: 0.4724314212799072
Epoch: 109, AccTr: 0.9639999866485596, AccVa: 0.8740000128746033, CeTr: 0.10289611667394638, CeVa: 0.4751356840133667
Epoch: 110, AccTr: 0.963699996471405, AccVa: 0.8840000033378601, CeTr: 0.10379443317651749, CeVa: 0.43375757336616516
ENSEMBLE | Tr_Acc: 0.9948999881744385, Tr_CE: 0.02473178692162037, Va_Acc: 0.9459999799728394, Va_CE: 0.20673112571239471
Epoch: 111, AccTr: 0.9639999866485596, AccVa: 0.8920000195503235, CeTr: 0.10379108786582947, CeVa: 0.46544817090034485
Epoch: 112, AccTr: 0.9635000228881836, AccVa: 0.8834999799728394, CeTr: 0.1002800464630127, CeVa: 0.447826087474823
Epoch: 113, AccTr: 0.9620000123977661, AccVa: 0.8834999799728394, CeTr: 0.10090354084968567, CeVa: 0.47575876116752625
Epoch: 114, AccTr: 0.9629999995231628, AccVa: 0.8889999985694885, CeTr: 0.1017555296421051, CeVa: 0.4228146970272064
Epoch: 115, AccTr: 0.9621000289916992, AccVa: 0.8734999895095825, CeTr: 0.105845607817173, CeVa: 0.5087386965751648
ENSEMBLE | Tr_Acc: 0.9955000281333923, Tr_CE: 0.02442821115255356, Va_Acc: 0.9445000290870667, Va_CE: 0.2079862505197525
Epoch: 116, AccTr: 0.9646999835968018, AccVa: 0.8949999809265137, CeTr: 0.10169550031423569, CeVa: 0.4089147746562958
Epoch: 117, AccTr: 0.9628000259399414, AccVa: 0.8899999856948853, CeTr: 0.10319365561008453, CeVa: 0.41644567251205444
Epoch: 118, AccTr: 0.9624999761581421, AccVa: 0.8845000267028809, CeTr: 0.09946227073669434, CeVa: 0.4434583783149719
Epoch: 119, AccTr: 0.9653000235557556, AccVa: 0.8960000276565552, CeTr: 0.09851673990488052, CeVa: 0.4055960774421692
Epoch: 120, AccTr: 0.9635000228881836, AccVa: 0.8849999904632568, CeTr: 0.10356809198856354, CeVa: 0.4625527560710907
ENSEMBLE | Tr_Acc: 0.9955000281333923, Tr_CE: 0.024163702502846718, Va_Acc: 0.9459999799728394, Va_CE: 0.2081320434808731
Epoch: 121, AccTr: 0.963100016117096, AccVa: 0.8865000009536743, CeTr: 0.10239345580339432, CeVa: 0.4794906675815582
Epoch: 122, AccTr: 0.9631999731063843, AccVa: 0.8809999823570251, CeTr: 0.10205727815628052, CeVa: 0.47598353028297424
Epoch: 123, AccTr: 0.9660000205039978, AccVa: 0.8895000219345093, CeTr: 0.09586364030838013, CeVa: 0.45809105038642883
Epoch: 124, AccTr: 0.9625999927520752, AccVa: 0.8845000267028809, CeTr: 0.1023963913321495, CeVa: 0.48162174224853516
Epoch: 125, AccTr: 0.9606000185012817, AccVa: 0.887499988079071, CeTr: 0.10691701620817184, CeVa: 0.492805540561676
ENSEMBLE | Tr_Acc: 0.9952999949455261, Tr_CE: 0.023953678086400032, Va_Acc: 0.9459999799728394, Va_CE: 0.20879198610782623
Epoch: 126, AccTr: 0.9595000147819519, AccVa: 0.8805000185966492, CeTr: 0.1093091070652008, CeVa: 0.4636658728122711
Epoch: 127, AccTr: 0.9610000252723694, AccVa: 0.8830000162124634, CeTr: 0.11066064238548279, CeVa: 0.48783862590789795
Epoch: 128, AccTr: 0.9646999835968018, AccVa: 0.8845000267028809, CeTr: 0.09911651909351349, CeVa: 0.4926748275756836
Epoch: 129, AccTr: 0.9624000191688538, AccVa: 0.8849999904632568, CeTr: 0.10171095281839371, CeVa: 0.4795680642127991
Epoch: 130, AccTr: 0.9650999903678894, AccVa: 0.8799999952316284, CeTr: 0.10035041719675064, CeVa: 0.502048671245575
ENSEMBLE | Tr_Acc: 0.9955999851226807, Tr_CE: 0.023685459047555923, Va_Acc: 0.9459999799728394, Va_CE: 0.20961295068264008
Epoch: 131, AccTr: 0.963100016117096, AccVa: 0.8794999718666077, CeTr: 0.10007020086050034, CeVa: 0.4804495871067047
Epoch: 132, AccTr: 0.9613999724388123, AccVa: 0.8809999823570251, CeTr: 0.10293493419885635, CeVa: 0.4618726670742035
Epoch: 133, AccTr: 0.9643999934196472, AccVa: 0.8830000162124634, CeTr: 0.10030415654182434, CeVa: 0.4737347364425659
Epoch: 134, AccTr: 0.963699996471405, AccVa: 0.8759999871253967, CeTr: 0.10457324236631393, CeVa: 0.5042556524276733
Epoch: 135, AccTr: 0.9611999988555908, AccVa: 0.8809999823570251, CeTr: 0.10785175859928131, CeVa: 0.4685760736465454
ENSEMBLE | Tr_Acc: 0.9958999752998352, Tr_CE: 0.02358241192996502, Va_Acc: 0.9449999928474426, Va_CE: 0.20953677594661713
Epoch: 136, AccTr: 0.9624000191688538, AccVa: 0.8794999718666077, CeTr: 0.09910104423761368, CeVa: 0.4481262266635895
Epoch: 137, AccTr: 0.9617999792098999, AccVa: 0.8834999799728394, CeTr: 0.10261726379394531, CeVa: 0.4434787631034851
Epoch: 138, AccTr: 0.9617999792098999, AccVa: 0.8830000162124634, CeTr: 0.10501827299594879, CeVa: 0.4932164251804352
Epoch: 139, AccTr: 0.9648000001907349, AccVa: 0.8849999904632568, CeTr: 0.09894345700740814, CeVa: 0.48554131388664246
Epoch: 140, AccTr: 0.9623000025749207, AccVa: 0.8889999985694885, CeTr: 0.10467871278524399, CeVa: 0.475871741771698
ENSEMBLE | Tr_Acc: 0.9962000250816345, Tr_CE: 0.02337510697543621, Va_Acc: 0.9459999799728394, Va_CE: 0.20972181856632233
Epoch: 141, AccTr: 0.9653000235557556, AccVa: 0.8799999952316284, CeTr: 0.10270732641220093, CeVa: 0.4967629313468933
Epoch: 142, AccTr: 0.9648000001907349, AccVa: 0.8930000066757202, CeTr: 0.09572117030620575, CeVa: 0.4757840633392334
Epoch: 143, AccTr: 0.9643999934196472, AccVa: 0.890500009059906, CeTr: 0.09935469925403595, CeVa: 0.4568115770816803
Epoch: 144, AccTr: 0.9620000123977661, AccVa: 0.8815000057220459, CeTr: 0.10276159644126892, CeVa: 0.4785831868648529
Epoch: 145, AccTr: 0.9628000259399414, AccVa: 0.8809999823570251, CeTr: 0.10664696991443634, CeVa: 0.47626104950904846
ENSEMBLE | Tr_Acc: 0.9962000250816345, Tr_CE: 0.02316451258957386, Va_Acc: 0.9459999799728394, Va_CE: 0.209334135055542
Epoch: 146, AccTr: 0.9634000062942505, AccVa: 0.8799999952316284, CeTr: 0.10009870678186417, CeVa: 0.44643154740333557
Epoch: 147, AccTr: 0.9629999995231628, AccVa: 0.8920000195503235, CeTr: 0.10210105031728745, CeVa: 0.4567373991012573
Epoch: 148, AccTr: 0.9602000117301941, AccVa: 0.8799999952316284, CeTr: 0.10653604567050934, CeVa: 0.4765903651714325
Epoch: 149, AccTr: 0.9624999761581421, AccVa: 0.878000020980835, CeTr: 0.10705885291099548, CeVa: 0.49417877197265625
Epoch: 150, AccTr: 0.960099995136261, AccVa: 0.8809999823570251, CeTr: 0.10951288789510727, CeVa: 0.45859840512275696
ENSEMBLE | Tr_Acc: 0.9962999820709229, Tr_CE: 0.02313210815191269, Va_Acc: 0.9455000162124634, Va_CE: 0.20956197381019592
Epoch: 151, AccTr: 0.9652000069618225, AccVa: 0.8880000114440918, CeTr: 0.09749819338321686, CeVa: 0.4723324179649353
Epoch: 152, AccTr: 0.9628999829292297, AccVa: 0.8880000114440918, CeTr: 0.10143429785966873, CeVa: 0.45871612429618835
Epoch: 153, AccTr: 0.9613999724388123, AccVa: 0.875, CeTr: 0.10628298670053482, CeVa: 0.4949210286140442
Epoch: 154, AccTr: 0.9635999798774719, AccVa: 0.8809999823570251, CeTr: 0.10219184309244156, CeVa: 0.5061718225479126
Epoch: 155, AccTr: 0.9631999731063843, AccVa: 0.8834999799728394, CeTr: 0.1016070768237114, CeVa: 0.48785921931266785
ENSEMBLE | Tr_Acc: 0.9962000250816345, Tr_CE: 0.023084811866283417, Va_Acc: 0.9455000162124634, Va_CE: 0.2099112868309021
Epoch: 156, AccTr: 0.9670000076293945, AccVa: 0.8859999775886536, CeTr: 0.0967666357755661, CeVa: 0.4411666989326477
Epoch: 157, AccTr: 0.9591000080108643, AccVa: 0.8774999976158142, CeTr: 0.11198488622903824, CeVa: 0.4757124185562134
Epoch: 158, AccTr: 0.961899995803833, AccVa: 0.8830000162124634, CeTr: 0.1016436517238617, CeVa: 0.4829745590686798
Epoch: 159, AccTr: 0.9635000228881836, AccVa: 0.8799999952316284, CeTr: 0.10504738986492157, CeVa: 0.48336318135261536
Epoch: 160, AccTr: 0.9648000001907349, AccVa: 0.8815000057220459, CeTr: 0.09941459447145462, CeVa: 0.5324109792709351
ENSEMBLE | Tr_Acc: 0.9962000250816345, Tr_CE: 0.022942516952753067, Va_Acc: 0.9459999799728394, Va_CE: 0.2119857519865036
Epoch: 161, AccTr: 0.9649999737739563, AccVa: 0.8899999856948853, CeTr: 0.10382143408060074, CeVa: 0.45290759205818176
Epoch: 162, AccTr: 0.9624999761581421, AccVa: 0.8884999752044678, CeTr: 0.10132651031017303, CeVa: 0.47229060530662537
Epoch: 163, AccTr: 0.9646999835968018, AccVa: 0.8805000185966492, CeTr: 0.09989431500434875, CeVa: 0.5149657130241394
Epoch: 164, AccTr: 0.964900016784668, AccVa: 0.8790000081062317, CeTr: 0.09996169805526733, CeVa: 0.5021506547927856
Epoch: 165, AccTr: 0.9607999920845032, AccVa: 0.8759999871253967, CeTr: 0.10656071454286575, CeVa: 0.5259978771209717
ENSEMBLE | Tr_Acc: 0.996399998664856, Tr_CE: 0.022827554494142532, Va_Acc: 0.9470000267028809, Va_CE: 0.21245776116847992
Epoch: 166, AccTr: 0.964900016784668, AccVa: 0.8740000128746033, CeTr: 0.10016582161188126, CeVa: 0.5071505308151245
Epoch: 167, AccTr: 0.9646999835968018, AccVa: 0.8765000104904175, CeTr: 0.09907243400812149, CeVa: 0.5270171761512756
Epoch: 168, AccTr: 0.9606999754905701, AccVa: 0.8765000104904175, CeTr: 0.10589360445737839, CeVa: 0.49470266699790955
Epoch: 169, AccTr: 0.9625999927520752, AccVa: 0.8820000290870667, CeTr: 0.10395359992980957, CeVa: 0.4913739562034607
Epoch: 170, AccTr: 0.9648000001907349, AccVa: 0.8725000023841858, CeTr: 0.09860724210739136, CeVa: 0.4535352885723114
ENSEMBLE | Tr_Acc: 0.9962000250816345, Tr_CE: 0.022603124380111694, Va_Acc: 0.9474999904632568, Va_CE: 0.21105340123176575
Epoch: 171, AccTr: 0.9611999988555908, AccVa: 0.8815000057220459, CeTr: 0.10512533038854599, CeVa: 0.5121644139289856
Epoch: 172, AccTr: 0.9610000252723694, AccVa: 0.8849999904632568, CeTr: 0.1038535013794899, CeVa: 0.5015715956687927
Epoch: 173, AccTr: 0.9648000001907349, AccVa: 0.8790000081062317, CeTr: 0.09869895130395889, CeVa: 0.4736301600933075
Epoch: 174, AccTr: 0.9623000025749207, AccVa: 0.8709999918937683, CeTr: 0.10501180589199066, CeVa: 0.5174390077590942
Epoch: 175, AccTr: 0.9646000266075134, AccVa: 0.8830000162124634, CeTr: 0.10203366726636887, CeVa: 0.48064467310905457
ENSEMBLE | Tr_Acc: 0.9962999820709229, Tr_CE: 0.022493988275527954, Va_Acc: 0.9474999904632568, Va_CE: 0.21092522144317627
Epoch: 176, AccTr: 0.9603000283241272, AccVa: 0.8815000057220459, CeTr: 0.1062757819890976, CeVa: 0.4679207503795624
Epoch: 177, AccTr: 0.9650999903678894, AccVa: 0.8824999928474426, CeTr: 0.09830499440431595, CeVa: 0.49405723810195923
Epoch: 178, AccTr: 0.9638000130653381, AccVa: 0.8865000009536743, CeTr: 0.10068453848361969, CeVa: 0.5198511481285095
Epoch: 179, AccTr: 0.9639999866485596, AccVa: 0.8914999961853027, CeTr: 0.09660527855157852, CeVa: 0.4823334813117981
Epoch: 180, AccTr: 0.9639999866485596, AccVa: 0.8899999856948853, CeTr: 0.09861180931329727, CeVa: 0.46244168281555176
ENSEMBLE | Tr_Acc: 0.9962999820709229, Tr_CE: 0.02231660671532154, Va_Acc: 0.9470000267028809, Va_CE: 0.2113252878189087
Epoch: 181, AccTr: 0.9650999903678894, AccVa: 0.8769999742507935, CeTr: 0.10475082695484161, CeVa: 0.4815990924835205
Epoch: 182, AccTr: 0.9627000093460083, AccVa: 0.8849999904632568, CeTr: 0.10056595504283905, CeVa: 0.46479693055152893
Epoch: 183, AccTr: 0.9625999927520752, AccVa: 0.8865000009536743, CeTr: 0.10306046158075333, CeVa: 0.4722897708415985
Epoch: 184, AccTr: 0.9666000008583069, AccVa: 0.8805000185966492, CeTr: 0.09599382430315018, CeVa: 0.5069897174835205
Epoch: 185, AccTr: 0.9631999731063843, AccVa: 0.8845000267028809, CeTr: 0.10228747874498367, CeVa: 0.4701994061470032
ENSEMBLE | Tr_Acc: 0.9962999820709229, Tr_CE: 0.022225268185138702, Va_Acc: 0.9474999904632568, Va_CE: 0.2117035686969757
Epoch: 186, AccTr: 0.9661999940872192, AccVa: 0.8820000290870667, CeTr: 0.09887358546257019, CeVa: 0.5115682482719421
Epoch: 187, AccTr: 0.9635999798774719, AccVa: 0.8790000081062317, CeTr: 0.09600992500782013, CeVa: 0.48887884616851807
Epoch: 188, AccTr: 0.9659000039100647, AccVa: 0.8799999952316284, CeTr: 0.09664544463157654, CeVa: 0.47178974747657776
Epoch: 189, AccTr: 0.9635999798774719, AccVa: 0.8840000033378601, CeTr: 0.10645274817943573, CeVa: 0.48814108967781067
Epoch: 190, AccTr: 0.9641000032424927, AccVa: 0.8834999799728394, CeTr: 0.10385432094335556, CeVa: 0.47015509009361267
ENSEMBLE | Tr_Acc: 0.9962000250816345, Tr_CE: 0.022135410457849503, Va_Acc: 0.9474999904632568, Va_CE: 0.2114141285419464
Epoch: 191, AccTr: 0.9603000283241272, AccVa: 0.890500009059906, CeTr: 0.10757316648960114, CeVa: 0.44414281845092773
Epoch: 192, AccTr: 0.9628000259399414, AccVa: 0.8939999938011169, CeTr: 0.10184517502784729, CeVa: 0.4252522587776184
Epoch: 193, AccTr: 0.9650999903678894, AccVa: 0.8809999823570251, CeTr: 0.09893066436052322, CeVa: 0.49331292510032654
Epoch: 194, AccTr: 0.9643999934196472, AccVa: 0.8799999952316284, CeTr: 0.10205136984586716, CeVa: 0.5039173364639282
Epoch: 195, AccTr: 0.9635999798774719, AccVa: 0.871999979019165, CeTr: 0.10577519237995148, CeVa: 0.5220868587493896
ENSEMBLE | Tr_Acc: 0.9961000084877014, Tr_CE: 0.022120749577879906, Va_Acc: 0.9480000138282776, Va_CE: 0.21225357055664062
Epoch: 196, AccTr: 0.9629999995231628, AccVa: 0.875, CeTr: 0.10420393943786621, CeVa: 0.4974125325679779
Epoch: 197, AccTr: 0.963699996471405, AccVa: 0.8845000267028809, CeTr: 0.10419543087482452, CeVa: 0.49708589911460876
Epoch: 198, AccTr: 0.9645000100135803, AccVa: 0.8815000057220459, CeTr: 0.0977056697010994, CeVa: 0.5197756886482239
Epoch: 199, AccTr: 0.9607999920845032, AccVa: 0.8759999871253967, CeTr: 0.10730085521936417, CeVa: 0.5179175734519958
Epoch: 200, AccTr: 0.9635999798774719, AccVa: 0.878000020980835, CeTr: 0.10165075212717056, CeVa: 0.4763320982456207
ENSEMBLE | Tr_Acc: 0.9961000084877014, Tr_CE: 0.02204977348446846, Va_Acc: 0.9474999904632568, Va_CE: 0.21191520988941193
NN CONFIG
Weight-type:		ternary
Layout									Layer #1: 250	Layer #2: 220	
Activation Functions					Layer #1: ets	Layer #2: ets	
Keep probabilities		Layer #0: 1.0	Layer #1: 1.0	Layer #2: 1.0	
Flat factors							Layer #1: 1.0	Layer #2: 1.0	Layer #3: 1.0	
Activation Noise						Layer #1: 0.0	Layer #2: 0.0	Layer #3: 0.0	
Prior: 0.8

===================================

RUN CONFIG
Epochs: 200, Blocksize: 4

===================================

Input binarization: False
Pretrained network accuracy: 0.9914000034332275
Epoch: 0, AccTr: 0.3677000105381012, AccVa: 0.3790000081062317, CeTr: 2.9724552631378174, CeVa: 2.8991434574127197
Epoch: 1, AccTr: 0.9419000148773193, AccVa: 0.8880000114440918, CeTr: 0.18000200390815735, CeVa: 0.40145137906074524
Epoch: 2, AccTr: 0.9538999795913696, AccVa: 0.8899999856948853, CeTr: 0.14770011603832245, CeVa: 0.4169711470603943
Epoch: 3, AccTr: 0.9563000202178955, AccVa: 0.8985000252723694, CeTr: 0.13852518796920776, CeVa: 0.38979098200798035
Epoch: 4, AccTr: 0.9545999765396118, AccVa: 0.8870000243186951, CeTr: 0.1400149166584015, CeVa: 0.39947646856307983
Epoch: 5, AccTr: 0.9542999863624573, AccVa: 0.8960000276565552, CeTr: 0.13985952734947205, CeVa: 0.3709839880466461
Epoch: 6, AccTr: 0.953499972820282, AccVa: 0.8799999952316284, CeTr: 0.13624721765518188, CeVa: 0.40162011981010437
Epoch: 7, AccTr: 0.9552000164985657, AccVa: 0.8740000128746033, CeTr: 0.13479609787464142, CeVa: 0.408713698387146
Epoch: 8, AccTr: 0.9539999961853027, AccVa: 0.8920000195503235, CeTr: 0.13307267427444458, CeVa: 0.3968190550804138
Epoch: 9, AccTr: 0.9524999856948853, AccVa: 0.8870000243186951, CeTr: 0.13691210746765137, CeVa: 0.384900838136673
Epoch: 10, AccTr: 0.9526000022888184, AccVa: 0.8845000267028809, CeTr: 0.14133578538894653, CeVa: 0.39944103360176086
ENSEMBLE | Tr_Acc: 0.9526000022888184, Tr_CE: 0.14133578538894653, Va_Acc: 0.8845000267028809, Va_CE: 0.39944103360176086
Epoch: 11, AccTr: 0.9553999900817871, AccVa: 0.8914999961853027, CeTr: 0.14017614722251892, CeVa: 0.40925320982933044
Epoch: 12, AccTr: 0.9549999833106995, AccVa: 0.8744999766349792, CeTr: 0.13818517327308655, CeVa: 0.4503117501735687
Epoch: 13, AccTr: 0.9539999961853027, AccVa: 0.8734999895095825, CeTr: 0.13381227850914001, CeVa: 0.42148566246032715
Epoch: 14, AccTr: 0.953499972820282, AccVa: 0.8784999847412109, CeTr: 0.1368625909090042, CeVa: 0.4654730558395386
Epoch: 15, AccTr: 0.9592999815940857, AccVa: 0.8899999856948853, CeTr: 0.1293725073337555, CeVa: 0.41807007789611816
ENSEMBLE | Tr_Acc: 0.9776999950408936, Tr_CE: 0.08000953495502472, Va_Acc: 0.9185000061988831, Va_CE: 0.2844105660915375
Epoch: 16, AccTr: 0.9520999789237976, AccVa: 0.887499988079071, CeTr: 0.13705112040042877, CeVa: 0.40024739503860474
Epoch: 17, AccTr: 0.9560999870300293, AccVa: 0.8955000042915344, CeTr: 0.13314011693000793, CeVa: 0.3917798399925232
Epoch: 18, AccTr: 0.9584000110626221, AccVa: 0.8815000057220459, CeTr: 0.1299676150083542, CeVa: 0.4288663864135742
Epoch: 19, AccTr: 0.9537000060081482, AccVa: 0.8845000267028809, CeTr: 0.13339374959468842, CeVa: 0.40138939023017883
Epoch: 20, AccTr: 0.9573000073432922, AccVa: 0.8809999823570251, CeTr: 0.13015183806419373, CeVa: 0.405448317527771
ENSEMBLE | Tr_Acc: 0.9850000143051147, Tr_CE: 0.06337381154298782, Va_Acc: 0.9269999861717224, Va_CE: 0.2518843710422516
Epoch: 21, AccTr: 0.9538000226020813, AccVa: 0.8849999904632568, CeTr: 0.13794109225273132, CeVa: 0.4130396544933319
Epoch: 22, AccTr: 0.9527999758720398, AccVa: 0.8769999742507935, CeTr: 0.13275812566280365, CeVa: 0.4466129243373871
Epoch: 23, AccTr: 0.9567000269889832, AccVa: 0.878000020980835, CeTr: 0.1315937638282776, CeVa: 0.4282374978065491
Epoch: 24, AccTr: 0.9581000208854675, AccVa: 0.8794999718666077, CeTr: 0.13193972408771515, CeVa: 0.42902496457099915
Epoch: 25, AccTr: 0.9570000171661377, AccVa: 0.8880000114440918, CeTr: 0.13683824241161346, CeVa: 0.4315966069698334
ENSEMBLE | Tr_Acc: 0.9868999719619751, Tr_CE: 0.05762233957648277, Va_Acc: 0.9350000023841858, Va_CE: 0.238324835896492
Epoch: 26, AccTr: 0.9552000164985657, AccVa: 0.890999972820282, CeTr: 0.13403518497943878, CeVa: 0.42419904470443726
Epoch: 27, AccTr: 0.9541000127792358, AccVa: 0.8824999928474426, CeTr: 0.13160617649555206, CeVa: 0.4357813000679016
Epoch: 28, AccTr: 0.9521999955177307, AccVa: 0.8784999847412109, CeTr: 0.13830146193504333, CeVa: 0.4232630133628845
Epoch: 29, AccTr: 0.9513999819755554, AccVa: 0.8924999833106995, CeTr: 0.13814790546894073, CeVa: 0.3819468021392822
Epoch: 30, AccTr: 0.9535999894142151, AccVa: 0.8865000009536743, CeTr: 0.13584986329078674, CeVa: 0.3999157249927521
ENSEMBLE | Tr_Acc: 0.9882000088691711, Tr_CE: 0.0536494255065918, Va_Acc: 0.9334999918937683, Va_CE: 0.22610671818256378
Epoch: 31, AccTr: 0.9555000066757202, AccVa: 0.8794999718666077, CeTr: 0.1358843296766281, CeVa: 0.42007362842559814
Epoch: 32, AccTr: 0.9539999961853027, AccVa: 0.8824999928474426, CeTr: 0.1349250227212906, CeVa: 0.4376796782016754
Epoch: 33, AccTr: 0.9534000158309937, AccVa: 0.8790000081062317, CeTr: 0.13142822682857513, CeVa: 0.4336150586605072
Epoch: 34, AccTr: 0.9539999961853027, AccVa: 0.8809999823570251, CeTr: 0.1366618424654007, CeVa: 0.4279155135154724
Epoch: 35, AccTr: 0.9553999900817871, AccVa: 0.878000020980835, CeTr: 0.12924611568450928, CeVa: 0.4424985647201538
ENSEMBLE | Tr_Acc: 0.9887999892234802, Tr_CE: 0.05099886655807495, Va_Acc: 0.9369999766349792, Va_CE: 0.22503027319908142
Epoch: 36, AccTr: 0.9555000066757202, AccVa: 0.8870000243186951, CeTr: 0.13218845427036285, CeVa: 0.3927462100982666
Epoch: 37, AccTr: 0.95169997215271, AccVa: 0.8755000233650208, CeTr: 0.13880932331085205, CeVa: 0.453419953584671
Epoch: 38, AccTr: 0.9541000127792358, AccVa: 0.8849999904632568, CeTr: 0.13523612916469574, CeVa: 0.4332733452320099
Epoch: 39, AccTr: 0.9550999999046326, AccVa: 0.8834999799728394, CeTr: 0.1308053880929947, CeVa: 0.4275483787059784
Epoch: 40, AccTr: 0.9555000066757202, AccVa: 0.8840000033378601, CeTr: 0.13062851130962372, CeVa: 0.4284614622592926
ENSEMBLE | Tr_Acc: 0.9891999959945679, Tr_CE: 0.049204133450984955, Va_Acc: 0.9380000233650208, Va_CE: 0.21972185373306274
Epoch: 41, AccTr: 0.9559999704360962, AccVa: 0.8820000290870667, CeTr: 0.1329609602689743, CeVa: 0.4505895674228668
Epoch: 42, AccTr: 0.9542999863624573, AccVa: 0.8784999847412109, CeTr: 0.13044290244579315, CeVa: 0.44004788994789124
Epoch: 43, AccTr: 0.9574999809265137, AccVa: 0.8865000009536743, CeTr: 0.1290765106678009, CeVa: 0.39926496148109436
Epoch: 44, AccTr: 0.9553999900817871, AccVa: 0.8815000057220459, CeTr: 0.13051234185695648, CeVa: 0.4286629259586334
Epoch: 45, AccTr: 0.9556999802589417, AccVa: 0.8830000162124634, CeTr: 0.12823474407196045, CeVa: 0.4351069927215576
ENSEMBLE | Tr_Acc: 0.989300012588501, Tr_CE: 0.04736033454537392, Va_Acc: 0.9355000257492065, Va_CE: 0.22053660452365875
Epoch: 46, AccTr: 0.9546999931335449, AccVa: 0.875, CeTr: 0.13084398210048676, CeVa: 0.4736585021018982
Epoch: 47, AccTr: 0.9567000269889832, AccVa: 0.8855000138282776, CeTr: 0.13106168806552887, CeVa: 0.42761439085006714
Epoch: 48, AccTr: 0.9556000232696533, AccVa: 0.8859999775886536, CeTr: 0.1274593025445938, CeVa: 0.42540544271469116
Epoch: 49, AccTr: 0.9559999704360962, AccVa: 0.8774999976158142, CeTr: 0.12994374334812164, CeVa: 0.4144141972064972
Epoch: 50, AccTr: 0.9609000086784363, AccVa: 0.8824999928474426, CeTr: 0.12660059332847595, CeVa: 0.39389216899871826
ENSEMBLE | Tr_Acc: 0.9897000193595886, Tr_CE: 0.04641159996390343, Va_Acc: 0.9369999766349792, Va_CE: 0.21488849818706512
Epoch: 51, AccTr: 0.960099995136261, AccVa: 0.8849999904632568, CeTr: 0.12182997912168503, CeVa: 0.4084777534008026
Epoch: 52, AccTr: 0.9556999802589417, AccVa: 0.8744999766349792, CeTr: 0.13272441923618317, CeVa: 0.4372161626815796
Epoch: 53, AccTr: 0.9557999968528748, AccVa: 0.8855000138282776, CeTr: 0.12567751109600067, CeVa: 0.41102495789527893
Epoch: 54, AccTr: 0.9577000141143799, AccVa: 0.875, CeTr: 0.12614303827285767, CeVa: 0.43197470903396606
Epoch: 55, AccTr: 0.9573000073432922, AccVa: 0.8799999952316284, CeTr: 0.12796349823474884, CeVa: 0.46763888001441956
ENSEMBLE | Tr_Acc: 0.9904999732971191, Tr_CE: 0.045167963951826096, Va_Acc: 0.9380000233650208, Va_CE: 0.2143692821264267
Epoch: 56, AccTr: 0.9559999704360962, AccVa: 0.8809999823570251, CeTr: 0.12832537293434143, CeVa: 0.4408681094646454
Epoch: 57, AccTr: 0.9580000042915344, AccVa: 0.8694999814033508, CeTr: 0.12593330442905426, CeVa: 0.45572134852409363
Epoch: 58, AccTr: 0.9526000022888184, AccVa: 0.887499988079071, CeTr: 0.13020266592502594, CeVa: 0.39094308018684387
Epoch: 59, AccTr: 0.9545999765396118, AccVa: 0.8830000162124634, CeTr: 0.13040070235729218, CeVa: 0.4104255437850952
Epoch: 60, AccTr: 0.9527999758720398, AccVa: 0.8809999823570251, CeTr: 0.13192333281040192, CeVa: 0.4440312087535858
ENSEMBLE | Tr_Acc: 0.9912999868392944, Tr_CE: 0.04449746012687683, Va_Acc: 0.9399999976158142, Va_CE: 0.2130664885044098
Epoch: 61, AccTr: 0.9555000066757202, AccVa: 0.8759999871253967, CeTr: 0.1262337863445282, CeVa: 0.4072136878967285
Epoch: 62, AccTr: 0.9520999789237976, AccVa: 0.8809999823570251, CeTr: 0.13008493185043335, CeVa: 0.43094679713249207
Epoch: 63, AccTr: 0.9553999900817871, AccVa: 0.8845000267028809, CeTr: 0.12793228030204773, CeVa: 0.4173322319984436
Epoch: 64, AccTr: 0.9569000005722046, AccVa: 0.8769999742507935, CeTr: 0.12546758353710175, CeVa: 0.44375333189964294
Epoch: 65, AccTr: 0.9571999907493591, AccVa: 0.8734999895095825, CeTr: 0.1258535087108612, CeVa: 0.4541836977005005
ENSEMBLE | Tr_Acc: 0.9912999868392944, Tr_CE: 0.0435667410492897, Va_Acc: 0.9369999766349792, Va_CE: 0.21383589506149292
Epoch: 66, AccTr: 0.9575999975204468, AccVa: 0.8654999732971191, CeTr: 0.13013601303100586, CeVa: 0.4605432152748108
Epoch: 67, AccTr: 0.954800009727478, AccVa: 0.8759999871253967, CeTr: 0.13336190581321716, CeVa: 0.4350476562976837
Epoch: 68, AccTr: 0.95660001039505, AccVa: 0.8774999976158142, CeTr: 0.1278853565454483, CeVa: 0.43594732880592346
Epoch: 69, AccTr: 0.9520000219345093, AccVa: 0.8859999775886536, CeTr: 0.13661082088947296, CeVa: 0.4232606589794159
Epoch: 70, AccTr: 0.9546999931335449, AccVa: 0.8824999928474426, CeTr: 0.13121145963668823, CeVa: 0.4326135218143463
ENSEMBLE | Tr_Acc: 0.9915000200271606, Tr_CE: 0.042941924184560776, Va_Acc: 0.9375, Va_CE: 0.2130865901708603
Epoch: 71, AccTr: 0.9556000232696533, AccVa: 0.8834999799728394, CeTr: 0.13083234429359436, CeVa: 0.42581307888031006
Epoch: 72, AccTr: 0.953499972820282, AccVa: 0.8914999961853027, CeTr: 0.12954898178577423, CeVa: 0.40627455711364746
Epoch: 73, AccTr: 0.9538000226020813, AccVa: 0.8794999718666077, CeTr: 0.13698232173919678, CeVa: 0.43539294600486755
Epoch: 74, AccTr: 0.9545000195503235, AccVa: 0.8824999928474426, CeTr: 0.13220572471618652, CeVa: 0.4124992787837982
Epoch: 75, AccTr: 0.9581999778747559, AccVa: 0.8744999766349792, CeTr: 0.13086622953414917, CeVa: 0.4222174882888794
ENSEMBLE | Tr_Acc: 0.9915000200271606, Tr_CE: 0.0425889827311039, Va_Acc: 0.9375, Va_CE: 0.2111637145280838
Epoch: 76, AccTr: 0.9567999839782715, AccVa: 0.8730000257492065, CeTr: 0.13047035038471222, CeVa: 0.4340481758117676
Epoch: 77, AccTr: 0.9559999704360962, AccVa: 0.8855000138282776, CeTr: 0.133704274892807, CeVa: 0.4327864646911621
Epoch: 78, AccTr: 0.9545999765396118, AccVa: 0.8914999961853027, CeTr: 0.13250553607940674, CeVa: 0.41237741708755493
Epoch: 79, AccTr: 0.9523000121116638, AccVa: 0.8815000057220459, CeTr: 0.1348903626203537, CeVa: 0.40642186999320984
Epoch: 80, AccTr: 0.954800009727478, AccVa: 0.8784999847412109, CeTr: 0.12853920459747314, CeVa: 0.423544704914093
ENSEMBLE | Tr_Acc: 0.9911999702453613, Tr_CE: 0.04215351119637489, Va_Acc: 0.9384999871253967, Va_CE: 0.20832988619804382
Epoch: 81, AccTr: 0.9569000005722046, AccVa: 0.8759999871253967, CeTr: 0.1235988512635231, CeVa: 0.40800100564956665
Epoch: 82, AccTr: 0.9562000036239624, AccVa: 0.8730000257492065, CeTr: 0.1309976428747177, CeVa: 0.44336456060409546
Epoch: 83, AccTr: 0.9556000232696533, AccVa: 0.8880000114440918, CeTr: 0.12811654806137085, CeVa: 0.42863863706588745
Epoch: 84, AccTr: 0.9552000164985657, AccVa: 0.8889999985694885, CeTr: 0.12945379316806793, CeVa: 0.3824150264263153
Epoch: 85, AccTr: 0.9542999863624573, AccVa: 0.8790000081062317, CeTr: 0.13430720567703247, CeVa: 0.40948182344436646
ENSEMBLE | Tr_Acc: 0.991599977016449, Tr_CE: 0.041879426687955856, Va_Acc: 0.9399999976158142, Va_CE: 0.2058761715888977
Epoch: 86, AccTr: 0.9556000232696533, AccVa: 0.8855000138282776, CeTr: 0.1284106969833374, CeVa: 0.41450345516204834
Epoch: 87, AccTr: 0.9531000256538391, AccVa: 0.8805000185966492, CeTr: 0.13748861849308014, CeVa: 0.4351476728916168
Epoch: 88, AccTr: 0.9563000202178955, AccVa: 0.8970000147819519, CeTr: 0.12598739564418793, CeVa: 0.3906919062137604
Epoch: 89, AccTr: 0.9553999900817871, AccVa: 0.8934999704360962, CeTr: 0.13226726651191711, CeVa: 0.41020670533180237
Epoch: 90, AccTr: 0.9577000141143799, AccVa: 0.887499988079071, CeTr: 0.12435413897037506, CeVa: 0.40061652660369873
ENSEMBLE | Tr_Acc: 0.991599977016449, Tr_CE: 0.04155353829264641, Va_Acc: 0.9390000104904175, Va_CE: 0.20523014664649963
Epoch: 91, AccTr: 0.9556000232696533, AccVa: 0.8930000066757202, CeTr: 0.12323135882616043, CeVa: 0.4107309579849243
Epoch: 92, AccTr: 0.9577000141143799, AccVa: 0.8895000219345093, CeTr: 0.12416709214448929, CeVa: 0.4125438928604126
Epoch: 93, AccTr: 0.9539999961853027, AccVa: 0.8845000267028809, CeTr: 0.12504953145980835, CeVa: 0.3923710286617279
Epoch: 94, AccTr: 0.9550999999046326, AccVa: 0.8855000138282776, CeTr: 0.13329170644283295, CeVa: 0.4178326427936554
Epoch: 95, AccTr: 0.9524999856948853, AccVa: 0.8840000033378601, CeTr: 0.1313813477754593, CeVa: 0.4100414216518402
ENSEMBLE | Tr_Acc: 0.991599977016449, Tr_CE: 0.0413384847342968, Va_Acc: 0.9390000104904175, Va_CE: 0.20361074805259705
Epoch: 96, AccTr: 0.9557999968528748, AccVa: 0.8930000066757202, CeTr: 0.1229642853140831, CeVa: 0.41073963046073914
Epoch: 97, AccTr: 0.9556999802589417, AccVa: 0.878000020980835, CeTr: 0.12845410406589508, CeVa: 0.4264095425605774
Epoch: 98, AccTr: 0.9541000127792358, AccVa: 0.887499988079071, CeTr: 0.12947696447372437, CeVa: 0.4070906341075897
Epoch: 99, AccTr: 0.9563999772071838, AccVa: 0.8960000276565552, CeTr: 0.12743094563484192, CeVa: 0.39037302136421204
Epoch: 100, AccTr: 0.953499972820282, AccVa: 0.8920000195503235, CeTr: 0.12794265151023865, CeVa: 0.4154725670814514
ENSEMBLE | Tr_Acc: 0.9919000267982483, Tr_CE: 0.04100537672638893, Va_Acc: 0.9394999742507935, Va_CE: 0.20321215689182281
Epoch: 101, AccTr: 0.957099974155426, AccVa: 0.8930000066757202, CeTr: 0.1252087950706482, CeVa: 0.42211320996284485
Epoch: 102, AccTr: 0.9564999938011169, AccVa: 0.8815000057220459, CeTr: 0.12661950290203094, CeVa: 0.42070654034614563
Epoch: 103, AccTr: 0.9545000195503235, AccVa: 0.8845000267028809, CeTr: 0.13323600590229034, CeVa: 0.43968483805656433
Epoch: 104, AccTr: 0.9535999894142151, AccVa: 0.8740000128746033, CeTr: 0.1256149858236313, CeVa: 0.4449644088745117
Epoch: 105, AccTr: 0.9563999772071838, AccVa: 0.8805000185966492, CeTr: 0.13098517060279846, CeVa: 0.4518212676048279
ENSEMBLE | Tr_Acc: 0.991599977016449, Tr_CE: 0.04073891416192055, Va_Acc: 0.9399999976158142, Va_CE: 0.20389580726623535
Epoch: 106, AccTr: 0.9526000022888184, AccVa: 0.8805000185966492, CeTr: 0.13152317702770233, CeVa: 0.45339980721473694
Epoch: 107, AccTr: 0.9532999992370605, AccVa: 0.8700000047683716, CeTr: 0.13137871026992798, CeVa: 0.4549448490142822
Epoch: 108, AccTr: 0.9526000022888184, AccVa: 0.8769999742507935, CeTr: 0.1355956643819809, CeVa: 0.47917506098747253
Epoch: 109, AccTr: 0.9567999839782715, AccVa: 0.8809999823570251, CeTr: 0.1309654861688614, CeVa: 0.4132750332355499
Epoch: 110, AccTr: 0.9575999975204468, AccVa: 0.8880000114440918, CeTr: 0.12763305008411407, CeVa: 0.4055244028568268
ENSEMBLE | Tr_Acc: 0.9916999936103821, Tr_CE: 0.04048260673880577, Va_Acc: 0.9409999847412109, Va_CE: 0.20299676060676575
Epoch: 111, AccTr: 0.9555000066757202, AccVa: 0.8914999961853027, CeTr: 0.12666137516498566, CeVa: 0.38994288444519043
Epoch: 112, AccTr: 0.9563000202178955, AccVa: 0.8855000138282776, CeTr: 0.12797987461090088, CeVa: 0.40112313628196716
Epoch: 113, AccTr: 0.9556999802589417, AccVa: 0.8824999928474426, CeTr: 0.1255468726158142, CeVa: 0.42446303367614746
Epoch: 114, AccTr: 0.9581000208854675, AccVa: 0.8920000195503235, CeTr: 0.12355127930641174, CeVa: 0.4050653278827667
Epoch: 115, AccTr: 0.9532999992370605, AccVa: 0.8730000257492065, CeTr: 0.1316842883825302, CeVa: 0.43993911147117615
ENSEMBLE | Tr_Acc: 0.9918000102043152, Tr_CE: 0.040266457945108414, Va_Acc: 0.9409999847412109, Va_CE: 0.20292606949806213
Epoch: 116, AccTr: 0.9559999704360962, AccVa: 0.8880000114440918, CeTr: 0.12673592567443848, CeVa: 0.38842085003852844
Epoch: 117, AccTr: 0.9559999704360962, AccVa: 0.8845000267028809, CeTr: 0.12969325482845306, CeVa: 0.39585888385772705
Epoch: 118, AccTr: 0.9544000029563904, AccVa: 0.8809999823570251, CeTr: 0.1276242733001709, CeVa: 0.43973010778427124
Epoch: 119, AccTr: 0.957099974155426, AccVa: 0.8920000195503235, CeTr: 0.12528486549854279, CeVa: 0.3635409474372864
Epoch: 120, AccTr: 0.9571999907493591, AccVa: 0.8899999856948853, CeTr: 0.12588801980018616, CeVa: 0.3914501965045929
ENSEMBLE | Tr_Acc: 0.9919000267982483, Tr_CE: 0.039954908192157745, Va_Acc: 0.940500020980835, Va_CE: 0.20193688571453094
Epoch: 121, AccTr: 0.9562000036239624, AccVa: 0.8809999823570251, CeTr: 0.12560242414474487, CeVa: 0.4177647829055786
Epoch: 122, AccTr: 0.9613000154495239, AccVa: 0.8830000162124634, CeTr: 0.12115434557199478, CeVa: 0.44864365458488464
Epoch: 123, AccTr: 0.9569000005722046, AccVa: 0.8830000162124634, CeTr: 0.12476036697626114, CeVa: 0.4438309967517853
Epoch: 124, AccTr: 0.9517999887466431, AccVa: 0.8880000114440918, CeTr: 0.13423530757427216, CeVa: 0.45103204250335693
Epoch: 125, AccTr: 0.9556000232696533, AccVa: 0.8930000066757202, CeTr: 0.12857575714588165, CeVa: 0.4074798822402954
ENSEMBLE | Tr_Acc: 0.9921000003814697, Tr_CE: 0.03976844623684883, Va_Acc: 0.9409999847412109, Va_CE: 0.20083947479724884
Epoch: 126, AccTr: 0.9538000226020813, AccVa: 0.8859999775886536, CeTr: 0.12631092965602875, CeVa: 0.40399453043937683
Epoch: 127, AccTr: 0.9555000066757202, AccVa: 0.8889999985694885, CeTr: 0.13117463886737823, CeVa: 0.40924182534217834
Epoch: 128, AccTr: 0.9559000134468079, AccVa: 0.8884999752044678, CeTr: 0.12633860111236572, CeVa: 0.4116159677505493
Epoch: 129, AccTr: 0.9570000171661377, AccVa: 0.8805000185966492, CeTr: 0.12216551601886749, CeVa: 0.43085184693336487
Epoch: 130, AccTr: 0.9577000141143799, AccVa: 0.8830000162124634, CeTr: 0.12311118096113205, CeVa: 0.40577855706214905
ENSEMBLE | Tr_Acc: 0.9923999905586243, Tr_CE: 0.0394790954887867, Va_Acc: 0.9424999952316284, Va_CE: 0.2003229856491089
Epoch: 131, AccTr: 0.9544000029563904, AccVa: 0.8914999961853027, CeTr: 0.12900598347187042, CeVa: 0.3989432454109192
Epoch: 132, AccTr: 0.9593999981880188, AccVa: 0.8884999752044678, CeTr: 0.12095146626234055, CeVa: 0.41555076837539673
Epoch: 133, AccTr: 0.9564999938011169, AccVa: 0.8725000023841858, CeTr: 0.1287815123796463, CeVa: 0.46730268001556396
Epoch: 134, AccTr: 0.9559999704360962, AccVa: 0.8859999775886536, CeTr: 0.12189018726348877, CeVa: 0.43531715869903564
Epoch: 135, AccTr: 0.9587000012397766, AccVa: 0.875, CeTr: 0.12409257888793945, CeVa: 0.4497148096561432
ENSEMBLE | Tr_Acc: 0.9925000071525574, Tr_CE: 0.03913898393511772, Va_Acc: 0.9409999847412109, Va_CE: 0.20109568536281586
Epoch: 136, AccTr: 0.9587000012397766, AccVa: 0.8834999799728394, CeTr: 0.11766637861728668, CeVa: 0.4657001793384552
Epoch: 137, AccTr: 0.9585999846458435, AccVa: 0.8855000138282776, CeTr: 0.1236906498670578, CeVa: 0.43659669160842896
Epoch: 138, AccTr: 0.9571999907493591, AccVa: 0.8834999799728394, CeTr: 0.12411804497241974, CeVa: 0.4447394013404846
Epoch: 139, AccTr: 0.9587000012397766, AccVa: 0.875, CeTr: 0.12185976654291153, CeVa: 0.44410327076911926
Epoch: 140, AccTr: 0.957099974155426, AccVa: 0.8865000009536743, CeTr: 0.12435460090637207, CeVa: 0.41946327686309814
ENSEMBLE | Tr_Acc: 0.9922000169754028, Tr_CE: 0.03900722786784172, Va_Acc: 0.940500020980835, Va_CE: 0.20087480545043945
Epoch: 141, AccTr: 0.9585999846458435, AccVa: 0.8834999799728394, CeTr: 0.11973240971565247, CeVa: 0.4387323558330536
Epoch: 142, AccTr: 0.9569000005722046, AccVa: 0.8840000033378601, CeTr: 0.12491405010223389, CeVa: 0.448898583650589
Epoch: 143, AccTr: 0.9538000226020813, AccVa: 0.878000020980835, CeTr: 0.12913720309734344, CeVa: 0.4204432964324951
Epoch: 144, AccTr: 0.9585000276565552, AccVa: 0.8784999847412109, CeTr: 0.12396957725286484, CeVa: 0.4305460751056671
Epoch: 145, AccTr: 0.9549999833106995, AccVa: 0.8859999775886536, CeTr: 0.126166433095932, CeVa: 0.44297152757644653
ENSEMBLE | Tr_Acc: 0.9922999739646912, Tr_CE: 0.03890430927276611, Va_Acc: 0.940500020980835, Va_CE: 0.20172995328903198
Epoch: 146, AccTr: 0.9560999870300293, AccVa: 0.8799999952316284, CeTr: 0.12884505093097687, CeVa: 0.42496001720428467
Epoch: 147, AccTr: 0.9563000202178955, AccVa: 0.8920000195503235, CeTr: 0.12410274893045425, CeVa: 0.39925068616867065
Epoch: 148, AccTr: 0.9573000073432922, AccVa: 0.8845000267028809, CeTr: 0.1261715292930603, CeVa: 0.40033188462257385
Epoch: 149, AccTr: 0.9549000263214111, AccVa: 0.8834999799728394, CeTr: 0.1305682361125946, CeVa: 0.42716217041015625
Epoch: 150, AccTr: 0.9588000178337097, AccVa: 0.8899999856948853, CeTr: 0.12028325349092484, CeVa: 0.4055377244949341
ENSEMBLE | Tr_Acc: 0.9922000169754028, Tr_CE: 0.038741715252399445, Va_Acc: 0.940500020980835, Va_CE: 0.2016216218471527
Epoch: 151, AccTr: 0.958899974822998, AccVa: 0.8865000009536743, CeTr: 0.12301855534315109, CeVa: 0.4380832016468048
Epoch: 152, AccTr: 0.9599999785423279, AccVa: 0.8889999985694885, CeTr: 0.11871863156557083, CeVa: 0.4131375551223755
Epoch: 153, AccTr: 0.9513999819755554, AccVa: 0.8799999952316284, CeTr: 0.13332118093967438, CeVa: 0.43510979413986206
Epoch: 154, AccTr: 0.9591000080108643, AccVa: 0.8859999775886536, CeTr: 0.12406217306852341, CeVa: 0.40619924664497375
Epoch: 155, AccTr: 0.9563000202178955, AccVa: 0.8880000114440918, CeTr: 0.12777939438819885, CeVa: 0.40805584192276
ENSEMBLE | Tr_Acc: 0.9922999739646912, Tr_CE: 0.0386383980512619, Va_Acc: 0.940500020980835, Va_CE: 0.20117390155792236
Epoch: 156, AccTr: 0.9555000066757202, AccVa: 0.8805000185966492, CeTr: 0.12633448839187622, CeVa: 0.442507803440094
Epoch: 157, AccTr: 0.9531999826431274, AccVa: 0.8960000276565552, CeTr: 0.1274838149547577, CeVa: 0.3884376287460327
Epoch: 158, AccTr: 0.9532999992370605, AccVa: 0.8920000195503235, CeTr: 0.12780927121639252, CeVa: 0.36072802543640137
Epoch: 159, AccTr: 0.9599000215530396, AccVa: 0.8849999904632568, CeTr: 0.11936258524656296, CeVa: 0.4137572944164276
Epoch: 160, AccTr: 0.9575999975204468, AccVa: 0.8930000066757202, CeTr: 0.1256931722164154, CeVa: 0.38729560375213623
ENSEMBLE | Tr_Acc: 0.9922999739646912, Tr_CE: 0.03842255100607872, Va_Acc: 0.940500020980835, Va_CE: 0.19980119168758392
Epoch: 161, AccTr: 0.9595000147819519, AccVa: 0.8859999775886536, CeTr: 0.12205767631530762, CeVa: 0.4034896194934845
Epoch: 162, AccTr: 0.9524000287055969, AccVa: 0.8849999904632568, CeTr: 0.13122035562992096, CeVa: 0.4058382213115692
Epoch: 163, AccTr: 0.9569000005722046, AccVa: 0.9045000076293945, CeTr: 0.1257224977016449, CeVa: 0.3612780272960663
Epoch: 164, AccTr: 0.9563999772071838, AccVa: 0.8884999752044678, CeTr: 0.12314490973949432, CeVa: 0.4016948342323303
Epoch: 165, AccTr: 0.9602000117301941, AccVa: 0.8820000290870667, CeTr: 0.1255783587694168, CeVa: 0.4129270017147064
ENSEMBLE | Tr_Acc: 0.9923999905586243, Tr_CE: 0.038272224366664886, Va_Acc: 0.9399999976158142, Va_CE: 0.19913022220134735
Epoch: 166, AccTr: 0.9559999704360962, AccVa: 0.8865000009536743, CeTr: 0.12570422887802124, CeVa: 0.39588335156440735
Epoch: 167, AccTr: 0.9585000276565552, AccVa: 0.8824999928474426, CeTr: 0.12381010502576828, CeVa: 0.4222719073295593
Epoch: 168, AccTr: 0.9559999704360962, AccVa: 0.8889999985694885, CeTr: 0.1275404691696167, CeVa: 0.39385297894477844
Epoch: 169, AccTr: 0.9592999815940857, AccVa: 0.8834999799728394, CeTr: 0.12369734048843384, CeVa: 0.4283050000667572
Epoch: 170, AccTr: 0.9567000269889832, AccVa: 0.8930000066757202, CeTr: 0.12662960588932037, CeVa: 0.40074092149734497
ENSEMBLE | Tr_Acc: 0.9923999905586243, Tr_CE: 0.03818609192967415, Va_Acc: 0.9394999742507935, Va_CE: 0.19912482798099518
Epoch: 171, AccTr: 0.9542999863624573, AccVa: 0.8899999856948853, CeTr: 0.1299404799938202, CeVa: 0.3868754506111145
Epoch: 172, AccTr: 0.9577000141143799, AccVa: 0.890999972820282, CeTr: 0.12135834991931915, CeVa: 0.4128752648830414
Epoch: 173, AccTr: 0.9574999809265137, AccVa: 0.8815000057220459, CeTr: 0.1244221106171608, CeVa: 0.43528813123703003
Epoch: 174, AccTr: 0.957099974155426, AccVa: 0.8799999952316284, CeTr: 0.12275191396474838, CeVa: 0.44712769985198975
Epoch: 175, AccTr: 0.9556999802589417, AccVa: 0.8914999961853027, CeTr: 0.1304870843887329, CeVa: 0.4058813452720642
ENSEMBLE | Tr_Acc: 0.9922000169754028, Tr_CE: 0.03818710893392563, Va_Acc: 0.9399999976158142, Va_CE: 0.1983073353767395
Epoch: 176, AccTr: 0.9563000202178955, AccVa: 0.8815000057220459, CeTr: 0.12650160491466522, CeVa: 0.43208667635917664
Epoch: 177, AccTr: 0.9585000276565552, AccVa: 0.8880000114440918, CeTr: 0.12369164824485779, CeVa: 0.40447551012039185
Epoch: 178, AccTr: 0.9524999856948853, AccVa: 0.8865000009536743, CeTr: 0.13165871798992157, CeVa: 0.4216940999031067
Epoch: 179, AccTr: 0.9552000164985657, AccVa: 0.8859999775886536, CeTr: 0.1331087350845337, CeVa: 0.4184364378452301
Epoch: 180, AccTr: 0.953000009059906, AccVa: 0.8774999976158142, CeTr: 0.12912124395370483, CeVa: 0.4250621199607849
ENSEMBLE | Tr_Acc: 0.9922000169754028, Tr_CE: 0.038158997893333435, Va_Acc: 0.9394999742507935, Va_CE: 0.19891083240509033
Epoch: 181, AccTr: 0.9544000029563904, AccVa: 0.8809999823570251, CeTr: 0.1335911899805069, CeVa: 0.4253113269805908
Epoch: 182, AccTr: 0.9563999772071838, AccVa: 0.8744999766349792, CeTr: 0.12665723264217377, CeVa: 0.43633386492729187
Epoch: 183, AccTr: 0.9587000012397766, AccVa: 0.8815000057220459, CeTr: 0.12758958339691162, CeVa: 0.43345320224761963
Epoch: 184, AccTr: 0.95660001039505, AccVa: 0.8765000104904175, CeTr: 0.12764698266983032, CeVa: 0.4709719717502594
Epoch: 185, AccTr: 0.9563999772071838, AccVa: 0.8880000114440918, CeTr: 0.1241304948925972, CeVa: 0.42341527342796326
ENSEMBLE | Tr_Acc: 0.9922000169754028, Tr_CE: 0.03802551329135895, Va_Acc: 0.9399999976158142, Va_CE: 0.19891931116580963
Epoch: 186, AccTr: 0.9527000188827515, AccVa: 0.8809999823570251, CeTr: 0.1357312798500061, CeVa: 0.4721606373786926
Epoch: 187, AccTr: 0.955299973487854, AccVa: 0.8884999752044678, CeTr: 0.12742845714092255, CeVa: 0.4253717362880707
Epoch: 188, AccTr: 0.9556999802589417, AccVa: 0.8774999976158142, CeTr: 0.13072873651981354, CeVa: 0.4378806948661804
Epoch: 189, AccTr: 0.9556999802589417, AccVa: 0.8889999985694885, CeTr: 0.12511523067951202, CeVa: 0.44922876358032227
Epoch: 190, AccTr: 0.9545000195503235, AccVa: 0.8855000138282776, CeTr: 0.1245923861861229, CeVa: 0.40810686349868774
ENSEMBLE | Tr_Acc: 0.9925000071525574, Tr_CE: 0.03790600225329399, Va_Acc: 0.9415000081062317, Va_CE: 0.19838938117027283
Epoch: 191, AccTr: 0.9605000019073486, AccVa: 0.8794999718666077, CeTr: 0.12617258727550507, CeVa: 0.43697381019592285
Epoch: 192, AccTr: 0.9564999938011169, AccVa: 0.8830000162124634, CeTr: 0.12631282210350037, CeVa: 0.40655967593193054
Epoch: 193, AccTr: 0.9555000066757202, AccVa: 0.8820000290870667, CeTr: 0.12530390918254852, CeVa: 0.473701536655426
Epoch: 194, AccTr: 0.9549999833106995, AccVa: 0.8744999766349792, CeTr: 0.1285383552312851, CeVa: 0.404421329498291
Epoch: 195, AccTr: 0.9545000195503235, AccVa: 0.8755000233650208, CeTr: 0.12724748253822327, CeVa: 0.4313761293888092
ENSEMBLE | Tr_Acc: 0.9925000071525574, Tr_CE: 0.0377819798886776, Va_Acc: 0.9409999847412109, Va_CE: 0.19868898391723633
Epoch: 196, AccTr: 0.955299973487854, AccVa: 0.8924999833106995, CeTr: 0.12542724609375, CeVa: 0.42300838232040405
Epoch: 197, AccTr: 0.9581000208854675, AccVa: 0.8920000195503235, CeTr: 0.12323630601167679, CeVa: 0.39283251762390137
Epoch: 198, AccTr: 0.9562000036239624, AccVa: 0.8849999904632568, CeTr: 0.12744595110416412, CeVa: 0.40902236104011536
Epoch: 199, AccTr: 0.9538000226020813, AccVa: 0.8870000243186951, CeTr: 0.13114850223064423, CeVa: 0.40555718541145325
Epoch: 200, AccTr: 0.9595000147819519, AccVa: 0.890999972820282, CeTr: 0.12045854330062866, CeVa: 0.39696067571640015
ENSEMBLE | Tr_Acc: 0.9925000071525574, Tr_CE: 0.03765275701880455, Va_Acc: 0.9409999847412109, Va_CE: 0.19802898168563843
NN CONFIG
Weight-type:		ternary
Layout									Layer #1: 250	Layer #2: 220	
Activation Functions					Layer #1: ets	Layer #2: ets	
Keep probabilities		Layer #0: 1.0	Layer #1: 1.0	Layer #2: 1.0	
Flat factors							Layer #1: 1.0	Layer #2: 1.0	Layer #3: 1.0	
Activation Noise						Layer #1: 0.0	Layer #2: 0.0	Layer #3: 0.0	
Prior: 0.8

===================================

RUN CONFIG
Epochs: 200, Blocksize: 4

===================================

Input binarization: False
Pretrained network accuracy: 0.9761000275611877
Epoch: 0, AccTr: 0.3450999855995178, AccVa: 0.3370000123977661, CeTr: 6.550179481506348, CeVa: 6.728955268859863
Epoch: 1, AccTr: 0.9545000195503235, AccVa: 0.8899999856948853, CeTr: 0.14209963381290436, CeVa: 0.4712311327457428
Epoch: 2, AccTr: 0.9606000185012817, AccVa: 0.8934999704360962, CeTr: 0.11869104951620102, CeVa: 0.41456687450408936
Epoch: 3, AccTr: 0.9638000130653381, AccVa: 0.8889999985694885, CeTr: 0.11201738566160202, CeVa: 0.42183709144592285
Epoch: 4, AccTr: 0.9638000130653381, AccVa: 0.8999999761581421, CeTr: 0.10882964730262756, CeVa: 0.3924599587917328
Epoch: 5, AccTr: 0.9645000100135803, AccVa: 0.8799999952316284, CeTr: 0.10575681179761887, CeVa: 0.4795634150505066
Epoch: 6, AccTr: 0.9621000289916992, AccVa: 0.8840000033378601, CeTr: 0.10231462121009827, CeVa: 0.4620155096054077
Epoch: 7, AccTr: 0.9617999792098999, AccVa: 0.9010000228881836, CeTr: 0.1056731790304184, CeVa: 0.4158422648906708
Epoch: 8, AccTr: 0.9628999829292297, AccVa: 0.8884999752044678, CeTr: 0.11032094806432724, CeVa: 0.4353102147579193
Epoch: 9, AccTr: 0.9635000228881836, AccVa: 0.8964999914169312, CeTr: 0.1045265644788742, CeVa: 0.4154682755470276
Epoch: 10, AccTr: 0.9628999829292297, AccVa: 0.8815000057220459, CeTr: 0.10329718887805939, CeVa: 0.45225292444229126
ENSEMBLE | Tr_Acc: 0.9628999829292297, Tr_CE: 0.10329718887805939, Va_Acc: 0.8815000057220459, Va_CE: 0.45225292444229126
Epoch: 11, AccTr: 0.9599999785423279, AccVa: 0.890500009059906, CeTr: 0.11156396567821503, CeVa: 0.4348065257072449
Epoch: 12, AccTr: 0.9616000056266785, AccVa: 0.8960000276565552, CeTr: 0.10780011862516403, CeVa: 0.41919204592704773
Epoch: 13, AccTr: 0.9614999890327454, AccVa: 0.8784999847412109, CeTr: 0.10798390209674835, CeVa: 0.4762399196624756
Epoch: 14, AccTr: 0.963699996471405, AccVa: 0.8870000243186951, CeTr: 0.10099706053733826, CeVa: 0.45030468702316284
Epoch: 15, AccTr: 0.9642999768257141, AccVa: 0.8930000066757202, CeTr: 0.10314453393220901, CeVa: 0.46762725710868835
ENSEMBLE | Tr_Acc: 0.9839000105857849, Tr_CE: 0.05413314327597618, Va_Acc: 0.9160000085830688, Va_CE: 0.33701372146606445
Epoch: 16, AccTr: 0.9635000228881836, AccVa: 0.8740000128746033, CeTr: 0.10362572968006134, CeVa: 0.5084505677223206
Epoch: 17, AccTr: 0.9581999778747559, AccVa: 0.8849999904632568, CeTr: 0.11009204387664795, CeVa: 0.5004644393920898
Epoch: 18, AccTr: 0.9656999707221985, AccVa: 0.875, CeTr: 0.10037780553102493, CeVa: 0.49990808963775635
Epoch: 19, AccTr: 0.9613000154495239, AccVa: 0.8870000243186951, CeTr: 0.10994494706392288, CeVa: 0.4962684214115143
Epoch: 20, AccTr: 0.9635000228881836, AccVa: 0.8769999742507935, CeTr: 0.10738830268383026, CeVa: 0.46992671489715576
ENSEMBLE | Tr_Acc: 0.988099992275238, Tr_CE: 0.042343806475400925, Va_Acc: 0.921500027179718, Va_CE: 0.2980627715587616
Epoch: 21, AccTr: 0.9656000137329102, AccVa: 0.8824999928474426, CeTr: 0.1002238541841507, CeVa: 0.4872472286224365
Epoch: 22, AccTr: 0.9635000228881836, AccVa: 0.8849999904632568, CeTr: 0.10421352833509445, CeVa: 0.47258269786834717
Epoch: 23, AccTr: 0.9652000069618225, AccVa: 0.8945000171661377, CeTr: 0.09927022457122803, CeVa: 0.44753164052963257
Epoch: 24, AccTr: 0.9648000001907349, AccVa: 0.8830000162124634, CeTr: 0.10164689272642136, CeVa: 0.4719550907611847
Epoch: 25, AccTr: 0.9623000025749207, AccVa: 0.8865000009536743, CeTr: 0.10865747183561325, CeVa: 0.4698559641838074
ENSEMBLE | Tr_Acc: 0.9907000064849854, Tr_CE: 0.036706916987895966, Va_Acc: 0.921999990940094, Va_CE: 0.2757830321788788
Epoch: 26, AccTr: 0.9641000032424927, AccVa: 0.8880000114440918, CeTr: 0.10355820506811142, CeVa: 0.47451457381248474
Epoch: 27, AccTr: 0.9621999859809875, AccVa: 0.8725000023841858, CeTr: 0.10546744614839554, CeVa: 0.5088114738464355
Epoch: 28, AccTr: 0.9620000123977661, AccVa: 0.8809999823570251, CeTr: 0.10526172071695328, CeVa: 0.48690250515937805
Epoch: 29, AccTr: 0.9635000228881836, AccVa: 0.887499988079071, CeTr: 0.10380439460277557, CeVa: 0.4566413462162018
Epoch: 30, AccTr: 0.961899995803833, AccVa: 0.8899999856948853, CeTr: 0.1051987037062645, CeVa: 0.46514344215393066
ENSEMBLE | Tr_Acc: 0.9922999739646912, Tr_CE: 0.0326654314994812, Va_Acc: 0.9304999709129333, Va_CE: 0.2631869614124298
Epoch: 31, AccTr: 0.9623000025749207, AccVa: 0.8805000185966492, CeTr: 0.10497008264064789, CeVa: 0.4768523573875427
Epoch: 32, AccTr: 0.9634000062942505, AccVa: 0.8815000057220459, CeTr: 0.10334663093090057, CeVa: 0.4825679659843445
Epoch: 33, AccTr: 0.9649999737739563, AccVa: 0.8930000066757202, CeTr: 0.10205722600221634, CeVa: 0.4416176676750183
Epoch: 34, AccTr: 0.9611999988555908, AccVa: 0.8805000185966492, CeTr: 0.10627616941928864, CeVa: 0.4853372871875763
Epoch: 35, AccTr: 0.9635999798774719, AccVa: 0.8855000138282776, CeTr: 0.10059922188520432, CeVa: 0.47383683919906616
ENSEMBLE | Tr_Acc: 0.9934999942779541, Tr_CE: 0.029886335134506226, Va_Acc: 0.9304999709129333, Va_CE: 0.2551983892917633
Epoch: 36, AccTr: 0.9648000001907349, AccVa: 0.8840000033378601, CeTr: 0.10221369564533234, CeVa: 0.4601009488105774
Epoch: 37, AccTr: 0.9606999754905701, AccVa: 0.8924999833106995, CeTr: 0.10668361932039261, CeVa: 0.4409988224506378
Epoch: 38, AccTr: 0.9648000001907349, AccVa: 0.8855000138282776, CeTr: 0.0987580418586731, CeVa: 0.45779314637184143
Epoch: 39, AccTr: 0.9642000198364258, AccVa: 0.8980000019073486, CeTr: 0.10274182260036469, CeVa: 0.43211016058921814
Epoch: 40, AccTr: 0.9634000062942505, AccVa: 0.8820000290870667, CeTr: 0.10475093871355057, CeVa: 0.45889031887054443
ENSEMBLE | Tr_Acc: 0.993399977684021, Tr_CE: 0.028531841933727264, Va_Acc: 0.9350000023841858, Va_CE: 0.24423488974571228
Epoch: 41, AccTr: 0.9625999927520752, AccVa: 0.8790000081062317, CeTr: 0.10620095580816269, CeVa: 0.4780787527561188
Epoch: 42, AccTr: 0.9617000222206116, AccVa: 0.8799999952316284, CeTr: 0.10617721825838089, CeVa: 0.4697144031524658
Epoch: 43, AccTr: 0.9639999866485596, AccVa: 0.8815000057220459, CeTr: 0.10322239995002747, CeVa: 0.45509371161460876
Epoch: 44, AccTr: 0.9657999873161316, AccVa: 0.8845000267028809, CeTr: 0.1020931676030159, CeVa: 0.484034925699234
Epoch: 45, AccTr: 0.9629999995231628, AccVa: 0.8859999775886536, CeTr: 0.10124379396438599, CeVa: 0.4452863931655884
ENSEMBLE | Tr_Acc: 0.9939000010490417, Tr_CE: 0.02735075354576111, Va_Acc: 0.9390000104904175, Va_CE: 0.2386569380760193
Epoch: 46, AccTr: 0.9628999829292297, AccVa: 0.8820000290870667, CeTr: 0.10012923181056976, CeVa: 0.4811111390590668
Epoch: 47, AccTr: 0.965399980545044, AccVa: 0.8884999752044678, CeTr: 0.10180915892124176, CeVa: 0.44601917266845703
Epoch: 48, AccTr: 0.9650999903678894, AccVa: 0.8799999952316284, CeTr: 0.10347782075405121, CeVa: 0.47698256373405457
Epoch: 49, AccTr: 0.9610000252723694, AccVa: 0.8840000033378601, CeTr: 0.10673978179693222, CeVa: 0.44946709275245667
Epoch: 50, AccTr: 0.9635000228881836, AccVa: 0.8799999952316284, CeTr: 0.09902337938547134, CeVa: 0.43622833490371704
ENSEMBLE | Tr_Acc: 0.994700014591217, Tr_CE: 0.02619709074497223, Va_Acc: 0.9390000104904175, Va_CE: 0.2327226847410202
Epoch: 51, AccTr: 0.9672999978065491, AccVa: 0.8840000033378601, CeTr: 0.09530660510063171, CeVa: 0.45414865016937256
Epoch: 52, AccTr: 0.9645000100135803, AccVa: 0.8774999976158142, CeTr: 0.10234926640987396, CeVa: 0.4676494896411896
Epoch: 53, AccTr: 0.9642999768257141, AccVa: 0.8734999895095825, CeTr: 0.09942235052585602, CeVa: 0.47881191968917847
Epoch: 54, AccTr: 0.963100016117096, AccVa: 0.8744999766349792, CeTr: 0.10061401128768921, CeVa: 0.503971517086029
Epoch: 55, AccTr: 0.9628999829292297, AccVa: 0.8865000009536743, CeTr: 0.10621235519647598, CeVa: 0.4659894108772278
ENSEMBLE | Tr_Acc: 0.9945999979972839, Tr_CE: 0.025541475042700768, Va_Acc: 0.9409999847412109, Va_CE: 0.22807659208774567
Epoch: 56, AccTr: 0.9610999822616577, AccVa: 0.8790000081062317, CeTr: 0.10358530282974243, CeVa: 0.501771867275238
Epoch: 57, AccTr: 0.9613000154495239, AccVa: 0.8765000104904175, CeTr: 0.10805758088827133, CeVa: 0.511467456817627
Epoch: 58, AccTr: 0.965499997138977, AccVa: 0.8709999918937683, CeTr: 0.10035315155982971, CeVa: 0.4838358163833618
Epoch: 59, AccTr: 0.9660000205039978, AccVa: 0.8824999928474426, CeTr: 0.09843210130929947, CeVa: 0.47554275393486023
Epoch: 60, AccTr: 0.9625999927520752, AccVa: 0.8849999904632568, CeTr: 0.10244181007146835, CeVa: 0.449607789516449
ENSEMBLE | Tr_Acc: 0.9950000047683716, Tr_CE: 0.024861399084329605, Va_Acc: 0.9415000081062317, Va_CE: 0.2253054827451706
Epoch: 61, AccTr: 0.9634000062942505, AccVa: 0.8920000195503235, CeTr: 0.10396154969930649, CeVa: 0.4513052999973297
Epoch: 62, AccTr: 0.963100016117096, AccVa: 0.8765000104904175, CeTr: 0.10541262477636337, CeVa: 0.44214677810668945
Epoch: 63, AccTr: 0.9642999768257141, AccVa: 0.887499988079071, CeTr: 0.10204600542783737, CeVa: 0.4686144292354584
Epoch: 64, AccTr: 0.963699996471405, AccVa: 0.8855000138282776, CeTr: 0.09967657178640366, CeVa: 0.442621648311615
Epoch: 65, AccTr: 0.9610000252723694, AccVa: 0.8790000081062317, CeTr: 0.11077895760536194, CeVa: 0.48861169815063477
ENSEMBLE | Tr_Acc: 0.9951000213623047, Tr_CE: 0.02460525743663311, Va_Acc: 0.9430000185966492, Va_CE: 0.2239150106906891
Epoch: 66, AccTr: 0.9635999798774719, AccVa: 0.875, CeTr: 0.10763632506132126, CeVa: 0.5111252665519714
Epoch: 67, AccTr: 0.9610999822616577, AccVa: 0.8784999847412109, CeTr: 0.10861657559871674, CeVa: 0.47654610872268677
Epoch: 68, AccTr: 0.9602000117301941, AccVa: 0.8774999976158142, CeTr: 0.10714416205883026, CeVa: 0.48657912015914917
Epoch: 69, AccTr: 0.9624999761581421, AccVa: 0.8784999847412109, CeTr: 0.10370012372732162, CeVa: 0.48481446504592896
Epoch: 70, AccTr: 0.9649999737739563, AccVa: 0.8790000081062317, CeTr: 0.10113971680402756, CeVa: 0.4562922716140747
ENSEMBLE | Tr_Acc: 0.9955999851226807, Tr_CE: 0.02377007156610489, Va_Acc: 0.9430000185966492, Va_CE: 0.2223597764968872
Epoch: 71, AccTr: 0.9664000272750854, AccVa: 0.8865000009536743, CeTr: 0.09871610999107361, CeVa: 0.5082207918167114
Epoch: 72, AccTr: 0.9631999731063843, AccVa: 0.8610000014305115, CeTr: 0.10336379706859589, CeVa: 0.5415347218513489
Epoch: 73, AccTr: 0.9634000062942505, AccVa: 0.8809999823570251, CeTr: 0.1074051782488823, CeVa: 0.46629196405410767
Epoch: 74, AccTr: 0.9631999731063843, AccVa: 0.8834999799728394, CeTr: 0.10874839127063751, CeVa: 0.42398279905319214
Epoch: 75, AccTr: 0.9661999940872192, AccVa: 0.8734999895095825, CeTr: 0.0979500487446785, CeVa: 0.5159677267074585
ENSEMBLE | Tr_Acc: 0.9957000017166138, Tr_CE: 0.02333562634885311, Va_Acc: 0.9430000185966492, Va_CE: 0.2238936573266983
Epoch: 76, AccTr: 0.9625999927520752, AccVa: 0.8744999766349792, CeTr: 0.1061100959777832, CeVa: 0.5250890254974365
Epoch: 77, AccTr: 0.9628999829292297, AccVa: 0.8880000114440918, CeTr: 0.10502228885889053, CeVa: 0.45825064182281494
Epoch: 78, AccTr: 0.9627000093460083, AccVa: 0.8924999833106995, CeTr: 0.10224118083715439, CeVa: 0.43640759587287903
Epoch: 79, AccTr: 0.9638000130653381, AccVa: 0.8884999752044678, CeTr: 0.10301772505044937, CeVa: 0.48041242361068726
Epoch: 80, AccTr: 0.9625999927520752, AccVa: 0.8899999856948853, CeTr: 0.10413223505020142, CeVa: 0.4754272997379303
ENSEMBLE | Tr_Acc: 0.9961000084877014, Tr_CE: 0.02304905280470848, Va_Acc: 0.9424999952316284, Va_CE: 0.22369611263275146
Epoch: 81, AccTr: 0.9629999995231628, AccVa: 0.8914999961853027, CeTr: 0.1047138199210167, CeVa: 0.4376768171787262
Epoch: 82, AccTr: 0.9660999774932861, AccVa: 0.8895000219345093, CeTr: 0.09541209042072296, CeVa: 0.45330914855003357
Epoch: 83, AccTr: 0.965499997138977, AccVa: 0.8849999904632568, CeTr: 0.09831167757511139, CeVa: 0.5061816573143005
Epoch: 84, AccTr: 0.9628999829292297, AccVa: 0.887499988079071, CeTr: 0.10426902770996094, CeVa: 0.47673773765563965
Epoch: 85, AccTr: 0.9631999731063843, AccVa: 0.8794999718666077, CeTr: 0.10386817902326584, CeVa: 0.47766560316085815
ENSEMBLE | Tr_Acc: 0.9961000084877014, Tr_CE: 0.02291480265557766, Va_Acc: 0.9455000162124634, Va_CE: 0.22196270525455475
Epoch: 86, AccTr: 0.9610000252723694, AccVa: 0.8799999952316284, CeTr: 0.10648325085639954, CeVa: 0.5160259008407593
Epoch: 87, AccTr: 0.96670001745224, AccVa: 0.8845000267028809, CeTr: 0.09782969206571579, CeVa: 0.49988922476768494
Epoch: 88, AccTr: 0.961899995803833, AccVa: 0.8859999775886536, CeTr: 0.10491445660591125, CeVa: 0.4571501612663269
Epoch: 89, AccTr: 0.961899995803833, AccVa: 0.8815000057220459, CeTr: 0.10432752966880798, CeVa: 0.44334086775779724
Epoch: 90, AccTr: 0.9632999897003174, AccVa: 0.8809999823570251, CeTr: 0.10351413488388062, CeVa: 0.4820513427257538
ENSEMBLE | Tr_Acc: 0.9962999820709229, Tr_CE: 0.022691821679472923, Va_Acc: 0.9459999799728394, Va_CE: 0.2214677631855011
Epoch: 91, AccTr: 0.963699996471405, AccVa: 0.8824999928474426, CeTr: 0.09980666637420654, CeVa: 0.45393913984298706
Epoch: 92, AccTr: 0.9639000296592712, AccVa: 0.8805000185966492, CeTr: 0.10167618095874786, CeVa: 0.4782582223415375
Epoch: 93, AccTr: 0.9609000086784363, AccVa: 0.8769999742507935, CeTr: 0.10897067934274673, CeVa: 0.5614696145057678
Epoch: 94, AccTr: 0.9643999934196472, AccVa: 0.8740000128746033, CeTr: 0.10124636441469193, CeVa: 0.5050365328788757
Epoch: 95, AccTr: 0.9645000100135803, AccVa: 0.8744999766349792, CeTr: 0.09800940006971359, CeVa: 0.5055860877037048
ENSEMBLE | Tr_Acc: 0.9962999820709229, Tr_CE: 0.022476626560091972, Va_Acc: 0.9455000162124634, Va_CE: 0.22223523259162903
Epoch: 96, AccTr: 0.9621999859809875, AccVa: 0.8845000267028809, CeTr: 0.10344670712947845, CeVa: 0.4973067343235016
Epoch: 97, AccTr: 0.9635999798774719, AccVa: 0.8870000243186951, CeTr: 0.10422011464834213, CeVa: 0.5111204981803894
Epoch: 98, AccTr: 0.9623000025749207, AccVa: 0.8845000267028809, CeTr: 0.10250628739595413, CeVa: 0.4755241572856903
Epoch: 99, AccTr: 0.9624000191688538, AccVa: 0.8765000104904175, CeTr: 0.10324501991271973, CeVa: 0.5166006088256836
Epoch: 100, AccTr: 0.9628000259399414, AccVa: 0.8790000081062317, CeTr: 0.10247573256492615, CeVa: 0.5121052265167236
ENSEMBLE | Tr_Acc: 0.9965000152587891, Tr_CE: 0.022362742573022842, Va_Acc: 0.9449999928474426, Va_CE: 0.22234097123146057
Epoch: 101, AccTr: 0.9599000215530396, AccVa: 0.8824999928474426, CeTr: 0.1044844388961792, CeVa: 0.4907609820365906
Epoch: 102, AccTr: 0.9641000032424927, AccVa: 0.8734999895095825, CeTr: 0.10350822657346725, CeVa: 0.4931320548057556
Epoch: 103, AccTr: 0.9638000130653381, AccVa: 0.8774999976158142, CeTr: 0.09909025579690933, CeVa: 0.4800802171230316
Epoch: 104, AccTr: 0.9656999707221985, AccVa: 0.8955000042915344, CeTr: 0.0971238985657692, CeVa: 0.4208541214466095
Epoch: 105, AccTr: 0.9650999903678894, AccVa: 0.8914999961853027, CeTr: 0.09751609712839127, CeVa: 0.4680144786834717
ENSEMBLE | Tr_Acc: 0.9962000250816345, Tr_CE: 0.02218281477689743, Va_Acc: 0.9455000162124634, Va_CE: 0.2217942476272583
Epoch: 106, AccTr: 0.9646999835968018, AccVa: 0.8824999928474426, CeTr: 0.09980697929859161, CeVa: 0.49778735637664795
Epoch: 107, AccTr: 0.9645000100135803, AccVa: 0.8920000195503235, CeTr: 0.09862766414880753, CeVa: 0.4579729437828064
Epoch: 108, AccTr: 0.9639000296592712, AccVa: 0.8895000219345093, CeTr: 0.10119087994098663, CeVa: 0.438898503780365
Epoch: 109, AccTr: 0.9646999835968018, AccVa: 0.8824999928474426, CeTr: 0.0999697595834732, CeVa: 0.47659850120544434
Epoch: 110, AccTr: 0.9623000025749207, AccVa: 0.8774999976158142, CeTr: 0.10302814841270447, CeVa: 0.507641613483429
ENSEMBLE | Tr_Acc: 0.9959999918937683, Tr_CE: 0.022013848647475243, Va_Acc: 0.9445000290870667, Va_CE: 0.22121845185756683
Epoch: 111, AccTr: 0.9652000069618225, AccVa: 0.8805000185966492, CeTr: 0.1000489741563797, CeVa: 0.47562921047210693
Epoch: 112, AccTr: 0.9664000272750854, AccVa: 0.8889999985694885, CeTr: 0.10005762428045273, CeVa: 0.4580126702785492
Epoch: 113, AccTr: 0.9623000025749207, AccVa: 0.8694999814033508, CeTr: 0.10189946740865707, CeVa: 0.517987847328186
Epoch: 114, AccTr: 0.9650999903678894, AccVa: 0.8840000033378601, CeTr: 0.09770393371582031, CeVa: 0.48971033096313477
Epoch: 115, AccTr: 0.9639000296592712, AccVa: 0.8824999928474426, CeTr: 0.10176689177751541, CeVa: 0.48319798707962036
ENSEMBLE | Tr_Acc: 0.9961000084877014, Tr_CE: 0.02184639312326908, Va_Acc: 0.9434999823570251, Va_CE: 0.21975131332874298
Epoch: 116, AccTr: 0.9631999731063843, AccVa: 0.887499988079071, CeTr: 0.10120179504156113, CeVa: 0.4502764642238617
Epoch: 117, AccTr: 0.9646999835968018, AccVa: 0.8840000033378601, CeTr: 0.09975433349609375, CeVa: 0.4869977533817291
Epoch: 118, AccTr: 0.964900016784668, AccVa: 0.878000020980835, CeTr: 0.09676504135131836, CeVa: 0.5174347758293152
Epoch: 119, AccTr: 0.961899995803833, AccVa: 0.8899999856948853, CeTr: 0.10262736678123474, CeVa: 0.5094886422157288
Epoch: 120, AccTr: 0.9624999761581421, AccVa: 0.8870000243186951, CeTr: 0.1019732803106308, CeVa: 0.5161095857620239
ENSEMBLE | Tr_Acc: 0.996399998664856, Tr_CE: 0.02172074094414711, Va_Acc: 0.9449999928474426, Va_CE: 0.21985487639904022
Epoch: 121, AccTr: 0.9629999995231628, AccVa: 0.8840000033378601, CeTr: 0.09912671893835068, CeVa: 0.49947428703308105
Epoch: 122, AccTr: 0.9642999768257141, AccVa: 0.878000020980835, CeTr: 0.10220139473676682, CeVa: 0.49143823981285095
Epoch: 123, AccTr: 0.9620000123977661, AccVa: 0.8855000138282776, CeTr: 0.09895812720060349, CeVa: 0.49079442024230957
Epoch: 124, AccTr: 0.9641000032424927, AccVa: 0.8820000290870667, CeTr: 0.10160361975431442, CeVa: 0.4809763431549072
Epoch: 125, AccTr: 0.9642999768257141, AccVa: 0.8884999752044678, CeTr: 0.10363128781318665, CeVa: 0.515120267868042
ENSEMBLE | Tr_Acc: 0.9962999820709229, Tr_CE: 0.021685833111405373, Va_Acc: 0.9424999952316284, Va_CE: 0.22087903320789337
Epoch: 126, AccTr: 0.9663000106811523, AccVa: 0.890999972820282, CeTr: 0.09714502841234207, CeVa: 0.479019433259964
Epoch: 127, AccTr: 0.963100016117096, AccVa: 0.8805000185966492, CeTr: 0.1045728251338005, CeVa: 0.48762351274490356
Epoch: 128, AccTr: 0.9660000205039978, AccVa: 0.8765000104904175, CeTr: 0.09793973714113235, CeVa: 0.48343440890312195
Epoch: 129, AccTr: 0.9613999724388123, AccVa: 0.871999979019165, CeTr: 0.10612695664167404, CeVa: 0.49378496408462524
Epoch: 130, AccTr: 0.9664000272750854, AccVa: 0.8799999952316284, CeTr: 0.09630928933620453, CeVa: 0.5258579850196838
ENSEMBLE | Tr_Acc: 0.9962000250816345, Tr_CE: 0.021375244483351707, Va_Acc: 0.9424999952316284, Va_CE: 0.2206231653690338
Epoch: 131, AccTr: 0.9639999866485596, AccVa: 0.8799999952316284, CeTr: 0.09847166389226913, CeVa: 0.45525237917900085
Epoch: 132, AccTr: 0.9653000235557556, AccVa: 0.8790000081062317, CeTr: 0.09773585200309753, CeVa: 0.5262001752853394
Epoch: 133, AccTr: 0.9653000235557556, AccVa: 0.8794999718666077, CeTr: 0.09898726642131805, CeVa: 0.5392508506774902
Epoch: 134, AccTr: 0.9627000093460083, AccVa: 0.875, CeTr: 0.10352697968482971, CeVa: 0.5395594239234924
Epoch: 135, AccTr: 0.9621999859809875, AccVa: 0.8690000176429749, CeTr: 0.10346271097660065, CeVa: 0.502898097038269
ENSEMBLE | Tr_Acc: 0.9965000152587891, Tr_CE: 0.02125619724392891, Va_Acc: 0.9434999823570251, Va_CE: 0.2205367088317871
Epoch: 136, AccTr: 0.9646000266075134, AccVa: 0.8859999775886536, CeTr: 0.09635074436664581, CeVa: 0.473667711019516
Epoch: 137, AccTr: 0.9645000100135803, AccVa: 0.8815000057220459, CeTr: 0.09728697687387466, CeVa: 0.47218942642211914
Epoch: 138, AccTr: 0.967199981212616, AccVa: 0.8830000162124634, CeTr: 0.093574658036232, CeVa: 0.4704461395740509
Epoch: 139, AccTr: 0.9642000198364258, AccVa: 0.8790000081062317, CeTr: 0.09932626783847809, CeVa: 0.4672466516494751
Epoch: 140, AccTr: 0.9631999731063843, AccVa: 0.8834999799728394, CeTr: 0.10133303701877594, CeVa: 0.4770719110965729
ENSEMBLE | Tr_Acc: 0.996399998664856, Tr_CE: 0.02111184038221836, Va_Acc: 0.9440000057220459, Va_CE: 0.21958623826503754
Epoch: 141, AccTr: 0.9642000198364258, AccVa: 0.8815000057220459, CeTr: 0.0990898460149765, CeVa: 0.473357617855072
Epoch: 142, AccTr: 0.9634000062942505, AccVa: 0.8899999856948853, CeTr: 0.09763625264167786, CeVa: 0.44679227471351624
Epoch: 143, AccTr: 0.965399980545044, AccVa: 0.8824999928474426, CeTr: 0.10061400383710861, CeVa: 0.4915500283241272
Epoch: 144, AccTr: 0.9652000069618225, AccVa: 0.8870000243186951, CeTr: 0.09716489166021347, CeVa: 0.45916908979415894
Epoch: 145, AccTr: 0.9646000266075134, AccVa: 0.8619999885559082, CeTr: 0.09613971412181854, CeVa: 0.5486960411071777
ENSEMBLE | Tr_Acc: 0.996399998664856, Tr_CE: 0.020939845591783524, Va_Acc: 0.9430000185966492, Va_CE: 0.2208869904279709
Epoch: 146, AccTr: 0.9657999873161316, AccVa: 0.8809999823570251, CeTr: 0.0943087786436081, CeVa: 0.48343318700790405
Epoch: 147, AccTr: 0.9646000266075134, AccVa: 0.8769999742507935, CeTr: 0.09875638782978058, CeVa: 0.5027920007705688
Epoch: 148, AccTr: 0.9616000056266785, AccVa: 0.8774999976158142, CeTr: 0.10458169877529144, CeVa: 0.49638831615448
Epoch: 149, AccTr: 0.9641000032424927, AccVa: 0.875, CeTr: 0.09960004687309265, CeVa: 0.5118388533592224
Epoch: 150, AccTr: 0.9638000130653381, AccVa: 0.8790000081062317, CeTr: 0.09550099819898605, CeVa: 0.5125994682312012
ENSEMBLE | Tr_Acc: 0.9962000250816345, Tr_CE: 0.020738840103149414, Va_Acc: 0.9430000185966492, Va_CE: 0.22169546782970428
Epoch: 151, AccTr: 0.9661999940872192, AccVa: 0.8765000104904175, CeTr: 0.0941697359085083, CeVa: 0.4971332848072052
Epoch: 152, AccTr: 0.9629999995231628, AccVa: 0.8694999814033508, CeTr: 0.09896469861268997, CeVa: 0.5389755368232727
Epoch: 153, AccTr: 0.963100016117096, AccVa: 0.8840000033378601, CeTr: 0.09949178993701935, CeVa: 0.4835340082645416
Epoch: 154, AccTr: 0.9607999920845032, AccVa: 0.8870000243186951, CeTr: 0.10750554502010345, CeVa: 0.46831896901130676
Epoch: 155, AccTr: 0.9664999842643738, AccVa: 0.8830000162124634, CeTr: 0.09434660524129868, CeVa: 0.5167067050933838
ENSEMBLE | Tr_Acc: 0.9962000250816345, Tr_CE: 0.020527981221675873, Va_Acc: 0.9430000185966492, Va_CE: 0.22196203470230103
Epoch: 156, AccTr: 0.9685999751091003, AccVa: 0.8794999718666077, CeTr: 0.09004924446344376, CeVa: 0.5294753313064575
Epoch: 157, AccTr: 0.9648000001907349, AccVa: 0.8884999752044678, CeTr: 0.09772512316703796, CeVa: 0.48821204900741577
Epoch: 158, AccTr: 0.9627000093460083, AccVa: 0.8955000042915344, CeTr: 0.10226497799158096, CeVa: 0.4511668086051941
Epoch: 159, AccTr: 0.964900016784668, AccVa: 0.8774999976158142, CeTr: 0.1016436517238617, CeVa: 0.5185797214508057
Epoch: 160, AccTr: 0.9653000235557556, AccVa: 0.8855000138282776, CeTr: 0.09618359804153442, CeVa: 0.4854891300201416
ENSEMBLE | Tr_Acc: 0.9962999820709229, Tr_CE: 0.02037195675075054, Va_Acc: 0.9434999823570251, Va_CE: 0.2218094766139984
Epoch: 161, AccTr: 0.9642999768257141, AccVa: 0.8799999952316284, CeTr: 0.09455685317516327, CeVa: 0.48076924681663513
Epoch: 162, AccTr: 0.967199981212616, AccVa: 0.8820000290870667, CeTr: 0.0979028046131134, CeVa: 0.519386351108551
Epoch: 163, AccTr: 0.9635999798774719, AccVa: 0.8690000176429749, CeTr: 0.10226909071207047, CeVa: 0.5441290140151978
