NN CONFIG
Weight-type:		ternary
Layout									Layer #1: 250	Layer #2: 220	
Activation Functions					Layer #1: ets	Layer #2: ets	
Keep probabilities		Layer #0: 1.0	Layer #1: 1.0	Layer #2: 1.0	
Flat factors							Layer #1: 1.0	Layer #2: 1.0	Layer #3: 1.0	
Activation Noise						Layer #1: 0.0	Layer #2: 0.0	Layer #3: 0.0	
Prior: 0.8

===================================

RUN CONFIG
Epochs: 200, Blocksize: 4

===================================

Input binarization: False
Pretrained network accuracy: 0.9785000085830688
Epoch: 0, AccTr: 0.367900013923645, AccVa: 0.36800000071525574, CeTr: 3.1521952152252197, CeVa: 3.122633695602417
Epoch: 1, AccTr: 0.9222999811172485, AccVa: 0.878000020980835, CeTr: 0.239699125289917, CeVa: 0.4204985499382019
Epoch: 2, AccTr: 0.9373999834060669, AccVa: 0.8805000185966492, CeTr: 0.19842511415481567, CeVa: 0.37213006615638733
Epoch: 3, AccTr: 0.9430000185966492, AccVa: 0.8834999799728394, CeTr: 0.18021160364151, CeVa: 0.381931334733963
Epoch: 4, AccTr: 0.9402999877929688, AccVa: 0.8755000233650208, CeTr: 0.179311603307724, CeVa: 0.3971966505050659
Epoch: 5, AccTr: 0.9441999793052673, AccVa: 0.8809999823570251, CeTr: 0.1742466390132904, CeVa: 0.3772687017917633
Epoch: 6, AccTr: 0.9416000247001648, AccVa: 0.8849999904632568, CeTr: 0.18550552427768707, CeVa: 0.3763197362422943
Epoch: 7, AccTr: 0.9395999908447266, AccVa: 0.8889999985694885, CeTr: 0.18619196116924286, CeVa: 0.3707415759563446
Epoch: 8, AccTr: 0.9444000124931335, AccVa: 0.8820000290870667, CeTr: 0.17746233940124512, CeVa: 0.3766617774963379
Epoch: 9, AccTr: 0.9431999921798706, AccVa: 0.8884999752044678, CeTr: 0.1736227422952652, CeVa: 0.3691146969795227
Epoch: 10, AccTr: 0.9444000124931335, AccVa: 0.8865000009536743, CeTr: 0.16766415536403656, CeVa: 0.3517557382583618
ENSEMBLE | Tr_Acc: 0.9444000124931335, Tr_CE: 0.16766415536403656, Va_Acc: 0.8865000009536743, Va_CE: 0.3517557382583618
Epoch: 11, AccTr: 0.9458000063896179, AccVa: 0.8809999823570251, CeTr: 0.16972944140434265, CeVa: 0.3880593478679657
Epoch: 12, AccTr: 0.9430000185966492, AccVa: 0.8830000162124634, CeTr: 0.17547786235809326, CeVa: 0.39420074224472046
Epoch: 13, AccTr: 0.9452000260353088, AccVa: 0.8784999847412109, CeTr: 0.1727297604084015, CeVa: 0.41062211990356445
Epoch: 14, AccTr: 0.9449999928474426, AccVa: 0.8945000171661377, CeTr: 0.17282214760780334, CeVa: 0.37811771035194397
Epoch: 15, AccTr: 0.9448999762535095, AccVa: 0.8849999904632568, CeTr: 0.16655896604061127, CeVa: 0.39297881722450256
ENSEMBLE | Tr_Acc: 0.9678999781608582, Tr_CE: 0.11490629613399506, Va_Acc: 0.9139999747276306, Va_CE: 0.277733713388443
Epoch: 16, AccTr: 0.9442999958992004, AccVa: 0.8859999775886536, CeTr: 0.16942141950130463, CeVa: 0.40900492668151855
Epoch: 17, AccTr: 0.9449999928474426, AccVa: 0.8794999718666077, CeTr: 0.16867385804653168, CeVa: 0.40704765915870667
Epoch: 18, AccTr: 0.9488999843597412, AccVa: 0.8809999823570251, CeTr: 0.1589551866054535, CeVa: 0.4165913164615631
Epoch: 19, AccTr: 0.9473999738693237, AccVa: 0.8824999928474426, CeTr: 0.162847101688385, CeVa: 0.4031015932559967
Epoch: 20, AccTr: 0.9462000131607056, AccVa: 0.8765000104904175, CeTr: 0.16519033908843994, CeVa: 0.4006526470184326
ENSEMBLE | Tr_Acc: 0.9729999899864197, Tr_CE: 0.09927868843078613, Va_Acc: 0.9279999732971191, Va_CE: 0.25800296664237976
Epoch: 21, AccTr: 0.9437000155448914, AccVa: 0.8870000243186951, CeTr: 0.16874752938747406, CeVa: 0.3856395184993744
Epoch: 22, AccTr: 0.9473999738693237, AccVa: 0.8845000267028809, CeTr: 0.1649838536977768, CeVa: 0.3673502206802368
Epoch: 23, AccTr: 0.9458000063896179, AccVa: 0.8849999904632568, CeTr: 0.17104831337928772, CeVa: 0.38474568724632263
Epoch: 24, AccTr: 0.9401000142097473, AccVa: 0.8615000247955322, CeTr: 0.17432904243469238, CeVa: 0.4434340000152588
Epoch: 25, AccTr: 0.9452000260353088, AccVa: 0.887499988079071, CeTr: 0.17062082886695862, CeVa: 0.39456140995025635
ENSEMBLE | Tr_Acc: 0.9749000072479248, Tr_CE: 0.0919012725353241, Va_Acc: 0.9325000047683716, Va_CE: 0.24874930083751678
Epoch: 26, AccTr: 0.9455000162124634, AccVa: 0.8834999799728394, CeTr: 0.16744935512542725, CeVa: 0.38941508531570435
Epoch: 27, AccTr: 0.945900022983551, AccVa: 0.8769999742507935, CeTr: 0.16650860011577606, CeVa: 0.3956390917301178
Epoch: 28, AccTr: 0.9440000057220459, AccVa: 0.8799999952316284, CeTr: 0.16958925127983093, CeVa: 0.40364745259284973
Epoch: 29, AccTr: 0.9419999718666077, AccVa: 0.8669999837875366, CeTr: 0.16932955384254456, CeVa: 0.4054355025291443
Epoch: 30, AccTr: 0.9451000094413757, AccVa: 0.8805000185966492, CeTr: 0.1652527153491974, CeVa: 0.4017382264137268
ENSEMBLE | Tr_Acc: 0.9765999913215637, Tr_CE: 0.08632221817970276, Va_Acc: 0.9334999918937683, Va_CE: 0.24448540806770325
Epoch: 31, AccTr: 0.9438999891281128, AccVa: 0.8820000290870667, CeTr: 0.16272354125976562, CeVa: 0.4084816873073578
Epoch: 32, AccTr: 0.9462000131607056, AccVa: 0.8805000185966492, CeTr: 0.16485129296779633, CeVa: 0.3954457938671112
Epoch: 33, AccTr: 0.9448999762535095, AccVa: 0.878000020980835, CeTr: 0.17028245329856873, CeVa: 0.41176554560661316
Epoch: 34, AccTr: 0.9440000057220459, AccVa: 0.8675000071525574, CeTr: 0.170789435505867, CeVa: 0.42625775933265686
Epoch: 35, AccTr: 0.9440000057220459, AccVa: 0.8884999752044678, CeTr: 0.16406357288360596, CeVa: 0.40272799134254456
ENSEMBLE | Tr_Acc: 0.9771000146865845, Tr_CE: 0.08318746089935303, Va_Acc: 0.9315000176429749, Va_CE: 0.24097682535648346
Epoch: 36, AccTr: 0.9455999732017517, AccVa: 0.878000020980835, CeTr: 0.16136766970157623, CeVa: 0.407682865858078
Epoch: 37, AccTr: 0.9465000033378601, AccVa: 0.8759999871253967, CeTr: 0.15810567140579224, CeVa: 0.41328975558280945
Epoch: 38, AccTr: 0.9423999786376953, AccVa: 0.8834999799728394, CeTr: 0.17113283276557922, CeVa: 0.40413427352905273
Epoch: 39, AccTr: 0.9455999732017517, AccVa: 0.8769999742507935, CeTr: 0.1641271412372589, CeVa: 0.4339805543422699
Epoch: 40, AccTr: 0.9437000155448914, AccVa: 0.887499988079071, CeTr: 0.16616450250148773, CeVa: 0.3829633891582489
ENSEMBLE | Tr_Acc: 0.9781000018119812, Tr_CE: 0.0804724395275116, Va_Acc: 0.934499979019165, Va_CE: 0.23537538945674896
Epoch: 41, AccTr: 0.9444000124931335, AccVa: 0.8694999814033508, CeTr: 0.1654745191335678, CeVa: 0.4392958879470825
Epoch: 42, AccTr: 0.9434999823570251, AccVa: 0.8805000185966492, CeTr: 0.16995032131671906, CeVa: 0.4091825783252716
Epoch: 43, AccTr: 0.944599986076355, AccVa: 0.8715000152587891, CeTr: 0.16495515406131744, CeVa: 0.40619322657585144
Epoch: 44, AccTr: 0.9431999921798706, AccVa: 0.8880000114440918, CeTr: 0.1657150238752365, CeVa: 0.4021458923816681
Epoch: 45, AccTr: 0.9409000277519226, AccVa: 0.8700000047683716, CeTr: 0.17064441740512848, CeVa: 0.4143122434616089
ENSEMBLE | Tr_Acc: 0.9797000288963318, Tr_CE: 0.07826957106590271, Va_Acc: 0.9340000152587891, Va_CE: 0.23213161528110504
Epoch: 46, AccTr: 0.9473999738693237, AccVa: 0.8740000128746033, CeTr: 0.16431845724582672, CeVa: 0.43632006645202637
Epoch: 47, AccTr: 0.941100001335144, AccVa: 0.8815000057220459, CeTr: 0.16815312206745148, CeVa: 0.40523234009742737
Epoch: 48, AccTr: 0.9449999928474426, AccVa: 0.878000020980835, CeTr: 0.1630910336971283, CeVa: 0.3912387788295746
Epoch: 49, AccTr: 0.9455000162124634, AccVa: 0.8805000185966492, CeTr: 0.16566453874111176, CeVa: 0.4295879006385803
Epoch: 50, AccTr: 0.9447000026702881, AccVa: 0.8684999942779541, CeTr: 0.1628294140100479, CeVa: 0.4322751462459564
ENSEMBLE | Tr_Acc: 0.9801999926567078, Tr_CE: 0.07646135985851288, Va_Acc: 0.9340000152587891, Va_CE: 0.23200473189353943
Epoch: 51, AccTr: 0.9455999732017517, AccVa: 0.8805000185966492, CeTr: 0.1604384183883667, CeVa: 0.3985680341720581
Epoch: 52, AccTr: 0.9434999823570251, AccVa: 0.8740000128746033, CeTr: 0.1640777587890625, CeVa: 0.4272778630256653
Epoch: 53, AccTr: 0.9427000284194946, AccVa: 0.8755000233650208, CeTr: 0.16727520525455475, CeVa: 0.4235260486602783
Epoch: 54, AccTr: 0.9438999891281128, AccVa: 0.8799999952316284, CeTr: 0.168314129114151, CeVa: 0.39176681637763977
Epoch: 55, AccTr: 0.944599986076355, AccVa: 0.8690000176429749, CeTr: 0.16859379410743713, CeVa: 0.41895386576652527
ENSEMBLE | Tr_Acc: 0.9803000092506409, Tr_CE: 0.07533252239227295, Va_Acc: 0.9330000281333923, Va_CE: 0.2299409806728363
Epoch: 56, AccTr: 0.9469000101089478, AccVa: 0.8725000023841858, CeTr: 0.1619604229927063, CeVa: 0.4411676526069641
Epoch: 57, AccTr: 0.945900022983551, AccVa: 0.8799999952316284, CeTr: 0.15846340358257294, CeVa: 0.39657437801361084
Epoch: 58, AccTr: 0.9484000205993652, AccVa: 0.8679999709129333, CeTr: 0.15962642431259155, CeVa: 0.4415520131587982
Epoch: 59, AccTr: 0.944599986076355, AccVa: 0.871999979019165, CeTr: 0.1617082953453064, CeVa: 0.4038456082344055
Epoch: 60, AccTr: 0.9442999958992004, AccVa: 0.8725000023841858, CeTr: 0.16349296271800995, CeVa: 0.4500056803226471
ENSEMBLE | Tr_Acc: 0.9814000129699707, Tr_CE: 0.07428249716758728, Va_Acc: 0.9319999814033508, Va_CE: 0.23087076842784882
Epoch: 61, AccTr: 0.944100022315979, AccVa: 0.8744999766349792, CeTr: 0.16878286004066467, CeVa: 0.4438183307647705
Epoch: 62, AccTr: 0.9445000290870667, AccVa: 0.8755000233650208, CeTr: 0.16738341748714447, CeVa: 0.4532318711280823
Epoch: 63, AccTr: 0.9442999958992004, AccVa: 0.8700000047683716, CeTr: 0.15995141863822937, CeVa: 0.45394524931907654
Epoch: 64, AccTr: 0.9476000070571899, AccVa: 0.8784999847412109, CeTr: 0.1565830260515213, CeVa: 0.4203471541404724
Epoch: 65, AccTr: 0.9440000057220459, AccVa: 0.8794999718666077, CeTr: 0.16155391931533813, CeVa: 0.41371721029281616
ENSEMBLE | Tr_Acc: 0.9814000129699707, Tr_CE: 0.0733313262462616, Va_Acc: 0.9325000047683716, Va_CE: 0.23019418120384216
Epoch: 66, AccTr: 0.9435999989509583, AccVa: 0.8820000290870667, CeTr: 0.168868750333786, CeVa: 0.4256190061569214
Epoch: 67, AccTr: 0.9469000101089478, AccVa: 0.8730000257492065, CeTr: 0.1587895303964615, CeVa: 0.4505196213722229
Epoch: 68, AccTr: 0.9448000192642212, AccVa: 0.8744999766349792, CeTr: 0.15784680843353271, CeVa: 0.4511697590351105
Epoch: 69, AccTr: 0.9426000118255615, AccVa: 0.8669999837875366, CeTr: 0.16184426844120026, CeVa: 0.44561275839805603
Epoch: 70, AccTr: 0.9452000260353088, AccVa: 0.8759999871253967, CeTr: 0.16304253041744232, CeVa: 0.4040515422821045
ENSEMBLE | Tr_Acc: 0.9821000099182129, Tr_CE: 0.07242144644260406, Va_Acc: 0.934499979019165, Va_CE: 0.22831673920154572
Epoch: 71, AccTr: 0.9455999732017517, AccVa: 0.8740000128746033, CeTr: 0.1589902639389038, CeVa: 0.42874613404273987
Epoch: 72, AccTr: 0.942799985408783, AccVa: 0.8700000047683716, CeTr: 0.16441230475902557, CeVa: 0.44827255606651306
Epoch: 73, AccTr: 0.9459999799728394, AccVa: 0.8774999976158142, CeTr: 0.15988115966320038, CeVa: 0.4154553711414337
Epoch: 74, AccTr: 0.9459999799728394, AccVa: 0.878000020980835, CeTr: 0.16050677001476288, CeVa: 0.43240395188331604
Epoch: 75, AccTr: 0.9437999725341797, AccVa: 0.8629999756813049, CeTr: 0.1593114733695984, CeVa: 0.4425387382507324
ENSEMBLE | Tr_Acc: 0.9818999767303467, Tr_CE: 0.07116653770208359, Va_Acc: 0.9319999814033508, Va_CE: 0.22810854017734528
Epoch: 76, AccTr: 0.9423999786376953, AccVa: 0.8715000152587891, CeTr: 0.1645447164773941, CeVa: 0.4284854531288147
Epoch: 77, AccTr: 0.9473000168800354, AccVa: 0.8744999766349792, CeTr: 0.15471571683883667, CeVa: 0.42644521594047546
Epoch: 78, AccTr: 0.9509000182151794, AccVa: 0.8774999976158142, CeTr: 0.14829382300376892, CeVa: 0.411601722240448
Epoch: 79, AccTr: 0.9449999928474426, AccVa: 0.8815000057220459, CeTr: 0.15749061107635498, CeVa: 0.4181673228740692
Epoch: 80, AccTr: 0.9442999958992004, AccVa: 0.8769999742507935, CeTr: 0.15786033868789673, CeVa: 0.41745486855506897
ENSEMBLE | Tr_Acc: 0.9821000099182129, Tr_CE: 0.07027636468410492, Va_Acc: 0.9359999895095825, Va_CE: 0.22663311660289764
Epoch: 81, AccTr: 0.942799985408783, AccVa: 0.8755000233650208, CeTr: 0.1655779480934143, CeVa: 0.43100935220718384
Epoch: 82, AccTr: 0.9465000033378601, AccVa: 0.8690000176429749, CeTr: 0.1586197465658188, CeVa: 0.42860713601112366
Epoch: 83, AccTr: 0.9442999958992004, AccVa: 0.8705000281333923, CeTr: 0.16212448477745056, CeVa: 0.411655068397522
Epoch: 84, AccTr: 0.9451000094413757, AccVa: 0.8849999904632568, CeTr: 0.15646480023860931, CeVa: 0.407662034034729
Epoch: 85, AccTr: 0.9474999904632568, AccVa: 0.8765000104904175, CeTr: 0.15710975229740143, CeVa: 0.43486809730529785
ENSEMBLE | Tr_Acc: 0.9822999835014343, Tr_CE: 0.06925836205482483, Va_Acc: 0.9355000257492065, Va_CE: 0.22628970444202423
Epoch: 86, AccTr: 0.9472000002861023, AccVa: 0.8629999756813049, CeTr: 0.15401671826839447, CeVa: 0.4657144844532013
Epoch: 87, AccTr: 0.9473999738693237, AccVa: 0.8730000257492065, CeTr: 0.15387116372585297, CeVa: 0.44387686252593994
Epoch: 88, AccTr: 0.9480000138282776, AccVa: 0.8765000104904175, CeTr: 0.15391027927398682, CeVa: 0.4493267238140106
Epoch: 89, AccTr: 0.9448999762535095, AccVa: 0.8884999752044678, CeTr: 0.16027401387691498, CeVa: 0.4263293445110321
Epoch: 90, AccTr: 0.948199987411499, AccVa: 0.8774999976158142, CeTr: 0.15662893652915955, CeVa: 0.44453954696655273
ENSEMBLE | Tr_Acc: 0.982200026512146, Tr_CE: 0.06856886297464371, Va_Acc: 0.9365000128746033, Va_CE: 0.22700391709804535
Epoch: 91, AccTr: 0.9477999806404114, AccVa: 0.8794999718666077, CeTr: 0.15494054555892944, CeVa: 0.4069986641407013
Epoch: 92, AccTr: 0.9470000267028809, AccVa: 0.8759999871253967, CeTr: 0.1541902720928192, CeVa: 0.452215313911438
Epoch: 93, AccTr: 0.9466999769210815, AccVa: 0.8744999766349792, CeTr: 0.15645138919353485, CeVa: 0.42562592029571533
Epoch: 94, AccTr: 0.9460999965667725, AccVa: 0.8650000095367432, CeTr: 0.1595441848039627, CeVa: 0.46285393834114075
Epoch: 95, AccTr: 0.9506000280380249, AccVa: 0.8830000162124634, CeTr: 0.14845603704452515, CeVa: 0.4132341742515564
ENSEMBLE | Tr_Acc: 0.9832000136375427, Tr_CE: 0.06756071746349335, Va_Acc: 0.9365000128746033, Va_CE: 0.22628311812877655
Epoch: 96, AccTr: 0.9416000247001648, AccVa: 0.8805000185966492, CeTr: 0.16267535090446472, CeVa: 0.4101349413394928
Epoch: 97, AccTr: 0.9498999714851379, AccVa: 0.8820000290870667, CeTr: 0.15091358125209808, CeVa: 0.3888292908668518
Epoch: 98, AccTr: 0.9485999941825867, AccVa: 0.8669999837875366, CeTr: 0.1498517543077469, CeVa: 0.4429607093334198
Epoch: 99, AccTr: 0.9473999738693237, AccVa: 0.8740000128746033, CeTr: 0.15314359962940216, CeVa: 0.43820467591285706
Epoch: 100, AccTr: 0.9476000070571899, AccVa: 0.8730000257492065, CeTr: 0.1575593799352646, CeVa: 0.4262720048427582
ENSEMBLE | Tr_Acc: 0.9835000038146973, Tr_CE: 0.06677504628896713, Va_Acc: 0.9334999918937683, Va_CE: 0.22616559267044067
Epoch: 101, AccTr: 0.9474999904632568, AccVa: 0.8740000128746033, CeTr: 0.1552610546350479, CeVa: 0.443488210439682
Epoch: 102, AccTr: 0.9524000287055969, AccVa: 0.875, CeTr: 0.14683957397937775, CeVa: 0.4289627969264984
Epoch: 103, AccTr: 0.9463000297546387, AccVa: 0.8734999895095825, CeTr: 0.16043248772621155, CeVa: 0.4134426414966583
Epoch: 104, AccTr: 0.949999988079071, AccVa: 0.875, CeTr: 0.15494075417518616, CeVa: 0.40321728587150574
Epoch: 105, AccTr: 0.9449999928474426, AccVa: 0.8824999928474426, CeTr: 0.15504701435565948, CeVa: 0.4046582579612732
ENSEMBLE | Tr_Acc: 0.9836999773979187, Tr_CE: 0.06608280539512634, Va_Acc: 0.9369999766349792, Va_CE: 0.22472408413887024
Epoch: 106, AccTr: 0.9488999843597412, AccVa: 0.8845000267028809, CeTr: 0.1498071849346161, CeVa: 0.4087313115596771
Epoch: 107, AccTr: 0.9509000182151794, AccVa: 0.8740000128746033, CeTr: 0.14302004873752594, CeVa: 0.4250488579273224
Epoch: 108, AccTr: 0.945900022983551, AccVa: 0.8734999895095825, CeTr: 0.15462109446525574, CeVa: 0.4329947233200073
Epoch: 109, AccTr: 0.949400007724762, AccVa: 0.8755000233650208, CeTr: 0.15262512862682343, CeVa: 0.4355989992618561
Epoch: 110, AccTr: 0.9484999775886536, AccVa: 0.8859999775886536, CeTr: 0.14559869468212128, CeVa: 0.43162277340888977
ENSEMBLE | Tr_Acc: 0.983299970626831, Tr_CE: 0.06533905118703842, Va_Acc: 0.9375, Va_CE: 0.2247077077627182
Epoch: 111, AccTr: 0.9466000199317932, AccVa: 0.878000020980835, CeTr: 0.15743784606456757, CeVa: 0.4392063617706299
Epoch: 112, AccTr: 0.9455000162124634, AccVa: 0.8675000071525574, CeTr: 0.16201604902744293, CeVa: 0.48771971464157104
Epoch: 113, AccTr: 0.9484999775886536, AccVa: 0.8684999942779541, CeTr: 0.14854486286640167, CeVa: 0.4630431532859802
Epoch: 114, AccTr: 0.949400007724762, AccVa: 0.8769999742507935, CeTr: 0.14840812981128693, CeVa: 0.45011815428733826
Epoch: 115, AccTr: 0.944599986076355, AccVa: 0.878000020980835, CeTr: 0.16089530289173126, CeVa: 0.40820077061653137
ENSEMBLE | Tr_Acc: 0.9836999773979187, Tr_CE: 0.06493744999170303, Va_Acc: 0.9384999871253967, Va_CE: 0.22434137761592865
Epoch: 116, AccTr: 0.9485999941825867, AccVa: 0.8659999966621399, CeTr: 0.15555575489997864, CeVa: 0.4306156039237976
Epoch: 117, AccTr: 0.9508000016212463, AccVa: 0.8730000257492065, CeTr: 0.14451143145561218, CeVa: 0.4345186650753021
Epoch: 118, AccTr: 0.9466999769210815, AccVa: 0.8665000200271606, CeTr: 0.1516219675540924, CeVa: 0.44489890336990356
Epoch: 119, AccTr: 0.9473000168800354, AccVa: 0.8759999871253967, CeTr: 0.15106162428855896, CeVa: 0.43042248487472534
Epoch: 120, AccTr: 0.9491999745368958, AccVa: 0.862500011920929, CeTr: 0.14992237091064453, CeVa: 0.4637891352176666
ENSEMBLE | Tr_Acc: 0.9842000007629395, Tr_CE: 0.06423094123601913, Va_Acc: 0.9375, Va_CE: 0.2253720462322235
Epoch: 121, AccTr: 0.9488000273704529, AccVa: 0.871999979019165, CeTr: 0.14764267206192017, CeVa: 0.45104506611824036
Epoch: 122, AccTr: 0.947700023651123, AccVa: 0.8730000257492065, CeTr: 0.15499074757099152, CeVa: 0.45596522092819214
Epoch: 123, AccTr: 0.9484999775886536, AccVa: 0.8820000290870667, CeTr: 0.15254557132720947, CeVa: 0.429645836353302
Epoch: 124, AccTr: 0.951200008392334, AccVa: 0.8794999718666077, CeTr: 0.14939181506633759, CeVa: 0.4166033864021301
Epoch: 125, AccTr: 0.9476000070571899, AccVa: 0.8665000200271606, CeTr: 0.14723019301891327, CeVa: 0.47133100032806396
ENSEMBLE | Tr_Acc: 0.9842000007629395, Tr_CE: 0.06352011859416962, Va_Acc: 0.9355000257492065, Va_CE: 0.22614559531211853
Epoch: 126, AccTr: 0.9472000002861023, AccVa: 0.871999979019165, CeTr: 0.15378166735172272, CeVa: 0.4300011694431305
Epoch: 127, AccTr: 0.9459999799728394, AccVa: 0.8690000176429749, CeTr: 0.1563490927219391, CeVa: 0.42330774664878845
Epoch: 128, AccTr: 0.9452999830245972, AccVa: 0.8604999780654907, CeTr: 0.15233977138996124, CeVa: 0.47696277499198914
Epoch: 129, AccTr: 0.9535999894142151, AccVa: 0.871999979019165, CeTr: 0.14275778830051422, CeVa: 0.43493831157684326
Epoch: 130, AccTr: 0.9476000070571899, AccVa: 0.8759999871253967, CeTr: 0.15037032961845398, CeVa: 0.46560338139533997
ENSEMBLE | Tr_Acc: 0.9840999841690063, Tr_CE: 0.0630323737859726, Va_Acc: 0.9350000023841858, Va_CE: 0.2273647040128708
Epoch: 131, AccTr: 0.9509999752044678, AccVa: 0.8755000233650208, CeTr: 0.14672429859638214, CeVa: 0.4329146444797516
Epoch: 132, AccTr: 0.9484000205993652, AccVa: 0.8809999823570251, CeTr: 0.15327699482440948, CeVa: 0.4292157292366028
Epoch: 133, AccTr: 0.9476000070571899, AccVa: 0.8845000267028809, CeTr: 0.15354105830192566, CeVa: 0.41042232513427734
Epoch: 134, AccTr: 0.9444000124931335, AccVa: 0.8824999928474426, CeTr: 0.1552782952785492, CeVa: 0.4252455234527588
Epoch: 135, AccTr: 0.9495999813079834, AccVa: 0.887499988079071, CeTr: 0.1482260674238205, CeVa: 0.42944225668907166
ENSEMBLE | Tr_Acc: 0.9846000075340271, Tr_CE: 0.06240338087081909, Va_Acc: 0.9355000257492065, Va_CE: 0.2276269495487213
Epoch: 136, AccTr: 0.9508000016212463, AccVa: 0.8774999976158142, CeTr: 0.14006012678146362, CeVa: 0.4252626895904541
Epoch: 137, AccTr: 0.9492999911308289, AccVa: 0.8790000081062317, CeTr: 0.14325565099716187, CeVa: 0.434500515460968
Epoch: 138, AccTr: 0.9519000053405762, AccVa: 0.8805000185966492, CeTr: 0.14078879356384277, CeVa: 0.4514366388320923
Epoch: 139, AccTr: 0.9487000107765198, AccVa: 0.871999979019165, CeTr: 0.14995281398296356, CeVa: 0.44643449783325195
Epoch: 140, AccTr: 0.944100022315979, AccVa: 0.8679999709129333, CeTr: 0.15092912316322327, CeVa: 0.48232200741767883
ENSEMBLE | Tr_Acc: 0.9847999811172485, Tr_CE: 0.06189355626702309, Va_Acc: 0.9365000128746033, Va_CE: 0.22803956270217896
Epoch: 141, AccTr: 0.9508000016212463, AccVa: 0.8675000071525574, CeTr: 0.14478693902492523, CeVa: 0.445827841758728
Epoch: 142, AccTr: 0.9478999972343445, AccVa: 0.875, CeTr: 0.1431446522474289, CeVa: 0.4458327889442444
Epoch: 143, AccTr: 0.948199987411499, AccVa: 0.8690000176429749, CeTr: 0.1488303244113922, CeVa: 0.45836272835731506
Epoch: 144, AccTr: 0.9498999714851379, AccVa: 0.8784999847412109, CeTr: 0.14558832347393036, CeVa: 0.4464195668697357
Epoch: 145, AccTr: 0.9470999836921692, AccVa: 0.8809999823570251, CeTr: 0.15227161347866058, CeVa: 0.4391325116157532
ENSEMBLE | Tr_Acc: 0.9850000143051147, Tr_CE: 0.06146698072552681, Va_Acc: 0.9375, Va_CE: 0.22790460288524628
Epoch: 146, AccTr: 0.9527999758720398, AccVa: 0.8694999814033508, CeTr: 0.14679743349552155, CeVa: 0.4651941657066345
Epoch: 147, AccTr: 0.9480999708175659, AccVa: 0.8824999928474426, CeTr: 0.14755825698375702, CeVa: 0.42353522777557373
Epoch: 148, AccTr: 0.9491000175476074, AccVa: 0.8654999732971191, CeTr: 0.14918270707130432, CeVa: 0.4789920747280121
Epoch: 149, AccTr: 0.9487000107765198, AccVa: 0.8725000023841858, CeTr: 0.14398691058158875, CeVa: 0.4401841163635254
Epoch: 150, AccTr: 0.9466999769210815, AccVa: 0.8669999837875366, CeTr: 0.14535586535930634, CeVa: 0.46408960223197937
ENSEMBLE | Tr_Acc: 0.9854000210762024, Tr_CE: 0.060959119349718094, Va_Acc: 0.9355000257492065, Va_CE: 0.22853544354438782
Epoch: 151, AccTr: 0.9496999979019165, AccVa: 0.8815000057220459, CeTr: 0.1455361396074295, CeVa: 0.4472509026527405
Epoch: 152, AccTr: 0.9488999843597412, AccVa: 0.8715000152587891, CeTr: 0.14398439228534698, CeVa: 0.4698839783668518
Epoch: 153, AccTr: 0.9485999941825867, AccVa: 0.8640000224113464, CeTr: 0.14399591088294983, CeVa: 0.4797135591506958
Epoch: 154, AccTr: 0.9478999972343445, AccVa: 0.8684999942779541, CeTr: 0.14668802917003632, CeVa: 0.4723500609397888
Epoch: 155, AccTr: 0.9492999911308289, AccVa: 0.871999979019165, CeTr: 0.14674849808216095, CeVa: 0.477844774723053
ENSEMBLE | Tr_Acc: 0.9853000044822693, Tr_CE: 0.0604860857129097, Va_Acc: 0.934499979019165, Va_CE: 0.22984318435192108
Epoch: 156, AccTr: 0.949999988079071, AccVa: 0.8659999966621399, CeTr: 0.1442444622516632, CeVa: 0.46951740980148315
Epoch: 157, AccTr: 0.9520999789237976, AccVa: 0.8694999814033508, CeTr: 0.14096471667289734, CeVa: 0.44554662704467773
Epoch: 158, AccTr: 0.9491999745368958, AccVa: 0.8610000014305115, CeTr: 0.14190833270549774, CeVa: 0.4860179126262665
Epoch: 159, AccTr: 0.9502000212669373, AccVa: 0.8740000128746033, CeTr: 0.13512307405471802, CeVa: 0.4639874994754791
Epoch: 160, AccTr: 0.9495999813079834, AccVa: 0.8799999952316284, CeTr: 0.1451915055513382, CeVa: 0.449828177690506
ENSEMBLE | Tr_Acc: 0.9854000210762024, Tr_CE: 0.0599079392850399, Va_Acc: 0.934499979019165, Va_CE: 0.22956115007400513
Epoch: 161, AccTr: 0.949400007724762, AccVa: 0.8774999976158142, CeTr: 0.14668364822864532, CeVa: 0.4295111894607544
Epoch: 162, AccTr: 0.953000009059906, AccVa: 0.8679999709129333, CeTr: 0.13453221321105957, CeVa: 0.4617612957954407
Epoch: 163, AccTr: 0.9491000175476074, AccVa: 0.8659999966621399, CeTr: 0.1425614058971405, CeVa: 0.43545040488243103
Epoch: 164, AccTr: 0.9513000249862671, AccVa: 0.875, CeTr: 0.13690690696239471, CeVa: 0.45824265480041504
Epoch: 165, AccTr: 0.9469000101089478, AccVa: 0.8659999966621399, CeTr: 0.1458236128091812, CeVa: 0.46775323152542114
ENSEMBLE | Tr_Acc: 0.9857000112533569, Tr_CE: 0.059248145669698715, Va_Acc: 0.9334999918937683, Va_CE: 0.2294507771730423
Epoch: 166, AccTr: 0.9501000046730042, AccVa: 0.8650000095367432, CeTr: 0.14231322705745697, CeVa: 0.457859069108963
Epoch: 167, AccTr: 0.9516000151634216, AccVa: 0.8715000152587891, CeTr: 0.14274311065673828, CeVa: 0.45138248801231384
Epoch: 168, AccTr: 0.9498000144958496, AccVa: 0.8744999766349792, CeTr: 0.1431627720594406, CeVa: 0.46197405457496643
Epoch: 169, AccTr: 0.95169997215271, AccVa: 0.8755000233650208, CeTr: 0.1343359798192978, CeVa: 0.4346665143966675
Epoch: 170, AccTr: 0.953000009059906, AccVa: 0.8790000081062317, CeTr: 0.13565121591091156, CeVa: 0.4445004165172577
ENSEMBLE | Tr_Acc: 0.9865000247955322, Tr_CE: 0.0585787370800972, Va_Acc: 0.9325000047683716, Va_CE: 0.22917120158672333
Epoch: 171, AccTr: 0.9527000188827515, AccVa: 0.8694999814033508, CeTr: 0.13871575891971588, CeVa: 0.4312005043029785
Epoch: 172, AccTr: 0.9509000182151794, AccVa: 0.8734999895095825, CeTr: 0.14114612340927124, CeVa: 0.45616209506988525
Epoch: 173, AccTr: 0.9498000144958496, AccVa: 0.8709999918937683, CeTr: 0.14034076035022736, CeVa: 0.4565240442752838
Epoch: 174, AccTr: 0.9516000151634216, AccVa: 0.8759999871253967, CeTr: 0.13647320866584778, CeVa: 0.41792967915534973
Epoch: 175, AccTr: 0.9510999917984009, AccVa: 0.8715000152587891, CeTr: 0.1389261931180954, CeVa: 0.4432261884212494
ENSEMBLE | Tr_Acc: 0.9873999953269958, Tr_CE: 0.057948216795921326, Va_Acc: 0.9350000023841858, Va_CE: 0.22835570573806763
Epoch: 176, AccTr: 0.9490000009536743, AccVa: 0.875, CeTr: 0.14519242942333221, CeVa: 0.45922333002090454
Epoch: 177, AccTr: 0.9513000249862671, AccVa: 0.8769999742507935, CeTr: 0.13565793633460999, CeVa: 0.4340136647224426
Epoch: 178, AccTr: 0.9514999985694885, AccVa: 0.8774999976158142, CeTr: 0.1403512954711914, CeVa: 0.45712608098983765
Epoch: 179, AccTr: 0.9458000063896179, AccVa: 0.8705000281333923, CeTr: 0.1463732123374939, CeVa: 0.4738282263278961
Epoch: 180, AccTr: 0.9514999985694885, AccVa: 0.8769999742507935, CeTr: 0.1395779848098755, CeVa: 0.4601638913154602
ENSEMBLE | Tr_Acc: 0.9866999983787537, Tr_CE: 0.057383935898542404, Va_Acc: 0.934499979019165, Va_CE: 0.2280825674533844
Epoch: 181, AccTr: 0.9484999775886536, AccVa: 0.8629999756813049, CeTr: 0.14418251812458038, CeVa: 0.45996350049972534
Epoch: 182, AccTr: 0.9502000212669373, AccVa: 0.8709999918937683, CeTr: 0.1468115895986557, CeVa: 0.4540785849094391
Epoch: 183, AccTr: 0.9513000249862671, AccVa: 0.8730000257492065, CeTr: 0.14372503757476807, CeVa: 0.4535839855670929
Epoch: 184, AccTr: 0.953000009059906, AccVa: 0.8700000047683716, CeTr: 0.1377345472574234, CeVa: 0.4880930781364441
Epoch: 185, AccTr: 0.9527000188827515, AccVa: 0.8644999861717224, CeTr: 0.13402333855628967, CeVa: 0.49241960048675537
ENSEMBLE | Tr_Acc: 0.9872000217437744, Tr_CE: 0.05675467476248741, Va_Acc: 0.934499979019165, Va_CE: 0.22897055745124817
Epoch: 186, AccTr: 0.95169997215271, AccVa: 0.8715000152587891, CeTr: 0.14133232831954956, CeVa: 0.4646996855735779
Epoch: 187, AccTr: 0.9520999789237976, AccVa: 0.8755000233650208, CeTr: 0.1357293277978897, CeVa: 0.46105876564979553
Epoch: 188, AccTr: 0.9524999856948853, AccVa: 0.8755000233650208, CeTr: 0.13899189233779907, CeVa: 0.48821601271629333
Epoch: 189, AccTr: 0.9495000243186951, AccVa: 0.8675000071525574, CeTr: 0.13721463084220886, CeVa: 0.4827732741832733
Epoch: 190, AccTr: 0.9521999955177307, AccVa: 0.8684999942779541, CeTr: 0.13840866088867188, CeVa: 0.47032099962234497
ENSEMBLE | Tr_Acc: 0.987500011920929, Tr_CE: 0.0562312975525856, Va_Acc: 0.9355000257492065, Va_CE: 0.22904296219348907
Epoch: 191, AccTr: 0.949999988079071, AccVa: 0.8815000057220459, CeTr: 0.14255772531032562, CeVa: 0.44826000928878784
Epoch: 192, AccTr: 0.9517999887466431, AccVa: 0.8734999895095825, CeTr: 0.14046771824359894, CeVa: 0.438982218503952
Epoch: 193, AccTr: 0.9502000212669373, AccVa: 0.8755000233650208, CeTr: 0.14238622784614563, CeVa: 0.47160229086875916
Epoch: 194, AccTr: 0.949400007724762, AccVa: 0.8809999823570251, CeTr: 0.13586117327213287, CeVa: 0.39875397086143494
Epoch: 195, AccTr: 0.9498000144958496, AccVa: 0.8694999814033508, CeTr: 0.14465785026550293, CeVa: 0.451912522315979
ENSEMBLE | Tr_Acc: 0.9872000217437744, Tr_CE: 0.055899858474731445, Va_Acc: 0.9340000152587891, Va_CE: 0.2288823127746582
Epoch: 196, AccTr: 0.9520000219345093, AccVa: 0.8730000257492065, CeTr: 0.13379907608032227, CeVa: 0.4863756000995636
Epoch: 197, AccTr: 0.9531000256538391, AccVa: 0.8744999766349792, CeTr: 0.1365322470664978, CeVa: 0.45987993478775024
Epoch: 198, AccTr: 0.9534000158309937, AccVa: 0.8665000200271606, CeTr: 0.13788311183452606, CeVa: 0.49876418709754944
Epoch: 199, AccTr: 0.9531999826431274, AccVa: 0.8690000176429749, CeTr: 0.1371583789587021, CeVa: 0.4808718264102936
Epoch: 200, AccTr: 0.9528999924659729, AccVa: 0.8665000200271606, CeTr: 0.13248270750045776, CeVa: 0.48859697580337524
ENSEMBLE | Tr_Acc: 0.9876999855041504, Tr_CE: 0.055400315672159195, Va_Acc: 0.9340000152587891, Va_CE: 0.22915033996105194
NN CONFIG
Weight-type:		ternary
Layout									Layer #1: 250	Layer #2: 220	
Activation Functions					Layer #1: ets	Layer #2: ets	
Keep probabilities		Layer #0: 1.0	Layer #1: 1.0	Layer #2: 1.0	
Flat factors							Layer #1: 1.0	Layer #2: 1.0	Layer #3: 1.0	
Activation Noise						Layer #1: 0.0	Layer #2: 0.0	Layer #3: 0.0	
Prior: 0.8

===================================

RUN CONFIG
Epochs: 200, Blocksize: 4

===================================

Input binarization: False
Pretrained network accuracy: 0.9980000257492065
Epoch: 0, AccTr: 0.2944999933242798, AccVa: 0.30250000953674316, CeTr: 3.210049867630005, CeVa: 3.1841931343078613
Epoch: 1, AccTr: 0.9390000104904175, AccVa: 0.8820000290870667, CeTr: 0.19228632748126984, CeVa: 0.4104820787906647
Epoch: 2, AccTr: 0.9445000290870667, AccVa: 0.8774999976158142, CeTr: 0.174418106675148, CeVa: 0.4042147099971771
Epoch: 3, AccTr: 0.9447000026702881, AccVa: 0.8744999766349792, CeTr: 0.16770905256271362, CeVa: 0.4122941792011261
Epoch: 4, AccTr: 0.9466000199317932, AccVa: 0.8675000071525574, CeTr: 0.16140057146549225, CeVa: 0.4374634623527527
Epoch: 5, AccTr: 0.9452000260353088, AccVa: 0.8675000071525574, CeTr: 0.16281792521476746, CeVa: 0.4388124942779541
Epoch: 6, AccTr: 0.949400007724762, AccVa: 0.8740000128746033, CeTr: 0.15617895126342773, CeVa: 0.44706451892852783
Epoch: 7, AccTr: 0.945900022983551, AccVa: 0.878000020980835, CeTr: 0.16016283631324768, CeVa: 0.4404947757720947
Epoch: 8, AccTr: 0.9452000260353088, AccVa: 0.8774999976158142, CeTr: 0.15687033534049988, CeVa: 0.4364998936653137
Epoch: 9, AccTr: 0.9476000070571899, AccVa: 0.8765000104904175, CeTr: 0.15454226732254028, CeVa: 0.43339288234710693
Epoch: 10, AccTr: 0.9470999836921692, AccVa: 0.8790000081062317, CeTr: 0.16035430133342743, CeVa: 0.4402436912059784
ENSEMBLE | Tr_Acc: 0.9470999836921692, Tr_CE: 0.16035430133342743, Va_Acc: 0.8790000081062317, Va_CE: 0.4402436912059784
Epoch: 11, AccTr: 0.9447000026702881, AccVa: 0.8684999942779541, CeTr: 0.15986689925193787, CeVa: 0.42954468727111816
Epoch: 12, AccTr: 0.9462000131607056, AccVa: 0.8859999775886536, CeTr: 0.15705637633800507, CeVa: 0.39765048027038574
Epoch: 13, AccTr: 0.9449999928474426, AccVa: 0.8799999952316284, CeTr: 0.15615534782409668, CeVa: 0.4338766932487488
Epoch: 14, AccTr: 0.9455000162124634, AccVa: 0.8709999918937683, CeTr: 0.15865777432918549, CeVa: 0.4649868607521057
Epoch: 15, AccTr: 0.9466999769210815, AccVa: 0.8809999823570251, CeTr: 0.15753450989723206, CeVa: 0.40790170431137085
ENSEMBLE | Tr_Acc: 0.9699000120162964, Tr_CE: 0.10163439065217972, Va_Acc: 0.9085000157356262, Va_CE: 0.3215668797492981
Epoch: 16, AccTr: 0.945900022983551, AccVa: 0.8769999742507935, CeTr: 0.1589203029870987, CeVa: 0.4456004798412323
Epoch: 17, AccTr: 0.9487000107765198, AccVa: 0.8765000104904175, CeTr: 0.1524820625782013, CeVa: 0.4437653124332428
Epoch: 18, AccTr: 0.9473999738693237, AccVa: 0.878000020980835, CeTr: 0.1550436019897461, CeVa: 0.4285075068473816
Epoch: 19, AccTr: 0.9473999738693237, AccVa: 0.8799999952316284, CeTr: 0.15695300698280334, CeVa: 0.4420343339443207
Epoch: 20, AccTr: 0.9441999793052673, AccVa: 0.878000020980835, CeTr: 0.16330544650554657, CeVa: 0.46522268652915955
ENSEMBLE | Tr_Acc: 0.9757999777793884, Tr_CE: 0.08663304150104523, Va_Acc: 0.9185000061988831, Va_CE: 0.29573166370391846
Epoch: 21, AccTr: 0.9423999786376953, AccVa: 0.8759999871253967, CeTr: 0.16202270984649658, CeVa: 0.4323160946369171
Epoch: 22, AccTr: 0.9448999762535095, AccVa: 0.8725000023841858, CeTr: 0.16080209612846375, CeVa: 0.46791964769363403
Epoch: 23, AccTr: 0.9449999928474426, AccVa: 0.8769999742507935, CeTr: 0.15880408883094788, CeVa: 0.4631640613079071
Epoch: 24, AccTr: 0.9448000192642212, AccVa: 0.8665000200271606, CeTr: 0.1544555425643921, CeVa: 0.4860376715660095
Epoch: 25, AccTr: 0.9462000131607056, AccVa: 0.8654999732971191, CeTr: 0.1588028520345688, CeVa: 0.4616108536720276
ENSEMBLE | Tr_Acc: 0.9793999791145325, Tr_CE: 0.07942502200603485, Va_Acc: 0.9194999933242798, Va_CE: 0.28727325797080994
Epoch: 26, AccTr: 0.9480999708175659, AccVa: 0.8684999942779541, CeTr: 0.1467471420764923, CeVa: 0.45863133668899536
Epoch: 27, AccTr: 0.945900022983551, AccVa: 0.8700000047683716, CeTr: 0.1514006406068802, CeVa: 0.45166492462158203
Epoch: 28, AccTr: 0.9472000002861023, AccVa: 0.878000020980835, CeTr: 0.15021812915802002, CeVa: 0.43899571895599365
Epoch: 29, AccTr: 0.9491000175476074, AccVa: 0.8715000152587891, CeTr: 0.14844419062137604, CeVa: 0.4404769241809845
Epoch: 30, AccTr: 0.949999988079071, AccVa: 0.8759999871253967, CeTr: 0.1441570669412613, CeVa: 0.4687116742134094
ENSEMBLE | Tr_Acc: 0.982200026512146, Tr_CE: 0.07221595197916031, Va_Acc: 0.9179999828338623, Va_CE: 0.2820339798927307
Epoch: 31, AccTr: 0.9488999843597412, AccVa: 0.8715000152587891, CeTr: 0.1481960266828537, CeVa: 0.47874516248703003
Epoch: 32, AccTr: 0.95169997215271, AccVa: 0.8730000257492065, CeTr: 0.14905640482902527, CeVa: 0.4589506983757019
Epoch: 33, AccTr: 0.9508000016212463, AccVa: 0.8815000057220459, CeTr: 0.14745180308818817, CeVa: 0.447691947221756
Epoch: 34, AccTr: 0.9473000168800354, AccVa: 0.8730000257492065, CeTr: 0.14300188422203064, CeVa: 0.4623453617095947
Epoch: 35, AccTr: 0.9495000243186951, AccVa: 0.8755000233650208, CeTr: 0.149360790848732, CeVa: 0.42793339490890503
ENSEMBLE | Tr_Acc: 0.982699990272522, Tr_CE: 0.06847567111253738, Va_Acc: 0.9204999804496765, Va_CE: 0.27122971415519714
Epoch: 36, AccTr: 0.9473000168800354, AccVa: 0.8654999732971191, CeTr: 0.15491320192813873, CeVa: 0.47231757640838623
Epoch: 37, AccTr: 0.949400007724762, AccVa: 0.8784999847412109, CeTr: 0.1415673792362213, CeVa: 0.44241654872894287
Epoch: 38, AccTr: 0.9491000175476074, AccVa: 0.8809999823570251, CeTr: 0.14684820175170898, CeVa: 0.44161492586135864
Epoch: 39, AccTr: 0.9470999836921692, AccVa: 0.8730000257492065, CeTr: 0.1463136076927185, CeVa: 0.4613786041736603
Epoch: 40, AccTr: 0.9480000138282776, AccVa: 0.8705000281333923, CeTr: 0.14156502485275269, CeVa: 0.4377048909664154
ENSEMBLE | Tr_Acc: 0.9837999939918518, Tr_CE: 0.06488308310508728, Va_Acc: 0.925000011920929, Va_CE: 0.2638345956802368
Epoch: 41, AccTr: 0.9524999856948853, AccVa: 0.8774999976158142, CeTr: 0.14087578654289246, CeVa: 0.4354982078075409
Epoch: 42, AccTr: 0.9517999887466431, AccVa: 0.8669999837875366, CeTr: 0.14484970271587372, CeVa: 0.4793162941932678
Epoch: 43, AccTr: 0.954200029373169, AccVa: 0.8675000071525574, CeTr: 0.13685739040374756, CeVa: 0.4874702990055084
Epoch: 44, AccTr: 0.9460999965667725, AccVa: 0.8650000095367432, CeTr: 0.15067832171916962, CeVa: 0.4940864145755768
Epoch: 45, AccTr: 0.9538000226020813, AccVa: 0.871999979019165, CeTr: 0.1361723691225052, CeVa: 0.4800267219543457
ENSEMBLE | Tr_Acc: 0.9847999811172485, Tr_CE: 0.06163507699966431, Va_Acc: 0.925000011920929, Va_CE: 0.2639675438404083
Epoch: 46, AccTr: 0.953499972820282, AccVa: 0.8694999814033508, CeTr: 0.1413390040397644, CeVa: 0.48531076312065125
Epoch: 47, AccTr: 0.9506999850273132, AccVa: 0.8679999709129333, CeTr: 0.1398417204618454, CeVa: 0.4605678617954254
Epoch: 48, AccTr: 0.948199987411499, AccVa: 0.8815000057220459, CeTr: 0.14321504533290863, CeVa: 0.4713771641254425
Epoch: 49, AccTr: 0.9491999745368958, AccVa: 0.871999979019165, CeTr: 0.14423879981040955, CeVa: 0.4689008295536041
Epoch: 50, AccTr: 0.949400007724762, AccVa: 0.8679999709129333, CeTr: 0.1398388296365738, CeVa: 0.4493739902973175
ENSEMBLE | Tr_Acc: 0.9854999780654907, Tr_CE: 0.05917083099484444, Va_Acc: 0.9284999966621399, Va_CE: 0.2599972188472748
Epoch: 51, AccTr: 0.9513000249862671, AccVa: 0.8815000057220459, CeTr: 0.13904084265232086, CeVa: 0.44816529750823975
Epoch: 52, AccTr: 0.9465000033378601, AccVa: 0.8730000257492065, CeTr: 0.14787760376930237, CeVa: 0.4794568419456482
Epoch: 53, AccTr: 0.9509999752044678, AccVa: 0.862500011920929, CeTr: 0.1358899474143982, CeVa: 0.5377858281135559
Epoch: 54, AccTr: 0.9483000040054321, AccVa: 0.8709999918937683, CeTr: 0.1429930180311203, CeVa: 0.5026464462280273
Epoch: 55, AccTr: 0.9524999856948853, AccVa: 0.8840000033378601, CeTr: 0.1380220204591751, CeVa: 0.47748664021492004
ENSEMBLE | Tr_Acc: 0.9855999946594238, Tr_CE: 0.05735037848353386, Va_Acc: 0.9284999966621399, Va_CE: 0.259452223777771
Epoch: 56, AccTr: 0.9531999826431274, AccVa: 0.8759999871253967, CeTr: 0.13524052500724792, CeVa: 0.4511844515800476
Epoch: 57, AccTr: 0.9513000249862671, AccVa: 0.878000020980835, CeTr: 0.1406031996011734, CeVa: 0.4635527431964874
Epoch: 58, AccTr: 0.9514999985694885, AccVa: 0.878000020980835, CeTr: 0.13732287287712097, CeVa: 0.4605259597301483
Epoch: 59, AccTr: 0.9473000168800354, AccVa: 0.8809999823570251, CeTr: 0.1432957947254181, CeVa: 0.43740761280059814
Epoch: 60, AccTr: 0.9552000164985657, AccVa: 0.8700000047683716, CeTr: 0.13387882709503174, CeVa: 0.48705869913101196
ENSEMBLE | Tr_Acc: 0.9861999750137329, Tr_CE: 0.05548460781574249, Va_Acc: 0.9259999990463257, Va_CE: 0.2588869333267212
Epoch: 61, AccTr: 0.9538999795913696, AccVa: 0.8765000104904175, CeTr: 0.13313411176204681, CeVa: 0.45667871832847595
Epoch: 62, AccTr: 0.9495000243186951, AccVa: 0.8694999814033508, CeTr: 0.13971814513206482, CeVa: 0.4588778018951416
Epoch: 63, AccTr: 0.9491999745368958, AccVa: 0.871999979019165, CeTr: 0.13719360530376434, CeVa: 0.4835875332355499
Epoch: 64, AccTr: 0.9506999850273132, AccVa: 0.8709999918937683, CeTr: 0.13851450383663177, CeVa: 0.5064607262611389
Epoch: 65, AccTr: 0.9535999894142151, AccVa: 0.8715000152587891, CeTr: 0.13829950988292694, CeVa: 0.5004745721817017
ENSEMBLE | Tr_Acc: 0.9868000149726868, Tr_CE: 0.05395901948213577, Va_Acc: 0.9265000224113464, Va_CE: 0.2592307925224304
Epoch: 66, AccTr: 0.9527999758720398, AccVa: 0.8774999976158142, CeTr: 0.14017675817012787, CeVa: 0.48152869939804077
Epoch: 67, AccTr: 0.9528999924659729, AccVa: 0.8794999718666077, CeTr: 0.136699378490448, CeVa: 0.4354064464569092
Epoch: 68, AccTr: 0.9520000219345093, AccVa: 0.8820000290870667, CeTr: 0.1371520608663559, CeVa: 0.41667211055755615
Epoch: 69, AccTr: 0.9492999911308289, AccVa: 0.875, CeTr: 0.13973328471183777, CeVa: 0.4756888151168823
Epoch: 70, AccTr: 0.9527000188827515, AccVa: 0.8690000176429749, CeTr: 0.1314951628446579, CeVa: 0.4939114451408386
ENSEMBLE | Tr_Acc: 0.9871000051498413, Tr_CE: 0.05246501415967941, Va_Acc: 0.9254999756813049, Va_CE: 0.2584996223449707
Epoch: 71, AccTr: 0.95660001039505, AccVa: 0.8709999918937683, CeTr: 0.13371367752552032, CeVa: 0.4782279133796692
Epoch: 72, AccTr: 0.9477999806404114, AccVa: 0.8705000281333923, CeTr: 0.13819850981235504, CeVa: 0.5209840536117554
Epoch: 73, AccTr: 0.9510999917984009, AccVa: 0.875, CeTr: 0.13706892728805542, CeVa: 0.48642289638519287
Epoch: 74, AccTr: 0.9506000280380249, AccVa: 0.8744999766349792, CeTr: 0.1385943442583084, CeVa: 0.47157829999923706
Epoch: 75, AccTr: 0.9526000022888184, AccVa: 0.8690000176429749, CeTr: 0.138071671128273, CeVa: 0.5023012161254883
ENSEMBLE | Tr_Acc: 0.9879999756813049, Tr_CE: 0.0515119805932045, Va_Acc: 0.9240000247955322, Va_CE: 0.2593936026096344
Epoch: 76, AccTr: 0.9506000280380249, AccVa: 0.8669999837875366, CeTr: 0.13726860284805298, CeVa: 0.5128905177116394
Epoch: 77, AccTr: 0.9541000127792358, AccVa: 0.8675000071525574, CeTr: 0.13219492137432098, CeVa: 0.5134836435317993
Epoch: 78, AccTr: 0.9491999745368958, AccVa: 0.8679999709129333, CeTr: 0.13782517611980438, CeVa: 0.48161792755126953
Epoch: 79, AccTr: 0.9509999752044678, AccVa: 0.8659999966621399, CeTr: 0.13691823184490204, CeVa: 0.5069135427474976
Epoch: 80, AccTr: 0.9527000188827515, AccVa: 0.8700000047683716, CeTr: 0.13484033942222595, CeVa: 0.5114207863807678
ENSEMBLE | Tr_Acc: 0.9879999756813049, Tr_CE: 0.05071030929684639, Va_Acc: 0.9235000014305115, Va_CE: 0.26059457659721375
Epoch: 81, AccTr: 0.9503999948501587, AccVa: 0.8705000281333923, CeTr: 0.13255612552165985, CeVa: 0.5241907835006714
Epoch: 82, AccTr: 0.9552000164985657, AccVa: 0.8700000047683716, CeTr: 0.12686020135879517, CeVa: 0.478833943605423
Epoch: 83, AccTr: 0.9524999856948853, AccVa: 0.8730000257492065, CeTr: 0.12901802361011505, CeVa: 0.5176911950111389
Epoch: 84, AccTr: 0.9535999894142151, AccVa: 0.8690000176429749, CeTr: 0.12892763316631317, CeVa: 0.49567216634750366
Epoch: 85, AccTr: 0.9505000114440918, AccVa: 0.8725000023841858, CeTr: 0.1355554759502411, CeVa: 0.48621973395347595
ENSEMBLE | Tr_Acc: 0.9882000088691711, Tr_CE: 0.04984595254063606, Va_Acc: 0.9244999885559082, Va_CE: 0.2596913278102875
Epoch: 86, AccTr: 0.9553999900817871, AccVa: 0.8640000224113464, CeTr: 0.12761332094669342, CeVa: 0.5071184039115906
Epoch: 87, AccTr: 0.9528999924659729, AccVa: 0.8759999871253967, CeTr: 0.13111178576946259, CeVa: 0.48182034492492676
Epoch: 88, AccTr: 0.9520000219345093, AccVa: 0.8815000057220459, CeTr: 0.13711877167224884, CeVa: 0.45040157437324524
Epoch: 89, AccTr: 0.9513999819755554, AccVa: 0.8840000033378601, CeTr: 0.14159232378005981, CeVa: 0.4367215633392334
Epoch: 90, AccTr: 0.9502000212669373, AccVa: 0.8734999895095825, CeTr: 0.13766103982925415, CeVa: 0.4809645414352417
ENSEMBLE | Tr_Acc: 0.988099992275238, Tr_CE: 0.04911081865429878, Va_Acc: 0.9259999990463257, Va_CE: 0.25763487815856934
Epoch: 91, AccTr: 0.9524000287055969, AccVa: 0.8790000081062317, CeTr: 0.13368552923202515, CeVa: 0.4665941298007965
Epoch: 92, AccTr: 0.9521999955177307, AccVa: 0.875, CeTr: 0.13450588285923004, CeVa: 0.46998289227485657
Epoch: 93, AccTr: 0.953000009059906, AccVa: 0.8840000033378601, CeTr: 0.13001929223537445, CeVa: 0.44224312901496887
Epoch: 94, AccTr: 0.9524999856948853, AccVa: 0.8765000104904175, CeTr: 0.12930217385292053, CeVa: 0.466126024723053
Epoch: 95, AccTr: 0.9535999894142151, AccVa: 0.8734999895095825, CeTr: 0.1291854977607727, CeVa: 0.4657631814479828
ENSEMBLE | Tr_Acc: 0.9883000254631042, Tr_CE: 0.04814809560775757, Va_Acc: 0.9259999990463257, Va_CE: 0.2554115056991577
Epoch: 96, AccTr: 0.9509999752044678, AccVa: 0.8790000081062317, CeTr: 0.1361956000328064, CeVa: 0.4439224302768707
Epoch: 97, AccTr: 0.9537000060081482, AccVa: 0.8840000033378601, CeTr: 0.1319105327129364, CeVa: 0.4550533890724182
Epoch: 98, AccTr: 0.9517999887466431, AccVa: 0.8774999976158142, CeTr: 0.13327068090438843, CeVa: 0.48735588788986206
Epoch: 99, AccTr: 0.9555000066757202, AccVa: 0.8830000162124634, CeTr: 0.12481401115655899, CeVa: 0.45399391651153564
Epoch: 100, AccTr: 0.9534000158309937, AccVa: 0.8690000176429749, CeTr: 0.136855348944664, CeVa: 0.47209498286247253
ENSEMBLE | Tr_Acc: 0.9882000088691711, Tr_CE: 0.04759416729211807, Va_Acc: 0.9279999732971191, Va_CE: 0.2539040148258209
Epoch: 101, AccTr: 0.9498999714851379, AccVa: 0.8684999942779541, CeTr: 0.1417916715145111, CeVa: 0.5028159022331238
Epoch: 102, AccTr: 0.955299973487854, AccVa: 0.8705000281333923, CeTr: 0.12683476507663727, CeVa: 0.5076007843017578
Epoch: 103, AccTr: 0.9516000151634216, AccVa: 0.8734999895095825, CeTr: 0.13450710475444794, CeVa: 0.4628366231918335
Epoch: 104, AccTr: 0.9541000127792358, AccVa: 0.8794999718666077, CeTr: 0.12525148689746857, CeVa: 0.48255327343940735
Epoch: 105, AccTr: 0.9545999765396118, AccVa: 0.871999979019165, CeTr: 0.12571169435977936, CeVa: 0.5073814988136292
ENSEMBLE | Tr_Acc: 0.9883999824523926, Tr_CE: 0.046837206929922104, Va_Acc: 0.9284999966621399, Va_CE: 0.2537960410118103
Epoch: 106, AccTr: 0.954200029373169, AccVa: 0.8815000057220459, CeTr: 0.1310836374759674, CeVa: 0.4458344578742981
Epoch: 107, AccTr: 0.9508000016212463, AccVa: 0.8730000257492065, CeTr: 0.1368383765220642, CeVa: 0.4796779453754425
Epoch: 108, AccTr: 0.9485999941825867, AccVa: 0.871999979019165, CeTr: 0.13991186022758484, CeVa: 0.49685221910476685
Epoch: 109, AccTr: 0.953499972820282, AccVa: 0.8774999976158142, CeTr: 0.130357027053833, CeVa: 0.4849666953086853
Epoch: 110, AccTr: 0.9532999992370605, AccVa: 0.8730000257492065, CeTr: 0.13131867349147797, CeVa: 0.5089762210845947
ENSEMBLE | Tr_Acc: 0.9886999726295471, Tr_CE: 0.04619084298610687, Va_Acc: 0.9300000071525574, Va_CE: 0.25488507747650146
Epoch: 111, AccTr: 0.9538999795913696, AccVa: 0.8665000200271606, CeTr: 0.1294325888156891, CeVa: 0.5269086956977844
Epoch: 112, AccTr: 0.9549999833106995, AccVa: 0.8734999895095825, CeTr: 0.12923847138881683, CeVa: 0.4798198938369751
Epoch: 113, AccTr: 0.9535999894142151, AccVa: 0.8690000176429749, CeTr: 0.13286776840686798, CeVa: 0.4991886615753174
Epoch: 114, AccTr: 0.9520000219345093, AccVa: 0.8684999942779541, CeTr: 0.1331920027732849, CeVa: 0.5151926279067993
Epoch: 115, AccTr: 0.9556999802589417, AccVa: 0.8690000176429749, CeTr: 0.12825170159339905, CeVa: 0.5359275937080383
ENSEMBLE | Tr_Acc: 0.9889000058174133, Tr_CE: 0.04564701393246651, Va_Acc: 0.9294999837875366, Va_CE: 0.25639989972114563
Epoch: 116, AccTr: 0.9559000134468079, AccVa: 0.8705000281333923, CeTr: 0.13018202781677246, CeVa: 0.5061022043228149
Epoch: 117, AccTr: 0.9508000016212463, AccVa: 0.8679999709129333, CeTr: 0.13614653050899506, CeVa: 0.5168328285217285
Epoch: 118, AccTr: 0.9538000226020813, AccVa: 0.8694999814033508, CeTr: 0.12699657678604126, CeVa: 0.5153769850730896
Epoch: 119, AccTr: 0.954800009727478, AccVa: 0.8734999895095825, CeTr: 0.13182002305984497, CeVa: 0.5052274465560913
Epoch: 120, AccTr: 0.9514999985694885, AccVa: 0.8734999895095825, CeTr: 0.1334298700094223, CeVa: 0.482717901468277
ENSEMBLE | Tr_Acc: 0.9890999794006348, Tr_CE: 0.04512038454413414, Va_Acc: 0.9294999837875366, Va_CE: 0.2562769651412964
Epoch: 121, AccTr: 0.953499972820282, AccVa: 0.8694999814033508, CeTr: 0.13327465951442719, CeVa: 0.505079984664917
Epoch: 122, AccTr: 0.95169997215271, AccVa: 0.8734999895095825, CeTr: 0.131991446018219, CeVa: 0.5082921981811523
Epoch: 123, AccTr: 0.9496999979019165, AccVa: 0.8690000176429749, CeTr: 0.13784289360046387, CeVa: 0.4972250163555145
Epoch: 124, AccTr: 0.953000009059906, AccVa: 0.8684999942779541, CeTr: 0.13296771049499512, CeVa: 0.4703596830368042
Epoch: 125, AccTr: 0.953000009059906, AccVa: 0.8755000233650208, CeTr: 0.13172854483127594, CeVa: 0.49319958686828613
ENSEMBLE | Tr_Acc: 0.9896000027656555, Tr_CE: 0.04460936412215233, Va_Acc: 0.9290000200271606, Va_CE: 0.25560858845710754
Epoch: 126, AccTr: 0.9541000127792358, AccVa: 0.8650000095367432, CeTr: 0.12879528105258942, CeVa: 0.520755410194397
Epoch: 127, AccTr: 0.9545999765396118, AccVa: 0.8709999918937683, CeTr: 0.13098496198654175, CeVa: 0.5185782313346863
Epoch: 128, AccTr: 0.9535999894142151, AccVa: 0.8669999837875366, CeTr: 0.1266786903142929, CeVa: 0.508533775806427
Epoch: 129, AccTr: 0.95169997215271, AccVa: 0.8650000095367432, CeTr: 0.131804421544075, CeVa: 0.4914208948612213
Epoch: 130, AccTr: 0.9550999999046326, AccVa: 0.8774999976158142, CeTr: 0.12784117460250854, CeVa: 0.4842454791069031
ENSEMBLE | Tr_Acc: 0.9897000193595886, Tr_CE: 0.04404855892062187, Va_Acc: 0.9279999732971191, Va_CE: 0.25476911664009094
Epoch: 131, AccTr: 0.9555000066757202, AccVa: 0.8725000023841858, CeTr: 0.12600238621234894, CeVa: 0.47276636958122253
Epoch: 132, AccTr: 0.9480999708175659, AccVa: 0.8759999871253967, CeTr: 0.1363915055990219, CeVa: 0.4757283329963684
Epoch: 133, AccTr: 0.953499972820282, AccVa: 0.8794999718666077, CeTr: 0.1282520890235901, CeVa: 0.4952090382575989
Epoch: 134, AccTr: 0.9560999870300293, AccVa: 0.878000020980835, CeTr: 0.12897062301635742, CeVa: 0.5258497595787048
Epoch: 135, AccTr: 0.9541000127792358, AccVa: 0.8665000200271606, CeTr: 0.12773633003234863, CeVa: 0.5338674783706665
ENSEMBLE | Tr_Acc: 0.9901000261306763, Tr_CE: 0.04346148669719696, Va_Acc: 0.9290000200271606, Va_CE: 0.2559921145439148
Epoch: 136, AccTr: 0.954800009727478, AccVa: 0.8644999861717224, CeTr: 0.12769760191440582, CeVa: 0.515059769153595
Epoch: 137, AccTr: 0.9575999975204468, AccVa: 0.8715000152587891, CeTr: 0.1230129525065422, CeVa: 0.48071175813674927
Epoch: 138, AccTr: 0.953000009059906, AccVa: 0.8794999718666077, CeTr: 0.13318735361099243, CeVa: 0.493012398481369
Epoch: 139, AccTr: 0.9559000134468079, AccVa: 0.8774999976158142, CeTr: 0.12690509855747223, CeVa: 0.48497235774993896
Epoch: 140, AccTr: 0.9538999795913696, AccVa: 0.8794999718666077, CeTr: 0.12725244462490082, CeVa: 0.458712100982666
ENSEMBLE | Tr_Acc: 0.9896000027656555, Tr_CE: 0.04302893579006195, Va_Acc: 0.9304999709129333, Va_CE: 0.254328191280365
Epoch: 141, AccTr: 0.9542999863624573, AccVa: 0.8759999871253967, CeTr: 0.12227927148342133, CeVa: 0.5047980546951294
Epoch: 142, AccTr: 0.9523000121116638, AccVa: 0.8675000071525574, CeTr: 0.1271865963935852, CeVa: 0.5320103168487549
Epoch: 143, AccTr: 0.9563000202178955, AccVa: 0.8765000104904175, CeTr: 0.11930011957883835, CeVa: 0.46998363733291626
Epoch: 144, AccTr: 0.9537000060081482, AccVa: 0.8759999871253967, CeTr: 0.12458436191082001, CeVa: 0.4863784909248352
Epoch: 145, AccTr: 0.9516000151634216, AccVa: 0.8715000152587891, CeTr: 0.13028888404369354, CeVa: 0.513332724571228
ENSEMBLE | Tr_Acc: 0.9901000261306763, Tr_CE: 0.04261859878897667, Va_Acc: 0.9309999942779541, Va_CE: 0.2542617917060852
Epoch: 146, AccTr: 0.9528999924659729, AccVa: 0.878000020980835, CeTr: 0.13046559691429138, CeVa: 0.4584255516529083
Epoch: 147, AccTr: 0.9509000182151794, AccVa: 0.8734999895095825, CeTr: 0.13174307346343994, CeVa: 0.47847282886505127
Epoch: 148, AccTr: 0.9553999900817871, AccVa: 0.8774999976158142, CeTr: 0.12227930873632431, CeVa: 0.4988234341144562
Epoch: 149, AccTr: 0.9534000158309937, AccVa: 0.8669999837875366, CeTr: 0.1306125670671463, CeVa: 0.5225437879562378
Epoch: 150, AccTr: 0.9589999914169312, AccVa: 0.8755000233650208, CeTr: 0.12034865468740463, CeVa: 0.5112496614456177
ENSEMBLE | Tr_Acc: 0.9904000163078308, Tr_CE: 0.04211201146245003, Va_Acc: 0.9304999709129333, Va_CE: 0.25441181659698486
Epoch: 151, AccTr: 0.954800009727478, AccVa: 0.8669999837875366, CeTr: 0.1260194331407547, CeVa: 0.5322651267051697
Epoch: 152, AccTr: 0.9563000202178955, AccVa: 0.8759999871253967, CeTr: 0.12020064890384674, CeVa: 0.5274756550788879
Epoch: 153, AccTr: 0.9544000029563904, AccVa: 0.8659999966621399, CeTr: 0.12926244735717773, CeVa: 0.5270766019821167
Epoch: 154, AccTr: 0.9552000164985657, AccVa: 0.8705000281333923, CeTr: 0.12471519410610199, CeVa: 0.5112579464912415
Epoch: 155, AccTr: 0.9563000202178955, AccVa: 0.8679999709129333, CeTr: 0.12491252273321152, CeVa: 0.5047653913497925
ENSEMBLE | Tr_Acc: 0.9905999898910522, Tr_CE: 0.04165802523493767, Va_Acc: 0.9304999709129333, Va_CE: 0.2534468173980713
Epoch: 156, AccTr: 0.9569000005722046, AccVa: 0.8744999766349792, CeTr: 0.12367286533117294, CeVa: 0.5212305188179016
Epoch: 157, AccTr: 0.9539999961853027, AccVa: 0.8709999918937683, CeTr: 0.1308528035879135, CeVa: 0.5027665495872498
Epoch: 158, AccTr: 0.9559999704360962, AccVa: 0.8855000138282776, CeTr: 0.12639757990837097, CeVa: 0.46454674005508423
Epoch: 159, AccTr: 0.9509999752044678, AccVa: 0.8759999871253967, CeTr: 0.1321888118982315, CeVa: 0.5084577798843384
Epoch: 160, AccTr: 0.954800009727478, AccVa: 0.8820000290870667, CeTr: 0.12678487598896027, CeVa: 0.479549378156662
ENSEMBLE | Tr_Acc: 0.9901999831199646, Tr_CE: 0.04133113846182823, Va_Acc: 0.9300000071525574, Va_CE: 0.25258520245552063
Epoch: 161, AccTr: 0.9538999795913696, AccVa: 0.8734999895095825, CeTr: 0.12759505212306976, CeVa: 0.4964144229888916
Epoch: 162, AccTr: 0.9592999815940857, AccVa: 0.8799999952316284, CeTr: 0.12246047705411911, CeVa: 0.5164455771446228
Epoch: 163, AccTr: 0.9517999887466431, AccVa: 0.8700000047683716, CeTr: 0.12915080785751343, CeVa: 0.5715495347976685
Epoch: 164, AccTr: 0.9577000141143799, AccVa: 0.8734999895095825, CeTr: 0.11873925477266312, CeVa: 0.48748552799224854
Epoch: 165, AccTr: 0.9546999931335449, AccVa: 0.8765000104904175, CeTr: 0.12284717708826065, CeVa: 0.5031903982162476
ENSEMBLE | Tr_Acc: 0.9905999898910522, Tr_CE: 0.040849920362234116, Va_Acc: 0.9304999709129333, Va_CE: 0.25238245725631714
Epoch: 166, AccTr: 0.9552000164985657, AccVa: 0.8765000104904175, CeTr: 0.12091988325119019, CeVa: 0.4942306578159332
Epoch: 167, AccTr: 0.9545000195503235, AccVa: 0.878000020980835, CeTr: 0.12698329985141754, CeVa: 0.525270402431488
Epoch: 168, AccTr: 0.9580000042915344, AccVa: 0.8740000128746033, CeTr: 0.12162042409181595, CeVa: 0.49985402822494507
Epoch: 169, AccTr: 0.9567999839782715, AccVa: 0.8794999718666077, CeTr: 0.11494109034538269, CeVa: 0.4894528090953827
Epoch: 170, AccTr: 0.9569000005722046, AccVa: 0.871999979019165, CeTr: 0.11910070478916168, CeVa: 0.5342581272125244
ENSEMBLE | Tr_Acc: 0.9908000230789185, Tr_CE: 0.040312908589839935, Va_Acc: 0.9294999837875366, Va_CE: 0.25258588790893555
Epoch: 171, AccTr: 0.9546999931335449, AccVa: 0.8784999847412109, CeTr: 0.1228926032781601, CeVa: 0.489719957113266
Epoch: 172, AccTr: 0.9550999999046326, AccVa: 0.8840000033378601, CeTr: 0.12552934885025024, CeVa: 0.4846104085445404
Epoch: 173, AccTr: 0.9570000171661377, AccVa: 0.8715000152587891, CeTr: 0.12102551013231277, CeVa: 0.49045130610466003
Epoch: 174, AccTr: 0.9560999870300293, AccVa: 0.8815000057220459, CeTr: 0.12493342161178589, CeVa: 0.4902524948120117
Epoch: 175, AccTr: 0.9549999833106995, AccVa: 0.8700000047683716, CeTr: 0.12473759800195694, CeVa: 0.5268946886062622
ENSEMBLE | Tr_Acc: 0.9905999898910522, Tr_CE: 0.0399274080991745, Va_Acc: 0.9300000071525574, Va_CE: 0.2530251741409302
Epoch: 176, AccTr: 0.9563000202178955, AccVa: 0.8734999895095825, CeTr: 0.12056561559438705, CeVa: 0.5309706926345825
Epoch: 177, AccTr: 0.954800009727478, AccVa: 0.8640000224113464, CeTr: 0.12096768617630005, CeVa: 0.5315676927566528
Epoch: 178, AccTr: 0.9546999931335449, AccVa: 0.8769999742507935, CeTr: 0.12403132021427155, CeVa: 0.4608907401561737
Epoch: 179, AccTr: 0.9509999752044678, AccVa: 0.8694999814033508, CeTr: 0.13435448706150055, CeVa: 0.48079583048820496
Epoch: 180, AccTr: 0.9545999765396118, AccVa: 0.8755000233650208, CeTr: 0.1329439878463745, CeVa: 0.49857592582702637
ENSEMBLE | Tr_Acc: 0.9904000163078308, Tr_CE: 0.03971312940120697, Va_Acc: 0.9300000071525574, Va_CE: 0.25295570492744446
Epoch: 181, AccTr: 0.9560999870300293, AccVa: 0.8675000071525574, CeTr: 0.12360361218452454, CeVa: 0.4738989770412445
Epoch: 182, AccTr: 0.954800009727478, AccVa: 0.8700000047683716, CeTr: 0.1273041069507599, CeVa: 0.5364819765090942
Epoch: 183, AccTr: 0.9545000195503235, AccVa: 0.8629999756813049, CeTr: 0.12502920627593994, CeVa: 0.4966888725757599
Epoch: 184, AccTr: 0.9538999795913696, AccVa: 0.8740000128746033, CeTr: 0.1284220665693283, CeVa: 0.5158230662345886
Epoch: 185, AccTr: 0.955299973487854, AccVa: 0.8799999952316284, CeTr: 0.12641720473766327, CeVa: 0.4806472659111023
ENSEMBLE | Tr_Acc: 0.9905999898910522, Tr_CE: 0.039369408041238785, Va_Acc: 0.9300000071525574, Va_CE: 0.2522554099559784
Epoch: 186, AccTr: 0.9516000151634216, AccVa: 0.8759999871253967, CeTr: 0.12751127779483795, CeVa: 0.49856308102607727
Epoch: 187, AccTr: 0.95660001039505, AccVa: 0.8669999837875366, CeTr: 0.12311611324548721, CeVa: 0.515670895576477
Epoch: 188, AccTr: 0.9567000269889832, AccVa: 0.8730000257492065, CeTr: 0.1211571991443634, CeVa: 0.477995902299881
Epoch: 189, AccTr: 0.9574000239372253, AccVa: 0.8809999823570251, CeTr: 0.11966726183891296, CeVa: 0.47190165519714355
Epoch: 190, AccTr: 0.95660001039505, AccVa: 0.8709999918937683, CeTr: 0.12199805676937103, CeVa: 0.5191025137901306
ENSEMBLE | Tr_Acc: 0.9905999898910522, Tr_CE: 0.039008911699056625, Va_Acc: 0.9279999732971191, Va_CE: 0.25247064232826233
Epoch: 191, AccTr: 0.9578999876976013, AccVa: 0.8650000095367432, CeTr: 0.11671321839094162, CeVa: 0.5191951990127563
Epoch: 192, AccTr: 0.9567000269889832, AccVa: 0.8650000095367432, CeTr: 0.11632757633924484, CeVa: 0.5313228964805603
Epoch: 193, AccTr: 0.9539999961853027, AccVa: 0.8870000243186951, CeTr: 0.12856891751289368, CeVa: 0.42952656745910645
Epoch: 194, AccTr: 0.9578999876976013, AccVa: 0.8784999847412109, CeTr: 0.12070820480585098, CeVa: 0.4812350273132324
Epoch: 195, AccTr: 0.954200029373169, AccVa: 0.8759999871253967, CeTr: 0.12089309096336365, CeVa: 0.4615071415901184
ENSEMBLE | Tr_Acc: 0.9908000230789185, Tr_CE: 0.038617588579654694, Va_Acc: 0.9284999966621399, Va_CE: 0.2511192858219147
Epoch: 196, AccTr: 0.957099974155426, AccVa: 0.8690000176429749, CeTr: 0.11658699810504913, CeVa: 0.5406148433685303
Epoch: 197, AccTr: 0.9595000147819519, AccVa: 0.8709999918937683, CeTr: 0.11498968303203583, CeVa: 0.501964807510376
Epoch: 198, AccTr: 0.9555000066757202, AccVa: 0.8765000104904175, CeTr: 0.1188945546746254, CeVa: 0.48084303736686707
Epoch: 199, AccTr: 0.9563000202178955, AccVa: 0.871999979019165, CeTr: 0.12182453274726868, CeVa: 0.5102834701538086
Epoch: 200, AccTr: 0.9567000269889832, AccVa: 0.8600000143051147, CeTr: 0.11715944856405258, CeVa: 0.5586707592010498
ENSEMBLE | Tr_Acc: 0.9909999966621399, Tr_CE: 0.038201890885829926, Va_Acc: 0.9290000200271606, Va_CE: 0.2519635558128357
NN CONFIG
Weight-type:		ternary
Layout									Layer #1: 250	Layer #2: 220	
Activation Functions					Layer #1: ets	Layer #2: ets	
Keep probabilities		Layer #0: 1.0	Layer #1: 1.0	Layer #2: 1.0	
Flat factors							Layer #1: 1.0	Layer #2: 1.0	Layer #3: 1.0	
Activation Noise						Layer #1: 0.0	Layer #2: 0.0	Layer #3: 0.0	
Prior: 0.8

===================================

RUN CONFIG
Epochs: 200, Blocksize: 4

===================================

Input binarization: False
Pretrained network accuracy: 0.9945999979972839
Epoch: 0, AccTr: 0.4002000093460083, AccVa: 0.3970000147819519, CeTr: 2.9968364238739014, CeVa: 2.953531265258789
Epoch: 1, AccTr: 0.9337999820709229, AccVa: 0.875, CeTr: 0.2143145501613617, CeVa: 0.41104647517204285
Epoch: 2, AccTr: 0.9402999877929688, AccVa: 0.8865000009536743, CeTr: 0.18884266912937164, CeVa: 0.3805161118507385
Epoch: 3, AccTr: 0.9434999823570251, AccVa: 0.8709999918937683, CeTr: 0.1778387725353241, CeVa: 0.39314931631088257
Epoch: 4, AccTr: 0.942300021648407, AccVa: 0.8740000128746033, CeTr: 0.17503786087036133, CeVa: 0.39078426361083984
Epoch: 5, AccTr: 0.944599986076355, AccVa: 0.8849999904632568, CeTr: 0.17033585906028748, CeVa: 0.3695491850376129
Epoch: 6, AccTr: 0.9431999921798706, AccVa: 0.8765000104904175, CeTr: 0.17679418623447418, CeVa: 0.39982694387435913
Epoch: 7, AccTr: 0.9430999755859375, AccVa: 0.8865000009536743, CeTr: 0.17101232707500458, CeVa: 0.3795454800128937
Epoch: 8, AccTr: 0.9472000002861023, AccVa: 0.8889999985694885, CeTr: 0.16286607086658478, CeVa: 0.3919764757156372
Epoch: 9, AccTr: 0.9441999793052673, AccVa: 0.8784999847412109, CeTr: 0.17048750817775726, CeVa: 0.418779194355011
Epoch: 10, AccTr: 0.942799985408783, AccVa: 0.8824999928474426, CeTr: 0.17052976787090302, CeVa: 0.3979184925556183
ENSEMBLE | Tr_Acc: 0.942799985408783, Tr_CE: 0.17052976787090302, Va_Acc: 0.8824999928474426, Va_CE: 0.3979184925556183
Epoch: 11, AccTr: 0.9452000260353088, AccVa: 0.8790000081062317, CeTr: 0.1734267771244049, CeVa: 0.3938673734664917
Epoch: 12, AccTr: 0.9406999945640564, AccVa: 0.8665000200271606, CeTr: 0.17454326152801514, CeVa: 0.4234676659107208
Epoch: 13, AccTr: 0.947700023651123, AccVa: 0.8840000033378601, CeTr: 0.1695932298898697, CeVa: 0.3894069194793701
Epoch: 14, AccTr: 0.9451000094413757, AccVa: 0.8805000185966492, CeTr: 0.1722862273454666, CeVa: 0.4118536114692688
Epoch: 15, AccTr: 0.9470000267028809, AccVa: 0.8784999847412109, CeTr: 0.16524150967597961, CeVa: 0.39543676376342773
ENSEMBLE | Tr_Acc: 0.9682000279426575, Tr_CE: 0.11425530910491943, Va_Acc: 0.909500002861023, Va_CE: 0.2990107834339142
Epoch: 16, AccTr: 0.9453999996185303, AccVa: 0.8845000267028809, CeTr: 0.16675427556037903, CeVa: 0.38537582755088806
Epoch: 17, AccTr: 0.9415000081062317, AccVa: 0.8799999952316284, CeTr: 0.17271491885185242, CeVa: 0.39843419194221497
Epoch: 18, AccTr: 0.9449999928474426, AccVa: 0.8730000257492065, CeTr: 0.1648373156785965, CeVa: 0.4133201837539673
Epoch: 19, AccTr: 0.9419000148773193, AccVa: 0.8769999742507935, CeTr: 0.16751128435134888, CeVa: 0.3904801309108734
Epoch: 20, AccTr: 0.9433000087738037, AccVa: 0.8840000033378601, CeTr: 0.17395520210266113, CeVa: 0.3938339948654175
ENSEMBLE | Tr_Acc: 0.9732000231742859, Tr_CE: 0.1001848503947258, Va_Acc: 0.9225000143051147, Va_CE: 0.2714523673057556
Epoch: 21, AccTr: 0.9437999725341797, AccVa: 0.8744999766349792, CeTr: 0.16907614469528198, CeVa: 0.4120441675186157
Epoch: 22, AccTr: 0.9455000162124634, AccVa: 0.8755000233650208, CeTr: 0.16759252548217773, CeVa: 0.3944288194179535
Epoch: 23, AccTr: 0.9452999830245972, AccVa: 0.8834999799728394, CeTr: 0.17141616344451904, CeVa: 0.42948928475379944
Epoch: 24, AccTr: 0.9448999762535095, AccVa: 0.8820000290870667, CeTr: 0.16491229832172394, CeVa: 0.40115711092948914
Epoch: 25, AccTr: 0.9440000057220459, AccVa: 0.878000020980835, CeTr: 0.17276479303836823, CeVa: 0.4162417948246002
ENSEMBLE | Tr_Acc: 0.9761999845504761, Tr_CE: 0.09221991896629333, Va_Acc: 0.9275000095367432, Va_CE: 0.25989216566085815
Epoch: 26, AccTr: 0.9488000273704529, AccVa: 0.8790000081062317, CeTr: 0.16399484872817993, CeVa: 0.3831234872341156
Epoch: 27, AccTr: 0.9456999897956848, AccVa: 0.8700000047683716, CeTr: 0.16192954778671265, CeVa: 0.39602130651474
Epoch: 28, AccTr: 0.9472000002861023, AccVa: 0.8790000081062317, CeTr: 0.15983566641807556, CeVa: 0.4064299464225769
Epoch: 29, AccTr: 0.9462000131607056, AccVa: 0.8744999766349792, CeTr: 0.16722336411476135, CeVa: 0.40813153982162476
Epoch: 30, AccTr: 0.9459999799728394, AccVa: 0.8744999766349792, CeTr: 0.16722263395786285, CeVa: 0.41925251483917236
ENSEMBLE | Tr_Acc: 0.9764000177383423, Tr_CE: 0.08717784285545349, Va_Acc: 0.9265000224113464, Va_CE: 0.2570286989212036
Epoch: 31, AccTr: 0.945900022983551, AccVa: 0.8845000267028809, CeTr: 0.16493633389472961, CeVa: 0.39375853538513184
Epoch: 32, AccTr: 0.942300021648407, AccVa: 0.8740000128746033, CeTr: 0.1708327829837799, CeVa: 0.3935188949108124
Epoch: 33, AccTr: 0.9455999732017517, AccVa: 0.8855000138282776, CeTr: 0.1642201691865921, CeVa: 0.38289010524749756
Epoch: 34, AccTr: 0.9465000033378601, AccVa: 0.878000020980835, CeTr: 0.1661514937877655, CeVa: 0.4101089537143707
Epoch: 35, AccTr: 0.9422000050544739, AccVa: 0.8824999928474426, CeTr: 0.16967026889324188, CeVa: 0.41850903630256653
ENSEMBLE | Tr_Acc: 0.9771000146865845, Tr_CE: 0.08362111449241638, Va_Acc: 0.9259999990463257, Va_CE: 0.2544175088405609
Epoch: 36, AccTr: 0.9472000002861023, AccVa: 0.8740000128746033, CeTr: 0.15993154048919678, CeVa: 0.4367210566997528
Epoch: 37, AccTr: 0.9509999752044678, AccVa: 0.8834999799728394, CeTr: 0.1531742960214615, CeVa: 0.40584424138069153
Epoch: 38, AccTr: 0.9455000162124634, AccVa: 0.8834999799728394, CeTr: 0.1636793166399002, CeVa: 0.40311315655708313
Epoch: 39, AccTr: 0.9444000124931335, AccVa: 0.8794999718666077, CeTr: 0.17066563665866852, CeVa: 0.410728394985199
Epoch: 40, AccTr: 0.9448999762535095, AccVa: 0.8820000290870667, CeTr: 0.16923300921916962, CeVa: 0.39919063448905945
ENSEMBLE | Tr_Acc: 0.978600025177002, Tr_CE: 0.08146719634532928, Va_Acc: 0.9254999756813049, Va_CE: 0.2502317726612091
Epoch: 41, AccTr: 0.9440000057220459, AccVa: 0.871999979019165, CeTr: 0.16680365800857544, CeVa: 0.4642086327075958
Epoch: 42, AccTr: 0.9467999935150146, AccVa: 0.8805000185966492, CeTr: 0.16721557080745697, CeVa: 0.4212135970592499
Epoch: 43, AccTr: 0.9437999725341797, AccVa: 0.8794999718666077, CeTr: 0.16434338688850403, CeVa: 0.43931061029434204
Epoch: 44, AccTr: 0.9452999830245972, AccVa: 0.8740000128746033, CeTr: 0.16015155613422394, CeVa: 0.4248393177986145
Epoch: 45, AccTr: 0.9463000297546387, AccVa: 0.8694999814033508, CeTr: 0.15937522053718567, CeVa: 0.44383692741394043
ENSEMBLE | Tr_Acc: 0.9793000221252441, Tr_CE: 0.07880977541208267, Va_Acc: 0.925000011920929, Va_CE: 0.24910610914230347
Epoch: 46, AccTr: 0.9492999911308289, AccVa: 0.8765000104904175, CeTr: 0.15625055134296417, CeVa: 0.425256609916687
Epoch: 47, AccTr: 0.9485999941825867, AccVa: 0.8759999871253967, CeTr: 0.15924391150474548, CeVa: 0.4136752188205719
Epoch: 48, AccTr: 0.9478999972343445, AccVa: 0.8684999942779541, CeTr: 0.15656182169914246, CeVa: 0.4396819770336151
Epoch: 49, AccTr: 0.9453999996185303, AccVa: 0.8669999837875366, CeTr: 0.15939751267433167, CeVa: 0.4275875389575958
Epoch: 50, AccTr: 0.9437999725341797, AccVa: 0.8784999847412109, CeTr: 0.16283559799194336, CeVa: 0.4184705913066864
ENSEMBLE | Tr_Acc: 0.9797000288963318, Tr_CE: 0.07684598863124847, Va_Acc: 0.9265000224113464, Va_CE: 0.2454846203327179
Epoch: 51, AccTr: 0.9480999708175659, AccVa: 0.8799999952316284, CeTr: 0.15909644961357117, CeVa: 0.42896392941474915
Epoch: 52, AccTr: 0.9470000267028809, AccVa: 0.878000020980835, CeTr: 0.15548144280910492, CeVa: 0.4263666272163391
Epoch: 53, AccTr: 0.9426000118255615, AccVa: 0.871999979019165, CeTr: 0.165522500872612, CeVa: 0.42026153206825256
Epoch: 54, AccTr: 0.9505000114440918, AccVa: 0.871999979019165, CeTr: 0.15154772996902466, CeVa: 0.42551475763320923
Epoch: 55, AccTr: 0.9473000168800354, AccVa: 0.8755000233650208, CeTr: 0.15894794464111328, CeVa: 0.44189372658729553
ENSEMBLE | Tr_Acc: 0.98089998960495, Tr_CE: 0.07491058856248856, Va_Acc: 0.9275000095367432, Va_CE: 0.2447182983160019
Epoch: 56, AccTr: 0.9485999941825867, AccVa: 0.8809999823570251, CeTr: 0.15465305745601654, CeVa: 0.44389209151268005
Epoch: 57, AccTr: 0.9445000290870667, AccVa: 0.8809999823570251, CeTr: 0.15996190905570984, CeVa: 0.43652263283729553
Epoch: 58, AccTr: 0.9480000138282776, AccVa: 0.8744999766349792, CeTr: 0.15238751471042633, CeVa: 0.43050330877304077
Epoch: 59, AccTr: 0.9469000101089478, AccVa: 0.8744999766349792, CeTr: 0.1537887156009674, CeVa: 0.45530447363853455
Epoch: 60, AccTr: 0.9484999775886536, AccVa: 0.8809999823570251, CeTr: 0.15157318115234375, CeVa: 0.43247345089912415
ENSEMBLE | Tr_Acc: 0.9812999963760376, Tr_CE: 0.07282442599534988, Va_Acc: 0.9325000047683716, Va_CE: 0.2429671287536621
Epoch: 61, AccTr: 0.9458000063896179, AccVa: 0.8774999976158142, CeTr: 0.1531083583831787, CeVa: 0.4168282747268677
Epoch: 62, AccTr: 0.9473999738693237, AccVa: 0.8784999847412109, CeTr: 0.1573646068572998, CeVa: 0.43446382880210876
Epoch: 63, AccTr: 0.9491000175476074, AccVa: 0.8805000185966492, CeTr: 0.15311430394649506, CeVa: 0.40924525260925293
Epoch: 64, AccTr: 0.9509999752044678, AccVa: 0.8859999775886536, CeTr: 0.14942260086536407, CeVa: 0.4019346833229065
Epoch: 65, AccTr: 0.947700023651123, AccVa: 0.875, CeTr: 0.15418921411037445, CeVa: 0.459328830242157
ENSEMBLE | Tr_Acc: 0.9811000227928162, Tr_CE: 0.0712074339389801, Va_Acc: 0.9325000047683716, Va_CE: 0.24247436225414276
Epoch: 66, AccTr: 0.947700023651123, AccVa: 0.8734999895095825, CeTr: 0.14987078309059143, CeVa: 0.4480801820755005
Epoch: 67, AccTr: 0.9448000192642212, AccVa: 0.878000020980835, CeTr: 0.1617351621389389, CeVa: 0.4403264820575714
Epoch: 68, AccTr: 0.9473000168800354, AccVa: 0.8805000185966492, CeTr: 0.15636642277240753, CeVa: 0.437343031167984
Epoch: 69, AccTr: 0.9476000070571899, AccVa: 0.8859999775886536, CeTr: 0.1525188684463501, CeVa: 0.4157153069972992
Epoch: 70, AccTr: 0.9477999806404114, AccVa: 0.8790000081062317, CeTr: 0.1542985886335373, CeVa: 0.44238701462745667
ENSEMBLE | Tr_Acc: 0.9822999835014343, Tr_CE: 0.06966263055801392, Va_Acc: 0.9319999814033508, Va_CE: 0.24129830300807953
Epoch: 71, AccTr: 0.9488000273704529, AccVa: 0.8759999871253967, CeTr: 0.1500982940196991, CeVa: 0.4516284763813019
Epoch: 72, AccTr: 0.944599986076355, AccVa: 0.8600000143051147, CeTr: 0.15621550381183624, CeVa: 0.4818454086780548
Epoch: 73, AccTr: 0.947700023651123, AccVa: 0.8675000071525574, CeTr: 0.15457627177238464, CeVa: 0.46221110224723816
Epoch: 74, AccTr: 0.9467999935150146, AccVa: 0.8774999976158142, CeTr: 0.14936847984790802, CeVa: 0.40470853447914124
Epoch: 75, AccTr: 0.9505000114440918, AccVa: 0.878000020980835, CeTr: 0.1523495614528656, CeVa: 0.44493699073791504
ENSEMBLE | Tr_Acc: 0.9825000166893005, Tr_CE: 0.06856108456850052, Va_Acc: 0.9330000281333923, Va_CE: 0.24066802859306335
Epoch: 76, AccTr: 0.9492999911308289, AccVa: 0.8700000047683716, CeTr: 0.1539444625377655, CeVa: 0.44456741213798523
Epoch: 77, AccTr: 0.9490000009536743, AccVa: 0.8755000233650208, CeTr: 0.15066811442375183, CeVa: 0.4483511745929718
Epoch: 78, AccTr: 0.9463000297546387, AccVa: 0.8794999718666077, CeTr: 0.15106496214866638, CeVa: 0.4419343173503876
Epoch: 79, AccTr: 0.9487000107765198, AccVa: 0.8740000128746033, CeTr: 0.14542938768863678, CeVa: 0.4273179769515991
Epoch: 80, AccTr: 0.9501000046730042, AccVa: 0.8849999904632568, CeTr: 0.14587455987930298, CeVa: 0.4630705714225769
ENSEMBLE | Tr_Acc: 0.9833999872207642, Tr_CE: 0.067181795835495, Va_Acc: 0.9340000152587891, Va_CE: 0.24121108651161194
Epoch: 81, AccTr: 0.9521999955177307, AccVa: 0.8834999799728394, CeTr: 0.1454363614320755, CeVa: 0.4136953353881836
Epoch: 82, AccTr: 0.9495000243186951, AccVa: 0.8834999799728394, CeTr: 0.1465880125761032, CeVa: 0.42803362011909485
Epoch: 83, AccTr: 0.9478999972343445, AccVa: 0.8619999885559082, CeTr: 0.15195471048355103, CeVa: 0.4691132605075836
Epoch: 84, AccTr: 0.951200008392334, AccVa: 0.871999979019165, CeTr: 0.14522986114025116, CeVa: 0.45909032225608826
Epoch: 85, AccTr: 0.9492999911308289, AccVa: 0.8715000152587891, CeTr: 0.1523161679506302, CeVa: 0.42237818241119385
ENSEMBLE | Tr_Acc: 0.9840999841690063, Tr_CE: 0.06609609723091125, Va_Acc: 0.9340000152587891, Va_CE: 0.2386077493429184
Epoch: 86, AccTr: 0.9487000107765198, AccVa: 0.8715000152587891, CeTr: 0.15341989696025848, CeVa: 0.46193626523017883
Epoch: 87, AccTr: 0.95169997215271, AccVa: 0.8725000023841858, CeTr: 0.1378435343503952, CeVa: 0.4409005045890808
Epoch: 88, AccTr: 0.947700023651123, AccVa: 0.8849999904632568, CeTr: 0.1471545249223709, CeVa: 0.431758850812912
Epoch: 89, AccTr: 0.9531000256538391, AccVa: 0.8799999952316284, CeTr: 0.1437031775712967, CeVa: 0.4189758896827698
Epoch: 90, AccTr: 0.9492999911308289, AccVa: 0.8730000257492065, CeTr: 0.15195144712924957, CeVa: 0.45035815238952637
ENSEMBLE | Tr_Acc: 0.9847999811172485, Tr_CE: 0.06515467166900635, Va_Acc: 0.9365000128746033, Va_CE: 0.23776528239250183
Epoch: 91, AccTr: 0.9496999979019165, AccVa: 0.8765000104904175, CeTr: 0.14363756775856018, CeVa: 0.4106754660606384
Epoch: 92, AccTr: 0.9465000033378601, AccVa: 0.8809999823570251, CeTr: 0.14737409353256226, CeVa: 0.4229567348957062
Epoch: 93, AccTr: 0.9498999714851379, AccVa: 0.8805000185966492, CeTr: 0.1446254700422287, CeVa: 0.42450767755508423
Epoch: 94, AccTr: 0.9484999775886536, AccVa: 0.8679999709129333, CeTr: 0.15024448931217194, CeVa: 0.4479410648345947
Epoch: 95, AccTr: 0.9495999813079834, AccVa: 0.8820000290870667, CeTr: 0.14433759450912476, CeVa: 0.437934011220932
ENSEMBLE | Tr_Acc: 0.9846000075340271, Tr_CE: 0.06417825818061829, Va_Acc: 0.9334999918937683, Va_CE: 0.2380262017250061
Epoch: 96, AccTr: 0.9527999758720398, AccVa: 0.878000020980835, CeTr: 0.14198219776153564, CeVa: 0.4634309411048889
Epoch: 97, AccTr: 0.9473999738693237, AccVa: 0.8769999742507935, CeTr: 0.15196405351161957, CeVa: 0.4575878083705902
Epoch: 98, AccTr: 0.9488999843597412, AccVa: 0.8790000081062317, CeTr: 0.1483566164970398, CeVa: 0.4383203089237213
Epoch: 99, AccTr: 0.9509000182151794, AccVa: 0.8855000138282776, CeTr: 0.14390254020690918, CeVa: 0.43187180161476135
Epoch: 100, AccTr: 0.9495000243186951, AccVa: 0.875, CeTr: 0.14420701563358307, CeVa: 0.45721742510795593
ENSEMBLE | Tr_Acc: 0.9850999712944031, Tr_CE: 0.0632297620177269, Va_Acc: 0.934499979019165, Va_CE: 0.23819805681705475
Epoch: 101, AccTr: 0.9470000267028809, AccVa: 0.8684999942779541, CeTr: 0.15461349487304688, CeVa: 0.46805357933044434
Epoch: 102, AccTr: 0.9477999806404114, AccVa: 0.8659999966621399, CeTr: 0.14564962685108185, CeVa: 0.4776049852371216
Epoch: 103, AccTr: 0.9467999935150146, AccVa: 0.8809999823570251, CeTr: 0.1444273144006729, CeVa: 0.43183422088623047
Epoch: 104, AccTr: 0.9490000009536743, AccVa: 0.8840000033378601, CeTr: 0.14592301845550537, CeVa: 0.4235611855983734
Epoch: 105, AccTr: 0.9519000053405762, AccVa: 0.8740000128746033, CeTr: 0.14607973396778107, CeVa: 0.4331129789352417
ENSEMBLE | Tr_Acc: 0.9850999712944031, Tr_CE: 0.06229941546916962, Va_Acc: 0.9355000257492065, Va_CE: 0.2370108962059021
Epoch: 106, AccTr: 0.9480999708175659, AccVa: 0.8784999847412109, CeTr: 0.14707915484905243, CeVa: 0.43392693996429443
Epoch: 107, AccTr: 0.948199987411499, AccVa: 0.8755000233650208, CeTr: 0.14741648733615875, CeVa: 0.4460108280181885
Epoch: 108, AccTr: 0.9496999979019165, AccVa: 0.8640000224113464, CeTr: 0.14624285697937012, CeVa: 0.4765707850456238
Epoch: 109, AccTr: 0.95169997215271, AccVa: 0.8784999847412109, CeTr: 0.14076979458332062, CeVa: 0.4214438199996948
Epoch: 110, AccTr: 0.9513000249862671, AccVa: 0.8709999918937683, CeTr: 0.14316725730895996, CeVa: 0.42810457944869995
ENSEMBLE | Tr_Acc: 0.9853000044822693, Tr_CE: 0.06153204292058945, Va_Acc: 0.934499979019165, Va_CE: 0.2358372062444687
Epoch: 111, AccTr: 0.9505000114440918, AccVa: 0.8834999799728394, CeTr: 0.14619003236293793, CeVa: 0.4125780165195465
Epoch: 112, AccTr: 0.951200008392334, AccVa: 0.8805000185966492, CeTr: 0.14445017278194427, CeVa: 0.42695751786231995
Epoch: 113, AccTr: 0.9517999887466431, AccVa: 0.8725000023841858, CeTr: 0.14234216511249542, CeVa: 0.4742446839809418
Epoch: 114, AccTr: 0.9510999917984009, AccVa: 0.8870000243186951, CeTr: 0.14544104039669037, CeVa: 0.41751334071159363
Epoch: 115, AccTr: 0.95169997215271, AccVa: 0.8845000267028809, CeTr: 0.14393693208694458, CeVa: 0.3902978003025055
ENSEMBLE | Tr_Acc: 0.9855999946594238, Tr_CE: 0.06082029268145561, Va_Acc: 0.9359999895095825, Va_CE: 0.23428447544574738
Epoch: 116, AccTr: 0.9538000226020813, AccVa: 0.8820000290870667, CeTr: 0.14177706837654114, CeVa: 0.444644570350647
Epoch: 117, AccTr: 0.9509000182151794, AccVa: 0.871999979019165, CeTr: 0.14216242730617523, CeVa: 0.4642993211746216
Epoch: 118, AccTr: 0.949999988079071, AccVa: 0.8759999871253967, CeTr: 0.14244933426380157, CeVa: 0.4292445182800293
Epoch: 119, AccTr: 0.9466000199317932, AccVa: 0.8815000057220459, CeTr: 0.15244923532009125, CeVa: 0.43374884128570557
Epoch: 120, AccTr: 0.9465000033378601, AccVa: 0.8730000257492065, CeTr: 0.1516256034374237, CeVa: 0.4741813540458679
ENSEMBLE | Tr_Acc: 0.9854000210762024, Tr_CE: 0.060238536447286606, Va_Acc: 0.9350000023841858, Va_CE: 0.2344135195016861
Epoch: 121, AccTr: 0.9501000046730042, AccVa: 0.878000020980835, CeTr: 0.1444365531206131, CeVa: 0.42173004150390625
Epoch: 122, AccTr: 0.9521999955177307, AccVa: 0.8870000243186951, CeTr: 0.14080888032913208, CeVa: 0.4443899393081665
Epoch: 123, AccTr: 0.9510999917984009, AccVa: 0.8805000185966492, CeTr: 0.13942955434322357, CeVa: 0.4638819396495819
Epoch: 124, AccTr: 0.9510999917984009, AccVa: 0.8765000104904175, CeTr: 0.1365729719400406, CeVa: 0.46493738889694214
Epoch: 125, AccTr: 0.9505000114440918, AccVa: 0.8734999895095825, CeTr: 0.1414608359336853, CeVa: 0.4742535352706909
ENSEMBLE | Tr_Acc: 0.9861999750137329, Tr_CE: 0.05945342406630516, Va_Acc: 0.9359999895095825, Va_CE: 0.23476040363311768
Epoch: 126, AccTr: 0.9510999917984009, AccVa: 0.878000020980835, CeTr: 0.14326897263526917, CeVa: 0.4634600281715393
Epoch: 127, AccTr: 0.9502000212669373, AccVa: 0.8849999904632568, CeTr: 0.13961546123027802, CeVa: 0.4315270483493805
Epoch: 128, AccTr: 0.9531000256538391, AccVa: 0.8654999732971191, CeTr: 0.1351187527179718, CeVa: 0.4910648763179779
Epoch: 129, AccTr: 0.9513000249862671, AccVa: 0.8815000057220459, CeTr: 0.139007106423378, CeVa: 0.44288691878318787
Epoch: 130, AccTr: 0.9506000280380249, AccVa: 0.8690000176429749, CeTr: 0.13632462918758392, CeVa: 0.4963345229625702
ENSEMBLE | Tr_Acc: 0.9861999750137329, Tr_CE: 0.058416370302438736, Va_Acc: 0.9355000257492065, Va_CE: 0.2362377643585205
Epoch: 131, AccTr: 0.9534000158309937, AccVa: 0.8640000224113464, CeTr: 0.13724222779273987, CeVa: 0.4995165765285492
Epoch: 132, AccTr: 0.953000009059906, AccVa: 0.8690000176429749, CeTr: 0.1405532956123352, CeVa: 0.49012723565101624
Epoch: 133, AccTr: 0.9549999833106995, AccVa: 0.8725000023841858, CeTr: 0.13451150059700012, CeVa: 0.4510633945465088
Epoch: 134, AccTr: 0.953499972820282, AccVa: 0.8740000128746033, CeTr: 0.13589799404144287, CeVa: 0.4564901292324066
Epoch: 135, AccTr: 0.9508000016212463, AccVa: 0.8830000162124634, CeTr: 0.13932189345359802, CeVa: 0.44732311367988586
ENSEMBLE | Tr_Acc: 0.9866999983787537, Tr_CE: 0.057742804288864136, Va_Acc: 0.9369999766349792, Va_CE: 0.23535166680812836
Epoch: 136, AccTr: 0.9528999924659729, AccVa: 0.8799999952316284, CeTr: 0.1409238874912262, CeVa: 0.45405763387680054
Epoch: 137, AccTr: 0.9545000195503235, AccVa: 0.875, CeTr: 0.13560348749160767, CeVa: 0.45618176460266113
Epoch: 138, AccTr: 0.9545000195503235, AccVa: 0.8865000009536743, CeTr: 0.13487251102924347, CeVa: 0.44951939582824707
Epoch: 139, AccTr: 0.9491999745368958, AccVa: 0.8684999942779541, CeTr: 0.1486508548259735, CeVa: 0.48089441657066345
Epoch: 140, AccTr: 0.9513000249862671, AccVa: 0.8654999732971191, CeTr: 0.13923783600330353, CeVa: 0.47365516424179077
ENSEMBLE | Tr_Acc: 0.9871000051498413, Tr_CE: 0.05700468644499779, Va_Acc: 0.9375, Va_CE: 0.23592886328697205
Epoch: 141, AccTr: 0.9495999813079834, AccVa: 0.8784999847412109, CeTr: 0.1376832276582718, CeVa: 0.4467284381389618
Epoch: 142, AccTr: 0.9520999789237976, AccVa: 0.8744999766349792, CeTr: 0.13813133537769318, CeVa: 0.4422309696674347
Epoch: 143, AccTr: 0.9538999795913696, AccVa: 0.8734999895095825, CeTr: 0.13316325843334198, CeVa: 0.4614829123020172
Epoch: 144, AccTr: 0.9509999752044678, AccVa: 0.8679999709129333, CeTr: 0.14341017603874207, CeVa: 0.4734414219856262
Epoch: 145, AccTr: 0.9541000127792358, AccVa: 0.8615000247955322, CeTr: 0.13241007924079895, CeVa: 0.4621438980102539
ENSEMBLE | Tr_Acc: 0.9873999953269958, Tr_CE: 0.056266505271196365, Va_Acc: 0.9350000023841858, Va_CE: 0.23571239411830902
Epoch: 146, AccTr: 0.9553999900817871, AccVa: 0.8734999895095825, CeTr: 0.13209491968154907, CeVa: 0.4763067960739136
Epoch: 147, AccTr: 0.9521999955177307, AccVa: 0.8700000047683716, CeTr: 0.1371464878320694, CeVa: 0.44539177417755127
Epoch: 148, AccTr: 0.9498000144958496, AccVa: 0.8644999861717224, CeTr: 0.14281420409679413, CeVa: 0.48477181792259216
Epoch: 149, AccTr: 0.9537000060081482, AccVa: 0.8769999742507935, CeTr: 0.13786005973815918, CeVa: 0.4526110589504242
Epoch: 150, AccTr: 0.9520000219345093, AccVa: 0.8675000071525574, CeTr: 0.13808561861515045, CeVa: 0.4943660795688629
ENSEMBLE | Tr_Acc: 0.9878000020980835, Tr_CE: 0.05556030198931694, Va_Acc: 0.934499979019165, Va_CE: 0.23599208891391754
Epoch: 151, AccTr: 0.9467999935150146, AccVa: 0.8684999942779541, CeTr: 0.1508796066045761, CeVa: 0.5020895004272461
Epoch: 152, AccTr: 0.9485999941825867, AccVa: 0.8709999918937683, CeTr: 0.1402476727962494, CeVa: 0.4775190055370331
Epoch: 153, AccTr: 0.9517999887466431, AccVa: 0.8784999847412109, CeTr: 0.1389729529619217, CeVa: 0.44111868739128113
Epoch: 154, AccTr: 0.9495999813079834, AccVa: 0.8755000233650208, CeTr: 0.1393314003944397, CeVa: 0.44985470175743103
Epoch: 155, AccTr: 0.9513000249862671, AccVa: 0.871999979019165, CeTr: 0.13484424352645874, CeVa: 0.4529998302459717
ENSEMBLE | Tr_Acc: 0.9879999756813049, Tr_CE: 0.05490802600979805, Va_Acc: 0.934499979019165, Va_CE: 0.23591333627700806
Epoch: 156, AccTr: 0.9534000158309937, AccVa: 0.8705000281333923, CeTr: 0.13664284348487854, CeVa: 0.4935482144355774
Epoch: 157, AccTr: 0.9524999856948853, AccVa: 0.8654999732971191, CeTr: 0.13965150713920593, CeVa: 0.5025689005851746
Epoch: 158, AccTr: 0.9528999924659729, AccVa: 0.8654999732971191, CeTr: 0.1362251192331314, CeVa: 0.48893997073173523
Epoch: 159, AccTr: 0.9498999714851379, AccVa: 0.8665000200271606, CeTr: 0.13925744593143463, CeVa: 0.5044684410095215
Epoch: 160, AccTr: 0.9498999714851379, AccVa: 0.8705000281333923, CeTr: 0.13996611535549164, CeVa: 0.46857205033302307
ENSEMBLE | Tr_Acc: 0.988099992275238, Tr_CE: 0.054434724152088165, Va_Acc: 0.9350000023841858, Va_CE: 0.23597268760204315
