NN CONFIG
Weight-type:		ternary
Layout									Layer #1: 250	Layer #2: 220	
Activation Functions					Layer #1: ets	Layer #2: ets	
Keep probabilities		Layer #0: 1.0	Layer #1: 1.0	Layer #2: 1.0	
Flat factors							Layer #1: 1.0	Layer #2: 1.0	Layer #3: 1.0	
Activation Noise						Layer #1: 0.0	Layer #2: 0.0	Layer #3: 0.0	
Prior: 0.8

===================================

RUN CONFIG
Epochs: 200, Blocksize: 4

===================================

Input binarization: False
Pretrained network accuracy: 0.992900013923645
Epoch: 0, AccTr: 0.392300009727478, AccVa: 0.3824999928474426, CeTr: 3.2847163677215576, CeVa: 3.472571849822998
Epoch: 1, AccTr: 0.9363999962806702, AccVa: 0.8799999952316284, CeTr: 0.2036106437444687, CeVa: 0.3940703868865967
Epoch: 2, AccTr: 0.9458000063896179, AccVa: 0.8805000185966492, CeTr: 0.1692962944507599, CeVa: 0.39373543858528137
Epoch: 3, AccTr: 0.9502000212669373, AccVa: 0.8974999785423279, CeTr: 0.15484070777893066, CeVa: 0.3828049898147583
Epoch: 4, AccTr: 0.9503999948501587, AccVa: 0.8939999938011169, CeTr: 0.1538466513156891, CeVa: 0.3660421669483185
Epoch: 5, AccTr: 0.9514999985694885, AccVa: 0.890999972820282, CeTr: 0.1509285718202591, CeVa: 0.38305914402008057
Epoch: 6, AccTr: 0.9520999789237976, AccVa: 0.8794999718666077, CeTr: 0.15046723186969757, CeVa: 0.40076884627342224
Epoch: 7, AccTr: 0.9488999843597412, AccVa: 0.8880000114440918, CeTr: 0.14638853073120117, CeVa: 0.368159681558609
Epoch: 8, AccTr: 0.9531999826431274, AccVa: 0.8849999904632568, CeTr: 0.1476851999759674, CeVa: 0.3762981593608856
Epoch: 9, AccTr: 0.9532999992370605, AccVa: 0.8840000033378601, CeTr: 0.1477406620979309, CeVa: 0.37282902002334595
Epoch: 10, AccTr: 0.9513000249862671, AccVa: 0.878000020980835, CeTr: 0.15129545331001282, CeVa: 0.4038692116737366
ENSEMBLE | Tr_Acc: 0.9513000249862671, Tr_CE: 0.15129545331001282, Va_Acc: 0.878000020980835, Va_CE: 0.4038692116737366
Epoch: 11, AccTr: 0.9531000256538391, AccVa: 0.8840000033378601, CeTr: 0.1418905407190323, CeVa: 0.37556833028793335
Epoch: 12, AccTr: 0.9510999917984009, AccVa: 0.8914999961853027, CeTr: 0.14196164906024933, CeVa: 0.3691615164279938
Epoch: 13, AccTr: 0.9516000151634216, AccVa: 0.8815000057220459, CeTr: 0.14322692155838013, CeVa: 0.41199445724487305
Epoch: 14, AccTr: 0.9527000188827515, AccVa: 0.8849999904632568, CeTr: 0.13529032468795776, CeVa: 0.40521878004074097
Epoch: 15, AccTr: 0.9534000158309937, AccVa: 0.8824999928474426, CeTr: 0.13889333605766296, CeVa: 0.40941324830055237
ENSEMBLE | Tr_Acc: 0.9750000238418579, Tr_CE: 0.09252945333719254, Va_Acc: 0.9049999713897705, Va_CE: 0.30028894543647766
Epoch: 16, AccTr: 0.9527999758720398, AccVa: 0.8880000114440918, CeTr: 0.1422538012266159, CeVa: 0.41341572999954224
Epoch: 17, AccTr: 0.9526000022888184, AccVa: 0.8934999704360962, CeTr: 0.1427982747554779, CeVa: 0.38575640320777893
Epoch: 18, AccTr: 0.9538000226020813, AccVa: 0.8799999952316284, CeTr: 0.146636500954628, CeVa: 0.4083360433578491
Epoch: 19, AccTr: 0.9538000226020813, AccVa: 0.8895000219345093, CeTr: 0.14104823768138885, CeVa: 0.38641810417175293
Epoch: 20, AccTr: 0.9519000053405762, AccVa: 0.8855000138282776, CeTr: 0.14525966346263885, CeVa: 0.41884613037109375
ENSEMBLE | Tr_Acc: 0.9781000018119812, Tr_CE: 0.07632043957710266, Va_Acc: 0.9194999933242798, Va_CE: 0.2707814872264862
Epoch: 21, AccTr: 0.9549999833106995, AccVa: 0.887499988079071, CeTr: 0.13769365847110748, CeVa: 0.385379433631897
Epoch: 22, AccTr: 0.9541000127792358, AccVa: 0.8794999718666077, CeTr: 0.14102543890476227, CeVa: 0.3929029405117035
Epoch: 23, AccTr: 0.9523000121116638, AccVa: 0.890500009059906, CeTr: 0.14420026540756226, CeVa: 0.39396747946739197
Epoch: 24, AccTr: 0.9509000182151794, AccVa: 0.8805000185966492, CeTr: 0.14579857885837555, CeVa: 0.4005519449710846
Epoch: 25, AccTr: 0.9503999948501587, AccVa: 0.8840000033378601, CeTr: 0.14353564381599426, CeVa: 0.38089290261268616
ENSEMBLE | Tr_Acc: 0.9818999767303467, Tr_CE: 0.0685407817363739, Va_Acc: 0.925000011920929, Va_CE: 0.2451353669166565
Epoch: 26, AccTr: 0.9495000243186951, AccVa: 0.8809999823570251, CeTr: 0.13940706849098206, CeVa: 0.3977351188659668
Epoch: 27, AccTr: 0.9520000219345093, AccVa: 0.8769999742507935, CeTr: 0.142136350274086, CeVa: 0.4204542934894562
Epoch: 28, AccTr: 0.9539999961853027, AccVa: 0.8834999799728394, CeTr: 0.1348557025194168, CeVa: 0.37733545899391174
Epoch: 29, AccTr: 0.9571999907493591, AccVa: 0.8834999799728394, CeTr: 0.13179339468479156, CeVa: 0.37167590856552124
Epoch: 30, AccTr: 0.9555000066757202, AccVa: 0.8855000138282776, CeTr: 0.13393555581569672, CeVa: 0.38896557688713074
ENSEMBLE | Tr_Acc: 0.9836999773979187, Tr_CE: 0.06275635212659836, Va_Acc: 0.9259999990463257, Va_CE: 0.232297882437706
Epoch: 31, AccTr: 0.9545000195503235, AccVa: 0.8845000267028809, CeTr: 0.13073605298995972, CeVa: 0.39343395829200745
Epoch: 32, AccTr: 0.9560999870300293, AccVa: 0.8734999895095825, CeTr: 0.1341695487499237, CeVa: 0.4513891041278839
Epoch: 33, AccTr: 0.9556000232696533, AccVa: 0.8805000185966492, CeTr: 0.13556745648384094, CeVa: 0.40137580037117004
Epoch: 34, AccTr: 0.9563999772071838, AccVa: 0.890500009059906, CeTr: 0.13337981700897217, CeVa: 0.37877970933914185
Epoch: 35, AccTr: 0.9560999870300293, AccVa: 0.8840000033378601, CeTr: 0.13541559875011444, CeVa: 0.38922858238220215
ENSEMBLE | Tr_Acc: 0.9854000210762024, Tr_CE: 0.059158872812986374, Va_Acc: 0.9290000200271606, Va_CE: 0.22328291833400726
Epoch: 36, AccTr: 0.9577999711036682, AccVa: 0.8884999752044678, CeTr: 0.12949948012828827, CeVa: 0.3845873475074768
Epoch: 37, AccTr: 0.9556999802589417, AccVa: 0.8899999856948853, CeTr: 0.13010339438915253, CeVa: 0.4037863612174988
Epoch: 38, AccTr: 0.9556000232696533, AccVa: 0.8790000081062317, CeTr: 0.1318538635969162, CeVa: 0.43293696641921997
Epoch: 39, AccTr: 0.9538999795913696, AccVa: 0.8889999985694885, CeTr: 0.13689318299293518, CeVa: 0.4023638963699341
Epoch: 40, AccTr: 0.9549999833106995, AccVa: 0.8715000152587891, CeTr: 0.13657043874263763, CeVa: 0.42959898710250854
ENSEMBLE | Tr_Acc: 0.9872999787330627, Tr_CE: 0.056493036448955536, Va_Acc: 0.9294999837875366, Va_CE: 0.22070355713367462
Epoch: 41, AccTr: 0.9526000022888184, AccVa: 0.8679999709129333, CeTr: 0.13778036832809448, CeVa: 0.44428980350494385
Epoch: 42, AccTr: 0.9567999839782715, AccVa: 0.8765000104904175, CeTr: 0.12990330159664154, CeVa: 0.44399294257164
Epoch: 43, AccTr: 0.9537000060081482, AccVa: 0.8899999856948853, CeTr: 0.13360464572906494, CeVa: 0.3948369026184082
Epoch: 44, AccTr: 0.953000009059906, AccVa: 0.8805000185966492, CeTr: 0.13488489389419556, CeVa: 0.40866023302078247
Epoch: 45, AccTr: 0.9535999894142151, AccVa: 0.8820000290870667, CeTr: 0.130975604057312, CeVa: 0.4072028696537018
ENSEMBLE | Tr_Acc: 0.9873999953269958, Tr_CE: 0.054318275302648544, Va_Acc: 0.9340000152587891, Va_CE: 0.21660970151424408
Epoch: 46, AccTr: 0.9505000114440918, AccVa: 0.8675000071525574, CeTr: 0.14200051128864288, CeVa: 0.4481658637523651
Epoch: 47, AccTr: 0.9564999938011169, AccVa: 0.8834999799728394, CeTr: 0.13145942986011505, CeVa: 0.38609570264816284
Epoch: 48, AccTr: 0.9538000226020813, AccVa: 0.8759999871253967, CeTr: 0.13386404514312744, CeVa: 0.43360817432403564
Epoch: 49, AccTr: 0.9517999887466431, AccVa: 0.8824999928474426, CeTr: 0.13847565650939941, CeVa: 0.41928595304489136
Epoch: 50, AccTr: 0.9580000042915344, AccVa: 0.8740000128746033, CeTr: 0.12593050301074982, CeVa: 0.42592474818229675
ENSEMBLE | Tr_Acc: 0.9878000020980835, Tr_CE: 0.052135780453681946, Va_Acc: 0.9350000023841858, Va_CE: 0.21525059640407562
Epoch: 51, AccTr: 0.9542999863624573, AccVa: 0.8740000128746033, CeTr: 0.13277776539325714, CeVa: 0.42485958337783813
Epoch: 52, AccTr: 0.9559999704360962, AccVa: 0.8734999895095825, CeTr: 0.1320117861032486, CeVa: 0.43763303756713867
Epoch: 53, AccTr: 0.9574000239372253, AccVa: 0.8799999952316284, CeTr: 0.12694266438484192, CeVa: 0.4165875017642975
Epoch: 54, AccTr: 0.9560999870300293, AccVa: 0.8855000138282776, CeTr: 0.13239958882331848, CeVa: 0.4072900712490082
Epoch: 55, AccTr: 0.9541000127792358, AccVa: 0.8834999799728394, CeTr: 0.13370876014232635, CeVa: 0.401810884475708
ENSEMBLE | Tr_Acc: 0.9886999726295471, Tr_CE: 0.050695911049842834, Va_Acc: 0.9359999895095825, Va_CE: 0.21213635802268982
Epoch: 56, AccTr: 0.9549000263214111, AccVa: 0.8769999742507935, CeTr: 0.13699807226657867, CeVa: 0.4387180805206299
Epoch: 57, AccTr: 0.9537000060081482, AccVa: 0.9020000100135803, CeTr: 0.13322848081588745, CeVa: 0.38435450196266174
Epoch: 58, AccTr: 0.9562000036239624, AccVa: 0.890999972820282, CeTr: 0.12777438759803772, CeVa: 0.37466028332710266
Epoch: 59, AccTr: 0.9524000287055969, AccVa: 0.8820000290870667, CeTr: 0.13555705547332764, CeVa: 0.4216269850730896
Epoch: 60, AccTr: 0.9544000029563904, AccVa: 0.890999972820282, CeTr: 0.13574914634227753, CeVa: 0.3913908898830414
ENSEMBLE | Tr_Acc: 0.9890999794006348, Tr_CE: 0.04985082894563675, Va_Acc: 0.9359999895095825, Va_CE: 0.20855727791786194
Epoch: 61, AccTr: 0.9555000066757202, AccVa: 0.8765000104904175, CeTr: 0.13065138459205627, CeVa: 0.40614861249923706
Epoch: 62, AccTr: 0.9538000226020813, AccVa: 0.8870000243186951, CeTr: 0.1309766173362732, CeVa: 0.40606510639190674
Epoch: 63, AccTr: 0.9520999789237976, AccVa: 0.8790000081062317, CeTr: 0.13347454369068146, CeVa: 0.42671942710876465
Epoch: 64, AccTr: 0.9541000127792358, AccVa: 0.8805000185966492, CeTr: 0.13360247015953064, CeVa: 0.40495002269744873
Epoch: 65, AccTr: 0.9545999765396118, AccVa: 0.8859999775886536, CeTr: 0.13266576826572418, CeVa: 0.40687087178230286
ENSEMBLE | Tr_Acc: 0.9890000224113464, Tr_CE: 0.048864953219890594, Va_Acc: 0.9365000128746033, Va_CE: 0.20814664661884308
Epoch: 66, AccTr: 0.9595000147819519, AccVa: 0.8774999976158142, CeTr: 0.12320014834403992, CeVa: 0.4248778522014618
Epoch: 67, AccTr: 0.9563999772071838, AccVa: 0.8790000081062317, CeTr: 0.12898923456668854, CeVa: 0.40535977482795715
Epoch: 68, AccTr: 0.9538000226020813, AccVa: 0.8834999799728394, CeTr: 0.13084784150123596, CeVa: 0.4329442083835602
Epoch: 69, AccTr: 0.9577999711036682, AccVa: 0.8815000057220459, CeTr: 0.12474250793457031, CeVa: 0.4095827341079712
Epoch: 70, AccTr: 0.9559000134468079, AccVa: 0.8790000081062317, CeTr: 0.1271761655807495, CeVa: 0.4028930962085724
ENSEMBLE | Tr_Acc: 0.9890999794006348, Tr_CE: 0.047750841826200485, Va_Acc: 0.9365000128746033, Va_CE: 0.20675235986709595
Epoch: 71, AccTr: 0.9553999900817871, AccVa: 0.8805000185966492, CeTr: 0.12956468760967255, CeVa: 0.454487681388855
Epoch: 72, AccTr: 0.9567000269889832, AccVa: 0.890500009059906, CeTr: 0.12527959048748016, CeVa: 0.3791038393974304
Epoch: 73, AccTr: 0.9549999833106995, AccVa: 0.8759999871253967, CeTr: 0.13040252029895782, CeVa: 0.40864917635917664
Epoch: 74, AccTr: 0.9524000287055969, AccVa: 0.8759999871253967, CeTr: 0.13506050407886505, CeVa: 0.44859540462493896
Epoch: 75, AccTr: 0.953000009059906, AccVa: 0.8824999928474426, CeTr: 0.13806752860546112, CeVa: 0.43403443694114685
ENSEMBLE | Tr_Acc: 0.9886999726295471, Tr_CE: 0.04722750931978226, Va_Acc: 0.9369999766349792, Va_CE: 0.20732222497463226
Epoch: 76, AccTr: 0.9538000226020813, AccVa: 0.8834999799728394, CeTr: 0.13652780652046204, CeVa: 0.4086255431175232
Epoch: 77, AccTr: 0.9542999863624573, AccVa: 0.8914999961853027, CeTr: 0.13733835518360138, CeVa: 0.409789115190506
Epoch: 78, AccTr: 0.9541000127792358, AccVa: 0.8759999871253967, CeTr: 0.13381339609622955, CeVa: 0.4302254915237427
Epoch: 79, AccTr: 0.9573000073432922, AccVa: 0.8769999742507935, CeTr: 0.12641802430152893, CeVa: 0.41445446014404297
Epoch: 80, AccTr: 0.9549999833106995, AccVa: 0.8765000104904175, CeTr: 0.13207240402698517, CeVa: 0.4472261965274811
ENSEMBLE | Tr_Acc: 0.9894000291824341, Tr_CE: 0.04666179046034813, Va_Acc: 0.9375, Va_CE: 0.20665985345840454
Epoch: 81, AccTr: 0.9555000066757202, AccVa: 0.8790000081062317, CeTr: 0.13439545035362244, CeVa: 0.4498516321182251
Epoch: 82, AccTr: 0.9513000249862671, AccVa: 0.8679999709129333, CeTr: 0.13749191164970398, CeVa: 0.4751063883304596
Epoch: 83, AccTr: 0.9553999900817871, AccVa: 0.8744999766349792, CeTr: 0.1307923048734665, CeVa: 0.4453355073928833
Epoch: 84, AccTr: 0.9521999955177307, AccVa: 0.8815000057220459, CeTr: 0.13643544912338257, CeVa: 0.4180036783218384
Epoch: 85, AccTr: 0.9521999955177307, AccVa: 0.8895000219345093, CeTr: 0.13666820526123047, CeVa: 0.3932357430458069
ENSEMBLE | Tr_Acc: 0.9897000193595886, Tr_CE: 0.04624401777982712, Va_Acc: 0.9384999871253967, Va_CE: 0.20595049858093262
Epoch: 86, AccTr: 0.9577999711036682, AccVa: 0.890999972820282, CeTr: 0.12955187261104584, CeVa: 0.40427735447883606
Epoch: 87, AccTr: 0.9567999839782715, AccVa: 0.8840000033378601, CeTr: 0.1268390417098999, CeVa: 0.4246825873851776
Epoch: 88, AccTr: 0.9545000195503235, AccVa: 0.8769999742507935, CeTr: 0.13076366484165192, CeVa: 0.42925891280174255
Epoch: 89, AccTr: 0.9562000036239624, AccVa: 0.8765000104904175, CeTr: 0.132991760969162, CeVa: 0.42431047558784485
Epoch: 90, AccTr: 0.9578999876976013, AccVa: 0.8830000162124634, CeTr: 0.12320996075868607, CeVa: 0.4389708340167999
ENSEMBLE | Tr_Acc: 0.989799976348877, Tr_CE: 0.045577287673950195, Va_Acc: 0.9369999766349792, Va_CE: 0.20647025108337402
Epoch: 91, AccTr: 0.9539999961853027, AccVa: 0.875, CeTr: 0.13017573952674866, CeVa: 0.4257420599460602
Epoch: 92, AccTr: 0.9567000269889832, AccVa: 0.890500009059906, CeTr: 0.13006006181240082, CeVa: 0.41546013951301575
Epoch: 93, AccTr: 0.9545999765396118, AccVa: 0.8815000057220459, CeTr: 0.13017721474170685, CeVa: 0.46227046847343445
Epoch: 94, AccTr: 0.9591000080108643, AccVa: 0.878000020980835, CeTr: 0.12412580847740173, CeVa: 0.4624020457267761
Epoch: 95, AccTr: 0.9556999802589417, AccVa: 0.8815000057220459, CeTr: 0.13263273239135742, CeVa: 0.43213969469070435
ENSEMBLE | Tr_Acc: 0.9896000027656555, Tr_CE: 0.04496804252266884, Va_Acc: 0.9384999871253967, Va_CE: 0.20640349388122559
Epoch: 96, AccTr: 0.9560999870300293, AccVa: 0.8769999742507935, CeTr: 0.12581299245357513, CeVa: 0.4367489814758301
Epoch: 97, AccTr: 0.9569000005722046, AccVa: 0.887499988079071, CeTr: 0.12676343321800232, CeVa: 0.40855872631073
Epoch: 98, AccTr: 0.9538999795913696, AccVa: 0.8914999961853027, CeTr: 0.12951041758060455, CeVa: 0.3985959589481354
Epoch: 99, AccTr: 0.9545999765396118, AccVa: 0.8805000185966492, CeTr: 0.12841582298278809, CeVa: 0.40142589807510376
Epoch: 100, AccTr: 0.9567999839782715, AccVa: 0.8939999938011169, CeTr: 0.12341146171092987, CeVa: 0.4003130793571472
ENSEMBLE | Tr_Acc: 0.9898999929428101, Tr_CE: 0.044452082365751266, Va_Acc: 0.9375, Va_CE: 0.20603665709495544
Epoch: 101, AccTr: 0.9578999876976013, AccVa: 0.8815000057220459, CeTr: 0.1273059993982315, CeVa: 0.41882771253585815
Epoch: 102, AccTr: 0.9545999765396118, AccVa: 0.8815000057220459, CeTr: 0.13413676619529724, CeVa: 0.41479992866516113
Epoch: 103, AccTr: 0.9563000202178955, AccVa: 0.8774999976158142, CeTr: 0.13077998161315918, CeVa: 0.40154388546943665
Epoch: 104, AccTr: 0.9556000232696533, AccVa: 0.8794999718666077, CeTr: 0.12983018159866333, CeVa: 0.4324401319026947
Epoch: 105, AccTr: 0.9545000195503235, AccVa: 0.8939999938011169, CeTr: 0.12899334728717804, CeVa: 0.3769473135471344
ENSEMBLE | Tr_Acc: 0.9904999732971191, Tr_CE: 0.043974488973617554, Va_Acc: 0.9384999871253967, Va_CE: 0.2039981633424759
Epoch: 106, AccTr: 0.9537000060081482, AccVa: 0.8774999976158142, CeTr: 0.13166342675685883, CeVa: 0.4056204557418823
Epoch: 107, AccTr: 0.9550999999046326, AccVa: 0.8834999799728394, CeTr: 0.12910951673984528, CeVa: 0.41270512342453003
Epoch: 108, AccTr: 0.9545000195503235, AccVa: 0.8859999775886536, CeTr: 0.12709608674049377, CeVa: 0.4288095235824585
Epoch: 109, AccTr: 0.9559999704360962, AccVa: 0.8820000290870667, CeTr: 0.13612450659275055, CeVa: 0.45638781785964966
Epoch: 110, AccTr: 0.9519000053405762, AccVa: 0.8845000267028809, CeTr: 0.1353437304496765, CeVa: 0.41681787371635437
ENSEMBLE | Tr_Acc: 0.9901000261306763, Tr_CE: 0.0437571257352829, Va_Acc: 0.9380000233650208, Va_CE: 0.20353341102600098
Epoch: 111, AccTr: 0.9552000164985657, AccVa: 0.8855000138282776, CeTr: 0.13187912106513977, CeVa: 0.4118441939353943
Epoch: 112, AccTr: 0.9546999931335449, AccVa: 0.8744999766349792, CeTr: 0.131417915225029, CeVa: 0.4219972789287567
Epoch: 113, AccTr: 0.954200029373169, AccVa: 0.8759999871253967, CeTr: 0.13553152978420258, CeVa: 0.4318590760231018
Epoch: 114, AccTr: 0.9552000164985657, AccVa: 0.8815000057220459, CeTr: 0.13167481124401093, CeVa: 0.4476326107978821
Epoch: 115, AccTr: 0.9531999826431274, AccVa: 0.8769999742507935, CeTr: 0.13191288709640503, CeVa: 0.43483203649520874
ENSEMBLE | Tr_Acc: 0.9902999997138977, Tr_CE: 0.043417543172836304, Va_Acc: 0.9384999871253967, Va_CE: 0.2040659785270691
Epoch: 116, AccTr: 0.9549999833106995, AccVa: 0.8790000081062317, CeTr: 0.1272171288728714, CeVa: 0.40920892357826233
Epoch: 117, AccTr: 0.9545999765396118, AccVa: 0.8755000233650208, CeTr: 0.13509371876716614, CeVa: 0.43821313977241516
Epoch: 118, AccTr: 0.9577000141143799, AccVa: 0.8845000267028809, CeTr: 0.13040561974048615, CeVa: 0.4081662595272064
Epoch: 119, AccTr: 0.9591000080108643, AccVa: 0.8920000195503235, CeTr: 0.12412267178297043, CeVa: 0.3993973135948181
Epoch: 120, AccTr: 0.9538999795913696, AccVa: 0.8855000138282776, CeTr: 0.12995240092277527, CeVa: 0.43442413210868835
ENSEMBLE | Tr_Acc: 0.9907000064849854, Tr_CE: 0.043151456862688065, Va_Acc: 0.9384999871253967, Va_CE: 0.20458383858203888
Epoch: 121, AccTr: 0.9532999992370605, AccVa: 0.8865000009536743, CeTr: 0.1307249516248703, CeVa: 0.4161111116409302
Epoch: 122, AccTr: 0.9549999833106995, AccVa: 0.8824999928474426, CeTr: 0.12857472896575928, CeVa: 0.42665335536003113
Epoch: 123, AccTr: 0.9535999894142151, AccVa: 0.8845000267028809, CeTr: 0.1360217183828354, CeVa: 0.41696783900260925
Epoch: 124, AccTr: 0.9580000042915344, AccVa: 0.8930000066757202, CeTr: 0.12156084179878235, CeVa: 0.4150535464286804
Epoch: 125, AccTr: 0.9581000208854675, AccVa: 0.8855000138282776, CeTr: 0.12809118628501892, CeVa: 0.420436829328537
ENSEMBLE | Tr_Acc: 0.9909999966621399, Tr_CE: 0.042855117470026016, Va_Acc: 0.9365000128746033, Va_CE: 0.20400631427764893
Epoch: 126, AccTr: 0.9567999839782715, AccVa: 0.8790000081062317, CeTr: 0.12647822499275208, CeVa: 0.4419409930706024
Epoch: 127, AccTr: 0.9575999975204468, AccVa: 0.8834999799728394, CeTr: 0.13017641007900238, CeVa: 0.3892897069454193
Epoch: 128, AccTr: 0.9577000141143799, AccVa: 0.8849999904632568, CeTr: 0.1282235085964203, CeVa: 0.4338286817073822
Epoch: 129, AccTr: 0.9567000269889832, AccVa: 0.8725000023841858, CeTr: 0.12766052782535553, CeVa: 0.4606415927410126
Epoch: 130, AccTr: 0.9527000188827515, AccVa: 0.8700000047683716, CeTr: 0.13673558831214905, CeVa: 0.4826003313064575
ENSEMBLE | Tr_Acc: 0.9909999966621399, Tr_CE: 0.042703256011009216, Va_Acc: 0.9365000128746033, Va_CE: 0.2055751532316208
Epoch: 131, AccTr: 0.9539999961853027, AccVa: 0.8705000281333923, CeTr: 0.1288626492023468, CeVa: 0.452629953622818
Epoch: 132, AccTr: 0.9569000005722046, AccVa: 0.8765000104904175, CeTr: 0.12646865844726562, CeVa: 0.45630091428756714
Epoch: 133, AccTr: 0.9574999809265137, AccVa: 0.8725000023841858, CeTr: 0.12666642665863037, CeVa: 0.43764039874076843
Epoch: 134, AccTr: 0.960099995136261, AccVa: 0.8794999718666077, CeTr: 0.1221996545791626, CeVa: 0.4348491430282593
Epoch: 135, AccTr: 0.9575999975204468, AccVa: 0.8794999718666077, CeTr: 0.12710081040859222, CeVa: 0.42082372307777405
ENSEMBLE | Tr_Acc: 0.9908999800682068, Tr_CE: 0.04254899173974991, Va_Acc: 0.9365000128746033, Va_CE: 0.20548240840435028
Epoch: 136, AccTr: 0.9563000202178955, AccVa: 0.8715000152587891, CeTr: 0.1282627135515213, CeVa: 0.4524844288825989
Epoch: 137, AccTr: 0.9559999704360962, AccVa: 0.8805000185966492, CeTr: 0.12435349076986313, CeVa: 0.4414536952972412
Epoch: 138, AccTr: 0.9556999802589417, AccVa: 0.8899999856948853, CeTr: 0.12960441410541534, CeVa: 0.4032134413719177
Epoch: 139, AccTr: 0.9585000276565552, AccVa: 0.8855000138282776, CeTr: 0.12062651664018631, CeVa: 0.4144541025161743
Epoch: 140, AccTr: 0.9557999968528748, AccVa: 0.8895000219345093, CeTr: 0.12700089812278748, CeVa: 0.40773332118988037
ENSEMBLE | Tr_Acc: 0.991100013256073, Tr_CE: 0.04240885749459267, Va_Acc: 0.9359999895095825, Va_CE: 0.2053637057542801
Epoch: 141, AccTr: 0.9527999758720398, AccVa: 0.8784999847412109, CeTr: 0.1332547664642334, CeVa: 0.43924787640571594
Epoch: 142, AccTr: 0.9584000110626221, AccVa: 0.8774999976158142, CeTr: 0.12700381875038147, CeVa: 0.46155181527137756
Epoch: 143, AccTr: 0.9577999711036682, AccVa: 0.8895000219345093, CeTr: 0.11743932962417603, CeVa: 0.4218805432319641
Epoch: 144, AccTr: 0.9563000202178955, AccVa: 0.8855000138282776, CeTr: 0.12685279548168182, CeVa: 0.41322487592697144
Epoch: 145, AccTr: 0.954800009727478, AccVa: 0.8790000081062317, CeTr: 0.12515044212341309, CeVa: 0.4476251006126404
ENSEMBLE | Tr_Acc: 0.9908999800682068, Tr_CE: 0.042096689343452454, Va_Acc: 0.9359999895095825, Va_CE: 0.20587092638015747
Epoch: 146, AccTr: 0.9592000246047974, AccVa: 0.8884999752044678, CeTr: 0.11898144334554672, CeVa: 0.44084176421165466
Epoch: 147, AccTr: 0.9575999975204468, AccVa: 0.8784999847412109, CeTr: 0.11976822465658188, CeVa: 0.45021137595176697
Epoch: 148, AccTr: 0.9562000036239624, AccVa: 0.8784999847412109, CeTr: 0.12458550930023193, CeVa: 0.4318498373031616
Epoch: 149, AccTr: 0.9603000283241272, AccVa: 0.8865000009536743, CeTr: 0.11707048118114471, CeVa: 0.436819463968277
Epoch: 150, AccTr: 0.9564999938011169, AccVa: 0.8794999718666077, CeTr: 0.12169729918241501, CeVa: 0.459652304649353
ENSEMBLE | Tr_Acc: 0.9911999702453613, Tr_CE: 0.04177498444914818, Va_Acc: 0.9350000023841858, Va_CE: 0.20658044517040253
Epoch: 151, AccTr: 0.9569000005722046, AccVa: 0.8815000057220459, CeTr: 0.12210188060998917, CeVa: 0.44060200452804565
Epoch: 152, AccTr: 0.9560999870300293, AccVa: 0.887499988079071, CeTr: 0.12537802755832672, CeVa: 0.4291766285896301
Epoch: 153, AccTr: 0.9588000178337097, AccVa: 0.8859999775886536, CeTr: 0.12339406460523605, CeVa: 0.4208768308162689
Epoch: 154, AccTr: 0.9581000208854675, AccVa: 0.8840000033378601, CeTr: 0.12178989499807358, CeVa: 0.41516605019569397
Epoch: 155, AccTr: 0.9549000263214111, AccVa: 0.8809999823570251, CeTr: 0.12537211179733276, CeVa: 0.4208112359046936
ENSEMBLE | Tr_Acc: 0.9911999702453613, Tr_CE: 0.04151223972439766, Va_Acc: 0.9365000128746033, Va_CE: 0.2060520499944687
Epoch: 156, AccTr: 0.9563000202178955, AccVa: 0.8855000138282776, CeTr: 0.12439323961734772, CeVa: 0.4271376430988312
Epoch: 157, AccTr: 0.9559999704360962, AccVa: 0.8809999823570251, CeTr: 0.11878393590450287, CeVa: 0.42735999822616577
Epoch: 158, AccTr: 0.9560999870300293, AccVa: 0.8784999847412109, CeTr: 0.12615765631198883, CeVa: 0.4440547525882721
Epoch: 159, AccTr: 0.960099995136261, AccVa: 0.8895000219345093, CeTr: 0.11690603196620941, CeVa: 0.4212803840637207
Epoch: 160, AccTr: 0.9563000202178955, AccVa: 0.8820000290870667, CeTr: 0.12282958626747131, CeVa: 0.4329712688922882
ENSEMBLE | Tr_Acc: 0.991100013256073, Tr_CE: 0.04112471640110016, Va_Acc: 0.9350000023841858, Va_CE: 0.20594839751720428
Epoch: 161, AccTr: 0.9610999822616577, AccVa: 0.8914999961853027, CeTr: 0.1175127699971199, CeVa: 0.4062776565551758
Epoch: 162, AccTr: 0.95660001039505, AccVa: 0.8834999799728394, CeTr: 0.12460136413574219, CeVa: 0.410749614238739
Epoch: 163, AccTr: 0.9592000246047974, AccVa: 0.8865000009536743, CeTr: 0.12103074043989182, CeVa: 0.4199044108390808
Epoch: 164, AccTr: 0.9602000117301941, AccVa: 0.8834999799728394, CeTr: 0.11987901479005814, CeVa: 0.43460044264793396
Epoch: 165, AccTr: 0.957099974155426, AccVa: 0.8845000267028809, CeTr: 0.12220674008131027, CeVa: 0.4254303574562073
ENSEMBLE | Tr_Acc: 0.9912999868392944, Tr_CE: 0.04085872322320938, Va_Acc: 0.9365000128746033, Va_CE: 0.20497222244739532
Epoch: 166, AccTr: 0.9556999802589417, AccVa: 0.8865000009536743, CeTr: 0.12948240339756012, CeVa: 0.4227043688297272
Epoch: 167, AccTr: 0.9577000141143799, AccVa: 0.887499988079071, CeTr: 0.12060367316007614, CeVa: 0.4116067588329315
Epoch: 168, AccTr: 0.9567000269889832, AccVa: 0.8865000009536743, CeTr: 0.12135720252990723, CeVa: 0.44919270277023315
Epoch: 169, AccTr: 0.9588000178337097, AccVa: 0.8820000290870667, CeTr: 0.1231527328491211, CeVa: 0.44428515434265137
Epoch: 170, AccTr: 0.9573000073432922, AccVa: 0.8834999799728394, CeTr: 0.1259901374578476, CeVa: 0.44005048274993896
ENSEMBLE | Tr_Acc: 0.9918000102043152, Tr_CE: 0.04056292027235031, Va_Acc: 0.9365000128746033, Va_CE: 0.20498740673065186
Epoch: 171, AccTr: 0.9577999711036682, AccVa: 0.8855000138282776, CeTr: 0.1224227026104927, CeVa: 0.45484399795532227
Epoch: 172, AccTr: 0.9552000164985657, AccVa: 0.8820000290870667, CeTr: 0.12328270077705383, CeVa: 0.445222407579422
Epoch: 173, AccTr: 0.9581000208854675, AccVa: 0.8790000081062317, CeTr: 0.11940904706716537, CeVa: 0.4316648542881012
Epoch: 174, AccTr: 0.9593999981880188, AccVa: 0.8895000219345093, CeTr: 0.11968944221735, CeVa: 0.40321606397628784
Epoch: 175, AccTr: 0.9603000283241272, AccVa: 0.8865000009536743, CeTr: 0.115253746509552, CeVa: 0.4122242033481598
ENSEMBLE | Tr_Acc: 0.9918000102043152, Tr_CE: 0.04013499990105629, Va_Acc: 0.9380000233650208, Va_CE: 0.20432959496974945
Epoch: 176, AccTr: 0.9577000141143799, AccVa: 0.8830000162124634, CeTr: 0.12347109615802765, CeVa: 0.43049106001853943
Epoch: 177, AccTr: 0.9569000005722046, AccVa: 0.8895000219345093, CeTr: 0.12410395592451096, CeVa: 0.41046053171157837
Epoch: 178, AccTr: 0.9606999754905701, AccVa: 0.8880000114440918, CeTr: 0.11612862348556519, CeVa: 0.39852920174598694
Epoch: 179, AccTr: 0.9563000202178955, AccVa: 0.8985000252723694, CeTr: 0.12306161969900131, CeVa: 0.39902937412261963
Epoch: 180, AccTr: 0.9593999981880188, AccVa: 0.8895000219345093, CeTr: 0.11701569706201553, CeVa: 0.43485087156295776
ENSEMBLE | Tr_Acc: 0.9915000200271606, Tr_CE: 0.03980956971645355, Va_Acc: 0.9380000233650208, Va_CE: 0.2048395872116089
Epoch: 181, AccTr: 0.9577000141143799, AccVa: 0.8794999718666077, CeTr: 0.11908601224422455, CeVa: 0.4327808916568756
Epoch: 182, AccTr: 0.9585999846458435, AccVa: 0.8820000290870667, CeTr: 0.11807920038700104, CeVa: 0.44468042254447937
Epoch: 183, AccTr: 0.9584000110626221, AccVa: 0.8784999847412109, CeTr: 0.12432251125574112, CeVa: 0.4491064250469208
Epoch: 184, AccTr: 0.9567000269889832, AccVa: 0.8924999833106995, CeTr: 0.12061034142971039, CeVa: 0.41696909070014954
Epoch: 185, AccTr: 0.9613999724388123, AccVa: 0.8880000114440918, CeTr: 0.11663255840539932, CeVa: 0.4245516359806061
ENSEMBLE | Tr_Acc: 0.9919000267982483, Tr_CE: 0.039505183696746826, Va_Acc: 0.9384999871253967, Va_CE: 0.20437896251678467
Epoch: 186, AccTr: 0.9610000252723694, AccVa: 0.8845000267028809, CeTr: 0.11270539462566376, CeVa: 0.41213878989219666
Epoch: 187, AccTr: 0.9605000019073486, AccVa: 0.8934999704360962, CeTr: 0.11803454905748367, CeVa: 0.40154188871383667
Epoch: 188, AccTr: 0.9588000178337097, AccVa: 0.8784999847412109, CeTr: 0.11723735183477402, CeVa: 0.46648073196411133
Epoch: 189, AccTr: 0.9585999846458435, AccVa: 0.8794999718666077, CeTr: 0.1208522692322731, CeVa: 0.4284246861934662
Epoch: 190, AccTr: 0.9591000080108643, AccVa: 0.890500009059906, CeTr: 0.12051782011985779, CeVa: 0.4206222891807556
ENSEMBLE | Tr_Acc: 0.9919000267982483, Tr_CE: 0.03915400430560112, Va_Acc: 0.9384999871253967, Va_CE: 0.20331928133964539
Epoch: 191, AccTr: 0.9595000147819519, AccVa: 0.8960000276565552, CeTr: 0.12114948779344559, CeVa: 0.40190622210502625
Epoch: 192, AccTr: 0.9570000171661377, AccVa: 0.8880000114440918, CeTr: 0.1243651881814003, CeVa: 0.3960598409175873
Epoch: 193, AccTr: 0.9592999815940857, AccVa: 0.8970000147819519, CeTr: 0.11559483408927917, CeVa: 0.3712419867515564
Epoch: 194, AccTr: 0.9581999778747559, AccVa: 0.8820000290870667, CeTr: 0.12177528440952301, CeVa: 0.40821895003318787
Epoch: 195, AccTr: 0.9573000073432922, AccVa: 0.8920000195503235, CeTr: 0.12381304055452347, CeVa: 0.38116124272346497
ENSEMBLE | Tr_Acc: 0.9916999936103821, Tr_CE: 0.03894525021314621, Va_Acc: 0.9390000104904175, Va_CE: 0.20224310457706451
Epoch: 196, AccTr: 0.9585999846458435, AccVa: 0.8759999871253967, CeTr: 0.11853453516960144, CeVa: 0.4375874102115631
Epoch: 197, AccTr: 0.9611999988555908, AccVa: 0.8824999928474426, CeTr: 0.11553122848272324, CeVa: 0.40750178694725037
Epoch: 198, AccTr: 0.9599999785423279, AccVa: 0.8809999823570251, CeTr: 0.11536457389593124, CeVa: 0.434967577457428
Epoch: 199, AccTr: 0.9562000036239624, AccVa: 0.8859999775886536, CeTr: 0.12227670848369598, CeVa: 0.4070615768432617
Epoch: 200, AccTr: 0.955299973487854, AccVa: 0.8805000185966492, CeTr: 0.11910443007946014, CeVa: 0.45090630650520325
ENSEMBLE | Tr_Acc: 0.9919000267982483, Tr_CE: 0.03874127194285393, Va_Acc: 0.9390000104904175, Va_CE: 0.2021125853061676
NN CONFIG
Weight-type:		ternary
Layout									Layer #1: 250	Layer #2: 220	
Activation Functions					Layer #1: ets	Layer #2: ets	
Keep probabilities		Layer #0: 1.0	Layer #1: 1.0	Layer #2: 1.0	
Flat factors							Layer #1: 1.0	Layer #2: 1.0	Layer #3: 1.0	
Activation Noise						Layer #1: 0.0	Layer #2: 0.0	Layer #3: 0.0	
Prior: 0.8

===================================

RUN CONFIG
Epochs: 200, Blocksize: 4

===================================

Input binarization: False
Pretrained network accuracy: 0.9710000157356262
Epoch: 0, AccTr: 0.5612000226974487, AccVa: 0.5745000243186951, CeTr: 2.864382266998291, CeVa: 2.7376558780670166
Epoch: 1, AccTr: 0.9402999877929688, AccVa: 0.8784999847412109, CeTr: 0.19866487383842468, CeVa: 0.42719271779060364
Epoch: 2, AccTr: 0.9491000175476074, AccVa: 0.8999999761581421, CeTr: 0.15328249335289001, CeVa: 0.3607627749443054
Epoch: 3, AccTr: 0.9524999856948853, AccVa: 0.8980000019073486, CeTr: 0.14354410767555237, CeVa: 0.37723973393440247
Epoch: 4, AccTr: 0.949999988079071, AccVa: 0.8895000219345093, CeTr: 0.14524520933628082, CeVa: 0.4062366187572479
Epoch: 5, AccTr: 0.9531000256538391, AccVa: 0.8884999752044678, CeTr: 0.1396683305501938, CeVa: 0.3866044580936432
Epoch: 6, AccTr: 0.9537000060081482, AccVa: 0.887499988079071, CeTr: 0.14066588878631592, CeVa: 0.40022212266921997
Epoch: 7, AccTr: 0.9546999931335449, AccVa: 0.8824999928474426, CeTr: 0.13257251679897308, CeVa: 0.38303858041763306
Epoch: 8, AccTr: 0.9544000029563904, AccVa: 0.8815000057220459, CeTr: 0.13349083065986633, CeVa: 0.4228053092956543
Epoch: 9, AccTr: 0.9506000280380249, AccVa: 0.8884999752044678, CeTr: 0.14178800582885742, CeVa: 0.3952150046825409
Epoch: 10, AccTr: 0.9538999795913696, AccVa: 0.8899999856948853, CeTr: 0.13155236840248108, CeVa: 0.37254875898361206
ENSEMBLE | Tr_Acc: 0.9538999795913696, Tr_CE: 0.13155236840248108, Va_Acc: 0.8899999856948853, Va_CE: 0.37254875898361206
Epoch: 11, AccTr: 0.955299973487854, AccVa: 0.8799999952316284, CeTr: 0.1339200735092163, CeVa: 0.3889022469520569
Epoch: 12, AccTr: 0.9546999931335449, AccVa: 0.8970000147819519, CeTr: 0.1332600861787796, CeVa: 0.36289745569229126
Epoch: 13, AccTr: 0.9520000219345093, AccVa: 0.890999972820282, CeTr: 0.1341342329978943, CeVa: 0.37039563059806824
Epoch: 14, AccTr: 0.9569000005722046, AccVa: 0.8884999752044678, CeTr: 0.12926533818244934, CeVa: 0.4006427824497223
Epoch: 15, AccTr: 0.95660001039505, AccVa: 0.8815000057220459, CeTr: 0.1341364085674286, CeVa: 0.4286973476409912
ENSEMBLE | Tr_Acc: 0.9772999882698059, Tr_CE: 0.0815192237496376, Va_Acc: 0.9164999723434448, Va_CE: 0.28881004452705383
Epoch: 16, AccTr: 0.9513999819755554, AccVa: 0.8859999775886536, CeTr: 0.13815432786941528, CeVa: 0.3803480267524719
Epoch: 17, AccTr: 0.9488999843597412, AccVa: 0.8865000009536743, CeTr: 0.1422746777534485, CeVa: 0.3754740059375763
Epoch: 18, AccTr: 0.95660001039505, AccVa: 0.8989999890327454, CeTr: 0.13108837604522705, CeVa: 0.3668590188026428
Epoch: 19, AccTr: 0.9571999907493591, AccVa: 0.8884999752044678, CeTr: 0.1284566968679428, CeVa: 0.3705749213695526
Epoch: 20, AccTr: 0.95660001039505, AccVa: 0.8799999952316284, CeTr: 0.13448530435562134, CeVa: 0.40184295177459717
ENSEMBLE | Tr_Acc: 0.9821000099182129, Tr_CE: 0.0677972063422203, Va_Acc: 0.9279999732971191, Va_CE: 0.25544700026512146
Epoch: 21, AccTr: 0.9506000280380249, AccVa: 0.8840000033378601, CeTr: 0.13942532241344452, CeVa: 0.41290906071662903
Epoch: 22, AccTr: 0.9557999968528748, AccVa: 0.8824999928474426, CeTr: 0.12886035442352295, CeVa: 0.4095010459423065
Epoch: 23, AccTr: 0.9539999961853027, AccVa: 0.887499988079071, CeTr: 0.13555526733398438, CeVa: 0.39229094982147217
Epoch: 24, AccTr: 0.9567000269889832, AccVa: 0.8834999799728394, CeTr: 0.12385965883731842, CeVa: 0.4003131091594696
Epoch: 25, AccTr: 0.9532999992370605, AccVa: 0.8865000009536743, CeTr: 0.13539980351924896, CeVa: 0.41257336735725403
ENSEMBLE | Tr_Acc: 0.9843000173568726, Tr_CE: 0.0608016774058342, Va_Acc: 0.9300000071525574, Va_CE: 0.24109333753585815
Epoch: 26, AccTr: 0.9496999979019165, AccVa: 0.8740000128746033, CeTr: 0.1361510306596756, CeVa: 0.43873482942581177
Epoch: 27, AccTr: 0.9531000256538391, AccVa: 0.8799999952316284, CeTr: 0.13590773940086365, CeVa: 0.3893752694129944
Epoch: 28, AccTr: 0.9574000239372253, AccVa: 0.8855000138282776, CeTr: 0.13075853884220123, CeVa: 0.40543127059936523
Epoch: 29, AccTr: 0.9544000029563904, AccVa: 0.875, CeTr: 0.1290292888879776, CeVa: 0.4418092370033264
Epoch: 30, AccTr: 0.9496999979019165, AccVa: 0.8834999799728394, CeTr: 0.14258073270320892, CeVa: 0.4150754511356354
ENSEMBLE | Tr_Acc: 0.9861999750137329, Tr_CE: 0.05694038048386574, Va_Acc: 0.9319999814033508, Va_CE: 0.23203463852405548
Epoch: 31, AccTr: 0.9538999795913696, AccVa: 0.8824999928474426, CeTr: 0.13082057237625122, CeVa: 0.4000757336616516
Epoch: 32, AccTr: 0.9532999992370605, AccVa: 0.8834999799728394, CeTr: 0.13265132904052734, CeVa: 0.4109298586845398
Epoch: 33, AccTr: 0.9501000046730042, AccVa: 0.875, CeTr: 0.14194566011428833, CeVa: 0.44668814539909363
Epoch: 34, AccTr: 0.9544000029563904, AccVa: 0.8709999918937683, CeTr: 0.1367146074771881, CeVa: 0.43262979388237
Epoch: 35, AccTr: 0.9569000005722046, AccVa: 0.8790000081062317, CeTr: 0.1268194168806076, CeVa: 0.42564085125923157
ENSEMBLE | Tr_Acc: 0.987500011920929, Tr_CE: 0.053403984755277634, Va_Acc: 0.9334999918937683, Va_CE: 0.22782902419567108
Epoch: 36, AccTr: 0.9517999887466431, AccVa: 0.8815000057220459, CeTr: 0.13993674516677856, CeVa: 0.4402793347835541
Epoch: 37, AccTr: 0.9545000195503235, AccVa: 0.8889999985694885, CeTr: 0.13570301234722137, CeVa: 0.42011845111846924
Epoch: 38, AccTr: 0.9555000066757202, AccVa: 0.8794999718666077, CeTr: 0.13062845170497894, CeVa: 0.40446946024894714
Epoch: 39, AccTr: 0.9488999843597412, AccVa: 0.8815000057220459, CeTr: 0.13755464553833008, CeVa: 0.4256333112716675
Epoch: 40, AccTr: 0.9546999931335449, AccVa: 0.8914999961853027, CeTr: 0.13110609352588654, CeVa: 0.3800179362297058
ENSEMBLE | Tr_Acc: 0.9884999990463257, Tr_CE: 0.0518227182328701, Va_Acc: 0.934499979019165, Va_CE: 0.2200302928686142
Epoch: 41, AccTr: 0.9550999999046326, AccVa: 0.8790000081062317, CeTr: 0.13439202308654785, CeVa: 0.4144800901412964
Epoch: 42, AccTr: 0.9534000158309937, AccVa: 0.8870000243186951, CeTr: 0.13376067578792572, CeVa: 0.4018028974533081
Epoch: 43, AccTr: 0.9526000022888184, AccVa: 0.8865000009536743, CeTr: 0.13305923342704773, CeVa: 0.41154444217681885
Epoch: 44, AccTr: 0.9539999961853027, AccVa: 0.8884999752044678, CeTr: 0.1314576119184494, CeVa: 0.4334017336368561
Epoch: 45, AccTr: 0.9573000073432922, AccVa: 0.8805000185966492, CeTr: 0.1322745531797409, CeVa: 0.44356250762939453
ENSEMBLE | Tr_Acc: 0.989300012588501, Tr_CE: 0.05051266774535179, Va_Acc: 0.934499979019165, Va_CE: 0.21954508125782013
Epoch: 46, AccTr: 0.9545000195503235, AccVa: 0.878000020980835, CeTr: 0.13168254494667053, CeVa: 0.4321281611919403
Epoch: 47, AccTr: 0.9535999894142151, AccVa: 0.8830000162124634, CeTr: 0.13183046877384186, CeVa: 0.3749220073223114
Epoch: 48, AccTr: 0.9531999826431274, AccVa: 0.8989999890327454, CeTr: 0.135740265250206, CeVa: 0.36042317748069763
Epoch: 49, AccTr: 0.9552000164985657, AccVa: 0.8920000195503235, CeTr: 0.13326023519039154, CeVa: 0.37776145339012146
Epoch: 50, AccTr: 0.9560999870300293, AccVa: 0.8914999961853027, CeTr: 0.12918056547641754, CeVa: 0.3921596109867096
ENSEMBLE | Tr_Acc: 0.9886999726295471, Tr_CE: 0.04932626336812973, Va_Acc: 0.9375, Va_CE: 0.21514643728733063
Epoch: 51, AccTr: 0.9556999802589417, AccVa: 0.8824999928474426, CeTr: 0.12706749141216278, CeVa: 0.3800225555896759
Epoch: 52, AccTr: 0.9509999752044678, AccVa: 0.8765000104904175, CeTr: 0.14017300307750702, CeVa: 0.4331558644771576
Epoch: 53, AccTr: 0.9531000256538391, AccVa: 0.8855000138282776, CeTr: 0.1333008110523224, CeVa: 0.40812602639198303
Epoch: 54, AccTr: 0.954200029373169, AccVa: 0.8924999833106995, CeTr: 0.13054417073726654, CeVa: 0.40846729278564453
Epoch: 55, AccTr: 0.9556999802589417, AccVa: 0.8834999799728394, CeTr: 0.1261519342660904, CeVa: 0.3978795111179352
ENSEMBLE | Tr_Acc: 0.9889000058174133, Tr_CE: 0.04809585586190224, Va_Acc: 0.9399999976158142, Va_CE: 0.21175707876682281
Epoch: 56, AccTr: 0.9549000263214111, AccVa: 0.8859999775886536, CeTr: 0.13110990822315216, CeVa: 0.38703054189682007
Epoch: 57, AccTr: 0.9527000188827515, AccVa: 0.890999972820282, CeTr: 0.13728003203868866, CeVa: 0.3959100544452667
Epoch: 58, AccTr: 0.9542999863624573, AccVa: 0.8794999718666077, CeTr: 0.12895740568637848, CeVa: 0.42181193828582764
Epoch: 59, AccTr: 0.9556000232696533, AccVa: 0.8799999952316284, CeTr: 0.13253827393054962, CeVa: 0.4132835865020752
Epoch: 60, AccTr: 0.9549000263214111, AccVa: 0.8914999961853027, CeTr: 0.13244307041168213, CeVa: 0.39149197936058044
ENSEMBLE | Tr_Acc: 0.9889000058174133, Tr_CE: 0.047746624797582626, Va_Acc: 0.9424999952316284, Va_CE: 0.2087082862854004
Epoch: 61, AccTr: 0.9571999907493591, AccVa: 0.8784999847412109, CeTr: 0.12851408123970032, CeVa: 0.42174234986305237
Epoch: 62, AccTr: 0.9575999975204468, AccVa: 0.8870000243186951, CeTr: 0.12500397861003876, CeVa: 0.3994724154472351
Epoch: 63, AccTr: 0.9563999772071838, AccVa: 0.8820000290870667, CeTr: 0.13011644780635834, CeVa: 0.4250735342502594
Epoch: 64, AccTr: 0.9559000134468079, AccVa: 0.8805000185966492, CeTr: 0.1306871622800827, CeVa: 0.41371431946754456
Epoch: 65, AccTr: 0.9545000195503235, AccVa: 0.8930000066757202, CeTr: 0.13053955137729645, CeVa: 0.4018525183200836
ENSEMBLE | Tr_Acc: 0.9890999794006348, Tr_CE: 0.04681853577494621, Va_Acc: 0.9430000185966492, Va_CE: 0.20651961863040924
Epoch: 66, AccTr: 0.9528999924659729, AccVa: 0.8794999718666077, CeTr: 0.1334231197834015, CeVa: 0.43789002299308777
Epoch: 67, AccTr: 0.9574000239372253, AccVa: 0.8855000138282776, CeTr: 0.1309565007686615, CeVa: 0.434662789106369
Epoch: 68, AccTr: 0.9544000029563904, AccVa: 0.8845000267028809, CeTr: 0.13201621174812317, CeVa: 0.409004807472229
Epoch: 69, AccTr: 0.9549999833106995, AccVa: 0.8790000081062317, CeTr: 0.129529669880867, CeVa: 0.42258504033088684
Epoch: 70, AccTr: 0.95660001039505, AccVa: 0.8889999985694885, CeTr: 0.12380095571279526, CeVa: 0.3994656801223755
ENSEMBLE | Tr_Acc: 0.9894999861717224, Tr_CE: 0.04593701660633087, Va_Acc: 0.9415000081062317, Va_CE: 0.20470844209194183
Epoch: 71, AccTr: 0.9528999924659729, AccVa: 0.8865000009536743, CeTr: 0.12597398459911346, CeVa: 0.40511929988861084
Epoch: 72, AccTr: 0.9575999975204468, AccVa: 0.8859999775886536, CeTr: 0.13120682537555695, CeVa: 0.3941587209701538
Epoch: 73, AccTr: 0.9508000016212463, AccVa: 0.890999972820282, CeTr: 0.13504455983638763, CeVa: 0.40003252029418945
Epoch: 74, AccTr: 0.9517999887466431, AccVa: 0.8934999704360962, CeTr: 0.1334955245256424, CeVa: 0.399851530790329
Epoch: 75, AccTr: 0.9563999772071838, AccVa: 0.8845000267028809, CeTr: 0.1288081854581833, CeVa: 0.39321357011795044
ENSEMBLE | Tr_Acc: 0.9897000193595886, Tr_CE: 0.045547716319561005, Va_Acc: 0.9434999823570251, Va_CE: 0.20351144671440125
Epoch: 76, AccTr: 0.9545000195503235, AccVa: 0.8865000009536743, CeTr: 0.12845635414123535, CeVa: 0.40219274163246155
Epoch: 77, AccTr: 0.9531000256538391, AccVa: 0.8865000009536743, CeTr: 0.13328135013580322, CeVa: 0.3938685357570648
Epoch: 78, AccTr: 0.9569000005722046, AccVa: 0.887499988079071, CeTr: 0.12374382466077805, CeVa: 0.4255351126194
Epoch: 79, AccTr: 0.9570000171661377, AccVa: 0.8859999775886536, CeTr: 0.12875939905643463, CeVa: 0.40296703577041626
Epoch: 80, AccTr: 0.954800009727478, AccVa: 0.8865000009536743, CeTr: 0.13089759647846222, CeVa: 0.38355597853660583
ENSEMBLE | Tr_Acc: 0.9900000095367432, Tr_CE: 0.045083723962306976, Va_Acc: 0.9430000185966492, Va_CE: 0.20072492957115173
Epoch: 81, AccTr: 0.9557999968528748, AccVa: 0.8964999914169312, CeTr: 0.12682853639125824, CeVa: 0.40214526653289795
Epoch: 82, AccTr: 0.9544000029563904, AccVa: 0.8820000290870667, CeTr: 0.1279158592224121, CeVa: 0.441219687461853
Epoch: 83, AccTr: 0.9546999931335449, AccVa: 0.8914999961853027, CeTr: 0.1284336894750595, CeVa: 0.42027735710144043
Epoch: 84, AccTr: 0.9541000127792358, AccVa: 0.8949999809265137, CeTr: 0.130070760846138, CeVa: 0.4230284094810486
Epoch: 85, AccTr: 0.9577000141143799, AccVa: 0.8815000057220459, CeTr: 0.12364647537469864, CeVa: 0.430959552526474
ENSEMBLE | Tr_Acc: 0.9908000230789185, Tr_CE: 0.04437848553061485, Va_Acc: 0.9430000185966492, Va_CE: 0.20139560103416443
Epoch: 86, AccTr: 0.9514999985694885, AccVa: 0.8859999775886536, CeTr: 0.1332506537437439, CeVa: 0.45551449060440063
Epoch: 87, AccTr: 0.9595000147819519, AccVa: 0.8924999833106995, CeTr: 0.122719407081604, CeVa: 0.3723783791065216
Epoch: 88, AccTr: 0.9552000164985657, AccVa: 0.8865000009536743, CeTr: 0.12612880766391754, CeVa: 0.42341774702072144
Epoch: 89, AccTr: 0.9541000127792358, AccVa: 0.8889999985694885, CeTr: 0.1308344453573227, CeVa: 0.41741254925727844
Epoch: 90, AccTr: 0.9556999802589417, AccVa: 0.8759999871253967, CeTr: 0.12352025508880615, CeVa: 0.4354601502418518
ENSEMBLE | Tr_Acc: 0.9909999966621399, Tr_CE: 0.043826255947351456, Va_Acc: 0.9440000057220459, Va_CE: 0.2009338140487671
Epoch: 91, AccTr: 0.9562000036239624, AccVa: 0.890500009059906, CeTr: 0.12567391991615295, CeVa: 0.38301336765289307
Epoch: 92, AccTr: 0.954800009727478, AccVa: 0.8840000033378601, CeTr: 0.13160189986228943, CeVa: 0.4143957793712616
Epoch: 93, AccTr: 0.9535999894142151, AccVa: 0.8834999799728394, CeTr: 0.13013961911201477, CeVa: 0.4204271137714386
Epoch: 94, AccTr: 0.9569000005722046, AccVa: 0.8914999961853027, CeTr: 0.12605370581150055, CeVa: 0.379211962223053
Epoch: 95, AccTr: 0.9538999795913696, AccVa: 0.8895000219345093, CeTr: 0.13726769387722015, CeVa: 0.4140114188194275
ENSEMBLE | Tr_Acc: 0.9905999898910522, Tr_CE: 0.04358535259962082, Va_Acc: 0.9440000057220459, Va_CE: 0.20030616223812103
Epoch: 96, AccTr: 0.9523000121116638, AccVa: 0.8849999904632568, CeTr: 0.13372032344341278, CeVa: 0.41124603152275085
Epoch: 97, AccTr: 0.955299973487854, AccVa: 0.8865000009536743, CeTr: 0.1289035528898239, CeVa: 0.42430412769317627
Epoch: 98, AccTr: 0.9516000151634216, AccVa: 0.8980000019073486, CeTr: 0.1393006592988968, CeVa: 0.39074623584747314
Epoch: 99, AccTr: 0.9585999846458435, AccVa: 0.8859999775886536, CeTr: 0.12634125351905823, CeVa: 0.41113540530204773
Epoch: 100, AccTr: 0.9574000239372253, AccVa: 0.8855000138282776, CeTr: 0.12754970788955688, CeVa: 0.4163704812526703
ENSEMBLE | Tr_Acc: 0.9907000064849854, Tr_CE: 0.04332723468542099, Va_Acc: 0.9445000290870667, Va_CE: 0.20078763365745544
Epoch: 101, AccTr: 0.9557999968528748, AccVa: 0.8774999976158142, CeTr: 0.12832041084766388, CeVa: 0.43475842475891113
Epoch: 102, AccTr: 0.9527999758720398, AccVa: 0.8784999847412109, CeTr: 0.1344660222530365, CeVa: 0.4392724633216858
Epoch: 103, AccTr: 0.9550999999046326, AccVa: 0.8859999775886536, CeTr: 0.12974268198013306, CeVa: 0.4243220388889313
Epoch: 104, AccTr: 0.954800009727478, AccVa: 0.8815000057220459, CeTr: 0.1296546459197998, CeVa: 0.4366007447242737
Epoch: 105, AccTr: 0.9580000042915344, AccVa: 0.8884999752044678, CeTr: 0.12527817487716675, CeVa: 0.399483323097229
ENSEMBLE | Tr_Acc: 0.9908999800682068, Tr_CE: 0.04301634058356285, Va_Acc: 0.9440000057220459, Va_CE: 0.20010098814964294
Epoch: 106, AccTr: 0.9553999900817871, AccVa: 0.890500009059906, CeTr: 0.13062086701393127, CeVa: 0.39928457140922546
Epoch: 107, AccTr: 0.9552000164985657, AccVa: 0.8820000290870667, CeTr: 0.13216061890125275, CeVa: 0.44678637385368347
Epoch: 108, AccTr: 0.95660001039505, AccVa: 0.8855000138282776, CeTr: 0.12446286529302597, CeVa: 0.41820311546325684
Epoch: 109, AccTr: 0.9563999772071838, AccVa: 0.8859999775886536, CeTr: 0.1254802793264389, CeVa: 0.38663575053215027
Epoch: 110, AccTr: 0.954800009727478, AccVa: 0.887499988079071, CeTr: 0.12960514426231384, CeVa: 0.4155116677284241
ENSEMBLE | Tr_Acc: 0.9908999800682068, Tr_CE: 0.04292388632893562, Va_Acc: 0.9440000057220459, Va_CE: 0.20001214742660522
Epoch: 111, AccTr: 0.957099974155426, AccVa: 0.8939999938011169, CeTr: 0.1275707185268402, CeVa: 0.4143417477607727
Epoch: 112, AccTr: 0.9555000066757202, AccVa: 0.8989999890327454, CeTr: 0.1272733509540558, CeVa: 0.3773308992385864
Epoch: 113, AccTr: 0.9574999809265137, AccVa: 0.8865000009536743, CeTr: 0.12627941370010376, CeVa: 0.42917579412460327
Epoch: 114, AccTr: 0.9546999931335449, AccVa: 0.8924999833106995, CeTr: 0.12931813299655914, CeVa: 0.37270522117614746
Epoch: 115, AccTr: 0.9535999894142151, AccVa: 0.8820000290870667, CeTr: 0.13093890249729156, CeVa: 0.4117787182331085
ENSEMBLE | Tr_Acc: 0.9907000064849854, Tr_CE: 0.04284004494547844, Va_Acc: 0.9440000057220459, Va_CE: 0.20077955722808838
Epoch: 116, AccTr: 0.954800009727478, AccVa: 0.8895000219345093, CeTr: 0.12666402757167816, CeVa: 0.38666388392448425
Epoch: 117, AccTr: 0.9573000073432922, AccVa: 0.8995000123977661, CeTr: 0.12991288304328918, CeVa: 0.37627482414245605
Epoch: 118, AccTr: 0.9585999846458435, AccVa: 0.8895000219345093, CeTr: 0.12651821970939636, CeVa: 0.35842329263687134
Epoch: 119, AccTr: 0.955299973487854, AccVa: 0.878000020980835, CeTr: 0.12963244318962097, CeVa: 0.4130288362503052
Epoch: 120, AccTr: 0.9545999765396118, AccVa: 0.890999972820282, CeTr: 0.12704738974571228, CeVa: 0.37984877824783325
ENSEMBLE | Tr_Acc: 0.9908999800682068, Tr_CE: 0.04261619970202446, Va_Acc: 0.9440000057220459, Va_CE: 0.19995418190956116
Epoch: 121, AccTr: 0.9560999870300293, AccVa: 0.8820000290870667, CeTr: 0.132238507270813, CeVa: 0.4083858132362366
Epoch: 122, AccTr: 0.9567000269889832, AccVa: 0.8784999847412109, CeTr: 0.12470728904008865, CeVa: 0.4250779151916504
Epoch: 123, AccTr: 0.9584000110626221, AccVa: 0.8849999904632568, CeTr: 0.12590810656547546, CeVa: 0.406419038772583
Epoch: 124, AccTr: 0.9539999961853027, AccVa: 0.8939999938011169, CeTr: 0.1278562694787979, CeVa: 0.42518505454063416
Epoch: 125, AccTr: 0.9578999876976013, AccVa: 0.8924999833106995, CeTr: 0.1257910430431366, CeVa: 0.38890326023101807
ENSEMBLE | Tr_Acc: 0.9908999800682068, Tr_CE: 0.04241479933261871, Va_Acc: 0.9430000185966492, Va_CE: 0.19927264750003815
Epoch: 126, AccTr: 0.957099974155426, AccVa: 0.8899999856948853, CeTr: 0.13039225339889526, CeVa: 0.40092888474464417
Epoch: 127, AccTr: 0.9549000263214111, AccVa: 0.8880000114440918, CeTr: 0.13325552642345428, CeVa: 0.4199471175670624
Epoch: 128, AccTr: 0.9564999938011169, AccVa: 0.878000020980835, CeTr: 0.12336952984333038, CeVa: 0.46934863924980164
Epoch: 129, AccTr: 0.954800009727478, AccVa: 0.8934999704360962, CeTr: 0.12760160863399506, CeVa: 0.3970514237880707
Epoch: 130, AccTr: 0.957099974155426, AccVa: 0.8899999856948853, CeTr: 0.12536492943763733, CeVa: 0.38103729486465454
ENSEMBLE | Tr_Acc: 0.9912999868392944, Tr_CE: 0.04217749834060669, Va_Acc: 0.9440000057220459, Va_CE: 0.19861102104187012
Epoch: 131, AccTr: 0.9569000005722046, AccVa: 0.8870000243186951, CeTr: 0.130928173661232, CeVa: 0.40958428382873535
Epoch: 132, AccTr: 0.954800009727478, AccVa: 0.8774999976158142, CeTr: 0.13294173777103424, CeVa: 0.4225740134716034
Epoch: 133, AccTr: 0.9557999968528748, AccVa: 0.8889999985694885, CeTr: 0.13034994900226593, CeVa: 0.3589091897010803
Epoch: 134, AccTr: 0.9523000121116638, AccVa: 0.8834999799728394, CeTr: 0.13379578292369843, CeVa: 0.4146803617477417
Epoch: 135, AccTr: 0.9545999765396118, AccVa: 0.8834999799728394, CeTr: 0.12938031554222107, CeVa: 0.4105539619922638
ENSEMBLE | Tr_Acc: 0.991100013256073, Tr_CE: 0.042062677443027496, Va_Acc: 0.9449999928474426, Va_CE: 0.19913876056671143
Epoch: 136, AccTr: 0.9575999975204468, AccVa: 0.8849999904632568, CeTr: 0.1253880262374878, CeVa: 0.4302986264228821
Epoch: 137, AccTr: 0.9563999772071838, AccVa: 0.8744999766349792, CeTr: 0.12851040065288544, CeVa: 0.4139179587364197
Epoch: 138, AccTr: 0.95660001039505, AccVa: 0.8845000267028809, CeTr: 0.12433377653360367, CeVa: 0.45120662450790405
Epoch: 139, AccTr: 0.9545999765396118, AccVa: 0.8955000042915344, CeTr: 0.13090655207633972, CeVa: 0.39682963490486145
Epoch: 140, AccTr: 0.9588000178337097, AccVa: 0.8884999752044678, CeTr: 0.12170427292585373, CeVa: 0.3903875946998596
ENSEMBLE | Tr_Acc: 0.991100013256073, Tr_CE: 0.04190623387694359, Va_Acc: 0.9455000162124634, Va_CE: 0.1991306096315384
Epoch: 141, AccTr: 0.9589999914169312, AccVa: 0.8955000042915344, CeTr: 0.12685488164424896, CeVa: 0.3936171531677246
Epoch: 142, AccTr: 0.953499972820282, AccVa: 0.8934999704360962, CeTr: 0.13018448650836945, CeVa: 0.398844838142395
Epoch: 143, AccTr: 0.9559000134468079, AccVa: 0.8820000290870667, CeTr: 0.12941846251487732, CeVa: 0.4398336112499237
Epoch: 144, AccTr: 0.9539999961853027, AccVa: 0.8914999961853027, CeTr: 0.12826859951019287, CeVa: 0.40648454427719116
Epoch: 145, AccTr: 0.9549000263214111, AccVa: 0.8815000057220459, CeTr: 0.12684457004070282, CeVa: 0.4224896728992462
ENSEMBLE | Tr_Acc: 0.9911999702453613, Tr_CE: 0.04180498793721199, Va_Acc: 0.9440000057220459, Va_CE: 0.19949178397655487
Epoch: 146, AccTr: 0.9534000158309937, AccVa: 0.8895000219345093, CeTr: 0.13200098276138306, CeVa: 0.40841376781463623
Epoch: 147, AccTr: 0.9516000151634216, AccVa: 0.8820000290870667, CeTr: 0.13512971997261047, CeVa: 0.424416184425354
Epoch: 148, AccTr: 0.9569000005722046, AccVa: 0.8849999904632568, CeTr: 0.12718091905117035, CeVa: 0.4412410259246826
Epoch: 149, AccTr: 0.9542999863624573, AccVa: 0.8849999904632568, CeTr: 0.13175971806049347, CeVa: 0.4150102734565735
Epoch: 150, AccTr: 0.9532999992370605, AccVa: 0.8960000276565552, CeTr: 0.1288091093301773, CeVa: 0.4102960526943207
ENSEMBLE | Tr_Acc: 0.9911999702453613, Tr_CE: 0.041692670434713364, Va_Acc: 0.9440000057220459, Va_CE: 0.19960282742977142
Epoch: 151, AccTr: 0.9537000060081482, AccVa: 0.8889999985694885, CeTr: 0.1308867484331131, CeVa: 0.4214845299720764
Epoch: 152, AccTr: 0.9520000219345093, AccVa: 0.8930000066757202, CeTr: 0.13452313840389252, CeVa: 0.38817456364631653
Epoch: 153, AccTr: 0.9526000022888184, AccVa: 0.890999972820282, CeTr: 0.13199274241924286, CeVa: 0.4119771718978882
Epoch: 154, AccTr: 0.954200029373169, AccVa: 0.890999972820282, CeTr: 0.13150696456432343, CeVa: 0.4233250021934509
Epoch: 155, AccTr: 0.9562000036239624, AccVa: 0.8865000009536743, CeTr: 0.12886421382427216, CeVa: 0.4188981056213379
ENSEMBLE | Tr_Acc: 0.9912999868392944, Tr_CE: 0.04160377383232117, Va_Acc: 0.9449999928474426, Va_CE: 0.19984306395053864
Epoch: 156, AccTr: 0.9532999992370605, AccVa: 0.890500009059906, CeTr: 0.13940590620040894, CeVa: 0.3848074674606323
Epoch: 157, AccTr: 0.953499972820282, AccVa: 0.878000020980835, CeTr: 0.13392001390457153, CeVa: 0.4336322844028473
Epoch: 158, AccTr: 0.9549000263214111, AccVa: 0.8855000138282776, CeTr: 0.13307058811187744, CeVa: 0.43482691049575806
Epoch: 159, AccTr: 0.9538999795913696, AccVa: 0.8794999718666077, CeTr: 0.13133396208286285, CeVa: 0.45426177978515625
Epoch: 160, AccTr: 0.955299973487854, AccVa: 0.8805000185966492, CeTr: 0.13038429617881775, CeVa: 0.4309653639793396
ENSEMBLE | Tr_Acc: 0.9915000200271606, Tr_CE: 0.041497960686683655, Va_Acc: 0.9440000057220459, Va_CE: 0.2003851681947708
Epoch: 161, AccTr: 0.9535999894142151, AccVa: 0.887499988079071, CeTr: 0.13002362847328186, CeVa: 0.4061855971813202
Epoch: 162, AccTr: 0.9584000110626221, AccVa: 0.8834999799728394, CeTr: 0.12064614146947861, CeVa: 0.4086498022079468
Epoch: 163, AccTr: 0.9559999704360962, AccVa: 0.8840000033378601, CeTr: 0.12827718257904053, CeVa: 0.42777326703071594
Epoch: 164, AccTr: 0.9556999802589417, AccVa: 0.8924999833106995, CeTr: 0.1280563324689865, CeVa: 0.40721479058265686
Epoch: 165, AccTr: 0.9531999826431274, AccVa: 0.8855000138282776, CeTr: 0.13295018672943115, CeVa: 0.44193923473358154
ENSEMBLE | Tr_Acc: 0.991599977016449, Tr_CE: 0.04142364487051964, Va_Acc: 0.9445000290870667, Va_CE: 0.20040658116340637
Epoch: 166, AccTr: 0.9555000066757202, AccVa: 0.8834999799728394, CeTr: 0.1283058375120163, CeVa: 0.42508184909820557
Epoch: 167, AccTr: 0.9571999907493591, AccVa: 0.8924999833106995, CeTr: 0.12358039617538452, CeVa: 0.4074546992778778
Epoch: 168, AccTr: 0.9571999907493591, AccVa: 0.8880000114440918, CeTr: 0.1262253373861313, CeVa: 0.4145795702934265
Epoch: 169, AccTr: 0.9556000232696533, AccVa: 0.8920000195503235, CeTr: 0.13113345205783844, CeVa: 0.3894402086734772
Epoch: 170, AccTr: 0.9544000029563904, AccVa: 0.8824999928474426, CeTr: 0.13167494535446167, CeVa: 0.4109530448913574
ENSEMBLE | Tr_Acc: 0.9914000034332275, Tr_CE: 0.041242461651563644, Va_Acc: 0.9455000162124634, Va_CE: 0.20039792358875275
Epoch: 171, AccTr: 0.9574999809265137, AccVa: 0.8884999752044678, CeTr: 0.12606491148471832, CeVa: 0.4088655114173889
Epoch: 172, AccTr: 0.9552000164985657, AccVa: 0.8895000219345093, CeTr: 0.12930679321289062, CeVa: 0.40321290493011475
Epoch: 173, AccTr: 0.9564999938011169, AccVa: 0.8859999775886536, CeTr: 0.11897887289524078, CeVa: 0.40603387355804443
Epoch: 174, AccTr: 0.9574000239372253, AccVa: 0.8934999704360962, CeTr: 0.11999914795160294, CeVa: 0.39603570103645325
Epoch: 175, AccTr: 0.9580000042915344, AccVa: 0.890999972820282, CeTr: 0.12331628054380417, CeVa: 0.41999340057373047
ENSEMBLE | Tr_Acc: 0.991599977016449, Tr_CE: 0.041115302592515945, Va_Acc: 0.9455000162124634, Va_CE: 0.20004168152809143
Epoch: 176, AccTr: 0.9580000042915344, AccVa: 0.8809999823570251, CeTr: 0.1250898391008377, CeVa: 0.4191029965877533
Epoch: 177, AccTr: 0.9562000036239624, AccVa: 0.8845000267028809, CeTr: 0.1252834051847458, CeVa: 0.4038149416446686
Epoch: 178, AccTr: 0.9560999870300293, AccVa: 0.8730000257492065, CeTr: 0.12739397585391998, CeVa: 0.4397178888320923
Epoch: 179, AccTr: 0.9563999772071838, AccVa: 0.8870000243186951, CeTr: 0.12483571469783783, CeVa: 0.42439141869544983
Epoch: 180, AccTr: 0.9602000117301941, AccVa: 0.8734999895095825, CeTr: 0.1227756068110466, CeVa: 0.47433048486709595
ENSEMBLE | Tr_Acc: 0.991599977016449, Tr_CE: 0.04099132865667343, Va_Acc: 0.9459999799728394, Va_CE: 0.20082135498523712
Epoch: 181, AccTr: 0.9553999900817871, AccVa: 0.8730000257492065, CeTr: 0.1303163766860962, CeVa: 0.4314970374107361
Epoch: 182, AccTr: 0.954200029373169, AccVa: 0.8784999847412109, CeTr: 0.1315409392118454, CeVa: 0.4512432813644409
Epoch: 183, AccTr: 0.9535999894142151, AccVa: 0.8784999847412109, CeTr: 0.13144350051879883, CeVa: 0.43421289324760437
Epoch: 184, AccTr: 0.9550999999046326, AccVa: 0.8934999704360962, CeTr: 0.1280255913734436, CeVa: 0.37829065322875977
Epoch: 185, AccTr: 0.9539999961853027, AccVa: 0.8889999985694885, CeTr: 0.13064932823181152, CeVa: 0.4319726824760437
ENSEMBLE | Tr_Acc: 0.9918000102043152, Tr_CE: 0.04093950241804123, Va_Acc: 0.9445000290870667, Va_CE: 0.2014084905385971
Epoch: 186, AccTr: 0.9545000195503235, AccVa: 0.8945000171661377, CeTr: 0.12997297942638397, CeVa: 0.40602219104766846
Epoch: 187, AccTr: 0.9573000073432922, AccVa: 0.8834999799728394, CeTr: 0.12470807135105133, CeVa: 0.4172458052635193
Epoch: 188, AccTr: 0.9563000202178955, AccVa: 0.8730000257492065, CeTr: 0.1236378625035286, CeVa: 0.4648912847042084
Epoch: 189, AccTr: 0.953499972820282, AccVa: 0.8790000081062317, CeTr: 0.12693463265895844, CeVa: 0.4366344213485718
Epoch: 190, AccTr: 0.9527000188827515, AccVa: 0.8709999918937683, CeTr: 0.12990963459014893, CeVa: 0.47208207845687866
ENSEMBLE | Tr_Acc: 0.9918000102043152, Tr_CE: 0.04089580103754997, Va_Acc: 0.9445000290870667, Va_CE: 0.2024361938238144
Epoch: 191, AccTr: 0.9542999863624573, AccVa: 0.8840000033378601, CeTr: 0.1309293508529663, CeVa: 0.4648582637310028
Epoch: 192, AccTr: 0.9556000232696533, AccVa: 0.8914999961853027, CeTr: 0.12480561435222626, CeVa: 0.40831655263900757
Epoch: 193, AccTr: 0.9574000239372253, AccVa: 0.8769999742507935, CeTr: 0.12258100509643555, CeVa: 0.4303383231163025
Epoch: 194, AccTr: 0.9567000269889832, AccVa: 0.8784999847412109, CeTr: 0.12632930278778076, CeVa: 0.4508669674396515
Epoch: 195, AccTr: 0.958299994468689, AccVa: 0.8759999871253967, CeTr: 0.1228729709982872, CeVa: 0.4598289132118225
ENSEMBLE | Tr_Acc: 0.9919999837875366, Tr_CE: 0.04068871960043907, Va_Acc: 0.9434999823570251, Va_CE: 0.20306755602359772
Epoch: 196, AccTr: 0.95660001039505, AccVa: 0.8884999752044678, CeTr: 0.12576445937156677, CeVa: 0.4166158437728882
Epoch: 197, AccTr: 0.9531999826431274, AccVa: 0.8834999799728394, CeTr: 0.12979064881801605, CeVa: 0.45187807083129883
Epoch: 198, AccTr: 0.9577999711036682, AccVa: 0.8939999938011169, CeTr: 0.12437951564788818, CeVa: 0.4190681576728821
Epoch: 199, AccTr: 0.9552000164985657, AccVa: 0.8924999833106995, CeTr: 0.12043029814958572, CeVa: 0.38523250818252563
Epoch: 200, AccTr: 0.9567000269889832, AccVa: 0.8880000114440918, CeTr: 0.12496921420097351, CeVa: 0.4077332019805908
ENSEMBLE | Tr_Acc: 0.9922000169754028, Tr_CE: 0.04054759815335274, Va_Acc: 0.9440000057220459, Va_CE: 0.20268987119197845
NN CONFIG
Weight-type:		ternary
Layout									Layer #1: 250	Layer #2: 220	
Activation Functions					Layer #1: ets	Layer #2: ets	
Keep probabilities		Layer #0: 1.0	Layer #1: 1.0	Layer #2: 1.0	
Flat factors							Layer #1: 1.0	Layer #2: 1.0	Layer #3: 1.0	
Activation Noise						Layer #1: 0.0	Layer #2: 0.0	Layer #3: 0.0	
Prior: 0.8

===================================

RUN CONFIG
Epochs: 200, Blocksize: 4

===================================

Input binarization: False
Pretrained network accuracy: 0.9571999907493591
Epoch: 0, AccTr: 0.5576000213623047, AccVa: 0.5695000290870667, CeTr: 1.8617794513702393, CeVa: 1.7739877700805664
Epoch: 1, AccTr: 0.9358000159263611, AccVa: 0.8830000162124634, CeTr: 0.20308242738246918, CeVa: 0.3839224576950073
Epoch: 2, AccTr: 0.9517999887466431, AccVa: 0.8985000252723694, CeTr: 0.1582271307706833, CeVa: 0.3557712733745575
Epoch: 3, AccTr: 0.9514999985694885, AccVa: 0.8980000019073486, CeTr: 0.14770124852657318, CeVa: 0.353103369474411
Epoch: 4, AccTr: 0.947700023651123, AccVa: 0.8889999985694885, CeTr: 0.15637177228927612, CeVa: 0.3788193464279175
Epoch: 5, AccTr: 0.9523000121116638, AccVa: 0.9014999866485596, CeTr: 0.15280605852603912, CeVa: 0.3520495593547821
Epoch: 6, AccTr: 0.9483000040054321, AccVa: 0.8914999961853027, CeTr: 0.15417739748954773, CeVa: 0.3665340840816498
Epoch: 7, AccTr: 0.9509000182151794, AccVa: 0.8870000243186951, CeTr: 0.15244373679161072, CeVa: 0.37538087368011475
Epoch: 8, AccTr: 0.9491000175476074, AccVa: 0.8895000219345093, CeTr: 0.1543201506137848, CeVa: 0.38723212480545044
Epoch: 9, AccTr: 0.9476000070571899, AccVa: 0.8859999775886536, CeTr: 0.15204933285713196, CeVa: 0.37516912817955017
Epoch: 10, AccTr: 0.9473999738693237, AccVa: 0.8865000009536743, CeTr: 0.15660758316516876, CeVa: 0.38268664479255676
ENSEMBLE | Tr_Acc: 0.9473999738693237, Tr_CE: 0.15660758316516876, Va_Acc: 0.8865000009536743, Va_CE: 0.38268664479255676
Epoch: 11, AccTr: 0.9496999979019165, AccVa: 0.8934999704360962, CeTr: 0.15197069942951202, CeVa: 0.35921579599380493
Epoch: 12, AccTr: 0.9520000219345093, AccVa: 0.8870000243186951, CeTr: 0.14969193935394287, CeVa: 0.3683871626853943
Epoch: 13, AccTr: 0.95169997215271, AccVa: 0.8870000243186951, CeTr: 0.14889368414878845, CeVa: 0.3797301650047302
Epoch: 14, AccTr: 0.9509000182151794, AccVa: 0.8934999704360962, CeTr: 0.150785893201828, CeVa: 0.3584728538990021
Epoch: 15, AccTr: 0.949999988079071, AccVa: 0.8999999761581421, CeTr: 0.14941571652889252, CeVa: 0.3619941771030426
ENSEMBLE | Tr_Acc: 0.9725000262260437, Tr_CE: 0.0995301902294159, Va_Acc: 0.9169999957084656, Va_CE: 0.27459776401519775
Epoch: 16, AccTr: 0.9490000009536743, AccVa: 0.8820000290870667, CeTr: 0.160553440451622, CeVa: 0.4123294949531555
Epoch: 17, AccTr: 0.9488999843597412, AccVa: 0.8834999799728394, CeTr: 0.15235809981822968, CeVa: 0.37283509969711304
Epoch: 18, AccTr: 0.947700023651123, AccVa: 0.8899999856948853, CeTr: 0.15617547929286957, CeVa: 0.38967040181159973
Epoch: 19, AccTr: 0.9492999911308289, AccVa: 0.8834999799728394, CeTr: 0.14859183132648468, CeVa: 0.4160386323928833
Epoch: 20, AccTr: 0.9491999745368958, AccVa: 0.887499988079071, CeTr: 0.1508159637451172, CeVa: 0.37804174423217773
ENSEMBLE | Tr_Acc: 0.9794999957084656, Tr_CE: 0.08279663324356079, Va_Acc: 0.9340000152587891, Va_CE: 0.23767730593681335
Epoch: 21, AccTr: 0.9488000273704529, AccVa: 0.8924999833106995, CeTr: 0.1518149971961975, CeVa: 0.3588372766971588
Epoch: 22, AccTr: 0.9506999850273132, AccVa: 0.8840000033378601, CeTr: 0.14617136120796204, CeVa: 0.40632739663124084
Epoch: 23, AccTr: 0.95169997215271, AccVa: 0.8889999985694885, CeTr: 0.14383235573768616, CeVa: 0.3878115117549896
Epoch: 24, AccTr: 0.9484000205993652, AccVa: 0.8880000114440918, CeTr: 0.1507291942834854, CeVa: 0.3870789110660553
Epoch: 25, AccTr: 0.9490000009536743, AccVa: 0.8865000009536743, CeTr: 0.15292440354824066, CeVa: 0.4056260585784912
ENSEMBLE | Tr_Acc: 0.9815000295639038, Tr_CE: 0.07543306797742844, Va_Acc: 0.9319999814033508, Va_CE: 0.22937427461147308
Epoch: 26, AccTr: 0.954200029373169, AccVa: 0.875, CeTr: 0.14682400226593018, CeVa: 0.4385297894477844
Epoch: 27, AccTr: 0.9495999813079834, AccVa: 0.8799999952316284, CeTr: 0.15038061141967773, CeVa: 0.39482805132865906
Epoch: 28, AccTr: 0.9520000219345093, AccVa: 0.8830000162124634, CeTr: 0.14596936106681824, CeVa: 0.3887105882167816
Epoch: 29, AccTr: 0.9502000212669373, AccVa: 0.8924999833106995, CeTr: 0.14994968473911285, CeVa: 0.3866223692893982
Epoch: 30, AccTr: 0.9506999850273132, AccVa: 0.8889999985694885, CeTr: 0.14748381078243256, CeVa: 0.3785364627838135
ENSEMBLE | Tr_Acc: 0.9822999835014343, Tr_CE: 0.07120508700609207, Va_Acc: 0.9355000257492065, Va_CE: 0.22321480512619019
Epoch: 31, AccTr: 0.9478999972343445, AccVa: 0.887499988079071, CeTr: 0.15371237695217133, CeVa: 0.3789360225200653
Epoch: 32, AccTr: 0.9517999887466431, AccVa: 0.8955000042915344, CeTr: 0.14528749883174896, CeVa: 0.3646613359451294
Epoch: 33, AccTr: 0.9535999894142151, AccVa: 0.8809999823570251, CeTr: 0.14685063064098358, CeVa: 0.4026533365249634
Epoch: 34, AccTr: 0.9545000195503235, AccVa: 0.8934999704360962, CeTr: 0.14135776460170746, CeVa: 0.38347089290618896
Epoch: 35, AccTr: 0.9532999992370605, AccVa: 0.8830000162124634, CeTr: 0.14446981251239777, CeVa: 0.394258975982666
ENSEMBLE | Tr_Acc: 0.9822999835014343, Tr_CE: 0.06796664744615555, Va_Acc: 0.9394999742507935, Va_CE: 0.22047816216945648
Epoch: 36, AccTr: 0.9495000243186951, AccVa: 0.8740000128746033, CeTr: 0.14719951152801514, CeVa: 0.40716421604156494
Epoch: 37, AccTr: 0.9503999948501587, AccVa: 0.890500009059906, CeTr: 0.1507447212934494, CeVa: 0.38135796785354614
Epoch: 38, AccTr: 0.949400007724762, AccVa: 0.890999972820282, CeTr: 0.14900918304920197, CeVa: 0.3785037100315094
Epoch: 39, AccTr: 0.949400007724762, AccVa: 0.8884999752044678, CeTr: 0.14798982441425323, CeVa: 0.38773608207702637
Epoch: 40, AccTr: 0.9534000158309937, AccVa: 0.8855000138282776, CeTr: 0.14254458248615265, CeVa: 0.38564854860305786
ENSEMBLE | Tr_Acc: 0.9843000173568726, Tr_CE: 0.06459671258926392, Va_Acc: 0.9375, Va_CE: 0.21674928069114685
Epoch: 41, AccTr: 0.9537000060081482, AccVa: 0.8989999890327454, CeTr: 0.14349009096622467, CeVa: 0.39239874482154846
Epoch: 42, AccTr: 0.9498999714851379, AccVa: 0.8930000066757202, CeTr: 0.14749985933303833, CeVa: 0.36942702531814575
Epoch: 43, AccTr: 0.9517999887466431, AccVa: 0.8964999914169312, CeTr: 0.1448848992586136, CeVa: 0.37619519233703613
Epoch: 44, AccTr: 0.9513999819755554, AccVa: 0.8924999833106995, CeTr: 0.1430172175168991, CeVa: 0.3510614335536957
Epoch: 45, AccTr: 0.9510999917984009, AccVa: 0.8845000267028809, CeTr: 0.1407628208398819, CeVa: 0.4008720815181732
ENSEMBLE | Tr_Acc: 0.9851999878883362, Tr_CE: 0.06258316338062286, Va_Acc: 0.9394999742507935, Va_CE: 0.214161217212677
Epoch: 46, AccTr: 0.9517999887466431, AccVa: 0.8895000219345093, CeTr: 0.1467571258544922, CeVa: 0.36499813199043274
Epoch: 47, AccTr: 0.9498999714851379, AccVa: 0.8790000081062317, CeTr: 0.14596278965473175, CeVa: 0.38688841462135315
Epoch: 48, AccTr: 0.9478999972343445, AccVa: 0.8870000243186951, CeTr: 0.14959269762039185, CeVa: 0.39170804619789124
Epoch: 49, AccTr: 0.9523000121116638, AccVa: 0.8895000219345093, CeTr: 0.14658203721046448, CeVa: 0.3806896507740021
Epoch: 50, AccTr: 0.9523000121116638, AccVa: 0.8870000243186951, CeTr: 0.1396956592798233, CeVa: 0.3684234321117401
ENSEMBLE | Tr_Acc: 0.9857000112533569, Tr_CE: 0.060952238738536835, Va_Acc: 0.940500020980835, Va_CE: 0.2109687775373459
Epoch: 51, AccTr: 0.9467999935150146, AccVa: 0.8820000290870667, CeTr: 0.1536170095205307, CeVa: 0.38399624824523926
Epoch: 52, AccTr: 0.9514999985694885, AccVa: 0.8999999761581421, CeTr: 0.14687234163284302, CeVa: 0.34874922037124634
Epoch: 53, AccTr: 0.9491999745368958, AccVa: 0.8840000033378601, CeTr: 0.151097372174263, CeVa: 0.3832598328590393
Epoch: 54, AccTr: 0.9517999887466431, AccVa: 0.8870000243186951, CeTr: 0.14664320647716522, CeVa: 0.4121970534324646
Epoch: 55, AccTr: 0.9492999911308289, AccVa: 0.8799999952316284, CeTr: 0.15646736323833466, CeVa: 0.42611685395240784
ENSEMBLE | Tr_Acc: 0.9871000051498413, Tr_CE: 0.06028510257601738, Va_Acc: 0.9394999742507935, Va_CE: 0.21227191388607025
Epoch: 56, AccTr: 0.9528999924659729, AccVa: 0.878000020980835, CeTr: 0.14563310146331787, CeVa: 0.3932393491268158
Epoch: 57, AccTr: 0.9535999894142151, AccVa: 0.8884999752044678, CeTr: 0.1402454823255539, CeVa: 0.38627222180366516
Epoch: 58, AccTr: 0.9506999850273132, AccVa: 0.8859999775886536, CeTr: 0.14625173807144165, CeVa: 0.40273138880729675
Epoch: 59, AccTr: 0.9505000114440918, AccVa: 0.878000020980835, CeTr: 0.14556670188903809, CeVa: 0.417085200548172
Epoch: 60, AccTr: 0.9527000188827515, AccVa: 0.8824999928474426, CeTr: 0.14193129539489746, CeVa: 0.4309421479701996
ENSEMBLE | Tr_Acc: 0.9868999719619751, Tr_CE: 0.059082645922899246, Va_Acc: 0.9394999742507935, Va_CE: 0.21338370442390442
Epoch: 61, AccTr: 0.954200029373169, AccVa: 0.8859999775886536, CeTr: 0.13894982635974884, CeVa: 0.4035303294658661
Epoch: 62, AccTr: 0.9498999714851379, AccVa: 0.8914999961853027, CeTr: 0.14580869674682617, CeVa: 0.4056163430213928
Epoch: 63, AccTr: 0.9516000151634216, AccVa: 0.8920000195503235, CeTr: 0.14088883996009827, CeVa: 0.39436575770378113
Epoch: 64, AccTr: 0.949400007724762, AccVa: 0.8880000114440918, CeTr: 0.14618730545043945, CeVa: 0.4156319200992584
Epoch: 65, AccTr: 0.9537000060081482, AccVa: 0.8805000185966492, CeTr: 0.13963043689727783, CeVa: 0.440813809633255
ENSEMBLE | Tr_Acc: 0.9865999817848206, Tr_CE: 0.05818828195333481, Va_Acc: 0.9394999742507935, Va_CE: 0.2153950184583664
Epoch: 66, AccTr: 0.9492999911308289, AccVa: 0.8895000219345093, CeTr: 0.14498886466026306, CeVa: 0.4124901592731476
Epoch: 67, AccTr: 0.9513000249862671, AccVa: 0.8870000243186951, CeTr: 0.14116935431957245, CeVa: 0.3942529559135437
Epoch: 68, AccTr: 0.9520999789237976, AccVa: 0.8849999904632568, CeTr: 0.14481811225414276, CeVa: 0.4158380925655365
Epoch: 69, AccTr: 0.9498000144958496, AccVa: 0.8824999928474426, CeTr: 0.1455554962158203, CeVa: 0.40017399191856384
Epoch: 70, AccTr: 0.9550999999046326, AccVa: 0.8849999904632568, CeTr: 0.14472635090351105, CeVa: 0.4032641649246216
ENSEMBLE | Tr_Acc: 0.9868999719619751, Tr_CE: 0.05752476677298546, Va_Acc: 0.9415000081062317, Va_CE: 0.21548263728618622
Epoch: 71, AccTr: 0.9539999961853027, AccVa: 0.8924999833106995, CeTr: 0.14004527032375336, CeVa: 0.4030013680458069
Epoch: 72, AccTr: 0.9509999752044678, AccVa: 0.8865000009536743, CeTr: 0.1433313935995102, CeVa: 0.3859993815422058
Epoch: 73, AccTr: 0.9517999887466431, AccVa: 0.8899999856948853, CeTr: 0.1417180597782135, CeVa: 0.38358381390571594
Epoch: 74, AccTr: 0.953000009059906, AccVa: 0.8759999871253967, CeTr: 0.14002448320388794, CeVa: 0.44803035259246826
Epoch: 75, AccTr: 0.9491999745368958, AccVa: 0.8784999847412109, CeTr: 0.1443478763103485, CeVa: 0.4025781750679016
ENSEMBLE | Tr_Acc: 0.9872999787330627, Tr_CE: 0.057090502232313156, Va_Acc: 0.9394999742507935, Va_CE: 0.21358467638492584
Epoch: 76, AccTr: 0.9526000022888184, AccVa: 0.8914999961853027, CeTr: 0.1438644975423813, CeVa: 0.3776390850543976
Epoch: 77, AccTr: 0.9521999955177307, AccVa: 0.8895000219345093, CeTr: 0.14009204506874084, CeVa: 0.3955896496772766
Epoch: 78, AccTr: 0.9505000114440918, AccVa: 0.8799999952316284, CeTr: 0.1410837173461914, CeVa: 0.3837198317050934
Epoch: 79, AccTr: 0.9521999955177307, AccVa: 0.8834999799728394, CeTr: 0.13943319022655487, CeVa: 0.37886008620262146
Epoch: 80, AccTr: 0.9546999931335449, AccVa: 0.8920000195503235, CeTr: 0.13797250390052795, CeVa: 0.38437968492507935
ENSEMBLE | Tr_Acc: 0.9872999787330627, Tr_CE: 0.056663475930690765, Va_Acc: 0.9419999718666077, Va_CE: 0.21170172095298767
Epoch: 81, AccTr: 0.9480000138282776, AccVa: 0.8809999823570251, CeTr: 0.14365173876285553, CeVa: 0.39819857478141785
Epoch: 82, AccTr: 0.9532999992370605, AccVa: 0.8914999961853027, CeTr: 0.1391187310218811, CeVa: 0.3695788085460663
Epoch: 83, AccTr: 0.9508000016212463, AccVa: 0.890500009059906, CeTr: 0.14148829877376556, CeVa: 0.38509225845336914
Epoch: 84, AccTr: 0.9526000022888184, AccVa: 0.8765000104904175, CeTr: 0.13788819313049316, CeVa: 0.4059947729110718
Epoch: 85, AccTr: 0.9502000212669373, AccVa: 0.8914999961853027, CeTr: 0.14128074049949646, CeVa: 0.3671572208404541
ENSEMBLE | Tr_Acc: 0.9876000285148621, Tr_CE: 0.056170664727687836, Va_Acc: 0.9415000081062317, Va_CE: 0.2100156843662262
Epoch: 86, AccTr: 0.9523000121116638, AccVa: 0.8794999718666077, CeTr: 0.14338354766368866, CeVa: 0.42309701442718506
Epoch: 87, AccTr: 0.951200008392334, AccVa: 0.8805000185966492, CeTr: 0.14387981593608856, CeVa: 0.42075014114379883
Epoch: 88, AccTr: 0.9526000022888184, AccVa: 0.8769999742507935, CeTr: 0.13660436868667603, CeVa: 0.43351075053215027
Epoch: 89, AccTr: 0.9556999802589417, AccVa: 0.8899999856948853, CeTr: 0.1331624686717987, CeVa: 0.36432406306266785
Epoch: 90, AccTr: 0.9521999955177307, AccVa: 0.8865000009536743, CeTr: 0.14196394383907318, CeVa: 0.4061509370803833
ENSEMBLE | Tr_Acc: 0.987500011920929, Tr_CE: 0.05592216178774834, Va_Acc: 0.9430000185966492, Va_CE: 0.2094462513923645
Epoch: 91, AccTr: 0.9514999985694885, AccVa: 0.8880000114440918, CeTr: 0.14162153005599976, CeVa: 0.3976539969444275
Epoch: 92, AccTr: 0.9495000243186951, AccVa: 0.8730000257492065, CeTr: 0.14317192137241364, CeVa: 0.42747631669044495
Epoch: 93, AccTr: 0.9550999999046326, AccVa: 0.8955000042915344, CeTr: 0.13635046780109406, CeVa: 0.3915863633155823
Epoch: 94, AccTr: 0.9520000219345093, AccVa: 0.8884999752044678, CeTr: 0.14414605498313904, CeVa: 0.3950206935405731
Epoch: 95, AccTr: 0.9526000022888184, AccVa: 0.8855000138282776, CeTr: 0.13630270957946777, CeVa: 0.40495312213897705
ENSEMBLE | Tr_Acc: 0.9876000285148621, Tr_CE: 0.0553867444396019, Va_Acc: 0.9440000057220459, Va_CE: 0.20925089716911316
Epoch: 96, AccTr: 0.9557999968528748, AccVa: 0.8794999718666077, CeTr: 0.13574594259262085, CeVa: 0.4124883711338043
Epoch: 97, AccTr: 0.9532999992370605, AccVa: 0.8774999976158142, CeTr: 0.1440591812133789, CeVa: 0.42207175493240356
Epoch: 98, AccTr: 0.9526000022888184, AccVa: 0.8815000057220459, CeTr: 0.14045795798301697, CeVa: 0.4294075667858124
Epoch: 99, AccTr: 0.9526000022888184, AccVa: 0.8830000162124634, CeTr: 0.13906951248645782, CeVa: 0.4136662781238556
Epoch: 100, AccTr: 0.9496999979019165, AccVa: 0.8924999833106995, CeTr: 0.13939784467220306, CeVa: 0.38688501715660095
ENSEMBLE | Tr_Acc: 0.9876000285148621, Tr_CE: 0.05512361600995064, Va_Acc: 0.9440000057220459, Va_CE: 0.20866404473781586
Epoch: 101, AccTr: 0.9520999789237976, AccVa: 0.8880000114440918, CeTr: 0.14263340830802917, CeVa: 0.40857213735580444
Epoch: 102, AccTr: 0.9502000212669373, AccVa: 0.8759999871253967, CeTr: 0.14699260890483856, CeVa: 0.42801615595817566
Epoch: 103, AccTr: 0.9542999863624573, AccVa: 0.890500009059906, CeTr: 0.13483364880084991, CeVa: 0.4069574475288391
Epoch: 104, AccTr: 0.9521999955177307, AccVa: 0.8974999785423279, CeTr: 0.1338927447795868, CeVa: 0.3777925372123718
Epoch: 105, AccTr: 0.9556000232696533, AccVa: 0.8895000219345093, CeTr: 0.129911869764328, CeVa: 0.4125107526779175
ENSEMBLE | Tr_Acc: 0.9876999855041504, Tr_CE: 0.054471470415592194, Va_Acc: 0.9434999823570251, Va_CE: 0.20853136479854584
Epoch: 106, AccTr: 0.9503999948501587, AccVa: 0.8794999718666077, CeTr: 0.14019961655139923, CeVa: 0.4048161506652832
Epoch: 107, AccTr: 0.9532999992370605, AccVa: 0.8815000057220459, CeTr: 0.1394856572151184, CeVa: 0.39702802896499634
Epoch: 108, AccTr: 0.9563999772071838, AccVa: 0.8840000033378601, CeTr: 0.12934423983097076, CeVa: 0.41815873980522156
Epoch: 109, AccTr: 0.9520999789237976, AccVa: 0.8859999775886536, CeTr: 0.13886171579360962, CeVa: 0.39639270305633545
Epoch: 110, AccTr: 0.951200008392334, AccVa: 0.8889999985694885, CeTr: 0.1412072777748108, CeVa: 0.40395137667655945
ENSEMBLE | Tr_Acc: 0.987500011920929, Tr_CE: 0.05417858809232712, Va_Acc: 0.9430000185966492, Va_CE: 0.20909054577350616
Epoch: 111, AccTr: 0.9513999819755554, AccVa: 0.8889999985694885, CeTr: 0.1400335431098938, CeVa: 0.42288604378700256
Epoch: 112, AccTr: 0.9541000127792358, AccVa: 0.8824999928474426, CeTr: 0.13348248600959778, CeVa: 0.4019273817539215
Epoch: 113, AccTr: 0.9549000263214111, AccVa: 0.8849999904632568, CeTr: 0.13380610942840576, CeVa: 0.39751943945884705
Epoch: 114, AccTr: 0.9539999961853027, AccVa: 0.8840000033378601, CeTr: 0.13132244348526, CeVa: 0.3836558163166046
Epoch: 115, AccTr: 0.9517999887466431, AccVa: 0.890500009059906, CeTr: 0.14257819950580597, CeVa: 0.3882399797439575
ENSEMBLE | Tr_Acc: 0.9879000186920166, Tr_CE: 0.0538933090865612, Va_Acc: 0.9440000057220459, Va_CE: 0.20860861241817474
Epoch: 116, AccTr: 0.954800009727478, AccVa: 0.8859999775886536, CeTr: 0.13217194378376007, CeVa: 0.41596174240112305
Epoch: 117, AccTr: 0.9531000256538391, AccVa: 0.8914999961853027, CeTr: 0.13546806573867798, CeVa: 0.3906440734863281
Epoch: 118, AccTr: 0.9534000158309937, AccVa: 0.8945000171661377, CeTr: 0.13786230981349945, CeVa: 0.38380101323127747
Epoch: 119, AccTr: 0.9549999833106995, AccVa: 0.8815000057220459, CeTr: 0.13789424300193787, CeVa: 0.4063405394554138
Epoch: 120, AccTr: 0.9538000226020813, AccVa: 0.8840000033378601, CeTr: 0.1389910876750946, CeVa: 0.4100461006164551
ENSEMBLE | Tr_Acc: 0.9878000020980835, Tr_CE: 0.053486913442611694, Va_Acc: 0.9465000033378601, Va_CE: 0.20810315012931824
Epoch: 121, AccTr: 0.9491999745368958, AccVa: 0.8830000162124634, CeTr: 0.14184924960136414, CeVa: 0.38179418444633484
Epoch: 122, AccTr: 0.954800009727478, AccVa: 0.8939999938011169, CeTr: 0.13245388865470886, CeVa: 0.38890889286994934
Epoch: 123, AccTr: 0.9523000121116638, AccVa: 0.8939999938011169, CeTr: 0.13886837661266327, CeVa: 0.3800548017024994
Epoch: 124, AccTr: 0.9542999863624573, AccVa: 0.8845000267028809, CeTr: 0.13545672595500946, CeVa: 0.42011064291000366
Epoch: 125, AccTr: 0.9557999968528748, AccVa: 0.8974999785423279, CeTr: 0.13699103891849518, CeVa: 0.37348473072052
ENSEMBLE | Tr_Acc: 0.9879999756813049, Tr_CE: 0.05313877388834953, Va_Acc: 0.9455000162124634, Va_CE: 0.20684625208377838
Epoch: 126, AccTr: 0.95169997215271, AccVa: 0.8899999856948853, CeTr: 0.13426858186721802, CeVa: 0.39340344071388245
Epoch: 127, AccTr: 0.9527000188827515, AccVa: 0.8840000033378601, CeTr: 0.13659855723381042, CeVa: 0.41362836956977844
Epoch: 128, AccTr: 0.9537000060081482, AccVa: 0.8849999904632568, CeTr: 0.13816958665847778, CeVa: 0.4010108411312103
Epoch: 129, AccTr: 0.954800009727478, AccVa: 0.878000020980835, CeTr: 0.1321965605020523, CeVa: 0.42353856563568115
Epoch: 130, AccTr: 0.954800009727478, AccVa: 0.8809999823570251, CeTr: 0.135756254196167, CeVa: 0.42281806468963623
ENSEMBLE | Tr_Acc: 0.9882000088691711, Tr_CE: 0.05272248014807701, Va_Acc: 0.9445000290870667, Va_CE: 0.2072538435459137
Epoch: 131, AccTr: 0.953499972820282, AccVa: 0.8799999952316284, CeTr: 0.1354692429304123, CeVa: 0.40816259384155273
Epoch: 132, AccTr: 0.953499972820282, AccVa: 0.8960000276565552, CeTr: 0.13944031298160553, CeVa: 0.3788573145866394
Epoch: 133, AccTr: 0.9553999900817871, AccVa: 0.8880000114440918, CeTr: 0.1294538527727127, CeVa: 0.37139591574668884
Epoch: 134, AccTr: 0.9542999863624573, AccVa: 0.8865000009536743, CeTr: 0.1353939026594162, CeVa: 0.3639635145664215
Epoch: 135, AccTr: 0.9521999955177307, AccVa: 0.8945000171661377, CeTr: 0.14107847213745117, CeVa: 0.35437825322151184
ENSEMBLE | Tr_Acc: 0.9879999756813049, Tr_CE: 0.052619580179452896, Va_Acc: 0.9449999928474426, Va_CE: 0.20624376833438873
Epoch: 136, AccTr: 0.9557999968528748, AccVa: 0.890500009059906, CeTr: 0.13556192815303802, CeVa: 0.41341954469680786
Epoch: 137, AccTr: 0.9556999802589417, AccVa: 0.8845000267028809, CeTr: 0.1341552436351776, CeVa: 0.40813612937927246
Epoch: 138, AccTr: 0.95660001039505, AccVa: 0.8880000114440918, CeTr: 0.13477180898189545, CeVa: 0.4112117290496826
Epoch: 139, AccTr: 0.9513000249862671, AccVa: 0.8855000138282776, CeTr: 0.14296820759773254, CeVa: 0.3975291848182678
Epoch: 140, AccTr: 0.9526000022888184, AccVa: 0.8855000138282776, CeTr: 0.13783150911331177, CeVa: 0.389748752117157
ENSEMBLE | Tr_Acc: 0.9883000254631042, Tr_CE: 0.052288591861724854, Va_Acc: 0.9470000267028809, Va_CE: 0.2051624059677124
Epoch: 141, AccTr: 0.9509000182151794, AccVa: 0.8930000066757202, CeTr: 0.13588377833366394, CeVa: 0.4168737232685089
Epoch: 142, AccTr: 0.9527999758720398, AccVa: 0.8845000267028809, CeTr: 0.13889023661613464, CeVa: 0.4093606472015381
Epoch: 143, AccTr: 0.9538999795913696, AccVa: 0.8855000138282776, CeTr: 0.1321224421262741, CeVa: 0.43386316299438477
Epoch: 144, AccTr: 0.9559999704360962, AccVa: 0.8834999799728394, CeTr: 0.132036030292511, CeVa: 0.4116972088813782
Epoch: 145, AccTr: 0.9531999826431274, AccVa: 0.8824999928474426, CeTr: 0.1340091973543167, CeVa: 0.4306093156337738
ENSEMBLE | Tr_Acc: 0.9882000088691711, Tr_CE: 0.052030909806489944, Va_Acc: 0.9434999823570251, Va_CE: 0.2063595950603485
Epoch: 146, AccTr: 0.9503999948501587, AccVa: 0.8784999847412109, CeTr: 0.14317795634269714, CeVa: 0.46948546171188354
Epoch: 147, AccTr: 0.9521999955177307, AccVa: 0.890500009059906, CeTr: 0.13604651391506195, CeVa: 0.40703317523002625
Epoch: 148, AccTr: 0.9535999894142151, AccVa: 0.8815000057220459, CeTr: 0.13553699851036072, CeVa: 0.3952454626560211
Epoch: 149, AccTr: 0.9563000202178955, AccVa: 0.8889999985694885, CeTr: 0.1317521184682846, CeVa: 0.39978334307670593
Epoch: 150, AccTr: 0.9510999917984009, AccVa: 0.8830000162124634, CeTr: 0.14008253812789917, CeVa: 0.45985138416290283
ENSEMBLE | Tr_Acc: 0.988099992275238, Tr_CE: 0.051867589354515076, Va_Acc: 0.9445000290870667, Va_CE: 0.20776428282260895
Epoch: 151, AccTr: 0.9528999924659729, AccVa: 0.8939999938011169, CeTr: 0.13235342502593994, CeVa: 0.4140850305557251
Epoch: 152, AccTr: 0.9519000053405762, AccVa: 0.8805000185966492, CeTr: 0.14015936851501465, CeVa: 0.41423413157463074
Epoch: 153, AccTr: 0.9531000256538391, AccVa: 0.8834999799728394, CeTr: 0.13635613024234772, CeVa: 0.4190966784954071
Epoch: 154, AccTr: 0.9534000158309937, AccVa: 0.8855000138282776, CeTr: 0.13776415586471558, CeVa: 0.43552836775779724
Epoch: 155, AccTr: 0.9559000134468079, AccVa: 0.8845000267028809, CeTr: 0.13416752219200134, CeVa: 0.4105455279350281
ENSEMBLE | Tr_Acc: 0.9883000254631042, Tr_CE: 0.051666662096977234, Va_Acc: 0.9434999823570251, Va_CE: 0.20792095363140106
Epoch: 156, AccTr: 0.9539999961853027, AccVa: 0.878000020980835, CeTr: 0.14022153615951538, CeVa: 0.4232180714607239
