NN CONFIG
Weight-type:		ternary
Layout									Layer #1: 250	Layer #2: 220	
Activation Functions					Layer #1: ets	Layer #2: ets	
Keep probabilities		Layer #0: 1.0	Layer #1: 1.0	Layer #2: 1.0	
Flat factors							Layer #1: 1.0	Layer #2: 1.0	Layer #3: 1.0	
Activation Noise						Layer #1: 0.0	Layer #2: 0.0	Layer #3: 0.0	
Prior: 0.8

===================================

RUN CONFIG
Epochs: 200, Blocksize: 4

===================================

Input binarization: False
Pretrained network accuracy: 0.9431999921798706
Epoch: 0, AccTr: 0.3560999929904938, AccVa: 0.351500004529953, CeTr: 3.954491376876831, CeVa: 4.117283344268799
Epoch: 1, AccTr: 0.9162999987602234, AccVa: 0.8700000047683716, CeTr: 0.2760256230831146, CeVa: 0.4741647243499756
Epoch: 2, AccTr: 0.9377999901771545, AccVa: 0.8790000081062317, CeTr: 0.18477334082126617, CeVa: 0.4233681559562683
Epoch: 3, AccTr: 0.9449999928474426, AccVa: 0.8809999823570251, CeTr: 0.16826194524765015, CeVa: 0.3975793421268463
Epoch: 4, AccTr: 0.9413999915122986, AccVa: 0.875, CeTr: 0.17689229547977448, CeVa: 0.41343188285827637
Epoch: 5, AccTr: 0.9484000205993652, AccVa: 0.878000020980835, CeTr: 0.16293534636497498, CeVa: 0.4285590350627899
Epoch: 6, AccTr: 0.9466000199317932, AccVa: 0.8765000104904175, CeTr: 0.16644270718097687, CeVa: 0.4216294586658478
Epoch: 7, AccTr: 0.9429000020027161, AccVa: 0.8774999976158142, CeTr: 0.16803757846355438, CeVa: 0.4455206096172333
Epoch: 8, AccTr: 0.9472000002861023, AccVa: 0.8784999847412109, CeTr: 0.1663781702518463, CeVa: 0.41765815019607544
Epoch: 9, AccTr: 0.9427000284194946, AccVa: 0.8725000023841858, CeTr: 0.16751225292682648, CeVa: 0.44519859552383423
Epoch: 10, AccTr: 0.9470999836921692, AccVa: 0.8679999709129333, CeTr: 0.16076722741127014, CeVa: 0.4714323878288269
ENSEMBLE | Tr_Acc: 0.9470999836921692, Tr_CE: 0.16076722741127014, Va_Acc: 0.8679999709129333, Va_CE: 0.4714323878288269
Epoch: 11, AccTr: 0.9394999742507935, AccVa: 0.8654999732971191, CeTr: 0.17521154880523682, CeVa: 0.47427988052368164
Epoch: 12, AccTr: 0.9449999928474426, AccVa: 0.8784999847412109, CeTr: 0.156338632106781, CeVa: 0.4512310326099396
Epoch: 13, AccTr: 0.9467999935150146, AccVa: 0.8725000023841858, CeTr: 0.1641143411397934, CeVa: 0.43138667941093445
Epoch: 14, AccTr: 0.9440000057220459, AccVa: 0.8700000047683716, CeTr: 0.16278979182243347, CeVa: 0.4606097638607025
Epoch: 15, AccTr: 0.9409000277519226, AccVa: 0.871999979019165, CeTr: 0.1644027829170227, CeVa: 0.4087373912334442
ENSEMBLE | Tr_Acc: 0.967199981212616, Tr_CE: 0.1074138656258583, Va_Acc: 0.9045000076293945, Va_CE: 0.3360702395439148
Epoch: 16, AccTr: 0.946399986743927, AccVa: 0.8604999780654907, CeTr: 0.1592833548784256, CeVa: 0.4824065864086151
Epoch: 17, AccTr: 0.9431999921798706, AccVa: 0.8644999861717224, CeTr: 0.17008356750011444, CeVa: 0.4835362434387207
Epoch: 18, AccTr: 0.9427000284194946, AccVa: 0.8694999814033508, CeTr: 0.16858461499214172, CeVa: 0.4539705216884613
Epoch: 19, AccTr: 0.9416999816894531, AccVa: 0.8644999861717224, CeTr: 0.16637037694454193, CeVa: 0.4817867577075958
Epoch: 20, AccTr: 0.9451000094413757, AccVa: 0.8665000200271606, CeTr: 0.1632072478532791, CeVa: 0.4764137864112854
ENSEMBLE | Tr_Acc: 0.9757000207901001, Tr_CE: 0.09094619005918503, Va_Acc: 0.9135000109672546, Va_CE: 0.30806052684783936
Epoch: 21, AccTr: 0.9462000131607056, AccVa: 0.8725000023841858, CeTr: 0.16262106597423553, CeVa: 0.46384483575820923
Epoch: 22, AccTr: 0.942300021648407, AccVa: 0.8684999942779541, CeTr: 0.1631276160478592, CeVa: 0.4698731005191803
Epoch: 23, AccTr: 0.9435999989509583, AccVa: 0.8650000095367432, CeTr: 0.16083243489265442, CeVa: 0.45776036381721497
Epoch: 24, AccTr: 0.9435999989509583, AccVa: 0.8634999990463257, CeTr: 0.15577957034111023, CeVa: 0.4920576214790344
Epoch: 25, AccTr: 0.9447000026702881, AccVa: 0.8650000095367432, CeTr: 0.1550697237253189, CeVa: 0.5016418099403381
ENSEMBLE | Tr_Acc: 0.9799000024795532, Tr_CE: 0.08039972186088562, Va_Acc: 0.9139999747276306, Va_CE: 0.29888296127319336
Epoch: 26, AccTr: 0.9437999725341797, AccVa: 0.8600000143051147, CeTr: 0.15954026579856873, CeVa: 0.49196839332580566
Epoch: 27, AccTr: 0.9462000131607056, AccVa: 0.8705000281333923, CeTr: 0.15928803384304047, CeVa: 0.45099756121635437
Epoch: 28, AccTr: 0.9430999755859375, AccVa: 0.8569999933242798, CeTr: 0.1637854278087616, CeVa: 0.5144163966178894
Epoch: 29, AccTr: 0.9412000179290771, AccVa: 0.8679999709129333, CeTr: 0.15883126854896545, CeVa: 0.5126656889915466
Epoch: 30, AccTr: 0.9465000033378601, AccVa: 0.8640000224113464, CeTr: 0.15458209812641144, CeVa: 0.4974311888217926
ENSEMBLE | Tr_Acc: 0.9800999760627747, Tr_CE: 0.0746568962931633, Va_Acc: 0.9194999933242798, Va_CE: 0.28923818469047546
Epoch: 31, AccTr: 0.944100022315979, AccVa: 0.8629999756813049, CeTr: 0.15742965042591095, CeVa: 0.4892731010913849
Epoch: 32, AccTr: 0.9484000205993652, AccVa: 0.8694999814033508, CeTr: 0.15337879955768585, CeVa: 0.4674381911754608
Epoch: 33, AccTr: 0.9484000205993652, AccVa: 0.8734999895095825, CeTr: 0.1529145985841751, CeVa: 0.48917722702026367
Epoch: 34, AccTr: 0.9451000094413757, AccVa: 0.8619999885559082, CeTr: 0.15768402814865112, CeVa: 0.5050454139709473
Epoch: 35, AccTr: 0.9503999948501587, AccVa: 0.8604999780654907, CeTr: 0.14814403653144836, CeVa: 0.5121346712112427
ENSEMBLE | Tr_Acc: 0.9830999970436096, Tr_CE: 0.06961572170257568, Va_Acc: 0.9175000190734863, Va_CE: 0.28648796677589417
Epoch: 36, AccTr: 0.947700023651123, AccVa: 0.8554999828338623, CeTr: 0.1514418125152588, CeVa: 0.5296738743782043
Epoch: 37, AccTr: 0.9470000267028809, AccVa: 0.8694999814033508, CeTr: 0.15262924134731293, CeVa: 0.4946509301662445
Epoch: 38, AccTr: 0.9447000026702881, AccVa: 0.8669999837875366, CeTr: 0.15127292275428772, CeVa: 0.49113625288009644
Epoch: 39, AccTr: 0.9480999708175659, AccVa: 0.859000027179718, CeTr: 0.1556098908185959, CeVa: 0.5185510516166687
Epoch: 40, AccTr: 0.9480000138282776, AccVa: 0.8654999732971191, CeTr: 0.15278705954551697, CeVa: 0.49702635407447815
ENSEMBLE | Tr_Acc: 0.9842000007629395, Tr_CE: 0.06681045144796371, Va_Acc: 0.9185000061988831, Va_CE: 0.28319159150123596
Epoch: 41, AccTr: 0.9453999996185303, AccVa: 0.8610000014305115, CeTr: 0.15519897639751434, CeVa: 0.5008991956710815
Epoch: 42, AccTr: 0.9495000243186951, AccVa: 0.859000027179718, CeTr: 0.14834202826023102, CeVa: 0.5252819061279297
Epoch: 43, AccTr: 0.9480000138282776, AccVa: 0.862500011920929, CeTr: 0.14835907518863678, CeVa: 0.5213542580604553
Epoch: 44, AccTr: 0.9470000267028809, AccVa: 0.8675000071525574, CeTr: 0.15131539106369019, CeVa: 0.48344686627388
Epoch: 45, AccTr: 0.9455000162124634, AccVa: 0.8585000038146973, CeTr: 0.15060503780841827, CeVa: 0.5463487505912781
ENSEMBLE | Tr_Acc: 0.9855999946594238, Tr_CE: 0.06403551995754242, Va_Acc: 0.9179999828338623, Va_CE: 0.28239697217941284
Epoch: 46, AccTr: 0.9476000070571899, AccVa: 0.8554999828338623, CeTr: 0.14734533429145813, CeVa: 0.5382559299468994
Epoch: 47, AccTr: 0.9448999762535095, AccVa: 0.8690000176429749, CeTr: 0.15429791808128357, CeVa: 0.5013118982315063
Epoch: 48, AccTr: 0.9491000175476074, AccVa: 0.8575000166893005, CeTr: 0.14890238642692566, CeVa: 0.5325818061828613
Epoch: 49, AccTr: 0.9485999941825867, AccVa: 0.8569999933242798, CeTr: 0.154699444770813, CeVa: 0.5330691933631897
Epoch: 50, AccTr: 0.947700023651123, AccVa: 0.8619999885559082, CeTr: 0.14669135212898254, CeVa: 0.5363391041755676
ENSEMBLE | Tr_Acc: 0.9866999983787537, Tr_CE: 0.061250440776348114, Va_Acc: 0.9200000166893005, Va_CE: 0.2805386185646057
Epoch: 51, AccTr: 0.9470999836921692, AccVa: 0.8550000190734863, CeTr: 0.1516830027103424, CeVa: 0.5180256962776184
Epoch: 52, AccTr: 0.9478999972343445, AccVa: 0.8604999780654907, CeTr: 0.14858542382717133, CeVa: 0.5148598551750183
Epoch: 53, AccTr: 0.9452000260353088, AccVa: 0.8585000038146973, CeTr: 0.15873049199581146, CeVa: 0.5415224432945251
Epoch: 54, AccTr: 0.9466999769210815, AccVa: 0.8659999966621399, CeTr: 0.14913569390773773, CeVa: 0.5367988348007202
Epoch: 55, AccTr: 0.9476000070571899, AccVa: 0.8464999794960022, CeTr: 0.1460024118423462, CeVa: 0.5758140087127686
ENSEMBLE | Tr_Acc: 0.9878000020980835, Tr_CE: 0.05911707133054733, Va_Acc: 0.9225000143051147, Va_CE: 0.2818433344364166
Epoch: 56, AccTr: 0.9473000168800354, AccVa: 0.8610000014305115, CeTr: 0.14829616248607635, CeVa: 0.5413492321968079
Epoch: 57, AccTr: 0.9487000107765198, AccVa: 0.8675000071525574, CeTr: 0.14624787867069244, CeVa: 0.5061026215553284
Epoch: 58, AccTr: 0.948199987411499, AccVa: 0.859000027179718, CeTr: 0.14570051431655884, CeVa: 0.5426600575447083
Epoch: 59, AccTr: 0.9455999732017517, AccVa: 0.8615000247955322, CeTr: 0.1511286050081253, CeVa: 0.5528932213783264
Epoch: 60, AccTr: 0.9484000205993652, AccVa: 0.8700000047683716, CeTr: 0.14538471400737762, CeVa: 0.5277432799339294
ENSEMBLE | Tr_Acc: 0.9879999756813049, Tr_CE: 0.05743184685707092, Va_Acc: 0.9240000247955322, Va_CE: 0.2788240611553192
Epoch: 61, AccTr: 0.9441999793052673, AccVa: 0.8604999780654907, CeTr: 0.1581772416830063, CeVa: 0.5360743403434753
Epoch: 62, AccTr: 0.9473999738693237, AccVa: 0.862500011920929, CeTr: 0.1476861536502838, CeVa: 0.5471277832984924
Epoch: 63, AccTr: 0.9480000138282776, AccVa: 0.8679999709129333, CeTr: 0.14580971002578735, CeVa: 0.5059260725975037
Epoch: 64, AccTr: 0.9490000009536743, AccVa: 0.8634999990463257, CeTr: 0.153074711561203, CeVa: 0.5248733162879944
Epoch: 65, AccTr: 0.947700023651123, AccVa: 0.859000027179718, CeTr: 0.14435958862304688, CeVa: 0.5556486248970032
ENSEMBLE | Tr_Acc: 0.987500011920929, Tr_CE: 0.05601627379655838, Va_Acc: 0.9229999780654907, Va_CE: 0.28047415614128113
Epoch: 66, AccTr: 0.9453999996185303, AccVa: 0.8550000190734863, CeTr: 0.14449885487556458, CeVa: 0.5629199743270874
Epoch: 67, AccTr: 0.9502999782562256, AccVa: 0.8679999709129333, CeTr: 0.13908497989177704, CeVa: 0.5502204298973083
Epoch: 68, AccTr: 0.9491000175476074, AccVa: 0.8529999852180481, CeTr: 0.13850106298923492, CeVa: 0.5732685923576355
Epoch: 69, AccTr: 0.9502000212669373, AccVa: 0.8715000152587891, CeTr: 0.1432301551103592, CeVa: 0.5458298921585083
Epoch: 70, AccTr: 0.9484999775886536, AccVa: 0.8554999828338623, CeTr: 0.14401288330554962, CeVa: 0.5602316856384277
ENSEMBLE | Tr_Acc: 0.9882000088691711, Tr_CE: 0.05467703938484192, Va_Acc: 0.921500027179718, Va_CE: 0.28199586272239685
Epoch: 71, AccTr: 0.9465000033378601, AccVa: 0.8604999780654907, CeTr: 0.14713606238365173, CeVa: 0.5511834621429443
Epoch: 72, AccTr: 0.9474999904632568, AccVa: 0.8565000295639038, CeTr: 0.1467149257659912, CeVa: 0.5743197202682495
Epoch: 73, AccTr: 0.9524999856948853, AccVa: 0.8504999876022339, CeTr: 0.13755056262016296, CeVa: 0.5536941885948181
Epoch: 74, AccTr: 0.9496999979019165, AccVa: 0.8560000061988831, CeTr: 0.14764556288719177, CeVa: 0.573686957359314
Epoch: 75, AccTr: 0.9502000212669373, AccVa: 0.8600000143051147, CeTr: 0.14236707985401154, CeVa: 0.5725743174552917
ENSEMBLE | Tr_Acc: 0.9883000254631042, Tr_CE: 0.05329875648021698, Va_Acc: 0.9225000143051147, Va_CE: 0.2841871380805969
Epoch: 76, AccTr: 0.9445000290870667, AccVa: 0.8454999923706055, CeTr: 0.14678075909614563, CeVa: 0.61553955078125
Epoch: 77, AccTr: 0.949400007724762, AccVa: 0.8560000061988831, CeTr: 0.1367499977350235, CeVa: 0.5813590288162231
Epoch: 78, AccTr: 0.9488999843597412, AccVa: 0.8619999885559082, CeTr: 0.13889019191265106, CeVa: 0.6220081448554993
Epoch: 79, AccTr: 0.9474999904632568, AccVa: 0.843999981880188, CeTr: 0.1434439718723297, CeVa: 0.6249297261238098
Epoch: 80, AccTr: 0.9513000249862671, AccVa: 0.8535000085830688, CeTr: 0.13139532506465912, CeVa: 0.5889667272567749
ENSEMBLE | Tr_Acc: 0.9886999726295471, Tr_CE: 0.05165733024477959, Va_Acc: 0.9244999885559082, Va_CE: 0.28431451320648193
Epoch: 81, AccTr: 0.9513999819755554, AccVa: 0.8579999804496765, CeTr: 0.13274680078029633, CeVa: 0.5599852800369263
Epoch: 82, AccTr: 0.9520000219345093, AccVa: 0.8500000238418579, CeTr: 0.1355314403772354, CeVa: 0.5786434412002563
Epoch: 83, AccTr: 0.9505000114440918, AccVa: 0.8644999861717224, CeTr: 0.13801957666873932, CeVa: 0.5399885177612305
Epoch: 84, AccTr: 0.9523000121116638, AccVa: 0.8544999957084656, CeTr: 0.13512615859508514, CeVa: 0.5880869030952454
Epoch: 85, AccTr: 0.9513000249862671, AccVa: 0.8700000047683716, CeTr: 0.1352235972881317, CeVa: 0.5209875702857971
ENSEMBLE | Tr_Acc: 0.9887999892234802, Tr_CE: 0.050275906920433044, Va_Acc: 0.925000011920929, Va_CE: 0.2837778925895691
Epoch: 86, AccTr: 0.9531000256538391, AccVa: 0.8665000200271606, CeTr: 0.1343923807144165, CeVa: 0.5581156015396118
Epoch: 87, AccTr: 0.9480999708175659, AccVa: 0.8585000038146973, CeTr: 0.13894149661064148, CeVa: 0.593716025352478
Epoch: 88, AccTr: 0.9520999789237976, AccVa: 0.8665000200271606, CeTr: 0.13709217309951782, CeVa: 0.5728608965873718
Epoch: 89, AccTr: 0.9510999917984009, AccVa: 0.8629999756813049, CeTr: 0.13757655024528503, CeVa: 0.5361044406890869
Epoch: 90, AccTr: 0.9506000280380249, AccVa: 0.8659999966621399, CeTr: 0.13996592164039612, CeVa: 0.5719960927963257
ENSEMBLE | Tr_Acc: 0.9891999959945679, Tr_CE: 0.04942511022090912, Va_Acc: 0.9265000224113464, Va_CE: 0.2854180634021759
Epoch: 91, AccTr: 0.9523000121116638, AccVa: 0.8634999990463257, CeTr: 0.1342647224664688, CeVa: 0.5467227697372437
Epoch: 92, AccTr: 0.9537000060081482, AccVa: 0.8495000004768372, CeTr: 0.1322295218706131, CeVa: 0.5747467875480652
Epoch: 93, AccTr: 0.9519000053405762, AccVa: 0.8709999918937683, CeTr: 0.13646577298641205, CeVa: 0.5082560181617737
Epoch: 94, AccTr: 0.9514999985694885, AccVa: 0.8640000224113464, CeTr: 0.14017868041992188, CeVa: 0.5623385906219482
Epoch: 95, AccTr: 0.9509999752044678, AccVa: 0.8700000047683716, CeTr: 0.13663934171199799, CeVa: 0.5444027185440063
ENSEMBLE | Tr_Acc: 0.9897000193595886, Tr_CE: 0.04843369871377945, Va_Acc: 0.9265000224113464, Va_CE: 0.28456610441207886
Epoch: 96, AccTr: 0.9501000046730042, AccVa: 0.859499990940094, CeTr: 0.14077675342559814, CeVa: 0.541137158870697
Epoch: 97, AccTr: 0.955299973487854, AccVa: 0.843500018119812, CeTr: 0.1276768147945404, CeVa: 0.6026496291160583
Epoch: 98, AccTr: 0.9495000243186951, AccVa: 0.8510000109672546, CeTr: 0.14144760370254517, CeVa: 0.6020499467849731
Epoch: 99, AccTr: 0.9485999941825867, AccVa: 0.8610000014305115, CeTr: 0.14085032045841217, CeVa: 0.5738958120346069
Epoch: 100, AccTr: 0.9527999758720398, AccVa: 0.8604999780654907, CeTr: 0.13104791939258575, CeVa: 0.5405645966529846
ENSEMBLE | Tr_Acc: 0.9902999997138977, Tr_CE: 0.04725608602166176, Va_Acc: 0.9254999756813049, Va_CE: 0.28329259157180786
Epoch: 101, AccTr: 0.9562000036239624, AccVa: 0.8510000109672546, CeTr: 0.1272507905960083, CeVa: 0.6070320010185242
Epoch: 102, AccTr: 0.9502999782562256, AccVa: 0.8514999747276306, CeTr: 0.1348855048418045, CeVa: 0.5645264983177185
Epoch: 103, AccTr: 0.9506000280380249, AccVa: 0.8525000214576721, CeTr: 0.13180167973041534, CeVa: 0.6008625626564026
Epoch: 104, AccTr: 0.955299973487854, AccVa: 0.8619999885559082, CeTr: 0.13158175349235535, CeVa: 0.5589870810508728
Epoch: 105, AccTr: 0.949400007724762, AccVa: 0.8539999723434448, CeTr: 0.13692055642604828, CeVa: 0.5841276049613953
ENSEMBLE | Tr_Acc: 0.989799976348877, Tr_CE: 0.04654312506318092, Va_Acc: 0.9265000224113464, Va_CE: 0.2828942537307739
Epoch: 106, AccTr: 0.9527999758720398, AccVa: 0.8654999732971191, CeTr: 0.1362256556749344, CeVa: 0.5492559671401978
Epoch: 107, AccTr: 0.951200008392334, AccVa: 0.8560000061988831, CeTr: 0.1332043707370758, CeVa: 0.5963287949562073
Epoch: 108, AccTr: 0.9498000144958496, AccVa: 0.8565000295639038, CeTr: 0.13665185868740082, CeVa: 0.55040043592453
Epoch: 109, AccTr: 0.9513000249862671, AccVa: 0.8560000061988831, CeTr: 0.13604368269443512, CeVa: 0.6017025709152222
Epoch: 110, AccTr: 0.9523000121116638, AccVa: 0.8610000014305115, CeTr: 0.13836504518985748, CeVa: 0.5948300361633301
ENSEMBLE | Tr_Acc: 0.9901999831199646, Tr_CE: 0.04574130102992058, Va_Acc: 0.9269999861717224, Va_CE: 0.2851293385028839
Epoch: 111, AccTr: 0.9526000022888184, AccVa: 0.8539999723434448, CeTr: 0.13238900899887085, CeVa: 0.6012053489685059
Epoch: 112, AccTr: 0.9534000158309937, AccVa: 0.8615000247955322, CeTr: 0.12944699823856354, CeVa: 0.5405329465866089
Epoch: 113, AccTr: 0.9488000273704529, AccVa: 0.8725000023841858, CeTr: 0.13322171568870544, CeVa: 0.5823301672935486
Epoch: 114, AccTr: 0.9539999961853027, AccVa: 0.8485000133514404, CeTr: 0.12953642010688782, CeVa: 0.6195645928382874
Epoch: 115, AccTr: 0.9524999856948853, AccVa: 0.8640000224113464, CeTr: 0.12928761541843414, CeVa: 0.5773081183433533
ENSEMBLE | Tr_Acc: 0.9904000163078308, Tr_CE: 0.044966861605644226, Va_Acc: 0.9240000247955322, Va_CE: 0.28512486815452576
Epoch: 116, AccTr: 0.949400007724762, AccVa: 0.8560000061988831, CeTr: 0.13691332936286926, CeVa: 0.5785549879074097
Epoch: 117, AccTr: 0.9556000232696533, AccVa: 0.8510000109672546, CeTr: 0.1258397400379181, CeVa: 0.6248947381973267
Epoch: 118, AccTr: 0.9517999887466431, AccVa: 0.8679999709129333, CeTr: 0.13263213634490967, CeVa: 0.5592111945152283
Epoch: 119, AccTr: 0.9549999833106995, AccVa: 0.8575000166893005, CeTr: 0.1239519789814949, CeVa: 0.5570502877235413
Epoch: 120, AccTr: 0.951200008392334, AccVa: 0.8569999933242798, CeTr: 0.13521087169647217, CeVa: 0.5953701138496399
ENSEMBLE | Tr_Acc: 0.9904999732971191, Tr_CE: 0.04427636042237282, Va_Acc: 0.9244999885559082, Va_CE: 0.28549903631210327
Epoch: 121, AccTr: 0.9532999992370605, AccVa: 0.859499990940094, CeTr: 0.1313927322626114, CeVa: 0.562554121017456
Epoch: 122, AccTr: 0.9516000151634216, AccVa: 0.859499990940094, CeTr: 0.1281091570854187, CeVa: 0.6175203323364258
Epoch: 123, AccTr: 0.9555000066757202, AccVa: 0.8510000109672546, CeTr: 0.1254119873046875, CeVa: 0.6192435622215271
Epoch: 124, AccTr: 0.951200008392334, AccVa: 0.8629999756813049, CeTr: 0.1300046443939209, CeVa: 0.6088638305664062
Epoch: 125, AccTr: 0.9570000171661377, AccVa: 0.8504999876022339, CeTr: 0.12765292823314667, CeVa: 0.6182226538658142
ENSEMBLE | Tr_Acc: 0.9907000064849854, Tr_CE: 0.04359281435608864, Va_Acc: 0.9254999756813049, Va_CE: 0.2859025001525879
Epoch: 126, AccTr: 0.949999988079071, AccVa: 0.8450000286102295, CeTr: 0.13135388493537903, CeVa: 0.6221073269844055
Epoch: 127, AccTr: 0.9491999745368958, AccVa: 0.8514999747276306, CeTr: 0.13438904285430908, CeVa: 0.6110791563987732
Epoch: 128, AccTr: 0.9556000232696533, AccVa: 0.847000002861023, CeTr: 0.12446364760398865, CeVa: 0.6217329502105713
Epoch: 129, AccTr: 0.9534000158309937, AccVa: 0.8554999828338623, CeTr: 0.12329316139221191, CeVa: 0.62587970495224
Epoch: 130, AccTr: 0.9537000060081482, AccVa: 0.8619999885559082, CeTr: 0.12672482430934906, CeVa: 0.5841495394706726
ENSEMBLE | Tr_Acc: 0.9908000230789185, Tr_CE: 0.042766451835632324, Va_Acc: 0.9275000095367432, Va_CE: 0.28505808115005493
Epoch: 131, AccTr: 0.9546999931335449, AccVa: 0.8450000286102295, CeTr: 0.13057968020439148, CeVa: 0.6286333203315735
Epoch: 132, AccTr: 0.9556000232696533, AccVa: 0.8544999957084656, CeTr: 0.12571071088314056, CeVa: 0.590288519859314
Epoch: 133, AccTr: 0.9538999795913696, AccVa: 0.8554999828338623, CeTr: 0.12628594040870667, CeVa: 0.6014705896377563
Epoch: 134, AccTr: 0.9544000029563904, AccVa: 0.8659999966621399, CeTr: 0.12351039797067642, CeVa: 0.5611476302146912
Epoch: 135, AccTr: 0.9537000060081482, AccVa: 0.8529999852180481, CeTr: 0.1288132518529892, CeVa: 0.5946592092514038
ENSEMBLE | Tr_Acc: 0.991100013256073, Tr_CE: 0.04209199547767639, Va_Acc: 0.9265000224113464, Va_CE: 0.28455352783203125
Epoch: 136, AccTr: 0.949999988079071, AccVa: 0.8529999852180481, CeTr: 0.13165250420570374, CeVa: 0.6304302215576172
Epoch: 137, AccTr: 0.9527000188827515, AccVa: 0.8519999980926514, CeTr: 0.13243679702281952, CeVa: 0.6202769875526428
Epoch: 138, AccTr: 0.9556999802589417, AccVa: 0.8539999723434448, CeTr: 0.12456601858139038, CeVa: 0.6307672262191772
Epoch: 139, AccTr: 0.9519000053405762, AccVa: 0.8644999861717224, CeTr: 0.1315760761499405, CeVa: 0.5726845860481262
Epoch: 140, AccTr: 0.9567999839782715, AccVa: 0.8560000061988831, CeTr: 0.12448728084564209, CeVa: 0.6255582571029663
ENSEMBLE | Tr_Acc: 0.991599977016449, Tr_CE: 0.041267216205596924, Va_Acc: 0.9269999861717224, Va_CE: 0.2854243516921997
Epoch: 141, AccTr: 0.9549999833106995, AccVa: 0.8529999852180481, CeTr: 0.11715342104434967, CeVa: 0.6420777440071106
Epoch: 142, AccTr: 0.9542999863624573, AccVa: 0.8565000295639038, CeTr: 0.12331172078847885, CeVa: 0.6068247556686401
Epoch: 143, AccTr: 0.95169997215271, AccVa: 0.8510000109672546, CeTr: 0.13177494704723358, CeVa: 0.5928917527198792
Epoch: 144, AccTr: 0.9545999765396118, AccVa: 0.8464999794960022, CeTr: 0.12501274049282074, CeVa: 0.622316837310791
Epoch: 145, AccTr: 0.95660001039505, AccVa: 0.8700000047683716, CeTr: 0.12044622749090195, CeVa: 0.590877890586853
ENSEMBLE | Tr_Acc: 0.9921000003814697, Tr_CE: 0.04060780256986618, Va_Acc: 0.9275000095367432, Va_CE: 0.2862563133239746
Epoch: 146, AccTr: 0.9545999765396118, AccVa: 0.8579999804496765, CeTr: 0.12620092928409576, CeVa: 0.6062396168708801
Epoch: 147, AccTr: 0.9564999938011169, AccVa: 0.8610000014305115, CeTr: 0.11831540614366531, CeVa: 0.6089425683021545
Epoch: 148, AccTr: 0.9539999961853027, AccVa: 0.8615000247955322, CeTr: 0.12093552201986313, CeVa: 0.566745936870575
Epoch: 149, AccTr: 0.953499972820282, AccVa: 0.8604999780654907, CeTr: 0.12816476821899414, CeVa: 0.6139634847640991
Epoch: 150, AccTr: 0.9556999802589417, AccVa: 0.8610000014305115, CeTr: 0.1231006383895874, CeVa: 0.5836858153343201
ENSEMBLE | Tr_Acc: 0.9919000267982483, Tr_CE: 0.04009066894650459, Va_Acc: 0.925000011920929, Va_CE: 0.2864297926425934
Epoch: 151, AccTr: 0.9562000036239624, AccVa: 0.8619999885559082, CeTr: 0.12316227704286575, CeVa: 0.6081754565238953
Epoch: 152, AccTr: 0.954800009727478, AccVa: 0.8554999828338623, CeTr: 0.12730997800827026, CeVa: 0.6170777082443237
Epoch: 153, AccTr: 0.9571999907493591, AccVa: 0.8554999828338623, CeTr: 0.12349150329828262, CeVa: 0.614906907081604
Epoch: 154, AccTr: 0.9527000188827515, AccVa: 0.8640000224113464, CeTr: 0.1274007260799408, CeVa: 0.577647864818573
Epoch: 155, AccTr: 0.9535999894142151, AccVa: 0.8550000190734863, CeTr: 0.12960241734981537, CeVa: 0.6305765509605408
ENSEMBLE | Tr_Acc: 0.9921000003814697, Tr_CE: 0.03950279578566551, Va_Acc: 0.9265000224113464, Va_CE: 0.2874857187271118
Epoch: 156, AccTr: 0.9571999907493591, AccVa: 0.8495000004768372, CeTr: 0.12075023353099823, CeVa: 0.6438490748405457
Epoch: 157, AccTr: 0.951200008392334, AccVa: 0.8669999837875366, CeTr: 0.13374045491218567, CeVa: 0.596342921257019
Epoch: 158, AccTr: 0.953000009059906, AccVa: 0.8550000190734863, CeTr: 0.12917612493038177, CeVa: 0.613319456577301
Epoch: 159, AccTr: 0.9552000164985657, AccVa: 0.8650000095367432, CeTr: 0.11979743838310242, CeVa: 0.6187599897384644
Epoch: 160, AccTr: 0.9549999833106995, AccVa: 0.8690000176429749, CeTr: 0.11942065507173538, CeVa: 0.5942394137382507
ENSEMBLE | Tr_Acc: 0.9923999905586243, Tr_CE: 0.03884073719382286, Va_Acc: 0.925000011920929, Va_CE: 0.2877539396286011
Epoch: 161, AccTr: 0.9519000053405762, AccVa: 0.8560000061988831, CeTr: 0.12390834838151932, CeVa: 0.5898976922035217
Epoch: 162, AccTr: 0.9538999795913696, AccVa: 0.8575000166893005, CeTr: 0.12771457433700562, CeVa: 0.569810152053833
Epoch: 163, AccTr: 0.9541000127792358, AccVa: 0.8510000109672546, CeTr: 0.1256793588399887, CeVa: 0.6008195877075195
Epoch: 164, AccTr: 0.9556000232696533, AccVa: 0.8615000247955322, CeTr: 0.12595675885677338, CeVa: 0.6344286203384399
Epoch: 165, AccTr: 0.9524999856948853, AccVa: 0.8550000190734863, CeTr: 0.1299160122871399, CeVa: 0.5858428478240967
ENSEMBLE | Tr_Acc: 0.9925000071525574, Tr_CE: 0.038430385291576385, Va_Acc: 0.925000011920929, Va_CE: 0.287967324256897
Epoch: 166, AccTr: 0.9544000029563904, AccVa: 0.8669999837875366, CeTr: 0.12684819102287292, CeVa: 0.5618771314620972
Epoch: 167, AccTr: 0.9549999833106995, AccVa: 0.8560000061988831, CeTr: 0.12304931879043579, CeVa: 0.6277150511741638
Epoch: 168, AccTr: 0.9531999826431274, AccVa: 0.8460000157356262, CeTr: 0.13036943972110748, CeVa: 0.6402266621589661
Epoch: 169, AccTr: 0.9556999802589417, AccVa: 0.8654999732971191, CeTr: 0.1247672587633133, CeVa: 0.5906431078910828
Epoch: 170, AccTr: 0.9559000134468079, AccVa: 0.8675000071525574, CeTr: 0.11939306557178497, CeVa: 0.5803369283676147
ENSEMBLE | Tr_Acc: 0.9926999807357788, Tr_CE: 0.03797229006886482, Va_Acc: 0.925000011920929, Va_CE: 0.28871676325798035
Epoch: 171, AccTr: 0.9542999863624573, AccVa: 0.8475000262260437, CeTr: 0.1308542937040329, CeVa: 0.6274652481079102
Epoch: 172, AccTr: 0.9488000273704529, AccVa: 0.8510000109672546, CeTr: 0.13412737846374512, CeVa: 0.6397606134414673
Epoch: 173, AccTr: 0.9514999985694885, AccVa: 0.8679999709129333, CeTr: 0.12652143836021423, CeVa: 0.5665861964225769
Epoch: 174, AccTr: 0.9556999802589417, AccVa: 0.8705000281333923, CeTr: 0.12538376450538635, CeVa: 0.5487257242202759
Epoch: 175, AccTr: 0.95169997215271, AccVa: 0.8629999756813049, CeTr: 0.13150517642498016, CeVa: 0.5779069662094116
ENSEMBLE | Tr_Acc: 0.9929999709129333, Tr_CE: 0.03762049973011017, Va_Acc: 0.925000011920929, Va_CE: 0.288425087928772
Epoch: 176, AccTr: 0.9519000053405762, AccVa: 0.8600000143051147, CeTr: 0.12662085890769958, CeVa: 0.6170455813407898
Epoch: 177, AccTr: 0.9498999714851379, AccVa: 0.8500000238418579, CeTr: 0.1311691701412201, CeVa: 0.6410197615623474
Epoch: 178, AccTr: 0.9527999758720398, AccVa: 0.8600000143051147, CeTr: 0.12971140444278717, CeVa: 0.5718768835067749
Epoch: 179, AccTr: 0.9546999931335449, AccVa: 0.8644999861717224, CeTr: 0.12072017788887024, CeVa: 0.5772040486335754
Epoch: 180, AccTr: 0.9573000073432922, AccVa: 0.8640000224113464, CeTr: 0.11877784132957458, CeVa: 0.5901590585708618
ENSEMBLE | Tr_Acc: 0.9932000041007996, Tr_CE: 0.03728368505835533, Va_Acc: 0.9254999756813049, Va_CE: 0.2884107530117035
Epoch: 181, AccTr: 0.9541000127792358, AccVa: 0.8675000071525574, CeTr: 0.1296866238117218, CeVa: 0.5867555737495422
Epoch: 182, AccTr: 0.9535999894142151, AccVa: 0.8560000061988831, CeTr: 0.12907078862190247, CeVa: 0.6027894616127014
Epoch: 183, AccTr: 0.9570000171661377, AccVa: 0.8629999756813049, CeTr: 0.12173264473676682, CeVa: 0.5775389075279236
Epoch: 184, AccTr: 0.9524999856948853, AccVa: 0.8539999723434448, CeTr: 0.13063600659370422, CeVa: 0.6123825907707214
Epoch: 185, AccTr: 0.9538999795913696, AccVa: 0.8650000095367432, CeTr: 0.12678104639053345, CeVa: 0.5648683309555054
ENSEMBLE | Tr_Acc: 0.9929999709129333, Tr_CE: 0.03704306483268738, Va_Acc: 0.925000011920929, Va_CE: 0.288041889667511
Epoch: 186, AccTr: 0.9537000060081482, AccVa: 0.8650000095367432, CeTr: 0.12784136831760406, CeVa: 0.5672939419746399
Epoch: 187, AccTr: 0.9544000029563904, AccVa: 0.8610000014305115, CeTr: 0.1317613422870636, CeVa: 0.574928879737854
Epoch: 188, AccTr: 0.9542999863624573, AccVa: 0.8544999957084656, CeTr: 0.12398303300142288, CeVa: 0.6290551424026489
Epoch: 189, AccTr: 0.9563000202178955, AccVa: 0.8600000143051147, CeTr: 0.11922275274991989, CeVa: 0.5899263620376587
Epoch: 190, AccTr: 0.9517999887466431, AccVa: 0.8585000038146973, CeTr: 0.1295444816350937, CeVa: 0.5709787607192993
ENSEMBLE | Tr_Acc: 0.9933000206947327, Tr_CE: 0.03675231337547302, Va_Acc: 0.9254999756813049, Va_CE: 0.28743892908096313
Epoch: 191, AccTr: 0.9538000226020813, AccVa: 0.8519999980926514, CeTr: 0.1264999657869339, CeVa: 0.5807403922080994
Epoch: 192, AccTr: 0.95169997215271, AccVa: 0.8495000004768372, CeTr: 0.13126391172409058, CeVa: 0.6134456992149353
Epoch: 193, AccTr: 0.9534000158309937, AccVa: 0.8544999957084656, CeTr: 0.1242206022143364, CeVa: 0.57594233751297
Epoch: 194, AccTr: 0.9560999870300293, AccVa: 0.8650000095367432, CeTr: 0.12036821246147156, CeVa: 0.595170259475708
Epoch: 195, AccTr: 0.9521999955177307, AccVa: 0.8514999747276306, CeTr: 0.12702341377735138, CeVa: 0.6117290258407593
ENSEMBLE | Tr_Acc: 0.9933000206947327, Tr_CE: 0.03642348572611809, Va_Acc: 0.9244999885559082, Va_CE: 0.28785377740859985
Epoch: 196, AccTr: 0.9549999833106995, AccVa: 0.8600000143051147, CeTr: 0.12511228024959564, CeVa: 0.5796178579330444
Epoch: 197, AccTr: 0.9527999758720398, AccVa: 0.8525000214576721, CeTr: 0.1281837671995163, CeVa: 0.6072586178779602
Epoch: 198, AccTr: 0.9563000202178955, AccVa: 0.8529999852180481, CeTr: 0.12643684446811676, CeVa: 0.5953235626220703
Epoch: 199, AccTr: 0.9508000016212463, AccVa: 0.8640000224113464, CeTr: 0.12589384615421295, CeVa: 0.5970535278320312
Epoch: 200, AccTr: 0.9544000029563904, AccVa: 0.8565000295639038, CeTr: 0.12636101245880127, CeVa: 0.5929149985313416
ENSEMBLE | Tr_Acc: 0.9933000206947327, Tr_CE: 0.036158714443445206, Va_Acc: 0.925000011920929, Va_CE: 0.28765732049942017
NN CONFIG
Weight-type:		ternary
Layout									Layer #1: 250	Layer #2: 220	
Activation Functions					Layer #1: ets	Layer #2: ets	
Keep probabilities		Layer #0: 1.0	Layer #1: 1.0	Layer #2: 1.0	
Flat factors							Layer #1: 1.0	Layer #2: 1.0	Layer #3: 1.0	
Activation Noise						Layer #1: 0.0	Layer #2: 0.0	Layer #3: 0.0	
Prior: 0.8

===================================

RUN CONFIG
Epochs: 200, Blocksize: 4

===================================

Input binarization: False
Pretrained network accuracy: 0.9664999842643738
Epoch: 0, AccTr: 0.4194999933242798, AccVa: 0.42500001192092896, CeTr: 3.316472291946411, CeVa: 3.325296640396118
Epoch: 1, AccTr: 0.9271000027656555, AccVa: 0.8734999895095825, CeTr: 0.24071809649467468, CeVa: 0.41022464632987976
Epoch: 2, AccTr: 0.9377999901771545, AccVa: 0.8755000233650208, CeTr: 0.1911424994468689, CeVa: 0.43019339442253113
Epoch: 3, AccTr: 0.9394000172615051, AccVa: 0.8815000057220459, CeTr: 0.17785455286502838, CeVa: 0.4141709506511688
Epoch: 4, AccTr: 0.9423999786376953, AccVa: 0.875, CeTr: 0.1808200627565384, CeVa: 0.4087231755256653
Epoch: 5, AccTr: 0.9391000270843506, AccVa: 0.8734999895095825, CeTr: 0.17724727094173431, CeVa: 0.4154336452484131
Epoch: 6, AccTr: 0.9405999779701233, AccVa: 0.8705000281333923, CeTr: 0.18221381306648254, CeVa: 0.4286872148513794
Epoch: 7, AccTr: 0.9397000074386597, AccVa: 0.8675000071525574, CeTr: 0.1756475567817688, CeVa: 0.44035500288009644
Epoch: 8, AccTr: 0.9419999718666077, AccVa: 0.8715000152587891, CeTr: 0.17467689514160156, CeVa: 0.42424628138542175
Epoch: 9, AccTr: 0.9434999823570251, AccVa: 0.8684999942779541, CeTr: 0.1702936738729477, CeVa: 0.4748223125934601
Epoch: 10, AccTr: 0.9415000081062317, AccVa: 0.8690000176429749, CeTr: 0.17202049493789673, CeVa: 0.4379124641418457
ENSEMBLE | Tr_Acc: 0.9415000081062317, Tr_CE: 0.17202049493789673, Va_Acc: 0.8690000176429749, Va_CE: 0.4379124641418457
Epoch: 11, AccTr: 0.9395999908447266, AccVa: 0.862500011920929, CeTr: 0.1730216145515442, CeVa: 0.46406683325767517
Epoch: 12, AccTr: 0.9440000057220459, AccVa: 0.8805000185966492, CeTr: 0.16469848155975342, CeVa: 0.44860729575157166
Epoch: 13, AccTr: 0.9416000247001648, AccVa: 0.8640000224113464, CeTr: 0.17051322758197784, CeVa: 0.4895245432853699
Epoch: 14, AccTr: 0.9399999976158142, AccVa: 0.8634999990463257, CeTr: 0.1686863750219345, CeVa: 0.4799377918243408
Epoch: 15, AccTr: 0.9437000155448914, AccVa: 0.8684999942779541, CeTr: 0.1647220402956009, CeVa: 0.4829804003238678
ENSEMBLE | Tr_Acc: 0.9660000205039978, Tr_CE: 0.1085645779967308, Va_Acc: 0.8939999938011169, Va_CE: 0.351505309343338
Epoch: 16, AccTr: 0.9435999989509583, AccVa: 0.8690000176429749, CeTr: 0.16840246319770813, CeVa: 0.4529079496860504
Epoch: 17, AccTr: 0.9469000101089478, AccVa: 0.8730000257492065, CeTr: 0.1630808562040329, CeVa: 0.4579618275165558
Epoch: 18, AccTr: 0.9459999799728394, AccVa: 0.875, CeTr: 0.16397975385189056, CeVa: 0.44202929735183716
Epoch: 19, AccTr: 0.9427000284194946, AccVa: 0.8585000038146973, CeTr: 0.1652323603630066, CeVa: 0.474671334028244
Epoch: 20, AccTr: 0.9448000192642212, AccVa: 0.8565000295639038, CeTr: 0.16105064749717712, CeVa: 0.4908334016799927
ENSEMBLE | Tr_Acc: 0.9751999974250793, Tr_CE: 0.08989313989877701, Va_Acc: 0.9004999995231628, Va_CE: 0.32173988223075867
Epoch: 21, AccTr: 0.9434999823570251, AccVa: 0.8774999976158142, CeTr: 0.16540859639644623, CeVa: 0.43409085273742676
Epoch: 22, AccTr: 0.9427000284194946, AccVa: 0.8715000152587891, CeTr: 0.16420495510101318, CeVa: 0.46207195520401
Epoch: 23, AccTr: 0.9466000199317932, AccVa: 0.8659999966621399, CeTr: 0.16058911383152008, CeVa: 0.47544988989830017
Epoch: 24, AccTr: 0.9429000020027161, AccVa: 0.8700000047683716, CeTr: 0.1609770804643631, CeVa: 0.4666905105113983
Epoch: 25, AccTr: 0.9445000290870667, AccVa: 0.8619999885559082, CeTr: 0.16480080783367157, CeVa: 0.5088502764701843
ENSEMBLE | Tr_Acc: 0.9776999950408936, Tr_CE: 0.0808512344956398, Va_Acc: 0.9089999794960022, Va_CE: 0.3075276017189026
Epoch: 26, AccTr: 0.9437999725341797, AccVa: 0.8659999966621399, CeTr: 0.1606476604938507, CeVa: 0.4962506592273712
Epoch: 27, AccTr: 0.9456999897956848, AccVa: 0.8694999814033508, CeTr: 0.1554557830095291, CeVa: 0.4648111164569855
Epoch: 28, AccTr: 0.9430999755859375, AccVa: 0.8665000200271606, CeTr: 0.16582491993904114, CeVa: 0.49583539366722107
Epoch: 29, AccTr: 0.9422000050544739, AccVa: 0.8579999804496765, CeTr: 0.15962699055671692, CeVa: 0.5226187705993652
Epoch: 30, AccTr: 0.9478999972343445, AccVa: 0.859000027179718, CeTr: 0.15623967349529266, CeVa: 0.5302835702896118
ENSEMBLE | Tr_Acc: 0.9797999858856201, Tr_CE: 0.0746067687869072, Va_Acc: 0.9120000004768372, Va_CE: 0.30231019854545593
Epoch: 31, AccTr: 0.9453999996185303, AccVa: 0.8679999709129333, CeTr: 0.1533764749765396, CeVa: 0.4962889552116394
Epoch: 32, AccTr: 0.9441999793052673, AccVa: 0.8600000143051147, CeTr: 0.16009141504764557, CeVa: 0.5221827626228333
Epoch: 33, AccTr: 0.9502999782562256, AccVa: 0.8679999709129333, CeTr: 0.1509808599948883, CeVa: 0.4954478442668915
Epoch: 34, AccTr: 0.9480999708175659, AccVa: 0.8650000095367432, CeTr: 0.15248066186904907, CeVa: 0.5232555866241455
Epoch: 35, AccTr: 0.9434999823570251, AccVa: 0.8634999990463257, CeTr: 0.15561965107917786, CeVa: 0.4987543821334839
ENSEMBLE | Tr_Acc: 0.9811000227928162, Tr_CE: 0.07020412385463715, Va_Acc: 0.9139999747276306, Va_CE: 0.29581519961357117
Epoch: 36, AccTr: 0.9462000131607056, AccVa: 0.8650000095367432, CeTr: 0.15432272851467133, CeVa: 0.5163367986679077
Epoch: 37, AccTr: 0.9452000260353088, AccVa: 0.8579999804496765, CeTr: 0.15406343340873718, CeVa: 0.5272232890129089
Epoch: 38, AccTr: 0.9463000297546387, AccVa: 0.8579999804496765, CeTr: 0.16051095724105835, CeVa: 0.5133631825447083
Epoch: 39, AccTr: 0.9438999891281128, AccVa: 0.8659999966621399, CeTr: 0.15716330707073212, CeVa: 0.48408636450767517
Epoch: 40, AccTr: 0.9484000205993652, AccVa: 0.8535000085830688, CeTr: 0.14891763031482697, CeVa: 0.5174276232719421
ENSEMBLE | Tr_Acc: 0.9835000038146973, Tr_CE: 0.06629183143377304, Va_Acc: 0.9150000214576721, Va_CE: 0.29134395718574524
Epoch: 41, AccTr: 0.9452000260353088, AccVa: 0.8529999852180481, CeTr: 0.15756450593471527, CeVa: 0.5318971276283264
Epoch: 42, AccTr: 0.949400007724762, AccVa: 0.8715000152587891, CeTr: 0.14963963627815247, CeVa: 0.4947587251663208
Epoch: 43, AccTr: 0.9490000009536743, AccVa: 0.8569999933242798, CeTr: 0.148370623588562, CeVa: 0.5421261787414551
Epoch: 44, AccTr: 0.9434000253677368, AccVa: 0.859499990940094, CeTr: 0.15391658246517181, CeVa: 0.5258236527442932
Epoch: 45, AccTr: 0.9490000009536743, AccVa: 0.8560000061988831, CeTr: 0.1455530822277069, CeVa: 0.5545051097869873
ENSEMBLE | Tr_Acc: 0.9842000007629395, Tr_CE: 0.06238994002342224, Va_Acc: 0.9175000190734863, Va_CE: 0.2900564670562744
Epoch: 46, AccTr: 0.9520999789237976, AccVa: 0.8619999885559082, CeTr: 0.1463860422372818, CeVa: 0.5691975951194763
Epoch: 47, AccTr: 0.9490000009536743, AccVa: 0.8669999837875366, CeTr: 0.14159543812274933, CeVa: 0.5513150691986084
Epoch: 48, AccTr: 0.9495999813079834, AccVa: 0.8500000238418579, CeTr: 0.14532440900802612, CeVa: 0.5637271404266357
Epoch: 49, AccTr: 0.948199987411499, AccVa: 0.8460000157356262, CeTr: 0.14540478587150574, CeVa: 0.554019570350647
Epoch: 50, AccTr: 0.9527000188827515, AccVa: 0.8519999980926514, CeTr: 0.13561339676380157, CeVa: 0.5633260011672974
ENSEMBLE | Tr_Acc: 0.9850000143051147, Tr_CE: 0.05876270309090614, Va_Acc: 0.9179999828338623, Va_CE: 0.2871943712234497
Epoch: 51, AccTr: 0.9520000219345093, AccVa: 0.8679999709129333, CeTr: 0.1362079530954361, CeVa: 0.5386391878128052
Epoch: 52, AccTr: 0.9478999972343445, AccVa: 0.8529999852180481, CeTr: 0.13997073471546173, CeVa: 0.5550569295883179
Epoch: 53, AccTr: 0.9501000046730042, AccVa: 0.8610000014305115, CeTr: 0.13637177646160126, CeVa: 0.5309709310531616
Epoch: 54, AccTr: 0.9509000182151794, AccVa: 0.8550000190734863, CeTr: 0.14162032306194305, CeVa: 0.5678794980049133
Epoch: 55, AccTr: 0.9517999887466431, AccVa: 0.8525000214576721, CeTr: 0.1370495855808258, CeVa: 0.5768780708312988
ENSEMBLE | Tr_Acc: 0.9855999946594238, Tr_CE: 0.05597885698080063, Va_Acc: 0.9185000061988831, Va_CE: 0.2867286503314972
Epoch: 56, AccTr: 0.9495999813079834, AccVa: 0.8560000061988831, CeTr: 0.1456257551908493, CeVa: 0.596444308757782
Epoch: 57, AccTr: 0.949400007724762, AccVa: 0.8535000085830688, CeTr: 0.13884584605693817, CeVa: 0.5711295008659363
Epoch: 58, AccTr: 0.947700023651123, AccVa: 0.8519999980926514, CeTr: 0.1387558877468109, CeVa: 0.5990744829177856
Epoch: 59, AccTr: 0.9498999714851379, AccVa: 0.8504999876022339, CeTr: 0.14131352305412292, CeVa: 0.5949625968933105
Epoch: 60, AccTr: 0.9520999789237976, AccVa: 0.8429999947547913, CeTr: 0.13820622861385345, CeVa: 0.6368181109428406
ENSEMBLE | Tr_Acc: 0.9865999817848206, Tr_CE: 0.05380598083138466, Va_Acc: 0.9200000166893005, Va_CE: 0.2896355092525482
Epoch: 61, AccTr: 0.9516000151634216, AccVa: 0.8560000061988831, CeTr: 0.1403159350156784, CeVa: 0.575318455696106
Epoch: 62, AccTr: 0.9513000249862671, AccVa: 0.8535000085830688, CeTr: 0.13816596567630768, CeVa: 0.5564836263656616
Epoch: 63, AccTr: 0.9505000114440918, AccVa: 0.8634999990463257, CeTr: 0.1335834115743637, CeVa: 0.5792107582092285
Epoch: 64, AccTr: 0.9519000053405762, AccVa: 0.8640000224113464, CeTr: 0.13335081934928894, CeVa: 0.5401201844215393
Epoch: 65, AccTr: 0.9521999955177307, AccVa: 0.8604999780654907, CeTr: 0.13291829824447632, CeVa: 0.6033182740211487
ENSEMBLE | Tr_Acc: 0.9876000285148621, Tr_CE: 0.05197029933333397, Va_Acc: 0.9204999804496765, Va_CE: 0.29380103945732117
Epoch: 66, AccTr: 0.9487000107765198, AccVa: 0.8529999852180481, CeTr: 0.14638793468475342, CeVa: 0.5970531702041626
Epoch: 67, AccTr: 0.9484000205993652, AccVa: 0.8504999876022339, CeTr: 0.1365412175655365, CeVa: 0.575599193572998
Epoch: 68, AccTr: 0.9514999985694885, AccVa: 0.8479999899864197, CeTr: 0.13489414751529694, CeVa: 0.6122139096260071
Epoch: 69, AccTr: 0.9506999850273132, AccVa: 0.8604999780654907, CeTr: 0.1387202888727188, CeVa: 0.6271604299545288
Epoch: 70, AccTr: 0.9527000188827515, AccVa: 0.8539999723434448, CeTr: 0.13378450274467468, CeVa: 0.5875566005706787
ENSEMBLE | Tr_Acc: 0.9866999983787537, Tr_CE: 0.05030851438641548, Va_Acc: 0.9210000038146973, Va_CE: 0.29348883032798767
Epoch: 71, AccTr: 0.9509999752044678, AccVa: 0.8679999709129333, CeTr: 0.13423126935958862, CeVa: 0.5444067120552063
Epoch: 72, AccTr: 0.9527000188827515, AccVa: 0.8565000295639038, CeTr: 0.13218015432357788, CeVa: 0.6025681495666504
Epoch: 73, AccTr: 0.9538999795913696, AccVa: 0.8539999723434448, CeTr: 0.1350715309381485, CeVa: 0.5848707556724548
Epoch: 74, AccTr: 0.9506000280380249, AccVa: 0.8374999761581421, CeTr: 0.1329195350408554, CeVa: 0.5894725322723389
Epoch: 75, AccTr: 0.9523000121116638, AccVa: 0.8604999780654907, CeTr: 0.131966233253479, CeVa: 0.5888350605964661
ENSEMBLE | Tr_Acc: 0.9868999719619751, Tr_CE: 0.048765864223241806, Va_Acc: 0.9194999933242798, Va_CE: 0.29467514157295227
Epoch: 76, AccTr: 0.9508000016212463, AccVa: 0.8665000200271606, CeTr: 0.1313309520483017, CeVa: 0.5702126026153564
Epoch: 77, AccTr: 0.9549999833106995, AccVa: 0.8569999933242798, CeTr: 0.12667955458164215, CeVa: 0.5993477702140808
Epoch: 78, AccTr: 0.9521999955177307, AccVa: 0.8669999837875366, CeTr: 0.13205379247665405, CeVa: 0.5499218702316284
Epoch: 79, AccTr: 0.9498000144958496, AccVa: 0.8485000133514404, CeTr: 0.13625682890415192, CeVa: 0.594343364238739
Epoch: 80, AccTr: 0.9557999968528748, AccVa: 0.8544999957084656, CeTr: 0.12224167585372925, CeVa: 0.5923749208450317
ENSEMBLE | Tr_Acc: 0.9878000020980835, Tr_CE: 0.0472148060798645, Va_Acc: 0.9200000166893005, Va_CE: 0.2953665852546692
Epoch: 81, AccTr: 0.9527000188827515, AccVa: 0.8514999747276306, CeTr: 0.1305171102285385, CeVa: 0.6230085492134094
Epoch: 82, AccTr: 0.949999988079071, AccVa: 0.8464999794960022, CeTr: 0.13046294450759888, CeVa: 0.654642641544342
Epoch: 83, AccTr: 0.953499972820282, AccVa: 0.8479999899864197, CeTr: 0.12761874496936798, CeVa: 0.6033686995506287
Epoch: 84, AccTr: 0.9498999714851379, AccVa: 0.8684999942779541, CeTr: 0.13310839235782623, CeVa: 0.5210535526275635
Epoch: 85, AccTr: 0.953499972820282, AccVa: 0.8575000166893005, CeTr: 0.1325787752866745, CeVa: 0.5953775644302368
ENSEMBLE | Tr_Acc: 0.9879999756813049, Tr_CE: 0.046108637005090714, Va_Acc: 0.9194999933242798, Va_CE: 0.29627594351768494
Epoch: 86, AccTr: 0.9535999894142151, AccVa: 0.8554999828338623, CeTr: 0.1285267323255539, CeVa: 0.6055804491043091
Epoch: 87, AccTr: 0.954200029373169, AccVa: 0.8519999980926514, CeTr: 0.12794534862041473, CeVa: 0.5943335890769958
Epoch: 88, AccTr: 0.9510999917984009, AccVa: 0.8634999990463257, CeTr: 0.13256771862506866, CeVa: 0.5669870376586914
Epoch: 89, AccTr: 0.9524999856948853, AccVa: 0.8535000085830688, CeTr: 0.12790581583976746, CeVa: 0.5859547853469849
Epoch: 90, AccTr: 0.9517999887466431, AccVa: 0.8629999756813049, CeTr: 0.13159510493278503, CeVa: 0.5911028385162354
ENSEMBLE | Tr_Acc: 0.988099992275238, Tr_CE: 0.04498153179883957, Va_Acc: 0.9204999804496765, Va_CE: 0.29592013359069824
Epoch: 91, AccTr: 0.953000009059906, AccVa: 0.8485000133514404, CeTr: 0.12412364780902863, CeVa: 0.625288188457489
Epoch: 92, AccTr: 0.9513999819755554, AccVa: 0.8475000262260437, CeTr: 0.13103272020816803, CeVa: 0.6548033356666565
Epoch: 93, AccTr: 0.9519000053405762, AccVa: 0.8615000247955322, CeTr: 0.12821261584758759, CeVa: 0.5668986439704895
Epoch: 94, AccTr: 0.9550999999046326, AccVa: 0.8529999852180481, CeTr: 0.12539666891098022, CeVa: 0.6121166348457336
Epoch: 95, AccTr: 0.9532999992370605, AccVa: 0.8604999780654907, CeTr: 0.12618181109428406, CeVa: 0.6191280484199524
ENSEMBLE | Tr_Acc: 0.9886999726295471, Tr_CE: 0.043792903423309326, Va_Acc: 0.9194999933242798, Va_CE: 0.29689663648605347
Epoch: 96, AccTr: 0.9557999968528748, AccVa: 0.8560000061988831, CeTr: 0.12080807238817215, CeVa: 0.598999559879303
Epoch: 97, AccTr: 0.9549000263214111, AccVa: 0.8554999828338623, CeTr: 0.126906618475914, CeVa: 0.5809023976325989
Epoch: 98, AccTr: 0.954200029373169, AccVa: 0.8544999957084656, CeTr: 0.12681478261947632, CeVa: 0.6126723885536194
Epoch: 99, AccTr: 0.9531999826431274, AccVa: 0.8510000109672546, CeTr: 0.13005587458610535, CeVa: 0.6414538621902466
Epoch: 100, AccTr: 0.9495999813079834, AccVa: 0.8585000038146973, CeTr: 0.1320585012435913, CeVa: 0.6302089691162109
ENSEMBLE | Tr_Acc: 0.9886999726295471, Tr_CE: 0.04283050075173378, Va_Acc: 0.9200000166893005, Va_CE: 0.2988570034503937
Epoch: 101, AccTr: 0.9524000287055969, AccVa: 0.8554999828338623, CeTr: 0.12471476942300797, CeVa: 0.6351420283317566
Epoch: 102, AccTr: 0.9555000066757202, AccVa: 0.8579999804496765, CeTr: 0.1206674575805664, CeVa: 0.6329449415206909
Epoch: 103, AccTr: 0.949999988079071, AccVa: 0.8485000133514404, CeTr: 0.13132910430431366, CeVa: 0.6198045611381531
Epoch: 104, AccTr: 0.9514999985694885, AccVa: 0.8495000004768372, CeTr: 0.13111968338489532, CeVa: 0.6207693815231323
Epoch: 105, AccTr: 0.9555000066757202, AccVa: 0.8495000004768372, CeTr: 0.12223449349403381, CeVa: 0.5857658982276917
ENSEMBLE | Tr_Acc: 0.9890999794006348, Tr_CE: 0.041652701795101166, Va_Acc: 0.9240000247955322, Va_CE: 0.2981201112270355
Epoch: 106, AccTr: 0.9577000141143799, AccVa: 0.8644999861717224, CeTr: 0.12049001455307007, CeVa: 0.5881197452545166
Epoch: 107, AccTr: 0.9531999826431274, AccVa: 0.8550000190734863, CeTr: 0.12515848875045776, CeVa: 0.6173279881477356
Epoch: 108, AccTr: 0.95169997215271, AccVa: 0.8445000052452087, CeTr: 0.12504787743091583, CeVa: 0.6423102617263794
Epoch: 109, AccTr: 0.9562000036239624, AccVa: 0.8489999771118164, CeTr: 0.12071361392736435, CeVa: 0.6181021332740784
Epoch: 110, AccTr: 0.9580000042915344, AccVa: 0.8610000014305115, CeTr: 0.11899115890264511, CeVa: 0.6105611324310303
ENSEMBLE | Tr_Acc: 0.9894999861717224, Tr_CE: 0.04055141285061836, Va_Acc: 0.9240000247955322, Va_CE: 0.2975207269191742
Epoch: 111, AccTr: 0.9557999968528748, AccVa: 0.8554999828338623, CeTr: 0.12249654531478882, CeVa: 0.628400981426239
Epoch: 112, AccTr: 0.9542999863624573, AccVa: 0.8519999980926514, CeTr: 0.1254880428314209, CeVa: 0.6298977732658386
Epoch: 113, AccTr: 0.9503999948501587, AccVa: 0.8539999723434448, CeTr: 0.12986445426940918, CeVa: 0.6008651852607727
Epoch: 114, AccTr: 0.9596999883651733, AccVa: 0.8629999756813049, CeTr: 0.11491229385137558, CeVa: 0.5959184169769287
Epoch: 115, AccTr: 0.949999988079071, AccVa: 0.859499990940094, CeTr: 0.13052868843078613, CeVa: 0.5913059115409851
ENSEMBLE | Tr_Acc: 0.9904000163078308, Tr_CE: 0.03974383696913719, Va_Acc: 0.921999990940094, Va_CE: 0.29617026448249817
Epoch: 116, AccTr: 0.9531999826431274, AccVa: 0.8579999804496765, CeTr: 0.1276210993528366, CeVa: 0.6046034097671509
Epoch: 117, AccTr: 0.9545000195503235, AccVa: 0.8615000247955322, CeTr: 0.1252710521221161, CeVa: 0.5942392349243164
Epoch: 118, AccTr: 0.9531999826431274, AccVa: 0.8579999804496765, CeTr: 0.12621209025382996, CeVa: 0.6334854960441589
Epoch: 119, AccTr: 0.955299973487854, AccVa: 0.8479999899864197, CeTr: 0.12122274190187454, CeVa: 0.671451985836029
Epoch: 120, AccTr: 0.953000009059906, AccVa: 0.8544999957084656, CeTr: 0.12530334293842316, CeVa: 0.6223289966583252
ENSEMBLE | Tr_Acc: 0.9904999732971191, Tr_CE: 0.038808517158031464, Va_Acc: 0.9244999885559082, Va_CE: 0.2964601516723633
Epoch: 121, AccTr: 0.9534000158309937, AccVa: 0.8569999933242798, CeTr: 0.12637268006801605, CeVa: 0.6257250905036926
Epoch: 122, AccTr: 0.9556000232696533, AccVa: 0.8464999794960022, CeTr: 0.11817970126867294, CeVa: 0.6529345512390137
Epoch: 123, AccTr: 0.9562000036239624, AccVa: 0.8550000190734863, CeTr: 0.1261579841375351, CeVa: 0.6158558130264282
Epoch: 124, AccTr: 0.953000009059906, AccVa: 0.859000027179718, CeTr: 0.12666814029216766, CeVa: 0.6286265254020691
Epoch: 125, AccTr: 0.9549999833106995, AccVa: 0.859000027179718, CeTr: 0.1196814477443695, CeVa: 0.6373003125190735
ENSEMBLE | Tr_Acc: 0.9904999732971191, Tr_CE: 0.037944238632917404, Va_Acc: 0.9229999780654907, Va_CE: 0.2978460490703583
Epoch: 126, AccTr: 0.9526000022888184, AccVa: 0.8500000238418579, CeTr: 0.12793618440628052, CeVa: 0.6387394666671753
Epoch: 127, AccTr: 0.9523000121116638, AccVa: 0.8514999747276306, CeTr: 0.12359561771154404, CeVa: 0.6308114528656006
Epoch: 128, AccTr: 0.953000009059906, AccVa: 0.8519999980926514, CeTr: 0.1262185424566269, CeVa: 0.6548577547073364
Epoch: 129, AccTr: 0.9556999802589417, AccVa: 0.8619999885559082, CeTr: 0.1260121762752533, CeVa: 0.6103147864341736
Epoch: 130, AccTr: 0.9523000121116638, AccVa: 0.859499990940094, CeTr: 0.12470251321792603, CeVa: 0.577857255935669
ENSEMBLE | Tr_Acc: 0.9904999732971191, Tr_CE: 0.037430502474308014, Va_Acc: 0.9235000014305115, Va_CE: 0.29719284176826477
Epoch: 131, AccTr: 0.9520999789237976, AccVa: 0.8600000143051147, CeTr: 0.12696023285388947, CeVa: 0.6041699051856995
Epoch: 132, AccTr: 0.9534000158309937, AccVa: 0.8569999933242798, CeTr: 0.12681670486927032, CeVa: 0.5923559665679932
Epoch: 133, AccTr: 0.9527999758720398, AccVa: 0.8569999933242798, CeTr: 0.12727156281471252, CeVa: 0.5708194375038147
Epoch: 134, AccTr: 0.9570000171661377, AccVa: 0.8615000247955322, CeTr: 0.12298423051834106, CeVa: 0.6082305908203125
Epoch: 135, AccTr: 0.9502999782562256, AccVa: 0.859499990940094, CeTr: 0.13423463702201843, CeVa: 0.5937989950180054
ENSEMBLE | Tr_Acc: 0.9905999898910522, Tr_CE: 0.03713385760784149, Va_Acc: 0.921999990940094, Va_CE: 0.29730525612831116
Epoch: 136, AccTr: 0.9528999924659729, AccVa: 0.8550000190734863, CeTr: 0.12576693296432495, CeVa: 0.6094274520874023
Epoch: 137, AccTr: 0.9542999863624573, AccVa: 0.8629999756813049, CeTr: 0.12790095806121826, CeVa: 0.5780925154685974
Epoch: 138, AccTr: 0.9523000121116638, AccVa: 0.8535000085830688, CeTr: 0.12976226210594177, CeVa: 0.6006054282188416
Epoch: 139, AccTr: 0.9539999961853027, AccVa: 0.8604999780654907, CeTr: 0.13014717400074005, CeVa: 0.5680099725723267
Epoch: 140, AccTr: 0.9520000219345093, AccVa: 0.8600000143051147, CeTr: 0.12584972381591797, CeVa: 0.6019328236579895
ENSEMBLE | Tr_Acc: 0.9907000064849854, Tr_CE: 0.036799054592847824, Va_Acc: 0.9229999780654907, Va_CE: 0.297393798828125
Epoch: 141, AccTr: 0.9538999795913696, AccVa: 0.8550000190734863, CeTr: 0.12522761523723602, CeVa: 0.5936121940612793
Epoch: 142, AccTr: 0.9539999961853027, AccVa: 0.8414999842643738, CeTr: 0.12539738416671753, CeVa: 0.6760679483413696
Epoch: 143, AccTr: 0.9531000256538391, AccVa: 0.8615000247955322, CeTr: 0.12764230370521545, CeVa: 0.5951645970344543
Epoch: 144, AccTr: 0.9509999752044678, AccVa: 0.8644999861717224, CeTr: 0.13129277527332306, CeVa: 0.5607671737670898
Epoch: 145, AccTr: 0.954800009727478, AccVa: 0.8464999794960022, CeTr: 0.12821444869041443, CeVa: 0.6110799312591553
ENSEMBLE | Tr_Acc: 0.9908000230789185, Tr_CE: 0.036347318440675735, Va_Acc: 0.9229999780654907, Va_CE: 0.29727330803871155
Epoch: 146, AccTr: 0.9523000121116638, AccVa: 0.8525000214576721, CeTr: 0.12857207655906677, CeVa: 0.5496397018432617
Epoch: 147, AccTr: 0.9506999850273132, AccVa: 0.8615000247955322, CeTr: 0.13471083343029022, CeVa: 0.5878444910049438
Epoch: 148, AccTr: 0.9524999856948853, AccVa: 0.8600000143051147, CeTr: 0.13009102642536163, CeVa: 0.5854385495185852
Epoch: 149, AccTr: 0.9555000066757202, AccVa: 0.859000027179718, CeTr: 0.1261063665151596, CeVa: 0.5922712683677673
Epoch: 150, AccTr: 0.9538999795913696, AccVa: 0.8495000004768372, CeTr: 0.12609046697616577, CeVa: 0.6236596703529358
ENSEMBLE | Tr_Acc: 0.991100013256073, Tr_CE: 0.03591674938797951, Va_Acc: 0.9240000247955322, Va_CE: 0.2971900403499603
Epoch: 151, AccTr: 0.9549000263214111, AccVa: 0.8500000238418579, CeTr: 0.12728223204612732, CeVa: 0.6018378138542175
Epoch: 152, AccTr: 0.9527000188827515, AccVa: 0.8475000262260437, CeTr: 0.12985357642173767, CeVa: 0.6417349576950073
Epoch: 153, AccTr: 0.9527000188827515, AccVa: 0.8619999885559082, CeTr: 0.1272238940000534, CeVa: 0.5709459185600281
Epoch: 154, AccTr: 0.9541000127792358, AccVa: 0.8565000295639038, CeTr: 0.1258670836687088, CeVa: 0.5697144269943237
Epoch: 155, AccTr: 0.9546999931335449, AccVa: 0.8569999933242798, CeTr: 0.126444011926651, CeVa: 0.6037660837173462
ENSEMBLE | Tr_Acc: 0.9911999702453613, Tr_CE: 0.03554003685712814, Va_Acc: 0.9229999780654907, Va_CE: 0.2969549298286438
Epoch: 156, AccTr: 0.9532999992370605, AccVa: 0.8464999794960022, CeTr: 0.1264829784631729, CeVa: 0.605720579624176
Epoch: 157, AccTr: 0.9539999961853027, AccVa: 0.8715000152587891, CeTr: 0.12393458187580109, CeVa: 0.5252702832221985
Epoch: 158, AccTr: 0.9556000232696533, AccVa: 0.8575000166893005, CeTr: 0.1262062042951584, CeVa: 0.5819461345672607
Epoch: 159, AccTr: 0.9550999999046326, AccVa: 0.8615000247955322, CeTr: 0.1230921596288681, CeVa: 0.6076038479804993
Epoch: 160, AccTr: 0.9534000158309937, AccVa: 0.8569999933242798, CeTr: 0.12202094495296478, CeVa: 0.6310468316078186
ENSEMBLE | Tr_Acc: 0.9915000200271606, Tr_CE: 0.035093940794467926, Va_Acc: 0.9225000143051147, Va_CE: 0.297400563955307
Epoch: 161, AccTr: 0.9535999894142151, AccVa: 0.8554999828338623, CeTr: 0.1269308626651764, CeVa: 0.6028928160667419
Epoch: 162, AccTr: 0.9556999802589417, AccVa: 0.8525000214576721, CeTr: 0.12083360552787781, CeVa: 0.6197977066040039
Epoch: 163, AccTr: 0.9546999931335449, AccVa: 0.8560000061988831, CeTr: 0.12683293223381042, CeVa: 0.6070250272750854
Epoch: 164, AccTr: 0.9556000232696533, AccVa: 0.8535000085830688, CeTr: 0.12108340859413147, CeVa: 0.6204522848129272
Epoch: 165, AccTr: 0.9531999826431274, AccVa: 0.8579999804496765, CeTr: 0.12509004771709442, CeVa: 0.6202076077461243
ENSEMBLE | Tr_Acc: 0.9916999936103821, Tr_CE: 0.034644272178411484, Va_Acc: 0.9225000143051147, Va_CE: 0.2977534830570221
Epoch: 166, AccTr: 0.9562000036239624, AccVa: 0.8445000052452087, CeTr: 0.12036027759313583, CeVa: 0.6831873655319214
Epoch: 167, AccTr: 0.9552000164985657, AccVa: 0.8485000133514404, CeTr: 0.11826387792825699, CeVa: 0.6472182869911194
Epoch: 168, AccTr: 0.958899974822998, AccVa: 0.8550000190734863, CeTr: 0.11775863915681839, CeVa: 0.6221635341644287
Epoch: 169, AccTr: 0.9559999704360962, AccVa: 0.8565000295639038, CeTr: 0.12183072417974472, CeVa: 0.6458073258399963
Epoch: 170, AccTr: 0.9555000066757202, AccVa: 0.8585000038146973, CeTr: 0.12348026037216187, CeVa: 0.6011946201324463
ENSEMBLE | Tr_Acc: 0.9916999936103821, Tr_CE: 0.03429087623953819, Va_Acc: 0.921999990940094, Va_CE: 0.2973989248275757
Epoch: 171, AccTr: 0.9569000005722046, AccVa: 0.8634999990463257, CeTr: 0.12081094086170197, CeVa: 0.6167511940002441
Epoch: 172, AccTr: 0.9538999795913696, AccVa: 0.8634999990463257, CeTr: 0.12297838181257248, CeVa: 0.6285704374313354
Epoch: 173, AccTr: 0.9556000232696533, AccVa: 0.8514999747276306, CeTr: 0.12152265757322311, CeVa: 0.6205605268478394
Epoch: 174, AccTr: 0.9546999931335449, AccVa: 0.8615000247955322, CeTr: 0.12140005081892014, CeVa: 0.6237685084342957
Epoch: 175, AccTr: 0.954800009727478, AccVa: 0.8514999747276306, CeTr: 0.12873350083827972, CeVa: 0.572850227355957
ENSEMBLE | Tr_Acc: 0.9921000003814697, Tr_CE: 0.034036196768283844, Va_Acc: 0.9244999885559082, Va_CE: 0.29612454771995544
Epoch: 176, AccTr: 0.95660001039505, AccVa: 0.8675000071525574, CeTr: 0.12327021360397339, CeVa: 0.5755985975265503
Epoch: 177, AccTr: 0.9577000141143799, AccVa: 0.8679999709129333, CeTr: 0.12354125082492828, CeVa: 0.5789216756820679
Epoch: 178, AccTr: 0.9545999765396118, AccVa: 0.8525000214576721, CeTr: 0.12449508905410767, CeVa: 0.6527255773544312
Epoch: 179, AccTr: 0.9519000053405762, AccVa: 0.8585000038146973, CeTr: 0.12801384925842285, CeVa: 0.5966801643371582
Epoch: 180, AccTr: 0.9549999833106995, AccVa: 0.859000027179718, CeTr: 0.12151721119880676, CeVa: 0.6101000905036926
ENSEMBLE | Tr_Acc: 0.9921000003814697, Tr_CE: 0.03359029069542885, Va_Acc: 0.9244999885559082, Va_CE: 0.29593032598495483
Epoch: 181, AccTr: 0.9563000202178955, AccVa: 0.8510000109672546, CeTr: 0.12423738837242126, CeVa: 0.6507858037948608
Epoch: 182, AccTr: 0.9559000134468079, AccVa: 0.859000027179718, CeTr: 0.11276264488697052, CeVa: 0.6062292456626892
Epoch: 183, AccTr: 0.9555000066757202, AccVa: 0.8629999756813049, CeTr: 0.11970862746238708, CeVa: 0.607150137424469
Epoch: 184, AccTr: 0.953499972820282, AccVa: 0.8554999828338623, CeTr: 0.12405263632535934, CeVa: 0.6214579343795776
Epoch: 185, AccTr: 0.9503999948501587, AccVa: 0.8554999828338623, CeTr: 0.13192741572856903, CeVa: 0.6106600165367126
ENSEMBLE | Tr_Acc: 0.9922000169754028, Tr_CE: 0.03340119495987892, Va_Acc: 0.9244999885559082, Va_CE: 0.2958589792251587
Epoch: 186, AccTr: 0.9523000121116638, AccVa: 0.8445000052452087, CeTr: 0.12755277752876282, CeVa: 0.6564459800720215
Epoch: 187, AccTr: 0.9556999802589417, AccVa: 0.8414999842643738, CeTr: 0.12629970908164978, CeVa: 0.6558347940444946
Epoch: 188, AccTr: 0.9545000195503235, AccVa: 0.8529999852180481, CeTr: 0.12116417288780212, CeVa: 0.6350070834159851
Epoch: 189, AccTr: 0.9534000158309937, AccVa: 0.847000002861023, CeTr: 0.12680822610855103, CeVa: 0.6577699780464172
Epoch: 190, AccTr: 0.9553999900817871, AccVa: 0.8544999957084656, CeTr: 0.125564306974411, CeVa: 0.6341637372970581
ENSEMBLE | Tr_Acc: 0.9922999739646912, Tr_CE: 0.033154070377349854, Va_Acc: 0.9244999885559082, Va_CE: 0.297061562538147
Epoch: 191, AccTr: 0.9537000060081482, AccVa: 0.8475000262260437, CeTr: 0.12794551253318787, CeVa: 0.6098626852035522
Epoch: 192, AccTr: 0.954200029373169, AccVa: 0.8475000262260437, CeTr: 0.12634973227977753, CeVa: 0.6795853972434998
Epoch: 193, AccTr: 0.9556000232696533, AccVa: 0.8600000143051147, CeTr: 0.1269369125366211, CeVa: 0.6338872313499451
Epoch: 194, AccTr: 0.9545999765396118, AccVa: 0.8475000262260437, CeTr: 0.12473272532224655, CeVa: 0.6658604741096497
Epoch: 195, AccTr: 0.953499972820282, AccVa: 0.8424999713897705, CeTr: 0.12537306547164917, CeVa: 0.7152326107025146
ENSEMBLE | Tr_Acc: 0.9922999739646912, Tr_CE: 0.03282128646969795, Va_Acc: 0.9225000143051147, Va_CE: 0.2987234890460968
Epoch: 196, AccTr: 0.9571999907493591, AccVa: 0.8610000014305115, CeTr: 0.11985136568546295, CeVa: 0.6532608270645142
Epoch: 197, AccTr: 0.9539999961853027, AccVa: 0.8544999957084656, CeTr: 0.12300241738557816, CeVa: 0.6187101006507874
Epoch: 198, AccTr: 0.9559000134468079, AccVa: 0.8585000038146973, CeTr: 0.12277241051197052, CeVa: 0.626321017742157
Epoch: 199, AccTr: 0.9506000280380249, AccVa: 0.8514999747276306, CeTr: 0.1285545378923416, CeVa: 0.6276227235794067
Epoch: 200, AccTr: 0.9549999833106995, AccVa: 0.8479999899864197, CeTr: 0.12214355170726776, CeVa: 0.6346169710159302
ENSEMBLE | Tr_Acc: 0.9927999973297119, Tr_CE: 0.03248535096645355, Va_Acc: 0.921500027179718, Va_CE: 0.2986637353897095
NN CONFIG
Weight-type:		ternary
Layout									Layer #1: 250	Layer #2: 220	
Activation Functions					Layer #1: ets	Layer #2: ets	
Keep probabilities		Layer #0: 1.0	Layer #1: 1.0	Layer #2: 1.0	
Flat factors							Layer #1: 1.0	Layer #2: 1.0	Layer #3: 1.0	
Activation Noise						Layer #1: 0.0	Layer #2: 0.0	Layer #3: 0.0	
Prior: 0.8

===================================

RUN CONFIG
Epochs: 200, Blocksize: 4

===================================

Input binarization: False
Pretrained network accuracy: 0.9922999739646912
Epoch: 0, AccTr: 0.3167000114917755, AccVa: 0.32749998569488525, CeTr: 2.8035106658935547, CeVa: 2.710726261138916
Epoch: 1, AccTr: 0.9283000230789185, AccVa: 0.8755000233650208, CeTr: 0.22755654156208038, CeVa: 0.4086858928203583
Epoch: 2, AccTr: 0.9361000061035156, AccVa: 0.8834999799728394, CeTr: 0.19493989646434784, CeVa: 0.4045702815055847
Epoch: 3, AccTr: 0.9334999918937683, AccVa: 0.8799999952316284, CeTr: 0.19740597903728485, CeVa: 0.39187338948249817
Epoch: 4, AccTr: 0.9380000233650208, AccVa: 0.8774999976158142, CeTr: 0.19309984147548676, CeVa: 0.41536715626716614
Epoch: 5, AccTr: 0.9377999901771545, AccVa: 0.8705000281333923, CeTr: 0.18438474833965302, CeVa: 0.4264254570007324
Epoch: 6, AccTr: 0.9361000061035156, AccVa: 0.8765000104904175, CeTr: 0.1896747499704361, CeVa: 0.42233479022979736
Epoch: 7, AccTr: 0.9375, AccVa: 0.8705000281333923, CeTr: 0.18555237352848053, CeVa: 0.4164915978908539
Epoch: 8, AccTr: 0.9373000264167786, AccVa: 0.8709999918937683, CeTr: 0.19188997149467468, CeVa: 0.4359842836856842
Epoch: 9, AccTr: 0.9383999705314636, AccVa: 0.8610000014305115, CeTr: 0.18754638731479645, CeVa: 0.4563366174697876
Epoch: 10, AccTr: 0.9372000098228455, AccVa: 0.859499990940094, CeTr: 0.18321111798286438, CeVa: 0.470065176486969
ENSEMBLE | Tr_Acc: 0.9372000098228455, Tr_CE: 0.18321111798286438, Va_Acc: 0.859499990940094, Va_CE: 0.470065176486969
Epoch: 11, AccTr: 0.9386000037193298, AccVa: 0.8575000166893005, CeTr: 0.18505600094795227, CeVa: 0.47853583097457886
Epoch: 12, AccTr: 0.9388999938964844, AccVa: 0.8675000071525574, CeTr: 0.17763245105743408, CeVa: 0.449849933385849
Epoch: 13, AccTr: 0.9384999871253967, AccVa: 0.8740000128746033, CeTr: 0.17918923497200012, CeVa: 0.44320783019065857
Epoch: 14, AccTr: 0.939300000667572, AccVa: 0.8665000200271606, CeTr: 0.1788996458053589, CeVa: 0.46563512086868286
Epoch: 15, AccTr: 0.9395999908447266, AccVa: 0.8644999861717224, CeTr: 0.17180778086185455, CeVa: 0.44863250851631165
ENSEMBLE | Tr_Acc: 0.9659000039100647, Tr_CE: 0.11782342195510864, Va_Acc: 0.8920000195503235, Va_CE: 0.3512364625930786
Epoch: 16, AccTr: 0.9430000185966492, AccVa: 0.8610000014305115, CeTr: 0.17151132225990295, CeVa: 0.46295326948165894
Epoch: 17, AccTr: 0.9390000104904175, AccVa: 0.8705000281333923, CeTr: 0.17561091482639313, CeVa: 0.45161619782447815
Epoch: 18, AccTr: 0.9387000203132629, AccVa: 0.8709999918937683, CeTr: 0.18287615478038788, CeVa: 0.43975192308425903
Epoch: 19, AccTr: 0.9402999877929688, AccVa: 0.8690000176429749, CeTr: 0.17295485734939575, CeVa: 0.430074006319046
Epoch: 20, AccTr: 0.9401000142097473, AccVa: 0.8759999871253967, CeTr: 0.17429059743881226, CeVa: 0.41849714517593384
ENSEMBLE | Tr_Acc: 0.9717000126838684, Tr_CE: 0.09915925562381744, Va_Acc: 0.909500002861023, Va_CE: 0.3035580515861511
Epoch: 21, AccTr: 0.9441999793052673, AccVa: 0.8629999756813049, CeTr: 0.16941764950752258, CeVa: 0.46797975897789
Epoch: 22, AccTr: 0.9397000074386597, AccVa: 0.8565000295639038, CeTr: 0.17386826872825623, CeVa: 0.4962182343006134
Epoch: 23, AccTr: 0.940500020980835, AccVa: 0.8575000166893005, CeTr: 0.17434634268283844, CeVa: 0.4731833338737488
Epoch: 24, AccTr: 0.9394000172615051, AccVa: 0.8629999756813049, CeTr: 0.1693844497203827, CeVa: 0.44810619950294495
Epoch: 25, AccTr: 0.9401000142097473, AccVa: 0.8700000047683716, CeTr: 0.1694813221693039, CeVa: 0.45023149251937866
ENSEMBLE | Tr_Acc: 0.9757000207901001, Tr_CE: 0.08954612165689468, Va_Acc: 0.9229999780654907, Va_CE: 0.2859596610069275
Epoch: 26, AccTr: 0.9412999749183655, AccVa: 0.8514999747276306, CeTr: 0.1694536656141281, CeVa: 0.46346941590309143
Epoch: 27, AccTr: 0.945900022983551, AccVa: 0.8654999732971191, CeTr: 0.16378700733184814, CeVa: 0.4686243236064911
Epoch: 28, AccTr: 0.9419999718666077, AccVa: 0.8585000038146973, CeTr: 0.16473445296287537, CeVa: 0.5017858147621155
Epoch: 29, AccTr: 0.9444000124931335, AccVa: 0.8640000224113464, CeTr: 0.16684740781784058, CeVa: 0.4730624854564667
Epoch: 30, AccTr: 0.9452999830245972, AccVa: 0.8700000047683716, CeTr: 0.1592688262462616, CeVa: 0.45809274911880493
ENSEMBLE | Tr_Acc: 0.9786999821662903, Tr_CE: 0.08121117949485779, Va_Acc: 0.9235000014305115, Va_CE: 0.27288633584976196
Epoch: 31, AccTr: 0.9438999891281128, AccVa: 0.8705000281333923, CeTr: 0.1647139936685562, CeVa: 0.5053675174713135
Epoch: 32, AccTr: 0.9452000260353088, AccVa: 0.859499990940094, CeTr: 0.15449076890945435, CeVa: 0.47612279653549194
Epoch: 33, AccTr: 0.9449999928474426, AccVa: 0.859499990940094, CeTr: 0.16246576607227325, CeVa: 0.4926919639110565
Epoch: 34, AccTr: 0.945900022983551, AccVa: 0.859499990940094, CeTr: 0.1602746546268463, CeVa: 0.5093300938606262
Epoch: 35, AccTr: 0.9431999921798706, AccVa: 0.8619999885559082, CeTr: 0.16005222499370575, CeVa: 0.5082489848136902
ENSEMBLE | Tr_Acc: 0.98089998960495, Tr_CE: 0.07614485919475555, Va_Acc: 0.9225000143051147, Va_CE: 0.27212008833885193
Epoch: 36, AccTr: 0.9491999745368958, AccVa: 0.8489999771118164, CeTr: 0.1545209139585495, CeVa: 0.5320717096328735
Epoch: 37, AccTr: 0.9470000267028809, AccVa: 0.8615000247955322, CeTr: 0.15608279407024384, CeVa: 0.4989074170589447
Epoch: 38, AccTr: 0.9460999965667725, AccVa: 0.8525000214576721, CeTr: 0.16086159646511078, CeVa: 0.5229536294937134
Epoch: 39, AccTr: 0.9474999904632568, AccVa: 0.8619999885559082, CeTr: 0.15193301439285278, CeVa: 0.5128343105316162
Epoch: 40, AccTr: 0.9452000260353088, AccVa: 0.8725000023841858, CeTr: 0.1564120054244995, CeVa: 0.47861728072166443
ENSEMBLE | Tr_Acc: 0.9818000197410583, Tr_CE: 0.07230722904205322, Va_Acc: 0.9194999933242798, Va_CE: 0.2678111791610718
Epoch: 41, AccTr: 0.9448999762535095, AccVa: 0.8610000014305115, CeTr: 0.1584378033876419, CeVa: 0.5343418121337891
Epoch: 42, AccTr: 0.9453999996185303, AccVa: 0.8600000143051147, CeTr: 0.15407788753509521, CeVa: 0.5188950896263123
Epoch: 43, AccTr: 0.9430000185966492, AccVa: 0.8569999933242798, CeTr: 0.15489065647125244, CeVa: 0.5080308318138123
Epoch: 44, AccTr: 0.9472000002861023, AccVa: 0.8634999990463257, CeTr: 0.15333661437034607, CeVa: 0.4918074309825897
Epoch: 45, AccTr: 0.9470999836921692, AccVa: 0.8579999804496765, CeTr: 0.15014329552650452, CeVa: 0.5532559752464294
ENSEMBLE | Tr_Acc: 0.9822999835014343, Tr_CE: 0.06873652338981628, Va_Acc: 0.9210000038146973, Va_CE: 0.27114495635032654
Epoch: 46, AccTr: 0.9487000107765198, AccVa: 0.8569999933242798, CeTr: 0.15846659243106842, CeVa: 0.4931683838367462
Epoch: 47, AccTr: 0.9476000070571899, AccVa: 0.871999979019165, CeTr: 0.15137343108654022, CeVa: 0.4916873276233673
Epoch: 48, AccTr: 0.9453999996185303, AccVa: 0.8684999942779541, CeTr: 0.1537662148475647, CeVa: 0.49777114391326904
Epoch: 49, AccTr: 0.9491999745368958, AccVa: 0.8634999990463257, CeTr: 0.1488548368215561, CeVa: 0.4854157567024231
Epoch: 50, AccTr: 0.946399986743927, AccVa: 0.8669999837875366, CeTr: 0.15016987919807434, CeVa: 0.49078992009162903
ENSEMBLE | Tr_Acc: 0.9830999970436096, Tr_CE: 0.06561888009309769, Va_Acc: 0.921999990940094, Va_CE: 0.2695320248603821
Epoch: 51, AccTr: 0.9463000297546387, AccVa: 0.8644999861717224, CeTr: 0.1467633992433548, CeVa: 0.512528657913208
Epoch: 52, AccTr: 0.9477999806404114, AccVa: 0.8610000014305115, CeTr: 0.14782243967056274, CeVa: 0.5262652039527893
Epoch: 53, AccTr: 0.9466999769210815, AccVa: 0.8604999780654907, CeTr: 0.15047653019428253, CeVa: 0.5196965336799622
Epoch: 54, AccTr: 0.9473999738693237, AccVa: 0.8650000095367432, CeTr: 0.15126223862171173, CeVa: 0.49510449171066284
Epoch: 55, AccTr: 0.9480000138282776, AccVa: 0.8464999794960022, CeTr: 0.15060585737228394, CeVa: 0.5575814247131348
ENSEMBLE | Tr_Acc: 0.9843999743461609, Tr_CE: 0.06317625939846039, Va_Acc: 0.921500027179718, Va_CE: 0.27321162819862366
Epoch: 56, AccTr: 0.9508000016212463, AccVa: 0.871999979019165, CeTr: 0.14640359580516815, CeVa: 0.4882664084434509
Epoch: 57, AccTr: 0.944100022315979, AccVa: 0.8565000295639038, CeTr: 0.15229420363903046, CeVa: 0.5375128388404846
Epoch: 58, AccTr: 0.9490000009536743, AccVa: 0.8565000295639038, CeTr: 0.1474352777004242, CeVa: 0.5232770442962646
Epoch: 59, AccTr: 0.9480999708175659, AccVa: 0.8550000190734863, CeTr: 0.14853857457637787, CeVa: 0.5327962636947632
Epoch: 60, AccTr: 0.9491999745368958, AccVa: 0.8669999837875366, CeTr: 0.14679518342018127, CeVa: 0.48684313893318176
ENSEMBLE | Tr_Acc: 0.9848999977111816, Tr_CE: 0.06102997437119484, Va_Acc: 0.9254999756813049, Va_CE: 0.27200159430503845
Epoch: 61, AccTr: 0.9453999996185303, AccVa: 0.8554999828338623, CeTr: 0.14621035754680634, CeVa: 0.5330861210823059
Epoch: 62, AccTr: 0.9495000243186951, AccVa: 0.8575000166893005, CeTr: 0.1446734070777893, CeVa: 0.5315418839454651
Epoch: 63, AccTr: 0.9505000114440918, AccVa: 0.8529999852180481, CeTr: 0.14621129631996155, CeVa: 0.5451300740242004
Epoch: 64, AccTr: 0.9455999732017517, AccVa: 0.862500011920929, CeTr: 0.14844165742397308, CeVa: 0.5369718074798584
Epoch: 65, AccTr: 0.949400007724762, AccVa: 0.8569999933242798, CeTr: 0.14078198373317719, CeVa: 0.5732472538948059
ENSEMBLE | Tr_Acc: 0.9850000143051147, Tr_CE: 0.05902112275362015, Va_Acc: 0.9225000143051147, Va_CE: 0.27454882860183716
Epoch: 66, AccTr: 0.9453999996185303, AccVa: 0.8550000190734863, CeTr: 0.14939185976982117, CeVa: 0.5483824610710144
Epoch: 67, AccTr: 0.948199987411499, AccVa: 0.8514999747276306, CeTr: 0.14466890692710876, CeVa: 0.5700394511222839
Epoch: 68, AccTr: 0.9473000168800354, AccVa: 0.8604999780654907, CeTr: 0.1481865495443344, CeVa: 0.5638470649719238
Epoch: 69, AccTr: 0.9484999775886536, AccVa: 0.8539999723434448, CeTr: 0.14554516971111298, CeVa: 0.5561079978942871
Epoch: 70, AccTr: 0.9452000260353088, AccVa: 0.8640000224113464, CeTr: 0.1459561586380005, CeVa: 0.5279932618141174
ENSEMBLE | Tr_Acc: 0.9850999712944031, Tr_CE: 0.057482752948999405, Va_Acc: 0.921500027179718, Va_CE: 0.27477705478668213
Epoch: 71, AccTr: 0.9478999972343445, AccVa: 0.8569999933242798, CeTr: 0.1507870852947235, CeVa: 0.5606480836868286
Epoch: 72, AccTr: 0.9473000168800354, AccVa: 0.8659999966621399, CeTr: 0.1493176966905594, CeVa: 0.5643448829650879
Epoch: 73, AccTr: 0.9524000287055969, AccVa: 0.8679999709129333, CeTr: 0.13976648449897766, CeVa: 0.5606873035430908
Epoch: 74, AccTr: 0.9495999813079834, AccVa: 0.8575000166893005, CeTr: 0.14584572613239288, CeVa: 0.5492289662361145
Epoch: 75, AccTr: 0.9513999819755554, AccVa: 0.8629999756813049, CeTr: 0.14219863712787628, CeVa: 0.5606116056442261
ENSEMBLE | Tr_Acc: 0.9861000180244446, Tr_CE: 0.05581534281373024, Va_Acc: 0.9240000247955322, Va_CE: 0.27584975957870483
Epoch: 76, AccTr: 0.9480000138282776, AccVa: 0.8510000109672546, CeTr: 0.14501827955245972, CeVa: 0.5417367219924927
Epoch: 77, AccTr: 0.9532999992370605, AccVa: 0.8560000061988831, CeTr: 0.13343432545661926, CeVa: 0.4866445064544678
Epoch: 78, AccTr: 0.9502000212669373, AccVa: 0.8634999990463257, CeTr: 0.13605466485023499, CeVa: 0.5431395173072815
Epoch: 79, AccTr: 0.9510999917984009, AccVa: 0.859000027179718, CeTr: 0.13782045245170593, CeVa: 0.5880237221717834
Epoch: 80, AccTr: 0.9487000107765198, AccVa: 0.8579999804496765, CeTr: 0.14054106175899506, CeVa: 0.5537453889846802
ENSEMBLE | Tr_Acc: 0.9868999719619751, Tr_CE: 0.05433371663093567, Va_Acc: 0.9229999780654907, Va_CE: 0.27711090445518494
Epoch: 81, AccTr: 0.9505000114440918, AccVa: 0.8665000200271606, CeTr: 0.14285962283611298, CeVa: 0.5233570337295532
Epoch: 82, AccTr: 0.9496999979019165, AccVa: 0.8579999804496765, CeTr: 0.14264167845249176, CeVa: 0.5545908212661743
Epoch: 83, AccTr: 0.9502000212669373, AccVa: 0.8634999990463257, CeTr: 0.14332886040210724, CeVa: 0.5496938228607178
Epoch: 84, AccTr: 0.9514999985694885, AccVa: 0.8569999933242798, CeTr: 0.1388433277606964, CeVa: 0.5541754961013794
Epoch: 85, AccTr: 0.9480000138282776, AccVa: 0.8519999980926514, CeTr: 0.14003655314445496, CeVa: 0.5671895742416382
ENSEMBLE | Tr_Acc: 0.9872000217437744, Tr_CE: 0.05306794494390488, Va_Acc: 0.921999990940094, Va_CE: 0.27818694710731506
Epoch: 86, AccTr: 0.9488999843597412, AccVa: 0.8460000157356262, CeTr: 0.14009824395179749, CeVa: 0.5927120447158813
Epoch: 87, AccTr: 0.9476000070571899, AccVa: 0.8700000047683716, CeTr: 0.14779861271381378, CeVa: 0.5294179916381836
Epoch: 88, AccTr: 0.9501000046730042, AccVa: 0.8679999709129333, CeTr: 0.13643097877502441, CeVa: 0.5372011065483093
Epoch: 89, AccTr: 0.9467999935150146, AccVa: 0.8525000214576721, CeTr: 0.14807011187076569, CeVa: 0.6337756514549255
Epoch: 90, AccTr: 0.9517999887466431, AccVa: 0.8519999980926514, CeTr: 0.13927212357521057, CeVa: 0.5778372287750244
ENSEMBLE | Tr_Acc: 0.9883000254631042, Tr_CE: 0.05188661068677902, Va_Acc: 0.9229999780654907, Va_CE: 0.27897438406944275
Epoch: 91, AccTr: 0.9523000121116638, AccVa: 0.8544999957084656, CeTr: 0.13773462176322937, CeVa: 0.5907731056213379
Epoch: 92, AccTr: 0.9545000195503235, AccVa: 0.8690000176429749, CeTr: 0.13178102672100067, CeVa: 0.5519573092460632
Epoch: 93, AccTr: 0.9539999961853027, AccVa: 0.8634999990463257, CeTr: 0.13170017302036285, CeVa: 0.516132116317749
Epoch: 94, AccTr: 0.9535999894142151, AccVa: 0.8450000286102295, CeTr: 0.12867599725723267, CeVa: 0.633065938949585
Epoch: 95, AccTr: 0.948199987411499, AccVa: 0.8619999885559082, CeTr: 0.13385924696922302, CeVa: 0.5423214435577393
ENSEMBLE | Tr_Acc: 0.988099992275238, Tr_CE: 0.050492435693740845, Va_Acc: 0.9240000247955322, Va_CE: 0.27818241715431213
Epoch: 96, AccTr: 0.949999988079071, AccVa: 0.8539999723434448, CeTr: 0.13954243063926697, CeVa: 0.5857544541358948
Epoch: 97, AccTr: 0.9521999955177307, AccVa: 0.8550000190734863, CeTr: 0.12991979718208313, CeVa: 0.6020673513412476
Epoch: 98, AccTr: 0.9523000121116638, AccVa: 0.8650000095367432, CeTr: 0.1359042227268219, CeVa: 0.545695960521698
Epoch: 99, AccTr: 0.9521999955177307, AccVa: 0.8569999933242798, CeTr: 0.13176648318767548, CeVa: 0.5382875204086304
Epoch: 100, AccTr: 0.9553999900817871, AccVa: 0.859000027179718, CeTr: 0.12557531893253326, CeVa: 0.5747663378715515
ENSEMBLE | Tr_Acc: 0.9882000088691711, Tr_CE: 0.0489831380546093, Va_Acc: 0.9244999885559082, Va_CE: 0.27776038646698
Epoch: 101, AccTr: 0.9480999708175659, AccVa: 0.8504999876022339, CeTr: 0.13855239748954773, CeVa: 0.6249984502792358
Epoch: 102, AccTr: 0.9520000219345093, AccVa: 0.8529999852180481, CeTr: 0.13387943804264069, CeVa: 0.6163288354873657
Epoch: 103, AccTr: 0.9519000053405762, AccVa: 0.8479999899864197, CeTr: 0.13439960777759552, CeVa: 0.5702396631240845
Epoch: 104, AccTr: 0.9514999985694885, AccVa: 0.8634999990463257, CeTr: 0.13003449141979218, CeVa: 0.6271436810493469
Epoch: 105, AccTr: 0.9509999752044678, AccVa: 0.8705000281333923, CeTr: 0.12967568635940552, CeVa: 0.5733229517936707
ENSEMBLE | Tr_Acc: 0.9889000058174133, Tr_CE: 0.04778294637799263, Va_Acc: 0.9240000247955322, Va_CE: 0.2786390483379364
Epoch: 106, AccTr: 0.9560999870300293, AccVa: 0.8694999814033508, CeTr: 0.12849903106689453, CeVa: 0.5583363175392151
Epoch: 107, AccTr: 0.9552000164985657, AccVa: 0.8650000095367432, CeTr: 0.12575700879096985, CeVa: 0.5812068581581116
Epoch: 108, AccTr: 0.9534000158309937, AccVa: 0.8684999942779541, CeTr: 0.12974785268306732, CeVa: 0.564311146736145
Epoch: 109, AccTr: 0.953499972820282, AccVa: 0.859499990940094, CeTr: 0.13420560956001282, CeVa: 0.6084299683570862
Epoch: 110, AccTr: 0.9545999765396118, AccVa: 0.8569999933242798, CeTr: 0.12934014201164246, CeVa: 0.6018430590629578
ENSEMBLE | Tr_Acc: 0.9883999824523926, Tr_CE: 0.046748340129852295, Va_Acc: 0.921999990940094, Va_CE: 0.2802092432975769
Epoch: 111, AccTr: 0.953000009059906, AccVa: 0.871999979019165, CeTr: 0.1281600445508957, CeVa: 0.5526793003082275
Epoch: 112, AccTr: 0.9556999802589417, AccVa: 0.8575000166893005, CeTr: 0.12416098266839981, CeVa: 0.5888857841491699
Epoch: 113, AccTr: 0.953000009059906, AccVa: 0.8650000095367432, CeTr: 0.12712480127811432, CeVa: 0.5860770344734192
Epoch: 114, AccTr: 0.9564999938011169, AccVa: 0.8510000109672546, CeTr: 0.12130322307348251, CeVa: 0.6078780293464661
Epoch: 115, AccTr: 0.9517999887466431, AccVa: 0.8575000166893005, CeTr: 0.13348780572414398, CeVa: 0.5841493606567383
ENSEMBLE | Tr_Acc: 0.9886999726295471, Tr_CE: 0.045853015035390854, Va_Acc: 0.9244999885559082, Va_CE: 0.2805497944355011
Epoch: 116, AccTr: 0.954200029373169, AccVa: 0.8619999885559082, CeTr: 0.12434209138154984, CeVa: 0.5585113763809204
Epoch: 117, AccTr: 0.954800009727478, AccVa: 0.8519999980926514, CeTr: 0.1189718246459961, CeVa: 0.6209783554077148
Epoch: 118, AccTr: 0.9516000151634216, AccVa: 0.8579999804496765, CeTr: 0.1298721730709076, CeVa: 0.5919362902641296
Epoch: 119, AccTr: 0.9538000226020813, AccVa: 0.8519999980926514, CeTr: 0.12900249660015106, CeVa: 0.587378978729248
Epoch: 120, AccTr: 0.9531000256538391, AccVa: 0.8550000190734863, CeTr: 0.12776601314544678, CeVa: 0.5662542581558228
ENSEMBLE | Tr_Acc: 0.989300012588501, Tr_CE: 0.04500070959329605, Va_Acc: 0.925000011920929, Va_CE: 0.28096380829811096
Epoch: 121, AccTr: 0.9539999961853027, AccVa: 0.8579999804496765, CeTr: 0.12556569278240204, CeVa: 0.6130656599998474
Epoch: 122, AccTr: 0.9509000182151794, AccVa: 0.847000002861023, CeTr: 0.13644346594810486, CeVa: 0.5908713340759277
Epoch: 123, AccTr: 0.9541000127792358, AccVa: 0.8379999995231628, CeTr: 0.12616191804409027, CeVa: 0.6500126719474792
Epoch: 124, AccTr: 0.9532999992370605, AccVa: 0.8460000157356262, CeTr: 0.12979716062545776, CeVa: 0.6525718569755554
Epoch: 125, AccTr: 0.9532999992370605, AccVa: 0.8445000052452087, CeTr: 0.1274004429578781, CeVa: 0.6253024339675903
ENSEMBLE | Tr_Acc: 0.9898999929428101, Tr_CE: 0.04409239441156387, Va_Acc: 0.9235000014305115, Va_CE: 0.28189465403556824
Epoch: 126, AccTr: 0.9517999887466431, AccVa: 0.859000027179718, CeTr: 0.12670780718326569, CeVa: 0.5888707041740417
Epoch: 127, AccTr: 0.9563999772071838, AccVa: 0.859000027179718, CeTr: 0.12336993217468262, CeVa: 0.6069880127906799
Epoch: 128, AccTr: 0.9535999894142151, AccVa: 0.8604999780654907, CeTr: 0.12912705540657043, CeVa: 0.6104177236557007
Epoch: 129, AccTr: 0.954200029373169, AccVa: 0.8654999732971191, CeTr: 0.12313491106033325, CeVa: 0.5679834485054016
Epoch: 130, AccTr: 0.9542999863624573, AccVa: 0.8550000190734863, CeTr: 0.12536369264125824, CeVa: 0.6161288022994995
ENSEMBLE | Tr_Acc: 0.9902999997138977, Tr_CE: 0.04322054982185364, Va_Acc: 0.9235000014305115, Va_CE: 0.2828458845615387
Epoch: 131, AccTr: 0.9556000232696533, AccVa: 0.8550000190734863, CeTr: 0.1271025836467743, CeVa: 0.6216410994529724
Epoch: 132, AccTr: 0.9538999795913696, AccVa: 0.8569999933242798, CeTr: 0.12263703346252441, CeVa: 0.6547020673751831
Epoch: 133, AccTr: 0.9560999870300293, AccVa: 0.8619999885559082, CeTr: 0.12388622015714645, CeVa: 0.648078978061676
Epoch: 134, AccTr: 0.955299973487854, AccVa: 0.8569999933242798, CeTr: 0.11880224943161011, CeVa: 0.627478837966919
Epoch: 135, AccTr: 0.9532999992370605, AccVa: 0.8454999923706055, CeTr: 0.12403139472007751, CeVa: 0.6556452512741089
ENSEMBLE | Tr_Acc: 0.9908999800682068, Tr_CE: 0.04221196845173836, Va_Acc: 0.9244999885559082, Va_CE: 0.2844032049179077
Epoch: 136, AccTr: 0.9519000053405762, AccVa: 0.8610000014305115, CeTr: 0.1236686185002327, CeVa: 0.5990608930587769
Epoch: 137, AccTr: 0.9560999870300293, AccVa: 0.8554999828338623, CeTr: 0.12154129892587662, CeVa: 0.6314288377761841
Epoch: 138, AccTr: 0.9560999870300293, AccVa: 0.8650000095367432, CeTr: 0.11946488171815872, CeVa: 0.6091992855072021
Epoch: 139, AccTr: 0.955299973487854, AccVa: 0.8565000295639038, CeTr: 0.12161624431610107, CeVa: 0.6631104946136475
Epoch: 140, AccTr: 0.9524999856948853, AccVa: 0.8629999756813049, CeTr: 0.12171369791030884, CeVa: 0.6138501167297363
ENSEMBLE | Tr_Acc: 0.9908000230789185, Tr_CE: 0.04126114025712013, Va_Acc: 0.9244999885559082, Va_CE: 0.284511923789978
Epoch: 141, AccTr: 0.953000009059906, AccVa: 0.8519999980926514, CeTr: 0.12436603754758835, CeVa: 0.5994922518730164
Epoch: 142, AccTr: 0.9523000121116638, AccVa: 0.8600000143051147, CeTr: 0.1284763216972351, CeVa: 0.6004661917686462
Epoch: 143, AccTr: 0.9546999931335449, AccVa: 0.859000027179718, CeTr: 0.1197376474738121, CeVa: 0.6412115097045898
Epoch: 144, AccTr: 0.9520000219345093, AccVa: 0.8550000190734863, CeTr: 0.129273921251297, CeVa: 0.619861364364624
Epoch: 145, AccTr: 0.953000009059906, AccVa: 0.8525000214576721, CeTr: 0.12708859145641327, CeVa: 0.6670975089073181
ENSEMBLE | Tr_Acc: 0.9908999800682068, Tr_CE: 0.04057219997048378, Va_Acc: 0.9244999885559082, Va_CE: 0.2861936390399933
Epoch: 146, AccTr: 0.9560999870300293, AccVa: 0.8629999756813049, CeTr: 0.12078635394573212, CeVa: 0.6149322390556335
Epoch: 147, AccTr: 0.9559999704360962, AccVa: 0.8579999804496765, CeTr: 0.1200285404920578, CeVa: 0.5804224610328674
Epoch: 148, AccTr: 0.9562000036239624, AccVa: 0.8575000166893005, CeTr: 0.11767368018627167, CeVa: 0.6315494179725647
Epoch: 149, AccTr: 0.953000009059906, AccVa: 0.8600000143051147, CeTr: 0.1273362785577774, CeVa: 0.6155204176902771
Epoch: 150, AccTr: 0.9542999863624573, AccVa: 0.8665000200271606, CeTr: 0.12366291135549545, CeVa: 0.5581597089767456
ENSEMBLE | Tr_Acc: 0.9909999966621399, Tr_CE: 0.03987046331167221, Va_Acc: 0.9244999885559082, Va_CE: 0.28477832674980164
Epoch: 151, AccTr: 0.9539999961853027, AccVa: 0.8554999828338623, CeTr: 0.12385178357362747, CeVa: 0.6354119181632996
Epoch: 152, AccTr: 0.9544000029563904, AccVa: 0.8525000214576721, CeTr: 0.12508483231067657, CeVa: 0.5714576244354248
Epoch: 153, AccTr: 0.9509000182151794, AccVa: 0.8550000190734863, CeTr: 0.13189664483070374, CeVa: 0.5821124315261841
Epoch: 154, AccTr: 0.9531000256538391, AccVa: 0.8424999713897705, CeTr: 0.12648558616638184, CeVa: 0.6449688673019409
Epoch: 155, AccTr: 0.9538999795913696, AccVa: 0.8615000247955322, CeTr: 0.13061250746250153, CeVa: 0.591701328754425
ENSEMBLE | Tr_Acc: 0.991100013256073, Tr_CE: 0.039279937744140625, Va_Acc: 0.9235000014305115, Va_CE: 0.2841305434703827
Epoch: 156, AccTr: 0.9532999992370605, AccVa: 0.8709999918937683, CeTr: 0.12518979609012604, CeVa: 0.5321856141090393
Epoch: 157, AccTr: 0.9545999765396118, AccVa: 0.8644999861717224, CeTr: 0.12534348666667938, CeVa: 0.5795146226882935
Epoch: 158, AccTr: 0.9527000188827515, AccVa: 0.8550000190734863, CeTr: 0.12352072447538376, CeVa: 0.6222354173660278
Epoch: 159, AccTr: 0.9523000121116638, AccVa: 0.8519999980926514, CeTr: 0.1289103478193283, CeVa: 0.5878168344497681
Epoch: 160, AccTr: 0.9549000263214111, AccVa: 0.862500011920929, CeTr: 0.12910033762454987, CeVa: 0.6065942645072937
ENSEMBLE | Tr_Acc: 0.9912999868392944, Tr_CE: 0.03882443159818649, Va_Acc: 0.9244999885559082, Va_CE: 0.28490662574768066
Epoch: 161, AccTr: 0.9513000249862671, AccVa: 0.8565000295639038, CeTr: 0.12656237185001373, CeVa: 0.6106423139572144
Epoch: 162, AccTr: 0.9523000121116638, AccVa: 0.8560000061988831, CeTr: 0.12736746668815613, CeVa: 0.6072108149528503
Epoch: 163, AccTr: 0.9552000164985657, AccVa: 0.862500011920929, CeTr: 0.12215506285429001, CeVa: 0.5894994735717773
Epoch: 164, AccTr: 0.9553999900817871, AccVa: 0.8615000247955322, CeTr: 0.12221385538578033, CeVa: 0.5734885931015015
Epoch: 165, AccTr: 0.953499972820282, AccVa: 0.8579999804496765, CeTr: 0.1246400848031044, CeVa: 0.6089067459106445
ENSEMBLE | Tr_Acc: 0.991599977016449, Tr_CE: 0.03836764395236969, Va_Acc: 0.9229999780654907, Va_CE: 0.28378865122795105
Epoch: 166, AccTr: 0.953499972820282, AccVa: 0.8715000152587891, CeTr: 0.12948183715343475, CeVa: 0.5898275375366211
Epoch: 167, AccTr: 0.9560999870300293, AccVa: 0.8734999895095825, CeTr: 0.11988842487335205, CeVa: 0.5559511184692383
Epoch: 168, AccTr: 0.9537000060081482, AccVa: 0.8529999852180481, CeTr: 0.1304202377796173, CeVa: 0.6005633473396301
Epoch: 169, AccTr: 0.9567999839782715, AccVa: 0.8579999804496765, CeTr: 0.12353234738111496, CeVa: 0.6056311726570129
Epoch: 170, AccTr: 0.9546999931335449, AccVa: 0.8544999957084656, CeTr: 0.12225139141082764, CeVa: 0.5982632637023926
ENSEMBLE | Tr_Acc: 0.991599977016449, Tr_CE: 0.03787708654999733, Va_Acc: 0.9235000014305115, Va_CE: 0.2836616635322571
Epoch: 171, AccTr: 0.9520999789237976, AccVa: 0.8539999723434448, CeTr: 0.12744948267936707, CeVa: 0.6016627550125122
