NN CONFIG
Weight-type:		ternary
Layout									Layer #1: 250	Layer #2: 220	
Activation Functions					Layer #1: ets	Layer #2: ets	
Keep probabilities		Layer #0: 1.0	Layer #1: 1.0	Layer #2: 1.0	
Flat factors							Layer #1: 1.0	Layer #2: 1.0	Layer #3: 1.0	
Activation Noise						Layer #1: 0.0	Layer #2: 0.0	Layer #3: 0.0	
Prior: 0.8

===================================

RUN CONFIG
Epochs: 200, Blocksize: 4

===================================

Input binarization: False
Pretrained network accuracy: 0.9807000160217285
Epoch: 0, AccTr: 0.39239999651908875, AccVa: 0.375, CeTr: 3.5695109367370605, CeVa: 3.80515718460083
Epoch: 1, AccTr: 0.9391999840736389, AccVa: 0.878000020980835, CeTr: 0.19487108290195465, CeVa: 0.4747360050678253
Epoch: 2, AccTr: 0.9521999955177307, AccVa: 0.8815000057220459, CeTr: 0.1491355001926422, CeVa: 0.49152255058288574
Epoch: 3, AccTr: 0.9570000171661377, AccVa: 0.8830000162124634, CeTr: 0.1291266679763794, CeVa: 0.4631665050983429
Epoch: 4, AccTr: 0.9539999961853027, AccVa: 0.8805000185966492, CeTr: 0.13450469076633453, CeVa: 0.46253713965415955
Epoch: 5, AccTr: 0.9556999802589417, AccVa: 0.8790000081062317, CeTr: 0.12810587882995605, CeVa: 0.43745431303977966
Epoch: 6, AccTr: 0.9521999955177307, AccVa: 0.8700000047683716, CeTr: 0.1331007480621338, CeVa: 0.4914499819278717
Epoch: 7, AccTr: 0.9593999981880188, AccVa: 0.8769999742507935, CeTr: 0.11806415766477585, CeVa: 0.4462437331676483
Epoch: 8, AccTr: 0.9545999765396118, AccVa: 0.8895000219345093, CeTr: 0.12873582541942596, CeVa: 0.4484732151031494
Epoch: 9, AccTr: 0.9593999981880188, AccVa: 0.8855000138282776, CeTr: 0.125546395778656, CeVa: 0.46810677647590637
Epoch: 10, AccTr: 0.9577999711036682, AccVa: 0.8834999799728394, CeTr: 0.12355649471282959, CeVa: 0.4547639787197113
ENSEMBLE | Tr_Acc: 0.9577999711036682, Tr_CE: 0.12355649471282959, Va_Acc: 0.8834999799728394, Va_CE: 0.4547639787197113
Epoch: 11, AccTr: 0.9559999704360962, AccVa: 0.8765000104904175, CeTr: 0.12542162835597992, CeVa: 0.47766444087028503
Epoch: 12, AccTr: 0.9563000202178955, AccVa: 0.8790000081062317, CeTr: 0.12944962084293365, CeVa: 0.4710509181022644
Epoch: 13, AccTr: 0.9527000188827515, AccVa: 0.8765000104904175, CeTr: 0.1302887499332428, CeVa: 0.45824939012527466
Epoch: 14, AccTr: 0.9574000239372253, AccVa: 0.8805000185966492, CeTr: 0.1255568414926529, CeVa: 0.446837455034256
Epoch: 15, AccTr: 0.9575999975204468, AccVa: 0.8730000257492065, CeTr: 0.12344983220100403, CeVa: 0.4505138099193573
ENSEMBLE | Tr_Acc: 0.9807000160217285, Tr_CE: 0.06738357245922089, Va_Acc: 0.9164999723434448, Va_CE: 0.293143630027771
Epoch: 16, AccTr: 0.9538999795913696, AccVa: 0.8805000185966492, CeTr: 0.1281052678823471, CeVa: 0.440498948097229
Epoch: 17, AccTr: 0.9550999999046326, AccVa: 0.8675000071525574, CeTr: 0.12737882137298584, CeVa: 0.5088898539543152
Epoch: 18, AccTr: 0.9580000042915344, AccVa: 0.8765000104904175, CeTr: 0.12389763444662094, CeVa: 0.45087677240371704
Epoch: 19, AccTr: 0.9527000188827515, AccVa: 0.878000020980835, CeTr: 0.1316118836402893, CeVa: 0.45516517758369446
Epoch: 20, AccTr: 0.9564999938011169, AccVa: 0.8809999823570251, CeTr: 0.12209992855787277, CeVa: 0.5025189518928528
ENSEMBLE | Tr_Acc: 0.9872000217437744, Tr_CE: 0.05251124128699303, Va_Acc: 0.9229999780654907, Va_CE: 0.2699927091598511
Epoch: 21, AccTr: 0.9557999968528748, AccVa: 0.8809999823570251, CeTr: 0.12386362254619598, CeVa: 0.4738791882991791
Epoch: 22, AccTr: 0.95660001039505, AccVa: 0.8759999871253967, CeTr: 0.12363860011100769, CeVa: 0.4911612868309021
Epoch: 23, AccTr: 0.9559000134468079, AccVa: 0.875, CeTr: 0.12237738072872162, CeVa: 0.4536677896976471
Epoch: 24, AccTr: 0.9567000269889832, AccVa: 0.8799999952316284, CeTr: 0.12539434432983398, CeVa: 0.42143139243125916
Epoch: 25, AccTr: 0.9599999785423279, AccVa: 0.8790000081062317, CeTr: 0.11829321086406708, CeVa: 0.4249701201915741
ENSEMBLE | Tr_Acc: 0.9898999929428101, Tr_CE: 0.04593033716082573, Va_Acc: 0.9290000200271606, Va_CE: 0.24621272087097168
Epoch: 26, AccTr: 0.9534000158309937, AccVa: 0.8799999952316284, CeTr: 0.12766362726688385, CeVa: 0.43907445669174194
Epoch: 27, AccTr: 0.9581000208854675, AccVa: 0.8640000224113464, CeTr: 0.12303608655929565, CeVa: 0.49203044176101685
Epoch: 28, AccTr: 0.9564999938011169, AccVa: 0.8790000081062317, CeTr: 0.1231531947851181, CeVa: 0.4741245210170746
Epoch: 29, AccTr: 0.9535999894142151, AccVa: 0.8865000009536743, CeTr: 0.12662020325660706, CeVa: 0.43258562684059143
Epoch: 30, AccTr: 0.9564999938011169, AccVa: 0.8805000185966492, CeTr: 0.12517154216766357, CeVa: 0.47136545181274414
ENSEMBLE | Tr_Acc: 0.9914000034332275, Tr_CE: 0.04170450568199158, Va_Acc: 0.9359999895095825, Va_CE: 0.23851421475410461
Epoch: 31, AccTr: 0.9531000256538391, AccVa: 0.8740000128746033, CeTr: 0.12624968588352203, CeVa: 0.44733378291130066
Epoch: 32, AccTr: 0.9580000042915344, AccVa: 0.8845000267028809, CeTr: 0.12092281132936478, CeVa: 0.4329167604446411
Epoch: 33, AccTr: 0.9563999772071838, AccVa: 0.8709999918937683, CeTr: 0.1254216581583023, CeVa: 0.5305423736572266
Epoch: 34, AccTr: 0.9624000191688538, AccVa: 0.8769999742507935, CeTr: 0.11587415635585785, CeVa: 0.4653889238834381
Epoch: 35, AccTr: 0.9581000208854675, AccVa: 0.8730000257492065, CeTr: 0.12114520370960236, CeVa: 0.482544481754303
ENSEMBLE | Tr_Acc: 0.9919000267982483, Tr_CE: 0.0390661396086216, Va_Acc: 0.9380000233650208, Va_CE: 0.23137085139751434
Epoch: 36, AccTr: 0.9541000127792358, AccVa: 0.8824999928474426, CeTr: 0.12425673753023148, CeVa: 0.48818549513816833
Epoch: 37, AccTr: 0.9570000171661377, AccVa: 0.8634999990463257, CeTr: 0.12100137025117874, CeVa: 0.5166571140289307
Epoch: 38, AccTr: 0.9549999833106995, AccVa: 0.8820000290870667, CeTr: 0.12337803095579147, CeVa: 0.46719732880592346
Epoch: 39, AccTr: 0.9567999839782715, AccVa: 0.8759999871253967, CeTr: 0.12131446599960327, CeVa: 0.4429115355014801
Epoch: 40, AccTr: 0.9581000208854675, AccVa: 0.8794999718666077, CeTr: 0.12159698456525803, CeVa: 0.47602248191833496
ENSEMBLE | Tr_Acc: 0.9919999837875366, Tr_CE: 0.037620190531015396, Va_Acc: 0.9384999871253967, Va_CE: 0.22695094347000122
Epoch: 41, AccTr: 0.9550999999046326, AccVa: 0.8700000047683716, CeTr: 0.12605714797973633, CeVa: 0.47447723150253296
Epoch: 42, AccTr: 0.9588000178337097, AccVa: 0.8679999709129333, CeTr: 0.124046191573143, CeVa: 0.5087077617645264
Epoch: 43, AccTr: 0.9546999931335449, AccVa: 0.8679999709129333, CeTr: 0.1258385330438614, CeVa: 0.49701952934265137
Epoch: 44, AccTr: 0.9559999704360962, AccVa: 0.8700000047683716, CeTr: 0.12354446947574615, CeVa: 0.49808239936828613
Epoch: 45, AccTr: 0.9553999900817871, AccVa: 0.8765000104904175, CeTr: 0.12370508909225464, CeVa: 0.4462127685546875
ENSEMBLE | Tr_Acc: 0.9916999936103821, Tr_CE: 0.03630734235048294, Va_Acc: 0.9380000233650208, Va_CE: 0.2230120599269867
Epoch: 46, AccTr: 0.9577000141143799, AccVa: 0.8734999895095825, CeTr: 0.12268967181444168, CeVa: 0.49202072620391846
Epoch: 47, AccTr: 0.9557999968528748, AccVa: 0.8755000233650208, CeTr: 0.12118369340896606, CeVa: 0.49094098806381226
Epoch: 48, AccTr: 0.9538000226020813, AccVa: 0.8765000104904175, CeTr: 0.12545958161354065, CeVa: 0.4604054391384125
Epoch: 49, AccTr: 0.9553999900817871, AccVa: 0.8755000233650208, CeTr: 0.12814897298812866, CeVa: 0.47489020228385925
Epoch: 50, AccTr: 0.9545999765396118, AccVa: 0.8765000104904175, CeTr: 0.12580017745494843, CeVa: 0.47227194905281067
ENSEMBLE | Tr_Acc: 0.9926000237464905, Tr_CE: 0.03560313582420349, Va_Acc: 0.940500020980835, Va_CE: 0.21912388503551483
Epoch: 51, AccTr: 0.9571999907493591, AccVa: 0.8730000257492065, CeTr: 0.11889885365962982, CeVa: 0.4775891602039337
Epoch: 52, AccTr: 0.9563999772071838, AccVa: 0.8769999742507935, CeTr: 0.12081505358219147, CeVa: 0.4403892159461975
Epoch: 53, AccTr: 0.9531999826431274, AccVa: 0.8715000152587891, CeTr: 0.12688522040843964, CeVa: 0.5005156993865967
Epoch: 54, AccTr: 0.9585999846458435, AccVa: 0.8809999823570251, CeTr: 0.12121165543794632, CeVa: 0.4596409797668457
Epoch: 55, AccTr: 0.9531000256538391, AccVa: 0.8610000014305115, CeTr: 0.12958574295043945, CeVa: 0.5332953333854675
ENSEMBLE | Tr_Acc: 0.9927999973297119, Tr_CE: 0.03499031439423561, Va_Acc: 0.9409999847412109, Va_CE: 0.21905745565891266
Epoch: 56, AccTr: 0.9581000208854675, AccVa: 0.8665000200271606, CeTr: 0.11766313761472702, CeVa: 0.4933415949344635
Epoch: 57, AccTr: 0.9575999975204468, AccVa: 0.8650000095367432, CeTr: 0.1201396957039833, CeVa: 0.49749237298965454
Epoch: 58, AccTr: 0.957099974155426, AccVa: 0.8815000057220459, CeTr: 0.12442436814308167, CeVa: 0.4408850073814392
Epoch: 59, AccTr: 0.9559999704360962, AccVa: 0.8759999871253967, CeTr: 0.12437056750059128, CeVa: 0.4785136878490448
Epoch: 60, AccTr: 0.9549000263214111, AccVa: 0.8579999804496765, CeTr: 0.12267666310071945, CeVa: 0.5052785873413086
ENSEMBLE | Tr_Acc: 0.9930999875068665, Tr_CE: 0.034256670624017715, Va_Acc: 0.9430000185966492, Va_CE: 0.21639050543308258
Epoch: 61, AccTr: 0.9563999772071838, AccVa: 0.8629999756813049, CeTr: 0.11968754976987839, CeVa: 0.49445828795433044
Epoch: 62, AccTr: 0.9580000042915344, AccVa: 0.871999979019165, CeTr: 0.12030132859945297, CeVa: 0.4831250309944153
Epoch: 63, AccTr: 0.9580000042915344, AccVa: 0.8659999966621399, CeTr: 0.11988614499568939, CeVa: 0.4714100956916809
Epoch: 64, AccTr: 0.9574000239372253, AccVa: 0.875, CeTr: 0.1169988140463829, CeVa: 0.4545324146747589
Epoch: 65, AccTr: 0.9553999900817871, AccVa: 0.8730000257492065, CeTr: 0.12511305510997772, CeVa: 0.4869415760040283
ENSEMBLE | Tr_Acc: 0.9929999709129333, Tr_CE: 0.033712029457092285, Va_Acc: 0.9430000185966492, Va_CE: 0.21608953177928925
Epoch: 66, AccTr: 0.9580000042915344, AccVa: 0.8774999976158142, CeTr: 0.12565414607524872, CeVa: 0.48415666818618774
Epoch: 67, AccTr: 0.9581999778747559, AccVa: 0.8774999976158142, CeTr: 0.12187822163105011, CeVa: 0.4986777603626251
Epoch: 68, AccTr: 0.9555000066757202, AccVa: 0.8830000162124634, CeTr: 0.1233961209654808, CeVa: 0.42948150634765625
Epoch: 69, AccTr: 0.9580000042915344, AccVa: 0.8769999742507935, CeTr: 0.12019877880811691, CeVa: 0.45841002464294434
Epoch: 70, AccTr: 0.9562000036239624, AccVa: 0.871999979019165, CeTr: 0.12403271347284317, CeVa: 0.48489999771118164
ENSEMBLE | Tr_Acc: 0.9933000206947327, Tr_CE: 0.033411066979169846, Va_Acc: 0.9430000185966492, Va_CE: 0.21641165018081665
Epoch: 71, AccTr: 0.9559999704360962, AccVa: 0.8790000081062317, CeTr: 0.12771552801132202, CeVa: 0.4332627058029175
Epoch: 72, AccTr: 0.9570000171661377, AccVa: 0.8744999766349792, CeTr: 0.11704614013433456, CeVa: 0.4542798399925232
Epoch: 73, AccTr: 0.9574000239372253, AccVa: 0.8889999985694885, CeTr: 0.12084108591079712, CeVa: 0.4498675763607025
Epoch: 74, AccTr: 0.9560999870300293, AccVa: 0.8725000023841858, CeTr: 0.1233910620212555, CeVa: 0.4680246114730835
Epoch: 75, AccTr: 0.9559000134468079, AccVa: 0.8755000233650208, CeTr: 0.126055046916008, CeVa: 0.46893712878227234
ENSEMBLE | Tr_Acc: 0.993399977684021, Tr_CE: 0.03302827849984169, Va_Acc: 0.9424999952316284, Va_CE: 0.2128812074661255
Epoch: 76, AccTr: 0.9592000246047974, AccVa: 0.8700000047683716, CeTr: 0.11917856335639954, CeVa: 0.47364625334739685
Epoch: 77, AccTr: 0.9577999711036682, AccVa: 0.871999979019165, CeTr: 0.1182023212313652, CeVa: 0.46598103642463684
Epoch: 78, AccTr: 0.9557999968528748, AccVa: 0.8784999847412109, CeTr: 0.12232217937707901, CeVa: 0.466446191072464
Epoch: 79, AccTr: 0.955299973487854, AccVa: 0.8815000057220459, CeTr: 0.1251387745141983, CeVa: 0.45011386275291443
Epoch: 80, AccTr: 0.9545000195503235, AccVa: 0.8665000200271606, CeTr: 0.1253463178873062, CeVa: 0.48838672041893005
ENSEMBLE | Tr_Acc: 0.9934999942779541, Tr_CE: 0.0326029509305954, Va_Acc: 0.9434999823570251, Va_CE: 0.21232256293296814
Epoch: 81, AccTr: 0.9574000239372253, AccVa: 0.8730000257492065, CeTr: 0.12054353207349777, CeVa: 0.4862521290779114
Epoch: 82, AccTr: 0.9574999809265137, AccVa: 0.8700000047683716, CeTr: 0.12451302260160446, CeVa: 0.4746268689632416
Epoch: 83, AccTr: 0.9606000185012817, AccVa: 0.8740000128746033, CeTr: 0.1211295798420906, CeVa: 0.4572504162788391
Epoch: 84, AccTr: 0.9549000263214111, AccVa: 0.8774999976158142, CeTr: 0.1207963153719902, CeVa: 0.4578021168708801
Epoch: 85, AccTr: 0.9546999931335449, AccVa: 0.8889999985694885, CeTr: 0.12595009803771973, CeVa: 0.48015716671943665
ENSEMBLE | Tr_Acc: 0.9939000010490417, Tr_CE: 0.03232138603925705, Va_Acc: 0.9440000057220459, Va_CE: 0.2108207643032074
Epoch: 86, AccTr: 0.9587000012397766, AccVa: 0.8774999976158142, CeTr: 0.12238305807113647, CeVa: 0.46723541617393494
Epoch: 87, AccTr: 0.9532999992370605, AccVa: 0.8734999895095825, CeTr: 0.12621058523654938, CeVa: 0.5157667398452759
Epoch: 88, AccTr: 0.9578999876976013, AccVa: 0.8565000295639038, CeTr: 0.12379923462867737, CeVa: 0.5439577698707581
Epoch: 89, AccTr: 0.9592000246047974, AccVa: 0.8694999814033508, CeTr: 0.1168866977095604, CeVa: 0.5256691575050354
Epoch: 90, AccTr: 0.95660001039505, AccVa: 0.8774999976158142, CeTr: 0.12170563638210297, CeVa: 0.48933538794517517
ENSEMBLE | Tr_Acc: 0.9940000176429749, Tr_CE: 0.0319950133562088, Va_Acc: 0.9459999799728394, Va_CE: 0.21056078374385834
Epoch: 91, AccTr: 0.9549000263214111, AccVa: 0.8740000128746033, CeTr: 0.12305589765310287, CeVa: 0.4994511604309082
Epoch: 92, AccTr: 0.9550999999046326, AccVa: 0.8665000200271606, CeTr: 0.1252574473619461, CeVa: 0.49025335907936096
Epoch: 93, AccTr: 0.9588000178337097, AccVa: 0.8865000009536743, CeTr: 0.1198447123169899, CeVa: 0.43237873911857605
Epoch: 94, AccTr: 0.9545999765396118, AccVa: 0.8794999718666077, CeTr: 0.12531229853630066, CeVa: 0.436032235622406
Epoch: 95, AccTr: 0.9592000246047974, AccVa: 0.8805000185966492, CeTr: 0.12005261331796646, CeVa: 0.460427850484848
ENSEMBLE | Tr_Acc: 0.9941999912261963, Tr_CE: 0.031756024807691574, Va_Acc: 0.9465000033378601, Va_CE: 0.2082718014717102
Epoch: 96, AccTr: 0.9592999815940857, AccVa: 0.890999972820282, CeTr: 0.1170385405421257, CeVa: 0.42270976305007935
Epoch: 97, AccTr: 0.9577999711036682, AccVa: 0.8694999814033508, CeTr: 0.11661001294851303, CeVa: 0.5030287504196167
Epoch: 98, AccTr: 0.958299994468689, AccVa: 0.8730000257492065, CeTr: 0.11963789165019989, CeVa: 0.4502052068710327
Epoch: 99, AccTr: 0.9564999938011169, AccVa: 0.8690000176429749, CeTr: 0.12250342965126038, CeVa: 0.4968203604221344
Epoch: 100, AccTr: 0.9609000086784363, AccVa: 0.8730000257492065, CeTr: 0.11570525169372559, CeVa: 0.4674665629863739
ENSEMBLE | Tr_Acc: 0.9940999746322632, Tr_CE: 0.03135592117905617, Va_Acc: 0.9445000290870667, Va_CE: 0.20644739270210266
Epoch: 101, AccTr: 0.9580000042915344, AccVa: 0.8684999942779541, CeTr: 0.11918237060308456, CeVa: 0.4855593144893646
Epoch: 102, AccTr: 0.9570000171661377, AccVa: 0.871999979019165, CeTr: 0.1241571381688118, CeVa: 0.4627514183521271
Epoch: 103, AccTr: 0.9571999907493591, AccVa: 0.8820000290870667, CeTr: 0.12173976749181747, CeVa: 0.48092585802078247
Epoch: 104, AccTr: 0.9580000042915344, AccVa: 0.8610000014305115, CeTr: 0.12213459610939026, CeVa: 0.5029370188713074
Epoch: 105, AccTr: 0.9577000141143799, AccVa: 0.8740000128746033, CeTr: 0.11757770925760269, CeVa: 0.48442643880844116
ENSEMBLE | Tr_Acc: 0.9944000244140625, Tr_CE: 0.03096865862607956, Va_Acc: 0.9455000162124634, Va_CE: 0.20649759471416473
Epoch: 106, AccTr: 0.9556000232696533, AccVa: 0.8759999871253967, CeTr: 0.12053083628416061, CeVa: 0.484321653842926
Epoch: 107, AccTr: 0.9581000208854675, AccVa: 0.8640000224113464, CeTr: 0.12063989043235779, CeVa: 0.511802613735199
Epoch: 108, AccTr: 0.9557999968528748, AccVa: 0.878000020980835, CeTr: 0.12333688884973526, CeVa: 0.4145968556404114
Epoch: 109, AccTr: 0.957099974155426, AccVa: 0.8725000023841858, CeTr: 0.12218421697616577, CeVa: 0.49005040526390076
Epoch: 110, AccTr: 0.9575999975204468, AccVa: 0.8730000257492065, CeTr: 0.12094645947217941, CeVa: 0.44514000415802
ENSEMBLE | Tr_Acc: 0.9947999715805054, Tr_CE: 0.030866120010614395, Va_Acc: 0.9459999799728394, Va_CE: 0.20512032508850098
Epoch: 111, AccTr: 0.9559000134468079, AccVa: 0.8744999766349792, CeTr: 0.11836430430412292, CeVa: 0.46861663460731506
Epoch: 112, AccTr: 0.9555000066757202, AccVa: 0.8730000257492065, CeTr: 0.12492094933986664, CeVa: 0.49689316749572754
Epoch: 113, AccTr: 0.9592999815940857, AccVa: 0.8830000162124634, CeTr: 0.11530902981758118, CeVa: 0.4563646912574768
Epoch: 114, AccTr: 0.9587000012397766, AccVa: 0.8784999847412109, CeTr: 0.11735653132200241, CeVa: 0.43742355704307556
Epoch: 115, AccTr: 0.9575999975204468, AccVa: 0.8824999928474426, CeTr: 0.1204812154173851, CeVa: 0.46678656339645386
ENSEMBLE | Tr_Acc: 0.9947999715805054, Tr_CE: 0.0304743442684412, Va_Acc: 0.9455000162124634, Va_CE: 0.20570549368858337
Epoch: 116, AccTr: 0.9603000283241272, AccVa: 0.8840000033378601, CeTr: 0.11649377644062042, CeVa: 0.4717905521392822
Epoch: 117, AccTr: 0.9591000080108643, AccVa: 0.8794999718666077, CeTr: 0.11483928561210632, CeVa: 0.4772108197212219
Epoch: 118, AccTr: 0.9580000042915344, AccVa: 0.8845000267028809, CeTr: 0.11945761740207672, CeVa: 0.45216110348701477
Epoch: 119, AccTr: 0.9593999981880188, AccVa: 0.8659999966621399, CeTr: 0.11982027441263199, CeVa: 0.5307246446609497
Epoch: 120, AccTr: 0.9578999876976013, AccVa: 0.8784999847412109, CeTr: 0.11592306196689606, CeVa: 0.4683591425418854
ENSEMBLE | Tr_Acc: 0.9945999979972839, Tr_CE: 0.030202651396393776, Va_Acc: 0.9465000033378601, Va_CE: 0.2054056078195572
Epoch: 121, AccTr: 0.9593999981880188, AccVa: 0.8799999952316284, CeTr: 0.11636132746934891, CeVa: 0.4614851772785187
Epoch: 122, AccTr: 0.9574999809265137, AccVa: 0.8740000128746033, CeTr: 0.12190119922161102, CeVa: 0.5019667744636536
Epoch: 123, AccTr: 0.9570000171661377, AccVa: 0.8849999904632568, CeTr: 0.12035729736089706, CeVa: 0.4359239935874939
Epoch: 124, AccTr: 0.958899974822998, AccVa: 0.8765000104904175, CeTr: 0.11648337543010712, CeVa: 0.46022355556488037
Epoch: 125, AccTr: 0.9574999809265137, AccVa: 0.8755000233650208, CeTr: 0.12286584824323654, CeVa: 0.4938988983631134
ENSEMBLE | Tr_Acc: 0.9944999814033508, Tr_CE: 0.030112694948911667, Va_Acc: 0.9484999775886536, Va_CE: 0.2055182307958603
Epoch: 126, AccTr: 0.9562000036239624, AccVa: 0.8709999918937683, CeTr: 0.11999773979187012, CeVa: 0.5040052533149719
Epoch: 127, AccTr: 0.9563000202178955, AccVa: 0.8744999766349792, CeTr: 0.11867603659629822, CeVa: 0.4439404308795929
Epoch: 128, AccTr: 0.958299994468689, AccVa: 0.8654999732971191, CeTr: 0.1162380650639534, CeVa: 0.49238765239715576
Epoch: 129, AccTr: 0.9596999883651733, AccVa: 0.8669999837875366, CeTr: 0.11568452417850494, CeVa: 0.5073574185371399
Epoch: 130, AccTr: 0.9545999765396118, AccVa: 0.8765000104904175, CeTr: 0.11564657092094421, CeVa: 0.4512973129749298
ENSEMBLE | Tr_Acc: 0.994700014591217, Tr_CE: 0.029884817078709602, Va_Acc: 0.9480000138282776, Va_CE: 0.20443378388881683
Epoch: 131, AccTr: 0.9595000147819519, AccVa: 0.8784999847412109, CeTr: 0.1185612827539444, CeVa: 0.47589215636253357
Epoch: 132, AccTr: 0.9537000060081482, AccVa: 0.8870000243186951, CeTr: 0.12199629098176956, CeVa: 0.49433472752571106
Epoch: 133, AccTr: 0.9581000208854675, AccVa: 0.8734999895095825, CeTr: 0.11694681644439697, CeVa: 0.5071629285812378
Epoch: 134, AccTr: 0.9584000110626221, AccVa: 0.8790000081062317, CeTr: 0.1188802495598793, CeVa: 0.4806787371635437
Epoch: 135, AccTr: 0.9589999914169312, AccVa: 0.8690000176429749, CeTr: 0.11686951667070389, CeVa: 0.5024182200431824
ENSEMBLE | Tr_Acc: 0.9948999881744385, Tr_CE: 0.02970716543495655, Va_Acc: 0.9484999775886536, Va_CE: 0.2041914463043213
Epoch: 136, AccTr: 0.9621999859809875, AccVa: 0.8799999952316284, CeTr: 0.11514240503311157, CeVa: 0.4718080759048462
Epoch: 137, AccTr: 0.9592000246047974, AccVa: 0.8715000152587891, CeTr: 0.11689433455467224, CeVa: 0.47169390320777893
Epoch: 138, AccTr: 0.9603000283241272, AccVa: 0.8845000267028809, CeTr: 0.11227162182331085, CeVa: 0.45809265971183777
Epoch: 139, AccTr: 0.9589999914169312, AccVa: 0.8880000114440918, CeTr: 0.11711101233959198, CeVa: 0.432895302772522
Epoch: 140, AccTr: 0.9573000073432922, AccVa: 0.8694999814033508, CeTr: 0.11765100061893463, CeVa: 0.48232340812683105
ENSEMBLE | Tr_Acc: 0.9950000047683716, Tr_CE: 0.029597194865345955, Va_Acc: 0.949999988079071, Va_CE: 0.20323365926742554
Epoch: 141, AccTr: 0.9589999914169312, AccVa: 0.8845000267028809, CeTr: 0.11340097337961197, CeVa: 0.4823141396045685
Epoch: 142, AccTr: 0.9563999772071838, AccVa: 0.8769999742507935, CeTr: 0.12295031547546387, CeVa: 0.4552518129348755
Epoch: 143, AccTr: 0.9571999907493591, AccVa: 0.8794999718666077, CeTr: 0.12022624164819717, CeVa: 0.48701390624046326
Epoch: 144, AccTr: 0.9606999754905701, AccVa: 0.8774999976158142, CeTr: 0.11167143285274506, CeVa: 0.49893462657928467
Epoch: 145, AccTr: 0.958299994468689, AccVa: 0.8725000023841858, CeTr: 0.11865190416574478, CeVa: 0.5153222680091858
ENSEMBLE | Tr_Acc: 0.9951000213623047, Tr_CE: 0.029481375589966774, Va_Acc: 0.9490000009536743, Va_CE: 0.20406007766723633
Epoch: 146, AccTr: 0.9593999981880188, AccVa: 0.8794999718666077, CeTr: 0.11517877131700516, CeVa: 0.4654497802257538
Epoch: 147, AccTr: 0.9589999914169312, AccVa: 0.878000020980835, CeTr: 0.12086132913827896, CeVa: 0.46044468879699707
Epoch: 148, AccTr: 0.958299994468689, AccVa: 0.8784999847412109, CeTr: 0.11547763645648956, CeVa: 0.49065542221069336
Epoch: 149, AccTr: 0.9581999778747559, AccVa: 0.8845000267028809, CeTr: 0.11510180681943893, CeVa: 0.4405180811882019
Epoch: 150, AccTr: 0.9587000012397766, AccVa: 0.8840000033378601, CeTr: 0.11895004659891129, CeVa: 0.4456389248371124
ENSEMBLE | Tr_Acc: 0.9951000213623047, Tr_CE: 0.02929435484111309, Va_Acc: 0.949999988079071, Va_CE: 0.20250055193901062
Epoch: 151, AccTr: 0.9593999981880188, AccVa: 0.8799999952316284, CeTr: 0.11444997787475586, CeVa: 0.4945574104785919
Epoch: 152, AccTr: 0.9562000036239624, AccVa: 0.8769999742507935, CeTr: 0.11719083040952682, CeVa: 0.5086076259613037
Epoch: 153, AccTr: 0.9596999883651733, AccVa: 0.8784999847412109, CeTr: 0.11636482179164886, CeVa: 0.4725199043750763
Epoch: 154, AccTr: 0.9574000239372253, AccVa: 0.8934999704360962, CeTr: 0.11793990433216095, CeVa: 0.4223780035972595
Epoch: 155, AccTr: 0.9598000049591064, AccVa: 0.8755000233650208, CeTr: 0.11507454514503479, CeVa: 0.4790143668651581
ENSEMBLE | Tr_Acc: 0.9952999949455261, Tr_CE: 0.029119616374373436, Va_Acc: 0.9495000243186951, Va_CE: 0.20178808271884918
Epoch: 156, AccTr: 0.9588000178337097, AccVa: 0.8675000071525574, CeTr: 0.11752409487962723, CeVa: 0.5167428255081177
Epoch: 157, AccTr: 0.9592999815940857, AccVa: 0.8765000104904175, CeTr: 0.11187508702278137, CeVa: 0.48410144448280334
Epoch: 158, AccTr: 0.9609000086784363, AccVa: 0.8809999823570251, CeTr: 0.11594599485397339, CeVa: 0.46596816182136536
Epoch: 159, AccTr: 0.9564999938011169, AccVa: 0.8815000057220459, CeTr: 0.11903652548789978, CeVa: 0.4892127215862274
Epoch: 160, AccTr: 0.9584000110626221, AccVa: 0.878000020980835, CeTr: 0.12105768173933029, CeVa: 0.4903382360935211
ENSEMBLE | Tr_Acc: 0.9952999949455261, Tr_CE: 0.028999917209148407, Va_Acc: 0.9480000138282776, Va_CE: 0.20237985253334045
Epoch: 161, AccTr: 0.9581999778747559, AccVa: 0.8669999837875366, CeTr: 0.11863891780376434, CeVa: 0.48590654134750366
Epoch: 162, AccTr: 0.9567000269889832, AccVa: 0.8765000104904175, CeTr: 0.12203580141067505, CeVa: 0.4872908890247345
Epoch: 163, AccTr: 0.9603000283241272, AccVa: 0.8684999942779541, CeTr: 0.11917886883020401, CeVa: 0.5137784481048584
Epoch: 164, AccTr: 0.9577999711036682, AccVa: 0.8755000233650208, CeTr: 0.11659076809883118, CeVa: 0.5178688764572144
Epoch: 165, AccTr: 0.9595000147819519, AccVa: 0.8834999799728394, CeTr: 0.1183609738945961, CeVa: 0.49777814745903015
ENSEMBLE | Tr_Acc: 0.9954000115394592, Tr_CE: 0.028935803100466728, Va_Acc: 0.9459999799728394, Va_CE: 0.20339715480804443
Epoch: 166, AccTr: 0.9574000239372253, AccVa: 0.8914999961853027, CeTr: 0.12456180155277252, CeVa: 0.44039931893348694
Epoch: 167, AccTr: 0.9589999914169312, AccVa: 0.8774999976158142, CeTr: 0.12189248204231262, CeVa: 0.46989843249320984
Epoch: 168, AccTr: 0.9584000110626221, AccVa: 0.8809999823570251, CeTr: 0.11923445761203766, CeVa: 0.4811934232711792
Epoch: 169, AccTr: 0.9607999920845032, AccVa: 0.8945000171661377, CeTr: 0.11188539862632751, CeVa: 0.45570001006126404
Epoch: 170, AccTr: 0.9609000086784363, AccVa: 0.8855000138282776, CeTr: 0.11533178389072418, CeVa: 0.46506139636039734
ENSEMBLE | Tr_Acc: 0.995199978351593, Tr_CE: 0.028767285868525505, Va_Acc: 0.9470000267028809, Va_CE: 0.20289923250675201
Epoch: 171, AccTr: 0.960099995136261, AccVa: 0.8805000185966492, CeTr: 0.11348569393157959, CeVa: 0.4974411129951477
Epoch: 172, AccTr: 0.9585999846458435, AccVa: 0.8774999976158142, CeTr: 0.11309570074081421, CeVa: 0.5085698962211609
Epoch: 173, AccTr: 0.9574999809265137, AccVa: 0.871999979019165, CeTr: 0.1250438690185547, CeVa: 0.4999295771121979
Epoch: 174, AccTr: 0.9616000056266785, AccVa: 0.8765000104904175, CeTr: 0.11499443650245667, CeVa: 0.5214844942092896
Epoch: 175, AccTr: 0.9596999883651733, AccVa: 0.8765000104904175, CeTr: 0.11429418623447418, CeVa: 0.48558035492897034
ENSEMBLE | Tr_Acc: 0.9948999881744385, Tr_CE: 0.02848866581916809, Va_Acc: 0.9474999904632568, Va_CE: 0.2022043764591217
Epoch: 176, AccTr: 0.9584000110626221, AccVa: 0.8765000104904175, CeTr: 0.11528278887271881, CeVa: 0.4982961118221283
Epoch: 177, AccTr: 0.9605000019073486, AccVa: 0.878000020980835, CeTr: 0.1127355694770813, CeVa: 0.47144147753715515
Epoch: 178, AccTr: 0.9581999778747559, AccVa: 0.8759999871253967, CeTr: 0.11881452798843384, CeVa: 0.4998472332954407
Epoch: 179, AccTr: 0.9580000042915344, AccVa: 0.875, CeTr: 0.11611923575401306, CeVa: 0.5135818719863892
Epoch: 180, AccTr: 0.9585000276565552, AccVa: 0.8715000152587891, CeTr: 0.11418520659208298, CeVa: 0.48918551206588745
ENSEMBLE | Tr_Acc: 0.9947999715805054, Tr_CE: 0.028253186494112015, Va_Acc: 0.9449999928474426, Va_CE: 0.20191393792629242
Epoch: 181, AccTr: 0.960099995136261, AccVa: 0.8830000162124634, CeTr: 0.11084567755460739, CeVa: 0.4754844903945923
Epoch: 182, AccTr: 0.9613000154495239, AccVa: 0.8815000057220459, CeTr: 0.11092314124107361, CeVa: 0.47417348623275757
Epoch: 183, AccTr: 0.9620000123977661, AccVa: 0.8884999752044678, CeTr: 0.10585715621709824, CeVa: 0.42234501242637634
Epoch: 184, AccTr: 0.9621999859809875, AccVa: 0.8755000233650208, CeTr: 0.10962072759866714, CeVa: 0.48819658160209656
Epoch: 185, AccTr: 0.9577999711036682, AccVa: 0.8705000281333923, CeTr: 0.11003653705120087, CeVa: 0.5392026901245117
ENSEMBLE | Tr_Acc: 0.9948999881744385, Tr_CE: 0.02796173468232155, Va_Acc: 0.9470000267028809, Va_CE: 0.20239676535129547
Epoch: 186, AccTr: 0.9641000032424927, AccVa: 0.8774999976158142, CeTr: 0.10179805010557175, CeVa: 0.5169561505317688
Epoch: 187, AccTr: 0.961899995803833, AccVa: 0.8815000057220459, CeTr: 0.10755351930856705, CeVa: 0.50543212890625
Epoch: 188, AccTr: 0.9616000056266785, AccVa: 0.8765000104904175, CeTr: 0.10911198705434799, CeVa: 0.5206484794616699
Epoch: 189, AccTr: 0.9585999846458435, AccVa: 0.8790000081062317, CeTr: 0.10989350825548172, CeVa: 0.508135199546814
Epoch: 190, AccTr: 0.963699996471405, AccVa: 0.8820000290870667, CeTr: 0.10426678508520126, CeVa: 0.44446998834609985
ENSEMBLE | Tr_Acc: 0.995199978351593, Tr_CE: 0.027688300237059593, Va_Acc: 0.9459999799728394, Va_CE: 0.20151259005069733
Epoch: 191, AccTr: 0.9581999778747559, AccVa: 0.8755000233650208, CeTr: 0.11595075577497482, CeVa: 0.45922547578811646
Epoch: 192, AccTr: 0.9624999761581421, AccVa: 0.8715000152587891, CeTr: 0.10985934734344482, CeVa: 0.5155603289604187
Epoch: 193, AccTr: 0.961899995803833, AccVa: 0.8790000081062317, CeTr: 0.11064985394477844, CeVa: 0.4810691177845001
Epoch: 194, AccTr: 0.9603999853134155, AccVa: 0.8709999918937683, CeTr: 0.11184189468622208, CeVa: 0.518611490726471
Epoch: 195, AccTr: 0.9587000012397766, AccVa: 0.8820000290870667, CeTr: 0.11973951756954193, CeVa: 0.46933141350746155
ENSEMBLE | Tr_Acc: 0.9951000213623047, Tr_CE: 0.027583029121160507, Va_Acc: 0.9465000033378601, Va_CE: 0.20133884251117706
Epoch: 196, AccTr: 0.9598000049591064, AccVa: 0.8705000281333923, CeTr: 0.11021435260772705, CeVa: 0.5300904512405396
Epoch: 197, AccTr: 0.9585000276565552, AccVa: 0.8659999966621399, CeTr: 0.11166932433843613, CeVa: 0.5140523314476013
Epoch: 198, AccTr: 0.9588000178337097, AccVa: 0.8700000047683716, CeTr: 0.11491876095533371, CeVa: 0.5195271968841553
Epoch: 199, AccTr: 0.9613000154495239, AccVa: 0.8805000185966492, CeTr: 0.11305273324251175, CeVa: 0.487745076417923
Epoch: 200, AccTr: 0.9603000283241272, AccVa: 0.8765000104904175, CeTr: 0.11145388334989548, CeVa: 0.48290541768074036
ENSEMBLE | Tr_Acc: 0.9954000115394592, Tr_CE: 0.02731923758983612, Va_Acc: 0.9459999799728394, Va_CE: 0.20079080760478973
NN CONFIG
Weight-type:		ternary
Layout									Layer #1: 250	Layer #2: 220	
Activation Functions					Layer #1: ets	Layer #2: ets	
Keep probabilities		Layer #0: 1.0	Layer #1: 1.0	Layer #2: 1.0	
Flat factors							Layer #1: 1.0	Layer #2: 1.0	Layer #3: 1.0	
Activation Noise						Layer #1: 0.0	Layer #2: 0.0	Layer #3: 0.0	
Prior: 0.8

===================================

RUN CONFIG
Epochs: 200, Blocksize: 4

===================================

Input binarization: False
Pretrained network accuracy: 0.9825000166893005
Epoch: 0, AccTr: 0.28279998898506165, AccVa: 0.30149999260902405, CeTr: 4.330102443695068, CeVa: 4.225912570953369
Epoch: 1, AccTr: 0.9513000249862671, AccVa: 0.8709999918937683, CeTr: 0.152357280254364, CeVa: 0.4683930575847626
Epoch: 2, AccTr: 0.9587000012397766, AccVa: 0.8865000009536743, CeTr: 0.12839558720588684, CeVa: 0.43437567353248596
Epoch: 3, AccTr: 0.9581999778747559, AccVa: 0.8809999823570251, CeTr: 0.12884028255939484, CeVa: 0.45448917150497437
Epoch: 4, AccTr: 0.9621000289916992, AccVa: 0.8820000290870667, CeTr: 0.12025187909603119, CeVa: 0.409644216299057
Epoch: 5, AccTr: 0.9574999809265137, AccVa: 0.8765000104904175, CeTr: 0.12384781241416931, CeVa: 0.48993316292762756
Epoch: 6, AccTr: 0.9607999920845032, AccVa: 0.8790000081062317, CeTr: 0.11439018696546555, CeVa: 0.4569239914417267
Epoch: 7, AccTr: 0.9611999988555908, AccVa: 0.8830000162124634, CeTr: 0.11558966338634491, CeVa: 0.43978890776634216
Epoch: 8, AccTr: 0.95660001039505, AccVa: 0.8830000162124634, CeTr: 0.12164023518562317, CeVa: 0.47236937284469604
Epoch: 9, AccTr: 0.9613000154495239, AccVa: 0.8815000057220459, CeTr: 0.1168268695473671, CeVa: 0.4518389403820038
Epoch: 10, AccTr: 0.9603999853134155, AccVa: 0.8794999718666077, CeTr: 0.1180734634399414, CeVa: 0.46182072162628174
ENSEMBLE | Tr_Acc: 0.9603999853134155, Tr_CE: 0.1180734634399414, Va_Acc: 0.8794999718666077, Va_CE: 0.46182072162628174
Epoch: 11, AccTr: 0.9587000012397766, AccVa: 0.8799999952316284, CeTr: 0.12003707140684128, CeVa: 0.45373719930648804
Epoch: 12, AccTr: 0.9591000080108643, AccVa: 0.8734999895095825, CeTr: 0.1186276525259018, CeVa: 0.48642370104789734
Epoch: 13, AccTr: 0.9610000252723694, AccVa: 0.8709999918937683, CeTr: 0.1122918426990509, CeVa: 0.494987815618515
Epoch: 14, AccTr: 0.9603000283241272, AccVa: 0.875, CeTr: 0.11036143451929092, CeVa: 0.4785265326499939
Epoch: 15, AccTr: 0.958299994468689, AccVa: 0.8784999847412109, CeTr: 0.11934491991996765, CeVa: 0.5089246034622192
ENSEMBLE | Tr_Acc: 0.9846000075340271, Tr_CE: 0.05952528864145279, Va_Acc: 0.9150000214576721, Va_CE: 0.33117809891700745
Epoch: 16, AccTr: 0.9624000191688538, AccVa: 0.8809999823570251, CeTr: 0.11252065747976303, CeVa: 0.4694173038005829
Epoch: 17, AccTr: 0.963100016117096, AccVa: 0.8824999928474426, CeTr: 0.11212477833032608, CeVa: 0.482450932264328
Epoch: 18, AccTr: 0.9603999853134155, AccVa: 0.8774999976158142, CeTr: 0.11402378231287003, CeVa: 0.44536030292510986
Epoch: 19, AccTr: 0.9605000019073486, AccVa: 0.871999979019165, CeTr: 0.1198032945394516, CeVa: 0.5001222491264343
Epoch: 20, AccTr: 0.9606999754905701, AccVa: 0.8725000023841858, CeTr: 0.11699588596820831, CeVa: 0.46563664078712463
ENSEMBLE | Tr_Acc: 0.9887999892234802, Tr_CE: 0.04440492019057274, Va_Acc: 0.9259999990463257, Va_CE: 0.27804166078567505
Epoch: 21, AccTr: 0.9574000239372253, AccVa: 0.8784999847412109, CeTr: 0.12319764494895935, CeVa: 0.48636066913604736
Epoch: 22, AccTr: 0.9605000019073486, AccVa: 0.8759999871253967, CeTr: 0.11612875759601593, CeVa: 0.47712621092796326
Epoch: 23, AccTr: 0.958299994468689, AccVa: 0.8790000081062317, CeTr: 0.11587303131818771, CeVa: 0.5084315538406372
Epoch: 24, AccTr: 0.9638000130653381, AccVa: 0.8759999871253967, CeTr: 0.11335822939872742, CeVa: 0.5097105503082275
Epoch: 25, AccTr: 0.9623000025749207, AccVa: 0.8744999766349792, CeTr: 0.10787472873926163, CeVa: 0.49388110637664795
ENSEMBLE | Tr_Acc: 0.991599977016449, Tr_CE: 0.037587303668260574, Va_Acc: 0.9269999861717224, Va_CE: 0.25880196690559387
Epoch: 26, AccTr: 0.9578999876976013, AccVa: 0.8629999756813049, CeTr: 0.11831751465797424, CeVa: 0.5259914398193359
Epoch: 27, AccTr: 0.9599000215530396, AccVa: 0.8725000023841858, CeTr: 0.11587318032979965, CeVa: 0.47612902522087097
Epoch: 28, AccTr: 0.9605000019073486, AccVa: 0.871999979019165, CeTr: 0.11506219208240509, CeVa: 0.4921438694000244
Epoch: 29, AccTr: 0.9575999975204468, AccVa: 0.8654999732971191, CeTr: 0.11604968458414078, CeVa: 0.5548521280288696
Epoch: 30, AccTr: 0.9624999761581421, AccVa: 0.8805000185966492, CeTr: 0.10811309516429901, CeVa: 0.4810169041156769
ENSEMBLE | Tr_Acc: 0.992900013923645, Tr_CE: 0.03362125903367996, Va_Acc: 0.9290000200271606, Va_CE: 0.24851739406585693
Epoch: 31, AccTr: 0.9562000036239624, AccVa: 0.8809999823570251, CeTr: 0.12304724007844925, CeVa: 0.44439128041267395
Epoch: 32, AccTr: 0.9611999988555908, AccVa: 0.8709999918937683, CeTr: 0.1130877286195755, CeVa: 0.5027013421058655
Epoch: 33, AccTr: 0.960099995136261, AccVa: 0.8784999847412109, CeTr: 0.11501199752092361, CeVa: 0.46767130494117737
Epoch: 34, AccTr: 0.958299994468689, AccVa: 0.8679999709129333, CeTr: 0.12063946574926376, CeVa: 0.5194579362869263
Epoch: 35, AccTr: 0.9625999927520752, AccVa: 0.8619999885559082, CeTr: 0.11181169748306274, CeVa: 0.50338214635849
ENSEMBLE | Tr_Acc: 0.9936000108718872, Tr_CE: 0.0308843906968832, Va_Acc: 0.9340000152587891, Va_CE: 0.2410164475440979
Epoch: 36, AccTr: 0.9596999883651733, AccVa: 0.8794999718666077, CeTr: 0.11831271648406982, CeVa: 0.4888274669647217
Epoch: 37, AccTr: 0.9602000117301941, AccVa: 0.8679999709129333, CeTr: 0.11690053343772888, CeVa: 0.5107510089874268
Epoch: 38, AccTr: 0.9611999988555908, AccVa: 0.8709999918937683, CeTr: 0.11278363317251205, CeVa: 0.5175671577453613
Epoch: 39, AccTr: 0.9571999907493591, AccVa: 0.8640000224113464, CeTr: 0.1158738061785698, CeVa: 0.5038991570472717
Epoch: 40, AccTr: 0.9595000147819519, AccVa: 0.8659999966621399, CeTr: 0.11456490308046341, CeVa: 0.49860772490501404
ENSEMBLE | Tr_Acc: 0.9943000078201294, Tr_CE: 0.02939574047923088, Va_Acc: 0.9334999918937683, Va_CE: 0.23806239664554596
Epoch: 41, AccTr: 0.9635999798774719, AccVa: 0.8709999918937683, CeTr: 0.1122233122587204, CeVa: 0.4889470636844635
Epoch: 42, AccTr: 0.9581000208854675, AccVa: 0.878000020980835, CeTr: 0.11943241953849792, CeVa: 0.47846925258636475
Epoch: 43, AccTr: 0.9581000208854675, AccVa: 0.8820000290870667, CeTr: 0.11876729875802994, CeVa: 0.4550257921218872
Epoch: 44, AccTr: 0.9607999920845032, AccVa: 0.8725000023841858, CeTr: 0.11481770128011703, CeVa: 0.5138760805130005
Epoch: 45, AccTr: 0.9595999717712402, AccVa: 0.875, CeTr: 0.11382071673870087, CeVa: 0.47774192690849304
ENSEMBLE | Tr_Acc: 0.9947999715805054, Tr_CE: 0.02831903100013733, Va_Acc: 0.9390000104904175, Va_CE: 0.2317802906036377
Epoch: 46, AccTr: 0.9603000283241272, AccVa: 0.8845000267028809, CeTr: 0.11459038406610489, CeVa: 0.4516681432723999
Epoch: 47, AccTr: 0.9635999798774719, AccVa: 0.8759999871253967, CeTr: 0.1079404428601265, CeVa: 0.5018525719642639
Epoch: 48, AccTr: 0.9617999792098999, AccVa: 0.8805000185966492, CeTr: 0.11459692567586899, CeVa: 0.5010155439376831
Epoch: 49, AccTr: 0.9610000252723694, AccVa: 0.8769999742507935, CeTr: 0.1137138158082962, CeVa: 0.4518917500972748
Epoch: 50, AccTr: 0.9592000246047974, AccVa: 0.8740000128746033, CeTr: 0.11420263350009918, CeVa: 0.47291091084480286
ENSEMBLE | Tr_Acc: 0.9952999949455261, Tr_CE: 0.027102267369627953, Va_Acc: 0.9394999742507935, Va_CE: 0.2271697074174881
Epoch: 51, AccTr: 0.9581000208854675, AccVa: 0.8765000104904175, CeTr: 0.11504100263118744, CeVa: 0.503111720085144
Epoch: 52, AccTr: 0.9603000283241272, AccVa: 0.8784999847412109, CeTr: 0.11530692130327225, CeVa: 0.4749394953250885
Epoch: 53, AccTr: 0.963100016117096, AccVa: 0.8730000257492065, CeTr: 0.10704130679368973, CeVa: 0.5143011212348938
Epoch: 54, AccTr: 0.9591000080108643, AccVa: 0.8794999718666077, CeTr: 0.11413612961769104, CeVa: 0.4944380819797516
Epoch: 55, AccTr: 0.9639999866485596, AccVa: 0.8734999895095825, CeTr: 0.11025755852460861, CeVa: 0.5373337864875793
ENSEMBLE | Tr_Acc: 0.9948999881744385, Tr_CE: 0.02613268978893757, Va_Acc: 0.940500020980835, Va_CE: 0.22637854516506195
Epoch: 56, AccTr: 0.961899995803833, AccVa: 0.878000020980835, CeTr: 0.11205444484949112, CeVa: 0.47047221660614014
Epoch: 57, AccTr: 0.9621999859809875, AccVa: 0.8855000138282776, CeTr: 0.11179967224597931, CeVa: 0.48135101795196533
Epoch: 58, AccTr: 0.9580000042915344, AccVa: 0.875, CeTr: 0.11212338507175446, CeVa: 0.48612260818481445
Epoch: 59, AccTr: 0.9609000086784363, AccVa: 0.871999979019165, CeTr: 0.10886264592409134, CeVa: 0.506140947341919
Epoch: 60, AccTr: 0.960099995136261, AccVa: 0.8755000233650208, CeTr: 0.11380178481340408, CeVa: 0.5020408034324646
ENSEMBLE | Tr_Acc: 0.9957000017166138, Tr_CE: 0.025558356195688248, Va_Acc: 0.940500020980835, Va_CE: 0.22347530722618103
Epoch: 61, AccTr: 0.9603999853134155, AccVa: 0.8715000152587891, CeTr: 0.11800329387187958, CeVa: 0.514422595500946
Epoch: 62, AccTr: 0.9613999724388123, AccVa: 0.8665000200271606, CeTr: 0.1132064238190651, CeVa: 0.5167115330696106
Epoch: 63, AccTr: 0.961899995803833, AccVa: 0.8794999718666077, CeTr: 0.11016809195280075, CeVa: 0.4940756857395172
Epoch: 64, AccTr: 0.9602000117301941, AccVa: 0.8840000033378601, CeTr: 0.11340968310832977, CeVa: 0.4943786859512329
Epoch: 65, AccTr: 0.9632999897003174, AccVa: 0.8725000023841858, CeTr: 0.1081414520740509, CeVa: 0.49062883853912354
ENSEMBLE | Tr_Acc: 0.9958999752998352, Tr_CE: 0.024906760081648827, Va_Acc: 0.9399999976158142, Va_CE: 0.22175726294517517
Epoch: 66, AccTr: 0.9617999792098999, AccVa: 0.8740000128746033, CeTr: 0.10822093486785889, CeVa: 0.4837667942047119
Epoch: 67, AccTr: 0.9621000289916992, AccVa: 0.8830000162124634, CeTr: 0.10964194685220718, CeVa: 0.4738328158855438
Epoch: 68, AccTr: 0.9595999717712402, AccVa: 0.8834999799728394, CeTr: 0.11251656711101532, CeVa: 0.44516265392303467
Epoch: 69, AccTr: 0.9599000215530396, AccVa: 0.8830000162124634, CeTr: 0.11462242156267166, CeVa: 0.4700729548931122
Epoch: 70, AccTr: 0.9595000147819519, AccVa: 0.8859999775886536, CeTr: 0.11214074492454529, CeVa: 0.46303555369377136
ENSEMBLE | Tr_Acc: 0.9957000017166138, Tr_CE: 0.024587592110037804, Va_Acc: 0.9399999976158142, Va_CE: 0.21859188377857208
Epoch: 71, AccTr: 0.9620000123977661, AccVa: 0.8784999847412109, CeTr: 0.11216684430837631, CeVa: 0.4602169096469879
Epoch: 72, AccTr: 0.9592000246047974, AccVa: 0.8715000152587891, CeTr: 0.11053866893053055, CeVa: 0.4942469894886017
Epoch: 73, AccTr: 0.9607999920845032, AccVa: 0.8725000023841858, CeTr: 0.10819301754236221, CeVa: 0.4989430010318756
Epoch: 74, AccTr: 0.9623000025749207, AccVa: 0.8765000104904175, CeTr: 0.11348831653594971, CeVa: 0.4991322159767151
Epoch: 75, AccTr: 0.9617000222206116, AccVa: 0.8694999814033508, CeTr: 0.1128644272685051, CeVa: 0.5017643570899963
ENSEMBLE | Tr_Acc: 0.9958999752998352, Tr_CE: 0.024141250178217888, Va_Acc: 0.9390000104904175, Va_CE: 0.2187861204147339
Epoch: 76, AccTr: 0.9598000049591064, AccVa: 0.8629999756813049, CeTr: 0.10905113816261292, CeVa: 0.5165936350822449
Epoch: 77, AccTr: 0.9623000025749207, AccVa: 0.8665000200271606, CeTr: 0.10802285373210907, CeVa: 0.5236526727676392
Epoch: 78, AccTr: 0.9613000154495239, AccVa: 0.8759999871253967, CeTr: 0.10911686718463898, CeVa: 0.4714597761631012
Epoch: 79, AccTr: 0.961899995803833, AccVa: 0.875, CeTr: 0.10783997923135757, CeVa: 0.504732072353363
Epoch: 80, AccTr: 0.9631999731063843, AccVa: 0.8690000176429749, CeTr: 0.10777783393859863, CeVa: 0.5136350393295288
ENSEMBLE | Tr_Acc: 0.9961000084877014, Tr_CE: 0.023700963705778122, Va_Acc: 0.9394999742507935, Va_CE: 0.2176753431558609
Epoch: 81, AccTr: 0.9610999822616577, AccVa: 0.8744999766349792, CeTr: 0.10968740284442902, CeVa: 0.5073419213294983
Epoch: 82, AccTr: 0.9613000154495239, AccVa: 0.8799999952316284, CeTr: 0.11340771615505219, CeVa: 0.4926389753818512
Epoch: 83, AccTr: 0.9613999724388123, AccVa: 0.8705000281333923, CeTr: 0.1071702167391777, CeVa: 0.46393316984176636
Epoch: 84, AccTr: 0.9617000222206116, AccVa: 0.8725000023841858, CeTr: 0.11367832124233246, CeVa: 0.5159269571304321
Epoch: 85, AccTr: 0.9635000228881836, AccVa: 0.8705000281333923, CeTr: 0.1075706034898758, CeVa: 0.5052911639213562
ENSEMBLE | Tr_Acc: 0.9958999752998352, Tr_CE: 0.023417366668581963, Va_Acc: 0.9380000233650208, Va_CE: 0.21790088713169098
Epoch: 86, AccTr: 0.9596999883651733, AccVa: 0.8809999823570251, CeTr: 0.11039988696575165, CeVa: 0.48623180389404297
Epoch: 87, AccTr: 0.9642000198364258, AccVa: 0.8709999918937683, CeTr: 0.10413727164268494, CeVa: 0.5056489706039429
Epoch: 88, AccTr: 0.958899974822998, AccVa: 0.8730000257492065, CeTr: 0.11346997320652008, CeVa: 0.49618521332740784
Epoch: 89, AccTr: 0.9591000080108643, AccVa: 0.8759999871253967, CeTr: 0.11634805053472519, CeVa: 0.5011391639709473
Epoch: 90, AccTr: 0.9593999981880188, AccVa: 0.8769999742507935, CeTr: 0.11111428588628769, CeVa: 0.5033761858940125
ENSEMBLE | Tr_Acc: 0.9962999820709229, Tr_CE: 0.02305629290640354, Va_Acc: 0.9384999871253967, Va_CE: 0.21856579184532166
Epoch: 91, AccTr: 0.9617999792098999, AccVa: 0.8744999766349792, CeTr: 0.11337360739707947, CeVa: 0.5082488059997559
Epoch: 92, AccTr: 0.9620000123977661, AccVa: 0.8824999928474426, CeTr: 0.10468459129333496, CeVa: 0.4976125955581665
Epoch: 93, AccTr: 0.958899974822998, AccVa: 0.8690000176429749, CeTr: 0.11070823669433594, CeVa: 0.5091956853866577
Epoch: 94, AccTr: 0.960099995136261, AccVa: 0.8715000152587891, CeTr: 0.11165909469127655, CeVa: 0.5162930488586426
Epoch: 95, AccTr: 0.9611999988555908, AccVa: 0.8840000033378601, CeTr: 0.11051235347986221, CeVa: 0.5014904737472534
ENSEMBLE | Tr_Acc: 0.9965000152587891, Tr_CE: 0.02278926782310009, Va_Acc: 0.9394999742507935, Va_CE: 0.21899272501468658
Epoch: 96, AccTr: 0.9607999920845032, AccVa: 0.8824999928474426, CeTr: 0.10599926859140396, CeVa: 0.4498501420021057
Epoch: 97, AccTr: 0.9610999822616577, AccVa: 0.8765000104904175, CeTr: 0.10917746275663376, CeVa: 0.47409144043922424
Epoch: 98, AccTr: 0.9635000228881836, AccVa: 0.8820000290870667, CeTr: 0.10648764669895172, CeVa: 0.4608536660671234
Epoch: 99, AccTr: 0.9602000117301941, AccVa: 0.8815000057220459, CeTr: 0.10786518454551697, CeVa: 0.4729253649711609
Epoch: 100, AccTr: 0.961899995803833, AccVa: 0.8730000257492065, CeTr: 0.11147033423185349, CeVa: 0.4949481785297394
ENSEMBLE | Tr_Acc: 0.996399998664856, Tr_CE: 0.022640962153673172, Va_Acc: 0.9415000081062317, Va_CE: 0.2168995887041092
Epoch: 101, AccTr: 0.9621999859809875, AccVa: 0.8849999904632568, CeTr: 0.10876598954200745, CeVa: 0.4694819450378418
Epoch: 102, AccTr: 0.9621000289916992, AccVa: 0.8765000104904175, CeTr: 0.1061687022447586, CeVa: 0.5011233687400818
Epoch: 103, AccTr: 0.965499997138977, AccVa: 0.8759999871253967, CeTr: 0.10096834599971771, CeVa: 0.4953180253505707
Epoch: 104, AccTr: 0.9649999737739563, AccVa: 0.890999972820282, CeTr: 0.10526815056800842, CeVa: 0.45605334639549255
Epoch: 105, AccTr: 0.9646999835968018, AccVa: 0.8694999814033508, CeTr: 0.10220272839069366, CeVa: 0.4856407344341278
ENSEMBLE | Tr_Acc: 0.9965999722480774, Tr_CE: 0.022295866161584854, Va_Acc: 0.9424999952316284, Va_CE: 0.21619558334350586
Epoch: 106, AccTr: 0.9635000228881836, AccVa: 0.8740000128746033, CeTr: 0.1048908457159996, CeVa: 0.5321522951126099
Epoch: 107, AccTr: 0.9605000019073486, AccVa: 0.8834999799728394, CeTr: 0.10754966735839844, CeVa: 0.48065465688705444
Epoch: 108, AccTr: 0.9602000117301941, AccVa: 0.8845000267028809, CeTr: 0.11474660784006119, CeVa: 0.4734288454055786
Epoch: 109, AccTr: 0.9632999897003174, AccVa: 0.8700000047683716, CeTr: 0.10624998807907104, CeVa: 0.4915786683559418
Epoch: 110, AccTr: 0.9628999829292297, AccVa: 0.8755000233650208, CeTr: 0.10903789103031158, CeVa: 0.5090861320495605
ENSEMBLE | Tr_Acc: 0.9966999888420105, Tr_CE: 0.022175835445523262, Va_Acc: 0.9424999952316284, Va_CE: 0.21657243371009827
Epoch: 111, AccTr: 0.9641000032424927, AccVa: 0.8834999799728394, CeTr: 0.10469131171703339, CeVa: 0.4652368724346161
Epoch: 112, AccTr: 0.9628999829292297, AccVa: 0.8834999799728394, CeTr: 0.10610979050397873, CeVa: 0.528134286403656
Epoch: 113, AccTr: 0.9639999866485596, AccVa: 0.8654999732971191, CeTr: 0.10638356953859329, CeVa: 0.5451169610023499
Epoch: 114, AccTr: 0.9613000154495239, AccVa: 0.878000020980835, CeTr: 0.11474882811307907, CeVa: 0.4980601370334625
Epoch: 115, AccTr: 0.9603999853134155, AccVa: 0.875, CeTr: 0.11245162039995193, CeVa: 0.5238548517227173
ENSEMBLE | Tr_Acc: 0.9969000220298767, Tr_CE: 0.022020140662789345, Va_Acc: 0.940500020980835, Va_CE: 0.21621911227703094
Epoch: 116, AccTr: 0.9641000032424927, AccVa: 0.8725000023841858, CeTr: 0.10452558845281601, CeVa: 0.5264568328857422
Epoch: 117, AccTr: 0.9634000062942505, AccVa: 0.8914999961853027, CeTr: 0.1079193726181984, CeVa: 0.4536716341972351
Epoch: 118, AccTr: 0.9617999792098999, AccVa: 0.8610000014305115, CeTr: 0.10831919312477112, CeVa: 0.5818477869033813
Epoch: 119, AccTr: 0.9631999731063843, AccVa: 0.8805000185966492, CeTr: 0.10508964955806732, CeVa: 0.48475271463394165
Epoch: 120, AccTr: 0.963100016117096, AccVa: 0.8774999976158142, CeTr: 0.10936501622200012, CeVa: 0.508388102054596
ENSEMBLE | Tr_Acc: 0.9969000220298767, Tr_CE: 0.02191542461514473, Va_Acc: 0.9399999976158142, Va_CE: 0.21763718128204346
Epoch: 121, AccTr: 0.963100016117096, AccVa: 0.8730000257492065, CeTr: 0.10620908439159393, CeVa: 0.5143806338310242
Epoch: 122, AccTr: 0.9617999792098999, AccVa: 0.8740000128746033, CeTr: 0.1097365990281105, CeVa: 0.5586254000663757
Epoch: 123, AccTr: 0.9613000154495239, AccVa: 0.8769999742507935, CeTr: 0.10943455994129181, CeVa: 0.546607255935669
Epoch: 124, AccTr: 0.9595000147819519, AccVa: 0.8675000071525574, CeTr: 0.11369521170854568, CeVa: 0.5434049367904663
Epoch: 125, AccTr: 0.9621000289916992, AccVa: 0.8740000128746033, CeTr: 0.10566020756959915, CeVa: 0.5032699704170227
ENSEMBLE | Tr_Acc: 0.9968000054359436, Tr_CE: 0.021742181852459908, Va_Acc: 0.940500020980835, Va_CE: 0.21673350036144257
Epoch: 126, AccTr: 0.9588000178337097, AccVa: 0.887499988079071, CeTr: 0.11452138423919678, CeVa: 0.4989875853061676
Epoch: 127, AccTr: 0.9574999809265137, AccVa: 0.8565000295639038, CeTr: 0.11686451733112335, CeVa: 0.5505072474479675
Epoch: 128, AccTr: 0.9621999859809875, AccVa: 0.8629999756813049, CeTr: 0.10944561660289764, CeVa: 0.5255323648452759
Epoch: 129, AccTr: 0.9642999768257141, AccVa: 0.8715000152587891, CeTr: 0.10586506128311157, CeVa: 0.5121674537658691
Epoch: 130, AccTr: 0.9610999822616577, AccVa: 0.8840000033378601, CeTr: 0.10596777498722076, CeVa: 0.4785872995853424
ENSEMBLE | Tr_Acc: 0.996999979019165, Tr_CE: 0.021538030356168747, Va_Acc: 0.9424999952316284, Va_CE: 0.21540188789367676
Epoch: 131, AccTr: 0.9646000266075134, AccVa: 0.8740000128746033, CeTr: 0.10421165823936462, CeVa: 0.5385015606880188
Epoch: 132, AccTr: 0.9602000117301941, AccVa: 0.8815000057220459, CeTr: 0.10992961376905441, CeVa: 0.5096514225006104
Epoch: 133, AccTr: 0.9638000130653381, AccVa: 0.8809999823570251, CeTr: 0.10733059048652649, CeVa: 0.51960289478302
Epoch: 134, AccTr: 0.9603000283241272, AccVa: 0.8769999742507935, CeTr: 0.11144902557134628, CeVa: 0.5151382088661194
Epoch: 135, AccTr: 0.9620000123977661, AccVa: 0.8784999847412109, CeTr: 0.10395099222660065, CeVa: 0.4733917713165283
ENSEMBLE | Tr_Acc: 0.9969000220298767, Tr_CE: 0.021398110315203667, Va_Acc: 0.9419999718666077, Va_CE: 0.21449615061283112
Epoch: 136, AccTr: 0.9623000025749207, AccVa: 0.8705000281333923, CeTr: 0.10733277350664139, CeVa: 0.4751138389110565
Epoch: 137, AccTr: 0.958299994468689, AccVa: 0.8730000257492065, CeTr: 0.1126987412571907, CeVa: 0.495540589094162
Epoch: 138, AccTr: 0.9605000019073486, AccVa: 0.8784999847412109, CeTr: 0.11005524545907974, CeVa: 0.4763098657131195
Epoch: 139, AccTr: 0.9613000154495239, AccVa: 0.8744999766349792, CeTr: 0.10856374353170395, CeVa: 0.47793081402778625
Epoch: 140, AccTr: 0.9598000049591064, AccVa: 0.8734999895095825, CeTr: 0.11353141814470291, CeVa: 0.5093757510185242
ENSEMBLE | Tr_Acc: 0.9969000220298767, Tr_CE: 0.021347250789403915, Va_Acc: 0.9415000081062317, Va_CE: 0.21515436470508575
Epoch: 141, AccTr: 0.9598000049591064, AccVa: 0.8849999904632568, CeTr: 0.11445078253746033, CeVa: 0.4538067877292633
Epoch: 142, AccTr: 0.9613999724388123, AccVa: 0.8815000057220459, CeTr: 0.10884939134120941, CeVa: 0.4738527238368988
Epoch: 143, AccTr: 0.9613000154495239, AccVa: 0.890500009059906, CeTr: 0.11087355762720108, CeVa: 0.46552449464797974
Epoch: 144, AccTr: 0.9620000123977661, AccVa: 0.8834999799728394, CeTr: 0.10720784962177277, CeVa: 0.4422016441822052
Epoch: 145, AccTr: 0.9592000246047974, AccVa: 0.8859999775886536, CeTr: 0.11205144971609116, CeVa: 0.4391063153743744
ENSEMBLE | Tr_Acc: 0.9965999722480774, Tr_CE: 0.02132604643702507, Va_Acc: 0.9424999952316284, Va_CE: 0.2133437842130661
Epoch: 146, AccTr: 0.9605000019073486, AccVa: 0.8769999742507935, CeTr: 0.10653208941221237, CeVa: 0.504012942314148
Epoch: 147, AccTr: 0.9609000086784363, AccVa: 0.8734999895095825, CeTr: 0.10973247140645981, CeVa: 0.48277050256729126
Epoch: 148, AccTr: 0.9625999927520752, AccVa: 0.8759999871253967, CeTr: 0.10638406872749329, CeVa: 0.47825953364372253
Epoch: 149, AccTr: 0.9610000252723694, AccVa: 0.8690000176429749, CeTr: 0.11010483652353287, CeVa: 0.5018138885498047
Epoch: 150, AccTr: 0.963699996471405, AccVa: 0.8705000281333923, CeTr: 0.10680222511291504, CeVa: 0.5583510994911194
ENSEMBLE | Tr_Acc: 0.996999979019165, Tr_CE: 0.021092016249895096, Va_Acc: 0.9440000057220459, Va_CE: 0.2146400362253189
Epoch: 151, AccTr: 0.9635000228881836, AccVa: 0.8865000009536743, CeTr: 0.10668687522411346, CeVa: 0.5046788454055786
Epoch: 152, AccTr: 0.9624999761581421, AccVa: 0.8759999871253967, CeTr: 0.10622723400592804, CeVa: 0.519572377204895
Epoch: 153, AccTr: 0.9656000137329102, AccVa: 0.8744999766349792, CeTr: 0.10310100018978119, CeVa: 0.512688159942627
Epoch: 154, AccTr: 0.9628000259399414, AccVa: 0.8765000104904175, CeTr: 0.10867919772863388, CeVa: 0.48073676228523254
Epoch: 155, AccTr: 0.9632999897003174, AccVa: 0.8700000047683716, CeTr: 0.1055954322218895, CeVa: 0.5149670243263245
ENSEMBLE | Tr_Acc: 0.996999979019165, Tr_CE: 0.020935406908392906, Va_Acc: 0.9434999823570251, Va_CE: 0.21414563059806824
Epoch: 156, AccTr: 0.9610999822616577, AccVa: 0.8755000233650208, CeTr: 0.1079154908657074, CeVa: 0.4892716109752655
Epoch: 157, AccTr: 0.9606000185012817, AccVa: 0.8784999847412109, CeTr: 0.10781966894865036, CeVa: 0.49068379402160645
Epoch: 158, AccTr: 0.9641000032424927, AccVa: 0.8715000152587891, CeTr: 0.10482325404882431, CeVa: 0.49180206656455994
Epoch: 159, AccTr: 0.9620000123977661, AccVa: 0.8669999837875366, CeTr: 0.10827380418777466, CeVa: 0.5402778387069702
Epoch: 160, AccTr: 0.9627000093460083, AccVa: 0.8725000023841858, CeTr: 0.10935492813587189, CeVa: 0.49670302867889404
ENSEMBLE | Tr_Acc: 0.996999979019165, Tr_CE: 0.02083410881459713, Va_Acc: 0.9430000185966492, Va_CE: 0.21353016793727875
Epoch: 161, AccTr: 0.9629999995231628, AccVa: 0.8765000104904175, CeTr: 0.10533621907234192, CeVa: 0.470607727766037
Epoch: 162, AccTr: 0.9607999920845032, AccVa: 0.8734999895095825, CeTr: 0.11009480059146881, CeVa: 0.5111438035964966
Epoch: 163, AccTr: 0.9641000032424927, AccVa: 0.8744999766349792, CeTr: 0.09949913620948792, CeVa: 0.4711233377456665
Epoch: 164, AccTr: 0.9642999768257141, AccVa: 0.8824999928474426, CeTr: 0.10384803265333176, CeVa: 0.49095964431762695
Epoch: 165, AccTr: 0.9648000001907349, AccVa: 0.8805000185966492, CeTr: 0.10374708473682404, CeVa: 0.47707173228263855
ENSEMBLE | Tr_Acc: 0.9968000054359436, Tr_CE: 0.020688794553279877, Va_Acc: 0.9434999823570251, Va_CE: 0.21243660151958466
Epoch: 166, AccTr: 0.9642999768257141, AccVa: 0.8845000267028809, CeTr: 0.10136768221855164, CeVa: 0.47375383973121643
Epoch: 167, AccTr: 0.9624999761581421, AccVa: 0.8765000104904175, CeTr: 0.10840661823749542, CeVa: 0.5152971148490906
Epoch: 168, AccTr: 0.9639000296592712, AccVa: 0.8694999814033508, CeTr: 0.10634814202785492, CeVa: 0.5089665055274963
Epoch: 169, AccTr: 0.9610000252723694, AccVa: 0.8794999718666077, CeTr: 0.10808032006025314, CeVa: 0.47844311594963074
Epoch: 170, AccTr: 0.9617999792098999, AccVa: 0.8700000047683716, CeTr: 0.10531184077262878, CeVa: 0.4991912841796875
ENSEMBLE | Tr_Acc: 0.9968000054359436, Tr_CE: 0.020548254251480103, Va_Acc: 0.9434999823570251, Va_CE: 0.21247680485248566
Epoch: 171, AccTr: 0.963100016117096, AccVa: 0.8715000152587891, CeTr: 0.10263729095458984, CeVa: 0.5322403907775879
Epoch: 172, AccTr: 0.9602000117301941, AccVa: 0.8575000166893005, CeTr: 0.10726777464151382, CeVa: 0.5671886205673218
Epoch: 173, AccTr: 0.9656999707221985, AccVa: 0.8884999752044678, CeTr: 0.10127084702253342, CeVa: 0.46241864562034607
Epoch: 174, AccTr: 0.9635999798774719, AccVa: 0.878000020980835, CeTr: 0.1008356586098671, CeVa: 0.45819905400276184
Epoch: 175, AccTr: 0.963100016117096, AccVa: 0.8669999837875366, CeTr: 0.10471349954605103, CeVa: 0.5430872440338135
ENSEMBLE | Tr_Acc: 0.9969000220298767, Tr_CE: 0.020397963002324104, Va_Acc: 0.9430000185966492, Va_CE: 0.21283544600009918
Epoch: 176, AccTr: 0.9642999768257141, AccVa: 0.8740000128746033, CeTr: 0.1023121252655983, CeVa: 0.5229531526565552
Epoch: 177, AccTr: 0.9614999890327454, AccVa: 0.8799999952316284, CeTr: 0.10731235146522522, CeVa: 0.5173368453979492
Epoch: 178, AccTr: 0.9634000062942505, AccVa: 0.8820000290870667, CeTr: 0.10604344308376312, CeVa: 0.5044402480125427
Epoch: 179, AccTr: 0.9602000117301941, AccVa: 0.8629999756813049, CeTr: 0.1095455214381218, CeVa: 0.5056924223899841
Epoch: 180, AccTr: 0.9617999792098999, AccVa: 0.8755000233650208, CeTr: 0.10766635835170746, CeVa: 0.49564826488494873
ENSEMBLE | Tr_Acc: 0.9968000054359436, Tr_CE: 0.020294591784477234, Va_Acc: 0.9409999847412109, Va_CE: 0.2125168889760971
Epoch: 181, AccTr: 0.9614999890327454, AccVa: 0.8765000104904175, CeTr: 0.10752713680267334, CeVa: 0.47760316729545593
Epoch: 182, AccTr: 0.963100016117096, AccVa: 0.878000020980835, CeTr: 0.10424836724996567, CeVa: 0.4661658704280853
Epoch: 183, AccTr: 0.9634000062942505, AccVa: 0.8805000185966492, CeTr: 0.10291817784309387, CeVa: 0.5368267893791199
Epoch: 184, AccTr: 0.9624000191688538, AccVa: 0.8705000281333923, CeTr: 0.1087929904460907, CeVa: 0.5124326348304749
Epoch: 185, AccTr: 0.9631999731063843, AccVa: 0.8769999742507935, CeTr: 0.10364045202732086, CeVa: 0.4698651134967804
ENSEMBLE | Tr_Acc: 0.9968000054359436, Tr_CE: 0.020227251574397087, Va_Acc: 0.9424999952316284, Va_CE: 0.21278174221515656
Epoch: 186, AccTr: 0.965399980545044, AccVa: 0.878000020980835, CeTr: 0.10080189257860184, CeVa: 0.5236269235610962
Epoch: 187, AccTr: 0.9625999927520752, AccVa: 0.8679999709129333, CeTr: 0.10389697551727295, CeVa: 0.5339829921722412
Epoch: 188, AccTr: 0.9621999859809875, AccVa: 0.8784999847412109, CeTr: 0.10609468817710876, CeVa: 0.5375746488571167
Epoch: 189, AccTr: 0.963100016117096, AccVa: 0.8774999976158142, CeTr: 0.10609956085681915, CeVa: 0.4800890386104584
Epoch: 190, AccTr: 0.9642999768257141, AccVa: 0.8784999847412109, CeTr: 0.10699044167995453, CeVa: 0.4761054217815399
ENSEMBLE | Tr_Acc: 0.9966999888420105, Tr_CE: 0.02013259567320347, Va_Acc: 0.9424999952316284, Va_CE: 0.2120208442211151
Epoch: 191, AccTr: 0.9631999731063843, AccVa: 0.8659999966621399, CeTr: 0.10017980635166168, CeVa: 0.5423089861869812
Epoch: 192, AccTr: 0.9629999995231628, AccVa: 0.8794999718666077, CeTr: 0.10349606722593307, CeVa: 0.4654427170753479
Epoch: 193, AccTr: 0.961899995803833, AccVa: 0.8799999952316284, CeTr: 0.1042669340968132, CeVa: 0.5093794465065002
Epoch: 194, AccTr: 0.9635999798774719, AccVa: 0.8709999918937683, CeTr: 0.10480363667011261, CeVa: 0.5382874608039856
Epoch: 195, AccTr: 0.9638000130653381, AccVa: 0.8774999976158142, CeTr: 0.10213985294103622, CeVa: 0.4959871470928192
ENSEMBLE | Tr_Acc: 0.9966999888420105, Tr_CE: 0.02002471312880516, Va_Acc: 0.9434999823570251, Va_CE: 0.2122461050748825
Epoch: 196, AccTr: 0.9613000154495239, AccVa: 0.8815000057220459, CeTr: 0.10607409477233887, CeVa: 0.48471203446388245
Epoch: 197, AccTr: 0.9628000259399414, AccVa: 0.8865000009536743, CeTr: 0.10684631019830704, CeVa: 0.46653425693511963
Epoch: 198, AccTr: 0.964900016784668, AccVa: 0.8744999766349792, CeTr: 0.10153547674417496, CeVa: 0.49215424060821533
Epoch: 199, AccTr: 0.9639000296592712, AccVa: 0.8759999871253967, CeTr: 0.1065204069018364, CeVa: 0.4890781044960022
Epoch: 200, AccTr: 0.9652000069618225, AccVa: 0.8755000233650208, CeTr: 0.1026451513171196, CeVa: 0.5112149119377136
ENSEMBLE | Tr_Acc: 0.9969000220298767, Tr_CE: 0.019922522827982903, Va_Acc: 0.9430000185966492, Va_CE: 0.21234411001205444
NN CONFIG
Weight-type:		ternary
Layout									Layer #1: 250	Layer #2: 220	
Activation Functions					Layer #1: ets	Layer #2: ets	
Keep probabilities		Layer #0: 1.0	Layer #1: 1.0	Layer #2: 1.0	
Flat factors							Layer #1: 1.0	Layer #2: 1.0	Layer #3: 1.0	
Activation Noise						Layer #1: 0.0	Layer #2: 0.0	Layer #3: 0.0	
Prior: 0.8

===================================

RUN CONFIG
Epochs: 200, Blocksize: 4

===================================

Input binarization: False
Pretrained network accuracy: 0.9912999868392944
Epoch: 0, AccTr: 0.34380000829696655, AccVa: 0.34950000047683716, CeTr: 5.643667221069336, CeVa: 5.5735764503479
Epoch: 1, AccTr: 0.9434999823570251, AccVa: 0.8865000009536743, CeTr: 0.1633143126964569, CeVa: 0.4411774277687073
Epoch: 2, AccTr: 0.9589999914169312, AccVa: 0.8895000219345093, CeTr: 0.11943569034337997, CeVa: 0.4567660987377167
Epoch: 3, AccTr: 0.9617999792098999, AccVa: 0.8830000162124634, CeTr: 0.10976054519414902, CeVa: 0.446990430355072
Epoch: 4, AccTr: 0.9573000073432922, AccVa: 0.8820000290870667, CeTr: 0.11588210612535477, CeVa: 0.4658206105232239
Epoch: 5, AccTr: 0.9592000246047974, AccVa: 0.8840000033378601, CeTr: 0.1124955415725708, CeVa: 0.46221834421157837
Epoch: 6, AccTr: 0.9606999754905701, AccVa: 0.8834999799728394, CeTr: 0.10949676483869553, CeVa: 0.45795851945877075
Epoch: 7, AccTr: 0.9591000080108643, AccVa: 0.8834999799728394, CeTr: 0.11344427615404129, CeVa: 0.4703889787197113
Epoch: 8, AccTr: 0.9635000228881836, AccVa: 0.890500009059906, CeTr: 0.10579316318035126, CeVa: 0.4483511447906494
Epoch: 9, AccTr: 0.9603999853134155, AccVa: 0.8880000114440918, CeTr: 0.1115831807255745, CeVa: 0.46380364894866943
Epoch: 10, AccTr: 0.9652000069618225, AccVa: 0.8820000290870667, CeTr: 0.10810188949108124, CeVa: 0.4822998642921448
ENSEMBLE | Tr_Acc: 0.9652000069618225, Tr_CE: 0.10810188949108124, Va_Acc: 0.8820000290870667, Va_CE: 0.4822998642921448
Epoch: 11, AccTr: 0.9628999829292297, AccVa: 0.8799999952316284, CeTr: 0.1085268035531044, CeVa: 0.46796104311943054
Epoch: 12, AccTr: 0.9588000178337097, AccVa: 0.875, CeTr: 0.11092671006917953, CeVa: 0.491658091545105
Epoch: 13, AccTr: 0.9611999988555908, AccVa: 0.8820000290870667, CeTr: 0.10769525170326233, CeVa: 0.47609853744506836
Epoch: 14, AccTr: 0.958299994468689, AccVa: 0.8840000033378601, CeTr: 0.11640308797359467, CeVa: 0.4425962567329407
Epoch: 15, AccTr: 0.9614999890327454, AccVa: 0.8794999718666077, CeTr: 0.11150283366441727, CeVa: 0.47985875606536865
ENSEMBLE | Tr_Acc: 0.9846000075340271, Tr_CE: 0.05371749401092529, Va_Acc: 0.9190000295639038, Va_CE: 0.33606600761413574
Epoch: 16, AccTr: 0.9611999988555908, AccVa: 0.8824999928474426, CeTr: 0.11060415208339691, CeVa: 0.47703975439071655
Epoch: 17, AccTr: 0.9606999754905701, AccVa: 0.8794999718666077, CeTr: 0.1068488284945488, CeVa: 0.524380624294281
Epoch: 18, AccTr: 0.9625999927520752, AccVa: 0.8794999718666077, CeTr: 0.10683959722518921, CeVa: 0.4736727774143219
Epoch: 19, AccTr: 0.9632999897003174, AccVa: 0.8855000138282776, CeTr: 0.10421911627054214, CeVa: 0.479775995016098
Epoch: 20, AccTr: 0.9628000259399414, AccVa: 0.875, CeTr: 0.1067347377538681, CeVa: 0.47639352083206177
ENSEMBLE | Tr_Acc: 0.9909999966621399, Tr_CE: 0.0397842638194561, Va_Acc: 0.9259999990463257, Va_CE: 0.29150688648223877
Epoch: 21, AccTr: 0.9609000086784363, AccVa: 0.8755000233650208, CeTr: 0.11186689138412476, CeVa: 0.48485320806503296
Epoch: 22, AccTr: 0.965499997138977, AccVa: 0.8784999847412109, CeTr: 0.10133938491344452, CeVa: 0.46774935722351074
Epoch: 23, AccTr: 0.9606000185012817, AccVa: 0.8769999742507935, CeTr: 0.10631430894136429, CeVa: 0.45011600852012634
Epoch: 24, AccTr: 0.9605000019073486, AccVa: 0.8705000281333923, CeTr: 0.1105627790093422, CeVa: 0.4821166396141052
Epoch: 25, AccTr: 0.9606999754905701, AccVa: 0.8734999895095825, CeTr: 0.10869519412517548, CeVa: 0.4853929579257965
ENSEMBLE | Tr_Acc: 0.9925000071525574, Tr_CE: 0.03389812633395195, Va_Acc: 0.934499979019165, Va_CE: 0.2683200240135193
Epoch: 26, AccTr: 0.9621000289916992, AccVa: 0.8759999871253967, CeTr: 0.10497096925973892, CeVa: 0.4864766001701355
Epoch: 27, AccTr: 0.9624000191688538, AccVa: 0.8734999895095825, CeTr: 0.10800067335367203, CeVa: 0.4781694710254669
Epoch: 28, AccTr: 0.9607999920845032, AccVa: 0.8705000281333923, CeTr: 0.10764716565608978, CeVa: 0.47212734818458557
Epoch: 29, AccTr: 0.9613999724388123, AccVa: 0.8790000081062317, CeTr: 0.1081206202507019, CeVa: 0.5105301737785339
Epoch: 30, AccTr: 0.961899995803833, AccVa: 0.8755000233650208, CeTr: 0.10609281063079834, CeVa: 0.5013703107833862
ENSEMBLE | Tr_Acc: 0.9932000041007996, Tr_CE: 0.030108734965324402, Va_Acc: 0.934499979019165, Va_CE: 0.25594666600227356
Epoch: 31, AccTr: 0.9610000252723694, AccVa: 0.8799999952316284, CeTr: 0.10616044700145721, CeVa: 0.48049765825271606
Epoch: 32, AccTr: 0.9611999988555908, AccVa: 0.8809999823570251, CeTr: 0.10406132787466049, CeVa: 0.48415708541870117
Epoch: 33, AccTr: 0.9621000289916992, AccVa: 0.8859999775886536, CeTr: 0.11035291850566864, CeVa: 0.4865935742855072
Epoch: 34, AccTr: 0.9621000289916992, AccVa: 0.8895000219345093, CeTr: 0.10562194883823395, CeVa: 0.457633912563324
Epoch: 35, AccTr: 0.9628000259399414, AccVa: 0.8794999718666077, CeTr: 0.10639506578445435, CeVa: 0.4517524540424347
ENSEMBLE | Tr_Acc: 0.9939000010490417, Tr_CE: 0.02793317288160324, Va_Acc: 0.9380000233650208, Va_CE: 0.24185633659362793
Epoch: 36, AccTr: 0.9610999822616577, AccVa: 0.8784999847412109, CeTr: 0.10883210599422455, CeVa: 0.46036216616630554
Epoch: 37, AccTr: 0.9635999798774719, AccVa: 0.8769999742507935, CeTr: 0.10603078454732895, CeVa: 0.46869292855262756
Epoch: 38, AccTr: 0.9624999761581421, AccVa: 0.8880000114440918, CeTr: 0.10710468888282776, CeVa: 0.4625156819820404
Epoch: 39, AccTr: 0.9613999724388123, AccVa: 0.875, CeTr: 0.10918985307216644, CeVa: 0.4957274794578552
Epoch: 40, AccTr: 0.9663000106811523, AccVa: 0.8865000009536743, CeTr: 0.10095614939928055, CeVa: 0.4527449607849121
ENSEMBLE | Tr_Acc: 0.9941999912261963, Tr_CE: 0.02630643919110298, Va_Acc: 0.9390000104904175, Va_CE: 0.23126456141471863
Epoch: 41, AccTr: 0.9621000289916992, AccVa: 0.8805000185966492, CeTr: 0.10657019168138504, CeVa: 0.45770522952079773
Epoch: 42, AccTr: 0.9635000228881836, AccVa: 0.8830000162124634, CeTr: 0.10427690297365189, CeVa: 0.44346076250076294
Epoch: 43, AccTr: 0.9616000056266785, AccVa: 0.8859999775886536, CeTr: 0.10730163753032684, CeVa: 0.45143720507621765
Epoch: 44, AccTr: 0.9642999768257141, AccVa: 0.8774999976158142, CeTr: 0.10505640506744385, CeVa: 0.4791608452796936
Epoch: 45, AccTr: 0.9611999988555908, AccVa: 0.8845000267028809, CeTr: 0.11040361225605011, CeVa: 0.44267261028289795
ENSEMBLE | Tr_Acc: 0.9948999881744385, Tr_CE: 0.02558315172791481, Va_Acc: 0.9394999742507935, Va_CE: 0.22295653820037842
Epoch: 46, AccTr: 0.9599000215530396, AccVa: 0.8830000162124634, CeTr: 0.11279279738664627, CeVa: 0.4856519401073456
Epoch: 47, AccTr: 0.9617999792098999, AccVa: 0.8840000033378601, CeTr: 0.10773947834968567, CeVa: 0.4532688558101654
Epoch: 48, AccTr: 0.9613999724388123, AccVa: 0.8865000009536743, CeTr: 0.11063039302825928, CeVa: 0.4644317626953125
Epoch: 49, AccTr: 0.9614999890327454, AccVa: 0.8820000290870667, CeTr: 0.10694523900747299, CeVa: 0.5050918459892273
Epoch: 50, AccTr: 0.9628999829292297, AccVa: 0.8840000033378601, CeTr: 0.10672392696142197, CeVa: 0.48731255531311035
ENSEMBLE | Tr_Acc: 0.9952999949455261, Tr_CE: 0.024962279945611954, Va_Acc: 0.9394999742507935, Va_CE: 0.22264708578586578
Epoch: 51, AccTr: 0.9616000056266785, AccVa: 0.871999979019165, CeTr: 0.10832981020212173, CeVa: 0.5202658176422119
Epoch: 52, AccTr: 0.9613999724388123, AccVa: 0.8820000290870667, CeTr: 0.10765346884727478, CeVa: 0.4548228085041046
Epoch: 53, AccTr: 0.9599999785423279, AccVa: 0.8790000081062317, CeTr: 0.10998532921075821, CeVa: 0.47747156023979187
Epoch: 54, AccTr: 0.9611999988555908, AccVa: 0.8870000243186951, CeTr: 0.10740271210670471, CeVa: 0.4633287191390991
Epoch: 55, AccTr: 0.9620000123977661, AccVa: 0.878000020980835, CeTr: 0.10612539947032928, CeVa: 0.4930564761161804
ENSEMBLE | Tr_Acc: 0.9954000115394592, Tr_CE: 0.024102283641695976, Va_Acc: 0.9399999976158142, Va_CE: 0.2208499163389206
Epoch: 56, AccTr: 0.958299994468689, AccVa: 0.8709999918937683, CeTr: 0.11020033061504364, CeVa: 0.495199054479599
Epoch: 57, AccTr: 0.9623000025749207, AccVa: 0.8824999928474426, CeTr: 0.1100490465760231, CeVa: 0.4784136414527893
Epoch: 58, AccTr: 0.9613999724388123, AccVa: 0.8865000009536743, CeTr: 0.10834641009569168, CeVa: 0.4289838373661041
Epoch: 59, AccTr: 0.9643999934196472, AccVa: 0.8744999766349792, CeTr: 0.10468117892742157, CeVa: 0.5138772130012512
Epoch: 60, AccTr: 0.9620000123977661, AccVa: 0.8725000023841858, CeTr: 0.1062796413898468, CeVa: 0.47631561756134033
ENSEMBLE | Tr_Acc: 0.9962000250816345, Tr_CE: 0.023430271074175835, Va_Acc: 0.9419999718666077, Va_CE: 0.2177766114473343
Epoch: 61, AccTr: 0.9617000222206116, AccVa: 0.8794999718666077, CeTr: 0.10342784225940704, CeVa: 0.5124619603157043
Epoch: 62, AccTr: 0.9635000228881836, AccVa: 0.8730000257492065, CeTr: 0.10100170969963074, CeVa: 0.4965519309043884
Epoch: 63, AccTr: 0.9603000283241272, AccVa: 0.871999979019165, CeTr: 0.10656634718179703, CeVa: 0.48733580112457275
Epoch: 64, AccTr: 0.9614999890327454, AccVa: 0.8845000267028809, CeTr: 0.1044163852930069, CeVa: 0.47200533747673035
Epoch: 65, AccTr: 0.9621000289916992, AccVa: 0.8820000290870667, CeTr: 0.1043279692530632, CeVa: 0.4984908401966095
ENSEMBLE | Tr_Acc: 0.9962000250816345, Tr_CE: 0.022799823433160782, Va_Acc: 0.940500020980835, Va_CE: 0.2173425555229187
Epoch: 66, AccTr: 0.9635999798774719, AccVa: 0.8744999766349792, CeTr: 0.10237140953540802, CeVa: 0.4861676096916199
Epoch: 67, AccTr: 0.9624000191688538, AccVa: 0.8815000057220459, CeTr: 0.1021805852651596, CeVa: 0.4660174548625946
Epoch: 68, AccTr: 0.9639000296592712, AccVa: 0.8734999895095825, CeTr: 0.10746704041957855, CeVa: 0.49060672521591187
Epoch: 69, AccTr: 0.9620000123977661, AccVa: 0.8870000243186951, CeTr: 0.10747449100017548, CeVa: 0.48140963912010193
Epoch: 70, AccTr: 0.9638000130653381, AccVa: 0.8755000233650208, CeTr: 0.10920904576778412, CeVa: 0.49660807847976685
ENSEMBLE | Tr_Acc: 0.9962999820709229, Tr_CE: 0.022381305694580078, Va_Acc: 0.9419999718666077, Va_CE: 0.21589532494544983
Epoch: 71, AccTr: 0.9629999995231628, AccVa: 0.8840000033378601, CeTr: 0.10431479662656784, CeVa: 0.5003766417503357
Epoch: 72, AccTr: 0.9624000191688538, AccVa: 0.8809999823570251, CeTr: 0.10565352439880371, CeVa: 0.4911491870880127
Epoch: 73, AccTr: 0.9613999724388123, AccVa: 0.8884999752044678, CeTr: 0.10717524588108063, CeVa: 0.43472152948379517
Epoch: 74, AccTr: 0.961899995803833, AccVa: 0.8849999904632568, CeTr: 0.10850243270397186, CeVa: 0.47660031914711
Epoch: 75, AccTr: 0.9628000259399414, AccVa: 0.8705000281333923, CeTr: 0.10685458779335022, CeVa: 0.48884356021881104
ENSEMBLE | Tr_Acc: 0.9958999752998352, Tr_CE: 0.022054998204112053, Va_Acc: 0.9430000185966492, Va_CE: 0.215321347117424
Epoch: 76, AccTr: 0.9585000276565552, AccVa: 0.8849999904632568, CeTr: 0.10837597399950027, CeVa: 0.4682634472846985
Epoch: 77, AccTr: 0.9629999995231628, AccVa: 0.8820000290870667, CeTr: 0.10051650553941727, CeVa: 0.4629143178462982
Epoch: 78, AccTr: 0.9649999737739563, AccVa: 0.8759999871253967, CeTr: 0.10137103497982025, CeVa: 0.4632839858531952
Epoch: 79, AccTr: 0.963100016117096, AccVa: 0.8684999942779541, CeTr: 0.10429687798023224, CeVa: 0.5616437196731567
Epoch: 80, AccTr: 0.9624999761581421, AccVa: 0.8740000128746033, CeTr: 0.1051572635769844, CeVa: 0.5150558948516846
ENSEMBLE | Tr_Acc: 0.9959999918937683, Tr_CE: 0.021623549982905388, Va_Acc: 0.9424999952316284, Va_CE: 0.21484294533729553
Epoch: 81, AccTr: 0.958299994468689, AccVa: 0.8744999766349792, CeTr: 0.1079244390130043, CeVa: 0.5131968259811401
Epoch: 82, AccTr: 0.9611999988555908, AccVa: 0.8790000081062317, CeTr: 0.1118333637714386, CeVa: 0.5030507445335388
Epoch: 83, AccTr: 0.9635000228881836, AccVa: 0.8840000033378601, CeTr: 0.10306989401578903, CeVa: 0.4723956882953644
Epoch: 84, AccTr: 0.963100016117096, AccVa: 0.875, CeTr: 0.10396125167608261, CeVa: 0.47646579146385193
Epoch: 85, AccTr: 0.9650999903678894, AccVa: 0.8759999871253967, CeTr: 0.09858344495296478, CeVa: 0.5059545040130615
ENSEMBLE | Tr_Acc: 0.9962000250816345, Tr_CE: 0.02123916521668434, Va_Acc: 0.9424999952316284, Va_CE: 0.215028777718544
Epoch: 86, AccTr: 0.9610000252723694, AccVa: 0.8744999766349792, CeTr: 0.10919748246669769, CeVa: 0.5158175230026245
Epoch: 87, AccTr: 0.9613000154495239, AccVa: 0.8820000290870667, CeTr: 0.10989848524332047, CeVa: 0.4994031488895416
Epoch: 88, AccTr: 0.9595000147819519, AccVa: 0.8734999895095825, CeTr: 0.11184476315975189, CeVa: 0.4730982780456543
Epoch: 89, AccTr: 0.9610000252723694, AccVa: 0.8709999918937683, CeTr: 0.10869202017784119, CeVa: 0.5402868390083313
Epoch: 90, AccTr: 0.9625999927520752, AccVa: 0.8730000257492065, CeTr: 0.10567502677440643, CeVa: 0.5082687735557556
ENSEMBLE | Tr_Acc: 0.9966999888420105, Tr_CE: 0.020958181470632553, Va_Acc: 0.9424999952316284, Va_CE: 0.21432219445705414
Epoch: 91, AccTr: 0.9621999859809875, AccVa: 0.8809999823570251, CeTr: 0.1108640730381012, CeVa: 0.4893735349178314
Epoch: 92, AccTr: 0.963100016117096, AccVa: 0.878000020980835, CeTr: 0.10473737865686417, CeVa: 0.4939062297344208
Epoch: 93, AccTr: 0.9625999927520752, AccVa: 0.8824999928474426, CeTr: 0.1029834970831871, CeVa: 0.4722306430339813
Epoch: 94, AccTr: 0.9627000093460083, AccVa: 0.8790000081062317, CeTr: 0.1024535521864891, CeVa: 0.4903658330440521
Epoch: 95, AccTr: 0.9628000259399414, AccVa: 0.8759999871253967, CeTr: 0.10602066665887833, CeVa: 0.5106112360954285
ENSEMBLE | Tr_Acc: 0.996399998664856, Tr_CE: 0.020770946517586708, Va_Acc: 0.9409999847412109, Va_CE: 0.21437115967273712
Epoch: 96, AccTr: 0.9606000185012817, AccVa: 0.8809999823570251, CeTr: 0.10402252525091171, CeVa: 0.4766407608985901
Epoch: 97, AccTr: 0.9625999927520752, AccVa: 0.8824999928474426, CeTr: 0.10481122136116028, CeVa: 0.47967639565467834
Epoch: 98, AccTr: 0.9643999934196472, AccVa: 0.8855000138282776, CeTr: 0.1013428196310997, CeVa: 0.5036668181419373
Epoch: 99, AccTr: 0.9646999835968018, AccVa: 0.8709999918937683, CeTr: 0.1012297123670578, CeVa: 0.5036780834197998
Epoch: 100, AccTr: 0.9588000178337097, AccVa: 0.8784999847412109, CeTr: 0.11253747344017029, CeVa: 0.47992250323295593
ENSEMBLE | Tr_Acc: 0.996399998664856, Tr_CE: 0.020721422508358955, Va_Acc: 0.9424999952316284, Va_CE: 0.21520723402500153
Epoch: 101, AccTr: 0.9639999866485596, AccVa: 0.8834999799728394, CeTr: 0.10351508855819702, CeVa: 0.5158514976501465
Epoch: 102, AccTr: 0.9649999737739563, AccVa: 0.8794999718666077, CeTr: 0.10051082819700241, CeVa: 0.461180716753006
Epoch: 103, AccTr: 0.9606999754905701, AccVa: 0.8629999756813049, CeTr: 0.11208318918943405, CeVa: 0.5378586053848267
Epoch: 104, AccTr: 0.9634000062942505, AccVa: 0.8740000128746033, CeTr: 0.10694883018732071, CeVa: 0.5378118753433228
Epoch: 105, AccTr: 0.9639000296592712, AccVa: 0.8684999942779541, CeTr: 0.1051119714975357, CeVa: 0.5400367975234985
ENSEMBLE | Tr_Acc: 0.9965999722480774, Tr_CE: 0.020402325317263603, Va_Acc: 0.9434999823570251, Va_CE: 0.216936856508255
Epoch: 106, AccTr: 0.961899995803833, AccVa: 0.8769999742507935, CeTr: 0.1032053679227829, CeVa: 0.483081579208374
Epoch: 107, AccTr: 0.963100016117096, AccVa: 0.8809999823570251, CeTr: 0.10344099253416061, CeVa: 0.5112677216529846
Epoch: 108, AccTr: 0.9602000117301941, AccVa: 0.8880000114440918, CeTr: 0.10738431662321091, CeVa: 0.46916210651397705
Epoch: 109, AccTr: 0.9639000296592712, AccVa: 0.8855000138282776, CeTr: 0.10201693326234818, CeVa: 0.4865213632583618
Epoch: 110, AccTr: 0.9616000056266785, AccVa: 0.8790000081062317, CeTr: 0.1036011204123497, CeVa: 0.5037832856178284
ENSEMBLE | Tr_Acc: 0.9966999888420105, Tr_CE: 0.02006702870130539, Va_Acc: 0.9430000185966492, Va_CE: 0.21699781715869904
Epoch: 111, AccTr: 0.9628000259399414, AccVa: 0.8740000128746033, CeTr: 0.10136862844228745, CeVa: 0.4952171742916107
Epoch: 112, AccTr: 0.9635000228881836, AccVa: 0.8650000095367432, CeTr: 0.1055879145860672, CeVa: 0.5320034623146057
Epoch: 113, AccTr: 0.9635000228881836, AccVa: 0.8805000185966492, CeTr: 0.10206154733896255, CeVa: 0.48941943049430847
Epoch: 114, AccTr: 0.9605000019073486, AccVa: 0.8705000281333923, CeTr: 0.10608428716659546, CeVa: 0.5372170209884644
Epoch: 115, AccTr: 0.9632999897003174, AccVa: 0.8700000047683716, CeTr: 0.10188499093055725, CeVa: 0.5365601778030396
ENSEMBLE | Tr_Acc: 0.9965999722480774, Tr_CE: 0.019782131537795067, Va_Acc: 0.9415000081062317, Va_CE: 0.21657034754753113
Epoch: 116, AccTr: 0.9614999890327454, AccVa: 0.8774999976158142, CeTr: 0.10483631491661072, CeVa: 0.478892982006073
Epoch: 117, AccTr: 0.9643999934196472, AccVa: 0.8855000138282776, CeTr: 0.10420495271682739, CeVa: 0.4772387444972992
Epoch: 118, AccTr: 0.9627000093460083, AccVa: 0.8799999952316284, CeTr: 0.10323098301887512, CeVa: 0.5238350033760071
Epoch: 119, AccTr: 0.9631999731063843, AccVa: 0.8865000009536743, CeTr: 0.10688953846693039, CeVa: 0.47015154361724854
Epoch: 120, AccTr: 0.9610999822616577, AccVa: 0.8774999976158142, CeTr: 0.10952579230070114, CeVa: 0.5558900237083435
ENSEMBLE | Tr_Acc: 0.9969000220298767, Tr_CE: 0.01967087760567665, Va_Acc: 0.9409999847412109, Va_CE: 0.2187383770942688
Epoch: 121, AccTr: 0.965399980545044, AccVa: 0.8815000057220459, CeTr: 0.10086686909198761, CeVa: 0.49226653575897217
Epoch: 122, AccTr: 0.9620000123977661, AccVa: 0.8834999799728394, CeTr: 0.10672639310359955, CeVa: 0.5117916464805603
Epoch: 123, AccTr: 0.9613999724388123, AccVa: 0.8774999976158142, CeTr: 0.11055334657430649, CeVa: 0.5345258712768555
Epoch: 124, AccTr: 0.9638000130653381, AccVa: 0.8759999871253967, CeTr: 0.10255764424800873, CeVa: 0.5470564365386963
Epoch: 125, AccTr: 0.9606999754905701, AccVa: 0.8759999871253967, CeTr: 0.10459894686937332, CeVa: 0.51579350233078
ENSEMBLE | Tr_Acc: 0.996999979019165, Tr_CE: 0.019514242187142372, Va_Acc: 0.9415000081062317, Va_CE: 0.21851754188537598
Epoch: 126, AccTr: 0.963100016117096, AccVa: 0.8820000290870667, CeTr: 0.10166539251804352, CeVa: 0.47999438643455505
Epoch: 127, AccTr: 0.9631999731063843, AccVa: 0.8744999766349792, CeTr: 0.10204754769802094, CeVa: 0.5315633416175842
Epoch: 128, AccTr: 0.9629999995231628, AccVa: 0.8765000104904175, CeTr: 0.10309892892837524, CeVa: 0.5060604214668274
Epoch: 129, AccTr: 0.961899995803833, AccVa: 0.8784999847412109, CeTr: 0.10314299166202545, CeVa: 0.4826052188873291
Epoch: 130, AccTr: 0.9659000039100647, AccVa: 0.8759999871253967, CeTr: 0.09946602582931519, CeVa: 0.5236161947250366
ENSEMBLE | Tr_Acc: 0.996999979019165, Tr_CE: 0.019318435341119766, Va_Acc: 0.9440000057220459, Va_CE: 0.21894140541553497
Epoch: 131, AccTr: 0.9610000252723694, AccVa: 0.8820000290870667, CeTr: 0.1044452115893364, CeVa: 0.48641344904899597
Epoch: 132, AccTr: 0.9605000019073486, AccVa: 0.8784999847412109, CeTr: 0.10674067586660385, CeVa: 0.528112530708313
Epoch: 133, AccTr: 0.9628999829292297, AccVa: 0.8709999918937683, CeTr: 0.10298304259777069, CeVa: 0.54532390832901
Epoch: 134, AccTr: 0.9642000198364258, AccVa: 0.8765000104904175, CeTr: 0.10072788596153259, CeVa: 0.5109730958938599
Epoch: 135, AccTr: 0.965499997138977, AccVa: 0.8730000257492065, CeTr: 0.09859856218099594, CeVa: 0.5004470348358154
ENSEMBLE | Tr_Acc: 0.9972000122070312, Tr_CE: 0.019138339906930923, Va_Acc: 0.9445000290870667, Va_CE: 0.21771077811717987
Epoch: 136, AccTr: 0.9624999761581421, AccVa: 0.8840000033378601, CeTr: 0.10465799272060394, CeVa: 0.4795512855052948
Epoch: 137, AccTr: 0.9624000191688538, AccVa: 0.871999979019165, CeTr: 0.10313522815704346, CeVa: 0.5212310552597046
Epoch: 138, AccTr: 0.9606000185012817, AccVa: 0.8730000257492065, CeTr: 0.10648810863494873, CeVa: 0.5304099917411804
Epoch: 139, AccTr: 0.9595999717712402, AccVa: 0.8669999837875366, CeTr: 0.11191774904727936, CeVa: 0.5421013832092285
Epoch: 140, AccTr: 0.9607999920845032, AccVa: 0.8755000233650208, CeTr: 0.10655181854963303, CeVa: 0.4963684380054474
ENSEMBLE | Tr_Acc: 0.9970999956130981, Tr_CE: 0.019092533737421036, Va_Acc: 0.9434999823570251, Va_CE: 0.2174908071756363
Epoch: 141, AccTr: 0.9653000235557556, AccVa: 0.8840000033378601, CeTr: 0.10372397303581238, CeVa: 0.4949290156364441
Epoch: 142, AccTr: 0.9606999754905701, AccVa: 0.8784999847412109, CeTr: 0.10373523831367493, CeVa: 0.51146000623703
Epoch: 143, AccTr: 0.9625999927520752, AccVa: 0.8865000009536743, CeTr: 0.10206975787878036, CeVa: 0.46965789794921875
Epoch: 144, AccTr: 0.9629999995231628, AccVa: 0.8755000233650208, CeTr: 0.10421059280633926, CeVa: 0.46874767541885376
Epoch: 145, AccTr: 0.9660999774932861, AccVa: 0.8725000023841858, CeTr: 0.10051155090332031, CeVa: 0.5227727293968201
ENSEMBLE | Tr_Acc: 0.9973999857902527, Tr_CE: 0.01890156790614128, Va_Acc: 0.9440000057220459, Va_CE: 0.2174827605485916
Epoch: 146, AccTr: 0.9650999903678894, AccVa: 0.8709999918937683, CeTr: 0.1018446758389473, CeVa: 0.5277588963508606
Epoch: 147, AccTr: 0.9634000062942505, AccVa: 0.8684999942779541, CeTr: 0.10382027924060822, CeVa: 0.5412619709968567
Epoch: 148, AccTr: 0.9627000093460083, AccVa: 0.8744999766349792, CeTr: 0.10105938464403152, CeVa: 0.5041695833206177
Epoch: 149, AccTr: 0.9625999927520752, AccVa: 0.8799999952316284, CeTr: 0.10236809402704239, CeVa: 0.49811649322509766
Epoch: 150, AccTr: 0.9639999866485596, AccVa: 0.8794999718666077, CeTr: 0.10284526646137238, CeVa: 0.4985504150390625
ENSEMBLE | Tr_Acc: 0.9976000189781189, Tr_CE: 0.018807385116815567, Va_Acc: 0.9434999823570251, Va_CE: 0.21768800914287567
Epoch: 151, AccTr: 0.9617999792098999, AccVa: 0.8700000047683716, CeTr: 0.1048809066414833, CeVa: 0.5328355431556702
Epoch: 152, AccTr: 0.9610999822616577, AccVa: 0.8705000281333923, CeTr: 0.10719631612300873, CeVa: 0.48391470313072205
Epoch: 153, AccTr: 0.9643999934196472, AccVa: 0.8824999928474426, CeTr: 0.10023405402898788, CeVa: 0.48929068446159363
Epoch: 154, AccTr: 0.964900016784668, AccVa: 0.875, CeTr: 0.10525258630514145, CeVa: 0.5474241971969604
Epoch: 155, AccTr: 0.9648000001907349, AccVa: 0.8759999871253967, CeTr: 0.10246845334768295, CeVa: 0.5174450874328613
ENSEMBLE | Tr_Acc: 0.9975000023841858, Tr_CE: 0.018717365339398384, Va_Acc: 0.9445000290870667, Va_CE: 0.2173144817352295
Epoch: 156, AccTr: 0.9656000137329102, AccVa: 0.8794999718666077, CeTr: 0.0986444354057312, CeVa: 0.4913707971572876
Epoch: 157, AccTr: 0.9596999883651733, AccVa: 0.8834999799728394, CeTr: 0.10377058386802673, CeVa: 0.48803985118865967
Epoch: 158, AccTr: 0.9610000252723694, AccVa: 0.8774999976158142, CeTr: 0.10681173205375671, CeVa: 0.5033389925956726
Epoch: 159, AccTr: 0.9620000123977661, AccVa: 0.8755000233650208, CeTr: 0.10421567410230637, CeVa: 0.4901715815067291
Epoch: 160, AccTr: 0.963699996471405, AccVa: 0.8740000128746033, CeTr: 0.10257250815629959, CeVa: 0.4840981662273407
ENSEMBLE | Tr_Acc: 0.9976000189781189, Tr_CE: 0.018695184960961342, Va_Acc: 0.9440000057220459, Va_CE: 0.21597988903522491
