Input binarization: False
Pretrained network accuracy: 0.9968000054359436
NN CONFIG
Weight-type:		binary
Layout									Layer #1: 784	Layer #2: 280	Layer #3: 200	Layer #4: 10	
Activation Functions					Layer #1: bs	Layer #2: bs	
Keep probabilities		Layer #0: 1.0	Layer #1: 1.0	Layer #2: 1.0	
Flat factors							Layer #1: 1.0	Layer #2: 1.0	Layer #3: 1.0	
Activation Noise						Layer #1: 0.0	Layer #2: 0.0	Layer #3: 0.0	
Prior: 0.85

===================================

RUN CONFIG
Gibbs  Epochs: 150, Blocksize: 8

===================================

Gibbs Ensemble | Burn In: 20, Thinning: 3
Epoch: 0, AccTr: 0.36649999022483826, AccVa: 0.37599998712539673, CeTr: 9.442686080932617, CeVa: 9.578204154968262
Epoch: 1, AccTr: 0.9628999829292297, AccVa: 0.847000002861023, CeTr: 0.11948014795780182, CeVa: 1.2493118047714233
Epoch: 2, AccTr: 0.977400004863739, AccVa: 0.862500011920929, CeTr: 0.059977948665618896, CeVa: 1.1905174255371094
Epoch: 3, AccTr: 0.9772999882698059, AccVa: 0.8640000224113464, CeTr: 0.055852893739938736, CeVa: 1.3162145614624023
Epoch: 4, AccTr: 0.9815999865531921, AccVa: 0.8579999804496765, CeTr: 0.04682222753763199, CeVa: 1.3864293098449707
Epoch: 5, AccTr: 0.9847000241279602, AccVa: 0.8610000014305115, CeTr: 0.04028698429465294, CeVa: 1.4163281917572021
Epoch: 6, AccTr: 0.9828000068664551, AccVa: 0.8575000166893005, CeTr: 0.039257895201444626, CeVa: 1.4900908470153809
Epoch: 7, AccTr: 0.9833999872207642, AccVa: 0.8475000262260437, CeTr: 0.040889378637075424, CeVa: 1.629181981086731
Epoch: 8, AccTr: 0.9854999780654907, AccVa: 0.8650000095367432, CeTr: 0.03528076782822609, CeVa: 1.5328425168991089
Epoch: 9, AccTr: 0.9850999712944031, AccVa: 0.8504999876022339, CeTr: 0.0367760993540287, CeVa: 1.6501483917236328
Epoch: 10, AccTr: 0.9846000075340271, AccVa: 0.8610000014305115, CeTr: 0.03967244550585747, CeVa: 1.631699562072754
Epoch: 11, AccTr: 0.9840999841690063, AccVa: 0.8535000085830688, CeTr: 0.040592972189188004, CeVa: 1.6241055727005005
Epoch: 12, AccTr: 0.9843999743461609, AccVa: 0.847000002861023, CeTr: 0.039810191839933395, CeVa: 1.507933497428894
Epoch: 13, AccTr: 0.9836000204086304, AccVa: 0.8539999723434448, CeTr: 0.03533650562167168, CeVa: 1.611081838607788
Epoch: 14, AccTr: 0.9864000082015991, AccVa: 0.8600000143051147, CeTr: 0.032975032925605774, CeVa: 1.5526766777038574
Epoch: 15, AccTr: 0.9830999970436096, AccVa: 0.8669999837875366, CeTr: 0.039622921496629715, CeVa: 1.4829784631729126
Epoch: 16, AccTr: 0.9836000204086304, AccVa: 0.8560000061988831, CeTr: 0.036054808646440506, CeVa: 1.6328587532043457
Epoch: 17, AccTr: 0.984000027179718, AccVa: 0.8675000071525574, CeTr: 0.03891272842884064, CeVa: 1.601150631904602
Epoch: 18, AccTr: 0.982699990272522, AccVa: 0.8684999942779541, CeTr: 0.03728535398840904, CeVa: 1.4261915683746338
Epoch: 19, AccTr: 0.9846000075340271, AccVa: 0.8694999814033508, CeTr: 0.03472642973065376, CeVa: 1.4695600271224976
Epoch: 20, AccTr: 0.9821000099182129, AccVa: 0.8650000095367432, CeTr: 0.040115296840667725, CeVa: 1.5449730157852173
ENSEMBLE | Tr_Acc: 0.9821000099182129, Tr_CE: 0.040115296840667725, Va_Acc: 0.8650000095367432, Va_CE: 1.5449730157852173
Epoch: 21, AccTr: 0.9847999811172485, AccVa: 0.8734999895095825, CeTr: 0.03361489623785019, CeVa: 1.4668792486190796
Epoch: 22, AccTr: 0.9829999804496765, AccVa: 0.8669999837875366, CeTr: 0.03413599357008934, CeVa: 1.5737072229385376
Epoch: 23, AccTr: 0.9828000068664551, AccVa: 0.8700000047683716, CeTr: 0.03646992892026901, CeVa: 1.6226701736450195
ENSEMBLE | Tr_Acc: 0.996999979019165, Tr_CE: 0.008624400943517685, Va_Acc: 0.8930000066757202, Va_CE: 1.1702038049697876
Epoch: 24, AccTr: 0.9847000241279602, AccVa: 0.8665000200271606, CeTr: 0.03463665023446083, CeVa: 1.5895168781280518
Epoch: 25, AccTr: 0.9850000143051147, AccVa: 0.8585000038146973, CeTr: 0.03211066126823425, CeVa: 1.6418566703796387
Epoch: 26, AccTr: 0.9861000180244446, AccVa: 0.8510000109672546, CeTr: 0.03360043838620186, CeVa: 1.649623155593872
ENSEMBLE | Tr_Acc: 0.9990000128746033, Tr_CE: 0.003572284011170268, Va_Acc: 0.9010000228881836, Va_CE: 1.0549557209014893
Epoch: 27, AccTr: 0.9829000234603882, AccVa: 0.8454999923706055, CeTr: 0.03777888044714928, CeVa: 1.7508295774459839
Epoch: 28, AccTr: 0.9851999878883362, AccVa: 0.8575000166893005, CeTr: 0.03423779457807541, CeVa: 1.634840965270996
Epoch: 29, AccTr: 0.9855999946594238, AccVa: 0.8659999966621399, CeTr: 0.03623184934258461, CeVa: 1.6394697427749634
ENSEMBLE | Tr_Acc: 0.9994999766349792, Tr_CE: 0.0021072220988571644, Va_Acc: 0.9110000133514404, Va_CE: 1.0001059770584106
Epoch: 30, AccTr: 0.9860000014305115, AccVa: 0.8644999861717224, CeTr: 0.03576013073325157, CeVa: 1.6133450269699097
Epoch: 31, AccTr: 0.9873999953269958, AccVa: 0.8550000190734863, CeTr: 0.03238074108958244, CeVa: 1.6904618740081787
Epoch: 32, AccTr: 0.9872000217437744, AccVa: 0.8650000095367432, CeTr: 0.03289559483528137, CeVa: 1.6025817394256592
ENSEMBLE | Tr_Acc: 0.9998000264167786, Tr_CE: 0.0015345837455242872, Va_Acc: 0.9110000133514404, Va_CE: 0.961974024772644
Epoch: 33, AccTr: 0.9854999780654907, AccVa: 0.8535000085830688, CeTr: 0.034871723502874374, CeVa: 1.7550350427627563
Epoch: 34, AccTr: 0.9855999946594238, AccVa: 0.862500011920929, CeTr: 0.034413646906614304, CeVa: 1.6577374935150146
Epoch: 35, AccTr: 0.9861000180244446, AccVa: 0.8654999732971191, CeTr: 0.03286270052194595, CeVa: 1.6925749778747559
ENSEMBLE | Tr_Acc: 0.9997000098228455, Tr_CE: 0.0011432719184085727, Va_Acc: 0.9120000004768372, Va_CE: 0.943658709526062
Epoch: 36, AccTr: 0.984499990940094, AccVa: 0.8535000085830688, CeTr: 0.036645758897066116, CeVa: 1.6409732103347778
Epoch: 37, AccTr: 0.9843000173568726, AccVa: 0.8665000200271606, CeTr: 0.03486631438136101, CeVa: 1.508209228515625
Epoch: 38, AccTr: 0.986299991607666, AccVa: 0.8529999852180481, CeTr: 0.032644934952259064, CeVa: 1.6179392337799072
ENSEMBLE | Tr_Acc: 0.9998999834060669, Tr_CE: 0.0008518163813278079, Va_Acc: 0.9154999852180481, Va_CE: 0.8976294994354248
Epoch: 39, AccTr: 0.9851999878883362, AccVa: 0.8569999933242798, CeTr: 0.033006586134433746, CeVa: 1.655361294746399
Epoch: 40, AccTr: 0.9840999841690063, AccVa: 0.862500011920929, CeTr: 0.03434270992875099, CeVa: 1.6631609201431274
Epoch: 41, AccTr: 0.9818999767303467, AccVa: 0.8640000224113464, CeTr: 0.03782134875655174, CeVa: 1.6777901649475098
ENSEMBLE | Tr_Acc: 0.9998999834060669, Tr_CE: 0.0007616397924721241, Va_Acc: 0.9154999852180481, Va_CE: 0.8884102702140808
Epoch: 42, AccTr: 0.9843000173568726, AccVa: 0.8519999980926514, CeTr: 0.032300062477588654, CeVa: 1.7511107921600342
Epoch: 43, AccTr: 0.9843999743461609, AccVa: 0.8679999709129333, CeTr: 0.03288482129573822, CeVa: 1.6114329099655151
Epoch: 44, AccTr: 0.9850000143051147, AccVa: 0.8644999861717224, CeTr: 0.03446786478161812, CeVa: 1.598648190498352
ENSEMBLE | Tr_Acc: 0.9998999834060669, Tr_CE: 0.0006621759384870529, Va_Acc: 0.9200000166893005, Va_CE: 0.8595045208930969
Epoch: 45, AccTr: 0.9843999743461609, AccVa: 0.8619999885559082, CeTr: 0.031471919268369675, CeVa: 1.6549721956253052
Epoch: 46, AccTr: 0.984000027179718, AccVa: 0.8634999990463257, CeTr: 0.029784725978970528, CeVa: 1.5694071054458618
Epoch: 47, AccTr: 0.9815999865531921, AccVa: 0.8615000247955322, CeTr: 0.03515893593430519, CeVa: 1.6219300031661987
ENSEMBLE | Tr_Acc: 0.9998999834060669, Tr_CE: 0.0005534495576284826, Va_Acc: 0.9204999804496765, Va_CE: 0.8340245485305786
Epoch: 48, AccTr: 0.9869999885559082, AccVa: 0.8600000143051147, CeTr: 0.027389850467443466, CeVa: 1.6911215782165527
Epoch: 49, AccTr: 0.9836999773979187, AccVa: 0.8665000200271606, CeTr: 0.03479702025651932, CeVa: 1.635993480682373
Epoch: 50, AccTr: 0.9821000099182129, AccVa: 0.8519999980926514, CeTr: 0.036512695252895355, CeVa: 1.7235243320465088
ENSEMBLE | Tr_Acc: 0.9998999834060669, Tr_CE: 0.0005104367737658322, Va_Acc: 0.921999990940094, Va_CE: 0.8317355513572693
Epoch: 51, AccTr: 0.9840999841690063, AccVa: 0.8610000014305115, CeTr: 0.034781232476234436, CeVa: 1.7201693058013916
Epoch: 52, AccTr: 0.9829999804496765, AccVa: 0.8569999933242798, CeTr: 0.03434058278799057, CeVa: 1.6080446243286133
Epoch: 53, AccTr: 0.9848999977111816, AccVa: 0.859000027179718, CeTr: 0.033922888338565826, CeVa: 1.679154872894287
ENSEMBLE | Tr_Acc: 0.9998999834060669, Tr_CE: 0.0004653579671867192, Va_Acc: 0.921500027179718, Va_CE: 0.8256267309188843
Epoch: 54, AccTr: 0.9846000075340271, AccVa: 0.8644999861717224, CeTr: 0.034987207502126694, CeVa: 1.6154173612594604
Epoch: 55, AccTr: 0.9857000112533569, AccVa: 0.8725000023841858, CeTr: 0.032109808176755905, CeVa: 1.4792280197143555
Epoch: 56, AccTr: 0.9860000014305115, AccVa: 0.8769999742507935, CeTr: 0.03298060968518257, CeVa: 1.5144556760787964
ENSEMBLE | Tr_Acc: 0.9998999834060669, Tr_CE: 0.0004361977626103908, Va_Acc: 0.9244999885559082, Va_CE: 0.8132789134979248
Epoch: 57, AccTr: 0.9847999811172485, AccVa: 0.8640000224113464, CeTr: 0.034418318420648575, CeVa: 1.5582224130630493
Epoch: 58, AccTr: 0.984499990940094, AccVa: 0.8600000143051147, CeTr: 0.033347681164741516, CeVa: 1.7207155227661133
Epoch: 59, AccTr: 0.9843000173568726, AccVa: 0.8615000247955322, CeTr: 0.03479655832052231, CeVa: 1.753398060798645
ENSEMBLE | Tr_Acc: 0.9998999834060669, Tr_CE: 0.00037309082108549774, Va_Acc: 0.9269999861717224, Va_CE: 0.8142127394676208
Epoch: 60, AccTr: 0.9853000044822693, AccVa: 0.8629999756813049, CeTr: 0.032470714300870895, CeVa: 1.5813058614730835
Epoch: 61, AccTr: 0.9819999933242798, AccVa: 0.8679999709129333, CeTr: 0.03867925703525543, CeVa: 1.5626368522644043
Epoch: 62, AccTr: 0.9872000217437744, AccVa: 0.8669999837875366, CeTr: 0.03142441436648369, CeVa: 1.5873342752456665
ENSEMBLE | Tr_Acc: 0.9998999834060669, Tr_CE: 0.00034053181298077106, Va_Acc: 0.9284999966621399, Va_CE: 0.8123928308486938
Epoch: 63, AccTr: 0.982699990272522, AccVa: 0.8640000224113464, CeTr: 0.0384366475045681, CeVa: 1.655854344367981
Epoch: 64, AccTr: 0.986299991607666, AccVa: 0.8654999732971191, CeTr: 0.03231702744960785, CeVa: 1.7175356149673462
Epoch: 65, AccTr: 0.9865000247955322, AccVa: 0.8619999885559082, CeTr: 0.032290980219841, CeVa: 1.8002365827560425
ENSEMBLE | Tr_Acc: 0.9998999834060669, Tr_CE: 0.0003458255378063768, Va_Acc: 0.9300000071525574, Va_CE: 0.8086324334144592
Epoch: 66, AccTr: 0.9864000082015991, AccVa: 0.8690000176429749, CeTr: 0.03189126402139664, CeVa: 1.6624201536178589
Epoch: 67, AccTr: 0.9837999939918518, AccVa: 0.859499990940094, CeTr: 0.03684753552079201, CeVa: 1.6492829322814941
Epoch: 68, AccTr: 0.984000027179718, AccVa: 0.8694999814033508, CeTr: 0.0329761728644371, CeVa: 1.6265968084335327
ENSEMBLE | Tr_Acc: 0.9998999834060669, Tr_CE: 0.00033952167723327875, Va_Acc: 0.9279999732971191, Va_CE: 0.8051391839981079
Epoch: 69, AccTr: 0.9865000247955322, AccVa: 0.8694999814033508, CeTr: 0.03433309495449066, CeVa: 1.5690335035324097
Epoch: 70, AccTr: 0.9882000088691711, AccVa: 0.8684999942779541, CeTr: 0.03167015314102173, CeVa: 1.6892611980438232
Epoch: 71, AccTr: 0.9876999855041504, AccVa: 0.8650000095367432, CeTr: 0.029984088614583015, CeVa: 1.670248031616211
ENSEMBLE | Tr_Acc: 0.9998999834060669, Tr_CE: 0.00030295824399217963, Va_Acc: 0.9275000095367432, Va_CE: 0.8018407821655273
Epoch: 72, AccTr: 0.9886000156402588, AccVa: 0.8705000281333923, CeTr: 0.0287904292345047, CeVa: 1.6934865713119507
Epoch: 73, AccTr: 0.9860000014305115, AccVa: 0.8744999766349792, CeTr: 0.03412572667002678, CeVa: 1.6563502550125122
Epoch: 74, AccTr: 0.9876000285148621, AccVa: 0.8730000257492065, CeTr: 0.03083665855228901, CeVa: 1.6332660913467407
ENSEMBLE | Tr_Acc: 0.9998999834060669, Tr_CE: 0.0003001836594194174, Va_Acc: 0.9279999732971191, Va_CE: 0.7956371307373047
Epoch: 75, AccTr: 0.9884999990463257, AccVa: 0.8650000095367432, CeTr: 0.029843976721167564, CeVa: 1.7260724306106567
Epoch: 76, AccTr: 0.9872999787330627, AccVa: 0.8640000224113464, CeTr: 0.033029954880476, CeVa: 1.6056934595108032
Epoch: 77, AccTr: 0.9876999855041504, AccVa: 0.8565000295639038, CeTr: 0.032334405928850174, CeVa: 1.7260019779205322
ENSEMBLE | Tr_Acc: 0.9998999834060669, Tr_CE: 0.00029513007029891014, Va_Acc: 0.9304999709129333, Va_CE: 0.7923312783241272
Epoch: 78, AccTr: 0.9830999970436096, AccVa: 0.8535000085830688, CeTr: 0.03352086991071701, CeVa: 1.789820909500122
Epoch: 79, AccTr: 0.9864000082015991, AccVa: 0.8629999756813049, CeTr: 0.03153832629323006, CeVa: 1.6424096822738647
Epoch: 80, AccTr: 0.9854000210762024, AccVa: 0.8629999756813049, CeTr: 0.03432236611843109, CeVa: 1.762599229812622
ENSEMBLE | Tr_Acc: 0.9998999834060669, Tr_CE: 0.00027399262762628496, Va_Acc: 0.9294999837875366, Va_CE: 0.7955502867698669
Epoch: 81, AccTr: 0.9865000247955322, AccVa: 0.8640000224113464, CeTr: 0.03290950134396553, CeVa: 1.7883037328720093
Epoch: 82, AccTr: 0.9868000149726868, AccVa: 0.8604999780654907, CeTr: 0.03163105249404907, CeVa: 1.7326693534851074
Epoch: 83, AccTr: 0.9851999878883362, AccVa: 0.8659999966621399, CeTr: 0.035073842853307724, CeVa: 1.659624457359314
ENSEMBLE | Tr_Acc: 1.0, Tr_CE: 0.0002548176562413573, Va_Acc: 0.9294999837875366, Va_CE: 0.7901166677474976
Epoch: 84, AccTr: 0.9855999946594238, AccVa: 0.8610000014305115, CeTr: 0.030896462500095367, CeVa: 1.6791856288909912
Epoch: 85, AccTr: 0.9860000014305115, AccVa: 0.8665000200271606, CeTr: 0.032244496047496796, CeVa: 1.6982380151748657
Epoch: 86, AccTr: 0.9882000088691711, AccVa: 0.8654999732971191, CeTr: 0.03072025440633297, CeVa: 1.607019305229187
ENSEMBLE | Tr_Acc: 1.0, Tr_CE: 0.0002357972552999854, Va_Acc: 0.9304999709129333, Va_CE: 0.7888692617416382
Epoch: 87, AccTr: 0.9897000193595886, AccVa: 0.8755000233650208, CeTr: 0.029310980811715126, CeVa: 1.5589008331298828
Epoch: 88, AccTr: 0.9879999756813049, AccVa: 0.8615000247955322, CeTr: 0.030358092859387398, CeVa: 1.67210054397583
Epoch: 89, AccTr: 0.9869999885559082, AccVa: 0.8575000166893005, CeTr: 0.0323852114379406, CeVa: 1.7167811393737793
ENSEMBLE | Tr_Acc: 1.0, Tr_CE: 0.0002236780128441751, Va_Acc: 0.9300000071525574, Va_CE: 0.7894566655158997
Epoch: 90, AccTr: 0.9872000217437744, AccVa: 0.8615000247955322, CeTr: 0.03237234428524971, CeVa: 1.6276789903640747
Epoch: 91, AccTr: 0.9871000051498413, AccVa: 0.8634999990463257, CeTr: 0.031287141144275665, CeVa: 1.6697157621383667
Epoch: 92, AccTr: 0.9873999953269958, AccVa: 0.8640000224113464, CeTr: 0.0274441409856081, CeVa: 1.6980196237564087
ENSEMBLE | Tr_Acc: 1.0, Tr_CE: 0.00020604657765943557, Va_Acc: 0.9290000200271606, Va_CE: 0.7870101928710938
Epoch: 93, AccTr: 0.9821000099182129, AccVa: 0.8705000281333923, CeTr: 0.03873223811388016, CeVa: 1.7065004110336304
Epoch: 94, AccTr: 0.9835000038146973, AccVa: 0.8640000224113464, CeTr: 0.036105651408433914, CeVa: 1.8296493291854858
Epoch: 95, AccTr: 0.987500011920929, AccVa: 0.8560000061988831, CeTr: 0.029082439839839935, CeVa: 1.737626552581787
ENSEMBLE | Tr_Acc: 1.0, Tr_CE: 0.00019773120584432036, Va_Acc: 0.9290000200271606, Va_CE: 0.7911854386329651
Epoch: 96, AccTr: 0.9854999780654907, AccVa: 0.862500011920929, CeTr: 0.03468254953622818, CeVa: 1.7794299125671387
Epoch: 97, AccTr: 0.9828000068664551, AccVa: 0.8629999756813049, CeTr: 0.042809031903743744, CeVa: 1.6397085189819336
Epoch: 98, AccTr: 0.9846000075340271, AccVa: 0.8604999780654907, CeTr: 0.034434638917446136, CeVa: 1.6635504961013794
ENSEMBLE | Tr_Acc: 1.0, Tr_CE: 0.00018161848129238933, Va_Acc: 0.9284999966621399, Va_CE: 0.7903132438659668
Epoch: 99, AccTr: 0.9876000285148621, AccVa: 0.8634999990463257, CeTr: 0.03069802187383175, CeVa: 1.693838119506836
Epoch: 100, AccTr: 0.9872999787330627, AccVa: 0.8659999966621399, CeTr: 0.03011961653828621, CeVa: 1.717839241027832
Epoch: 101, AccTr: 0.9868999719619751, AccVa: 0.8575000166893005, CeTr: 0.031234856694936752, CeVa: 1.6772586107254028
ENSEMBLE | Tr_Acc: 1.0, Tr_CE: 0.00018032387015409768, Va_Acc: 0.9284999966621399, Va_CE: 0.7847438454627991
Epoch: 102, AccTr: 0.9873999953269958, AccVa: 0.8640000224113464, CeTr: 0.032956745475530624, CeVa: 1.8057109117507935
Epoch: 103, AccTr: 0.9846000075340271, AccVa: 0.8654999732971191, CeTr: 0.03607727214694023, CeVa: 1.6660542488098145
Epoch: 104, AccTr: 0.9851999878883362, AccVa: 0.8659999966621399, CeTr: 0.037203337997198105, CeVa: 1.5501676797866821
ENSEMBLE | Tr_Acc: 1.0, Tr_CE: 0.0001726758200675249, Va_Acc: 0.9284999966621399, Va_CE: 0.7786154747009277
Epoch: 105, AccTr: 0.9896000027656555, AccVa: 0.859000027179718, CeTr: 0.02903825417160988, CeVa: 1.7426282167434692
Epoch: 106, AccTr: 0.9886000156402588, AccVa: 0.8640000224113464, CeTr: 0.02931860089302063, CeVa: 1.687394142150879
Epoch: 107, AccTr: 0.9878000020980835, AccVa: 0.8579999804496765, CeTr: 0.03030216693878174, CeVa: 1.7418320178985596
ENSEMBLE | Tr_Acc: 1.0, Tr_CE: 0.0001704911410342902, Va_Acc: 0.9284999966621399, Va_CE: 0.7791579365730286
Epoch: 108, AccTr: 0.9864000082015991, AccVa: 0.8554999828338623, CeTr: 0.03251617029309273, CeVa: 1.8626744747161865
Epoch: 109, AccTr: 0.9894000291824341, AccVa: 0.8504999876022339, CeTr: 0.029471050947904587, CeVa: 1.7807586193084717
Epoch: 110, AccTr: 0.9872000217437744, AccVa: 0.859000027179718, CeTr: 0.030907465144991875, CeVa: 1.7023273706436157
ENSEMBLE | Tr_Acc: 1.0, Tr_CE: 0.00017035083146765828, Va_Acc: 0.9290000200271606, Va_CE: 0.7788890600204468
Epoch: 111, AccTr: 0.9866999983787537, AccVa: 0.859499990940094, CeTr: 0.031089577823877335, CeVa: 1.6955028772354126
Epoch: 112, AccTr: 0.9848999977111816, AccVa: 0.8565000295639038, CeTr: 0.034516382962465286, CeVa: 1.764313817024231
Epoch: 113, AccTr: 0.9869999885559082, AccVa: 0.8579999804496765, CeTr: 0.0318298265337944, CeVa: 1.7066410779953003
ENSEMBLE | Tr_Acc: 1.0, Tr_CE: 0.00017022211977746338, Va_Acc: 0.9269999861717224, Va_CE: 0.773097813129425
Epoch: 114, AccTr: 0.9882000088691711, AccVa: 0.8654999732971191, CeTr: 0.026802750304341316, CeVa: 1.7600464820861816
Epoch: 115, AccTr: 0.9865000247955322, AccVa: 0.8610000014305115, CeTr: 0.03223198279738426, CeVa: 1.581098198890686
Epoch: 116, AccTr: 0.9866999983787537, AccVa: 0.8744999766349792, CeTr: 0.03392307087779045, CeVa: 1.49466872215271
ENSEMBLE | Tr_Acc: 1.0, Tr_CE: 0.00017072830814868212, Va_Acc: 0.9279999732971191, Va_CE: 0.766940712928772
Epoch: 117, AccTr: 0.987500011920929, AccVa: 0.8734999895095825, CeTr: 0.03427650034427643, CeVa: 1.511467456817627
Epoch: 118, AccTr: 0.9878000020980835, AccVa: 0.8700000047683716, CeTr: 0.03309345245361328, CeVa: 1.6296097040176392
Epoch: 119, AccTr: 0.9894000291824341, AccVa: 0.8725000023841858, CeTr: 0.028960803523659706, CeVa: 1.536939263343811
ENSEMBLE | Tr_Acc: 1.0, Tr_CE: 0.0001645569282118231, Va_Acc: 0.9300000071525574, Va_CE: 0.7615695595741272
Epoch: 120, AccTr: 0.9878000020980835, AccVa: 0.8784999847412109, CeTr: 0.03170960769057274, CeVa: 1.5149568319320679
Epoch: 121, AccTr: 0.9900000095367432, AccVa: 0.8744999766349792, CeTr: 0.027558740228414536, CeVa: 1.5531126260757446
Epoch: 122, AccTr: 0.9871000051498413, AccVa: 0.8519999980926514, CeTr: 0.0326673649251461, CeVa: 1.700913906097412
ENSEMBLE | Tr_Acc: 1.0, Tr_CE: 0.00015927632921375334, Va_Acc: 0.9315000176429749, Va_CE: 0.756612241268158
Epoch: 123, AccTr: 0.9882000088691711, AccVa: 0.8604999780654907, CeTr: 0.031098229810595512, CeVa: 1.7609955072402954
Epoch: 124, AccTr: 0.9886999726295471, AccVa: 0.8519999980926514, CeTr: 0.032583996653556824, CeVa: 1.8162434101104736
Epoch: 125, AccTr: 0.98580002784729, AccVa: 0.8705000281333923, CeTr: 0.03476397693157196, CeVa: 1.6955158710479736
ENSEMBLE | Tr_Acc: 1.0, Tr_CE: 0.0001560530945425853, Va_Acc: 0.9315000176429749, Va_CE: 0.7564937472343445
Epoch: 126, AccTr: 0.989799976348877, AccVa: 0.8634999990463257, CeTr: 0.029236743226647377, CeVa: 1.6901150941848755
Epoch: 127, AccTr: 0.9864000082015991, AccVa: 0.8675000071525574, CeTr: 0.03528069332242012, CeVa: 1.581968903541565
Epoch: 128, AccTr: 0.9865999817848206, AccVa: 0.8544999957084656, CeTr: 0.03310741111636162, CeVa: 1.7640960216522217
ENSEMBLE | Tr_Acc: 1.0, Tr_CE: 0.00015283441462088376, Va_Acc: 0.9325000047683716, Va_CE: 0.7557473182678223
Epoch: 129, AccTr: 0.9883000254631042, AccVa: 0.8629999756813049, CeTr: 0.03118092380464077, CeVa: 1.5254619121551514
Epoch: 130, AccTr: 0.9873999953269958, AccVa: 0.8514999747276306, CeTr: 0.0329529233276844, CeVa: 1.7912657260894775
Epoch: 131, AccTr: 0.9886000156402588, AccVa: 0.8585000038146973, CeTr: 0.0305410698056221, CeVa: 1.7859134674072266
ENSEMBLE | Tr_Acc: 1.0, Tr_CE: 0.00014512425696011633, Va_Acc: 0.9330000281333923, Va_CE: 0.7564809918403625
Epoch: 132, AccTr: 0.9898999929428101, AccVa: 0.859499990940094, CeTr: 0.026558922603726387, CeVa: 1.5813299417495728
Epoch: 133, AccTr: 0.9883000254631042, AccVa: 0.8629999756813049, CeTr: 0.03216096758842468, CeVa: 1.6437427997589111
Epoch: 134, AccTr: 0.9860000014305115, AccVa: 0.8544999957084656, CeTr: 0.035446152091026306, CeVa: 1.6620995998382568
ENSEMBLE | Tr_Acc: 1.0, Tr_CE: 0.00014279832248575985, Va_Acc: 0.9325000047683716, Va_CE: 0.7554039359092712
Epoch: 135, AccTr: 0.9876999855041504, AccVa: 0.8525000214576721, CeTr: 0.03160663694143295, CeVa: 1.7937772274017334
Epoch: 136, AccTr: 0.9872999787330627, AccVa: 0.8565000295639038, CeTr: 0.03142077475786209, CeVa: 1.7825524806976318
Epoch: 137, AccTr: 0.9872000217437744, AccVa: 0.8519999980926514, CeTr: 0.03148026019334793, CeVa: 1.8744553327560425
ENSEMBLE | Tr_Acc: 1.0, Tr_CE: 0.00013834120181854814, Va_Acc: 0.9319999814033508, Va_CE: 0.7584537267684937
Epoch: 138, AccTr: 0.9847999811172485, AccVa: 0.8569999933242798, CeTr: 0.035592880100011826, CeVa: 1.8194231986999512
Epoch: 139, AccTr: 0.9894000291824341, AccVa: 0.8650000095367432, CeTr: 0.028846004977822304, CeVa: 1.8193718194961548
Epoch: 140, AccTr: 0.9879999756813049, AccVa: 0.8514999747276306, CeTr: 0.031236443668603897, CeVa: 1.770370364189148
ENSEMBLE | Tr_Acc: 1.0, Tr_CE: 0.00013411328836809844, Va_Acc: 0.9304999709129333, Va_CE: 0.7611208558082581
Epoch: 141, AccTr: 0.9876999855041504, AccVa: 0.8629999756813049, CeTr: 0.03367554023861885, CeVa: 1.7747708559036255
Epoch: 142, AccTr: 0.9878000020980835, AccVa: 0.8514999747276306, CeTr: 0.03129083290696144, CeVa: 1.8189644813537598
Epoch: 143, AccTr: 0.9889000058174133, AccVa: 0.859000027179718, CeTr: 0.029748786240816116, CeVa: 1.8055843114852905
ENSEMBLE | Tr_Acc: 1.0, Tr_CE: 0.00013183763076085597, Va_Acc: 0.9304999709129333, Va_CE: 0.7630466222763062
Epoch: 144, AccTr: 0.989300012588501, AccVa: 0.8629999756813049, CeTr: 0.029473770409822464, CeVa: 1.7339601516723633
Epoch: 145, AccTr: 0.9886000156402588, AccVa: 0.8610000014305115, CeTr: 0.03057718463242054, CeVa: 1.809328317642212
Epoch: 146, AccTr: 0.9866999983787537, AccVa: 0.8650000095367432, CeTr: 0.03382468968629837, CeVa: 1.6803392171859741
ENSEMBLE | Tr_Acc: 1.0, Tr_CE: 0.00013259146362543106, Va_Acc: 0.9294999837875366, Va_CE: 0.7631693482398987
Epoch: 147, AccTr: 0.9858999848365784, AccVa: 0.8650000095367432, CeTr: 0.034316692501306534, CeVa: 1.7117023468017578
Epoch: 148, AccTr: 0.9864000082015991, AccVa: 0.8544999957084656, CeTr: 0.03434058278799057, CeVa: 1.8530417680740356
Epoch: 149, AccTr: 0.9857000112533569, AccVa: 0.8705000281333923, CeTr: 0.037164513021707535, CeVa: 1.6081100702285767
ENSEMBLE | Tr_Acc: 1.0, Tr_CE: 0.00012814984074793756, Va_Acc: 0.9294999837875366, Va_CE: 0.7629637122154236
Epoch: 150, AccTr: 0.9879000186920166, AccVa: 0.8615000247955322, CeTr: 0.03169608116149902, CeVa: 1.6883999109268188
Input binarization: False
Pretrained network accuracy: 0.9966999888420105
NN CONFIG
Weight-type:		binary
Layout									Layer #1: 784	Layer #2: 280	Layer #3: 200	Layer #4: 10	
Activation Functions					Layer #1: bs	Layer #2: bs	
Keep probabilities		Layer #0: 1.0	Layer #1: 1.0	Layer #2: 1.0	
Flat factors							Layer #1: 1.0	Layer #2: 1.0	Layer #3: 1.0	
Activation Noise						Layer #1: 0.0	Layer #2: 0.0	Layer #3: 0.0	
Prior: 0.85

===================================

RUN CONFIG
Gibbs  Epochs: 150, Blocksize: 8

===================================

Gibbs Ensemble | Burn In: 20, Thinning: 3
Epoch: 0, AccTr: 0.37130001187324524, AccVa: 0.36500000953674316, CeTr: 12.211921691894531, CeVa: 12.328878402709961
Epoch: 1, AccTr: 0.9700999855995178, AccVa: 0.8554999828338623, CeTr: 0.10447761416435242, CeVa: 1.3964987993240356
Epoch: 2, AccTr: 0.980400025844574, AccVa: 0.8539999723434448, CeTr: 0.05289511755108833, CeVa: 1.4257984161376953
Epoch: 3, AccTr: 0.9828000068664551, AccVa: 0.8560000061988831, CeTr: 0.04434080049395561, CeVa: 1.448904037475586
Epoch: 4, AccTr: 0.9837999939918518, AccVa: 0.8560000061988831, CeTr: 0.04465416446328163, CeVa: 1.5217111110687256
Epoch: 5, AccTr: 0.9835000038146973, AccVa: 0.8560000061988831, CeTr: 0.042622312903404236, CeVa: 1.5245810747146606
Epoch: 6, AccTr: 0.9854999780654907, AccVa: 0.8514999747276306, CeTr: 0.04311109334230423, CeVa: 1.4232203960418701
Epoch: 7, AccTr: 0.9840999841690063, AccVa: 0.8610000014305115, CeTr: 0.042007122188806534, CeVa: 1.588411569595337
Epoch: 8, AccTr: 0.9860000014305115, AccVa: 0.8634999990463257, CeTr: 0.03826046362519264, CeVa: 1.5935646295547485
Epoch: 9, AccTr: 0.9857000112533569, AccVa: 0.8600000143051147, CeTr: 0.03406154736876488, CeVa: 1.5424895286560059
Epoch: 10, AccTr: 0.9843000173568726, AccVa: 0.8525000214576721, CeTr: 0.03653931990265846, CeVa: 1.52142333984375
Epoch: 11, AccTr: 0.9836999773979187, AccVa: 0.8619999885559082, CeTr: 0.040138207376003265, CeVa: 1.5210155248641968
Epoch: 12, AccTr: 0.98580002784729, AccVa: 0.8709999918937683, CeTr: 0.03595026209950447, CeVa: 1.5158164501190186
Epoch: 13, AccTr: 0.9848999977111816, AccVa: 0.8579999804496765, CeTr: 0.03723866119980812, CeVa: 1.490389347076416
Epoch: 14, AccTr: 0.9847999811172485, AccVa: 0.8615000247955322, CeTr: 0.038248565047979355, CeVa: 1.508767008781433
Epoch: 15, AccTr: 0.9864000082015991, AccVa: 0.8629999756813049, CeTr: 0.03327915072441101, CeVa: 1.493239402770996
Epoch: 16, AccTr: 0.9858999848365784, AccVa: 0.8640000224113464, CeTr: 0.03438873216509819, CeVa: 1.4502458572387695
Epoch: 17, AccTr: 0.9860000014305115, AccVa: 0.8619999885559082, CeTr: 0.0334613136947155, CeVa: 1.5120940208435059
Epoch: 18, AccTr: 0.9853000044822693, AccVa: 0.8679999709129333, CeTr: 0.036382775753736496, CeVa: 1.4058736562728882
Epoch: 19, AccTr: 0.9851999878883362, AccVa: 0.8679999709129333, CeTr: 0.036483000963926315, CeVa: 1.5570265054702759
Epoch: 20, AccTr: 0.9836999773979187, AccVa: 0.8600000143051147, CeTr: 0.03659315034747124, CeVa: 1.499964952468872
ENSEMBLE | Tr_Acc: 0.9836999773979187, Tr_CE: 0.03659315034747124, Va_Acc: 0.8600000143051147, Va_CE: 1.499964952468872
Epoch: 21, AccTr: 0.983299970626831, AccVa: 0.8640000224113464, CeTr: 0.03756054863333702, CeVa: 1.576047420501709
Epoch: 22, AccTr: 0.9861000180244446, AccVa: 0.8669999837875366, CeTr: 0.03292616829276085, CeVa: 1.6142100095748901
Epoch: 23, AccTr: 0.9855999946594238, AccVa: 0.878000020980835, CeTr: 0.03544078767299652, CeVa: 1.5168513059616089
ENSEMBLE | Tr_Acc: 0.9972000122070312, Tr_CE: 0.007536994758993387, Va_Acc: 0.8989999890327454, Va_CE: 1.1094225645065308
Epoch: 24, AccTr: 0.9854000210762024, AccVa: 0.8550000190734863, CeTr: 0.03262405842542648, CeVa: 1.760080337524414
Epoch: 25, AccTr: 0.98580002784729, AccVa: 0.8654999732971191, CeTr: 0.03259448707103729, CeVa: 1.7003400325775146
Epoch: 26, AccTr: 0.986299991607666, AccVa: 0.859499990940094, CeTr: 0.031185956671833992, CeVa: 1.6787468194961548
ENSEMBLE | Tr_Acc: 0.9987000226974487, Tr_CE: 0.0033379090018570423, Va_Acc: 0.9049999713897705, Va_CE: 1.0354071855545044
Epoch: 27, AccTr: 0.9860000014305115, AccVa: 0.8640000224113464, CeTr: 0.03544819355010986, CeVa: 1.6902318000793457
Epoch: 28, AccTr: 0.9896000027656555, AccVa: 0.8690000176429749, CeTr: 0.028654973953962326, CeVa: 1.5560368299484253
Epoch: 29, AccTr: 0.9864000082015991, AccVa: 0.8615000247955322, CeTr: 0.035430293530225754, CeVa: 1.613108515739441
ENSEMBLE | Tr_Acc: 0.9995999932289124, Tr_CE: 0.001987610710784793, Va_Acc: 0.9075000286102295, Va_CE: 0.9646377563476562
Epoch: 30, AccTr: 0.9883000254631042, AccVa: 0.8650000095367432, CeTr: 0.03296682611107826, CeVa: 1.5854963064193726
Epoch: 31, AccTr: 0.9864000082015991, AccVa: 0.8659999966621399, CeTr: 0.033560942858457565, CeVa: 1.489400863647461
Epoch: 32, AccTr: 0.9847999811172485, AccVa: 0.8665000200271606, CeTr: 0.037986889481544495, CeVa: 1.6936982870101929
ENSEMBLE | Tr_Acc: 0.9998000264167786, Tr_CE: 0.0013339800061658025, Va_Acc: 0.9150000214576721, Va_CE: 0.9322414398193359
Epoch: 33, AccTr: 0.984499990940094, AccVa: 0.8604999780654907, CeTr: 0.03567749634385109, CeVa: 1.6349620819091797
Epoch: 34, AccTr: 0.9866999983787537, AccVa: 0.8694999814033508, CeTr: 0.03204403072595596, CeVa: 1.5956162214279175
Epoch: 35, AccTr: 0.987500011920929, AccVa: 0.8585000038146973, CeTr: 0.03235941007733345, CeVa: 1.5714201927185059
ENSEMBLE | Tr_Acc: 0.9998999834060669, Tr_CE: 0.0010473313741385937, Va_Acc: 0.9144999980926514, Va_CE: 0.9085728526115417
Epoch: 36, AccTr: 0.9847999811172485, AccVa: 0.8579999804496765, CeTr: 0.03235986456274986, CeVa: 1.6328067779541016
Epoch: 37, AccTr: 0.9879000186920166, AccVa: 0.8535000085830688, CeTr: 0.029146576300263405, CeVa: 1.7085790634155273
Epoch: 38, AccTr: 0.9858999848365784, AccVa: 0.8610000014305115, CeTr: 0.035575706511735916, CeVa: 1.6424577236175537
ENSEMBLE | Tr_Acc: 0.9998000264167786, Tr_CE: 0.0008686579531058669, Va_Acc: 0.9144999980926514, Va_CE: 0.8934139013290405
Epoch: 39, AccTr: 0.9853000044822693, AccVa: 0.8554999828338623, CeTr: 0.03292425721883774, CeVa: 1.6070587635040283
Epoch: 40, AccTr: 0.9825000166893005, AccVa: 0.8560000061988831, CeTr: 0.035461243242025375, CeVa: 1.7921369075775146
Epoch: 41, AccTr: 0.9843000173568726, AccVa: 0.8604999780654907, CeTr: 0.03529597818851471, CeVa: 1.63963782787323
ENSEMBLE | Tr_Acc: 0.9998999834060669, Tr_CE: 0.0006820244016125798, Va_Acc: 0.9169999957084656, Va_CE: 0.8823899626731873
Epoch: 42, AccTr: 0.9829000234603882, AccVa: 0.8585000038146973, CeTr: 0.03528114780783653, CeVa: 1.7747973203659058
Epoch: 43, AccTr: 0.9857000112533569, AccVa: 0.8535000085830688, CeTr: 0.032303694635629654, CeVa: 1.8173755407333374
Epoch: 44, AccTr: 0.9857000112533569, AccVa: 0.8669999837875366, CeTr: 0.03502614051103592, CeVa: 1.7186378240585327
ENSEMBLE | Tr_Acc: 1.0, Tr_CE: 0.0005707782111130655, Va_Acc: 0.9169999957084656, Va_CE: 0.876450777053833
Epoch: 45, AccTr: 0.987500011920929, AccVa: 0.8640000224113464, CeTr: 0.029059726744890213, CeVa: 1.6281096935272217
Epoch: 46, AccTr: 0.9858999848365784, AccVa: 0.8640000224113464, CeTr: 0.03381156548857689, CeVa: 1.7204207181930542
Epoch: 47, AccTr: 0.9851999878883362, AccVa: 0.8679999709129333, CeTr: 0.032243117690086365, CeVa: 1.7551887035369873
ENSEMBLE | Tr_Acc: 1.0, Tr_CE: 0.0005041109398007393, Va_Acc: 0.9204999804496765, Va_CE: 0.8793537616729736
Epoch: 48, AccTr: 0.984000027179718, AccVa: 0.8690000176429749, CeTr: 0.036409832537174225, CeVa: 1.562116265296936
Epoch: 49, AccTr: 0.9871000051498413, AccVa: 0.8629999756813049, CeTr: 0.02942434325814247, CeVa: 1.6717422008514404
Epoch: 50, AccTr: 0.9855999946594238, AccVa: 0.8679999709129333, CeTr: 0.029748693108558655, CeVa: 1.6064362525939941
ENSEMBLE | Tr_Acc: 1.0, Tr_CE: 0.00047187323798425496, Va_Acc: 0.921999990940094, Va_CE: 0.8762274980545044
Epoch: 51, AccTr: 0.986299991607666, AccVa: 0.8669999837875366, CeTr: 0.029963873326778412, CeVa: 1.6599353551864624
Epoch: 52, AccTr: 0.9866999983787537, AccVa: 0.8610000014305115, CeTr: 0.03155786916613579, CeVa: 1.8203003406524658
Epoch: 53, AccTr: 0.9865999817848206, AccVa: 0.8539999723434448, CeTr: 0.03293360769748688, CeVa: 1.7466785907745361
ENSEMBLE | Tr_Acc: 1.0, Tr_CE: 0.0003725737624336034, Va_Acc: 0.9210000038146973, Va_CE: 0.8745618462562561
Epoch: 54, AccTr: 0.9879000186920166, AccVa: 0.8579999804496765, CeTr: 0.03264172375202179, CeVa: 1.7244560718536377
Epoch: 55, AccTr: 0.9868999719619751, AccVa: 0.859000027179718, CeTr: 0.03191955015063286, CeVa: 1.6506240367889404
Epoch: 56, AccTr: 0.9868000149726868, AccVa: 0.8600000143051147, CeTr: 0.031813740730285645, CeVa: 1.6592940092086792
ENSEMBLE | Tr_Acc: 1.0, Tr_CE: 0.00034984067315235734, Va_Acc: 0.9225000143051147, Va_CE: 0.8565738797187805
Epoch: 57, AccTr: 0.9872000217437744, AccVa: 0.8615000247955322, CeTr: 0.030681781470775604, CeVa: 1.77955961227417
Epoch: 58, AccTr: 0.9866999983787537, AccVa: 0.8634999990463257, CeTr: 0.030927972868084908, CeVa: 1.6631171703338623
Epoch: 59, AccTr: 0.9883999824523926, AccVa: 0.8569999933242798, CeTr: 0.030931519344449043, CeVa: 1.7490153312683105
ENSEMBLE | Tr_Acc: 1.0, Tr_CE: 0.00032238298445008695, Va_Acc: 0.9200000166893005, Va_CE: 0.8511312007904053
Epoch: 60, AccTr: 0.9861999750137329, AccVa: 0.859000027179718, CeTr: 0.03212985023856163, CeVa: 1.7370927333831787
Epoch: 61, AccTr: 0.9861999750137329, AccVa: 0.8585000038146973, CeTr: 0.03289617598056793, CeVa: 1.4894094467163086
Epoch: 62, AccTr: 0.9854999780654907, AccVa: 0.8529999852180481, CeTr: 0.03319382667541504, CeVa: 1.7355862855911255
ENSEMBLE | Tr_Acc: 1.0, Tr_CE: 0.0003163235087413341, Va_Acc: 0.9204999804496765, Va_CE: 0.8435593247413635
Epoch: 63, AccTr: 0.9860000014305115, AccVa: 0.8679999709129333, CeTr: 0.03491908684372902, CeVa: 1.4957622289657593
Epoch: 64, AccTr: 0.9865999817848206, AccVa: 0.8659999966621399, CeTr: 0.031696684658527374, CeVa: 1.5913881063461304
Epoch: 65, AccTr: 0.9864000082015991, AccVa: 0.8550000190734863, CeTr: 0.03424302861094475, CeVa: 1.7738745212554932
ENSEMBLE | Tr_Acc: 1.0, Tr_CE: 0.0003011440858244896, Va_Acc: 0.9244999885559082, Va_CE: 0.8369387984275818
Epoch: 66, AccTr: 0.9876999855041504, AccVa: 0.8634999990463257, CeTr: 0.03275534510612488, CeVa: 1.64264714717865
Epoch: 67, AccTr: 0.9873999953269958, AccVa: 0.8560000061988831, CeTr: 0.03279469162225723, CeVa: 1.692040205001831
Epoch: 68, AccTr: 0.9889000058174133, AccVa: 0.8565000295639038, CeTr: 0.030897270888090134, CeVa: 1.6631267070770264
ENSEMBLE | Tr_Acc: 1.0, Tr_CE: 0.0002986247418448329, Va_Acc: 0.9235000014305115, Va_CE: 0.8290377259254456
Epoch: 69, AccTr: 0.9848999977111816, AccVa: 0.8610000014305115, CeTr: 0.032958321273326874, CeVa: 1.7210851907730103
Epoch: 70, AccTr: 0.9868999719619751, AccVa: 0.862500011920929, CeTr: 0.0326775498688221, CeVa: 1.6174263954162598
Epoch: 71, AccTr: 0.9876000285148621, AccVa: 0.8585000038146973, CeTr: 0.031290605664253235, CeVa: 1.6092939376831055
ENSEMBLE | Tr_Acc: 1.0, Tr_CE: 0.0002698889875318855, Va_Acc: 0.925000011920929, Va_CE: 0.8179010152816772
Epoch: 72, AccTr: 0.988099992275238, AccVa: 0.8610000014305115, CeTr: 0.029447326436638832, CeVa: 1.825287938117981
Epoch: 73, AccTr: 0.9864000082015991, AccVa: 0.8640000224113464, CeTr: 0.032951775938272476, CeVa: 1.7430728673934937
Epoch: 74, AccTr: 0.9882000088691711, AccVa: 0.859000027179718, CeTr: 0.031132666394114494, CeVa: 1.6912589073181152
ENSEMBLE | Tr_Acc: 1.0, Tr_CE: 0.00024030322674661875, Va_Acc: 0.9244999885559082, Va_CE: 0.8158131241798401
Epoch: 75, AccTr: 0.9872999787330627, AccVa: 0.8519999980926514, CeTr: 0.03055676259100437, CeVa: 1.7854046821594238
Epoch: 76, AccTr: 0.9883000254631042, AccVa: 0.8640000224113464, CeTr: 0.028217066079378128, CeVa: 1.6674448251724243
Epoch: 77, AccTr: 0.9865999817848206, AccVa: 0.8600000143051147, CeTr: 0.032377809286117554, CeVa: 1.7603027820587158
ENSEMBLE | Tr_Acc: 1.0, Tr_CE: 0.00022425176575779915, Va_Acc: 0.9254999756813049, Va_CE: 0.8118389248847961
Epoch: 78, AccTr: 0.9861999750137329, AccVa: 0.8550000190734863, CeTr: 0.0341845341026783, CeVa: 1.8652894496917725
Epoch: 79, AccTr: 0.9861000180244446, AccVa: 0.8525000214576721, CeTr: 0.03425290063023567, CeVa: 1.9443345069885254
Epoch: 80, AccTr: 0.9869999885559082, AccVa: 0.8669999837875366, CeTr: 0.03299836069345474, CeVa: 1.6981850862503052
ENSEMBLE | Tr_Acc: 1.0, Tr_CE: 0.00022793088282924145, Va_Acc: 0.9240000247955322, Va_CE: 0.8075472116470337
Epoch: 81, AccTr: 0.9871000051498413, AccVa: 0.8585000038146973, CeTr: 0.0320349782705307, CeVa: 1.7215490341186523
Epoch: 82, AccTr: 0.9879999756813049, AccVa: 0.8560000061988831, CeTr: 0.030007805675268173, CeVa: 1.8143935203552246
Epoch: 83, AccTr: 0.9865000247955322, AccVa: 0.8640000224113464, CeTr: 0.03346952050924301, CeVa: 1.7399406433105469
ENSEMBLE | Tr_Acc: 1.0, Tr_CE: 0.00022370295482687652, Va_Acc: 0.9259999990463257, Va_CE: 0.8062446117401123
Epoch: 84, AccTr: 0.9876000285148621, AccVa: 0.8550000190734863, CeTr: 0.03259546309709549, CeVa: 1.7723501920700073
Epoch: 85, AccTr: 0.9883000254631042, AccVa: 0.862500011920929, CeTr: 0.03002316504716873, CeVa: 1.6284239292144775
Epoch: 86, AccTr: 0.9871000051498413, AccVa: 0.8575000166893005, CeTr: 0.035576049238443375, CeVa: 1.7181693315505981
ENSEMBLE | Tr_Acc: 1.0, Tr_CE: 0.0002229514066129923, Va_Acc: 0.9259999990463257, Va_CE: 0.8003514409065247
Epoch: 87, AccTr: 0.9883999824523926, AccVa: 0.8525000214576721, CeTr: 0.031085500493645668, CeVa: 1.7672520875930786
Epoch: 88, AccTr: 0.9878000020980835, AccVa: 0.8610000014305115, CeTr: 0.03402717411518097, CeVa: 1.720139980316162
Epoch: 89, AccTr: 0.9894999861717224, AccVa: 0.8665000200271606, CeTr: 0.030573250725865364, CeVa: 1.645005702972412
ENSEMBLE | Tr_Acc: 1.0, Tr_CE: 0.00022230307513382286, Va_Acc: 0.9265000224113464, Va_CE: 0.7938932180404663
Epoch: 90, AccTr: 0.9861000180244446, AccVa: 0.8610000014305115, CeTr: 0.034706395119428635, CeVa: 1.5440475940704346
Epoch: 91, AccTr: 0.9894000291824341, AccVa: 0.8669999837875366, CeTr: 0.028968334197998047, CeVa: 1.5580565929412842
Epoch: 92, AccTr: 0.9843999743461609, AccVa: 0.8585000038146973, CeTr: 0.036657921969890594, CeVa: 1.7969738245010376
ENSEMBLE | Tr_Acc: 1.0, Tr_CE: 0.00022117876505944878, Va_Acc: 0.9259999990463257, Va_CE: 0.7913552522659302
Epoch: 93, AccTr: 0.9872999787330627, AccVa: 0.8529999852180481, CeTr: 0.03285598009824753, CeVa: 1.7976776361465454
Epoch: 94, AccTr: 0.9879000186920166, AccVa: 0.8640000224113464, CeTr: 0.03138892725110054, CeVa: 1.7512133121490479
Epoch: 95, AccTr: 0.9889000058174133, AccVa: 0.8705000281333923, CeTr: 0.029989611357450485, CeVa: 1.5434821844100952
ENSEMBLE | Tr_Acc: 1.0, Tr_CE: 0.00021533959079533815, Va_Acc: 0.9275000095367432, Va_CE: 0.7852219343185425
Epoch: 96, AccTr: 0.9872000217437744, AccVa: 0.8610000014305115, CeTr: 0.033032312989234924, CeVa: 1.6305220127105713
Epoch: 97, AccTr: 0.9873999953269958, AccVa: 0.8650000095367432, CeTr: 0.03145986422896385, CeVa: 1.6472182273864746
Epoch: 98, AccTr: 0.9886000156402588, AccVa: 0.8525000214576721, CeTr: 0.02896517887711525, CeVa: 1.723174810409546
ENSEMBLE | Tr_Acc: 1.0, Tr_CE: 0.00021164760983083397, Va_Acc: 0.9269999861717224, Va_CE: 0.7829278707504272
Epoch: 99, AccTr: 0.9886000156402588, AccVa: 0.8569999933242798, CeTr: 0.029760247096419334, CeVa: 1.6477322578430176
Epoch: 100, AccTr: 0.9887999892234802, AccVa: 0.8675000071525574, CeTr: 0.029556844383478165, CeVa: 1.592651605606079
Epoch: 101, AccTr: 0.9868999719619751, AccVa: 0.8654999732971191, CeTr: 0.03367770090699196, CeVa: 1.7248471975326538
ENSEMBLE | Tr_Acc: 1.0, Tr_CE: 0.00021265892428345978, Va_Acc: 0.9269999861717224, Va_CE: 0.7813440561294556
Epoch: 102, AccTr: 0.9879000186920166, AccVa: 0.8665000200271606, CeTr: 0.030204709619283676, CeVa: 1.7278732061386108
Epoch: 103, AccTr: 0.9879000186920166, AccVa: 0.8705000281333923, CeTr: 0.03009982965886593, CeVa: 1.6348544359207153
Epoch: 104, AccTr: 0.9883999824523926, AccVa: 0.8709999918937683, CeTr: 0.030209410935640335, CeVa: 1.612061858177185
ENSEMBLE | Tr_Acc: 1.0, Tr_CE: 0.00021137129806447774, Va_Acc: 0.9254999756813049, Va_CE: 0.7758042812347412
Epoch: 105, AccTr: 0.9872000217437744, AccVa: 0.8684999942779541, CeTr: 0.031719811260700226, CeVa: 1.6197844743728638
Epoch: 106, AccTr: 0.9860000014305115, AccVa: 0.8600000143051147, CeTr: 0.030847495421767235, CeVa: 1.6235343217849731
Epoch: 107, AccTr: 0.984499990940094, AccVa: 0.8665000200271606, CeTr: 0.03444982320070267, CeVa: 1.5915006399154663
ENSEMBLE | Tr_Acc: 1.0, Tr_CE: 0.00020413189486134797, Va_Acc: 0.9275000095367432, Va_CE: 0.7712715268135071
Epoch: 108, AccTr: 0.9879000186920166, AccVa: 0.8715000152587891, CeTr: 0.027637764811515808, CeVa: 1.5726560354232788
Epoch: 109, AccTr: 0.9871000051498413, AccVa: 0.8755000233650208, CeTr: 0.030483093112707138, CeVa: 1.6336009502410889
Epoch: 110, AccTr: 0.9843999743461609, AccVa: 0.8700000047683716, CeTr: 0.032071977853775024, CeVa: 1.6821677684783936
ENSEMBLE | Tr_Acc: 1.0, Tr_CE: 0.00019777061243075877, Va_Acc: 0.9275000095367432, Va_CE: 0.7687243223190308
Epoch: 111, AccTr: 0.9868000149726868, AccVa: 0.8679999709129333, CeTr: 0.031381476670503616, CeVa: 1.6932923793792725
Epoch: 112, AccTr: 0.987500011920929, AccVa: 0.8709999918937683, CeTr: 0.032524436712265015, CeVa: 1.7079901695251465
Epoch: 113, AccTr: 0.98580002784729, AccVa: 0.8725000023841858, CeTr: 0.03326454013586044, CeVa: 1.674754023551941
ENSEMBLE | Tr_Acc: 1.0, Tr_CE: 0.0001969180884771049, Va_Acc: 0.9275000095367432, Va_CE: 0.7660537362098694
Epoch: 114, AccTr: 0.9876000285148621, AccVa: 0.8654999732971191, CeTr: 0.030391907319426537, CeVa: 1.757535696029663
Epoch: 115, AccTr: 0.9878000020980835, AccVa: 0.8665000200271606, CeTr: 0.031753748655319214, CeVa: 1.7088525295257568
Epoch: 116, AccTr: 0.9868999719619751, AccVa: 0.8619999885559082, CeTr: 0.03517972305417061, CeVa: 1.6939693689346313
ENSEMBLE | Tr_Acc: 1.0, Tr_CE: 0.00019441306358203292, Va_Acc: 0.9290000200271606, Va_CE: 0.7626475691795349
Epoch: 117, AccTr: 0.9866999983787537, AccVa: 0.8734999895095825, CeTr: 0.029227430000901222, CeVa: 1.7619904279708862
Epoch: 118, AccTr: 0.986299991607666, AccVa: 0.8610000014305115, CeTr: 0.02937379479408264, CeVa: 1.7446153163909912
Epoch: 119, AccTr: 0.9887999892234802, AccVa: 0.8525000214576721, CeTr: 0.030577335506677628, CeVa: 1.8682866096496582
ENSEMBLE | Tr_Acc: 1.0, Tr_CE: 0.00018465846369508654, Va_Acc: 0.9290000200271606, Va_CE: 0.7639041543006897
Epoch: 120, AccTr: 0.9872999787330627, AccVa: 0.8619999885559082, CeTr: 0.02962171845138073, CeVa: 1.7857013940811157
Epoch: 121, AccTr: 0.9869999885559082, AccVa: 0.8619999885559082, CeTr: 0.030639315024018288, CeVa: 1.9169385433197021
Epoch: 122, AccTr: 0.9882000088691711, AccVa: 0.8669999837875366, CeTr: 0.029837127774953842, CeVa: 1.6747273206710815
ENSEMBLE | Tr_Acc: 1.0, Tr_CE: 0.00018351111793890595, Va_Acc: 0.9290000200271606, Va_CE: 0.76079261302948
Epoch: 123, AccTr: 0.9894999861717224, AccVa: 0.8665000200271606, CeTr: 0.027649810537695885, CeVa: 1.684238076210022
Epoch: 124, AccTr: 0.9886999726295471, AccVa: 0.8774999976158142, CeTr: 0.028826162219047546, CeVa: 1.6463571786880493
Epoch: 125, AccTr: 0.9879999756813049, AccVa: 0.8700000047683716, CeTr: 0.02805056981742382, CeVa: 1.758676290512085
ENSEMBLE | Tr_Acc: 1.0, Tr_CE: 0.0001800036698114127, Va_Acc: 0.9290000200271606, Va_CE: 0.7615430355072021
Epoch: 126, AccTr: 0.9904000163078308, AccVa: 0.8744999766349792, CeTr: 0.025311632081866264, CeVa: 1.7322231531143188
Epoch: 127, AccTr: 0.9886000156402588, AccVa: 0.8650000095367432, CeTr: 0.029880911111831665, CeVa: 1.6844309568405151
Epoch: 128, AccTr: 0.9883000254631042, AccVa: 0.8690000176429749, CeTr: 0.030778460204601288, CeVa: 1.7032594680786133
ENSEMBLE | Tr_Acc: 1.0, Tr_CE: 0.00017841662338469177, Va_Acc: 0.9294999837875366, Va_CE: 0.7592715620994568
Epoch: 129, AccTr: 0.988099992275238, AccVa: 0.859000027179718, CeTr: 0.02988678589463234, CeVa: 1.73821222782135
Epoch: 130, AccTr: 0.9878000020980835, AccVa: 0.8769999742507935, CeTr: 0.029857276007533073, CeVa: 1.580344557762146
Epoch: 131, AccTr: 0.9886999726295471, AccVa: 0.875, CeTr: 0.030232751742005348, CeVa: 1.634385347366333
ENSEMBLE | Tr_Acc: 1.0, Tr_CE: 0.0001768022630130872, Va_Acc: 0.9300000071525574, Va_CE: 0.7590360641479492
Epoch: 132, AccTr: 0.9900000095367432, AccVa: 0.871999979019165, CeTr: 0.026733875274658203, CeVa: 1.6628994941711426
Epoch: 133, AccTr: 0.9876999855041504, AccVa: 0.8679999709129333, CeTr: 0.03164548799395561, CeVa: 1.6676113605499268
Epoch: 134, AccTr: 0.9868000149726868, AccVa: 0.8679999709129333, CeTr: 0.03474313020706177, CeVa: 1.657439947128296
ENSEMBLE | Tr_Acc: 1.0, Tr_CE: 0.00016651094483677298, Va_Acc: 0.9300000071525574, Va_CE: 0.7587623000144958
Epoch: 135, AccTr: 0.9876999855041504, AccVa: 0.8709999918937683, CeTr: 0.03228161111474037, CeVa: 1.5849993228912354
Epoch: 136, AccTr: 0.9891999959945679, AccVa: 0.8640000224113464, CeTr: 0.028694598004221916, CeVa: 1.564698576927185
Epoch: 137, AccTr: 0.9872000217437744, AccVa: 0.8654999732971191, CeTr: 0.03222709521651268, CeVa: 1.6786366701126099
ENSEMBLE | Tr_Acc: 1.0, Tr_CE: 0.00016208931629080325, Va_Acc: 0.9294999837875366, Va_CE: 0.7575687766075134
Epoch: 138, AccTr: 0.9902999997138977, AccVa: 0.8650000095367432, CeTr: 0.028954865410923958, CeVa: 1.7252992391586304
Epoch: 139, AccTr: 0.9901999831199646, AccVa: 0.8675000071525574, CeTr: 0.02865605428814888, CeVa: 1.7345671653747559
Epoch: 140, AccTr: 0.9876000285148621, AccVa: 0.8730000257492065, CeTr: 0.031651709228754044, CeVa: 1.6773676872253418
ENSEMBLE | Tr_Acc: 1.0, Tr_CE: 0.00015862105647101998, Va_Acc: 0.9294999837875366, Va_CE: 0.7577647566795349
Epoch: 141, AccTr: 0.9882000088691711, AccVa: 0.8644999861717224, CeTr: 0.03241327777504921, CeVa: 1.6619913578033447
Epoch: 142, AccTr: 0.9883999824523926, AccVa: 0.8640000224113464, CeTr: 0.03078678622841835, CeVa: 1.7582454681396484
Epoch: 143, AccTr: 0.9879000186920166, AccVa: 0.8715000152587891, CeTr: 0.03201822191476822, CeVa: 1.7156535387039185
ENSEMBLE | Tr_Acc: 1.0, Tr_CE: 0.00015983456978574395, Va_Acc: 0.9304999709129333, Va_CE: 0.7565371990203857
Epoch: 144, AccTr: 0.9869999885559082, AccVa: 0.8619999885559082, CeTr: 0.03394215553998947, CeVa: 1.5686609745025635
Epoch: 145, AccTr: 0.987500011920929, AccVa: 0.8585000038146973, CeTr: 0.0333053357899189, CeVa: 1.6655361652374268
Epoch: 146, AccTr: 0.9876000285148621, AccVa: 0.8690000176429749, CeTr: 0.033289533108472824, CeVa: 1.7081141471862793
ENSEMBLE | Tr_Acc: 1.0, Tr_CE: 0.00016275756934192032, Va_Acc: 0.9304999709129333, Va_CE: 0.7567647099494934
Epoch: 147, AccTr: 0.9876000285148621, AccVa: 0.8679999709129333, CeTr: 0.03204286843538284, CeVa: 1.6803882122039795
Epoch: 148, AccTr: 0.9868000149726868, AccVa: 0.8705000281333923, CeTr: 0.03308425471186638, CeVa: 1.679973840713501
Epoch: 149, AccTr: 0.9904000163078308, AccVa: 0.875, CeTr: 0.02807271108031273, CeVa: 1.7436811923980713
ENSEMBLE | Tr_Acc: 1.0, Tr_CE: 0.0001618344394955784, Va_Acc: 0.9319999814033508, Va_CE: 0.7557755708694458
Epoch: 150, AccTr: 0.9869999885559082, AccVa: 0.8684999942779541, CeTr: 0.033999089151620865, CeVa: 1.767570972442627
Input binarization: False
Pretrained network accuracy: 0.9991999864578247
NN CONFIG
Weight-type:		binary
Layout									Layer #1: 784	Layer #2: 280	Layer #3: 200	Layer #4: 10	
Activation Functions					Layer #1: bs	Layer #2: bs	
Keep probabilities		Layer #0: 1.0	Layer #1: 1.0	Layer #2: 1.0	
Flat factors							Layer #1: 1.0	Layer #2: 1.0	Layer #3: 1.0	
Activation Noise						Layer #1: 0.0	Layer #2: 0.0	Layer #3: 0.0	
Prior: 0.85

===================================

RUN CONFIG
Gibbs  Epochs: 150, Blocksize: 8

===================================

Gibbs Ensemble | Burn In: 20, Thinning: 3
Epoch: 0, AccTr: 0.5167999863624573, AccVa: 0.5120000243186951, CeTr: 6.739415645599365, CeVa: 6.494016647338867
Epoch: 1, AccTr: 0.9732000231742859, AccVa: 0.8550000190734863, CeTr: 0.07193467766046524, CeVa: 1.3442463874816895
Epoch: 2, AccTr: 0.978600025177002, AccVa: 0.8569999933242798, CeTr: 0.04817065969109535, CeVa: 1.4381483793258667
Epoch: 3, AccTr: 0.9828000068664551, AccVa: 0.8610000014305115, CeTr: 0.04008634388446808, CeVa: 1.4850852489471436
Epoch: 4, AccTr: 0.9850000143051147, AccVa: 0.859499990940094, CeTr: 0.03870759159326553, CeVa: 1.602641224861145
Epoch: 5, AccTr: 0.9846000075340271, AccVa: 0.8569999933242798, CeTr: 0.03966626524925232, CeVa: 1.6520648002624512
Epoch: 6, AccTr: 0.9872000217437744, AccVa: 0.862500011920929, CeTr: 0.03293394669890404, CeVa: 1.5234782695770264
Epoch: 7, AccTr: 0.9868000149726868, AccVa: 0.8504999876022339, CeTr: 0.03538664057850838, CeVa: 1.6346648931503296
Epoch: 8, AccTr: 0.9857000112533569, AccVa: 0.8525000214576721, CeTr: 0.03618262708187103, CeVa: 1.538476586341858
Epoch: 9, AccTr: 0.984499990940094, AccVa: 0.8694999814033508, CeTr: 0.036241721361875534, CeVa: 1.5136995315551758
Epoch: 10, AccTr: 0.9889000058174133, AccVa: 0.8644999861717224, CeTr: 0.030054382979869843, CeVa: 1.546590805053711
Epoch: 11, AccTr: 0.9868999719619751, AccVa: 0.8634999990463257, CeTr: 0.03532963991165161, CeVa: 1.572464108467102
Epoch: 12, AccTr: 0.9855999946594238, AccVa: 0.859000027179718, CeTr: 0.03478271886706352, CeVa: 1.6819411516189575
Epoch: 13, AccTr: 0.9853000044822693, AccVa: 0.8604999780654907, CeTr: 0.03374381735920906, CeVa: 1.6322832107543945
Epoch: 14, AccTr: 0.9857000112533569, AccVa: 0.8709999918937683, CeTr: 0.03535807505249977, CeVa: 1.55724036693573
Epoch: 15, AccTr: 0.9876999855041504, AccVa: 0.8715000152587891, CeTr: 0.029906418174505234, CeVa: 1.5794668197631836
Epoch: 16, AccTr: 0.9864000082015991, AccVa: 0.8560000061988831, CeTr: 0.032807402312755585, CeVa: 1.755265712738037
Epoch: 17, AccTr: 0.9876999855041504, AccVa: 0.8575000166893005, CeTr: 0.03226900473237038, CeVa: 1.8601750135421753
Epoch: 18, AccTr: 0.9879000186920166, AccVa: 0.8634999990463257, CeTr: 0.03013889119029045, CeVa: 1.6574875116348267
Epoch: 19, AccTr: 0.9901000261306763, AccVa: 0.8510000109672546, CeTr: 0.029408246278762817, CeVa: 1.8771315813064575
Epoch: 20, AccTr: 0.9869999885559082, AccVa: 0.8679999709129333, CeTr: 0.034583963453769684, CeVa: 1.755901575088501
ENSEMBLE | Tr_Acc: 0.9869999885559082, Tr_CE: 0.034583963453769684, Va_Acc: 0.8679999709129333, Va_CE: 1.755901575088501
Epoch: 21, AccTr: 0.9889000058174133, AccVa: 0.8600000143051147, CeTr: 0.030238578096032143, CeVa: 1.7221025228500366
Epoch: 22, AccTr: 0.9866999983787537, AccVa: 0.8579999804496765, CeTr: 0.03114253841340542, CeVa: 1.8697279691696167
Epoch: 23, AccTr: 0.9886999726295471, AccVa: 0.8569999933242798, CeTr: 0.030890218913555145, CeVa: 1.716054916381836
ENSEMBLE | Tr_Acc: 0.9983999729156494, Tr_CE: 0.005445616319775581, Va_Acc: 0.8855000138282776, Va_CE: 1.3205939531326294
Epoch: 24, AccTr: 0.988099992275238, AccVa: 0.859000027179718, CeTr: 0.030969347804784775, CeVa: 1.6965606212615967
Epoch: 25, AccTr: 0.9873999953269958, AccVa: 0.8610000014305115, CeTr: 0.03384777158498764, CeVa: 1.7270352840423584
Epoch: 26, AccTr: 0.9894999861717224, AccVa: 0.8610000014305115, CeTr: 0.029170263558626175, CeVa: 1.7140306234359741
ENSEMBLE | Tr_Acc: 0.9997000098228455, Tr_CE: 0.00222606910392642, Va_Acc: 0.8999999761581421, Va_CE: 1.160470724105835
Epoch: 27, AccTr: 0.988099992275238, AccVa: 0.8529999852180481, CeTr: 0.03219817951321602, CeVa: 1.7902671098709106
Epoch: 28, AccTr: 0.9872999787330627, AccVa: 0.8464999794960022, CeTr: 0.03057589754462242, CeVa: 1.916792631149292
Epoch: 29, AccTr: 0.9860000014305115, AccVa: 0.8539999723434448, CeTr: 0.035371165722608566, CeVa: 1.748361587524414
ENSEMBLE | Tr_Acc: 0.9998999834060669, Tr_CE: 0.0011383665259927511, Va_Acc: 0.8989999890327454, Va_CE: 1.092162847518921
Epoch: 30, AccTr: 0.9872000217437744, AccVa: 0.8604999780654907, CeTr: 0.03207222744822502, CeVa: 1.6930646896362305
