

config:

HOME=/clusterFS/home/student/kopp13
PATH=/clusterFS/home/student/kopp13/miniconda3/envs/tensorflow/bin:/clusterFS/home/student/kopp13/miniconda3/bin:/clusterFS/home/student/kopp13/bin:/usr/local/bin:/usr/bin:/bin:/usr/local/games:/usr/games
LD_LIBRARY_PATH=
THEANO_FLAGS=floatX=float32,gpuarray.preallocate=0.9,dnn.library_path=/usr/lib/x86_64-linux-gnu,cxx=clang++-3.8,device=cuda,base_compiledir=/tmp/tmp.Q2Hte0Y2cs
Pretrained network accuracy: 1.0
NN CONFIG
Weight-type:		binary
Layout									Layer #1: 4	Layer #2: 200	Layer #3: 200	Layer #4: 3	
Activation Functions					Layer #1: bs	Layer #2: bs	
Keep probabilities		Layer #0: 1.0	Layer #1: 1.0	Layer #2: 1.0	
Flat factors							Layer #1: 1.0	Layer #2: 1.0	Layer #3: 1.0	
Activation Noise						Layer #1: 0.0	Layer #2: 0.0	Layer #3: 0.0	
Prior: 0.85

===================================

RUN CONFIG
Epochs: 100, Blocksize: 3

===================================

Epoch: 0, AccTr: 0.8666666746139526, AccVa: 0.6888889074325562, CeTr: 1.4731680154800415, CeVa: 3.500619888305664
Epoch: 1, AccTr: 0.9047619104385376, AccVa: 0.6888889074325562, CeTr: 0.26205897331237793, CeVa: 1.1000722646713257
Epoch: 2, AccTr: 0.8666666746139526, AccVa: 0.6888889074325562, CeTr: 0.3103048801422119, CeVa: 3.463874578475952
Epoch: 3, AccTr: 0.9047619104385376, AccVa: 0.7111111283302307, CeTr: 0.25420451164245605, CeVa: 2.6102755069732666
Epoch: 4, AccTr: 0.8952381014823914, AccVa: 0.7111111283302307, CeTr: 0.336202472448349, CeVa: 3.120713949203491
Epoch: 5, AccTr: 0.9047619104385376, AccVa: 0.7111111283302307, CeTr: 0.2812683582305908, CeVa: 1.740439534187317
Epoch: 6, AccTr: 0.9047619104385376, AccVa: 0.6888889074325562, CeTr: 0.2527099847793579, CeVa: 2.8735623359680176
Epoch: 7, AccTr: 0.9047619104385376, AccVa: 0.6888889074325562, CeTr: 0.2619141936302185, CeVa: 2.223137140274048
Epoch: 8, AccTr: 0.8952381014823914, AccVa: 0.7111111283302307, CeTr: 0.3141149580478668, CeVa: 2.320081949234009
Epoch: 9, AccTr: 0.9047619104385376, AccVa: 0.6888889074325562, CeTr: 0.2559725344181061, CeVa: 1.9947237968444824
Epoch: 10, AccTr: 0.9047619104385376, AccVa: 0.7111111283302307, CeTr: 0.2596100866794586, CeVa: 1.460108995437622
Epoch: 11, AccTr: 0.8857142925262451, AccVa: 0.6888889074325562, CeTr: 0.2860247492790222, CeVa: 3.284884214401245
Epoch: 12, AccTr: 0.8761904835700989, AccVa: 0.7777777910232544, CeTr: 0.3085358142852783, CeVa: 2.607692241668701
Epoch: 13, AccTr: 0.8857142925262451, AccVa: 0.7777777910232544, CeTr: 0.2702084183692932, CeVa: 1.195908784866333
Epoch: 14, AccTr: 0.8952381014823914, AccVa: 0.7111111283302307, CeTr: 0.2878887951374054, CeVa: 1.6549760103225708
Epoch: 15, AccTr: 0.9047619104385376, AccVa: 0.7333333492279053, CeTr: 0.3024943172931671, CeVa: 1.2519173622131348
Epoch: 16, AccTr: 0.8952381014823914, AccVa: 0.7333333492279053, CeTr: 0.29813405871391296, CeVa: 2.395275592803955
Epoch: 17, AccTr: 0.9047619104385376, AccVa: 0.7111111283302307, CeTr: 0.25738993287086487, CeVa: 1.9892535209655762
Epoch: 18, AccTr: 0.9047619104385376, AccVa: 0.7111111283302307, CeTr: 0.2535248398780823, CeVa: 1.3626652956008911
Epoch: 19, AccTr: 0.8857142925262451, AccVa: 0.6666666865348816, CeTr: 0.31417492032051086, CeVa: 3.277312994003296
Epoch: 20, AccTr: 0.8666666746139526, AccVa: 0.6666666865348816, CeTr: 0.3872569799423218, CeVa: 3.8233962059020996
Epoch: 21, AccTr: 0.9047619104385376, AccVa: 0.7111111283302307, CeTr: 0.2632485032081604, CeVa: 1.0481623411178589
Epoch: 22, AccTr: 0.8666666746139526, AccVa: 0.7555555701255798, CeTr: 0.4201425015926361, CeVa: 2.127932548522949
Epoch: 23, AccTr: 0.8190476298332214, AccVa: 0.5111111402511597, CeTr: 0.4581250250339508, CeVa: 2.6512277126312256
Epoch: 24, AccTr: 0.8761904835700989, AccVa: 0.7777777910232544, CeTr: 0.27016961574554443, CeVa: 2.529451847076416
Epoch: 25, AccTr: 0.8857142925262451, AccVa: 0.6666666865348816, CeTr: 0.29625555872917175, CeVa: 2.604602813720703
Epoch: 26, AccTr: 0.8952381014823914, AccVa: 0.7111111283302307, CeTr: 0.3078344464302063, CeVa: 1.812839388847351
Epoch: 27, AccTr: 0.8666666746139526, AccVa: 0.7111111283302307, CeTr: 0.3283672630786896, CeVa: 3.819131851196289
Epoch: 28, AccTr: 0.8666666746139526, AccVa: 0.7777777910232544, CeTr: 0.28557974100112915, CeVa: 0.592926561832428
Epoch: 29, AccTr: 0.9047619104385376, AccVa: 0.7111111283302307, CeTr: 0.25413140654563904, CeVa: 3.073533773422241
Epoch: 30, AccTr: 0.8857142925262451, AccVa: 0.7555555701255798, CeTr: 0.32371973991394043, CeVa: 2.3847312927246094
Epoch: 31, AccTr: 0.8857142925262451, AccVa: 0.7111111283302307, CeTr: 0.30388984084129333, CeVa: 1.726283073425293
Epoch: 32, AccTr: 0.8952381014823914, AccVa: 0.7111111283302307, CeTr: 0.271295428276062, CeVa: 1.7624503374099731
Epoch: 33, AccTr: 0.9047619104385376, AccVa: 0.6888889074325562, CeTr: 0.25365594029426575, CeVa: 4.429006099700928
Epoch: 34, AccTr: 0.8761904835700989, AccVa: 0.7777777910232544, CeTr: 0.31485965847969055, CeVa: 1.1955195665359497
Epoch: 35, AccTr: 0.8761904835700989, AccVa: 0.7333333492279053, CeTr: 0.29650774598121643, CeVa: 2.19293212890625
Epoch: 36, AccTr: 0.9047619104385376, AccVa: 0.7111111283302307, CeTr: 0.2873111963272095, CeVa: 1.4542324542999268
Epoch: 37, AccTr: 0.9047619104385376, AccVa: 0.6666666865348816, CeTr: 0.25368261337280273, CeVa: 1.771754264831543
Epoch: 38, AccTr: 0.8666666746139526, AccVa: 0.6666666865348816, CeTr: 0.3507559895515442, CeVa: 4.226284980773926
Epoch: 39, AccTr: 0.9047619104385376, AccVa: 0.7333333492279053, CeTr: 0.2700626850128174, CeVa: 1.6730468273162842
Epoch: 40, AccTr: 0.9047619104385376, AccVa: 0.7333333492279053, CeTr: 0.2591370642185211, CeVa: 1.1545716524124146
Epoch: 41, AccTr: 0.8857142925262451, AccVa: 0.7555555701255798, CeTr: 0.27246949076652527, CeVa: 2.820545196533203
Epoch: 42, AccTr: 0.8857142925262451, AccVa: 0.7333333492279053, CeTr: 0.2937158942222595, CeVa: 1.6173304319381714
Epoch: 43, AccTr: 0.8857142925262451, AccVa: 0.7111111283302307, CeTr: 0.300660103559494, CeVa: 3.535595417022705
Epoch: 44, AccTr: 0.9047619104385376, AccVa: 0.7333333492279053, CeTr: 0.306285560131073, CeVa: 2.2930240631103516
Epoch: 45, AccTr: 0.800000011920929, AccVa: 0.46666666865348816, CeTr: 0.46518462896347046, CeVa: 3.6770849227905273
Epoch: 46, AccTr: 0.9047619104385376, AccVa: 0.7333333492279053, CeTr: 0.27807238698005676, CeVa: 2.058133840560913
Epoch: 47, AccTr: 0.8857142925262451, AccVa: 0.6888889074325562, CeTr: 0.8668450713157654, CeVa: 3.9651618003845215
Epoch: 48, AccTr: 0.9047619104385376, AccVa: 0.6666666865348816, CeTr: 0.2547163963317871, CeVa: 3.743112087249756
Epoch: 49, AccTr: 0.8761904835700989, AccVa: 0.7777777910232544, CeTr: 0.2922359108924866, CeVa: 1.7294604778289795
Epoch: 50, AccTr: 0.8857142925262451, AccVa: 0.7555555701255798, CeTr: 0.2729227840900421, CeVa: 2.9087233543395996
ENSEMBLE | Tr_Acc: 0.8857142925262451, Tr_CE: 0.2729227840900421, Va_Acc: 0.7555555701255798, Va_CE: 2.9087233543395996
Epoch: 51, AccTr: 0.8761904835700989, AccVa: 0.7555555701255798, CeTr: 0.2745647132396698, CeVa: 1.1285382509231567
Epoch: 52, AccTr: 0.8857142925262451, AccVa: 0.7333333492279053, CeTr: 0.3123966455459595, CeVa: 1.965935230255127
Epoch: 53, AccTr: 0.9047619104385376, AccVa: 0.7111111283302307, CeTr: 0.32426050305366516, CeVa: 2.970686912536621
Epoch: 54, AccTr: 0.9047619104385376, AccVa: 0.7111111283302307, CeTr: 0.25292667746543884, CeVa: 1.8077605962753296
Epoch: 55, AccTr: 0.8952381014823914, AccVa: 0.6888889074325562, CeTr: 0.33336302638053894, CeVa: 1.5573091506958008
ENSEMBLE | Tr_Acc: 0.9047619104385376, Tr_CE: 0.2666364014148712, Va_Acc: 0.7111111283302307, Va_CE: 2.1304898262023926
Epoch: 56, AccTr: 0.9047619104385376, AccVa: 0.7111111283302307, CeTr: 0.27899521589279175, CeVa: 3.7216877937316895
Epoch: 57, AccTr: 0.8952381014823914, AccVa: 0.7333333492279053, CeTr: 0.2894837260246277, CeVa: 1.842273473739624
Epoch: 58, AccTr: 0.8857142925262451, AccVa: 0.7333333492279053, CeTr: 0.27071478962898254, CeVa: 2.2182743549346924
Epoch: 59, AccTr: 0.8952381014823914, AccVa: 0.7111111283302307, CeTr: 0.3496750593185425, CeVa: 2.463956594467163
Epoch: 60, AccTr: 0.9047619104385376, AccVa: 0.7111111283302307, CeTr: 0.351247638463974, CeVa: 1.1891645193099976
ENSEMBLE | Tr_Acc: 0.9047619104385376, Tr_CE: 0.28049004077911377, Va_Acc: 0.7111111283302307, Va_CE: 1.7815049886703491
Epoch: 61, AccTr: 0.8666666746139526, AccVa: 0.7111111283302307, CeTr: 0.30227017402648926, CeVa: 3.3138821125030518
Epoch: 62, AccTr: 0.9047619104385376, AccVa: 0.6888889074325562, CeTr: 0.3184553384780884, CeVa: 2.7460904121398926
Epoch: 63, AccTr: 0.8857142925262451, AccVa: 0.7333333492279053, CeTr: 0.2801421284675598, CeVa: 2.205335855484009
Epoch: 64, AccTr: 0.8571428656578064, AccVa: 0.7111111283302307, CeTr: 0.2912352383136749, CeVa: 1.1996128559112549
Epoch: 65, AccTr: 0.8666666746139526, AccVa: 0.6888889074325562, CeTr: 0.2837291657924652, CeVa: 3.138603448867798
ENSEMBLE | Tr_Acc: 0.9047619104385376, Tr_CE: 0.2653660774230957, Va_Acc: 0.7111111283302307, Va_CE: 1.9638113975524902
Epoch: 66, AccTr: 0.9047619104385376, AccVa: 0.7111111283302307, CeTr: 0.2846377193927765, CeVa: 2.492236852645874
Epoch: 67, AccTr: 0.8190476298332214, AccVa: 0.4888888895511627, CeTr: 0.4313465654850006, CeVa: 2.1950323581695557
Epoch: 68, AccTr: 0.9047619104385376, AccVa: 0.7333333492279053, CeTr: 0.34808337688446045, CeVa: 2.0013935565948486
Epoch: 69, AccTr: 0.9047619104385376, AccVa: 0.7111111283302307, CeTr: 0.30849766731262207, CeVa: 1.831471562385559
Epoch: 70, AccTr: 0.9047619104385376, AccVa: 0.7333333492279053, CeTr: 0.2804711163043976, CeVa: 2.7683420181274414
ENSEMBLE | Tr_Acc: 0.9047619104385376, Tr_CE: 0.265550822019577, Va_Acc: 0.7111111283302307, Va_CE: 2.083306312561035
Epoch: 71, AccTr: 0.8761904835700989, AccVa: 0.6666666865348816, CeTr: 0.3277153968811035, CeVa: 2.3818092346191406
Epoch: 72, AccTr: 0.8857142925262451, AccVa: 0.7555555701255798, CeTr: 0.2709413468837738, CeVa: 2.130544424057007
Epoch: 73, AccTr: 0.8761904835700989, AccVa: 0.7555555701255798, CeTr: 0.2737680673599243, CeVa: 1.5538924932479858
Epoch: 74, AccTr: 0.9047619104385376, AccVa: 0.7333333492279053, CeTr: 0.2570416033267975, CeVa: 1.4208406209945679
Epoch: 75, AccTr: 0.9047619104385376, AccVa: 0.6888889074325562, CeTr: 0.2565007507801056, CeVa: 2.4348793029785156
ENSEMBLE | Tr_Acc: 0.9047619104385376, Tr_CE: 0.25749900937080383, Va_Acc: 0.7111111283302307, Va_CE: 2.035660982131958
Epoch: 76, AccTr: 0.8380952477455139, AccVa: 0.6888889074325562, CeTr: 0.32996419072151184, CeVa: 3.168647527694702
Epoch: 77, AccTr: 0.8952381014823914, AccVa: 0.7111111283302307, CeTr: 0.27997609972953796, CeVa: 1.6351712942123413
Epoch: 78, AccTr: 0.9047619104385376, AccVa: 0.7333333492279053, CeTr: 0.2589370608329773, CeVa: 3.3624539375305176
Epoch: 79, AccTr: 0.9047619104385376, AccVa: 0.7111111283302307, CeTr: 0.3057602345943451, CeVa: 1.2393897771835327
Epoch: 80, AccTr: 0.8857142925262451, AccVa: 0.7111111283302307, CeTr: 0.29400718212127686, CeVa: 1.5906846523284912
ENSEMBLE | Tr_Acc: 0.9047619104385376, Tr_CE: 0.2517721354961395, Va_Acc: 0.7333333492279053, Va_CE: 1.8949745893478394
Epoch: 81, AccTr: 0.9047619104385376, AccVa: 0.7333333492279053, CeTr: 0.28517043590545654, CeVa: 0.9089834690093994
Epoch: 82, AccTr: 0.8857142925262451, AccVa: 0.800000011920929, CeTr: 0.28605470061302185, CeVa: 1.4383317232131958
Epoch: 83, AccTr: 0.9047619104385376, AccVa: 0.7111111283302307, CeTr: 0.2632821798324585, CeVa: 1.562742829322815
Epoch: 84, AccTr: 0.9047619104385376, AccVa: 0.6888889074325562, CeTr: 0.273685097694397, CeVa: 3.565382957458496
Epoch: 85, AccTr: 0.9047619104385376, AccVa: 0.7111111283302307, CeTr: 0.25670427083969116, CeVa: 1.7212989330291748
ENSEMBLE | Tr_Acc: 0.9047619104385376, Tr_CE: 0.2485020011663437, Va_Acc: 0.7333333492279053, Va_CE: 1.8648709058761597
Epoch: 86, AccTr: 0.9047619104385376, AccVa: 0.7111111283302307, CeTr: 0.28152385354042053, CeVa: 1.8772757053375244
Epoch: 87, AccTr: 0.761904776096344, AccVa: 0.5333333611488342, CeTr: 0.559643566608429, CeVa: 2.0528268814086914
Epoch: 88, AccTr: 0.8952381014823914, AccVa: 0.7333333492279053, CeTr: 0.3083448112010956, CeVa: 1.2545440196990967
Epoch: 89, AccTr: 0.9047619104385376, AccVa: 0.6888889074325562, CeTr: 0.2590240240097046, CeVa: 2.0316312313079834
Epoch: 90, AccTr: 0.8952381014823914, AccVa: 0.6888889074325562, CeTr: 0.28649458289146423, CeVa: 2.566420793533325
ENSEMBLE | Tr_Acc: 0.9047619104385376, Tr_CE: 0.24684065580368042, Va_Acc: 0.7333333492279053, Va_CE: 1.9176106452941895
Epoch: 91, AccTr: 0.8952381014823914, AccVa: 0.7111111283302307, CeTr: 0.28543540835380554, CeVa: 2.876769781112671
Epoch: 92, AccTr: 0.9047619104385376, AccVa: 0.7111111283302307, CeTr: 0.2535671591758728, CeVa: 4.12385892868042
Epoch: 93, AccTr: 0.9047619104385376, AccVa: 0.7111111283302307, CeTr: 0.29745757579803467, CeVa: 1.8409806489944458
Epoch: 94, AccTr: 0.9047619104385376, AccVa: 0.7111111283302307, CeTr: 0.2867627739906311, CeVa: 3.765460252761841
Epoch: 95, AccTr: 0.9047619104385376, AccVa: 0.7111111283302307, CeTr: 0.29276007413864136, CeVa: 1.634613037109375
ENSEMBLE | Tr_Acc: 0.9047619104385376, Tr_CE: 0.2463388293981552, Va_Acc: 0.7111111283302307, Va_CE: 1.882144808769226
Epoch: 96, AccTr: 0.8857142925262451, AccVa: 0.7777777910232544, CeTr: 0.29382777214050293, CeVa: 2.9734928607940674
Epoch: 97, AccTr: 0.8761904835700989, AccVa: 0.7333333492279053, CeTr: 0.29859256744384766, CeVa: 2.019660711288452
Epoch: 98, AccTr: 0.9047619104385376, AccVa: 0.7333333492279053, CeTr: 0.25400078296661377, CeVa: 1.763744592666626
Epoch: 99, AccTr: 0.9047619104385376, AccVa: 0.6888889074325562, CeTr: 0.3080011308193207, CeVa: 1.3924349546432495
Epoch: 100, AccTr: 0.9047619104385376, AccVa: 0.7111111283302307, CeTr: 0.262927383184433, CeVa: 1.3841127157211304
ENSEMBLE | Tr_Acc: 0.9047619104385376, Tr_CE: 0.24575066566467285, Va_Acc: 0.7111111283302307, Va_CE: 1.8331769704818726
Pretrained network accuracy: 1.0
NN CONFIG
Weight-type:		binary
Layout									Layer #1: 4	Layer #2: 200	Layer #3: 200	Layer #4: 3	
Activation Functions					Layer #1: bs	Layer #2: bs	
Keep probabilities		Layer #0: 1.0	Layer #1: 1.0	Layer #2: 1.0	
Flat factors							Layer #1: 1.0	Layer #2: 1.0	Layer #3: 1.0	
Activation Noise						Layer #1: 0.0	Layer #2: 0.0	Layer #3: 0.0	
Prior: 0.85

===================================

RUN CONFIG
Epochs: 100, Blocksize: 3

===================================

Epoch: 0, AccTr: 0.8190476298332214, AccVa: 0.8222222328186035, CeTr: 3.417724370956421, CeVa: 3.514237880706787
Epoch: 1, AccTr: 0.8476190567016602, AccVa: 0.8222222328186035, CeTr: 0.25485560297966003, CeVa: 0.4386284351348877
Epoch: 2, AccTr: 0.8476190567016602, AccVa: 0.8444444537162781, CeTr: 0.254113107919693, CeVa: 0.605961263179779
Epoch: 3, AccTr: 0.8571428656578064, AccVa: 0.8222222328186035, CeTr: 0.2879239618778229, CeVa: 1.456758975982666
Epoch: 4, AccTr: 0.8571428656578064, AccVa: 0.8222222328186035, CeTr: 0.26051342487335205, CeVa: 0.6357917189598083
Epoch: 5, AccTr: 0.8761904835700989, AccVa: 0.8888888955116272, CeTr: 0.32085323333740234, CeVa: 0.4259604513645172
Epoch: 6, AccTr: 0.8571428656578064, AccVa: 0.8888888955116272, CeTr: 0.3286886215209961, CeVa: 0.8204965591430664
Epoch: 7, AccTr: 0.8761904835700989, AccVa: 0.8444444537162781, CeTr: 0.31044402718544006, CeVa: 0.5808663964271545
Epoch: 8, AccTr: 0.8476190567016602, AccVa: 0.800000011920929, CeTr: 1.1556940078735352, CeVa: 1.5537333488464355
Epoch: 9, AccTr: 0.8571428656578064, AccVa: 0.800000011920929, CeTr: 0.251109778881073, CeVa: 1.3938413858413696
Epoch: 10, AccTr: 0.8666666746139526, AccVa: 0.8222222328186035, CeTr: 0.27766746282577515, CeVa: 0.8582850694656372
Epoch: 11, AccTr: 0.8476190567016602, AccVa: 0.8666666746139526, CeTr: 0.9875467419624329, CeVa: 1.6879305839538574
Epoch: 12, AccTr: 0.8476190567016602, AccVa: 0.800000011920929, CeTr: 0.3061627745628357, CeVa: 2.043741464614868
Epoch: 13, AccTr: 0.8571428656578064, AccVa: 0.9111111164093018, CeTr: 0.3295946419239044, CeVa: 0.4284640848636627
Epoch: 14, AccTr: 0.8476190567016602, AccVa: 0.8444444537162781, CeTr: 0.2783810496330261, CeVa: 0.6795128583908081
Epoch: 15, AccTr: 0.8571428656578064, AccVa: 0.800000011920929, CeTr: 0.3021523356437683, CeVa: 1.9072792530059814
Epoch: 16, AccTr: 0.8666666746139526, AccVa: 0.8666666746139526, CeTr: 0.26553404331207275, CeVa: 1.1606653928756714
Epoch: 17, AccTr: 0.8857142925262451, AccVa: 0.8444444537162781, CeTr: 0.3057680130004883, CeVa: 0.48929426074028015
Epoch: 18, AccTr: 0.8571428656578064, AccVa: 0.9111111164093018, CeTr: 0.32658231258392334, CeVa: 1.0060397386550903
Epoch: 19, AccTr: 0.8761904835700989, AccVa: 0.8444444537162781, CeTr: 0.35479670763015747, CeVa: 2.4176409244537354
Epoch: 20, AccTr: 0.8666666746139526, AccVa: 0.7777777910232544, CeTr: 0.316514253616333, CeVa: 1.4504755735397339
Epoch: 21, AccTr: 0.8761904835700989, AccVa: 0.8666666746139526, CeTr: 0.3205040395259857, CeVa: 1.1907216310501099
Epoch: 22, AccTr: 0.8761904835700989, AccVa: 0.8888888955116272, CeTr: 0.33040156960487366, CeVa: 1.5497262477874756
Epoch: 23, AccTr: 0.8571428656578064, AccVa: 0.8222222328186035, CeTr: 0.2921657860279083, CeVa: 1.3911561965942383
Epoch: 24, AccTr: 0.8761904835700989, AccVa: 0.8222222328186035, CeTr: 0.3318353593349457, CeVa: 0.7715321183204651
Epoch: 25, AccTr: 0.8380952477455139, AccVa: 0.7777777910232544, CeTr: 0.26975634694099426, CeVa: 0.6447571516036987
Epoch: 26, AccTr: 0.8476190567016602, AccVa: 0.8222222328186035, CeTr: 0.35454297065734863, CeVa: 0.8296291828155518
Epoch: 27, AccTr: 0.8476190567016602, AccVa: 0.8222222328186035, CeTr: 0.2875078022480011, CeVa: 0.5639926791191101
Epoch: 28, AccTr: 0.8571428656578064, AccVa: 0.8888888955116272, CeTr: 0.2917720675468445, CeVa: 0.7464683651924133
Epoch: 29, AccTr: 0.8380952477455139, AccVa: 0.7777777910232544, CeTr: 0.26668399572372437, CeVa: 0.6673309803009033
Epoch: 30, AccTr: 0.8571428656578064, AccVa: 0.800000011920929, CeTr: 0.2991386950016022, CeVa: 1.3611563444137573
Epoch: 31, AccTr: 0.8380952477455139, AccVa: 0.800000011920929, CeTr: 0.2604532539844513, CeVa: 0.4017757773399353
Epoch: 32, AccTr: 0.8571428656578064, AccVa: 0.8222222328186035, CeTr: 0.29511934518814087, CeVa: 0.7141779661178589
Epoch: 33, AccTr: 0.8761904835700989, AccVa: 0.8444444537162781, CeTr: 0.32783374190330505, CeVa: 0.5078399777412415
Epoch: 34, AccTr: 0.8857142925262451, AccVa: 0.8222222328186035, CeTr: 0.2671576142311096, CeVa: 0.7340618371963501
Epoch: 35, AccTr: 0.7809523940086365, AccVa: 0.7333333492279053, CeTr: 3.278461456298828, CeVa: 3.031745672225952
Epoch: 36, AccTr: 0.8571428656578064, AccVa: 0.8222222328186035, CeTr: 0.2633923590183258, CeVa: 1.3613637685775757
Epoch: 37, AccTr: 0.8571428656578064, AccVa: 0.8222222328186035, CeTr: 0.25440600514411926, CeVa: 1.449791669845581
Epoch: 38, AccTr: 0.7333333492279053, AccVa: 0.6666666865348816, CeTr: 0.7063525915145874, CeVa: 1.5169508457183838
Epoch: 39, AccTr: 0.8571428656578064, AccVa: 0.8222222328186035, CeTr: 0.24701958894729614, CeVa: 0.710051417350769
Epoch: 40, AccTr: 0.8571428656578064, AccVa: 0.7555555701255798, CeTr: 0.40201789140701294, CeVa: 0.8990968465805054
Epoch: 41, AccTr: 0.8571428656578064, AccVa: 0.8444444537162781, CeTr: 0.2944592833518982, CeVa: 0.4609971046447754
Epoch: 42, AccTr: 0.8666666746139526, AccVa: 0.800000011920929, CeTr: 0.2740266025066376, CeVa: 1.0828262567520142
Epoch: 43, AccTr: 0.8666666746139526, AccVa: 0.7777777910232544, CeTr: 0.2750156819820404, CeVa: 0.5985540747642517
Epoch: 44, AccTr: 0.8571428656578064, AccVa: 0.8444444537162781, CeTr: 0.3085925281047821, CeVa: 0.41224557161331177
Epoch: 45, AccTr: 0.8476190567016602, AccVa: 0.8444444537162781, CeTr: 0.26769179105758667, CeVa: 0.5323927402496338
Epoch: 46, AccTr: 0.8666666746139526, AccVa: 0.8666666746139526, CeTr: 0.2678794860839844, CeVa: 1.4234670400619507
Epoch: 47, AccTr: 0.8380952477455139, AccVa: 0.8222222328186035, CeTr: 0.3236955404281616, CeVa: 0.4974510073661804
Epoch: 48, AccTr: 0.8857142925262451, AccVa: 0.8666666746139526, CeTr: 0.30417269468307495, CeVa: 0.7943980097770691
Epoch: 49, AccTr: 0.8666666746139526, AccVa: 0.8888888955116272, CeTr: 0.3158966898918152, CeVa: 0.8859109878540039
Epoch: 50, AccTr: 0.8380952477455139, AccVa: 0.7555555701255798, CeTr: 0.27554574608802795, CeVa: 0.43040594458580017
ENSEMBLE | Tr_Acc: 0.8380952477455139, Tr_CE: 0.27554574608802795, Va_Acc: 0.7555555701255798, Va_CE: 0.43040594458580017
Epoch: 51, AccTr: 0.8857142925262451, AccVa: 0.8444444537162781, CeTr: 0.27162447571754456, CeVa: 0.6972448825836182
Epoch: 52, AccTr: 0.8571428656578064, AccVa: 0.8444444537162781, CeTr: 0.2610790729522705, CeVa: 0.40177348256111145
Epoch: 53, AccTr: 0.8380952477455139, AccVa: 0.7777777910232544, CeTr: 0.3111555278301239, CeVa: 0.8890180587768555
Epoch: 54, AccTr: 0.8476190567016602, AccVa: 0.8222222328186035, CeTr: 0.2910081744194031, CeVa: 0.560769259929657
Epoch: 55, AccTr: 0.8666666746139526, AccVa: 0.9111111164093018, CeTr: 0.3044438362121582, CeVa: 0.44615525007247925
ENSEMBLE | Tr_Acc: 0.8666666746139526, Tr_CE: 0.2706185579299927, Va_Acc: 0.9111111164093018, Va_CE: 0.37240010499954224
Epoch: 56, AccTr: 0.8571428656578064, AccVa: 0.8444444537162781, CeTr: 0.2902373969554901, CeVa: 0.8973870277404785
Epoch: 57, AccTr: 0.8380952477455139, AccVa: 0.7777777910232544, CeTr: 0.26031026244163513, CeVa: 0.8453314304351807
Epoch: 58, AccTr: 0.8857142925262451, AccVa: 0.8666666746139526, CeTr: 0.35706183314323425, CeVa: 0.3394484519958496
Epoch: 59, AccTr: 0.8666666746139526, AccVa: 0.7777777910232544, CeTr: 0.31095293164253235, CeVa: 0.7646899819374084
Epoch: 60, AccTr: 0.8666666746139526, AccVa: 0.800000011920929, CeTr: 0.35830578207969666, CeVa: 1.1737202405929565
ENSEMBLE | Tr_Acc: 0.8857142925262451, Tr_CE: 0.26849958300590515, Va_Acc: 0.8444444537162781, Va_CE: 0.5598623752593994
Epoch: 61, AccTr: 0.8666666746139526, AccVa: 0.8222222328186035, CeTr: 0.26637646555900574, CeVa: 1.2290605306625366
Epoch: 62, AccTr: 0.8571428656578064, AccVa: 0.8222222328186035, CeTr: 0.2516200840473175, CeVa: 0.7156715989112854
Epoch: 63, AccTr: 0.8476190567016602, AccVa: 0.8222222328186035, CeTr: 0.2562609612941742, CeVa: 0.8017082810401917
Epoch: 64, AccTr: 0.8761904835700989, AccVa: 0.8888888955116272, CeTr: 0.29117274284362793, CeVa: 0.48728522658348083
Epoch: 65, AccTr: 0.8857142925262451, AccVa: 0.8444444537162781, CeTr: 0.267433226108551, CeVa: 0.49716365337371826
ENSEMBLE | Tr_Acc: 0.8857142925262451, Tr_CE: 0.26057347655296326, Va_Acc: 0.8444444537162781, Va_CE: 0.5342104434967041
Epoch: 66, AccTr: 0.8666666746139526, AccVa: 0.8888888955116272, CeTr: 0.3219788372516632, CeVa: 0.7978379726409912
Epoch: 67, AccTr: 0.8476190567016602, AccVa: 0.8222222328186035, CeTr: 0.2599731683731079, CeVa: 0.5321985483169556
Epoch: 68, AccTr: 0.8857142925262451, AccVa: 0.8222222328186035, CeTr: 0.2954212725162506, CeVa: 0.5421189069747925
Epoch: 69, AccTr: 0.8666666746139526, AccVa: 0.8666666746139526, CeTr: 0.309048056602478, CeVa: 1.118703007698059
Epoch: 70, AccTr: 0.8666666746139526, AccVa: 0.8666666746139526, CeTr: 0.2982761859893799, CeVa: 1.0057964324951172
ENSEMBLE | Tr_Acc: 0.8857142925262451, Tr_CE: 0.25795501470565796, Va_Acc: 0.8222222328186035, Va_CE: 0.5619871020317078
Epoch: 71, AccTr: 0.8571428656578064, AccVa: 0.8222222328186035, CeTr: 0.2679165303707123, CeVa: 0.6217648386955261
Epoch: 72, AccTr: 0.8190476298332214, AccVa: 0.800000011920929, CeTr: 0.30583903193473816, CeVa: 1.4177837371826172
Epoch: 73, AccTr: 0.8571428656578064, AccVa: 0.8222222328186035, CeTr: 0.2692149877548218, CeVa: 0.8504706621170044
Epoch: 74, AccTr: 0.8476190567016602, AccVa: 0.8444444537162781, CeTr: 0.30476927757263184, CeVa: 0.607403039932251
Epoch: 75, AccTr: 0.8571428656578064, AccVa: 0.8444444537162781, CeTr: 0.3619363009929657, CeVa: 0.6457999348640442
ENSEMBLE | Tr_Acc: 0.8857142925262451, Tr_CE: 0.25093334913253784, Va_Acc: 0.8444444537162781, Va_CE: 0.5180298686027527
Epoch: 76, AccTr: 0.8857142925262451, AccVa: 0.8444444537162781, CeTr: 0.2759033143520355, CeVa: 0.6520767211914062
Epoch: 77, AccTr: 0.8666666746139526, AccVa: 0.8222222328186035, CeTr: 0.3038783371448517, CeVa: 0.7297284603118896
Epoch: 78, AccTr: 0.8571428656578064, AccVa: 0.8444444537162781, CeTr: 0.42185476422309875, CeVa: 0.7609889507293701
Epoch: 79, AccTr: 0.8666666746139526, AccVa: 0.8888888955116272, CeTr: 0.343532532453537, CeVa: 0.8626435995101929
Epoch: 80, AccTr: 0.8761904835700989, AccVa: 0.8444444537162781, CeTr: 0.34216436743736267, CeVa: 1.0961698293685913
ENSEMBLE | Tr_Acc: 0.8857142925262451, Tr_CE: 0.2524169981479645, Va_Acc: 0.8222222328186035, Va_CE: 0.5178263187408447
Epoch: 81, AccTr: 0.8571428656578064, AccVa: 0.8222222328186035, CeTr: 0.24780133366584778, CeVa: 1.0506041049957275
Epoch: 82, AccTr: 0.8571428656578064, AccVa: 0.800000011920929, CeTr: 0.3085845708847046, CeVa: 1.5221019983291626
Epoch: 83, AccTr: 0.8761904835700989, AccVa: 0.7777777910232544, CeTr: 0.3270363211631775, CeVa: 1.0597246885299683
Epoch: 84, AccTr: 0.8761904835700989, AccVa: 0.8444444537162781, CeTr: 0.3179839849472046, CeVa: 0.8794370293617249
Epoch: 85, AccTr: 0.8666666746139526, AccVa: 0.800000011920929, CeTr: 0.3715347349643707, CeVa: 0.9697261452674866
ENSEMBLE | Tr_Acc: 0.8857142925262451, Tr_CE: 0.255276620388031, Va_Acc: 0.8222222328186035, Va_CE: 0.552653431892395
Epoch: 86, AccTr: 0.8666666746139526, AccVa: 0.7555555701255798, CeTr: 0.2807352840900421, CeVa: 1.5574125051498413
Epoch: 87, AccTr: 0.8571428656578064, AccVa: 0.800000011920929, CeTr: 0.25990939140319824, CeVa: 0.9091321229934692
Epoch: 88, AccTr: 0.8476190567016602, AccVa: 0.8444444537162781, CeTr: 0.32138970494270325, CeVa: 0.4616885781288147
Epoch: 89, AccTr: 0.8857142925262451, AccVa: 0.800000011920929, CeTr: 0.2882034182548523, CeVa: 1.0520893335342407
Epoch: 90, AccTr: 0.8380952477455139, AccVa: 0.800000011920929, CeTr: 0.2825854420661926, CeVa: 0.4232455790042877
ENSEMBLE | Tr_Acc: 0.8857142925262451, Tr_CE: 0.25059428811073303, Va_Acc: 0.8444444537162781, Va_CE: 0.506852924823761
Epoch: 91, AccTr: 0.8285714387893677, AccVa: 0.7777777910232544, CeTr: 0.30437126755714417, CeVa: 0.4384329915046692
Epoch: 92, AccTr: 0.8571428656578064, AccVa: 0.8222222328186035, CeTr: 0.24754291772842407, CeVa: 0.784621000289917
Epoch: 93, AccTr: 0.8857142925262451, AccVa: 0.8444444537162781, CeTr: 0.3940207362174988, CeVa: 0.7352094650268555
Epoch: 94, AccTr: 0.8666666746139526, AccVa: 0.9111111164093018, CeTr: 0.2750340402126312, CeVa: 0.4121664762496948
Epoch: 95, AccTr: 0.8476190567016602, AccVa: 0.8222222328186035, CeTr: 0.25816476345062256, CeVa: 0.6961366534233093
ENSEMBLE | Tr_Acc: 0.8857142925262451, Tr_CE: 0.24736501276493073, Va_Acc: 0.8222222328186035, Va_CE: 0.514127790927887
Epoch: 96, AccTr: 0.8666666746139526, AccVa: 0.8222222328186035, CeTr: 0.3412984311580658, CeVa: 0.8492676615715027
Epoch: 97, AccTr: 0.8571428656578064, AccVa: 0.8222222328186035, CeTr: 0.2720072269439697, CeVa: 0.6030237078666687
Epoch: 98, AccTr: 0.8666666746139526, AccVa: 0.8888888955116272, CeTr: 0.28761252760887146, CeVa: 0.583227276802063
Epoch: 99, AccTr: 0.8761904835700989, AccVa: 0.800000011920929, CeTr: 0.3039291799068451, CeVa: 0.9203526973724365
Epoch: 100, AccTr: 0.8571428656578064, AccVa: 0.8222222328186035, CeTr: 0.3109671175479889, CeVa: 0.651829183101654
ENSEMBLE | Tr_Acc: 0.8857142925262451, Tr_CE: 0.24713250994682312, Va_Acc: 0.8444444537162781, Va_CE: 0.5153658986091614
Mod Accuracy || Mean: 0.7666666507720947	 Std: 0.0555555522441864
Ens Accuracy || Mean: 0.7777777910232544	 Std: 0.06666666269302368
Mod CE || Mean: 1.0179709196090698	 Std: 0.36614176630973816
Ens CE || Mean: 1.1742714643478394	 Std: 0.658905565738678
