

config:

HOME=/clusterFS/home/student/kopp13
PATH=/clusterFS/home/student/kopp13/miniconda3/envs/tensorflow/bin:/clusterFS/home/student/kopp13/miniconda3/bin:/clusterFS/home/student/kopp13/bin:/usr/local/bin:/usr/bin:/bin:/usr/local/games:/usr/games
LD_LIBRARY_PATH=
THEANO_FLAGS=floatX=float32,gpuarray.preallocate=0.9,dnn.library_path=/usr/lib/x86_64-linux-gnu,cxx=clang++-3.8,device=cuda,base_compiledir=/tmp/tmp.RUsKhGv1Dy
Pretrained network accuracy: 1.0
NN CONFIG
Weight-type:		binary
Layout									Layer #1: 4	Layer #2: 16	Layer #3: 3	
Activation Functions					Layer #1: bs	
Keep probabilities		Layer #0: 1.0	Layer #1: 1.0	Layer #2: 1.0	
Flat factors							Layer #1: 1.0	Layer #2: 1.0	Layer #3: 1.0	
Activation Noise						Layer #1: 0.0	Layer #2: 0.0	Layer #3: 0.0	
Prior: 0.85

===================================

RUN CONFIG
Epochs: 100, Blocksize: 3

===================================

Epoch: 0, AccTr: 0.800000011920929, AccVa: 0.9333333373069763, CeTr: 2.068930149078369, CeVa: 0.6783612966537476
Epoch: 1, AccTr: 0.8380952477455139, AccVa: 0.8444444537162781, CeTr: 0.38510817289352417, CeVa: 0.39452359080314636
Epoch: 2, AccTr: 0.8952381014823914, AccVa: 0.8666666746139526, CeTr: 0.31518232822418213, CeVa: 0.35488954186439514
Epoch: 3, AccTr: 0.8571428656578064, AccVa: 0.8444444537162781, CeTr: 0.3248971104621887, CeVa: 0.35866689682006836
Epoch: 4, AccTr: 0.8857142925262451, AccVa: 0.8666666746139526, CeTr: 0.31365782022476196, CeVa: 0.3435458242893219
Epoch: 5, AccTr: 0.8952381014823914, AccVa: 0.8444444537162781, CeTr: 0.31725719571113586, CeVa: 0.4266362488269806
Epoch: 6, AccTr: 0.8952381014823914, AccVa: 0.8666666746139526, CeTr: 0.2924583852291107, CeVa: 0.34001800417900085
Epoch: 7, AccTr: 0.8952381014823914, AccVa: 0.8666666746139526, CeTr: 0.3043287992477417, CeVa: 0.354189395904541
Epoch: 8, AccTr: 0.8952381014823914, AccVa: 0.8666666746139526, CeTr: 0.29752400517463684, CeVa: 0.37203705310821533
Epoch: 9, AccTr: 0.8952381014823914, AccVa: 0.8666666746139526, CeTr: 0.2904016673564911, CeVa: 0.34512248635292053
Epoch: 10, AccTr: 0.8952381014823914, AccVa: 0.8444444537162781, CeTr: 0.2968921363353729, CeVa: 0.3686639964580536
Epoch: 11, AccTr: 0.8952381014823914, AccVa: 0.8666666746139526, CeTr: 0.2930636703968048, CeVa: 0.34648439288139343
Epoch: 12, AccTr: 0.8952381014823914, AccVa: 0.8666666746139526, CeTr: 0.3084923028945923, CeVa: 0.355133593082428
Epoch: 13, AccTr: 0.8952381014823914, AccVa: 0.8666666746139526, CeTr: 0.29346007108688354, CeVa: 0.3368965685367584
Epoch: 14, AccTr: 0.8952381014823914, AccVa: 0.8666666746139526, CeTr: 0.2892477214336395, CeVa: 0.34484654664993286
Epoch: 15, AccTr: 0.8952381014823914, AccVa: 0.8666666746139526, CeTr: 0.31536418199539185, CeVa: 0.3499804735183716
Epoch: 16, AccTr: 0.8761904835700989, AccVa: 0.8444444537162781, CeTr: 0.2937387526035309, CeVa: 0.33098119497299194
Epoch: 17, AccTr: 0.8571428656578064, AccVa: 0.8222222328186035, CeTr: 0.3685576021671295, CeVa: 0.427630752325058
Epoch: 18, AccTr: 0.8761904835700989, AccVa: 0.8666666746139526, CeTr: 0.3144230842590332, CeVa: 0.3643273115158081
Epoch: 19, AccTr: 0.8952381014823914, AccVa: 0.8666666746139526, CeTr: 0.30072328448295593, CeVa: 0.34644144773483276
Epoch: 20, AccTr: 0.8857142925262451, AccVa: 0.8666666746139526, CeTr: 0.29912927746772766, CeVa: 0.33786311745643616
Epoch: 21, AccTr: 0.8761904835700989, AccVa: 0.8666666746139526, CeTr: 0.3053246736526489, CeVa: 0.3592749238014221
Epoch: 22, AccTr: 0.8952381014823914, AccVa: 0.8444444537162781, CeTr: 0.30817052721977234, CeVa: 0.4638368487358093
Epoch: 23, AccTr: 0.9142857193946838, AccVa: 0.8222222328186035, CeTr: 0.292386531829834, CeVa: 0.42437291145324707
Epoch: 24, AccTr: 0.9047619104385376, AccVa: 0.800000011920929, CeTr: 0.3109237253665924, CeVa: 0.4641842246055603
Epoch: 25, AccTr: 0.8952381014823914, AccVa: 0.8666666746139526, CeTr: 0.2936306893825531, CeVa: 0.33729344606399536
Epoch: 26, AccTr: 0.8761904835700989, AccVa: 0.8666666746139526, CeTr: 0.31111276149749756, CeVa: 0.3578319549560547
Epoch: 27, AccTr: 0.8952381014823914, AccVa: 0.8222222328186035, CeTr: 0.30600473284721375, CeVa: 0.40874388813972473
Epoch: 28, AccTr: 0.8952381014823914, AccVa: 0.8444444537162781, CeTr: 0.3118675649166107, CeVa: 0.36991018056869507
Epoch: 29, AccTr: 0.8857142925262451, AccVa: 0.8666666746139526, CeTr: 0.27662208676338196, CeVa: 0.31261715292930603
Epoch: 30, AccTr: 0.8857142925262451, AccVa: 0.8666666746139526, CeTr: 0.2834273874759674, CeVa: 0.3284018635749817
Epoch: 31, AccTr: 0.8857142925262451, AccVa: 0.8666666746139526, CeTr: 0.31342214345932007, CeVa: 0.3486485481262207
Epoch: 32, AccTr: 0.8952381014823914, AccVa: 0.8444444537162781, CeTr: 0.3015778958797455, CeVa: 0.4763788878917694
Epoch: 33, AccTr: 0.8952381014823914, AccVa: 0.8666666746139526, CeTr: 0.2918258011341095, CeVa: 0.3392845094203949
Epoch: 34, AccTr: 0.8952381014823914, AccVa: 0.8666666746139526, CeTr: 0.3093656897544861, CeVa: 0.3552287220954895
Epoch: 35, AccTr: 0.8952381014823914, AccVa: 0.8666666746139526, CeTr: 0.32874035835266113, CeVa: 0.368979275226593
Epoch: 36, AccTr: 0.8857142925262451, AccVa: 0.8666666746139526, CeTr: 0.3179246187210083, CeVa: 0.3608936369419098
Epoch: 37, AccTr: 0.8952381014823914, AccVa: 0.8222222328186035, CeTr: 0.3260914981365204, CeVa: 0.4188683032989502
Epoch: 38, AccTr: 0.8952381014823914, AccVa: 0.8444444537162781, CeTr: 0.3146592378616333, CeVa: 0.4265374541282654
Epoch: 39, AccTr: 0.8952381014823914, AccVa: 0.8666666746139526, CeTr: 0.29951924085617065, CeVa: 0.3451409637928009
Epoch: 40, AccTr: 0.8857142925262451, AccVa: 0.8666666746139526, CeTr: 0.2828446924686432, CeVa: 0.31847453117370605
Epoch: 41, AccTr: 0.8571428656578064, AccVa: 0.8666666746139526, CeTr: 0.3044034242630005, CeVa: 0.3425905108451843
Epoch: 42, AccTr: 0.8666666746139526, AccVa: 0.8666666746139526, CeTr: 0.2997242510318756, CeVa: 0.3164113759994507
Epoch: 43, AccTr: 0.8857142925262451, AccVa: 0.8222222328186035, CeTr: 0.2850882411003113, CeVa: 0.38062891364097595
Epoch: 44, AccTr: 0.8857142925262451, AccVa: 0.8666666746139526, CeTr: 0.2948649525642395, CeVa: 0.3266931176185608
Epoch: 45, AccTr: 0.8761904835700989, AccVa: 0.8444444537162781, CeTr: 0.2930246591567993, CeVa: 0.33134153485298157
Epoch: 46, AccTr: 0.8952381014823914, AccVa: 0.8666666746139526, CeTr: 0.29257845878601074, CeVa: 0.3492037057876587
Epoch: 47, AccTr: 0.8952381014823914, AccVa: 0.8666666746139526, CeTr: 0.29383185505867004, CeVa: 0.3409741520881653
Epoch: 48, AccTr: 0.8857142925262451, AccVa: 0.8666666746139526, CeTr: 0.3035007417201996, CeVa: 0.34319016337394714
Epoch: 49, AccTr: 0.8952381014823914, AccVa: 0.8444444537162781, CeTr: 0.3001025915145874, CeVa: 0.36703914403915405
Epoch: 50, AccTr: 0.8857142925262451, AccVa: 0.8666666746139526, CeTr: 0.32251742482185364, CeVa: 0.3520677387714386
ENSEMBLE | Tr_Acc: 0.8857142925262451, Tr_CE: 0.32251742482185364, Va_Acc: 0.8666666746139526, Va_CE: 0.3520677387714386
Epoch: 51, AccTr: 0.8952381014823914, AccVa: 0.8666666746139526, CeTr: 0.29723381996154785, CeVa: 0.3532222807407379
Epoch: 52, AccTr: 0.8952381014823914, AccVa: 0.8666666746139526, CeTr: 0.2991381287574768, CeVa: 0.3581928610801697
Epoch: 53, AccTr: 0.8952381014823914, AccVa: 0.8444444537162781, CeTr: 0.3124956488609314, CeVa: 0.3883298635482788
Epoch: 54, AccTr: 0.8857142925262451, AccVa: 0.8666666746139526, CeTr: 0.2865232229232788, CeVa: 0.3165491819381714
Epoch: 55, AccTr: 0.8857142925262451, AccVa: 0.8444444537162781, CeTr: 0.3080429434776306, CeVa: 0.35910657048225403
ENSEMBLE | Tr_Acc: 0.8857142925262451, Tr_CE: 0.2982258200645447, Va_Acc: 0.8666666746139526, Va_CE: 0.33559396862983704
Epoch: 56, AccTr: 0.8952381014823914, AccVa: 0.8666666746139526, CeTr: 0.3086462914943695, CeVa: 0.3064255118370056
Epoch: 57, AccTr: 0.8857142925262451, AccVa: 0.8666666746139526, CeTr: 0.27598121762275696, CeVa: 0.3127996325492859
Epoch: 58, AccTr: 0.8952381014823914, AccVa: 0.8666666746139526, CeTr: 0.29978322982788086, CeVa: 0.3466140925884247
Epoch: 59, AccTr: 0.8761904835700989, AccVa: 0.8444444537162781, CeTr: 0.29409685730934143, CeVa: 0.33141225576400757
Epoch: 60, AccTr: 0.8857142925262451, AccVa: 0.8666666746139526, CeTr: 0.28024429082870483, CeVa: 0.3194963335990906
ENSEMBLE | Tr_Acc: 0.8857142925262451, Tr_CE: 0.2784067392349243, Va_Acc: 0.8666666746139526, Va_CE: 0.3212006688117981
Epoch: 61, AccTr: 0.8952381014823914, AccVa: 0.8666666746139526, CeTr: 0.313478946685791, CeVa: 0.37849658727645874
Epoch: 62, AccTr: 0.8476190567016602, AccVa: 0.8444444537162781, CeTr: 0.33195987343788147, CeVa: 0.3591248393058777
Epoch: 63, AccTr: 0.8952381014823914, AccVa: 0.8666666746139526, CeTr: 0.3105999827384949, CeVa: 0.34230542182922363
Epoch: 64, AccTr: 0.8952381014823914, AccVa: 0.8666666746139526, CeTr: 0.297210693359375, CeVa: 0.3464282751083374
Epoch: 65, AccTr: 0.8952381014823914, AccVa: 0.8666666746139526, CeTr: 0.3012084364891052, CeVa: 0.34354981780052185
ENSEMBLE | Tr_Acc: 0.8952381014823914, Tr_CE: 0.2714356780052185, Va_Acc: 0.8666666746139526, Va_CE: 0.31960251927375793
Epoch: 66, AccTr: 0.8857142925262451, AccVa: 0.8666666746139526, CeTr: 0.28299885988235474, CeVa: 0.3176021873950958
Epoch: 67, AccTr: 0.8857142925262451, AccVa: 0.8666666746139526, CeTr: 0.28097549080848694, CeVa: 0.3125893771648407
Epoch: 68, AccTr: 0.8857142925262451, AccVa: 0.8666666746139526, CeTr: 0.34790360927581787, CeVa: 0.3843992352485657
Epoch: 69, AccTr: 0.8666666746139526, AccVa: 0.8444444537162781, CeTr: 0.3493022322654724, CeVa: 0.4126713275909424
Epoch: 70, AccTr: 0.8666666746139526, AccVa: 0.8444444537162781, CeTr: 0.300044447183609, CeVa: 0.33095407485961914
ENSEMBLE | Tr_Acc: 0.8952381014823914, Tr_CE: 0.2685513496398926, Va_Acc: 0.8666666746139526, Va_CE: 0.3169288635253906
Epoch: 71, AccTr: 0.8952381014823914, AccVa: 0.8666666746139526, CeTr: 0.2961452603340149, CeVa: 0.3468216359615326
Epoch: 72, AccTr: 0.8952381014823914, AccVa: 0.8666666746139526, CeTr: 0.30069512128829956, CeVa: 0.35010096430778503
Epoch: 73, AccTr: 0.8857142925262451, AccVa: 0.8444444537162781, CeTr: 0.31382039189338684, CeVa: 0.3739255666732788
Epoch: 74, AccTr: 0.8952381014823914, AccVa: 0.8666666746139526, CeTr: 0.2940618097782135, CeVa: 0.34784212708473206
Epoch: 75, AccTr: 0.8857142925262451, AccVa: 0.8444444537162781, CeTr: 0.306516170501709, CeVa: 0.433234840631485
ENSEMBLE | Tr_Acc: 0.8952381014823914, Tr_CE: 0.27100488543510437, Va_Acc: 0.8666666746139526, Va_CE: 0.3200240135192871
Epoch: 76, AccTr: 0.8952381014823914, AccVa: 0.8666666746139526, CeTr: 0.3142147958278656, CeVa: 0.3657892942428589
Epoch: 77, AccTr: 0.8857142925262451, AccVa: 0.8666666746139526, CeTr: 0.3105357885360718, CeVa: 0.35754454135894775
Epoch: 78, AccTr: 0.8952381014823914, AccVa: 0.8666666746139526, CeTr: 0.2966005504131317, CeVa: 0.3420109152793884
Epoch: 79, AccTr: 0.8952381014823914, AccVa: 0.8666666746139526, CeTr: 0.293529212474823, CeVa: 0.34644466638565063
Epoch: 80, AccTr: 0.8952381014823914, AccVa: 0.8666666746139526, CeTr: 0.2956656217575073, CeVa: 0.3450871407985687
ENSEMBLE | Tr_Acc: 0.8952381014823914, Tr_CE: 0.27081045508384705, Va_Acc: 0.8666666746139526, Va_CE: 0.3188609182834625
Epoch: 81, AccTr: 0.8857142925262451, AccVa: 0.8666666746139526, CeTr: 0.2853461802005768, CeVa: 0.3306114077568054
Epoch: 82, AccTr: 0.8952381014823914, AccVa: 0.8444444537162781, CeTr: 0.30000340938568115, CeVa: 0.47633814811706543
Epoch: 83, AccTr: 0.8857142925262451, AccVa: 0.8444444537162781, CeTr: 0.3029004633426666, CeVa: 0.35707494616508484
Epoch: 84, AccTr: 0.8761904835700989, AccVa: 0.8666666746139526, CeTr: 0.3161314129829407, CeVa: 0.3494018316268921
Epoch: 85, AccTr: 0.8857142925262451, AccVa: 0.8666666746139526, CeTr: 0.32390955090522766, CeVa: 0.35195329785346985
ENSEMBLE | Tr_Acc: 0.8952381014823914, Tr_CE: 0.2729725241661072, Va_Acc: 0.8666666746139526, Va_CE: 0.32010623812675476
Epoch: 86, AccTr: 0.8952381014823914, AccVa: 0.8444444537162781, CeTr: 0.3015047311782837, CeVa: 0.44788721203804016
Epoch: 87, AccTr: 0.8952381014823914, AccVa: 0.8666666746139526, CeTr: 0.2990346848964691, CeVa: 0.34560638666152954
Epoch: 88, AccTr: 0.8952381014823914, AccVa: 0.8666666746139526, CeTr: 0.3396007716655731, CeVa: 0.4471065402030945
Epoch: 89, AccTr: 0.8857142925262451, AccVa: 0.8666666746139526, CeTr: 0.30379337072372437, CeVa: 0.32546383142471313
Epoch: 90, AccTr: 0.8952381014823914, AccVa: 0.8666666746139526, CeTr: 0.30281567573547363, CeVa: 0.3540958762168884
ENSEMBLE | Tr_Acc: 0.8952381014823914, Tr_CE: 0.2719457149505615, Va_Acc: 0.8666666746139526, Va_CE: 0.32139745354652405
Epoch: 91, AccTr: 0.8952381014823914, AccVa: 0.8666666746139526, CeTr: 0.3053853213787079, CeVa: 0.3487622141838074
Epoch: 92, AccTr: 0.8857142925262451, AccVa: 0.8666666746139526, CeTr: 0.28947800397872925, CeVa: 0.317966490983963
Epoch: 93, AccTr: 0.8857142925262451, AccVa: 0.8444444537162781, CeTr: 0.28674596548080444, CeVa: 0.3629889488220215
Epoch: 94, AccTr: 0.8952381014823914, AccVa: 0.8666666746139526, CeTr: 0.29451772570610046, CeVa: 0.3398790657520294
Epoch: 95, AccTr: 0.8761904835700989, AccVa: 0.8444444537162781, CeTr: 0.3383493721485138, CeVa: 0.4266160726547241
ENSEMBLE | Tr_Acc: 0.8952381014823914, Tr_CE: 0.27236858010292053, Va_Acc: 0.8666666746139526, Va_CE: 0.3231079876422882
Epoch: 96, AccTr: 0.8952381014823914, AccVa: 0.8444444537162781, CeTr: 0.3036397695541382, CeVa: 0.39675289392471313
Epoch: 97, AccTr: 0.8952381014823914, AccVa: 0.8666666746139526, CeTr: 0.31749430298805237, CeVa: 0.367941290140152
Epoch: 98, AccTr: 0.8761904835700989, AccVa: 0.8666666746139526, CeTr: 0.29205405712127686, CeVa: 0.3184977173805237
Epoch: 99, AccTr: 0.8666666746139526, AccVa: 0.8444444537162781, CeTr: 0.3055000305175781, CeVa: 0.46912315487861633
Epoch: 100, AccTr: 0.8952381014823914, AccVa: 0.8222222328186035, CeTr: 0.2921399474143982, CeVa: 0.39620381593704224
ENSEMBLE | Tr_Acc: 0.8952381014823914, Tr_CE: 0.2724086344242096, Va_Acc: 0.8666666746139526, Va_CE: 0.32367247343063354
Pretrained network accuracy: 1.0
NN CONFIG
Weight-type:		binary
Layout									Layer #1: 4	Layer #2: 16	Layer #3: 3	
Activation Functions					Layer #1: bs	
Keep probabilities		Layer #0: 1.0	Layer #1: 1.0	Layer #2: 1.0	
Flat factors							Layer #1: 1.0	Layer #2: 1.0	Layer #3: 1.0	
Activation Noise						Layer #1: 0.0	Layer #2: 0.0	Layer #3: 0.0	
Prior: 0.85

===================================

RUN CONFIG
Epochs: 100, Blocksize: 3

===================================

Epoch: 0, AccTr: 0.8190476298332214, AccVa: 0.8444444537162781, CeTr: 1.0680993795394897, CeVa: 0.9274936318397522
Epoch: 1, AccTr: 0.8666666746139526, AccVa: 0.800000011920929, CeTr: 0.2944227457046509, CeVa: 0.5949431657791138
Epoch: 2, AccTr: 0.9238095283508301, AccVa: 0.7555555701255798, CeTr: 0.25179803371429443, CeVa: 0.5866852402687073
Epoch: 3, AccTr: 0.9238095283508301, AccVa: 0.7777777910232544, CeTr: 0.2350170910358429, CeVa: 0.5328032374382019
Epoch: 4, AccTr: 0.9047619104385376, AccVa: 0.7777777910232544, CeTr: 0.24804945290088654, CeVa: 0.5320701599121094
Epoch: 5, AccTr: 0.9238095283508301, AccVa: 0.7333333492279053, CeTr: 0.24864356219768524, CeVa: 0.6300169825553894
Epoch: 6, AccTr: 0.9238095283508301, AccVa: 0.7555555701255798, CeTr: 0.2477237731218338, CeVa: 0.47833895683288574
Epoch: 7, AccTr: 0.9238095283508301, AccVa: 0.7333333492279053, CeTr: 0.2516094446182251, CeVa: 0.5525747537612915
Epoch: 8, AccTr: 0.9238095283508301, AccVa: 0.7555555701255798, CeTr: 0.23501056432724, CeVa: 0.5973614454269409
Epoch: 9, AccTr: 0.9238095283508301, AccVa: 0.7555555701255798, CeTr: 0.25412675738334656, CeVa: 0.5837464928627014
Epoch: 10, AccTr: 0.8857142925262451, AccVa: 0.7333333492279053, CeTr: 0.26198193430900574, CeVa: 0.4870624840259552
Epoch: 11, AccTr: 0.9142857193946838, AccVa: 0.7777777910232544, CeTr: 0.2721562683582306, CeVa: 0.47597843408584595
Epoch: 12, AccTr: 0.9142857193946838, AccVa: 0.7777777910232544, CeTr: 0.27423736453056335, CeVa: 0.4629126787185669
Epoch: 13, AccTr: 0.9142857193946838, AccVa: 0.7777777910232544, CeTr: 0.25069695711135864, CeVa: 0.5497598648071289
Epoch: 14, AccTr: 0.9238095283508301, AccVa: 0.7777777910232544, CeTr: 0.2653334438800812, CeVa: 0.5417116284370422
Epoch: 15, AccTr: 0.9238095283508301, AccVa: 0.7777777910232544, CeTr: 0.24024739861488342, CeVa: 0.5423297882080078
Epoch: 16, AccTr: 0.9238095283508301, AccVa: 0.7777777910232544, CeTr: 0.2375604659318924, CeVa: 0.5521450638771057
Epoch: 17, AccTr: 0.9238095283508301, AccVa: 0.7555555701255798, CeTr: 0.23275862634181976, CeVa: 0.45728224515914917
Epoch: 18, AccTr: 0.9142857193946838, AccVa: 0.7333333492279053, CeTr: 0.24634496867656708, CeVa: 0.6671304702758789
Epoch: 19, AccTr: 0.8952381014823914, AccVa: 0.7333333492279053, CeTr: 0.26822444796562195, CeVa: 0.611636757850647
Epoch: 20, AccTr: 0.9238095283508301, AccVa: 0.7555555701255798, CeTr: 0.22990095615386963, CeVa: 0.5758154392242432
Epoch: 21, AccTr: 0.9238095283508301, AccVa: 0.7333333492279053, CeTr: 0.23369506001472473, CeVa: 0.6947270631790161
Epoch: 22, AccTr: 0.9238095283508301, AccVa: 0.7777777910232544, CeTr: 0.2649936378002167, CeVa: 0.4825359284877777
Epoch: 23, AccTr: 0.9142857193946838, AccVa: 0.7555555701255798, CeTr: 0.2670717239379883, CeVa: 0.5930309891700745
Epoch: 24, AccTr: 0.9238095283508301, AccVa: 0.7555555701255798, CeTr: 0.2711215317249298, CeVa: 0.5241158604621887
Epoch: 25, AccTr: 0.9142857193946838, AccVa: 0.7555555701255798, CeTr: 0.25477322936058044, CeVa: 0.5791751146316528
Epoch: 26, AccTr: 0.9238095283508301, AccVa: 0.7777777910232544, CeTr: 0.23904487490653992, CeVa: 0.5324925780296326
Epoch: 27, AccTr: 0.8952381014823914, AccVa: 0.7555555701255798, CeTr: 0.2873893082141876, CeVa: 0.4918207824230194
Epoch: 28, AccTr: 0.9238095283508301, AccVa: 0.7777777910232544, CeTr: 0.2378840148448944, CeVa: 0.5354449152946472
Epoch: 29, AccTr: 0.9047619104385376, AccVa: 0.7777777910232544, CeTr: 0.2923605740070343, CeVa: 0.5545075535774231
Epoch: 30, AccTr: 0.9238095283508301, AccVa: 0.7555555701255798, CeTr: 0.2685219943523407, CeVa: 0.5238010883331299
Epoch: 31, AccTr: 0.9142857193946838, AccVa: 0.7333333492279053, CeTr: 0.24651454389095306, CeVa: 0.6288108229637146
Epoch: 32, AccTr: 0.9238095283508301, AccVa: 0.7777777910232544, CeTr: 0.24094852805137634, CeVa: 0.543022096157074
Epoch: 33, AccTr: 0.9142857193946838, AccVa: 0.7555555701255798, CeTr: 0.27939078211784363, CeVa: 0.5884153842926025
Epoch: 34, AccTr: 0.8666666746139526, AccVa: 0.800000011920929, CeTr: 0.2740401327610016, CeVa: 0.6072932481765747
Epoch: 35, AccTr: 0.8857142925262451, AccVa: 0.7555555701255798, CeTr: 0.26162102818489075, CeVa: 0.5952314138412476
Epoch: 36, AccTr: 0.9142857193946838, AccVa: 0.7333333492279053, CeTr: 0.31352683901786804, CeVa: 0.9700606465339661
Epoch: 37, AccTr: 0.9238095283508301, AccVa: 0.7777777910232544, CeTr: 0.24575689435005188, CeVa: 0.5371421575546265
Epoch: 38, AccTr: 0.9238095283508301, AccVa: 0.7777777910232544, CeTr: 0.2515045702457428, CeVa: 0.46400749683380127
Epoch: 39, AccTr: 0.9238095283508301, AccVa: 0.7333333492279053, CeTr: 0.24428445100784302, CeVa: 0.6396331191062927
Epoch: 40, AccTr: 0.9238095283508301, AccVa: 0.7777777910232544, CeTr: 0.25236108899116516, CeVa: 0.47429704666137695
Epoch: 41, AccTr: 0.9142857193946838, AccVa: 0.7777777910232544, CeTr: 0.2712022364139557, CeVa: 0.5447219014167786
Epoch: 42, AccTr: 0.9238095283508301, AccVa: 0.7777777910232544, CeTr: 0.24281509220600128, CeVa: 0.5394323468208313
Epoch: 43, AccTr: 0.9238095283508301, AccVa: 0.7777777910232544, CeTr: 0.24902603030204773, CeVa: 0.5394227504730225
Epoch: 44, AccTr: 0.9238095283508301, AccVa: 0.7777777910232544, CeTr: 0.26518717408180237, CeVa: 0.6070001721382141
Epoch: 45, AccTr: 0.8952381014823914, AccVa: 0.7333333492279053, CeTr: 0.28754544258117676, CeVa: 0.4931846559047699
Epoch: 46, AccTr: 0.9238095283508301, AccVa: 0.7777777910232544, CeTr: 0.24176566302776337, CeVa: 0.5430296063423157
Epoch: 47, AccTr: 0.9238095283508301, AccVa: 0.7555555701255798, CeTr: 0.22961600124835968, CeVa: 0.45179519057273865
Epoch: 48, AccTr: 0.9142857193946838, AccVa: 0.7555555701255798, CeTr: 0.2572233974933624, CeVa: 0.5867345929145813
Epoch: 49, AccTr: 0.9238095283508301, AccVa: 0.7333333492279053, CeTr: 0.26147618889808655, CeVa: 0.5588029026985168
Epoch: 50, AccTr: 0.9238095283508301, AccVa: 0.7333333492279053, CeTr: 0.2385016828775406, CeVa: 0.6090729236602783
ENSEMBLE | Tr_Acc: 0.9238095283508301, Tr_CE: 0.2385016828775406, Va_Acc: 0.7333333492279053, Va_CE: 0.6090729236602783
Epoch: 51, AccTr: 0.9238095283508301, AccVa: 0.7333333492279053, CeTr: 0.24048830568790436, CeVa: 0.594424307346344
Epoch: 52, AccTr: 0.9238095283508301, AccVa: 0.7555555701255798, CeTr: 0.23730973899364471, CeVa: 0.5738081932067871
Epoch: 53, AccTr: 0.9238095283508301, AccVa: 0.7555555701255798, CeTr: 0.24092118442058563, CeVa: 0.5802487730979919
Epoch: 54, AccTr: 0.9238095283508301, AccVa: 0.7555555701255798, CeTr: 0.24089550971984863, CeVa: 0.5802285671234131
Epoch: 55, AccTr: 0.9238095283508301, AccVa: 0.7777777910232544, CeTr: 0.24940049648284912, CeVa: 0.4623926877975464
ENSEMBLE | Tr_Acc: 0.9238095283508301, Tr_CE: 0.22159568965435028, Va_Acc: 0.7777777910232544, Va_CE: 0.46606919169425964
Epoch: 56, AccTr: 0.9142857193946838, AccVa: 0.7777777910232544, CeTr: 0.25367942452430725, CeVa: 0.5456909537315369
Epoch: 57, AccTr: 0.9238095283508301, AccVa: 0.7333333492279053, CeTr: 0.2364591360092163, CeVa: 0.6574423313140869
Epoch: 58, AccTr: 0.9142857193946838, AccVa: 0.7777777910232544, CeTr: 0.27370503544807434, CeVa: 0.5517744421958923
Epoch: 59, AccTr: 0.9142857193946838, AccVa: 0.7777777910232544, CeTr: 0.25367942452430725, CeVa: 0.5456909537315369
Epoch: 60, AccTr: 0.9142857193946838, AccVa: 0.7555555701255798, CeTr: 0.255204975605011, CeVa: 0.4556763470172882
ENSEMBLE | Tr_Acc: 0.9238095283508301, Tr_CE: 0.22340649366378784, Va_Acc: 0.7777777910232544, Va_CE: 0.45456844568252563
Epoch: 61, AccTr: 0.9142857193946838, AccVa: 0.7555555701255798, CeTr: 0.23517781496047974, CeVa: 0.5819755792617798
Epoch: 62, AccTr: 0.9238095283508301, AccVa: 0.7555555701255798, CeTr: 0.2353210747241974, CeVa: 0.4544939696788788
Epoch: 63, AccTr: 0.9142857193946838, AccVa: 0.7555555701255798, CeTr: 0.24220071732997894, CeVa: 0.5814059376716614
Epoch: 64, AccTr: 0.9238095283508301, AccVa: 0.7777777910232544, CeTr: 0.24821041524410248, CeVa: 0.5364503860473633
Epoch: 65, AccTr: 0.9238095283508301, AccVa: 0.7777777910232544, CeTr: 0.24761298298835754, CeVa: 0.5371440649032593
ENSEMBLE | Tr_Acc: 0.9238095283508301, Tr_CE: 0.2240368127822876, Va_Acc: 0.7777777910232544, Va_CE: 0.46564725041389465
Epoch: 66, AccTr: 0.9238095283508301, AccVa: 0.7777777910232544, CeTr: 0.25086280703544617, CeVa: 0.5542660355567932
Epoch: 67, AccTr: 0.8952381014823914, AccVa: 0.7111111283302307, CeTr: 0.26073533296585083, CeVa: 0.6704267859458923
Epoch: 68, AccTr: 0.9238095283508301, AccVa: 0.7777777910232544, CeTr: 0.2541630268096924, CeVa: 0.4686327576637268
Epoch: 69, AccTr: 0.9238095283508301, AccVa: 0.7777777910232544, CeTr: 0.24524441361427307, CeVa: 0.5389617681503296
Epoch: 70, AccTr: 0.9142857193946838, AccVa: 0.7777777910232544, CeTr: 0.26739150285720825, CeVa: 0.5575327277183533
ENSEMBLE | Tr_Acc: 0.9238095283508301, Tr_CE: 0.226077139377594, Va_Acc: 0.7777777910232544, Va_CE: 0.4757682681083679
Epoch: 71, AccTr: 0.9238095283508301, AccVa: 0.7555555701255798, CeTr: 0.23175333440303802, CeVa: 0.4523598551750183
Epoch: 72, AccTr: 0.9142857193946838, AccVa: 0.7777777910232544, CeTr: 0.26655659079551697, CeVa: 0.5344241857528687
Epoch: 73, AccTr: 0.9238095283508301, AccVa: 0.7777777910232544, CeTr: 0.2542262077331543, CeVa: 0.4652934670448303
Epoch: 74, AccTr: 0.9238095283508301, AccVa: 0.7777777910232544, CeTr: 0.2612731456756592, CeVa: 0.4719558656215668
Epoch: 75, AccTr: 0.9142857193946838, AccVa: 0.7777777910232544, CeTr: 0.26705998182296753, CeVa: 0.5559931397438049
ENSEMBLE | Tr_Acc: 0.9238095283508301, Tr_CE: 0.2283274084329605, Va_Acc: 0.7777777910232544, Va_CE: 0.48375383019447327
Epoch: 76, AccTr: 0.9142857193946838, AccVa: 0.7777777910232544, CeTr: 0.2640077769756317, CeVa: 0.4666275382041931
Epoch: 77, AccTr: 0.9142857193946838, AccVa: 0.7555555701255798, CeTr: 0.25487494468688965, CeVa: 0.5622891783714294
Epoch: 78, AccTr: 0.9238095283508301, AccVa: 0.7777777910232544, CeTr: 0.2524738311767578, CeVa: 0.540547251701355
Epoch: 79, AccTr: 0.9238095283508301, AccVa: 0.7777777910232544, CeTr: 0.2592054605484009, CeVa: 0.46709299087524414
Epoch: 80, AccTr: 0.9142857193946838, AccVa: 0.7555555701255798, CeTr: 0.2743785083293915, CeVa: 0.46518293023109436
ENSEMBLE | Tr_Acc: 0.9238095283508301, Tr_CE: 0.22911284863948822, Va_Acc: 0.7777777910232544, Va_CE: 0.473738431930542
Epoch: 81, AccTr: 0.9238095283508301, AccVa: 0.7555555701255798, CeTr: 0.24510133266448975, CeVa: 0.4569699466228485
Epoch: 82, AccTr: 0.9047619104385376, AccVa: 0.7333333492279053, CeTr: 0.2810109853744507, CeVa: 0.502465546131134
Epoch: 83, AccTr: 0.9047619104385376, AccVa: 0.7777777910232544, CeTr: 0.2491294890642166, CeVa: 0.537530779838562
Epoch: 84, AccTr: 0.9142857193946838, AccVa: 0.7555555701255798, CeTr: 0.2576345205307007, CeVa: 0.5623579025268555
Epoch: 85, AccTr: 0.9238095283508301, AccVa: 0.7555555701255798, CeTr: 0.24776983261108398, CeVa: 0.5867207050323486
ENSEMBLE | Tr_Acc: 0.9238095283508301, Tr_CE: 0.228806272149086, Va_Acc: 0.7777777910232544, Va_CE: 0.48007723689079285
Epoch: 86, AccTr: 0.8857142925262451, AccVa: 0.7333333492279053, CeTr: 0.25881603360176086, CeVa: 0.5930006504058838
Epoch: 87, AccTr: 0.9047619104385376, AccVa: 0.7777777910232544, CeTr: 0.27712544798851013, CeVa: 0.46434304118156433
Epoch: 88, AccTr: 0.8666666746139526, AccVa: 0.7777777910232544, CeTr: 0.3204980790615082, CeVa: 0.6917926073074341
Epoch: 89, AccTr: 0.8761904835700989, AccVa: 0.800000011920929, CeTr: 0.30992835760116577, CeVa: 0.5520766973495483
Epoch: 90, AccTr: 0.9238095283508301, AccVa: 0.7777777910232544, CeTr: 0.25154271721839905, CeVa: 0.46644073724746704
ENSEMBLE | Tr_Acc: 0.9238095283508301, Tr_CE: 0.22665530443191528, Va_Acc: 0.7777777910232544, Va_CE: 0.4721870422363281
Epoch: 91, AccTr: 0.9238095283508301, AccVa: 0.7777777910232544, CeTr: 0.23934835195541382, CeVa: 0.5379089713096619
Epoch: 92, AccTr: 0.9142857193946838, AccVa: 0.7777777910232544, CeTr: 0.31863242387771606, CeVa: 0.7192792296409607
Epoch: 93, AccTr: 0.8857142925262451, AccVa: 0.7777777910232544, CeTr: 0.2715945243835449, CeVa: 0.6134824752807617
Epoch: 94, AccTr: 0.8761904835700989, AccVa: 0.800000011920929, CeTr: 0.2866303622722626, CeVa: 0.483004093170166
Epoch: 95, AccTr: 0.9238095283508301, AccVa: 0.7333333492279053, CeTr: 0.2467128336429596, CeVa: 0.6365808248519897
ENSEMBLE | Tr_Acc: 0.9238095283508301, Tr_CE: 0.22612197697162628, Va_Acc: 0.7777777910232544, Va_CE: 0.4768567383289337
Epoch: 96, AccTr: 0.9142857193946838, AccVa: 0.7333333492279053, CeTr: 0.2521524429321289, CeVa: 0.6351397037506104
Epoch: 97, AccTr: 0.9142857193946838, AccVa: 0.7555555701255798, CeTr: 0.2677360773086548, CeVa: 0.5898680686950684
Epoch: 98, AccTr: 0.9238095283508301, AccVa: 0.7777777910232544, CeTr: 0.241510808467865, CeVa: 0.5335198044776917
Epoch: 99, AccTr: 0.9238095283508301, AccVa: 0.7555555701255798, CeTr: 0.25737038254737854, CeVa: 0.47948193550109863
Epoch: 100, AccTr: 0.9238095283508301, AccVa: 0.7555555701255798, CeTr: 0.22882486879825592, CeVa: 0.5868902206420898
ENSEMBLE | Tr_Acc: 0.9238095283508301, Tr_CE: 0.22473649680614471, Va_Acc: 0.7777777910232544, Va_CE: 0.48083770275115967
Mod Accuracy || Mean: 0.7888889312744141	 Std: 0.03333333134651184
Ens Accuracy || Mean: 0.8222222328186035	 Std: 0.04444444179534912
Mod CE || Mean: 0.49154701828956604	 Std: 0.0953432023525238
Ens CE || Mean: 0.4022550880908966	 Std: 0.07858261466026306
