

config:

HOME=/clusterFS/home/student/kopp13
PATH=/clusterFS/home/student/kopp13/miniconda3/envs/tensorflow/bin:/clusterFS/home/student/kopp13/miniconda3/bin:/clusterFS/home/student/kopp13/bin:/usr/local/bin:/usr/bin:/bin:/usr/local/games:/usr/games
LD_LIBRARY_PATH=
THEANO_FLAGS=floatX=float32,gpuarray.preallocate=0.9,dnn.library_path=/usr/lib/x86_64-linux-gnu,cxx=clang++-3.8,device=cuda,base_compiledir=/tmp/tmp.HBmJDzWl4w
Pretrained network accuracy: 0.9714285731315613
NN CONFIG
Weight-type:		binary
Layout									Layer #1: 4	Layer #2: 5	Layer #3: 3	
Activation Functions					Layer #1: bs	
Keep probabilities		Layer #0: 1.0	Layer #1: 1.0	
Flat factors							Layer #1: 1.0	Layer #2: 1.0	
Activation Noise						Layer #1: 0.0	Layer #2: 0.0	
Prior: 0.9

===================================

RUN CONFIG
Epochs: 0, Blocksize: 2

===================================

Epoch: 0, AccTr: 0.6666666865348816, AccVa: 0.6222222447395325, CeTr: 0.7818246483802795, CeVa: 0.9159646034240723
Starting genetic algorithm
ga init pop len: 0
Generation: 0
TrAcc: 0.3504883050918579 +- 0.1604020595550537	TrCE: 1.8766144514083862 +- 0.768358588218689
VaAcc: 0.32362037897109985 +- 0.18239694833755493	Va_CE: 1.947287678718567 +- 0.8150225877761841
Ancestors: 0.0 +- 0.0
pop len 5000
Generation: 10
TrAcc: 0.7714683413505554 +- 3.975698200520128e-05	TrCE: 0.4458855092525482 +- 4.022574648843147e-05
VaAcc: 0.8666882514953613 +- 2.1577061488642357e-05	Va_CE: 0.38880082964897156 +- 0.00045642146142199636
Ancestors: 4.93120002746582 +- 0.257027804851532
pop len 5000
ENSEMBLE | Tr_Acc: 0.7714285850524902, Tr_CE: 0.44586536288261414, Va_Acc: 0.8666666746139526, Va_CE: 0.38879963755607605
ENSEMBLE | Tr_Acc: 0.7714285850524902, Tr_CE: 0.44586536288261414, Va_Acc: 0.8666666746139526, Va_CE: 0.38879963755607605
Generation: 20
TrAcc: 0.7714436054229736 +- 0.0017511523328721523	TrCE: 0.44594433903694153 +- 0.0034879217855632305
VaAcc: 0.8666349649429321 +- 0.0037708061281591654	Va_CE: 0.3888568878173828 +- 0.004835179541260004
Ancestors: 4.9355998039245605 +- 0.2495102882385254
pop len 5000
ENSEMBLE | Tr_Acc: 0.7714285850524902, Tr_CE: 0.4458654224872589, Va_Acc: 0.8666666746139526, Va_CE: 0.38879966735839844
ENSEMBLE | Tr_Acc: 0.7714285850524902, Tr_CE: 0.44586536288261414, Va_Acc: 0.8666666746139526, Va_CE: 0.38879963755607605
current_layer 0
Generation: 30
TrAcc: 0.6803958415985107 +- 0.11176849156618118	TrCE: 0.7828578948974609 +- 0.32224610447883606
VaAcc: 0.7150025963783264 +- 0.16235414147377014	Va_CE: 0.7218424081802368 +- 0.37564557790756226
Ancestors: 4.928999900817871 +- 0.26068052649497986
pop len 5000
ENSEMBLE | Tr_Acc: 0.7714285850524902, Tr_CE: 0.4268704056739807, Va_Acc: 0.8888888955116272, Va_CE: 0.36854350566864014
ENSEMBLE | Tr_Acc: 0.7714285850524902, Tr_CE: 0.41838568449020386, Va_Acc: 0.8888888955116272, Va_CE: 0.3623259365558624
Generation: 40
TrAcc: 0.7524095773696899 +- 0.0010783183388411999	TrCE: 0.42751914262771606 +- 0.0035976418294012547
VaAcc: 0.8888534307479858 +- 0.0028279852122068405	Va_CE: 0.37906286120414734 +- 0.004200257360935211
Ancestors: 7.682400226593018 +- 0.49632206559181213
pop len 5000
ENSEMBLE | Tr_Acc: 0.7714285850524902, Tr_CE: 0.4143352806568146, Va_Acc: 0.8888888955116272, Va_CE: 0.3607035279273987
ENSEMBLE | Tr_Acc: 0.7714285850524902, Tr_CE: 0.412406861782074, Va_Acc: 0.8888888955116272, Va_CE: 0.3607289493083954
Generation: 50
TrAcc: 0.7524133324623108 +- 0.0009532839758321643	TrCE: 0.42753344774246216 +- 0.002889074617996812
VaAcc: 0.8888534307479858 +- 0.0028280208352953196	Va_CE: 0.37904271483421326 +- 0.0021146086510270834
Ancestors: 7.7006001472473145 +- 0.4863768517971039
pop len 5000
ENSEMBLE | Tr_Acc: 0.7714285850524902, Tr_CE: 0.4115777909755707, Va_Acc: 0.8888888955116272, Va_CE: 0.36136478185653687
ENSEMBLE | Tr_Acc: 0.761904776096344, Tr_CE: 0.41134607791900635, Va_Acc: 0.8888888955116272, Va_CE: 0.3622094392776489
current_layer 0
Generation: 60
TrAcc: 0.6398865580558777 +- 0.14332462847232819	TrCE: 0.9655515551567078 +- 0.47748929262161255
VaAcc: 0.6868332624435425 +- 0.18316161632537842	Va_CE: 0.8803374767303467 +- 0.5254467129707336
Ancestors: 7.698999881744385 +- 0.5091065764427185
pop len 5000
ENSEMBLE | Tr_Acc: 0.761904776096344, Tr_CE: 0.41144731640815735, Va_Acc: 0.8888888955116272, Va_CE: 0.3630984127521515
ENSEMBLE | Tr_Acc: 0.761904776096344, Tr_CE: 0.4117347002029419, Va_Acc: 0.8888888955116272, Va_CE: 0.3639630675315857
Generation: 70
TrAcc: 0.7518931031227112 +- 0.009371696040034294	TrCE: 0.42976614832878113 +- 0.018166417255997658
VaAcc: 0.8870003819465637 +- 0.02278355322778225	Va_CE: 0.3803630471229553 +- 0.021090369671583176
Ancestors: 8.681599617004395 +- 0.5010151267051697
pop len 5000
ENSEMBLE | Tr_Acc: 0.761904776096344, Tr_CE: 0.4121236205101013, Va_Acc: 0.8888888955116272, Va_CE: 0.3647759258747101
ENSEMBLE | Tr_Acc: 0.761904776096344, Tr_CE: 0.4125645160675049, Va_Acc: 0.8888888955116272, Va_CE: 0.3655284345149994
Generation: 80
TrAcc: 0.7520607709884644 +- 0.008214494213461876	TrCE: 0.42919307947158813 +- 0.015561031177639961
VaAcc: 0.8875116109848022 +- 0.01992020756006241	Va_CE: 0.37988168001174927 +- 0.018134796991944313
Ancestors: 8.69219970703125 +- 0.5190824866294861
pop len 5000
ENSEMBLE | Tr_Acc: 0.761904776096344, Tr_CE: 0.413027286529541, Va_Acc: 0.8888888955116272, Va_CE: 0.3662198781967163
ENSEMBLE | Tr_Acc: 0.761904776096344, Tr_CE: 0.4134940803050995, Va_Acc: 0.8888888955116272, Va_CE: 0.36685359477996826
current_layer 0
Generation: 90
TrAcc: 0.6436008214950562 +- 0.14078786969184875	TrCE: 0.9590342044830322 +- 0.47842642664909363
VaAcc: 0.6911579966545105 +- 0.18051902949810028	Va_CE: 0.8727701902389526 +- 0.5251237750053406
Ancestors: 8.691399574279785 +- 0.513572633266449
pop len 5000
ENSEMBLE | Tr_Acc: 0.761904776096344, Tr_CE: 0.41395407915115356, Va_Acc: 0.8888888955116272, Va_CE: 0.367434024810791
ENSEMBLE | Tr_Acc: 0.761904776096344, Tr_CE: 0.41440096497535706, Va_Acc: 0.8888888955116272, Va_CE: 0.3679662346839905
Generation: 100
TrAcc: 0.7524304986000061 +- 0.00040638085920363665	TrCE: 0.4274923801422119 +- 0.001705407164990902
VaAcc: 0.8888978362083435 +- 0.000314241653541103	Va_CE: 0.37897977232933044 +- 0.0016760063590481877
Ancestors: 9.579000473022461 +- 0.5612128973007202
pop len 5000
ENSEMBLE | Tr_Acc: 0.761904776096344, Tr_CE: 0.41483113169670105, Va_Acc: 0.8888888955116272, Va_CE: 0.3684549927711487
ENSEMBLE | Tr_Acc: 0.761904776096344, Tr_CE: 0.41524291038513184, Va_Acc: 0.8888888955116272, Va_CE: 0.3689047396183014
Generation: 110
TrAcc: 0.7524304986000061 +- 0.000406386679969728	TrCE: 0.42748531699180603 +- 0.0012063871836289763
VaAcc: 0.8888933658599854 +- 4.470188287086785e-06	Va_CE: 0.3789863884449005 +- 0.001207084977068007
Ancestors: 9.589400291442871 +- 0.5610750317573547
pop len 5000
ENSEMBLE | Tr_Acc: 0.761904776096344, Tr_CE: 0.415635347366333, Va_Acc: 0.8888888955116272, Va_CE: 0.36931949853897095
ENSEMBLE | Tr_Acc: 0.761904776096344, Tr_CE: 0.41600877046585083, Va_Acc: 0.8888888955116272, Va_CE: 0.3697029948234558
current_layer 0
Generation: 120
TrAcc: 0.6421338319778442 +- 0.14124996960163116	TrCE: 0.9587211012840271 +- 0.47719189524650574
VaAcc: 0.6901712417602539 +- 0.18044371902942657	Va_CE: 0.8676051497459412 +- 0.5238402485847473
Ancestors: 9.580400466918945 +- 0.5673947930335999
pop len 5000
ENSEMBLE | Tr_Acc: 0.761904776096344, Tr_CE: 0.41636353731155396, Va_Acc: 0.8888888955116272, Va_CE: 0.3700583279132843
