

config:

HOME=/clusterFS/home/student/kopp13
PATH=/clusterFS/home/student/kopp13/miniconda3/envs/tensorflow/bin:/clusterFS/home/student/kopp13/miniconda3/bin:/clusterFS/home/student/kopp13/bin:/usr/local/bin:/usr/bin:/bin:/usr/local/games:/usr/games
LD_LIBRARY_PATH=
THEANO_FLAGS=floatX=float32,gpuarray.preallocate=0.9,dnn.library_path=/usr/lib/x86_64-linux-gnu,cxx=clang++-3.8,device=cuda,base_compiledir=/tmp/tmp.XFzfstvIdo
Pretrained network accuracy: 0.9714285731315613
NN CONFIG
Weight-type:		binary
Layout									Layer #1: 4	Layer #2: 5	Layer #3: 3	
Activation Functions					Layer #1: bs	
Keep probabilities		Layer #0: 1.0	Layer #1: 1.0	
Flat factors							Layer #1: 1.0	Layer #2: 1.0	
Activation Noise						Layer #1: 0.0	Layer #2: 0.0	
Prior: 0.9

===================================

RUN CONFIG
Epochs: 0, Blocksize: 2

===================================

Epoch: 0, AccTr: 0.8761904835700989, AccVa: 0.7111111283302307, CeTr: 0.6002494692802429, CeVa: 0.9621756076812744
Starting genetic algorithm
ga init pop len: 0
Generation: 0
TrAcc: 0.5010203719139099 +- 0.1365036964416504	TrCE: 1.1788235902786255 +- 0.3636090159416199
VaAcc: 0.47184598445892334 +- 0.1567307412624359	Va_CE: 1.2822871208190918 +- 0.4334065020084381
Ancestors: 0.0 +- 0.0
pop len 5000
Generation: 10
TrAcc: 0.8476449251174927 +- 2.5868161174003035e-05	TrCE: 0.510899543762207 +- 0.007989938370883465
VaAcc: 0.7969406247138977 +- 0.02007247507572174	Va_CE: 0.5845867395401001 +- 0.05456865206360817
Ancestors: 3.88319993019104 +- 0.32734909653663635
pop len 5000
ENSEMBLE | Tr_Acc: 0.8476190567016602, Tr_CE: 0.509648859500885, Va_Acc: 0.800000011920929, Va_CE: 0.5761926770210266
ENSEMBLE | Tr_Acc: 0.8476190567016602, Tr_CE: 0.509648859500885, Va_Acc: 0.800000011920929, Va_CE: 0.5761926770210266
Generation: 20
TrAcc: 0.8476391434669495 +- 0.0004048484843224287	TrCE: 0.5107841491699219 +- 0.007705113384872675
VaAcc: 0.7972785830497742 +- 0.01894775778055191	Va_CE: 0.5836802124977112 +- 0.05154597386717796
Ancestors: 3.878200054168701 +- 0.3331095278263092
pop len 5000
ENSEMBLE | Tr_Acc: 0.8476190567016602, Tr_CE: 0.509648859500885, Va_Acc: 0.800000011920929, Va_CE: 0.5761926770210266
ENSEMBLE | Tr_Acc: 0.8476190567016602, Tr_CE: 0.45897090435028076, Va_Acc: 0.800000011920929, Va_CE: 0.5381551384925842
current_layer 1
Generation: 30
TrAcc: 0.7040164470672607 +- 0.1490398347377777	TrCE: 0.7247216701507568 +- 0.3507962226867676
VaAcc: 0.6440678238868713 +- 0.1341099888086319	Va_CE: 0.8627315163612366 +- 0.3495403230190277
Ancestors: 6.3491997718811035 +- 0.5196781158447266
pop len 5000
ENSEMBLE | Tr_Acc: 0.8476190567016602, Tr_CE: 0.4384729564189911, Va_Acc: 0.800000011920929, Va_CE: 0.5260998010635376
ENSEMBLE | Tr_Acc: 0.8476190567016602, Tr_CE: 0.4287688732147217, Va_Acc: 0.800000011920929, Va_CE: 0.5225961208343506
Generation: 40
TrAcc: 0.809142529964447 +- 0.008317669853568077	TrCE: 0.42776671051979065 +- 0.017631037160754204
VaAcc: 0.7329116463661194 +- 0.009152159094810486	Va_CE: 0.5621363520622253 +- 0.021601185202598572
Ancestors: 7.260799884796143 +- 0.6716910004615784
pop len 5000
ENSEMBLE | Tr_Acc: 0.8476190567016602, Tr_CE: 0.42374691367149353, Va_Acc: 0.800000011920929, Va_CE: 0.5223349332809448
ENSEMBLE | Tr_Acc: 0.8095238208770752, Tr_CE: 0.4210166335105896, Va_Acc: 0.7333333492279053, Va_CE: 0.5233722925186157
Generation: 50
TrAcc: 0.8087559342384338 +- 0.011716246604919434	TrCE: 0.42859068512916565 +- 0.02345954068005085
VaAcc: 0.7325071692466736 +- 0.012934060767292976	Va_CE: 0.5630795955657959 +- 0.02734348177909851
Ancestors: 7.256400108337402 +- 0.6734030842781067
pop len 5000
ENSEMBLE | Tr_Acc: 0.8095238208770752, Tr_CE: 0.4195045232772827, Va_Acc: 0.7333333492279053, Va_CE: 0.5249131321907043
ENSEMBLE | Tr_Acc: 0.8095238208770752, Tr_CE: 0.418678879737854, Va_Acc: 0.7333333492279053, Va_CE: 0.5266093015670776
current_layer 0
Generation: 60
TrAcc: 0.6934523582458496 +- 0.15496468544006348	TrCE: 0.6840893626213074 +- 0.327684611082077
VaAcc: 0.6243236064910889 +- 0.14777772128582	Va_CE: 0.8294379711151123 +- 0.3686453402042389
Ancestors: 7.23799991607666 +- 0.6848035454750061
pop len 5000
ENSEMBLE | Tr_Acc: 0.8095238208770752, Tr_CE: 0.41825687885284424, Va_Acc: 0.7333333492279053, Va_CE: 0.528304398059845
ENSEMBLE | Tr_Acc: 0.8095238208770752, Tr_CE: 0.4180792272090912, Va_Acc: 0.7333333492279053, Va_CE: 0.52992844581604
Generation: 70
TrAcc: 0.8095196485519409 +- 0.002428042236715555	TrCE: 0.4265650808811188 +- 0.0023069751914590597
VaAcc: 0.7333070635795593 +- 0.002828058786690235	Va_CE: 0.560585618019104 +- 0.002717927098274231
Ancestors: 8.068400382995605 +- 0.7272631525993347
pop len 5000
ENSEMBLE | Tr_Acc: 0.8095238208770752, Tr_CE: 0.4180523455142975, Va_Acc: 0.7333333492279053, Va_CE: 0.5314529538154602
ENSEMBLE | Tr_Acc: 0.8095238208770752, Tr_CE: 0.418119341135025, Va_Acc: 0.7333333492279053, Va_CE: 0.5328694581985474
Generation: 80
TrAcc: 0.8095558285713196 +- 3.200836363248527e-05	TrCE: 0.4265195429325104 +- 1.3233216122898739e-05
VaAcc: 0.7333471179008484 +- 1.3768551980319899e-05	Va_CE: 0.5605454444885254 +- 1.1980006092926487e-05
Ancestors: 8.083600044250488 +- 0.7341833114624023
pop len 5000
ENSEMBLE | Tr_Acc: 0.8095238208770752, Tr_CE: 0.4182445704936981, Va_Acc: 0.7333333492279053, Va_CE: 0.5341790914535522
ENSEMBLE | Tr_Acc: 0.8095238208770752, Tr_CE: 0.41840529441833496, Va_Acc: 0.7333333492279053, Va_CE: 0.5353876352310181
current_layer 1
Generation: 90
TrAcc: 0.7081316113471985 +- 0.14906787872314453	TrCE: 0.7203159928321838 +- 0.3482151925563812
VaAcc: 0.6465036273002625 +- 0.134382426738739	Va_CE: 0.8594440221786499 +- 0.35233354568481445
Ancestors: 8.073599815368652 +- 0.7355048060417175
pop len 5000
ENSEMBLE | Tr_Acc: 0.8095238208770752, Tr_CE: 0.41858673095703125, Va_Acc: 0.7333333492279053, Va_CE: 0.5365024209022522
ENSEMBLE | Tr_Acc: 0.8095238208770752, Tr_CE: 0.4187792241573334, Va_Acc: 0.7333333492279053, Va_CE: 0.5375316143035889
Generation: 100
TrAcc: 0.8087043762207031 +- 0.011994659900665283	TrCE: 0.42892447113990784 +- 0.024796893820166588
VaAcc: 0.7324671149253845 +- 0.013237685896456242	Va_CE: 0.5636067986488342 +- 0.029988890513777733
Ancestors: 8.766400337219238 +- 0.8714652061462402
pop len 5000
ENSEMBLE | Tr_Acc: 0.8095238208770752, Tr_CE: 0.41897621750831604, Va_Acc: 0.7333333492279053, Va_CE: 0.5384828448295593
ENSEMBLE | Tr_Acc: 0.8095238208770752, Tr_CE: 0.4191736578941345, Va_Acc: 0.7333333492279053, Va_CE: 0.5393635630607605
Generation: 110
TrAcc: 0.8087273240089417 +- 0.011990280821919441	TrCE: 0.42853978276252747 +- 0.023515498265624046
VaAcc: 0.7324671149253845 +- 0.01323753409087658	Va_CE: 0.5629085302352905 +- 0.026401711627840996
Ancestors: 8.785400390625 +- 0.8709669709205627
pop len 5000
ENSEMBLE | Tr_Acc: 0.8095238208770752, Tr_CE: 0.4193686842918396, Va_Acc: 0.7333333492279053, Va_CE: 0.5401805639266968
ENSEMBLE | Tr_Acc: 0.8095238208770752, Tr_CE: 0.4195594787597656, Va_Acc: 0.7333333492279053, Va_CE: 0.5409398674964905
current_layer 0
Generation: 120
TrAcc: 0.6906445026397705 +- 0.1581159383058548	TrCE: 0.6825498342514038 +- 0.32627207040786743
VaAcc: 0.6225226521492004 +- 0.14830651879310608	Va_CE: 0.8277789950370789 +- 0.36525487899780273
Ancestors: 8.777000427246094 +- 0.8637713193893433
pop len 5000
ENSEMBLE | Tr_Acc: 0.8095238208770752, Tr_CE: 0.4197448790073395, Va_Acc: 0.7333333492279053, Va_CE: 0.5416468977928162
ENSEMBLE | Tr_Acc: 0.8095238208770752, Tr_CE: 0.41992422938346863, Va_Acc: 0.7333333492279053, Va_CE: 0.5423064827919006
Generation: 130
TrAcc: 0.809531033039093 +- 0.0024872333742678165	TrCE: 0.42657554149627686 +- 0.0022934344597160816
VaAcc: 0.7333115935325623 +- 0.003046751720830798	Va_CE: 0.5606167316436768 +- 0.004701499827206135
Ancestors: 9.636199951171875 +- 0.9164289832115173
pop len 5000
