

config:

HOME=/clusterFS/home/student/kopp13
PATH=/clusterFS/home/student/kopp13/miniconda3/envs/tensorflow/bin:/clusterFS/home/student/kopp13/miniconda3/bin:/clusterFS/home/student/kopp13/bin:/usr/local/bin:/usr/bin:/bin:/usr/local/games:/usr/games
LD_LIBRARY_PATH=
THEANO_FLAGS=floatX=float32,gpuarray.preallocate=0.9,dnn.library_path=/usr/lib/x86_64-linux-gnu,cxx=clang++-3.8,device=cuda,base_compiledir=/tmp/tmp.Qev4EC4k47
Pretrained network accuracy: 1.0
NN CONFIG
Weight-type:		binary
Layout									Layer #1: 4	Layer #2: 50	Layer #3: 50	Layer #4: 3	
Activation Functions					Layer #1: bs	Layer #2: bs	
Keep probabilities		Layer #0: 1.0	Layer #1: 1.0	Layer #2: 1.0	
Flat factors							Layer #1: 1.0	Layer #2: 1.0	Layer #3: 1.0	
Activation Noise						Layer #1: 0.0	Layer #2: 0.0	Layer #3: 0.0	
Prior: 0.85

===================================

RUN CONFIG
Epochs: 100, Blocksize: 3

===================================

Epoch: 0, AccTr: 0.7523809671401978, AccVa: 0.8666666746139526, CeTr: 3.502084732055664, CeVa: 2.090928316116333
Epoch: 1, AccTr: 0.8952381014823914, AccVa: 0.8222222328186035, CeTr: 0.25616976618766785, CeVa: 1.1023656129837036
Epoch: 2, AccTr: 0.9238095283508301, AccVa: 0.8222222328186035, CeTr: 0.21992333233356476, CeVa: 1.5060946941375732
Epoch: 3, AccTr: 0.9047619104385376, AccVa: 0.8222222328186035, CeTr: 0.2630501985549927, CeVa: 0.7412123084068298
Epoch: 4, AccTr: 0.8952381014823914, AccVa: 0.8222222328186035, CeTr: 0.24405799806118011, CeVa: 1.239696741104126
Epoch: 5, AccTr: 0.9238095283508301, AccVa: 0.8222222328186035, CeTr: 0.2406756430864334, CeVa: 1.3089165687561035
Epoch: 6, AccTr: 0.9142857193946838, AccVa: 0.8444444537162781, CeTr: 0.23750463128089905, CeVa: 0.6237179040908813
Epoch: 7, AccTr: 0.9238095283508301, AccVa: 0.8444444537162781, CeTr: 0.2504931688308716, CeVa: 0.958113968372345
Epoch: 8, AccTr: 0.9238095283508301, AccVa: 0.8444444537162781, CeTr: 0.21270298957824707, CeVa: 1.062143325805664
Epoch: 9, AccTr: 0.8285714387893677, AccVa: 0.8666666746139526, CeTr: 0.30172619223594666, CeVa: 1.2837234735488892
Epoch: 10, AccTr: 0.8476190567016602, AccVa: 0.8444444537162781, CeTr: 0.25743988156318665, CeVa: 0.4723753333091736
Epoch: 11, AccTr: 0.8571428656578064, AccVa: 0.800000011920929, CeTr: 0.22848543524742126, CeVa: 1.1037601232528687
Epoch: 12, AccTr: 0.9142857193946838, AccVa: 0.8222222328186035, CeTr: 0.23519740998744965, CeVa: 0.8597091436386108
Epoch: 13, AccTr: 0.8952381014823914, AccVa: 0.8222222328186035, CeTr: 0.2988024353981018, CeVa: 1.1008410453796387
Epoch: 14, AccTr: 0.9047619104385376, AccVa: 0.8222222328186035, CeTr: 0.26910263299942017, CeVa: 0.5936509966850281
Epoch: 15, AccTr: 0.8190476298332214, AccVa: 0.7777777910232544, CeTr: 0.28333666920661926, CeVa: 1.4747403860092163
Epoch: 16, AccTr: 0.8571428656578064, AccVa: 0.800000011920929, CeTr: 0.24475717544555664, CeVa: 1.1587378978729248
Epoch: 17, AccTr: 0.9047619104385376, AccVa: 0.7777777910232544, CeTr: 0.2574407160282135, CeVa: 0.9221648573875427
Epoch: 18, AccTr: 0.9047619104385376, AccVa: 0.8444444537162781, CeTr: 0.2996101379394531, CeVa: 0.875726044178009
Epoch: 19, AccTr: 0.9238095283508301, AccVa: 0.8222222328186035, CeTr: 0.22135791182518005, CeVa: 0.8803626298904419
Epoch: 20, AccTr: 0.9142857193946838, AccVa: 0.8222222328186035, CeTr: 0.2552286386489868, CeVa: 0.7724236249923706
Epoch: 21, AccTr: 0.9238095283508301, AccVa: 0.7777777910232544, CeTr: 0.23905786871910095, CeVa: 1.0386565923690796
Epoch: 22, AccTr: 0.9047619104385376, AccVa: 0.8444444537162781, CeTr: 0.25026553869247437, CeVa: 1.170531153678894
Epoch: 23, AccTr: 0.8761904835700989, AccVa: 0.8666666746139526, CeTr: 0.22815126180648804, CeVa: 1.1817128658294678
Epoch: 24, AccTr: 0.9142857193946838, AccVa: 0.800000011920929, CeTr: 0.23281042277812958, CeVa: 1.0133204460144043
Epoch: 25, AccTr: 0.9047619104385376, AccVa: 0.8444444537162781, CeTr: 0.2397386133670807, CeVa: 0.9930779337882996
Epoch: 26, AccTr: 0.9238095283508301, AccVa: 0.8444444537162781, CeTr: 0.2105843871831894, CeVa: 0.6289438605308533
Epoch: 27, AccTr: 0.9238095283508301, AccVa: 0.8222222328186035, CeTr: 0.21859268844127655, CeVa: 1.0681766271591187
Epoch: 28, AccTr: 0.9142857193946838, AccVa: 0.8222222328186035, CeTr: 0.2400364875793457, CeVa: 1.4629069566726685
Epoch: 29, AccTr: 0.8380952477455139, AccVa: 0.8222222328186035, CeTr: 0.26463252305984497, CeVa: 0.9946016669273376
Epoch: 30, AccTr: 0.9047619104385376, AccVa: 0.8444444537162781, CeTr: 0.2932659089565277, CeVa: 0.574593186378479
Epoch: 31, AccTr: 0.8666666746139526, AccVa: 0.8444444537162781, CeTr: 0.2564355134963989, CeVa: 0.8828604817390442
Epoch: 32, AccTr: 0.9142857193946838, AccVa: 0.8222222328186035, CeTr: 0.2409709393978119, CeVa: 0.46890097856521606
Epoch: 33, AccTr: 0.8952381014823914, AccVa: 0.8666666746139526, CeTr: 0.2690724730491638, CeVa: 1.114634394645691
Epoch: 34, AccTr: 0.8666666746139526, AccVa: 0.8888888955116272, CeTr: 0.3111717104911804, CeVa: 0.5153175592422485
Epoch: 35, AccTr: 0.9238095283508301, AccVa: 0.8444444537162781, CeTr: 0.21469524502754211, CeVa: 0.4763179421424866
Epoch: 36, AccTr: 0.9047619104385376, AccVa: 0.8222222328186035, CeTr: 0.23971708118915558, CeVa: 1.5418975353240967
Epoch: 37, AccTr: 0.8666666746139526, AccVa: 0.8666666746139526, CeTr: 0.26117458939552307, CeVa: 0.6388646364212036
Epoch: 38, AccTr: 0.8761904835700989, AccVa: 0.8444444537162781, CeTr: 0.3135223984718323, CeVa: 0.8530241250991821
Epoch: 39, AccTr: 0.9047619104385376, AccVa: 0.8888888955116272, CeTr: 0.274676114320755, CeVa: 0.714900553226471
Epoch: 40, AccTr: 0.9142857193946838, AccVa: 0.8222222328186035, CeTr: 0.221793070435524, CeVa: 0.9589399695396423
Epoch: 41, AccTr: 0.8952381014823914, AccVa: 0.8444444537162781, CeTr: 0.2410959154367447, CeVa: 0.6881849765777588
Epoch: 42, AccTr: 0.9238095283508301, AccVa: 0.7777777910232544, CeTr: 0.2319798469543457, CeVa: 1.5045415163040161
Epoch: 43, AccTr: 0.9142857193946838, AccVa: 0.8444444537162781, CeTr: 0.23917056620121002, CeVa: 0.6712085008621216
Epoch: 44, AccTr: 0.8571428656578064, AccVa: 0.800000011920929, CeTr: 0.25588223338127136, CeVa: 1.2705813646316528
Epoch: 45, AccTr: 0.9142857193946838, AccVa: 0.8222222328186035, CeTr: 0.25679850578308105, CeVa: 0.6255648136138916
Epoch: 46, AccTr: 0.9142857193946838, AccVa: 0.8222222328186035, CeTr: 0.24042397737503052, CeVa: 0.7345779538154602
Epoch: 47, AccTr: 0.9047619104385376, AccVa: 0.8666666746139526, CeTr: 0.29953914880752563, CeVa: 0.9612554907798767
Epoch: 48, AccTr: 0.8761904835700989, AccVa: 0.8444444537162781, CeTr: 0.31623581051826477, CeVa: 0.9883031845092773
Epoch: 49, AccTr: 0.8857142925262451, AccVa: 0.8444444537162781, CeTr: 0.25692081451416016, CeVa: 0.587031900882721
Epoch: 50, AccTr: 0.8380952477455139, AccVa: 0.800000011920929, CeTr: 0.23899805545806885, CeVa: 0.9866949915885925
ENSEMBLE | Tr_Acc: 0.8380952477455139, Tr_CE: 0.23899805545806885, Va_Acc: 0.800000011920929, Va_CE: 0.9866949915885925
Epoch: 51, AccTr: 0.9142857193946838, AccVa: 0.800000011920929, CeTr: 0.2636318504810333, CeVa: 0.7524448037147522
Epoch: 52, AccTr: 0.8952381014823914, AccVa: 0.800000011920929, CeTr: 0.248915895819664, CeVa: 0.7674725651741028
Epoch: 53, AccTr: 0.8571428656578064, AccVa: 0.8666666746139526, CeTr: 0.2539104223251343, CeVa: 0.8886929154396057
Epoch: 54, AccTr: 0.8666666746139526, AccVa: 0.8444444537162781, CeTr: 0.2956142723560333, CeVa: 1.3364297151565552
Epoch: 55, AccTr: 0.9142857193946838, AccVa: 0.8666666746139526, CeTr: 0.24387560784816742, CeVa: 0.7517198324203491
ENSEMBLE | Tr_Acc: 0.9142857193946838, Tr_CE: 0.20182839035987854, Va_Acc: 0.8666666746139526, Va_CE: 0.7567265629768372
Epoch: 56, AccTr: 0.9047619104385376, AccVa: 0.8666666746139526, CeTr: 0.24010667204856873, CeVa: 0.7195987105369568
Epoch: 57, AccTr: 0.8952381014823914, AccVa: 0.800000011920929, CeTr: 0.24042576551437378, CeVa: 1.3333536386489868
Epoch: 58, AccTr: 0.8952381014823914, AccVa: 0.800000011920929, CeTr: 0.29747188091278076, CeVa: 0.8877917528152466
Epoch: 59, AccTr: 0.9047619104385376, AccVa: 0.800000011920929, CeTr: 0.22394169867038727, CeVa: 0.9408208131790161
Epoch: 60, AccTr: 0.9238095283508301, AccVa: 0.800000011920929, CeTr: 0.2200552076101303, CeVa: 1.2633639574050903
ENSEMBLE | Tr_Acc: 0.9238095283508301, Tr_CE: 0.18144597113132477, Va_Acc: 0.8222222328186035, Va_CE: 0.8205004930496216
Epoch: 61, AccTr: 0.8952381014823914, AccVa: 0.7777777910232544, CeTr: 0.26308509707450867, CeVa: 1.7665835618972778
Epoch: 62, AccTr: 0.9142857193946838, AccVa: 0.8444444537162781, CeTr: 0.2882208824157715, CeVa: 1.2933889627456665
Epoch: 63, AccTr: 0.9238095283508301, AccVa: 0.8444444537162781, CeTr: 0.25685378909111023, CeVa: 1.0501601696014404
Epoch: 64, AccTr: 0.8190476298332214, AccVa: 0.800000011920929, CeTr: 0.31291601061820984, CeVa: 1.170424461364746
Epoch: 65, AccTr: 0.8571428656578064, AccVa: 0.8666666746139526, CeTr: 0.32079145312309265, CeVa: 0.7903708815574646
ENSEMBLE | Tr_Acc: 0.9238095283508301, Tr_CE: 0.1801786571741104, Va_Acc: 0.8222222328186035, Va_CE: 0.7045896053314209
Epoch: 66, AccTr: 0.9047619104385376, AccVa: 0.7555555701255798, CeTr: 0.27107176184654236, CeVa: 1.2786792516708374
Epoch: 67, AccTr: 0.8380952477455139, AccVa: 0.7777777910232544, CeTr: 0.23529334366321564, CeVa: 0.8514918088912964
Epoch: 68, AccTr: 0.8952381014823914, AccVa: 0.8666666746139526, CeTr: 0.2834169268608093, CeVa: 0.4811478555202484
Epoch: 69, AccTr: 0.8952381014823914, AccVa: 0.8222222328186035, CeTr: 0.2823997139930725, CeVa: 0.9498330950737
Epoch: 70, AccTr: 0.9142857193946838, AccVa: 0.8222222328186035, CeTr: 0.252498984336853, CeVa: 0.9568945169448853
ENSEMBLE | Tr_Acc: 0.9142857193946838, Tr_CE: 0.1863071322441101, Va_Acc: 0.8444444537162781, Va_CE: 0.7254165410995483
Epoch: 71, AccTr: 0.9142857193946838, AccVa: 0.8444444537162781, CeTr: 0.23339197039604187, CeVa: 1.3092334270477295
Epoch: 72, AccTr: 0.9047619104385376, AccVa: 0.8444444537162781, CeTr: 0.26284852623939514, CeVa: 0.983133852481842
Epoch: 73, AccTr: 0.8666666746139526, AccVa: 0.8222222328186035, CeTr: 0.33837994933128357, CeVa: 0.912480354309082
Epoch: 74, AccTr: 0.9047619104385376, AccVa: 0.8666666746139526, CeTr: 0.22393500804901123, CeVa: 0.7908092141151428
Epoch: 75, AccTr: 0.8666666746139526, AccVa: 0.800000011920929, CeTr: 0.28358837962150574, CeVa: 1.2032157182693481
ENSEMBLE | Tr_Acc: 0.9142857193946838, Tr_CE: 0.18852712213993073, Va_Acc: 0.8222222328186035, Va_CE: 0.7293474078178406
Epoch: 76, AccTr: 0.8761904835700989, AccVa: 0.8444444537162781, CeTr: 0.25614967942237854, CeVa: 0.8459137082099915
Epoch: 77, AccTr: 0.9238095283508301, AccVa: 0.8222222328186035, CeTr: 0.22643329203128815, CeVa: 0.6577202081680298
Epoch: 78, AccTr: 0.9142857193946838, AccVa: 0.8444444537162781, CeTr: 0.27071818709373474, CeVa: 1.2720293998718262
Epoch: 79, AccTr: 0.8571428656578064, AccVa: 0.8444444537162781, CeTr: 0.2409796565771103, CeVa: 0.5438264012336731
Epoch: 80, AccTr: 0.8571428656578064, AccVa: 0.8222222328186035, CeTr: 0.312182754278183, CeVa: 0.7784777283668518
ENSEMBLE | Tr_Acc: 0.9238095283508301, Tr_CE: 0.18401159346103668, Va_Acc: 0.8444444537162781, Va_CE: 0.7016094923019409
Epoch: 81, AccTr: 0.9142857193946838, AccVa: 0.8444444537162781, CeTr: 0.2483244389295578, CeVa: 1.010772943496704
Epoch: 82, AccTr: 0.9238095283508301, AccVa: 0.8444444537162781, CeTr: 0.2372555285692215, CeVa: 1.295729637145996
Epoch: 83, AccTr: 0.8761904835700989, AccVa: 0.8222222328186035, CeTr: 0.27062326669692993, CeVa: 1.9604017734527588
Epoch: 84, AccTr: 0.9047619104385376, AccVa: 0.8444444537162781, CeTr: 0.23943135142326355, CeVa: 1.0381650924682617
Epoch: 85, AccTr: 0.8761904835700989, AccVa: 0.8222222328186035, CeTr: 0.30246156454086304, CeVa: 1.1313403844833374
ENSEMBLE | Tr_Acc: 0.9238095283508301, Tr_CE: 0.1850195974111557, Va_Acc: 0.8222222328186035, Va_CE: 0.7016923427581787
Epoch: 86, AccTr: 0.9142857193946838, AccVa: 0.8222222328186035, CeTr: 0.237099289894104, CeVa: 0.7203403115272522
Epoch: 87, AccTr: 0.9047619104385376, AccVa: 0.8888888955116272, CeTr: 0.2770393490791321, CeVa: 0.5542578101158142
Epoch: 88, AccTr: 0.9142857193946838, AccVa: 0.8222222328186035, CeTr: 0.2443975955247879, CeVa: 0.5902892351150513
Epoch: 89, AccTr: 0.9142857193946838, AccVa: 0.8444444537162781, CeTr: 0.25020283460617065, CeVa: 0.7281562685966492
Epoch: 90, AccTr: 0.9047619104385376, AccVa: 0.8666666746139526, CeTr: 0.2824629545211792, CeVa: 0.818691611289978
ENSEMBLE | Tr_Acc: 0.9238095283508301, Tr_CE: 0.1841680258512497, Va_Acc: 0.8444444537162781, Va_CE: 0.6810491681098938
Epoch: 91, AccTr: 0.9047619104385376, AccVa: 0.8666666746139526, CeTr: 0.2773042321205139, CeVa: 0.6622071862220764
Epoch: 92, AccTr: 0.9142857193946838, AccVa: 0.8444444537162781, CeTr: 0.23826922476291656, CeVa: 0.7712266445159912
Epoch: 93, AccTr: 0.9047619104385376, AccVa: 0.8444444537162781, CeTr: 0.23525288701057434, CeVa: 1.0843297243118286
Epoch: 94, AccTr: 0.8952381014823914, AccVa: 0.8444444537162781, CeTr: 0.27899280190467834, CeVa: 1.4043227434158325
Epoch: 95, AccTr: 0.9142857193946838, AccVa: 0.8222222328186035, CeTr: 0.26047569513320923, CeVa: 0.7618914246559143
ENSEMBLE | Tr_Acc: 0.9238095283508301, Tr_CE: 0.18462097644805908, Va_Acc: 0.8444444537162781, Va_CE: 0.6661056876182556
Epoch: 96, AccTr: 0.9047619104385376, AccVa: 0.8666666746139526, CeTr: 0.26495400071144104, CeVa: 0.47433343529701233
Epoch: 97, AccTr: 0.9047619104385376, AccVa: 0.8444444537162781, CeTr: 0.28378310799598694, CeVa: 0.7329373955726624
Epoch: 98, AccTr: 0.9238095283508301, AccVa: 0.8444444537162781, CeTr: 0.2352609783411026, CeVa: 0.6335405707359314
Epoch: 99, AccTr: 0.8952381014823914, AccVa: 0.8444444537162781, CeTr: 0.2839166224002838, CeVa: 1.2657983303070068
Epoch: 100, AccTr: 0.9238095283508301, AccVa: 0.8222222328186035, CeTr: 0.22140327095985413, CeVa: 0.7635727524757385
ENSEMBLE | Tr_Acc: 0.9238095283508301, Tr_CE: 0.1827421635389328, Va_Acc: 0.8444444537162781, Va_CE: 0.6705209612846375
Pretrained network accuracy: 1.0
NN CONFIG
Weight-type:		binary
Layout									Layer #1: 4	Layer #2: 50	Layer #3: 50	Layer #4: 3	
Activation Functions					Layer #1: bs	Layer #2: bs	
Keep probabilities		Layer #0: 1.0	Layer #1: 1.0	Layer #2: 1.0	
Flat factors							Layer #1: 1.0	Layer #2: 1.0	Layer #3: 1.0	
Activation Noise						Layer #1: 0.0	Layer #2: 0.0	Layer #3: 0.0	
Prior: 0.85

===================================

RUN CONFIG
Epochs: 100, Blocksize: 3

===================================

Epoch: 0, AccTr: 0.6761904954910278, AccVa: 0.6666666865348816, CeTr: 4.192473888397217, CeVa: 4.3423662185668945
Epoch: 1, AccTr: 0.8380952477455139, AccVa: 0.8666666746139526, CeTr: 0.2510104477405548, CeVa: 0.7683107256889343
Epoch: 2, AccTr: 0.8857142925262451, AccVa: 0.8222222328186035, CeTr: 0.27167633175849915, CeVa: 0.8079508543014526
Epoch: 3, AccTr: 0.8952381014823914, AccVa: 0.8666666746139526, CeTr: 0.2522387206554413, CeVa: 0.6345263123512268
Epoch: 4, AccTr: 0.9047619104385376, AccVa: 0.8444444537162781, CeTr: 0.22322264313697815, CeVa: 0.7768577337265015
Epoch: 5, AccTr: 0.8571428656578064, AccVa: 0.8222222328186035, CeTr: 0.23443496227264404, CeVa: 1.2344943284988403
Epoch: 6, AccTr: 0.8952381014823914, AccVa: 0.8444444537162781, CeTr: 0.28843599557876587, CeVa: 0.5675079226493835
Epoch: 7, AccTr: 0.9047619104385376, AccVa: 0.8222222328186035, CeTr: 0.22934836149215698, CeVa: 0.5393961071968079
Epoch: 8, AccTr: 0.9047619104385376, AccVa: 0.8222222328186035, CeTr: 0.23303522169589996, CeVa: 0.715724766254425
Epoch: 9, AccTr: 0.9142857193946838, AccVa: 0.8444444537162781, CeTr: 0.2692936062812805, CeVa: 0.7042862772941589
Epoch: 10, AccTr: 0.8761904835700989, AccVa: 0.8666666746139526, CeTr: 0.28369465470314026, CeVa: 1.01033353805542
Epoch: 11, AccTr: 0.8857142925262451, AccVa: 0.8222222328186035, CeTr: 0.25016289949417114, CeVa: 0.7871506810188293
Epoch: 12, AccTr: 0.9142857193946838, AccVa: 0.8444444537162781, CeTr: 0.23483532667160034, CeVa: 1.0829272270202637
Epoch: 13, AccTr: 0.8571428656578064, AccVa: 0.8444444537162781, CeTr: 0.3058810234069824, CeVa: 0.9629137516021729
Epoch: 14, AccTr: 0.8952381014823914, AccVa: 0.8222222328186035, CeTr: 0.30094099044799805, CeVa: 0.8290403485298157
Epoch: 15, AccTr: 0.8952381014823914, AccVa: 0.8444444537162781, CeTr: 0.24249278008937836, CeVa: 0.7676613926887512
Epoch: 16, AccTr: 0.8761904835700989, AccVa: 0.8444444537162781, CeTr: 0.25203147530555725, CeVa: 0.6097607016563416
Epoch: 17, AccTr: 0.9047619104385376, AccVa: 0.8444444537162781, CeTr: 0.24427326023578644, CeVa: 0.691993236541748
Epoch: 18, AccTr: 0.8571428656578064, AccVa: 0.800000011920929, CeTr: 0.351717472076416, CeVa: 0.9997102618217468
Epoch: 19, AccTr: 0.9142857193946838, AccVa: 0.8444444537162781, CeTr: 0.21657751500606537, CeVa: 0.942482054233551
Epoch: 20, AccTr: 0.8571428656578064, AccVa: 0.8444444537162781, CeTr: 0.2695821523666382, CeVa: 0.9600868821144104
Epoch: 21, AccTr: 0.8666666746139526, AccVa: 0.8222222328186035, CeTr: 0.26367926597595215, CeVa: 0.9506789445877075
Epoch: 22, AccTr: 0.9047619104385376, AccVa: 0.8222222328186035, CeTr: 0.24964173138141632, CeVa: 0.7940962314605713
Epoch: 23, AccTr: 0.8857142925262451, AccVa: 0.8444444537162781, CeTr: 0.2776547074317932, CeVa: 0.819365918636322
Epoch: 24, AccTr: 0.9142857193946838, AccVa: 0.8444444537162781, CeTr: 0.22001239657402039, CeVa: 0.5139102339744568
Epoch: 25, AccTr: 0.8952381014823914, AccVa: 0.8222222328186035, CeTr: 0.2874320149421692, CeVa: 0.9586207270622253
Epoch: 26, AccTr: 0.8857142925262451, AccVa: 0.8666666746139526, CeTr: 0.2586332857608795, CeVa: 0.5750564336776733
Epoch: 27, AccTr: 0.8761904835700989, AccVa: 0.8444444537162781, CeTr: 0.3328763544559479, CeVa: 0.6604287028312683
Epoch: 28, AccTr: 0.8857142925262451, AccVa: 0.8222222328186035, CeTr: 0.2946884036064148, CeVa: 0.603026807308197
Epoch: 29, AccTr: 0.9142857193946838, AccVa: 0.8444444537162781, CeTr: 0.22981807589530945, CeVa: 0.5302654504776001
Epoch: 30, AccTr: 0.8380952477455139, AccVa: 0.8444444537162781, CeTr: 0.26510679721832275, CeVa: 1.1343196630477905
Epoch: 31, AccTr: 0.8952381014823914, AccVa: 0.8444444537162781, CeTr: 0.24787217378616333, CeVa: 0.8172203898429871
Epoch: 32, AccTr: 0.8857142925262451, AccVa: 0.8444444537162781, CeTr: 0.3077870011329651, CeVa: 0.6028467416763306
Epoch: 33, AccTr: 0.9142857193946838, AccVa: 0.8444444537162781, CeTr: 0.22414597868919373, CeVa: 0.8560703992843628
Epoch: 34, AccTr: 0.9142857193946838, AccVa: 0.8444444537162781, CeTr: 0.20743122696876526, CeVa: 1.1938532590866089
Epoch: 35, AccTr: 0.8761904835700989, AccVa: 0.8222222328186035, CeTr: 0.26088863611221313, CeVa: 0.685145914554596
Epoch: 36, AccTr: 0.9142857193946838, AccVa: 0.8222222328186035, CeTr: 0.29000601172447205, CeVa: 0.8043763637542725
Epoch: 37, AccTr: 0.9142857193946838, AccVa: 0.8222222328186035, CeTr: 0.23984579741954803, CeVa: 1.2291417121887207
Epoch: 38, AccTr: 0.9047619104385376, AccVa: 0.8444444537162781, CeTr: 0.2557598054409027, CeVa: 0.6096042394638062
Epoch: 39, AccTr: 0.8476190567016602, AccVa: 0.8222222328186035, CeTr: 0.22057341039180756, CeVa: 0.7662228345870972
Epoch: 40, AccTr: 0.8952381014823914, AccVa: 0.8444444537162781, CeTr: 0.24263721704483032, CeVa: 0.6770681142807007
Epoch: 41, AccTr: 0.7904762029647827, AccVa: 0.6222222447395325, CeTr: 0.5800279974937439, CeVa: 1.601539969444275
Epoch: 42, AccTr: 0.8952381014823914, AccVa: 0.8444444537162781, CeTr: 0.29693031311035156, CeVa: 0.796897292137146
Epoch: 43, AccTr: 0.9142857193946838, AccVa: 0.8444444537162781, CeTr: 0.24350696802139282, CeVa: 0.7093293070793152
Epoch: 44, AccTr: 0.9142857193946838, AccVa: 0.8444444537162781, CeTr: 0.24433457851409912, CeVa: 0.5365191102027893
Epoch: 45, AccTr: 0.8857142925262451, AccVa: 0.8444444537162781, CeTr: 0.25564199686050415, CeVa: 0.5182307362556458
Epoch: 46, AccTr: 0.8952381014823914, AccVa: 0.8222222328186035, CeTr: 0.326293408870697, CeVa: 1.8545808792114258
Epoch: 47, AccTr: 0.9047619104385376, AccVa: 0.8222222328186035, CeTr: 0.22269701957702637, CeVa: 0.8627402186393738
Epoch: 48, AccTr: 0.8857142925262451, AccVa: 0.8444444537162781, CeTr: 0.22490030527114868, CeVa: 0.8013558983802795
Epoch: 49, AccTr: 0.9047619104385376, AccVa: 0.8222222328186035, CeTr: 0.2847951650619507, CeVa: 1.0176466703414917
Epoch: 50, AccTr: 0.8666666746139526, AccVa: 0.8666666746139526, CeTr: 0.2696206271648407, CeVa: 0.5187949538230896
ENSEMBLE | Tr_Acc: 0.8666666746139526, Tr_CE: 0.2696206271648407, Va_Acc: 0.8666666746139526, Va_CE: 0.5187949538230896
Epoch: 51, AccTr: 0.8952381014823914, AccVa: 0.8666666746139526, CeTr: 0.22289182245731354, CeVa: 0.5170267224311829
Epoch: 52, AccTr: 0.8190476298332214, AccVa: 0.8666666746139526, CeTr: 0.2475394606590271, CeVa: 0.5593363046646118
Epoch: 53, AccTr: 0.9142857193946838, AccVa: 0.8444444537162781, CeTr: 0.27224063873291016, CeVa: 0.9578274488449097
Epoch: 54, AccTr: 0.8380952477455139, AccVa: 0.8666666746139526, CeTr: 0.25117629766464233, CeVa: 0.4429910480976105
Epoch: 55, AccTr: 0.8857142925262451, AccVa: 0.800000011920929, CeTr: 0.2504315972328186, CeVa: 1.34452223777771
ENSEMBLE | Tr_Acc: 0.9142857193946838, Tr_CE: 0.19573020935058594, Va_Acc: 0.8222222328186035, Va_CE: 0.8777850866317749
Epoch: 56, AccTr: 0.9142857193946838, AccVa: 0.8444444537162781, CeTr: 0.24138648808002472, CeVa: 0.43604689836502075
Epoch: 57, AccTr: 0.9142857193946838, AccVa: 0.8444444537162781, CeTr: 0.21160106360912323, CeVa: 0.5814468264579773
Epoch: 58, AccTr: 0.9142857193946838, AccVa: 0.8444444537162781, CeTr: 0.22137245535850525, CeVa: 0.6780150532722473
Epoch: 59, AccTr: 0.9047619104385376, AccVa: 0.8444444537162781, CeTr: 0.22669677436351776, CeVa: 0.5094021558761597
Epoch: 60, AccTr: 0.9142857193946838, AccVa: 0.8444444537162781, CeTr: 0.2227301150560379, CeVa: 0.593455970287323
ENSEMBLE | Tr_Acc: 0.9142857193946838, Tr_CE: 0.18751882016658783, Va_Acc: 0.8444444537162781, Va_CE: 0.7354573011398315
Epoch: 61, AccTr: 0.9047619104385376, AccVa: 0.8444444537162781, CeTr: 0.22915281355381012, CeVa: 1.106186032295227
Epoch: 62, AccTr: 0.800000011920929, AccVa: 0.6666666865348816, CeTr: 0.3724440336227417, CeVa: 0.8245466351509094
Epoch: 63, AccTr: 0.9047619104385376, AccVa: 0.8444444537162781, CeTr: 0.2604046165943146, CeVa: 0.5460668206214905
Epoch: 64, AccTr: 0.9142857193946838, AccVa: 0.8444444537162781, CeTr: 0.2168630212545395, CeVa: 0.6821281909942627
Epoch: 65, AccTr: 0.9142857193946838, AccVa: 0.8444444537162781, CeTr: 0.2680545151233673, CeVa: 0.5648886561393738
ENSEMBLE | Tr_Acc: 0.9142857193946838, Tr_CE: 0.19388578832149506, Va_Acc: 0.8444444537162781, Va_CE: 0.6820021867752075
Epoch: 66, AccTr: 0.8666666746139526, AccVa: 0.8666666746139526, CeTr: 0.2576912045478821, CeVa: 0.5991210341453552
Epoch: 67, AccTr: 0.9047619104385376, AccVa: 0.8444444537162781, CeTr: 0.2227417677640915, CeVa: 0.6851113438606262
Epoch: 68, AccTr: 0.9047619104385376, AccVa: 0.8444444537162781, CeTr: 0.21384745836257935, CeVa: 0.931844174861908
Epoch: 69, AccTr: 0.8285714387893677, AccVa: 0.8888888955116272, CeTr: 0.2552289068698883, CeVa: 0.45009562373161316
Epoch: 70, AccTr: 0.8571428656578064, AccVa: 0.8666666746139526, CeTr: 0.22978734970092773, CeVa: 0.6205015778541565
ENSEMBLE | Tr_Acc: 0.9142857193946838, Tr_CE: 0.18787920475006104, Va_Acc: 0.8444444537162781, Va_CE: 0.6571646928787231
Epoch: 71, AccTr: 0.9047619104385376, AccVa: 0.800000011920929, CeTr: 0.23909543454647064, CeVa: 0.5940370559692383
Epoch: 72, AccTr: 0.9142857193946838, AccVa: 0.8444444537162781, CeTr: 0.23907628655433655, CeVa: 0.35320863127708435
Epoch: 73, AccTr: 0.8476190567016602, AccVa: 0.8444444537162781, CeTr: 0.2609526216983795, CeVa: 0.6775996088981628
Epoch: 74, AccTr: 0.9047619104385376, AccVa: 0.8444444537162781, CeTr: 0.23483289778232574, CeVa: 0.7536458373069763
Epoch: 75, AccTr: 0.9047619104385376, AccVa: 0.8444444537162781, CeTr: 0.27691298723220825, CeVa: 0.6741796135902405
ENSEMBLE | Tr_Acc: 0.9142857193946838, Tr_CE: 0.18646787106990814, Va_Acc: 0.8444444537162781, Va_CE: 0.6507148742675781
Epoch: 76, AccTr: 0.8857142925262451, AccVa: 0.8222222328186035, CeTr: 0.244526207447052, CeVa: 0.6145828366279602
Epoch: 77, AccTr: 0.8952381014823914, AccVa: 0.8222222328186035, CeTr: 0.27249547839164734, CeVa: 0.6198761463165283
Epoch: 78, AccTr: 0.8952381014823914, AccVa: 0.8666666746139526, CeTr: 0.24762386083602905, CeVa: 0.5422244668006897
Epoch: 79, AccTr: 0.9142857193946838, AccVa: 0.8444444537162781, CeTr: 0.21730507910251617, CeVa: 0.4230126738548279
Epoch: 80, AccTr: 0.8952381014823914, AccVa: 0.8666666746139526, CeTr: 0.2709013521671295, CeVa: 0.821963906288147
ENSEMBLE | Tr_Acc: 0.9047619104385376, Tr_CE: 0.1872103214263916, Va_Acc: 0.8444444537162781, Va_CE: 0.663835883140564
Epoch: 81, AccTr: 0.8761904835700989, AccVa: 0.800000011920929, CeTr: 0.2832691967487335, CeVa: 1.2902989387512207
Epoch: 82, AccTr: 0.8857142925262451, AccVa: 0.8444444537162781, CeTr: 0.25309833884239197, CeVa: 0.9082611799240112
Epoch: 83, AccTr: 0.9047619104385376, AccVa: 0.8222222328186035, CeTr: 0.2863115966320038, CeVa: 0.4934127926826477
Epoch: 84, AccTr: 0.8285714387893677, AccVa: 0.8888888955116272, CeTr: 0.29446908831596375, CeVa: 0.4202478528022766
Epoch: 85, AccTr: 0.8952381014823914, AccVa: 0.8222222328186035, CeTr: 0.23192539811134338, CeVa: 0.8741956949234009
ENSEMBLE | Tr_Acc: 0.9047619104385376, Tr_CE: 0.1878385990858078, Va_Acc: 0.8444444537162781, Va_CE: 0.6830876469612122
Epoch: 86, AccTr: 0.8571428656578064, AccVa: 0.8444444537162781, CeTr: 0.2656266391277313, CeVa: 0.7541512250900269
Epoch: 87, AccTr: 0.8857142925262451, AccVa: 0.8666666746139526, CeTr: 0.2484855055809021, CeVa: 0.4588388204574585
Epoch: 88, AccTr: 0.8952381014823914, AccVa: 0.8222222328186035, CeTr: 0.27578994631767273, CeVa: 0.712815523147583
Epoch: 89, AccTr: 0.9047619104385376, AccVa: 0.8222222328186035, CeTr: 0.2541915476322174, CeVa: 0.48533597588539124
Epoch: 90, AccTr: 0.9047619104385376, AccVa: 0.8444444537162781, CeTr: 0.23659870028495789, CeVa: 0.506229043006897
ENSEMBLE | Tr_Acc: 0.9142857193946838, Tr_CE: 0.18630483746528625, Va_Acc: 0.8444444537162781, Va_CE: 0.6575940251350403
Epoch: 91, AccTr: 0.9047619104385376, AccVa: 0.8444444537162781, CeTr: 0.2519253194332123, CeVa: 0.6770212650299072
Epoch: 92, AccTr: 0.8857142925262451, AccVa: 0.8444444537162781, CeTr: 0.2650519013404846, CeVa: 0.5128518342971802
Epoch: 93, AccTr: 0.9142857193946838, AccVa: 0.8444444537162781, CeTr: 0.21045568585395813, CeVa: 0.5827001333236694
Epoch: 94, AccTr: 0.9047619104385376, AccVa: 0.8666666746139526, CeTr: 0.24579662084579468, CeVa: 0.4834144711494446
Epoch: 95, AccTr: 0.9047619104385376, AccVa: 0.8444444537162781, CeTr: 0.25979432463645935, CeVa: 0.6541980504989624
ENSEMBLE | Tr_Acc: 0.9142857193946838, Tr_CE: 0.1828102171421051, Va_Acc: 0.8444444537162781, Va_CE: 0.6506924033164978
Epoch: 96, AccTr: 0.9142857193946838, AccVa: 0.8444444537162781, CeTr: 0.2169969081878662, CeVa: 0.9513722658157349
Epoch: 97, AccTr: 0.8952381014823914, AccVa: 0.8222222328186035, CeTr: 0.37601417303085327, CeVa: 1.395788311958313
Epoch: 98, AccTr: 0.8095238208770752, AccVa: 0.6888889074325562, CeTr: 0.45422956347465515, CeVa: 0.8837723731994629
Epoch: 99, AccTr: 0.9047619104385376, AccVa: 0.800000011920929, CeTr: 0.25681906938552856, CeVa: 0.5734847187995911
Epoch: 100, AccTr: 0.9047619104385376, AccVa: 0.8222222328186035, CeTr: 0.25421202182769775, CeVa: 0.6932768225669861
ENSEMBLE | Tr_Acc: 0.9142857193946838, Tr_CE: 0.18213512003421783, Va_Acc: 0.8444444537162781, Va_CE: 0.6477333307266235
Mod Accuracy || Mean: 0.8222222328186035	 Std: 0.0
Ens Accuracy || Mean: 0.8444444537162781	 Std: 0.0
Mod CE || Mean: 0.7284247875213623	 Std: 0.03514796495437622
Ens CE || Mean: 0.6591271162033081	 Std: 0.011393815279006958
