

config:

HOME=/clusterFS/home/student/kopp13
PATH=/clusterFS/home/student/kopp13/miniconda3/envs/tensorflow/bin:/clusterFS/home/student/kopp13/miniconda3/bin:/clusterFS/home/student/kopp13/bin:/usr/local/bin:/usr/bin:/bin:/usr/local/games:/usr/games
LD_LIBRARY_PATH=
THEANO_FLAGS=floatX=float32,gpuarray.preallocate=0.9,dnn.library_path=/usr/lib/x86_64-linux-gnu,cxx=clang++-3.8,device=cuda,base_compiledir=/tmp/tmp.3edjGgxq49
Pretrained network accuracy: 0.9809523820877075
NN CONFIG
Weight-type:		binary
Layout									Layer #1: 4	Layer #2: 5	Layer #3: 3	
Activation Functions					Layer #1: bs	
Keep probabilities		Layer #0: 1.0	Layer #1: 1.0	
Flat factors							Layer #1: 1.0	Layer #2: 1.0	
Activation Noise						Layer #1: 0.0	Layer #2: 0.0	
Prior: 0.9

===================================

RUN CONFIG
Epochs: 0, Blocksize: 2

===================================

Epoch: 0, AccTr: 0.8380952477455139, AccVa: 0.9333333373069763, CeTr: 0.43233755230903625, CeVa: 0.26412439346313477
Starting genetic algorithm
ga init pop len: 0
Generation: 0
TrAcc: 0.3366573750972748 +- 0.21404871344566345	TrCE: 2.172281265258789 +- 1.0980619192123413
VaAcc: 0.33443912863731384 +- 0.1939949095249176	Va_CE: 2.147362232208252 +- 0.9807186126708984
Ancestors: 0.0 +- 0.0
pop len 5000
Generation: 10
TrAcc: 0.8344783186912537 +- 0.07386219501495361	TrCE: 0.4045514762401581 +- 0.2420528680086136
VaAcc: 0.7237196564674377 +- 0.05789656192064285	Va_CE: 0.47082000970840454 +- 0.24225671589374542
Ancestors: 5.462399959564209 +- 0.8145058155059814
pop len 5000
ENSEMBLE | Tr_Acc: 0.8476190567016602, Tr_CE: 0.36280712485313416, Va_Acc: 0.7333333492279053, Va_CE: 0.4281828999519348
ENSEMBLE | Tr_Acc: 0.8476190567016602, Tr_CE: 0.36280712485313416, Va_Acc: 0.7333333492279053, Va_CE: 0.4281828999519348
Generation: 20
TrAcc: 0.8363144397735596 +- 0.06860001385211945	TrCE: 0.3967399001121521 +- 0.2111523449420929
VaAcc: 0.7250527739524841 +- 0.05323556065559387	Va_CE: 0.4616951644420624 +- 0.20328447222709656
Ancestors: 5.485799789428711 +- 0.7948613166809082
pop len 5000
ENSEMBLE | Tr_Acc: 0.8476190567016602, Tr_CE: 0.36280712485313416, Va_Acc: 0.7333333492279053, Va_CE: 0.4281828999519348
ENSEMBLE | Tr_Acc: 0.8476190567016602, Tr_CE: 0.36280712485313416, Va_Acc: 0.7333333492279053, Va_CE: 0.4281828999519348
current_layer 1
Generation: 30
TrAcc: 0.8353391885757446 +- 0.07172766327857971	TrCE: 0.3993645906448364 +- 0.2213038057088852
VaAcc: 0.7252042293548584 +- 0.05246489867568016	Va_CE: 0.4643617570400238 +- 0.222818523645401
Ancestors: 5.464200019836426 +- 0.7860867977142334
pop len 5000
ENSEMBLE | Tr_Acc: 0.8476190567016602, Tr_CE: 0.36280712485313416, Va_Acc: 0.7333333492279053, Va_CE: 0.4281828999519348
ENSEMBLE | Tr_Acc: 0.8476190567016602, Tr_CE: 0.36280709505081177, Va_Acc: 0.7333333492279053, Va_CE: 0.4281828999519348
Generation: 40
TrAcc: 0.8377127051353455 +- 0.06167994812130928	TrCE: 0.3912406861782074 +- 0.17306198179721832
VaAcc: 0.7259776592254639 +- 0.04922402277588844	Va_CE: 0.4570021629333496 +- 0.17387866973876953
Ancestors: 5.485199928283691 +- 0.804858922958374
pop len 5000
ENSEMBLE | Tr_Acc: 0.8476190567016602, Tr_CE: 0.36280709505081177, Va_Acc: 0.7333333492279053, Va_CE: 0.4281828999519348
ENSEMBLE | Tr_Acc: 0.8476190567016602, Tr_CE: 0.36280709505081177, Va_Acc: 0.7333333492279053, Va_CE: 0.4281828999519348
Generation: 50
TrAcc: 0.8335465788841248 +- 0.07994755357503891	TrCE: 0.40528377890586853 +- 0.25934237241744995
VaAcc: 0.7232479453086853 +- 0.06226595863699913	Va_CE: 0.4689676761627197 +- 0.24794842302799225
Ancestors: 5.480999946594238 +- 0.8102103471755981
pop len 5000
ENSEMBLE | Tr_Acc: 0.8476190567016602, Tr_CE: 0.36280709505081177, Va_Acc: 0.7333333492279053, Va_CE: 0.4281828999519348
ENSEMBLE | Tr_Acc: 0.8476190567016602, Tr_CE: 0.36280712485313416, Va_Acc: 0.7333333492279053, Va_CE: 0.4281828999519348
current_layer 0
Generation: 60
TrAcc: 0.8353315591812134 +- 0.07230348885059357	TrCE: 0.39679911732673645 +- 0.19840124249458313
VaAcc: 0.7244088649749756 +- 0.05560043826699257	Va_CE: 0.462130606174469 +- 0.19682392477989197
Ancestors: 5.480000019073486 +- 0.7942414283752441
pop len 5000
ENSEMBLE | Tr_Acc: 0.8476190567016602, Tr_CE: 0.36280712485313416, Va_Acc: 0.7333333492279053, Va_CE: 0.4281828999519348
ENSEMBLE | Tr_Acc: 0.8476190567016602, Tr_CE: 0.36280712485313416, Va_Acc: 0.7333333492279053, Va_CE: 0.4281828999519348
Generation: 70
TrAcc: 0.8383302688598633 +- 0.06367094069719315	TrCE: 0.39079993963241577 +- 0.19720935821533203
VaAcc: 0.7264219522476196 +- 0.05021626129746437	Va_CE: 0.4575957655906677 +- 0.202567920088768
Ancestors: 5.479400157928467 +- 0.8047097325325012
pop len 5000
ENSEMBLE | Tr_Acc: 0.8476190567016602, Tr_CE: 0.36280712485313416, Va_Acc: 0.7333333492279053, Va_CE: 0.4281828999519348
ENSEMBLE | Tr_Acc: 0.8476190567016602, Tr_CE: 0.36280712485313416, Va_Acc: 0.7333333492279053, Va_CE: 0.4281828999519348
Generation: 80
TrAcc: 0.8364156484603882 +- 0.0686516985297203	TrCE: 0.39781802892684937 +- 0.23111167550086975
VaAcc: 0.7250797152519226 +- 0.054243844002485275	Va_CE: 0.4642365276813507 +- 0.23016305267810822
Ancestors: 5.475200176239014 +- 0.8112854957580566
pop len 5000
ENSEMBLE | Tr_Acc: 0.8476190567016602, Tr_CE: 0.36280712485313416, Va_Acc: 0.7333333492279053, Va_CE: 0.4281829297542572
ENSEMBLE | Tr_Acc: 0.8476190567016602, Tr_CE: 0.36280712485313416, Va_Acc: 0.7333333492279053, Va_CE: 0.4281829297542572
current_layer 1
Generation: 90
TrAcc: 0.8342896699905396 +- 0.07569156587123871	TrCE: 0.4006870687007904 +- 0.22121956944465637
VaAcc: 0.7234750390052795 +- 0.05843145400285721	Va_CE: 0.4666535258293152 +- 0.22149208188056946
Ancestors: 5.472400188446045 +- 0.8037543296813965
pop len 5000
ENSEMBLE | Tr_Acc: 0.8476190567016602, Tr_CE: 0.36280712485313416, Va_Acc: 0.7333333492279053, Va_CE: 0.4281829297542572
ENSEMBLE | Tr_Acc: 0.8476190567016602, Tr_CE: 0.36280709505081177, Va_Acc: 0.7333333492279053, Va_CE: 0.4281828999519348
Generation: 100
TrAcc: 0.8348627090454102 +- 0.07374852895736694	TrCE: 0.40103504061698914 +- 0.23055322468280792
VaAcc: 0.7233551740646362 +- 0.05834224820137024	Va_CE: 0.46798253059387207 +- 0.2320881187915802
Ancestors: 5.488800048828125 +- 0.8140483498573303
pop len 5000
ENSEMBLE | Tr_Acc: 0.8476190567016602, Tr_CE: 0.36280709505081177, Va_Acc: 0.7333333492279053, Va_CE: 0.4281828999519348
ENSEMBLE | Tr_Acc: 0.8476190567016602, Tr_CE: 0.36280709505081177, Va_Acc: 0.7333333492279053, Va_CE: 0.4281828999519348
Generation: 110
TrAcc: 0.8371074199676514 +- 0.06572681665420532	TrCE: 0.39325565099716187 +- 0.19282880425453186
VaAcc: 0.7259020209312439 +- 0.05138150230050087	Va_CE: 0.45840689539909363 +- 0.18579590320587158
Ancestors: 5.4893999099731445 +- 0.8078944087028503
pop len 5000
ENSEMBLE | Tr_Acc: 0.8476190567016602, Tr_CE: 0.36280709505081177, Va_Acc: 0.7333333492279053, Va_CE: 0.4281828999519348
ENSEMBLE | Tr_Acc: 0.8476190567016602, Tr_CE: 0.36280712485313416, Va_Acc: 0.7333333492279053, Va_CE: 0.428182989358902
current_layer 0
Generation: 120
TrAcc: 0.8369622230529785 +- 0.06812375783920288	TrCE: 0.3942602872848511 +- 0.20631703734397888
VaAcc: 0.7253196239471436 +- 0.054419465363025665	Va_CE: 0.4600810408592224 +- 0.20705589652061462
Ancestors: 5.48199987411499 +- 0.7985497713088989
pop len 5000
ENSEMBLE | Tr_Acc: 0.8476190567016602, Tr_CE: 0.36280712485313416, Va_Acc: 0.7333333492279053, Va_CE: 0.428182989358902
ENSEMBLE | Tr_Acc: 0.8476190567016602, Tr_CE: 0.36280712485313416, Va_Acc: 0.7333333492279053, Va_CE: 0.428182989358902
