

config:

HOME=/clusterFS/home/student/kopp13
PATH=/clusterFS/home/student/kopp13/miniconda3/envs/tensorflow/bin:/clusterFS/home/student/kopp13/miniconda3/bin:/clusterFS/home/student/kopp13/bin:/usr/local/bin:/usr/bin:/bin:/usr/local/games:/usr/games
LD_LIBRARY_PATH=
THEANO_FLAGS=floatX=float32,gpuarray.preallocate=0.9,dnn.library_path=/usr/lib/x86_64-linux-gnu,cxx=clang++-3.8,device=cuda,base_compiledir=/tmp/tmp.eYwIwtmZYo
Pretrained network accuracy: 0.9904761910438538
NN CONFIG
Weight-type:		binary
Layout									Layer #1: 4	Layer #2: 5	Layer #3: 3	
Activation Functions					Layer #1: bs	
Keep probabilities		Layer #0: 1.0	Layer #1: 1.0	
Flat factors							Layer #1: 1.0	Layer #2: 1.0	
Activation Noise						Layer #1: 0.0	Layer #2: 0.0	
Prior: 0.9

===================================

RUN CONFIG
Epochs: 0, Blocksize: 2

===================================

Epoch: 0, AccTr: 0.7142857313156128, AccVa: 0.5111111402511597, CeTr: 0.4741937816143036, CeVa: 0.8320870995521545
Starting genetic algorithm
ga init pop len: 0
Generation: 0
TrAcc: 0.378872275352478 +- 0.1865338534116745	TrCE: 2.1366968154907227 +- 1.0142289400100708
VaAcc: 0.4016876220703125 +- 0.20337781310081482	Va_CE: 1.885063886642456 +- 1.0532104969024658
Ancestors: 0.0 +- 0.0
pop len 5000
Generation: 10
TrAcc: 0.8190470337867737 +- 0.0016329813515767455	TrCE: 0.3712049424648285 +- 0.007059920579195023
VaAcc: 0.8221911191940308 +- 0.0037968915421515703	Va_CE: 0.607367992401123 +- 0.012241273187100887
Ancestors: 4.931000232696533 +- 0.2573688328266144
pop len 5000
ENSEMBLE | Tr_Acc: 0.8190476298332214, Tr_CE: 0.37107419967651367, Va_Acc: 0.8222222328186035, Va_CE: 0.6072008013725281
ENSEMBLE | Tr_Acc: 0.8190476298332214, Tr_CE: 0.37107419967651367, Va_Acc: 0.8222222328186035, Va_CE: 0.6072008013725281
Generation: 20
TrAcc: 0.8190813064575195 +- 0.00013837165897712111	TrCE: 0.3711216449737549 +- 0.0017308506648987532
VaAcc: 0.8222533464431763 +- 3.1114515877561644e-05	Va_CE: 0.6071174144744873 +- 0.0032569642644375563
Ancestors: 4.930200099945068 +- 0.2587069571018219
pop len 5000
ENSEMBLE | Tr_Acc: 0.8190476298332214, Tr_CE: 0.37107419967651367, Va_Acc: 0.8222222328186035, Va_CE: 0.6072008013725281
ENSEMBLE | Tr_Acc: 0.8190476298332214, Tr_CE: 0.37107419967651367, Va_Acc: 0.8222222328186035, Va_CE: 0.6072008013725281
current_layer 1
Generation: 30
TrAcc: 0.7693660259246826 +- 0.07327733188867569	TrCE: 0.5368168950080872 +- 0.19775621592998505
VaAcc: 0.7258136868476868 +- 0.1311531960964203	Va_CE: 0.7211704850196838 +- 0.3009158670902252
Ancestors: 4.930200099945068 +- 0.2587083876132965
pop len 5000
ENSEMBLE | Tr_Acc: 0.8190476298332214, Tr_CE: 0.37107419967651367, Va_Acc: 0.8222222328186035, Va_CE: 0.6072008013725281
ENSEMBLE | Tr_Acc: 0.8190476298332214, Tr_CE: 0.37107419967651367, Va_Acc: 0.8222222328186035, Va_CE: 0.6072008609771729
Generation: 40
TrAcc: 0.8190813064575195 +- 0.00013837178994435817	TrCE: 0.37111181020736694 +- 0.0013397310394793749
VaAcc: 0.8222533464431763 +- 3.1114515877561644e-05	Va_CE: 0.6071504354476929 +- 0.0022672952618449926
Ancestors: 5.735400199890137 +- 0.46966663002967834
pop len 5000
ENSEMBLE | Tr_Acc: 0.8190476298332214, Tr_CE: 0.37107419967651367, Va_Acc: 0.8222222328186035, Va_CE: 0.6072008609771729
ENSEMBLE | Tr_Acc: 0.8190476298332214, Tr_CE: 0.37107419967651367, Va_Acc: 0.8222222328186035, Va_CE: 0.6072008609771729
Generation: 50
TrAcc: 0.8190813064575195 +- 0.00013837184815201908	TrCE: 0.37110450863838196 +- 0.001236368902027607
VaAcc: 0.8222533464431763 +- 3.1114515877561644e-05	Va_CE: 0.6071505546569824 +- 0.0022672873456031084
Ancestors: 5.737599849700928 +- 0.47743481397628784
pop len 5000
ENSEMBLE | Tr_Acc: 0.8190476298332214, Tr_CE: 0.37107419967651367, Va_Acc: 0.8222222328186035, Va_CE: 0.6072008609771729
ENSEMBLE | Tr_Acc: 0.8190476298332214, Tr_CE: 0.3710741698741913, Va_Acc: 0.8222222328186035, Va_CE: 0.6072008609771729
current_layer 0
Generation: 60
TrAcc: 0.7326146364212036 +- 0.09775978326797485	TrCE: 0.6279647350311279 +- 0.3030269145965576
VaAcc: 0.7270810008049011 +- 0.13662922382354736	Va_CE: 0.8290621042251587 +- 0.4018705487251282
Ancestors: 5.741600036621094 +- 0.46822139620780945
pop len 5000
ENSEMBLE | Tr_Acc: 0.8190476298332214, Tr_CE: 0.37107419967651367, Va_Acc: 0.8222222328186035, Va_CE: 0.6072008609771729
ENSEMBLE | Tr_Acc: 0.8190476298332214, Tr_CE: 0.37107419967651367, Va_Acc: 0.8222222328186035, Va_CE: 0.6072008609771729
Generation: 70
TrAcc: 0.81886225938797 +- 0.0036969969514757395	TrCE: 0.37158358097076416 +- 0.005394663196057081
VaAcc: 0.8220799565315247 +- 0.0030257722828537226	Va_CE: 0.6074036359786987 +- 0.00552397221326828
Ancestors: 6.645400047302246 +- 0.531086802482605
pop len 5000
ENSEMBLE | Tr_Acc: 0.8190476298332214, Tr_CE: 0.37107419967651367, Va_Acc: 0.8222222328186035, Va_CE: 0.6072008609771729
ENSEMBLE | Tr_Acc: 0.8190476298332214, Tr_CE: 0.37107419967651367, Va_Acc: 0.8222222328186035, Va_CE: 0.6072008609771729
Generation: 80
TrAcc: 0.818793773651123 +- 0.004030704963952303	TrCE: 0.371579647064209 +- 0.005592178553342819
VaAcc: 0.8220310807228088 +- 0.0031350438948720694	Va_CE: 0.6073840856552124 +- 0.0041081709787249565
Ancestors: 6.645599842071533 +- 0.5355406999588013
pop len 5000
ENSEMBLE | Tr_Acc: 0.8190476298332214, Tr_CE: 0.37107419967651367, Va_Acc: 0.8222222328186035, Va_CE: 0.6072008609771729
ENSEMBLE | Tr_Acc: 0.8190476298332214, Tr_CE: 0.37107419967651367, Va_Acc: 0.8222222328186035, Va_CE: 0.6072008609771729
current_layer 1
Generation: 90
TrAcc: 0.7673550248146057 +- 0.07359509915113449	TrCE: 0.5412201285362244 +- 0.19401387870311737
VaAcc: 0.7231255769729614 +- 0.13167674839496613	Va_CE: 0.7253775000572205 +- 0.3002360165119171
Ancestors: 6.658599853515625 +- 0.5257894396781921
pop len 5000
ENSEMBLE | Tr_Acc: 0.8190476298332214, Tr_CE: 0.37107419967651367, Va_Acc: 0.8222222328186035, Va_CE: 0.6072008609771729
ENSEMBLE | Tr_Acc: 0.8190476298332214, Tr_CE: 0.37107419967651367, Va_Acc: 0.8222222328186035, Va_CE: 0.6072008609771729
Generation: 100
TrAcc: 0.8190793991088867 +- 3.176875179633498e-05	TrCE: 0.37108704447746277 +- 1.2845233868574724e-05
VaAcc: 0.8222533464431763 +- 3.1114515877561644e-05	Va_CE: 0.6071825623512268 +- 1.8238688426208682e-05
Ancestors: 7.473199844360352 +- 0.6409837603569031
pop len 5000
ENSEMBLE | Tr_Acc: 0.8190476298332214, Tr_CE: 0.37107419967651367, Va_Acc: 0.8222222328186035, Va_CE: 0.6072008609771729
ENSEMBLE | Tr_Acc: 0.8190476298332214, Tr_CE: 0.37107419967651367, Va_Acc: 0.8222222328186035, Va_CE: 0.6072008609771729
Generation: 110
TrAcc: 0.8190298676490784 +- 0.002505006268620491	TrCE: 0.3711583912372589 +- 0.003408854827284813
VaAcc: 0.8221777081489563 +- 0.004273868631571531	Va_CE: 0.6072196364402771 +- 0.0032962490804493427
Ancestors: 7.49560022354126 +- 0.6327443718910217
pop len 5000
ENSEMBLE | Tr_Acc: 0.8190476298332214, Tr_CE: 0.37107419967651367, Va_Acc: 0.8222222328186035, Va_CE: 0.6072008609771729
ENSEMBLE | Tr_Acc: 0.8190476298332214, Tr_CE: 0.37107422947883606, Va_Acc: 0.8222222328186035, Va_CE: 0.6072009801864624
current_layer 0
Generation: 120
TrAcc: 0.7322705388069153 +- 0.09665490686893463	TrCE: 0.631043016910553 +- 0.2928406000137329
VaAcc: 0.7260581851005554 +- 0.13658301532268524	Va_CE: 0.8342477679252625 +- 0.39642757177352905
Ancestors: 7.491600036621094 +- 0.6436818242073059
pop len 5000
ENSEMBLE | Tr_Acc: 0.8190476298332214, Tr_CE: 0.37107422947883606, Va_Acc: 0.8222222328186035, Va_CE: 0.6072009801864624
ENSEMBLE | Tr_Acc: 0.8190476298332214, Tr_CE: 0.37107419967651367, Va_Acc: 0.8222222328186035, Va_CE: 0.6072009801864624
