

config:

HOME=/clusterFS/home/student/kopp13
PATH=/clusterFS/home/student/kopp13/miniconda3/envs/tensorflow/bin:/clusterFS/home/student/kopp13/miniconda3/bin:/clusterFS/home/student/kopp13/bin:/usr/local/bin:/usr/bin:/bin:/usr/local/games:/usr/games
LD_LIBRARY_PATH=
THEANO_FLAGS=floatX=float32,gpuarray.preallocate=0.9,dnn.library_path=/usr/lib/x86_64-linux-gnu,cxx=clang++-3.8,device=cuda,base_compiledir=/tmp/tmp.I6sJmFqYKJ
Pretrained network accuracy: 1.0
NN CONFIG
Weight-type:		binary
Layout									Layer #1: 4	Layer #2: 150	Layer #3: 150	Layer #4: 3	
Activation Functions					Layer #1: bs	Layer #2: bs	
Keep probabilities		Layer #0: 1.0	Layer #1: 1.0	Layer #2: 1.0	
Flat factors							Layer #1: 1.0	Layer #2: 1.0	Layer #3: 1.0	
Activation Noise						Layer #1: 0.0	Layer #2: 0.0	Layer #3: 0.0	
Prior: 0.85

===================================

RUN CONFIG
Epochs: 100, Blocksize: 3

===================================

Epoch: 0, AccTr: 0.8380952477455139, AccVa: 0.6888889074325562, CeTr: 2.727550506591797, CeVa: 5.915242671966553
Epoch: 1, AccTr: 0.9333333373069763, AccVa: 0.7111111283302307, CeTr: 0.16941992938518524, CeVa: 3.5291099548339844
Epoch: 2, AccTr: 0.8857142925262451, AccVa: 0.7111111283302307, CeTr: 0.2007804811000824, CeVa: 2.3029024600982666
Epoch: 3, AccTr: 0.9428571462631226, AccVa: 0.7777777910232544, CeTr: 0.17827290296554565, CeVa: 1.4402945041656494
Epoch: 4, AccTr: 0.9047619104385376, AccVa: 0.7555555701255798, CeTr: 0.23349814116954803, CeVa: 3.2595832347869873
Epoch: 5, AccTr: 0.9238095283508301, AccVa: 0.7555555701255798, CeTr: 0.22558122873306274, CeVa: 2.2160143852233887
Epoch: 6, AccTr: 0.9428571462631226, AccVa: 0.7333333492279053, CeTr: 0.1796409636735916, CeVa: 3.4356729984283447
Epoch: 7, AccTr: 0.9333333373069763, AccVa: 0.7555555701255798, CeTr: 0.20820395648479462, CeVa: 2.5397980213165283
Epoch: 8, AccTr: 0.9238095283508301, AccVa: 0.7777777910232544, CeTr: 0.27040451765060425, CeVa: 2.572005271911621
Epoch: 9, AccTr: 0.9333333373069763, AccVa: 0.7111111283302307, CeTr: 0.1812777817249298, CeVa: 2.4820547103881836
Epoch: 10, AccTr: 0.9238095283508301, AccVa: 0.7555555701255798, CeTr: 0.18278564512729645, CeVa: 2.5827810764312744
Epoch: 11, AccTr: 0.9142857193946838, AccVa: 0.7333333492279053, CeTr: 0.26620087027549744, CeVa: 2.1912920475006104
Epoch: 12, AccTr: 0.8952381014823914, AccVa: 0.7333333492279053, CeTr: 0.19760596752166748, CeVa: 1.8929635286331177
Epoch: 13, AccTr: 0.9238095283508301, AccVa: 0.7555555701255798, CeTr: 0.1878669261932373, CeVa: 2.544731378555298
Epoch: 14, AccTr: 0.8761904835700989, AccVa: 0.7333333492279053, CeTr: 0.20267513394355774, CeVa: 3.2915587425231934
Epoch: 15, AccTr: 0.8857142925262451, AccVa: 0.7333333492279053, CeTr: 0.18282611668109894, CeVa: 2.558504343032837
Epoch: 16, AccTr: 0.9333333373069763, AccVa: 0.7111111283302307, CeTr: 0.1938975751399994, CeVa: 2.4926106929779053
Epoch: 17, AccTr: 0.9428571462631226, AccVa: 0.7555555701255798, CeTr: 0.18562792241573334, CeVa: 1.70772385597229
Epoch: 18, AccTr: 0.9333333373069763, AccVa: 0.7555555701255798, CeTr: 0.2414071410894394, CeVa: 1.9693243503570557
Epoch: 19, AccTr: 0.8952381014823914, AccVa: 0.7333333492279053, CeTr: 0.1760266125202179, CeVa: 2.8161983489990234
Epoch: 20, AccTr: 0.9428571462631226, AccVa: 0.7333333492279053, CeTr: 0.17520956695079803, CeVa: 2.905101776123047
Epoch: 21, AccTr: 0.9238095283508301, AccVa: 0.800000011920929, CeTr: 0.17667610943317413, CeVa: 1.5221959352493286
Epoch: 22, AccTr: 0.9428571462631226, AccVa: 0.7555555701255798, CeTr: 0.16878071427345276, CeVa: 3.8368024826049805
Epoch: 23, AccTr: 0.9333333373069763, AccVa: 0.7111111283302307, CeTr: 0.21964772045612335, CeVa: 1.6266471147537231
Epoch: 24, AccTr: 0.9333333373069763, AccVa: 0.7777777910232544, CeTr: 0.209176167845726, CeVa: 2.60791015625
Epoch: 25, AccTr: 0.9333333373069763, AccVa: 0.7555555701255798, CeTr: 0.21274200081825256, CeVa: 3.2783243656158447
Epoch: 26, AccTr: 0.9428571462631226, AccVa: 0.7777777910232544, CeTr: 0.17408855259418488, CeVa: 2.5906200408935547
Epoch: 27, AccTr: 0.9333333373069763, AccVa: 0.7111111283302307, CeTr: 0.17759305238723755, CeVa: 2.974339723587036
Epoch: 28, AccTr: 0.8952381014823914, AccVa: 0.7555555701255798, CeTr: 0.1788511425256729, CeVa: 2.722928762435913
Epoch: 29, AccTr: 0.9428571462631226, AccVa: 0.7333333492279053, CeTr: 0.17135953903198242, CeVa: 2.662118673324585
Epoch: 30, AccTr: 0.9428571462631226, AccVa: 0.7555555701255798, CeTr: 0.1917627453804016, CeVa: 3.5397393703460693
Epoch: 31, AccTr: 0.9428571462631226, AccVa: 0.7555555701255798, CeTr: 0.1883300095796585, CeVa: 3.3773295879364014
Epoch: 32, AccTr: 0.9142857193946838, AccVa: 0.7555555701255798, CeTr: 0.30786678194999695, CeVa: 3.2163705825805664
Epoch: 33, AccTr: 0.9428571462631226, AccVa: 0.7555555701255798, CeTr: 0.16564615070819855, CeVa: 1.6075135469436646
Epoch: 34, AccTr: 0.9428571462631226, AccVa: 0.7333333492279053, CeTr: 0.1623677760362625, CeVa: 2.492037057876587
Epoch: 35, AccTr: 0.9142857193946838, AccVa: 0.7111111283302307, CeTr: 0.24051149189472198, CeVa: 3.3508734703063965
Epoch: 36, AccTr: 0.9428571462631226, AccVa: 0.7333333492279053, CeTr: 0.2034388929605484, CeVa: 2.2247002124786377
Epoch: 37, AccTr: 0.9142857193946838, AccVa: 0.7777777910232544, CeTr: 0.18828201293945312, CeVa: 1.934361457824707
Epoch: 38, AccTr: 0.9428571462631226, AccVa: 0.7333333492279053, CeTr: 0.17069114744663239, CeVa: 2.432016611099243
Epoch: 39, AccTr: 0.9428571462631226, AccVa: 0.7333333492279053, CeTr: 0.17119024693965912, CeVa: 1.7741034030914307
Epoch: 40, AccTr: 0.9333333373069763, AccVa: 0.7777777910232544, CeTr: 0.19542385637760162, CeVa: 1.982802152633667
Epoch: 41, AccTr: 0.8857142925262451, AccVa: 0.7111111283302307, CeTr: 0.17943830788135529, CeVa: 2.466076374053955
Epoch: 42, AccTr: 0.9142857193946838, AccVa: 0.800000011920929, CeTr: 0.18494631350040436, CeVa: 2.486328125
Epoch: 43, AccTr: 0.9238095283508301, AccVa: 0.7333333492279053, CeTr: 0.21597807109355927, CeVa: 2.096708059310913
Epoch: 44, AccTr: 0.9428571462631226, AccVa: 0.7555555701255798, CeTr: 0.16510562598705292, CeVa: 2.3592655658721924
Epoch: 45, AccTr: 0.9428571462631226, AccVa: 0.7333333492279053, CeTr: 0.17356668412685394, CeVa: 3.8979482650756836
Epoch: 46, AccTr: 0.8857142925262451, AccVa: 0.7333333492279053, CeTr: 0.25557735562324524, CeVa: 3.018751621246338
Epoch: 47, AccTr: 0.9142857193946838, AccVa: 0.7555555701255798, CeTr: 0.2198186069726944, CeVa: 2.366326093673706
Epoch: 48, AccTr: 0.9333333373069763, AccVa: 0.7333333492279053, CeTr: 0.19816550612449646, CeVa: 2.6832120418548584
Epoch: 49, AccTr: 0.8857142925262451, AccVa: 0.7777777910232544, CeTr: 0.19088341295719147, CeVa: 1.644071102142334
Epoch: 50, AccTr: 0.8761904835700989, AccVa: 0.7555555701255798, CeTr: 0.19465671479701996, CeVa: 1.6393805742263794
ENSEMBLE | Tr_Acc: 0.8761904835700989, Tr_CE: 0.19465671479701996, Va_Acc: 0.7555555701255798, Va_CE: 1.6393805742263794
Epoch: 51, AccTr: 0.9142857193946838, AccVa: 0.7333333492279053, CeTr: 0.22310636937618256, CeVa: 2.0802876949310303
Epoch: 52, AccTr: 0.9428571462631226, AccVa: 0.7111111283302307, CeTr: 0.17440204322338104, CeVa: 2.80073881149292
Epoch: 53, AccTr: 0.8952381014823914, AccVa: 0.7333333492279053, CeTr: 0.18512457609176636, CeVa: 2.906059741973877
Epoch: 54, AccTr: 0.9238095283508301, AccVa: 0.7333333492279053, CeTr: 0.27887827157974243, CeVa: 2.3038415908813477
Epoch: 55, AccTr: 0.9428571462631226, AccVa: 0.7777777910232544, CeTr: 0.17115271091461182, CeVa: 1.8542479276657104
ENSEMBLE | Tr_Acc: 0.9428571462631226, Tr_CE: 0.16051895916461945, Va_Acc: 0.7555555701255798, Va_CE: 1.5335469245910645
Epoch: 56, AccTr: 0.9333333373069763, AccVa: 0.7555555701255798, CeTr: 0.2139272540807724, CeVa: 3.3897345066070557
Epoch: 57, AccTr: 0.9428571462631226, AccVa: 0.7777777910232544, CeTr: 0.17886997759342194, CeVa: 2.406388998031616
Epoch: 58, AccTr: 0.9428571462631226, AccVa: 0.7333333492279053, CeTr: 0.17419326305389404, CeVa: 3.8425943851470947
Epoch: 59, AccTr: 0.8952381014823914, AccVa: 0.7111111283302307, CeTr: 0.19031304121017456, CeVa: 1.9194064140319824
Epoch: 60, AccTr: 0.8761904835700989, AccVa: 0.7333333492279053, CeTr: 0.29439201951026917, CeVa: 1.854421854019165
ENSEMBLE | Tr_Acc: 0.9333333373069763, Tr_CE: 0.15943986177444458, Va_Acc: 0.7333333492279053, Va_CE: 1.4842349290847778
Epoch: 61, AccTr: 0.8952381014823914, AccVa: 0.7555555701255798, CeTr: 0.16843116283416748, CeVa: 1.9536298513412476
Epoch: 62, AccTr: 0.9428571462631226, AccVa: 0.7555555701255798, CeTr: 0.17226359248161316, CeVa: 2.6086413860321045
Epoch: 63, AccTr: 0.8952381014823914, AccVa: 0.7555555701255798, CeTr: 0.1905565708875656, CeVa: 2.824437379837036
Epoch: 64, AccTr: 0.9428571462631226, AccVa: 0.7777777910232544, CeTr: 0.20001782476902008, CeVa: 3.7216670513153076
Epoch: 65, AccTr: 0.9428571462631226, AccVa: 0.7555555701255798, CeTr: 0.2243369221687317, CeVa: 3.8758952617645264
ENSEMBLE | Tr_Acc: 0.9428571462631226, Tr_CE: 0.1624300479888916, Va_Acc: 0.7333333492279053, Va_CE: 1.954066514968872
Epoch: 66, AccTr: 0.9333333373069763, AccVa: 0.7555555701255798, CeTr: 0.1990669220685959, CeVa: 2.1821210384368896
Epoch: 67, AccTr: 0.9333333373069763, AccVa: 0.7333333492279053, CeTr: 0.19607287645339966, CeVa: 1.800661563873291
Epoch: 68, AccTr: 0.9238095283508301, AccVa: 0.7555555701255798, CeTr: 0.17950081825256348, CeVa: 2.9479525089263916
Epoch: 69, AccTr: 0.9238095283508301, AccVa: 0.800000011920929, CeTr: 0.1762499362230301, CeVa: 2.7410590648651123
Epoch: 70, AccTr: 0.9142857193946838, AccVa: 0.7111111283302307, CeTr: 0.2667374908924103, CeVa: 3.251664876937866
ENSEMBLE | Tr_Acc: 0.9428571462631226, Tr_CE: 0.17031680047512054, Va_Acc: 0.7333333492279053, Va_CE: 2.1866984367370605
Epoch: 71, AccTr: 0.9428571462631226, AccVa: 0.7555555701255798, CeTr: 0.16511750221252441, CeVa: 2.093830108642578
Epoch: 72, AccTr: 0.9428571462631226, AccVa: 0.7333333492279053, CeTr: 0.19728891551494598, CeVa: 2.325435161590576
Epoch: 73, AccTr: 0.9428571462631226, AccVa: 0.7555555701255798, CeTr: 0.1649879515171051, CeVa: 2.8468213081359863
Epoch: 74, AccTr: 0.9428571462631226, AccVa: 0.7555555701255798, CeTr: 0.3236289620399475, CeVa: 2.956712245941162
Epoch: 75, AccTr: 0.9428571462631226, AccVa: 0.7777777910232544, CeTr: 0.16184011101722717, CeVa: 2.382627248764038
ENSEMBLE | Tr_Acc: 0.9428571462631226, Tr_CE: 0.1669519543647766, Va_Acc: 0.7555555701255798, Va_CE: 2.183406352996826
Epoch: 76, AccTr: 0.9238095283508301, AccVa: 0.7333333492279053, CeTr: 0.22210101783275604, CeVa: 1.4828840494155884
Epoch: 77, AccTr: 0.9142857193946838, AccVa: 0.7777777910232544, CeTr: 0.2461652308702469, CeVa: 2.363314628601074
Epoch: 78, AccTr: 0.9333333373069763, AccVa: 0.7333333492279053, CeTr: 0.21264158189296722, CeVa: 2.340451240539551
Epoch: 79, AccTr: 0.9428571462631226, AccVa: 0.7555555701255798, CeTr: 0.17501994967460632, CeVa: 2.365434169769287
Epoch: 80, AccTr: 0.9333333373069763, AccVa: 0.7555555701255798, CeTr: 0.21572788059711456, CeVa: 2.760592222213745
ENSEMBLE | Tr_Acc: 0.9428571462631226, Tr_CE: 0.16861993074417114, Va_Acc: 0.7555555701255798, Va_CE: 2.261352300643921
Epoch: 81, AccTr: 0.9238095283508301, AccVa: 0.7555555701255798, CeTr: 0.2503589987754822, CeVa: 2.097379446029663
Epoch: 82, AccTr: 0.8952381014823914, AccVa: 0.7555555701255798, CeTr: 0.1744416207075119, CeVa: 1.7951444387435913
Epoch: 83, AccTr: 0.800000011920929, AccVa: 0.6666666865348816, CeTr: 0.3612799048423767, CeVa: 2.377706527709961
Epoch: 84, AccTr: 0.8952381014823914, AccVa: 0.7333333492279053, CeTr: 0.17531217634677887, CeVa: 2.608659505844116
Epoch: 85, AccTr: 0.9333333373069763, AccVa: 0.7555555701255798, CeTr: 0.21222281455993652, CeVa: 2.3839056491851807
ENSEMBLE | Tr_Acc: 0.9428571462631226, Tr_CE: 0.1704232394695282, Va_Acc: 0.7555555701255798, Va_CE: 2.184826612472534
Epoch: 86, AccTr: 0.9428571462631226, AccVa: 0.7333333492279053, CeTr: 0.2144767940044403, CeVa: 3.947399616241455
Epoch: 87, AccTr: 0.9333333373069763, AccVa: 0.7777777910232544, CeTr: 0.20106106996536255, CeVa: 1.7717983722686768
Epoch: 88, AccTr: 0.8952381014823914, AccVa: 0.7555555701255798, CeTr: 0.168857142329216, CeVa: 1.8004852533340454
Epoch: 89, AccTr: 0.9428571462631226, AccVa: 0.7555555701255798, CeTr: 0.16718919575214386, CeVa: 3.03022837638855
Epoch: 90, AccTr: 0.9047619104385376, AccVa: 0.7555555701255798, CeTr: 0.18860411643981934, CeVa: 1.5736911296844482
ENSEMBLE | Tr_Acc: 0.9428571462631226, Tr_CE: 0.16963806748390198, Va_Acc: 0.7555555701255798, Va_CE: 2.092029094696045
Epoch: 91, AccTr: 0.9428571462631226, AccVa: 0.7777777910232544, CeTr: 0.18997430801391602, CeVa: 1.496775507926941
Epoch: 92, AccTr: 0.9428571462631226, AccVa: 0.7777777910232544, CeTr: 0.17239022254943848, CeVa: 2.0898637771606445
Epoch: 93, AccTr: 0.9142857193946838, AccVa: 0.7333333492279053, CeTr: 0.23273462057113647, CeVa: 1.7430989742279053
Epoch: 94, AccTr: 0.8952381014823914, AccVa: 0.7777777910232544, CeTr: 0.17777647078037262, CeVa: 2.4530818462371826
Epoch: 95, AccTr: 0.9428571462631226, AccVa: 0.7777777910232544, CeTr: 0.1943673938512802, CeVa: 2.7129032611846924
ENSEMBLE | Tr_Acc: 0.9428571462631226, Tr_CE: 0.1703968048095703, Va_Acc: 0.7555555701255798, Va_CE: 2.1243233680725098
Epoch: 96, AccTr: 0.9238095283508301, AccVa: 0.7777777910232544, CeTr: 0.24660508334636688, CeVa: 2.6211206912994385
Epoch: 97, AccTr: 0.9428571462631226, AccVa: 0.7333333492279053, CeTr: 0.1793673038482666, CeVa: 2.8612616062164307
Epoch: 98, AccTr: 0.9047619104385376, AccVa: 0.7111111283302307, CeTr: 0.19679099321365356, CeVa: 3.2681772708892822
Epoch: 99, AccTr: 0.9428571462631226, AccVa: 0.7555555701255798, CeTr: 0.17811167240142822, CeVa: 2.3316104412078857
Epoch: 100, AccTr: 0.9238095283508301, AccVa: 0.7111111283302307, CeTr: 0.2161780744791031, CeVa: 3.0622575283050537
ENSEMBLE | Tr_Acc: 0.9428571462631226, Tr_CE: 0.1659369021654129, Va_Acc: 0.7555555701255798, Va_CE: 2.188035011291504
Pretrained network accuracy: 1.0
NN CONFIG
Weight-type:		binary
Layout									Layer #1: 4	Layer #2: 150	Layer #3: 150	Layer #4: 3	
Activation Functions					Layer #1: bs	Layer #2: bs	
Keep probabilities		Layer #0: 1.0	Layer #1: 1.0	Layer #2: 1.0	
Flat factors							Layer #1: 1.0	Layer #2: 1.0	Layer #3: 1.0	
Activation Noise						Layer #1: 0.0	Layer #2: 0.0	Layer #3: 0.0	
Prior: 0.85

===================================

RUN CONFIG
Epochs: 100, Blocksize: 3

===================================

Epoch: 0, AccTr: 0.5904762148857117, AccVa: 0.6222222447395325, CeTr: 4.288544654846191, CeVa: 5.144367694854736
Epoch: 1, AccTr: 0.8571428656578064, AccVa: 0.8666666746139526, CeTr: 0.21730546653270721, CeVa: 0.5207490921020508
Epoch: 2, AccTr: 0.8476190567016602, AccVa: 0.8444444537162781, CeTr: 0.2385900467634201, CeVa: 1.1327745914459229
Epoch: 3, AccTr: 0.8571428656578064, AccVa: 0.8666666746139526, CeTr: 0.2667469382286072, CeVa: 0.6640041470527649
Epoch: 4, AccTr: 0.8380952477455139, AccVa: 0.8444444537162781, CeTr: 0.23311012983322144, CeVa: 0.8594819903373718
Epoch: 5, AccTr: 0.8571428656578064, AccVa: 0.8666666746139526, CeTr: 0.22591908276081085, CeVa: 1.2513340711593628
Epoch: 6, AccTr: 0.9047619104385376, AccVa: 0.8222222328186035, CeTr: 0.270504891872406, CeVa: 1.034018635749817
Epoch: 7, AccTr: 0.8190476298332214, AccVa: 0.800000011920929, CeTr: 0.24354103207588196, CeVa: 1.1828851699829102
Epoch: 8, AccTr: 0.9047619104385376, AccVa: 0.8444444537162781, CeTr: 0.25932711362838745, CeVa: 1.6468846797943115
Epoch: 9, AccTr: 0.8857142925262451, AccVa: 0.8666666746139526, CeTr: 0.23251724243164062, CeVa: 0.6170840263366699
Epoch: 10, AccTr: 0.7904762029647827, AccVa: 0.6666666865348816, CeTr: 0.38231244683265686, CeVa: 1.3460007905960083
Epoch: 11, AccTr: 0.8952381014823914, AccVa: 0.8444444537162781, CeTr: 0.2591676712036133, CeVa: 0.574253499507904
Epoch: 12, AccTr: 0.9142857193946838, AccVa: 0.8444444537162781, CeTr: 0.24232453107833862, CeVa: 0.6849883198738098
Epoch: 13, AccTr: 0.9047619104385376, AccVa: 0.8666666746139526, CeTr: 0.23267997801303864, CeVa: 1.1945388317108154
Epoch: 14, AccTr: 0.9142857193946838, AccVa: 0.8666666746139526, CeTr: 0.23812666535377502, CeVa: 0.593430757522583
Epoch: 15, AccTr: 0.9142857193946838, AccVa: 0.8444444537162781, CeTr: 0.22159172594547272, CeVa: 0.654043436050415
Epoch: 16, AccTr: 0.8857142925262451, AccVa: 0.8888888955116272, CeTr: 0.29420170187950134, CeVa: 0.572428822517395
Epoch: 17, AccTr: 0.9142857193946838, AccVa: 0.8666666746139526, CeTr: 0.21333619952201843, CeVa: 0.839949905872345
Epoch: 18, AccTr: 0.8952381014823914, AccVa: 0.8222222328186035, CeTr: 0.2431527078151703, CeVa: 1.1685481071472168
Epoch: 19, AccTr: 0.9047619104385376, AccVa: 0.8444444537162781, CeTr: 0.23648497462272644, CeVa: 1.1771892309188843
Epoch: 20, AccTr: 0.9047619104385376, AccVa: 0.8666666746139526, CeTr: 0.270949125289917, CeVa: 0.5362085103988647
Epoch: 21, AccTr: 0.9047619104385376, AccVa: 0.8444444537162781, CeTr: 0.2257138341665268, CeVa: 1.1323845386505127
Epoch: 22, AccTr: 0.8952381014823914, AccVa: 0.8444444537162781, CeTr: 0.23427873849868774, CeVa: 0.7770633101463318
Epoch: 23, AccTr: 0.9142857193946838, AccVa: 0.8444444537162781, CeTr: 0.2216365933418274, CeVa: 0.8937689661979675
Epoch: 24, AccTr: 0.9142857193946838, AccVa: 0.8666666746139526, CeTr: 0.25264090299606323, CeVa: 0.8734038472175598
Epoch: 25, AccTr: 0.9142857193946838, AccVa: 0.8666666746139526, CeTr: 0.2259541153907776, CeVa: 0.8416396975517273
Epoch: 26, AccTr: 0.9047619104385376, AccVa: 0.8666666746139526, CeTr: 0.2417553812265396, CeVa: 1.143372893333435
Epoch: 27, AccTr: 0.8761904835700989, AccVa: 0.8444444537162781, CeTr: 0.26887059211730957, CeVa: 0.9563345909118652
Epoch: 28, AccTr: 0.8952381014823914, AccVa: 0.8444444537162781, CeTr: 0.22029824554920197, CeVa: 0.7792453169822693
Epoch: 29, AccTr: 0.9142857193946838, AccVa: 0.8666666746139526, CeTr: 0.2109462171792984, CeVa: 1.0157743692398071
Epoch: 30, AccTr: 0.9047619104385376, AccVa: 0.8666666746139526, CeTr: 0.25443434715270996, CeVa: 0.9208568334579468
Epoch: 31, AccTr: 0.9142857193946838, AccVa: 0.8666666746139526, CeTr: 0.23102770745754242, CeVa: 0.6538023352622986
Epoch: 32, AccTr: 0.8952381014823914, AccVa: 0.8444444537162781, CeTr: 0.251596599817276, CeVa: 0.9556876420974731
Epoch: 33, AccTr: 0.8571428656578064, AccVa: 0.8444444537162781, CeTr: 0.24759112298488617, CeVa: 0.9444800615310669
Epoch: 34, AccTr: 0.9047619104385376, AccVa: 0.8666666746139526, CeTr: 0.23555175960063934, CeVa: 0.7504489421844482
Epoch: 35, AccTr: 0.8857142925262451, AccVa: 0.8666666746139526, CeTr: 0.21952512860298157, CeVa: 0.691437304019928
Epoch: 36, AccTr: 0.9047619104385376, AccVa: 0.8666666746139526, CeTr: 0.2903650999069214, CeVa: 1.0974369049072266
Epoch: 37, AccTr: 0.8476190567016602, AccVa: 0.8444444537162781, CeTr: 0.22226537764072418, CeVa: 0.796599805355072
Epoch: 38, AccTr: 0.8857142925262451, AccVa: 0.8222222328186035, CeTr: 0.30403056740760803, CeVa: 1.2463139295578003
Epoch: 39, AccTr: 0.9142857193946838, AccVa: 0.8666666746139526, CeTr: 0.23795866966247559, CeVa: 0.7105991244316101
Epoch: 40, AccTr: 0.9142857193946838, AccVa: 0.8666666746139526, CeTr: 0.2210879921913147, CeVa: 0.7600364685058594
Epoch: 41, AccTr: 0.8761904835700989, AccVa: 0.8222222328186035, CeTr: 0.33992165327072144, CeVa: 1.0592447519302368
Epoch: 42, AccTr: 0.8952381014823914, AccVa: 0.8444444537162781, CeTr: 0.23654524981975555, CeVa: 0.7738935947418213
Epoch: 43, AccTr: 0.8571428656578064, AccVa: 0.8444444537162781, CeTr: 0.22182594239711761, CeVa: 1.0475480556488037
Epoch: 44, AccTr: 0.9142857193946838, AccVa: 0.8444444537162781, CeTr: 0.24054330587387085, CeVa: 1.042531132698059
Epoch: 45, AccTr: 0.9047619104385376, AccVa: 0.8666666746139526, CeTr: 0.23334288597106934, CeVa: 0.361584335565567
Epoch: 46, AccTr: 0.8857142925262451, AccVa: 0.8444444537162781, CeTr: 0.24849113821983337, CeVa: 0.94197016954422
Epoch: 47, AccTr: 0.8666666746139526, AccVa: 0.8888888955116272, CeTr: 0.2695971131324768, CeVa: 0.8536337018013
Epoch: 48, AccTr: 0.8476190567016602, AccVa: 0.8666666746139526, CeTr: 0.2290259450674057, CeVa: 0.6065376996994019
Epoch: 49, AccTr: 0.9047619104385376, AccVa: 0.8666666746139526, CeTr: 0.2931765019893646, CeVa: 0.7287330627441406
Epoch: 50, AccTr: 0.9142857193946838, AccVa: 0.8666666746139526, CeTr: 0.21266497671604156, CeVa: 0.7531802654266357
ENSEMBLE | Tr_Acc: 0.9142857193946838, Tr_CE: 0.21266497671604156, Va_Acc: 0.8666666746139526, Va_CE: 0.7531802654266357
Epoch: 51, AccTr: 0.8476190567016602, AccVa: 0.8888888955116272, CeTr: 0.22065086662769318, CeVa: 0.705454409122467
Epoch: 52, AccTr: 0.9142857193946838, AccVa: 0.8666666746139526, CeTr: 0.2354305386543274, CeVa: 0.6612433791160583
Epoch: 53, AccTr: 0.9142857193946838, AccVa: 0.8666666746139526, CeTr: 0.21949583292007446, CeVa: 0.537115752696991
Epoch: 54, AccTr: 0.8952381014823914, AccVa: 0.8222222328186035, CeTr: 0.2736939787864685, CeVa: 1.0371476411819458
Epoch: 55, AccTr: 0.9047619104385376, AccVa: 0.8444444537162781, CeTr: 0.24738214910030365, CeVa: 0.6314322352409363
ENSEMBLE | Tr_Acc: 0.9047619104385376, Tr_CE: 0.19822441041469574, Va_Acc: 0.8444444537162781, Va_CE: 0.674425482749939
Epoch: 56, AccTr: 0.9047619104385376, AccVa: 0.8444444537162781, CeTr: 0.2758048176765442, CeVa: 1.4001353979110718
Epoch: 57, AccTr: 0.9142857193946838, AccVa: 0.8444444537162781, CeTr: 0.2293364703655243, CeVa: 1.129757046699524
Epoch: 58, AccTr: 0.7809523940086365, AccVa: 0.7555555701255798, CeTr: 0.5243334174156189, CeVa: 1.2664456367492676
Epoch: 59, AccTr: 0.9142857193946838, AccVa: 0.8444444537162781, CeTr: 0.21213065087795258, CeVa: 0.9548628330230713
Epoch: 60, AccTr: 0.8952381014823914, AccVa: 0.8666666746139526, CeTr: 0.25762253999710083, CeVa: 0.6930145621299744
ENSEMBLE | Tr_Acc: 0.9142857193946838, Tr_CE: 0.19206230342388153, Va_Acc: 0.8666666746139526, Va_CE: 0.6638532280921936
Epoch: 61, AccTr: 0.8285714387893677, AccVa: 0.800000011920929, CeTr: 0.2844316065311432, CeVa: 0.9491254091262817
Epoch: 62, AccTr: 0.9142857193946838, AccVa: 0.8666666746139526, CeTr: 0.21838784217834473, CeVa: 1.1998801231384277
Epoch: 63, AccTr: 0.9142857193946838, AccVa: 0.8666666746139526, CeTr: 0.23566778004169464, CeVa: 1.03999662399292
Epoch: 64, AccTr: 0.9047619104385376, AccVa: 0.8444444537162781, CeTr: 0.22632116079330444, CeVa: 1.260353684425354
Epoch: 65, AccTr: 0.9047619104385376, AccVa: 0.8444444537162781, CeTr: 0.22524574398994446, CeVa: 1.1331290006637573
ENSEMBLE | Tr_Acc: 0.9142857193946838, Tr_CE: 0.19089801609516144, Va_Acc: 0.8666666746139526, Va_CE: 0.7723629474639893
Epoch: 66, AccTr: 0.8380952477455139, AccVa: 0.8666666746139526, CeTr: 0.2698477506637573, CeVa: 0.8767575621604919
Epoch: 67, AccTr: 0.9047619104385376, AccVa: 0.8666666746139526, CeTr: 0.23409153521060944, CeVa: 0.9362560510635376
Epoch: 68, AccTr: 0.8571428656578064, AccVa: 0.8666666746139526, CeTr: 0.2681322395801544, CeVa: 0.6318134069442749
Epoch: 69, AccTr: 0.9047619104385376, AccVa: 0.8666666746139526, CeTr: 0.22313618659973145, CeVa: 1.016653299331665
Epoch: 70, AccTr: 0.8571428656578064, AccVa: 0.7777777910232544, CeTr: 0.239719957113266, CeVa: 1.0774840116500854
ENSEMBLE | Tr_Acc: 0.9142857193946838, Tr_CE: 0.1926564872264862, Va_Acc: 0.8666666746139526, Va_CE: 0.8224543333053589
Epoch: 71, AccTr: 0.8380952477455139, AccVa: 0.8888888955116272, CeTr: 0.24248869717121124, CeVa: 0.8079919815063477
Epoch: 72, AccTr: 0.9047619104385376, AccVa: 0.8444444537162781, CeTr: 0.23917897045612335, CeVa: 0.6061285138130188
Epoch: 73, AccTr: 0.8476190567016602, AccVa: 0.8666666746139526, CeTr: 0.2567231357097626, CeVa: 0.7400540709495544
Epoch: 74, AccTr: 0.8952381014823914, AccVa: 0.8222222328186035, CeTr: 0.24574853479862213, CeVa: 1.2195807695388794
Epoch: 75, AccTr: 0.9047619104385376, AccVa: 0.8666666746139526, CeTr: 0.25366681814193726, CeVa: 0.843703031539917
ENSEMBLE | Tr_Acc: 0.9142857193946838, Tr_CE: 0.19374699890613556, Va_Acc: 0.8666666746139526, Va_CE: 0.8239858746528625
Epoch: 76, AccTr: 0.9047619104385376, AccVa: 0.8444444537162781, CeTr: 0.2456955462694168, CeVa: 1.4284231662750244
Epoch: 77, AccTr: 0.8571428656578064, AccVa: 0.8666666746139526, CeTr: 0.2671973407268524, CeVa: 0.9594246745109558
Epoch: 78, AccTr: 0.8857142925262451, AccVa: 0.8444444537162781, CeTr: 0.22994519770145416, CeVa: 0.9533628821372986
Epoch: 79, AccTr: 0.9047619104385376, AccVa: 0.8666666746139526, CeTr: 0.26908838748931885, CeVa: 1.0081416368484497
Epoch: 80, AccTr: 0.9142857193946838, AccVa: 0.8666666746139526, CeTr: 0.21176362037658691, CeVa: 1.375496506690979
ENSEMBLE | Tr_Acc: 0.9142857193946838, Tr_CE: 0.194509819149971, Va_Acc: 0.8666666746139526, Va_CE: 0.9014724493026733
Epoch: 81, AccTr: 0.9047619104385376, AccVa: 0.8444444537162781, CeTr: 0.26566678285598755, CeVa: 1.4438421726226807
Epoch: 82, AccTr: 0.9047619104385376, AccVa: 0.8666666746139526, CeTr: 0.23679354786872864, CeVa: 0.535001277923584
Epoch: 83, AccTr: 0.8476190567016602, AccVa: 0.8222222328186035, CeTr: 0.23573751747608185, CeVa: 1.2722268104553223
Epoch: 84, AccTr: 0.8476190567016602, AccVa: 0.9111111164093018, CeTr: 0.2588966488838196, CeVa: 0.8841173052787781
Epoch: 85, AccTr: 0.9142857193946838, AccVa: 0.8666666746139526, CeTr: 0.22963815927505493, CeVa: 1.207330346107483
ENSEMBLE | Tr_Acc: 0.9142857193946838, Tr_CE: 0.19170376658439636, Va_Acc: 0.8666666746139526, Va_CE: 0.9363110065460205
Epoch: 86, AccTr: 0.9142857193946838, AccVa: 0.8666666746139526, CeTr: 0.22391188144683838, CeVa: 0.926667332649231
Epoch: 87, AccTr: 0.8476190567016602, AccVa: 0.8888888955116272, CeTr: 0.22684243321418762, CeVa: 0.35845744609832764
Epoch: 88, AccTr: 0.723809540271759, AccVa: 0.7333333492279053, CeTr: 0.27821987867355347, CeVa: 1.2552096843719482
Epoch: 89, AccTr: 0.8761904835700989, AccVa: 0.8444444537162781, CeTr: 0.31601372361183167, CeVa: 0.7431849241256714
Epoch: 90, AccTr: 0.8571428656578064, AccVa: 0.8444444537162781, CeTr: 0.21700504422187805, CeVa: 1.586275577545166
ENSEMBLE | Tr_Acc: 0.9142857193946838, Tr_CE: 0.1914471536874771, Va_Acc: 0.8666666746139526, Va_CE: 0.9666928052902222
Epoch: 91, AccTr: 0.9142857193946838, AccVa: 0.8666666746139526, CeTr: 0.2207626849412918, CeVa: 0.8874559998512268
Epoch: 92, AccTr: 0.8952381014823914, AccVa: 0.8444444537162781, CeTr: 0.22078612446784973, CeVa: 1.3145402669906616
Epoch: 93, AccTr: 0.8857142925262451, AccVa: 0.8666666746139526, CeTr: 0.23785795271396637, CeVa: 0.35101768374443054
Epoch: 94, AccTr: 0.9047619104385376, AccVa: 0.8666666746139526, CeTr: 0.236092209815979, CeVa: 0.8417203426361084
Epoch: 95, AccTr: 0.9142857193946838, AccVa: 0.8666666746139526, CeTr: 0.376950204372406, CeVa: 1.21123468875885
ENSEMBLE | Tr_Acc: 0.9142857193946838, Tr_CE: 0.19460704922676086, Va_Acc: 0.8666666746139526, Va_CE: 0.9838154911994934
Epoch: 96, AccTr: 0.8571428656578064, AccVa: 0.8666666746139526, CeTr: 0.32800644636154175, CeVa: 1.1358517408370972
Epoch: 97, AccTr: 0.8952381014823914, AccVa: 0.8666666746139526, CeTr: 0.24089553952217102, CeVa: 0.7486982345581055
Epoch: 98, AccTr: 0.8380952477455139, AccVa: 0.8888888955116272, CeTr: 0.23321853578090668, CeVa: 0.7067904472351074
Epoch: 99, AccTr: 0.9142857193946838, AccVa: 0.8666666746139526, CeTr: 0.2452744096517563, CeVa: 1.1924662590026855
Epoch: 100, AccTr: 0.8380952477455139, AccVa: 0.8444444537162781, CeTr: 0.2295973151922226, CeVa: 1.7643790245056152
ENSEMBLE | Tr_Acc: 0.9142857193946838, Tr_CE: 0.19380252063274384, Va_Acc: 0.8666666746139526, Va_CE: 1.012138843536377
Mod Accuracy || Mean: 0.7777777910232544	 Std: 0.06666666269302368
Ens Accuracy || Mean: 0.8111110925674438	 Std: 0.0555555522441864
Mod CE || Mean: 2.413318157196045	 Std: 0.6489392518997192
Ens CE || Mean: 1.6000869274139404	 Std: 0.5879480838775635
