

config:

HOME=/clusterFS/home/student/kopp13
PATH=/clusterFS/home/student/kopp13/miniconda3/envs/tensorflow/bin:/clusterFS/home/student/kopp13/miniconda3/bin:/clusterFS/home/student/kopp13/bin:/usr/local/bin:/usr/bin:/bin:/usr/local/games:/usr/games
LD_LIBRARY_PATH=
THEANO_FLAGS=floatX=float32,gpuarray.preallocate=0.9,dnn.library_path=/usr/lib/x86_64-linux-gnu,cxx=clang++-3.8,device=cuda,base_compiledir=/tmp/tmp.Dp3j6tRQ3P
Pretrained network accuracy: 1.0
NN CONFIG
Weight-type:		binary
Layout									Layer #1: 4	Layer #2: 100	Layer #3: 100	Layer #4: 3	
Activation Functions					Layer #1: bs	Layer #2: bs	
Keep probabilities		Layer #0: 1.0	Layer #1: 1.0	Layer #2: 1.0	
Flat factors							Layer #1: 1.0	Layer #2: 1.0	Layer #3: 1.0	
Activation Noise						Layer #1: 0.0	Layer #2: 0.0	Layer #3: 0.0	
Prior: 0.85

===================================

RUN CONFIG
Epochs: 100, Blocksize: 3

===================================

Epoch: 0, AccTr: 0.8190476298332214, AccVa: 0.800000011920929, CeTr: 4.438112258911133, CeVa: 5.393606662750244
Epoch: 1, AccTr: 0.8666666746139526, AccVa: 0.7777777910232544, CeTr: 0.2633172869682312, CeVa: 1.926572322845459
Epoch: 2, AccTr: 0.8952381014823914, AccVa: 0.7555555701255798, CeTr: 0.30766916275024414, CeVa: 2.1818623542785645
Epoch: 3, AccTr: 0.8476190567016602, AccVa: 0.7111111283302307, CeTr: 0.21848978102207184, CeVa: 2.360982894897461
Epoch: 4, AccTr: 0.8952381014823914, AccVa: 0.7333333492279053, CeTr: 0.20439942181110382, CeVa: 2.095337152481079
Epoch: 5, AccTr: 0.8761904835700989, AccVa: 0.7111111283302307, CeTr: 0.20213334262371063, CeVa: 2.1534674167633057
Epoch: 6, AccTr: 0.8666666746139526, AccVa: 0.7555555701255798, CeTr: 0.21880027651786804, CeVa: 1.5606591701507568
Epoch: 7, AccTr: 0.8857142925262451, AccVa: 0.800000011920929, CeTr: 0.23665104806423187, CeVa: 1.9510713815689087
Epoch: 8, AccTr: 0.8666666746139526, AccVa: 0.7333333492279053, CeTr: 0.2150266021490097, CeVa: 2.1382696628570557
Epoch: 9, AccTr: 0.9047619104385376, AccVa: 0.8222222328186035, CeTr: 0.22679303586483002, CeVa: 1.8058127164840698
Epoch: 10, AccTr: 0.8761904835700989, AccVa: 0.7777777910232544, CeTr: 0.19691170752048492, CeVa: 2.1219124794006348
Epoch: 11, AccTr: 0.8666666746139526, AccVa: 0.800000011920929, CeTr: 0.20282670855522156, CeVa: 0.9793834090232849
Epoch: 12, AccTr: 0.8761904835700989, AccVa: 0.7555555701255798, CeTr: 0.24836871027946472, CeVa: 2.073345899581909
Epoch: 13, AccTr: 0.8952381014823914, AccVa: 0.8666666746139526, CeTr: 0.251401424407959, CeVa: 1.4694817066192627
Epoch: 14, AccTr: 0.8476190567016602, AccVa: 0.7333333492279053, CeTr: 0.2181217521429062, CeVa: 1.899147868156433
Epoch: 15, AccTr: 0.8761904835700989, AccVa: 0.7777777910232544, CeTr: 0.20232422649860382, CeVa: 0.8204654455184937
Epoch: 16, AccTr: 0.8857142925262451, AccVa: 0.7555555701255798, CeTr: 0.23540329933166504, CeVa: 2.1715054512023926
Epoch: 17, AccTr: 0.8952381014823914, AccVa: 0.8222222328186035, CeTr: 0.25269952416419983, CeVa: 2.054208993911743
Epoch: 18, AccTr: 0.8666666746139526, AccVa: 0.7777777910232544, CeTr: 0.18658116459846497, CeVa: 1.5764930248260498
Epoch: 19, AccTr: 0.8857142925262451, AccVa: 0.800000011920929, CeTr: 0.2501673996448517, CeVa: 1.7559336423873901
Epoch: 20, AccTr: 0.9047619104385376, AccVa: 0.800000011920929, CeTr: 0.19508931040763855, CeVa: 1.3831342458724976
Epoch: 21, AccTr: 0.8952381014823914, AccVa: 0.7555555701255798, CeTr: 0.2626965045928955, CeVa: 3.3563058376312256
Epoch: 22, AccTr: 0.8571428656578064, AccVa: 0.7333333492279053, CeTr: 0.2295229583978653, CeVa: 1.013696312904358
Epoch: 23, AccTr: 0.8857142925262451, AccVa: 0.800000011920929, CeTr: 0.22529853880405426, CeVa: 2.45462703704834
Epoch: 24, AccTr: 0.8761904835700989, AccVa: 0.7111111283302307, CeTr: 0.19395896792411804, CeVa: 1.8939570188522339
Epoch: 25, AccTr: 0.8857142925262451, AccVa: 0.7777777910232544, CeTr: 0.20016250014305115, CeVa: 1.5774182081222534
Epoch: 26, AccTr: 0.8857142925262451, AccVa: 0.800000011920929, CeTr: 0.2185686081647873, CeVa: 2.111873149871826
Epoch: 27, AccTr: 0.8476190567016602, AccVa: 0.6666666865348816, CeTr: 0.29324185848236084, CeVa: 2.4911160469055176
Epoch: 28, AccTr: 0.8666666746139526, AccVa: 0.6666666865348816, CeTr: 0.2553480267524719, CeVa: 2.0276899337768555
Epoch: 29, AccTr: 0.8761904835700989, AccVa: 0.7555555701255798, CeTr: 0.2588045299053192, CeVa: 2.449249505996704
Epoch: 30, AccTr: 0.8761904835700989, AccVa: 0.7333333492279053, CeTr: 0.21332693099975586, CeVa: 3.113034963607788
Epoch: 31, AccTr: 0.8571428656578064, AccVa: 0.7333333492279053, CeTr: 0.24991022050380707, CeVa: 1.5753315687179565
Epoch: 32, AccTr: 0.8571428656578064, AccVa: 0.7333333492279053, CeTr: 0.20355254411697388, CeVa: 2.2167093753814697
Epoch: 33, AccTr: 0.8666666746139526, AccVa: 0.7333333492279053, CeTr: 0.1892969161272049, CeVa: 1.9494481086730957
Epoch: 34, AccTr: 0.8952381014823914, AccVa: 0.7333333492279053, CeTr: 0.2127990871667862, CeVa: 2.6107187271118164
Epoch: 35, AccTr: 0.8952381014823914, AccVa: 0.7333333492279053, CeTr: 0.22677920758724213, CeVa: 1.8377087116241455
Epoch: 36, AccTr: 0.8761904835700989, AccVa: 0.800000011920929, CeTr: 0.19696292281150818, CeVa: 1.2523590326309204
Epoch: 37, AccTr: 0.8380952477455139, AccVa: 0.6666666865348816, CeTr: 0.24573387205600739, CeVa: 2.2596213817596436
Epoch: 38, AccTr: 0.8666666746139526, AccVa: 0.7777777910232544, CeTr: 0.19383031129837036, CeVa: 1.6641175746917725
Epoch: 39, AccTr: 0.9047619104385376, AccVa: 0.8222222328186035, CeTr: 0.2948611080646515, CeVa: 1.921375036239624
Epoch: 40, AccTr: 0.8761904835700989, AccVa: 0.7333333492279053, CeTr: 0.24615724384784698, CeVa: 2.001398801803589
Epoch: 41, AccTr: 0.8666666746139526, AccVa: 0.7555555701255798, CeTr: 0.27287375926971436, CeVa: 1.8663783073425293
Epoch: 42, AccTr: 0.9047619104385376, AccVa: 0.7777777910232544, CeTr: 0.19282731413841248, CeVa: 1.3410519361495972
Epoch: 43, AccTr: 0.8761904835700989, AccVa: 0.7777777910232544, CeTr: 0.1891614943742752, CeVa: 2.0327463150024414
Epoch: 44, AccTr: 0.8666666746139526, AccVa: 0.7333333492279053, CeTr: 0.2246793955564499, CeVa: 2.549760341644287
Epoch: 45, AccTr: 0.9047619104385376, AccVa: 0.800000011920929, CeTr: 0.20737324655056, CeVa: 2.345491647720337
Epoch: 46, AccTr: 0.8952381014823914, AccVa: 0.7777777910232544, CeTr: 0.19961956143379211, CeVa: 1.9892055988311768
Epoch: 47, AccTr: 0.8857142925262451, AccVa: 0.6888889074325562, CeTr: 0.2466595470905304, CeVa: 2.742560386657715
Epoch: 48, AccTr: 0.8857142925262451, AccVa: 0.7333333492279053, CeTr: 0.23572199046611786, CeVa: 1.120423674583435
Epoch: 49, AccTr: 0.8666666746139526, AccVa: 0.7333333492279053, CeTr: 0.2055037021636963, CeVa: 1.6222437620162964
Epoch: 50, AccTr: 0.8761904835700989, AccVa: 0.7555555701255798, CeTr: 0.1897221952676773, CeVa: 1.417401671409607
ENSEMBLE | Tr_Acc: 0.8761904835700989, Tr_CE: 0.1897221952676773, Va_Acc: 0.7555555701255798, Va_CE: 1.417401671409607
Epoch: 51, AccTr: 0.8952381014823914, AccVa: 0.7111111283302307, CeTr: 0.26334112882614136, CeVa: 2.7606050968170166
Epoch: 52, AccTr: 0.8666666746139526, AccVa: 0.7555555701255798, CeTr: 0.28530555963516235, CeVa: 1.626234769821167
Epoch: 53, AccTr: 0.8761904835700989, AccVa: 0.7555555701255798, CeTr: 0.24084915220737457, CeVa: 2.055692434310913
Epoch: 54, AccTr: 0.8857142925262451, AccVa: 0.7333333492279053, CeTr: 0.21212103962898254, CeVa: 1.544481873512268
Epoch: 55, AccTr: 0.8857142925262451, AccVa: 0.7555555701255798, CeTr: 0.23704351484775543, CeVa: 1.6086968183517456
ENSEMBLE | Tr_Acc: 0.9047619104385376, Tr_CE: 0.18897822499275208, Va_Acc: 0.800000011920929, Va_CE: 1.3741960525512695
Epoch: 56, AccTr: 0.8666666746139526, AccVa: 0.800000011920929, CeTr: 0.20964263379573822, CeVa: 1.2590347528457642
Epoch: 57, AccTr: 0.8952381014823914, AccVa: 0.7555555701255798, CeTr: 0.2627303898334503, CeVa: 1.948671817779541
Epoch: 58, AccTr: 0.8952381014823914, AccVa: 0.6888889074325562, CeTr: 0.22105276584625244, CeVa: 2.7570178508758545
Epoch: 59, AccTr: 0.9047619104385376, AccVa: 0.8444444537162781, CeTr: 0.2250426858663559, CeVa: 1.1814688444137573
Epoch: 60, AccTr: 0.8571428656578064, AccVa: 0.7111111283302307, CeTr: 0.28214123845100403, CeVa: 1.6279422044754028
ENSEMBLE | Tr_Acc: 0.9047619104385376, Tr_CE: 0.18124011158943176, Va_Acc: 0.8222222328186035, Va_CE: 1.2679468393325806
Epoch: 61, AccTr: 0.8476190567016602, AccVa: 0.7333333492279053, CeTr: 0.24850286543369293, CeVa: 2.5760412216186523
Epoch: 62, AccTr: 0.8666666746139526, AccVa: 0.7777777910232544, CeTr: 0.21867458522319794, CeVa: 1.2531821727752686
Epoch: 63, AccTr: 0.8666666746139526, AccVa: 0.7777777910232544, CeTr: 0.21942660212516785, CeVa: 1.6065340042114258
Epoch: 64, AccTr: 0.8571428656578064, AccVa: 0.800000011920929, CeTr: 0.2185453176498413, CeVa: 1.1910452842712402
Epoch: 65, AccTr: 0.8857142925262451, AccVa: 0.7333333492279053, CeTr: 0.20237231254577637, CeVa: 1.8770506381988525
ENSEMBLE | Tr_Acc: 0.9047619104385376, Tr_CE: 0.18222130835056305, Va_Acc: 0.8222222328186035, Va_CE: 1.3850053548812866
Epoch: 66, AccTr: 0.8666666746139526, AccVa: 0.7333333492279053, CeTr: 0.20455880463123322, CeVa: 1.9514011144638062
Epoch: 67, AccTr: 0.8857142925262451, AccVa: 0.8222222328186035, CeTr: 0.26045942306518555, CeVa: 1.1697633266448975
Epoch: 68, AccTr: 0.8952381014823914, AccVa: 0.7111111283302307, CeTr: 0.2622681260108948, CeVa: 3.2913098335266113
Epoch: 69, AccTr: 0.9047619104385376, AccVa: 0.8444444537162781, CeTr: 0.22606001794338226, CeVa: 1.3634968996047974
Epoch: 70, AccTr: 0.8666666746139526, AccVa: 0.7555555701255798, CeTr: 0.24293844401836395, CeVa: 2.501145124435425
ENSEMBLE | Tr_Acc: 0.9047619104385376, Tr_CE: 0.18227264285087585, Va_Acc: 0.800000011920929, Va_CE: 1.4999666213989258
Epoch: 71, AccTr: 0.8857142925262451, AccVa: 0.7555555701255798, CeTr: 0.23118093609809875, CeVa: 2.7384839057922363
Epoch: 72, AccTr: 0.8761904835700989, AccVa: 0.7555555701255798, CeTr: 0.2273692786693573, CeVa: 1.677786946296692
Epoch: 73, AccTr: 0.8666666746139526, AccVa: 0.7555555701255798, CeTr: 0.26056715846061707, CeVa: 1.773766279220581
Epoch: 74, AccTr: 0.8666666746139526, AccVa: 0.7777777910232544, CeTr: 0.19016937911510468, CeVa: 1.5067689418792725
Epoch: 75, AccTr: 0.8666666746139526, AccVa: 0.7777777910232544, CeTr: 0.20897787809371948, CeVa: 1.8087221384048462
ENSEMBLE | Tr_Acc: 0.9047619104385376, Tr_CE: 0.18070170283317566, Va_Acc: 0.800000011920929, Va_CE: 1.516830325126648
Epoch: 76, AccTr: 0.9047619104385376, AccVa: 0.7777777910232544, CeTr: 0.2351263016462326, CeVa: 3.2824463844299316
Epoch: 77, AccTr: 0.8761904835700989, AccVa: 0.800000011920929, CeTr: 0.1915925294160843, CeVa: 1.5781052112579346
Epoch: 78, AccTr: 0.9047619104385376, AccVa: 0.8222222328186035, CeTr: 0.212729811668396, CeVa: 1.4556442499160767
Epoch: 79, AccTr: 0.8761904835700989, AccVa: 0.7333333492279053, CeTr: 0.255544513463974, CeVa: 2.113720417022705
Epoch: 80, AccTr: 0.8857142925262451, AccVa: 0.7111111283302307, CeTr: 0.241299107670784, CeVa: 1.8656789064407349
ENSEMBLE | Tr_Acc: 0.9047619104385376, Tr_CE: 0.18238575756549835, Va_Acc: 0.8222222328186035, Va_CE: 1.4441577196121216
Epoch: 81, AccTr: 0.8952381014823914, AccVa: 0.6888889074325562, CeTr: 0.2177618443965912, CeVa: 1.836850643157959
Epoch: 82, AccTr: 0.8761904835700989, AccVa: 0.6888889074325562, CeTr: 0.19281993806362152, CeVa: 1.5705088376998901
Epoch: 83, AccTr: 0.8857142925262451, AccVa: 0.800000011920929, CeTr: 0.2645762264728546, CeVa: 1.5078891515731812
Epoch: 84, AccTr: 0.9047619104385376, AccVa: 0.7555555701255798, CeTr: 0.22026102244853973, CeVa: 2.625880002975464
Epoch: 85, AccTr: 0.8666666746139526, AccVa: 0.7555555701255798, CeTr: 0.2643977403640747, CeVa: 1.710700273513794
ENSEMBLE | Tr_Acc: 0.9047619104385376, Tr_CE: 0.18057915568351746, Va_Acc: 0.8222222328186035, Va_CE: 1.4077593088150024
Epoch: 86, AccTr: 0.9047619104385376, AccVa: 0.7555555701255798, CeTr: 0.20147955417633057, CeVa: 2.2343034744262695
Epoch: 87, AccTr: 0.8857142925262451, AccVa: 0.7777777910232544, CeTr: 0.2618415057659149, CeVa: 1.625596284866333
Epoch: 88, AccTr: 0.8761904835700989, AccVa: 0.7111111283302307, CeTr: 0.23294515907764435, CeVa: 2.2423391342163086
Epoch: 89, AccTr: 0.9047619104385376, AccVa: 0.8222222328186035, CeTr: 0.22407756745815277, CeVa: 0.9848819971084595
Epoch: 90, AccTr: 0.8761904835700989, AccVa: 0.7111111283302307, CeTr: 0.20832249522209167, CeVa: 1.6947957277297974
ENSEMBLE | Tr_Acc: 0.9047619104385376, Tr_CE: 0.17964805662631989, Va_Acc: 0.8222222328186035, Va_CE: 1.4114023447036743
Epoch: 91, AccTr: 0.7714285850524902, AccVa: 0.7111111283302307, CeTr: 0.6063113212585449, CeVa: 2.1236572265625
Epoch: 92, AccTr: 0.8857142925262451, AccVa: 0.7777777910232544, CeTr: 0.22047755122184753, CeVa: 4.19074010848999
Epoch: 93, AccTr: 0.8761904835700989, AccVa: 0.7333333492279053, CeTr: 0.2604944109916687, CeVa: 1.690358281135559
Epoch: 94, AccTr: 0.8666666746139526, AccVa: 0.7333333492279053, CeTr: 0.23149408400058746, CeVa: 1.1500056982040405
Epoch: 95, AccTr: 0.8666666746139526, AccVa: 0.7777777910232544, CeTr: 0.21607762575149536, CeVa: 1.5959128141403198
ENSEMBLE | Tr_Acc: 0.9047619104385376, Tr_CE: 0.1796739101409912, Va_Acc: 0.8222222328186035, Va_CE: 1.4079221487045288
Epoch: 96, AccTr: 0.8952381014823914, AccVa: 0.6888889074325562, CeTr: 0.24159415066242218, CeVa: 1.9460686445236206
Epoch: 97, AccTr: 0.8761904835700989, AccVa: 0.7555555701255798, CeTr: 0.19493946433067322, CeVa: 1.5423767566680908
Epoch: 98, AccTr: 0.8666666746139526, AccVa: 0.800000011920929, CeTr: 0.24304082989692688, CeVa: 1.0894641876220703
Epoch: 99, AccTr: 0.8952381014823914, AccVa: 0.7333333492279053, CeTr: 0.20541374385356903, CeVa: 1.5297305583953857
Epoch: 100, AccTr: 0.9047619104385376, AccVa: 0.7555555701255798, CeTr: 0.19576752185821533, CeVa: 2.9088449478149414
ENSEMBLE | Tr_Acc: 0.9047619104385376, Tr_CE: 0.17939981818199158, Va_Acc: 0.800000011920929, Va_CE: 1.4392645359039307
Pretrained network accuracy: 1.0
NN CONFIG
Weight-type:		binary
Layout									Layer #1: 4	Layer #2: 100	Layer #3: 100	Layer #4: 3	
Activation Functions					Layer #1: bs	Layer #2: bs	
Keep probabilities		Layer #0: 1.0	Layer #1: 1.0	Layer #2: 1.0	
Flat factors							Layer #1: 1.0	Layer #2: 1.0	Layer #3: 1.0	
Activation Noise						Layer #1: 0.0	Layer #2: 0.0	Layer #3: 0.0	
Prior: 0.85

===================================

RUN CONFIG
Epochs: 100, Blocksize: 3

===================================

Epoch: 0, AccTr: 0.6857143044471741, AccVa: 0.7333333492279053, CeTr: 3.2829997539520264, CeVa: 2.7937285900115967
Epoch: 1, AccTr: 0.9047619104385376, AccVa: 0.800000011920929, CeTr: 0.31684738397598267, CeVa: 1.1428406238555908
Epoch: 2, AccTr: 0.8666666746139526, AccVa: 0.800000011920929, CeTr: 0.2517692446708679, CeVa: 0.9961466193199158
Epoch: 3, AccTr: 0.8666666746139526, AccVa: 0.7777777910232544, CeTr: 0.2459760457277298, CeVa: 0.82942795753479
Epoch: 4, AccTr: 0.800000011920929, AccVa: 0.6888889074325562, CeTr: 0.48002082109451294, CeVa: 2.1199727058410645
Epoch: 5, AccTr: 0.8666666746139526, AccVa: 0.7555555701255798, CeTr: 0.27262717485427856, CeVa: 0.8306874632835388
Epoch: 6, AccTr: 0.8761904835700989, AccVa: 0.8222222328186035, CeTr: 0.27183404564857483, CeVa: 0.5627076625823975
Epoch: 7, AccTr: 0.7333333492279053, AccVa: 0.6666666865348816, CeTr: 0.2943597435951233, CeVa: 0.585243284702301
Epoch: 8, AccTr: 0.8666666746139526, AccVa: 0.7777777910232544, CeTr: 0.31766876578330994, CeVa: 1.662923812866211
Epoch: 9, AccTr: 0.8857142925262451, AccVa: 0.8222222328186035, CeTr: 0.2449086755514145, CeVa: 0.7227792739868164
Epoch: 10, AccTr: 0.9047619104385376, AccVa: 0.7777777910232544, CeTr: 0.21911655366420746, CeVa: 1.2526804208755493
Epoch: 11, AccTr: 0.8857142925262451, AccVa: 0.800000011920929, CeTr: 0.21862386167049408, CeVa: 1.0989134311676025
Epoch: 12, AccTr: 0.8857142925262451, AccVa: 0.7777777910232544, CeTr: 0.2490023970603943, CeVa: 0.4731588661670685
Epoch: 13, AccTr: 0.8857142925262451, AccVa: 0.800000011920929, CeTr: 0.20797619223594666, CeVa: 0.9004910588264465
Epoch: 14, AccTr: 0.8761904835700989, AccVa: 0.7777777910232544, CeTr: 0.24054674804210663, CeVa: 1.3284066915512085
Epoch: 15, AccTr: 0.8857142925262451, AccVa: 0.7777777910232544, CeTr: 0.22958625853061676, CeVa: 1.506601333618164
Epoch: 16, AccTr: 0.8952381014823914, AccVa: 0.800000011920929, CeTr: 0.2548491060733795, CeVa: 0.7851610779762268
Epoch: 17, AccTr: 0.8571428656578064, AccVa: 0.8222222328186035, CeTr: 0.2645131051540375, CeVa: 1.0773192644119263
Epoch: 18, AccTr: 0.9142857193946838, AccVa: 0.7777777910232544, CeTr: 0.23665180802345276, CeVa: 1.1234663724899292
Epoch: 19, AccTr: 0.8857142925262451, AccVa: 0.7555555701255798, CeTr: 0.26771068572998047, CeVa: 1.7024775743484497
Epoch: 20, AccTr: 0.9047619104385376, AccVa: 0.800000011920929, CeTr: 0.23068757355213165, CeVa: 1.0560004711151123
Epoch: 21, AccTr: 0.8761904835700989, AccVa: 0.800000011920929, CeTr: 0.2296556532382965, CeVa: 0.7254843711853027
Epoch: 22, AccTr: 0.8952381014823914, AccVa: 0.7555555701255798, CeTr: 0.2504090666770935, CeVa: 1.3462433815002441
Epoch: 23, AccTr: 0.9142857193946838, AccVa: 0.7777777910232544, CeTr: 0.2449144423007965, CeVa: 1.218135118484497
Epoch: 24, AccTr: 0.9047619104385376, AccVa: 0.8222222328186035, CeTr: 0.2149614840745926, CeVa: 1.505775809288025
Epoch: 25, AccTr: 0.8857142925262451, AccVa: 0.7555555701255798, CeTr: 0.22896499931812286, CeVa: 1.4208745956420898
Epoch: 26, AccTr: 0.9047619104385376, AccVa: 0.8222222328186035, CeTr: 0.26564326882362366, CeVa: 0.6657337546348572
Epoch: 27, AccTr: 0.8952381014823914, AccVa: 0.8444444537162781, CeTr: 0.25485169887542725, CeVa: 0.5580254197120667
Epoch: 28, AccTr: 0.8380952477455139, AccVa: 0.7555555701255798, CeTr: 0.25053706765174866, CeVa: 1.2000892162322998
Epoch: 29, AccTr: 0.9047619104385376, AccVa: 0.800000011920929, CeTr: 0.2765166759490967, CeVa: 1.5505326986312866
Epoch: 30, AccTr: 0.8857142925262451, AccVa: 0.7777777910232544, CeTr: 0.25040802359580994, CeVa: 0.9013262987136841
Epoch: 31, AccTr: 0.9047619104385376, AccVa: 0.800000011920929, CeTr: 0.27377116680145264, CeVa: 0.6671435236930847
Epoch: 32, AccTr: 0.9047619104385376, AccVa: 0.800000011920929, CeTr: 0.24837636947631836, CeVa: 1.3590348958969116
Epoch: 33, AccTr: 0.8571428656578064, AccVa: 0.800000011920929, CeTr: 0.25073444843292236, CeVa: 0.917776346206665
Epoch: 34, AccTr: 0.8857142925262451, AccVa: 0.800000011920929, CeTr: 0.21088777482509613, CeVa: 1.184807538986206
Epoch: 35, AccTr: 0.8857142925262451, AccVa: 0.800000011920929, CeTr: 0.2612249553203583, CeVa: 0.5826080441474915
Epoch: 36, AccTr: 0.8666666746139526, AccVa: 0.7777777910232544, CeTr: 0.2338397055864334, CeVa: 0.9314276576042175
Epoch: 37, AccTr: 0.9142857193946838, AccVa: 0.7555555701255798, CeTr: 0.266839861869812, CeVa: 1.5932416915893555
Epoch: 38, AccTr: 0.9047619104385376, AccVa: 0.7777777910232544, CeTr: 0.22167415916919708, CeVa: 1.16695237159729
Epoch: 39, AccTr: 0.7333333492279053, AccVa: 0.6666666865348816, CeTr: 0.29468217492103577, CeVa: 1.6007020473480225
Epoch: 40, AccTr: 0.8857142925262451, AccVa: 0.7555555701255798, CeTr: 0.2540701925754547, CeVa: 1.8908334970474243
Epoch: 41, AccTr: 0.8857142925262451, AccVa: 0.800000011920929, CeTr: 0.24785108864307404, CeVa: 0.9502285718917847
Epoch: 42, AccTr: 0.8857142925262451, AccVa: 0.7777777910232544, CeTr: 0.23699985444545746, CeVa: 1.007320523262024
Epoch: 43, AccTr: 0.8857142925262451, AccVa: 0.8444444537162781, CeTr: 0.26330140233039856, CeVa: 0.8997151851654053
Epoch: 44, AccTr: 0.8857142925262451, AccVa: 0.7333333492279053, CeTr: 0.27160191535949707, CeVa: 1.6895233392715454
Epoch: 45, AccTr: 0.9047619104385376, AccVa: 0.7555555701255798, CeTr: 0.2944653630256653, CeVa: 1.1349036693572998
Epoch: 46, AccTr: 0.9047619104385376, AccVa: 0.7333333492279053, CeTr: 0.2544833719730377, CeVa: 0.9595491290092468
Epoch: 47, AccTr: 0.7523809671401978, AccVa: 0.6222222447395325, CeTr: 0.27240481972694397, CeVa: 1.0347769260406494
Epoch: 48, AccTr: 0.8952381014823914, AccVa: 0.800000011920929, CeTr: 0.2528928220272064, CeVa: 1.3138197660446167
Epoch: 49, AccTr: 0.8666666746139526, AccVa: 0.8222222328186035, CeTr: 0.2301473468542099, CeVa: 0.8260045647621155
Epoch: 50, AccTr: 0.9047619104385376, AccVa: 0.800000011920929, CeTr: 0.23346367478370667, CeVa: 1.029876470565796
ENSEMBLE | Tr_Acc: 0.9047619104385376, Tr_CE: 0.23346367478370667, Va_Acc: 0.800000011920929, Va_CE: 1.029876470565796
Epoch: 51, AccTr: 0.9047619104385376, AccVa: 0.8222222328186035, CeTr: 0.2678886353969574, CeVa: 1.580606460571289
Epoch: 52, AccTr: 0.9047619104385376, AccVa: 0.7333333492279053, CeTr: 0.2532941401004791, CeVa: 0.8775634169578552
Epoch: 53, AccTr: 0.9142857193946838, AccVa: 0.7777777910232544, CeTr: 0.2874998152256012, CeVa: 2.5310165882110596
Epoch: 54, AccTr: 0.9047619104385376, AccVa: 0.7777777910232544, CeTr: 0.21437618136405945, CeVa: 2.217271327972412
Epoch: 55, AccTr: 0.8857142925262451, AccVa: 0.7777777910232544, CeTr: 0.2156883180141449, CeVa: 0.8120691180229187
ENSEMBLE | Tr_Acc: 0.9047619104385376, Tr_CE: 0.21084269881248474, Va_Acc: 0.8222222328186035, Va_CE: 0.7057622075080872
Epoch: 56, AccTr: 0.8857142925262451, AccVa: 0.800000011920929, CeTr: 0.23538798093795776, CeVa: 1.0041571855545044
Epoch: 57, AccTr: 0.9142857193946838, AccVa: 0.7777777910232544, CeTr: 0.2506808340549469, CeVa: 0.8684919476509094
Epoch: 58, AccTr: 0.8571428656578064, AccVa: 0.8222222328186035, CeTr: 0.30305495858192444, CeVa: 0.9933829307556152
Epoch: 59, AccTr: 0.8761904835700989, AccVa: 0.8222222328186035, CeTr: 0.2795661985874176, CeVa: 0.9673080444335938
Epoch: 60, AccTr: 0.8761904835700989, AccVa: 0.800000011920929, CeTr: 0.2247655838727951, CeVa: 1.9086947441101074
ENSEMBLE | Tr_Acc: 0.9047619104385376, Tr_CE: 0.19897975027561188, Va_Acc: 0.8222222328186035, Va_CE: 1.0940133333206177
Epoch: 61, AccTr: 0.8857142925262451, AccVa: 0.8222222328186035, CeTr: 0.2823255658149719, CeVa: 0.6815915703773499
Epoch: 62, AccTr: 0.9142857193946838, AccVa: 0.800000011920929, CeTr: 0.24408292770385742, CeVa: 0.9139319658279419
Epoch: 63, AccTr: 0.8952381014823914, AccVa: 0.800000011920929, CeTr: 0.267777681350708, CeVa: 0.6155014038085938
Epoch: 64, AccTr: 0.8190476298332214, AccVa: 0.7555555701255798, CeTr: 0.26369884610176086, CeVa: 0.5494751930236816
Epoch: 65, AccTr: 0.8761904835700989, AccVa: 0.7777777910232544, CeTr: 0.323239803314209, CeVa: 1.4198886156082153
ENSEMBLE | Tr_Acc: 0.9047619104385376, Tr_CE: 0.20006583631038666, Va_Acc: 0.7777777910232544, Va_CE: 1.1579153537750244
Epoch: 66, AccTr: 0.9047619104385376, AccVa: 0.800000011920929, CeTr: 0.23969590663909912, CeVa: 0.6280460953712463
Epoch: 67, AccTr: 0.8857142925262451, AccVa: 0.800000011920929, CeTr: 0.25063738226890564, CeVa: 0.9915171265602112
Epoch: 68, AccTr: 0.7523809671401978, AccVa: 0.644444465637207, CeTr: 0.2684110701084137, CeVa: 1.3001439571380615
Epoch: 69, AccTr: 0.8857142925262451, AccVa: 0.7777777910232544, CeTr: 0.2532358765602112, CeVa: 0.9882320165634155
Epoch: 70, AccTr: 0.8666666746139526, AccVa: 0.7777777910232544, CeTr: 0.25352340936660767, CeVa: 0.6938419342041016
ENSEMBLE | Tr_Acc: 0.9047619104385376, Tr_CE: 0.19828984141349792, Va_Acc: 0.800000011920929, Va_CE: 1.013922095298767
Epoch: 71, AccTr: 0.8857142925262451, AccVa: 0.800000011920929, CeTr: 0.20907017588615417, CeVa: 2.0697505474090576
Epoch: 72, AccTr: 0.8857142925262451, AccVa: 0.800000011920929, CeTr: 0.21824470162391663, CeVa: 0.9948365688323975
Epoch: 73, AccTr: 0.8761904835700989, AccVa: 0.7777777910232544, CeTr: 0.2787463366985321, CeVa: 0.5899749994277954
Epoch: 74, AccTr: 0.9142857193946838, AccVa: 0.7555555701255798, CeTr: 0.26129990816116333, CeVa: 1.5950027704238892
Epoch: 75, AccTr: 0.8857142925262451, AccVa: 0.7555555701255798, CeTr: 0.20295366644859314, CeVa: 1.8778173923492432
ENSEMBLE | Tr_Acc: 0.9047619104385376, Tr_CE: 0.197214275598526, Va_Acc: 0.7777777910232544, Va_CE: 1.1453837156295776
Epoch: 76, AccTr: 0.9047619104385376, AccVa: 0.800000011920929, CeTr: 0.23428620398044586, CeVa: 1.5783543586730957
Epoch: 77, AccTr: 0.8952381014823914, AccVa: 0.7777777910232544, CeTr: 0.30198514461517334, CeVa: 1.1402478218078613
Epoch: 78, AccTr: 0.8857142925262451, AccVa: 0.7777777910232544, CeTr: 0.26822203397750854, CeVa: 1.8090142011642456
Epoch: 79, AccTr: 0.8761904835700989, AccVa: 0.7777777910232544, CeTr: 0.2605295181274414, CeVa: 1.4352481365203857
Epoch: 80, AccTr: 0.8666666746139526, AccVa: 0.7777777910232544, CeTr: 0.3222554922103882, CeVa: 0.948599100112915
ENSEMBLE | Tr_Acc: 0.9047619104385376, Tr_CE: 0.19508513808250427, Va_Acc: 0.800000011920929, Va_CE: 1.0820083618164062
Epoch: 81, AccTr: 0.8571428656578064, AccVa: 0.8222222328186035, CeTr: 0.2547762095928192, CeVa: 1.2551186084747314
Epoch: 82, AccTr: 0.8857142925262451, AccVa: 0.800000011920929, CeTr: 0.20988582074642181, CeVa: 1.9887686967849731
Epoch: 83, AccTr: 0.8666666746139526, AccVa: 0.800000011920929, CeTr: 0.24393253028392792, CeVa: 1.3584486246109009
Epoch: 84, AccTr: 0.8666666746139526, AccVa: 0.800000011920929, CeTr: 0.22911763191223145, CeVa: 0.9448067545890808
Epoch: 85, AccTr: 0.8857142925262451, AccVa: 0.7777777910232544, CeTr: 0.2233317792415619, CeVa: 0.9909254312515259
ENSEMBLE | Tr_Acc: 0.9047619104385376, Tr_CE: 0.1943865567445755, Va_Acc: 0.800000011920929, Va_CE: 1.0583034753799438
Epoch: 86, AccTr: 0.8857142925262451, AccVa: 0.7777777910232544, CeTr: 0.22299452126026154, CeVa: 1.7198233604431152
Epoch: 87, AccTr: 0.8952381014823914, AccVa: 0.7333333492279053, CeTr: 0.2761595845222473, CeVa: 1.438991665840149
Epoch: 88, AccTr: 0.8761904835700989, AccVa: 0.7777777910232544, CeTr: 0.27857717871665955, CeVa: 1.2411192655563354
Epoch: 89, AccTr: 0.8761904835700989, AccVa: 0.800000011920929, CeTr: 0.22708642482757568, CeVa: 0.708385705947876
Epoch: 90, AccTr: 0.9047619104385376, AccVa: 0.8222222328186035, CeTr: 0.2272324562072754, CeVa: 0.6934362649917603
ENSEMBLE | Tr_Acc: 0.9047619104385376, Tr_CE: 0.19508418440818787, Va_Acc: 0.800000011920929, Va_CE: 1.009231448173523
Epoch: 91, AccTr: 0.8666666746139526, AccVa: 0.800000011920929, CeTr: 0.2179131656885147, CeVa: 0.8435219526290894
Epoch: 92, AccTr: 0.9047619104385376, AccVa: 0.7777777910232544, CeTr: 0.2215905636548996, CeVa: 1.5677615404129028
Epoch: 93, AccTr: 0.9142857193946838, AccVa: 0.7555555701255798, CeTr: 0.2387785166501999, CeVa: 0.9187418818473816
Epoch: 94, AccTr: 0.9047619104385376, AccVa: 0.7777777910232544, CeTr: 0.25181224942207336, CeVa: 1.4210971593856812
Epoch: 95, AccTr: 0.9047619104385376, AccVa: 0.8222222328186035, CeTr: 0.2573457956314087, CeVa: 0.43256551027297974
ENSEMBLE | Tr_Acc: 0.9047619104385376, Tr_CE: 0.19233258068561554, Va_Acc: 0.8222222328186035, Va_CE: 0.9351415038108826
Epoch: 96, AccTr: 0.8857142925262451, AccVa: 0.8666666746139526, CeTr: 0.26849564909935, CeVa: 0.6082141995429993
Epoch: 97, AccTr: 0.8666666746139526, AccVa: 0.7777777910232544, CeTr: 0.3536675274372101, CeVa: 1.1846530437469482
Epoch: 98, AccTr: 0.8857142925262451, AccVa: 0.7555555701255798, CeTr: 0.2375001758337021, CeVa: 2.040156841278076
Epoch: 99, AccTr: 0.8571428656578064, AccVa: 0.7777777910232544, CeTr: 0.2530558705329895, CeVa: 1.2540934085845947
Epoch: 100, AccTr: 0.8952381014823914, AccVa: 0.8222222328186035, CeTr: 0.22508938610553741, CeVa: 1.1526944637298584
ENSEMBLE | Tr_Acc: 0.9047619104385376, Tr_CE: 0.19348874688148499, Va_Acc: 0.8222222328186035, Va_CE: 0.9538804888725281
Mod Accuracy || Mean: 0.7888889312744141	 Std: 0.03333333134651184
Ens Accuracy || Mean: 0.8111110925674438	 Std: 0.01111111044883728
Mod CE || Mean: 2.0307698249816895	 Std: 0.8780752420425415
Ens CE || Mean: 1.1965725421905518	 Std: 0.2426920235157013
