NN CONFIG
Weight-type:		binary
Layout									Layer #1: 280	Layer #2: 200	
Activation Functions					Layer #1: bs	Layer #2: bs	
Keep probabilities		Layer #0: 1.0	Layer #1: 1.0	Layer #2: 1.0	
Flat factors							Layer #1: 1.0	Layer #2: 1.0	Layer #3: 1.0	
Activation Noise						Layer #1: 1.4000000000000001	Layer #2: 1.4000000000000001	Layer #3: 0.0	
Prior: 0.7

===================================

RUN CONFIG
Epochs: 150, Blocksize: 8

===================================

Input binarization: False
Epoch: 1, AccTr: 0.8586999773979187, AccVa: 0.8539999723434448, CeTr: 2.5899887084960938, CeVa: 2.946402072906494
Epoch: 2, AccTr: 0.8440999984741211, AccVa: 0.8385000228881836, CeTr: 2.6579678058624268, CeVa: 2.7681734561920166
Epoch: 3, AccTr: 0.836899995803833, AccVa: 0.8324999809265137, CeTr: 2.576322317123413, CeVa: 2.661733865737915
Epoch: 4, AccTr: 0.823199987411499, AccVa: 0.8245000243186951, CeTr: 2.6915202140808105, CeVa: 2.6354665756225586
Epoch: 5, AccTr: 0.8245000243186951, AccVa: 0.8184999823570251, CeTr: 2.6704161167144775, CeVa: 2.7071707248687744
Epoch: 6, AccTr: 0.8224999904632568, AccVa: 0.8084999918937683, CeTr: 2.747617244720459, CeVa: 2.727752685546875
Epoch: 7, AccTr: 0.8111000061035156, AccVa: 0.8209999799728394, CeTr: 2.897007703781128, CeVa: 2.5464565753936768
Epoch: 8, AccTr: 0.8148000240325928, AccVa: 0.8234999775886536, CeTr: 2.8570315837860107, CeVa: 2.6085898876190186
Epoch: 9, AccTr: 0.802299976348877, AccVa: 0.8065000176429749, CeTr: 2.8935964107513428, CeVa: 2.746596574783325
Epoch: 10, AccTr: 0.805899977684021, AccVa: 0.7929999828338623, CeTr: 2.954577684402466, CeVa: 2.987624406814575
Epoch: 11, AccTr: 0.807200014591217, AccVa: 0.8050000071525574, CeTr: 2.836421012878418, CeVa: 2.8545796871185303
Epoch: 12, AccTr: 0.8118000030517578, AccVa: 0.8009999990463257, CeTr: 2.7645649909973145, CeVa: 2.9264042377471924
Epoch: 13, AccTr: 0.7994999885559082, AccVa: 0.796500027179718, CeTr: 2.9981722831726074, CeVa: 2.8437066078186035
Epoch: 14, AccTr: 0.804099977016449, AccVa: 0.8025000095367432, CeTr: 3.043184757232666, CeVa: 2.9390382766723633
Epoch: 15, AccTr: 0.8109999895095825, AccVa: 0.8130000233650208, CeTr: 2.7348148822784424, CeVa: 2.575101852416992
Epoch: 16, AccTr: 0.8163999915122986, AccVa: 0.8069999814033508, CeTr: 2.703389883041382, CeVa: 2.525367259979248
Epoch: 17, AccTr: 0.8046000003814697, AccVa: 0.7990000247955322, CeTr: 2.8374650478363037, CeVa: 2.6999166011810303
Epoch: 18, AccTr: 0.8065999746322632, AccVa: 0.8044999837875366, CeTr: 2.7685928344726562, CeVa: 2.702972412109375
Epoch: 19, AccTr: 0.8082000017166138, AccVa: 0.7985000014305115, CeTr: 2.8135416507720947, CeVa: 2.775825262069702
Epoch: 20, AccTr: 0.8101000189781189, AccVa: 0.8029999732971191, CeTr: 2.8131823539733887, CeVa: 2.690474271774292
Epoch: 21, AccTr: 0.7990999817848206, AccVa: 0.784500002861023, CeTr: 2.989668846130371, CeVa: 3.105595588684082
Epoch: 22, AccTr: 0.807200014591217, AccVa: 0.7935000061988831, CeTr: 2.847543478012085, CeVa: 2.886019229888916
Epoch: 23, AccTr: 0.8061000108718872, AccVa: 0.8019999861717224, CeTr: 2.8715853691101074, CeVa: 2.7953755855560303
Epoch: 24, AccTr: 0.795799970626831, AccVa: 0.7940000295639038, CeTr: 2.9666011333465576, CeVa: 2.8175830841064453
Epoch: 25, AccTr: 0.8004000186920166, AccVa: 0.7990000247955322, CeTr: 2.848445415496826, CeVa: 2.7300446033477783
Epoch: 26, AccTr: 0.7922999858856201, AccVa: 0.7885000109672546, CeTr: 3.0643622875213623, CeVa: 3.0378334522247314
Epoch: 27, AccTr: 0.7896000146865845, AccVa: 0.7820000052452087, CeTr: 3.074570655822754, CeVa: 3.0012550354003906
Epoch: 28, AccTr: 0.7940000295639038, AccVa: 0.8025000095367432, CeTr: 3.065666437149048, CeVa: 2.9544289112091064
Epoch: 29, AccTr: 0.7986999750137329, AccVa: 0.800000011920929, CeTr: 3.0071895122528076, CeVa: 2.984602928161621
Epoch: 30, AccTr: 0.8029999732971191, AccVa: 0.8059999942779541, CeTr: 2.9774043560028076, CeVa: 2.65712308883667
ENSEMBLE | Tr_Acc: 0.8029999732971191, Tr_CE: 2.9774043560028076, Va_Acc: 0.8059999942779541, Va_CE: 2.65712308883667
Epoch: 31, AccTr: 0.8003000020980835, AccVa: 0.8029999732971191, CeTr: 2.9708194732666016, CeVa: 2.6065988540649414
Epoch: 32, AccTr: 0.795199990272522, AccVa: 0.7960000038146973, CeTr: 3.0479719638824463, CeVa: 2.929487705230713
Epoch: 33, AccTr: 0.7961000204086304, AccVa: 0.7960000038146973, CeTr: 3.0753633975982666, CeVa: 2.9889111518859863
Epoch: 34, AccTr: 0.8036999702453613, AccVa: 0.800000011920929, CeTr: 2.9649713039398193, CeVa: 2.744692087173462
Epoch: 35, AccTr: 0.7942000031471252, AccVa: 0.7960000038146973, CeTr: 2.968410015106201, CeVa: 2.9285333156585693
ENSEMBLE | Tr_Acc: 0.8324999809265137, Tr_CE: 2.3028159141540527, Va_Acc: 0.8345000147819519, Va_CE: 2.14728045463562
Epoch: 36, AccTr: 0.7954000234603882, AccVa: 0.7864999771118164, CeTr: 2.869502067565918, CeVa: 2.906994104385376
Epoch: 37, AccTr: 0.7978000044822693, AccVa: 0.7950000166893005, CeTr: 2.8784101009368896, CeVa: 2.796739101409912
Epoch: 38, AccTr: 0.7998999953269958, AccVa: 0.7820000052452087, CeTr: 2.867973566055298, CeVa: 2.837007522583008
Epoch: 39, AccTr: 0.8015999794006348, AccVa: 0.7929999828338623, CeTr: 2.8935492038726807, CeVa: 2.8944571018218994
Epoch: 40, AccTr: 0.801800012588501, AccVa: 0.7994999885559082, CeTr: 2.8836286067962646, CeVa: 2.753176689147949
ENSEMBLE | Tr_Acc: 0.8492000102996826, Tr_CE: 2.090444326400757, Va_Acc: 0.8514999747276306, Va_CE: 1.9240878820419312
Epoch: 41, AccTr: 0.7935000061988831, AccVa: 0.7914999723434448, CeTr: 2.975555419921875, CeVa: 3.0308098793029785
Epoch: 42, AccTr: 0.7835000157356262, AccVa: 0.7960000038146973, CeTr: 3.063922643661499, CeVa: 2.920246124267578
Epoch: 43, AccTr: 0.7882000207901001, AccVa: 0.7839999794960022, CeTr: 3.03814697265625, CeVa: 3.0259296894073486
Epoch: 44, AccTr: 0.791100025177002, AccVa: 0.7929999828338623, CeTr: 3.003087282180786, CeVa: 2.8256278038024902
Epoch: 45, AccTr: 0.8003000020980835, AccVa: 0.7954999804496765, CeTr: 2.736931324005127, CeVa: 2.605581760406494
ENSEMBLE | Tr_Acc: 0.8560000061988831, Tr_CE: 1.9570796489715576, Va_Acc: 0.862500011920929, Va_CE: 1.788720965385437
Epoch: 46, AccTr: 0.7857000231742859, AccVa: 0.7820000052452087, CeTr: 2.89129376411438, CeVa: 2.841771125793457
Epoch: 47, AccTr: 0.7967000007629395, AccVa: 0.7950000166893005, CeTr: 2.6907424926757812, CeVa: 2.7077929973602295
Epoch: 48, AccTr: 0.7922999858856201, AccVa: 0.8040000200271606, CeTr: 2.789071798324585, CeVa: 2.716336965560913
Epoch: 49, AccTr: 0.7919999957084656, AccVa: 0.7829999923706055, CeTr: 2.597825765609741, CeVa: 2.617358446121216
Epoch: 50, AccTr: 0.7950999736785889, AccVa: 0.7900000214576721, CeTr: 2.6481971740722656, CeVa: 2.7255377769470215
ENSEMBLE | Tr_Acc: 0.8604000210762024, Tr_CE: 1.8591498136520386, Va_Acc: 0.8665000200271606, Va_CE: 1.7367594242095947
Epoch: 51, AccTr: 0.777400016784668, AccVa: 0.765999972820282, CeTr: 2.750577926635742, CeVa: 2.7746875286102295
Epoch: 52, AccTr: 0.7827000021934509, AccVa: 0.7760000228881836, CeTr: 2.9374072551727295, CeVa: 2.7437586784362793
Epoch: 53, AccTr: 0.7678999900817871, AccVa: 0.781000018119812, CeTr: 3.0906851291656494, CeVa: 2.916980028152466
Epoch: 54, AccTr: 0.7910000085830688, AccVa: 0.7854999899864197, CeTr: 2.877298355102539, CeVa: 2.75583815574646
Epoch: 55, AccTr: 0.7894999980926514, AccVa: 0.7760000228881836, CeTr: 2.8270835876464844, CeVa: 2.9904589653015137
ENSEMBLE | Tr_Acc: 0.8644999861717224, Tr_CE: 1.8183128833770752, Va_Acc: 0.862500011920929, Va_CE: 1.7272627353668213
Epoch: 56, AccTr: 0.7897999882698059, AccVa: 0.8025000095367432, CeTr: 2.790132522583008, CeVa: 2.613673686981201
Epoch: 57, AccTr: 0.7894999980926514, AccVa: 0.7900000214576721, CeTr: 2.876695394515991, CeVa: 2.775639533996582
Epoch: 58, AccTr: 0.785099983215332, AccVa: 0.7684999704360962, CeTr: 2.87827467918396, CeVa: 2.9625086784362793
Epoch: 59, AccTr: 0.7908999919891357, AccVa: 0.7850000262260437, CeTr: 2.8370301723480225, CeVa: 2.9105451107025146
Epoch: 60, AccTr: 0.7935000061988831, AccVa: 0.7925000190734863, CeTr: 2.923752546310425, CeVa: 2.8635971546173096
ENSEMBLE | Tr_Acc: 0.8615999817848206, Tr_CE: 1.8053929805755615, Va_Acc: 0.8615000247955322, Va_CE: 1.7183358669281006
Epoch: 61, AccTr: 0.792900025844574, AccVa: 0.7904999852180481, CeTr: 2.8179519176483154, CeVa: 2.8412463665008545
Epoch: 62, AccTr: 0.7943999767303467, AccVa: 0.7979999780654907, CeTr: 2.838277816772461, CeVa: 2.877284288406372
Epoch: 63, AccTr: 0.7932000160217285, AccVa: 0.781499981880188, CeTr: 2.9031012058258057, CeVa: 2.852891445159912
Epoch: 64, AccTr: 0.7893999814987183, AccVa: 0.7935000061988831, CeTr: 3.066469430923462, CeVa: 2.967250108718872
Epoch: 65, AccTr: 0.8052999973297119, AccVa: 0.7835000157356262, CeTr: 2.8985941410064697, CeVa: 2.906472682952881
ENSEMBLE | Tr_Acc: 0.8640999794006348, Tr_CE: 1.7853443622589111, Va_Acc: 0.8629999756813049, Va_CE: 1.710822343826294
Epoch: 66, AccTr: 0.801800012588501, AccVa: 0.7944999933242798, CeTr: 2.86063551902771, CeVa: 2.7005443572998047
Epoch: 67, AccTr: 0.8072999715805054, AccVa: 0.7944999933242798, CeTr: 2.7617526054382324, CeVa: 2.823725700378418
Epoch: 68, AccTr: 0.795199990272522, AccVa: 0.7864999771118164, CeTr: 3.0718491077423096, CeVa: 3.0620932579040527
Epoch: 69, AccTr: 0.7975999712944031, AccVa: 0.7914999723434448, CeTr: 2.967264413833618, CeVa: 3.0365495681762695
Epoch: 70, AccTr: 0.7817999720573425, AccVa: 0.7825000286102295, CeTr: 3.1666007041931152, CeVa: 2.92714262008667
ENSEMBLE | Tr_Acc: 0.8640999794006348, Tr_CE: 1.7894195318222046, Va_Acc: 0.8604999780654907, Va_CE: 1.6927019357681274
Epoch: 71, AccTr: 0.7870000004768372, AccVa: 0.7764999866485596, CeTr: 2.9572715759277344, CeVa: 2.8669207096099854
Epoch: 72, AccTr: 0.79830002784729, AccVa: 0.7910000085830688, CeTr: 2.7286951541900635, CeVa: 2.832622766494751
Epoch: 73, AccTr: 0.7888000011444092, AccVa: 0.7894999980926514, CeTr: 2.8055667877197266, CeVa: 2.7446298599243164
Epoch: 74, AccTr: 0.7890999913215637, AccVa: 0.7910000085830688, CeTr: 2.8846163749694824, CeVa: 2.6411426067352295
Epoch: 75, AccTr: 0.7953000068664551, AccVa: 0.7910000085830688, CeTr: 2.8124077320098877, CeVa: 2.8500685691833496
ENSEMBLE | Tr_Acc: 0.8651999831199646, Tr_CE: 1.7707960605621338, Va_Acc: 0.862500011920929, Va_CE: 1.6854233741760254
Epoch: 76, AccTr: 0.7773000001907349, AccVa: 0.7770000100135803, CeTr: 2.9736592769622803, CeVa: 2.9165027141571045
Epoch: 77, AccTr: 0.7910000085830688, AccVa: 0.7990000247955322, CeTr: 3.0236737728118896, CeVa: 2.892378330230713
Epoch: 78, AccTr: 0.8026000261306763, AccVa: 0.796999990940094, CeTr: 2.8056271076202393, CeVa: 2.7767372131347656
Epoch: 79, AccTr: 0.8007000088691711, AccVa: 0.7985000014305115, CeTr: 2.8152284622192383, CeVa: 2.6184473037719727
Epoch: 80, AccTr: 0.7979999780654907, AccVa: 0.7925000190734863, CeTr: 2.8607075214385986, CeVa: 2.777594804763794
ENSEMBLE | Tr_Acc: 0.8671000003814697, Tr_CE: 1.757313847541809, Va_Acc: 0.8604999780654907, Va_CE: 1.672151803970337
Epoch: 81, AccTr: 0.7918000221252441, AccVa: 0.7914999723434448, CeTr: 2.8037984371185303, CeVa: 2.693410873413086
Epoch: 82, AccTr: 0.7903000116348267, AccVa: 0.7770000100135803, CeTr: 2.8333489894866943, CeVa: 2.995370626449585
Epoch: 83, AccTr: 0.798799991607666, AccVa: 0.7850000262260437, CeTr: 2.8125429153442383, CeVa: 2.9102299213409424
Epoch: 84, AccTr: 0.7986999750137329, AccVa: 0.8044999837875366, CeTr: 2.660675525665283, CeVa: 2.73521089553833
Epoch: 85, AccTr: 0.7936999797821045, AccVa: 0.7870000004768372, CeTr: 2.8996074199676514, CeVa: 3.0639898777008057
ENSEMBLE | Tr_Acc: 0.8662999868392944, Tr_CE: 1.7557079792022705, Va_Acc: 0.8629999756813049, Va_CE: 1.6830236911773682
Epoch: 86, AccTr: 0.8052999973297119, AccVa: 0.8029999732971191, CeTr: 2.647238254547119, CeVa: 2.74746036529541
Epoch: 87, AccTr: 0.7924000024795532, AccVa: 0.7975000143051147, CeTr: 2.831097364425659, CeVa: 2.5383048057556152
Epoch: 88, AccTr: 0.7889999747276306, AccVa: 0.784500002861023, CeTr: 2.885235548019409, CeVa: 2.987259864807129
Epoch: 89, AccTr: 0.7932000160217285, AccVa: 0.7770000100135803, CeTr: 2.81462025642395, CeVa: 2.8570661544799805
Epoch: 90, AccTr: 0.7989000082015991, AccVa: 0.7985000014305115, CeTr: 2.891657829284668, CeVa: 2.693904161453247
ENSEMBLE | Tr_Acc: 0.8652999997138977, Tr_CE: 1.7529664039611816, Va_Acc: 0.8640000224113464, Va_CE: 1.6748141050338745
Epoch: 91, AccTr: 0.8019000291824341, AccVa: 0.7875000238418579, CeTr: 2.9054524898529053, CeVa: 3.042740821838379
Epoch: 92, AccTr: 0.7953000068664551, AccVa: 0.7914999723434448, CeTr: 2.8498144149780273, CeVa: 2.831115245819092
Epoch: 93, AccTr: 0.7921000123023987, AccVa: 0.7929999828338623, CeTr: 2.877774715423584, CeVa: 2.9110240936279297
Epoch: 94, AccTr: 0.7936999797821045, AccVa: 0.7695000171661377, CeTr: 2.8411781787872314, CeVa: 3.053633213043213
Epoch: 95, AccTr: 0.805899977684021, AccVa: 0.781499981880188, CeTr: 2.775391101837158, CeVa: 3.0967490673065186
ENSEMBLE | Tr_Acc: 0.8671000003814697, Tr_CE: 1.7454549074172974, Va_Acc: 0.8610000014305115, Va_CE: 1.682155966758728
Epoch: 96, AccTr: 0.8057000041007996, AccVa: 0.7914999723434448, CeTr: 2.7170183658599854, CeVa: 2.6888301372528076
Epoch: 97, AccTr: 0.8044000267982483, AccVa: 0.7929999828338623, CeTr: 2.62444806098938, CeVa: 2.6895012855529785
Epoch: 98, AccTr: 0.796500027179718, AccVa: 0.7929999828338623, CeTr: 2.792894124984741, CeVa: 2.754558563232422
Epoch: 99, AccTr: 0.795799970626831, AccVa: 0.7839999794960022, CeTr: 2.756509780883789, CeVa: 2.7021117210388184
Epoch: 100, AccTr: 0.792900025844574, AccVa: 0.7944999933242798, CeTr: 2.8777718544006348, CeVa: 2.7801685333251953
ENSEMBLE | Tr_Acc: 0.8671000003814697, Tr_CE: 1.7394511699676514, Va_Acc: 0.8650000095367432, Va_CE: 1.67147696018219
Epoch: 101, AccTr: 0.7985000014305115, AccVa: 0.7864999771118164, CeTr: 2.769070625305176, CeVa: 2.831923007965088
Epoch: 102, AccTr: 0.7940000295639038, AccVa: 0.8044999837875366, CeTr: 2.830129623413086, CeVa: 2.640613555908203
Epoch: 103, AccTr: 0.7803999781608582, AccVa: 0.781000018119812, CeTr: 2.9856977462768555, CeVa: 2.890045166015625
Epoch: 104, AccTr: 0.7853000164031982, AccVa: 0.7835000157356262, CeTr: 2.8739516735076904, CeVa: 2.8363380432128906
Epoch: 105, AccTr: 0.7973999977111816, AccVa: 0.7875000238418579, CeTr: 2.836710214614868, CeVa: 2.964555263519287
ENSEMBLE | Tr_Acc: 0.8673999905586243, Tr_CE: 1.7319986820220947, Va_Acc: 0.8619999885559082, Va_CE: 1.6796705722808838
Epoch: 106, AccTr: 0.794700026512146, AccVa: 0.7720000147819519, CeTr: 2.8501505851745605, CeVa: 2.9540505409240723
Epoch: 107, AccTr: 0.7910000085830688, AccVa: 0.784500002861023, CeTr: 2.9119653701782227, CeVa: 2.894402027130127
Epoch: 108, AccTr: 0.7991999983787537, AccVa: 0.7860000133514404, CeTr: 2.763580560684204, CeVa: 2.9426751136779785
Epoch: 109, AccTr: 0.7973999977111816, AccVa: 0.7950000166893005, CeTr: 2.885007619857788, CeVa: 2.980079412460327
Epoch: 110, AccTr: 0.7932999730110168, AccVa: 0.7825000286102295, CeTr: 2.7430248260498047, CeVa: 2.8877503871917725
ENSEMBLE | Tr_Acc: 0.8686000108718872, Tr_CE: 1.7222398519515991, Va_Acc: 0.8619999885559082, Va_CE: 1.6708513498306274
Epoch: 111, AccTr: 0.7975999712944031, AccVa: 0.7829999923706055, CeTr: 2.7286980152130127, CeVa: 2.6120378971099854
Epoch: 112, AccTr: 0.798799991607666, AccVa: 0.7889999747276306, CeTr: 2.6440000534057617, CeVa: 2.629424571990967
Epoch: 113, AccTr: 0.7936999797821045, AccVa: 0.781000018119812, CeTr: 2.749725580215454, CeVa: 2.7939257621765137
Epoch: 114, AccTr: 0.7955999970436096, AccVa: 0.8054999709129333, CeTr: 2.7759816646575928, CeVa: 2.571094274520874
Epoch: 115, AccTr: 0.7922000288963318, AccVa: 0.7710000276565552, CeTr: 2.8004519939422607, CeVa: 3.0960559844970703
ENSEMBLE | Tr_Acc: 0.8684999942779541, Tr_CE: 1.7179820537567139, Va_Acc: 0.8615000247955322, Va_CE: 1.6749497652053833
Epoch: 116, AccTr: 0.8012999892234802, AccVa: 0.7904999852180481, CeTr: 2.6932151317596436, CeVa: 2.8544161319732666
Epoch: 117, AccTr: 0.796999990940094, AccVa: 0.8009999990463257, CeTr: 2.821580171585083, CeVa: 2.5276706218719482
Epoch: 118, AccTr: 0.800599992275238, AccVa: 0.7954999804496765, CeTr: 2.691397190093994, CeVa: 2.6843535900115967
Epoch: 119, AccTr: 0.7876999974250793, AccVa: 0.7749999761581421, CeTr: 2.9329450130462646, CeVa: 2.8696179389953613
Epoch: 120, AccTr: 0.7930999994277954, AccVa: 0.7975000143051147, CeTr: 2.801968812942505, CeVa: 2.766127109527588
ENSEMBLE | Tr_Acc: 0.8690000176429749, Tr_CE: 1.7114431858062744, Va_Acc: 0.8654999732971191, Va_CE: 1.6571615934371948
Epoch: 121, AccTr: 0.7921000123023987, AccVa: 0.7954999804496765, CeTr: 2.8952672481536865, CeVa: 2.834657907485962
Epoch: 122, AccTr: 0.7904999852180481, AccVa: 0.7979999780654907, CeTr: 2.867135763168335, CeVa: 2.7857909202575684
Epoch: 123, AccTr: 0.786899983882904, AccVa: 0.7919999957084656, CeTr: 2.7886297702789307, CeVa: 2.738624334335327
Epoch: 124, AccTr: 0.7864000201225281, AccVa: 0.7829999923706055, CeTr: 2.8923277854919434, CeVa: 2.7630410194396973
Epoch: 125, AccTr: 0.7986000180244446, AccVa: 0.784500002861023, CeTr: 2.7105319499969482, CeVa: 2.687265396118164
ENSEMBLE | Tr_Acc: 0.8693000078201294, Tr_CE: 1.6982754468917847, Va_Acc: 0.8634999990463257, Va_CE: 1.647667407989502
Epoch: 126, AccTr: 0.7971000075340271, AccVa: 0.7925000190734863, CeTr: 2.8201730251312256, CeVa: 2.7970781326293945
Epoch: 127, AccTr: 0.802299976348877, AccVa: 0.7940000295639038, CeTr: 2.6776106357574463, CeVa: 2.758373737335205
Epoch: 128, AccTr: 0.7838000059127808, AccVa: 0.784500002861023, CeTr: 2.8523616790771484, CeVa: 2.7266297340393066
Epoch: 129, AccTr: 0.7896999716758728, AccVa: 0.7835000157356262, CeTr: 2.7977840900421143, CeVa: 2.7721734046936035
Epoch: 130, AccTr: 0.7897999882698059, AccVa: 0.8025000095367432, CeTr: 2.872340202331543, CeVa: 2.741769313812256
ENSEMBLE | Tr_Acc: 0.8695999979972839, Tr_CE: 1.6971181631088257, Va_Acc: 0.8640000224113464, Va_CE: 1.6471813917160034
Epoch: 131, AccTr: 0.7858999967575073, AccVa: 0.7860000133514404, CeTr: 2.7881624698638916, CeVa: 2.8073890209198
Epoch: 132, AccTr: 0.7831000089645386, AccVa: 0.7749999761581421, CeTr: 2.8072211742401123, CeVa: 2.813990831375122
Epoch: 133, AccTr: 0.7846999764442444, AccVa: 0.7770000100135803, CeTr: 2.768261671066284, CeVa: 2.7775235176086426
Epoch: 134, AccTr: 0.7886000275611877, AccVa: 0.7829999923706055, CeTr: 2.7821319103240967, CeVa: 2.663527488708496
Epoch: 135, AccTr: 0.7947999835014343, AccVa: 0.8025000095367432, CeTr: 2.717519998550415, CeVa: 2.734178066253662
ENSEMBLE | Tr_Acc: 0.8690999746322632, Tr_CE: 1.6899240016937256, Va_Acc: 0.8659999966621399, Va_CE: 1.6446987390518188
Epoch: 136, AccTr: 0.7911999821662903, AccVa: 0.7919999957084656, CeTr: 2.7772490978240967, CeVa: 2.725288152694702
Epoch: 137, AccTr: 0.7893999814987183, AccVa: 0.7749999761581421, CeTr: 2.7848308086395264, CeVa: 2.8714585304260254
Epoch: 138, AccTr: 0.7882999777793884, AccVa: 0.7979999780654907, CeTr: 2.769670009613037, CeVa: 2.6817057132720947
Epoch: 139, AccTr: 0.7910000085830688, AccVa: 0.7724999785423279, CeTr: 2.8754796981811523, CeVa: 2.6899120807647705
Epoch: 140, AccTr: 0.7882999777793884, AccVa: 0.7795000076293945, CeTr: 2.709806442260742, CeVa: 2.8186421394348145
ENSEMBLE | Tr_Acc: 0.8690999746322632, Tr_CE: 1.6839419603347778, Va_Acc: 0.8669999837875366, Va_CE: 1.6423283815383911
Epoch: 141, AccTr: 0.7993000149726868, AccVa: 0.784500002861023, CeTr: 2.737618923187256, CeVa: 2.6818408966064453
Epoch: 142, AccTr: 0.8032000064849854, AccVa: 0.7904999852180481, CeTr: 2.5642518997192383, CeVa: 2.5100741386413574
Epoch: 143, AccTr: 0.7935000061988831, AccVa: 0.7875000238418579, CeTr: 2.6423773765563965, CeVa: 2.5992798805236816
Epoch: 144, AccTr: 0.7890999913215637, AccVa: 0.781499981880188, CeTr: 2.6362557411193848, CeVa: 2.6021153926849365
Epoch: 145, AccTr: 0.7907999753952026, AccVa: 0.7885000109672546, CeTr: 2.6473710536956787, CeVa: 2.6872916221618652
ENSEMBLE | Tr_Acc: 0.8693000078201294, Tr_CE: 1.6751466989517212, Va_Acc: 0.8659999966621399, Va_CE: 1.634549856185913
Epoch: 146, AccTr: 0.7975000143051147, AccVa: 0.7919999957084656, CeTr: 2.650622606277466, CeVa: 2.757385015487671
Epoch: 147, AccTr: 0.7914999723434448, AccVa: 0.7885000109672546, CeTr: 2.6849749088287354, CeVa: 2.7131588459014893
Epoch: 148, AccTr: 0.7925999760627747, AccVa: 0.7925000190734863, CeTr: 2.6090445518493652, CeVa: 2.5414059162139893
Epoch: 149, AccTr: 0.7942000031471252, AccVa: 0.7904999852180481, CeTr: 2.707036256790161, CeVa: 2.6987078189849854
Epoch: 150, AccTr: 0.7994999885559082, AccVa: 0.7774999737739563, CeTr: 2.6577775478363037, CeVa: 2.626145839691162
ENSEMBLE | Tr_Acc: 0.869700014591217, Tr_CE: 1.6699961423873901, Va_Acc: 0.8644999861717224, Va_CE: 1.6257967948913574
NN CONFIG
Weight-type:		binary
Layout									Layer #1: 280	Layer #2: 200	
Activation Functions					Layer #1: bs	Layer #2: bs	
Keep probabilities		Layer #0: 1.0	Layer #1: 1.0	Layer #2: 1.0	
Flat factors							Layer #1: 1.0	Layer #2: 1.0	Layer #3: 1.0	
Activation Noise						Layer #1: 1.4000000000000001	Layer #2: 1.4000000000000001	Layer #3: 0.0	
Prior: 0.7

===================================

RUN CONFIG
Epochs: 150, Blocksize: 8

===================================

Input binarization: False
Epoch: 1, AccTr: 0.8756999969482422, AccVa: 0.862500011920929, CeTr: 1.8636202812194824, CeVa: 2.0520825386047363
Epoch: 2, AccTr: 0.8499000072479248, AccVa: 0.8510000109672546, CeTr: 2.1801836490631104, CeVa: 2.158295154571533
Epoch: 3, AccTr: 0.8382999897003174, AccVa: 0.8324999809265137, CeTr: 2.4538931846618652, CeVa: 2.646559000015259
Epoch: 4, AccTr: 0.8263000249862671, AccVa: 0.8169999718666077, CeTr: 2.665982484817505, CeVa: 2.74684739112854
Epoch: 5, AccTr: 0.8223000168800354, AccVa: 0.8159999847412109, CeTr: 2.6464786529541016, CeVa: 2.570793867111206
Epoch: 6, AccTr: 0.822700023651123, AccVa: 0.8080000281333923, CeTr: 2.5276341438293457, CeVa: 2.5484540462493896
Epoch: 7, AccTr: 0.8137000203132629, AccVa: 0.8075000047683716, CeTr: 2.691812038421631, CeVa: 2.624391555786133
Epoch: 8, AccTr: 0.808899998664856, AccVa: 0.8004999756813049, CeTr: 2.742854595184326, CeVa: 2.6570723056793213
Epoch: 9, AccTr: 0.8087999820709229, AccVa: 0.8100000023841858, CeTr: 2.6748781204223633, CeVa: 2.549912452697754
Epoch: 10, AccTr: 0.8083000183105469, AccVa: 0.8059999942779541, CeTr: 2.702235221862793, CeVa: 2.6498446464538574
Epoch: 11, AccTr: 0.8079000115394592, AccVa: 0.8119999766349792, CeTr: 2.696586847305298, CeVa: 2.7837719917297363
Epoch: 12, AccTr: 0.807200014591217, AccVa: 0.8100000023841858, CeTr: 2.7793686389923096, CeVa: 2.78983473777771
Epoch: 13, AccTr: 0.8050000071525574, AccVa: 0.8029999732971191, CeTr: 2.722533702850342, CeVa: 2.7103283405303955
Epoch: 14, AccTr: 0.8097000122070312, AccVa: 0.8044999837875366, CeTr: 2.6704719066619873, CeVa: 2.5017623901367188
Epoch: 15, AccTr: 0.8069000244140625, AccVa: 0.8034999966621399, CeTr: 2.5285000801086426, CeVa: 2.462367534637451
Epoch: 16, AccTr: 0.7919999957084656, AccVa: 0.796999990940094, CeTr: 2.689143657684326, CeVa: 2.507327079772949
Epoch: 17, AccTr: 0.7958999872207642, AccVa: 0.7854999899864197, CeTr: 2.7235465049743652, CeVa: 2.7705628871917725
Epoch: 18, AccTr: 0.7890999913215637, AccVa: 0.7854999899864197, CeTr: 2.729249954223633, CeVa: 2.7039408683776855
Epoch: 19, AccTr: 0.8015000224113464, AccVa: 0.8040000200271606, CeTr: 2.5605051517486572, CeVa: 2.477816343307495
Epoch: 20, AccTr: 0.7968000173568726, AccVa: 0.7950000166893005, CeTr: 2.652096748352051, CeVa: 2.700430154800415
Epoch: 21, AccTr: 0.7858999967575073, AccVa: 0.7829999923706055, CeTr: 2.751100540161133, CeVa: 2.5767080783843994
Epoch: 22, AccTr: 0.7900999784469604, AccVa: 0.7774999737739563, CeTr: 2.739339828491211, CeVa: 2.8083693981170654
Epoch: 23, AccTr: 0.7846999764442444, AccVa: 0.7789999842643738, CeTr: 2.848081350326538, CeVa: 2.7106549739837646
Epoch: 24, AccTr: 0.792900025844574, AccVa: 0.7879999876022339, CeTr: 2.871002435684204, CeVa: 2.7259695529937744
Epoch: 25, AccTr: 0.7943999767303467, AccVa: 0.7854999899864197, CeTr: 2.610151529312134, CeVa: 2.6388792991638184
Epoch: 26, AccTr: 0.7894999980926514, AccVa: 0.7785000205039978, CeTr: 2.6933846473693848, CeVa: 2.8059518337249756
Epoch: 27, AccTr: 0.7858999967575073, AccVa: 0.777999997138977, CeTr: 2.63964581489563, CeVa: 2.5735952854156494
Epoch: 28, AccTr: 0.7911999821662903, AccVa: 0.7745000123977661, CeTr: 2.6019487380981445, CeVa: 2.6014339923858643
Epoch: 29, AccTr: 0.7732999920845032, AccVa: 0.7774999737739563, CeTr: 2.7932803630828857, CeVa: 2.597255229949951
Epoch: 30, AccTr: 0.7773000001907349, AccVa: 0.7804999947547913, CeTr: 2.715585231781006, CeVa: 2.589003562927246
ENSEMBLE | Tr_Acc: 0.7773000001907349, Tr_CE: 2.715585231781006, Va_Acc: 0.7804999947547913, Va_CE: 2.589003562927246
Epoch: 31, AccTr: 0.7767000198364258, AccVa: 0.7754999995231628, CeTr: 2.6964004039764404, CeVa: 2.602471351623535
Epoch: 32, AccTr: 0.7840999960899353, AccVa: 0.784500002861023, CeTr: 2.5331525802612305, CeVa: 2.4312615394592285
Epoch: 33, AccTr: 0.7833999991416931, AccVa: 0.777999997138977, CeTr: 2.6001882553100586, CeVa: 2.3549060821533203
Epoch: 34, AccTr: 0.7860999703407288, AccVa: 0.7879999876022339, CeTr: 2.7103471755981445, CeVa: 2.664884567260742
Epoch: 35, AccTr: 0.7749999761581421, AccVa: 0.7760000228881836, CeTr: 2.7556312084198, CeVa: 2.663092613220215
ENSEMBLE | Tr_Acc: 0.8125, Tr_CE: 2.1301259994506836, Va_Acc: 0.8080000281333923, Va_CE: 2.080028772354126
Epoch: 36, AccTr: 0.7825000286102295, AccVa: 0.7754999995231628, CeTr: 2.6163504123687744, CeVa: 2.6008970737457275
Epoch: 37, AccTr: 0.7892000079154968, AccVa: 0.7994999885559082, CeTr: 2.5851831436157227, CeVa: 2.4226772785186768
Epoch: 38, AccTr: 0.7886999845504761, AccVa: 0.7850000262260437, CeTr: 2.436755418777466, CeVa: 2.4360058307647705
Epoch: 39, AccTr: 0.7889000177383423, AccVa: 0.7875000238418579, CeTr: 2.4402995109558105, CeVa: 2.285562515258789
Epoch: 40, AccTr: 0.7860000133514404, AccVa: 0.777999997138977, CeTr: 2.505660057067871, CeVa: 2.3618245124816895
ENSEMBLE | Tr_Acc: 0.8300999999046326, Tr_CE: 1.852394938468933, Va_Acc: 0.8299999833106995, Va_CE: 1.7749897241592407
Epoch: 41, AccTr: 0.7842000126838684, AccVa: 0.7785000205039978, CeTr: 2.6295835971832275, CeVa: 2.5516018867492676
Epoch: 42, AccTr: 0.7907999753952026, AccVa: 0.7795000076293945, CeTr: 2.4644672870635986, CeVa: 2.449596643447876
Epoch: 43, AccTr: 0.7954999804496765, AccVa: 0.7925000190734863, CeTr: 2.524928092956543, CeVa: 2.388425827026367
Epoch: 44, AccTr: 0.7889000177383423, AccVa: 0.784500002861023, CeTr: 2.5624167919158936, CeVa: 2.5324811935424805
Epoch: 45, AccTr: 0.7896000146865845, AccVa: 0.7739999890327454, CeTr: 2.5808825492858887, CeVa: 2.5524706840515137
ENSEMBLE | Tr_Acc: 0.8424999713897705, Tr_CE: 1.7457802295684814, Va_Acc: 0.8355000019073486, Va_CE: 1.6630022525787354
Epoch: 46, AccTr: 0.7947999835014343, AccVa: 0.7879999876022339, CeTr: 2.6285247802734375, CeVa: 2.654604911804199
Epoch: 47, AccTr: 0.7979000210762024, AccVa: 0.7850000262260437, CeTr: 2.523658275604248, CeVa: 2.5654056072235107
Epoch: 48, AccTr: 0.7944999933242798, AccVa: 0.7885000109672546, CeTr: 2.511871576309204, CeVa: 2.535283088684082
Epoch: 49, AccTr: 0.8019999861717224, AccVa: 0.7795000076293945, CeTr: 2.441035270690918, CeVa: 2.5178966522216797
Epoch: 50, AccTr: 0.794700026512146, AccVa: 0.7785000205039978, CeTr: 2.5177931785583496, CeVa: 2.6232333183288574
ENSEMBLE | Tr_Acc: 0.8500999808311462, Tr_CE: 1.6880183219909668, Va_Acc: 0.8454999923706055, Va_CE: 1.630723237991333
Epoch: 51, AccTr: 0.7924000024795532, AccVa: 0.7714999914169312, CeTr: 2.5698249340057373, CeVa: 2.7245240211486816
Epoch: 52, AccTr: 0.7860000133514404, AccVa: 0.7724999785423279, CeTr: 2.6160964965820312, CeVa: 2.65585994720459
Epoch: 53, AccTr: 0.7940999865531921, AccVa: 0.7850000262260437, CeTr: 2.5867159366607666, CeVa: 2.7050600051879883
Epoch: 54, AccTr: 0.7936999797821045, AccVa: 0.7870000004768372, CeTr: 2.6486918926239014, CeVa: 2.5516610145568848
Epoch: 55, AccTr: 0.7954000234603882, AccVa: 0.8034999966621399, CeTr: 2.6407010555267334, CeVa: 2.491537094116211
ENSEMBLE | Tr_Acc: 0.8504999876022339, Tr_CE: 1.6524128913879395, Va_Acc: 0.8489999771118164, Va_CE: 1.55586838722229
Epoch: 56, AccTr: 0.8025000095367432, AccVa: 0.7954999804496765, CeTr: 2.5010323524475098, CeVa: 2.5993666648864746
Epoch: 57, AccTr: 0.8058000206947327, AccVa: 0.8029999732971191, CeTr: 2.524723529815674, CeVa: 2.431317090988159
Epoch: 58, AccTr: 0.8027999997138977, AccVa: 0.8025000095367432, CeTr: 2.520319938659668, CeVa: 2.339359760284424
Epoch: 59, AccTr: 0.8012999892234802, AccVa: 0.7860000133514404, CeTr: 2.4582300186157227, CeVa: 2.531534433364868
Epoch: 60, AccTr: 0.7973999977111816, AccVa: 0.7975000143051147, CeTr: 2.4578213691711426, CeVa: 2.382286310195923
ENSEMBLE | Tr_Acc: 0.8565000295639038, Tr_CE: 1.6047463417053223, Va_Acc: 0.8550000190734863, Va_CE: 1.5065191984176636
Epoch: 61, AccTr: 0.7990000247955322, AccVa: 0.7975000143051147, CeTr: 2.5079967975616455, CeVa: 2.3980906009674072
Epoch: 62, AccTr: 0.7832000255584717, AccVa: 0.7764999866485596, CeTr: 2.7184643745422363, CeVa: 2.480513572692871
Epoch: 63, AccTr: 0.7870000004768372, AccVa: 0.7919999957084656, CeTr: 2.581195592880249, CeVa: 2.4444117546081543
Epoch: 64, AccTr: 0.7874000072479248, AccVa: 0.7799999713897705, CeTr: 2.605393409729004, CeVa: 2.520301580429077
Epoch: 65, AccTr: 0.7990999817848206, AccVa: 0.8004999756813049, CeTr: 2.484675884246826, CeVa: 2.3516759872436523
ENSEMBLE | Tr_Acc: 0.8600999712944031, Tr_CE: 1.5838812589645386, Va_Acc: 0.8615000247955322, Va_CE: 1.4898370504379272
Epoch: 66, AccTr: 0.7777000069618225, AccVa: 0.7820000052452087, CeTr: 2.6807920932769775, CeVa: 2.4603238105773926
Epoch: 67, AccTr: 0.7972999811172485, AccVa: 0.7985000014305115, CeTr: 2.4700663089752197, CeVa: 2.4193222522735596
Epoch: 68, AccTr: 0.7929999828338623, AccVa: 0.7935000061988831, CeTr: 2.5815577507019043, CeVa: 2.3224637508392334
Epoch: 69, AccTr: 0.794700026512146, AccVa: 0.7754999995231628, CeTr: 2.5631155967712402, CeVa: 2.536797523498535
Epoch: 70, AccTr: 0.7876999974250793, AccVa: 0.7860000133514404, CeTr: 2.624807357788086, CeVa: 2.6180269718170166
ENSEMBLE | Tr_Acc: 0.8597000241279602, Tr_CE: 1.5696402788162231, Va_Acc: 0.8600000143051147, Va_CE: 1.4826738834381104
Epoch: 71, AccTr: 0.7960000038146973, AccVa: 0.7879999876022339, CeTr: 2.5624959468841553, CeVa: 2.474477529525757
Epoch: 72, AccTr: 0.7975999712944031, AccVa: 0.7950000166893005, CeTr: 2.484039783477783, CeVa: 2.4698173999786377
Epoch: 73, AccTr: 0.7896000146865845, AccVa: 0.7789999842643738, CeTr: 2.6626229286193848, CeVa: 2.645242214202881
Epoch: 74, AccTr: 0.7883999943733215, AccVa: 0.7829999923706055, CeTr: 2.6757967472076416, CeVa: 2.4253158569335938
Epoch: 75, AccTr: 0.7839999794960022, AccVa: 0.7904999852180481, CeTr: 2.81402587890625, CeVa: 2.553684949874878
ENSEMBLE | Tr_Acc: 0.8598999977111816, Tr_CE: 1.572253704071045, Va_Acc: 0.8634999990463257, Va_CE: 1.4772766828536987
Epoch: 76, AccTr: 0.7842000126838684, AccVa: 0.7875000238418579, CeTr: 2.866159200668335, CeVa: 2.68540620803833
Epoch: 77, AccTr: 0.7922999858856201, AccVa: 0.7900000214576721, CeTr: 2.6088743209838867, CeVa: 2.7354936599731445
Epoch: 78, AccTr: 0.7842000126838684, AccVa: 0.7829999923706055, CeTr: 2.7566399574279785, CeVa: 2.638772964477539
Epoch: 79, AccTr: 0.7811999917030334, AccVa: 0.777999997138977, CeTr: 2.7058796882629395, CeVa: 2.8087427616119385
Epoch: 80, AccTr: 0.7746000289916992, AccVa: 0.7864999771118164, CeTr: 2.894176483154297, CeVa: 2.6995108127593994
ENSEMBLE | Tr_Acc: 0.8603000044822693, Tr_CE: 1.5824328660964966, Va_Acc: 0.8619999885559082, Va_CE: 1.4815661907196045
Epoch: 81, AccTr: 0.7840999960899353, AccVa: 0.7795000076293945, CeTr: 2.648967981338501, CeVa: 2.568049430847168
Epoch: 82, AccTr: 0.786300003528595, AccVa: 0.7914999723434448, CeTr: 2.761385202407837, CeVa: 2.625537633895874
Epoch: 83, AccTr: 0.7906000018119812, AccVa: 0.7900000214576721, CeTr: 2.68168568611145, CeVa: 2.450895071029663
Epoch: 84, AccTr: 0.7900999784469604, AccVa: 0.781000018119812, CeTr: 2.6079463958740234, CeVa: 2.7426464557647705
Epoch: 85, AccTr: 0.7928000092506409, AccVa: 0.7850000262260437, CeTr: 2.601445198059082, CeVa: 2.5112884044647217
ENSEMBLE | Tr_Acc: 0.8608999848365784, Tr_CE: 1.5692453384399414, Va_Acc: 0.862500011920929, Va_CE: 1.4629849195480347
Epoch: 86, AccTr: 0.779699981212616, AccVa: 0.8025000095367432, CeTr: 2.7299559116363525, CeVa: 2.4481067657470703
Epoch: 87, AccTr: 0.795199990272522, AccVa: 0.7904999852180481, CeTr: 2.697983503341675, CeVa: 2.4808645248413086
Epoch: 88, AccTr: 0.7839999794960022, AccVa: 0.7735000252723694, CeTr: 2.7913639545440674, CeVa: 2.8649682998657227
Epoch: 89, AccTr: 0.7828999757766724, AccVa: 0.7835000157356262, CeTr: 2.824429750442505, CeVa: 2.61150860786438
Epoch: 90, AccTr: 0.7853000164031982, AccVa: 0.7774999737739563, CeTr: 2.687196731567383, CeVa: 2.752732276916504
ENSEMBLE | Tr_Acc: 0.8611000180244446, Tr_CE: 1.570760726928711, Va_Acc: 0.8659999966621399, Va_CE: 1.4675822257995605
Epoch: 91, AccTr: 0.7876999974250793, AccVa: 0.7804999947547913, CeTr: 2.722769021987915, CeVa: 2.5729658603668213
Epoch: 92, AccTr: 0.7929999828338623, AccVa: 0.7735000252723694, CeTr: 2.6919124126434326, CeVa: 2.6847918033599854
Epoch: 93, AccTr: 0.7822999954223633, AccVa: 0.7774999737739563, CeTr: 2.9097421169281006, CeVa: 2.8782176971435547
Epoch: 94, AccTr: 0.7964000105857849, AccVa: 0.7925000190734863, CeTr: 2.650353193283081, CeVa: 2.5575904846191406
Epoch: 95, AccTr: 0.805899977684021, AccVa: 0.796999990940094, CeTr: 2.5131895542144775, CeVa: 2.500593900680542
ENSEMBLE | Tr_Acc: 0.8639000058174133, Tr_CE: 1.564985990524292, Va_Acc: 0.8654999732971191, Va_CE: 1.4665191173553467
Epoch: 96, AccTr: 0.7914999723434448, AccVa: 0.7875000238418579, CeTr: 2.727017402648926, CeVa: 2.745819091796875
Epoch: 97, AccTr: 0.7738999724388123, AccVa: 0.7789999842643738, CeTr: 2.745304584503174, CeVa: 2.6653881072998047
Epoch: 98, AccTr: 0.7820000052452087, AccVa: 0.7664999961853027, CeTr: 2.72164249420166, CeVa: 2.716644287109375
Epoch: 99, AccTr: 0.7797999978065491, AccVa: 0.765500009059906, CeTr: 2.7967402935028076, CeVa: 2.7228503227233887
Epoch: 100, AccTr: 0.7876999974250793, AccVa: 0.7804999947547913, CeTr: 2.6559176445007324, CeVa: 2.5848464965820312
ENSEMBLE | Tr_Acc: 0.864300012588501, Tr_CE: 1.5607131719589233, Va_Acc: 0.8615000247955322, Va_CE: 1.4698940515518188
Epoch: 101, AccTr: 0.7807000279426575, AccVa: 0.7749999761581421, CeTr: 2.7332537174224854, CeVa: 2.7000720500946045
Epoch: 102, AccTr: 0.78329998254776, AccVa: 0.7739999890327454, CeTr: 2.666104793548584, CeVa: 2.4792652130126953
Epoch: 103, AccTr: 0.7896999716758728, AccVa: 0.7749999761581421, CeTr: 2.6281538009643555, CeVa: 2.6274161338806152
Epoch: 104, AccTr: 0.786300003528595, AccVa: 0.784500002861023, CeTr: 2.5478525161743164, CeVa: 2.5382192134857178
Epoch: 105, AccTr: 0.7878000140190125, AccVa: 0.7879999876022339, CeTr: 2.600388765335083, CeVa: 2.554612874984741
ENSEMBLE | Tr_Acc: 0.8651999831199646, Tr_CE: 1.5548697710037231, Va_Acc: 0.8634999990463257, Va_CE: 1.4646408557891846
Epoch: 106, AccTr: 0.7843999862670898, AccVa: 0.7795000076293945, CeTr: 2.5736405849456787, CeVa: 2.6529300212860107
Epoch: 107, AccTr: 0.7771999835968018, AccVa: 0.7825000286102295, CeTr: 2.6242148876190186, CeVa: 2.455824136734009
Epoch: 108, AccTr: 0.7804999947547913, AccVa: 0.7730000019073486, CeTr: 2.568887948989868, CeVa: 2.5255444049835205
Epoch: 109, AccTr: 0.7896999716758728, AccVa: 0.7894999980926514, CeTr: 2.5686190128326416, CeVa: 2.4891045093536377
Epoch: 110, AccTr: 0.7828999757766724, AccVa: 0.784500002861023, CeTr: 2.5590734481811523, CeVa: 2.476365089416504
ENSEMBLE | Tr_Acc: 0.8654000163078308, Tr_CE: 1.5520190000534058, Va_Acc: 0.8634999990463257, Va_CE: 1.459057331085205
Epoch: 111, AccTr: 0.7846999764442444, AccVa: 0.7714999914169312, CeTr: 2.660625696182251, CeVa: 2.617478847503662
Epoch: 112, AccTr: 0.7698000073432922, AccVa: 0.7770000100135803, CeTr: 2.6820476055145264, CeVa: 2.723544120788574
Epoch: 113, AccTr: 0.7979999780654907, AccVa: 0.7864999771118164, CeTr: 2.399247884750366, CeVa: 2.489187479019165
Epoch: 114, AccTr: 0.7750999927520752, AccVa: 0.777999997138977, CeTr: 2.7842230796813965, CeVa: 2.5703935623168945
Epoch: 115, AccTr: 0.7839000225067139, AccVa: 0.7789999842643738, CeTr: 2.51924729347229, CeVa: 2.4075889587402344
ENSEMBLE | Tr_Acc: 0.8637999892234802, Tr_CE: 1.5438734292984009, Va_Acc: 0.8634999990463257, Va_CE: 1.4481853246688843
Epoch: 116, AccTr: 0.7789000272750854, AccVa: 0.7689999938011169, CeTr: 2.6342227458953857, CeVa: 2.5921082496643066
Epoch: 117, AccTr: 0.781499981880188, AccVa: 0.7674999833106995, CeTr: 2.5773355960845947, CeVa: 2.469961166381836
Epoch: 118, AccTr: 0.7907999753952026, AccVa: 0.7940000295639038, CeTr: 2.593902826309204, CeVa: 2.409008741378784
Epoch: 119, AccTr: 0.7914999723434448, AccVa: 0.7985000014305115, CeTr: 2.6934566497802734, CeVa: 2.494110345840454
Epoch: 120, AccTr: 0.7889999747276306, AccVa: 0.781000018119812, CeTr: 2.675438642501831, CeVa: 2.3939967155456543
ENSEMBLE | Tr_Acc: 0.8640999794006348, Tr_CE: 1.5458601713180542, Va_Acc: 0.862500011920929, Va_CE: 1.4416853189468384
Epoch: 121, AccTr: 0.7968999743461609, AccVa: 0.7889999747276306, CeTr: 2.533292770385742, CeVa: 2.570284128189087
Epoch: 122, AccTr: 0.805400013923645, AccVa: 0.7864999771118164, CeTr: 2.382218360900879, CeVa: 2.4388604164123535
Epoch: 123, AccTr: 0.7810999751091003, AccVa: 0.7774999737739563, CeTr: 2.623926877975464, CeVa: 2.523338556289673
Epoch: 124, AccTr: 0.784500002861023, AccVa: 0.7749999761581421, CeTr: 2.5936496257781982, CeVa: 2.6682562828063965
Epoch: 125, AccTr: 0.7817999720573425, AccVa: 0.784500002861023, CeTr: 2.7818996906280518, CeVa: 2.558271884918213
ENSEMBLE | Tr_Acc: 0.8636000156402588, Tr_CE: 1.550210952758789, Va_Acc: 0.8610000014305115, Va_CE: 1.4436031579971313
Epoch: 126, AccTr: 0.7906000018119812, AccVa: 0.7804999947547913, CeTr: 2.5867254734039307, CeVa: 2.6383395195007324
Epoch: 127, AccTr: 0.7857000231742859, AccVa: 0.7795000076293945, CeTr: 2.757669448852539, CeVa: 2.7470200061798096
Epoch: 128, AccTr: 0.7872999906539917, AccVa: 0.7929999828338623, CeTr: 2.6162259578704834, CeVa: 2.5074775218963623
Epoch: 129, AccTr: 0.7860999703407288, AccVa: 0.7839999794960022, CeTr: 2.6655097007751465, CeVa: 2.61751127243042
Epoch: 130, AccTr: 0.7937999963760376, AccVa: 0.781000018119812, CeTr: 2.5738723278045654, CeVa: 2.547264814376831
ENSEMBLE | Tr_Acc: 0.8650000095367432, Tr_CE: 1.546968698501587, Va_Acc: 0.8610000014305115, Va_CE: 1.4421519041061401
Epoch: 131, AccTr: 0.7925000190734863, AccVa: 0.7954999804496765, CeTr: 2.6308252811431885, CeVa: 2.4940478801727295
Epoch: 132, AccTr: 0.7964000105857849, AccVa: 0.796999990940094, CeTr: 2.61027193069458, CeVa: 2.414937734603882
Epoch: 133, AccTr: 0.7943999767303467, AccVa: 0.7799999713897705, CeTr: 2.666095018386841, CeVa: 2.5580196380615234
Epoch: 134, AccTr: 0.7854999899864197, AccVa: 0.7854999899864197, CeTr: 2.699160575866699, CeVa: 2.506744623184204
Epoch: 135, AccTr: 0.7949000000953674, AccVa: 0.7960000038146973, CeTr: 2.5869967937469482, CeVa: 2.3268275260925293
ENSEMBLE | Tr_Acc: 0.8654999732971191, Tr_CE: 1.5446181297302246, Va_Acc: 0.8610000014305115, Va_CE: 1.4357502460479736
Epoch: 136, AccTr: 0.7946000099182129, AccVa: 0.7919999957084656, CeTr: 2.656043767929077, CeVa: 2.452324151992798
Epoch: 137, AccTr: 0.7896999716758728, AccVa: 0.7804999947547913, CeTr: 2.779003620147705, CeVa: 2.6464643478393555
Epoch: 138, AccTr: 0.7900999784469604, AccVa: 0.7875000238418579, CeTr: 2.625837564468384, CeVa: 2.582423448562622
Epoch: 139, AccTr: 0.7809000015258789, AccVa: 0.7789999842643738, CeTr: 2.8071930408477783, CeVa: 2.7178187370300293
Epoch: 140, AccTr: 0.7843999862670898, AccVa: 0.7950000166893005, CeTr: 2.6374735832214355, CeVa: 2.3932313919067383
ENSEMBLE | Tr_Acc: 0.8644000291824341, Tr_CE: 1.5402724742889404, Va_Acc: 0.8634999990463257, Va_CE: 1.432906985282898
Epoch: 141, AccTr: 0.788100004196167, AccVa: 0.796500027179718, CeTr: 2.6250534057617188, CeVa: 2.512453079223633
Epoch: 142, AccTr: 0.7907999753952026, AccVa: 0.7879999876022339, CeTr: 2.648291826248169, CeVa: 2.6937191486358643
Epoch: 143, AccTr: 0.7950999736785889, AccVa: 0.7929999828338623, CeTr: 2.6192774772644043, CeVa: 2.494750738143921
Epoch: 144, AccTr: 0.7748000025749207, AccVa: 0.7689999938011169, CeTr: 2.8992559909820557, CeVa: 2.8644556999206543
Epoch: 145, AccTr: 0.7924000024795532, AccVa: 0.7894999980926514, CeTr: 2.6645820140838623, CeVa: 2.6615829467773438
ENSEMBLE | Tr_Acc: 0.8640000224113464, Tr_CE: 1.5393407344818115, Va_Acc: 0.8640000224113464, Va_CE: 1.4334019422531128
Epoch: 146, AccTr: 0.7947999835014343, AccVa: 0.7919999957084656, CeTr: 2.578214168548584, CeVa: 2.419222354888916
Epoch: 147, AccTr: 0.7838000059127808, AccVa: 0.7804999947547913, CeTr: 2.678783655166626, CeVa: 2.6933069229125977
Epoch: 148, AccTr: 0.7865999937057495, AccVa: 0.7894999980926514, CeTr: 2.5851075649261475, CeVa: 2.3796610832214355
Epoch: 149, AccTr: 0.791100025177002, AccVa: 0.7900000214576721, CeTr: 2.501964807510376, CeVa: 2.3446271419525146
Epoch: 150, AccTr: 0.7865999937057495, AccVa: 0.7875000238418579, CeTr: 2.6405136585235596, CeVa: 2.5003650188446045
ENSEMBLE | Tr_Acc: 0.8641999959945679, Tr_CE: 1.542302131652832, Va_Acc: 0.8640000224113464, Va_CE: 1.432525396347046
Mod Accuracy || Mean: 0.7825000286102295	 Std: 0.005000025033950806
Ens Accuracy || Mean: 0.8642500042915344	 Std: 0.0002499818801879883
Mod CE || Mean: 2.5632553100585938	 Std: 0.06289041042327881
Ens CE || Mean: 1.5291610956192017	 Std: 0.09663569927215576
