NN CONFIG
Weight-type:		binary
Layout									Layer #1: 280	Layer #2: 200	
Activation Functions					Layer #1: bs	Layer #2: bs	
Keep probabilities		Layer #0: 0.99	Layer #1: 1.0	Layer #2: 1.0	
Flat factors							Layer #1: 1.0	Layer #2: 1.0	Layer #3: 1.0	
Activation Noise						Layer #1: 0.8	Layer #2: 0.8	Layer #3: 0.0	

===================================

RUN CONFIG
Epochs: 150, Blocksize: 8

===================================

Epoch: 1, AccTr: 0.869700014591217, AccVa: 0.8339999914169312, CeTr: 1.0969393253326416, CeVa: 1.707394003868103
Epoch: 2, AccTr: 0.8607000112533569, AccVa: 0.824999988079071, CeTr: 1.2341996431350708, CeVa: 1.6912596225738525
Epoch: 3, AccTr: 0.8450000286102295, AccVa: 0.8234999775886536, CeTr: 1.3793184757232666, CeVa: 1.822950839996338
Epoch: 4, AccTr: 0.8414999842643738, AccVa: 0.8144999742507935, CeTr: 1.467857837677002, CeVa: 1.949233055114746
Epoch: 5, AccTr: 0.8357999920845032, AccVa: 0.8115000128746033, CeTr: 1.4851197004318237, CeVa: 1.9975429773330688
Epoch: 6, AccTr: 0.8385000228881836, AccVa: 0.8144999742507935, CeTr: 1.4207565784454346, CeVa: 1.8212095499038696
Epoch: 7, AccTr: 0.835099995136261, AccVa: 0.8080000281333923, CeTr: 1.5617369413375854, CeVa: 1.9822808504104614
Epoch: 8, AccTr: 0.8359000086784363, AccVa: 0.8105000257492065, CeTr: 1.5214157104492188, CeVa: 1.896295189857483
Epoch: 9, AccTr: 0.8306999802589417, AccVa: 0.8199999928474426, CeTr: 1.6579257249832153, CeVa: 1.9566034078598022
Epoch: 10, AccTr: 0.8375999927520752, AccVa: 0.8050000071525574, CeTr: 1.583305835723877, CeVa: 2.127427816390991
Epoch: 11, AccTr: 0.8324000239372253, AccVa: 0.8034999966621399, CeTr: 1.674634337425232, CeVa: 2.232628345489502
Epoch: 12, AccTr: 0.8359000086784363, AccVa: 0.8119999766349792, CeTr: 1.6115484237670898, CeVa: 2.176039934158325
Epoch: 13, AccTr: 0.8307999968528748, AccVa: 0.8125, CeTr: 1.656126618385315, CeVa: 2.0769457817077637
Epoch: 14, AccTr: 0.8317000269889832, AccVa: 0.8209999799728394, CeTr: 1.6401262283325195, CeVa: 1.9369934797286987
Epoch: 15, AccTr: 0.8321999907493591, AccVa: 0.7990000247955322, CeTr: 1.6129412651062012, CeVa: 2.14096999168396
Epoch: 16, AccTr: 0.8327999711036682, AccVa: 0.8230000138282776, CeTr: 1.6054801940917969, CeVa: 1.9937127828598022
Epoch: 17, AccTr: 0.8367999792098999, AccVa: 0.8054999709129333, CeTr: 1.6119428873062134, CeVa: 2.138885259628296
Epoch: 18, AccTr: 0.8356999754905701, AccVa: 0.8220000267028809, CeTr: 1.6463769674301147, CeVa: 2.00691819190979
Epoch: 19, AccTr: 0.8384000062942505, AccVa: 0.8019999861717224, CeTr: 1.6680835485458374, CeVa: 2.241154193878174
Epoch: 20, AccTr: 0.829200029373169, AccVa: 0.809499979019165, CeTr: 1.676743507385254, CeVa: 1.942253828048706
Epoch: 21, AccTr: 0.8291000127792358, AccVa: 0.8115000128746033, CeTr: 1.7102816104888916, CeVa: 1.856169581413269
Epoch: 22, AccTr: 0.8288999795913696, AccVa: 0.8105000257492065, CeTr: 1.6402212381362915, CeVa: 1.9940497875213623
Epoch: 23, AccTr: 0.828499972820282, AccVa: 0.8029999732971191, CeTr: 1.7084691524505615, CeVa: 2.0494635105133057
Epoch: 24, AccTr: 0.8313999772071838, AccVa: 0.8034999966621399, CeTr: 1.6174267530441284, CeVa: 1.939355492591858
Epoch: 25, AccTr: 0.8267999887466431, AccVa: 0.7954999804496765, CeTr: 1.7182782888412476, CeVa: 2.3362913131713867
Epoch: 26, AccTr: 0.8213000297546387, AccVa: 0.8080000281333923, CeTr: 1.7566789388656616, CeVa: 1.976772665977478
Epoch: 27, AccTr: 0.8289999961853027, AccVa: 0.8040000200271606, CeTr: 1.6462855339050293, CeVa: 2.0852344036102295
Epoch: 28, AccTr: 0.8335000276565552, AccVa: 0.800000011920929, CeTr: 1.597335696220398, CeVa: 2.017815589904785
Epoch: 29, AccTr: 0.8367000222206116, AccVa: 0.8029999732971191, CeTr: 1.5339527130126953, CeVa: 2.106137752532959
Epoch: 30, AccTr: 0.8183000087738037, AccVa: 0.8084999918937683, CeTr: 1.75748610496521, CeVa: 2.078012466430664
ENSEMBLE | Tr_Acc: 0.8183000087738037, Tr_CE: 1.75748610496521, Va_Acc: 0.8084999918937683, Va_CE: 2.078012466430664
Epoch: 31, AccTr: 0.8364999890327454, AccVa: 0.8115000128746033, CeTr: 1.6303327083587646, CeVa: 2.12935209274292
Epoch: 32, AccTr: 0.8299999833106995, AccVa: 0.7935000061988831, CeTr: 1.6386969089508057, CeVa: 2.2531368732452393
Epoch: 33, AccTr: 0.8210999965667725, AccVa: 0.8105000257492065, CeTr: 1.788440227508545, CeVa: 2.1317710876464844
Epoch: 34, AccTr: 0.8309999704360962, AccVa: 0.8029999732971191, CeTr: 1.638930082321167, CeVa: 2.202486991882324
Epoch: 35, AccTr: 0.8389000296592712, AccVa: 0.8165000081062317, CeTr: 1.6271988153457642, CeVa: 2.1095497608184814
ENSEMBLE | Tr_Acc: 0.8852999806404114, Tr_CE: 0.9929099678993225, Va_Acc: 0.8640000224113464, Va_CE: 1.3057628870010376
Epoch: 36, AccTr: 0.8352000117301941, AccVa: 0.8084999918937683, CeTr: 1.577742576599121, CeVa: 2.0732524394989014
Epoch: 37, AccTr: 0.8432999849319458, AccVa: 0.8119999766349792, CeTr: 1.5769553184509277, CeVa: 2.2026968002319336
Epoch: 38, AccTr: 0.8295999765396118, AccVa: 0.8015000224113464, CeTr: 1.6491864919662476, CeVa: 2.0960943698883057
Epoch: 39, AccTr: 0.8252000212669373, AccVa: 0.8004999756813049, CeTr: 1.7177953720092773, CeVa: 2.2811577320098877
Epoch: 40, AccTr: 0.8367999792098999, AccVa: 0.8270000219345093, CeTr: 1.6315391063690186, CeVa: 2.019245147705078
ENSEMBLE | Tr_Acc: 0.9050999879837036, Tr_CE: 0.788853645324707, Va_Acc: 0.8865000009536743, Va_CE: 1.097055435180664
Epoch: 41, AccTr: 0.832099974155426, AccVa: 0.8134999871253967, CeTr: 1.7354099750518799, CeVa: 2.066406011581421
Epoch: 42, AccTr: 0.8400999903678894, AccVa: 0.8205000162124634, CeTr: 1.6489835977554321, CeVa: 1.9852087497711182
Epoch: 43, AccTr: 0.8317999839782715, AccVa: 0.8245000243186951, CeTr: 1.6515581607818604, CeVa: 2.049984931945801
Epoch: 44, AccTr: 0.8341000080108643, AccVa: 0.8040000200271606, CeTr: 1.6816810369491577, CeVa: 2.2316579818725586
Epoch: 45, AccTr: 0.8363999724388123, AccVa: 0.8109999895095825, CeTr: 1.640429139137268, CeVa: 2.1981842517852783
ENSEMBLE | Tr_Acc: 0.9154999852180481, Tr_CE: 0.6929612755775452, Va_Acc: 0.8960000276565552, Va_CE: 1.0371649265289307
Epoch: 46, AccTr: 0.840499997138977, AccVa: 0.8264999985694885, CeTr: 1.5694971084594727, CeVa: 1.9802172183990479
Epoch: 47, AccTr: 0.8284000158309937, AccVa: 0.8044999837875366, CeTr: 1.6670583486557007, CeVa: 2.2624752521514893
Epoch: 48, AccTr: 0.8427000045776367, AccVa: 0.8220000267028809, CeTr: 1.6017587184906006, CeVa: 1.9846911430358887
Epoch: 49, AccTr: 0.8343999981880188, AccVa: 0.8125, CeTr: 1.6803537607192993, CeVa: 2.0664961338043213
Epoch: 50, AccTr: 0.8273000121116638, AccVa: 0.8119999766349792, CeTr: 1.7407687902450562, CeVa: 2.0296356678009033
ENSEMBLE | Tr_Acc: 0.9205999970436096, Tr_CE: 0.6458478569984436, Va_Acc: 0.8999999761581421, Va_CE: 0.951585054397583
Epoch: 51, AccTr: 0.8371000289916992, AccVa: 0.8180000185966492, CeTr: 1.6028120517730713, CeVa: 2.1429333686828613
Epoch: 52, AccTr: 0.8299999833106995, AccVa: 0.8040000200271606, CeTr: 1.6895027160644531, CeVa: 2.1373403072357178
Epoch: 53, AccTr: 0.8299000263214111, AccVa: 0.8105000257492065, CeTr: 1.694676160812378, CeVa: 2.007107734680176
Epoch: 54, AccTr: 0.830299973487854, AccVa: 0.8165000081062317, CeTr: 1.6528366804122925, CeVa: 1.9213135242462158
Epoch: 55, AccTr: 0.8305000066757202, AccVa: 0.8065000176429749, CeTr: 1.7046339511871338, CeVa: 2.253997325897217
ENSEMBLE | Tr_Acc: 0.9225000143051147, Tr_CE: 0.6086924076080322, Va_Acc: 0.9049999713897705, Va_CE: 0.9407158493995667
Epoch: 56, AccTr: 0.8325999975204468, AccVa: 0.8015000224113464, CeTr: 1.6331278085708618, CeVa: 2.2396128177642822
Epoch: 57, AccTr: 0.8396000266075134, AccVa: 0.8119999766349792, CeTr: 1.6241400241851807, CeVa: 2.1311287879943848
Epoch: 58, AccTr: 0.8378000259399414, AccVa: 0.8084999918937683, CeTr: 1.654339075088501, CeVa: 2.2793667316436768
Epoch: 59, AccTr: 0.8339999914169312, AccVa: 0.7954999804496765, CeTr: 1.6996210813522339, CeVa: 2.2429001331329346
Epoch: 60, AccTr: 0.8246999979019165, AccVa: 0.7979999780654907, CeTr: 1.7325533628463745, CeVa: 2.1841373443603516
ENSEMBLE | Tr_Acc: 0.925000011920929, Tr_CE: 0.5800194144248962, Va_Acc: 0.9089999794960022, Va_CE: 0.9223779439926147
Epoch: 61, AccTr: 0.8424000144004822, AccVa: 0.8259999752044678, CeTr: 1.686705470085144, CeVa: 2.0726425647735596
Epoch: 62, AccTr: 0.8371999859809875, AccVa: 0.8234999775886536, CeTr: 1.6847468614578247, CeVa: 1.944944143295288
Epoch: 63, AccTr: 0.8403000235557556, AccVa: 0.8220000267028809, CeTr: 1.6927851438522339, CeVa: 2.125539779663086
Epoch: 64, AccTr: 0.8388000130653381, AccVa: 0.8144999742507935, CeTr: 1.6477652788162231, CeVa: 2.0175604820251465
Epoch: 65, AccTr: 0.8251000046730042, AccVa: 0.800000011920929, CeTr: 1.7656886577606201, CeVa: 2.2069764137268066
ENSEMBLE | Tr_Acc: 0.926800012588501, Tr_CE: 0.5668218731880188, Va_Acc: 0.9089999794960022, Va_CE: 0.9210850596427917
Epoch: 66, AccTr: 0.8363000154495239, AccVa: 0.8209999799728394, CeTr: 1.7003262042999268, CeVa: 2.027273178100586
Epoch: 67, AccTr: 0.8349000215530396, AccVa: 0.8019999861717224, CeTr: 1.6790211200714111, CeVa: 2.161592960357666
Epoch: 68, AccTr: 0.828499972820282, AccVa: 0.8065000176429749, CeTr: 1.7767603397369385, CeVa: 2.1996586322784424
Epoch: 69, AccTr: 0.84170001745224, AccVa: 0.8059999942779541, CeTr: 1.5446120500564575, CeVa: 2.1178977489471436
Epoch: 70, AccTr: 0.839900016784668, AccVa: 0.8149999976158142, CeTr: 1.5622119903564453, CeVa: 2.0984792709350586
ENSEMBLE | Tr_Acc: 0.9293000102043152, Tr_CE: 0.5461103320121765, Va_Acc: 0.9120000004768372, Va_CE: 0.890292227268219
Epoch: 71, AccTr: 0.8349000215530396, AccVa: 0.8134999871253967, CeTr: 1.6747758388519287, CeVa: 2.0794734954833984
Epoch: 72, AccTr: 0.8317999839782715, AccVa: 0.8075000047683716, CeTr: 1.8309344053268433, CeVa: 2.083256244659424
Epoch: 73, AccTr: 0.8339999914169312, AccVa: 0.8100000023841858, CeTr: 1.6956183910369873, CeVa: 2.0509140491485596
Epoch: 74, AccTr: 0.8324999809265137, AccVa: 0.8169999718666077, CeTr: 1.6839535236358643, CeVa: 2.119668960571289
Epoch: 75, AccTr: 0.8393999934196472, AccVa: 0.8034999966621399, CeTr: 1.634411334991455, CeVa: 2.2654359340667725
ENSEMBLE | Tr_Acc: 0.9316999912261963, Tr_CE: 0.5315514802932739, Va_Acc: 0.9110000133514404, Va_CE: 0.8831457495689392
Epoch: 76, AccTr: 0.8388000130653381, AccVa: 0.8044999837875366, CeTr: 1.5855549573898315, CeVa: 2.3078558444976807
Epoch: 77, AccTr: 0.8355000019073486, AccVa: 0.8119999766349792, CeTr: 1.6011570692062378, CeVa: 2.1531777381896973
Epoch: 78, AccTr: 0.8355000019073486, AccVa: 0.8019999861717224, CeTr: 1.6807457208633423, CeVa: 2.4897971153259277
Epoch: 79, AccTr: 0.8396999835968018, AccVa: 0.8069999814033508, CeTr: 1.5809887647628784, CeVa: 2.1723272800445557
Epoch: 80, AccTr: 0.8259000182151794, AccVa: 0.8015000224113464, CeTr: 1.7400918006896973, CeVa: 2.123861789703369
ENSEMBLE | Tr_Acc: 0.9330999851226807, Tr_CE: 0.5265337824821472, Va_Acc: 0.9129999876022339, Va_CE: 0.8642011284828186
Epoch: 81, AccTr: 0.832099974155426, AccVa: 0.7925000190734863, CeTr: 1.6811507940292358, CeVa: 2.1786580085754395
Epoch: 82, AccTr: 0.8310999870300293, AccVa: 0.8144999742507935, CeTr: 1.6327522993087769, CeVa: 2.024874448776245
Epoch: 83, AccTr: 0.8378999829292297, AccVa: 0.8100000023841858, CeTr: 1.692368507385254, CeVa: 2.1653668880462646
Epoch: 84, AccTr: 0.8309999704360962, AccVa: 0.8105000257492065, CeTr: 1.7494162321090698, CeVa: 2.179170846939087
Epoch: 85, AccTr: 0.8374000191688538, AccVa: 0.8215000033378601, CeTr: 1.6610487699508667, CeVa: 2.073652744293213
ENSEMBLE | Tr_Acc: 0.933899998664856, Tr_CE: 0.5193567872047424, Va_Acc: 0.9135000109672546, Va_CE: 0.8532994389533997
Epoch: 86, AccTr: 0.8327999711036682, AccVa: 0.8044999837875366, CeTr: 1.638790249824524, CeVa: 2.032109022140503
Epoch: 87, AccTr: 0.8343999981880188, AccVa: 0.8069999814033508, CeTr: 1.6400375366210938, CeVa: 2.1484076976776123
Epoch: 88, AccTr: 0.8438000082969666, AccVa: 0.815500020980835, CeTr: 1.5667903423309326, CeVa: 2.0875771045684814
Epoch: 89, AccTr: 0.8309999704360962, AccVa: 0.8034999966621399, CeTr: 1.7259986400604248, CeVa: 2.139317512512207
Epoch: 90, AccTr: 0.8321999907493591, AccVa: 0.8165000081062317, CeTr: 1.7413605451583862, CeVa: 2.1536176204681396
ENSEMBLE | Tr_Acc: 0.9330000281333923, Tr_CE: 0.5182021260261536, Va_Acc: 0.9139999747276306, Va_CE: 0.8527066707611084
Epoch: 91, AccTr: 0.8338000178337097, AccVa: 0.8105000257492065, CeTr: 1.718103289604187, CeVa: 2.2014691829681396
Epoch: 92, AccTr: 0.8335999846458435, AccVa: 0.8149999976158142, CeTr: 1.7061232328414917, CeVa: 1.8699705600738525
Epoch: 93, AccTr: 0.8213000297546387, AccVa: 0.8015000224113464, CeTr: 1.7222778797149658, CeVa: 2.185127019882202
Epoch: 94, AccTr: 0.8299000263214111, AccVa: 0.8019999861717224, CeTr: 1.6739991903305054, CeVa: 2.1574764251708984
Epoch: 95, AccTr: 0.8277000188827515, AccVa: 0.7954999804496765, CeTr: 1.7167011499404907, CeVa: 2.307201623916626
ENSEMBLE | Tr_Acc: 0.9336000084877014, Tr_CE: 0.5152295231819153, Va_Acc: 0.9135000109672546, Va_CE: 0.8465912938117981
Epoch: 96, AccTr: 0.8363000154495239, AccVa: 0.8065000176429749, CeTr: 1.6391966342926025, CeVa: 2.2644917964935303
Epoch: 97, AccTr: 0.8300999999046326, AccVa: 0.8009999990463257, CeTr: 1.7285211086273193, CeVa: 2.181915044784546
Epoch: 98, AccTr: 0.8314999938011169, AccVa: 0.7925000190734863, CeTr: 1.6205662488937378, CeVa: 2.3396825790405273
Epoch: 99, AccTr: 0.8307999968528748, AccVa: 0.8009999990463257, CeTr: 1.6853679418563843, CeVa: 2.157461166381836
Epoch: 100, AccTr: 0.8379999995231628, AccVa: 0.815500020980835, CeTr: 1.652747631072998, CeVa: 2.0450615882873535
ENSEMBLE | Tr_Acc: 0.9345999956130981, Tr_CE: 0.5093297958374023, Va_Acc: 0.9125000238418579, Va_CE: 0.8453410863876343
Epoch: 101, AccTr: 0.8356000185012817, AccVa: 0.7975000143051147, CeTr: 1.6495847702026367, CeVa: 2.030569076538086
Epoch: 102, AccTr: 0.8361999988555908, AccVa: 0.8040000200271606, CeTr: 1.6367099285125732, CeVa: 2.0580835342407227
Epoch: 103, AccTr: 0.8349999785423279, AccVa: 0.8140000104904175, CeTr: 1.628389596939087, CeVa: 2.0977509021759033
Epoch: 104, AccTr: 0.8371000289916992, AccVa: 0.8195000290870667, CeTr: 1.6663286685943604, CeVa: 1.973697304725647
Epoch: 105, AccTr: 0.8377000093460083, AccVa: 0.8109999895095825, CeTr: 1.5748422145843506, CeVa: 2.0564515590667725
ENSEMBLE | Tr_Acc: 0.9352999925613403, Tr_CE: 0.5006848573684692, Va_Acc: 0.9144999980926514, Va_CE: 0.8391475081443787
Epoch: 106, AccTr: 0.8321999907493591, AccVa: 0.7975000143051147, CeTr: 1.7035949230194092, CeVa: 2.160933494567871
Epoch: 107, AccTr: 0.8274999856948853, AccVa: 0.809499979019165, CeTr: 1.7504603862762451, CeVa: 2.2320139408111572
Epoch: 108, AccTr: 0.8294000029563904, AccVa: 0.8065000176429749, CeTr: 1.6760458946228027, CeVa: 2.1927413940429688
Epoch: 109, AccTr: 0.8317000269889832, AccVa: 0.8065000176429749, CeTr: 1.6735738515853882, CeVa: 2.2325780391693115
Epoch: 110, AccTr: 0.8324999809265137, AccVa: 0.8149999976158142, CeTr: 1.7603472471237183, CeVa: 2.1449544429779053
ENSEMBLE | Tr_Acc: 0.9355000257492065, Tr_CE: 0.5020909905433655, Va_Acc: 0.9144999980926514, Va_CE: 0.8329893946647644
Epoch: 111, AccTr: 0.8414000272750854, AccVa: 0.8050000071525574, CeTr: 1.5940728187561035, CeVa: 2.215486526489258
Epoch: 112, AccTr: 0.8217999935150146, AccVa: 0.8080000281333923, CeTr: 1.7559218406677246, CeVa: 2.1176276206970215
Epoch: 113, AccTr: 0.8360000252723694, AccVa: 0.8134999871253967, CeTr: 1.6424930095672607, CeVa: 2.1469485759735107
Epoch: 114, AccTr: 0.8223999738693237, AccVa: 0.8090000152587891, CeTr: 1.7607359886169434, CeVa: 2.196371555328369
Epoch: 115, AccTr: 0.8263000249862671, AccVa: 0.8054999709129333, CeTr: 1.7567179203033447, CeVa: 2.107548475265503
ENSEMBLE | Tr_Acc: 0.9351999759674072, Tr_CE: 0.5015830397605896, Va_Acc: 0.9120000004768372, Va_CE: 0.8213045597076416
Epoch: 116, AccTr: 0.8406999707221985, AccVa: 0.8174999952316284, CeTr: 1.6601382493972778, CeVa: 2.1658310890197754
Epoch: 117, AccTr: 0.8345999717712402, AccVa: 0.8109999895095825, CeTr: 1.6659780740737915, CeVa: 2.0195000171661377
Epoch: 118, AccTr: 0.8345999717712402, AccVa: 0.8140000104904175, CeTr: 1.6739535331726074, CeVa: 1.978973150253296
Epoch: 119, AccTr: 0.8317999839782715, AccVa: 0.8295000195503235, CeTr: 1.6891640424728394, CeVa: 1.9478790760040283
Epoch: 120, AccTr: 0.8400999903678894, AccVa: 0.8050000071525574, CeTr: 1.561869740486145, CeVa: 2.1259043216705322
ENSEMBLE | Tr_Acc: 0.9366000294685364, Tr_CE: 0.4961160123348236, Va_Acc: 0.9144999980926514, Va_CE: 0.8127827048301697
Epoch: 121, AccTr: 0.8424000144004822, AccVa: 0.8144999742507935, CeTr: 1.609508752822876, CeVa: 2.0650789737701416
Epoch: 122, AccTr: 0.8375999927520752, AccVa: 0.8140000104904175, CeTr: 1.5909459590911865, CeVa: 2.2140095233917236
Epoch: 123, AccTr: 0.8384000062942505, AccVa: 0.8065000176429749, CeTr: 1.5988812446594238, CeVa: 2.0099937915802
Epoch: 124, AccTr: 0.8334000110626221, AccVa: 0.8100000023841858, CeTr: 1.6720077991485596, CeVa: 2.1858971118927
Epoch: 125, AccTr: 0.8367000222206116, AccVa: 0.8165000081062317, CeTr: 1.7050199508666992, CeVa: 2.1509933471679688
ENSEMBLE | Tr_Acc: 0.9365000128746033, Tr_CE: 0.4967774450778961, Va_Acc: 0.9144999980926514, Va_CE: 0.816716730594635
Epoch: 126, AccTr: 0.8224999904632568, AccVa: 0.8090000152587891, CeTr: 1.7312119007110596, CeVa: 2.1406631469726562
Epoch: 127, AccTr: 0.8335999846458435, AccVa: 0.8015000224113464, CeTr: 1.745398998260498, CeVa: 2.067582368850708
Epoch: 128, AccTr: 0.8345000147819519, AccVa: 0.8195000290870667, CeTr: 1.7108558416366577, CeVa: 2.050356388092041
Epoch: 129, AccTr: 0.838699996471405, AccVa: 0.8130000233650208, CeTr: 1.6102701425552368, CeVa: 2.1429929733276367
Epoch: 130, AccTr: 0.8317000269889832, AccVa: 0.8069999814033508, CeTr: 1.6752824783325195, CeVa: 2.2231557369232178
ENSEMBLE | Tr_Acc: 0.9365000128746033, Tr_CE: 0.49372246861457825, Va_Acc: 0.9144999980926514, Va_CE: 0.8213264346122742
Epoch: 131, AccTr: 0.8292999863624573, AccVa: 0.8065000176429749, CeTr: 1.809709906578064, CeVa: 2.134580135345459
Epoch: 132, AccTr: 0.8330000042915344, AccVa: 0.8199999928474426, CeTr: 1.7412019968032837, CeVa: 2.0809507369995117
Epoch: 133, AccTr: 0.836899995803833, AccVa: 0.8075000047683716, CeTr: 1.68094801902771, CeVa: 2.095568895339966
Epoch: 134, AccTr: 0.8374999761581421, AccVa: 0.8115000128746033, CeTr: 1.711069941520691, CeVa: 2.1927289962768555
Epoch: 135, AccTr: 0.8406999707221985, AccVa: 0.8149999976158142, CeTr: 1.6205121278762817, CeVa: 2.2245357036590576
ENSEMBLE | Tr_Acc: 0.9366999864578247, Tr_CE: 0.49044081568717957, Va_Acc: 0.9150000214576721, Va_CE: 0.8243680000305176
Epoch: 136, AccTr: 0.8345000147819519, AccVa: 0.8270000219345093, CeTr: 1.5923022031784058, CeVa: 1.9651638269424438
Epoch: 137, AccTr: 0.826200008392334, AccVa: 0.8144999742507935, CeTr: 1.8153144121170044, CeVa: 2.2474045753479004
Epoch: 138, AccTr: 0.8389999866485596, AccVa: 0.809499979019165, CeTr: 1.635574460029602, CeVa: 2.2215890884399414
Epoch: 139, AccTr: 0.8334000110626221, AccVa: 0.809499979019165, CeTr: 1.6880176067352295, CeVa: 2.154677391052246
Epoch: 140, AccTr: 0.8307999968528748, AccVa: 0.8149999976158142, CeTr: 1.7035034894943237, CeVa: 2.1483871936798096
ENSEMBLE | Tr_Acc: 0.9366999864578247, Tr_CE: 0.4904210865497589, Va_Acc: 0.9144999980926514, Va_CE: 0.8211379647254944
Epoch: 141, AccTr: 0.8366000056266785, AccVa: 0.8069999814033508, CeTr: 1.7029426097869873, CeVa: 2.1388418674468994
Epoch: 142, AccTr: 0.8313999772071838, AccVa: 0.8025000095367432, CeTr: 1.748512864112854, CeVa: 2.37475848197937
Epoch: 143, AccTr: 0.8327000141143799, AccVa: 0.8090000152587891, CeTr: 1.7041865587234497, CeVa: 2.0594241619110107
Epoch: 144, AccTr: 0.8303999900817871, AccVa: 0.8019999861717224, CeTr: 1.6667277812957764, CeVa: 2.1033942699432373
Epoch: 145, AccTr: 0.8202000260353088, AccVa: 0.7870000004768372, CeTr: 1.8174630403518677, CeVa: 2.3414828777313232
ENSEMBLE | Tr_Acc: 0.9372000098228455, Tr_CE: 0.4888385832309723, Va_Acc: 0.9125000238418579, Va_CE: 0.8176593780517578
Epoch: 146, AccTr: 0.8367000222206116, AccVa: 0.8080000281333923, CeTr: 1.628912329673767, CeVa: 2.2568299770355225
Epoch: 147, AccTr: 0.833299994468689, AccVa: 0.8059999942779541, CeTr: 1.6519855260849, CeVa: 2.197638750076294
Epoch: 148, AccTr: 0.8303999900817871, AccVa: 0.8054999709129333, CeTr: 1.6988160610198975, CeVa: 2.1753852367401123
Epoch: 149, AccTr: 0.8337000012397766, AccVa: 0.8119999766349792, CeTr: 1.7031298875808716, CeVa: 2.079745292663574
Epoch: 150, AccTr: 0.8285999894142151, AccVa: 0.8015000224113464, CeTr: 1.687266230583191, CeVa: 2.173304557800293
ENSEMBLE | Tr_Acc: 0.9383999705314636, Tr_CE: 0.48505449295043945, Va_Acc: 0.9160000085830688, Va_CE: 0.8164366483688354
NN CONFIG
Weight-type:		binary
Layout									Layer #1: 280	Layer #2: 200	
Activation Functions					Layer #1: bs	Layer #2: bs	
Keep probabilities		Layer #0: 0.99	Layer #1: 1.0	Layer #2: 1.0	
Flat factors							Layer #1: 1.0	Layer #2: 1.0	Layer #3: 1.0	
Activation Noise						Layer #1: 0.8	Layer #2: 0.8	Layer #3: 0.0	

===================================

RUN CONFIG
Epochs: 150, Blocksize: 8

===================================

Epoch: 1, AccTr: 0.8567000031471252, AccVa: 0.8345000147819519, CeTr: 1.3820630311965942, CeVa: 1.9414405822753906
Epoch: 2, AccTr: 0.8550000190734863, AccVa: 0.8379999995231628, CeTr: 1.3917300701141357, CeVa: 1.9369863271713257
Epoch: 3, AccTr: 0.8440999984741211, AccVa: 0.8169999718666077, CeTr: 1.5860117673873901, CeVa: 2.1222293376922607
Epoch: 4, AccTr: 0.835099995136261, AccVa: 0.8144999742507935, CeTr: 1.625364065170288, CeVa: 2.208012104034424
Epoch: 5, AccTr: 0.8300999999046326, AccVa: 0.7985000014305115, CeTr: 1.7898566722869873, CeVa: 2.0660829544067383
Epoch: 6, AccTr: 0.8202000260353088, AccVa: 0.8054999709129333, CeTr: 1.828601598739624, CeVa: 2.335785388946533
Epoch: 7, AccTr: 0.8233000040054321, AccVa: 0.8080000281333923, CeTr: 1.8966437578201294, CeVa: 2.233506202697754
Epoch: 8, AccTr: 0.8323000073432922, AccVa: 0.8105000257492065, CeTr: 1.7591521739959717, CeVa: 2.0307018756866455
Epoch: 9, AccTr: 0.8242999911308289, AccVa: 0.7914999723434448, CeTr: 1.8136870861053467, CeVa: 2.2423548698425293
Epoch: 10, AccTr: 0.8335000276565552, AccVa: 0.8100000023841858, CeTr: 1.778070330619812, CeVa: 2.185379981994629
Epoch: 11, AccTr: 0.8209999799728394, AccVa: 0.7979999780654907, CeTr: 1.9014990329742432, CeVa: 2.2829487323760986
Epoch: 12, AccTr: 0.8271999955177307, AccVa: 0.8050000071525574, CeTr: 1.916944980621338, CeVa: 2.322894811630249
Epoch: 13, AccTr: 0.8359000086784363, AccVa: 0.8009999990463257, CeTr: 1.7868437767028809, CeVa: 2.408334970474243
Epoch: 14, AccTr: 0.826200008392334, AccVa: 0.8034999966621399, CeTr: 1.8919203281402588, CeVa: 2.3415210247039795
Epoch: 15, AccTr: 0.8233000040054321, AccVa: 0.8050000071525574, CeTr: 1.7955527305603027, CeVa: 2.229161024093628
Epoch: 16, AccTr: 0.8320000171661377, AccVa: 0.8100000023841858, CeTr: 1.7370694875717163, CeVa: 2.3197021484375
Epoch: 17, AccTr: 0.8353000283241272, AccVa: 0.7960000038146973, CeTr: 1.83540678024292, CeVa: 2.3619003295898438
Epoch: 18, AccTr: 0.8324999809265137, AccVa: 0.8195000290870667, CeTr: 1.7951030731201172, CeVa: 2.2442378997802734
Epoch: 19, AccTr: 0.8238999843597412, AccVa: 0.8174999952316284, CeTr: 1.8576231002807617, CeVa: 2.220731258392334
Epoch: 20, AccTr: 0.8273000121116638, AccVa: 0.8019999861717224, CeTr: 1.851130485534668, CeVa: 2.2782435417175293
Epoch: 21, AccTr: 0.8335999846458435, AccVa: 0.8130000233650208, CeTr: 1.8102216720581055, CeVa: 2.369469165802002
Epoch: 22, AccTr: 0.8371999859809875, AccVa: 0.8069999814033508, CeTr: 1.7409864664077759, CeVa: 2.292905569076538
Epoch: 23, AccTr: 0.8335000276565552, AccVa: 0.8040000200271606, CeTr: 1.8019095659255981, CeVa: 2.388092041015625
Epoch: 24, AccTr: 0.8251000046730042, AccVa: 0.8040000200271606, CeTr: 1.909805417060852, CeVa: 2.2706544399261475
Epoch: 25, AccTr: 0.8289999961853027, AccVa: 0.8009999990463257, CeTr: 1.823154330253601, CeVa: 2.4446513652801514
Epoch: 26, AccTr: 0.8273000121116638, AccVa: 0.8075000047683716, CeTr: 1.866240382194519, CeVa: 2.417388916015625
Epoch: 27, AccTr: 0.8375999927520752, AccVa: 0.7990000247955322, CeTr: 1.7456706762313843, CeVa: 2.454291343688965
Epoch: 28, AccTr: 0.8303999900817871, AccVa: 0.8100000023841858, CeTr: 1.8408576250076294, CeVa: 2.343322992324829
Epoch: 29, AccTr: 0.8324999809265137, AccVa: 0.8169999718666077, CeTr: 1.818406581878662, CeVa: 2.187669038772583
Epoch: 30, AccTr: 0.8356999754905701, AccVa: 0.8180000185966492, CeTr: 1.7697408199310303, CeVa: 2.2897772789001465
ENSEMBLE | Tr_Acc: 0.8356999754905701, Tr_CE: 1.7697408199310303, Va_Acc: 0.8180000185966492, Va_CE: 2.2897772789001465
Epoch: 31, AccTr: 0.8395000100135803, AccVa: 0.8240000009536743, CeTr: 1.7501449584960938, CeVa: 2.103445291519165
Epoch: 32, AccTr: 0.8389000296592712, AccVa: 0.8289999961853027, CeTr: 1.7695558071136475, CeVa: 2.238917589187622
Epoch: 33, AccTr: 0.8392000198364258, AccVa: 0.8040000200271606, CeTr: 1.7030152082443237, CeVa: 2.3108246326446533
Epoch: 34, AccTr: 0.8299000263214111, AccVa: 0.8109999895095825, CeTr: 1.8887706995010376, CeVa: 2.3957362174987793
Epoch: 35, AccTr: 0.8338000178337097, AccVa: 0.8199999928474426, CeTr: 1.914318561553955, CeVa: 2.2175886631011963
ENSEMBLE | Tr_Acc: 0.8873999714851379, Tr_CE: 1.077816367149353, Va_Acc: 0.8694999814033508, Va_CE: 1.428869366645813
Epoch: 36, AccTr: 0.830299973487854, AccVa: 0.8044999837875366, CeTr: 1.8304599523544312, CeVa: 2.3004183769226074
Epoch: 37, AccTr: 0.8314999938011169, AccVa: 0.8065000176429749, CeTr: 1.8434396982192993, CeVa: 2.2323811054229736
Epoch: 38, AccTr: 0.8238999843597412, AccVa: 0.7985000014305115, CeTr: 1.8884414434432983, CeVa: 2.3607075214385986
Epoch: 39, AccTr: 0.8294000029563904, AccVa: 0.8190000057220459, CeTr: 1.9620802402496338, CeVa: 2.1790225505828857
Epoch: 40, AccTr: 0.838100016117096, AccVa: 0.8180000185966492, CeTr: 1.8420085906982422, CeVa: 2.388953685760498
ENSEMBLE | Tr_Acc: 0.9074000120162964, Tr_CE: 0.8501277565956116, Va_Acc: 0.887499988079071, Va_CE: 1.2204333543777466
Epoch: 41, AccTr: 0.8287000060081482, AccVa: 0.8184999823570251, CeTr: 1.967097282409668, CeVa: 2.3528525829315186
Epoch: 42, AccTr: 0.8406000137329102, AccVa: 0.8255000114440918, CeTr: 1.8160033226013184, CeVa: 2.213240146636963
Epoch: 43, AccTr: 0.8299999833106995, AccVa: 0.8205000162124634, CeTr: 1.9181238412857056, CeVa: 2.0106747150421143
Epoch: 44, AccTr: 0.8317999839782715, AccVa: 0.8100000023841858, CeTr: 1.8863739967346191, CeVa: 2.2523889541625977
Epoch: 45, AccTr: 0.8422999978065491, AccVa: 0.8209999799728394, CeTr: 1.8399367332458496, CeVa: 2.206380844116211
ENSEMBLE | Tr_Acc: 0.9160000085830688, Tr_CE: 0.755966305732727, Va_Acc: 0.8924999833106995, Va_CE: 1.1116514205932617
Epoch: 46, AccTr: 0.8353000283241272, AccVa: 0.7979999780654907, CeTr: 1.8269777297973633, CeVa: 2.4998579025268555
Epoch: 47, AccTr: 0.8367999792098999, AccVa: 0.8230000138282776, CeTr: 1.7713605165481567, CeVa: 2.2356314659118652
Epoch: 48, AccTr: 0.8237000107765198, AccVa: 0.8075000047683716, CeTr: 2.012786626815796, CeVa: 2.3523948192596436
Epoch: 49, AccTr: 0.8373000025749207, AccVa: 0.8184999823570251, CeTr: 1.8066965341567993, CeVa: 2.368811845779419
Epoch: 50, AccTr: 0.8461999893188477, AccVa: 0.8215000033378601, CeTr: 1.7052167654037476, CeVa: 2.2202775478363037
ENSEMBLE | Tr_Acc: 0.9233999848365784, Tr_CE: 0.6965509057044983, Va_Acc: 0.9004999995231628, Va_CE: 1.0158885717391968
Epoch: 51, AccTr: 0.8352000117301941, AccVa: 0.8044999837875366, CeTr: 1.8603488206863403, CeVa: 2.491060972213745
Epoch: 52, AccTr: 0.8320000171661377, AccVa: 0.8044999837875366, CeTr: 1.9680756330490112, CeVa: 2.5396006107330322
Epoch: 53, AccTr: 0.8385999798774719, AccVa: 0.8125, CeTr: 1.7897595167160034, CeVa: 2.317243814468384
Epoch: 54, AccTr: 0.8384000062942505, AccVa: 0.8134999871253967, CeTr: 1.884559988975525, CeVa: 2.497756242752075
Epoch: 55, AccTr: 0.8313999772071838, AccVa: 0.8050000071525574, CeTr: 1.9673218727111816, CeVa: 2.3944578170776367
ENSEMBLE | Tr_Acc: 0.92330002784729, Tr_CE: 0.6777219772338867, Va_Acc: 0.9045000076293945, Va_CE: 0.9899452328681946
Epoch: 56, AccTr: 0.8366000056266785, AccVa: 0.8004999756813049, CeTr: 1.9288603067398071, CeVa: 2.528005599975586
Epoch: 57, AccTr: 0.839900016784668, AccVa: 0.8065000176429749, CeTr: 1.839213252067566, CeVa: 2.323970079421997
Epoch: 58, AccTr: 0.8360000252723694, AccVa: 0.8130000233650208, CeTr: 1.8390229940414429, CeVa: 2.1146888732910156
Epoch: 59, AccTr: 0.8320000171661377, AccVa: 0.8069999814033508, CeTr: 1.8637187480926514, CeVa: 2.388378143310547
Epoch: 60, AccTr: 0.8260999917984009, AccVa: 0.8044999837875366, CeTr: 1.9317861795425415, CeVa: 2.3714914321899414
ENSEMBLE | Tr_Acc: 0.9247000217437744, Tr_CE: 0.6532801985740662, Va_Acc: 0.9079999923706055, Va_CE: 0.9531763195991516
Epoch: 61, AccTr: 0.838699996471405, AccVa: 0.8220000267028809, CeTr: 1.8035480976104736, CeVa: 2.2863011360168457
Epoch: 62, AccTr: 0.8371000289916992, AccVa: 0.8050000071525574, CeTr: 1.7985891103744507, CeVa: 2.388817310333252
Epoch: 63, AccTr: 0.8342999815940857, AccVa: 0.8050000071525574, CeTr: 1.8031651973724365, CeVa: 2.4974236488342285
Epoch: 64, AccTr: 0.8323000073432922, AccVa: 0.8025000095367432, CeTr: 1.922735571861267, CeVa: 2.484637498855591
Epoch: 65, AccTr: 0.8324999809265137, AccVa: 0.8050000071525574, CeTr: 1.8159301280975342, CeVa: 2.372802495956421
ENSEMBLE | Tr_Acc: 0.9276999831199646, Tr_CE: 0.6216385960578918, Va_Acc: 0.9110000133514404, Va_CE: 0.9386982321739197
Epoch: 66, AccTr: 0.8323000073432922, AccVa: 0.8065000176429749, CeTr: 1.840146541595459, CeVa: 2.425837993621826
Epoch: 67, AccTr: 0.8320000171661377, AccVa: 0.8144999742507935, CeTr: 1.910735011100769, CeVa: 2.6015849113464355
Epoch: 68, AccTr: 0.828000009059906, AccVa: 0.8044999837875366, CeTr: 1.8949517011642456, CeVa: 2.5631890296936035
Epoch: 69, AccTr: 0.830299973487854, AccVa: 0.8119999766349792, CeTr: 1.8819161653518677, CeVa: 2.2268002033233643
Epoch: 70, AccTr: 0.8361999988555908, AccVa: 0.8169999718666077, CeTr: 1.859771490097046, CeVa: 2.3278303146362305
ENSEMBLE | Tr_Acc: 0.9289000034332275, Tr_CE: 0.6065112352371216, Va_Acc: 0.9079999923706055, Va_CE: 0.9211503863334656
Epoch: 71, AccTr: 0.83160001039505, AccVa: 0.800000011920929, CeTr: 1.9296287298202515, CeVa: 2.3305845260620117
Epoch: 72, AccTr: 0.8363000154495239, AccVa: 0.815500020980835, CeTr: 1.839285135269165, CeVa: 2.376329183578491
Epoch: 73, AccTr: 0.8371999859809875, AccVa: 0.8224999904632568, CeTr: 1.8310210704803467, CeVa: 2.2136452198028564
Epoch: 74, AccTr: 0.8446999788284302, AccVa: 0.8140000104904175, CeTr: 1.7175097465515137, CeVa: 2.3733694553375244
Epoch: 75, AccTr: 0.8270999789237976, AccVa: 0.8004999756813049, CeTr: 2.011059045791626, CeVa: 2.570946216583252
ENSEMBLE | Tr_Acc: 0.9287999868392944, Tr_CE: 0.6000474691390991, Va_Acc: 0.9100000262260437, Va_CE: 0.9301767349243164
Epoch: 76, AccTr: 0.8374999761581421, AccVa: 0.7919999957084656, CeTr: 1.7925639152526855, CeVa: 2.547004222869873
Epoch: 77, AccTr: 0.8352000117301941, AccVa: 0.8195000290870667, CeTr: 1.9096320867538452, CeVa: 2.3178443908691406
Epoch: 78, AccTr: 0.8407999873161316, AccVa: 0.8165000081062317, CeTr: 1.8261418342590332, CeVa: 2.4647164344787598
Epoch: 79, AccTr: 0.83160001039505, AccVa: 0.8050000071525574, CeTr: 1.8830515146255493, CeVa: 2.372420072555542
Epoch: 80, AccTr: 0.8439000248908997, AccVa: 0.8059999942779541, CeTr: 1.7145733833312988, CeVa: 2.435537576675415
ENSEMBLE | Tr_Acc: 0.9312999844551086, Tr_CE: 0.5878992080688477, Va_Acc: 0.9100000262260437, Va_CE: 0.9257391095161438
Epoch: 81, AccTr: 0.836899995803833, AccVa: 0.8245000243186951, CeTr: 1.776089072227478, CeVa: 2.225605010986328
Epoch: 82, AccTr: 0.8310999870300293, AccVa: 0.8044999837875366, CeTr: 1.8224354982376099, CeVa: 2.312140941619873
Epoch: 83, AccTr: 0.8392000198364258, AccVa: 0.8184999823570251, CeTr: 1.842849850654602, CeVa: 2.3395791053771973
Epoch: 84, AccTr: 0.8371999859809875, AccVa: 0.8180000185966492, CeTr: 1.8081740140914917, CeVa: 2.2931292057037354
Epoch: 85, AccTr: 0.8357999920845032, AccVa: 0.8050000071525574, CeTr: 1.795902967453003, CeVa: 2.420405864715576
ENSEMBLE | Tr_Acc: 0.932699978351593, Tr_CE: 0.5805583000183105, Va_Acc: 0.9125000238418579, Va_CE: 0.9225460886955261
Epoch: 86, AccTr: 0.8339999914169312, AccVa: 0.8125, CeTr: 1.863983392715454, CeVa: 2.2310571670532227
Epoch: 87, AccTr: 0.8391000032424927, AccVa: 0.8165000081062317, CeTr: 1.8201361894607544, CeVa: 2.2954156398773193
Epoch: 88, AccTr: 0.8353000283241272, AccVa: 0.7910000085830688, CeTr: 1.8536447286605835, CeVa: 2.4776268005371094
Epoch: 89, AccTr: 0.838699996471405, AccVa: 0.8180000185966492, CeTr: 1.798125982284546, CeVa: 2.316824197769165
Epoch: 90, AccTr: 0.8367999792098999, AccVa: 0.8040000200271606, CeTr: 1.8366987705230713, CeVa: 2.614253044128418
ENSEMBLE | Tr_Acc: 0.9333999752998352, Tr_CE: 0.571628212928772, Va_Acc: 0.9129999876022339, Va_CE: 0.9297147989273071
Epoch: 91, AccTr: 0.8314999938011169, AccVa: 0.8040000200271606, CeTr: 1.9862840175628662, CeVa: 2.444746494293213
Epoch: 92, AccTr: 0.8319000005722046, AccVa: 0.8159999847412109, CeTr: 1.8329222202301025, CeVa: 2.3893773555755615
Epoch: 93, AccTr: 0.8427000045776367, AccVa: 0.8159999847412109, CeTr: 1.76998770236969, CeVa: 2.221770763397217
Epoch: 94, AccTr: 0.8410000205039978, AccVa: 0.8115000128746033, CeTr: 1.7777020931243896, CeVa: 2.262843370437622
Epoch: 95, AccTr: 0.8400999903678894, AccVa: 0.8184999823570251, CeTr: 1.6911722421646118, CeVa: 2.3069190979003906
ENSEMBLE | Tr_Acc: 0.9344000220298767, Tr_CE: 0.5579792857170105, Va_Acc: 0.9120000004768372, Va_CE: 0.9182327389717102
Epoch: 96, AccTr: 0.8363000154495239, AccVa: 0.8184999823570251, CeTr: 1.7614878416061401, CeVa: 2.224733352661133
Epoch: 97, AccTr: 0.833899974822998, AccVa: 0.8144999742507935, CeTr: 1.8506388664245605, CeVa: 2.512704610824585
Epoch: 98, AccTr: 0.8461999893188477, AccVa: 0.8144999742507935, CeTr: 1.7016937732696533, CeVa: 2.5447096824645996
Epoch: 99, AccTr: 0.8361999988555908, AccVa: 0.8149999976158142, CeTr: 1.794472098350525, CeVa: 2.283189058303833
Epoch: 100, AccTr: 0.8356000185012817, AccVa: 0.8044999837875366, CeTr: 1.8544607162475586, CeVa: 2.592339515686035
ENSEMBLE | Tr_Acc: 0.9347000122070312, Tr_CE: 0.5533037185668945, Va_Acc: 0.9135000109672546, Va_CE: 0.9137024283409119
Epoch: 101, AccTr: 0.8349000215530396, AccVa: 0.8230000138282776, CeTr: 1.8426097631454468, CeVa: 2.12636399269104
Epoch: 102, AccTr: 0.8392000198364258, AccVa: 0.8134999871253967, CeTr: 1.8885072469711304, CeVa: 2.465787887573242
Epoch: 103, AccTr: 0.8253999948501587, AccVa: 0.800000011920929, CeTr: 2.116286039352417, CeVa: 2.7905921936035156
Epoch: 104, AccTr: 0.8348000049591064, AccVa: 0.8149999976158142, CeTr: 1.8841091394424438, CeVa: 2.415696620941162
Epoch: 105, AccTr: 0.8428000211715698, AccVa: 0.8205000162124634, CeTr: 1.7686601877212524, CeVa: 2.3084723949432373
ENSEMBLE | Tr_Acc: 0.9368000030517578, Tr_CE: 0.5457988977432251, Va_Acc: 0.9120000004768372, Va_CE: 0.9050420522689819
Epoch: 106, AccTr: 0.8398000001907349, AccVa: 0.8215000033378601, CeTr: 1.8165175914764404, CeVa: 2.2815895080566406
Epoch: 107, AccTr: 0.8428000211715698, AccVa: 0.8054999709129333, CeTr: 1.8590593338012695, CeVa: 2.495873212814331
Epoch: 108, AccTr: 0.8319000005722046, AccVa: 0.8220000267028809, CeTr: 1.882082462310791, CeVa: 2.4715139865875244
Epoch: 109, AccTr: 0.8342999815940857, AccVa: 0.8245000243186951, CeTr: 1.9126890897750854, CeVa: 2.346825122833252
Epoch: 110, AccTr: 0.8307999968528748, AccVa: 0.8230000138282776, CeTr: 1.93854820728302, CeVa: 2.3499035835266113
ENSEMBLE | Tr_Acc: 0.9365000128746033, Tr_CE: 0.5437485575675964, Va_Acc: 0.9139999747276306, Va_CE: 0.9016825556755066
Epoch: 111, AccTr: 0.8360000252723694, AccVa: 0.8264999985694885, CeTr: 1.8042324781417847, CeVa: 2.22057843208313
Epoch: 112, AccTr: 0.8349000215530396, AccVa: 0.8169999718666077, CeTr: 1.8677124977111816, CeVa: 2.3904004096984863
Epoch: 113, AccTr: 0.8294000029563904, AccVa: 0.8159999847412109, CeTr: 2.0346035957336426, CeVa: 2.4345643520355225
Epoch: 114, AccTr: 0.8367999792098999, AccVa: 0.8224999904632568, CeTr: 1.7799339294433594, CeVa: 2.204702854156494
Epoch: 115, AccTr: 0.8349999785423279, AccVa: 0.8069999814033508, CeTr: 1.8627198934555054, CeVa: 2.385866165161133
ENSEMBLE | Tr_Acc: 0.9362000226974487, Tr_CE: 0.5394594669342041, Va_Acc: 0.9160000085830688, Va_CE: 0.9020313620567322
Epoch: 116, AccTr: 0.8331000208854675, AccVa: 0.8174999952316284, CeTr: 1.8416873216629028, CeVa: 2.2739500999450684
Epoch: 117, AccTr: 0.8363000154495239, AccVa: 0.8084999918937683, CeTr: 1.856057047843933, CeVa: 2.5040931701660156
Epoch: 118, AccTr: 0.8335000276565552, AccVa: 0.828000009059906, CeTr: 1.8728984594345093, CeVa: 2.161227226257324
Epoch: 119, AccTr: 0.8366000056266785, AccVa: 0.8119999766349792, CeTr: 1.8598883152008057, CeVa: 2.2723183631896973
Epoch: 120, AccTr: 0.8319000005722046, AccVa: 0.8245000243186951, CeTr: 1.867743968963623, CeVa: 2.208566904067993
ENSEMBLE | Tr_Acc: 0.9369000196456909, Tr_CE: 0.5367127060890198, Va_Acc: 0.9169999957084656, Va_CE: 0.8920944929122925
Epoch: 121, AccTr: 0.8403000235557556, AccVa: 0.8184999823570251, CeTr: 1.9242509603500366, CeVa: 2.2128536701202393
Epoch: 122, AccTr: 0.8421000242233276, AccVa: 0.8050000071525574, CeTr: 1.8739901781082153, CeVa: 2.6200051307678223
Epoch: 123, AccTr: 0.8381999731063843, AccVa: 0.8069999814033508, CeTr: 1.8196697235107422, CeVa: 2.3709166049957275
Epoch: 124, AccTr: 0.8306000232696533, AccVa: 0.7929999828338623, CeTr: 1.8747496604919434, CeVa: 2.507725238800049
Epoch: 125, AccTr: 0.8410000205039978, AccVa: 0.8050000071525574, CeTr: 1.7381432056427002, CeVa: 2.526902198791504
ENSEMBLE | Tr_Acc: 0.9376000165939331, Tr_CE: 0.5297313332557678, Va_Acc: 0.9164999723434448, Va_CE: 0.8880295157432556
Epoch: 126, AccTr: 0.8343999981880188, AccVa: 0.8105000257492065, CeTr: 1.8445757627487183, CeVa: 2.439333200454712
Epoch: 127, AccTr: 0.8355000019073486, AccVa: 0.8119999766349792, CeTr: 1.7896673679351807, CeVa: 2.263873338699341
Epoch: 128, AccTr: 0.8287000060081482, AccVa: 0.8169999718666077, CeTr: 1.8671917915344238, CeVa: 2.3129725456237793
Epoch: 129, AccTr: 0.8219000101089478, AccVa: 0.8109999895095825, CeTr: 2.0290043354034424, CeVa: 2.3774876594543457
Epoch: 130, AccTr: 0.8294000029563904, AccVa: 0.8184999823570251, CeTr: 1.8770173788070679, CeVa: 2.3425962924957275
ENSEMBLE | Tr_Acc: 0.9384999871253967, Tr_CE: 0.5302097201347351, Va_Acc: 0.9169999957084656, Va_CE: 0.8926672339439392
Epoch: 131, AccTr: 0.8398000001907349, AccVa: 0.8144999742507935, CeTr: 1.734573245048523, CeVa: 2.3500752449035645
Epoch: 132, AccTr: 0.8442999720573425, AccVa: 0.8130000233650208, CeTr: 1.727272868156433, CeVa: 2.4355406761169434
Epoch: 133, AccTr: 0.8428000211715698, AccVa: 0.8109999895095825, CeTr: 1.767106294631958, CeVa: 2.3760478496551514
Epoch: 134, AccTr: 0.8413000106811523, AccVa: 0.8209999799728394, CeTr: 1.7691295146942139, CeVa: 2.3276331424713135
Epoch: 135, AccTr: 0.8440999984741211, AccVa: 0.8180000185966492, CeTr: 1.7831628322601318, CeVa: 2.194523811340332
ENSEMBLE | Tr_Acc: 0.9384999871253967, Tr_CE: 0.5265628695487976, Va_Acc: 0.9169999957084656, Va_CE: 0.878720223903656
Epoch: 136, AccTr: 0.836899995803833, AccVa: 0.8184999823570251, CeTr: 1.7859997749328613, CeVa: 2.3782503604888916
Epoch: 137, AccTr: 0.8400999903678894, AccVa: 0.8234999775886536, CeTr: 1.8314107656478882, CeVa: 2.1545231342315674
Epoch: 138, AccTr: 0.8360000252723694, AccVa: 0.8075000047683716, CeTr: 1.7837765216827393, CeVa: 2.3014230728149414
Epoch: 139, AccTr: 0.8342000246047974, AccVa: 0.8054999709129333, CeTr: 1.8248207569122314, CeVa: 2.308877944946289
Epoch: 140, AccTr: 0.8432000279426575, AccVa: 0.8090000152587891, CeTr: 1.7279211282730103, CeVa: 2.460540771484375
ENSEMBLE | Tr_Acc: 0.9383999705314636, Tr_CE: 0.5231419205665588, Va_Acc: 0.9175000190734863, Va_CE: 0.8786842226982117
Epoch: 141, AccTr: 0.8382999897003174, AccVa: 0.8159999847412109, CeTr: 1.8672890663146973, CeVa: 2.370358943939209
Epoch: 142, AccTr: 0.8363999724388123, AccVa: 0.8180000185966492, CeTr: 1.858288049697876, CeVa: 2.419867992401123
Epoch: 143, AccTr: 0.840399980545044, AccVa: 0.8245000243186951, CeTr: 1.7470370531082153, CeVa: 2.22255539894104
Epoch: 144, AccTr: 0.8464000225067139, AccVa: 0.8130000233650208, CeTr: 1.718142032623291, CeVa: 2.2904417514801025
Epoch: 145, AccTr: 0.842199981212616, AccVa: 0.7910000085830688, CeTr: 1.7849421501159668, CeVa: 2.6142044067382812
ENSEMBLE | Tr_Acc: 0.9390000104904175, Tr_CE: 0.5212772488594055, Va_Acc: 0.9150000214576721, Va_CE: 0.8831606507301331
Epoch: 146, AccTr: 0.8373000025749207, AccVa: 0.8034999966621399, CeTr: 1.8029290437698364, CeVa: 2.49288272857666
Epoch: 147, AccTr: 0.8416000008583069, AccVa: 0.8140000104904175, CeTr: 1.7598387002944946, CeVa: 2.391266345977783
Epoch: 148, AccTr: 0.8335999846458435, AccVa: 0.8134999871253967, CeTr: 1.8674445152282715, CeVa: 2.3188741207122803
Epoch: 149, AccTr: 0.840399980545044, AccVa: 0.8040000200271606, CeTr: 1.7376360893249512, CeVa: 2.480940341949463
Epoch: 150, AccTr: 0.833299994468689, AccVa: 0.809499979019165, CeTr: 1.8599743843078613, CeVa: 2.33345103263855
ENSEMBLE | Tr_Acc: 0.9395999908447266, Tr_CE: 0.521319568157196, Va_Acc: 0.9154999852180481, Va_CE: 0.8863331079483032
Mod Accuracy || Mean: 0.8055000305175781	 Std: 0.003999978303909302
Ens Accuracy || Mean: 0.9157500267028809	 Std: 0.000250011682510376
Mod CE || Mean: 2.253377914428711	 Std: 0.08007323741912842
Ens CE || Mean: 0.8513848781585693	 Std: 0.03494822978973389
