NN CONFIG
Weight-type:		binary
Layout									Layer #1: 280	Layer #2: 200	
Activation Functions					Layer #1: bs	Layer #2: bs	
Keep probabilities		Layer #0: 1.0	Layer #1: 1.0	Layer #2: 1.0	
Flat factors							Layer #1: 1.0	Layer #2: 1.0	Layer #3: 1.0	
Activation Noise						Layer #1: 0.5	Layer #2: 0.5	Layer #3: 0.0	
Prior: 0.7

===================================

RUN CONFIG
Epochs: 150, Blocksize: 8

===================================

Input binarization: False
Epoch: 1, AccTr: 0.9230999946594238, AccVa: 0.8974999785423279, CeTr: 0.8499845862388611, CeVa: 1.6153976917266846
Epoch: 2, AccTr: 0.9189000129699707, AccVa: 0.8855000138282776, CeTr: 0.8772881627082825, CeVa: 1.6383240222930908
Epoch: 3, AccTr: 0.9060999751091003, AccVa: 0.8774999976158142, CeTr: 1.0355377197265625, CeVa: 1.6950536966323853
Epoch: 4, AccTr: 0.896399974822998, AccVa: 0.8730000257492065, CeTr: 1.0932650566101074, CeVa: 1.7032274007797241
Epoch: 5, AccTr: 0.8998000025749207, AccVa: 0.8769999742507935, CeTr: 1.088909387588501, CeVa: 1.698307991027832
Epoch: 6, AccTr: 0.8928999900817871, AccVa: 0.8619999885559082, CeTr: 1.1956318616867065, CeVa: 1.8317118883132935
Epoch: 7, AccTr: 0.892300009727478, AccVa: 0.8610000014305115, CeTr: 1.185412883758545, CeVa: 1.8982234001159668
Epoch: 8, AccTr: 0.8949000239372253, AccVa: 0.8629999756813049, CeTr: 1.1851338148117065, CeVa: 1.8696799278259277
Epoch: 9, AccTr: 0.8884999752044678, AccVa: 0.8629999756813049, CeTr: 1.240970253944397, CeVa: 1.8149052858352661
Epoch: 10, AccTr: 0.8901000022888184, AccVa: 0.8600000143051147, CeTr: 1.2697023153305054, CeVa: 1.82149076461792
Epoch: 11, AccTr: 0.88919997215271, AccVa: 0.8694999814033508, CeTr: 1.2815794944763184, CeVa: 1.7508940696716309
Epoch: 12, AccTr: 0.8849999904632568, AccVa: 0.8709999918937683, CeTr: 1.342299461364746, CeVa: 1.6523561477661133
Epoch: 13, AccTr: 0.8862000107765198, AccVa: 0.8629999756813049, CeTr: 1.2619074583053589, CeVa: 1.7614797353744507
Epoch: 14, AccTr: 0.8823000192642212, AccVa: 0.8654999732971191, CeTr: 1.3848458528518677, CeVa: 1.9308404922485352
Epoch: 15, AccTr: 0.8748999834060669, AccVa: 0.8694999814033508, CeTr: 1.452761173248291, CeVa: 1.7908103466033936
Epoch: 16, AccTr: 0.8777999877929688, AccVa: 0.8604999780654907, CeTr: 1.3761906623840332, CeVa: 1.761719822883606
Epoch: 17, AccTr: 0.8754000067710876, AccVa: 0.8510000109672546, CeTr: 1.4302095174789429, CeVa: 1.8024030923843384
Epoch: 18, AccTr: 0.8787999749183655, AccVa: 0.8554999828338623, CeTr: 1.3999028205871582, CeVa: 1.8764331340789795
Epoch: 19, AccTr: 0.8733000159263611, AccVa: 0.859000027179718, CeTr: 1.3942066431045532, CeVa: 1.8914436101913452
Epoch: 20, AccTr: 0.8794999718666077, AccVa: 0.859000027179718, CeTr: 1.4230127334594727, CeVa: 1.7712033987045288
Epoch: 21, AccTr: 0.8784000277519226, AccVa: 0.8495000004768372, CeTr: 1.414202332496643, CeVa: 1.9232304096221924
Epoch: 22, AccTr: 0.8680999875068665, AccVa: 0.8525000214576721, CeTr: 1.49101722240448, CeVa: 1.8455512523651123
Epoch: 23, AccTr: 0.8725000023841858, AccVa: 0.8604999780654907, CeTr: 1.3791152238845825, CeVa: 1.6994701623916626
Epoch: 24, AccTr: 0.8708000183105469, AccVa: 0.8429999947547913, CeTr: 1.4247463941574097, CeVa: 1.8874845504760742
Epoch: 25, AccTr: 0.8733000159263611, AccVa: 0.8445000052452087, CeTr: 1.3762218952178955, CeVa: 1.8315588235855103
Epoch: 26, AccTr: 0.876800000667572, AccVa: 0.843999981880188, CeTr: 1.36052405834198, CeVa: 1.7803329229354858
Epoch: 27, AccTr: 0.8680999875068665, AccVa: 0.8514999747276306, CeTr: 1.4362396001815796, CeVa: 1.83858060836792
Epoch: 28, AccTr: 0.8708000183105469, AccVa: 0.8629999756813049, CeTr: 1.4621542692184448, CeVa: 1.8411253690719604
Epoch: 29, AccTr: 0.866100013256073, AccVa: 0.8464999794960022, CeTr: 1.4512468576431274, CeVa: 1.9269343614578247
Epoch: 30, AccTr: 0.8719000220298767, AccVa: 0.8410000205039978, CeTr: 1.434146523475647, CeVa: 2.0300371646881104
ENSEMBLE | Tr_Acc: 0.8719000220298767, Tr_CE: 1.434146523475647, Va_Acc: 0.8410000205039978, Va_CE: 2.0300371646881104
Epoch: 31, AccTr: 0.8810999989509583, AccVa: 0.8475000262260437, CeTr: 1.3675779104232788, CeVa: 1.760379433631897
Epoch: 32, AccTr: 0.8707000017166138, AccVa: 0.843500018119812, CeTr: 1.4120813608169556, CeVa: 1.8322480916976929
Epoch: 33, AccTr: 0.869700014591217, AccVa: 0.8429999947547913, CeTr: 1.4507591724395752, CeVa: 2.137157917022705
Epoch: 34, AccTr: 0.8689000010490417, AccVa: 0.8529999852180481, CeTr: 1.4512954950332642, CeVa: 1.9326616525650024
Epoch: 35, AccTr: 0.8719000220298767, AccVa: 0.843999981880188, CeTr: 1.4575849771499634, CeVa: 2.051708698272705
ENSEMBLE | Tr_Acc: 0.9117000102996826, Tr_CE: 0.8709513545036316, Va_Acc: 0.8845000267028809, Va_CE: 1.446770429611206
Epoch: 36, AccTr: 0.8689000010490417, AccVa: 0.8320000171661377, CeTr: 1.4854328632354736, CeVa: 2.13254451751709
Epoch: 37, AccTr: 0.8690000176429749, AccVa: 0.8414999842643738, CeTr: 1.4497510194778442, CeVa: 2.002753734588623
Epoch: 38, AccTr: 0.8754000067710876, AccVa: 0.8500000238418579, CeTr: 1.3810151815414429, CeVa: 1.8614907264709473
Epoch: 39, AccTr: 0.8687999844551086, AccVa: 0.8349999785423279, CeTr: 1.410399079322815, CeVa: 1.9457769393920898
Epoch: 40, AccTr: 0.8676999807357788, AccVa: 0.8500000238418579, CeTr: 1.4297164678573608, CeVa: 1.825168490409851
ENSEMBLE | Tr_Acc: 0.9257000088691711, Tr_CE: 0.7050196528434753, Va_Acc: 0.9014999866485596, Va_CE: 1.1830923557281494
Epoch: 41, AccTr: 0.8665000200271606, AccVa: 0.8495000004768372, CeTr: 1.4707276821136475, CeVa: 1.9147233963012695
Epoch: 42, AccTr: 0.8698999881744385, AccVa: 0.843500018119812, CeTr: 1.4159754514694214, CeVa: 1.8077423572540283
Epoch: 43, AccTr: 0.866599977016449, AccVa: 0.8569999933242798, CeTr: 1.4521623849868774, CeVa: 1.7207796573638916
Epoch: 44, AccTr: 0.8707000017166138, AccVa: 0.8379999995231628, CeTr: 1.3447661399841309, CeVa: 2.092876434326172
Epoch: 45, AccTr: 0.8672000169754028, AccVa: 0.8510000109672546, CeTr: 1.4604675769805908, CeVa: 1.9382331371307373
ENSEMBLE | Tr_Acc: 0.9314000010490417, Tr_CE: 0.6261851191520691, Va_Acc: 0.9054999947547913, Va_CE: 1.0677907466888428
Epoch: 46, AccTr: 0.8723000288009644, AccVa: 0.8475000262260437, CeTr: 1.443269968032837, CeVa: 1.7957401275634766
Epoch: 47, AccTr: 0.8748000264167786, AccVa: 0.8644999861717224, CeTr: 1.3634318113327026, CeVa: 1.7827458381652832
Epoch: 48, AccTr: 0.8690999746322632, AccVa: 0.8634999990463257, CeTr: 1.3774279356002808, CeVa: 1.6351467370986938
Epoch: 49, AccTr: 0.867900013923645, AccVa: 0.8519999980926514, CeTr: 1.4354000091552734, CeVa: 1.8748263120651245
Epoch: 50, AccTr: 0.8690999746322632, AccVa: 0.8485000133514404, CeTr: 1.4668992757797241, CeVa: 1.9998213052749634
ENSEMBLE | Tr_Acc: 0.9333000183105469, Tr_CE: 0.5899948477745056, Va_Acc: 0.9129999876022339, Va_CE: 0.9930051565170288
Epoch: 51, AccTr: 0.8745999932289124, AccVa: 0.8525000214576721, CeTr: 1.444777011871338, CeVa: 1.7975252866744995
Epoch: 52, AccTr: 0.868399977684021, AccVa: 0.8420000076293945, CeTr: 1.4314379692077637, CeVa: 1.809301733970642
Epoch: 53, AccTr: 0.8704000115394592, AccVa: 0.8634999990463257, CeTr: 1.41623055934906, CeVa: 1.7110642194747925
Epoch: 54, AccTr: 0.8679999709129333, AccVa: 0.8565000295639038, CeTr: 1.3894137144088745, CeVa: 1.6689839363098145
Epoch: 55, AccTr: 0.8661999702453613, AccVa: 0.8510000109672546, CeTr: 1.52094566822052, CeVa: 1.8500065803527832
ENSEMBLE | Tr_Acc: 0.9369000196456909, Tr_CE: 0.5588693618774414, Va_Acc: 0.9160000085830688, Va_CE: 0.9422868490219116
Epoch: 56, AccTr: 0.8694999814033508, AccVa: 0.8519999980926514, CeTr: 1.387015700340271, CeVa: 1.7123581171035767
Epoch: 57, AccTr: 0.868399977684021, AccVa: 0.8539999723434448, CeTr: 1.3839597702026367, CeVa: 1.822576642036438
Epoch: 58, AccTr: 0.873199999332428, AccVa: 0.8539999723434448, CeTr: 1.4016104936599731, CeVa: 1.7983328104019165
Epoch: 59, AccTr: 0.8657000064849854, AccVa: 0.8529999852180481, CeTr: 1.381468415260315, CeVa: 1.7036904096603394
Epoch: 60, AccTr: 0.8654999732971191, AccVa: 0.840499997138977, CeTr: 1.4139509201049805, CeVa: 1.7670495510101318
ENSEMBLE | Tr_Acc: 0.9397000074386597, Tr_CE: 0.5325894951820374, Va_Acc: 0.9154999852180481, Va_CE: 0.910844087600708
Epoch: 61, AccTr: 0.8737000226974487, AccVa: 0.8610000014305115, CeTr: 1.3622957468032837, CeVa: 1.5933629274368286
Epoch: 62, AccTr: 0.8763999938964844, AccVa: 0.8410000205039978, CeTr: 1.3322442770004272, CeVa: 1.9302763938903809
Epoch: 63, AccTr: 0.8633999824523926, AccVa: 0.8450000286102295, CeTr: 1.4315931797027588, CeVa: 1.8079227209091187
Epoch: 64, AccTr: 0.8616999983787537, AccVa: 0.8450000286102295, CeTr: 1.5064650774002075, CeVa: 1.6795645952224731
Epoch: 65, AccTr: 0.8677999973297119, AccVa: 0.8355000019073486, CeTr: 1.4795010089874268, CeVa: 1.9050683975219727
ENSEMBLE | Tr_Acc: 0.9409999847412109, Tr_CE: 0.5204139351844788, Va_Acc: 0.9179999828338623, Va_CE: 0.8924407362937927
Epoch: 66, AccTr: 0.8615000247955322, AccVa: 0.8324999809265137, CeTr: 1.4477744102478027, CeVa: 1.8858911991119385
Epoch: 67, AccTr: 0.8597999811172485, AccVa: 0.8395000100135803, CeTr: 1.5148292779922485, CeVa: 1.9402978420257568
Epoch: 68, AccTr: 0.8689000010490417, AccVa: 0.8399999737739563, CeTr: 1.4418026208877563, CeVa: 1.9395549297332764
Epoch: 69, AccTr: 0.8689000010490417, AccVa: 0.8324999809265137, CeTr: 1.4125548601150513, CeVa: 1.9587366580963135
Epoch: 70, AccTr: 0.8679999709129333, AccVa: 0.8454999923706055, CeTr: 1.4776164293289185, CeVa: 1.7403820753097534
ENSEMBLE | Tr_Acc: 0.9419999718666077, Tr_CE: 0.5096302628517151, Va_Acc: 0.9190000295639038, Va_CE: 0.8751976490020752
Epoch: 71, AccTr: 0.8679999709129333, AccVa: 0.8429999947547913, CeTr: 1.3844120502471924, CeVa: 1.7777998447418213
Epoch: 72, AccTr: 0.8683000206947327, AccVa: 0.8519999980926514, CeTr: 1.410817265510559, CeVa: 1.8926786184310913
Epoch: 73, AccTr: 0.8633000254631042, AccVa: 0.847000002861023, CeTr: 1.445279598236084, CeVa: 1.7868012189865112
Epoch: 74, AccTr: 0.8622999787330627, AccVa: 0.8345000147819519, CeTr: 1.5236066579818726, CeVa: 2.052096128463745
Epoch: 75, AccTr: 0.8636000156402588, AccVa: 0.8314999938011169, CeTr: 1.4760245084762573, CeVa: 2.074941396713257
ENSEMBLE | Tr_Acc: 0.9419999718666077, Tr_CE: 0.5003711581230164, Va_Acc: 0.921999990940094, Va_CE: 0.8651922345161438
Epoch: 76, AccTr: 0.8682000041007996, AccVa: 0.8514999747276306, CeTr: 1.4431263208389282, CeVa: 1.6272562742233276
Epoch: 77, AccTr: 0.8658000230789185, AccVa: 0.8489999771118164, CeTr: 1.471574068069458, CeVa: 1.7189174890518188
Epoch: 78, AccTr: 0.8622000217437744, AccVa: 0.8450000286102295, CeTr: 1.4646269083023071, CeVa: 1.8148142099380493
Epoch: 79, AccTr: 0.8689000010490417, AccVa: 0.8429999947547913, CeTr: 1.4366540908813477, CeVa: 1.8804303407669067
Epoch: 80, AccTr: 0.8677999973297119, AccVa: 0.8414999842643738, CeTr: 1.472220540046692, CeVa: 1.7772945165634155
ENSEMBLE | Tr_Acc: 0.9409999847412109, Tr_CE: 0.4884404242038727, Va_Acc: 0.9210000038146973, Va_CE: 0.8437858819961548
Epoch: 81, AccTr: 0.8723000288009644, AccVa: 0.8500000238418579, CeTr: 1.4542073011398315, CeVa: 1.75606107711792
Epoch: 82, AccTr: 0.8701000213623047, AccVa: 0.8529999852180481, CeTr: 1.42952561378479, CeVa: 1.8265964984893799
Epoch: 83, AccTr: 0.867900013923645, AccVa: 0.8500000238418579, CeTr: 1.4112166166305542, CeVa: 1.7012938261032104
Epoch: 84, AccTr: 0.8716999888420105, AccVa: 0.8410000205039978, CeTr: 1.351028323173523, CeVa: 1.8144274950027466
Epoch: 85, AccTr: 0.8723000288009644, AccVa: 0.8489999771118164, CeTr: 1.4070322513580322, CeVa: 1.7836735248565674
ENSEMBLE | Tr_Acc: 0.9419000148773193, Tr_CE: 0.47864893078804016, Va_Acc: 0.9229999780654907, Va_CE: 0.8274099230766296
Epoch: 86, AccTr: 0.8626000285148621, AccVa: 0.8424999713897705, CeTr: 1.4574333429336548, CeVa: 1.9105935096740723
Epoch: 87, AccTr: 0.8690000176429749, AccVa: 0.8560000061988831, CeTr: 1.4247314929962158, CeVa: 1.8484718799591064
Epoch: 88, AccTr: 0.8730999827384949, AccVa: 0.8650000095367432, CeTr: 1.3543046712875366, CeVa: 1.6992743015289307
Epoch: 89, AccTr: 0.8708000183105469, AccVa: 0.843999981880188, CeTr: 1.3676739931106567, CeVa: 1.8547848463058472
Epoch: 90, AccTr: 0.871999979019165, AccVa: 0.847000002861023, CeTr: 1.3785310983657837, CeVa: 1.7660155296325684
ENSEMBLE | Tr_Acc: 0.9438999891281128, Tr_CE: 0.47333604097366333, Va_Acc: 0.921500027179718, Va_CE: 0.8114478588104248
Epoch: 91, AccTr: 0.873199999332428, AccVa: 0.8560000061988831, CeTr: 1.3946784734725952, CeVa: 1.8453924655914307
Epoch: 92, AccTr: 0.8741000294685364, AccVa: 0.8454999923706055, CeTr: 1.4367482662200928, CeVa: 1.871380090713501
Epoch: 93, AccTr: 0.8666999936103821, AccVa: 0.8479999899864197, CeTr: 1.4637157917022705, CeVa: 1.800099492073059
Epoch: 94, AccTr: 0.8718000054359436, AccVa: 0.8410000205039978, CeTr: 1.3900086879730225, CeVa: 1.8508437871932983
Epoch: 95, AccTr: 0.8737999796867371, AccVa: 0.8529999852180481, CeTr: 1.3921723365783691, CeVa: 1.6965192556381226
ENSEMBLE | Tr_Acc: 0.9437999725341797, Tr_CE: 0.46753740310668945, Va_Acc: 0.9240000247955322, Va_CE: 0.7967538833618164
Epoch: 96, AccTr: 0.8695999979972839, AccVa: 0.847000002861023, CeTr: 1.4417563676834106, CeVa: 1.903450608253479
