NN CONFIG
Weight-type:		binary
Layout									Layer #1: 280	Layer #2: 200	
Activation Functions					Layer #1: bs	Layer #2: bs	
Keep probabilities		Layer #0: 1.0	Layer #1: 1.0	Layer #2: 1.0	
Flat factors							Layer #1: 1.0	Layer #2: 1.0	Layer #3: 1.0	
Activation Noise						Layer #1: 1.5	Layer #2: 1.5	Layer #3: 0.0	
Prior: 0.7

===================================

RUN CONFIG
Epochs: 150, Blocksize: 8

===================================

Input binarization: False
Epoch: 1, AccTr: 0.8652999997138977, AccVa: 0.8519999980926514, CeTr: 2.212743043899536, CeVa: 2.25433611869812
Epoch: 2, AccTr: 0.8374999761581421, AccVa: 0.840499997138977, CeTr: 2.603740692138672, CeVa: 2.3532745838165283
Epoch: 3, AccTr: 0.8238999843597412, AccVa: 0.8169999718666077, CeTr: 2.7349913120269775, CeVa: 2.793302536010742
Epoch: 4, AccTr: 0.8184000253677368, AccVa: 0.8034999966621399, CeTr: 2.815579652786255, CeVa: 3.0318801403045654
Epoch: 5, AccTr: 0.8184000253677368, AccVa: 0.815500020980835, CeTr: 2.811110258102417, CeVa: 2.6893985271453857
Epoch: 6, AccTr: 0.8158000111579895, AccVa: 0.8075000047683716, CeTr: 2.9343554973602295, CeVa: 2.9813168048858643
Epoch: 7, AccTr: 0.8149999976158142, AccVa: 0.8015000224113464, CeTr: 3.021202564239502, CeVa: 3.3542978763580322
Epoch: 8, AccTr: 0.8051999807357788, AccVa: 0.7910000085830688, CeTr: 3.1986305713653564, CeVa: 3.250899076461792
Epoch: 9, AccTr: 0.7954999804496765, AccVa: 0.7979999780654907, CeTr: 3.110715866088867, CeVa: 3.067051410675049
Epoch: 10, AccTr: 0.808899998664856, AccVa: 0.8109999895095825, CeTr: 2.9299023151397705, CeVa: 2.788360357284546
Epoch: 11, AccTr: 0.8047999739646912, AccVa: 0.7835000157356262, CeTr: 2.8649816513061523, CeVa: 3.092893600463867
Epoch: 12, AccTr: 0.7976999878883362, AccVa: 0.8050000071525574, CeTr: 3.012988567352295, CeVa: 3.048654794692993
Epoch: 13, AccTr: 0.8025000095367432, AccVa: 0.800000011920929, CeTr: 2.8969714641571045, CeVa: 2.9922232627868652
Epoch: 14, AccTr: 0.7910000085830688, AccVa: 0.7929999828338623, CeTr: 2.990250587463379, CeVa: 2.870267152786255
Epoch: 15, AccTr: 0.784600019454956, AccVa: 0.796999990940094, CeTr: 3.201993465423584, CeVa: 2.8799915313720703
Epoch: 16, AccTr: 0.7903000116348267, AccVa: 0.796999990940094, CeTr: 2.962219715118408, CeVa: 2.742635726928711
Epoch: 17, AccTr: 0.8012999892234802, AccVa: 0.7889999747276306, CeTr: 2.816181182861328, CeVa: 2.7826039791107178
Epoch: 18, AccTr: 0.7851999998092651, AccVa: 0.7720000147819519, CeTr: 3.0290634632110596, CeVa: 3.1042630672454834
Epoch: 19, AccTr: 0.7921000123023987, AccVa: 0.7854999899864197, CeTr: 2.981745719909668, CeVa: 2.9955554008483887
Epoch: 20, AccTr: 0.7821999788284302, AccVa: 0.7785000205039978, CeTr: 3.1628105640411377, CeVa: 2.900028944015503
Epoch: 21, AccTr: 0.7804999947547913, AccVa: 0.7705000042915344, CeTr: 3.0482325553894043, CeVa: 3.069737195968628
Epoch: 22, AccTr: 0.7833999991416931, AccVa: 0.7820000052452087, CeTr: 3.141159772872925, CeVa: 2.973787784576416
Epoch: 23, AccTr: 0.7706999778747559, AccVa: 0.7574999928474426, CeTr: 3.3674843311309814, CeVa: 3.2107431888580322
Epoch: 24, AccTr: 0.7944999933242798, AccVa: 0.7835000157356262, CeTr: 2.9275574684143066, CeVa: 3.0209076404571533
Epoch: 25, AccTr: 0.7623000144958496, AccVa: 0.7634999752044678, CeTr: 3.345261812210083, CeVa: 3.1686465740203857
Epoch: 26, AccTr: 0.7843999862670898, AccVa: 0.7785000205039978, CeTr: 3.04848051071167, CeVa: 3.0658180713653564
Epoch: 27, AccTr: 0.7849000096321106, AccVa: 0.7870000004768372, CeTr: 2.9926979541778564, CeVa: 2.9190783500671387
Epoch: 28, AccTr: 0.7781000137329102, AccVa: 0.7705000042915344, CeTr: 3.3499655723571777, CeVa: 3.196399211883545
Epoch: 29, AccTr: 0.7786999940872192, AccVa: 0.7860000133514404, CeTr: 3.313171863555908, CeVa: 3.1142518520355225
Epoch: 30, AccTr: 0.7897999882698059, AccVa: 0.7850000262260437, CeTr: 3.0970582962036133, CeVa: 3.0686259269714355
ENSEMBLE | Tr_Acc: 0.7897999882698059, Tr_CE: 3.0970582962036133, Va_Acc: 0.7850000262260437, Va_CE: 3.0686259269714355
Epoch: 31, AccTr: 0.7799999713897705, AccVa: 0.7795000076293945, CeTr: 3.1160888671875, CeVa: 3.168694257736206
Epoch: 32, AccTr: 0.7836999893188477, AccVa: 0.7745000123977661, CeTr: 3.0245895385742188, CeVa: 3.0354983806610107
Epoch: 33, AccTr: 0.7764999866485596, AccVa: 0.781000018119812, CeTr: 3.108192205429077, CeVa: 3.109276056289673
Epoch: 34, AccTr: 0.7871000170707703, AccVa: 0.7760000228881836, CeTr: 2.9079020023345947, CeVa: 3.0973799228668213
Epoch: 35, AccTr: 0.791700005531311, AccVa: 0.7889999747276306, CeTr: 2.8824424743652344, CeVa: 2.838139295578003
ENSEMBLE | Tr_Acc: 0.8259999752044678, Tr_CE: 2.339614152908325, Va_Acc: 0.8240000009536743, Va_CE: 2.2907299995422363
Epoch: 36, AccTr: 0.7815999984741211, AccVa: 0.7820000052452087, CeTr: 3.1576032638549805, CeVa: 3.12772274017334
Epoch: 37, AccTr: 0.7760000228881836, AccVa: 0.7714999914169312, CeTr: 3.3142640590667725, CeVa: 3.0198252201080322
Epoch: 38, AccTr: 0.7936000227928162, AccVa: 0.7879999876022339, CeTr: 3.0317869186401367, CeVa: 3.0748708248138428
Epoch: 39, AccTr: 0.7785000205039978, AccVa: 0.7914999723434448, CeTr: 3.221061944961548, CeVa: 2.947298765182495
Epoch: 40, AccTr: 0.7827000021934509, AccVa: 0.7850000262260437, CeTr: 3.1866345405578613, CeVa: 3.2123453617095947
ENSEMBLE | Tr_Acc: 0.8346999883651733, Tr_CE: 2.2044320106506348, Va_Acc: 0.8335000276565552, Va_CE: 2.1800615787506104
Epoch: 41, AccTr: 0.7875000238418579, AccVa: 0.7825000286102295, CeTr: 3.1013898849487305, CeVa: 3.1434435844421387
Epoch: 42, AccTr: 0.7888000011444092, AccVa: 0.7820000052452087, CeTr: 2.9946062564849854, CeVa: 3.084239959716797
Epoch: 43, AccTr: 0.7907999753952026, AccVa: 0.7785000205039978, CeTr: 2.9487550258636475, CeVa: 2.972158432006836
Epoch: 44, AccTr: 0.8025000095367432, AccVa: 0.8004999756813049, CeTr: 2.8663153648376465, CeVa: 2.859799385070801
Epoch: 45, AccTr: 0.7914999723434448, AccVa: 0.777999997138977, CeTr: 2.9030075073242188, CeVa: 3.0255374908447266
ENSEMBLE | Tr_Acc: 0.8440999984741211, Tr_CE: 2.085747718811035, Va_Acc: 0.8399999737739563, Va_CE: 2.089815378189087
Epoch: 46, AccTr: 0.7936999797821045, AccVa: 0.8004999756813049, CeTr: 2.8328399658203125, CeVa: 2.742966413497925
Epoch: 47, AccTr: 0.7793999910354614, AccVa: 0.7760000228881836, CeTr: 3.0270774364471436, CeVa: 2.8482353687286377
Epoch: 48, AccTr: 0.7854999899864197, AccVa: 0.7730000019073486, CeTr: 3.042649030685425, CeVa: 2.9687235355377197
Epoch: 49, AccTr: 0.777400016784668, AccVa: 0.765500009059906, CeTr: 3.1064672470092773, CeVa: 3.1200296878814697
Epoch: 50, AccTr: 0.776199996471405, AccVa: 0.7850000262260437, CeTr: 3.1729204654693604, CeVa: 3.018239974975586
ENSEMBLE | Tr_Acc: 0.8481000065803528, Tr_CE: 2.0594077110290527, Va_Acc: 0.8410000205039978, Va_CE: 2.0521981716156006
Epoch: 51, AccTr: 0.7802000045776367, AccVa: 0.7724999785423279, CeTr: 3.020211696624756, CeVa: 2.9794795513153076
Epoch: 52, AccTr: 0.7839000225067139, AccVa: 0.7749999761581421, CeTr: 2.8206210136413574, CeVa: 2.8585469722747803
Epoch: 53, AccTr: 0.7803000211715698, AccVa: 0.7739999890327454, CeTr: 2.961737871170044, CeVa: 2.9962077140808105
Epoch: 54, AccTr: 0.7853000164031982, AccVa: 0.784500002861023, CeTr: 2.8016159534454346, CeVa: 2.6746959686279297
Epoch: 55, AccTr: 0.7817000150680542, AccVa: 0.7910000085830688, CeTr: 2.9894943237304688, CeVa: 2.7371270656585693
ENSEMBLE | Tr_Acc: 0.8478000164031982, Tr_CE: 2.0143418312072754, Va_Acc: 0.8445000052452087, Va_CE: 1.9733965396881104
Epoch: 56, AccTr: 0.7962999939918518, AccVa: 0.7820000052452087, CeTr: 2.797917366027832, CeVa: 2.9678614139556885
Epoch: 57, AccTr: 0.7901999950408936, AccVa: 0.7914999723434448, CeTr: 2.969545602798462, CeVa: 2.704134464263916
Epoch: 58, AccTr: 0.7809000015258789, AccVa: 0.777999997138977, CeTr: 3.14042592048645, CeVa: 3.114825963973999
Epoch: 59, AccTr: 0.777400016784668, AccVa: 0.7760000228881836, CeTr: 3.1937131881713867, CeVa: 2.936861276626587
Epoch: 60, AccTr: 0.7809000015258789, AccVa: 0.7839999794960022, CeTr: 3.1698825359344482, CeVa: 3.1415038108825684
ENSEMBLE | Tr_Acc: 0.8478000164031982, Tr_CE: 2.011240243911743, Va_Acc: 0.8485000133514404, Va_CE: 1.9746501445770264
Epoch: 61, AccTr: 0.7878000140190125, AccVa: 0.7919999957084656, CeTr: 2.9045794010162354, CeVa: 2.7397334575653076
Epoch: 62, AccTr: 0.784500002861023, AccVa: 0.7935000061988831, CeTr: 3.045966386795044, CeVa: 2.8996729850769043
Epoch: 63, AccTr: 0.7692999839782715, AccVa: 0.7705000042915344, CeTr: 3.2952964305877686, CeVa: 3.1633737087249756
Epoch: 64, AccTr: 0.792900025844574, AccVa: 0.7785000205039978, CeTr: 2.96783709526062, CeVa: 3.0577549934387207
Epoch: 65, AccTr: 0.7946000099182129, AccVa: 0.7929999828338623, CeTr: 3.042853593826294, CeVa: 3.0701398849487305
ENSEMBLE | Tr_Acc: 0.8511000275611877, Tr_CE: 1.99502694606781, Va_Acc: 0.8495000004768372, Va_CE: 1.9682377576828003
Epoch: 66, AccTr: 0.7853999733924866, AccVa: 0.7739999890327454, CeTr: 3.0514323711395264, CeVa: 2.9708523750305176
Epoch: 67, AccTr: 0.7807999849319458, AccVa: 0.7770000100135803, CeTr: 3.2006943225860596, CeVa: 2.9330737590789795
Epoch: 68, AccTr: 0.7820000052452087, AccVa: 0.7670000195503235, CeTr: 3.4337539672851562, CeVa: 3.282223701477051
Epoch: 69, AccTr: 0.7742999792098999, AccVa: 0.7555000185966492, CeTr: 3.1538777351379395, CeVa: 3.1506474018096924
Epoch: 70, AccTr: 0.7687000036239624, AccVa: 0.7714999914169312, CeTr: 3.243227243423462, CeVa: 3.023253917694092
ENSEMBLE | Tr_Acc: 0.8525999784469604, Tr_CE: 1.9922816753387451, Va_Acc: 0.8479999899864197, Va_CE: 1.9429394006729126
Epoch: 71, AccTr: 0.7806000113487244, AccVa: 0.7730000019073486, CeTr: 3.0423784255981445, CeVa: 3.148479700088501
Epoch: 72, AccTr: 0.7753000259399414, AccVa: 0.777999997138977, CeTr: 3.1741533279418945, CeVa: 3.0458784103393555
Epoch: 73, AccTr: 0.7807999849319458, AccVa: 0.7835000157356262, CeTr: 2.9864232540130615, CeVa: 2.8737308979034424
Epoch: 74, AccTr: 0.794700026512146, AccVa: 0.7954999804496765, CeTr: 2.940058946609497, CeVa: 2.8178532123565674
Epoch: 75, AccTr: 0.7991999983787537, AccVa: 0.7954999804496765, CeTr: 2.7866463661193848, CeVa: 2.7551989555358887
ENSEMBLE | Tr_Acc: 0.8539999723434448, Tr_CE: 1.9474191665649414, Va_Acc: 0.8479999899864197, Va_CE: 1.8914457559585571
Epoch: 76, AccTr: 0.7904000282287598, AccVa: 0.7885000109672546, CeTr: 2.9588077068328857, CeVa: 2.9214651584625244
Epoch: 77, AccTr: 0.7888000011444092, AccVa: 0.7904999852180481, CeTr: 2.956239938735962, CeVa: 2.8930912017822266
Epoch: 78, AccTr: 0.7885000109672546, AccVa: 0.781499981880188, CeTr: 3.1004738807678223, CeVa: 3.0960447788238525
Epoch: 79, AccTr: 0.784600019454956, AccVa: 0.7745000123977661, CeTr: 3.2294020652770996, CeVa: 3.2450549602508545
Epoch: 80, AccTr: 0.781499981880188, AccVa: 0.7730000019073486, CeTr: 3.1364634037017822, CeVa: 3.1036839485168457
ENSEMBLE | Tr_Acc: 0.8544999957084656, Tr_CE: 1.9402543306350708, Va_Acc: 0.8510000109672546, Va_CE: 1.8788931369781494
Epoch: 81, AccTr: 0.7827000021934509, AccVa: 0.7770000100135803, CeTr: 3.082629680633545, CeVa: 2.974886178970337
Epoch: 82, AccTr: 0.7723000049591064, AccVa: 0.7695000171661377, CeTr: 3.2571568489074707, CeVa: 3.2763218879699707
Epoch: 83, AccTr: 0.7894999980926514, AccVa: 0.7985000014305115, CeTr: 3.036543846130371, CeVa: 2.857354164123535
Epoch: 84, AccTr: 0.7928000092506409, AccVa: 0.7900000214576721, CeTr: 2.982649087905884, CeVa: 2.7950994968414307
Epoch: 85, AccTr: 0.7811999917030334, AccVa: 0.7720000147819519, CeTr: 3.154285192489624, CeVa: 3.2449753284454346
ENSEMBLE | Tr_Acc: 0.8547999858856201, Tr_CE: 1.93212890625, Va_Acc: 0.8525000214576721, Va_CE: 1.8757438659667969
Epoch: 86, AccTr: 0.7838000059127808, AccVa: 0.7789999842643738, CeTr: 3.10461688041687, CeVa: 3.154130220413208
Epoch: 87, AccTr: 0.7824000120162964, AccVa: 0.777999997138977, CeTr: 3.0891799926757812, CeVa: 3.0082879066467285
Epoch: 88, AccTr: 0.7890999913215637, AccVa: 0.781000018119812, CeTr: 3.0137264728546143, CeVa: 2.8276875019073486
Epoch: 89, AccTr: 0.7858999967575073, AccVa: 0.7864999771118164, CeTr: 2.7874557971954346, CeVa: 2.747816801071167
Epoch: 90, AccTr: 0.7835000157356262, AccVa: 0.765999972820282, CeTr: 2.9742887020111084, CeVa: 2.86295485496521
ENSEMBLE | Tr_Acc: 0.8537999987602234, Tr_CE: 1.9162356853485107, Va_Acc: 0.8544999957084656, Va_CE: 1.8548861742019653
Epoch: 91, AccTr: 0.7785000205039978, AccVa: 0.7850000262260437, CeTr: 2.9593453407287598, CeVa: 2.690556287765503
Epoch: 92, AccTr: 0.7807999849319458, AccVa: 0.7749999761581421, CeTr: 3.083355188369751, CeVa: 3.0125889778137207
Epoch: 93, AccTr: 0.7893999814987183, AccVa: 0.7835000157356262, CeTr: 2.9673407077789307, CeVa: 2.640152931213379
Epoch: 94, AccTr: 0.7662000060081482, AccVa: 0.7605000138282776, CeTr: 3.1904795169830322, CeVa: 3.15641713142395
Epoch: 95, AccTr: 0.7728999853134155, AccVa: 0.7724999785423279, CeTr: 3.1294960975646973, CeVa: 3.0788614749908447
ENSEMBLE | Tr_Acc: 0.8529999852180481, Tr_CE: 1.9060031175613403, Va_Acc: 0.8535000085830688, Va_CE: 1.851316213607788
Epoch: 96, AccTr: 0.7777000069618225, AccVa: 0.7894999980926514, CeTr: 3.0951194763183594, CeVa: 2.797992706298828
Epoch: 97, AccTr: 0.7807999849319458, AccVa: 0.7695000171661377, CeTr: 2.938465118408203, CeVa: 3.06715989112854
Epoch: 98, AccTr: 0.781499981880188, AccVa: 0.7720000147819519, CeTr: 3.0810611248016357, CeVa: 3.119248628616333
Epoch: 99, AccTr: 0.7738000154495239, AccVa: 0.781000018119812, CeTr: 3.1959357261657715, CeVa: 3.0766472816467285
Epoch: 100, AccTr: 0.7770000100135803, AccVa: 0.7850000262260437, CeTr: 3.2028348445892334, CeVa: 2.9746875762939453
ENSEMBLE | Tr_Acc: 0.8537999987602234, Tr_CE: 1.9112999439239502, Va_Acc: 0.8554999828338623, Va_CE: 1.8452075719833374
Epoch: 101, AccTr: 0.7813000082969666, AccVa: 0.7664999961853027, CeTr: 3.132749557495117, CeVa: 3.2619469165802
Epoch: 102, AccTr: 0.7773000001907349, AccVa: 0.765999972820282, CeTr: 3.1975185871124268, CeVa: 3.2345468997955322
Epoch: 103, AccTr: 0.7825000286102295, AccVa: 0.7825000286102295, CeTr: 3.1585233211517334, CeVa: 3.1616196632385254
Epoch: 104, AccTr: 0.7896999716758728, AccVa: 0.7760000228881836, CeTr: 3.047434091567993, CeVa: 3.1447336673736572
Epoch: 105, AccTr: 0.7910000085830688, AccVa: 0.7954999804496765, CeTr: 2.9993042945861816, CeVa: 2.8400285243988037
ENSEMBLE | Tr_Acc: 0.8547000288963318, Tr_CE: 1.9059574604034424, Va_Acc: 0.8569999933242798, Va_CE: 1.8323769569396973
Epoch: 106, AccTr: 0.7860000133514404, AccVa: 0.7864999771118164, CeTr: 2.934863567352295, CeVa: 2.7694835662841797
Epoch: 107, AccTr: 0.7786999940872192, AccVa: 0.7795000076293945, CeTr: 2.9117233753204346, CeVa: 2.812547445297241
Epoch: 108, AccTr: 0.7900999784469604, AccVa: 0.7714999914169312, CeTr: 2.9084620475769043, CeVa: 2.892854928970337
Epoch: 109, AccTr: 0.7807000279426575, AccVa: 0.7689999938011169, CeTr: 2.8613758087158203, CeVa: 2.9067440032958984
Epoch: 110, AccTr: 0.7943000197410583, AccVa: 0.781499981880188, CeTr: 2.735919952392578, CeVa: 2.624112606048584
ENSEMBLE | Tr_Acc: 0.8550999760627747, Tr_CE: 1.884039282798767, Va_Acc: 0.8554999828338623, Va_CE: 1.8022642135620117
Epoch: 111, AccTr: 0.7810999751091003, AccVa: 0.7760000228881836, CeTr: 2.7613766193389893, CeVa: 2.746453046798706
Epoch: 112, AccTr: 0.7864000201225281, AccVa: 0.7724999785423279, CeTr: 2.684945821762085, CeVa: 2.7510485649108887
Epoch: 113, AccTr: 0.7883999943733215, AccVa: 0.7774999737739563, CeTr: 2.726144552230835, CeVa: 2.7162554264068604
Epoch: 114, AccTr: 0.7818999886512756, AccVa: 0.7850000262260437, CeTr: 2.830683708190918, CeVa: 2.721693754196167
Epoch: 115, AccTr: 0.7767000198364258, AccVa: 0.7620000243186951, CeTr: 2.767751932144165, CeVa: 2.783940076828003
ENSEMBLE | Tr_Acc: 0.8550000190734863, Tr_CE: 1.867885708808899, Va_Acc: 0.8554999828338623, Va_CE: 1.7894809246063232
Epoch: 116, AccTr: 0.7784000039100647, AccVa: 0.7854999899864197, CeTr: 2.815129518508911, CeVa: 2.485485553741455
Epoch: 117, AccTr: 0.7766000032424927, AccVa: 0.7785000205039978, CeTr: 2.9385602474212646, CeVa: 2.823302745819092
Epoch: 118, AccTr: 0.7759000062942505, AccVa: 0.781499981880188, CeTr: 2.9900403022766113, CeVa: 2.869722604751587
Epoch: 119, AccTr: 0.7738999724388123, AccVa: 0.7749999761581421, CeTr: 2.916072130203247, CeVa: 2.808638572692871
Epoch: 120, AccTr: 0.7803000211715698, AccVa: 0.7795000076293945, CeTr: 2.9818670749664307, CeVa: 2.7935335636138916
ENSEMBLE | Tr_Acc: 0.8546000123023987, Tr_CE: 1.8639717102050781, Va_Acc: 0.8554999828338623, Va_CE: 1.775660753250122
Epoch: 121, AccTr: 0.7930999994277954, AccVa: 0.8004999756813049, CeTr: 2.7464051246643066, CeVa: 2.6596009731292725
Epoch: 122, AccTr: 0.7825000286102295, AccVa: 0.781499981880188, CeTr: 3.0769388675689697, CeVa: 2.873514175415039
Epoch: 123, AccTr: 0.7793999910354614, AccVa: 0.7749999761581421, CeTr: 3.0864531993865967, CeVa: 2.7512152194976807
Epoch: 124, AccTr: 0.7939000129699707, AccVa: 0.777999997138977, CeTr: 2.9183273315429688, CeVa: 3.0155117511749268
Epoch: 125, AccTr: 0.7720000147819519, AccVa: 0.7634999752044678, CeTr: 3.301910161972046, CeVa: 3.4184486865997314
ENSEMBLE | Tr_Acc: 0.855400025844574, Tr_CE: 1.8729336261749268, Va_Acc: 0.8525000214576721, Va_CE: 1.7980176210403442
Epoch: 126, AccTr: 0.7944999933242798, AccVa: 0.796500027179718, CeTr: 2.8748083114624023, CeVa: 2.7445452213287354
Epoch: 127, AccTr: 0.7813000082969666, AccVa: 0.7739999890327454, CeTr: 3.001812219619751, CeVa: 3.0447983741760254
Epoch: 128, AccTr: 0.7793999910354614, AccVa: 0.7885000109672546, CeTr: 3.1355130672454834, CeVa: 3.064702033996582
Epoch: 129, AccTr: 0.7854999899864197, AccVa: 0.7745000123977661, CeTr: 3.027081251144409, CeVa: 3.042142391204834
Epoch: 130, AccTr: 0.7860000133514404, AccVa: 0.7870000004768372, CeTr: 3.020967483520508, CeVa: 2.883500337600708
ENSEMBLE | Tr_Acc: 0.8561000227928162, Tr_CE: 1.870387077331543, Va_Acc: 0.8544999957084656, Va_CE: 1.7835462093353271
Epoch: 131, AccTr: 0.7831000089645386, AccVa: 0.7950000166893005, CeTr: 3.0824358463287354, CeVa: 2.948437452316284
Epoch: 132, AccTr: 0.8025000095367432, AccVa: 0.7854999899864197, CeTr: 2.8070008754730225, CeVa: 2.793292999267578
Epoch: 133, AccTr: 0.7985000014305115, AccVa: 0.7894999980926514, CeTr: 2.7362375259399414, CeVa: 2.5871071815490723
Epoch: 134, AccTr: 0.786300003528595, AccVa: 0.7979999780654907, CeTr: 2.864886999130249, CeVa: 2.7084507942199707
Epoch: 135, AccTr: 0.7912999987602234, AccVa: 0.7889999747276306, CeTr: 2.8749282360076904, CeVa: 2.8361573219299316
ENSEMBLE | Tr_Acc: 0.8568999767303467, Tr_CE: 1.8579941987991333, Va_Acc: 0.8529999852180481, Va_CE: 1.7739115953445435
Epoch: 136, AccTr: 0.7922000288963318, AccVa: 0.781499981880188, CeTr: 2.952089548110962, CeVa: 2.964651346206665
Epoch: 137, AccTr: 0.7908999919891357, AccVa: 0.7799999713897705, CeTr: 2.8557305335998535, CeVa: 2.8314669132232666
Epoch: 138, AccTr: 0.7871999740600586, AccVa: 0.7789999842643738, CeTr: 3.08263897895813, CeVa: 2.8968420028686523
Epoch: 139, AccTr: 0.7840999960899353, AccVa: 0.784500002861023, CeTr: 2.922311544418335, CeVa: 2.8790483474731445
Epoch: 140, AccTr: 0.7781000137329102, AccVa: 0.7764999866485596, CeTr: 2.8911359310150146, CeVa: 2.861362934112549
ENSEMBLE | Tr_Acc: 0.8572999835014343, Tr_CE: 1.8525760173797607, Va_Acc: 0.8560000061988831, Va_CE: 1.7676676511764526
Epoch: 141, AccTr: 0.7803000211715698, AccVa: 0.7745000123977661, CeTr: 3.132683515548706, CeVa: 3.186213970184326
Epoch: 142, AccTr: 0.7839000225067139, AccVa: 0.796500027179718, CeTr: 2.967968463897705, CeVa: 2.8140945434570312
Epoch: 143, AccTr: 0.784600019454956, AccVa: 0.7789999842643738, CeTr: 2.778817892074585, CeVa: 2.8083081245422363
Epoch: 144, AccTr: 0.7797999978065491, AccVa: 0.7885000109672546, CeTr: 2.892547369003296, CeVa: 2.728980541229248
Epoch: 145, AccTr: 0.7860000133514404, AccVa: 0.7894999980926514, CeTr: 2.8127968311309814, CeVa: 2.7487199306488037
ENSEMBLE | Tr_Acc: 0.8578000068664551, Tr_CE: 1.8448874950408936, Va_Acc: 0.8569999933242798, Va_CE: 1.7649658918380737
Epoch: 146, AccTr: 0.7724000215530396, AccVa: 0.7680000066757202, CeTr: 3.216883420944214, CeVa: 3.1174633502960205
Epoch: 147, AccTr: 0.7781000137329102, AccVa: 0.7804999947547913, CeTr: 3.0154643058776855, CeVa: 2.890178680419922
Epoch: 148, AccTr: 0.7998999953269958, AccVa: 0.8004999756813049, CeTr: 2.8606832027435303, CeVa: 2.7865800857543945
Epoch: 149, AccTr: 0.7906000018119812, AccVa: 0.7940000295639038, CeTr: 2.9305741786956787, CeVa: 2.825033664703369
Epoch: 150, AccTr: 0.7962999939918518, AccVa: 0.7875000238418579, CeTr: 2.8620471954345703, CeVa: 2.7718634605407715
ENSEMBLE | Tr_Acc: 0.8582000136375427, Tr_CE: 1.8380537033081055, Va_Acc: 0.859000027179718, Va_CE: 1.7553696632385254
NN CONFIG
Weight-type:		binary
Layout									Layer #1: 280	Layer #2: 200	
Activation Functions					Layer #1: bs	Layer #2: bs	
Keep probabilities		Layer #0: 1.0	Layer #1: 1.0	Layer #2: 1.0	
Flat factors							Layer #1: 1.0	Layer #2: 1.0	Layer #3: 1.0	
Activation Noise						Layer #1: 1.5	Layer #2: 1.5	Layer #3: 0.0	
Prior: 0.7

===================================

RUN CONFIG
Epochs: 150, Blocksize: 8

===================================

Input binarization: False
Epoch: 1, AccTr: 0.8501999974250793, AccVa: 0.8475000262260437, CeTr: 2.2197842597961426, CeVa: 2.3502209186553955
Epoch: 2, AccTr: 0.8281000256538391, AccVa: 0.8169999718666077, CeTr: 2.5152175426483154, CeVa: 2.5728962421417236
Epoch: 3, AccTr: 0.807699978351593, AccVa: 0.7985000014305115, CeTr: 2.794969081878662, CeVa: 2.854832649230957
Epoch: 4, AccTr: 0.7950000166893005, AccVa: 0.7940000295639038, CeTr: 2.9692635536193848, CeVa: 2.8458752632141113
Epoch: 5, AccTr: 0.7964000105857849, AccVa: 0.796999990940094, CeTr: 3.0976104736328125, CeVa: 2.9258158206939697
Epoch: 6, AccTr: 0.7892000079154968, AccVa: 0.7875000238418579, CeTr: 3.122544050216675, CeVa: 3.098663091659546
Epoch: 7, AccTr: 0.7818999886512756, AccVa: 0.7774999737739563, CeTr: 3.4606711864471436, CeVa: 3.3659114837646484
Epoch: 8, AccTr: 0.7825999855995178, AccVa: 0.7754999995231628, CeTr: 3.2820632457733154, CeVa: 3.4314584732055664
Epoch: 9, AccTr: 0.7800999879837036, AccVa: 0.7854999899864197, CeTr: 3.3325459957122803, CeVa: 3.1838622093200684
Epoch: 10, AccTr: 0.7742000222206116, AccVa: 0.7799999713897705, CeTr: 3.3388233184814453, CeVa: 3.258066177368164
Epoch: 11, AccTr: 0.7918999791145325, AccVa: 0.781499981880188, CeTr: 3.1451008319854736, CeVa: 3.22542667388916
Epoch: 12, AccTr: 0.785099983215332, AccVa: 0.7770000100135803, CeTr: 3.2111055850982666, CeVa: 3.256803035736084
Epoch: 13, AccTr: 0.7940999865531921, AccVa: 0.7910000085830688, CeTr: 3.1779584884643555, CeVa: 3.0383799076080322
Epoch: 14, AccTr: 0.7864999771118164, AccVa: 0.7864999771118164, CeTr: 3.147937536239624, CeVa: 3.0423924922943115
Epoch: 15, AccTr: 0.7914999723434448, AccVa: 0.7745000123977661, CeTr: 3.2153704166412354, CeVa: 3.3550634384155273
Epoch: 16, AccTr: 0.7957000136375427, AccVa: 0.8029999732971191, CeTr: 3.1912474632263184, CeVa: 2.9416916370391846
Epoch: 17, AccTr: 0.7925999760627747, AccVa: 0.7889999747276306, CeTr: 3.2176437377929688, CeVa: 3.0822036266326904
Epoch: 18, AccTr: 0.7782999873161316, AccVa: 0.7860000133514404, CeTr: 3.2941133975982666, CeVa: 3.1313276290893555
Epoch: 19, AccTr: 0.7742999792098999, AccVa: 0.7860000133514404, CeTr: 3.331550359725952, CeVa: 3.1998727321624756
Epoch: 20, AccTr: 0.7789000272750854, AccVa: 0.7774999737739563, CeTr: 3.1628670692443848, CeVa: 3.1418895721435547
Epoch: 21, AccTr: 0.7883999943733215, AccVa: 0.781000018119812, CeTr: 3.0169124603271484, CeVa: 2.9690330028533936
Epoch: 22, AccTr: 0.7961000204086304, AccVa: 0.7900000214576721, CeTr: 2.88956618309021, CeVa: 2.8306641578674316
Epoch: 23, AccTr: 0.7835000157356262, AccVa: 0.7749999761581421, CeTr: 3.0919442176818848, CeVa: 2.980184316635132
Epoch: 24, AccTr: 0.7745000123977661, AccVa: 0.7615000009536743, CeTr: 3.0970492362976074, CeVa: 3.095217227935791
Epoch: 25, AccTr: 0.7796000242233276, AccVa: 0.7914999723434448, CeTr: 2.9443862438201904, CeVa: 2.9387872219085693
Epoch: 26, AccTr: 0.7768999934196472, AccVa: 0.7774999737739563, CeTr: 2.9862782955169678, CeVa: 3.083961009979248
Epoch: 27, AccTr: 0.7785000205039978, AccVa: 0.7795000076293945, CeTr: 3.1324656009674072, CeVa: 2.9660146236419678
Epoch: 28, AccTr: 0.7857999801635742, AccVa: 0.7929999828338623, CeTr: 3.032243490219116, CeVa: 2.8937408924102783
Epoch: 29, AccTr: 0.7767000198364258, AccVa: 0.7749999761581421, CeTr: 3.1436514854431152, CeVa: 3.224813222885132
Epoch: 30, AccTr: 0.7782999873161316, AccVa: 0.7749999761581421, CeTr: 3.0456297397613525, CeVa: 2.870723009109497
ENSEMBLE | Tr_Acc: 0.7782999873161316, Tr_CE: 3.0456297397613525, Va_Acc: 0.7749999761581421, Va_CE: 2.870723009109497
Epoch: 31, AccTr: 0.7753999829292297, AccVa: 0.7785000205039978, CeTr: 2.936053514480591, CeVa: 2.9052011966705322
Epoch: 32, AccTr: 0.7843000292778015, AccVa: 0.7900000214576721, CeTr: 3.0203566551208496, CeVa: 2.8067567348480225
Epoch: 33, AccTr: 0.7792999744415283, AccVa: 0.7760000228881836, CeTr: 3.0068981647491455, CeVa: 2.8189868927001953
Epoch: 34, AccTr: 0.7745000123977661, AccVa: 0.7710000276565552, CeTr: 3.016955852508545, CeVa: 2.9608492851257324
Epoch: 35, AccTr: 0.7804999947547913, AccVa: 0.7664999961853027, CeTr: 2.98298978805542, CeVa: 3.1700615882873535
ENSEMBLE | Tr_Acc: 0.8177000284194946, Tr_CE: 2.319368839263916, Va_Acc: 0.8140000104904175, Va_CE: 2.3253724575042725
Epoch: 36, AccTr: 0.7925999760627747, AccVa: 0.7825000286102295, CeTr: 2.8569986820220947, CeVa: 2.856839656829834
Epoch: 37, AccTr: 0.7809000015258789, AccVa: 0.7760000228881836, CeTr: 3.1402530670166016, CeVa: 3.02148175239563
Epoch: 38, AccTr: 0.7639999985694885, AccVa: 0.7540000081062317, CeTr: 3.232349157333374, CeVa: 3.3297924995422363
Epoch: 39, AccTr: 0.7784000039100647, AccVa: 0.7699999809265137, CeTr: 3.1905264854431152, CeVa: 3.379484176635742
Epoch: 40, AccTr: 0.7609000205993652, AccVa: 0.7634999752044678, CeTr: 3.3682422637939453, CeVa: 3.423595905303955
ENSEMBLE | Tr_Acc: 0.8238000273704529, Tr_CE: 2.2086424827575684, Va_Acc: 0.8215000033378601, Va_CE: 2.2560670375823975
Epoch: 41, AccTr: 0.7714999914169312, AccVa: 0.7745000123977661, CeTr: 3.2505195140838623, CeVa: 3.223750114440918
Epoch: 42, AccTr: 0.7810999751091003, AccVa: 0.7724999785423279, CeTr: 2.909311532974243, CeVa: 3.1642091274261475
Epoch: 43, AccTr: 0.7861999869346619, AccVa: 0.7850000262260437, CeTr: 3.149315595626831, CeVa: 2.938124418258667
Epoch: 44, AccTr: 0.7802000045776367, AccVa: 0.7639999985694885, CeTr: 3.074099540710449, CeVa: 3.106353759765625
Epoch: 45, AccTr: 0.7815999984741211, AccVa: 0.7795000076293945, CeTr: 3.0702037811279297, CeVa: 2.9818787574768066
ENSEMBLE | Tr_Acc: 0.8327000141143799, Tr_CE: 2.1075098514556885, Va_Acc: 0.8224999904632568, Va_CE: 2.102724552154541
Epoch: 46, AccTr: 0.7857999801635742, AccVa: 0.7850000262260437, CeTr: 3.0837454795837402, CeVa: 2.996220350265503
Epoch: 47, AccTr: 0.76910001039505, AccVa: 0.7645000219345093, CeTr: 3.2175605297088623, CeVa: 3.0390255451202393
Epoch: 48, AccTr: 0.7739999890327454, AccVa: 0.7714999914169312, CeTr: 3.0285191535949707, CeVa: 3.0540318489074707
Epoch: 49, AccTr: 0.7810999751091003, AccVa: 0.7885000109672546, CeTr: 3.046511173248291, CeVa: 3.10123872756958
Epoch: 50, AccTr: 0.784500002861023, AccVa: 0.781499981880188, CeTr: 2.8501625061035156, CeVa: 2.957453727722168
ENSEMBLE | Tr_Acc: 0.8391000032424927, Tr_CE: 2.0056281089782715, Va_Acc: 0.8299999833106995, Va_CE: 2.021838426589966
Epoch: 51, AccTr: 0.7786999940872192, AccVa: 0.7850000262260437, CeTr: 3.255974292755127, CeVa: 2.9918863773345947
Epoch: 52, AccTr: 0.7838000059127808, AccVa: 0.7770000100135803, CeTr: 3.034656047821045, CeVa: 3.059354305267334
Epoch: 53, AccTr: 0.77920001745224, AccVa: 0.7749999761581421, CeTr: 3.1670713424682617, CeVa: 3.0719361305236816
Epoch: 54, AccTr: 0.7840999960899353, AccVa: 0.7695000171661377, CeTr: 3.0940327644348145, CeVa: 3.21618390083313
Epoch: 55, AccTr: 0.7756999731063843, AccVa: 0.7839999794960022, CeTr: 3.2091424465179443, CeVa: 3.0016536712646484
ENSEMBLE | Tr_Acc: 0.8414000272750854, Tr_CE: 2.00052547454834, Va_Acc: 0.8379999995231628, Va_CE: 1.9602209329605103
Epoch: 56, AccTr: 0.7699000239372253, AccVa: 0.7639999985694885, CeTr: 3.141835927963257, CeVa: 2.875953197479248
Epoch: 57, AccTr: 0.7735000252723694, AccVa: 0.7584999799728394, CeTr: 3.0430502891540527, CeVa: 3.2166295051574707
Epoch: 58, AccTr: 0.7699999809265137, AccVa: 0.75, CeTr: 3.131675958633423, CeVa: 3.1656949520111084
Epoch: 59, AccTr: 0.781000018119812, AccVa: 0.7749999761581421, CeTr: 3.163106679916382, CeVa: 3.2423737049102783
Epoch: 60, AccTr: 0.7710999846458435, AccVa: 0.7555000185966492, CeTr: 3.279561758041382, CeVa: 3.242640733718872
ENSEMBLE | Tr_Acc: 0.8411999940872192, Tr_CE: 1.9873324632644653, Va_Acc: 0.8360000252723694, Va_CE: 1.9491506814956665
Epoch: 61, AccTr: 0.7590000033378601, AccVa: 0.7459999918937683, CeTr: 3.3700218200683594, CeVa: 3.443552255630493
Epoch: 62, AccTr: 0.7817000150680542, AccVa: 0.7879999876022339, CeTr: 3.151441812515259, CeVa: 3.042961597442627
Epoch: 63, AccTr: 0.7799999713897705, AccVa: 0.7699999809265137, CeTr: 3.190580368041992, CeVa: 3.311999797821045
Epoch: 64, AccTr: 0.7677000164985657, AccVa: 0.7574999928474426, CeTr: 3.1470532417297363, CeVa: 3.10628080368042
Epoch: 65, AccTr: 0.7727000117301941, AccVa: 0.7714999914169312, CeTr: 3.110097646713257, CeVa: 3.014481782913208
ENSEMBLE | Tr_Acc: 0.8424000144004822, Tr_CE: 1.9683822393417358, Va_Acc: 0.8360000252723694, Va_CE: 1.9217042922973633
Epoch: 66, AccTr: 0.7781999707221985, AccVa: 0.784500002861023, CeTr: 2.9740493297576904, CeVa: 2.9520466327667236
Epoch: 67, AccTr: 0.7797999978065491, AccVa: 0.7699999809265137, CeTr: 2.933845281600952, CeVa: 3.0646181106567383
Epoch: 68, AccTr: 0.7843999862670898, AccVa: 0.777999997138977, CeTr: 2.86576771736145, CeVa: 2.934427261352539
Epoch: 69, AccTr: 0.7908999919891357, AccVa: 0.7804999947547913, CeTr: 2.97674298286438, CeVa: 2.9251885414123535
Epoch: 70, AccTr: 0.77920001745224, AccVa: 0.7745000123977661, CeTr: 3.108980417251587, CeVa: 3.272509813308716
ENSEMBLE | Tr_Acc: 0.843500018119812, Tr_CE: 1.9493904113769531, Va_Acc: 0.8389999866485596, Va_CE: 1.9187209606170654
Epoch: 71, AccTr: 0.7839000225067139, AccVa: 0.7860000133514404, CeTr: 2.8186733722686768, CeVa: 2.871670961380005
Epoch: 72, AccTr: 0.7908999919891357, AccVa: 0.7854999899864197, CeTr: 2.9212629795074463, CeVa: 2.835068464279175
Epoch: 73, AccTr: 0.7797999978065491, AccVa: 0.7720000147819519, CeTr: 2.994663715362549, CeVa: 3.089663505554199
Epoch: 74, AccTr: 0.7745000123977661, AccVa: 0.7724999785423279, CeTr: 3.1643567085266113, CeVa: 2.9885475635528564
Epoch: 75, AccTr: 0.7710000276565552, AccVa: 0.7720000147819519, CeTr: 3.2536656856536865, CeVa: 3.2547788619995117
ENSEMBLE | Tr_Acc: 0.845300018787384, Tr_CE: 1.9434688091278076, Va_Acc: 0.8399999737739563, Va_CE: 1.9136985540390015
Epoch: 76, AccTr: 0.7710999846458435, AccVa: 0.7770000100135803, CeTr: 3.2239930629730225, CeVa: 3.195462942123413
Epoch: 77, AccTr: 0.7840999960899353, AccVa: 0.7774999737739563, CeTr: 3.168144941329956, CeVa: 3.18607759475708
Epoch: 78, AccTr: 0.7700999975204468, AccVa: 0.7720000147819519, CeTr: 3.296046018600464, CeVa: 3.045228958129883
Epoch: 79, AccTr: 0.7738000154495239, AccVa: 0.7789999842643738, CeTr: 3.4053635597229004, CeVa: 3.1381688117980957
Epoch: 80, AccTr: 0.7818999886512756, AccVa: 0.7785000205039978, CeTr: 3.2100203037261963, CeVa: 3.0793709754943848
ENSEMBLE | Tr_Acc: 0.8464000225067139, Tr_CE: 1.9448976516723633, Va_Acc: 0.840499997138977, Va_CE: 1.9152337312698364
Epoch: 81, AccTr: 0.7857000231742859, AccVa: 0.7879999876022339, CeTr: 3.3036952018737793, CeVa: 3.1511213779449463
Epoch: 82, AccTr: 0.7840999960899353, AccVa: 0.7860000133514404, CeTr: 3.1665313243865967, CeVa: 3.1387832164764404
Epoch: 83, AccTr: 0.7824000120162964, AccVa: 0.800000011920929, CeTr: 3.2390222549438477, CeVa: 2.940845251083374
Epoch: 84, AccTr: 0.7703999876976013, AccVa: 0.7774999737739563, CeTr: 3.1582188606262207, CeVa: 3.036851406097412
Epoch: 85, AccTr: 0.7754999995231628, AccVa: 0.7839999794960022, CeTr: 3.2723073959350586, CeVa: 2.9081735610961914
ENSEMBLE | Tr_Acc: 0.8457000255584717, Tr_CE: 1.9515234231948853, Va_Acc: 0.8454999923706055, Va_CE: 1.8959699869155884
Epoch: 86, AccTr: 0.7716000080108643, AccVa: 0.762499988079071, CeTr: 3.533984661102295, CeVa: 3.5948660373687744
Epoch: 87, AccTr: 0.777899980545044, AccVa: 0.7634999752044678, CeTr: 3.353782892227173, CeVa: 3.4331881999969482
Epoch: 88, AccTr: 0.7807999849319458, AccVa: 0.7789999842643738, CeTr: 3.3334429264068604, CeVa: 3.3195152282714844
Epoch: 89, AccTr: 0.7839999794960022, AccVa: 0.784500002861023, CeTr: 3.172891139984131, CeVa: 3.1389987468719482
Epoch: 90, AccTr: 0.7864999771118164, AccVa: 0.7829999923706055, CeTr: 3.185087203979492, CeVa: 3.033506393432617
ENSEMBLE | Tr_Acc: 0.8478000164031982, Tr_CE: 1.9480341672897339, Va_Acc: 0.8475000262260437, Va_CE: 1.891444206237793
Epoch: 91, AccTr: 0.7809000015258789, AccVa: 0.7695000171661377, CeTr: 3.1868960857391357, CeVa: 3.258063316345215
Epoch: 92, AccTr: 0.7813000082969666, AccVa: 0.7590000033378601, CeTr: 3.3102622032165527, CeVa: 3.272972583770752
Epoch: 93, AccTr: 0.7720999717712402, AccVa: 0.7749999761581421, CeTr: 3.290809392929077, CeVa: 3.2256295680999756
Epoch: 94, AccTr: 0.7746999859809875, AccVa: 0.7820000052452087, CeTr: 3.1609725952148438, CeVa: 3.011176586151123
Epoch: 95, AccTr: 0.7699999809265137, AccVa: 0.7524999976158142, CeTr: 3.1543326377868652, CeVa: 3.225466251373291
ENSEMBLE | Tr_Acc: 0.8489999771118164, Tr_CE: 1.9388679265975952, Va_Acc: 0.8504999876022339, Va_CE: 1.8848977088928223
Epoch: 96, AccTr: 0.7773000001907349, AccVa: 0.7860000133514404, CeTr: 3.1667096614837646, CeVa: 3.00825834274292
Epoch: 97, AccTr: 0.7843999862670898, AccVa: 0.7799999713897705, CeTr: 3.1605679988861084, CeVa: 3.135009765625
Epoch: 98, AccTr: 0.7886000275611877, AccVa: 0.7785000205039978, CeTr: 3.090528964996338, CeVa: 3.253141164779663
Epoch: 99, AccTr: 0.7735999822616577, AccVa: 0.7689999938011169, CeTr: 3.2984941005706787, CeVa: 3.2127082347869873
Epoch: 100, AccTr: 0.7813000082969666, AccVa: 0.7795000076293945, CeTr: 3.057434320449829, CeVa: 3.0462334156036377
ENSEMBLE | Tr_Acc: 0.8496000170707703, Tr_CE: 1.9293292760849, Va_Acc: 0.8489999771118164, Va_CE: 1.8782269954681396
Epoch: 101, AccTr: 0.7699999809265137, AccVa: 0.7634999752044678, CeTr: 3.4495553970336914, CeVa: 3.290146589279175
Epoch: 102, AccTr: 0.7785000205039978, AccVa: 0.7760000228881836, CeTr: 3.3453078269958496, CeVa: 3.1300463676452637
Epoch: 103, AccTr: 0.7874000072479248, AccVa: 0.7875000238418579, CeTr: 3.14599871635437, CeVa: 3.0227999687194824
Epoch: 104, AccTr: 0.7835000157356262, AccVa: 0.7745000123977661, CeTr: 3.2413411140441895, CeVa: 3.140916347503662
Epoch: 105, AccTr: 0.7728999853134155, AccVa: 0.7735000252723694, CeTr: 3.3742265701293945, CeVa: 3.2442328929901123
ENSEMBLE | Tr_Acc: 0.850600004196167, Tr_CE: 1.934085488319397, Va_Acc: 0.8485000133514404, Va_CE: 1.8751747608184814
Epoch: 106, AccTr: 0.777999997138977, AccVa: 0.7835000157356262, CeTr: 3.25749135017395, CeVa: 3.0488834381103516
Epoch: 107, AccTr: 0.7727000117301941, AccVa: 0.7720000147819519, CeTr: 3.3710761070251465, CeVa: 3.1976606845855713
Epoch: 108, AccTr: 0.7767999768257141, AccVa: 0.7785000205039978, CeTr: 3.1646361351013184, CeVa: 3.022548198699951
Epoch: 109, AccTr: 0.77920001745224, AccVa: 0.7785000205039978, CeTr: 3.003418445587158, CeVa: 2.9065868854522705
Epoch: 110, AccTr: 0.7699000239372253, AccVa: 0.7730000019073486, CeTr: 3.1035306453704834, CeVa: 2.9331703186035156
ENSEMBLE | Tr_Acc: 0.8513000011444092, Tr_CE: 1.925218939781189, Va_Acc: 0.8475000262260437, Va_CE: 1.8750014305114746
Epoch: 111, AccTr: 0.7674999833106995, AccVa: 0.7515000104904175, CeTr: 3.121063709259033, CeVa: 3.266003131866455
Epoch: 112, AccTr: 0.7717000246047974, AccVa: 0.7785000205039978, CeTr: 3.0496160984039307, CeVa: 2.9507737159729004
Epoch: 113, AccTr: 0.7793999910354614, AccVa: 0.7730000019073486, CeTr: 2.994537591934204, CeVa: 2.9669156074523926
Epoch: 114, AccTr: 0.7682999968528748, AccVa: 0.7670000195503235, CeTr: 3.2026076316833496, CeVa: 3.084420919418335
Epoch: 115, AccTr: 0.7824000120162964, AccVa: 0.7979999780654907, CeTr: 3.0725784301757812, CeVa: 2.777885675430298
ENSEMBLE | Tr_Acc: 0.8515999913215637, Tr_CE: 1.9141179323196411, Va_Acc: 0.8525000214576721, Va_CE: 1.848339319229126
Epoch: 116, AccTr: 0.7910000085830688, AccVa: 0.8019999861717224, CeTr: 2.9822301864624023, CeVa: 2.753777503967285
Epoch: 117, AccTr: 0.7839000225067139, AccVa: 0.7825000286102295, CeTr: 3.1884827613830566, CeVa: 3.1660866737365723
Epoch: 118, AccTr: 0.7839999794960022, AccVa: 0.7864999771118164, CeTr: 3.116657257080078, CeVa: 2.9192025661468506
Epoch: 119, AccTr: 0.774399995803833, AccVa: 0.7789999842643738, CeTr: 3.3061039447784424, CeVa: 3.2653491497039795
Epoch: 120, AccTr: 0.7838000059127808, AccVa: 0.7825000286102295, CeTr: 3.049038887023926, CeVa: 3.1007566452026367
ENSEMBLE | Tr_Acc: 0.8528000116348267, Tr_CE: 1.906293511390686, Va_Acc: 0.8519999980926514, Va_CE: 1.8506091833114624
Epoch: 121, AccTr: 0.777899980545044, AccVa: 0.7835000157356262, CeTr: 3.155217170715332, CeVa: 2.973956823348999
Epoch: 122, AccTr: 0.7813000082969666, AccVa: 0.7829999923706055, CeTr: 3.1630170345306396, CeVa: 3.0812718868255615
Epoch: 123, AccTr: 0.7865999937057495, AccVa: 0.7774999737739563, CeTr: 3.0782392024993896, CeVa: 3.1382555961608887
Epoch: 124, AccTr: 0.7879999876022339, AccVa: 0.7799999713897705, CeTr: 3.1116340160369873, CeVa: 2.886242151260376
Epoch: 125, AccTr: 0.7874000072479248, AccVa: 0.7699999809265137, CeTr: 3.169802665710449, CeVa: 3.305701971054077
ENSEMBLE | Tr_Acc: 0.8517000079154968, Tr_CE: 1.9059288501739502, Va_Acc: 0.8519999980926514, Va_CE: 1.852994441986084
Epoch: 126, AccTr: 0.7807999849319458, AccVa: 0.7664999961853027, CeTr: 3.104585886001587, CeVa: 3.1512417793273926
Epoch: 127, AccTr: 0.7831000089645386, AccVa: 0.7590000033378601, CeTr: 3.2093024253845215, CeVa: 3.4626567363739014
Epoch: 128, AccTr: 0.7824000120162964, AccVa: 0.7710000276565552, CeTr: 3.209326982498169, CeVa: 3.4293034076690674
Epoch: 129, AccTr: 0.7843000292778015, AccVa: 0.7835000157356262, CeTr: 3.035811424255371, CeVa: 2.888425827026367
Epoch: 130, AccTr: 0.7735000252723694, AccVa: 0.7795000076293945, CeTr: 3.049210548400879, CeVa: 3.094883441925049
ENSEMBLE | Tr_Acc: 0.852400004863739, Tr_CE: 1.899053931236267, Va_Acc: 0.8510000109672546, Va_CE: 1.853827714920044
Epoch: 131, AccTr: 0.7728000283241272, AccVa: 0.7764999866485596, CeTr: 3.139448881149292, CeVa: 3.129018783569336
Epoch: 132, AccTr: 0.7702999711036682, AccVa: 0.7689999938011169, CeTr: 3.071521043777466, CeVa: 3.0589263439178467
Epoch: 133, AccTr: 0.7742000222206116, AccVa: 0.7739999890327454, CeTr: 3.109079599380493, CeVa: 2.9804396629333496
Epoch: 134, AccTr: 0.7742000222206116, AccVa: 0.7785000205039978, CeTr: 3.087115526199341, CeVa: 3.010927677154541
Epoch: 135, AccTr: 0.7773000001907349, AccVa: 0.7689999938011169, CeTr: 2.999778985977173, CeVa: 2.9581990242004395
ENSEMBLE | Tr_Acc: 0.8531000018119812, Tr_CE: 1.8935284614562988, Va_Acc: 0.8519999980926514, Va_CE: 1.8456521034240723
Epoch: 136, AccTr: 0.7831000089645386, AccVa: 0.784500002861023, CeTr: 3.0682504177093506, CeVa: 2.92055082321167
Epoch: 137, AccTr: 0.777899980545044, AccVa: 0.7735000252723694, CeTr: 3.0562965869903564, CeVa: 3.170123338699341
Epoch: 138, AccTr: 0.7749999761581421, AccVa: 0.7684999704360962, CeTr: 3.1308462619781494, CeVa: 2.9620440006256104
Epoch: 139, AccTr: 0.7822999954223633, AccVa: 0.7795000076293945, CeTr: 3.050572156906128, CeVa: 3.053818464279175
Epoch: 140, AccTr: 0.7781000137329102, AccVa: 0.7785000205039978, CeTr: 3.1290881633758545, CeVa: 3.069990634918213
ENSEMBLE | Tr_Acc: 0.8521000146865845, Tr_CE: 1.8894697427749634, Va_Acc: 0.8550000190734863, Va_CE: 1.839855432510376
Epoch: 141, AccTr: 0.7888000011444092, AccVa: 0.7960000038146973, CeTr: 3.0046753883361816, CeVa: 2.758180618286133
Epoch: 142, AccTr: 0.7888000011444092, AccVa: 0.7860000133514404, CeTr: 2.9400546550750732, CeVa: 3.034806966781616
Epoch: 143, AccTr: 0.7712000012397766, AccVa: 0.7739999890327454, CeTr: 3.0845062732696533, CeVa: 2.9494786262512207
Epoch: 144, AccTr: 0.771399974822998, AccVa: 0.7580000162124634, CeTr: 3.198148727416992, CeVa: 3.099991798400879
Epoch: 145, AccTr: 0.7771999835968018, AccVa: 0.7770000100135803, CeTr: 3.213423728942871, CeVa: 3.026911735534668
ENSEMBLE | Tr_Acc: 0.853600025177002, Tr_CE: 1.891052007675171, Va_Acc: 0.8554999828338623, Va_CE: 1.835696816444397
Epoch: 146, AccTr: 0.7802000045776367, AccVa: 0.7739999890327454, CeTr: 3.183563709259033, CeVa: 3.1642937660217285
Epoch: 147, AccTr: 0.779699981212616, AccVa: 0.7804999947547913, CeTr: 3.1172263622283936, CeVa: 3.0447158813476562
Epoch: 148, AccTr: 0.7896999716758728, AccVa: 0.7885000109672546, CeTr: 3.1096417903900146, CeVa: 3.0615341663360596
Epoch: 149, AccTr: 0.7795000076293945, AccVa: 0.7699999809265137, CeTr: 3.0464489459991455, CeVa: 3.0909698009490967
Epoch: 150, AccTr: 0.7753999829292297, AccVa: 0.7630000114440918, CeTr: 3.088992118835449, CeVa: 3.2966060638427734
ENSEMBLE | Tr_Acc: 0.8529999852180481, Tr_CE: 1.8877861499786377, Va_Acc: 0.8560000061988831, Va_CE: 1.838575005531311
Mod Accuracy || Mean: 0.7752500176429749	 Std: 0.012250006198883057
Ens Accuracy || Mean: 0.8575000166893005	 Std: 0.0015000104904174805
Mod CE || Mean: 3.0342347621917725	 Std: 0.262371301651001
Ens CE || Mean: 1.7969722747802734	 Std: 0.04160267114639282
