NN CONFIG
Weight-type:		binary
Layout									Layer #1: 280	Layer #2: 200	
Activation Functions					Layer #1: bs	Layer #2: bs	
Keep probabilities		Layer #0: 1.0	Layer #1: 1.0	Layer #2: 1.0	
Flat factors							Layer #1: 1.0	Layer #2: 1.0	Layer #3: 1.0	
Activation Noise						Layer #1: 0.6000000000000001	Layer #2: 0.6000000000000001	Layer #3: 0.0	
Prior: 0.7

===================================

RUN CONFIG
Epochs: 150, Blocksize: 8

===================================

Input binarization: False
Epoch: 1, AccTr: 0.8892999887466431, AccVa: 0.8744999766349792, CeTr: 1.1070199012756348, CeVa: 1.4975651502609253
Epoch: 2, AccTr: 0.8920999765396118, AccVa: 0.8615000247955322, CeTr: 1.091392993927002, CeVa: 1.5092716217041016
Epoch: 3, AccTr: 0.8847000002861023, AccVa: 0.8694999814033508, CeTr: 1.1282150745391846, CeVa: 1.4774123430252075
Epoch: 4, AccTr: 0.8847000002861023, AccVa: 0.8539999723434448, CeTr: 1.1880358457565308, CeVa: 1.510980486869812
Epoch: 5, AccTr: 0.8791999816894531, AccVa: 0.8585000038146973, CeTr: 1.2258789539337158, CeVa: 1.6074211597442627
Epoch: 6, AccTr: 0.8799999952316284, AccVa: 0.8715000152587891, CeTr: 1.2632776498794556, CeVa: 1.550173282623291
Epoch: 7, AccTr: 0.8712000250816345, AccVa: 0.859000027179718, CeTr: 1.3600965738296509, CeVa: 1.6083484888076782
Epoch: 8, AccTr: 0.8716999888420105, AccVa: 0.8650000095367432, CeTr: 1.3292226791381836, CeVa: 1.587894320487976
Epoch: 9, AccTr: 0.875, AccVa: 0.8615000247955322, CeTr: 1.3351123332977295, CeVa: 1.4781392812728882
Epoch: 10, AccTr: 0.873199999332428, AccVa: 0.859499990940094, CeTr: 1.3452329635620117, CeVa: 1.5358670949935913
Epoch: 11, AccTr: 0.8711000084877014, AccVa: 0.859499990940094, CeTr: 1.3502588272094727, CeVa: 1.6464266777038574
Epoch: 12, AccTr: 0.8623999953269958, AccVa: 0.8489999771118164, CeTr: 1.442156434059143, CeVa: 1.7357783317565918
Epoch: 13, AccTr: 0.8647000193595886, AccVa: 0.8519999980926514, CeTr: 1.4499882459640503, CeVa: 1.59150230884552
Epoch: 14, AccTr: 0.8648999929428101, AccVa: 0.8420000076293945, CeTr: 1.4086114168167114, CeVa: 1.7437832355499268
Epoch: 15, AccTr: 0.8636000156402588, AccVa: 0.8460000157356262, CeTr: 1.4008872509002686, CeVa: 1.5785952806472778
Epoch: 16, AccTr: 0.8644999861717224, AccVa: 0.8495000004768372, CeTr: 1.4028136730194092, CeVa: 1.6207271814346313
Epoch: 17, AccTr: 0.8601999878883362, AccVa: 0.840499997138977, CeTr: 1.4044655561447144, CeVa: 1.8108652830123901
Epoch: 18, AccTr: 0.8597999811172485, AccVa: 0.843500018119812, CeTr: 1.456647515296936, CeVa: 1.6710658073425293
Epoch: 19, AccTr: 0.8644000291824341, AccVa: 0.8450000286102295, CeTr: 1.4269602298736572, CeVa: 1.671514868736267
Epoch: 20, AccTr: 0.858299970626831, AccVa: 0.8414999842643738, CeTr: 1.4886943101882935, CeVa: 1.6034432649612427
Epoch: 21, AccTr: 0.8644000291824341, AccVa: 0.8535000085830688, CeTr: 1.4128144979476929, CeVa: 1.6307563781738281
Epoch: 22, AccTr: 0.8537999987602234, AccVa: 0.8385000228881836, CeTr: 1.4600138664245605, CeVa: 1.745769739151001
Epoch: 23, AccTr: 0.8529999852180481, AccVa: 0.8370000123977661, CeTr: 1.445876955986023, CeVa: 1.6239213943481445
Epoch: 24, AccTr: 0.8611999750137329, AccVa: 0.8370000123977661, CeTr: 1.4670490026474, CeVa: 1.687404751777649
Epoch: 25, AccTr: 0.8593000173568726, AccVa: 0.8395000100135803, CeTr: 1.4904323816299438, CeVa: 1.7430859804153442
Epoch: 26, AccTr: 0.8669999837875366, AccVa: 0.847000002861023, CeTr: 1.3503485918045044, CeVa: 1.678238868713379
Epoch: 27, AccTr: 0.8592000007629395, AccVa: 0.8514999747276306, CeTr: 1.3504626750946045, CeVa: 1.6198464632034302
Epoch: 28, AccTr: 0.8586999773979187, AccVa: 0.8410000205039978, CeTr: 1.381845474243164, CeVa: 1.621185302734375
Epoch: 29, AccTr: 0.862500011920929, AccVa: 0.8454999923706055, CeTr: 1.4045261144638062, CeVa: 1.7035282850265503
Epoch: 30, AccTr: 0.8575999736785889, AccVa: 0.8370000123977661, CeTr: 1.4204376935958862, CeVa: 1.7805161476135254
ENSEMBLE | Tr_Acc: 0.8575999736785889, Tr_CE: 1.4204376935958862, Va_Acc: 0.8370000123977661, Va_CE: 1.7805161476135254
Epoch: 31, AccTr: 0.8557000160217285, AccVa: 0.8199999928474426, CeTr: 1.4192372560501099, CeVa: 1.8077629804611206
Epoch: 32, AccTr: 0.8633000254631042, AccVa: 0.8339999914169312, CeTr: 1.397531270980835, CeVa: 1.8430603742599487
Epoch: 33, AccTr: 0.8540999889373779, AccVa: 0.8395000100135803, CeTr: 1.4879374504089355, CeVa: 1.7780563831329346
Epoch: 34, AccTr: 0.857200026512146, AccVa: 0.8314999938011169, CeTr: 1.3938435316085815, CeVa: 1.8139582872390747
Epoch: 35, AccTr: 0.857699990272522, AccVa: 0.8485000133514404, CeTr: 1.4484943151474, CeVa: 1.770584225654602
ENSEMBLE | Tr_Acc: 0.9006999731063843, Tr_CE: 0.9246724843978882, Va_Acc: 0.8730000257492065, Va_CE: 1.2108532190322876
Epoch: 36, AccTr: 0.8614000082015991, AccVa: 0.8374999761581421, CeTr: 1.3973917961120605, CeVa: 1.765933632850647
Epoch: 37, AccTr: 0.8550999760627747, AccVa: 0.8385000228881836, CeTr: 1.4594625234603882, CeVa: 1.733001470565796
Epoch: 38, AccTr: 0.8608999848365784, AccVa: 0.8345000147819519, CeTr: 1.3891600370407104, CeVa: 1.7378541231155396
Epoch: 39, AccTr: 0.8550999760627747, AccVa: 0.8370000123977661, CeTr: 1.4043916463851929, CeVa: 1.6480356454849243
Epoch: 40, AccTr: 0.8593999743461609, AccVa: 0.8414999842643738, CeTr: 1.3854429721832275, CeVa: 1.677966594696045
ENSEMBLE | Tr_Acc: 0.913100004196167, Tr_CE: 0.7568644285202026, Va_Acc: 0.8920000195503235, Va_CE: 0.9821959137916565
Epoch: 41, AccTr: 0.8574000000953674, AccVa: 0.8445000052452087, CeTr: 1.4585336446762085, CeVa: 1.7196476459503174
Epoch: 42, AccTr: 0.8604000210762024, AccVa: 0.840499997138977, CeTr: 1.3927695751190186, CeVa: 1.7278395891189575
Epoch: 43, AccTr: 0.8564000129699707, AccVa: 0.8370000123977661, CeTr: 1.403510570526123, CeVa: 1.7711735963821411
Epoch: 44, AccTr: 0.8543000221252441, AccVa: 0.815500020980835, CeTr: 1.4376436471939087, CeVa: 1.8860094547271729
Epoch: 45, AccTr: 0.8513000011444092, AccVa: 0.8305000066757202, CeTr: 1.4408725500106812, CeVa: 1.8257890939712524
ENSEMBLE | Tr_Acc: 0.9199000000953674, Tr_CE: 0.6736200451850891, Va_Acc: 0.9020000100135803, Va_CE: 0.9185782670974731
Epoch: 46, AccTr: 0.8540999889373779, AccVa: 0.8429999947547913, CeTr: 1.4946918487548828, CeVa: 1.7643311023712158
Epoch: 47, AccTr: 0.852400004863739, AccVa: 0.8274999856948853, CeTr: 1.533299446105957, CeVa: 1.9727375507354736
Epoch: 48, AccTr: 0.8550000190734863, AccVa: 0.8274999856948853, CeTr: 1.4755581617355347, CeVa: 1.90744948387146
Epoch: 49, AccTr: 0.8598999977111816, AccVa: 0.8395000100135803, CeTr: 1.49923574924469, CeVa: 1.7341097593307495
Epoch: 50, AccTr: 0.8569999933242798, AccVa: 0.8324999809265137, CeTr: 1.4913299083709717, CeVa: 1.7988823652267456
ENSEMBLE | Tr_Acc: 0.9232000112533569, Tr_CE: 0.6467797756195068, Va_Acc: 0.9110000133514404, Va_CE: 0.8661041855812073
Epoch: 51, AccTr: 0.8557999730110168, AccVa: 0.8355000019073486, CeTr: 1.4539881944656372, CeVa: 1.6985751390457153
Epoch: 52, AccTr: 0.8547999858856201, AccVa: 0.8389999866485596, CeTr: 1.4130759239196777, CeVa: 1.5563784837722778
Epoch: 53, AccTr: 0.8623999953269958, AccVa: 0.8504999876022339, CeTr: 1.3260009288787842, CeVa: 1.5769187211990356
Epoch: 54, AccTr: 0.8585000038146973, AccVa: 0.8324999809265137, CeTr: 1.401643991470337, CeVa: 1.6606241464614868
Epoch: 55, AccTr: 0.8544999957084656, AccVa: 0.8335000276565552, CeTr: 1.5089263916015625, CeVa: 1.6612886190414429
ENSEMBLE | Tr_Acc: 0.9257000088691711, Tr_CE: 0.6179286241531372, Va_Acc: 0.9085000157356262, Va_CE: 0.8382850289344788
Epoch: 56, AccTr: 0.8519999980926514, AccVa: 0.8264999985694885, CeTr: 1.457698941230774, CeVa: 1.7496254444122314
Epoch: 57, AccTr: 0.8501999974250793, AccVa: 0.8460000157356262, CeTr: 1.4322285652160645, CeVa: 1.6655484437942505
Epoch: 58, AccTr: 0.8586000204086304, AccVa: 0.8429999947547913, CeTr: 1.4406996965408325, CeVa: 1.6893830299377441
Epoch: 59, AccTr: 0.8503999710083008, AccVa: 0.8349999785423279, CeTr: 1.4501389265060425, CeVa: 1.8312900066375732
Epoch: 60, AccTr: 0.8532000184059143, AccVa: 0.8335000276565552, CeTr: 1.5096158981323242, CeVa: 1.863210678100586
ENSEMBLE | Tr_Acc: 0.9289000034332275, Tr_CE: 0.6027732491493225, Va_Acc: 0.909500002861023, Va_CE: 0.8384457230567932
Epoch: 61, AccTr: 0.8618000149726868, AccVa: 0.8460000157356262, CeTr: 1.3978787660598755, CeVa: 1.6165353059768677
Epoch: 62, AccTr: 0.8557000160217285, AccVa: 0.8324999809265137, CeTr: 1.5033882856369019, CeVa: 1.7684447765350342
Epoch: 63, AccTr: 0.850600004196167, AccVa: 0.8454999923706055, CeTr: 1.4923826456069946, CeVa: 1.4983787536621094
Epoch: 64, AccTr: 0.8561000227928162, AccVa: 0.8414999842643738, CeTr: 1.4825544357299805, CeVa: 1.7691264152526855
Epoch: 65, AccTr: 0.8561999797821045, AccVa: 0.8320000171661377, CeTr: 1.4134622812271118, CeVa: 1.7119110822677612
ENSEMBLE | Tr_Acc: 0.9283999800682068, Tr_CE: 0.5847634077072144, Va_Acc: 0.9135000109672546, Va_CE: 0.8070306181907654
Epoch: 66, AccTr: 0.8485999703407288, AccVa: 0.8314999938011169, CeTr: 1.488828182220459, CeVa: 1.7522790431976318
Epoch: 67, AccTr: 0.8575000166893005, AccVa: 0.8399999737739563, CeTr: 1.3890457153320312, CeVa: 1.6943751573562622
Epoch: 68, AccTr: 0.852400004863739, AccVa: 0.8379999995231628, CeTr: 1.469867467880249, CeVa: 1.576947808265686
Epoch: 69, AccTr: 0.8540999889373779, AccVa: 0.8395000100135803, CeTr: 1.4051789045333862, CeVa: 1.5557920932769775
Epoch: 70, AccTr: 0.8539000153541565, AccVa: 0.8414999842643738, CeTr: 1.385534644126892, CeVa: 1.663132905960083
ENSEMBLE | Tr_Acc: 0.930899977684021, Tr_CE: 0.5675446391105652, Va_Acc: 0.9150000214576721, Va_CE: 0.8001018166542053
Epoch: 71, AccTr: 0.8532000184059143, AccVa: 0.8305000066757202, CeTr: 1.4337351322174072, CeVa: 1.8184577226638794
Epoch: 72, AccTr: 0.8532000184059143, AccVa: 0.8424999713897705, CeTr: 1.3878066539764404, CeVa: 1.5883394479751587
Epoch: 73, AccTr: 0.8597999811172485, AccVa: 0.8429999947547913, CeTr: 1.3771549463272095, CeVa: 1.6456092596054077
Epoch: 74, AccTr: 0.8533999919891357, AccVa: 0.828499972820282, CeTr: 1.472597599029541, CeVa: 1.6538348197937012
Epoch: 75, AccTr: 0.8605999946594238, AccVa: 0.8464999794960022, CeTr: 1.3468769788742065, CeVa: 1.5582380294799805
ENSEMBLE | Tr_Acc: 0.9304999709129333, Tr_CE: 0.5561197400093079, Va_Acc: 0.9144999980926514, Va_CE: 0.7795673608779907
Epoch: 76, AccTr: 0.8555999994277954, AccVa: 0.8335000276565552, CeTr: 1.453606128692627, CeVa: 1.6735334396362305
Epoch: 77, AccTr: 0.8579000234603882, AccVa: 0.828000009059906, CeTr: 1.3951771259307861, CeVa: 1.8244456052780151
Epoch: 78, AccTr: 0.8482000231742859, AccVa: 0.8349999785423279, CeTr: 1.4686466455459595, CeVa: 1.712732195854187
Epoch: 79, AccTr: 0.8528000116348267, AccVa: 0.8414999842643738, CeTr: 1.4354485273361206, CeVa: 1.6564804315567017
Epoch: 80, AccTr: 0.8482000231742859, AccVa: 0.8349999785423279, CeTr: 1.4751900434494019, CeVa: 1.6231868267059326
ENSEMBLE | Tr_Acc: 0.9314000010490417, Tr_CE: 0.5461050868034363, Va_Acc: 0.9150000214576721, Va_CE: 0.7599277496337891
Epoch: 81, AccTr: 0.8549000024795532, AccVa: 0.8410000205039978, CeTr: 1.3893688917160034, CeVa: 1.6679508686065674
Epoch: 82, AccTr: 0.8519999980926514, AccVa: 0.8339999914169312, CeTr: 1.4167906045913696, CeVa: 1.7592958211898804
Epoch: 83, AccTr: 0.8504999876022339, AccVa: 0.8460000157356262, CeTr: 1.4406625032424927, CeVa: 1.606542706489563
Epoch: 84, AccTr: 0.8550000190734863, AccVa: 0.8349999785423279, CeTr: 1.344236969947815, CeVa: 1.6922367811203003
Epoch: 85, AccTr: 0.8503999710083008, AccVa: 0.8464999794960022, CeTr: 1.4048181772232056, CeVa: 1.7039424180984497
ENSEMBLE | Tr_Acc: 0.9312000274658203, Tr_CE: 0.5374740362167358, Va_Acc: 0.9154999852180481, Va_CE: 0.7546300292015076
Epoch: 86, AccTr: 0.8508999943733215, AccVa: 0.828000009059906, CeTr: 1.4224364757537842, CeVa: 1.758944034576416
Epoch: 87, AccTr: 0.8532000184059143, AccVa: 0.828499972820282, CeTr: 1.4342241287231445, CeVa: 1.7854530811309814
Epoch: 88, AccTr: 0.8511999845504761, AccVa: 0.8445000052452087, CeTr: 1.4331748485565186, CeVa: 1.676795482635498
Epoch: 89, AccTr: 0.8547999858856201, AccVa: 0.8460000157356262, CeTr: 1.395873785018921, CeVa: 1.5906891822814941
Epoch: 90, AccTr: 0.8592000007629395, AccVa: 0.8385000228881836, CeTr: 1.3702564239501953, CeVa: 1.6731024980545044
ENSEMBLE | Tr_Acc: 0.9325000047683716, Tr_CE: 0.5266309380531311, Va_Acc: 0.9204999804496765, Va_CE: 0.7473875880241394
Epoch: 91, AccTr: 0.8586000204086304, AccVa: 0.8330000042915344, CeTr: 1.3456072807312012, CeVa: 1.7740850448608398
Epoch: 92, AccTr: 0.8537999987602234, AccVa: 0.8345000147819519, CeTr: 1.3659844398498535, CeVa: 1.5206387042999268
Epoch: 93, AccTr: 0.8618000149726868, AccVa: 0.8460000157356262, CeTr: 1.3614648580551147, CeVa: 1.611315131187439
Epoch: 94, AccTr: 0.8601999878883362, AccVa: 0.8464999794960022, CeTr: 1.372428297996521, CeVa: 1.6646037101745605
Epoch: 95, AccTr: 0.863099992275238, AccVa: 0.8495000004768372, CeTr: 1.4045346975326538, CeVa: 1.7210016250610352
ENSEMBLE | Tr_Acc: 0.9322999715805054, Tr_CE: 0.5239536166191101, Va_Acc: 0.921500027179718, Va_CE: 0.7531450986862183
Epoch: 96, AccTr: 0.857699990272522, AccVa: 0.8489999771118164, CeTr: 1.3883187770843506, CeVa: 1.5842337608337402
Epoch: 97, AccTr: 0.8568000197410583, AccVa: 0.8485000133514404, CeTr: 1.3604862689971924, CeVa: 1.67529296875
Epoch: 98, AccTr: 0.861299991607666, AccVa: 0.8395000100135803, CeTr: 1.317336082458496, CeVa: 1.7147306203842163
Epoch: 99, AccTr: 0.850600004196167, AccVa: 0.8479999899864197, CeTr: 1.4067105054855347, CeVa: 1.6712721586227417
Epoch: 100, AccTr: 0.8623999953269958, AccVa: 0.8395000100135803, CeTr: 1.3459120988845825, CeVa: 1.6748099327087402
ENSEMBLE | Tr_Acc: 0.9327999949455261, Tr_CE: 0.5163132548332214, Va_Acc: 0.9210000038146973, Va_CE: 0.7482830882072449
Epoch: 101, AccTr: 0.8593999743461609, AccVa: 0.8305000066757202, CeTr: 1.3874562978744507, CeVa: 1.7289618253707886
Epoch: 102, AccTr: 0.8574000000953674, AccVa: 0.843999981880188, CeTr: 1.350956678390503, CeVa: 1.6456084251403809
Epoch: 103, AccTr: 0.8531000018119812, AccVa: 0.828499972820282, CeTr: 1.4511430263519287, CeVa: 1.7915908098220825
Epoch: 104, AccTr: 0.8585000038146973, AccVa: 0.8450000286102295, CeTr: 1.3681285381317139, CeVa: 1.6231212615966797
Epoch: 105, AccTr: 0.8586000204086304, AccVa: 0.8475000262260437, CeTr: 1.3742862939834595, CeVa: 1.5267759561538696
ENSEMBLE | Tr_Acc: 0.9336000084877014, Tr_CE: 0.514191210269928, Va_Acc: 0.921500027179718, Va_CE: 0.7352308034896851
Epoch: 106, AccTr: 0.8579000234603882, AccVa: 0.8274999856948853, CeTr: 1.440189242362976, CeVa: 1.7632626295089722
Epoch: 107, AccTr: 0.8537999987602234, AccVa: 0.8374999761581421, CeTr: 1.4315874576568604, CeVa: 1.7060348987579346
Epoch: 108, AccTr: 0.8511999845504761, AccVa: 0.8519999980926514, CeTr: 1.4457365274429321, CeVa: 1.552808403968811
Epoch: 109, AccTr: 0.8555999994277954, AccVa: 0.8330000042915344, CeTr: 1.4889724254608154, CeVa: 1.7661296129226685
Epoch: 110, AccTr: 0.8575999736785889, AccVa: 0.843999981880188, CeTr: 1.3665881156921387, CeVa: 1.764120101928711
ENSEMBLE | Tr_Acc: 0.9348999857902527, Tr_CE: 0.5104179978370667, Va_Acc: 0.921500027179718, Va_CE: 0.7327832579612732
Epoch: 111, AccTr: 0.8585000038146973, AccVa: 0.847000002861023, CeTr: 1.3538711071014404, CeVa: 1.7203837633132935
Epoch: 112, AccTr: 0.8518000245094299, AccVa: 0.8410000205039978, CeTr: 1.4228217601776123, CeVa: 1.651260495185852
Epoch: 113, AccTr: 0.8600000143051147, AccVa: 0.8420000076293945, CeTr: 1.3489145040512085, CeVa: 1.5621299743652344
Epoch: 114, AccTr: 0.8616999983787537, AccVa: 0.8355000019073486, CeTr: 1.3444089889526367, CeVa: 1.7108259201049805
Epoch: 115, AccTr: 0.8610000014305115, AccVa: 0.8349999785423279, CeTr: 1.447343349456787, CeVa: 1.768741488456726
ENSEMBLE | Tr_Acc: 0.9350000023841858, Tr_CE: 0.5110542178153992, Va_Acc: 0.921500027179718, Va_CE: 0.7334798574447632
Epoch: 116, AccTr: 0.8557000160217285, AccVa: 0.8374999761581421, CeTr: 1.4200410842895508, CeVa: 1.7433427572250366
Epoch: 117, AccTr: 0.8615999817848206, AccVa: 0.8355000019073486, CeTr: 1.3455991744995117, CeVa: 1.5259830951690674
Epoch: 118, AccTr: 0.8586000204086304, AccVa: 0.8320000171661377, CeTr: 1.3547676801681519, CeVa: 1.6789137125015259
Epoch: 119, AccTr: 0.8593999743461609, AccVa: 0.8539999723434448, CeTr: 1.3633121252059937, CeVa: 1.4495651721954346
Epoch: 120, AccTr: 0.861299991607666, AccVa: 0.8389999866485596, CeTr: 1.3381022214889526, CeVa: 1.7348415851593018
ENSEMBLE | Tr_Acc: 0.9359999895095825, Tr_CE: 0.5071088075637817, Va_Acc: 0.921500027179718, Va_CE: 0.7319648861885071
Epoch: 121, AccTr: 0.857699990272522, AccVa: 0.8450000286102295, CeTr: 1.3876124620437622, CeVa: 1.5776249170303345
Epoch: 122, AccTr: 0.8567000031471252, AccVa: 0.8370000123977661, CeTr: 1.4287081956863403, CeVa: 1.7430108785629272
Epoch: 123, AccTr: 0.8555999994277954, AccVa: 0.8460000157356262, CeTr: 1.4253454208374023, CeVa: 1.6324384212493896
Epoch: 124, AccTr: 0.8537999987602234, AccVa: 0.8295000195503235, CeTr: 1.4322136640548706, CeVa: 1.8144018650054932
Epoch: 125, AccTr: 0.8508999943733215, AccVa: 0.8339999914169312, CeTr: 1.3908169269561768, CeVa: 1.7739368677139282
ENSEMBLE | Tr_Acc: 0.9358999729156494, Tr_CE: 0.505614161491394, Va_Acc: 0.9240000247955322, Va_CE: 0.729279100894928
Epoch: 126, AccTr: 0.8550000190734863, AccVa: 0.8525000214576721, CeTr: 1.3996011018753052, CeVa: 1.7237308025360107
Epoch: 127, AccTr: 0.8531000018119812, AccVa: 0.843500018119812, CeTr: 1.3611098527908325, CeVa: 1.7034932374954224
Epoch: 128, AccTr: 0.8550999760627747, AccVa: 0.8414999842643738, CeTr: 1.3872005939483643, CeVa: 1.6277574300765991
Epoch: 129, AccTr: 0.8531000018119812, AccVa: 0.8299999833106995, CeTr: 1.3931775093078613, CeVa: 1.7800759077072144
Epoch: 130, AccTr: 0.8593000173568726, AccVa: 0.8339999914169312, CeTr: 1.4196521043777466, CeVa: 1.9468475580215454
ENSEMBLE | Tr_Acc: 0.9361000061035156, Tr_CE: 0.5056283473968506, Va_Acc: 0.9235000014305115, Va_CE: 0.7346994280815125
Epoch: 131, AccTr: 0.8554999828338623, AccVa: 0.8410000205039978, CeTr: 1.3599212169647217, CeVa: 1.604691505432129
Epoch: 132, AccTr: 0.86080002784729, AccVa: 0.8429999947547913, CeTr: 1.357998013496399, CeVa: 1.7424968481063843
Epoch: 133, AccTr: 0.8574000000953674, AccVa: 0.8379999995231628, CeTr: 1.372928261756897, CeVa: 1.7821890115737915
Epoch: 134, AccTr: 0.8601999878883362, AccVa: 0.840499997138977, CeTr: 1.3393083810806274, CeVa: 1.6906499862670898
Epoch: 135, AccTr: 0.857699990272522, AccVa: 0.8510000109672546, CeTr: 1.4740333557128906, CeVa: 1.594709038734436
ENSEMBLE | Tr_Acc: 0.9355999827384949, Tr_CE: 0.5072715282440186, Va_Acc: 0.9244999885559082, Va_CE: 0.7311394810676575
Epoch: 136, AccTr: 0.8553000092506409, AccVa: 0.8349999785423279, CeTr: 1.3841460943222046, CeVa: 1.6804414987564087
Epoch: 137, AccTr: 0.8579000234603882, AccVa: 0.8330000042915344, CeTr: 1.3884457349777222, CeVa: 1.89655601978302
Epoch: 138, AccTr: 0.8571000099182129, AccVa: 0.8429999947547913, CeTr: 1.3820430040359497, CeVa: 1.6717175245285034
Epoch: 139, AccTr: 0.8583999872207642, AccVa: 0.8345000147819519, CeTr: 1.3550111055374146, CeVa: 1.718742847442627
Epoch: 140, AccTr: 0.8633000254631042, AccVa: 0.8314999938011169, CeTr: 1.3790199756622314, CeVa: 1.8837114572525024
ENSEMBLE | Tr_Acc: 0.9363999962806702, Tr_CE: 0.5073068141937256, Va_Acc: 0.9244999885559082, Va_CE: 0.7372212409973145
Epoch: 141, AccTr: 0.8571000099182129, AccVa: 0.8355000019073486, CeTr: 1.4145852327346802, CeVa: 1.8168840408325195
Epoch: 142, AccTr: 0.8503999710083008, AccVa: 0.8385000228881836, CeTr: 1.4777708053588867, CeVa: 1.7783150672912598
Epoch: 143, AccTr: 0.8590999841690063, AccVa: 0.8389999866485596, CeTr: 1.3787767887115479, CeVa: 1.6185253858566284
Epoch: 144, AccTr: 0.8464000225067139, AccVa: 0.8299999833106995, CeTr: 1.447182059288025, CeVa: 1.7239130735397339
Epoch: 145, AccTr: 0.8564000129699707, AccVa: 0.8389999866485596, CeTr: 1.3938193321228027, CeVa: 1.6259479522705078
ENSEMBLE | Tr_Acc: 0.9361000061035156, Tr_CE: 0.5068522691726685, Va_Acc: 0.925000011920929, Va_CE: 0.7336074709892273
Epoch: 146, AccTr: 0.8533999919891357, AccVa: 0.847000002861023, CeTr: 1.357764720916748, CeVa: 1.6346325874328613
Epoch: 147, AccTr: 0.8557999730110168, AccVa: 0.8475000262260437, CeTr: 1.3721141815185547, CeVa: 1.6346021890640259
Epoch: 148, AccTr: 0.8503999710083008, AccVa: 0.8295000195503235, CeTr: 1.4229326248168945, CeVa: 1.8539594411849976
Epoch: 149, AccTr: 0.8567000031471252, AccVa: 0.843999981880188, CeTr: 1.3783200979232788, CeVa: 1.6855576038360596
Epoch: 150, AccTr: 0.8543000221252441, AccVa: 0.8414999842643738, CeTr: 1.3981324434280396, CeVa: 1.7539228200912476
ENSEMBLE | Tr_Acc: 0.9363999962806702, Tr_CE: 0.5041238069534302, Va_Acc: 0.9240000247955322, Va_CE: 0.7344259023666382
NN CONFIG
Weight-type:		binary
Layout									Layer #1: 280	Layer #2: 200	
Activation Functions					Layer #1: bs	Layer #2: bs	
Keep probabilities		Layer #0: 1.0	Layer #1: 1.0	Layer #2: 1.0	
Flat factors							Layer #1: 1.0	Layer #2: 1.0	Layer #3: 1.0	
Activation Noise						Layer #1: 0.6000000000000001	Layer #2: 0.6000000000000001	Layer #3: 0.0	
Prior: 0.7

===================================

RUN CONFIG
Epochs: 150, Blocksize: 8

===================================

Input binarization: False
Epoch: 1, AccTr: 0.9298999905586243, AccVa: 0.8945000171661377, CeTr: 0.7940841317176819, CeVa: 1.5423585176467896
Epoch: 2, AccTr: 0.9146999716758728, AccVa: 0.8845000267028809, CeTr: 0.964012861251831, CeVa: 1.6344305276870728
Epoch: 3, AccTr: 0.9018999934196472, AccVa: 0.875, CeTr: 1.125520944595337, CeVa: 1.629918098449707
Epoch: 4, AccTr: 0.895799994468689, AccVa: 0.859499990940094, CeTr: 1.2618080377578735, CeVa: 1.8184971809387207
Epoch: 5, AccTr: 0.8891000151634216, AccVa: 0.8740000128746033, CeTr: 1.2607959508895874, CeVa: 1.594657301902771
Epoch: 6, AccTr: 0.8826000094413757, AccVa: 0.8725000023841858, CeTr: 1.3898118734359741, CeVa: 1.5682919025421143
Epoch: 7, AccTr: 0.8845999836921692, AccVa: 0.8744999766349792, CeTr: 1.3824974298477173, CeVa: 1.5686253309249878
Epoch: 8, AccTr: 0.8844000101089478, AccVa: 0.8669999837875366, CeTr: 1.3836716413497925, CeVa: 1.7504734992980957
Epoch: 9, AccTr: 0.8805000185966492, AccVa: 0.8615000247955322, CeTr: 1.3846306800842285, CeVa: 1.7866945266723633
Epoch: 10, AccTr: 0.8747000098228455, AccVa: 0.8579999804496765, CeTr: 1.4663681983947754, CeVa: 1.8997856378555298
Epoch: 11, AccTr: 0.8716999888420105, AccVa: 0.8504999876022339, CeTr: 1.5142173767089844, CeVa: 1.9674168825149536
Epoch: 12, AccTr: 0.8694000244140625, AccVa: 0.8615000247955322, CeTr: 1.5578473806381226, CeVa: 1.7503267526626587
Epoch: 13, AccTr: 0.8704000115394592, AccVa: 0.8629999756813049, CeTr: 1.445249080657959, CeVa: 1.746067762374878
Epoch: 14, AccTr: 0.8687999844551086, AccVa: 0.8414999842643738, CeTr: 1.474727988243103, CeVa: 1.945060133934021
Epoch: 15, AccTr: 0.8698999881744385, AccVa: 0.8619999885559082, CeTr: 1.478817343711853, CeVa: 1.7484214305877686
Epoch: 16, AccTr: 0.8687999844551086, AccVa: 0.8575000166893005, CeTr: 1.4930142164230347, CeVa: 1.684253215789795
Epoch: 17, AccTr: 0.8694000244140625, AccVa: 0.8529999852180481, CeTr: 1.4997930526733398, CeVa: 1.792047142982483
Epoch: 18, AccTr: 0.8755000233650208, AccVa: 0.8565000295639038, CeTr: 1.4359688758850098, CeVa: 1.7625898122787476
Epoch: 19, AccTr: 0.8666999936103821, AccVa: 0.8560000061988831, CeTr: 1.5608488321304321, CeVa: 1.871931791305542
Epoch: 20, AccTr: 0.8618999719619751, AccVa: 0.8445000052452087, CeTr: 1.5717862844467163, CeVa: 1.902538537979126
Epoch: 21, AccTr: 0.8677999973297119, AccVa: 0.8379999995231628, CeTr: 1.4763277769088745, CeVa: 1.9761855602264404
Epoch: 22, AccTr: 0.8614000082015991, AccVa: 0.8464999794960022, CeTr: 1.5328757762908936, CeVa: 1.742552399635315
Epoch: 23, AccTr: 0.8662999868392944, AccVa: 0.8420000076293945, CeTr: 1.527740240097046, CeVa: 2.0838685035705566
Epoch: 24, AccTr: 0.8644000291824341, AccVa: 0.8565000295639038, CeTr: 1.5633193254470825, CeVa: 1.7673888206481934
Epoch: 25, AccTr: 0.8665000200271606, AccVa: 0.8519999980926514, CeTr: 1.4810717105865479, CeVa: 1.8821064233779907
Epoch: 26, AccTr: 0.8651000261306763, AccVa: 0.8495000004768372, CeTr: 1.476499319076538, CeVa: 1.7358065843582153
Epoch: 27, AccTr: 0.8628000020980835, AccVa: 0.8429999947547913, CeTr: 1.5640313625335693, CeVa: 1.8568803071975708
Epoch: 28, AccTr: 0.8687000274658203, AccVa: 0.8539999723434448, CeTr: 1.5557961463928223, CeVa: 1.8266866207122803
Epoch: 29, AccTr: 0.8651000261306763, AccVa: 0.8579999804496765, CeTr: 1.5547914505004883, CeVa: 1.8859299421310425
Epoch: 30, AccTr: 0.8615999817848206, AccVa: 0.8475000262260437, CeTr: 1.5798029899597168, CeVa: 1.8793866634368896
ENSEMBLE | Tr_Acc: 0.8615999817848206, Tr_CE: 1.5798029899597168, Va_Acc: 0.8475000262260437, Va_CE: 1.8793866634368896
Epoch: 31, AccTr: 0.8636000156402588, AccVa: 0.8364999890327454, CeTr: 1.5766985416412354, CeVa: 1.9420636892318726
Epoch: 32, AccTr: 0.8698999881744385, AccVa: 0.8489999771118164, CeTr: 1.512705683708191, CeVa: 1.8578684329986572
Epoch: 33, AccTr: 0.8665000200271606, AccVa: 0.8579999804496765, CeTr: 1.5162500143051147, CeVa: 1.7342561483383179
Epoch: 34, AccTr: 0.8687000274658203, AccVa: 0.8429999947547913, CeTr: 1.4672527313232422, CeVa: 1.8524900674819946
Epoch: 35, AccTr: 0.8592000007629395, AccVa: 0.8420000076293945, CeTr: 1.5281991958618164, CeVa: 1.8485345840454102
ENSEMBLE | Tr_Acc: 0.9050999879837036, Tr_CE: 0.9632288217544556, Va_Acc: 0.8845000267028809, Va_CE: 1.2526580095291138
Epoch: 36, AccTr: 0.8615999817848206, AccVa: 0.8575000166893005, CeTr: 1.5621047019958496, CeVa: 1.81436026096344
Epoch: 37, AccTr: 0.8562999963760376, AccVa: 0.8420000076293945, CeTr: 1.5914958715438843, CeVa: 1.8688671588897705
Epoch: 38, AccTr: 0.8679999709129333, AccVa: 0.8479999899864197, CeTr: 1.4326931238174438, CeVa: 2.000490188598633
Epoch: 39, AccTr: 0.8611999750137329, AccVa: 0.8424999713897705, CeTr: 1.579820990562439, CeVa: 1.7734194993972778
Epoch: 40, AccTr: 0.870199978351593, AccVa: 0.8454999923706055, CeTr: 1.4672621488571167, CeVa: 1.6835849285125732
ENSEMBLE | Tr_Acc: 0.9182999730110168, Tr_CE: 0.7847912311553955, Va_Acc: 0.8989999890327454, Va_CE: 0.9801156520843506
Epoch: 41, AccTr: 0.8616999983787537, AccVa: 0.8464999794960022, CeTr: 1.5477427244186401, CeVa: 1.9309042692184448
Epoch: 42, AccTr: 0.8575000166893005, AccVa: 0.8424999713897705, CeTr: 1.6458306312561035, CeVa: 1.9051555395126343
Epoch: 43, AccTr: 0.8600000143051147, AccVa: 0.8370000123977661, CeTr: 1.5254443883895874, CeVa: 1.809383511543274
Epoch: 44, AccTr: 0.8608999848365784, AccVa: 0.8475000262260437, CeTr: 1.5609722137451172, CeVa: 1.813793420791626
Epoch: 45, AccTr: 0.8633000254631042, AccVa: 0.8450000286102295, CeTr: 1.4974366426467896, CeVa: 1.8504055738449097
ENSEMBLE | Tr_Acc: 0.9244999885559082, Tr_CE: 0.6936970353126526, Va_Acc: 0.9070000052452087, Va_CE: 0.916430652141571
Epoch: 46, AccTr: 0.8543000221252441, AccVa: 0.8479999899864197, CeTr: 1.5500295162200928, CeVa: 1.5989010334014893
Epoch: 47, AccTr: 0.8622999787330627, AccVa: 0.8399999737739563, CeTr: 1.5373057126998901, CeVa: 1.8850362300872803
Epoch: 48, AccTr: 0.8592000007629395, AccVa: 0.8519999980926514, CeTr: 1.5379104614257812, CeVa: 1.839575171470642
Epoch: 49, AccTr: 0.8568000197410583, AccVa: 0.8399999737739563, CeTr: 1.540351390838623, CeVa: 1.8928284645080566
Epoch: 50, AccTr: 0.862500011920929, AccVa: 0.8489999771118164, CeTr: 1.4711943864822388, CeVa: 1.789279818534851
ENSEMBLE | Tr_Acc: 0.9269999861717224, Tr_CE: 0.6490992903709412, Va_Acc: 0.9075000286102295, Va_CE: 0.8763248920440674
Epoch: 51, AccTr: 0.8637999892234802, AccVa: 0.8550000190734863, CeTr: 1.5137213468551636, CeVa: 1.6925292015075684
Epoch: 52, AccTr: 0.855400025844574, AccVa: 0.8420000076293945, CeTr: 1.5732810497283936, CeVa: 1.7992537021636963
Epoch: 53, AccTr: 0.8616999983787537, AccVa: 0.8370000123977661, CeTr: 1.5825496912002563, CeVa: 1.7628521919250488
Epoch: 54, AccTr: 0.8580999970436096, AccVa: 0.8420000076293945, CeTr: 1.585453987121582, CeVa: 1.8309746980667114
Epoch: 55, AccTr: 0.8628000020980835, AccVa: 0.8585000038146973, CeTr: 1.5310884714126587, CeVa: 1.7457473278045654
ENSEMBLE | Tr_Acc: 0.9294000267982483, Tr_CE: 0.6195253133773804, Va_Acc: 0.9160000085830688, Va_CE: 0.8478001952171326
Epoch: 56, AccTr: 0.8593999743461609, AccVa: 0.8389999866485596, CeTr: 1.5377717018127441, CeVa: 1.9092543125152588
Epoch: 57, AccTr: 0.8532999753952026, AccVa: 0.8489999771118164, CeTr: 1.5731078386306763, CeVa: 1.720098614692688
Epoch: 58, AccTr: 0.8575999736785889, AccVa: 0.8454999923706055, CeTr: 1.5221720933914185, CeVa: 1.8058953285217285
Epoch: 59, AccTr: 0.864300012588501, AccVa: 0.8314999938011169, CeTr: 1.4893745183944702, CeVa: 1.8874105215072632
Epoch: 60, AccTr: 0.8665000200271606, AccVa: 0.8335000276565552, CeTr: 1.3932735919952393, CeVa: 1.7930197715759277
ENSEMBLE | Tr_Acc: 0.9316999912261963, Tr_CE: 0.5954271554946899, Va_Acc: 0.9190000295639038, Va_CE: 0.8277640342712402
Epoch: 61, AccTr: 0.8622999787330627, AccVa: 0.8339999914169312, CeTr: 1.5381718873977661, CeVa: 1.828916072845459
Epoch: 62, AccTr: 0.8539000153541565, AccVa: 0.8320000171661377, CeTr: 1.5602411031723022, CeVa: 1.9565653800964355
Epoch: 63, AccTr: 0.8626000285148621, AccVa: 0.8339999914169312, CeTr: 1.4662610292434692, CeVa: 1.9373564720153809
Epoch: 64, AccTr: 0.857699990272522, AccVa: 0.8360000252723694, CeTr: 1.4603097438812256, CeVa: 1.966569185256958
Epoch: 65, AccTr: 0.8586999773979187, AccVa: 0.8295000195503235, CeTr: 1.4994560480117798, CeVa: 2.0277018547058105
ENSEMBLE | Tr_Acc: 0.9325000047683716, Tr_CE: 0.5752101540565491, Va_Acc: 0.9194999933242798, Va_CE: 0.8245792984962463
Epoch: 66, AccTr: 0.8636000156402588, AccVa: 0.8495000004768372, CeTr: 1.4847500324249268, CeVa: 1.7450053691864014
Epoch: 67, AccTr: 0.8582000136375427, AccVa: 0.8314999938011169, CeTr: 1.5537431240081787, CeVa: 1.9797900915145874
Epoch: 68, AccTr: 0.8593000173568726, AccVa: 0.8240000009536743, CeTr: 1.5400381088256836, CeVa: 2.05167818069458
Epoch: 69, AccTr: 0.866599977016449, AccVa: 0.8355000019073486, CeTr: 1.4668103456497192, CeVa: 2.0230605602264404
Epoch: 70, AccTr: 0.862500011920929, AccVa: 0.843500018119812, CeTr: 1.5013208389282227, CeVa: 1.8196181058883667
ENSEMBLE | Tr_Acc: 0.9351000189781189, Tr_CE: 0.5653737187385559, Va_Acc: 0.9154999852180481, Va_CE: 0.8180368542671204
Epoch: 71, AccTr: 0.86080002784729, AccVa: 0.8295000195503235, CeTr: 1.5298583507537842, CeVa: 2.1113879680633545
Epoch: 72, AccTr: 0.8622000217437744, AccVa: 0.8445000052452087, CeTr: 1.4581317901611328, CeVa: 1.9337470531463623
Epoch: 73, AccTr: 0.8565000295639038, AccVa: 0.8445000052452087, CeTr: 1.519140362739563, CeVa: 1.8674955368041992
Epoch: 74, AccTr: 0.8593000173568726, AccVa: 0.8379999995231628, CeTr: 1.4930682182312012, CeVa: 1.8369148969650269
Epoch: 75, AccTr: 0.8592000007629395, AccVa: 0.8374999761581421, CeTr: 1.4826154708862305, CeVa: 1.9903340339660645
ENSEMBLE | Tr_Acc: 0.9351000189781189, Tr_CE: 0.5538715124130249, Va_Acc: 0.9164999723434448, Va_CE: 0.8374377489089966
Epoch: 76, AccTr: 0.8598999977111816, AccVa: 0.8464999794960022, CeTr: 1.5350841283798218, CeVa: 1.8721002340316772
Epoch: 77, AccTr: 0.866599977016449, AccVa: 0.8519999980926514, CeTr: 1.4773387908935547, CeVa: 1.7104572057724
Epoch: 78, AccTr: 0.859499990940094, AccVa: 0.8450000286102295, CeTr: 1.5277026891708374, CeVa: 1.903932809829712
Epoch: 79, AccTr: 0.8586000204086304, AccVa: 0.8495000004768372, CeTr: 1.4337033033370972, CeVa: 1.7701466083526611
Epoch: 80, AccTr: 0.8550999760627747, AccVa: 0.8314999938011169, CeTr: 1.5143170356750488, CeVa: 1.8988858461380005
ENSEMBLE | Tr_Acc: 0.9362999796867371, Tr_CE: 0.5437673926353455, Va_Acc: 0.9164999723434448, Va_CE: 0.8355298638343811
Epoch: 81, AccTr: 0.8583999872207642, AccVa: 0.8320000171661377, CeTr: 1.4303356409072876, CeVa: 1.846035361289978
Epoch: 82, AccTr: 0.8561000227928162, AccVa: 0.8424999713897705, CeTr: 1.5389728546142578, CeVa: 1.7865432500839233
Epoch: 83, AccTr: 0.8522999882698059, AccVa: 0.8255000114440918, CeTr: 1.6176271438598633, CeVa: 2.0888047218322754
Epoch: 84, AccTr: 0.8525000214576721, AccVa: 0.8450000286102295, CeTr: 1.532314419746399, CeVa: 1.8130704164505005
Epoch: 85, AccTr: 0.8550000190734863, AccVa: 0.8335000276565552, CeTr: 1.5649166107177734, CeVa: 2.013092517852783
ENSEMBLE | Tr_Acc: 0.9355000257492065, Tr_CE: 0.5474961996078491, Va_Acc: 0.9160000085830688, Va_CE: 0.8399751782417297
Epoch: 86, AccTr: 0.8549000024795532, AccVa: 0.8445000052452087, CeTr: 1.5125606060028076, CeVa: 1.9233312606811523
Epoch: 87, AccTr: 0.8539000153541565, AccVa: 0.8309999704360962, CeTr: 1.5453357696533203, CeVa: 1.977256178855896
Epoch: 88, AccTr: 0.8600999712944031, AccVa: 0.8535000085830688, CeTr: 1.500679612159729, CeVa: 1.6826926469802856
Epoch: 89, AccTr: 0.8597999811172485, AccVa: 0.8314999938011169, CeTr: 1.4720112085342407, CeVa: 1.852063775062561
Epoch: 90, AccTr: 0.8605999946594238, AccVa: 0.8544999957084656, CeTr: 1.46262788772583, CeVa: 1.7008121013641357
ENSEMBLE | Tr_Acc: 0.9368000030517578, Tr_CE: 0.5415959358215332, Va_Acc: 0.9185000061988831, Va_CE: 0.8279200196266174
Epoch: 91, AccTr: 0.8592000007629395, AccVa: 0.840499997138977, CeTr: 1.46993887424469, CeVa: 1.7621474266052246
Epoch: 92, AccTr: 0.8675000071525574, AccVa: 0.8495000004768372, CeTr: 1.4394476413726807, CeVa: 1.7121591567993164
Epoch: 93, AccTr: 0.8626000285148621, AccVa: 0.8544999957084656, CeTr: 1.5189074277877808, CeVa: 1.6837167739868164
Epoch: 94, AccTr: 0.8605999946594238, AccVa: 0.8525000214576721, CeTr: 1.5604405403137207, CeVa: 1.813392162322998
Epoch: 95, AccTr: 0.8623999953269958, AccVa: 0.843999981880188, CeTr: 1.4470160007476807, CeVa: 1.802828311920166
ENSEMBLE | Tr_Acc: 0.9368000030517578, Tr_CE: 0.5365610122680664, Va_Acc: 0.9179999828338623, Va_CE: 0.8216473460197449
Epoch: 96, AccTr: 0.85589998960495, AccVa: 0.8335000276565552, CeTr: 1.5412288904190063, CeVa: 1.8099250793457031
Epoch: 97, AccTr: 0.8626999855041504, AccVa: 0.8514999747276306, CeTr: 1.497032880783081, CeVa: 1.7500742673873901
Epoch: 98, AccTr: 0.8569999933242798, AccVa: 0.8445000052452087, CeTr: 1.583251714706421, CeVa: 1.9018892049789429
Epoch: 99, AccTr: 0.8607000112533569, AccVa: 0.8345000147819519, CeTr: 1.485785961151123, CeVa: 2.0031769275665283
Epoch: 100, AccTr: 0.8596000075340271, AccVa: 0.8479999899864197, CeTr: 1.5074394941329956, CeVa: 1.8335926532745361
ENSEMBLE | Tr_Acc: 0.9366999864578247, Tr_CE: 0.5350309610366821, Va_Acc: 0.9175000190734863, Va_CE: 0.8252230882644653
Epoch: 101, AccTr: 0.8628000020980835, AccVa: 0.8420000076293945, CeTr: 1.5143775939941406, CeVa: 1.9283442497253418
Epoch: 102, AccTr: 0.861299991607666, AccVa: 0.8510000109672546, CeTr: 1.5413140058517456, CeVa: 1.6822954416275024
Epoch: 103, AccTr: 0.8623999953269958, AccVa: 0.8424999713897705, CeTr: 1.4422874450683594, CeVa: 1.755300521850586
Epoch: 104, AccTr: 0.8537999987602234, AccVa: 0.8355000019073486, CeTr: 1.5567452907562256, CeVa: 1.8972325325012207
Epoch: 105, AccTr: 0.8574000000953674, AccVa: 0.8519999980926514, CeTr: 1.5560197830200195, CeVa: 1.7576760053634644
ENSEMBLE | Tr_Acc: 0.9366000294685364, Tr_CE: 0.5378580093383789, Va_Acc: 0.921500027179718, Va_CE: 0.8243701457977295
Epoch: 106, AccTr: 0.8571000099182129, AccVa: 0.8445000052452087, CeTr: 1.5913459062576294, CeVa: 1.8462392091751099
Epoch: 107, AccTr: 0.8597999811172485, AccVa: 0.8370000123977661, CeTr: 1.493319034576416, CeVa: 1.904380440711975
Epoch: 108, AccTr: 0.8568999767303467, AccVa: 0.8454999923706055, CeTr: 1.4849629402160645, CeVa: 1.982535481452942
Epoch: 109, AccTr: 0.8555999994277954, AccVa: 0.8464999794960022, CeTr: 1.582999587059021, CeVa: 1.9303675889968872
Epoch: 110, AccTr: 0.8507999777793884, AccVa: 0.8215000033378601, CeTr: 1.6173934936523438, CeVa: 1.9789589643478394
ENSEMBLE | Tr_Acc: 0.9355000257492065, Tr_CE: 0.5410289168357849, Va_Acc: 0.9200000166893005, Va_CE: 0.8232606649398804
Epoch: 111, AccTr: 0.8528000116348267, AccVa: 0.8299999833106995, CeTr: 1.5179256200790405, CeVa: 1.7940829992294312
Epoch: 112, AccTr: 0.8546000123023987, AccVa: 0.828499972820282, CeTr: 1.5566949844360352, CeVa: 1.7366803884506226
Epoch: 113, AccTr: 0.8504999876022339, AccVa: 0.8410000205039978, CeTr: 1.525803565979004, CeVa: 1.761385440826416
Epoch: 114, AccTr: 0.852400004863739, AccVa: 0.8320000171661377, CeTr: 1.5274258852005005, CeVa: 1.7685344219207764
Epoch: 115, AccTr: 0.8582000136375427, AccVa: 0.8234999775886536, CeTr: 1.570090413093567, CeVa: 2.005901575088501
ENSEMBLE | Tr_Acc: 0.935699999332428, Tr_CE: 0.5416433215141296, Va_Acc: 0.9194999933242798, Va_CE: 0.82161945104599
Epoch: 116, AccTr: 0.8574000000953674, AccVa: 0.8504999876022339, CeTr: 1.5145912170410156, CeVa: 1.7837164402008057
Epoch: 117, AccTr: 0.8539000153541565, AccVa: 0.8479999899864197, CeTr: 1.56135892868042, CeVa: 1.762208342552185
Epoch: 118, AccTr: 0.8565999865531921, AccVa: 0.8454999923706055, CeTr: 1.5391515493392944, CeVa: 1.7420076131820679
Epoch: 119, AccTr: 0.8593000173568726, AccVa: 0.8420000076293945, CeTr: 1.5253359079360962, CeVa: 1.7297910451889038
Epoch: 120, AccTr: 0.8571000099182129, AccVa: 0.8355000019073486, CeTr: 1.5245747566223145, CeVa: 1.7862493991851807
ENSEMBLE | Tr_Acc: 0.9358000159263611, Tr_CE: 0.5405954122543335, Va_Acc: 0.9185000061988831, Va_CE: 0.8162195086479187
Epoch: 121, AccTr: 0.8586000204086304, AccVa: 0.8245000243186951, CeTr: 1.4385699033737183, CeVa: 1.9768186807632446
Epoch: 122, AccTr: 0.8629999756813049, AccVa: 0.8305000066757202, CeTr: 1.429567575454712, CeVa: 1.9178173542022705
Epoch: 123, AccTr: 0.8648999929428101, AccVa: 0.8349999785423279, CeTr: 1.4658478498458862, CeVa: 1.7244884967803955
Epoch: 124, AccTr: 0.8590999841690063, AccVa: 0.8309999704360962, CeTr: 1.4982410669326782, CeVa: 1.9801868200302124
Epoch: 125, AccTr: 0.8525999784469604, AccVa: 0.8305000066757202, CeTr: 1.573367714881897, CeVa: 1.9330703020095825
ENSEMBLE | Tr_Acc: 0.9354000091552734, Tr_CE: 0.5389797687530518, Va_Acc: 0.9204999804496765, Va_CE: 0.8156276941299438
Epoch: 126, AccTr: 0.8475000262260437, AccVa: 0.8379999995231628, CeTr: 1.6130033731460571, CeVa: 1.7718111276626587
Epoch: 127, AccTr: 0.8531000018119812, AccVa: 0.8324999809265137, CeTr: 1.4948201179504395, CeVa: 1.876340389251709
Epoch: 128, AccTr: 0.8561999797821045, AccVa: 0.8355000019073486, CeTr: 1.51558518409729, CeVa: 1.9758044481277466
Epoch: 129, AccTr: 0.8543999791145325, AccVa: 0.843500018119812, CeTr: 1.5955026149749756, CeVa: 1.9851139783859253
Epoch: 130, AccTr: 0.8550000190734863, AccVa: 0.8389999866485596, CeTr: 1.533496618270874, CeVa: 2.0012364387512207
ENSEMBLE | Tr_Acc: 0.9358000159263611, Tr_CE: 0.5378891229629517, Va_Acc: 0.9210000038146973, Va_CE: 0.8156283497810364
Epoch: 131, AccTr: 0.8555999994277954, AccVa: 0.8309999704360962, CeTr: 1.537139654159546, CeVa: 1.913272500038147
Epoch: 132, AccTr: 0.8589000105857849, AccVa: 0.8324999809265137, CeTr: 1.5142123699188232, CeVa: 1.9910951852798462
Epoch: 133, AccTr: 0.8593000173568726, AccVa: 0.8374999761581421, CeTr: 1.567260503768921, CeVa: 1.884333610534668
Epoch: 134, AccTr: 0.8555999994277954, AccVa: 0.8399999737739563, CeTr: 1.5189640522003174, CeVa: 1.8424699306488037
Epoch: 135, AccTr: 0.8557000160217285, AccVa: 0.8370000123977661, CeTr: 1.5260673761367798, CeVa: 1.821380615234375
ENSEMBLE | Tr_Acc: 0.9362000226974487, Tr_CE: 0.5377199053764343, Va_Acc: 0.9194999933242798, Va_CE: 0.8105029463768005
Epoch: 136, AccTr: 0.8543999791145325, AccVa: 0.840499997138977, CeTr: 1.5642699003219604, CeVa: 1.734889268875122
Epoch: 137, AccTr: 0.8580999970436096, AccVa: 0.8314999938011169, CeTr: 1.5130720138549805, CeVa: 1.8951700925827026
Epoch: 138, AccTr: 0.8543999791145325, AccVa: 0.8360000252723694, CeTr: 1.5307738780975342, CeVa: 2.083482265472412
Epoch: 139, AccTr: 0.8525000214576721, AccVa: 0.8349999785423279, CeTr: 1.5478585958480835, CeVa: 1.8015602827072144
Epoch: 140, AccTr: 0.8560000061988831, AccVa: 0.8309999704360962, CeTr: 1.4973440170288086, CeVa: 2.121845006942749
ENSEMBLE | Tr_Acc: 0.9350000023841858, Tr_CE: 0.5368443727493286, Va_Acc: 0.9200000166893005, Va_CE: 0.813892126083374
Epoch: 141, AccTr: 0.8623999953269958, AccVa: 0.8339999914169312, CeTr: 1.5265690088272095, CeVa: 1.9890786409378052
Epoch: 142, AccTr: 0.8579999804496765, AccVa: 0.8360000252723694, CeTr: 1.486396312713623, CeVa: 1.997734546661377
Epoch: 143, AccTr: 0.8628000020980835, AccVa: 0.8274999856948853, CeTr: 1.472347617149353, CeVa: 2.0086817741394043
Epoch: 144, AccTr: 0.8600999712944031, AccVa: 0.8485000133514404, CeTr: 1.4859716892242432, CeVa: 1.6769927740097046
Epoch: 145, AccTr: 0.8596000075340271, AccVa: 0.8420000076293945, CeTr: 1.4354393482208252, CeVa: 1.8249307870864868
ENSEMBLE | Tr_Acc: 0.9351000189781189, Tr_CE: 0.5334625244140625, Va_Acc: 0.9175000190734863, Va_CE: 0.8131005764007568
Epoch: 146, AccTr: 0.8575000166893005, AccVa: 0.840499997138977, CeTr: 1.523528814315796, CeVa: 1.967153787612915
Epoch: 147, AccTr: 0.8634999990463257, AccVa: 0.8374999761581421, CeTr: 1.4521833658218384, CeVa: 1.8925683498382568
Epoch: 148, AccTr: 0.8574000000953674, AccVa: 0.8335000276565552, CeTr: 1.558772325515747, CeVa: 1.9436559677124023
Epoch: 149, AccTr: 0.853600025177002, AccVa: 0.8424999713897705, CeTr: 1.533800721168518, CeVa: 1.98471999168396
Epoch: 150, AccTr: 0.8615000247955322, AccVa: 0.8320000171661377, CeTr: 1.4065660238265991, CeVa: 1.9792155027389526
ENSEMBLE | Tr_Acc: 0.9355999827384949, Tr_CE: 0.5292486548423767, Va_Acc: 0.9185000061988831, Va_CE: 0.816370964050293
Mod Accuracy || Mean: 0.8367500305175781	 Std: 0.004749983549118042
Ens Accuracy || Mean: 0.9212499856948853	 Std: 0.002750009298324585
Mod CE || Mean: 1.8665691614151	 Std: 0.11264634132385254
Ens CE || Mean: 0.7753984332084656	 Std: 0.04097253084182739
