NN CONFIG
Weight-type:		binary
Layout									Layer #1: 280	Layer #2: 200	
Activation Functions					Layer #1: bs	Layer #2: bs	
Keep probabilities		Layer #0: 1.0	Layer #1: 1.0	Layer #2: 1.0	
Flat factors							Layer #1: 1.0	Layer #2: 1.0	Layer #3: 1.0	
Activation Noise						Layer #1: 1.1	Layer #2: 1.1	Layer #3: 0.0	
Prior: 0.7

===================================

RUN CONFIG
Epochs: 150, Blocksize: 8

===================================

Input binarization: False
Epoch: 1, AccTr: 0.8776999711990356, AccVa: 0.862500011920929, CeTr: 1.8492896556854248, CeVa: 2.0714926719665527
Epoch: 2, AccTr: 0.8561999797821045, AccVa: 0.8464999794960022, CeTr: 2.0489275455474854, CeVa: 2.251861572265625
Epoch: 3, AccTr: 0.8429999947547913, AccVa: 0.8414999842643738, CeTr: 2.1995770931243896, CeVa: 2.337151288986206
Epoch: 4, AccTr: 0.8331000208854675, AccVa: 0.8305000066757202, CeTr: 2.356457471847534, CeVa: 2.3664963245391846
Epoch: 5, AccTr: 0.8410999774932861, AccVa: 0.8355000019073486, CeTr: 2.285431146621704, CeVa: 2.3940532207489014
Epoch: 6, AccTr: 0.8248999714851379, AccVa: 0.8224999904632568, CeTr: 2.392565965652466, CeVa: 2.5264892578125
Epoch: 7, AccTr: 0.8223999738693237, AccVa: 0.8159999847412109, CeTr: 2.47054386138916, CeVa: 2.62990665435791
Epoch: 8, AccTr: 0.8291000127792358, AccVa: 0.8050000071525574, CeTr: 2.328054189682007, CeVa: 2.564119338989258
Epoch: 9, AccTr: 0.8165000081062317, AccVa: 0.8059999942779541, CeTr: 2.5076749324798584, CeVa: 2.6259067058563232
Epoch: 10, AccTr: 0.8237000107765198, AccVa: 0.8389999866485596, CeTr: 2.430140972137451, CeVa: 2.2438790798187256
Epoch: 11, AccTr: 0.829800009727478, AccVa: 0.8195000290870667, CeTr: 2.4537012577056885, CeVa: 2.5499024391174316
Epoch: 12, AccTr: 0.8179000020027161, AccVa: 0.8059999942779541, CeTr: 2.406174421310425, CeVa: 2.388566255569458
Epoch: 13, AccTr: 0.8222000002861023, AccVa: 0.8090000152587891, CeTr: 2.2825124263763428, CeVa: 2.599306106567383
Epoch: 14, AccTr: 0.8147000074386597, AccVa: 0.7839999794960022, CeTr: 2.5560436248779297, CeVa: 2.8925561904907227
Epoch: 15, AccTr: 0.8095999956130981, AccVa: 0.8015000224113464, CeTr: 2.5390172004699707, CeVa: 2.6721255779266357
Epoch: 16, AccTr: 0.8105999827384949, AccVa: 0.8054999709129333, CeTr: 2.443443775177002, CeVa: 2.4375760555267334
Epoch: 17, AccTr: 0.8102999925613403, AccVa: 0.8025000095367432, CeTr: 2.436614990234375, CeVa: 2.5700700283050537
Epoch: 18, AccTr: 0.8112000226974487, AccVa: 0.8090000152587891, CeTr: 2.2982630729675293, CeVa: 2.392951726913452
Epoch: 19, AccTr: 0.8184000253677368, AccVa: 0.8134999871253967, CeTr: 2.284546136856079, CeVa: 2.3224904537200928
Epoch: 20, AccTr: 0.8212000131607056, AccVa: 0.8080000281333923, CeTr: 2.3217692375183105, CeVa: 2.735775947570801
Epoch: 21, AccTr: 0.8123999834060669, AccVa: 0.7950000166893005, CeTr: 2.416769504547119, CeVa: 2.6051418781280518
Epoch: 22, AccTr: 0.815500020980835, AccVa: 0.8065000176429749, CeTr: 2.4111688137054443, CeVa: 2.455092191696167
Epoch: 23, AccTr: 0.8194000124931335, AccVa: 0.8065000176429749, CeTr: 2.1524581909179688, CeVa: 2.396949052810669
Epoch: 24, AccTr: 0.8068000078201294, AccVa: 0.8034999966621399, CeTr: 2.363712787628174, CeVa: 2.424217939376831
Epoch: 25, AccTr: 0.8202000260353088, AccVa: 0.8190000057220459, CeTr: 2.2308430671691895, CeVa: 2.195018768310547
Epoch: 26, AccTr: 0.8226000070571899, AccVa: 0.8144999742507935, CeTr: 2.2156260013580322, CeVa: 2.334510326385498
Epoch: 27, AccTr: 0.8159999847412109, AccVa: 0.8025000095367432, CeTr: 2.204519510269165, CeVa: 2.3205835819244385
Epoch: 28, AccTr: 0.8073999881744385, AccVa: 0.8015000224113464, CeTr: 2.2643468379974365, CeVa: 2.394942283630371
Epoch: 29, AccTr: 0.8113999962806702, AccVa: 0.8109999895095825, CeTr: 2.3192121982574463, CeVa: 2.272677183151245
Epoch: 30, AccTr: 0.8177000284194946, AccVa: 0.815500020980835, CeTr: 2.2817139625549316, CeVa: 2.3437769412994385
ENSEMBLE | Tr_Acc: 0.8177000284194946, Tr_CE: 2.2817139625549316, Va_Acc: 0.815500020980835, Va_CE: 2.3437769412994385
Epoch: 31, AccTr: 0.8183000087738037, AccVa: 0.8220000267028809, CeTr: 2.210503578186035, CeVa: 2.3033523559570312
Epoch: 32, AccTr: 0.8188999891281128, AccVa: 0.8184999823570251, CeTr: 2.222175121307373, CeVa: 2.3767642974853516
Epoch: 33, AccTr: 0.8108000159263611, AccVa: 0.8015000224113464, CeTr: 2.301849365234375, CeVa: 2.3334081172943115
Epoch: 34, AccTr: 0.807699978351593, AccVa: 0.7979999780654907, CeTr: 2.4276108741760254, CeVa: 2.3399248123168945
Epoch: 35, AccTr: 0.8109999895095825, AccVa: 0.8180000185966492, CeTr: 2.2656891345977783, CeVa: 2.1514244079589844
ENSEMBLE | Tr_Acc: 0.8531000018119812, Tr_CE: 1.669551968574524, Va_Acc: 0.8575000166893005, Va_CE: 1.6608964204788208
Epoch: 36, AccTr: 0.8188999891281128, AccVa: 0.8105000257492065, CeTr: 2.2961621284484863, CeVa: 2.2792606353759766
Epoch: 37, AccTr: 0.8219000101089478, AccVa: 0.8245000243186951, CeTr: 2.279994487762451, CeVa: 2.076378583908081
Epoch: 38, AccTr: 0.8166999816894531, AccVa: 0.8100000023841858, CeTr: 2.2823824882507324, CeVa: 2.410224437713623
Epoch: 39, AccTr: 0.8169000148773193, AccVa: 0.7935000061988831, CeTr: 2.3689327239990234, CeVa: 2.656590461730957
Epoch: 40, AccTr: 0.8113999962806702, AccVa: 0.8115000128746033, CeTr: 2.420074701309204, CeVa: 2.4362070560455322
ENSEMBLE | Tr_Acc: 0.8651000261306763, Tr_CE: 1.525375247001648, Va_Acc: 0.8684999942779541, Va_CE: 1.529528021812439
Epoch: 41, AccTr: 0.8192999958992004, AccVa: 0.8050000071525574, CeTr: 2.256272315979004, CeVa: 2.3227851390838623
Epoch: 42, AccTr: 0.816100001335144, AccVa: 0.8009999990463257, CeTr: 2.322448492050171, CeVa: 2.380044460296631
Epoch: 43, AccTr: 0.808899998664856, AccVa: 0.7985000014305115, CeTr: 2.400508403778076, CeVa: 2.5290844440460205
Epoch: 44, AccTr: 0.8152999877929688, AccVa: 0.7994999885559082, CeTr: 2.360374689102173, CeVa: 2.704697847366333
Epoch: 45, AccTr: 0.8033999800682068, AccVa: 0.7960000038146973, CeTr: 2.51096773147583, CeVa: 2.452517509460449
ENSEMBLE | Tr_Acc: 0.8709999918937683, Tr_CE: 1.4627633094787598, Va_Acc: 0.8730000257492065, Va_CE: 1.464341163635254
Epoch: 46, AccTr: 0.8030999898910522, AccVa: 0.7879999876022339, CeTr: 2.403411626815796, CeVa: 2.548072576522827
Epoch: 47, AccTr: 0.807699978351593, AccVa: 0.809499979019165, CeTr: 2.335050106048584, CeVa: 2.246267080307007
Epoch: 48, AccTr: 0.8105999827384949, AccVa: 0.7994999885559082, CeTr: 2.4376485347747803, CeVa: 2.3378868103027344
Epoch: 49, AccTr: 0.8181999921798706, AccVa: 0.8115000128746033, CeTr: 2.3850269317626953, CeVa: 2.3690414428710938
Epoch: 50, AccTr: 0.8165000081062317, AccVa: 0.8065000176429749, CeTr: 2.2961010932922363, CeVa: 2.430891513824463
ENSEMBLE | Tr_Acc: 0.8773999810218811, Tr_CE: 1.4037760496139526, Va_Acc: 0.8765000104904175, Va_CE: 1.4339648485183716
Epoch: 51, AccTr: 0.819100022315979, AccVa: 0.8040000200271606, CeTr: 2.2847237586975098, CeVa: 2.3235020637512207
Epoch: 52, AccTr: 0.8195000290870667, AccVa: 0.8054999709129333, CeTr: 2.182849407196045, CeVa: 2.45308780670166
Epoch: 53, AccTr: 0.8187000155448914, AccVa: 0.8174999952316284, CeTr: 2.304933547973633, CeVa: 2.2391862869262695
Epoch: 54, AccTr: 0.8269000053405762, AccVa: 0.8169999718666077, CeTr: 2.2134668827056885, CeVa: 2.148982286453247
Epoch: 55, AccTr: 0.8154000043869019, AccVa: 0.8209999799728394, CeTr: 2.1492156982421875, CeVa: 2.0471127033233643
ENSEMBLE | Tr_Acc: 0.8783000111579895, Tr_CE: 1.3371622562408447, Va_Acc: 0.8824999928474426, Va_CE: 1.3332602977752686
Epoch: 56, AccTr: 0.8137999773025513, AccVa: 0.8140000104904175, CeTr: 2.3061280250549316, CeVa: 2.4037373065948486
Epoch: 57, AccTr: 0.8184000253677368, AccVa: 0.8034999966621399, CeTr: 2.2485382556915283, CeVa: 2.4740805625915527
Epoch: 58, AccTr: 0.8180000185966492, AccVa: 0.8140000104904175, CeTr: 2.2409133911132812, CeVa: 2.413090467453003
Epoch: 59, AccTr: 0.814300000667572, AccVa: 0.8075000047683716, CeTr: 2.3393545150756836, CeVa: 2.3732187747955322
Epoch: 60, AccTr: 0.8127999901771545, AccVa: 0.8149999976158142, CeTr: 2.3395605087280273, CeVa: 2.4694149494171143
ENSEMBLE | Tr_Acc: 0.8809999823570251, Tr_CE: 1.3081417083740234, Va_Acc: 0.8809999823570251, Va_CE: 1.3171354532241821
Epoch: 61, AccTr: 0.8127999901771545, AccVa: 0.809499979019165, CeTr: 2.3367533683776855, CeVa: 2.4631779193878174
Epoch: 62, AccTr: 0.8039000034332275, AccVa: 0.7879999876022339, CeTr: 2.430267572402954, CeVa: 2.8391096591949463
Epoch: 63, AccTr: 0.8112000226974487, AccVa: 0.7929999828338623, CeTr: 2.37021803855896, CeVa: 2.589895725250244
Epoch: 64, AccTr: 0.8123999834060669, AccVa: 0.8075000047683716, CeTr: 2.383746385574341, CeVa: 2.471116542816162
Epoch: 65, AccTr: 0.8212000131607056, AccVa: 0.8080000281333923, CeTr: 2.2546920776367188, CeVa: 2.2448983192443848
ENSEMBLE | Tr_Acc: 0.8840000033378601, Tr_CE: 1.276594877243042, Va_Acc: 0.8834999799728394, Va_CE: 1.2966294288635254
Epoch: 66, AccTr: 0.8173999786376953, AccVa: 0.7979999780654907, CeTr: 2.231602191925049, CeVa: 2.4470319747924805
Epoch: 67, AccTr: 0.8201000094413757, AccVa: 0.8040000200271606, CeTr: 2.208693265914917, CeVa: 2.4404585361480713
Epoch: 68, AccTr: 0.8169000148773193, AccVa: 0.8115000128746033, CeTr: 2.2240147590637207, CeVa: 2.3695380687713623
Epoch: 69, AccTr: 0.8190000057220459, AccVa: 0.8109999895095825, CeTr: 2.250931739807129, CeVa: 2.4727559089660645
Epoch: 70, AccTr: 0.8172000050544739, AccVa: 0.800000011920929, CeTr: 2.3716084957122803, CeVa: 2.52755069732666
ENSEMBLE | Tr_Acc: 0.8848000168800354, Tr_CE: 1.2673876285552979, Va_Acc: 0.887499988079071, Va_CE: 1.2915741205215454
Epoch: 71, AccTr: 0.8259000182151794, AccVa: 0.8159999847412109, CeTr: 2.2067153453826904, CeVa: 2.4359781742095947
Epoch: 72, AccTr: 0.821399986743927, AccVa: 0.8090000152587891, CeTr: 2.2367265224456787, CeVa: 2.4157793521881104
Epoch: 73, AccTr: 0.8210999965667725, AccVa: 0.8144999742507935, CeTr: 2.2910313606262207, CeVa: 2.460988759994507
Epoch: 74, AccTr: 0.8108000159263611, AccVa: 0.8050000071525574, CeTr: 2.352196455001831, CeVa: 2.4843332767486572
Epoch: 75, AccTr: 0.8090000152587891, AccVa: 0.8044999837875366, CeTr: 2.2210614681243896, CeVa: 2.4678549766540527
ENSEMBLE | Tr_Acc: 0.8849999904632568, Tr_CE: 1.244724988937378, Va_Acc: 0.8845000267028809, Va_CE: 1.2883540391921997
Epoch: 76, AccTr: 0.8093000054359436, AccVa: 0.7894999980926514, CeTr: 2.3024587631225586, CeVa: 2.4507791996002197
Epoch: 77, AccTr: 0.8108999729156494, AccVa: 0.8029999732971191, CeTr: 2.25954532623291, CeVa: 2.4015650749206543
Epoch: 78, AccTr: 0.8001000285148621, AccVa: 0.7985000014305115, CeTr: 2.39953875541687, CeVa: 2.456357479095459
Epoch: 79, AccTr: 0.8061000108718872, AccVa: 0.7950000166893005, CeTr: 2.427496910095215, CeVa: 2.5558416843414307
Epoch: 80, AccTr: 0.809499979019165, AccVa: 0.796500027179718, CeTr: 2.44144344329834, CeVa: 2.5472710132598877
ENSEMBLE | Tr_Acc: 0.8859999775886536, Tr_CE: 1.2431156635284424, Va_Acc: 0.8865000009536743, Va_CE: 1.2869614362716675
Epoch: 81, AccTr: 0.8134999871253967, AccVa: 0.8144999742507935, CeTr: 2.3370871543884277, CeVa: 2.3693792819976807
Epoch: 82, AccTr: 0.8093000054359436, AccVa: 0.8050000071525574, CeTr: 2.428936243057251, CeVa: 2.3444178104400635
Epoch: 83, AccTr: 0.819599986076355, AccVa: 0.7979999780654907, CeTr: 2.225194215774536, CeVa: 2.327374219894409
Epoch: 84, AccTr: 0.8126000165939331, AccVa: 0.8090000152587891, CeTr: 2.3279201984405518, CeVa: 2.257627248764038
Epoch: 85, AccTr: 0.8061000108718872, AccVa: 0.796999990940094, CeTr: 2.3095297813415527, CeVa: 2.6066102981567383
ENSEMBLE | Tr_Acc: 0.8885999917984009, Tr_CE: 1.2309356927871704, Va_Acc: 0.8830000162124634, Va_CE: 1.2934428453445435
Epoch: 86, AccTr: 0.8203999996185303, AccVa: 0.8019999861717224, CeTr: 2.3067715167999268, CeVa: 2.401740312576294
Epoch: 87, AccTr: 0.814300000667572, AccVa: 0.8025000095367432, CeTr: 2.2915000915527344, CeVa: 2.3369414806365967
Epoch: 88, AccTr: 0.8062000274658203, AccVa: 0.809499979019165, CeTr: 2.385772705078125, CeVa: 2.55716609954834
Epoch: 89, AccTr: 0.8027999997138977, AccVa: 0.7904999852180481, CeTr: 2.479903221130371, CeVa: 2.657336711883545
Epoch: 90, AccTr: 0.8077999949455261, AccVa: 0.7885000109672546, CeTr: 2.4253361225128174, CeVa: 2.587878704071045
ENSEMBLE | Tr_Acc: 0.8877000212669373, Tr_CE: 1.231869101524353, Va_Acc: 0.8845000267028809, Va_CE: 1.296540379524231
Epoch: 91, AccTr: 0.808899998664856, AccVa: 0.7929999828338623, CeTr: 2.3612680435180664, CeVa: 2.5279181003570557
Epoch: 92, AccTr: 0.8112000226974487, AccVa: 0.809499979019165, CeTr: 2.239305019378662, CeVa: 2.40285062789917
Epoch: 93, AccTr: 0.8033999800682068, AccVa: 0.7864999771118164, CeTr: 2.3825440406799316, CeVa: 2.546703577041626
Epoch: 94, AccTr: 0.8050000071525574, AccVa: 0.7940000295639038, CeTr: 2.3148491382598877, CeVa: 2.4272024631500244
Epoch: 95, AccTr: 0.8072999715805054, AccVa: 0.8034999966621399, CeTr: 2.297691822052002, CeVa: 2.2224082946777344
ENSEMBLE | Tr_Acc: 0.8885999917984009, Tr_CE: 1.2235006093978882, Va_Acc: 0.8849999904632568, Va_CE: 1.275087594985962
Epoch: 96, AccTr: 0.8115000128746033, AccVa: 0.7894999980926514, CeTr: 2.262687921524048, CeVa: 2.3549551963806152
Epoch: 97, AccTr: 0.8094000220298767, AccVa: 0.8009999990463257, CeTr: 2.3492789268493652, CeVa: 2.397489309310913
Epoch: 98, AccTr: 0.8036999702453613, AccVa: 0.7829999923706055, CeTr: 2.4454665184020996, CeVa: 2.4544715881347656
Epoch: 99, AccTr: 0.8188999891281128, AccVa: 0.8169999718666077, CeTr: 2.293081045150757, CeVa: 2.3576483726501465
Epoch: 100, AccTr: 0.8140000104904175, AccVa: 0.8054999709129333, CeTr: 2.294813632965088, CeVa: 2.404836654663086
ENSEMBLE | Tr_Acc: 0.8885999917984009, Tr_CE: 1.2215698957443237, Va_Acc: 0.8824999928474426, Va_CE: 1.2698674201965332
Epoch: 101, AccTr: 0.8212000131607056, AccVa: 0.8040000200271606, CeTr: 2.2284483909606934, CeVa: 2.372667074203491
Epoch: 102, AccTr: 0.8082000017166138, AccVa: 0.7850000262260437, CeTr: 2.373980760574341, CeVa: 2.551987409591675
Epoch: 103, AccTr: 0.805899977684021, AccVa: 0.8034999966621399, CeTr: 2.2508668899536133, CeVa: 2.3651578426361084
Epoch: 104, AccTr: 0.8101999759674072, AccVa: 0.8059999942779541, CeTr: 2.281540632247925, CeVa: 2.2541253566741943
Epoch: 105, AccTr: 0.8112999796867371, AccVa: 0.8034999966621399, CeTr: 2.2583730220794678, CeVa: 2.3575406074523926
ENSEMBLE | Tr_Acc: 0.8888999819755554, Tr_CE: 1.214418888092041, Va_Acc: 0.8840000033378601, Va_CE: 1.2634291648864746
Epoch: 106, AccTr: 0.8023999929428101, AccVa: 0.800000011920929, CeTr: 2.43855881690979, CeVa: 2.484119176864624
Epoch: 107, AccTr: 0.8123000264167786, AccVa: 0.8080000281333923, CeTr: 2.228630781173706, CeVa: 2.2269704341888428
Epoch: 108, AccTr: 0.8177000284194946, AccVa: 0.800000011920929, CeTr: 2.31607723236084, CeVa: 2.3656108379364014
Epoch: 109, AccTr: 0.8111000061035156, AccVa: 0.7944999933242798, CeTr: 2.3724286556243896, CeVa: 2.5473735332489014
Epoch: 110, AccTr: 0.8070999979972839, AccVa: 0.8004999756813049, CeTr: 2.3235507011413574, CeVa: 2.543269634246826
ENSEMBLE | Tr_Acc: 0.8899000287055969, Tr_CE: 1.212470293045044, Va_Acc: 0.8840000033378601, Va_CE: 1.2651938199996948
Epoch: 111, AccTr: 0.8198999762535095, AccVa: 0.8119999766349792, CeTr: 2.2480366230010986, CeVa: 2.3265435695648193
Epoch: 112, AccTr: 0.8127999901771545, AccVa: 0.8100000023841858, CeTr: 2.306502342224121, CeVa: 2.4417779445648193
Epoch: 113, AccTr: 0.8108999729156494, AccVa: 0.7919999957084656, CeTr: 2.410620927810669, CeVa: 2.509267568588257
Epoch: 114, AccTr: 0.8033000230789185, AccVa: 0.8144999742507935, CeTr: 2.4258153438568115, CeVa: 2.3423573970794678
Epoch: 115, AccTr: 0.8097000122070312, AccVa: 0.8025000095367432, CeTr: 2.360610246658325, CeVa: 2.423302173614502
ENSEMBLE | Tr_Acc: 0.8902000188827515, Tr_CE: 1.2105963230133057, Va_Acc: 0.8870000243186951, Va_CE: 1.2613115310668945
Epoch: 116, AccTr: 0.814300000667572, AccVa: 0.7929999828338623, CeTr: 2.388925790786743, CeVa: 2.5998475551605225
Epoch: 117, AccTr: 0.8145999908447266, AccVa: 0.8065000176429749, CeTr: 2.3854892253875732, CeVa: 2.3912391662597656
Epoch: 118, AccTr: 0.8129000067710876, AccVa: 0.8034999966621399, CeTr: 2.4220528602600098, CeVa: 2.691176652908325
Epoch: 119, AccTr: 0.8120999932289124, AccVa: 0.8105000257492065, CeTr: 2.436174154281616, CeVa: 2.3208084106445312
Epoch: 120, AccTr: 0.8105999827384949, AccVa: 0.8105000257492065, CeTr: 2.434528112411499, CeVa: 2.456249952316284
ENSEMBLE | Tr_Acc: 0.8899999856948853, Tr_CE: 1.2141813039779663, Va_Acc: 0.8880000114440918, Va_CE: 1.2658190727233887
Epoch: 121, AccTr: 0.8097000122070312, AccVa: 0.7994999885559082, CeTr: 2.360790729522705, CeVa: 2.376708984375
Epoch: 122, AccTr: 0.8014000058174133, AccVa: 0.7940000295639038, CeTr: 2.466010570526123, CeVa: 2.6440892219543457
Epoch: 123, AccTr: 0.810699999332428, AccVa: 0.8100000023841858, CeTr: 2.2315831184387207, CeVa: 2.378509759902954
Epoch: 124, AccTr: 0.807699978351593, AccVa: 0.8069999814033508, CeTr: 2.3206417560577393, CeVa: 2.1768956184387207
Epoch: 125, AccTr: 0.810699999332428, AccVa: 0.8134999871253967, CeTr: 2.3040668964385986, CeVa: 2.180828094482422
ENSEMBLE | Tr_Acc: 0.890999972820282, Tr_CE: 1.2114557027816772, Va_Acc: 0.8884999752044678, Va_CE: 1.2549402713775635
Epoch: 126, AccTr: 0.8112000226974487, AccVa: 0.8105000257492065, CeTr: 2.283656597137451, CeVa: 2.369387149810791
Epoch: 127, AccTr: 0.8156999945640564, AccVa: 0.8084999918937683, CeTr: 2.2821407318115234, CeVa: 2.3796420097351074
Epoch: 128, AccTr: 0.8125, AccVa: 0.7975000143051147, CeTr: 2.3477487564086914, CeVa: 2.618455171585083
Epoch: 129, AccTr: 0.8133000135421753, AccVa: 0.8019999861717224, CeTr: 2.315049171447754, CeVa: 2.6028692722320557
Epoch: 130, AccTr: 0.8173999786376953, AccVa: 0.7960000038146973, CeTr: 2.2034528255462646, CeVa: 2.3452837467193604
ENSEMBLE | Tr_Acc: 0.8920000195503235, Tr_CE: 1.2046840190887451, Va_Acc: 0.8870000243186951, Va_CE: 1.2527602910995483
Epoch: 131, AccTr: 0.8108999729156494, AccVa: 0.7994999885559082, CeTr: 2.2464799880981445, CeVa: 2.440532922744751
Epoch: 132, AccTr: 0.8202000260353088, AccVa: 0.8059999942779541, CeTr: 2.2610909938812256, CeVa: 2.4437711238861084
Epoch: 133, AccTr: 0.8046000003814697, AccVa: 0.7914999723434448, CeTr: 2.373685121536255, CeVa: 2.5907466411590576
Epoch: 134, AccTr: 0.8152999877929688, AccVa: 0.7990000247955322, CeTr: 2.428696393966675, CeVa: 2.506659746170044
Epoch: 135, AccTr: 0.8144000172615051, AccVa: 0.8040000200271606, CeTr: 2.3789587020874023, CeVa: 2.3771865367889404
ENSEMBLE | Tr_Acc: 0.892300009727478, Tr_CE: 1.2042509317398071, Va_Acc: 0.8855000138282776, Va_CE: 1.25395929813385
Epoch: 136, AccTr: 0.8061000108718872, AccVa: 0.7990000247955322, CeTr: 2.3938801288604736, CeVa: 2.4619128704071045
Epoch: 137, AccTr: 0.8144000172615051, AccVa: 0.8004999756813049, CeTr: 2.2507855892181396, CeVa: 2.453214168548584
Epoch: 138, AccTr: 0.8184000253677368, AccVa: 0.8180000185966492, CeTr: 2.186923027038574, CeVa: 2.363187313079834
Epoch: 139, AccTr: 0.819599986076355, AccVa: 0.8059999942779541, CeTr: 2.2777066230773926, CeVa: 2.376516580581665
Epoch: 140, AccTr: 0.8248999714851379, AccVa: 0.8144999742507935, CeTr: 2.241849899291992, CeVa: 2.3034136295318604
ENSEMBLE | Tr_Acc: 0.8925999999046326, Tr_CE: 1.2008172273635864, Va_Acc: 0.8830000162124634, Va_CE: 1.2518197298049927
Epoch: 141, AccTr: 0.8162000179290771, AccVa: 0.8115000128746033, CeTr: 2.3943426609039307, CeVa: 2.399860143661499
Epoch: 142, AccTr: 0.8126000165939331, AccVa: 0.8134999871253967, CeTr: 2.455874443054199, CeVa: 2.4966342449188232
Epoch: 143, AccTr: 0.8188999891281128, AccVa: 0.8144999742507935, CeTr: 2.3736412525177, CeVa: 2.4917047023773193
Epoch: 144, AccTr: 0.8166999816894531, AccVa: 0.8084999918937683, CeTr: 2.3654682636260986, CeVa: 2.472869396209717
Epoch: 145, AccTr: 0.8151000142097473, AccVa: 0.8115000128746033, CeTr: 2.2724013328552246, CeVa: 2.524240732192993
ENSEMBLE | Tr_Acc: 0.8924000263214111, Tr_CE: 1.1967535018920898, Va_Acc: 0.8845000267028809, Va_CE: 1.2526443004608154
Epoch: 146, AccTr: 0.8152999877929688, AccVa: 0.8109999895095825, CeTr: 2.3584144115448, CeVa: 2.4029393196105957
Epoch: 147, AccTr: 0.8162000179290771, AccVa: 0.8040000200271606, CeTr: 2.296375274658203, CeVa: 2.4720206260681152
Epoch: 148, AccTr: 0.8237000107765198, AccVa: 0.7954999804496765, CeTr: 2.31174373626709, CeVa: 2.5361788272857666
Epoch: 149, AccTr: 0.8216999769210815, AccVa: 0.8165000081062317, CeTr: 2.313734531402588, CeVa: 2.4353256225585938
Epoch: 150, AccTr: 0.8263999819755554, AccVa: 0.8209999799728394, CeTr: 2.3249363899230957, CeVa: 2.5310847759246826
ENSEMBLE | Tr_Acc: 0.8935999870300293, Tr_CE: 1.19748854637146, Va_Acc: 0.8899999856948853, Va_CE: 1.262548565864563
NN CONFIG
Weight-type:		binary
Layout									Layer #1: 280	Layer #2: 200	
Activation Functions					Layer #1: bs	Layer #2: bs	
Keep probabilities		Layer #0: 1.0	Layer #1: 1.0	Layer #2: 1.0	
Flat factors							Layer #1: 1.0	Layer #2: 1.0	Layer #3: 1.0	
Activation Noise						Layer #1: 1.1	Layer #2: 1.1	Layer #3: 0.0	
Prior: 0.7

===================================

RUN CONFIG
Epochs: 150, Blocksize: 8

===================================

Input binarization: False
Epoch: 1, AccTr: 0.8895000219345093, AccVa: 0.8805000185966492, CeTr: 1.6410859823226929, CeVa: 2.0643534660339355
Epoch: 2, AccTr: 0.8677999973297119, AccVa: 0.8610000014305115, CeTr: 1.9482890367507935, CeVa: 2.1740381717681885
Epoch: 3, AccTr: 0.8560000061988831, AccVa: 0.8569999933242798, CeTr: 2.0097403526306152, CeVa: 2.003112554550171
Epoch: 4, AccTr: 0.8432000279426575, AccVa: 0.8370000123977661, CeTr: 2.155776262283325, CeVa: 2.30796480178833
Epoch: 5, AccTr: 0.8389000296592712, AccVa: 0.8504999876022339, CeTr: 2.258448362350464, CeVa: 2.1939446926116943
Epoch: 6, AccTr: 0.8356000185012817, AccVa: 0.8385000228881836, CeTr: 2.2605807781219482, CeVa: 2.2004194259643555
Epoch: 7, AccTr: 0.8360000252723694, AccVa: 0.8385000228881836, CeTr: 2.1108930110931396, CeVa: 2.0365066528320312
Epoch: 8, AccTr: 0.8410999774932861, AccVa: 0.8355000019073486, CeTr: 2.1348190307617188, CeVa: 2.044243574142456
Epoch: 9, AccTr: 0.8245999813079834, AccVa: 0.824999988079071, CeTr: 2.3424344062805176, CeVa: 2.2998902797698975
Epoch: 10, AccTr: 0.8309000134468079, AccVa: 0.8209999799728394, CeTr: 2.307711601257324, CeVa: 2.2894179821014404
Epoch: 11, AccTr: 0.8299000263214111, AccVa: 0.8149999976158142, CeTr: 2.1977484226226807, CeVa: 2.343524217605591
Epoch: 12, AccTr: 0.8234999775886536, AccVa: 0.8220000267028809, CeTr: 2.2188615798950195, CeVa: 2.2948102951049805
Epoch: 13, AccTr: 0.82669997215271, AccVa: 0.8165000081062317, CeTr: 2.2812299728393555, CeVa: 2.4876322746276855
Epoch: 14, AccTr: 0.8310999870300293, AccVa: 0.8309999704360962, CeTr: 2.3031344413757324, CeVa: 2.34944486618042
Epoch: 15, AccTr: 0.8312000036239624, AccVa: 0.8245000243186951, CeTr: 2.2974154949188232, CeVa: 2.308526039123535
Epoch: 16, AccTr: 0.8191999793052673, AccVa: 0.8065000176429749, CeTr: 2.4240739345550537, CeVa: 2.47528076171875
Epoch: 17, AccTr: 0.8198000192642212, AccVa: 0.8240000009536743, CeTr: 2.329841375350952, CeVa: 2.1664280891418457
Epoch: 18, AccTr: 0.8187000155448914, AccVa: 0.8140000104904175, CeTr: 2.2769081592559814, CeVa: 2.143734931945801
Epoch: 19, AccTr: 0.8256000280380249, AccVa: 0.8125, CeTr: 2.1581809520721436, CeVa: 2.3595855236053467
Epoch: 20, AccTr: 0.8180000185966492, AccVa: 0.8065000176429749, CeTr: 2.3036251068115234, CeVa: 2.4839980602264404
Epoch: 21, AccTr: 0.8187999725341797, AccVa: 0.7935000061988831, CeTr: 2.3069915771484375, CeVa: 2.500476837158203
Epoch: 22, AccTr: 0.8188999891281128, AccVa: 0.8125, CeTr: 2.2870445251464844, CeVa: 2.2177393436431885
Epoch: 23, AccTr: 0.8233000040054321, AccVa: 0.8169999718666077, CeTr: 2.2905304431915283, CeVa: 2.3710782527923584
Epoch: 24, AccTr: 0.8220999836921692, AccVa: 0.8065000176429749, CeTr: 2.2059669494628906, CeVa: 2.3086092472076416
Epoch: 25, AccTr: 0.8202000260353088, AccVa: 0.8140000104904175, CeTr: 2.304642677307129, CeVa: 2.3492045402526855
Epoch: 26, AccTr: 0.817799985408783, AccVa: 0.8034999966621399, CeTr: 2.2793586254119873, CeVa: 2.522027015686035
Epoch: 27, AccTr: 0.8176000118255615, AccVa: 0.8025000095367432, CeTr: 2.3224692344665527, CeVa: 2.4017865657806396
Epoch: 28, AccTr: 0.8195000290870667, AccVa: 0.8105000257492065, CeTr: 2.3352553844451904, CeVa: 2.2910842895507812
Epoch: 29, AccTr: 0.8083999752998352, AccVa: 0.8050000071525574, CeTr: 2.280784845352173, CeVa: 2.384873628616333
Epoch: 30, AccTr: 0.8273000121116638, AccVa: 0.8209999799728394, CeTr: 2.20342755317688, CeVa: 2.091378688812256
ENSEMBLE | Tr_Acc: 0.8273000121116638, Tr_CE: 2.20342755317688, Va_Acc: 0.8209999799728394, Va_CE: 2.091378688812256
Epoch: 31, AccTr: 0.8070999979972839, AccVa: 0.8015000224113464, CeTr: 2.4325602054595947, CeVa: 2.4934568405151367
Epoch: 32, AccTr: 0.8112000226974487, AccVa: 0.8044999837875366, CeTr: 2.277428150177002, CeVa: 2.437347173690796
Epoch: 33, AccTr: 0.8167999982833862, AccVa: 0.7925000190734863, CeTr: 2.322648286819458, CeVa: 2.3974087238311768
Epoch: 34, AccTr: 0.8120999932289124, AccVa: 0.815500020980835, CeTr: 2.299271821975708, CeVa: 2.460228443145752
Epoch: 35, AccTr: 0.8167999982833862, AccVa: 0.8075000047683716, CeTr: 2.263472557067871, CeVa: 2.4810574054718018
ENSEMBLE | Tr_Acc: 0.8554999828338623, Tr_CE: 1.635565996170044, Va_Acc: 0.8500000238418579, Va_CE: 1.684421181678772
Epoch: 36, AccTr: 0.817799985408783, AccVa: 0.8054999709129333, CeTr: 2.1798946857452393, CeVa: 2.3905744552612305
Epoch: 37, AccTr: 0.8256999850273132, AccVa: 0.8019999861717224, CeTr: 2.250993013381958, CeVa: 2.396113872528076
Epoch: 38, AccTr: 0.8224999904632568, AccVa: 0.8274999856948853, CeTr: 2.219888687133789, CeVa: 2.227140426635742
Epoch: 39, AccTr: 0.816100001335144, AccVa: 0.8069999814033508, CeTr: 2.2358429431915283, CeVa: 2.481868267059326
Epoch: 40, AccTr: 0.817300021648407, AccVa: 0.8084999918937683, CeTr: 2.3766043186187744, CeVa: 2.3746628761291504
ENSEMBLE | Tr_Acc: 0.8694999814033508, Tr_CE: 1.4950906038284302, Va_Acc: 0.8610000014305115, Va_CE: 1.5256835222244263
Epoch: 41, AccTr: 0.8148000240325928, AccVa: 0.8069999814033508, CeTr: 2.344538927078247, CeVa: 2.3404805660247803
Epoch: 42, AccTr: 0.816100001335144, AccVa: 0.8034999966621399, CeTr: 2.2240920066833496, CeVa: 2.533266544342041
Epoch: 43, AccTr: 0.8185999989509583, AccVa: 0.8069999814033508, CeTr: 2.226205587387085, CeVa: 2.362309217453003
Epoch: 44, AccTr: 0.8184999823570251, AccVa: 0.8025000095367432, CeTr: 2.1909618377685547, CeVa: 2.426683187484741
Epoch: 45, AccTr: 0.8179000020027161, AccVa: 0.8050000071525574, CeTr: 2.2267966270446777, CeVa: 2.305715322494507
ENSEMBLE | Tr_Acc: 0.8740000128746033, Tr_CE: 1.3912101984024048, Va_Acc: 0.8610000014305115, Va_CE: 1.438581109046936
Epoch: 46, AccTr: 0.8256999850273132, AccVa: 0.8205000162124634, CeTr: 2.265903949737549, CeVa: 2.296565055847168
Epoch: 47, AccTr: 0.8100000023841858, AccVa: 0.7944999933242798, CeTr: 2.2051784992218018, CeVa: 2.4976553916931152
Epoch: 48, AccTr: 0.8230000138282776, AccVa: 0.8125, CeTr: 2.1522738933563232, CeVa: 2.1726362705230713
Epoch: 49, AccTr: 0.8165000081062317, AccVa: 0.8180000185966492, CeTr: 2.239370346069336, CeVa: 2.3393747806549072
Epoch: 50, AccTr: 0.8170999884605408, AccVa: 0.815500020980835, CeTr: 2.158252000808716, CeVa: 2.337846040725708
ENSEMBLE | Tr_Acc: 0.8766999840736389, Tr_CE: 1.3228180408477783, Va_Acc: 0.8715000152587891, Va_CE: 1.3782634735107422
Epoch: 51, AccTr: 0.8138999938964844, AccVa: 0.8075000047683716, CeTr: 2.3690712451934814, CeVa: 2.4342830181121826
Epoch: 52, AccTr: 0.807699978351593, AccVa: 0.8125, CeTr: 2.357921600341797, CeVa: 2.441068410873413
Epoch: 53, AccTr: 0.8166000247001648, AccVa: 0.8054999709129333, CeTr: 2.2060093879699707, CeVa: 2.4826037883758545
Epoch: 54, AccTr: 0.8148000240325928, AccVa: 0.8075000047683716, CeTr: 2.1613245010375977, CeVa: 2.2643980979919434
Epoch: 55, AccTr: 0.8098999857902527, AccVa: 0.7914999723434448, CeTr: 2.2580959796905518, CeVa: 2.4934253692626953
ENSEMBLE | Tr_Acc: 0.8801000118255615, Tr_CE: 1.2886849641799927, Va_Acc: 0.8725000023841858, Va_CE: 1.3490815162658691
Epoch: 56, AccTr: 0.8141999840736389, AccVa: 0.8050000071525574, CeTr: 2.223607063293457, CeVa: 2.283668041229248
Epoch: 57, AccTr: 0.8145999908447266, AccVa: 0.8054999709129333, CeTr: 2.170708656311035, CeVa: 2.193575143814087
Epoch: 58, AccTr: 0.816100001335144, AccVa: 0.8059999942779541, CeTr: 2.150485038757324, CeVa: 2.344566822052002
Epoch: 59, AccTr: 0.7990999817848206, AccVa: 0.784500002861023, CeTr: 2.400646209716797, CeVa: 2.618635654449463
Epoch: 60, AccTr: 0.805400013923645, AccVa: 0.7860000133514404, CeTr: 2.2687668800354004, CeVa: 2.419579267501831
ENSEMBLE | Tr_Acc: 0.8820000290870667, Tr_CE: 1.269311547279358, Va_Acc: 0.8734999895095825, Va_CE: 1.323152780532837
Epoch: 61, AccTr: 0.8102999925613403, AccVa: 0.7894999980926514, CeTr: 2.2804081439971924, CeVa: 2.4201128482818604
Epoch: 62, AccTr: 0.8126000165939331, AccVa: 0.8009999990463257, CeTr: 2.230015277862549, CeVa: 2.227405309677124
Epoch: 63, AccTr: 0.8162000179290771, AccVa: 0.8015000224113464, CeTr: 2.196657180786133, CeVa: 2.3064165115356445
Epoch: 64, AccTr: 0.8127999901771545, AccVa: 0.7940000295639038, CeTr: 2.163214921951294, CeVa: 2.473724842071533
Epoch: 65, AccTr: 0.8126000165939331, AccVa: 0.8029999732971191, CeTr: 2.1550354957580566, CeVa: 2.2114481925964355
ENSEMBLE | Tr_Acc: 0.8848999738693237, Tr_CE: 1.2429835796356201, Va_Acc: 0.8774999976158142, Va_CE: 1.2934578657150269
Epoch: 66, AccTr: 0.8206999897956848, AccVa: 0.8004999756813049, CeTr: 2.0182130336761475, CeVa: 2.2445309162139893
Epoch: 67, AccTr: 0.8172000050544739, AccVa: 0.8050000071525574, CeTr: 2.1402320861816406, CeVa: 2.231696128845215
Epoch: 68, AccTr: 0.8141999840736389, AccVa: 0.8090000152587891, CeTr: 2.184903621673584, CeVa: 2.2448136806488037
Epoch: 69, AccTr: 0.8119000196456909, AccVa: 0.7919999957084656, CeTr: 2.191495656967163, CeVa: 2.3574774265289307
Epoch: 70, AccTr: 0.8112000226974487, AccVa: 0.7944999933242798, CeTr: 2.1711177825927734, CeVa: 2.4454965591430664
ENSEMBLE | Tr_Acc: 0.8859000205993652, Tr_CE: 1.224401831626892, Va_Acc: 0.8759999871253967, Va_CE: 1.2929126024246216
Epoch: 71, AccTr: 0.8174999952316284, AccVa: 0.8144999742507935, CeTr: 2.1576178073883057, CeVa: 2.355994939804077
Epoch: 72, AccTr: 0.8210999965667725, AccVa: 0.796500027179718, CeTr: 2.09319806098938, CeVa: 2.5378496646881104
Epoch: 73, AccTr: 0.8226000070571899, AccVa: 0.8100000023841858, CeTr: 2.026873826980591, CeVa: 2.228557825088501
Epoch: 74, AccTr: 0.823199987411499, AccVa: 0.8180000185966492, CeTr: 2.065106153488159, CeVa: 2.3046038150787354
Epoch: 75, AccTr: 0.8162000179290771, AccVa: 0.8149999976158142, CeTr: 2.2043538093566895, CeVa: 2.24001407623291
ENSEMBLE | Tr_Acc: 0.8845000267028809, Tr_CE: 1.2105413675308228, Va_Acc: 0.875, Va_CE: 1.2654949426651
Epoch: 76, AccTr: 0.8203999996185303, AccVa: 0.8115000128746033, CeTr: 2.1780216693878174, CeVa: 2.2124643325805664
Epoch: 77, AccTr: 0.8131999969482422, AccVa: 0.800000011920929, CeTr: 2.1526131629943848, CeVa: 2.3514394760131836
Epoch: 78, AccTr: 0.819100022315979, AccVa: 0.8069999814033508, CeTr: 2.0951309204101562, CeVa: 2.27752685546875
Epoch: 79, AccTr: 0.8222000002861023, AccVa: 0.8044999837875366, CeTr: 2.151294231414795, CeVa: 2.36025333404541
Epoch: 80, AccTr: 0.8131999969482422, AccVa: 0.8054999709129333, CeTr: 2.1612513065338135, CeVa: 2.244008779525757
ENSEMBLE | Tr_Acc: 0.8834999799728394, Tr_CE: 1.1989036798477173, Va_Acc: 0.8824999928474426, Va_CE: 1.2485907077789307
Epoch: 81, AccTr: 0.8165000081062317, AccVa: 0.8065000176429749, CeTr: 2.1012914180755615, CeVa: 2.2982733249664307
Epoch: 82, AccTr: 0.8091999888420105, AccVa: 0.8015000224113464, CeTr: 2.1490893363952637, CeVa: 2.2288520336151123
Epoch: 83, AccTr: 0.8174999952316284, AccVa: 0.7979999780654907, CeTr: 2.0963356494903564, CeVa: 2.1341967582702637
Epoch: 84, AccTr: 0.8101000189781189, AccVa: 0.7990000247955322, CeTr: 2.1237728595733643, CeVa: 2.3032360076904297
Epoch: 85, AccTr: 0.8174999952316284, AccVa: 0.8075000047683716, CeTr: 2.1894569396972656, CeVa: 2.40139102935791
ENSEMBLE | Tr_Acc: 0.8840000033378601, Tr_CE: 1.1954654455184937, Va_Acc: 0.8840000033378601, Va_CE: 1.24953293800354
Epoch: 86, AccTr: 0.8169999718666077, AccVa: 0.8054999709129333, CeTr: 2.1926233768463135, CeVa: 2.3412179946899414
Epoch: 87, AccTr: 0.8122000098228455, AccVa: 0.8040000200271606, CeTr: 2.3057007789611816, CeVa: 2.388171434402466
Epoch: 88, AccTr: 0.8137000203132629, AccVa: 0.8220000267028809, CeTr: 2.3050920963287354, CeVa: 2.4380643367767334
Epoch: 89, AccTr: 0.8172000050544739, AccVa: 0.8044999837875366, CeTr: 2.2760000228881836, CeVa: 2.44921612739563
Epoch: 90, AccTr: 0.8144999742507935, AccVa: 0.8054999709129333, CeTr: 2.215268850326538, CeVa: 2.4856643676757812
ENSEMBLE | Tr_Acc: 0.885699987411499, Tr_CE: 1.1867632865905762, Va_Acc: 0.8815000057220459, Va_CE: 1.2554465532302856
Epoch: 91, AccTr: 0.8233000040054321, AccVa: 0.8199999928474426, CeTr: 2.160628080368042, CeVa: 2.1563239097595215
Epoch: 92, AccTr: 0.8222000002861023, AccVa: 0.8149999976158142, CeTr: 2.1904945373535156, CeVa: 2.1730546951293945
Epoch: 93, AccTr: 0.824999988079071, AccVa: 0.8184999823570251, CeTr: 2.1798956394195557, CeVa: 2.2187325954437256
Epoch: 94, AccTr: 0.8137999773025513, AccVa: 0.8090000152587891, CeTr: 2.246018648147583, CeVa: 2.321098566055298
Epoch: 95, AccTr: 0.8141999840736389, AccVa: 0.8034999966621399, CeTr: 2.2258381843566895, CeVa: 2.245678663253784
ENSEMBLE | Tr_Acc: 0.8855000138282776, Tr_CE: 1.1827592849731445, Va_Acc: 0.8840000033378601, Va_CE: 1.24663507938385
Epoch: 96, AccTr: 0.8144000172615051, AccVa: 0.800000011920929, CeTr: 2.2332656383514404, CeVa: 2.4721953868865967
Epoch: 97, AccTr: 0.8145999908447266, AccVa: 0.8050000071525574, CeTr: 2.2113966941833496, CeVa: 2.3665049076080322
Epoch: 98, AccTr: 0.8271999955177307, AccVa: 0.8184999823570251, CeTr: 2.0718772411346436, CeVa: 2.199216842651367
Epoch: 99, AccTr: 0.8184000253677368, AccVa: 0.8165000081062317, CeTr: 2.115600109100342, CeVa: 2.127349376678467
Epoch: 100, AccTr: 0.8111000061035156, AccVa: 0.809499979019165, CeTr: 2.2157788276672363, CeVa: 2.2993037700653076
ENSEMBLE | Tr_Acc: 0.8859999775886536, Tr_CE: 1.1767590045928955, Va_Acc: 0.8809999823570251, Va_CE: 1.2305703163146973
Epoch: 101, AccTr: 0.8101999759674072, AccVa: 0.8084999918937683, CeTr: 2.141613006591797, CeVa: 2.0778629779815674
Epoch: 102, AccTr: 0.8055999875068665, AccVa: 0.7975000143051147, CeTr: 2.214665174484253, CeVa: 2.381598711013794
Epoch: 103, AccTr: 0.8112000226974487, AccVa: 0.7914999723434448, CeTr: 2.2510182857513428, CeVa: 2.4986984729766846
Epoch: 104, AccTr: 0.8166999816894531, AccVa: 0.796999990940094, CeTr: 2.1657214164733887, CeVa: 2.3886735439300537
Epoch: 105, AccTr: 0.819599986076355, AccVa: 0.8015000224113464, CeTr: 2.135631561279297, CeVa: 2.232326030731201
ENSEMBLE | Tr_Acc: 0.8867999911308289, Tr_CE: 1.1697741746902466, Va_Acc: 0.8840000033378601, Va_CE: 1.216444492340088
Epoch: 106, AccTr: 0.8166000247001648, AccVa: 0.8134999871253967, CeTr: 2.2194225788116455, CeVa: 2.3917245864868164
Epoch: 107, AccTr: 0.8216000199317932, AccVa: 0.8169999718666077, CeTr: 2.2253148555755615, CeVa: 2.302518129348755
Epoch: 108, AccTr: 0.8246999979019165, AccVa: 0.7979999780654907, CeTr: 2.190626621246338, CeVa: 2.319516897201538
Epoch: 109, AccTr: 0.8039000034332275, AccVa: 0.7975000143051147, CeTr: 2.298044443130493, CeVa: 2.314042806625366
Epoch: 110, AccTr: 0.8159000277519226, AccVa: 0.7860000133514404, CeTr: 2.260615348815918, CeVa: 2.455595016479492
ENSEMBLE | Tr_Acc: 0.8873999714851379, Tr_CE: 1.1703574657440186, Va_Acc: 0.8845000267028809, Va_CE: 1.2160253524780273
Epoch: 111, AccTr: 0.8058000206947327, AccVa: 0.8125, CeTr: 2.4026832580566406, CeVa: 2.3981051445007324
Epoch: 112, AccTr: 0.8223000168800354, AccVa: 0.8140000104904175, CeTr: 2.1658389568328857, CeVa: 2.1126270294189453
Epoch: 113, AccTr: 0.819599986076355, AccVa: 0.7979999780654907, CeTr: 2.1687331199645996, CeVa: 2.3635456562042236
Epoch: 114, AccTr: 0.8080999851226807, AccVa: 0.7850000262260437, CeTr: 2.311671018600464, CeVa: 2.587364912033081
Epoch: 115, AccTr: 0.8137999773025513, AccVa: 0.8029999732971191, CeTr: 2.2577590942382812, CeVa: 2.3125007152557373
ENSEMBLE | Tr_Acc: 0.8870000243186951, Tr_CE: 1.1683281660079956, Va_Acc: 0.8845000267028809, Va_CE: 1.2127695083618164
Epoch: 116, AccTr: 0.8083999752998352, AccVa: 0.7960000038146973, CeTr: 2.290978193283081, CeVa: 2.5972814559936523
Epoch: 117, AccTr: 0.8095999956130981, AccVa: 0.8019999861717224, CeTr: 2.267167329788208, CeVa: 2.273655652999878
Epoch: 118, AccTr: 0.809499979019165, AccVa: 0.7990000247955322, CeTr: 2.209526300430298, CeVa: 2.2444300651550293
Epoch: 119, AccTr: 0.8129000067710876, AccVa: 0.7919999957084656, CeTr: 2.0778379440307617, CeVa: 2.3357982635498047
Epoch: 120, AccTr: 0.8159999847412109, AccVa: 0.7935000061988831, CeTr: 2.099759340286255, CeVa: 2.395127296447754
ENSEMBLE | Tr_Acc: 0.8873999714851379, Tr_CE: 1.1608840227127075, Va_Acc: 0.8855000138282776, Va_CE: 1.2051758766174316
Epoch: 121, AccTr: 0.8073999881744385, AccVa: 0.784500002861023, CeTr: 2.19211483001709, CeVa: 2.3447396755218506
Epoch: 122, AccTr: 0.8140000104904175, AccVa: 0.8100000023841858, CeTr: 2.07305908203125, CeVa: 2.1480231285095215
Epoch: 123, AccTr: 0.8118000030517578, AccVa: 0.8025000095367432, CeTr: 2.1304516792297363, CeVa: 2.1737847328186035
Epoch: 124, AccTr: 0.8220000267028809, AccVa: 0.8125, CeTr: 2.037303924560547, CeVa: 2.2497670650482178
Epoch: 125, AccTr: 0.8118000030517578, AccVa: 0.8004999756813049, CeTr: 2.260802745819092, CeVa: 2.3482866287231445
ENSEMBLE | Tr_Acc: 0.8870000243186951, Tr_CE: 1.1594823598861694, Va_Acc: 0.8845000267028809, Va_CE: 1.2021777629852295
Epoch: 126, AccTr: 0.8141000270843506, AccVa: 0.7914999723434448, CeTr: 2.236652374267578, CeVa: 2.4317574501037598
Epoch: 127, AccTr: 0.8194000124931335, AccVa: 0.8019999861717224, CeTr: 2.1357312202453613, CeVa: 2.290212631225586
Epoch: 128, AccTr: 0.8169999718666077, AccVa: 0.8125, CeTr: 2.117733955383301, CeVa: 2.201132297515869
Epoch: 129, AccTr: 0.8251000046730042, AccVa: 0.8230000138282776, CeTr: 2.025864362716675, CeVa: 2.179222822189331
Epoch: 130, AccTr: 0.8108000159263611, AccVa: 0.8130000233650208, CeTr: 2.209052562713623, CeVa: 2.000714063644409
ENSEMBLE | Tr_Acc: 0.8871999979019165, Tr_CE: 1.1552605628967285, Va_Acc: 0.8889999985694885, Va_CE: 1.187597632408142
Epoch: 131, AccTr: 0.8112999796867371, AccVa: 0.8004999756813049, CeTr: 2.252269983291626, CeVa: 2.2113778591156006
Epoch: 132, AccTr: 0.8115000128746033, AccVa: 0.8090000152587891, CeTr: 2.223752021789551, CeVa: 2.208845615386963
Epoch: 133, AccTr: 0.8086000084877014, AccVa: 0.7804999947547913, CeTr: 2.306053400039673, CeVa: 2.573410749435425
Epoch: 134, AccTr: 0.8151000142097473, AccVa: 0.8115000128746033, CeTr: 2.209256410598755, CeVa: 2.228172779083252
Epoch: 135, AccTr: 0.8223999738693237, AccVa: 0.8190000057220459, CeTr: 2.110602855682373, CeVa: 2.1996281147003174
ENSEMBLE | Tr_Acc: 0.8884000182151794, Tr_CE: 1.149807333946228, Va_Acc: 0.8889999985694885, Va_CE: 1.183897614479065
Epoch: 136, AccTr: 0.8159000277519226, AccVa: 0.8119999766349792, CeTr: 2.2356536388397217, CeVa: 2.202211380004883
Epoch: 137, AccTr: 0.8080000281333923, AccVa: 0.7985000014305115, CeTr: 2.290064811706543, CeVa: 2.361926555633545
Epoch: 138, AccTr: 0.8097000122070312, AccVa: 0.8125, CeTr: 2.272615909576416, CeVa: 2.2413713932037354
Epoch: 139, AccTr: 0.8101999759674072, AccVa: 0.8040000200271606, CeTr: 2.195362091064453, CeVa: 2.4234797954559326
Epoch: 140, AccTr: 0.802299976348877, AccVa: 0.7940000295639038, CeTr: 2.355353832244873, CeVa: 2.4684996604919434
ENSEMBLE | Tr_Acc: 0.8888000249862671, Tr_CE: 1.149898886680603, Va_Acc: 0.8880000114440918, Va_CE: 1.1921625137329102
Epoch: 141, AccTr: 0.8026000261306763, AccVa: 0.8004999756813049, CeTr: 2.3178553581237793, CeVa: 2.4476730823516846
Epoch: 142, AccTr: 0.8166999816894531, AccVa: 0.7940000295639038, CeTr: 2.227919816970825, CeVa: 2.537594795227051
Epoch: 143, AccTr: 0.8173999786376953, AccVa: 0.8130000233650208, CeTr: 2.158905506134033, CeVa: 2.2056000232696533
Epoch: 144, AccTr: 0.819599986076355, AccVa: 0.8180000185966492, CeTr: 2.152120590209961, CeVa: 2.2041878700256348
Epoch: 145, AccTr: 0.8183000087738037, AccVa: 0.8220000267028809, CeTr: 2.1343395709991455, CeVa: 2.0541837215423584
ENSEMBLE | Tr_Acc: 0.8888000249862671, Tr_CE: 1.1446154117584229, Va_Acc: 0.887499988079071, Va_CE: 1.1881651878356934
Epoch: 146, AccTr: 0.8165000081062317, AccVa: 0.8019999861717224, CeTr: 2.1813347339630127, CeVa: 2.3132681846618652
Epoch: 147, AccTr: 0.8126000165939331, AccVa: 0.8105000257492065, CeTr: 2.2044758796691895, CeVa: 2.248898983001709
Epoch: 148, AccTr: 0.8076000213623047, AccVa: 0.7990000247955322, CeTr: 2.2229764461517334, CeVa: 2.43306565284729
Epoch: 149, AccTr: 0.8180000185966492, AccVa: 0.7925000190734863, CeTr: 2.1290462017059326, CeVa: 2.3161556720733643
Epoch: 150, AccTr: 0.8195000290870667, AccVa: 0.7990000247955322, CeTr: 2.117504596710205, CeVa: 2.3127858638763428
ENSEMBLE | Tr_Acc: 0.8899000287055969, Tr_CE: 1.1383566856384277, Va_Acc: 0.8880000114440918, Va_CE: 1.1899006366729736
Mod Accuracy || Mean: 0.8100000023841858	 Std: 0.010999977588653564
Ens Accuracy || Mean: 0.8889999985694885	 Std: 0.0009999871253967285
Mod CE || Mean: 2.4219353199005127	 Std: 0.10914945602416992
Ens CE || Mean: 1.226224660873413	 Std: 0.03632396459579468
