NN CONFIG
Weight-type:		binary
Layout									Layer #1: 280	Layer #2: 200	
Activation Functions					Layer #1: bs	Layer #2: bs	
Keep probabilities		Layer #0: 1.0	Layer #1: 1.0	Layer #2: 1.0	
Flat factors							Layer #1: 1.0	Layer #2: 1.0	Layer #3: 1.0	
Activation Noise						Layer #1: 0.9	Layer #2: 0.9	Layer #3: 0.0	
Prior: 0.7

===================================

RUN CONFIG
Epochs: 150, Blocksize: 8

===================================

Input binarization: False
Epoch: 1, AccTr: 0.9096999764442444, AccVa: 0.8945000171661377, CeTr: 1.1235268115997314, CeVa: 1.4869369268417358
Epoch: 2, AccTr: 0.8889999985694885, AccVa: 0.8610000014305115, CeTr: 1.469727873802185, CeVa: 2.0025057792663574
Epoch: 3, AccTr: 0.873199999332428, AccVa: 0.8565000295639038, CeTr: 1.7386945486068726, CeVa: 2.0218377113342285
Epoch: 4, AccTr: 0.8633999824523926, AccVa: 0.8489999771118164, CeTr: 1.7831730842590332, CeVa: 1.9091570377349854
Epoch: 5, AccTr: 0.8669000267982483, AccVa: 0.8460000157356262, CeTr: 1.7530022859573364, CeVa: 2.0934412479400635
Epoch: 6, AccTr: 0.8518999814987183, AccVa: 0.8330000042915344, CeTr: 1.9347444772720337, CeVa: 2.1555352210998535
Epoch: 7, AccTr: 0.8537999987602234, AccVa: 0.8349999785423279, CeTr: 1.8972128629684448, CeVa: 2.204364061355591
Epoch: 8, AccTr: 0.8500999808311462, AccVa: 0.8309999704360962, CeTr: 1.9596902132034302, CeVa: 2.04402232170105
Epoch: 9, AccTr: 0.8472999930381775, AccVa: 0.8339999914169312, CeTr: 1.92654550075531, CeVa: 2.328643560409546
Epoch: 10, AccTr: 0.8449000120162964, AccVa: 0.8234999775886536, CeTr: 1.9539134502410889, CeVa: 2.3028151988983154
Epoch: 11, AccTr: 0.849399983882904, AccVa: 0.8289999961853027, CeTr: 1.8597525358200073, CeVa: 2.241334915161133
Epoch: 12, AccTr: 0.8485000133514404, AccVa: 0.8355000019073486, CeTr: 1.9857431650161743, CeVa: 2.2570743560791016
Epoch: 13, AccTr: 0.8518999814987183, AccVa: 0.8240000009536743, CeTr: 1.8751049041748047, CeVa: 2.1008152961730957
Epoch: 14, AccTr: 0.8519999980926514, AccVa: 0.8370000123977661, CeTr: 1.936843752861023, CeVa: 2.1363565921783447
Epoch: 15, AccTr: 0.8442000150680542, AccVa: 0.8330000042915344, CeTr: 1.9719656705856323, CeVa: 2.1289472579956055
Epoch: 16, AccTr: 0.8468999862670898, AccVa: 0.8330000042915344, CeTr: 1.9437750577926636, CeVa: 2.164860725402832
Epoch: 17, AccTr: 0.847100019454956, AccVa: 0.8245000243186951, CeTr: 1.8452870845794678, CeVa: 2.098301887512207
Epoch: 18, AccTr: 0.8460999727249146, AccVa: 0.8420000076293945, CeTr: 1.939100742340088, CeVa: 2.015859603881836
Epoch: 19, AccTr: 0.8399999737739563, AccVa: 0.8295000195503235, CeTr: 2.0757133960723877, CeVa: 2.086388111114502
Epoch: 20, AccTr: 0.8310999870300293, AccVa: 0.8245000243186951, CeTr: 2.099249839782715, CeVa: 2.2356839179992676
Epoch: 21, AccTr: 0.8381999731063843, AccVa: 0.8289999961853027, CeTr: 2.085427761077881, CeVa: 2.132723093032837
Epoch: 22, AccTr: 0.8432999849319458, AccVa: 0.8314999938011169, CeTr: 2.006568670272827, CeVa: 2.1796939373016357
Epoch: 23, AccTr: 0.8363000154495239, AccVa: 0.8324999809265137, CeTr: 2.0060949325561523, CeVa: 2.043945074081421
Epoch: 24, AccTr: 0.8428000211715698, AccVa: 0.8299999833106995, CeTr: 1.9541425704956055, CeVa: 2.0283689498901367
Epoch: 25, AccTr: 0.8312000036239624, AccVa: 0.8274999856948853, CeTr: 2.0165631771087646, CeVa: 2.1579055786132812
Epoch: 26, AccTr: 0.8407999873161316, AccVa: 0.828000009059906, CeTr: 1.9202101230621338, CeVa: 1.9048516750335693
Epoch: 27, AccTr: 0.8371999859809875, AccVa: 0.8414999842643738, CeTr: 1.9430197477340698, CeVa: 2.0504567623138428
Epoch: 28, AccTr: 0.8367000222206116, AccVa: 0.8299999833106995, CeTr: 2.0128495693206787, CeVa: 2.255887985229492
Epoch: 29, AccTr: 0.8342999815940857, AccVa: 0.8349999785423279, CeTr: 2.086139440536499, CeVa: 2.15533709526062
Epoch: 30, AccTr: 0.8385000228881836, AccVa: 0.840499997138977, CeTr: 2.1061465740203857, CeVa: 1.9505932331085205
ENSEMBLE | Tr_Acc: 0.8385000228881836, Tr_CE: 2.1061465740203857, Va_Acc: 0.840499997138977, Va_CE: 1.9505932331085205
Epoch: 31, AccTr: 0.8371999859809875, AccVa: 0.8320000171661377, CeTr: 2.0191752910614014, CeVa: 2.203280210494995
Epoch: 32, AccTr: 0.8373000025749207, AccVa: 0.8270000219345093, CeTr: 1.9705452919006348, CeVa: 2.121169090270996
Epoch: 33, AccTr: 0.8416000008583069, AccVa: 0.8370000123977661, CeTr: 1.9233183860778809, CeVa: 1.9748598337173462
Epoch: 34, AccTr: 0.8410999774932861, AccVa: 0.8255000114440918, CeTr: 1.9333025217056274, CeVa: 2.1812021732330322
Epoch: 35, AccTr: 0.8325999975204468, AccVa: 0.8209999799728394, CeTr: 1.9494152069091797, CeVa: 2.1800026893615723
ENSEMBLE | Tr_Acc: 0.8733000159263611, Tr_CE: 1.4166783094406128, Va_Acc: 0.8694999814033508, Va_CE: 1.490838885307312
Epoch: 36, AccTr: 0.8295999765396118, AccVa: 0.824999988079071, CeTr: 2.119262218475342, CeVa: 2.1481661796569824
Epoch: 37, AccTr: 0.838699996471405, AccVa: 0.8364999890327454, CeTr: 2.000352621078491, CeVa: 1.8975238800048828
Epoch: 38, AccTr: 0.8396999835968018, AccVa: 0.8224999904632568, CeTr: 1.9876916408538818, CeVa: 2.1649537086486816
Epoch: 39, AccTr: 0.8367000222206116, AccVa: 0.8305000066757202, CeTr: 1.961261510848999, CeVa: 2.192279815673828
Epoch: 40, AccTr: 0.8300999999046326, AccVa: 0.8305000066757202, CeTr: 2.0620079040527344, CeVa: 2.0448567867279053
ENSEMBLE | Tr_Acc: 0.8813999891281128, Tr_CE: 1.2549803256988525, Va_Acc: 0.8830000162124634, Va_CE: 1.2611074447631836
Epoch: 41, AccTr: 0.8389999866485596, AccVa: 0.8395000100135803, CeTr: 2.066349506378174, CeVa: 2.0539968013763428
Epoch: 42, AccTr: 0.8327999711036682, AccVa: 0.8305000066757202, CeTr: 2.1254312992095947, CeVa: 2.1269867420196533
Epoch: 43, AccTr: 0.8361999988555908, AccVa: 0.8364999890327454, CeTr: 2.0051751136779785, CeVa: 2.054884433746338
Epoch: 44, AccTr: 0.838100016117096, AccVa: 0.828000009059906, CeTr: 1.989153504371643, CeVa: 2.0727224349975586
Epoch: 45, AccTr: 0.8277999758720398, AccVa: 0.8255000114440918, CeTr: 2.116872787475586, CeVa: 2.353694438934326
ENSEMBLE | Tr_Acc: 0.8896999955177307, Tr_CE: 1.1820108890533447, Va_Acc: 0.8880000114440918, Va_CE: 1.2427270412445068
Epoch: 46, AccTr: 0.835099995136261, AccVa: 0.8324999809265137, CeTr: 1.9692633152008057, CeVa: 2.000823736190796
Epoch: 47, AccTr: 0.8360999822616577, AccVa: 0.8309999704360962, CeTr: 1.971956491470337, CeVa: 2.0784010887145996
Epoch: 48, AccTr: 0.8378999829292297, AccVa: 0.8370000123977661, CeTr: 2.038966417312622, CeVa: 2.111851215362549
Epoch: 49, AccTr: 0.8327999711036682, AccVa: 0.8199999928474426, CeTr: 1.988119125366211, CeVa: 2.3614299297332764
Epoch: 50, AccTr: 0.8367999792098999, AccVa: 0.8370000123977661, CeTr: 1.9470633268356323, CeVa: 2.09027361869812
ENSEMBLE | Tr_Acc: 0.8944000005722046, Tr_CE: 1.1168041229248047, Va_Acc: 0.8960000276565552, Va_CE: 1.1818538904190063
Epoch: 51, AccTr: 0.8337000012397766, AccVa: 0.8199999928474426, CeTr: 1.9396445751190186, CeVa: 2.150071620941162
Epoch: 52, AccTr: 0.8370000123977661, AccVa: 0.8220000267028809, CeTr: 1.8586349487304688, CeVa: 2.1778194904327393
Epoch: 53, AccTr: 0.8284000158309937, AccVa: 0.8109999895095825, CeTr: 2.050736665725708, CeVa: 2.293159246444702
Epoch: 54, AccTr: 0.838100016117096, AccVa: 0.8140000104904175, CeTr: 2.0247490406036377, CeVa: 2.348527669906616
Epoch: 55, AccTr: 0.8281999826431274, AccVa: 0.8270000219345093, CeTr: 2.121593713760376, CeVa: 2.1342830657958984
ENSEMBLE | Tr_Acc: 0.8970000147819519, Tr_CE: 1.0917993783950806, Va_Acc: 0.8989999890327454, Va_CE: 1.1563092470169067
Epoch: 56, AccTr: 0.8337000012397766, AccVa: 0.8054999709129333, CeTr: 2.0006041526794434, CeVa: 2.324089527130127
Epoch: 57, AccTr: 0.8281999826431274, AccVa: 0.8130000233650208, CeTr: 2.114663600921631, CeVa: 2.294722557067871
Epoch: 58, AccTr: 0.8238999843597412, AccVa: 0.828000009059906, CeTr: 2.089938163757324, CeVa: 2.017350673675537
Epoch: 59, AccTr: 0.8289999961853027, AccVa: 0.8130000233650208, CeTr: 2.042618751525879, CeVa: 2.2707369327545166
Epoch: 60, AccTr: 0.8277999758720398, AccVa: 0.8119999766349792, CeTr: 2.0389726161956787, CeVa: 2.0561141967773438
ENSEMBLE | Tr_Acc: 0.8992000222206116, Tr_CE: 1.0641001462936401, Va_Acc: 0.8999999761581421, Va_CE: 1.1218398809432983
Epoch: 61, AccTr: 0.828499972820282, AccVa: 0.8165000081062317, CeTr: 2.0150322914123535, CeVa: 2.144998788833618
Epoch: 62, AccTr: 0.835099995136261, AccVa: 0.8165000081062317, CeTr: 1.9748015403747559, CeVa: 2.0931289196014404
Epoch: 63, AccTr: 0.8248000144958496, AccVa: 0.8100000023841858, CeTr: 2.1454296112060547, CeVa: 2.4052624702453613
Epoch: 64, AccTr: 0.8312000036239624, AccVa: 0.8259999752044678, CeTr: 1.9524214267730713, CeVa: 2.0754528045654297
Epoch: 65, AccTr: 0.8295999765396118, AccVa: 0.8159999847412109, CeTr: 2.0862529277801514, CeVa: 2.3374884128570557
ENSEMBLE | Tr_Acc: 0.9002000093460083, Tr_CE: 1.0530327558517456, Va_Acc: 0.8989999890327454, Va_CE: 1.131734013557434
Epoch: 66, AccTr: 0.8309000134468079, AccVa: 0.8105000257492065, CeTr: 2.0422186851501465, CeVa: 2.4462971687316895
Epoch: 67, AccTr: 0.8403000235557556, AccVa: 0.8295000195503235, CeTr: 1.936401128768921, CeVa: 2.15193247795105
Epoch: 68, AccTr: 0.8356000185012817, AccVa: 0.828499972820282, CeTr: 1.9532216787338257, CeVa: 2.016484260559082
Epoch: 69, AccTr: 0.8366000056266785, AccVa: 0.8184999823570251, CeTr: 2.012159585952759, CeVa: 2.3584580421447754
Epoch: 70, AccTr: 0.8260999917984009, AccVa: 0.8320000171661377, CeTr: 2.1367876529693604, CeVa: 2.190019130706787
ENSEMBLE | Tr_Acc: 0.9000999927520752, Tr_CE: 1.0434566736221313, Va_Acc: 0.9039999842643738, Va_CE: 1.1261422634124756
Epoch: 71, AccTr: 0.8374999761581421, AccVa: 0.8220000267028809, CeTr: 1.92246675491333, CeVa: 2.189340591430664
Epoch: 72, AccTr: 0.8274000287055969, AccVa: 0.8209999799728394, CeTr: 2.0232529640197754, CeVa: 2.3544809818267822
Epoch: 73, AccTr: 0.8292999863624573, AccVa: 0.8169999718666077, CeTr: 2.0397446155548096, CeVa: 2.2279489040374756
Epoch: 74, AccTr: 0.8346999883651733, AccVa: 0.8134999871253967, CeTr: 2.0181996822357178, CeVa: 2.2599613666534424
Epoch: 75, AccTr: 0.8327000141143799, AccVa: 0.8299999833106995, CeTr: 2.0515732765197754, CeVa: 2.1068360805511475
ENSEMBLE | Tr_Acc: 0.9010999798774719, Tr_CE: 1.0310689210891724, Va_Acc: 0.9004999995231628, Va_CE: 1.1162480115890503
Epoch: 76, AccTr: 0.8289999961853027, AccVa: 0.8165000081062317, CeTr: 2.06669020652771, CeVa: 2.3211817741394043
Epoch: 77, AccTr: 0.8294000029563904, AccVa: 0.8130000233650208, CeTr: 2.0471301078796387, CeVa: 2.3872759342193604
Epoch: 78, AccTr: 0.826200008392334, AccVa: 0.800000011920929, CeTr: 2.0386157035827637, CeVa: 2.4565675258636475
Epoch: 79, AccTr: 0.8201000094413757, AccVa: 0.8090000152587891, CeTr: 2.099759578704834, CeVa: 2.353604555130005
Epoch: 80, AccTr: 0.8252000212669373, AccVa: 0.8065000176429749, CeTr: 2.054753065109253, CeVa: 2.3392279148101807
ENSEMBLE | Tr_Acc: 0.9024999737739563, Tr_CE: 1.0154163837432861, Va_Acc: 0.8970000147819519, Va_CE: 1.1194968223571777
Epoch: 81, AccTr: 0.8259999752044678, AccVa: 0.8090000152587891, CeTr: 2.016822099685669, CeVa: 2.2787814140319824
Epoch: 82, AccTr: 0.8223000168800354, AccVa: 0.8144999742507935, CeTr: 2.08783221244812, CeVa: 2.2438199520111084
Epoch: 83, AccTr: 0.8235999941825867, AccVa: 0.8109999895095825, CeTr: 2.0961074829101562, CeVa: 2.208402156829834
Epoch: 84, AccTr: 0.8317999839782715, AccVa: 0.8144999742507935, CeTr: 1.9584866762161255, CeVa: 2.2034382820129395
Epoch: 85, AccTr: 0.824400007724762, AccVa: 0.8205000162124634, CeTr: 2.0374341011047363, CeVa: 2.32615327835083
ENSEMBLE | Tr_Acc: 0.9028000235557556, Tr_CE: 1.00845468044281, Va_Acc: 0.8995000123977661, Va_CE: 1.1216881275177002
Epoch: 86, AccTr: 0.8312000036239624, AccVa: 0.8224999904632568, CeTr: 2.055629014968872, CeVa: 2.1337926387786865
Epoch: 87, AccTr: 0.8306999802589417, AccVa: 0.8205000162124634, CeTr: 2.004265785217285, CeVa: 2.194953441619873
Epoch: 88, AccTr: 0.832099974155426, AccVa: 0.8119999766349792, CeTr: 2.0213303565979004, CeVa: 2.172065019607544
Epoch: 89, AccTr: 0.8300999999046326, AccVa: 0.8224999904632568, CeTr: 2.012277364730835, CeVa: 2.163175582885742
Epoch: 90, AccTr: 0.8233000040054321, AccVa: 0.8015000224113464, CeTr: 2.0890753269195557, CeVa: 2.294083595275879
ENSEMBLE | Tr_Acc: 0.9031999707221985, Tr_CE: 1.0007386207580566, Va_Acc: 0.9020000100135803, Va_CE: 1.1110919713974
Epoch: 91, AccTr: 0.8327999711036682, AccVa: 0.8205000162124634, CeTr: 2.0699005126953125, CeVa: 2.1342194080352783
Epoch: 92, AccTr: 0.8328999876976013, AccVa: 0.8184999823570251, CeTr: 1.9309113025665283, CeVa: 2.123920202255249
Epoch: 93, AccTr: 0.83160001039505, AccVa: 0.8230000138282776, CeTr: 1.888811707496643, CeVa: 2.0636630058288574
Epoch: 94, AccTr: 0.824999988079071, AccVa: 0.815500020980835, CeTr: 1.9699758291244507, CeVa: 2.102590322494507
Epoch: 95, AccTr: 0.8246999979019165, AccVa: 0.8230000138282776, CeTr: 2.0928921699523926, CeVa: 2.131143808364868
ENSEMBLE | Tr_Acc: 0.9031000137329102, Tr_CE: 0.9944466948509216, Va_Acc: 0.8999999761581421, Va_CE: 1.1027277708053589
Epoch: 96, AccTr: 0.8251000046730042, AccVa: 0.8220000267028809, CeTr: 2.112640619277954, CeVa: 2.1533913612365723
Epoch: 97, AccTr: 0.8252999782562256, AccVa: 0.8115000128746033, CeTr: 2.0796799659729004, CeVa: 2.2955777645111084
Epoch: 98, AccTr: 0.8319000005722046, AccVa: 0.8320000171661377, CeTr: 1.9521433115005493, CeVa: 1.8978742361068726
Epoch: 99, AccTr: 0.8278999924659729, AccVa: 0.8205000162124634, CeTr: 2.0110442638397217, CeVa: 2.2392518520355225
Epoch: 100, AccTr: 0.8310999870300293, AccVa: 0.8130000233650208, CeTr: 1.924140453338623, CeVa: 2.440136432647705
ENSEMBLE | Tr_Acc: 0.9027000069618225, Tr_CE: 0.98311847448349, Va_Acc: 0.8995000123977661, Va_CE: 1.1113091707229614
Epoch: 101, AccTr: 0.8310999870300293, AccVa: 0.8305000066757202, CeTr: 1.978255033493042, CeVa: 2.010195016860962
Epoch: 102, AccTr: 0.828499972820282, AccVa: 0.8159999847412109, CeTr: 1.945172667503357, CeVa: 2.1423234939575195
Epoch: 103, AccTr: 0.8282999992370605, AccVa: 0.8305000066757202, CeTr: 2.0159225463867188, CeVa: 2.048158645629883
Epoch: 104, AccTr: 0.8216999769210815, AccVa: 0.8270000219345093, CeTr: 2.0314483642578125, CeVa: 2.012366771697998
Epoch: 105, AccTr: 0.8307999968528748, AccVa: 0.8240000009536743, CeTr: 1.9736768007278442, CeVa: 2.155961751937866
ENSEMBLE | Tr_Acc: 0.9045000076293945, Tr_CE: 0.976569652557373, Va_Acc: 0.8995000123977661, Va_CE: 1.1060839891433716
Epoch: 106, AccTr: 0.835099995136261, AccVa: 0.8215000033378601, CeTr: 1.9308629035949707, CeVa: 1.9839189052581787
Epoch: 107, AccTr: 0.8324999809265137, AccVa: 0.8205000162124634, CeTr: 1.904725193977356, CeVa: 2.20155930519104
Epoch: 108, AccTr: 0.8335999846458435, AccVa: 0.8240000009536743, CeTr: 1.9708753824234009, CeVa: 2.428115129470825
Epoch: 109, AccTr: 0.8360000252723694, AccVa: 0.8259999752044678, CeTr: 1.8572496175765991, CeVa: 2.0143582820892334
Epoch: 110, AccTr: 0.8321999907493591, AccVa: 0.8149999976158142, CeTr: 1.9147353172302246, CeVa: 2.2275609970092773
ENSEMBLE | Tr_Acc: 0.9041000008583069, Tr_CE: 0.9685550928115845, Va_Acc: 0.8995000123977661, Va_CE: 1.1067255735397339
Epoch: 111, AccTr: 0.829200029373169, AccVa: 0.8270000219345093, CeTr: 1.8868540525436401, CeVa: 2.164898157119751
Epoch: 112, AccTr: 0.8291000127792358, AccVa: 0.8044999837875366, CeTr: 1.9270867109298706, CeVa: 2.3686563968658447
Epoch: 113, AccTr: 0.8256999850273132, AccVa: 0.8040000200271606, CeTr: 1.9672589302062988, CeVa: 2.2708537578582764
Epoch: 114, AccTr: 0.8245000243186951, AccVa: 0.8040000200271606, CeTr: 1.953610897064209, CeVa: 2.1924843788146973
Epoch: 115, AccTr: 0.8223000168800354, AccVa: 0.8149999976158142, CeTr: 1.862216591835022, CeVa: 2.227215051651001
ENSEMBLE | Tr_Acc: 0.9050999879837036, Tr_CE: 0.9571046829223633, Va_Acc: 0.8995000123977661, Va_CE: 1.103587031364441
Epoch: 116, AccTr: 0.8292999863624573, AccVa: 0.8069999814033508, CeTr: 1.9027206897735596, CeVa: 2.1335809230804443
Epoch: 117, AccTr: 0.8323000073432922, AccVa: 0.815500020980835, CeTr: 1.908841848373413, CeVa: 2.27841854095459
Epoch: 118, AccTr: 0.8323000073432922, AccVa: 0.8224999904632568, CeTr: 1.950867772102356, CeVa: 2.0871753692626953
Epoch: 119, AccTr: 0.832099974155426, AccVa: 0.8215000033378601, CeTr: 1.941606044769287, CeVa: 2.082221746444702
Epoch: 120, AccTr: 0.82669997215271, AccVa: 0.8215000033378601, CeTr: 1.9264307022094727, CeVa: 2.070157051086426
ENSEMBLE | Tr_Acc: 0.9057000279426575, Tr_CE: 0.948035717010498, Va_Acc: 0.8999999761581421, Va_CE: 1.0907875299453735
Epoch: 121, AccTr: 0.8270000219345093, AccVa: 0.8100000023841858, CeTr: 1.978563904762268, CeVa: 2.3792948722839355
Epoch: 122, AccTr: 0.8288999795913696, AccVa: 0.8224999904632568, CeTr: 1.972125768661499, CeVa: 2.3355884552001953
Epoch: 123, AccTr: 0.8226000070571899, AccVa: 0.8065000176429749, CeTr: 1.9673738479614258, CeVa: 2.25877046585083
Epoch: 124, AccTr: 0.8223000168800354, AccVa: 0.8270000219345093, CeTr: 1.983604073524475, CeVa: 2.041707992553711
Epoch: 125, AccTr: 0.8245000243186951, AccVa: 0.8199999928474426, CeTr: 1.9172111749649048, CeVa: 2.0486581325531006
ENSEMBLE | Tr_Acc: 0.9064000248908997, Tr_CE: 0.9406235218048096, Va_Acc: 0.8995000123977661, Va_CE: 1.0886304378509521
Epoch: 126, AccTr: 0.8335000276565552, AccVa: 0.8130000233650208, CeTr: 1.7702490091323853, CeVa: 2.021162986755371
Epoch: 127, AccTr: 0.8314999938011169, AccVa: 0.8234999775886536, CeTr: 1.8583515882492065, CeVa: 2.060715913772583
Epoch: 128, AccTr: 0.8295999765396118, AccVa: 0.8320000171661377, CeTr: 1.8797144889831543, CeVa: 1.9868396520614624
Epoch: 129, AccTr: 0.8260999917984009, AccVa: 0.8174999952316284, CeTr: 1.937864065170288, CeVa: 2.1534507274627686
Epoch: 130, AccTr: 0.8289999961853027, AccVa: 0.8190000057220459, CeTr: 1.905582070350647, CeVa: 2.265981435775757
ENSEMBLE | Tr_Acc: 0.9052000045776367, Tr_CE: 0.936937689781189, Va_Acc: 0.8989999890327454, Va_CE: 1.0923906564712524
Epoch: 131, AccTr: 0.8237000107765198, AccVa: 0.8044999837875366, CeTr: 1.977323293685913, CeVa: 2.271130084991455
Epoch: 132, AccTr: 0.823199987411499, AccVa: 0.8100000023841858, CeTr: 2.034071207046509, CeVa: 2.2198262214660645
Epoch: 133, AccTr: 0.8375999927520752, AccVa: 0.8169999718666077, CeTr: 1.9221417903900146, CeVa: 2.208282232284546
Epoch: 134, AccTr: 0.8360000252723694, AccVa: 0.8105000257492065, CeTr: 1.8215144872665405, CeVa: 2.1493079662323
Epoch: 135, AccTr: 0.8367999792098999, AccVa: 0.8295000195503235, CeTr: 1.8580505847930908, CeVa: 2.0617125034332275
ENSEMBLE | Tr_Acc: 0.9054999947547913, Tr_CE: 0.9325050711631775, Va_Acc: 0.8989999890327454, Va_CE: 1.0873972177505493
Epoch: 136, AccTr: 0.8310999870300293, AccVa: 0.8220000267028809, CeTr: 1.843093752861023, CeVa: 2.150214672088623
Epoch: 137, AccTr: 0.8328999876976013, AccVa: 0.8169999718666077, CeTr: 1.9452570676803589, CeVa: 2.201469898223877
Epoch: 138, AccTr: 0.8355000019073486, AccVa: 0.8174999952316284, CeTr: 1.9589338302612305, CeVa: 2.09928035736084
Epoch: 139, AccTr: 0.8366000056266785, AccVa: 0.828000009059906, CeTr: 1.9614098072052002, CeVa: 1.9460980892181396
Epoch: 140, AccTr: 0.833899974822998, AccVa: 0.8224999904632568, CeTr: 1.9252219200134277, CeVa: 2.0198557376861572
ENSEMBLE | Tr_Acc: 0.9063000082969666, Tr_CE: 0.9297797083854675, Va_Acc: 0.8985000252723694, Va_CE: 1.0771870613098145
Epoch: 141, AccTr: 0.830299973487854, AccVa: 0.8109999895095825, CeTr: 1.9795136451721191, CeVa: 2.1028897762298584
Epoch: 142, AccTr: 0.8276000022888184, AccVa: 0.8119999766349792, CeTr: 2.038255453109741, CeVa: 2.1816110610961914
Epoch: 143, AccTr: 0.8300999999046326, AccVa: 0.8234999775886536, CeTr: 2.0365467071533203, CeVa: 2.132490634918213
Epoch: 144, AccTr: 0.8263000249862671, AccVa: 0.8295000195503235, CeTr: 1.9617215394973755, CeVa: 1.9163947105407715
Epoch: 145, AccTr: 0.8266000151634216, AccVa: 0.8115000128746033, CeTr: 2.0376853942871094, CeVa: 2.258460521697998
ENSEMBLE | Tr_Acc: 0.9064000248908997, Tr_CE: 0.9268370270729065, Va_Acc: 0.8999999761581421, Va_CE: 1.0757936239242554
Epoch: 146, AccTr: 0.8192999958992004, AccVa: 0.8159999847412109, CeTr: 2.0663318634033203, CeVa: 2.098825693130493
Epoch: 147, AccTr: 0.83160001039505, AccVa: 0.8174999952316284, CeTr: 1.9901812076568604, CeVa: 1.9935002326965332
Epoch: 148, AccTr: 0.8281999826431274, AccVa: 0.8125, CeTr: 1.971099615097046, CeVa: 2.159548759460449
Epoch: 149, AccTr: 0.8360000252723694, AccVa: 0.8289999961853027, CeTr: 1.8843722343444824, CeVa: 1.9506665468215942
Epoch: 150, AccTr: 0.8335999846458435, AccVa: 0.8255000114440918, CeTr: 1.8951250314712524, CeVa: 2.1608641147613525
ENSEMBLE | Tr_Acc: 0.906499981880188, Tr_CE: 0.9223505854606628, Va_Acc: 0.8995000123977661, Va_CE: 1.0768965482711792
NN CONFIG
Weight-type:		binary
Layout									Layer #1: 280	Layer #2: 200	
Activation Functions					Layer #1: bs	Layer #2: bs	
Keep probabilities		Layer #0: 1.0	Layer #1: 1.0	Layer #2: 1.0	
Flat factors							Layer #1: 1.0	Layer #2: 1.0	Layer #3: 1.0	
Activation Noise						Layer #1: 0.9	Layer #2: 0.9	Layer #3: 0.0	
Prior: 0.7

===================================

RUN CONFIG
Epochs: 150, Blocksize: 8

===================================

Input binarization: False
Epoch: 1, AccTr: 0.8819000124931335, AccVa: 0.8600000143051147, CeTr: 1.9162367582321167, CeVa: 2.235463857650757
Epoch: 2, AccTr: 0.8748999834060669, AccVa: 0.8675000071525574, CeTr: 1.7555172443389893, CeVa: 1.8342851400375366
Epoch: 3, AccTr: 0.8673999905586243, AccVa: 0.8600000143051147, CeTr: 1.851685881614685, CeVa: 1.9677419662475586
Epoch: 4, AccTr: 0.8664000034332275, AccVa: 0.8504999876022339, CeTr: 1.8538925647735596, CeVa: 2.0738203525543213
Epoch: 5, AccTr: 0.8575000166893005, AccVa: 0.8479999899864197, CeTr: 1.943345308303833, CeVa: 2.065247058868408
Epoch: 6, AccTr: 0.8596000075340271, AccVa: 0.8479999899864197, CeTr: 1.9394155740737915, CeVa: 1.9797531366348267
Epoch: 7, AccTr: 0.8532000184059143, AccVa: 0.8429999947547913, CeTr: 1.918061375617981, CeVa: 2.0533907413482666
Epoch: 8, AccTr: 0.847100019454956, AccVa: 0.8370000123977661, CeTr: 2.014429807662964, CeVa: 2.187816858291626
Epoch: 9, AccTr: 0.8467000126838684, AccVa: 0.8514999747276306, CeTr: 2.063401222229004, CeVa: 2.1736135482788086
Epoch: 10, AccTr: 0.8537999987602234, AccVa: 0.8374999761581421, CeTr: 1.98591947555542, CeVa: 2.2100257873535156
Epoch: 11, AccTr: 0.8478000164031982, AccVa: 0.8255000114440918, CeTr: 1.9947007894515991, CeVa: 2.400040626525879
Epoch: 12, AccTr: 0.8427000045776367, AccVa: 0.8414999842643738, CeTr: 2.0012147426605225, CeVa: 2.0225706100463867
Epoch: 13, AccTr: 0.8445000052452087, AccVa: 0.8355000019073486, CeTr: 1.9698452949523926, CeVa: 2.124821186065674
Epoch: 14, AccTr: 0.8474000096321106, AccVa: 0.8395000100135803, CeTr: 1.8618950843811035, CeVa: 2.063236951828003
Epoch: 15, AccTr: 0.8467000126838684, AccVa: 0.8429999947547913, CeTr: 1.8215199708938599, CeVa: 2.0013482570648193
Epoch: 16, AccTr: 0.8496000170707703, AccVa: 0.8424999713897705, CeTr: 1.82222318649292, CeVa: 2.078939914703369
Epoch: 17, AccTr: 0.8377000093460083, AccVa: 0.8274999856948853, CeTr: 1.9011324644088745, CeVa: 2.1619009971618652
Epoch: 18, AccTr: 0.8373000025749207, AccVa: 0.8140000104904175, CeTr: 1.8792109489440918, CeVa: 2.131495714187622
Epoch: 19, AccTr: 0.8349999785423279, AccVa: 0.8345000147819519, CeTr: 2.004643440246582, CeVa: 2.0863037109375
Epoch: 20, AccTr: 0.8396000266075134, AccVa: 0.8270000219345093, CeTr: 1.999835729598999, CeVa: 2.1080751419067383
Epoch: 21, AccTr: 0.8363999724388123, AccVa: 0.8230000138282776, CeTr: 2.047701597213745, CeVa: 2.1903293132781982
Epoch: 22, AccTr: 0.8388000130653381, AccVa: 0.8410000205039978, CeTr: 2.0532827377319336, CeVa: 2.0208287239074707
Epoch: 23, AccTr: 0.8373000025749207, AccVa: 0.8289999961853027, CeTr: 2.0434601306915283, CeVa: 2.2473814487457275
Epoch: 24, AccTr: 0.8337000012397766, AccVa: 0.8140000104904175, CeTr: 1.9874637126922607, CeVa: 2.2771761417388916
Epoch: 25, AccTr: 0.8312000036239624, AccVa: 0.8245000243186951, CeTr: 1.9601377248764038, CeVa: 2.103773832321167
Epoch: 26, AccTr: 0.8325999975204468, AccVa: 0.8144999742507935, CeTr: 2.101475238800049, CeVa: 2.2190282344818115
Epoch: 27, AccTr: 0.8356999754905701, AccVa: 0.824999988079071, CeTr: 2.0102062225341797, CeVa: 2.29832124710083
Epoch: 28, AccTr: 0.8363999724388123, AccVa: 0.8309999704360962, CeTr: 2.0408804416656494, CeVa: 2.2007458209991455
Epoch: 29, AccTr: 0.8367000222206116, AccVa: 0.8295000195503235, CeTr: 2.0302207469940186, CeVa: 2.333754539489746
Epoch: 30, AccTr: 0.8363999724388123, AccVa: 0.8259999752044678, CeTr: 2.033015251159668, CeVa: 2.0952398777008057
ENSEMBLE | Tr_Acc: 0.8363999724388123, Tr_CE: 2.033015251159668, Va_Acc: 0.8259999752044678, Va_CE: 2.0952398777008057
Epoch: 31, AccTr: 0.8353000283241272, AccVa: 0.8105000257492065, CeTr: 2.096428155899048, CeVa: 2.254852533340454
Epoch: 32, AccTr: 0.8282999992370605, AccVa: 0.8199999928474426, CeTr: 2.0849032402038574, CeVa: 2.2353110313415527
Epoch: 33, AccTr: 0.83160001039505, AccVa: 0.8195000290870667, CeTr: 2.12569260597229, CeVa: 2.161576986312866
Epoch: 34, AccTr: 0.8295000195503235, AccVa: 0.815500020980835, CeTr: 2.078794002532959, CeVa: 2.0918877124786377
Epoch: 35, AccTr: 0.8356999754905701, AccVa: 0.8195000290870667, CeTr: 1.9628297090530396, CeVa: 2.284397840499878
ENSEMBLE | Tr_Acc: 0.8715999722480774, Tr_CE: 1.4125535488128662, Va_Acc: 0.8629999756813049, Va_CE: 1.6572239398956299
Epoch: 36, AccTr: 0.8324999809265137, AccVa: 0.8230000138282776, CeTr: 1.942482590675354, CeVa: 2.0841803550720215
Epoch: 37, AccTr: 0.8309999704360962, AccVa: 0.8119999766349792, CeTr: 1.9423187971115112, CeVa: 2.0789449214935303
Epoch: 38, AccTr: 0.8300999999046326, AccVa: 0.8190000057220459, CeTr: 2.0317702293395996, CeVa: 2.054459571838379
Epoch: 39, AccTr: 0.8255000114440918, AccVa: 0.8144999742507935, CeTr: 1.9868173599243164, CeVa: 2.1155881881713867
Epoch: 40, AccTr: 0.8296999931335449, AccVa: 0.8119999766349792, CeTr: 1.9791847467422485, CeVa: 2.3135311603546143
ENSEMBLE | Tr_Acc: 0.885200023651123, Tr_CE: 1.2296489477157593, Va_Acc: 0.8725000023841858, Va_CE: 1.4686110019683838
Epoch: 41, AccTr: 0.8237000107765198, AccVa: 0.8105000257492065, CeTr: 2.0150675773620605, CeVa: 2.175973415374756
Epoch: 42, AccTr: 0.8282999992370605, AccVa: 0.8349999785423279, CeTr: 1.9600203037261963, CeVa: 1.96171236038208
Epoch: 43, AccTr: 0.82669997215271, AccVa: 0.8215000033378601, CeTr: 2.0771243572235107, CeVa: 2.065016031265259
Epoch: 44, AccTr: 0.8230999708175659, AccVa: 0.8149999976158142, CeTr: 2.0469582080841064, CeVa: 2.2063992023468018
Epoch: 45, AccTr: 0.8253999948501587, AccVa: 0.8134999871253967, CeTr: 2.0846691131591797, CeVa: 2.090977668762207
ENSEMBLE | Tr_Acc: 0.890500009059906, Tr_CE: 1.1668124198913574, Va_Acc: 0.8684999942779541, Va_CE: 1.3095170259475708
Epoch: 46, AccTr: 0.8281999826431274, AccVa: 0.8184999823570251, CeTr: 1.9507955312728882, CeVa: 2.1386568546295166
Epoch: 47, AccTr: 0.8343999981880188, AccVa: 0.8115000128746033, CeTr: 1.939226746559143, CeVa: 2.1872408390045166
Epoch: 48, AccTr: 0.816100001335144, AccVa: 0.8034999966621399, CeTr: 2.130420684814453, CeVa: 2.5006418228149414
Epoch: 49, AccTr: 0.8292999863624573, AccVa: 0.8220000267028809, CeTr: 1.925032377243042, CeVa: 2.1282567977905273
Epoch: 50, AccTr: 0.8335000276565552, AccVa: 0.8140000104904175, CeTr: 1.9331516027450562, CeVa: 2.2632508277893066
ENSEMBLE | Tr_Acc: 0.8959000110626221, Tr_CE: 1.1039636135101318, Va_Acc: 0.8784999847412109, Va_CE: 1.3007209300994873
Epoch: 51, AccTr: 0.830299973487854, AccVa: 0.8080000281333923, CeTr: 2.0081799030303955, CeVa: 2.2409658432006836
Epoch: 52, AccTr: 0.8238000273704529, AccVa: 0.8140000104904175, CeTr: 1.9883500337600708, CeVa: 2.297351360321045
Epoch: 53, AccTr: 0.8256000280380249, AccVa: 0.8209999799728394, CeTr: 1.9860484600067139, CeVa: 1.932790994644165
Epoch: 54, AccTr: 0.829800009727478, AccVa: 0.8215000033378601, CeTr: 1.911899209022522, CeVa: 2.0446901321411133
Epoch: 55, AccTr: 0.8299999833106995, AccVa: 0.8105000257492065, CeTr: 1.9549304246902466, CeVa: 2.278437852859497
ENSEMBLE | Tr_Acc: 0.8967000246047974, Tr_CE: 1.0717437267303467, Va_Acc: 0.8840000033378601, Va_CE: 1.267534613609314
Epoch: 56, AccTr: 0.8314999938011169, AccVa: 0.8309999704360962, CeTr: 1.9550648927688599, CeVa: 1.8991483449935913
Epoch: 57, AccTr: 0.8357999920845032, AccVa: 0.8165000081062317, CeTr: 1.9442777633666992, CeVa: 2.2089200019836426
Epoch: 58, AccTr: 0.8285999894142151, AccVa: 0.8069999814033508, CeTr: 2.050861120223999, CeVa: 2.294473171234131
Epoch: 59, AccTr: 0.8385000228881836, AccVa: 0.8264999985694885, CeTr: 1.879226565361023, CeVa: 2.1292383670806885
Epoch: 60, AccTr: 0.8276000022888184, AccVa: 0.8115000128746033, CeTr: 1.9809080362319946, CeVa: 2.1950955390930176
ENSEMBLE | Tr_Acc: 0.8960999846458435, Tr_CE: 1.0522565841674805, Va_Acc: 0.8884999752044678, Va_CE: 1.2349201440811157
Epoch: 61, AccTr: 0.8277000188827515, AccVa: 0.8125, CeTr: 1.9682965278625488, CeVa: 2.2255215644836426
Epoch: 62, AccTr: 0.8342000246047974, AccVa: 0.8190000057220459, CeTr: 1.9869650602340698, CeVa: 2.210066080093384
Epoch: 63, AccTr: 0.8300999999046326, AccVa: 0.8180000185966492, CeTr: 2.014274835586548, CeVa: 2.274695634841919
Epoch: 64, AccTr: 0.8241000175476074, AccVa: 0.8090000152587891, CeTr: 2.153475761413574, CeVa: 2.257356882095337
Epoch: 65, AccTr: 0.8295999765396118, AccVa: 0.8174999952316284, CeTr: 1.9902734756469727, CeVa: 2.1587159633636475
ENSEMBLE | Tr_Acc: 0.8984000086784363, Tr_CE: 1.0405551195144653, Va_Acc: 0.8870000243186951, Va_CE: 1.2180843353271484
Epoch: 66, AccTr: 0.8224999904632568, AccVa: 0.8090000152587891, CeTr: 2.10029673576355, CeVa: 2.261650562286377
Epoch: 67, AccTr: 0.8224999904632568, AccVa: 0.7994999885559082, CeTr: 2.10945987701416, CeVa: 2.2268288135528564
Epoch: 68, AccTr: 0.8277999758720398, AccVa: 0.8130000233650208, CeTr: 2.0720882415771484, CeVa: 2.230837345123291
Epoch: 69, AccTr: 0.8259999752044678, AccVa: 0.8125, CeTr: 2.0941553115844727, CeVa: 2.199375867843628
Epoch: 70, AccTr: 0.8234999775886536, AccVa: 0.8165000081062317, CeTr: 2.0428977012634277, CeVa: 2.1234097480773926
ENSEMBLE | Tr_Acc: 0.8989999890327454, Tr_CE: 1.0327423810958862, Va_Acc: 0.8895000219345093, Va_CE: 1.1961575746536255
Epoch: 71, AccTr: 0.835099995136261, AccVa: 0.8220000267028809, CeTr: 2.004039764404297, CeVa: 2.131927251815796
Epoch: 72, AccTr: 0.8364999890327454, AccVa: 0.8209999799728394, CeTr: 2.013359785079956, CeVa: 2.084658145904541
Epoch: 73, AccTr: 0.8291000127792358, AccVa: 0.8109999895095825, CeTr: 2.071885585784912, CeVa: 2.1653237342834473
Epoch: 74, AccTr: 0.8313999772071838, AccVa: 0.8144999742507935, CeTr: 1.9531121253967285, CeVa: 2.229457378387451
Epoch: 75, AccTr: 0.8371999859809875, AccVa: 0.8220000267028809, CeTr: 1.8807737827301025, CeVa: 1.9686570167541504
ENSEMBLE | Tr_Acc: 0.9016000032424927, Tr_CE: 1.0157084465026855, Va_Acc: 0.8920000195503235, Va_CE: 1.1749364137649536
Epoch: 76, AccTr: 0.8353999853134155, AccVa: 0.8234999775886536, CeTr: 1.8879975080490112, CeVa: 1.9781407117843628
Epoch: 77, AccTr: 0.8330000042915344, AccVa: 0.8054999709129333, CeTr: 1.86154043674469, CeVa: 2.2298359870910645
Epoch: 78, AccTr: 0.8312000036239624, AccVa: 0.8270000219345093, CeTr: 1.960889458656311, CeVa: 2.072808027267456
Epoch: 79, AccTr: 0.8310999870300293, AccVa: 0.8180000185966492, CeTr: 1.9644967317581177, CeVa: 2.1072750091552734
Epoch: 80, AccTr: 0.8371999859809875, AccVa: 0.824999988079071, CeTr: 1.947742223739624, CeVa: 2.0819926261901855
ENSEMBLE | Tr_Acc: 0.9035000205039978, Tr_CE: 1.0050970315933228, Va_Acc: 0.8895000219345093, Va_CE: 1.1564924716949463
Epoch: 81, AccTr: 0.8375999927520752, AccVa: 0.8335000276565552, CeTr: 1.9534175395965576, CeVa: 1.9268220663070679
Epoch: 82, AccTr: 0.8331000208854675, AccVa: 0.8230000138282776, CeTr: 1.948432207107544, CeVa: 2.127882242202759
Epoch: 83, AccTr: 0.8295999765396118, AccVa: 0.8305000066757202, CeTr: 1.9959347248077393, CeVa: 1.9270635843276978
Epoch: 84, AccTr: 0.8359000086784363, AccVa: 0.8174999952316284, CeTr: 1.9071173667907715, CeVa: 2.0885274410247803
Epoch: 85, AccTr: 0.8317999839782715, AccVa: 0.809499979019165, CeTr: 1.9419969320297241, CeVa: 2.240426540374756
ENSEMBLE | Tr_Acc: 0.9039999842643738, Tr_CE: 0.9906536936759949, Va_Acc: 0.8899999856948853, Va_CE: 1.1552578210830688
Epoch: 86, AccTr: 0.8317000269889832, AccVa: 0.8165000081062317, CeTr: 1.9022283554077148, CeVa: 2.169572353363037
Epoch: 87, AccTr: 0.8324000239372253, AccVa: 0.8184999823570251, CeTr: 1.8444864749908447, CeVa: 2.098672866821289
Epoch: 88, AccTr: 0.8363000154495239, AccVa: 0.8105000257492065, CeTr: 1.8876386880874634, CeVa: 2.2343051433563232
Epoch: 89, AccTr: 0.8278999924659729, AccVa: 0.8105000257492065, CeTr: 1.9188042879104614, CeVa: 2.0788636207580566
Epoch: 90, AccTr: 0.8278999924659729, AccVa: 0.8165000081062317, CeTr: 1.9169503450393677, CeVa: 2.043666124343872
ENSEMBLE | Tr_Acc: 0.9039000272750854, Tr_CE: 0.9788213968276978, Va_Acc: 0.8914999961853027, Va_CE: 1.1436364650726318
Epoch: 91, AccTr: 0.8210999965667725, AccVa: 0.8174999952316284, CeTr: 1.9899682998657227, CeVa: 2.007359027862549
Epoch: 92, AccTr: 0.8295999765396118, AccVa: 0.8215000033378601, CeTr: 1.8542076349258423, CeVa: 1.8714455366134644
Epoch: 93, AccTr: 0.833299994468689, AccVa: 0.8324999809265137, CeTr: 1.853896141052246, CeVa: 1.9552192687988281
Epoch: 94, AccTr: 0.8374999761581421, AccVa: 0.8180000185966492, CeTr: 1.8649413585662842, CeVa: 2.1527187824249268
Epoch: 95, AccTr: 0.838100016117096, AccVa: 0.8190000057220459, CeTr: 1.8668491840362549, CeVa: 2.1455764770507812
ENSEMBLE | Tr_Acc: 0.9060999751091003, Tr_CE: 0.968170702457428, Va_Acc: 0.8924999833106995, Va_CE: 1.1433571577072144
Epoch: 96, AccTr: 0.828000009059906, AccVa: 0.8115000128746033, CeTr: 1.9367737770080566, CeVa: 2.175373077392578
Epoch: 97, AccTr: 0.8274000287055969, AccVa: 0.8115000128746033, CeTr: 2.039618730545044, CeVa: 2.250534772872925
Epoch: 98, AccTr: 0.8248999714851379, AccVa: 0.8130000233650208, CeTr: 1.9215902090072632, CeVa: 2.086484432220459
Epoch: 99, AccTr: 0.8274999856948853, AccVa: 0.8299999833106995, CeTr: 1.993774652481079, CeVa: 2.092308521270752
Epoch: 100, AccTr: 0.8270999789237976, AccVa: 0.8125, CeTr: 1.9374265670776367, CeVa: 2.1468334197998047
ENSEMBLE | Tr_Acc: 0.906499981880188, Tr_CE: 0.9622230529785156, Va_Acc: 0.8934999704360962, Va_CE: 1.141679286956787
Epoch: 101, AccTr: 0.8212000131607056, AccVa: 0.8119999766349792, CeTr: 1.9849042892456055, CeVa: 2.2511184215545654
Epoch: 102, AccTr: 0.8367999792098999, AccVa: 0.8255000114440918, CeTr: 1.9637421369552612, CeVa: 1.9201550483703613
Epoch: 103, AccTr: 0.8266000151634216, AccVa: 0.8144999742507935, CeTr: 1.9558610916137695, CeVa: 2.079113006591797
Epoch: 104, AccTr: 0.8266000151634216, AccVa: 0.8125, CeTr: 2.0193493366241455, CeVa: 2.2729570865631104
Epoch: 105, AccTr: 0.832099974155426, AccVa: 0.828000009059906, CeTr: 2.0625789165496826, CeVa: 2.0216076374053955
ENSEMBLE | Tr_Acc: 0.9063000082969666, Tr_CE: 0.964836061000824, Va_Acc: 0.8920000195503235, Va_CE: 1.1319680213928223
Epoch: 106, AccTr: 0.8259999752044678, AccVa: 0.8090000152587891, CeTr: 2.0267302989959717, CeVa: 2.138984441757202
Epoch: 107, AccTr: 0.8245000243186951, AccVa: 0.8220000267028809, CeTr: 2.061171054840088, CeVa: 2.0532679557800293
Epoch: 108, AccTr: 0.8334000110626221, AccVa: 0.8195000290870667, CeTr: 2.0071945190429688, CeVa: 2.1199827194213867
Epoch: 109, AccTr: 0.8245000243186951, AccVa: 0.8195000290870667, CeTr: 2.0588579177856445, CeVa: 2.1715190410614014
Epoch: 110, AccTr: 0.8154000043869019, AccVa: 0.8270000219345093, CeTr: 2.0014123916625977, CeVa: 1.9858522415161133
ENSEMBLE | Tr_Acc: 0.9068999886512756, Tr_CE: 0.9580551981925964, Va_Acc: 0.8924999833106995, Va_CE: 1.1255770921707153
Epoch: 111, AccTr: 0.8184000253677368, AccVa: 0.8075000047683716, CeTr: 2.028700590133667, CeVa: 2.120053768157959
Epoch: 112, AccTr: 0.8310999870300293, AccVa: 0.8165000081062317, CeTr: 1.972470760345459, CeVa: 2.1795198917388916
Epoch: 113, AccTr: 0.8176000118255615, AccVa: 0.8044999837875366, CeTr: 2.032959461212158, CeVa: 2.2589704990386963
Epoch: 114, AccTr: 0.8331999778747559, AccVa: 0.8109999895095825, CeTr: 1.8357492685317993, CeVa: 2.0849733352661133
Epoch: 115, AccTr: 0.835099995136261, AccVa: 0.8220000267028809, CeTr: 1.8962799310684204, CeVa: 2.026162624359131
ENSEMBLE | Tr_Acc: 0.9071999788284302, Tr_CE: 0.9536518454551697, Va_Acc: 0.8939999938011169, Va_CE: 1.1147778034210205
Epoch: 116, AccTr: 0.8306000232696533, AccVa: 0.8044999837875366, CeTr: 1.9014512300491333, CeVa: 2.0954205989837646
Epoch: 117, AccTr: 0.8346999883651733, AccVa: 0.8209999799728394, CeTr: 1.8855761289596558, CeVa: 2.1736092567443848
Epoch: 118, AccTr: 0.8341000080108643, AccVa: 0.8274999856948853, CeTr: 1.8929684162139893, CeVa: 1.8579005002975464
Epoch: 119, AccTr: 0.8363999724388123, AccVa: 0.8320000171661377, CeTr: 1.9146578311920166, CeVa: 1.9198579788208008
Epoch: 120, AccTr: 0.8337000012397766, AccVa: 0.824999988079071, CeTr: 1.9889628887176514, CeVa: 2.044741153717041
ENSEMBLE | Tr_Acc: 0.9070000052452087, Tr_CE: 0.95477694272995, Va_Acc: 0.8934999704360962, Va_CE: 1.106823205947876
Epoch: 121, AccTr: 0.8330000042915344, AccVa: 0.8255000114440918, CeTr: 1.9002434015274048, CeVa: 1.944280743598938
Epoch: 122, AccTr: 0.8345999717712402, AccVa: 0.8220000267028809, CeTr: 1.964207649230957, CeVa: 2.0313987731933594
Epoch: 123, AccTr: 0.8359000086784363, AccVa: 0.8245000243186951, CeTr: 1.9709867238998413, CeVa: 2.038282632827759
Epoch: 124, AccTr: 0.8367999792098999, AccVa: 0.8190000057220459, CeTr: 1.9259586334228516, CeVa: 2.241452217102051
Epoch: 125, AccTr: 0.8256000280380249, AccVa: 0.8115000128746033, CeTr: 1.9692180156707764, CeVa: 2.300248622894287
ENSEMBLE | Tr_Acc: 0.9072999954223633, Tr_CE: 0.9528979659080505, Va_Acc: 0.8930000066757202, Va_CE: 1.1069155931472778
Epoch: 126, AccTr: 0.8281999826431274, AccVa: 0.8264999985694885, CeTr: 1.9962868690490723, CeVa: 2.0712890625
Epoch: 127, AccTr: 0.821399986743927, AccVa: 0.8195000290870667, CeTr: 1.9614593982696533, CeVa: 2.0974254608154297
Epoch: 128, AccTr: 0.8259999752044678, AccVa: 0.8199999928474426, CeTr: 1.9381310939788818, CeVa: 2.2250547409057617
Epoch: 129, AccTr: 0.826200008392334, AccVa: 0.8259999752044678, CeTr: 2.043435573577881, CeVa: 2.0557827949523926
Epoch: 130, AccTr: 0.8335999846458435, AccVa: 0.8130000233650208, CeTr: 1.8963382244110107, CeVa: 2.2439591884613037
ENSEMBLE | Tr_Acc: 0.9067999720573425, Tr_CE: 0.949852466583252, Va_Acc: 0.8924999833106995, Va_CE: 1.1083476543426514
Epoch: 131, AccTr: 0.8288000226020813, AccVa: 0.8184999823570251, CeTr: 1.898849606513977, CeVa: 2.20835542678833
Epoch: 132, AccTr: 0.8245000243186951, AccVa: 0.8295000195503235, CeTr: 1.9877021312713623, CeVa: 2.052877426147461
Epoch: 133, AccTr: 0.8238000273704529, AccVa: 0.8299999833106995, CeTr: 1.9774656295776367, CeVa: 2.1592252254486084
Epoch: 134, AccTr: 0.8330000042915344, AccVa: 0.8059999942779541, CeTr: 1.9118854999542236, CeVa: 2.225353717803955
Epoch: 135, AccTr: 0.8238999843597412, AccVa: 0.8195000290870667, CeTr: 2.0081396102905273, CeVa: 2.0262608528137207
ENSEMBLE | Tr_Acc: 0.906499981880188, Tr_CE: 0.9486550688743591, Va_Acc: 0.8955000042915344, Va_CE: 1.1037040948867798
Epoch: 136, AccTr: 0.8228999972343445, AccVa: 0.8105000257492065, CeTr: 2.040189027786255, CeVa: 2.2589271068573
Epoch: 137, AccTr: 0.8198000192642212, AccVa: 0.8109999895095825, CeTr: 2.046788215637207, CeVa: 2.194838285446167
Epoch: 138, AccTr: 0.8230999708175659, AccVa: 0.8100000023841858, CeTr: 1.9494625329971313, CeVa: 2.1519036293029785
Epoch: 139, AccTr: 0.8188999891281128, AccVa: 0.7954999804496765, CeTr: 1.9569753408432007, CeVa: 2.117680549621582
Epoch: 140, AccTr: 0.8317999839782715, AccVa: 0.8270000219345093, CeTr: 1.8606137037277222, CeVa: 1.9959501028060913
ENSEMBLE | Tr_Acc: 0.9079999923706055, Tr_CE: 0.9432177543640137, Va_Acc: 0.8945000171661377, Va_CE: 1.0984947681427002
Epoch: 141, AccTr: 0.8269000053405762, AccVa: 0.8184999823570251, CeTr: 1.941068410873413, CeVa: 2.1548805236816406
Epoch: 142, AccTr: 0.822700023651123, AccVa: 0.8130000233650208, CeTr: 1.9482802152633667, CeVa: 2.1775431632995605
Epoch: 143, AccTr: 0.8273000121116638, AccVa: 0.8084999918937683, CeTr: 1.9983766078948975, CeVa: 2.2979722023010254
Epoch: 144, AccTr: 0.8240000009536743, AccVa: 0.8100000023841858, CeTr: 2.0102813243865967, CeVa: 2.2378485202789307
Epoch: 145, AccTr: 0.8278999924659729, AccVa: 0.8174999952316284, CeTr: 1.9495292901992798, CeVa: 2.1028902530670166
ENSEMBLE | Tr_Acc: 0.9072999954223633, Tr_CE: 0.939768373966217, Va_Acc: 0.8974999785423279, Va_CE: 1.0942316055297852
Epoch: 146, AccTr: 0.8190000057220459, AccVa: 0.8125, CeTr: 2.0471651554107666, CeVa: 2.171935796737671
Epoch: 147, AccTr: 0.8203999996185303, AccVa: 0.8050000071525574, CeTr: 2.0069332122802734, CeVa: 2.1686127185821533
Epoch: 148, AccTr: 0.82669997215271, AccVa: 0.828499972820282, CeTr: 1.8763186931610107, CeVa: 2.0756170749664307
Epoch: 149, AccTr: 0.8277999758720398, AccVa: 0.8234999775886536, CeTr: 1.9517595767974854, CeVa: 2.1290531158447266
Epoch: 150, AccTr: 0.8195000290870667, AccVa: 0.8119999766349792, CeTr: 1.8975698947906494, CeVa: 2.06972336769104
ENSEMBLE | Tr_Acc: 0.9077000021934509, Tr_CE: 0.9343758821487427, Va_Acc: 0.8939999938011169, Va_CE: 1.0870311260223389
Mod Accuracy || Mean: 0.8187500238418579	 Std: 0.006750017404556274
Ens Accuracy || Mean: 0.8967499732971191	 Std: 0.002750009298324585
Mod CE || Mean: 2.1152937412261963	 Std: 0.04557037353515625
Ens CE || Mean: 1.0819637775421143	 Std: 0.005067288875579834
