NN CONFIG
Weight-type:		binary
Layout									Layer #1: 280	Layer #2: 200	
Activation Functions					Layer #1: bs	Layer #2: bs	
Keep probabilities		Layer #0: 0.99	Layer #1: 1.0	Layer #2: 1.0	
Flat factors							Layer #1: 1.0	Layer #2: 1.0	Layer #3: 1.0	
Activation Noise						Layer #1: 0.7000000000000001	Layer #2: 0.7000000000000001	Layer #3: 0.0	

===================================

RUN CONFIG
Epochs: 150, Blocksize: 8

===================================

Epoch: 1, AccTr: 0.8537999987602234, AccVa: 0.8199999928474426, CeTr: 1.1438817977905273, CeVa: 1.6973689794540405
Epoch: 2, AccTr: 0.8496999740600586, AccVa: 0.8220000267028809, CeTr: 1.1909476518630981, CeVa: 1.6107388734817505
Epoch: 3, AccTr: 0.8450000286102295, AccVa: 0.800000011920929, CeTr: 1.285252571105957, CeVa: 1.818624496459961
Epoch: 4, AccTr: 0.840499997138977, AccVa: 0.8050000071525574, CeTr: 1.3181339502334595, CeVa: 1.9014952182769775
Epoch: 5, AccTr: 0.8389999866485596, AccVa: 0.8105000257492065, CeTr: 1.325698971748352, CeVa: 1.749755620956421
Epoch: 6, AccTr: 0.8274000287055969, AccVa: 0.8115000128746033, CeTr: 1.4205483198165894, CeVa: 1.809322714805603
Epoch: 7, AccTr: 0.8306999802589417, AccVa: 0.7919999957084656, CeTr: 1.4213351011276245, CeVa: 2.0329818725585938
Epoch: 8, AccTr: 0.8309000134468079, AccVa: 0.8105000257492065, CeTr: 1.4107252359390259, CeVa: 1.9207831621170044
Epoch: 9, AccTr: 0.8309000134468079, AccVa: 0.7990000247955322, CeTr: 1.4583609104156494, CeVa: 1.9552556276321411
Epoch: 10, AccTr: 0.8237000107765198, AccVa: 0.8050000071525574, CeTr: 1.504925012588501, CeVa: 2.0790255069732666
Epoch: 11, AccTr: 0.8174999952316284, AccVa: 0.8050000071525574, CeTr: 1.5893861055374146, CeVa: 2.053696393966675
Epoch: 12, AccTr: 0.8252000212669373, AccVa: 0.796999990940094, CeTr: 1.55280339717865, CeVa: 1.941263198852539
Epoch: 13, AccTr: 0.8310999870300293, AccVa: 0.8144999742507935, CeTr: 1.524147868156433, CeVa: 1.9090322256088257
Epoch: 14, AccTr: 0.8342999815940857, AccVa: 0.809499979019165, CeTr: 1.5593706369400024, CeVa: 2.046323299407959
Epoch: 15, AccTr: 0.835099995136261, AccVa: 0.8105000257492065, CeTr: 1.501618504524231, CeVa: 1.8960237503051758
Epoch: 16, AccTr: 0.8360000252723694, AccVa: 0.8159999847412109, CeTr: 1.5408978462219238, CeVa: 2.0249032974243164
Epoch: 17, AccTr: 0.8349999785423279, AccVa: 0.7925000190734863, CeTr: 1.4890270233154297, CeVa: 2.16412615776062
Epoch: 18, AccTr: 0.8320000171661377, AccVa: 0.7979999780654907, CeTr: 1.553814172744751, CeVa: 2.0643506050109863
Epoch: 19, AccTr: 0.8319000005722046, AccVa: 0.8159999847412109, CeTr: 1.6554300785064697, CeVa: 1.963873267173767
Epoch: 20, AccTr: 0.8271999955177307, AccVa: 0.796500027179718, CeTr: 1.5756380558013916, CeVa: 2.156665325164795
Epoch: 21, AccTr: 0.8371999859809875, AccVa: 0.809499979019165, CeTr: 1.5397791862487793, CeVa: 2.00899338722229
Epoch: 22, AccTr: 0.8309999704360962, AccVa: 0.8025000095367432, CeTr: 1.5726040601730347, CeVa: 2.0968282222747803
Epoch: 23, AccTr: 0.824999988079071, AccVa: 0.800000011920929, CeTr: 1.5886694192886353, CeVa: 2.281872034072876
Epoch: 24, AccTr: 0.8288000226020813, AccVa: 0.8115000128746033, CeTr: 1.5432672500610352, CeVa: 2.134333610534668
Epoch: 25, AccTr: 0.8300999999046326, AccVa: 0.796500027179718, CeTr: 1.583175778388977, CeVa: 2.181257724761963
Epoch: 26, AccTr: 0.8356999754905701, AccVa: 0.8004999756813049, CeTr: 1.5354033708572388, CeVa: 2.1438803672790527
Epoch: 27, AccTr: 0.8406999707221985, AccVa: 0.8134999871253967, CeTr: 1.527137279510498, CeVa: 2.0447957515716553
Epoch: 28, AccTr: 0.8364999890327454, AccVa: 0.8054999709129333, CeTr: 1.563446044921875, CeVa: 2.1255788803100586
Epoch: 29, AccTr: 0.828000009059906, AccVa: 0.8034999966621399, CeTr: 1.6602905988693237, CeVa: 2.2213377952575684
Epoch: 30, AccTr: 0.8378999829292297, AccVa: 0.7935000061988831, CeTr: 1.5500168800354004, CeVa: 2.13348388671875
ENSEMBLE | Tr_Acc: 0.8378999829292297, Tr_CE: 1.5500168800354004, Va_Acc: 0.7935000061988831, Va_CE: 2.13348388671875
Epoch: 31, AccTr: 0.8334000110626221, AccVa: 0.8080000281333923, CeTr: 1.6043894290924072, CeVa: 2.036794424057007
Epoch: 32, AccTr: 0.8346999883651733, AccVa: 0.815500020980835, CeTr: 1.5768214464187622, CeVa: 2.1437807083129883
Epoch: 33, AccTr: 0.83160001039505, AccVa: 0.8190000057220459, CeTr: 1.6554368734359741, CeVa: 2.1082088947296143
Epoch: 34, AccTr: 0.8371000289916992, AccVa: 0.8075000047683716, CeTr: 1.5870164632797241, CeVa: 2.0595061779022217
Epoch: 35, AccTr: 0.8341000080108643, AccVa: 0.7960000038146973, CeTr: 1.6097105741500854, CeVa: 2.3235721588134766
ENSEMBLE | Tr_Acc: 0.8939999938011169, Tr_CE: 0.8788447380065918, Va_Acc: 0.8529999852180481, Va_CE: 1.4015283584594727
Epoch: 36, AccTr: 0.8400999903678894, AccVa: 0.8019999861717224, CeTr: 1.5354708433151245, CeVa: 2.1296393871307373
Epoch: 37, AccTr: 0.8258000016212463, AccVa: 0.7910000085830688, CeTr: 1.7964102029800415, CeVa: 2.1470720767974854
Epoch: 38, AccTr: 0.8356999754905701, AccVa: 0.800000011920929, CeTr: 1.6241035461425781, CeVa: 2.1510543823242188
Epoch: 39, AccTr: 0.8248999714851379, AccVa: 0.7919999957084656, CeTr: 1.7218776941299438, CeVa: 2.348288059234619
Epoch: 40, AccTr: 0.838100016117096, AccVa: 0.8075000047683716, CeTr: 1.5759786367416382, CeVa: 2.003345012664795
ENSEMBLE | Tr_Acc: 0.9147999882698059, Tr_CE: 0.6810509562492371, Va_Acc: 0.8820000290870667, Va_CE: 1.0577853918075562
Epoch: 41, AccTr: 0.8324999809265137, AccVa: 0.8054999709129333, CeTr: 1.6495704650878906, CeVa: 2.198489189147949
Epoch: 42, AccTr: 0.8306000232696533, AccVa: 0.8084999918937683, CeTr: 1.6628906726837158, CeVa: 2.251272439956665
Epoch: 43, AccTr: 0.829800009727478, AccVa: 0.8140000104904175, CeTr: 1.7173066139221191, CeVa: 2.1795167922973633
Epoch: 44, AccTr: 0.8381999731063843, AccVa: 0.8015000224113464, CeTr: 1.6249687671661377, CeVa: 2.1533737182617188
Epoch: 45, AccTr: 0.8375999927520752, AccVa: 0.8044999837875366, CeTr: 1.5943961143493652, CeVa: 2.2813079357147217
ENSEMBLE | Tr_Acc: 0.9229000210762024, Tr_CE: 0.6049665212631226, Va_Acc: 0.8949999809265137, Va_CE: 0.9867822527885437
Epoch: 46, AccTr: 0.8330000042915344, AccVa: 0.8034999966621399, CeTr: 1.7065943479537964, CeVa: 2.232977867126465
Epoch: 47, AccTr: 0.833899974822998, AccVa: 0.8115000128746033, CeTr: 1.7436211109161377, CeVa: 2.2768001556396484
Epoch: 48, AccTr: 0.838699996471405, AccVa: 0.809499979019165, CeTr: 1.6381288766860962, CeVa: 2.126455307006836
Epoch: 49, AccTr: 0.8310999870300293, AccVa: 0.8119999766349792, CeTr: 1.6964640617370605, CeVa: 2.0739293098449707
Epoch: 50, AccTr: 0.8374999761581421, AccVa: 0.7975000143051147, CeTr: 1.5577000379562378, CeVa: 2.2843477725982666
ENSEMBLE | Tr_Acc: 0.9284999966621399, Tr_CE: 0.5431747436523438, Va_Acc: 0.8945000171661377, Va_CE: 0.9367012977600098
Epoch: 51, AccTr: 0.8478000164031982, AccVa: 0.8090000152587891, CeTr: 1.4846805334091187, CeVa: 2.28875470161438
Epoch: 52, AccTr: 0.8413000106811523, AccVa: 0.8134999871253967, CeTr: 1.600343942642212, CeVa: 2.145958185195923
Epoch: 53, AccTr: 0.8317999839782715, AccVa: 0.8034999966621399, CeTr: 1.6779714822769165, CeVa: 2.3600635528564453
Epoch: 54, AccTr: 0.8389999866485596, AccVa: 0.8034999966621399, CeTr: 1.6757491827011108, CeVa: 2.1936097145080566
Epoch: 55, AccTr: 0.8342000246047974, AccVa: 0.8015000224113464, CeTr: 1.604878306388855, CeVa: 2.1312005519866943
ENSEMBLE | Tr_Acc: 0.9323999881744385, Tr_CE: 0.5126619338989258, Va_Acc: 0.9010000228881836, Va_CE: 0.9141045808792114
Epoch: 56, AccTr: 0.8436999917030334, AccVa: 0.815500020980835, CeTr: 1.5291156768798828, CeVa: 2.102329969406128
Epoch: 57, AccTr: 0.8371000289916992, AccVa: 0.8130000233650208, CeTr: 1.6745808124542236, CeVa: 2.253305196762085
Epoch: 58, AccTr: 0.8384000062942505, AccVa: 0.8080000281333923, CeTr: 1.6272615194320679, CeVa: 2.1430771350860596
Epoch: 59, AccTr: 0.840499997138977, AccVa: 0.8149999976158142, CeTr: 1.5989431142807007, CeVa: 2.1876564025878906
Epoch: 60, AccTr: 0.8431000113487244, AccVa: 0.8109999895095825, CeTr: 1.582459568977356, CeVa: 2.1390979290008545
ENSEMBLE | Tr_Acc: 0.9340999722480774, Tr_CE: 0.4865817725658417, Va_Acc: 0.9024999737739563, Va_CE: 0.8747459053993225
Epoch: 61, AccTr: 0.8264999985694885, AccVa: 0.8159999847412109, CeTr: 1.721434235572815, CeVa: 2.2098500728607178
Epoch: 62, AccTr: 0.8382999897003174, AccVa: 0.8144999742507935, CeTr: 1.646121859550476, CeVa: 2.1231963634490967
Epoch: 63, AccTr: 0.8414000272750854, AccVa: 0.8125, CeTr: 1.5817298889160156, CeVa: 2.151393175125122
Epoch: 64, AccTr: 0.8360000252723694, AccVa: 0.8009999990463257, CeTr: 1.582323670387268, CeVa: 2.0079245567321777
Epoch: 65, AccTr: 0.8475000262260437, AccVa: 0.8134999871253967, CeTr: 1.5165774822235107, CeVa: 2.034803867340088
ENSEMBLE | Tr_Acc: 0.9366000294685364, Tr_CE: 0.47017553448677063, Va_Acc: 0.909500002861023, Va_CE: 0.8353235721588135
Epoch: 66, AccTr: 0.8385999798774719, AccVa: 0.8130000233650208, CeTr: 1.5783942937850952, CeVa: 2.2434940338134766
Epoch: 67, AccTr: 0.8446000218391418, AccVa: 0.8080000281333923, CeTr: 1.5794733762741089, CeVa: 2.401864767074585
Epoch: 68, AccTr: 0.8442000150680542, AccVa: 0.7994999885559082, CeTr: 1.5515369176864624, CeVa: 2.2627832889556885
Epoch: 69, AccTr: 0.839900016784668, AccVa: 0.8119999766349792, CeTr: 1.4996023178100586, CeVa: 2.19320011138916
Epoch: 70, AccTr: 0.847599983215332, AccVa: 0.8215000033378601, CeTr: 1.5250905752182007, CeVa: 2.2231717109680176
ENSEMBLE | Tr_Acc: 0.9399999976158142, Tr_CE: 0.452213853597641, Va_Acc: 0.9089999794960022, Va_CE: 0.8369190692901611
Epoch: 71, AccTr: 0.8321999907493591, AccVa: 0.8174999952316284, CeTr: 1.621227502822876, CeVa: 2.1195156574249268
Epoch: 72, AccTr: 0.8363999724388123, AccVa: 0.809499979019165, CeTr: 1.5936658382415771, CeVa: 2.098602294921875
Epoch: 73, AccTr: 0.8406000137329102, AccVa: 0.815500020980835, CeTr: 1.6523630619049072, CeVa: 2.1113035678863525
Epoch: 74, AccTr: 0.833299994468689, AccVa: 0.7870000004768372, CeTr: 1.6195632219314575, CeVa: 2.269476890563965
Epoch: 75, AccTr: 0.8371000289916992, AccVa: 0.8119999766349792, CeTr: 1.551748275756836, CeVa: 2.154590368270874
ENSEMBLE | Tr_Acc: 0.9413999915122986, Tr_CE: 0.44230663776397705, Va_Acc: 0.9144999980926514, Va_CE: 0.8202669024467468
Epoch: 76, AccTr: 0.8296999931335449, AccVa: 0.7960000038146973, CeTr: 1.7121564149856567, CeVa: 2.421102285385132
Epoch: 77, AccTr: 0.8452000021934509, AccVa: 0.8059999942779541, CeTr: 1.5403492450714111, CeVa: 2.2222917079925537
Epoch: 78, AccTr: 0.84579998254776, AccVa: 0.8224999904632568, CeTr: 1.4889377355575562, CeVa: 1.8780438899993896
Epoch: 79, AccTr: 0.845300018787384, AccVa: 0.8205000162124634, CeTr: 1.5295814275741577, CeVa: 1.9342597723007202
Epoch: 80, AccTr: 0.8377000093460083, AccVa: 0.8144999742507935, CeTr: 1.6722640991210938, CeVa: 2.1405298709869385
ENSEMBLE | Tr_Acc: 0.9412999749183655, Tr_CE: 0.44580936431884766, Va_Acc: 0.9144999980926514, Va_CE: 0.811850905418396
Epoch: 81, AccTr: 0.8264999985694885, AccVa: 0.8029999732971191, CeTr: 1.7414813041687012, CeVa: 2.1417791843414307
Epoch: 82, AccTr: 0.8439000248908997, AccVa: 0.8230000138282776, CeTr: 1.521315574645996, CeVa: 1.8827887773513794
Epoch: 83, AccTr: 0.8364999890327454, AccVa: 0.8159999847412109, CeTr: 1.618409514427185, CeVa: 2.228423833847046
Epoch: 84, AccTr: 0.8450000286102295, AccVa: 0.815500020980835, CeTr: 1.5493863821029663, CeVa: 2.1639139652252197
Epoch: 85, AccTr: 0.8398000001907349, AccVa: 0.8149999976158142, CeTr: 1.5274598598480225, CeVa: 2.1255943775177
ENSEMBLE | Tr_Acc: 0.9413999915122986, Tr_CE: 0.43558651208877563, Va_Acc: 0.9150000214576721, Va_CE: 0.8049457669258118
Epoch: 86, AccTr: 0.8420000076293945, AccVa: 0.8190000057220459, CeTr: 1.5533802509307861, CeVa: 1.994522213935852
Epoch: 87, AccTr: 0.8411999940872192, AccVa: 0.8205000162124634, CeTr: 1.5897408723831177, CeVa: 1.9499621391296387
Epoch: 88, AccTr: 0.8449000120162964, AccVa: 0.8274999856948853, CeTr: 1.4716118574142456, CeVa: 1.9132883548736572
Epoch: 89, AccTr: 0.8361999988555908, AccVa: 0.8100000023841858, CeTr: 1.569335699081421, CeVa: 2.169870615005493
Epoch: 90, AccTr: 0.8424999713897705, AccVa: 0.8224999904632568, CeTr: 1.4869273900985718, CeVa: 2.067924976348877
ENSEMBLE | Tr_Acc: 0.942300021648407, Tr_CE: 0.4289572238922119, Va_Acc: 0.9185000061988831, Va_CE: 0.7970348596572876
Epoch: 91, AccTr: 0.8342999815940857, AccVa: 0.8199999928474426, CeTr: 1.5699288845062256, CeVa: 1.9880783557891846
Epoch: 92, AccTr: 0.8345000147819519, AccVa: 0.8054999709129333, CeTr: 1.6083742380142212, CeVa: 2.172450065612793
Epoch: 93, AccTr: 0.8371999859809875, AccVa: 0.7994999885559082, CeTr: 1.5588886737823486, CeVa: 2.2236275672912598
Epoch: 94, AccTr: 0.8345000147819519, AccVa: 0.8174999952316284, CeTr: 1.6189346313476562, CeVa: 1.9982655048370361
Epoch: 95, AccTr: 0.8378000259399414, AccVa: 0.815500020980835, CeTr: 1.5873984098434448, CeVa: 2.206709861755371
ENSEMBLE | Tr_Acc: 0.942799985408783, Tr_CE: 0.4264429807662964, Va_Acc: 0.9179999828338623, Va_CE: 0.7977913022041321
Epoch: 96, AccTr: 0.840399980545044, AccVa: 0.8209999799728394, CeTr: 1.5087624788284302, CeVa: 2.1133623123168945
Epoch: 97, AccTr: 0.8414000272750854, AccVa: 0.8040000200271606, CeTr: 1.5377514362335205, CeVa: 2.05056095123291
Epoch: 98, AccTr: 0.8323000073432922, AccVa: 0.8065000176429749, CeTr: 1.6042441129684448, CeVa: 2.133399486541748
Epoch: 99, AccTr: 0.8395000100135803, AccVa: 0.8034999966621399, CeTr: 1.6378175020217896, CeVa: 2.1748666763305664
Epoch: 100, AccTr: 0.8338000178337097, AccVa: 0.8090000152587891, CeTr: 1.6402838230133057, CeVa: 2.0280745029449463
ENSEMBLE | Tr_Acc: 0.9431999921798706, Tr_CE: 0.4267561137676239, Va_Acc: 0.9144999980926514, Va_CE: 0.7888818383216858
Epoch: 101, AccTr: 0.8313000202178955, AccVa: 0.8044999837875366, CeTr: 1.5753824710845947, CeVa: 1.9648760557174683
Epoch: 102, AccTr: 0.8374999761581421, AccVa: 0.8059999942779541, CeTr: 1.5076848268508911, CeVa: 2.1816022396087646
Epoch: 103, AccTr: 0.8414999842643738, AccVa: 0.8069999814033508, CeTr: 1.5865169763565063, CeVa: 2.1172866821289062
Epoch: 104, AccTr: 0.832099974155426, AccVa: 0.8044999837875366, CeTr: 1.632264256477356, CeVa: 2.107703447341919
Epoch: 105, AccTr: 0.8414999842643738, AccVa: 0.8009999990463257, CeTr: 1.5652292966842651, CeVa: 2.2545506954193115
ENSEMBLE | Tr_Acc: 0.9426000118255615, Tr_CE: 0.4240289032459259, Va_Acc: 0.9139999747276306, Va_CE: 0.7935317158699036
Epoch: 106, AccTr: 0.8398000001907349, AccVa: 0.8314999938011169, CeTr: 1.5883592367172241, CeVa: 2.0293424129486084
Epoch: 107, AccTr: 0.8475000262260437, AccVa: 0.8270000219345093, CeTr: 1.5621637105941772, CeVa: 1.8326665163040161
Epoch: 108, AccTr: 0.8398000001907349, AccVa: 0.8075000047683716, CeTr: 1.773943305015564, CeVa: 2.1014175415039062
Epoch: 109, AccTr: 0.8406999707221985, AccVa: 0.8004999756813049, CeTr: 1.6054925918579102, CeVa: 2.2150261402130127
Epoch: 110, AccTr: 0.8425999879837036, AccVa: 0.8069999814033508, CeTr: 1.5757173299789429, CeVa: 2.216815233230591
ENSEMBLE | Tr_Acc: 0.9424999952316284, Tr_CE: 0.4258939325809479, Va_Acc: 0.9150000214576721, Va_CE: 0.7946726083755493
Epoch: 111, AccTr: 0.8353000283241272, AccVa: 0.8100000023841858, CeTr: 1.558590292930603, CeVa: 1.9317705631256104
Epoch: 112, AccTr: 0.8478000164031982, AccVa: 0.8190000057220459, CeTr: 1.4549838304519653, CeVa: 2.089219331741333
Epoch: 113, AccTr: 0.8475000262260437, AccVa: 0.8090000152587891, CeTr: 1.5348111391067505, CeVa: 2.136899709701538
Epoch: 114, AccTr: 0.8364999890327454, AccVa: 0.8205000162124634, CeTr: 1.6420329809188843, CeVa: 2.085659980773926
Epoch: 115, AccTr: 0.8310999870300293, AccVa: 0.796500027179718, CeTr: 1.789462685585022, CeVa: 2.370042562484741
ENSEMBLE | Tr_Acc: 0.9422000050544739, Tr_CE: 0.4262683093547821, Va_Acc: 0.9164999723434448, Va_CE: 0.7941793203353882
Epoch: 116, AccTr: 0.833899974822998, AccVa: 0.7990000247955322, CeTr: 1.648673415184021, CeVa: 2.098212480545044
Epoch: 117, AccTr: 0.8378999829292297, AccVa: 0.8134999871253967, CeTr: 1.635901927947998, CeVa: 2.1899349689483643
Epoch: 118, AccTr: 0.8399999737739563, AccVa: 0.8115000128746033, CeTr: 1.616669774055481, CeVa: 2.1681902408599854
Epoch: 119, AccTr: 0.8363000154495239, AccVa: 0.8144999742507935, CeTr: 1.676150918006897, CeVa: 2.1015939712524414
Epoch: 120, AccTr: 0.8375999927520752, AccVa: 0.8220000267028809, CeTr: 1.6133350133895874, CeVa: 1.9160265922546387
ENSEMBLE | Tr_Acc: 0.9416000247001648, Tr_CE: 0.4204377830028534, Va_Acc: 0.9175000190734863, Va_CE: 0.7854989171028137
Epoch: 121, AccTr: 0.835099995136261, AccVa: 0.8105000257492065, CeTr: 1.6093894243240356, CeVa: 2.041137933731079
Epoch: 122, AccTr: 0.8432999849319458, AccVa: 0.8165000081062317, CeTr: 1.5487329959869385, CeVa: 2.1332154273986816
Epoch: 123, AccTr: 0.8356000185012817, AccVa: 0.8134999871253967, CeTr: 1.6232017278671265, CeVa: 1.9894728660583496
Epoch: 124, AccTr: 0.8445000052452087, AccVa: 0.8140000104904175, CeTr: 1.5654469728469849, CeVa: 2.0434341430664062
Epoch: 125, AccTr: 0.8395000100135803, AccVa: 0.8324999809265137, CeTr: 1.6016136407852173, CeVa: 1.9811862707138062
ENSEMBLE | Tr_Acc: 0.9424999952316284, Tr_CE: 0.4171826243400574, Va_Acc: 0.9169999957084656, Va_CE: 0.7832634449005127
Epoch: 126, AccTr: 0.8446000218391418, AccVa: 0.8309999704360962, CeTr: 1.5510674715042114, CeVa: 1.9022451639175415
Epoch: 127, AccTr: 0.8306000232696533, AccVa: 0.7910000085830688, CeTr: 1.6639866828918457, CeVa: 2.3304262161254883
Epoch: 128, AccTr: 0.8398000001907349, AccVa: 0.8144999742507935, CeTr: 1.580797791481018, CeVa: 2.037619113922119
Epoch: 129, AccTr: 0.8458999991416931, AccVa: 0.8100000023841858, CeTr: 1.5406577587127686, CeVa: 2.2259740829467773
Epoch: 130, AccTr: 0.8463000059127808, AccVa: 0.8230000138282776, CeTr: 1.5207219123840332, CeVa: 2.0673632621765137
ENSEMBLE | Tr_Acc: 0.9426000118255615, Tr_CE: 0.41323766112327576, Va_Acc: 0.9200000166893005, Va_CE: 0.7832320332527161
Epoch: 131, AccTr: 0.8410999774932861, AccVa: 0.8234999775886536, CeTr: 1.5689544677734375, CeVa: 2.1508216857910156
Epoch: 132, AccTr: 0.8460000157356262, AccVa: 0.8165000081062317, CeTr: 1.6421884298324585, CeVa: 2.215822219848633
Epoch: 133, AccTr: 0.8374999761581421, AccVa: 0.8069999814033508, CeTr: 1.6644599437713623, CeVa: 2.0053112506866455
Epoch: 134, AccTr: 0.8378999829292297, AccVa: 0.8180000185966492, CeTr: 1.646822214126587, CeVa: 2.1032183170318604
Epoch: 135, AccTr: 0.8418999910354614, AccVa: 0.8069999814033508, CeTr: 1.5716874599456787, CeVa: 2.0706539154052734
ENSEMBLE | Tr_Acc: 0.9426000118255615, Tr_CE: 0.4117533564567566, Va_Acc: 0.9179999828338623, Va_CE: 0.7800545692443848
Epoch: 136, AccTr: 0.8428000211715698, AccVa: 0.809499979019165, CeTr: 1.6314243078231812, CeVa: 2.172114849090576
Epoch: 137, AccTr: 0.8335999846458435, AccVa: 0.7904999852180481, CeTr: 1.6474025249481201, CeVa: 2.280183792114258
Epoch: 138, AccTr: 0.8425999879837036, AccVa: 0.8100000023841858, CeTr: 1.6406445503234863, CeVa: 2.195645570755005
Epoch: 139, AccTr: 0.8391000032424927, AccVa: 0.8180000185966492, CeTr: 1.595312237739563, CeVa: 1.9775358438491821
Epoch: 140, AccTr: 0.8378000259399414, AccVa: 0.8205000162124634, CeTr: 1.6017487049102783, CeVa: 2.090880870819092
ENSEMBLE | Tr_Acc: 0.9435999989509583, Tr_CE: 0.4121573269367218, Va_Acc: 0.9179999828338623, Va_CE: 0.7745559215545654
Epoch: 141, AccTr: 0.8400999903678894, AccVa: 0.8080000281333923, CeTr: 1.5921670198440552, CeVa: 2.1630008220672607
Epoch: 142, AccTr: 0.833899974822998, AccVa: 0.7990000247955322, CeTr: 1.662265658378601, CeVa: 2.3096280097961426
Epoch: 143, AccTr: 0.8406999707221985, AccVa: 0.8264999985694885, CeTr: 1.5663012266159058, CeVa: 2.0737345218658447
Epoch: 144, AccTr: 0.8442999720573425, AccVa: 0.8174999952316284, CeTr: 1.5746276378631592, CeVa: 2.0322482585906982
Epoch: 145, AccTr: 0.843999981880188, AccVa: 0.809499979019165, CeTr: 1.6212806701660156, CeVa: 2.189652681350708
ENSEMBLE | Tr_Acc: 0.9435999989509583, Tr_CE: 0.4096926748752594, Va_Acc: 0.9200000166893005, Va_CE: 0.768886923789978
Epoch: 146, AccTr: 0.8460000157356262, AccVa: 0.8195000290870667, CeTr: 1.4771476984024048, CeVa: 2.101824998855591
Epoch: 147, AccTr: 0.8409000039100647, AccVa: 0.8220000267028809, CeTr: 1.5604232549667358, CeVa: 2.14618182182312
Epoch: 148, AccTr: 0.8443999886512756, AccVa: 0.8159999847412109, CeTr: 1.499366044998169, CeVa: 2.1597964763641357
Epoch: 149, AccTr: 0.8378000259399414, AccVa: 0.8209999799728394, CeTr: 1.6154636144638062, CeVa: 2.100533962249756
Epoch: 150, AccTr: 0.8478999733924866, AccVa: 0.8130000233650208, CeTr: 1.553926706314087, CeVa: 2.2479608058929443
ENSEMBLE | Tr_Acc: 0.9434999823570251, Tr_CE: 0.4060283601284027, Va_Acc: 0.9204999804496765, Va_CE: 0.7645047903060913
NN CONFIG
Weight-type:		binary
Layout									Layer #1: 280	Layer #2: 200	
Activation Functions					Layer #1: bs	Layer #2: bs	
Keep probabilities		Layer #0: 0.99	Layer #1: 1.0	Layer #2: 1.0	
Flat factors							Layer #1: 1.0	Layer #2: 1.0	Layer #3: 1.0	
Activation Noise						Layer #1: 0.7000000000000001	Layer #2: 0.7000000000000001	Layer #3: 0.0	

===================================

RUN CONFIG
Epochs: 150, Blocksize: 8

===================================

Epoch: 1, AccTr: 0.8511999845504761, AccVa: 0.8299999833106995, CeTr: 1.1921546459197998, CeVa: 1.6854053735733032
Epoch: 2, AccTr: 0.8526999950408936, AccVa: 0.8205000162124634, CeTr: 1.2522484064102173, CeVa: 1.7899221181869507
Epoch: 3, AccTr: 0.8381999731063843, AccVa: 0.8009999990463257, CeTr: 1.378956913948059, CeVa: 1.8855894804000854
Epoch: 4, AccTr: 0.8273000121116638, AccVa: 0.8029999732971191, CeTr: 1.4828823804855347, CeVa: 1.9736326932907104
Epoch: 5, AccTr: 0.8284000158309937, AccVa: 0.7929999828338623, CeTr: 1.4068654775619507, CeVa: 1.9550657272338867
Epoch: 6, AccTr: 0.8205999732017517, AccVa: 0.7649999856948853, CeTr: 1.4878569841384888, CeVa: 2.191533088684082
Epoch: 7, AccTr: 0.8263000249862671, AccVa: 0.800000011920929, CeTr: 1.5293560028076172, CeVa: 1.9407362937927246
Epoch: 8, AccTr: 0.8291000127792358, AccVa: 0.8059999942779541, CeTr: 1.5020923614501953, CeVa: 1.8659418821334839
Epoch: 9, AccTr: 0.8240000009536743, AccVa: 0.8034999966621399, CeTr: 1.5749419927597046, CeVa: 2.1315605640411377
Epoch: 10, AccTr: 0.8187000155448914, AccVa: 0.8004999756813049, CeTr: 1.6271655559539795, CeVa: 2.126784086227417
Epoch: 11, AccTr: 0.8210999965667725, AccVa: 0.7789999842643738, CeTr: 1.5823479890823364, CeVa: 2.0884084701538086
Epoch: 12, AccTr: 0.817799985408783, AccVa: 0.784500002861023, CeTr: 1.6916700601577759, CeVa: 2.252687692642212
Epoch: 13, AccTr: 0.8219000101089478, AccVa: 0.777999997138977, CeTr: 1.640092134475708, CeVa: 2.297973394393921
Epoch: 14, AccTr: 0.817799985408783, AccVa: 0.7985000014305115, CeTr: 1.6942906379699707, CeVa: 2.1162173748016357
Epoch: 15, AccTr: 0.8176000118255615, AccVa: 0.7870000004768372, CeTr: 1.7383689880371094, CeVa: 2.2569684982299805
Epoch: 16, AccTr: 0.8223000168800354, AccVa: 0.7910000085830688, CeTr: 1.6967397928237915, CeVa: 2.202458381652832
Epoch: 17, AccTr: 0.83160001039505, AccVa: 0.800000011920929, CeTr: 1.6892380714416504, CeVa: 2.2091357707977295
Epoch: 18, AccTr: 0.8284000158309937, AccVa: 0.7944999933242798, CeTr: 1.7175220251083374, CeVa: 2.230588674545288
Epoch: 19, AccTr: 0.8192999958992004, AccVa: 0.7954999804496765, CeTr: 1.7892656326293945, CeVa: 2.3064630031585693
Epoch: 20, AccTr: 0.8240000009536743, AccVa: 0.8044999837875366, CeTr: 1.6798869371414185, CeVa: 2.2256040573120117
Epoch: 21, AccTr: 0.8356999754905701, AccVa: 0.8004999756813049, CeTr: 1.6896737813949585, CeVa: 2.2919130325317383
Epoch: 22, AccTr: 0.8346999883651733, AccVa: 0.7979999780654907, CeTr: 1.7473649978637695, CeVa: 2.523651599884033
Epoch: 23, AccTr: 0.8345000147819519, AccVa: 0.8090000152587891, CeTr: 1.7475255727767944, CeVa: 2.2785604000091553
Epoch: 24, AccTr: 0.8442000150680542, AccVa: 0.824999988079071, CeTr: 1.5988479852676392, CeVa: 2.1676392555236816
Epoch: 25, AccTr: 0.8309999704360962, AccVa: 0.8109999895095825, CeTr: 1.71871018409729, CeVa: 2.159135580062866
Epoch: 26, AccTr: 0.8321999907493591, AccVa: 0.796500027179718, CeTr: 1.7180631160736084, CeVa: 2.3006508350372314
Epoch: 27, AccTr: 0.8306999802589417, AccVa: 0.8090000152587891, CeTr: 1.6606534719467163, CeVa: 2.288604736328125
Epoch: 28, AccTr: 0.8363000154495239, AccVa: 0.8009999990463257, CeTr: 1.675046443939209, CeVa: 2.2136056423187256
Epoch: 29, AccTr: 0.8432000279426575, AccVa: 0.8029999732971191, CeTr: 1.5915814638137817, CeVa: 2.322420120239258
Epoch: 30, AccTr: 0.8398000001907349, AccVa: 0.8084999918937683, CeTr: 1.6870304346084595, CeVa: 2.3267648220062256
ENSEMBLE | Tr_Acc: 0.8398000001907349, Tr_CE: 1.6870304346084595, Va_Acc: 0.8084999918937683, Va_CE: 2.3267648220062256
Epoch: 31, AccTr: 0.8319000005722046, AccVa: 0.7975000143051147, CeTr: 1.7211439609527588, CeVa: 2.3797099590301514
Epoch: 32, AccTr: 0.8230000138282776, AccVa: 0.8025000095367432, CeTr: 1.7945441007614136, CeVa: 2.1903231143951416
Epoch: 33, AccTr: 0.8295999765396118, AccVa: 0.8065000176429749, CeTr: 1.6975908279418945, CeVa: 2.306337594985962
Epoch: 34, AccTr: 0.833899974822998, AccVa: 0.8015000224113464, CeTr: 1.710438847541809, CeVa: 2.450319528579712
Epoch: 35, AccTr: 0.8407999873161316, AccVa: 0.8084999918937683, CeTr: 1.652978539466858, CeVa: 2.3344297409057617
ENSEMBLE | Tr_Acc: 0.8971999883651733, Tr_CE: 0.901862621307373, Va_Acc: 0.8629999756813049, Va_CE: 1.4750421047210693
Epoch: 36, AccTr: 0.8324999809265137, AccVa: 0.8019999861717224, CeTr: 1.8005160093307495, CeVa: 2.454603672027588
Epoch: 37, AccTr: 0.8367999792098999, AccVa: 0.8169999718666077, CeTr: 1.7385859489440918, CeVa: 2.172895908355713
Epoch: 38, AccTr: 0.8392999768257141, AccVa: 0.8184999823570251, CeTr: 1.6973934173583984, CeVa: 2.2421247959136963
Epoch: 39, AccTr: 0.8313000202178955, AccVa: 0.8080000281333923, CeTr: 1.7933255434036255, CeVa: 2.27657151222229
Epoch: 40, AccTr: 0.8378999829292297, AccVa: 0.8169999718666077, CeTr: 1.7206296920776367, CeVa: 2.161862373352051
ENSEMBLE | Tr_Acc: 0.9133999943733215, Tr_CE: 0.7485328912734985, Va_Acc: 0.8930000066757202, Va_CE: 1.1822693347930908
Epoch: 41, AccTr: 0.845300018787384, AccVa: 0.8149999976158142, CeTr: 1.6215888261795044, CeVa: 2.4022443294525146
Epoch: 42, AccTr: 0.829200029373169, AccVa: 0.8140000104904175, CeTr: 1.790517807006836, CeVa: 2.362957000732422
Epoch: 43, AccTr: 0.8314999938011169, AccVa: 0.8115000128746033, CeTr: 1.7647982835769653, CeVa: 2.2981464862823486
Epoch: 44, AccTr: 0.8274999856948853, AccVa: 0.8069999814033508, CeTr: 1.8370927572250366, CeVa: 2.321564197540283
Epoch: 45, AccTr: 0.8343999981880188, AccVa: 0.8080000281333923, CeTr: 1.746444582939148, CeVa: 2.4620108604431152
ENSEMBLE | Tr_Acc: 0.9222000241279602, Tr_CE: 0.6588414907455444, Va_Acc: 0.8934999704360962, Va_CE: 1.105278491973877
Epoch: 46, AccTr: 0.838100016117096, AccVa: 0.8054999709129333, CeTr: 1.681306004524231, CeVa: 2.2639546394348145
Epoch: 47, AccTr: 0.8282999992370605, AccVa: 0.7929999828338623, CeTr: 1.8002798557281494, CeVa: 2.552795886993408
Epoch: 48, AccTr: 0.829200029373169, AccVa: 0.815500020980835, CeTr: 1.7920080423355103, CeVa: 2.153390645980835
Epoch: 49, AccTr: 0.838100016117096, AccVa: 0.8025000095367432, CeTr: 1.754716396331787, CeVa: 2.4471709728240967
Epoch: 50, AccTr: 0.8378000259399414, AccVa: 0.8075000047683716, CeTr: 1.6980648040771484, CeVa: 2.3751869201660156
ENSEMBLE | Tr_Acc: 0.9283000230789185, Tr_CE: 0.5994555950164795, Va_Acc: 0.8985000252723694, Va_CE: 1.0485546588897705
Epoch: 51, AccTr: 0.8345000147819519, AccVa: 0.8015000224113464, CeTr: 1.6917186975479126, CeVa: 2.293503999710083
Epoch: 52, AccTr: 0.838699996471405, AccVa: 0.8065000176429749, CeTr: 1.7264412641525269, CeVa: 2.2728357315063477
Epoch: 53, AccTr: 0.8425999879837036, AccVa: 0.815500020980835, CeTr: 1.710337519645691, CeVa: 2.2789971828460693
Epoch: 54, AccTr: 0.8403000235557556, AccVa: 0.8115000128746033, CeTr: 1.7529911994934082, CeVa: 2.285252094268799
Epoch: 55, AccTr: 0.8413000106811523, AccVa: 0.8125, CeTr: 1.749889850616455, CeVa: 2.335101842880249
ENSEMBLE | Tr_Acc: 0.9302999973297119, Tr_CE: 0.5693262815475464, Va_Acc: 0.9035000205039978, Va_CE: 0.9773969054222107
Epoch: 56, AccTr: 0.8389999866485596, AccVa: 0.8084999918937683, CeTr: 1.687896728515625, CeVa: 2.2712748050689697
Epoch: 57, AccTr: 0.8406999707221985, AccVa: 0.815500020980835, CeTr: 1.7470592260360718, CeVa: 2.235741376876831
Epoch: 58, AccTr: 0.8374999761581421, AccVa: 0.8199999928474426, CeTr: 1.6962193250656128, CeVa: 2.187424659729004
Epoch: 59, AccTr: 0.8378000259399414, AccVa: 0.8080000281333923, CeTr: 1.7010127305984497, CeVa: 2.239344596862793
Epoch: 60, AccTr: 0.8366000056266785, AccVa: 0.8054999709129333, CeTr: 1.7311015129089355, CeVa: 2.3956727981567383
ENSEMBLE | Tr_Acc: 0.9340000152587891, Tr_CE: 0.5393750071525574, Va_Acc: 0.9054999947547913, Va_CE: 0.9576805233955383
Epoch: 61, AccTr: 0.8256999850273132, AccVa: 0.7994999885559082, CeTr: 1.9369574785232544, CeVa: 2.5306341648101807
Epoch: 62, AccTr: 0.8449000120162964, AccVa: 0.8069999814033508, CeTr: 1.664328932762146, CeVa: 2.209052562713623
Epoch: 63, AccTr: 0.8467000126838684, AccVa: 0.8119999766349792, CeTr: 1.6235045194625854, CeVa: 2.3062078952789307
Epoch: 64, AccTr: 0.8439000248908997, AccVa: 0.8105000257492065, CeTr: 1.6513398885726929, CeVa: 2.394507646560669
Epoch: 65, AccTr: 0.8409000039100647, AccVa: 0.824999988079071, CeTr: 1.7111968994140625, CeVa: 2.097538471221924
ENSEMBLE | Tr_Acc: 0.9348000288009644, Tr_CE: 0.5271294116973877, Va_Acc: 0.906000018119812, Va_CE: 0.9235871434211731
Epoch: 66, AccTr: 0.8385999798774719, AccVa: 0.8245000243186951, CeTr: 1.7416762113571167, CeVa: 2.2711455821990967
Epoch: 67, AccTr: 0.8371999859809875, AccVa: 0.8169999718666077, CeTr: 1.759099006652832, CeVa: 2.2510807514190674
Epoch: 68, AccTr: 0.8345999717712402, AccVa: 0.7975000143051147, CeTr: 1.7324252128601074, CeVa: 2.3868014812469482
Epoch: 69, AccTr: 0.8398000001907349, AccVa: 0.8065000176429749, CeTr: 1.690751552581787, CeVa: 2.5007452964782715
Epoch: 70, AccTr: 0.836899995803833, AccVa: 0.8100000023841858, CeTr: 1.8274500370025635, CeVa: 2.5694942474365234
ENSEMBLE | Tr_Acc: 0.9355999827384949, Tr_CE: 0.5171238780021667, Va_Acc: 0.9054999947547913, Va_CE: 0.9313558340072632
Epoch: 71, AccTr: 0.8414000272750854, AccVa: 0.8065000176429749, CeTr: 1.734889030456543, CeVa: 2.3970699310302734
Epoch: 72, AccTr: 0.8402000069618225, AccVa: 0.8015000224113464, CeTr: 1.6411038637161255, CeVa: 2.466975450515747
Epoch: 73, AccTr: 0.8379999995231628, AccVa: 0.8209999799728394, CeTr: 1.7452144622802734, CeVa: 2.3525471687316895
Epoch: 74, AccTr: 0.8374999761581421, AccVa: 0.8059999942779541, CeTr: 1.7835458517074585, CeVa: 2.3852615356445312
Epoch: 75, AccTr: 0.833299994468689, AccVa: 0.8009999990463257, CeTr: 1.782120943069458, CeVa: 2.513150215148926
ENSEMBLE | Tr_Acc: 0.9368000030517578, Tr_CE: 0.5099161863327026, Va_Acc: 0.9039999842643738, Va_CE: 0.9223918318748474
Epoch: 76, AccTr: 0.8393999934196472, AccVa: 0.824999988079071, CeTr: 1.7169101238250732, CeVa: 2.3113858699798584
Epoch: 77, AccTr: 0.8396999835968018, AccVa: 0.8069999814033508, CeTr: 1.8212544918060303, CeVa: 2.4538681507110596
Epoch: 78, AccTr: 0.8407999873161316, AccVa: 0.8174999952316284, CeTr: 1.750960350036621, CeVa: 2.24981951713562
Epoch: 79, AccTr: 0.8389000296592712, AccVa: 0.8100000023841858, CeTr: 1.8132926225662231, CeVa: 2.3377435207366943
Epoch: 80, AccTr: 0.8436999917030334, AccVa: 0.8080000281333923, CeTr: 1.657180905342102, CeVa: 2.3811306953430176
ENSEMBLE | Tr_Acc: 0.9375, Tr_CE: 0.4975462853908539, Va_Acc: 0.9075000286102295, Va_CE: 0.9133551120758057
Epoch: 81, AccTr: 0.8427000045776367, AccVa: 0.8195000290870667, CeTr: 1.6797878742218018, CeVa: 2.1646053791046143
Epoch: 82, AccTr: 0.8406999707221985, AccVa: 0.8180000185966492, CeTr: 1.759403944015503, CeVa: 2.2723848819732666
Epoch: 83, AccTr: 0.8385999798774719, AccVa: 0.8205000162124634, CeTr: 1.7558164596557617, CeVa: 2.031312942504883
Epoch: 84, AccTr: 0.8436999917030334, AccVa: 0.8144999742507935, CeTr: 1.7517857551574707, CeVa: 2.3114428520202637
Epoch: 85, AccTr: 0.839900016784668, AccVa: 0.8140000104904175, CeTr: 1.7207022905349731, CeVa: 2.3323919773101807
ENSEMBLE | Tr_Acc: 0.9368000030517578, Tr_CE: 0.48889610171318054, Va_Acc: 0.9104999899864197, Va_CE: 0.9167299866676331
Epoch: 86, AccTr: 0.8467000126838684, AccVa: 0.8019999861717224, CeTr: 1.6750386953353882, CeVa: 2.474290609359741
Epoch: 87, AccTr: 0.8331000208854675, AccVa: 0.7990000247955322, CeTr: 1.845771074295044, CeVa: 2.5114383697509766
Epoch: 88, AccTr: 0.8428999781608582, AccVa: 0.8059999942779541, CeTr: 1.7234498262405396, CeVa: 2.4308409690856934
Epoch: 89, AccTr: 0.8364999890327454, AccVa: 0.8080000281333923, CeTr: 1.7470293045043945, CeVa: 2.429091215133667
Epoch: 90, AccTr: 0.8450999855995178, AccVa: 0.8115000128746033, CeTr: 1.69553804397583, CeVa: 2.3365895748138428
ENSEMBLE | Tr_Acc: 0.9391000270843506, Tr_CE: 0.4814627468585968, Va_Acc: 0.909500002861023, Va_CE: 0.9121192693710327
Epoch: 91, AccTr: 0.8449000120162964, AccVa: 0.8075000047683716, CeTr: 1.6067001819610596, CeVa: 2.2125916481018066
Epoch: 92, AccTr: 0.8418999910354614, AccVa: 0.8165000081062317, CeTr: 1.631759524345398, CeVa: 2.19391131401062
Epoch: 93, AccTr: 0.8374000191688538, AccVa: 0.8115000128746033, CeTr: 1.7989963293075562, CeVa: 2.1976256370544434
Epoch: 94, AccTr: 0.8323000073432922, AccVa: 0.8034999966621399, CeTr: 1.7600125074386597, CeVa: 2.435903787612915
Epoch: 95, AccTr: 0.8389999866485596, AccVa: 0.8050000071525574, CeTr: 1.8021111488342285, CeVa: 2.3550868034362793
ENSEMBLE | Tr_Acc: 0.9391000270843506, Tr_CE: 0.4809131920337677, Va_Acc: 0.9100000262260437, Va_CE: 0.8941828608512878
Epoch: 96, AccTr: 0.8409000039100647, AccVa: 0.8065000176429749, CeTr: 1.6853097677230835, CeVa: 2.408876895904541
Epoch: 97, AccTr: 0.8367999792098999, AccVa: 0.8069999814033508, CeTr: 1.6973209381103516, CeVa: 2.3227198123931885
Epoch: 98, AccTr: 0.8374999761581421, AccVa: 0.8115000128746033, CeTr: 1.7291685342788696, CeVa: 2.29616641998291
Epoch: 99, AccTr: 0.833299994468689, AccVa: 0.8004999756813049, CeTr: 1.7660233974456787, CeVa: 2.4838671684265137
Epoch: 100, AccTr: 0.8252000212669373, AccVa: 0.8075000047683716, CeTr: 1.8464043140411377, CeVa: 2.3861804008483887
ENSEMBLE | Tr_Acc: 0.940500020980835, Tr_CE: 0.4772121012210846, Va_Acc: 0.9110000133514404, Va_CE: 0.8908388018608093
Epoch: 101, AccTr: 0.832099974155426, AccVa: 0.7985000014305115, CeTr: 1.7964081764221191, CeVa: 2.4282748699188232
Epoch: 102, AccTr: 0.8353999853134155, AccVa: 0.8054999709129333, CeTr: 1.7421437501907349, CeVa: 2.4059252738952637
Epoch: 103, AccTr: 0.8424999713897705, AccVa: 0.8144999742507935, CeTr: 1.6915653944015503, CeVa: 2.225172281265259
Epoch: 104, AccTr: 0.845300018787384, AccVa: 0.8245000243186951, CeTr: 1.674591064453125, CeVa: 2.1163628101348877
Epoch: 105, AccTr: 0.8385999798774719, AccVa: 0.8174999952316284, CeTr: 1.715256690979004, CeVa: 2.213196277618408
ENSEMBLE | Tr_Acc: 0.9413999915122986, Tr_CE: 0.47070571780204773, Va_Acc: 0.9120000004768372, Va_CE: 0.8736357688903809
Epoch: 106, AccTr: 0.8393999934196472, AccVa: 0.8109999895095825, CeTr: 1.774018406867981, CeVa: 2.311450719833374
Epoch: 107, AccTr: 0.8432999849319458, AccVa: 0.8054999709129333, CeTr: 1.7010976076126099, CeVa: 2.3770415782928467
Epoch: 108, AccTr: 0.8429999947547913, AccVa: 0.8144999742507935, CeTr: 1.6527355909347534, CeVa: 2.282250165939331
Epoch: 109, AccTr: 0.8327999711036682, AccVa: 0.8040000200271606, CeTr: 1.8159441947937012, CeVa: 2.4618241786956787
Epoch: 110, AccTr: 0.8289999961853027, AccVa: 0.8084999918937683, CeTr: 1.8293343782424927, CeVa: 2.415966749191284
ENSEMBLE | Tr_Acc: 0.9406999945640564, Tr_CE: 0.46746277809143066, Va_Acc: 0.9125000238418579, Va_CE: 0.8659418821334839
Epoch: 111, AccTr: 0.8384000062942505, AccVa: 0.8174999952316284, CeTr: 1.7725714445114136, CeVa: 2.191690444946289
Epoch: 112, AccTr: 0.8352000117301941, AccVa: 0.8004999756813049, CeTr: 1.7785565853118896, CeVa: 2.3289878368377686
Epoch: 113, AccTr: 0.8375999927520752, AccVa: 0.8174999952316284, CeTr: 1.7191263437271118, CeVa: 2.3284518718719482
Epoch: 114, AccTr: 0.8435999751091003, AccVa: 0.8084999918937683, CeTr: 1.6851648092269897, CeVa: 2.479294538497925
Epoch: 115, AccTr: 0.8313999772071838, AccVa: 0.8059999942779541, CeTr: 1.7798937559127808, CeVa: 2.308506965637207
ENSEMBLE | Tr_Acc: 0.9413999915122986, Tr_CE: 0.4652714729309082, Va_Acc: 0.9114999771118164, Va_CE: 0.8591490983963013
Epoch: 116, AccTr: 0.8330000042915344, AccVa: 0.8184999823570251, CeTr: 1.856626033782959, CeVa: 2.317002534866333
Epoch: 117, AccTr: 0.8321999907493591, AccVa: 0.8125, CeTr: 1.776733636856079, CeVa: 2.2953953742980957
Epoch: 118, AccTr: 0.836899995803833, AccVa: 0.8144999742507935, CeTr: 1.812477946281433, CeVa: 2.2019693851470947
Epoch: 119, AccTr: 0.8339999914169312, AccVa: 0.8184999823570251, CeTr: 1.7905025482177734, CeVa: 2.3889102935791016
Epoch: 120, AccTr: 0.8319000005722046, AccVa: 0.8195000290870667, CeTr: 1.8672642707824707, CeVa: 2.3498501777648926
ENSEMBLE | Tr_Acc: 0.9404000043869019, Tr_CE: 0.4664956033229828, Va_Acc: 0.9160000085830688, Va_CE: 0.8573945164680481
Epoch: 121, AccTr: 0.8371000289916992, AccVa: 0.8195000290870667, CeTr: 1.7286373376846313, CeVa: 2.1264030933380127
Epoch: 122, AccTr: 0.8429999947547913, AccVa: 0.8149999976158142, CeTr: 1.6693222522735596, CeVa: 2.2039990425109863
Epoch: 123, AccTr: 0.8385999798774719, AccVa: 0.8034999966621399, CeTr: 1.7277554273605347, CeVa: 2.2678065299987793
Epoch: 124, AccTr: 0.8385999798774719, AccVa: 0.8015000224113464, CeTr: 1.7212133407592773, CeVa: 2.3529200553894043
Epoch: 125, AccTr: 0.8338000178337097, AccVa: 0.8159999847412109, CeTr: 1.7521191835403442, CeVa: 2.245493173599243
ENSEMBLE | Tr_Acc: 0.9417999982833862, Tr_CE: 0.46417656540870667, Va_Acc: 0.9175000190734863, Va_CE: 0.8490789532661438
Epoch: 126, AccTr: 0.8446000218391418, AccVa: 0.8100000023841858, CeTr: 1.6484822034835815, CeVa: 2.210357427597046
Epoch: 127, AccTr: 0.8406000137329102, AccVa: 0.8165000081062317, CeTr: 1.6943163871765137, CeVa: 2.2864301204681396
Epoch: 128, AccTr: 0.8367000222206116, AccVa: 0.8034999966621399, CeTr: 1.7569230794906616, CeVa: 2.5943071842193604
Epoch: 129, AccTr: 0.8338000178337097, AccVa: 0.8090000152587891, CeTr: 1.8260489702224731, CeVa: 2.410513162612915
Epoch: 130, AccTr: 0.8363000154495239, AccVa: 0.8034999966621399, CeTr: 1.7364765405654907, CeVa: 2.3420236110687256
ENSEMBLE | Tr_Acc: 0.9424999952316284, Tr_CE: 0.46160048246383667, Va_Acc: 0.9179999828338623, Va_CE: 0.8409372568130493
Epoch: 131, AccTr: 0.8410000205039978, AccVa: 0.7994999885559082, CeTr: 1.7542483806610107, CeVa: 2.483949661254883
Epoch: 132, AccTr: 0.8349000215530396, AccVa: 0.8009999990463257, CeTr: 1.9028480052947998, CeVa: 2.5402026176452637
Epoch: 133, AccTr: 0.8406000137329102, AccVa: 0.8165000081062317, CeTr: 1.740804672241211, CeVa: 2.395477771759033
Epoch: 134, AccTr: 0.8425999879837036, AccVa: 0.8159999847412109, CeTr: 1.6667664051055908, CeVa: 2.2098731994628906
Epoch: 135, AccTr: 0.8442000150680542, AccVa: 0.815500020980835, CeTr: 1.6824284791946411, CeVa: 2.2512266635894775
ENSEMBLE | Tr_Acc: 0.9427000284194946, Tr_CE: 0.45817339420318604, Va_Acc: 0.9164999723434448, Va_CE: 0.8344933986663818
Epoch: 136, AccTr: 0.839900016784668, AccVa: 0.8065000176429749, CeTr: 1.6839008331298828, CeVa: 2.3867385387420654
Epoch: 137, AccTr: 0.8411999940872192, AccVa: 0.8165000081062317, CeTr: 1.6433637142181396, CeVa: 2.3992176055908203
Epoch: 138, AccTr: 0.8392999768257141, AccVa: 0.800000011920929, CeTr: 1.7976267337799072, CeVa: 2.3801162242889404
Epoch: 139, AccTr: 0.8370000123977661, AccVa: 0.8034999966621399, CeTr: 1.7401930093765259, CeVa: 2.4764657020568848
Epoch: 140, AccTr: 0.8345999717712402, AccVa: 0.7979999780654907, CeTr: 1.7837324142456055, CeVa: 2.3818204402923584
ENSEMBLE | Tr_Acc: 0.942300021648407, Tr_CE: 0.456510990858078, Va_Acc: 0.9169999957084656, Va_CE: 0.8336450457572937
Epoch: 141, AccTr: 0.8449000120162964, AccVa: 0.8080000281333923, CeTr: 1.6370738744735718, CeVa: 2.382812738418579
Epoch: 142, AccTr: 0.8371999859809875, AccVa: 0.8149999976158142, CeTr: 1.765306830406189, CeVa: 2.180701494216919
Epoch: 143, AccTr: 0.8392999768257141, AccVa: 0.8125, CeTr: 1.7236148118972778, CeVa: 2.2813525199890137
Epoch: 144, AccTr: 0.8349000215530396, AccVa: 0.8174999952316284, CeTr: 1.7411199808120728, CeVa: 2.2071611881256104
Epoch: 145, AccTr: 0.84579998254776, AccVa: 0.824999988079071, CeTr: 1.6940531730651855, CeVa: 2.158773422241211
ENSEMBLE | Tr_Acc: 0.9427000284194946, Tr_CE: 0.4535895586013794, Va_Acc: 0.9185000061988831, Va_CE: 0.8308829665184021
Epoch: 146, AccTr: 0.8393999934196472, AccVa: 0.8040000200271606, CeTr: 1.7893654108047485, CeVa: 2.2520110607147217
Epoch: 147, AccTr: 0.8378000259399414, AccVa: 0.8174999952316284, CeTr: 1.6948105096817017, CeVa: 2.1851818561553955
Epoch: 148, AccTr: 0.8385999798774719, AccVa: 0.8190000057220459, CeTr: 1.692836880683899, CeVa: 2.2446095943450928
Epoch: 149, AccTr: 0.8467000126838684, AccVa: 0.800000011920929, CeTr: 1.6949682235717773, CeVa: 2.568751573562622
Epoch: 150, AccTr: 0.8364999890327454, AccVa: 0.7985000014305115, CeTr: 1.738537311553955, CeVa: 2.3945775032043457
ENSEMBLE | Tr_Acc: 0.9431999921798706, Tr_CE: 0.4529537558555603, Va_Acc: 0.9169999957084656, Va_CE: 0.8295230865478516
Mod Accuracy || Mean: 0.8057500123977661	 Std: 0.007250010967254639
Ens Accuracy || Mean: 0.918749988079071	 Std: 0.0017499923706054688
Mod CE || Mean: 2.3212690353393555	 Std: 0.07330834865570068
Ens CE || Mean: 0.7970139384269714	 Std: 0.03250914812088013
