NN CONFIG
Weight-type:		binary
Layout									Layer #1: 280	Layer #2: 200	
Activation Functions					Layer #1: bs	Layer #2: bs	
Keep probabilities		Layer #0: 1.0	Layer #1: 1.0	Layer #2: 1.0	
Flat factors							Layer #1: 1.0	Layer #2: 1.0	Layer #3: 1.0	
Activation Noise						Layer #1: 1.3	Layer #2: 1.3	Layer #3: 0.0	
Prior: 0.7

===================================

RUN CONFIG
Epochs: 150, Blocksize: 8

===================================

Input binarization: False
Epoch: 1, AccTr: 0.8723999857902527, AccVa: 0.8610000014305115, CeTr: 1.964321494102478, CeVa: 2.270814895629883
Epoch: 2, AccTr: 0.8417999744415283, AccVa: 0.8245000243186951, CeTr: 2.3350305557250977, CeVa: 2.5357918739318848
Epoch: 3, AccTr: 0.8292999863624573, AccVa: 0.8184999823570251, CeTr: 2.573385715484619, CeVa: 2.7025582790374756
Epoch: 4, AccTr: 0.8317999839782715, AccVa: 0.8320000171661377, CeTr: 2.544776678085327, CeVa: 2.476656198501587
Epoch: 5, AccTr: 0.8259000182151794, AccVa: 0.8255000114440918, CeTr: 2.6231849193573, CeVa: 2.514676570892334
Epoch: 6, AccTr: 0.8166000247001648, AccVa: 0.8130000233650208, CeTr: 2.7369422912597656, CeVa: 2.4730467796325684
Epoch: 7, AccTr: 0.8158000111579895, AccVa: 0.8149999976158142, CeTr: 2.757317543029785, CeVa: 2.5938079357147217
Epoch: 8, AccTr: 0.817799985408783, AccVa: 0.8180000185966492, CeTr: 2.6032121181488037, CeVa: 2.5303683280944824
Epoch: 9, AccTr: 0.8152999877929688, AccVa: 0.8080000281333923, CeTr: 2.586549997329712, CeVa: 2.4582252502441406
Epoch: 10, AccTr: 0.807699978351593, AccVa: 0.8050000071525574, CeTr: 2.6892518997192383, CeVa: 2.6791951656341553
Epoch: 11, AccTr: 0.8158000111579895, AccVa: 0.8199999928474426, CeTr: 2.4712793827056885, CeVa: 2.4440040588378906
Epoch: 12, AccTr: 0.8029000163078308, AccVa: 0.7935000061988831, CeTr: 2.7826685905456543, CeVa: 2.9200315475463867
Epoch: 13, AccTr: 0.800599992275238, AccVa: 0.800000011920929, CeTr: 2.69307541847229, CeVa: 2.701608896255493
Epoch: 14, AccTr: 0.8119000196456909, AccVa: 0.7994999885559082, CeTr: 2.5944936275482178, CeVa: 2.6576321125030518
Epoch: 15, AccTr: 0.8112999796867371, AccVa: 0.8134999871253967, CeTr: 2.6110057830810547, CeVa: 2.642331838607788
Epoch: 16, AccTr: 0.8047999739646912, AccVa: 0.7985000014305115, CeTr: 2.6324985027313232, CeVa: 2.717759370803833
Epoch: 17, AccTr: 0.8073999881744385, AccVa: 0.8044999837875366, CeTr: 2.534254312515259, CeVa: 2.5557878017425537
Epoch: 18, AccTr: 0.8044000267982483, AccVa: 0.7925000190734863, CeTr: 2.5940535068511963, CeVa: 2.7550196647644043
Epoch: 19, AccTr: 0.7953000068664551, AccVa: 0.7889999747276306, CeTr: 2.684109687805176, CeVa: 2.605466365814209
Epoch: 20, AccTr: 0.7998999953269958, AccVa: 0.7990000247955322, CeTr: 2.704237461090088, CeVa: 2.5679454803466797
Epoch: 21, AccTr: 0.7993000149726868, AccVa: 0.8090000152587891, CeTr: 2.629049301147461, CeVa: 2.3934128284454346
Epoch: 22, AccTr: 0.8083999752998352, AccVa: 0.8059999942779541, CeTr: 2.4959304332733154, CeVa: 2.462880849838257
Epoch: 23, AccTr: 0.802299976348877, AccVa: 0.8029999732971191, CeTr: 2.660017490386963, CeVa: 2.6040103435516357
Epoch: 24, AccTr: 0.8023999929428101, AccVa: 0.800000011920929, CeTr: 2.646697759628296, CeVa: 2.5346038341522217
Epoch: 25, AccTr: 0.8087000250816345, AccVa: 0.8004999756813049, CeTr: 2.566196918487549, CeVa: 2.260737895965576
Epoch: 26, AccTr: 0.7953000068664551, AccVa: 0.7799999713897705, CeTr: 2.7574567794799805, CeVa: 2.848264217376709
Epoch: 27, AccTr: 0.79339998960495, AccVa: 0.7944999933242798, CeTr: 2.7108168601989746, CeVa: 2.579364776611328
Epoch: 28, AccTr: 0.795199990272522, AccVa: 0.7885000109672546, CeTr: 2.526968240737915, CeVa: 2.6884942054748535
Epoch: 29, AccTr: 0.795199990272522, AccVa: 0.796999990940094, CeTr: 2.6250901222229004, CeVa: 2.467750310897827
Epoch: 30, AccTr: 0.791700005531311, AccVa: 0.8044999837875366, CeTr: 2.7211050987243652, CeVa: 2.5128238201141357
ENSEMBLE | Tr_Acc: 0.791700005531311, Tr_CE: 2.7211050987243652, Va_Acc: 0.8044999837875366, Va_CE: 2.5128238201141357
Epoch: 31, AccTr: 0.8044000267982483, AccVa: 0.8140000104904175, CeTr: 2.4984614849090576, CeVa: 2.341752529144287
Epoch: 32, AccTr: 0.7957000136375427, AccVa: 0.7990000247955322, CeTr: 2.5906314849853516, CeVa: 2.501765251159668
Epoch: 33, AccTr: 0.7925999760627747, AccVa: 0.7825000286102295, CeTr: 2.5757510662078857, CeVa: 2.5741801261901855
Epoch: 34, AccTr: 0.7994999885559082, AccVa: 0.7860000133514404, CeTr: 2.525540590286255, CeVa: 2.6466526985168457
Epoch: 35, AccTr: 0.8029999732971191, AccVa: 0.7950000166893005, CeTr: 2.51876163482666, CeVa: 2.5304503440856934
ENSEMBLE | Tr_Acc: 0.8392999768257141, Tr_CE: 1.9842058420181274, Va_Acc: 0.8320000171661377, Va_CE: 1.8817204236984253
Epoch: 36, AccTr: 0.8051999807357788, AccVa: 0.8130000233650208, CeTr: 2.6335198879241943, CeVa: 2.4599087238311768
Epoch: 37, AccTr: 0.8087000250816345, AccVa: 0.8100000023841858, CeTr: 2.605520486831665, CeVa: 2.3687660694122314
Epoch: 38, AccTr: 0.8033999800682068, AccVa: 0.8174999952316284, CeTr: 2.474027633666992, CeVa: 2.2551677227020264
Epoch: 39, AccTr: 0.8077999949455261, AccVa: 0.8044999837875366, CeTr: 2.492569923400879, CeVa: 2.237225294113159
Epoch: 40, AccTr: 0.8140000104904175, AccVa: 0.8169999718666077, CeTr: 2.3339169025421143, CeVa: 2.3108291625976562
ENSEMBLE | Tr_Acc: 0.8569999933242798, Tr_CE: 1.679891586303711, Va_Acc: 0.8579999804496765, Va_CE: 1.5861990451812744
Epoch: 41, AccTr: 0.7994999885559082, AccVa: 0.7975000143051147, CeTr: 2.442706346511841, CeVa: 2.433043956756592
Epoch: 42, AccTr: 0.8033999800682068, AccVa: 0.8034999966621399, CeTr: 2.337712049484253, CeVa: 2.172172784805298
Epoch: 43, AccTr: 0.8098999857902527, AccVa: 0.7985000014305115, CeTr: 2.367994785308838, CeVa: 2.4955334663391113
Epoch: 44, AccTr: 0.8014000058174133, AccVa: 0.7879999876022339, CeTr: 2.5165746212005615, CeVa: 2.755603313446045
Epoch: 45, AccTr: 0.8029000163078308, AccVa: 0.8144999742507935, CeTr: 2.6163249015808105, CeVa: 2.4393370151519775
ENSEMBLE | Tr_Acc: 0.8610000014305115, Tr_CE: 1.6200202703475952, Va_Acc: 0.8615000247955322, Va_CE: 1.515086054801941
Epoch: 46, AccTr: 0.8061000108718872, AccVa: 0.7979999780654907, CeTr: 2.5413026809692383, CeVa: 2.5809566974639893
Epoch: 47, AccTr: 0.8105999827384949, AccVa: 0.7910000085830688, CeTr: 2.4729156494140625, CeVa: 2.4869465827941895
Epoch: 48, AccTr: 0.8077999949455261, AccVa: 0.8090000152587891, CeTr: 2.5085747241973877, CeVa: 2.539952039718628
Epoch: 49, AccTr: 0.8077999949455261, AccVa: 0.8065000176429749, CeTr: 2.4686758518218994, CeVa: 2.572662591934204
Epoch: 50, AccTr: 0.8025000095367432, AccVa: 0.7904999852180481, CeTr: 2.6774063110351562, CeVa: 2.6255745887756348
ENSEMBLE | Tr_Acc: 0.866100013256073, Tr_CE: 1.5838195085525513, Va_Acc: 0.8725000023841858, Va_CE: 1.5041611194610596
Epoch: 51, AccTr: 0.8029000163078308, AccVa: 0.8075000047683716, CeTr: 2.4628796577453613, CeVa: 2.5755791664123535
Epoch: 52, AccTr: 0.8068000078201294, AccVa: 0.8029999732971191, CeTr: 2.532853126525879, CeVa: 2.449159622192383
Epoch: 53, AccTr: 0.7996000051498413, AccVa: 0.7929999828338623, CeTr: 2.523604393005371, CeVa: 2.380801200866699
Epoch: 54, AccTr: 0.7990999817848206, AccVa: 0.7944999933242798, CeTr: 2.670043706893921, CeVa: 2.5824315547943115
Epoch: 55, AccTr: 0.8021000027656555, AccVa: 0.7990000247955322, CeTr: 2.6558663845062256, CeVa: 2.616689682006836
ENSEMBLE | Tr_Acc: 0.8711000084877014, Tr_CE: 1.5557986497879028, Va_Acc: 0.8755000233650208, Va_CE: 1.4920501708984375
Epoch: 56, AccTr: 0.7976999878883362, AccVa: 0.8009999990463257, CeTr: 2.6415510177612305, CeVa: 2.4957261085510254
Epoch: 57, AccTr: 0.796999990940094, AccVa: 0.8004999756813049, CeTr: 2.5996792316436768, CeVa: 2.5745675563812256
Epoch: 58, AccTr: 0.8029999732971191, AccVa: 0.8034999966621399, CeTr: 2.653442859649658, CeVa: 2.6056435108184814
Epoch: 59, AccTr: 0.7997999787330627, AccVa: 0.8009999990463257, CeTr: 2.6969707012176514, CeVa: 2.607830047607422
Epoch: 60, AccTr: 0.8048999905586243, AccVa: 0.8054999709129333, CeTr: 2.5020546913146973, CeVa: 2.43599534034729
ENSEMBLE | Tr_Acc: 0.8751000165939331, Tr_CE: 1.5251853466033936, Va_Acc: 0.8790000081062317, Va_CE: 1.4472242593765259
Epoch: 61, AccTr: 0.7957000136375427, AccVa: 0.7985000014305115, CeTr: 2.5931460857391357, CeVa: 2.650484323501587
Epoch: 62, AccTr: 0.7878999710083008, AccVa: 0.7889999747276306, CeTr: 2.6701974868774414, CeVa: 2.841233730316162
Epoch: 63, AccTr: 0.8032000064849854, AccVa: 0.7954999804496765, CeTr: 2.520963668823242, CeVa: 2.3197147846221924
Epoch: 64, AccTr: 0.796500027179718, AccVa: 0.7960000038146973, CeTr: 2.617474317550659, CeVa: 2.475639820098877
Epoch: 65, AccTr: 0.7975999712944031, AccVa: 0.7954999804496765, CeTr: 2.47697377204895, CeVa: 2.67389178276062
ENSEMBLE | Tr_Acc: 0.8747000098228455, Tr_CE: 1.5005289316177368, Va_Acc: 0.8765000104904175, Va_CE: 1.4501383304595947
Epoch: 66, AccTr: 0.8012999892234802, AccVa: 0.7904999852180481, CeTr: 2.48897647857666, CeVa: 2.5582807064056396
Epoch: 67, AccTr: 0.7915999889373779, AccVa: 0.7979999780654907, CeTr: 2.6630282402038574, CeVa: 2.501840829849243
Epoch: 68, AccTr: 0.7955999970436096, AccVa: 0.7870000004768372, CeTr: 2.5816457271575928, CeVa: 2.5602657794952393
Epoch: 69, AccTr: 0.7976999878883362, AccVa: 0.7854999899864197, CeTr: 2.6512629985809326, CeVa: 2.6510071754455566
Epoch: 70, AccTr: 0.7929999828338623, AccVa: 0.781000018119812, CeTr: 2.6901628971099854, CeVa: 2.6709039211273193
ENSEMBLE | Tr_Acc: 0.8741999864578247, Tr_CE: 1.5016539096832275, Va_Acc: 0.8759999871253967, Va_CE: 1.4530609846115112
Epoch: 71, AccTr: 0.7921000123023987, AccVa: 0.7870000004768372, CeTr: 2.6562771797180176, CeVa: 2.760563373565674
Epoch: 72, AccTr: 0.7908999919891357, AccVa: 0.7885000109672546, CeTr: 2.7046539783477783, CeVa: 2.6860501766204834
Epoch: 73, AccTr: 0.7947999835014343, AccVa: 0.7889999747276306, CeTr: 2.6940367221832275, CeVa: 2.6114726066589355
Epoch: 74, AccTr: 0.802299976348877, AccVa: 0.7929999828338623, CeTr: 2.431487798690796, CeVa: 2.3976097106933594
Epoch: 75, AccTr: 0.7930999994277954, AccVa: 0.7774999737739563, CeTr: 2.6488938331604004, CeVa: 2.763144016265869
ENSEMBLE | Tr_Acc: 0.8733999729156494, Tr_CE: 1.4992462396621704, Va_Acc: 0.8744999766349792, Va_CE: 1.4631457328796387
Epoch: 76, AccTr: 0.8066999912261963, AccVa: 0.7864999771118164, CeTr: 2.5725107192993164, CeVa: 2.6272711753845215
Epoch: 77, AccTr: 0.7986999750137329, AccVa: 0.7914999723434448, CeTr: 2.732137441635132, CeVa: 2.729295253753662
Epoch: 78, AccTr: 0.801800012588501, AccVa: 0.7910000085830688, CeTr: 2.5286381244659424, CeVa: 2.5604546070098877
Epoch: 79, AccTr: 0.8058000206947327, AccVa: 0.7975000143051147, CeTr: 2.481436252593994, CeVa: 2.5266809463500977
Epoch: 80, AccTr: 0.8137999773025513, AccVa: 0.8034999966621399, CeTr: 2.4331414699554443, CeVa: 2.5952348709106445
ENSEMBLE | Tr_Acc: 0.8752999901771545, Tr_CE: 1.4797691106796265, Va_Acc: 0.8744999766349792, Va_CE: 1.45952308177948
Epoch: 81, AccTr: 0.7965999841690063, AccVa: 0.7839999794960022, CeTr: 2.632678508758545, CeVa: 2.6044116020202637
Epoch: 82, AccTr: 0.7989000082015991, AccVa: 0.7910000085830688, CeTr: 2.6508727073669434, CeVa: 2.749809741973877
Epoch: 83, AccTr: 0.7990999817848206, AccVa: 0.8054999709129333, CeTr: 2.6403043270111084, CeVa: 2.5950584411621094
Epoch: 84, AccTr: 0.8062000274658203, AccVa: 0.7875000238418579, CeTr: 2.5909667015075684, CeVa: 2.64595627784729
Epoch: 85, AccTr: 0.8008999824523926, AccVa: 0.7954999804496765, CeTr: 2.622579574584961, CeVa: 2.6974682807922363
ENSEMBLE | Tr_Acc: 0.8765000104904175, Tr_CE: 1.4713902473449707, Va_Acc: 0.8744999766349792, Va_CE: 1.4576067924499512
Epoch: 86, AccTr: 0.7955999970436096, AccVa: 0.7960000038146973, CeTr: 2.7152979373931885, CeVa: 2.6533215045928955
Epoch: 87, AccTr: 0.792900025844574, AccVa: 0.7864999771118164, CeTr: 2.7653090953826904, CeVa: 2.783541440963745
Epoch: 88, AccTr: 0.789900004863739, AccVa: 0.7919999957084656, CeTr: 2.6944358348846436, CeVa: 2.7449471950531006
Epoch: 89, AccTr: 0.8021000027656555, AccVa: 0.7990000247955322, CeTr: 2.5297253131866455, CeVa: 2.3633716106414795
Epoch: 90, AccTr: 0.7994999885559082, AccVa: 0.7889999747276306, CeTr: 2.5761334896087646, CeVa: 2.684659957885742
ENSEMBLE | Tr_Acc: 0.8770999908447266, Tr_CE: 1.4670010805130005, Va_Acc: 0.875, Va_CE: 1.4582053422927856
Epoch: 91, AccTr: 0.7908999919891357, AccVa: 0.8050000071525574, CeTr: 2.6410770416259766, CeVa: 2.6431405544281006
Epoch: 92, AccTr: 0.7997999787330627, AccVa: 0.7990000247955322, CeTr: 2.569352626800537, CeVa: 2.621279001235962
Epoch: 93, AccTr: 0.7990999817848206, AccVa: 0.8009999990463257, CeTr: 2.4517982006073, CeVa: 2.263517379760742
Epoch: 94, AccTr: 0.7926999926567078, AccVa: 0.7879999876022339, CeTr: 2.6300604343414307, CeVa: 2.5383005142211914
Epoch: 95, AccTr: 0.808899998664856, AccVa: 0.8165000081062317, CeTr: 2.3928589820861816, CeVa: 2.3122096061706543
ENSEMBLE | Tr_Acc: 0.8773999810218811, Tr_CE: 1.4580806493759155, Va_Acc: 0.8734999895095825, Va_CE: 1.4481675624847412
Epoch: 96, AccTr: 0.810699999332428, AccVa: 0.7994999885559082, CeTr: 2.32922625541687, CeVa: 2.5318543910980225
Epoch: 97, AccTr: 0.8029000163078308, AccVa: 0.8105000257492065, CeTr: 2.419548749923706, CeVa: 2.2647197246551514
Epoch: 98, AccTr: 0.809499979019165, AccVa: 0.8034999966621399, CeTr: 2.295043706893921, CeVa: 2.2794291973114014
Epoch: 99, AccTr: 0.8093000054359436, AccVa: 0.8180000185966492, CeTr: 2.38555908203125, CeVa: 2.1849820613861084
Epoch: 100, AccTr: 0.7968999743461609, AccVa: 0.8009999990463257, CeTr: 2.4139959812164307, CeVa: 2.2942404747009277
ENSEMBLE | Tr_Acc: 0.8769999742507935, Tr_CE: 1.4482226371765137, Va_Acc: 0.875, Va_CE: 1.4292937517166138
Epoch: 101, AccTr: 0.7962999939918518, AccVa: 0.7985000014305115, CeTr: 2.477271556854248, CeVa: 2.359344244003296
Epoch: 102, AccTr: 0.8077999949455261, AccVa: 0.8050000071525574, CeTr: 2.4249002933502197, CeVa: 2.453815460205078
Epoch: 103, AccTr: 0.7964000105857849, AccVa: 0.7860000133514404, CeTr: 2.555814027786255, CeVa: 2.6056487560272217
Epoch: 104, AccTr: 0.7937999963760376, AccVa: 0.8105000257492065, CeTr: 2.5985593795776367, CeVa: 2.3662919998168945
Epoch: 105, AccTr: 0.7986999750137329, AccVa: 0.8069999814033508, CeTr: 2.4122183322906494, CeVa: 2.2634880542755127
ENSEMBLE | Tr_Acc: 0.8787999749183655, Tr_CE: 1.4352319240570068, Va_Acc: 0.878000020980835, Va_CE: 1.4095094203948975
Epoch: 106, AccTr: 0.7860999703407288, AccVa: 0.7990000247955322, CeTr: 2.5204808712005615, CeVa: 2.397162437438965
Epoch: 107, AccTr: 0.7979000210762024, AccVa: 0.7829999923706055, CeTr: 2.6533875465393066, CeVa: 2.6450936794281006
Epoch: 108, AccTr: 0.8043000102043152, AccVa: 0.7994999885559082, CeTr: 2.525888681411743, CeVa: 2.3978545665740967
Epoch: 109, AccTr: 0.8004000186920166, AccVa: 0.8009999990463257, CeTr: 2.5095014572143555, CeVa: 2.5015175342559814
Epoch: 110, AccTr: 0.8059999942779541, AccVa: 0.8019999861717224, CeTr: 2.5319199562072754, CeVa: 2.4984636306762695
ENSEMBLE | Tr_Acc: 0.8794000148773193, Tr_CE: 1.4341676235198975, Va_Acc: 0.8769999742507935, Va_CE: 1.402441382408142
Epoch: 111, AccTr: 0.8040000200271606, AccVa: 0.8009999990463257, CeTr: 2.536447286605835, CeVa: 2.456061363220215
Epoch: 112, AccTr: 0.8016999959945679, AccVa: 0.8040000200271606, CeTr: 2.5804128646850586, CeVa: 2.337754487991333
Epoch: 113, AccTr: 0.8144000172615051, AccVa: 0.8090000152587891, CeTr: 2.414970636367798, CeVa: 2.262216806411743
Epoch: 114, AccTr: 0.8109999895095825, AccVa: 0.8149999976158142, CeTr: 2.5595345497131348, CeVa: 2.3476269245147705
Epoch: 115, AccTr: 0.8062999844551086, AccVa: 0.8015000224113464, CeTr: 2.5494682788848877, CeVa: 2.509464979171753
ENSEMBLE | Tr_Acc: 0.8794000148773193, Tr_CE: 1.431719422340393, Va_Acc: 0.8774999976158142, Va_CE: 1.4046322107315063
Epoch: 116, AccTr: 0.8058000206947327, AccVa: 0.7879999876022339, CeTr: 2.4235057830810547, CeVa: 2.591059684753418
Epoch: 117, AccTr: 0.8051000237464905, AccVa: 0.7879999876022339, CeTr: 2.3936665058135986, CeVa: 2.57619309425354
Epoch: 118, AccTr: 0.8033000230789185, AccVa: 0.7860000133514404, CeTr: 2.47045636177063, CeVa: 2.509624719619751
Epoch: 119, AccTr: 0.8001000285148621, AccVa: 0.7854999899864197, CeTr: 2.555370330810547, CeVa: 2.588359832763672
Epoch: 120, AccTr: 0.794700026512146, AccVa: 0.7979999780654907, CeTr: 2.64389967918396, CeVa: 2.5006463527679443
ENSEMBLE | Tr_Acc: 0.8788999915122986, Tr_CE: 1.4320029020309448, Va_Acc: 0.878000020980835, Va_CE: 1.394633412361145
Epoch: 121, AccTr: 0.7975000143051147, AccVa: 0.7929999828338623, CeTr: 2.6395561695098877, CeVa: 2.6176607608795166
Epoch: 122, AccTr: 0.8007000088691711, AccVa: 0.7889999747276306, CeTr: 2.6757030487060547, CeVa: 2.5883004665374756
Epoch: 123, AccTr: 0.8087999820709229, AccVa: 0.7935000061988831, CeTr: 2.4591307640075684, CeVa: 2.6407628059387207
Epoch: 124, AccTr: 0.8040000200271606, AccVa: 0.8044999837875366, CeTr: 2.461446762084961, CeVa: 2.389068365097046
Epoch: 125, AccTr: 0.8090999722480774, AccVa: 0.8174999952316284, CeTr: 2.616809368133545, CeVa: 2.502957344055176
ENSEMBLE | Tr_Acc: 0.8788999915122986, Tr_CE: 1.4324398040771484, Va_Acc: 0.8774999976158142, Va_CE: 1.3984346389770508
Epoch: 126, AccTr: 0.8059999942779541, AccVa: 0.7925000190734863, CeTr: 2.6268365383148193, CeVa: 2.6470210552215576
Epoch: 127, AccTr: 0.8116000294685364, AccVa: 0.7994999885559082, CeTr: 2.480966329574585, CeVa: 2.434976577758789
Epoch: 128, AccTr: 0.8034999966621399, AccVa: 0.8019999861717224, CeTr: 2.6398606300354004, CeVa: 2.59436297416687
Epoch: 129, AccTr: 0.7998999953269958, AccVa: 0.8029999732971191, CeTr: 2.553459644317627, CeVa: 2.412428855895996
Epoch: 130, AccTr: 0.8080999851226807, AccVa: 0.8054999709129333, CeTr: 2.4821300506591797, CeVa: 2.3366870880126953
ENSEMBLE | Tr_Acc: 0.8790000081062317, Tr_CE: 1.4265109300613403, Va_Acc: 0.8769999742507935, Va_CE: 1.3913280963897705
Epoch: 131, AccTr: 0.8090000152587891, AccVa: 0.8029999732971191, CeTr: 2.3919436931610107, CeVa: 2.497926950454712
Epoch: 132, AccTr: 0.808899998664856, AccVa: 0.7935000061988831, CeTr: 2.424363136291504, CeVa: 2.721710443496704
Epoch: 133, AccTr: 0.8061000108718872, AccVa: 0.7929999828338623, CeTr: 2.530926465988159, CeVa: 2.5573551654815674
Epoch: 134, AccTr: 0.8112999796867371, AccVa: 0.7990000247955322, CeTr: 2.314655303955078, CeVa: 2.3607735633850098
Epoch: 135, AccTr: 0.8037999868392944, AccVa: 0.784500002861023, CeTr: 2.5093789100646973, CeVa: 2.557201623916626
ENSEMBLE | Tr_Acc: 0.8794999718666077, Tr_CE: 1.423322319984436, Va_Acc: 0.8765000104904175, Va_CE: 1.3903961181640625
Epoch: 136, AccTr: 0.8101999759674072, AccVa: 0.8134999871253967, CeTr: 2.4833641052246094, CeVa: 2.2882373332977295
Epoch: 137, AccTr: 0.8041999936103821, AccVa: 0.8069999814033508, CeTr: 2.6067512035369873, CeVa: 2.656975269317627
Epoch: 138, AccTr: 0.805899977684021, AccVa: 0.8029999732971191, CeTr: 2.611858606338501, CeVa: 2.7172460556030273
Epoch: 139, AccTr: 0.7997999787330627, AccVa: 0.7894999980926514, CeTr: 2.525423765182495, CeVa: 2.6843698024749756
Epoch: 140, AccTr: 0.8065999746322632, AccVa: 0.7954999804496765, CeTr: 2.534597635269165, CeVa: 2.639944553375244
ENSEMBLE | Tr_Acc: 0.8792999982833862, Tr_CE: 1.4208711385726929, Va_Acc: 0.8744999766349792, Va_CE: 1.3890069723129272
Epoch: 141, AccTr: 0.7979999780654907, AccVa: 0.800000011920929, CeTr: 2.7323176860809326, CeVa: 2.6594300270080566
Epoch: 142, AccTr: 0.7985000014305115, AccVa: 0.7944999933242798, CeTr: 2.658144474029541, CeVa: 2.5514631271362305
Epoch: 143, AccTr: 0.7833999991416931, AccVa: 0.7879999876022339, CeTr: 2.738487720489502, CeVa: 2.623751401901245
Epoch: 144, AccTr: 0.8034999966621399, AccVa: 0.7860000133514404, CeTr: 2.5262694358825684, CeVa: 2.605539083480835
Epoch: 145, AccTr: 0.8014000058174133, AccVa: 0.7914999723434448, CeTr: 2.461236000061035, CeVa: 2.48378849029541
ENSEMBLE | Tr_Acc: 0.8791000247001648, Tr_CE: 1.4146952629089355, Va_Acc: 0.8765000104904175, Va_CE: 1.3867350816726685
Epoch: 146, AccTr: 0.7997999787330627, AccVa: 0.8109999895095825, CeTr: 2.524102210998535, CeVa: 2.414123058319092
Epoch: 147, AccTr: 0.8003000020980835, AccVa: 0.7910000085830688, CeTr: 2.5421009063720703, CeVa: 2.5864338874816895
Epoch: 148, AccTr: 0.8015000224113464, AccVa: 0.7985000014305115, CeTr: 2.545377254486084, CeVa: 2.5917134284973145
Epoch: 149, AccTr: 0.8029999732971191, AccVa: 0.7954999804496765, CeTr: 2.4490010738372803, CeVa: 2.5455663204193115
Epoch: 150, AccTr: 0.7943000197410583, AccVa: 0.8075000047683716, CeTr: 2.6182937622070312, CeVa: 2.3123865127563477
ENSEMBLE | Tr_Acc: 0.880299985408783, Tr_CE: 1.415834665298462, Va_Acc: 0.8765000104904175, Va_CE: 1.379319190979004
NN CONFIG
Weight-type:		binary
Layout									Layer #1: 280	Layer #2: 200	
Activation Functions					Layer #1: bs	Layer #2: bs	
Keep probabilities		Layer #0: 1.0	Layer #1: 1.0	Layer #2: 1.0	
Flat factors							Layer #1: 1.0	Layer #2: 1.0	Layer #3: 1.0	
Activation Noise						Layer #1: 1.3	Layer #2: 1.3	Layer #3: 0.0	
Prior: 0.7

===================================

RUN CONFIG
Epochs: 150, Blocksize: 8

===================================

Input binarization: False
Epoch: 1, AccTr: 0.8698999881744385, AccVa: 0.8629999756813049, CeTr: 2.2615861892700195, CeVa: 2.386423110961914
Epoch: 2, AccTr: 0.8565000295639038, AccVa: 0.8489999771118164, CeTr: 2.2911317348480225, CeVa: 2.4677939414978027
Epoch: 3, AccTr: 0.8458999991416931, AccVa: 0.8379999995231628, CeTr: 2.3821568489074707, CeVa: 2.4366605281829834
Epoch: 4, AccTr: 0.8391000032424927, AccVa: 0.8410000205039978, CeTr: 2.379581928253174, CeVa: 2.3869481086730957
Epoch: 5, AccTr: 0.821399986743927, AccVa: 0.8180000185966492, CeTr: 2.4571995735168457, CeVa: 2.5618326663970947
Epoch: 6, AccTr: 0.8267999887466431, AccVa: 0.8190000057220459, CeTr: 2.438961982727051, CeVa: 2.5807831287384033
Epoch: 7, AccTr: 0.83160001039505, AccVa: 0.8289999961853027, CeTr: 2.3377420902252197, CeVa: 2.3319664001464844
Epoch: 8, AccTr: 0.8115000128746033, AccVa: 0.8119999766349792, CeTr: 2.6213390827178955, CeVa: 2.5130181312561035
Epoch: 9, AccTr: 0.8126000165939331, AccVa: 0.8144999742507935, CeTr: 2.615020751953125, CeVa: 2.596257209777832
Epoch: 10, AccTr: 0.8111000061035156, AccVa: 0.809499979019165, CeTr: 2.5126166343688965, CeVa: 2.361079692840576
Epoch: 11, AccTr: 0.8050000071525574, AccVa: 0.7985000014305115, CeTr: 2.5497684478759766, CeVa: 2.442824602127075
Epoch: 12, AccTr: 0.808899998664856, AccVa: 0.7960000038146973, CeTr: 2.540513277053833, CeVa: 2.6115822792053223
Epoch: 13, AccTr: 0.8025000095367432, AccVa: 0.7864999771118164, CeTr: 2.633169412612915, CeVa: 2.5933377742767334
Epoch: 14, AccTr: 0.7932999730110168, AccVa: 0.7979999780654907, CeTr: 2.6237478256225586, CeVa: 2.505859851837158
Epoch: 15, AccTr: 0.8009999990463257, AccVa: 0.8019999861717224, CeTr: 2.5056169033050537, CeVa: 2.498936176300049
Epoch: 16, AccTr: 0.7997999787330627, AccVa: 0.7944999933242798, CeTr: 2.5391273498535156, CeVa: 2.4724724292755127
Epoch: 17, AccTr: 0.7979000210762024, AccVa: 0.784500002861023, CeTr: 2.5009372234344482, CeVa: 2.5825672149658203
Epoch: 18, AccTr: 0.7978000044822693, AccVa: 0.8080000281333923, CeTr: 2.3947787284851074, CeVa: 2.227290630340576
Epoch: 19, AccTr: 0.7932999730110168, AccVa: 0.7835000157356262, CeTr: 2.436458110809326, CeVa: 2.459416151046753
Epoch: 20, AccTr: 0.7965999841690063, AccVa: 0.7850000262260437, CeTr: 2.395294427871704, CeVa: 2.488266706466675
Epoch: 21, AccTr: 0.7850000262260437, AccVa: 0.7774999737739563, CeTr: 2.5726144313812256, CeVa: 2.5791218280792236
Epoch: 22, AccTr: 0.7796000242233276, AccVa: 0.7680000066757202, CeTr: 2.675776481628418, CeVa: 2.7296359539031982
Epoch: 23, AccTr: 0.7893000245094299, AccVa: 0.7940000295639038, CeTr: 2.668771505355835, CeVa: 2.5309650897979736
Epoch: 24, AccTr: 0.7932000160217285, AccVa: 0.7850000262260437, CeTr: 2.6145386695861816, CeVa: 2.5770275592803955
Epoch: 25, AccTr: 0.7889000177383423, AccVa: 0.7919999957084656, CeTr: 2.5787460803985596, CeVa: 2.4530303478240967
Epoch: 26, AccTr: 0.7799999713897705, AccVa: 0.7879999876022339, CeTr: 2.54260516166687, CeVa: 2.4787468910217285
Epoch: 27, AccTr: 0.7890999913215637, AccVa: 0.7929999828338623, CeTr: 2.494394540786743, CeVa: 2.3380348682403564
Epoch: 28, AccTr: 0.7947999835014343, AccVa: 0.7954999804496765, CeTr: 2.4805843830108643, CeVa: 2.2743024826049805
Epoch: 29, AccTr: 0.7975999712944031, AccVa: 0.8130000233650208, CeTr: 2.4303221702575684, CeVa: 2.218576431274414
Epoch: 30, AccTr: 0.7883999943733215, AccVa: 0.7914999723434448, CeTr: 2.576036214828491, CeVa: 2.368861198425293
ENSEMBLE | Tr_Acc: 0.7883999943733215, Tr_CE: 2.576036214828491, Va_Acc: 0.7914999723434448, Va_CE: 2.368861198425293
Epoch: 31, AccTr: 0.7932000160217285, AccVa: 0.796999990940094, CeTr: 2.432166576385498, CeVa: 2.2522518634796143
Epoch: 32, AccTr: 0.795799970626831, AccVa: 0.7875000238418579, CeTr: 2.442941904067993, CeVa: 2.403805732727051
Epoch: 33, AccTr: 0.7912999987602234, AccVa: 0.7795000076293945, CeTr: 2.488344192504883, CeVa: 2.4227397441864014
Epoch: 34, AccTr: 0.7839999794960022, AccVa: 0.7760000228881836, CeTr: 2.4993512630462646, CeVa: 2.5783421993255615
Epoch: 35, AccTr: 0.7842000126838684, AccVa: 0.7764999866485596, CeTr: 2.709193468093872, CeVa: 2.756509304046631
ENSEMBLE | Tr_Acc: 0.8212000131607056, Tr_CE: 2.0741491317749023, Va_Acc: 0.8224999904632568, Va_CE: 2.0064516067504883
Epoch: 36, AccTr: 0.7835999727249146, AccVa: 0.7754999995231628, CeTr: 2.6362266540527344, CeVa: 2.6139700412750244
Epoch: 37, AccTr: 0.7838000059127808, AccVa: 0.777999997138977, CeTr: 2.4572794437408447, CeVa: 2.563494920730591
Epoch: 38, AccTr: 0.7985000014305115, AccVa: 0.7904999852180481, CeTr: 2.419782876968384, CeVa: 2.4848856925964355
Epoch: 39, AccTr: 0.7922999858856201, AccVa: 0.7680000066757202, CeTr: 2.4713730812072754, CeVa: 2.5549521446228027
Epoch: 40, AccTr: 0.7947999835014343, AccVa: 0.7904999852180481, CeTr: 2.3637986183166504, CeVa: 2.445564031600952
ENSEMBLE | Tr_Acc: 0.8374000191688538, Tr_CE: 1.7996480464935303, Va_Acc: 0.8339999914169312, Va_CE: 1.7575929164886475
Epoch: 41, AccTr: 0.7930999994277954, AccVa: 0.7900000214576721, CeTr: 2.5096726417541504, CeVa: 2.491736888885498
Epoch: 42, AccTr: 0.7954999804496765, AccVa: 0.7885000109672546, CeTr: 2.4947452545166016, CeVa: 2.423924446105957
Epoch: 43, AccTr: 0.7839999794960022, AccVa: 0.784500002861023, CeTr: 2.6884701251983643, CeVa: 2.548722267150879
Epoch: 44, AccTr: 0.7915999889373779, AccVa: 0.7820000052452087, CeTr: 2.6101739406585693, CeVa: 2.517144203186035
Epoch: 45, AccTr: 0.7879999876022339, AccVa: 0.7745000123977661, CeTr: 2.4526290893554688, CeVa: 2.449984312057495
ENSEMBLE | Tr_Acc: 0.8467000126838684, Tr_CE: 1.6878265142440796, Va_Acc: 0.8475000262260437, Va_CE: 1.6291338205337524
Epoch: 46, AccTr: 0.7843000292778015, AccVa: 0.7860000133514404, CeTr: 2.5027389526367188, CeVa: 2.4618163108825684
Epoch: 47, AccTr: 0.7885000109672546, AccVa: 0.7850000262260437, CeTr: 2.524547576904297, CeVa: 2.480595350265503
Epoch: 48, AccTr: 0.7889000177383423, AccVa: 0.7864999771118164, CeTr: 2.512317180633545, CeVa: 2.2995550632476807
Epoch: 49, AccTr: 0.7892000079154968, AccVa: 0.7854999899864197, CeTr: 2.6437809467315674, CeVa: 2.460590124130249
Epoch: 50, AccTr: 0.7921000123023987, AccVa: 0.7730000019073486, CeTr: 2.5373740196228027, CeVa: 2.502469062805176
ENSEMBLE | Tr_Acc: 0.849399983882904, Tr_CE: 1.6354963779449463, Va_Acc: 0.8485000133514404, Va_CE: 1.5694912672042847
Epoch: 51, AccTr: 0.7872999906539917, AccVa: 0.7670000195503235, CeTr: 2.5948355197906494, CeVa: 2.6483497619628906
Epoch: 52, AccTr: 0.7914999723434448, AccVa: 0.7854999899864197, CeTr: 2.4217443466186523, CeVa: 2.508441925048828
Epoch: 53, AccTr: 0.7904000282287598, AccVa: 0.7730000019073486, CeTr: 2.477933168411255, CeVa: 2.5992684364318848
Epoch: 54, AccTr: 0.7800999879837036, AccVa: 0.7770000100135803, CeTr: 2.5574495792388916, CeVa: 2.54838228225708
Epoch: 55, AccTr: 0.7857000231742859, AccVa: 0.7875000238418579, CeTr: 2.423347234725952, CeVa: 2.325634479522705
ENSEMBLE | Tr_Acc: 0.8501999974250793, Tr_CE: 1.58400559425354, Va_Acc: 0.8544999957084656, Va_CE: 1.5247429609298706
Epoch: 56, AccTr: 0.7971000075340271, AccVa: 0.7944999933242798, CeTr: 2.3227181434631348, CeVa: 2.2100534439086914
Epoch: 57, AccTr: 0.7850000262260437, AccVa: 0.7935000061988831, CeTr: 2.501563310623169, CeVa: 2.5754334926605225
Epoch: 58, AccTr: 0.7996000051498413, AccVa: 0.796500027179718, CeTr: 2.494673490524292, CeVa: 2.436805486679077
Epoch: 59, AccTr: 0.8026000261306763, AccVa: 0.7919999957084656, CeTr: 2.407949209213257, CeVa: 2.392341136932373
Epoch: 60, AccTr: 0.7932000160217285, AccVa: 0.7950000166893005, CeTr: 2.4234628677368164, CeVa: 2.404510498046875
ENSEMBLE | Tr_Acc: 0.8550999760627747, Tr_CE: 1.5539817810058594, Va_Acc: 0.8579999804496765, Va_CE: 1.5056098699569702
Epoch: 61, AccTr: 0.8052999973297119, AccVa: 0.7875000238418579, CeTr: 2.401047706604004, CeVa: 2.531243324279785
Epoch: 62, AccTr: 0.8050000071525574, AccVa: 0.7919999957084656, CeTr: 2.3874595165252686, CeVa: 2.3498153686523438
Epoch: 63, AccTr: 0.7912999987602234, AccVa: 0.7950000166893005, CeTr: 2.4848761558532715, CeVa: 2.507214069366455
Epoch: 64, AccTr: 0.7918000221252441, AccVa: 0.7835000157356262, CeTr: 2.5967071056365967, CeVa: 2.629448175430298
Epoch: 65, AccTr: 0.8051000237464905, AccVa: 0.8040000200271606, CeTr: 2.3846774101257324, CeVa: 2.326047897338867
ENSEMBLE | Tr_Acc: 0.8568999767303467, Tr_CE: 1.5253665447235107, Va_Acc: 0.8619999885559082, Va_CE: 1.4834272861480713
Epoch: 66, AccTr: 0.8008999824523926, AccVa: 0.7829999923706055, CeTr: 2.3763210773468018, CeVa: 2.494208574295044
Epoch: 67, AccTr: 0.7975999712944031, AccVa: 0.7894999980926514, CeTr: 2.392059326171875, CeVa: 2.4859774112701416
Epoch: 68, AccTr: 0.7971000075340271, AccVa: 0.7870000004768372, CeTr: 2.4010419845581055, CeVa: 2.514233350753784
Epoch: 69, AccTr: 0.7879999876022339, AccVa: 0.7864999771118164, CeTr: 2.474125623703003, CeVa: 2.3609442710876465
Epoch: 70, AccTr: 0.8003000020980835, AccVa: 0.8059999942779541, CeTr: 2.412994861602783, CeVa: 2.2335286140441895
ENSEMBLE | Tr_Acc: 0.8605999946594238, Tr_CE: 1.5027292966842651, Va_Acc: 0.8619999885559082, Va_CE: 1.4556061029434204
Epoch: 71, AccTr: 0.8105999827384949, AccVa: 0.7950000166893005, CeTr: 2.2813851833343506, CeVa: 2.3869693279266357
Epoch: 72, AccTr: 0.8072999715805054, AccVa: 0.8034999966621399, CeTr: 2.452712297439575, CeVa: 2.389300584793091
Epoch: 73, AccTr: 0.8133000135421753, AccVa: 0.815500020980835, CeTr: 2.301262855529785, CeVa: 2.210146427154541
Epoch: 74, AccTr: 0.800599992275238, AccVa: 0.8044999837875366, CeTr: 2.4234249591827393, CeVa: 2.346762180328369
Epoch: 75, AccTr: 0.7936000227928162, AccVa: 0.7754999995231628, CeTr: 2.4415218830108643, CeVa: 2.461862325668335
ENSEMBLE | Tr_Acc: 0.8615999817848206, Tr_CE: 1.486800193786621, Va_Acc: 0.8659999966621399, Va_CE: 1.4408913850784302
Epoch: 76, AccTr: 0.7954999804496765, AccVa: 0.784500002861023, CeTr: 2.405771017074585, CeVa: 2.310809850692749
Epoch: 77, AccTr: 0.8091999888420105, AccVa: 0.800000011920929, CeTr: 2.271949529647827, CeVa: 2.2206528186798096
Epoch: 78, AccTr: 0.7828999757766724, AccVa: 0.8029999732971191, CeTr: 2.546567678451538, CeVa: 2.34977126121521
Epoch: 79, AccTr: 0.7886000275611877, AccVa: 0.7875000238418579, CeTr: 2.5056378841400146, CeVa: 2.2837915420532227
Epoch: 80, AccTr: 0.7990999817848206, AccVa: 0.7935000061988831, CeTr: 2.442445993423462, CeVa: 2.596069097518921
ENSEMBLE | Tr_Acc: 0.8632000088691711, Tr_CE: 1.4775490760803223, Va_Acc: 0.8675000071525574, Va_CE: 1.4523038864135742
Epoch: 81, AccTr: 0.7943999767303467, AccVa: 0.7935000061988831, CeTr: 2.5707128047943115, CeVa: 2.7071518898010254
Epoch: 82, AccTr: 0.7897999882698059, AccVa: 0.7889999747276306, CeTr: 2.559678792953491, CeVa: 2.5029971599578857
Epoch: 83, AccTr: 0.7918999791145325, AccVa: 0.7799999713897705, CeTr: 2.452396869659424, CeVa: 2.620975971221924
Epoch: 84, AccTr: 0.7944999933242798, AccVa: 0.7994999885559082, CeTr: 2.4873507022857666, CeVa: 2.357434034347534
Epoch: 85, AccTr: 0.7922999858856201, AccVa: 0.7835000157356262, CeTr: 2.552170753479004, CeVa: 2.4760584831237793
ENSEMBLE | Tr_Acc: 0.8633999824523926, Tr_CE: 1.4734086990356445, Va_Acc: 0.8659999966621399, Va_CE: 1.4411110877990723
Epoch: 86, AccTr: 0.794700026512146, AccVa: 0.8040000200271606, CeTr: 2.5137295722961426, CeVa: 2.380545139312744
Epoch: 87, AccTr: 0.7972000241279602, AccVa: 0.7894999980926514, CeTr: 2.4179904460906982, CeVa: 2.338838815689087
Epoch: 88, AccTr: 0.7908999919891357, AccVa: 0.7944999933242798, CeTr: 2.49556565284729, CeVa: 2.3943657875061035
Epoch: 89, AccTr: 0.7961000204086304, AccVa: 0.7820000052452087, CeTr: 2.4791691303253174, CeVa: 2.654515266418457
Epoch: 90, AccTr: 0.7904999852180481, AccVa: 0.7904999852180481, CeTr: 2.439830780029297, CeVa: 2.5145976543426514
ENSEMBLE | Tr_Acc: 0.8646000027656555, Tr_CE: 1.462302565574646, Va_Acc: 0.8665000200271606, Va_CE: 1.4403835535049438
Epoch: 91, AccTr: 0.7876999974250793, AccVa: 0.7785000205039978, CeTr: 2.52917218208313, CeVa: 2.7378902435302734
Epoch: 92, AccTr: 0.7930999994277954, AccVa: 0.7900000214576721, CeTr: 2.5770163536071777, CeVa: 2.309837818145752
Epoch: 93, AccTr: 0.7915999889373779, AccVa: 0.7795000076293945, CeTr: 2.533250331878662, CeVa: 2.4876439571380615
Epoch: 94, AccTr: 0.7882999777793884, AccVa: 0.7854999899864197, CeTr: 2.528120994567871, CeVa: 2.433450222015381
Epoch: 95, AccTr: 0.8015000224113464, AccVa: 0.8065000176429749, CeTr: 2.2931854724884033, CeVa: 2.2119507789611816
ENSEMBLE | Tr_Acc: 0.8648999929428101, Tr_CE: 1.4455946683883667, Va_Acc: 0.8690000176429749, Va_CE: 1.4150880575180054
Epoch: 96, AccTr: 0.7922999858856201, AccVa: 0.7850000262260437, CeTr: 2.5172808170318604, CeVa: 2.4123971462249756
Epoch: 97, AccTr: 0.7998999953269958, AccVa: 0.800000011920929, CeTr: 2.3883004188537598, CeVa: 2.2719178199768066
Epoch: 98, AccTr: 0.7925999760627747, AccVa: 0.7894999980926514, CeTr: 2.566906690597534, CeVa: 2.5144588947296143
Epoch: 99, AccTr: 0.7897999882698059, AccVa: 0.7820000052452087, CeTr: 2.4714202880859375, CeVa: 2.635655164718628
Epoch: 100, AccTr: 0.8029000163078308, AccVa: 0.7854999899864197, CeTr: 2.5051019191741943, CeVa: 2.7208263874053955
ENSEMBLE | Tr_Acc: 0.8646000027656555, Tr_CE: 1.443433403968811, Va_Acc: 0.8665000200271606, Va_CE: 1.4194656610488892
Epoch: 101, AccTr: 0.7946000099182129, AccVa: 0.7870000004768372, CeTr: 2.5941498279571533, CeVa: 2.6464600563049316
Epoch: 102, AccTr: 0.7980999946594238, AccVa: 0.7870000004768372, CeTr: 2.4783575534820557, CeVa: 2.6400256156921387
Epoch: 103, AccTr: 0.795199990272522, AccVa: 0.7795000076293945, CeTr: 2.62703013420105, CeVa: 2.6611435413360596
Epoch: 104, AccTr: 0.7943999767303467, AccVa: 0.7889999747276306, CeTr: 2.504098892211914, CeVa: 2.4413836002349854
Epoch: 105, AccTr: 0.779699981212616, AccVa: 0.7795000076293945, CeTr: 2.672431230545044, CeVa: 2.8695406913757324
ENSEMBLE | Tr_Acc: 0.8633000254631042, Tr_CE: 1.448651909828186, Va_Acc: 0.8679999709129333, Va_CE: 1.437831997871399
Epoch: 106, AccTr: 0.7906000018119812, AccVa: 0.7879999876022339, CeTr: 2.645061731338501, CeVa: 2.783205509185791
Epoch: 107, AccTr: 0.7911999821662903, AccVa: 0.7875000238418579, CeTr: 2.6206424236297607, CeVa: 2.4894440174102783
Epoch: 108, AccTr: 0.8030999898910522, AccVa: 0.8004999756813049, CeTr: 2.519399881362915, CeVa: 2.3681561946868896
Epoch: 109, AccTr: 0.8062999844551086, AccVa: 0.8009999990463257, CeTr: 2.4749948978424072, CeVa: 2.183781147003174
Epoch: 110, AccTr: 0.7960000038146973, AccVa: 0.7929999828338623, CeTr: 2.4993717670440674, CeVa: 2.2558937072753906
ENSEMBLE | Tr_Acc: 0.8666999936103821, Tr_CE: 1.4446889162063599, Va_Acc: 0.8684999942779541, Va_CE: 1.4283881187438965
Epoch: 111, AccTr: 0.795199990272522, AccVa: 0.7835000157356262, CeTr: 2.5931222438812256, CeVa: 2.5073583126068115
Epoch: 112, AccTr: 0.8100000023841858, AccVa: 0.8025000095367432, CeTr: 2.4947710037231445, CeVa: 2.434814214706421
Epoch: 113, AccTr: 0.8051000237464905, AccVa: 0.8065000176429749, CeTr: 2.54026198387146, CeVa: 2.4852938652038574
Epoch: 114, AccTr: 0.8083000183105469, AccVa: 0.7904999852180481, CeTr: 2.4955055713653564, CeVa: 2.502488851547241
Epoch: 115, AccTr: 0.8119000196456909, AccVa: 0.8034999966621399, CeTr: 2.50480580329895, CeVa: 2.4907875061035156
ENSEMBLE | Tr_Acc: 0.8677999973297119, Tr_CE: 1.4443203210830688, Va_Acc: 0.8715000152587891, Va_CE: 1.4221292734146118
Epoch: 116, AccTr: 0.7997999787330627, AccVa: 0.7944999933242798, CeTr: 2.5604546070098877, CeVa: 2.55853009223938
Epoch: 117, AccTr: 0.8033000230789185, AccVa: 0.7885000109672546, CeTr: 2.5276172161102295, CeVa: 2.6259233951568604
Epoch: 118, AccTr: 0.8008999824523926, AccVa: 0.8054999709129333, CeTr: 2.4791035652160645, CeVa: 2.305581569671631
Epoch: 119, AccTr: 0.7939000129699707, AccVa: 0.7914999723434448, CeTr: 2.5067386627197266, CeVa: 2.543962240219116
Epoch: 120, AccTr: 0.792900025844574, AccVa: 0.7879999876022339, CeTr: 2.5339102745056152, CeVa: 2.5568342208862305
ENSEMBLE | Tr_Acc: 0.8676000237464905, Tr_CE: 1.4395241737365723, Va_Acc: 0.8705000281333923, Va_CE: 1.4232492446899414
Epoch: 121, AccTr: 0.805400013923645, AccVa: 0.8015000224113464, CeTr: 2.4928386211395264, CeVa: 2.4139530658721924
Epoch: 122, AccTr: 0.7971000075340271, AccVa: 0.7925000190734863, CeTr: 2.4512081146240234, CeVa: 2.3789334297180176
Epoch: 123, AccTr: 0.7889000177383423, AccVa: 0.7870000004768372, CeTr: 2.6504271030426025, CeVa: 2.6221580505371094
Epoch: 124, AccTr: 0.796500027179718, AccVa: 0.7910000085830688, CeTr: 2.6194510459899902, CeVa: 2.6196532249450684
Epoch: 125, AccTr: 0.7908999919891357, AccVa: 0.8044999837875366, CeTr: 2.589362859725952, CeVa: 2.6163671016693115
ENSEMBLE | Tr_Acc: 0.8680999875068665, Tr_CE: 1.4425578117370605, Va_Acc: 0.8705000281333923, Va_CE: 1.429353952407837
Epoch: 126, AccTr: 0.7986000180244446, AccVa: 0.7994999885559082, CeTr: 2.483631134033203, CeVa: 2.316988706588745
Epoch: 127, AccTr: 0.8030999898910522, AccVa: 0.7820000052452087, CeTr: 2.4741780757904053, CeVa: 2.6396946907043457
Epoch: 128, AccTr: 0.7972000241279602, AccVa: 0.8059999942779541, CeTr: 2.5620596408843994, CeVa: 2.4115653038024902
Epoch: 129, AccTr: 0.7989000082015991, AccVa: 0.8004999756813049, CeTr: 2.4669227600097656, CeVa: 2.6887362003326416
Epoch: 130, AccTr: 0.7940999865531921, AccVa: 0.7954999804496765, CeTr: 2.708343744277954, CeVa: 2.7233762741088867
ENSEMBLE | Tr_Acc: 0.8689000010490417, Tr_CE: 1.450287938117981, Va_Acc: 0.8694999814033508, Va_CE: 1.4380438327789307
Epoch: 131, AccTr: 0.7940999865531921, AccVa: 0.800000011920929, CeTr: 2.583765983581543, CeVa: 2.447859287261963
Epoch: 132, AccTr: 0.7993000149726868, AccVa: 0.796500027179718, CeTr: 2.4636735916137695, CeVa: 2.5564208030700684
Epoch: 133, AccTr: 0.795199990272522, AccVa: 0.7950000166893005, CeTr: 2.5022685527801514, CeVa: 2.5300028324127197
Epoch: 134, AccTr: 0.7985000014305115, AccVa: 0.7990000247955322, CeTr: 2.4896531105041504, CeVa: 2.437082052230835
Epoch: 135, AccTr: 0.7911999821662903, AccVa: 0.7854999899864197, CeTr: 2.552656888961792, CeVa: 2.5124237537384033
ENSEMBLE | Tr_Acc: 0.8683000206947327, Tr_CE: 1.4512966871261597, Va_Acc: 0.8684999942779541, Va_CE: 1.435192346572876
Epoch: 136, AccTr: 0.7922999858856201, AccVa: 0.7985000014305115, CeTr: 2.641068935394287, CeVa: 2.6069819927215576
Epoch: 137, AccTr: 0.7944999933242798, AccVa: 0.7839999794960022, CeTr: 2.6230008602142334, CeVa: 2.664746046066284
Epoch: 138, AccTr: 0.801800012588501, AccVa: 0.7870000004768372, CeTr: 2.506760835647583, CeVa: 2.57793927192688
Epoch: 139, AccTr: 0.7957000136375427, AccVa: 0.7799999713897705, CeTr: 2.5052011013031006, CeVa: 2.6572165489196777
Epoch: 140, AccTr: 0.7888000011444092, AccVa: 0.7914999723434448, CeTr: 2.620954990386963, CeVa: 2.4617466926574707
ENSEMBLE | Tr_Acc: 0.8686000108718872, Tr_CE: 1.4524354934692383, Va_Acc: 0.8715000152587891, Va_CE: 1.4306490421295166
Epoch: 141, AccTr: 0.7889000177383423, AccVa: 0.7894999980926514, CeTr: 2.5887796878814697, CeVa: 2.6310977935791016
Epoch: 142, AccTr: 0.809499979019165, AccVa: 0.7929999828338623, CeTr: 2.4077036380767822, CeVa: 2.54779052734375
Epoch: 143, AccTr: 0.795199990272522, AccVa: 0.7835000157356262, CeTr: 2.485179901123047, CeVa: 2.518235206604004
Epoch: 144, AccTr: 0.7926999926567078, AccVa: 0.7825000286102295, CeTr: 2.5554370880126953, CeVa: 2.499570369720459
Epoch: 145, AccTr: 0.7875999808311462, AccVa: 0.7764999866485596, CeTr: 2.59775710105896, CeVa: 2.5804216861724854
ENSEMBLE | Tr_Acc: 0.8687000274658203, Tr_CE: 1.4531430006027222, Va_Acc: 0.8700000047683716, Va_CE: 1.4284462928771973
Epoch: 146, AccTr: 0.7967000007629395, AccVa: 0.7754999995231628, CeTr: 2.5255587100982666, CeVa: 2.6177940368652344
Epoch: 147, AccTr: 0.7961000204086304, AccVa: 0.7894999980926514, CeTr: 2.5430426597595215, CeVa: 2.5802974700927734
Epoch: 148, AccTr: 0.807200014591217, AccVa: 0.7900000214576721, CeTr: 2.4621474742889404, CeVa: 2.475459098815918
Epoch: 149, AccTr: 0.8033000230789185, AccVa: 0.7894999980926514, CeTr: 2.4817562103271484, CeVa: 2.539000988006592
Epoch: 150, AccTr: 0.8051000237464905, AccVa: 0.8015000224113464, CeTr: 2.5531206130981445, CeVa: 2.367574691772461
ENSEMBLE | Tr_Acc: 0.869700014591217, Tr_CE: 1.4526902437210083, Va_Acc: 0.8709999918937683, Va_CE: 1.4195510149002075
Mod Accuracy || Mean: 0.8044999837875366	 Std: 0.0029999911785125732
Ens Accuracy || Mean: 0.8737499713897705	 Std: 0.002750009298324585
Mod CE || Mean: 2.3399806022644043	 Std: 0.02759408950805664
Ens CE || Mean: 1.399435043334961	 Std: 0.020115911960601807
