NN CONFIG
Weight-type:		binary
Layout									Layer #1: 280	Layer #2: 200	
Activation Functions					Layer #1: bs	Layer #2: bs	
Keep probabilities		Layer #0: 0.99	Layer #1: 1.0	Layer #2: 1.0	
Flat factors							Layer #1: 1.0	Layer #2: 1.0	Layer #3: 1.0	
Activation Noise						Layer #1: 0.0	Layer #2: 0.0	Layer #3: 0.0	

===================================

RUN CONFIG
Epochs: 150, Blocksize: 8

===================================

Epoch: 1, AccTr: 0.8648999929428101, AccVa: 0.8349999785423279, CeTr: 0.8350600600242615, CeVa: 1.3481923341751099
Epoch: 2, AccTr: 0.8575999736785889, AccVa: 0.8029999732971191, CeTr: 0.8156787753105164, CeVa: 1.662638783454895
Epoch: 3, AccTr: 0.8561999797821045, AccVa: 0.8115000128746033, CeTr: 0.9542360305786133, CeVa: 1.5921882390975952
Epoch: 4, AccTr: 0.8745999932289124, AccVa: 0.8209999799728394, CeTr: 0.7208464741706848, CeVa: 1.5338842868804932
Epoch: 5, AccTr: 0.8695999979972839, AccVa: 0.809499979019165, CeTr: 0.854077935218811, CeVa: 1.7970043420791626
Epoch: 6, AccTr: 0.8655999898910522, AccVa: 0.8144999742507935, CeTr: 0.8239808678627014, CeVa: 1.5515081882476807
Epoch: 7, AccTr: 0.8707000017166138, AccVa: 0.8245000243186951, CeTr: 0.867489755153656, CeVa: 1.469446063041687
Epoch: 8, AccTr: 0.8755999803543091, AccVa: 0.8190000057220459, CeTr: 0.7850678563117981, CeVa: 1.6033934354782104
Epoch: 9, AccTr: 0.8623999953269958, AccVa: 0.8184999823570251, CeTr: 0.9310331344604492, CeVa: 1.707409381866455
Epoch: 10, AccTr: 0.8740000128746033, AccVa: 0.8084999918937683, CeTr: 0.8259604573249817, CeVa: 1.731356143951416
Epoch: 11, AccTr: 0.8698999881744385, AccVa: 0.8125, CeTr: 0.8685240149497986, CeVa: 1.7006617784500122
Epoch: 12, AccTr: 0.8712999820709229, AccVa: 0.8109999895095825, CeTr: 0.8892537355422974, CeVa: 1.641250491142273
Epoch: 13, AccTr: 0.8662999868392944, AccVa: 0.8119999766349792, CeTr: 0.996661901473999, CeVa: 1.8090670108795166
Epoch: 14, AccTr: 0.8636999726295471, AccVa: 0.8190000057220459, CeTr: 0.9568092823028564, CeVa: 1.7933506965637207
Epoch: 15, AccTr: 0.8733999729156494, AccVa: 0.8004999756813049, CeTr: 0.8139418363571167, CeVa: 1.9095253944396973
Epoch: 16, AccTr: 0.8751999735832214, AccVa: 0.7950000166893005, CeTr: 0.8612366914749146, CeVa: 1.9866960048675537
Epoch: 17, AccTr: 0.8729000091552734, AccVa: 0.8040000200271606, CeTr: 0.9136561751365662, CeVa: 2.076491594314575
Epoch: 18, AccTr: 0.8687000274658203, AccVa: 0.8134999871253967, CeTr: 0.9029046893119812, CeVa: 1.9641430377960205
Epoch: 19, AccTr: 0.870199978351593, AccVa: 0.8119999766349792, CeTr: 0.9498441219329834, CeVa: 1.9082155227661133
Epoch: 20, AccTr: 0.8694000244140625, AccVa: 0.809499979019165, CeTr: 0.9440557360649109, CeVa: 2.021510362625122
Epoch: 21, AccTr: 0.8677999973297119, AccVa: 0.8144999742507935, CeTr: 0.9828003644943237, CeVa: 1.8217053413391113
Epoch: 22, AccTr: 0.867900013923645, AccVa: 0.8159999847412109, CeTr: 1.029266357421875, CeVa: 1.8399196863174438
Epoch: 23, AccTr: 0.8794999718666077, AccVa: 0.8234999775886536, CeTr: 0.8206396698951721, CeVa: 1.7491867542266846
Epoch: 24, AccTr: 0.878000020980835, AccVa: 0.8264999985694885, CeTr: 0.9023804664611816, CeVa: 1.9323369264602661
Epoch: 25, AccTr: 0.873199999332428, AccVa: 0.815500020980835, CeTr: 0.8878065347671509, CeVa: 1.8724801540374756
Epoch: 26, AccTr: 0.8712999820709229, AccVa: 0.8149999976158142, CeTr: 0.9502885937690735, CeVa: 1.8061137199401855
Epoch: 27, AccTr: 0.8751999735832214, AccVa: 0.8174999952316284, CeTr: 0.949522852897644, CeVa: 1.9075617790222168
Epoch: 28, AccTr: 0.8810999989509583, AccVa: 0.8234999775886536, CeTr: 0.8802679777145386, CeVa: 1.9928867816925049
Epoch: 29, AccTr: 0.8787000179290771, AccVa: 0.8169999718666077, CeTr: 0.8709931373596191, CeVa: 2.0443050861358643
Epoch: 30, AccTr: 0.8823999762535095, AccVa: 0.8159999847412109, CeTr: 0.8470124006271362, CeVa: 1.9223201274871826
ENSEMBLE | Tr_Acc: 0.8823999762535095, Tr_CE: 0.8470124006271362, Va_Acc: 0.8159999847412109, Va_CE: 1.9223201274871826
Epoch: 31, AccTr: 0.8744999766349792, AccVa: 0.8255000114440918, CeTr: 0.9052913188934326, CeVa: 1.855435848236084
Epoch: 32, AccTr: 0.878000020980835, AccVa: 0.8215000033378601, CeTr: 0.9075583815574646, CeVa: 1.9814658164978027
Epoch: 33, AccTr: 0.8733000159263611, AccVa: 0.8090000152587891, CeTr: 0.8954684734344482, CeVa: 1.9327033758163452
Epoch: 34, AccTr: 0.8659999966621399, AccVa: 0.8130000233650208, CeTr: 1.013822317123413, CeVa: 1.9948121309280396
Epoch: 35, AccTr: 0.8675000071525574, AccVa: 0.828000009059906, CeTr: 1.0745900869369507, CeVa: 2.003422737121582
ENSEMBLE | Tr_Acc: 0.9307000041007996, Tr_CE: 0.4323000907897949, Va_Acc: 0.8690000176429749, Va_CE: 1.2887048721313477
Epoch: 36, AccTr: 0.8737000226974487, AccVa: 0.8220000267028809, CeTr: 1.036669135093689, CeVa: 1.8590648174285889
Epoch: 37, AccTr: 0.8709999918937683, AccVa: 0.8084999918937683, CeTr: 1.028159737586975, CeVa: 2.151437520980835
Epoch: 38, AccTr: 0.8804000020027161, AccVa: 0.8125, CeTr: 0.9471327066421509, CeVa: 2.079826831817627
Epoch: 39, AccTr: 0.8758999705314636, AccVa: 0.8059999942779541, CeTr: 0.9411436319351196, CeVa: 2.043440818786621
Epoch: 40, AccTr: 0.8676000237464905, AccVa: 0.8130000233650208, CeTr: 1.0651501417160034, CeVa: 2.0742592811584473
ENSEMBLE | Tr_Acc: 0.9459999799728394, Tr_CE: 0.304186075925827, Va_Acc: 0.8849999904632568, Va_CE: 1.0697109699249268
Epoch: 41, AccTr: 0.8748999834060669, AccVa: 0.8109999895095825, CeTr: 1.0143775939941406, CeVa: 2.3055083751678467
Epoch: 42, AccTr: 0.8841000199317932, AccVa: 0.8149999976158142, CeTr: 0.9277471899986267, CeVa: 2.144167423248291
Epoch: 43, AccTr: 0.8780999779701233, AccVa: 0.8119999766349792, CeTr: 0.9420092701911926, CeVa: 1.9033972024917603
Epoch: 44, AccTr: 0.8747000098228455, AccVa: 0.8220000267028809, CeTr: 1.0246970653533936, CeVa: 1.9368844032287598
Epoch: 45, AccTr: 0.8809000253677368, AccVa: 0.8190000057220459, CeTr: 0.9088400602340698, CeVa: 2.0069010257720947
ENSEMBLE | Tr_Acc: 0.9574000239372253, Tr_CE: 0.23673388361930847, Va_Acc: 0.8914999961853027, Va_CE: 0.9919271469116211
Epoch: 46, AccTr: 0.871399998664856, AccVa: 0.8199999928474426, CeTr: 1.0367412567138672, CeVa: 2.042126417160034
Epoch: 47, AccTr: 0.8774999976158142, AccVa: 0.8140000104904175, CeTr: 0.9502392411231995, CeVa: 2.112877130508423
Epoch: 48, AccTr: 0.8755000233650208, AccVa: 0.8100000023841858, CeTr: 1.035565972328186, CeVa: 2.20430064201355
Epoch: 49, AccTr: 0.8741000294685364, AccVa: 0.8080000281333923, CeTr: 1.0120785236358643, CeVa: 2.1674392223358154
Epoch: 50, AccTr: 0.8824999928474426, AccVa: 0.8004999756813049, CeTr: 0.9157161116600037, CeVa: 2.1427037715911865
ENSEMBLE | Tr_Acc: 0.9625999927520752, Tr_CE: 0.19700202345848083, Va_Acc: 0.8939999938011169, Va_CE: 0.9399877190589905
Epoch: 51, AccTr: 0.8781999945640564, AccVa: 0.809499979019165, CeTr: 0.9561699032783508, CeVa: 2.131948232650757
Epoch: 52, AccTr: 0.8727999925613403, AccVa: 0.8149999976158142, CeTr: 1.01521635055542, CeVa: 2.07287335395813
Epoch: 53, AccTr: 0.8762000203132629, AccVa: 0.8130000233650208, CeTr: 0.9376861453056335, CeVa: 2.0253653526306152
Epoch: 54, AccTr: 0.8695999979972839, AccVa: 0.8115000128746033, CeTr: 1.059050440788269, CeVa: 2.0232205390930176
Epoch: 55, AccTr: 0.8708999752998352, AccVa: 0.8050000071525574, CeTr: 0.9764881134033203, CeVa: 2.154376983642578
ENSEMBLE | Tr_Acc: 0.9656999707221985, Tr_CE: 0.17565153539180756, Va_Acc: 0.8974999785423279, Va_CE: 0.9085634350776672
Epoch: 56, AccTr: 0.8676000237464905, AccVa: 0.7979999780654907, CeTr: 1.0437088012695312, CeVa: 2.144695520401001
Epoch: 57, AccTr: 0.8650000095367432, AccVa: 0.7839999794960022, CeTr: 1.0663740634918213, CeVa: 2.5117838382720947
Epoch: 58, AccTr: 0.8690999746322632, AccVa: 0.8075000047683716, CeTr: 1.0564359426498413, CeVa: 2.1781105995178223
Epoch: 59, AccTr: 0.8718000054359436, AccVa: 0.8054999709129333, CeTr: 1.0579882860183716, CeVa: 2.2676737308502197
Epoch: 60, AccTr: 0.8684999942779541, AccVa: 0.8069999814033508, CeTr: 0.9962615966796875, CeVa: 2.1858599185943604
ENSEMBLE | Tr_Acc: 0.9678999781608582, Tr_CE: 0.16302695870399475, Va_Acc: 0.902999997138977, Va_CE: 0.8813333511352539
Epoch: 61, AccTr: 0.866100013256073, AccVa: 0.8140000104904175, CeTr: 1.0841774940490723, CeVa: 2.125919818878174
Epoch: 62, AccTr: 0.8690000176429749, AccVa: 0.8019999861717224, CeTr: 1.031087875366211, CeVa: 2.3679914474487305
Epoch: 63, AccTr: 0.8772000074386597, AccVa: 0.8130000233650208, CeTr: 0.9265262484550476, CeVa: 2.2358953952789307
Epoch: 64, AccTr: 0.8737999796867371, AccVa: 0.7979999780654907, CeTr: 1.0003043413162231, CeVa: 2.333143472671509
Epoch: 65, AccTr: 0.8693000078201294, AccVa: 0.8075000047683716, CeTr: 1.065626859664917, CeVa: 2.2680957317352295
ENSEMBLE | Tr_Acc: 0.9688000082969666, Tr_CE: 0.14933530986309052, Va_Acc: 0.9035000205039978, Va_CE: 0.8680295348167419
Epoch: 66, AccTr: 0.8668000102043152, AccVa: 0.7904999852180481, CeTr: 1.0606518983840942, CeVa: 2.388385772705078
Epoch: 67, AccTr: 0.8651000261306763, AccVa: 0.8069999814033508, CeTr: 1.1097831726074219, CeVa: 2.159526824951172
Epoch: 68, AccTr: 0.8743000030517578, AccVa: 0.8105000257492065, CeTr: 1.0206050872802734, CeVa: 2.181882619857788
Epoch: 69, AccTr: 0.875, AccVa: 0.8084999918937683, CeTr: 1.034692645072937, CeVa: 2.209986925125122
Epoch: 70, AccTr: 0.876800000667572, AccVa: 0.8169999718666077, CeTr: 0.989916980266571, CeVa: 2.2060437202453613
ENSEMBLE | Tr_Acc: 0.968999981880188, Tr_CE: 0.13912321627140045, Va_Acc: 0.9110000133514404, Va_CE: 0.8522595167160034
Epoch: 71, AccTr: 0.8766999840736389, AccVa: 0.8205000162124634, CeTr: 1.0016778707504272, CeVa: 2.0942373275756836
Epoch: 72, AccTr: 0.8658000230789185, AccVa: 0.8100000023841858, CeTr: 1.098702311515808, CeVa: 2.148886203765869
Epoch: 73, AccTr: 0.8769999742507935, AccVa: 0.8115000128746033, CeTr: 0.985830545425415, CeVa: 2.1551671028137207
Epoch: 74, AccTr: 0.859000027179718, AccVa: 0.8165000081062317, CeTr: 1.2565189599990845, CeVa: 2.1249382495880127
Epoch: 75, AccTr: 0.8636999726295471, AccVa: 0.7975000143051147, CeTr: 1.0701366662979126, CeVa: 2.2861621379852295
ENSEMBLE | Tr_Acc: 0.9702000021934509, Tr_CE: 0.13221225142478943, Va_Acc: 0.9079999923706055, Va_CE: 0.8522591590881348
Epoch: 76, AccTr: 0.8646000027656555, AccVa: 0.8080000281333923, CeTr: 1.1232831478118896, CeVa: 2.161647081375122
Epoch: 77, AccTr: 0.8686000108718872, AccVa: 0.809499979019165, CeTr: 1.0568984746932983, CeVa: 2.0675668716430664
Epoch: 78, AccTr: 0.8698999881744385, AccVa: 0.809499979019165, CeTr: 1.0560458898544312, CeVa: 2.316847562789917
Epoch: 79, AccTr: 0.8686000108718872, AccVa: 0.8059999942779541, CeTr: 1.0359737873077393, CeVa: 2.1445248126983643
Epoch: 80, AccTr: 0.8729000091552734, AccVa: 0.8109999895095825, CeTr: 1.0981087684631348, CeVa: 2.1566388607025146
ENSEMBLE | Tr_Acc: 0.9713000059127808, Tr_CE: 0.13014636933803558, Va_Acc: 0.9150000214576721, Va_CE: 0.8275644183158875
Epoch: 81, AccTr: 0.8738999962806702, AccVa: 0.8115000128746033, CeTr: 1.0623911619186401, CeVa: 2.1281301975250244
Epoch: 82, AccTr: 0.8730999827384949, AccVa: 0.8174999952316284, CeTr: 1.0505884885787964, CeVa: 2.2957377433776855
Epoch: 83, AccTr: 0.8697999715805054, AccVa: 0.8004999756813049, CeTr: 1.0106500387191772, CeVa: 2.2900853157043457
Epoch: 84, AccTr: 0.8748999834060669, AccVa: 0.8134999871253967, CeTr: 1.0194798707962036, CeVa: 2.1452009677886963
Epoch: 85, AccTr: 0.8716999888420105, AccVa: 0.8009999990463257, CeTr: 1.0208070278167725, CeVa: 2.0940754413604736
ENSEMBLE | Tr_Acc: 0.9724000096321106, Tr_CE: 0.12698335945606232, Va_Acc: 0.9175000190734863, Va_CE: 0.8027408123016357
Epoch: 86, AccTr: 0.8799999952316284, AccVa: 0.7935000061988831, CeTr: 0.8901256918907166, CeVa: 2.266746759414673
Epoch: 87, AccTr: 0.8729000091552734, AccVa: 0.8169999718666077, CeTr: 1.035879135131836, CeVa: 2.193213701248169
Epoch: 88, AccTr: 0.8694999814033508, AccVa: 0.8165000081062317, CeTr: 1.0858502388000488, CeVa: 2.2132582664489746
Epoch: 89, AccTr: 0.873199999332428, AccVa: 0.8009999990463257, CeTr: 1.0413507223129272, CeVa: 2.3867204189300537
Epoch: 90, AccTr: 0.878600001335144, AccVa: 0.8029999732971191, CeTr: 1.0258946418762207, CeVa: 2.24942684173584
ENSEMBLE | Tr_Acc: 0.9736999869346619, Tr_CE: 0.12422258406877518, Va_Acc: 0.9154999852180481, Va_CE: 0.8032287359237671
Epoch: 91, AccTr: 0.8805999755859375, AccVa: 0.8324999809265137, CeTr: 0.9605544805526733, CeVa: 2.029343605041504
Epoch: 92, AccTr: 0.8762000203132629, AccVa: 0.8140000104904175, CeTr: 0.9898720979690552, CeVa: 2.2679154872894287
Epoch: 93, AccTr: 0.8805999755859375, AccVa: 0.8195000290870667, CeTr: 0.9314468502998352, CeVa: 2.2458395957946777
Epoch: 94, AccTr: 0.8729000091552734, AccVa: 0.8234999775886536, CeTr: 1.0492998361587524, CeVa: 2.1677651405334473
Epoch: 95, AccTr: 0.8691999912261963, AccVa: 0.8305000066757202, CeTr: 1.0645439624786377, CeVa: 2.1614551544189453
ENSEMBLE | Tr_Acc: 0.9739999771118164, Tr_CE: 0.12220202386379242, Va_Acc: 0.9169999957084656, Va_CE: 0.7820299863815308
Epoch: 96, AccTr: 0.8615000247955322, AccVa: 0.8234999775886536, CeTr: 1.1679277420043945, CeVa: 2.1494829654693604
Epoch: 97, AccTr: 0.8659999966621399, AccVa: 0.8224999904632568, CeTr: 1.1332600116729736, CeVa: 2.198570728302002
Epoch: 98, AccTr: 0.871999979019165, AccVa: 0.8220000267028809, CeTr: 1.0367076396942139, CeVa: 2.229278564453125
Epoch: 99, AccTr: 0.8716999888420105, AccVa: 0.8199999928474426, CeTr: 0.9903349876403809, CeVa: 2.2212471961975098
Epoch: 100, AccTr: 0.8754000067710876, AccVa: 0.8144999742507935, CeTr: 0.990599513053894, CeVa: 2.205781936645508
ENSEMBLE | Tr_Acc: 0.9750999808311462, Tr_CE: 0.11696390062570572, Va_Acc: 0.9169999957084656, Va_CE: 0.7715508937835693
Epoch: 101, AccTr: 0.8716999888420105, AccVa: 0.8169999718666077, CeTr: 1.0713287591934204, CeVa: 2.1613974571228027
Epoch: 102, AccTr: 0.8733999729156494, AccVa: 0.8199999928474426, CeTr: 1.0446847677230835, CeVa: 2.1226704120635986
Epoch: 103, AccTr: 0.8733000159263611, AccVa: 0.815500020980835, CeTr: 1.0071067810058594, CeVa: 2.270266532897949
Epoch: 104, AccTr: 0.8702999949455261, AccVa: 0.8109999895095825, CeTr: 1.0478086471557617, CeVa: 2.330579996109009
Epoch: 105, AccTr: 0.8605999946594238, AccVa: 0.8130000233650208, CeTr: 1.207492709159851, CeVa: 2.229090929031372
ENSEMBLE | Tr_Acc: 0.9739999771118164, Tr_CE: 0.11664775758981705, Va_Acc: 0.9179999828338623, Va_CE: 0.7700117230415344
Epoch: 106, AccTr: 0.8618000149726868, AccVa: 0.8140000104904175, CeTr: 1.1825002431869507, CeVa: 2.169463634490967
Epoch: 107, AccTr: 0.8677999973297119, AccVa: 0.8040000200271606, CeTr: 1.065770149230957, CeVa: 2.3229119777679443
Epoch: 108, AccTr: 0.8637999892234802, AccVa: 0.8080000281333923, CeTr: 1.1620181798934937, CeVa: 2.2666876316070557
Epoch: 109, AccTr: 0.8705999851226807, AccVa: 0.8065000176429749, CeTr: 1.1025519371032715, CeVa: 2.3069803714752197
Epoch: 110, AccTr: 0.8615999817848206, AccVa: 0.8069999814033508, CeTr: 1.1867598295211792, CeVa: 2.314319372177124
ENSEMBLE | Tr_Acc: 0.975600004196167, Tr_CE: 0.11635047942399979, Va_Acc: 0.9200000166893005, Va_CE: 0.7674046754837036
Epoch: 111, AccTr: 0.8651999831199646, AccVa: 0.7944999933242798, CeTr: 1.0844696760177612, CeVa: 2.673383951187134
Epoch: 112, AccTr: 0.8580999970436096, AccVa: 0.7919999957084656, CeTr: 1.2358582019805908, CeVa: 2.479865789413452
Epoch: 113, AccTr: 0.8600000143051147, AccVa: 0.8159999847412109, CeTr: 1.2079761028289795, CeVa: 2.2754456996917725
Epoch: 114, AccTr: 0.8633000254631042, AccVa: 0.8144999742507935, CeTr: 1.2326246500015259, CeVa: 2.2491397857666016
Epoch: 115, AccTr: 0.8687000274658203, AccVa: 0.815500020980835, CeTr: 1.0224707126617432, CeVa: 2.186854600906372
ENSEMBLE | Tr_Acc: 0.975600004196167, Tr_CE: 0.11417371779680252, Va_Acc: 0.9210000038146973, Va_CE: 0.7618644833564758
Epoch: 116, AccTr: 0.8694999814033508, AccVa: 0.8105000257492065, CeTr: 1.1533557176589966, CeVa: 2.3367607593536377
Epoch: 117, AccTr: 0.8690000176429749, AccVa: 0.815500020980835, CeTr: 1.0859326124191284, CeVa: 2.3516643047332764
Epoch: 118, AccTr: 0.8734999895095825, AccVa: 0.8115000128746033, CeTr: 1.025688648223877, CeVa: 2.316009521484375
Epoch: 119, AccTr: 0.870199978351593, AccVa: 0.8069999814033508, CeTr: 1.139366865158081, CeVa: 2.5175909996032715
Epoch: 120, AccTr: 0.866100013256073, AccVa: 0.8144999742507935, CeTr: 1.1274596452713013, CeVa: 2.3108808994293213
ENSEMBLE | Tr_Acc: 0.9763000011444092, Tr_CE: 0.1138487160205841, Va_Acc: 0.9210000038146973, Va_CE: 0.7568871974945068
Epoch: 121, AccTr: 0.8605999946594238, AccVa: 0.8050000071525574, CeTr: 1.210879921913147, CeVa: 2.3561806678771973
Epoch: 122, AccTr: 0.8755000233650208, AccVa: 0.8119999766349792, CeTr: 1.0353920459747314, CeVa: 2.439268112182617
Epoch: 123, AccTr: 0.8712000250816345, AccVa: 0.8125, CeTr: 1.0396039485931396, CeVa: 2.2813661098480225
Epoch: 124, AccTr: 0.8641999959945679, AccVa: 0.8025000095367432, CeTr: 1.1313397884368896, CeVa: 2.3594448566436768
Epoch: 125, AccTr: 0.8708000183105469, AccVa: 0.8075000047683716, CeTr: 1.060157060623169, CeVa: 2.3571689128875732
ENSEMBLE | Tr_Acc: 0.9765999913215637, Tr_CE: 0.11225859075784683, Va_Acc: 0.9240000247955322, Va_CE: 0.7571493983268738
Epoch: 126, AccTr: 0.8676999807357788, AccVa: 0.800000011920929, CeTr: 1.1209839582443237, CeVa: 2.549393653869629
Epoch: 127, AccTr: 0.864300012588501, AccVa: 0.8069999814033508, CeTr: 1.1727055311203003, CeVa: 2.3015356063842773
Epoch: 128, AccTr: 0.8632000088691711, AccVa: 0.8230000138282776, CeTr: 1.1281261444091797, CeVa: 2.1748623847961426
Epoch: 129, AccTr: 0.8733999729156494, AccVa: 0.8199999928474426, CeTr: 0.996405839920044, CeVa: 2.2243807315826416
Epoch: 130, AccTr: 0.8700000047683716, AccVa: 0.815500020980835, CeTr: 1.107201337814331, CeVa: 2.1868348121643066
ENSEMBLE | Tr_Acc: 0.9771999716758728, Tr_CE: 0.11064433306455612, Va_Acc: 0.9225000143051147, Va_CE: 0.7584813237190247
Epoch: 131, AccTr: 0.8729000091552734, AccVa: 0.8144999742507935, CeTr: 1.1603312492370605, CeVa: 2.382632255554199
Epoch: 132, AccTr: 0.8712000250816345, AccVa: 0.8109999895095825, CeTr: 1.1449087858200073, CeVa: 2.36960768699646
Epoch: 133, AccTr: 0.8659999966621399, AccVa: 0.8029999732971191, CeTr: 1.0899521112442017, CeVa: 2.203305244445801
Epoch: 134, AccTr: 0.8615000247955322, AccVa: 0.809499979019165, CeTr: 1.1946027278900146, CeVa: 2.1967289447784424
Epoch: 135, AccTr: 0.8608999848365784, AccVa: 0.8084999918937683, CeTr: 1.2385969161987305, CeVa: 2.3344507217407227
ENSEMBLE | Tr_Acc: 0.9765999913215637, Tr_CE: 0.11196144670248032, Va_Acc: 0.921500027179718, Va_CE: 0.759637713432312
Epoch: 136, AccTr: 0.8654999732971191, AccVa: 0.7975000143051147, CeTr: 1.133736491203308, CeVa: 2.285050868988037
Epoch: 137, AccTr: 0.8597999811172485, AccVa: 0.8065000176429749, CeTr: 1.3044452667236328, CeVa: 2.3170688152313232
Epoch: 138, AccTr: 0.8564000129699707, AccVa: 0.8245000243186951, CeTr: 1.2987459897994995, CeVa: 2.3573100566864014
Epoch: 139, AccTr: 0.8773000240325928, AccVa: 0.8220000267028809, CeTr: 1.0612363815307617, CeVa: 2.1766538619995117
Epoch: 140, AccTr: 0.863099992275238, AccVa: 0.8119999766349792, CeTr: 1.2373934984207153, CeVa: 2.1656246185302734
ENSEMBLE | Tr_Acc: 0.9764000177383423, Tr_CE: 0.11310437321662903, Va_Acc: 0.9235000014305115, Va_CE: 0.7579625248908997
Epoch: 141, AccTr: 0.864799976348877, AccVa: 0.796500027179718, CeTr: 1.128044843673706, CeVa: 2.4259033203125
Epoch: 142, AccTr: 0.8694000244140625, AccVa: 0.8119999766349792, CeTr: 1.0936777591705322, CeVa: 2.265238046646118
Epoch: 143, AccTr: 0.8691999912261963, AccVa: 0.8134999871253967, CeTr: 1.1110451221466064, CeVa: 2.3923377990722656
Epoch: 144, AccTr: 0.8733999729156494, AccVa: 0.8130000233650208, CeTr: 1.10432767868042, CeVa: 2.2421069145202637
Epoch: 145, AccTr: 0.8593000173568726, AccVa: 0.8100000023841858, CeTr: 1.1851074695587158, CeVa: 2.2824156284332275
ENSEMBLE | Tr_Acc: 0.9765999913215637, Tr_CE: 0.11259233206510544, Va_Acc: 0.9235000014305115, Va_CE: 0.7534473538398743
Epoch: 146, AccTr: 0.869700014591217, AccVa: 0.8075000047683716, CeTr: 1.026955246925354, CeVa: 2.3114101886749268
Epoch: 147, AccTr: 0.8686000108718872, AccVa: 0.8159999847412109, CeTr: 1.1318334341049194, CeVa: 2.337503433227539
Epoch: 148, AccTr: 0.8708000183105469, AccVa: 0.8054999709129333, CeTr: 1.082993507385254, CeVa: 2.2546236515045166
Epoch: 149, AccTr: 0.8748999834060669, AccVa: 0.8125, CeTr: 1.0246498584747314, CeVa: 2.305299758911133
Epoch: 150, AccTr: 0.8669000267982483, AccVa: 0.8075000047683716, CeTr: 1.1059060096740723, CeVa: 2.3255419731140137
ENSEMBLE | Tr_Acc: 0.9771000146865845, Tr_CE: 0.11194620281457901, Va_Acc: 0.9229999780654907, Va_CE: 0.7459906935691833
NN CONFIG
Weight-type:		binary
Layout									Layer #1: 280	Layer #2: 200	
Activation Functions					Layer #1: bs	Layer #2: bs	
Keep probabilities		Layer #0: 0.99	Layer #1: 1.0	Layer #2: 1.0	
Flat factors							Layer #1: 1.0	Layer #2: 1.0	Layer #3: 1.0	
Activation Noise						Layer #1: 0.0	Layer #2: 0.0	Layer #3: 0.0	

===================================

RUN CONFIG
Epochs: 150, Blocksize: 8

===================================

Epoch: 1, AccTr: 0.8862000107765198, AccVa: 0.8339999914169312, CeTr: 0.7947337031364441, CeVa: 1.818577527999878
Epoch: 2, AccTr: 0.8848999738693237, AccVa: 0.8144999742507935, CeTr: 0.7911690473556519, CeVa: 1.7310237884521484
Epoch: 3, AccTr: 0.8748000264167786, AccVa: 0.8205000162124634, CeTr: 0.8709204792976379, CeVa: 1.9032195806503296
Epoch: 4, AccTr: 0.8744000196456909, AccVa: 0.8274999856948853, CeTr: 0.8644256591796875, CeVa: 1.8558653593063354
Epoch: 5, AccTr: 0.8751999735832214, AccVa: 0.8224999904632568, CeTr: 0.8476723432540894, CeVa: 1.9284310340881348
Epoch: 6, AccTr: 0.8794000148773193, AccVa: 0.824999988079071, CeTr: 0.8804477453231812, CeVa: 1.7656769752502441
Epoch: 7, AccTr: 0.8776000142097473, AccVa: 0.8209999799728394, CeTr: 0.8952761888504028, CeVa: 1.858282446861267
Epoch: 8, AccTr: 0.8708999752998352, AccVa: 0.8130000233650208, CeTr: 1.018858551979065, CeVa: 2.0778822898864746
Epoch: 9, AccTr: 0.873199999332428, AccVa: 0.8180000185966492, CeTr: 1.0008535385131836, CeVa: 2.090304136276245
Epoch: 10, AccTr: 0.8828999996185303, AccVa: 0.8134999871253967, CeTr: 0.8278140425682068, CeVa: 1.8886359930038452
Epoch: 11, AccTr: 0.8700000047683716, AccVa: 0.8090000152587891, CeTr: 0.9641162157058716, CeVa: 1.9298884868621826
Epoch: 12, AccTr: 0.887499988079071, AccVa: 0.8195000290870667, CeTr: 0.7792832255363464, CeVa: 2.0209264755249023
Epoch: 13, AccTr: 0.8795999884605408, AccVa: 0.8289999961853027, CeTr: 0.8522161841392517, CeVa: 1.8828015327453613
Epoch: 14, AccTr: 0.886900007724762, AccVa: 0.8224999904632568, CeTr: 0.8564480543136597, CeVa: 2.0186703205108643
Epoch: 15, AccTr: 0.8835999965667725, AccVa: 0.8205000162124634, CeTr: 0.818583607673645, CeVa: 1.8664296865463257
Epoch: 16, AccTr: 0.879800021648407, AccVa: 0.824999988079071, CeTr: 0.9115083813667297, CeVa: 1.9020183086395264
Epoch: 17, AccTr: 0.8870000243186951, AccVa: 0.8199999928474426, CeTr: 0.8385229706764221, CeVa: 1.9557561874389648
Epoch: 18, AccTr: 0.879800021648407, AccVa: 0.8234999775886536, CeTr: 0.8798982501029968, CeVa: 2.1266191005706787
Epoch: 19, AccTr: 0.8896999955177307, AccVa: 0.8240000009536743, CeTr: 0.8433574438095093, CeVa: 1.868926763534546
Epoch: 20, AccTr: 0.8809000253677368, AccVa: 0.8305000066757202, CeTr: 0.9456191658973694, CeVa: 2.0939230918884277
Epoch: 21, AccTr: 0.8748000264167786, AccVa: 0.8274999856948853, CeTr: 1.0409138202667236, CeVa: 2.0944249629974365
Epoch: 22, AccTr: 0.885200023651123, AccVa: 0.8255000114440918, CeTr: 0.8681736588478088, CeVa: 1.9444071054458618
Epoch: 23, AccTr: 0.8852999806404114, AccVa: 0.828499972820282, CeTr: 0.8864408135414124, CeVa: 1.9052695035934448
Epoch: 24, AccTr: 0.8780999779701233, AccVa: 0.8209999799728394, CeTr: 1.001711368560791, CeVa: 2.0277585983276367
Epoch: 25, AccTr: 0.8902000188827515, AccVa: 0.8234999775886536, CeTr: 0.7802995443344116, CeVa: 2.0013556480407715
Epoch: 26, AccTr: 0.880299985408783, AccVa: 0.828000009059906, CeTr: 0.9541484117507935, CeVa: 1.9667649269104004
Epoch: 27, AccTr: 0.8838000297546387, AccVa: 0.8270000219345093, CeTr: 0.8852716684341431, CeVa: 1.9964756965637207
Epoch: 28, AccTr: 0.8784000277519226, AccVa: 0.8234999775886536, CeTr: 0.9495866298675537, CeVa: 2.2271952629089355
Epoch: 29, AccTr: 0.8860999941825867, AccVa: 0.8195000290870667, CeTr: 0.8909185528755188, CeVa: 2.3318982124328613
Epoch: 30, AccTr: 0.8819000124931335, AccVa: 0.8245000243186951, CeTr: 0.9314150214195251, CeVa: 2.2375035285949707
ENSEMBLE | Tr_Acc: 0.8819000124931335, Tr_CE: 0.9314150214195251, Va_Acc: 0.8245000243186951, Va_CE: 2.2375035285949707
Epoch: 31, AccTr: 0.8863000273704529, AccVa: 0.828499972820282, CeTr: 0.9139427542686462, CeVa: 2.2003695964813232
Epoch: 32, AccTr: 0.8960000276565552, AccVa: 0.8205000162124634, CeTr: 0.7901719212532043, CeVa: 2.09795880317688
Epoch: 33, AccTr: 0.8813999891281128, AccVa: 0.8199999928474426, CeTr: 0.9342374205589294, CeVa: 2.1476399898529053
Epoch: 34, AccTr: 0.8844000101089478, AccVa: 0.8130000233650208, CeTr: 0.9119699001312256, CeVa: 2.1698665618896484
Epoch: 35, AccTr: 0.8769999742507935, AccVa: 0.8255000114440918, CeTr: 0.9288620948791504, CeVa: 2.171518087387085
ENSEMBLE | Tr_Acc: 0.9337000250816345, Tr_CE: 0.4021380543708801, Va_Acc: 0.8669999837875366, Va_CE: 1.455370306968689
Epoch: 36, AccTr: 0.8852999806404114, AccVa: 0.8220000267028809, CeTr: 0.9232308864593506, CeVa: 2.198822259902954
Epoch: 37, AccTr: 0.8668000102043152, AccVa: 0.8259999752044678, CeTr: 1.1390128135681152, CeVa: 2.0837650299072266
Epoch: 38, AccTr: 0.8698999881744385, AccVa: 0.8190000057220459, CeTr: 1.1037148237228394, CeVa: 2.118476629257202
Epoch: 39, AccTr: 0.8619999885559082, AccVa: 0.8075000047683716, CeTr: 1.1816941499710083, CeVa: 2.3371760845184326
Epoch: 40, AccTr: 0.8720999956130981, AccVa: 0.8159999847412109, CeTr: 1.0864769220352173, CeVa: 2.120591640472412
ENSEMBLE | Tr_Acc: 0.9484999775886536, Tr_CE: 0.2975159287452698, Va_Acc: 0.878000020980835, Va_CE: 1.2215367555618286
Epoch: 41, AccTr: 0.8787000179290771, AccVa: 0.8230000138282776, CeTr: 1.0357298851013184, CeVa: 2.231661558151245
Epoch: 42, AccTr: 0.8787000179290771, AccVa: 0.8190000057220459, CeTr: 0.9637148380279541, CeVa: 2.223257541656494
Epoch: 43, AccTr: 0.8707000017166138, AccVa: 0.8169999718666077, CeTr: 1.0370310544967651, CeVa: 2.2345404624938965
Epoch: 44, AccTr: 0.8866999745368958, AccVa: 0.828000009059906, CeTr: 0.8674439191818237, CeVa: 2.1665337085723877
Epoch: 45, AccTr: 0.8781999945640564, AccVa: 0.8289999961853027, CeTr: 0.9643461108207703, CeVa: 2.0960395336151123
ENSEMBLE | Tr_Acc: 0.9578999876976013, Tr_CE: 0.23329724371433258, Va_Acc: 0.887499988079071, Va_CE: 1.0718272924423218
Epoch: 46, AccTr: 0.8787999749183655, AccVa: 0.8159999847412109, CeTr: 0.9204127788543701, CeVa: 2.188474655151367
Epoch: 47, AccTr: 0.8853999972343445, AccVa: 0.8174999952316284, CeTr: 0.9636730551719666, CeVa: 2.14133620262146
Epoch: 48, AccTr: 0.8865000009536743, AccVa: 0.828000009059906, CeTr: 0.9212462902069092, CeVa: 2.2726054191589355
Epoch: 49, AccTr: 0.8777999877929688, AccVa: 0.8140000104904175, CeTr: 0.9921807646751404, CeVa: 2.2104203701019287
Epoch: 50, AccTr: 0.8776999711990356, AccVa: 0.8355000019073486, CeTr: 1.0267225503921509, CeVa: 2.033250331878662
ENSEMBLE | Tr_Acc: 0.9613000154495239, Tr_CE: 0.2064620852470398, Va_Acc: 0.8999999761581421, Va_CE: 0.9851064085960388
Epoch: 51, AccTr: 0.876800000667572, AccVa: 0.8180000185966492, CeTr: 1.0258091688156128, CeVa: 2.1944823265075684
Epoch: 52, AccTr: 0.8740000128746033, AccVa: 0.8209999799728394, CeTr: 0.998420238494873, CeVa: 2.182377338409424
Epoch: 53, AccTr: 0.871999979019165, AccVa: 0.8259999752044678, CeTr: 1.1005018949508667, CeVa: 2.1343226432800293
Epoch: 54, AccTr: 0.8754000067710876, AccVa: 0.8230000138282776, CeTr: 1.0429949760437012, CeVa: 2.2303755283355713
Epoch: 55, AccTr: 0.880299985408783, AccVa: 0.8174999952316284, CeTr: 1.000048041343689, CeVa: 2.2698240280151367
ENSEMBLE | Tr_Acc: 0.9643999934196472, Tr_CE: 0.18447138369083405, Va_Acc: 0.9070000052452087, Va_CE: 0.9791280627250671
Epoch: 56, AccTr: 0.8762000203132629, AccVa: 0.8174999952316284, CeTr: 1.0665736198425293, CeVa: 2.3081393241882324
Epoch: 57, AccTr: 0.8773999810218811, AccVa: 0.8125, CeTr: 1.029370665550232, CeVa: 2.3128745555877686
Epoch: 58, AccTr: 0.8806999921798706, AccVa: 0.8209999799728394, CeTr: 0.9595304727554321, CeVa: 2.2963244915008545
Epoch: 59, AccTr: 0.8765000104904175, AccVa: 0.8255000114440918, CeTr: 0.9960447549819946, CeVa: 2.1391947269439697
Epoch: 60, AccTr: 0.8708999752998352, AccVa: 0.8050000071525574, CeTr: 1.0736958980560303, CeVa: 2.3657162189483643
ENSEMBLE | Tr_Acc: 0.9664000272750854, Tr_CE: 0.17378483712673187, Va_Acc: 0.9070000052452087, Va_CE: 0.9727226495742798
Epoch: 61, AccTr: 0.8812000155448914, AccVa: 0.8169999718666077, CeTr: 0.9922489523887634, CeVa: 2.245784044265747
Epoch: 62, AccTr: 0.8788999915122986, AccVa: 0.8105000257492065, CeTr: 0.9202414155006409, CeVa: 2.3334715366363525
Epoch: 63, AccTr: 0.8797000050544739, AccVa: 0.8215000033378601, CeTr: 0.983871579170227, CeVa: 2.1541237831115723
Epoch: 64, AccTr: 0.8763999938964844, AccVa: 0.8130000233650208, CeTr: 1.0471495389938354, CeVa: 2.206850051879883
Epoch: 65, AccTr: 0.8781999945640564, AccVa: 0.8220000267028809, CeTr: 1.0561926364898682, CeVa: 2.231973648071289
ENSEMBLE | Tr_Acc: 0.968500018119812, Tr_CE: 0.17071127891540527, Va_Acc: 0.909500002861023, Va_CE: 0.963789165019989
Epoch: 66, AccTr: 0.8737999796867371, AccVa: 0.8059999942779541, CeTr: 1.080035924911499, CeVa: 2.4350006580352783
Epoch: 67, AccTr: 0.8799999952316284, AccVa: 0.8109999895095825, CeTr: 0.9937864542007446, CeVa: 2.3271830081939697
Epoch: 68, AccTr: 0.8743000030517578, AccVa: 0.8184999823570251, CeTr: 1.023512601852417, CeVa: 2.144230365753174
Epoch: 69, AccTr: 0.8790000081062317, AccVa: 0.8050000071525574, CeTr: 0.948966383934021, CeVa: 2.3444876670837402
Epoch: 70, AccTr: 0.8718000054359436, AccVa: 0.8180000185966492, CeTr: 1.0290433168411255, CeVa: 2.1687309741973877
ENSEMBLE | Tr_Acc: 0.9700000286102295, Tr_CE: 0.16420309245586395, Va_Acc: 0.9104999899864197, Va_CE: 0.9475328326225281
Epoch: 71, AccTr: 0.8672000169754028, AccVa: 0.8109999895095825, CeTr: 1.1518789529800415, CeVa: 2.259984016418457
Epoch: 72, AccTr: 0.8705999851226807, AccVa: 0.8190000057220459, CeTr: 1.057763934135437, CeVa: 2.0972976684570312
Epoch: 73, AccTr: 0.8788999915122986, AccVa: 0.8119999766349792, CeTr: 0.9559211134910583, CeVa: 2.309513568878174
Epoch: 74, AccTr: 0.8787999749183655, AccVa: 0.8174999952316284, CeTr: 0.9782121181488037, CeVa: 2.221893787384033
Epoch: 75, AccTr: 0.8776000142097473, AccVa: 0.8100000023841858, CeTr: 0.9679889678955078, CeVa: 2.3996477127075195
ENSEMBLE | Tr_Acc: 0.9714000225067139, Tr_CE: 0.1529538631439209, Va_Acc: 0.9114999771118164, Va_CE: 0.9433706998825073
Epoch: 76, AccTr: 0.8736000061035156, AccVa: 0.8069999814033508, CeTr: 1.101330280303955, CeVa: 2.3389546871185303
Epoch: 77, AccTr: 0.8733999729156494, AccVa: 0.8134999871253967, CeTr: 1.1003243923187256, CeVa: 2.3832833766937256
Epoch: 78, AccTr: 0.8723000288009644, AccVa: 0.8090000152587891, CeTr: 1.1463929414749146, CeVa: 2.200526475906372
Epoch: 79, AccTr: 0.8715999722480774, AccVa: 0.828499972820282, CeTr: 1.0543859004974365, CeVa: 2.3019847869873047
Epoch: 80, AccTr: 0.8813999891281128, AccVa: 0.8149999976158142, CeTr: 0.9991840124130249, CeVa: 2.340075969696045
ENSEMBLE | Tr_Acc: 0.9718999862670898, Tr_CE: 0.1451663374900818, Va_Acc: 0.9104999899864197, Va_CE: 0.9343633055686951
Epoch: 81, AccTr: 0.885200023651123, AccVa: 0.8289999961853027, CeTr: 0.9329610466957092, CeVa: 2.2016046047210693
Epoch: 82, AccTr: 0.8769999742507935, AccVa: 0.8195000290870667, CeTr: 1.0187575817108154, CeVa: 2.1685798168182373
Epoch: 83, AccTr: 0.8686000108718872, AccVa: 0.8119999766349792, CeTr: 1.1226314306259155, CeVa: 2.261707305908203
Epoch: 84, AccTr: 0.8737999796867371, AccVa: 0.8180000185966492, CeTr: 1.0419751405715942, CeVa: 2.2454702854156494
Epoch: 85, AccTr: 0.8730999827384949, AccVa: 0.8159999847412109, CeTr: 1.0506551265716553, CeVa: 2.119927167892456
ENSEMBLE | Tr_Acc: 0.9725000262260437, Tr_CE: 0.1376895010471344, Va_Acc: 0.9150000214576721, Va_CE: 0.9139138460159302
Epoch: 86, AccTr: 0.8804000020027161, AccVa: 0.8044999837875366, CeTr: 0.9171827435493469, CeVa: 2.407991886138916
Epoch: 87, AccTr: 0.8718000054359436, AccVa: 0.8009999990463257, CeTr: 1.063248872756958, CeVa: 2.275949239730835
Epoch: 88, AccTr: 0.8787000179290771, AccVa: 0.8255000114440918, CeTr: 0.994667649269104, CeVa: 2.211552381515503
Epoch: 89, AccTr: 0.8715000152587891, AccVa: 0.8054999709129333, CeTr: 1.0778770446777344, CeVa: 2.3518764972686768
Epoch: 90, AccTr: 0.876800000667572, AccVa: 0.8044999837875366, CeTr: 1.063262939453125, CeVa: 2.447897434234619
ENSEMBLE | Tr_Acc: 0.9729999899864197, Tr_CE: 0.13457269966602325, Va_Acc: 0.9110000133514404, Va_CE: 0.9186851978302002
Epoch: 91, AccTr: 0.8715000152587891, AccVa: 0.815500020980835, CeTr: 1.1177335977554321, CeVa: 2.3298869132995605
Epoch: 92, AccTr: 0.882099986076355, AccVa: 0.8165000081062317, CeTr: 0.9215104579925537, CeVa: 2.4030795097351074
Epoch: 93, AccTr: 0.871999979019165, AccVa: 0.8105000257492065, CeTr: 1.0739986896514893, CeVa: 2.2630043029785156
Epoch: 94, AccTr: 0.8752999901771545, AccVa: 0.815500020980835, CeTr: 1.074416160583496, CeVa: 2.266779899597168
Epoch: 95, AccTr: 0.8687000274658203, AccVa: 0.8130000233650208, CeTr: 1.1080234050750732, CeVa: 2.2055017948150635
ENSEMBLE | Tr_Acc: 0.9726999998092651, Tr_CE: 0.13254624605178833, Va_Acc: 0.9125000238418579, Va_CE: 0.9012347459793091
Epoch: 96, AccTr: 0.8672999739646912, AccVa: 0.8149999976158142, CeTr: 1.1555967330932617, CeVa: 2.1991395950317383
Epoch: 97, AccTr: 0.8607000112533569, AccVa: 0.7985000014305115, CeTr: 1.2438955307006836, CeVa: 2.6023576259613037
Epoch: 98, AccTr: 0.8668000102043152, AccVa: 0.8015000224113464, CeTr: 1.1050496101379395, CeVa: 2.599355697631836
Epoch: 99, AccTr: 0.8596000075340271, AccVa: 0.7944999933242798, CeTr: 1.2734289169311523, CeVa: 2.5562357902526855
Epoch: 100, AccTr: 0.8549000024795532, AccVa: 0.8044999837875366, CeTr: 1.3433685302734375, CeVa: 2.599902391433716
ENSEMBLE | Tr_Acc: 0.9724000096321106, Tr_CE: 0.13310161232948303, Va_Acc: 0.9150000214576721, Va_CE: 0.8994019627571106
Epoch: 101, AccTr: 0.8700000047683716, AccVa: 0.8050000071525574, CeTr: 1.147401213645935, CeVa: 2.414374828338623
Epoch: 102, AccTr: 0.8762000203132629, AccVa: 0.8115000128746033, CeTr: 1.0258886814117432, CeVa: 2.356109380722046
Epoch: 103, AccTr: 0.8774999976158142, AccVa: 0.8215000033378601, CeTr: 1.046599268913269, CeVa: 2.5017616748809814
Epoch: 104, AccTr: 0.8723000288009644, AccVa: 0.809499979019165, CeTr: 1.0489277839660645, CeVa: 2.5134618282318115
Epoch: 105, AccTr: 0.8644000291824341, AccVa: 0.8199999928474426, CeTr: 1.1361318826675415, CeVa: 2.4385311603546143
ENSEMBLE | Tr_Acc: 0.972599983215332, Tr_CE: 0.13091303408145905, Va_Acc: 0.9144999980926514, Va_CE: 0.8991187810897827
Epoch: 106, AccTr: 0.8572999835014343, AccVa: 0.8015000224113464, CeTr: 1.270070195198059, CeVa: 2.5889008045196533
Epoch: 107, AccTr: 0.8687999844551086, AccVa: 0.7960000038146973, CeTr: 1.2123745679855347, CeVa: 2.4918606281280518
Epoch: 108, AccTr: 0.8669999837875366, AccVa: 0.8065000176429749, CeTr: 1.1511856317520142, CeVa: 2.368790626525879
Epoch: 109, AccTr: 0.8689000010490417, AccVa: 0.7950000166893005, CeTr: 1.0932492017745972, CeVa: 2.4456076622009277
Epoch: 110, AccTr: 0.8736000061035156, AccVa: 0.809499979019165, CeTr: 1.0453481674194336, CeVa: 2.361367702484131
ENSEMBLE | Tr_Acc: 0.9735999703407288, Tr_CE: 0.12906098365783691, Va_Acc: 0.9164999723434448, Va_CE: 0.8904467821121216
Epoch: 111, AccTr: 0.8636999726295471, AccVa: 0.8105000257492065, CeTr: 1.1908668279647827, CeVa: 2.3468899726867676
Epoch: 112, AccTr: 0.8712999820709229, AccVa: 0.8059999942779541, CeTr: 1.0574684143066406, CeVa: 2.4908528327941895
Epoch: 113, AccTr: 0.8687999844551086, AccVa: 0.8130000233650208, CeTr: 1.1061420440673828, CeVa: 2.3397789001464844
Epoch: 114, AccTr: 0.8705000281333923, AccVa: 0.8100000023841858, CeTr: 1.1516189575195312, CeVa: 2.273000955581665
Epoch: 115, AccTr: 0.866599977016449, AccVa: 0.8125, CeTr: 1.173086166381836, CeVa: 2.2277379035949707
ENSEMBLE | Tr_Acc: 0.9739999771118164, Tr_CE: 0.12840105593204498, Va_Acc: 0.9179999828338623, Va_CE: 0.8855797648429871
Epoch: 116, AccTr: 0.8679999709129333, AccVa: 0.8230000138282776, CeTr: 1.1605231761932373, CeVa: 2.2259280681610107
Epoch: 117, AccTr: 0.8661999702453613, AccVa: 0.8165000081062317, CeTr: 1.221545934677124, CeVa: 2.356879949569702
Epoch: 118, AccTr: 0.8598999977111816, AccVa: 0.8084999918937683, CeTr: 1.200883388519287, CeVa: 2.4921488761901855
Epoch: 119, AccTr: 0.8694999814033508, AccVa: 0.8090000152587891, CeTr: 1.1050201654434204, CeVa: 2.4153876304626465
Epoch: 120, AccTr: 0.8694999814033508, AccVa: 0.815500020980835, CeTr: 1.0250917673110962, CeVa: 2.306262969970703
ENSEMBLE | Tr_Acc: 0.9747999906539917, Tr_CE: 0.12545917928218842, Va_Acc: 0.9164999723434448, Va_CE: 0.8796037435531616
Epoch: 121, AccTr: 0.8715999722480774, AccVa: 0.8069999814033508, CeTr: 1.0900492668151855, CeVa: 2.5064165592193604
Epoch: 122, AccTr: 0.8616999983787537, AccVa: 0.8025000095367432, CeTr: 1.2048125267028809, CeVa: 2.408276319503784
Epoch: 123, AccTr: 0.8600999712944031, AccVa: 0.8144999742507935, CeTr: 1.2344223260879517, CeVa: 2.314767837524414
Epoch: 124, AccTr: 0.8586999773979187, AccVa: 0.8075000047683716, CeTr: 1.3100820779800415, CeVa: 2.526750326156616
Epoch: 125, AccTr: 0.8565000295639038, AccVa: 0.8015000224113464, CeTr: 1.3064157962799072, CeVa: 2.320852756500244
ENSEMBLE | Tr_Acc: 0.9749000072479248, Tr_CE: 0.12455733865499496, Va_Acc: 0.9185000061988831, Va_CE: 0.8744786381721497
Epoch: 126, AccTr: 0.8531000018119812, AccVa: 0.8029999732971191, CeTr: 1.4208160638809204, CeVa: 2.5443661212921143
Epoch: 127, AccTr: 0.8677999973297119, AccVa: 0.8034999966621399, CeTr: 1.1459654569625854, CeVa: 2.3592731952667236
Epoch: 128, AccTr: 0.8621000051498413, AccVa: 0.7975000143051147, CeTr: 1.127761960029602, CeVa: 2.447068452835083
Epoch: 129, AccTr: 0.8687999844551086, AccVa: 0.8004999756813049, CeTr: 1.0432398319244385, CeVa: 2.331925868988037
Epoch: 130, AccTr: 0.8740000128746033, AccVa: 0.8019999861717224, CeTr: 0.9953480362892151, CeVa: 2.386104106903076
ENSEMBLE | Tr_Acc: 0.9753999710083008, Tr_CE: 0.12041893601417542, Va_Acc: 0.9190000295639038, Va_CE: 0.8672137260437012
Epoch: 131, AccTr: 0.8687000274658203, AccVa: 0.8075000047683716, CeTr: 1.1406152248382568, CeVa: 2.442190408706665
Epoch: 132, AccTr: 0.8700000047683716, AccVa: 0.8075000047683716, CeTr: 1.1552157402038574, CeVa: 2.5178062915802
Epoch: 133, AccTr: 0.8686000108718872, AccVa: 0.809499979019165, CeTr: 1.1474851369857788, CeVa: 2.3760898113250732
Epoch: 134, AccTr: 0.8723999857902527, AccVa: 0.8100000023841858, CeTr: 1.078176736831665, CeVa: 2.4031620025634766
Epoch: 135, AccTr: 0.8634999990463257, AccVa: 0.815500020980835, CeTr: 1.1499977111816406, CeVa: 2.553947925567627
ENSEMBLE | Tr_Acc: 0.9761999845504761, Tr_CE: 0.11987287551164627, Va_Acc: 0.9190000295639038, Va_CE: 0.8659528493881226
Epoch: 136, AccTr: 0.8690999746322632, AccVa: 0.8195000290870667, CeTr: 1.1525157690048218, CeVa: 2.6140947341918945
Epoch: 137, AccTr: 0.868399977684021, AccVa: 0.8009999990463257, CeTr: 1.1324687004089355, CeVa: 2.402168035507202
Epoch: 138, AccTr: 0.8694000244140625, AccVa: 0.8134999871253967, CeTr: 1.1019271612167358, CeVa: 2.258345603942871
Epoch: 139, AccTr: 0.8773999810218811, AccVa: 0.8034999966621399, CeTr: 0.986350953578949, CeVa: 2.3662734031677246
Epoch: 140, AccTr: 0.8687000274658203, AccVa: 0.8119999766349792, CeTr: 1.1609277725219727, CeVa: 2.3145198822021484
ENSEMBLE | Tr_Acc: 0.9764999747276306, Tr_CE: 0.11885349452495575, Va_Acc: 0.9190000295639038, Va_CE: 0.8683354258537292
Epoch: 141, AccTr: 0.8622000217437744, AccVa: 0.8090000152587891, CeTr: 1.263319492340088, CeVa: 2.407829999923706
Epoch: 142, AccTr: 0.8687999844551086, AccVa: 0.8069999814033508, CeTr: 1.16831374168396, CeVa: 2.4024717807769775
Epoch: 143, AccTr: 0.8702999949455261, AccVa: 0.8105000257492065, CeTr: 1.1241035461425781, CeVa: 2.5597362518310547
Epoch: 144, AccTr: 0.8719000220298767, AccVa: 0.8130000233650208, CeTr: 1.1151314973831177, CeVa: 2.3866124153137207
Epoch: 145, AccTr: 0.8808000087738037, AccVa: 0.8165000081062317, CeTr: 0.9801909327507019, CeVa: 2.426177501678467
ENSEMBLE | Tr_Acc: 0.9765999913215637, Tr_CE: 0.11694509536027908, Va_Acc: 0.9194999933242798, Va_CE: 0.8682484030723572
Epoch: 146, AccTr: 0.8684999942779541, AccVa: 0.8025000095367432, CeTr: 1.174750566482544, CeVa: 2.433811902999878
Epoch: 147, AccTr: 0.8682000041007996, AccVa: 0.8130000233650208, CeTr: 1.1500765085220337, CeVa: 2.500195026397705
Epoch: 148, AccTr: 0.8780999779701233, AccVa: 0.8065000176429749, CeTr: 0.962602436542511, CeVa: 2.2881553173065186
Epoch: 149, AccTr: 0.8734999895095825, AccVa: 0.8169999718666077, CeTr: 1.1532121896743774, CeVa: 2.2897119522094727
Epoch: 150, AccTr: 0.8673999905586243, AccVa: 0.8169999718666077, CeTr: 1.1734492778778076, CeVa: 2.293944835662842
ENSEMBLE | Tr_Acc: 0.9764999747276306, Tr_CE: 0.11711827665567398, Va_Acc: 0.9179999828338623, Va_CE: 0.8628316521644592
Mod Accuracy || Mean: 0.812250018119812	 Std: 0.004749983549118042
Ens Accuracy || Mean: 0.9204999804496765	 Std: 0.002499997615814209
Mod CE || Mean: 2.3097434043884277	 Std: 0.015798568725585938
Ens CE || Mean: 0.8044111728668213	 Std: 0.05842047929763794
