NN CONFIG
Weight-type:		binary
Layout									Layer #1: 280	Layer #2: 200	
Activation Functions					Layer #1: bs	Layer #2: bs	
Keep probabilities		Layer #0: 1.0	Layer #1: 1.0	Layer #2: 1.0	
Flat factors							Layer #1: 1.0	Layer #2: 1.0	Layer #3: 1.0	
Activation Noise						Layer #1: 0.2	Layer #2: 0.2	Layer #3: 0.0	
Prior: 0.7

===================================

RUN CONFIG
Epochs: 150, Blocksize: 8

===================================

Input binarization: False
Epoch: 1, AccTr: 0.9505000114440918, AccVa: 0.890500009059906, CeTr: 0.36592188477516174, CeVa: 1.6691198348999023
Epoch: 2, AccTr: 0.942799985408783, AccVa: 0.8830000162124634, CeTr: 0.43060991168022156, CeVa: 1.5305240154266357
Epoch: 3, AccTr: 0.9405999779701233, AccVa: 0.8809999823570251, CeTr: 0.443284273147583, CeVa: 1.5258772373199463
Epoch: 4, AccTr: 0.933899998664856, AccVa: 0.8820000290870667, CeTr: 0.5152156352996826, CeVa: 1.5748955011367798
Epoch: 5, AccTr: 0.9383000135421753, AccVa: 0.8784999847412109, CeTr: 0.4648643434047699, CeVa: 1.528104543685913
Epoch: 6, AccTr: 0.930400013923645, AccVa: 0.8709999918937683, CeTr: 0.594038188457489, CeVa: 1.5885597467422485
Epoch: 7, AccTr: 0.9345999956130981, AccVa: 0.8859999775886536, CeTr: 0.5189610719680786, CeVa: 1.528885006904602
Epoch: 8, AccTr: 0.9294000267982483, AccVa: 0.871999979019165, CeTr: 0.5372781157493591, CeVa: 1.7673407793045044
Epoch: 9, AccTr: 0.928600013256073, AccVa: 0.8705000281333923, CeTr: 0.5719225406646729, CeVa: 1.6788439750671387
Epoch: 10, AccTr: 0.9323999881744385, AccVa: 0.8794999718666077, CeTr: 0.5481981635093689, CeVa: 1.7452900409698486
Epoch: 11, AccTr: 0.9315999746322632, AccVa: 0.878000020980835, CeTr: 0.5610449910163879, CeVa: 1.5593881607055664
Epoch: 12, AccTr: 0.9323999881744385, AccVa: 0.8794999718666077, CeTr: 0.5174499750137329, CeVa: 1.514731526374817
Epoch: 13, AccTr: 0.9323999881744385, AccVa: 0.8840000033378601, CeTr: 0.5071814656257629, CeVa: 1.426299810409546
Epoch: 14, AccTr: 0.9298999905586243, AccVa: 0.8799999952316284, CeTr: 0.612511157989502, CeVa: 1.6186343431472778
Epoch: 15, AccTr: 0.9269000291824341, AccVa: 0.8870000243186951, CeTr: 0.5781494379043579, CeVa: 1.6500115394592285
Epoch: 16, AccTr: 0.925000011920929, AccVa: 0.8824999928474426, CeTr: 0.6144605278968811, CeVa: 1.5975136756896973
Epoch: 17, AccTr: 0.9269000291824341, AccVa: 0.8790000081062317, CeTr: 0.5836928486824036, CeVa: 1.5128694772720337
Epoch: 18, AccTr: 0.9254999756813049, AccVa: 0.8865000009536743, CeTr: 0.5860502123832703, CeVa: 1.5436817407608032
Epoch: 19, AccTr: 0.9236999750137329, AccVa: 0.8855000138282776, CeTr: 0.6318050026893616, CeVa: 1.5134168863296509
Epoch: 20, AccTr: 0.9235000014305115, AccVa: 0.8849999904632568, CeTr: 0.6229773759841919, CeVa: 1.484046459197998
Epoch: 21, AccTr: 0.928600013256073, AccVa: 0.8774999976158142, CeTr: 0.5660793781280518, CeVa: 1.6760354042053223
Epoch: 22, AccTr: 0.9235000014305115, AccVa: 0.878000020980835, CeTr: 0.625408411026001, CeVa: 1.681199550628662
Epoch: 23, AccTr: 0.9233999848365784, AccVa: 0.8730000257492065, CeTr: 0.6253536939620972, CeVa: 1.687413215637207
Epoch: 24, AccTr: 0.9241999983787537, AccVa: 0.8870000243186951, CeTr: 0.6139483451843262, CeVa: 1.541083812713623
Epoch: 25, AccTr: 0.9286999702453613, AccVa: 0.8715000152587891, CeTr: 0.5886357426643372, CeVa: 1.7154799699783325
Epoch: 26, AccTr: 0.9222000241279602, AccVa: 0.8805000185966492, CeTr: 0.6469410061836243, CeVa: 1.6299047470092773
Epoch: 27, AccTr: 0.923799991607666, AccVa: 0.8615000247955322, CeTr: 0.633097767829895, CeVa: 1.8971480131149292
Epoch: 28, AccTr: 0.9193000197410583, AccVa: 0.8759999871253967, CeTr: 0.6806556582450867, CeVa: 1.7740058898925781
Epoch: 29, AccTr: 0.9193999767303467, AccVa: 0.8734999895095825, CeTr: 0.6315403580665588, CeVa: 1.6071052551269531
Epoch: 30, AccTr: 0.9261000156402588, AccVa: 0.8815000057220459, CeTr: 0.6080994009971619, CeVa: 1.6377207040786743
ENSEMBLE | Tr_Acc: 0.9261000156402588, Tr_CE: 0.6080994009971619, Va_Acc: 0.8815000057220459, Va_CE: 1.6377207040786743
Epoch: 31, AccTr: 0.9273999929428101, AccVa: 0.8709999918937683, CeTr: 0.6076108813285828, CeVa: 1.6363887786865234
Epoch: 32, AccTr: 0.9254999756813049, AccVa: 0.8769999742507935, CeTr: 0.6324254274368286, CeVa: 1.688047170639038
Epoch: 33, AccTr: 0.9261999726295471, AccVa: 0.8834999799728394, CeTr: 0.6044034361839294, CeVa: 1.5268864631652832
Epoch: 34, AccTr: 0.9232000112533569, AccVa: 0.8690000176429749, CeTr: 0.6302962899208069, CeVa: 1.6656978130340576
Epoch: 35, AccTr: 0.9273999929428101, AccVa: 0.8744999766349792, CeTr: 0.5931723713874817, CeVa: 1.6739563941955566
ENSEMBLE | Tr_Acc: 0.9610999822616577, Tr_CE: 0.23560009896755219, Va_Acc: 0.9054999947547913, Va_CE: 1.1110252141952515
Epoch: 36, AccTr: 0.9200999736785889, AccVa: 0.875, CeTr: 0.6588863730430603, CeVa: 1.6383252143859863
Epoch: 37, AccTr: 0.9205999970436096, AccVa: 0.875, CeTr: 0.6465420126914978, CeVa: 1.7226648330688477
Epoch: 38, AccTr: 0.9193000197410583, AccVa: 0.8709999918937683, CeTr: 0.6605467200279236, CeVa: 1.5601056814193726
Epoch: 39, AccTr: 0.9208999872207642, AccVa: 0.8784999847412109, CeTr: 0.6580561399459839, CeVa: 1.5012540817260742
Epoch: 40, AccTr: 0.9215999841690063, AccVa: 0.8730000257492065, CeTr: 0.6680912971496582, CeVa: 1.6494163274765015
ENSEMBLE | Tr_Acc: 0.9696000218391418, Tr_CE: 0.16697458922863007, Va_Acc: 0.9160000085830688, Va_CE: 0.9779033064842224
Epoch: 41, AccTr: 0.9200000166893005, AccVa: 0.8765000104904175, CeTr: 0.6658941507339478, CeVa: 1.6985292434692383
Epoch: 42, AccTr: 0.9186000227928162, AccVa: 0.8734999895095825, CeTr: 0.6895869374275208, CeVa: 1.7574903964996338
Epoch: 43, AccTr: 0.9158999919891357, AccVa: 0.8619999885559082, CeTr: 0.6872658729553223, CeVa: 1.7925077676773071
Epoch: 44, AccTr: 0.9187999963760376, AccVa: 0.8715000152587891, CeTr: 0.7143301963806152, CeVa: 1.8583656549453735
Epoch: 45, AccTr: 0.9225000143051147, AccVa: 0.875, CeTr: 0.6825271248817444, CeVa: 1.7383453845977783
ENSEMBLE | Tr_Acc: 0.9739000201225281, Tr_CE: 0.13668563961982727, Va_Acc: 0.921500027179718, Va_CE: 0.8950701951980591
Epoch: 46, AccTr: 0.9211000204086304, AccVa: 0.8705000281333923, CeTr: 0.6917864084243774, CeVa: 1.7925432920455933
Epoch: 47, AccTr: 0.9186999797821045, AccVa: 0.8619999885559082, CeTr: 0.716806173324585, CeVa: 1.7774797677993774
Epoch: 48, AccTr: 0.9150999784469604, AccVa: 0.8774999976158142, CeTr: 0.7420837879180908, CeVa: 1.637077808380127
Epoch: 49, AccTr: 0.9190000295639038, AccVa: 0.8700000047683716, CeTr: 0.6711696982383728, CeVa: 1.5665454864501953
Epoch: 50, AccTr: 0.9165999889373779, AccVa: 0.8740000128746033, CeTr: 0.709290623664856, CeVa: 1.5616471767425537
ENSEMBLE | Tr_Acc: 0.9782999753952026, Tr_CE: 0.12014719098806381, Va_Acc: 0.9284999966621399, Va_CE: 0.8546327352523804
Epoch: 51, AccTr: 0.9186000227928162, AccVa: 0.8755000233650208, CeTr: 0.705493152141571, CeVa: 1.5834468603134155
Epoch: 52, AccTr: 0.9196000099182129, AccVa: 0.8790000081062317, CeTr: 0.6884891986846924, CeVa: 1.6840929985046387
Epoch: 53, AccTr: 0.9178000092506409, AccVa: 0.8805000185966492, CeTr: 0.6933837532997131, CeVa: 1.5092167854309082
Epoch: 54, AccTr: 0.9168999791145325, AccVa: 0.8830000162124634, CeTr: 0.7204708456993103, CeVa: 1.4952155351638794
Epoch: 55, AccTr: 0.9236999750137329, AccVa: 0.8799999952316284, CeTr: 0.6233521699905396, CeVa: 1.5921305418014526
ENSEMBLE | Tr_Acc: 0.9803000092506409, Tr_CE: 0.10353189706802368, Va_Acc: 0.9330000281333923, Va_CE: 0.8045844435691833
Epoch: 56, AccTr: 0.9214000105857849, AccVa: 0.8830000162124634, CeTr: 0.6723014116287231, CeVa: 1.7689027786254883
Epoch: 57, AccTr: 0.9196000099182129, AccVa: 0.8715000152587891, CeTr: 0.6852447986602783, CeVa: 1.6646965742111206
Epoch: 58, AccTr: 0.9226999878883362, AccVa: 0.8740000128746033, CeTr: 0.6600152254104614, CeVa: 1.720839500427246
Epoch: 59, AccTr: 0.9207000136375427, AccVa: 0.8755000233650208, CeTr: 0.7063797116279602, CeVa: 1.5740268230438232
Epoch: 60, AccTr: 0.9174000024795532, AccVa: 0.8700000047683716, CeTr: 0.684353768825531, CeVa: 1.7429274320602417
ENSEMBLE | Tr_Acc: 0.9815000295639038, Tr_CE: 0.09039413183927536, Va_Acc: 0.9294999837875366, Va_CE: 0.7742179036140442
Epoch: 61, AccTr: 0.9190999865531921, AccVa: 0.871999979019165, CeTr: 0.6590243577957153, CeVa: 1.65763521194458
Epoch: 62, AccTr: 0.9140999913215637, AccVa: 0.859499990940094, CeTr: 0.7099088430404663, CeVa: 1.7677289247512817
Epoch: 63, AccTr: 0.9185000061988831, AccVa: 0.8675000071525574, CeTr: 0.7105398178100586, CeVa: 1.7152575254440308
Epoch: 64, AccTr: 0.9156000018119812, AccVa: 0.8669999837875366, CeTr: 0.6838669776916504, CeVa: 1.6093902587890625
Epoch: 65, AccTr: 0.9121999740600586, AccVa: 0.8824999928474426, CeTr: 0.7342975735664368, CeVa: 1.537891149520874
ENSEMBLE | Tr_Acc: 0.9821000099182129, Tr_CE: 0.08317381888628006, Va_Acc: 0.9300000071525574, Va_CE: 0.7552379965782166
Epoch: 66, AccTr: 0.9175000190734863, AccVa: 0.8855000138282776, CeTr: 0.7017874121665955, CeVa: 1.5615195035934448
Epoch: 67, AccTr: 0.9150000214576721, AccVa: 0.8730000257492065, CeTr: 0.7392215728759766, CeVa: 1.7459560632705688
Epoch: 68, AccTr: 0.913100004196167, AccVa: 0.8725000023841858, CeTr: 0.7158085107803345, CeVa: 1.7011995315551758
Epoch: 69, AccTr: 0.9178000092506409, AccVa: 0.8585000038146973, CeTr: 0.7335414290428162, CeVa: 1.7437944412231445
Epoch: 70, AccTr: 0.9176999926567078, AccVa: 0.8730000257492065, CeTr: 0.6890338063240051, CeVa: 1.5728466510772705
ENSEMBLE | Tr_Acc: 0.9819999933242798, Tr_CE: 0.07953072339296341, Va_Acc: 0.934499979019165, Va_CE: 0.7362964153289795
Epoch: 71, AccTr: 0.9168999791145325, AccVa: 0.878000020980835, CeTr: 0.7093320488929749, CeVa: 1.5703879594802856
Epoch: 72, AccTr: 0.9193000197410583, AccVa: 0.8694999814033508, CeTr: 0.7134503126144409, CeVa: 1.6971728801727295
Epoch: 73, AccTr: 0.9154999852180481, AccVa: 0.8755000233650208, CeTr: 0.7267905473709106, CeVa: 1.6456248760223389
Epoch: 74, AccTr: 0.921500027179718, AccVa: 0.8755000233650208, CeTr: 0.6388273239135742, CeVa: 1.736148715019226
Epoch: 75, AccTr: 0.9189000129699707, AccVa: 0.871999979019165, CeTr: 0.6647669076919556, CeVa: 1.741631031036377
ENSEMBLE | Tr_Acc: 0.9833999872207642, Tr_CE: 0.0755978673696518, Va_Acc: 0.9319999814033508, Va_CE: 0.7400127053260803
Epoch: 76, AccTr: 0.9192000031471252, AccVa: 0.8659999966621399, CeTr: 0.7079264521598816, CeVa: 1.7427587509155273
Epoch: 77, AccTr: 0.9165999889373779, AccVa: 0.8759999871253967, CeTr: 0.7228364944458008, CeVa: 1.7248718738555908
Epoch: 78, AccTr: 0.9164999723434448, AccVa: 0.8744999766349792, CeTr: 0.6860693097114563, CeVa: 1.6588807106018066
Epoch: 79, AccTr: 0.9168000221252441, AccVa: 0.8709999918937683, CeTr: 0.6967588663101196, CeVa: 1.5431082248687744
Epoch: 80, AccTr: 0.9162999987602234, AccVa: 0.8690000176429749, CeTr: 0.6856783032417297, CeVa: 1.642853856086731
ENSEMBLE | Tr_Acc: 0.983299970626831, Tr_CE: 0.07420370727777481, Va_Acc: 0.9350000023841858, Va_CE: 0.7253497838973999
Epoch: 81, AccTr: 0.9171000123023987, AccVa: 0.8755000233650208, CeTr: 0.6807705163955688, CeVa: 1.7265416383743286
Epoch: 82, AccTr: 0.9150999784469604, AccVa: 0.8755000233650208, CeTr: 0.7293757796287537, CeVa: 1.6210308074951172
Epoch: 83, AccTr: 0.9126999974250793, AccVa: 0.8734999895095825, CeTr: 0.7214837074279785, CeVa: 1.8414618968963623
Epoch: 84, AccTr: 0.9110000133514404, AccVa: 0.859000027179718, CeTr: 0.7683026194572449, CeVa: 1.980275273323059
Epoch: 85, AccTr: 0.9143999814987183, AccVa: 0.8615000247955322, CeTr: 0.7292742133140564, CeVa: 1.7290493249893188
ENSEMBLE | Tr_Acc: 0.9843000173568726, Tr_CE: 0.07047992199659348, Va_Acc: 0.9330000281333923, Va_CE: 0.7218860387802124
Epoch: 86, AccTr: 0.9169999957084656, AccVa: 0.8790000081062317, CeTr: 0.6642762422561646, CeVa: 1.744278073310852
Epoch: 87, AccTr: 0.9114999771118164, AccVa: 0.8705000281333923, CeTr: 0.7359752655029297, CeVa: 1.5928657054901123
Epoch: 88, AccTr: 0.9150999784469604, AccVa: 0.8765000104904175, CeTr: 0.7400414347648621, CeVa: 1.675336480140686
Epoch: 89, AccTr: 0.9136000275611877, AccVa: 0.8684999942779541, CeTr: 0.7545640468597412, CeVa: 1.7594482898712158
Epoch: 90, AccTr: 0.9169999957084656, AccVa: 0.8824999928474426, CeTr: 0.7371165156364441, CeVa: 1.5999484062194824
ENSEMBLE | Tr_Acc: 0.9850999712944031, Tr_CE: 0.06914660334587097, Va_Acc: 0.9340000152587891, Va_CE: 0.7088088989257812
Epoch: 91, AccTr: 0.9143000245094299, AccVa: 0.8845000267028809, CeTr: 0.7342146635055542, CeVa: 1.548818826675415
Epoch: 92, AccTr: 0.9114999771118164, AccVa: 0.8790000081062317, CeTr: 0.7855571508407593, CeVa: 1.6022400856018066
Epoch: 93, AccTr: 0.9128999710083008, AccVa: 0.8809999823570251, CeTr: 0.7670636177062988, CeVa: 1.5338493585586548
Epoch: 94, AccTr: 0.9126999974250793, AccVa: 0.875, CeTr: 0.7343846559524536, CeVa: 1.6934423446655273
Epoch: 95, AccTr: 0.9164999723434448, AccVa: 0.8675000071525574, CeTr: 0.7086994051933289, CeVa: 1.695826768875122
ENSEMBLE | Tr_Acc: 0.9850000143051147, Tr_CE: 0.06800993531942368, Va_Acc: 0.9334999918937683, Va_CE: 0.7120949029922485
Epoch: 96, AccTr: 0.9122999906539917, AccVa: 0.8684999942779541, CeTr: 0.7560412883758545, CeVa: 1.6799763441085815
Epoch: 97, AccTr: 0.9110999703407288, AccVa: 0.8650000095367432, CeTr: 0.7437716126441956, CeVa: 1.7922297716140747
Epoch: 98, AccTr: 0.9128000140190125, AccVa: 0.859000027179718, CeTr: 0.7012644410133362, CeVa: 1.7896698713302612
Epoch: 99, AccTr: 0.9125000238418579, AccVa: 0.8615000247955322, CeTr: 0.7307837605476379, CeVa: 1.7821720838546753
Epoch: 100, AccTr: 0.9150000214576721, AccVa: 0.8784999847412109, CeTr: 0.7149030566215515, CeVa: 1.6180925369262695
ENSEMBLE | Tr_Acc: 0.9861999750137329, Tr_CE: 0.06667853891849518, Va_Acc: 0.9375, Va_CE: 0.7018222808837891
Epoch: 101, AccTr: 0.9153000116348267, AccVa: 0.8675000071525574, CeTr: 0.690880298614502, CeVa: 1.687332034111023
Epoch: 102, AccTr: 0.9117000102996826, AccVa: 0.8725000023841858, CeTr: 0.7010447978973389, CeVa: 1.592132806777954
Epoch: 103, AccTr: 0.9078999757766724, AccVa: 0.8774999976158142, CeTr: 0.7699540257453918, CeVa: 1.7399340867996216
Epoch: 104, AccTr: 0.9138000011444092, AccVa: 0.8765000104904175, CeTr: 0.7685407400131226, CeVa: 1.6451938152313232
Epoch: 105, AccTr: 0.907800018787384, AccVa: 0.8690000176429749, CeTr: 0.7635231018066406, CeVa: 1.6954392194747925
ENSEMBLE | Tr_Acc: 0.986299991607666, Tr_CE: 0.06465178728103638, Va_Acc: 0.9369999766349792, Va_CE: 0.696096658706665
Epoch: 106, AccTr: 0.9128000140190125, AccVa: 0.8709999918937683, CeTr: 0.7605429887771606, CeVa: 1.7266628742218018
Epoch: 107, AccTr: 0.9111999869346619, AccVa: 0.862500011920929, CeTr: 0.7696467041969299, CeVa: 1.7881219387054443
Epoch: 108, AccTr: 0.9104999899864197, AccVa: 0.8650000095367432, CeTr: 0.7541317343711853, CeVa: 1.790241003036499
Epoch: 109, AccTr: 0.909500002861023, AccVa: 0.8619999885559082, CeTr: 0.7300694584846497, CeVa: 1.8801532983779907
Epoch: 110, AccTr: 0.9082000255584717, AccVa: 0.8604999780654907, CeTr: 0.7751445174217224, CeVa: 1.8745087385177612
ENSEMBLE | Tr_Acc: 0.98580002784729, Tr_CE: 0.06536832451820374, Va_Acc: 0.9365000128746033, Va_CE: 0.7013393640518188
Epoch: 111, AccTr: 0.9120000004768372, AccVa: 0.8575000166893005, CeTr: 0.7306044101715088, CeVa: 1.7811436653137207
Epoch: 112, AccTr: 0.9114000201225281, AccVa: 0.8659999966621399, CeTr: 0.7714580297470093, CeVa: 1.8508799076080322
Epoch: 113, AccTr: 0.9114999771118164, AccVa: 0.8610000014305115, CeTr: 0.7568068504333496, CeVa: 1.8766889572143555
Epoch: 114, AccTr: 0.9104999899864197, AccVa: 0.8615000247955322, CeTr: 0.7852818369865417, CeVa: 1.8408734798431396
Epoch: 115, AccTr: 0.9136999845504761, AccVa: 0.859499990940094, CeTr: 0.7363564968109131, CeVa: 1.7785643339157104
ENSEMBLE | Tr_Acc: 0.9851999878883362, Tr_CE: 0.06540900468826294, Va_Acc: 0.9355000257492065, Va_CE: 0.7059449553489685
Epoch: 116, AccTr: 0.90829998254776, AccVa: 0.8615000247955322, CeTr: 0.7620239853858948, CeVa: 1.7571772336959839
Epoch: 117, AccTr: 0.9064000248908997, AccVa: 0.8694999814033508, CeTr: 0.7743432521820068, CeVa: 1.693648338317871
Epoch: 118, AccTr: 0.9099000096321106, AccVa: 0.8679999709129333, CeTr: 0.7638505101203918, CeVa: 1.6238725185394287
Epoch: 119, AccTr: 0.913100004196167, AccVa: 0.8554999828338623, CeTr: 0.725536048412323, CeVa: 1.8828558921813965
Epoch: 120, AccTr: 0.9093999862670898, AccVa: 0.8755000233650208, CeTr: 0.7967036366462708, CeVa: 1.5283141136169434
ENSEMBLE | Tr_Acc: 0.9851999878883362, Tr_CE: 0.0652390718460083, Va_Acc: 0.9369999766349792, Va_CE: 0.6946606636047363
Epoch: 121, AccTr: 0.9164000153541565, AccVa: 0.8629999756813049, CeTr: 0.7194222807884216, CeVa: 1.7226461172103882
Epoch: 122, AccTr: 0.9118000268936157, AccVa: 0.8669999837875366, CeTr: 0.7301397323608398, CeVa: 1.7929927110671997
Epoch: 123, AccTr: 0.9071999788284302, AccVa: 0.8705000281333923, CeTr: 0.7743631601333618, CeVa: 1.6828023195266724
Epoch: 124, AccTr: 0.910099983215332, AccVa: 0.8665000200271606, CeTr: 0.7562958598136902, CeVa: 1.5836493968963623
Epoch: 125, AccTr: 0.9096999764442444, AccVa: 0.8659999966621399, CeTr: 0.7692744135856628, CeVa: 1.7473583221435547
ENSEMBLE | Tr_Acc: 0.9858999848365784, Tr_CE: 0.06483986973762512, Va_Acc: 0.9390000104904175, Va_CE: 0.6917378902435303
Epoch: 126, AccTr: 0.9074000120162964, AccVa: 0.8634999990463257, CeTr: 0.7685267329216003, CeVa: 1.7171037197113037
Epoch: 127, AccTr: 0.9059000015258789, AccVa: 0.8650000095367432, CeTr: 0.8281256556510925, CeVa: 1.6935378313064575
Epoch: 128, AccTr: 0.9118000268936157, AccVa: 0.8565000295639038, CeTr: 0.7480148077011108, CeVa: 1.9699318408966064
Epoch: 129, AccTr: 0.9101999998092651, AccVa: 0.8644999861717224, CeTr: 0.7905929684638977, CeVa: 1.7742682695388794
Epoch: 130, AccTr: 0.9110999703407288, AccVa: 0.8640000224113464, CeTr: 0.7323474884033203, CeVa: 1.716746211051941
ENSEMBLE | Tr_Acc: 0.98580002784729, Tr_CE: 0.06481844186782837, Va_Acc: 0.9384999871253967, Va_CE: 0.6869527697563171
Epoch: 131, AccTr: 0.9129999876022339, AccVa: 0.8679999709129333, CeTr: 0.7432565689086914, CeVa: 1.668927788734436
Epoch: 132, AccTr: 0.9097999930381775, AccVa: 0.8725000023841858, CeTr: 0.7910526394844055, CeVa: 1.5539617538452148
Epoch: 133, AccTr: 0.9103000164031982, AccVa: 0.8634999990463257, CeTr: 0.7578367590904236, CeVa: 1.7424263954162598
Epoch: 134, AccTr: 0.911899983882904, AccVa: 0.8730000257492065, CeTr: 0.714073121547699, CeVa: 1.6245008707046509
Epoch: 135, AccTr: 0.9114000201225281, AccVa: 0.8765000104904175, CeTr: 0.6974565386772156, CeVa: 1.6912081241607666
ENSEMBLE | Tr_Acc: 0.9860000014305115, Tr_CE: 0.06511135399341583, Va_Acc: 0.9359999895095825, Va_CE: 0.6837068200111389
Epoch: 136, AccTr: 0.9150000214576721, AccVa: 0.8665000200271606, CeTr: 0.6789699196815491, CeVa: 1.6842362880706787
Epoch: 137, AccTr: 0.909600019454956, AccVa: 0.8700000047683716, CeTr: 0.7639461755752563, CeVa: 1.808661699295044
Epoch: 138, AccTr: 0.9067000150680542, AccVa: 0.8734999895095825, CeTr: 0.796791672706604, CeVa: 1.77752685546875
Epoch: 139, AccTr: 0.9114999771118164, AccVa: 0.8684999942779541, CeTr: 0.7862467765808105, CeVa: 1.6571006774902344
Epoch: 140, AccTr: 0.9078999757766724, AccVa: 0.8715000152587891, CeTr: 0.7695220708847046, CeVa: 1.5940439701080322
ENSEMBLE | Tr_Acc: 0.9860000014305115, Tr_CE: 0.06534399837255478, Va_Acc: 0.9365000128746033, Va_CE: 0.6743113994598389
Epoch: 141, AccTr: 0.9074000120162964, AccVa: 0.875, CeTr: 0.785781979560852, CeVa: 1.5637632608413696
Epoch: 142, AccTr: 0.9086999893188477, AccVa: 0.8634999990463257, CeTr: 0.7601284384727478, CeVa: 1.5894296169281006
Epoch: 143, AccTr: 0.911899983882904, AccVa: 0.8615000247955322, CeTr: 0.7346059083938599, CeVa: 1.7134352922439575
Epoch: 144, AccTr: 0.9115999937057495, AccVa: 0.8650000095367432, CeTr: 0.7488124966621399, CeVa: 1.6086952686309814
Epoch: 145, AccTr: 0.9114000201225281, AccVa: 0.875, CeTr: 0.7609273791313171, CeVa: 1.677890658378601
ENSEMBLE | Tr_Acc: 0.9868000149726868, Tr_CE: 0.06539725512266159, Va_Acc: 0.9380000233650208, Va_CE: 0.6736584305763245
Epoch: 146, AccTr: 0.9092000126838684, AccVa: 0.8650000095367432, CeTr: 0.7617025375366211, CeVa: 1.8141803741455078
Epoch: 147, AccTr: 0.9114000201225281, AccVa: 0.8640000224113464, CeTr: 0.7779784202575684, CeVa: 1.7451305389404297
Epoch: 148, AccTr: 0.9052000045776367, AccVa: 0.859499990940094, CeTr: 0.824238657951355, CeVa: 1.8137632608413696
Epoch: 149, AccTr: 0.9031000137329102, AccVa: 0.8560000061988831, CeTr: 0.7890141606330872, CeVa: 1.77696692943573
Epoch: 150, AccTr: 0.9056000113487244, AccVa: 0.8514999747276306, CeTr: 0.8059565424919128, CeVa: 1.820990800857544
ENSEMBLE | Tr_Acc: 0.986299991607666, Tr_CE: 0.0655183345079422, Va_Acc: 0.9369999766349792, Va_CE: 0.6763854622840881
NN CONFIG
Weight-type:		binary
Layout									Layer #1: 280	Layer #2: 200	
Activation Functions					Layer #1: bs	Layer #2: bs	
Keep probabilities		Layer #0: 1.0	Layer #1: 1.0	Layer #2: 1.0	
Flat factors							Layer #1: 1.0	Layer #2: 1.0	Layer #3: 1.0	
Activation Noise						Layer #1: 0.2	Layer #2: 0.2	Layer #3: 0.0	
Prior: 0.7

===================================

RUN CONFIG
Epochs: 150, Blocksize: 8

===================================

Input binarization: False
Epoch: 1, AccTr: 0.9363999962806702, AccVa: 0.8799999952316284, CeTr: 0.51915043592453, CeVa: 1.6918351650238037
Epoch: 2, AccTr: 0.9315999746322632, AccVa: 0.8765000104904175, CeTr: 0.4985763132572174, CeVa: 1.5907665491104126
Epoch: 3, AccTr: 0.9297000169754028, AccVa: 0.8684999942779541, CeTr: 0.5056052803993225, CeVa: 1.6163750886917114
Epoch: 4, AccTr: 0.9265999794006348, AccVa: 0.871999979019165, CeTr: 0.5721949934959412, CeVa: 1.6003178358078003
Epoch: 5, AccTr: 0.9271000027656555, AccVa: 0.8709999918937683, CeTr: 0.5761968493461609, CeVa: 1.5458626747131348
Epoch: 6, AccTr: 0.9240000247955322, AccVa: 0.8730000257492065, CeTr: 0.5940299034118652, CeVa: 1.6224627494812012
Epoch: 7, AccTr: 0.9251000285148621, AccVa: 0.8794999718666077, CeTr: 0.5723217725753784, CeVa: 1.508628010749817
Epoch: 8, AccTr: 0.9218000173568726, AccVa: 0.8809999823570251, CeTr: 0.6197862029075623, CeVa: 1.5331878662109375
Epoch: 9, AccTr: 0.9233999848365784, AccVa: 0.8769999742507935, CeTr: 0.5892394781112671, CeVa: 1.6551835536956787
Epoch: 10, AccTr: 0.9269999861717224, AccVa: 0.8799999952316284, CeTr: 0.5870040655136108, CeVa: 1.4684257507324219
Epoch: 11, AccTr: 0.9236999750137329, AccVa: 0.8849999904632568, CeTr: 0.5832571983337402, CeVa: 1.4817378520965576
Epoch: 12, AccTr: 0.9199000000953674, AccVa: 0.8694999814033508, CeTr: 0.6329238414764404, CeVa: 1.5700573921203613
Epoch: 13, AccTr: 0.9165999889373779, AccVa: 0.8715000152587891, CeTr: 0.6613818407058716, CeVa: 1.7395479679107666
Epoch: 14, AccTr: 0.9226999878883362, AccVa: 0.8744999766349792, CeTr: 0.6286658048629761, CeVa: 1.6003715991973877
Epoch: 15, AccTr: 0.9232000112533569, AccVa: 0.8820000290870667, CeTr: 0.6072434782981873, CeVa: 1.5376334190368652
Epoch: 16, AccTr: 0.9203000068664551, AccVa: 0.8790000081062317, CeTr: 0.6108800172805786, CeVa: 1.5589407682418823
Epoch: 17, AccTr: 0.9146000146865845, AccVa: 0.8569999933242798, CeTr: 0.694616436958313, CeVa: 1.5882340669631958
Epoch: 18, AccTr: 0.9187999963760376, AccVa: 0.8815000057220459, CeTr: 0.6370803713798523, CeVa: 1.4175151586532593
Epoch: 19, AccTr: 0.9200000166893005, AccVa: 0.8715000152587891, CeTr: 0.6611810326576233, CeVa: 1.6432678699493408
Epoch: 20, AccTr: 0.91839998960495, AccVa: 0.8715000152587891, CeTr: 0.6783470511436462, CeVa: 1.5100526809692383
Epoch: 21, AccTr: 0.9162999987602234, AccVa: 0.862500011920929, CeTr: 0.650153398513794, CeVa: 1.7586989402770996
Epoch: 22, AccTr: 0.9171000123023987, AccVa: 0.8730000257492065, CeTr: 0.6735489964485168, CeVa: 1.6624491214752197
Epoch: 23, AccTr: 0.9172999858856201, AccVa: 0.8629999756813049, CeTr: 0.678151547908783, CeVa: 1.8806387186050415
Epoch: 24, AccTr: 0.9171000123023987, AccVa: 0.8629999756813049, CeTr: 0.6723145246505737, CeVa: 1.882136344909668
Epoch: 25, AccTr: 0.9129999876022339, AccVa: 0.8575000166893005, CeTr: 0.7161337733268738, CeVa: 1.894202709197998
Epoch: 26, AccTr: 0.9176999926567078, AccVa: 0.8725000023841858, CeTr: 0.7053353786468506, CeVa: 1.7145254611968994
Epoch: 27, AccTr: 0.916700005531311, AccVa: 0.8600000143051147, CeTr: 0.6788477301597595, CeVa: 1.88602614402771
Epoch: 28, AccTr: 0.9157000184059143, AccVa: 0.859000027179718, CeTr: 0.7472895979881287, CeVa: 1.839073657989502
Epoch: 29, AccTr: 0.9126999974250793, AccVa: 0.8700000047683716, CeTr: 0.752898633480072, CeVa: 1.6554853916168213
Epoch: 30, AccTr: 0.9165999889373779, AccVa: 0.8560000061988831, CeTr: 0.7012026906013489, CeVa: 1.7537518739700317
ENSEMBLE | Tr_Acc: 0.9165999889373779, Tr_CE: 0.7012026906013489, Va_Acc: 0.8560000061988831, Va_CE: 1.7537518739700317
Epoch: 31, AccTr: 0.9178000092506409, AccVa: 0.8684999942779541, CeTr: 0.6700705289840698, CeVa: 1.5817221403121948
Epoch: 32, AccTr: 0.9162999987602234, AccVa: 0.8730000257492065, CeTr: 0.7223696708679199, CeVa: 1.6831996440887451
Epoch: 33, AccTr: 0.9186999797821045, AccVa: 0.8715000152587891, CeTr: 0.6852329969406128, CeVa: 1.6705416440963745
Epoch: 34, AccTr: 0.9182999730110168, AccVa: 0.878000020980835, CeTr: 0.6570470929145813, CeVa: 1.5965814590454102
Epoch: 35, AccTr: 0.916700005531311, AccVa: 0.875, CeTr: 0.6914544701576233, CeVa: 1.6355868577957153
ENSEMBLE | Tr_Acc: 0.9552000164985657, Tr_CE: 0.3102349042892456, Va_Acc: 0.9004999995231628, Va_CE: 1.1384638547897339
Epoch: 36, AccTr: 0.9124000072479248, AccVa: 0.8659999966621399, CeTr: 0.7365073561668396, CeVa: 1.734523057937622
Epoch: 37, AccTr: 0.9139999747276306, AccVa: 0.8679999709129333, CeTr: 0.7591574788093567, CeVa: 1.703855037689209
Epoch: 38, AccTr: 0.9172999858856201, AccVa: 0.878000020980835, CeTr: 0.6846098303794861, CeVa: 1.560371994972229
Epoch: 39, AccTr: 0.9158999919891357, AccVa: 0.871999979019165, CeTr: 0.7448000907897949, CeVa: 1.6813303232192993
Epoch: 40, AccTr: 0.9146000146865845, AccVa: 0.8799999952316284, CeTr: 0.7058711051940918, CeVa: 1.5133994817733765
ENSEMBLE | Tr_Acc: 0.965399980545044, Tr_CE: 0.21487651765346527, Va_Acc: 0.9179999828338623, Va_CE: 0.957373857498169
Epoch: 41, AccTr: 0.9115999937057495, AccVa: 0.8700000047683716, CeTr: 0.7257948517799377, CeVa: 1.725948691368103
Epoch: 42, AccTr: 0.9128000140190125, AccVa: 0.8600000143051147, CeTr: 0.7312012910842896, CeVa: 1.8768723011016846
Epoch: 43, AccTr: 0.9125000238418579, AccVa: 0.8705000281333923, CeTr: 0.7248120903968811, CeVa: 1.54179048538208
Epoch: 44, AccTr: 0.916100025177002, AccVa: 0.8615000247955322, CeTr: 0.6688449382781982, CeVa: 1.7741047143936157
Epoch: 45, AccTr: 0.9151999950408936, AccVa: 0.8730000257492065, CeTr: 0.7010324001312256, CeVa: 1.6392155885696411
ENSEMBLE | Tr_Acc: 0.9711999893188477, Tr_CE: 0.16379058361053467, Va_Acc: 0.921999990940094, Va_CE: 0.8875842094421387
Epoch: 46, AccTr: 0.9146000146865845, AccVa: 0.8585000038146973, CeTr: 0.6858529448509216, CeVa: 1.6662758588790894
Epoch: 47, AccTr: 0.9101999998092651, AccVa: 0.8694999814033508, CeTr: 0.747611403465271, CeVa: 1.6573492288589478
Epoch: 48, AccTr: 0.9118000268936157, AccVa: 0.8579999804496765, CeTr: 0.7487156987190247, CeVa: 1.7357667684555054
Epoch: 49, AccTr: 0.9144999980926514, AccVa: 0.8690000176429749, CeTr: 0.7432775497436523, CeVa: 1.6504497528076172
Epoch: 50, AccTr: 0.9090999960899353, AccVa: 0.8700000047683716, CeTr: 0.7457534074783325, CeVa: 1.5463181734085083
ENSEMBLE | Tr_Acc: 0.9751999974250793, Tr_CE: 0.1350758969783783, Va_Acc: 0.925000011920929, Va_CE: 0.8262478113174438
Epoch: 51, AccTr: 0.9171000123023987, AccVa: 0.8715000152587891, CeTr: 0.7198821902275085, CeVa: 1.6347252130508423
Epoch: 52, AccTr: 0.9093000292778015, AccVa: 0.8650000095367432, CeTr: 0.7276669144630432, CeVa: 1.566464900970459
Epoch: 53, AccTr: 0.9135000109672546, AccVa: 0.8669999837875366, CeTr: 0.7317419648170471, CeVa: 1.637695074081421
Epoch: 54, AccTr: 0.9143999814987183, AccVa: 0.8604999780654907, CeTr: 0.7240143418312073, CeVa: 1.7698965072631836
Epoch: 55, AccTr: 0.9146999716758728, AccVa: 0.8759999871253967, CeTr: 0.7104610800743103, CeVa: 1.5182591676712036
ENSEMBLE | Tr_Acc: 0.9771000146865845, Tr_CE: 0.12592823803424835, Va_Acc: 0.9240000247955322, Va_CE: 0.7781451344490051
Epoch: 56, AccTr: 0.9128999710083008, AccVa: 0.8619999885559082, CeTr: 0.728808581829071, CeVa: 1.5939565896987915
Epoch: 57, AccTr: 0.9107999801635742, AccVa: 0.8604999780654907, CeTr: 0.7268975973129272, CeVa: 1.6121872663497925
Epoch: 58, AccTr: 0.9139000177383423, AccVa: 0.8579999804496765, CeTr: 0.7180426716804504, CeVa: 1.8207449913024902
Epoch: 59, AccTr: 0.9136999845504761, AccVa: 0.862500011920929, CeTr: 0.7494131922721863, CeVa: 1.729541301727295
Epoch: 60, AccTr: 0.9085000157356262, AccVa: 0.859499990940094, CeTr: 0.770537793636322, CeVa: 1.6574357748031616
ENSEMBLE | Tr_Acc: 0.9782000184059143, Tr_CE: 0.11604093015193939, Va_Acc: 0.9290000200271606, Va_CE: 0.7694465517997742
Epoch: 61, AccTr: 0.9097999930381775, AccVa: 0.8615000247955322, CeTr: 0.7096393704414368, CeVa: 1.8259629011154175
Epoch: 62, AccTr: 0.909500002861023, AccVa: 0.859000027179718, CeTr: 0.746931254863739, CeVa: 1.637313961982727
Epoch: 63, AccTr: 0.9075999855995178, AccVa: 0.8554999828338623, CeTr: 0.7973800301551819, CeVa: 1.7303342819213867
Epoch: 64, AccTr: 0.9115999937057495, AccVa: 0.8669999837875366, CeTr: 0.7336915731430054, CeVa: 1.7572211027145386
Epoch: 65, AccTr: 0.9124000072479248, AccVa: 0.8679999709129333, CeTr: 0.7576783299446106, CeVa: 1.6707206964492798
ENSEMBLE | Tr_Acc: 0.9794999957084656, Tr_CE: 0.11335383355617523, Va_Acc: 0.9304999709129333, Va_CE: 0.754563570022583
Epoch: 66, AccTr: 0.9070000052452087, AccVa: 0.8619999885559082, CeTr: 0.7736487984657288, CeVa: 1.7404568195343018
Epoch: 67, AccTr: 0.9057999849319458, AccVa: 0.8684999942779541, CeTr: 0.8111137747764587, CeVa: 1.520207405090332
Epoch: 68, AccTr: 0.9111999869346619, AccVa: 0.8629999756813049, CeTr: 0.7386922240257263, CeVa: 1.6647928953170776
Epoch: 69, AccTr: 0.9077000021934509, AccVa: 0.8615000247955322, CeTr: 0.7670764923095703, CeVa: 1.6336652040481567
Epoch: 70, AccTr: 0.909600019454956, AccVa: 0.8640000224113464, CeTr: 0.7473520040512085, CeVa: 1.8049449920654297
ENSEMBLE | Tr_Acc: 0.9794999957084656, Tr_CE: 0.10579157620668411, Va_Acc: 0.9355000257492065, Va_CE: 0.7489696145057678
Epoch: 71, AccTr: 0.9168000221252441, AccVa: 0.8654999732971191, CeTr: 0.7209382653236389, CeVa: 1.7855201959609985
Epoch: 72, AccTr: 0.9124000072479248, AccVa: 0.8675000071525574, CeTr: 0.7345573902130127, CeVa: 1.5516929626464844
Epoch: 73, AccTr: 0.9135000109672546, AccVa: 0.8690000176429749, CeTr: 0.7407538294792175, CeVa: 1.625632643699646
Epoch: 74, AccTr: 0.9100000262260437, AccVa: 0.8600000143051147, CeTr: 0.7543876767158508, CeVa: 1.6593544483184814
Epoch: 75, AccTr: 0.9122999906539917, AccVa: 0.8610000014305115, CeTr: 0.7340341210365295, CeVa: 1.8477014303207397
ENSEMBLE | Tr_Acc: 0.9797000288963318, Tr_CE: 0.1036224216222763, Va_Acc: 0.9319999814033508, Va_CE: 0.7482509016990662
Epoch: 76, AccTr: 0.9035999774932861, AccVa: 0.8575000166893005, CeTr: 0.8009030222892761, CeVa: 1.8397246599197388
Epoch: 77, AccTr: 0.910099983215332, AccVa: 0.8619999885559082, CeTr: 0.7846186757087708, CeVa: 1.7046935558319092
Epoch: 78, AccTr: 0.9082000255584717, AccVa: 0.8529999852180481, CeTr: 0.7421774864196777, CeVa: 1.8680237531661987
Epoch: 79, AccTr: 0.9128999710083008, AccVa: 0.8634999990463257, CeTr: 0.757567286491394, CeVa: 1.7398808002471924
Epoch: 80, AccTr: 0.9100000262260437, AccVa: 0.8619999885559082, CeTr: 0.7535176277160645, CeVa: 1.7399674654006958
ENSEMBLE | Tr_Acc: 0.98089998960495, Tr_CE: 0.09748799353837967, Va_Acc: 0.9284999966621399, Va_CE: 0.7508949637413025
Epoch: 81, AccTr: 0.9121999740600586, AccVa: 0.8600000143051147, CeTr: 0.759968101978302, CeVa: 1.7821446657180786
Epoch: 82, AccTr: 0.9103000164031982, AccVa: 0.8705000281333923, CeTr: 0.7680222392082214, CeVa: 1.6788266897201538
Epoch: 83, AccTr: 0.906000018119812, AccVa: 0.8634999990463257, CeTr: 0.8052579760551453, CeVa: 1.7972126007080078
Epoch: 84, AccTr: 0.9132000207901001, AccVa: 0.8634999990463257, CeTr: 0.7351049780845642, CeVa: 1.7739330530166626
Epoch: 85, AccTr: 0.911300003528595, AccVa: 0.871999979019165, CeTr: 0.7309372425079346, CeVa: 1.568169116973877
ENSEMBLE | Tr_Acc: 0.9811000227928162, Tr_CE: 0.0961543545126915, Va_Acc: 0.9304999709129333, Va_CE: 0.735084056854248
Epoch: 86, AccTr: 0.907800018787384, AccVa: 0.8715000152587891, CeTr: 0.7650178074836731, CeVa: 1.5662497282028198
Epoch: 87, AccTr: 0.9088000059127808, AccVa: 0.8600000143051147, CeTr: 0.7611469030380249, CeVa: 1.6669721603393555
Epoch: 88, AccTr: 0.9097999930381775, AccVa: 0.8629999756813049, CeTr: 0.771224319934845, CeVa: 1.564376950263977
Epoch: 89, AccTr: 0.9118000268936157, AccVa: 0.8575000166893005, CeTr: 0.7387132048606873, CeVa: 1.646142601966858
Epoch: 90, AccTr: 0.9086999893188477, AccVa: 0.8650000095367432, CeTr: 0.7193484306335449, CeVa: 1.7258222103118896
ENSEMBLE | Tr_Acc: 0.98089998960495, Tr_CE: 0.09452412277460098, Va_Acc: 0.9319999814033508, Va_CE: 0.7337491512298584
Epoch: 91, AccTr: 0.9107999801635742, AccVa: 0.8544999957084656, CeTr: 0.8146626949310303, CeVa: 1.7373801469802856
Epoch: 92, AccTr: 0.9154000282287598, AccVa: 0.8539999723434448, CeTr: 0.7333340048789978, CeVa: 1.7740284204483032
Epoch: 93, AccTr: 0.9082000255584717, AccVa: 0.847000002861023, CeTr: 0.7341596484184265, CeVa: 1.7906978130340576
Epoch: 94, AccTr: 0.9068999886512756, AccVa: 0.8529999852180481, CeTr: 0.7738598585128784, CeVa: 1.7853907346725464
Epoch: 95, AccTr: 0.9139999747276306, AccVa: 0.8725000023841858, CeTr: 0.7524588108062744, CeVa: 1.6019604206085205
ENSEMBLE | Tr_Acc: 0.9817000031471252, Tr_CE: 0.09459690749645233, Va_Acc: 0.934499979019165, Va_CE: 0.7250005006790161
Epoch: 96, AccTr: 0.9168000221252441, AccVa: 0.8769999742507935, CeTr: 0.6978415846824646, CeVa: 1.6011894941329956
Epoch: 97, AccTr: 0.9151999950408936, AccVa: 0.8730000257492065, CeTr: 0.7445619702339172, CeVa: 1.4719897508621216
Epoch: 98, AccTr: 0.9078999757766724, AccVa: 0.8684999942779541, CeTr: 0.8215712904930115, CeVa: 1.5729175806045532
Epoch: 99, AccTr: 0.9121999740600586, AccVa: 0.8715000152587891, CeTr: 0.7681733965873718, CeVa: 1.6198432445526123
Epoch: 100, AccTr: 0.909600019454956, AccVa: 0.8730000257492065, CeTr: 0.7962650656700134, CeVa: 1.566796898841858
ENSEMBLE | Tr_Acc: 0.9815000295639038, Tr_CE: 0.0923079401254654, Va_Acc: 0.9355000257492065, Va_CE: 0.7147160768508911
Epoch: 101, AccTr: 0.9121999740600586, AccVa: 0.862500011920929, CeTr: 0.7533156275749207, CeVa: 1.7554701566696167
Epoch: 102, AccTr: 0.9111999869346619, AccVa: 0.8610000014305115, CeTr: 0.7416455149650574, CeVa: 1.7618672847747803
Epoch: 103, AccTr: 0.9125999808311462, AccVa: 0.8675000071525574, CeTr: 0.7563302516937256, CeVa: 1.708332896232605
Epoch: 104, AccTr: 0.9082000255584717, AccVa: 0.8734999895095825, CeTr: 0.8314432501792908, CeVa: 1.7201313972473145
Epoch: 105, AccTr: 0.9158999919891357, AccVa: 0.8709999918937683, CeTr: 0.7334339022636414, CeVa: 1.8245735168457031
ENSEMBLE | Tr_Acc: 0.9822999835014343, Tr_CE: 0.0903201550245285, Va_Acc: 0.9359999895095825, Va_CE: 0.7186030745506287
Epoch: 106, AccTr: 0.9129999876022339, AccVa: 0.8579999804496765, CeTr: 0.720930814743042, CeVa: 1.9685299396514893
Epoch: 107, AccTr: 0.9078999757766724, AccVa: 0.8600000143051147, CeTr: 0.8035733699798584, CeVa: 1.8552429676055908
Epoch: 108, AccTr: 0.9138000011444092, AccVa: 0.8665000200271606, CeTr: 0.7242469787597656, CeVa: 1.8106364011764526
Epoch: 109, AccTr: 0.9136000275611877, AccVa: 0.8629999756813049, CeTr: 0.7503501772880554, CeVa: 1.8616071939468384
Epoch: 110, AccTr: 0.911300003528595, AccVa: 0.859499990940094, CeTr: 0.7762479186058044, CeVa: 1.9530024528503418
ENSEMBLE | Tr_Acc: 0.9824000000953674, Tr_CE: 0.09077966213226318, Va_Acc: 0.934499979019165, Va_CE: 0.7301117777824402
Epoch: 111, AccTr: 0.9147999882698059, AccVa: 0.859499990940094, CeTr: 0.7537355422973633, CeVa: 1.8495936393737793
Epoch: 112, AccTr: 0.910099983215332, AccVa: 0.8525000214576721, CeTr: 0.7548099160194397, CeVa: 1.9062734842300415
Epoch: 113, AccTr: 0.9071000218391418, AccVa: 0.8675000071525574, CeTr: 0.7842661142349243, CeVa: 1.8046176433563232
Epoch: 114, AccTr: 0.9090999960899353, AccVa: 0.8675000071525574, CeTr: 0.7751055955886841, CeVa: 1.6574277877807617
Epoch: 115, AccTr: 0.9092000126838684, AccVa: 0.8629999756813049, CeTr: 0.7487748265266418, CeVa: 1.6493672132492065
ENSEMBLE | Tr_Acc: 0.9824000000953674, Tr_CE: 0.08910007029771805, Va_Acc: 0.9340000152587891, Va_CE: 0.7294173836708069
Epoch: 116, AccTr: 0.9108999967575073, AccVa: 0.8700000047683716, CeTr: 0.780004620552063, CeVa: 1.5976263284683228
Epoch: 117, AccTr: 0.9106000065803528, AccVa: 0.8684999942779541, CeTr: 0.7838165760040283, CeVa: 1.616943120956421
Epoch: 118, AccTr: 0.9096999764442444, AccVa: 0.8565000295639038, CeTr: 0.7472068071365356, CeVa: 1.8771296739578247
Epoch: 119, AccTr: 0.9075999855995178, AccVa: 0.8669999837875366, CeTr: 0.810652494430542, CeVa: 1.657192587852478
Epoch: 120, AccTr: 0.9107000231742859, AccVa: 0.8514999747276306, CeTr: 0.7849342226982117, CeVa: 1.9389199018478394
ENSEMBLE | Tr_Acc: 0.9825999736785889, Tr_CE: 0.08791374415159225, Va_Acc: 0.9350000023841858, Va_CE: 0.7367990016937256
Epoch: 121, AccTr: 0.9097999930381775, AccVa: 0.8544999957084656, CeTr: 0.7886369824409485, CeVa: 1.8565531969070435
Epoch: 122, AccTr: 0.911300003528595, AccVa: 0.8654999732971191, CeTr: 0.7413445711135864, CeVa: 1.761258602142334
Epoch: 123, AccTr: 0.9085999727249146, AccVa: 0.8579999804496765, CeTr: 0.7674671411514282, CeVa: 1.7693740129470825
Epoch: 124, AccTr: 0.9086999893188477, AccVa: 0.8715000152587891, CeTr: 0.8117566108703613, CeVa: 1.8478864431381226
Epoch: 125, AccTr: 0.9075000286102295, AccVa: 0.8659999966621399, CeTr: 0.8090343475341797, CeVa: 1.6012065410614014
ENSEMBLE | Tr_Acc: 0.9828000068664551, Tr_CE: 0.0865253433585167, Va_Acc: 0.9365000128746033, Va_CE: 0.7317571640014648
Epoch: 126, AccTr: 0.9108999967575073, AccVa: 0.8650000095367432, CeTr: 0.7610923647880554, CeVa: 1.6447640657424927
Epoch: 127, AccTr: 0.9107999801635742, AccVa: 0.8644999861717224, CeTr: 0.7631921172142029, CeVa: 1.6151734590530396
Epoch: 128, AccTr: 0.9039000272750854, AccVa: 0.8544999957084656, CeTr: 0.8278666734695435, CeVa: 1.6931161880493164
Epoch: 129, AccTr: 0.9042999744415283, AccVa: 0.8550000190734863, CeTr: 0.8267747759819031, CeVa: 1.7004883289337158
Epoch: 130, AccTr: 0.9049999713897705, AccVa: 0.8550000190734863, CeTr: 0.8312771320343018, CeVa: 1.6193753480911255
ENSEMBLE | Tr_Acc: 0.9828000068664551, Tr_CE: 0.086550273001194, Va_Acc: 0.9350000023841858, Va_CE: 0.7238653302192688
Epoch: 131, AccTr: 0.9110000133514404, AccVa: 0.859000027179718, CeTr: 0.7747371792793274, CeVa: 1.8135688304901123
Epoch: 132, AccTr: 0.9139000177383423, AccVa: 0.8575000166893005, CeTr: 0.7190845012664795, CeVa: 1.633632779121399
Epoch: 133, AccTr: 0.9120000004768372, AccVa: 0.8619999885559082, CeTr: 0.778041660785675, CeVa: 1.8039157390594482
Epoch: 134, AccTr: 0.9120000004768372, AccVa: 0.8629999756813049, CeTr: 0.761746883392334, CeVa: 1.8227801322937012
Epoch: 135, AccTr: 0.9090999960899353, AccVa: 0.862500011920929, CeTr: 0.8122792840003967, CeVa: 1.7417633533477783
ENSEMBLE | Tr_Acc: 0.982699990272522, Tr_CE: 0.08596813678741455, Va_Acc: 0.934499979019165, Va_CE: 0.7271217107772827
Epoch: 136, AccTr: 0.9057999849319458, AccVa: 0.8659999966621399, CeTr: 0.805375874042511, CeVa: 1.595418930053711
Epoch: 137, AccTr: 0.9096999764442444, AccVa: 0.8554999828338623, CeTr: 0.7639745473861694, CeVa: 1.8285083770751953
Epoch: 138, AccTr: 0.9083999991416931, AccVa: 0.8585000038146973, CeTr: 0.7819114327430725, CeVa: 1.793696641921997
Epoch: 139, AccTr: 0.9067000150680542, AccVa: 0.8619999885559082, CeTr: 0.8307758569717407, CeVa: 1.7617909908294678
Epoch: 140, AccTr: 0.90829998254776, AccVa: 0.859499990940094, CeTr: 0.7804322242736816, CeVa: 1.8661284446716309
ENSEMBLE | Tr_Acc: 0.9832000136375427, Tr_CE: 0.08645562827587128, Va_Acc: 0.9334999918937683, Va_CE: 0.7282944321632385
Epoch: 141, AccTr: 0.9079999923706055, AccVa: 0.8644999861717224, CeTr: 0.8003561496734619, CeVa: 1.6730995178222656
Epoch: 142, AccTr: 0.9057999849319458, AccVa: 0.8554999828338623, CeTr: 0.8260877728462219, CeVa: 1.8530832529067993
Epoch: 143, AccTr: 0.9126999974250793, AccVa: 0.8665000200271606, CeTr: 0.7828084826469421, CeVa: 1.733473300933838
Epoch: 144, AccTr: 0.9093000292778015, AccVa: 0.8619999885559082, CeTr: 0.7875965237617493, CeVa: 1.6425566673278809
Epoch: 145, AccTr: 0.9135000109672546, AccVa: 0.8690000176429749, CeTr: 0.7512815594673157, CeVa: 1.5277307033538818
ENSEMBLE | Tr_Acc: 0.983299970626831, Tr_CE: 0.08647144585847855, Va_Acc: 0.9375, Va_CE: 0.7214604020118713
Epoch: 146, AccTr: 0.9045000076293945, AccVa: 0.8650000095367432, CeTr: 0.8194760680198669, CeVa: 1.7730517387390137
Epoch: 147, AccTr: 0.9075000286102295, AccVa: 0.8629999756813049, CeTr: 0.7829994559288025, CeVa: 1.530415415763855
Epoch: 148, AccTr: 0.9083999991416931, AccVa: 0.8604999780654907, CeTr: 0.8245058655738831, CeVa: 1.705590009689331
Epoch: 149, AccTr: 0.9060999751091003, AccVa: 0.8604999780654907, CeTr: 0.7974263429641724, CeVa: 1.7173442840576172
Epoch: 150, AccTr: 0.9052000045776367, AccVa: 0.8715000152587891, CeTr: 0.7817728519439697, CeVa: 1.642453670501709
ENSEMBLE | Tr_Acc: 0.9829000234603882, Tr_CE: 0.08706987649202347, Va_Acc: 0.9380000233650208, Va_CE: 0.7171103954315186
Mod Accuracy || Mean: 0.8615000247955322	 Std: 0.010000020265579224
Ens Accuracy || Mean: 0.9375	 Std: 0.000500023365020752
Mod CE || Mean: 1.7317222356796265	 Std: 0.08926856517791748
Ens CE || Mean: 0.696747899055481	 Std: 0.02036246657371521
