NN CONFIG
Weight-type:		binary
Layout									Layer #1: 280	Layer #2: 200	
Activation Functions					Layer #1: bs	Layer #2: bs	
Keep probabilities		Layer #0: 0.99	Layer #1: 1.0	Layer #2: 1.0	
Flat factors							Layer #1: 1.0	Layer #2: 1.0	Layer #3: 1.0	
Activation Noise						Layer #1: 0.1	Layer #2: 0.1	Layer #3: 0.0	

===================================

RUN CONFIG
Epochs: 150, Blocksize: 8

===================================

Epoch: 1, AccTr: 0.8787000179290771, AccVa: 0.8224999904632568, CeTr: 0.983517587184906, CeVa: 2.070629119873047
Epoch: 2, AccTr: 0.8662999868392944, AccVa: 0.8230000138282776, CeTr: 0.9732845425605774, CeVa: 1.8360105752944946
Epoch: 3, AccTr: 0.8564000129699707, AccVa: 0.8165000081062317, CeTr: 1.095224380493164, CeVa: 1.9103940725326538
Epoch: 4, AccTr: 0.8729000091552734, AccVa: 0.8029999732971191, CeTr: 0.8630214929580688, CeVa: 2.0281834602355957
Epoch: 5, AccTr: 0.8654000163078308, AccVa: 0.8075000047683716, CeTr: 1.0976645946502686, CeVa: 1.9878621101379395
Epoch: 6, AccTr: 0.8705999851226807, AccVa: 0.8015000224113464, CeTr: 0.9594663381576538, CeVa: 1.999327540397644
Epoch: 7, AccTr: 0.8698999881744385, AccVa: 0.8184999823570251, CeTr: 1.0261179208755493, CeVa: 1.9843125343322754
Epoch: 8, AccTr: 0.8669000267982483, AccVa: 0.8080000281333923, CeTr: 1.026384711265564, CeVa: 2.1169285774230957
Epoch: 9, AccTr: 0.8580999970436096, AccVa: 0.7950000166893005, CeTr: 1.182759165763855, CeVa: 2.245307207107544
Epoch: 10, AccTr: 0.8684999942779541, AccVa: 0.8090000152587891, CeTr: 0.9198938608169556, CeVa: 2.086010456085205
Epoch: 11, AccTr: 0.8701000213623047, AccVa: 0.8034999966621399, CeTr: 0.9902103543281555, CeVa: 2.1570727825164795
Epoch: 12, AccTr: 0.8646000027656555, AccVa: 0.8004999756813049, CeTr: 1.091204285621643, CeVa: 2.2852795124053955
Epoch: 13, AccTr: 0.8755999803543091, AccVa: 0.7994999885559082, CeTr: 0.9621360301971436, CeVa: 2.2527129650115967
Epoch: 14, AccTr: 0.8700000047683716, AccVa: 0.8084999918937683, CeTr: 1.023874282836914, CeVa: 2.2606563568115234
Epoch: 15, AccTr: 0.864300012588501, AccVa: 0.8015000224113464, CeTr: 1.1453750133514404, CeVa: 2.3863399028778076
Epoch: 16, AccTr: 0.8691999912261963, AccVa: 0.8100000023841858, CeTr: 1.0582780838012695, CeVa: 2.13126277923584
Epoch: 17, AccTr: 0.8676999807357788, AccVa: 0.8040000200271606, CeTr: 1.0633519887924194, CeVa: 2.1284117698669434
Epoch: 18, AccTr: 0.862500011920929, AccVa: 0.7994999885559082, CeTr: 1.1370853185653687, CeVa: 2.2756118774414062
Epoch: 19, AccTr: 0.8716999888420105, AccVa: 0.8059999942779541, CeTr: 1.0124622583389282, CeVa: 2.0985920429229736
Epoch: 20, AccTr: 0.8755999803543091, AccVa: 0.8130000233650208, CeTr: 0.9730812311172485, CeVa: 2.118809461593628
Epoch: 21, AccTr: 0.8741999864578247, AccVa: 0.809499979019165, CeTr: 0.9780879616737366, CeVa: 2.1373324394226074
Epoch: 22, AccTr: 0.878000020980835, AccVa: 0.8025000095367432, CeTr: 0.9538925886154175, CeVa: 2.3654754161834717
Epoch: 23, AccTr: 0.8629000186920166, AccVa: 0.8174999952316284, CeTr: 1.2328628301620483, CeVa: 2.0492289066314697
Epoch: 24, AccTr: 0.8565999865531921, AccVa: 0.8044999837875366, CeTr: 1.1731629371643066, CeVa: 2.216275453567505
Epoch: 25, AccTr: 0.8633000254631042, AccVa: 0.8190000057220459, CeTr: 1.2098324298858643, CeVa: 2.0589516162872314
Epoch: 26, AccTr: 0.8733999729156494, AccVa: 0.8090000152587891, CeTr: 0.9969237446784973, CeVa: 2.2262539863586426
Epoch: 27, AccTr: 0.8646000027656555, AccVa: 0.8059999942779541, CeTr: 1.0627330541610718, CeVa: 2.164910316467285
Epoch: 28, AccTr: 0.8626000285148621, AccVa: 0.8130000233650208, CeTr: 1.1379112005233765, CeVa: 2.2921082973480225
Epoch: 29, AccTr: 0.8579999804496765, AccVa: 0.8015000224113464, CeTr: 1.2058720588684082, CeVa: 2.351625919342041
Epoch: 30, AccTr: 0.8730000257492065, AccVa: 0.8054999709129333, CeTr: 0.9994522333145142, CeVa: 2.146698474884033
ENSEMBLE | Tr_Acc: 0.8730000257492065, Tr_CE: 0.9994522333145142, Va_Acc: 0.8054999709129333, Va_CE: 2.146698474884033
Epoch: 31, AccTr: 0.8644999861717224, AccVa: 0.8134999871253967, CeTr: 1.1431330442428589, CeVa: 2.071458339691162
Epoch: 32, AccTr: 0.8676999807357788, AccVa: 0.8159999847412109, CeTr: 1.1193628311157227, CeVa: 2.115673065185547
Epoch: 33, AccTr: 0.8661999702453613, AccVa: 0.8174999952316284, CeTr: 1.126596450805664, CeVa: 2.2158567905426025
Epoch: 34, AccTr: 0.857200026512146, AccVa: 0.8029999732971191, CeTr: 1.2417398691177368, CeVa: 2.2747931480407715
Epoch: 35, AccTr: 0.8672999739646912, AccVa: 0.8109999895095825, CeTr: 1.1106806993484497, CeVa: 2.1524317264556885
ENSEMBLE | Tr_Acc: 0.9305999875068665, Tr_CE: 0.4638720750808716, Va_Acc: 0.8675000071525574, Va_CE: 1.3169468641281128
Epoch: 36, AccTr: 0.858299970626831, AccVa: 0.8199999928474426, CeTr: 1.2231016159057617, CeVa: 2.243947982788086
Epoch: 37, AccTr: 0.8629999756813049, AccVa: 0.8080000281333923, CeTr: 1.132875919342041, CeVa: 2.2358901500701904
Epoch: 38, AccTr: 0.857699990272522, AccVa: 0.8169999718666077, CeTr: 1.1366997957229614, CeVa: 2.2190017700195312
Epoch: 39, AccTr: 0.8687999844551086, AccVa: 0.8299999833106995, CeTr: 1.082993745803833, CeVa: 1.971010446548462
Epoch: 40, AccTr: 0.8669999837875366, AccVa: 0.8130000233650208, CeTr: 1.1054203510284424, CeVa: 2.228884696960449
ENSEMBLE | Tr_Acc: 0.9465000033378601, Tr_CE: 0.33251744508743286, Va_Acc: 0.8845000267028809, Va_CE: 1.133420705795288
Epoch: 41, AccTr: 0.8687000274658203, AccVa: 0.8084999918937683, CeTr: 1.1210837364196777, CeVa: 2.1728861331939697
Epoch: 42, AccTr: 0.8604999780654907, AccVa: 0.824999988079071, CeTr: 1.242584466934204, CeVa: 2.031482458114624
Epoch: 43, AccTr: 0.8529000282287598, AccVa: 0.7954999804496765, CeTr: 1.2576109170913696, CeVa: 2.455343723297119
Epoch: 44, AccTr: 0.8657000064849854, AccVa: 0.8159999847412109, CeTr: 1.0731137990951538, CeVa: 2.118664264678955
Epoch: 45, AccTr: 0.8519999980926514, AccVa: 0.8025000095367432, CeTr: 1.2471680641174316, CeVa: 2.397744655609131
ENSEMBLE | Tr_Acc: 0.9531999826431274, Tr_CE: 0.2732335925102234, Va_Acc: 0.8945000171661377, Va_CE: 1.0299395322799683
Epoch: 46, AccTr: 0.8600999712944031, AccVa: 0.8065000176429749, CeTr: 1.1779577732086182, CeVa: 2.1552650928497314
Epoch: 47, AccTr: 0.8623999953269958, AccVa: 0.8069999814033508, CeTr: 1.1900426149368286, CeVa: 2.2000720500946045
Epoch: 48, AccTr: 0.8583999872207642, AccVa: 0.8130000233650208, CeTr: 1.2623984813690186, CeVa: 2.316873073577881
Epoch: 49, AccTr: 0.8680999875068665, AccVa: 0.8169999718666077, CeTr: 1.0798126459121704, CeVa: 2.173513174057007
Epoch: 50, AccTr: 0.8679999709129333, AccVa: 0.8105000257492065, CeTr: 1.1474297046661377, CeVa: 2.2259366512298584
ENSEMBLE | Tr_Acc: 0.9581999778747559, Tr_CE: 0.23199030756950378, Va_Acc: 0.9004999995231628, Va_CE: 0.946354866027832
Epoch: 51, AccTr: 0.862500011920929, AccVa: 0.8029999732971191, CeTr: 1.1243112087249756, CeVa: 2.2715113162994385
Epoch: 52, AccTr: 0.8565999865531921, AccVa: 0.8119999766349792, CeTr: 1.2060115337371826, CeVa: 2.262566566467285
Epoch: 53, AccTr: 0.8482000231742859, AccVa: 0.8075000047683716, CeTr: 1.344770908355713, CeVa: 2.2609364986419678
Epoch: 54, AccTr: 0.8550999760627747, AccVa: 0.815500020980835, CeTr: 1.2882269620895386, CeVa: 2.0363399982452393
Epoch: 55, AccTr: 0.8590999841690063, AccVa: 0.8130000233650208, CeTr: 1.2252657413482666, CeVa: 2.281189441680908
ENSEMBLE | Tr_Acc: 0.9621000289916992, Tr_CE: 0.21076250076293945, Va_Acc: 0.902999997138977, Va_CE: 0.8997053503990173
Epoch: 56, AccTr: 0.8637999892234802, AccVa: 0.8125, CeTr: 1.1647443771362305, CeVa: 2.113980531692505
Epoch: 57, AccTr: 0.862500011920929, AccVa: 0.8069999814033508, CeTr: 1.1757032871246338, CeVa: 2.1736857891082764
Epoch: 58, AccTr: 0.8597999811172485, AccVa: 0.8234999775886536, CeTr: 1.220950961112976, CeVa: 1.9380102157592773
Epoch: 59, AccTr: 0.8461999893188477, AccVa: 0.815500020980835, CeTr: 1.3847535848617554, CeVa: 2.1589560508728027
Epoch: 60, AccTr: 0.8607000112533569, AccVa: 0.8299999833106995, CeTr: 1.1935997009277344, CeVa: 1.9903650283813477
ENSEMBLE | Tr_Acc: 0.9624999761581421, Tr_CE: 0.19495424628257751, Va_Acc: 0.9085000157356262, Va_CE: 0.8442328572273254
Epoch: 61, AccTr: 0.8579000234603882, AccVa: 0.8090000152587891, CeTr: 1.294784665107727, CeVa: 2.309413433074951
Epoch: 62, AccTr: 0.8628000020980835, AccVa: 0.8140000104904175, CeTr: 1.1491986513137817, CeVa: 2.1809327602386475
Epoch: 63, AccTr: 0.8669999837875366, AccVa: 0.8059999942779541, CeTr: 1.0937799215316772, CeVa: 2.263916492462158
Epoch: 64, AccTr: 0.8634999990463257, AccVa: 0.8109999895095825, CeTr: 1.135970950126648, CeVa: 2.2656936645507812
Epoch: 65, AccTr: 0.8704000115394592, AccVa: 0.8215000033378601, CeTr: 1.0608638525009155, CeVa: 2.1402831077575684
ENSEMBLE | Tr_Acc: 0.9650999903678894, Tr_CE: 0.17809006571769714, Va_Acc: 0.9104999899864197, Va_CE: 0.8099862933158875
Epoch: 66, AccTr: 0.8652999997138977, AccVa: 0.8065000176429749, CeTr: 1.1302896738052368, CeVa: 2.1424872875213623
Epoch: 67, AccTr: 0.8614000082015991, AccVa: 0.8115000128746033, CeTr: 1.218762993812561, CeVa: 2.2175326347351074
Epoch: 68, AccTr: 0.8657000064849854, AccVa: 0.8220000267028809, CeTr: 1.1189290285110474, CeVa: 2.293367624282837
Epoch: 69, AccTr: 0.8601999878883362, AccVa: 0.8105000257492065, CeTr: 1.2918404340744019, CeVa: 2.4577386379241943
Epoch: 70, AccTr: 0.8659999966621399, AccVa: 0.8140000104904175, CeTr: 1.0932064056396484, CeVa: 2.2102954387664795
ENSEMBLE | Tr_Acc: 0.9678000211715698, Tr_CE: 0.16746129095554352, Va_Acc: 0.9129999876022339, Va_CE: 0.7895758152008057
Epoch: 71, AccTr: 0.8593000173568726, AccVa: 0.8040000200271606, CeTr: 1.1898692846298218, CeVa: 2.319490671157837
Epoch: 72, AccTr: 0.8561000227928162, AccVa: 0.8220000267028809, CeTr: 1.2802175283432007, CeVa: 2.009227991104126
Epoch: 73, AccTr: 0.8712999820709229, AccVa: 0.8149999976158142, CeTr: 1.0328574180603027, CeVa: 2.137010335922241
Epoch: 74, AccTr: 0.8544999957084656, AccVa: 0.7975000143051147, CeTr: 1.2784252166748047, CeVa: 2.4387707710266113
Epoch: 75, AccTr: 0.8618000149726868, AccVa: 0.8009999990463257, CeTr: 1.1582130193710327, CeVa: 2.189527988433838
ENSEMBLE | Tr_Acc: 0.9699000120162964, Tr_CE: 0.15615160763263702, Va_Acc: 0.9135000109672546, Va_CE: 0.7618926763534546
Epoch: 76, AccTr: 0.8611000180244446, AccVa: 0.8205000162124634, CeTr: 1.2403523921966553, CeVa: 2.2993736267089844
Epoch: 77, AccTr: 0.8605999946594238, AccVa: 0.809499979019165, CeTr: 1.2483716011047363, CeVa: 2.1790318489074707
Epoch: 78, AccTr: 0.8589000105857849, AccVa: 0.7979999780654907, CeTr: 1.2054845094680786, CeVa: 2.268470287322998
Epoch: 79, AccTr: 0.8604999780654907, AccVa: 0.8034999966621399, CeTr: 1.2316129207611084, CeVa: 2.2344601154327393
Epoch: 80, AccTr: 0.8489000201225281, AccVa: 0.8115000128746033, CeTr: 1.3836064338684082, CeVa: 2.249481439590454
ENSEMBLE | Tr_Acc: 0.970300018787384, Tr_CE: 0.1534433215856552, Va_Acc: 0.9120000004768372, Va_CE: 0.7507051229476929
Epoch: 81, AccTr: 0.8549000024795532, AccVa: 0.8084999918937683, CeTr: 1.361880898475647, CeVa: 2.2203755378723145
Epoch: 82, AccTr: 0.861299991607666, AccVa: 0.8105000257492065, CeTr: 1.2436764240264893, CeVa: 2.289935827255249
Epoch: 83, AccTr: 0.8567000031471252, AccVa: 0.8100000023841858, CeTr: 1.2632486820220947, CeVa: 2.1523289680480957
Epoch: 84, AccTr: 0.8569999933242798, AccVa: 0.8130000233650208, CeTr: 1.1983283758163452, CeVa: 2.160513162612915
Epoch: 85, AccTr: 0.86080002784729, AccVa: 0.8075000047683716, CeTr: 1.2048234939575195, CeVa: 2.222700834274292
ENSEMBLE | Tr_Acc: 0.97079998254776, Tr_CE: 0.1531258523464203, Va_Acc: 0.9139999747276306, Va_CE: 0.7328886389732361
Epoch: 86, AccTr: 0.8671000003814697, AccVa: 0.8220000267028809, CeTr: 1.1000771522521973, CeVa: 2.138019323348999
Epoch: 87, AccTr: 0.8601999878883362, AccVa: 0.8115000128746033, CeTr: 1.1510851383209229, CeVa: 2.2061285972595215
Epoch: 88, AccTr: 0.8650000095367432, AccVa: 0.8184999823570251, CeTr: 1.1382873058319092, CeVa: 2.0488200187683105
Epoch: 89, AccTr: 0.8664000034332275, AccVa: 0.8190000057220459, CeTr: 1.209886074066162, CeVa: 2.1348962783813477
Epoch: 90, AccTr: 0.8629000186920166, AccVa: 0.8109999895095825, CeTr: 1.1573346853256226, CeVa: 2.3787741661071777
ENSEMBLE | Tr_Acc: 0.97079998254776, Tr_CE: 0.1494711935520172, Va_Acc: 0.9164999723434448, Va_CE: 0.7396447062492371
Epoch: 91, AccTr: 0.8661999702453613, AccVa: 0.815500020980835, CeTr: 1.1630327701568604, CeVa: 2.1276564598083496
Epoch: 92, AccTr: 0.864300012588501, AccVa: 0.8144999742507935, CeTr: 1.1373155117034912, CeVa: 2.081876039505005
Epoch: 93, AccTr: 0.864799976348877, AccVa: 0.8015000224113464, CeTr: 1.1161693334579468, CeVa: 2.3281540870666504
Epoch: 94, AccTr: 0.8550000190734863, AccVa: 0.8080000281333923, CeTr: 1.328741192817688, CeVa: 2.2819361686706543
Epoch: 95, AccTr: 0.8604000210762024, AccVa: 0.828000009059906, CeTr: 1.2912607192993164, CeVa: 2.1128106117248535
ENSEMBLE | Tr_Acc: 0.9711999893188477, Tr_CE: 0.147611603140831, Va_Acc: 0.9175000190734863, Va_CE: 0.7393389940261841
Epoch: 96, AccTr: 0.8633999824523926, AccVa: 0.8075000047683716, CeTr: 1.2403974533081055, CeVa: 2.3240904808044434
Epoch: 97, AccTr: 0.8661999702453613, AccVa: 0.8069999814033508, CeTr: 1.1351639032363892, CeVa: 2.1452980041503906
Epoch: 98, AccTr: 0.8665000200271606, AccVa: 0.8040000200271606, CeTr: 1.097001075744629, CeVa: 2.2505030632019043
Epoch: 99, AccTr: 0.8575999736785889, AccVa: 0.8009999990463257, CeTr: 1.2658511400222778, CeVa: 2.1254336833953857
Epoch: 100, AccTr: 0.8659999966621399, AccVa: 0.8144999742507935, CeTr: 1.2320195436477661, CeVa: 2.2357265949249268
ENSEMBLE | Tr_Acc: 0.9703999757766724, Tr_CE: 0.1449390947818756, Va_Acc: 0.9150000214576721, Va_CE: 0.7345118522644043
Epoch: 101, AccTr: 0.8687000274658203, AccVa: 0.8240000009536743, CeTr: 1.17121160030365, CeVa: 1.9726462364196777
Epoch: 102, AccTr: 0.8629000186920166, AccVa: 0.815500020980835, CeTr: 1.1465637683868408, CeVa: 2.2255353927612305
Epoch: 103, AccTr: 0.8640000224113464, AccVa: 0.8084999918937683, CeTr: 1.1752263307571411, CeVa: 2.3809425830841064
Epoch: 104, AccTr: 0.8702999949455261, AccVa: 0.8330000042915344, CeTr: 1.0630693435668945, CeVa: 2.120337724685669
Epoch: 105, AccTr: 0.8597999811172485, AccVa: 0.815500020980835, CeTr: 1.2459744215011597, CeVa: 2.1860404014587402
ENSEMBLE | Tr_Acc: 0.970300018787384, Tr_CE: 0.14433260262012482, Va_Acc: 0.9175000190734863, Va_CE: 0.7300769090652466
Epoch: 106, AccTr: 0.8611000180244446, AccVa: 0.8050000071525574, CeTr: 1.128601312637329, CeVa: 2.1977007389068604
Epoch: 107, AccTr: 0.8633000254631042, AccVa: 0.8119999766349792, CeTr: 1.172181248664856, CeVa: 2.1785969734191895
Epoch: 108, AccTr: 0.8543999791145325, AccVa: 0.7960000038146973, CeTr: 1.2815078496932983, CeVa: 2.4683620929718018
Epoch: 109, AccTr: 0.8547000288963318, AccVa: 0.8125, CeTr: 1.3017321825027466, CeVa: 2.279845714569092
Epoch: 110, AccTr: 0.8564000129699707, AccVa: 0.8144999742507935, CeTr: 1.3936169147491455, CeVa: 2.3861336708068848
ENSEMBLE | Tr_Acc: 0.970300018787384, Tr_CE: 0.1473267525434494, Va_Acc: 0.9179999828338623, Va_CE: 0.735788881778717
Epoch: 111, AccTr: 0.86080002784729, AccVa: 0.8115000128746033, CeTr: 1.2486037015914917, CeVa: 2.1845645904541016
Epoch: 112, AccTr: 0.8572999835014343, AccVa: 0.8130000233650208, CeTr: 1.3289262056350708, CeVa: 2.1867055892944336
Epoch: 113, AccTr: 0.8662999868392944, AccVa: 0.815500020980835, CeTr: 1.2256025075912476, CeVa: 2.1930739879608154
Epoch: 114, AccTr: 0.8586000204086304, AccVa: 0.8054999709129333, CeTr: 1.3987106084823608, CeVa: 2.1789186000823975
Epoch: 115, AccTr: 0.8539999723434448, AccVa: 0.8190000057220459, CeTr: 1.3427168130874634, CeVa: 2.1272480487823486
ENSEMBLE | Tr_Acc: 0.9711999893188477, Tr_CE: 0.14600194990634918, Va_Acc: 0.921999990940094, Va_CE: 0.7244422435760498
Epoch: 116, AccTr: 0.8568999767303467, AccVa: 0.8134999871253967, CeTr: 1.388029932975769, CeVa: 2.2122154235839844
Epoch: 117, AccTr: 0.8640000224113464, AccVa: 0.815500020980835, CeTr: 1.1982648372650146, CeVa: 2.222963809967041
Epoch: 118, AccTr: 0.8637999892234802, AccVa: 0.8009999990463257, CeTr: 1.1441736221313477, CeVa: 2.4647505283355713
Epoch: 119, AccTr: 0.8525000214576721, AccVa: 0.8004999756813049, CeTr: 1.2783995866775513, CeVa: 2.281111240386963
Epoch: 120, AccTr: 0.8619999885559082, AccVa: 0.8109999895095825, CeTr: 1.2285068035125732, CeVa: 2.262155294418335
ENSEMBLE | Tr_Acc: 0.9711999893188477, Tr_CE: 0.14437280595302582, Va_Acc: 0.9235000014305115, Va_CE: 0.7195175290107727
Epoch: 121, AccTr: 0.8614000082015991, AccVa: 0.8119999766349792, CeTr: 1.2136579751968384, CeVa: 2.193474054336548
Epoch: 122, AccTr: 0.8600000143051147, AccVa: 0.8125, CeTr: 1.18659508228302, CeVa: 2.3012421131134033
Epoch: 123, AccTr: 0.850600004196167, AccVa: 0.7975000143051147, CeTr: 1.2785727977752686, CeVa: 2.526118278503418
Epoch: 124, AccTr: 0.8460999727249146, AccVa: 0.8125, CeTr: 1.4527323246002197, CeVa: 2.2774806022644043
Epoch: 125, AccTr: 0.8547999858856201, AccVa: 0.8335000276565552, CeTr: 1.3474249839782715, CeVa: 2.0995824337005615
ENSEMBLE | Tr_Acc: 0.9715999960899353, Tr_CE: 0.14586171507835388, Va_Acc: 0.9244999885559082, Va_CE: 0.714769184589386
Epoch: 126, AccTr: 0.8601999878883362, AccVa: 0.8054999709129333, CeTr: 1.2397290468215942, CeVa: 2.3966712951660156
Epoch: 127, AccTr: 0.868399977684021, AccVa: 0.8069999814033508, CeTr: 1.1545847654342651, CeVa: 2.2713356018066406
Epoch: 128, AccTr: 0.861299991607666, AccVa: 0.815500020980835, CeTr: 1.1832427978515625, CeVa: 2.3415234088897705
Epoch: 129, AccTr: 0.8536999821662903, AccVa: 0.8054999709129333, CeTr: 1.272945523262024, CeVa: 2.1975488662719727
Epoch: 130, AccTr: 0.8565999865531921, AccVa: 0.8080000281333923, CeTr: 1.305628776550293, CeVa: 2.086547374725342
ENSEMBLE | Tr_Acc: 0.9711999893188477, Tr_CE: 0.14602629840373993, Va_Acc: 0.9240000247955322, Va_CE: 0.7034246921539307
Epoch: 131, AccTr: 0.853600025177002, AccVa: 0.8115000128746033, CeTr: 1.3339537382125854, CeVa: 2.2506966590881348
Epoch: 132, AccTr: 0.8540999889373779, AccVa: 0.8205000162124634, CeTr: 1.3188390731811523, CeVa: 2.114663600921631
Epoch: 133, AccTr: 0.8655999898910522, AccVa: 0.8199999928474426, CeTr: 1.1217670440673828, CeVa: 2.2262496948242188
Epoch: 134, AccTr: 0.8729000091552734, AccVa: 0.8270000219345093, CeTr: 1.1356769800186157, CeVa: 2.0766005516052246
Epoch: 135, AccTr: 0.8644999861717224, AccVa: 0.8159999847412109, CeTr: 1.1866577863693237, CeVa: 2.400373697280884
ENSEMBLE | Tr_Acc: 0.9713000059127808, Tr_CE: 0.14545921981334686, Va_Acc: 0.9244999885559082, Va_CE: 0.7019526362419128
Epoch: 136, AccTr: 0.8478000164031982, AccVa: 0.8019999861717224, CeTr: 1.4240714311599731, CeVa: 2.434039354324341
Epoch: 137, AccTr: 0.8554999828338623, AccVa: 0.8165000081062317, CeTr: 1.3240607976913452, CeVa: 2.2031874656677246
Epoch: 138, AccTr: 0.842199981212616, AccVa: 0.7954999804496765, CeTr: 1.4849084615707397, CeVa: 2.4006268978118896
Epoch: 139, AccTr: 0.8539000153541565, AccVa: 0.8044999837875366, CeTr: 1.2668964862823486, CeVa: 2.348635196685791
Epoch: 140, AccTr: 0.8532999753952026, AccVa: 0.8069999814033508, CeTr: 1.3121178150177002, CeVa: 2.326737403869629
ENSEMBLE | Tr_Acc: 0.9710999727249146, Tr_CE: 0.14604561030864716, Va_Acc: 0.9240000247955322, Va_CE: 0.6970084309577942
Epoch: 141, AccTr: 0.8583999872207642, AccVa: 0.8080000281333923, CeTr: 1.2581206560134888, CeVa: 2.3394129276275635
Epoch: 142, AccTr: 0.8522999882698059, AccVa: 0.7985000014305115, CeTr: 1.3202282190322876, CeVa: 2.463329315185547
Epoch: 143, AccTr: 0.8579999804496765, AccVa: 0.815500020980835, CeTr: 1.25785493850708, CeVa: 2.3144969940185547
Epoch: 144, AccTr: 0.8565999865531921, AccVa: 0.8029999732971191, CeTr: 1.2132803201675415, CeVa: 2.509564161300659
Epoch: 145, AccTr: 0.8626999855041504, AccVa: 0.8144999742507935, CeTr: 1.2420876026153564, CeVa: 2.313436508178711
ENSEMBLE | Tr_Acc: 0.9715999960899353, Tr_CE: 0.14503629505634308, Va_Acc: 0.9265000224113464, Va_CE: 0.6955631375312805
Epoch: 146, AccTr: 0.870199978351593, AccVa: 0.8159999847412109, CeTr: 1.079322099685669, CeVa: 2.390362024307251
Epoch: 147, AccTr: 0.8611000180244446, AccVa: 0.7990000247955322, CeTr: 1.1447440385818481, CeVa: 2.2839300632476807
Epoch: 148, AccTr: 0.8597000241279602, AccVa: 0.8109999895095825, CeTr: 1.2691210508346558, CeVa: 2.2991249561309814
Epoch: 149, AccTr: 0.8565999865531921, AccVa: 0.8180000185966492, CeTr: 1.3495867252349854, CeVa: 2.1829004287719727
Epoch: 150, AccTr: 0.866599977016449, AccVa: 0.8100000023841858, CeTr: 1.2246546745300293, CeVa: 2.2786366939544678
ENSEMBLE | Tr_Acc: 0.9710999727249146, Tr_CE: 0.14326804876327515, Va_Acc: 0.9259999990463257, Va_CE: 0.6936556100845337
NN CONFIG
Weight-type:		binary
Layout									Layer #1: 280	Layer #2: 200	
Activation Functions					Layer #1: bs	Layer #2: bs	
Keep probabilities		Layer #0: 0.99	Layer #1: 1.0	Layer #2: 1.0	
Flat factors							Layer #1: 1.0	Layer #2: 1.0	Layer #3: 1.0	
Activation Noise						Layer #1: 0.1	Layer #2: 0.1	Layer #3: 0.0	

===================================

RUN CONFIG
Epochs: 150, Blocksize: 8

===================================

Epoch: 1, AccTr: 0.8679999709129333, AccVa: 0.8084999918937683, CeTr: 1.1769206523895264, CeVa: 2.3731751441955566
Epoch: 2, AccTr: 0.8636999726295471, AccVa: 0.8195000290870667, CeTr: 1.0257514715194702, CeVa: 1.9516286849975586
Epoch: 3, AccTr: 0.8634999990463257, AccVa: 0.8065000176429749, CeTr: 1.0630533695220947, CeVa: 2.143796682357788
Epoch: 4, AccTr: 0.8511000275611877, AccVa: 0.8059999942779541, CeTr: 1.190502405166626, CeVa: 2.0203731060028076
Epoch: 5, AccTr: 0.8550999760627747, AccVa: 0.8054999709129333, CeTr: 1.1803181171417236, CeVa: 1.9501112699508667
Epoch: 6, AccTr: 0.8500999808311462, AccVa: 0.8019999861717224, CeTr: 1.1860339641571045, CeVa: 2.1107327938079834
Epoch: 7, AccTr: 0.8578000068664551, AccVa: 0.7979999780654907, CeTr: 1.1339200735092163, CeVa: 2.2850019931793213
Epoch: 8, AccTr: 0.8640999794006348, AccVa: 0.7960000038146973, CeTr: 1.0452393293380737, CeVa: 2.3260371685028076
Epoch: 9, AccTr: 0.8604999780654907, AccVa: 0.777999997138977, CeTr: 1.0362757444381714, CeVa: 2.382871627807617
Epoch: 10, AccTr: 0.8440999984741211, AccVa: 0.7935000061988831, CeTr: 1.3711825609207153, CeVa: 2.3225088119506836
Epoch: 11, AccTr: 0.8496000170707703, AccVa: 0.7900000214576721, CeTr: 1.1679933071136475, CeVa: 2.348590612411499
Epoch: 12, AccTr: 0.8597000241279602, AccVa: 0.7935000061988831, CeTr: 1.118773102760315, CeVa: 2.380288600921631
Epoch: 13, AccTr: 0.8598999977111816, AccVa: 0.796999990940094, CeTr: 1.1409974098205566, CeVa: 2.25203013420105
Epoch: 14, AccTr: 0.8679999709129333, AccVa: 0.8180000185966492, CeTr: 1.0721838474273682, CeVa: 2.0785183906555176
Epoch: 15, AccTr: 0.8629000186920166, AccVa: 0.8025000095367432, CeTr: 1.1340209245681763, CeVa: 2.18208909034729
Epoch: 16, AccTr: 0.8639000058174133, AccVa: 0.809499979019165, CeTr: 1.0918993949890137, CeVa: 2.192412853240967
Epoch: 17, AccTr: 0.8666999936103821, AccVa: 0.809499979019165, CeTr: 1.130812168121338, CeVa: 2.248332977294922
Epoch: 18, AccTr: 0.8614000082015991, AccVa: 0.8105000257492065, CeTr: 1.1544567346572876, CeVa: 2.2836034297943115
Epoch: 19, AccTr: 0.85589998960495, AccVa: 0.8215000033378601, CeTr: 1.21849524974823, CeVa: 2.0626778602600098
Epoch: 20, AccTr: 0.8580999970436096, AccVa: 0.8025000095367432, CeTr: 1.1509517431259155, CeVa: 2.3108692169189453
Epoch: 21, AccTr: 0.864300012588501, AccVa: 0.8159999847412109, CeTr: 1.0881414413452148, CeVa: 2.1883082389831543
Epoch: 22, AccTr: 0.8633000254631042, AccVa: 0.8004999756813049, CeTr: 1.2118500471115112, CeVa: 2.3760015964508057
Epoch: 23, AccTr: 0.8521999716758728, AccVa: 0.7875000238418579, CeTr: 1.3086144924163818, CeVa: 2.5189058780670166
Epoch: 24, AccTr: 0.8654999732971191, AccVa: 0.8105000257492065, CeTr: 1.1980273723602295, CeVa: 2.393249273300171
Epoch: 25, AccTr: 0.8650000095367432, AccVa: 0.8125, CeTr: 1.1984237432479858, CeVa: 2.2680752277374268
Epoch: 26, AccTr: 0.8626000285148621, AccVa: 0.8084999918937683, CeTr: 1.2411431074142456, CeVa: 2.3119139671325684
Epoch: 27, AccTr: 0.8436999917030334, AccVa: 0.8034999966621399, CeTr: 1.407577633857727, CeVa: 2.4653944969177246
Epoch: 28, AccTr: 0.8406999707221985, AccVa: 0.8029999732971191, CeTr: 1.5416635274887085, CeVa: 2.3467037677764893
Epoch: 29, AccTr: 0.8490999937057495, AccVa: 0.8059999942779541, CeTr: 1.3391011953353882, CeVa: 2.2941553592681885
Epoch: 30, AccTr: 0.8589000105857849, AccVa: 0.815500020980835, CeTr: 1.1981937885284424, CeVa: 2.357649326324463
ENSEMBLE | Tr_Acc: 0.8589000105857849, Tr_CE: 1.1981937885284424, Va_Acc: 0.815500020980835, Va_CE: 2.357649326324463
Epoch: 31, AccTr: 0.8666999936103821, AccVa: 0.8009999990463257, CeTr: 1.1616226434707642, CeVa: 2.380831480026245
Epoch: 32, AccTr: 0.8476999998092651, AccVa: 0.8080000281333923, CeTr: 1.324560523033142, CeVa: 2.384948253631592
Epoch: 33, AccTr: 0.8618000149726868, AccVa: 0.8034999966621399, CeTr: 1.1488715410232544, CeVa: 2.265509843826294
Epoch: 34, AccTr: 0.8610000014305115, AccVa: 0.8105000257492065, CeTr: 1.1126762628555298, CeVa: 2.3557887077331543
Epoch: 35, AccTr: 0.8571000099182129, AccVa: 0.8059999942779541, CeTr: 1.2647255659103394, CeVa: 2.219979763031006
ENSEMBLE | Tr_Acc: 0.9186000227928162, Tr_CE: 0.5525398254394531, Va_Acc: 0.8634999990463257, Va_CE: 1.4808104038238525
Epoch: 36, AccTr: 0.8540999889373779, AccVa: 0.8015000224113464, CeTr: 1.2375965118408203, CeVa: 2.331321954727173
Epoch: 37, AccTr: 0.8489000201225281, AccVa: 0.7990000247955322, CeTr: 1.3782970905303955, CeVa: 2.524379253387451
Epoch: 38, AccTr: 0.8510000109672546, AccVa: 0.7954999804496765, CeTr: 1.397983193397522, CeVa: 2.5763683319091797
Epoch: 39, AccTr: 0.8553000092506409, AccVa: 0.8080000281333923, CeTr: 1.2713088989257812, CeVa: 2.379218101501465
Epoch: 40, AccTr: 0.8553000092506409, AccVa: 0.8029999732971191, CeTr: 1.1935065984725952, CeVa: 2.402596950531006
ENSEMBLE | Tr_Acc: 0.9430000185966492, Tr_CE: 0.3862115740776062, Va_Acc: 0.8849999904632568, Va_CE: 1.2693760395050049
Epoch: 41, AccTr: 0.8560000061988831, AccVa: 0.8115000128746033, CeTr: 1.2408298254013062, CeVa: 2.37253999710083
Epoch: 42, AccTr: 0.8586999773979187, AccVa: 0.8080000281333923, CeTr: 1.225900411605835, CeVa: 2.3668429851531982
Epoch: 43, AccTr: 0.86080002784729, AccVa: 0.7975000143051147, CeTr: 1.1691107749938965, CeVa: 2.416382312774658
Epoch: 44, AccTr: 0.8515999913215637, AccVa: 0.815500020980835, CeTr: 1.3401788473129272, CeVa: 2.3441851139068604
Epoch: 45, AccTr: 0.8600000143051147, AccVa: 0.8059999942779541, CeTr: 1.19545316696167, CeVa: 2.2561838626861572
ENSEMBLE | Tr_Acc: 0.9506999850273132, Tr_CE: 0.30241888761520386, Va_Acc: 0.8939999938011169, Va_CE: 1.1079394817352295
Epoch: 46, AccTr: 0.8565999865531921, AccVa: 0.7985000014305115, CeTr: 1.2470067739486694, CeVa: 2.298705577850342
Epoch: 47, AccTr: 0.8529000282287598, AccVa: 0.7900000214576721, CeTr: 1.298612117767334, CeVa: 2.535346746444702
Epoch: 48, AccTr: 0.8637999892234802, AccVa: 0.824999988079071, CeTr: 1.1701997518539429, CeVa: 2.1068530082702637
Epoch: 49, AccTr: 0.867900013923645, AccVa: 0.8220000267028809, CeTr: 1.1160005331039429, CeVa: 2.024394989013672
Epoch: 50, AccTr: 0.8565000295639038, AccVa: 0.8009999990463257, CeTr: 1.3620308637619019, CeVa: 2.3699748516082764
ENSEMBLE | Tr_Acc: 0.9557999968528748, Tr_CE: 0.26554593443870544, Va_Acc: 0.8970000147819519, Va_CE: 1.0357425212860107
Epoch: 51, AccTr: 0.864300012588501, AccVa: 0.8075000047683716, CeTr: 1.2045893669128418, CeVa: 2.4182918071746826
Epoch: 52, AccTr: 0.864300012588501, AccVa: 0.8025000095367432, CeTr: 1.1739957332611084, CeVa: 2.6602320671081543
Epoch: 53, AccTr: 0.8608999848365784, AccVa: 0.7929999828338623, CeTr: 1.2300037145614624, CeVa: 2.730027437210083
Epoch: 54, AccTr: 0.8537999987602234, AccVa: 0.8134999871253967, CeTr: 1.3384491205215454, CeVa: 2.3177943229675293
Epoch: 55, AccTr: 0.868399977684021, AccVa: 0.8065000176429749, CeTr: 1.0945216417312622, CeVa: 2.397087812423706
ENSEMBLE | Tr_Acc: 0.9606000185012817, Tr_CE: 0.22736679017543793, Va_Acc: 0.8985000252723694, Va_CE: 1.000411033630371
Epoch: 56, AccTr: 0.8536999821662903, AccVa: 0.8050000071525574, CeTr: 1.3312958478927612, CeVa: 2.420903205871582
Epoch: 57, AccTr: 0.8621000051498413, AccVa: 0.8119999766349792, CeTr: 1.3376131057739258, CeVa: 2.4882924556732178
Epoch: 58, AccTr: 0.852400004863739, AccVa: 0.8125, CeTr: 1.3352539539337158, CeVa: 2.328721523284912
Epoch: 59, AccTr: 0.8507999777793884, AccVa: 0.8090000152587891, CeTr: 1.3648613691329956, CeVa: 2.1793246269226074
Epoch: 60, AccTr: 0.8583999872207642, AccVa: 0.8090000152587891, CeTr: 1.2152073383331299, CeVa: 2.3101391792297363
ENSEMBLE | Tr_Acc: 0.9650999903678894, Tr_CE: 0.20700810849666595, Va_Acc: 0.9020000100135803, Va_CE: 0.9658854007720947
Epoch: 61, AccTr: 0.8673999905586243, AccVa: 0.8130000233650208, CeTr: 1.1267751455307007, CeVa: 2.151402473449707
Epoch: 62, AccTr: 0.8514999747276306, AccVa: 0.8054999709129333, CeTr: 1.297755241394043, CeVa: 2.2908265590667725
Epoch: 63, AccTr: 0.8537999987602234, AccVa: 0.8140000104904175, CeTr: 1.2516385316848755, CeVa: 2.1336593627929688
Epoch: 64, AccTr: 0.8540999889373779, AccVa: 0.8125, CeTr: 1.3302842378616333, CeVa: 2.1527628898620605
Epoch: 65, AccTr: 0.8511000275611877, AccVa: 0.8075000047683716, CeTr: 1.3314331769943237, CeVa: 2.4668056964874268
ENSEMBLE | Tr_Acc: 0.9648000001907349, Tr_CE: 0.20312689244747162, Va_Acc: 0.9054999947547913, Va_CE: 0.9226994514465332
Epoch: 66, AccTr: 0.8633000254631042, AccVa: 0.8119999766349792, CeTr: 1.2727566957473755, CeVa: 2.2594246864318848
Epoch: 67, AccTr: 0.8574000000953674, AccVa: 0.8065000176429749, CeTr: 1.289965271949768, CeVa: 2.286820411682129
Epoch: 68, AccTr: 0.8550999760627747, AccVa: 0.8015000224113464, CeTr: 1.3790820837020874, CeVa: 2.423834800720215
Epoch: 69, AccTr: 0.8615000247955322, AccVa: 0.8245000243186951, CeTr: 1.2322238683700562, CeVa: 2.2352144718170166
Epoch: 70, AccTr: 0.8587999939918518, AccVa: 0.8205000162124634, CeTr: 1.2919878959655762, CeVa: 2.265982151031494
ENSEMBLE | Tr_Acc: 0.9649999737739563, Tr_CE: 0.20048587024211884, Va_Acc: 0.9039999842643738, Va_CE: 0.8997503519058228
Epoch: 71, AccTr: 0.8652999997138977, AccVa: 0.8109999895095825, CeTr: 1.140060544013977, CeVa: 2.3933491706848145
Epoch: 72, AccTr: 0.8561999797821045, AccVa: 0.8134999871253967, CeTr: 1.2503008842468262, CeVa: 2.185302257537842
Epoch: 73, AccTr: 0.8551999926567078, AccVa: 0.8144999742507935, CeTr: 1.2869082689285278, CeVa: 2.19887113571167
Epoch: 74, AccTr: 0.8639000058174133, AccVa: 0.8090000152587891, CeTr: 1.1866810321807861, CeVa: 2.2737348079681396
Epoch: 75, AccTr: 0.8465999960899353, AccVa: 0.8149999976158142, CeTr: 1.3222802877426147, CeVa: 2.2645010948181152
ENSEMBLE | Tr_Acc: 0.9656999707221985, Tr_CE: 0.1955944299697876, Va_Acc: 0.9075000286102295, Va_CE: 0.8839862942695618
Epoch: 76, AccTr: 0.8608999848365784, AccVa: 0.8105000257492065, CeTr: 1.2501980066299438, CeVa: 2.1930408477783203
Epoch: 77, AccTr: 0.8622000217437744, AccVa: 0.8209999799728394, CeTr: 1.2426490783691406, CeVa: 2.197417736053467
Epoch: 78, AccTr: 0.8658999800682068, AccVa: 0.8134999871253967, CeTr: 1.2081115245819092, CeVa: 2.386612892150879
Epoch: 79, AccTr: 0.8644000291824341, AccVa: 0.815500020980835, CeTr: 1.179717779159546, CeVa: 2.119068145751953
Epoch: 80, AccTr: 0.8472999930381775, AccVa: 0.7990000247955322, CeTr: 1.3912001848220825, CeVa: 2.429874897003174
ENSEMBLE | Tr_Acc: 0.9657999873161316, Tr_CE: 0.1867835819721222, Va_Acc: 0.9089999794960022, Va_CE: 0.8719736337661743
Epoch: 81, AccTr: 0.8650000095367432, AccVa: 0.8125, CeTr: 1.1507779359817505, CeVa: 2.3182926177978516
Epoch: 82, AccTr: 0.8511000275611877, AccVa: 0.8040000200271606, CeTr: 1.3136495351791382, CeVa: 2.257070302963257
Epoch: 83, AccTr: 0.8712000250816345, AccVa: 0.8169999718666077, CeTr: 1.0800385475158691, CeVa: 2.219374418258667
Epoch: 84, AccTr: 0.8600000143051147, AccVa: 0.8029999732971191, CeTr: 1.279441237449646, CeVa: 2.4373276233673096
Epoch: 85, AccTr: 0.8726000189781189, AccVa: 0.8169999718666077, CeTr: 1.0466480255126953, CeVa: 2.2218334674835205
ENSEMBLE | Tr_Acc: 0.9678000211715698, Tr_CE: 0.17809782922267914, Va_Acc: 0.9089999794960022, Va_CE: 0.8619264364242554
Epoch: 86, AccTr: 0.8611999750137329, AccVa: 0.7950000166893005, CeTr: 1.2477656602859497, CeVa: 2.4572412967681885
Epoch: 87, AccTr: 0.855400025844574, AccVa: 0.8100000023841858, CeTr: 1.3267250061035156, CeVa: 2.384749174118042
Epoch: 88, AccTr: 0.8636999726295471, AccVa: 0.8190000057220459, CeTr: 1.1864429712295532, CeVa: 2.3328306674957275
Epoch: 89, AccTr: 0.8553000092506409, AccVa: 0.8169999718666077, CeTr: 1.3011572360992432, CeVa: 2.336787462234497
Epoch: 90, AccTr: 0.867900013923645, AccVa: 0.8190000057220459, CeTr: 1.189247488975525, CeVa: 2.265894889831543
ENSEMBLE | Tr_Acc: 0.9668999910354614, Tr_CE: 0.17603546380996704, Va_Acc: 0.9114999771118164, Va_CE: 0.8513854742050171
Epoch: 91, AccTr: 0.853600025177002, AccVa: 0.8044999837875366, CeTr: 1.3779538869857788, CeVa: 2.3353540897369385
Epoch: 92, AccTr: 0.8529000282287598, AccVa: 0.8065000176429749, CeTr: 1.3098431825637817, CeVa: 2.3592584133148193
Epoch: 93, AccTr: 0.866100013256073, AccVa: 0.8264999985694885, CeTr: 1.2210615873336792, CeVa: 1.9600722789764404
Epoch: 94, AccTr: 0.8461999893188477, AccVa: 0.8080000281333923, CeTr: 1.4410343170166016, CeVa: 2.253629207611084
Epoch: 95, AccTr: 0.8561000227928162, AccVa: 0.8015000224113464, CeTr: 1.2993394136428833, CeVa: 2.33392333984375
ENSEMBLE | Tr_Acc: 0.9678000211715698, Tr_CE: 0.17401470243930817, Va_Acc: 0.9110000133514404, Va_CE: 0.8378345966339111
Epoch: 96, AccTr: 0.8671000003814697, AccVa: 0.815500020980835, CeTr: 1.185155987739563, CeVa: 2.2485218048095703
Epoch: 97, AccTr: 0.8535000085830688, AccVa: 0.8090000152587891, CeTr: 1.3201438188552856, CeVa: 2.1490888595581055
Epoch: 98, AccTr: 0.8622000217437744, AccVa: 0.8090000152587891, CeTr: 1.1553163528442383, CeVa: 2.3245229721069336
Epoch: 99, AccTr: 0.848800003528595, AccVa: 0.8174999952316284, CeTr: 1.4600434303283691, CeVa: 2.3293535709381104
Epoch: 100, AccTr: 0.84579998254776, AccVa: 0.8195000290870667, CeTr: 1.4383779764175415, CeVa: 2.264838933944702
ENSEMBLE | Tr_Acc: 0.9672999978065491, Tr_CE: 0.177371546626091, Va_Acc: 0.9164999723434448, Va_CE: 0.8338006734848022
Epoch: 101, AccTr: 0.8521999716758728, AccVa: 0.8105000257492065, CeTr: 1.312696099281311, CeVa: 2.3274121284484863
Epoch: 102, AccTr: 0.8561000227928162, AccVa: 0.8084999918937683, CeTr: 1.26679265499115, CeVa: 2.099698543548584
Epoch: 103, AccTr: 0.8615000247955322, AccVa: 0.8144999742507935, CeTr: 1.1696504354476929, CeVa: 2.093146800994873
Epoch: 104, AccTr: 0.8551999926567078, AccVa: 0.8234999775886536, CeTr: 1.3564929962158203, CeVa: 2.163135051727295
Epoch: 105, AccTr: 0.8629999756813049, AccVa: 0.8159999847412109, CeTr: 1.158002495765686, CeVa: 2.095242738723755
ENSEMBLE | Tr_Acc: 0.9688000082969666, Tr_CE: 0.17116807401180267, Va_Acc: 0.9169999957084656, Va_CE: 0.8269357681274414
Epoch: 106, AccTr: 0.8551999926567078, AccVa: 0.8159999847412109, CeTr: 1.2261418104171753, CeVa: 2.3004097938537598
Epoch: 107, AccTr: 0.8417999744415283, AccVa: 0.7954999804496765, CeTr: 1.432163119316101, CeVa: 2.2646889686584473
Epoch: 108, AccTr: 0.8360000252723694, AccVa: 0.8025000095367432, CeTr: 1.589289903640747, CeVa: 2.4304652214050293
Epoch: 109, AccTr: 0.8517000079154968, AccVa: 0.8205000162124634, CeTr: 1.3452962636947632, CeVa: 2.2983548641204834
Epoch: 110, AccTr: 0.8321999907493591, AccVa: 0.7770000100135803, CeTr: 1.6109145879745483, CeVa: 2.7350897789001465
ENSEMBLE | Tr_Acc: 0.968999981880188, Tr_CE: 0.16990667581558228, Va_Acc: 0.9164999723434448, Va_CE: 0.8308396935462952
Epoch: 111, AccTr: 0.8499000072479248, AccVa: 0.8040000200271606, CeTr: 1.3091294765472412, CeVa: 2.318340301513672
Epoch: 112, AccTr: 0.8618000149726868, AccVa: 0.7990000247955322, CeTr: 1.1328295469284058, CeVa: 2.3977389335632324
Epoch: 113, AccTr: 0.8519999980926514, AccVa: 0.8090000152587891, CeTr: 1.2662874460220337, CeVa: 2.3352913856506348
Epoch: 114, AccTr: 0.8629000186920166, AccVa: 0.8209999799728394, CeTr: 1.1672090291976929, CeVa: 2.207336187362671
Epoch: 115, AccTr: 0.8547000288963318, AccVa: 0.809499979019165, CeTr: 1.3335411548614502, CeVa: 2.2321245670318604
ENSEMBLE | Tr_Acc: 0.9685999751091003, Tr_CE: 0.17028959095478058, Va_Acc: 0.9175000190734863, Va_CE: 0.8229988813400269
Epoch: 116, AccTr: 0.8616999983787537, AccVa: 0.8105000257492065, CeTr: 1.2263535261154175, CeVa: 2.3169655799865723
Epoch: 117, AccTr: 0.8540999889373779, AccVa: 0.8054999709129333, CeTr: 1.2377395629882812, CeVa: 2.3236749172210693
Epoch: 118, AccTr: 0.8590999841690063, AccVa: 0.8015000224113464, CeTr: 1.2426409721374512, CeVa: 2.413529634475708
Epoch: 119, AccTr: 0.861299991607666, AccVa: 0.8100000023841858, CeTr: 1.2797908782958984, CeVa: 2.414987802505493
Epoch: 120, AccTr: 0.8590999841690063, AccVa: 0.8090000152587891, CeTr: 1.2274494171142578, CeVa: 2.2539172172546387
ENSEMBLE | Tr_Acc: 0.9693999886512756, Tr_CE: 0.16651083528995514, Va_Acc: 0.9154999852180481, Va_CE: 0.8224852085113525
Epoch: 121, AccTr: 0.866599977016449, AccVa: 0.8044999837875366, CeTr: 1.13681960105896, CeVa: 2.379815101623535
Epoch: 122, AccTr: 0.8633000254631042, AccVa: 0.8029999732971191, CeTr: 1.1848728656768799, CeVa: 2.3041927814483643
Epoch: 123, AccTr: 0.8575000166893005, AccVa: 0.800000011920929, CeTr: 1.249023199081421, CeVa: 2.286545515060425
Epoch: 124, AccTr: 0.8590999841690063, AccVa: 0.8090000152587891, CeTr: 1.227908968925476, CeVa: 2.2109482288360596
Epoch: 125, AccTr: 0.8747000098228455, AccVa: 0.8115000128746033, CeTr: 0.9942342042922974, CeVa: 2.375627040863037
ENSEMBLE | Tr_Acc: 0.9697999954223633, Tr_CE: 0.1603490263223648, Va_Acc: 0.9164999723434448, Va_CE: 0.8272706270217896
Epoch: 126, AccTr: 0.8618999719619751, AccVa: 0.8234999775886536, CeTr: 1.2799172401428223, CeVa: 2.0629124641418457
Epoch: 127, AccTr: 0.8616999983787537, AccVa: 0.8190000057220459, CeTr: 1.2193995714187622, CeVa: 2.089411973953247
Epoch: 128, AccTr: 0.8597000241279602, AccVa: 0.7850000262260437, CeTr: 1.2517001628875732, CeVa: 2.640866279602051
Epoch: 129, AccTr: 0.8680999875068665, AccVa: 0.8174999952316284, CeTr: 1.1293237209320068, CeVa: 2.308458089828491
Epoch: 130, AccTr: 0.8621000051498413, AccVa: 0.8190000057220459, CeTr: 1.1843961477279663, CeVa: 2.112733840942383
ENSEMBLE | Tr_Acc: 0.9699000120162964, Tr_CE: 0.15795199573040009, Va_Acc: 0.9179999828338623, Va_CE: 0.8222433924674988
Epoch: 131, AccTr: 0.8708999752998352, AccVa: 0.8134999871253967, CeTr: 1.1464495658874512, CeVa: 2.3933324813842773
Epoch: 132, AccTr: 0.86080002784729, AccVa: 0.8034999966621399, CeTr: 1.2175712585449219, CeVa: 2.4627437591552734
Epoch: 133, AccTr: 0.8522999882698059, AccVa: 0.8109999895095825, CeTr: 1.3389614820480347, CeVa: 2.352079153060913
Epoch: 134, AccTr: 0.859000027179718, AccVa: 0.8144999742507935, CeTr: 1.343459129333496, CeVa: 2.15657377243042
Epoch: 135, AccTr: 0.8666999936103821, AccVa: 0.8259999752044678, CeTr: 1.1760311126708984, CeVa: 2.238410711288452
ENSEMBLE | Tr_Acc: 0.9704999923706055, Tr_CE: 0.15706472098827362, Va_Acc: 0.9175000190734863, Va_CE: 0.8139997720718384
Epoch: 136, AccTr: 0.8652999997138977, AccVa: 0.8220000267028809, CeTr: 1.124515414237976, CeVa: 2.234945774078369
Epoch: 137, AccTr: 0.8496999740600586, AccVa: 0.8159999847412109, CeTr: 1.406992793083191, CeVa: 2.3619139194488525
Epoch: 138, AccTr: 0.8489000201225281, AccVa: 0.8144999742507935, CeTr: 1.4954355955123901, CeVa: 2.2426071166992188
Epoch: 139, AccTr: 0.8550000190734863, AccVa: 0.800000011920929, CeTr: 1.2881743907928467, CeVa: 2.255389928817749
Epoch: 140, AccTr: 0.8615999817848206, AccVa: 0.7994999885559082, CeTr: 1.1911838054656982, CeVa: 2.505779266357422
ENSEMBLE | Tr_Acc: 0.97079998254776, Tr_CE: 0.15639883279800415, Va_Acc: 0.9179999828338623, Va_CE: 0.8137850761413574
Epoch: 141, AccTr: 0.8586000204086304, AccVa: 0.8169999718666077, CeTr: 1.168281078338623, CeVa: 2.1516904830932617
Epoch: 142, AccTr: 0.8561000227928162, AccVa: 0.8140000104904175, CeTr: 1.2509177923202515, CeVa: 2.280055522918701
Epoch: 143, AccTr: 0.8593000173568726, AccVa: 0.8234999775886536, CeTr: 1.179381012916565, CeVa: 2.3788421154022217
Epoch: 144, AccTr: 0.8709999918937683, AccVa: 0.8119999766349792, CeTr: 1.0926787853240967, CeVa: 2.249037981033325
Epoch: 145, AccTr: 0.861299991607666, AccVa: 0.8054999709129333, CeTr: 1.2580082416534424, CeVa: 2.3543014526367188
ENSEMBLE | Tr_Acc: 0.9710999727249146, Tr_CE: 0.1550488919019699, Va_Acc: 0.9169999957084656, Va_CE: 0.8109504580497742
Epoch: 146, AccTr: 0.8463000059127808, AccVa: 0.8034999966621399, CeTr: 1.3812024593353271, CeVa: 2.6124398708343506
Epoch: 147, AccTr: 0.8583999872207642, AccVa: 0.8034999966621399, CeTr: 1.2965378761291504, CeVa: 2.503028154373169
Epoch: 148, AccTr: 0.8621000051498413, AccVa: 0.8100000023841858, CeTr: 1.2195789813995361, CeVa: 2.396451234817505
Epoch: 149, AccTr: 0.8708999752998352, AccVa: 0.815500020980835, CeTr: 1.1140406131744385, CeVa: 2.1774260997772217
Epoch: 150, AccTr: 0.863099992275238, AccVa: 0.796999990940094, CeTr: 1.2058911323547363, CeVa: 2.5230371952056885
ENSEMBLE | Tr_Acc: 0.9718999862670898, Tr_CE: 0.15226057171821594, Va_Acc: 0.9179999828338623, Va_CE: 0.8078453540802002
Mod Accuracy || Mean: 0.8034999966621399	 Std: 0.0065000057220458984
Ens Accuracy || Mean: 0.921999990940094	 Std: 0.0040000081062316895
Mod CE || Mean: 2.400836944580078	 Std: 0.12220025062561035
Ens CE || Mean: 0.7507504820823669	 Std: 0.05709487199783325
