NN CONFIG
Weight-type:		binary
Layout									Layer #1: 280	Layer #2: 200	
Activation Functions					Layer #1: bs	Layer #2: bs	
Keep probabilities		Layer #0: 1.0	Layer #1: 1.0	Layer #2: 1.0	
Flat factors							Layer #1: 1.0	Layer #2: 1.0	Layer #3: 1.0	
Activation Noise						Layer #1: 0.4	Layer #2: 0.4	Layer #3: 0.0	
Prior: 0.7

===================================

RUN CONFIG
Epochs: 150, Blocksize: 8

===================================

Input binarization: False
Epoch: 1, AccTr: 0.9168000221252441, AccVa: 0.8859999775886536, CeTr: 0.7417239546775818, CeVa: 1.4388240575790405
Epoch: 2, AccTr: 0.9136999845504761, AccVa: 0.8759999871253967, CeTr: 0.741865336894989, CeVa: 1.49253511428833
Epoch: 3, AccTr: 0.9067999720573425, AccVa: 0.8665000200271606, CeTr: 0.8318709135055542, CeVa: 1.5824370384216309
Epoch: 4, AccTr: 0.9049000144004822, AccVa: 0.8679999709129333, CeTr: 0.8573523163795471, CeVa: 1.4447660446166992
Epoch: 5, AccTr: 0.9016000032424927, AccVa: 0.8650000095367432, CeTr: 0.9084166288375854, CeVa: 1.5478055477142334
Epoch: 6, AccTr: 0.8967999815940857, AccVa: 0.8684999942779541, CeTr: 0.9543574452400208, CeVa: 1.5805120468139648
Epoch: 7, AccTr: 0.9021999835968018, AccVa: 0.8690000176429749, CeTr: 0.9605861306190491, CeVa: 1.6331087350845337
Epoch: 8, AccTr: 0.8998000025749207, AccVa: 0.8650000095367432, CeTr: 0.9463256001472473, CeVa: 1.6324069499969482
Epoch: 9, AccTr: 0.9018999934196472, AccVa: 0.8725000023841858, CeTr: 0.942252516746521, CeVa: 1.6639623641967773
Epoch: 10, AccTr: 0.8988000154495239, AccVa: 0.871999979019165, CeTr: 0.9734551906585693, CeVa: 1.414724588394165
Epoch: 11, AccTr: 0.9003999829292297, AccVa: 0.862500011920929, CeTr: 0.9798463582992554, CeVa: 1.6845197677612305
Epoch: 12, AccTr: 0.894599974155426, AccVa: 0.8629999756813049, CeTr: 1.0114318132400513, CeVa: 1.5804288387298584
Epoch: 13, AccTr: 0.8939999938011169, AccVa: 0.8679999709129333, CeTr: 1.022397518157959, CeVa: 1.6289687156677246
Epoch: 14, AccTr: 0.8977000117301941, AccVa: 0.878000020980835, CeTr: 0.9715403318405151, CeVa: 1.4576832056045532
Epoch: 15, AccTr: 0.8917999863624573, AccVa: 0.8675000071525574, CeTr: 1.0407789945602417, CeVa: 1.5154370069503784
Epoch: 16, AccTr: 0.8939999938011169, AccVa: 0.8684999942779541, CeTr: 1.0179959535598755, CeVa: 1.555293321609497
Epoch: 17, AccTr: 0.8896999955177307, AccVa: 0.8615000247955322, CeTr: 1.0957427024841309, CeVa: 1.5324246883392334
Epoch: 18, AccTr: 0.8938999772071838, AccVa: 0.8665000200271606, CeTr: 1.0531257390975952, CeVa: 1.5108301639556885
Epoch: 19, AccTr: 0.8883000016212463, AccVa: 0.859000027179718, CeTr: 1.102294683456421, CeVa: 1.6523349285125732
Epoch: 20, AccTr: 0.890500009059906, AccVa: 0.8585000038146973, CeTr: 1.0987871885299683, CeVa: 1.6360883712768555
Epoch: 21, AccTr: 0.8894000053405762, AccVa: 0.8679999709129333, CeTr: 1.0830235481262207, CeVa: 1.6279879808425903
Epoch: 22, AccTr: 0.8859000205993652, AccVa: 0.8610000014305115, CeTr: 1.10444974899292, CeVa: 1.5915297269821167
Epoch: 23, AccTr: 0.88919997215271, AccVa: 0.8634999990463257, CeTr: 1.090388298034668, CeVa: 1.672393798828125
Epoch: 24, AccTr: 0.8863000273704529, AccVa: 0.8560000061988831, CeTr: 1.1088945865631104, CeVa: 1.7152739763259888
Epoch: 25, AccTr: 0.8901000022888184, AccVa: 0.859000027179718, CeTr: 1.1044588088989258, CeVa: 1.766068935394287
Epoch: 26, AccTr: 0.8853999972343445, AccVa: 0.8615000247955322, CeTr: 1.1298882961273193, CeVa: 1.7245320081710815
Epoch: 27, AccTr: 0.8866000175476074, AccVa: 0.8575000166893005, CeTr: 1.1460906267166138, CeVa: 1.7273554801940918
Epoch: 28, AccTr: 0.8878999948501587, AccVa: 0.8654999732971191, CeTr: 1.107906699180603, CeVa: 1.6284172534942627
Epoch: 29, AccTr: 0.8873999714851379, AccVa: 0.8539999723434448, CeTr: 1.1431740522384644, CeVa: 1.833544135093689
Epoch: 30, AccTr: 0.8847000002861023, AccVa: 0.8510000109672546, CeTr: 1.144537091255188, CeVa: 1.7367668151855469
ENSEMBLE | Tr_Acc: 0.8847000002861023, Tr_CE: 1.144537091255188, Va_Acc: 0.8510000109672546, Va_CE: 1.7367668151855469
Epoch: 31, AccTr: 0.8888999819755554, AccVa: 0.8604999780654907, CeTr: 1.0957750082015991, CeVa: 1.8163739442825317
Epoch: 32, AccTr: 0.8884000182151794, AccVa: 0.8550000190734863, CeTr: 1.107863426208496, CeVa: 1.61139976978302
Epoch: 33, AccTr: 0.8830000162124634, AccVa: 0.8539999723434448, CeTr: 1.1709232330322266, CeVa: 1.8237097263336182
Epoch: 34, AccTr: 0.8884999752044678, AccVa: 0.8544999957084656, CeTr: 1.0780220031738281, CeVa: 1.6632341146469116
Epoch: 35, AccTr: 0.8848999738693237, AccVa: 0.8550000190734863, CeTr: 1.15297269821167, CeVa: 1.792807698249817
ENSEMBLE | Tr_Acc: 0.925000011920929, Tr_CE: 0.654556155204773, Va_Acc: 0.8865000009536743, Va_CE: 1.2044684886932373
Epoch: 36, AccTr: 0.8822000026702881, AccVa: 0.8550000190734863, CeTr: 1.1570295095443726, CeVa: 1.7856132984161377
Epoch: 37, AccTr: 0.8809999823570251, AccVa: 0.8604999780654907, CeTr: 1.1788253784179688, CeVa: 1.7574968338012695
Epoch: 38, AccTr: 0.8877000212669373, AccVa: 0.8460000157356262, CeTr: 1.1156339645385742, CeVa: 1.7417813539505005
Epoch: 39, AccTr: 0.8844000101089478, AccVa: 0.8525000214576721, CeTr: 1.095062255859375, CeVa: 1.675983190536499
Epoch: 40, AccTr: 0.885699987411499, AccVa: 0.8644999861717224, CeTr: 1.0868781805038452, CeVa: 1.7100692987442017
ENSEMBLE | Tr_Acc: 0.9404000043869019, Tr_CE: 0.5026886463165283, Va_Acc: 0.9110000133514404, Va_CE: 0.9893062710762024
Epoch: 41, AccTr: 0.8878999948501587, AccVa: 0.8694999814033508, CeTr: 1.0926332473754883, CeVa: 1.5972713232040405
Epoch: 42, AccTr: 0.8863999843597412, AccVa: 0.8619999885559082, CeTr: 1.114091157913208, CeVa: 1.642259955406189
Epoch: 43, AccTr: 0.8859000205993652, AccVa: 0.8569999933242798, CeTr: 1.135026216506958, CeVa: 1.8993251323699951
Epoch: 44, AccTr: 0.8810999989509583, AccVa: 0.847000002861023, CeTr: 1.1661572456359863, CeVa: 1.8606010675430298
Epoch: 45, AccTr: 0.8827999830245972, AccVa: 0.8539999723434448, CeTr: 1.1471836566925049, CeVa: 1.776273250579834
ENSEMBLE | Tr_Acc: 0.944599986076355, Tr_CE: 0.45256108045578003, Va_Acc: 0.9085000157356262, Va_CE: 0.9174970984458923
Epoch: 46, AccTr: 0.8835999965667725, AccVa: 0.8579999804496765, CeTr: 1.1855697631835938, CeVa: 1.6362589597702026
Epoch: 47, AccTr: 0.8840000033378601, AccVa: 0.843500018119812, CeTr: 1.119446039199829, CeVa: 1.819670557975769
Epoch: 48, AccTr: 0.8810999989509583, AccVa: 0.8485000133514404, CeTr: 1.18876051902771, CeVa: 1.7872334718704224
Epoch: 49, AccTr: 0.882099986076355, AccVa: 0.8495000004768372, CeTr: 1.1409615278244019, CeVa: 1.6826951503753662
Epoch: 50, AccTr: 0.885699987411499, AccVa: 0.8485000133514404, CeTr: 1.167262077331543, CeVa: 1.7872761487960815
ENSEMBLE | Tr_Acc: 0.9480999708175659, Tr_CE: 0.41920536756515503, Va_Acc: 0.9160000085830688, Va_CE: 0.8768967986106873
Epoch: 51, AccTr: 0.8787000179290771, AccVa: 0.8604999780654907, CeTr: 1.170274257659912, CeVa: 1.6259043216705322
Epoch: 52, AccTr: 0.8828999996185303, AccVa: 0.8550000190734863, CeTr: 1.143648386001587, CeVa: 1.757387399673462
Epoch: 53, AccTr: 0.881600022315979, AccVa: 0.8575000166893005, CeTr: 1.136675238609314, CeVa: 1.6895390748977661
Epoch: 54, AccTr: 0.8770999908447266, AccVa: 0.8579999804496765, CeTr: 1.2140980958938599, CeVa: 1.6549806594848633
Epoch: 55, AccTr: 0.8743000030517578, AccVa: 0.8669999837875366, CeTr: 1.2359561920166016, CeVa: 1.5054579973220825
ENSEMBLE | Tr_Acc: 0.9496999979019165, Tr_CE: 0.39712753891944885, Va_Acc: 0.9190000295639038, Va_CE: 0.826493501663208
Epoch: 56, AccTr: 0.8812000155448914, AccVa: 0.8550000190734863, CeTr: 1.1528220176696777, CeVa: 1.5851001739501953
Epoch: 57, AccTr: 0.8863000273704529, AccVa: 0.8650000095367432, CeTr: 1.1609745025634766, CeVa: 1.5795522928237915
Epoch: 58, AccTr: 0.8801000118255615, AccVa: 0.859499990940094, CeTr: 1.178832769393921, CeVa: 1.736404538154602
Epoch: 59, AccTr: 0.8834999799728394, AccVa: 0.8650000095367432, CeTr: 1.1737052202224731, CeVa: 1.6177332401275635
Epoch: 60, AccTr: 0.8773999810218811, AccVa: 0.8634999990463257, CeTr: 1.1921653747558594, CeVa: 1.5929561853408813
ENSEMBLE | Tr_Acc: 0.9506000280380249, Tr_CE: 0.38544708490371704, Va_Acc: 0.9229999780654907, Va_CE: 0.7871078848838806
Epoch: 61, AccTr: 0.8779000043869019, AccVa: 0.8514999747276306, CeTr: 1.1396607160568237, CeVa: 1.7160449028015137
Epoch: 62, AccTr: 0.8815000057220459, AccVa: 0.8464999794960022, CeTr: 1.14859139919281, CeVa: 1.7957358360290527
Epoch: 63, AccTr: 0.8827000260353088, AccVa: 0.8640000224113464, CeTr: 1.154413104057312, CeVa: 1.670577883720398
Epoch: 64, AccTr: 0.8797000050544739, AccVa: 0.8585000038146973, CeTr: 1.2158182859420776, CeVa: 1.7122507095336914
Epoch: 65, AccTr: 0.8725000023841858, AccVa: 0.8450000286102295, CeTr: 1.222617745399475, CeVa: 1.7946014404296875
ENSEMBLE | Tr_Acc: 0.9510999917984009, Tr_CE: 0.3685073256492615, Va_Acc: 0.9244999885559082, Va_CE: 0.7732857465744019
Epoch: 66, AccTr: 0.8790000081062317, AccVa: 0.8479999899864197, CeTr: 1.1775606870651245, CeVa: 1.7997161149978638
Epoch: 67, AccTr: 0.8812999725341797, AccVa: 0.8460000157356262, CeTr: 1.1829478740692139, CeVa: 1.798017978668213
Epoch: 68, AccTr: 0.8720999956130981, AccVa: 0.8475000262260437, CeTr: 1.2049472332000732, CeVa: 1.6805287599563599
Epoch: 69, AccTr: 0.882099986076355, AccVa: 0.8529999852180481, CeTr: 1.170587182044983, CeVa: 1.7306385040283203
Epoch: 70, AccTr: 0.8801000118255615, AccVa: 0.8420000076293945, CeTr: 1.2110412120819092, CeVa: 1.7039281129837036
ENSEMBLE | Tr_Acc: 0.9527999758720398, Tr_CE: 0.3562185764312744, Va_Acc: 0.9235000014305115, Va_CE: 0.7500471472740173
Epoch: 71, AccTr: 0.8794999718666077, AccVa: 0.847000002861023, CeTr: 1.1604399681091309, CeVa: 1.8802213668823242
Epoch: 72, AccTr: 0.8827999830245972, AccVa: 0.8565000295639038, CeTr: 1.1533901691436768, CeVa: 1.6495161056518555
Epoch: 73, AccTr: 0.8826000094413757, AccVa: 0.8479999899864197, CeTr: 1.1563007831573486, CeVa: 1.7244369983673096
Epoch: 74, AccTr: 0.8812000155448914, AccVa: 0.8634999990463257, CeTr: 1.1463161706924438, CeVa: 1.6026365756988525
Epoch: 75, AccTr: 0.8804000020027161, AccVa: 0.8560000061988831, CeTr: 1.1721253395080566, CeVa: 1.7130098342895508
ENSEMBLE | Tr_Acc: 0.9535999894142151, Tr_CE: 0.35112348198890686, Va_Acc: 0.921999990940094, Va_CE: 0.7490549087524414
Epoch: 76, AccTr: 0.8773000240325928, AccVa: 0.859499990940094, CeTr: 1.1713274717330933, CeVa: 1.5857094526290894
Epoch: 77, AccTr: 0.8769000172615051, AccVa: 0.8560000061988831, CeTr: 1.179745078086853, CeVa: 1.633411169052124
Epoch: 78, AccTr: 0.8820000290870667, AccVa: 0.8569999933242798, CeTr: 1.1755462884902954, CeVa: 1.615095853805542
Epoch: 79, AccTr: 0.8792999982833862, AccVa: 0.8519999980926514, CeTr: 1.121840000152588, CeVa: 1.7377170324325562
Epoch: 80, AccTr: 0.8809000253677368, AccVa: 0.8535000085830688, CeTr: 1.1571683883666992, CeVa: 1.6185059547424316
ENSEMBLE | Tr_Acc: 0.9546999931335449, Tr_CE: 0.33989036083221436, Va_Acc: 0.925000011920929, Va_CE: 0.7343443036079407
Epoch: 81, AccTr: 0.882099986076355, AccVa: 0.8510000109672546, CeTr: 1.152241587638855, CeVa: 1.7210272550582886
Epoch: 82, AccTr: 0.8827999830245972, AccVa: 0.8554999828338623, CeTr: 1.1751641035079956, CeVa: 1.6920937299728394
Epoch: 83, AccTr: 0.8837000131607056, AccVa: 0.8464999794960022, CeTr: 1.1218069791793823, CeVa: 1.7584046125411987
Epoch: 84, AccTr: 0.880299985408783, AccVa: 0.8529999852180481, CeTr: 1.1306525468826294, CeVa: 1.6930687427520752
Epoch: 85, AccTr: 0.8816999793052673, AccVa: 0.8535000085830688, CeTr: 1.1572972536087036, CeVa: 1.687755823135376
ENSEMBLE | Tr_Acc: 0.9563999772071838, Tr_CE: 0.33451128005981445, Va_Acc: 0.925000011920929, Va_CE: 0.7263855934143066
Epoch: 86, AccTr: 0.8799999952316284, AccVa: 0.8450000286102295, CeTr: 1.1498816013336182, CeVa: 1.848120927810669
Epoch: 87, AccTr: 0.882099986076355, AccVa: 0.8535000085830688, CeTr: 1.1819326877593994, CeVa: 1.7875404357910156
Epoch: 88, AccTr: 0.8824999928474426, AccVa: 0.8550000190734863, CeTr: 1.1271741390228271, CeVa: 1.6589590311050415
Epoch: 89, AccTr: 0.8734999895095825, AccVa: 0.8529999852180481, CeTr: 1.1890580654144287, CeVa: 1.681323766708374
Epoch: 90, AccTr: 0.8761000037193298, AccVa: 0.8504999876022339, CeTr: 1.236249566078186, CeVa: 1.8430169820785522
ENSEMBLE | Tr_Acc: 0.9562000036239624, Tr_CE: 0.3288891613483429, Va_Acc: 0.9265000224113464, Va_CE: 0.7223380208015442
Epoch: 91, AccTr: 0.8784999847412109, AccVa: 0.8565000295639038, CeTr: 1.146025538444519, CeVa: 1.8441640138626099
Epoch: 92, AccTr: 0.8743000030517578, AccVa: 0.8445000052452087, CeTr: 1.2262731790542603, CeVa: 1.8335877656936646
Epoch: 93, AccTr: 0.8774999976158142, AccVa: 0.8525000214576721, CeTr: 1.1939408779144287, CeVa: 1.6229172945022583
Epoch: 94, AccTr: 0.8709999918937683, AccVa: 0.8445000052452087, CeTr: 1.2411307096481323, CeVa: 1.728928565979004
Epoch: 95, AccTr: 0.8754000067710876, AccVa: 0.8464999794960022, CeTr: 1.204107642173767, CeVa: 1.893492579460144
ENSEMBLE | Tr_Acc: 0.9562000036239624, Tr_CE: 0.324332058429718, Va_Acc: 0.9275000095367432, Va_CE: 0.7251368165016174
Epoch: 96, AccTr: 0.8769000172615051, AccVa: 0.8500000238418579, CeTr: 1.184357762336731, CeVa: 1.8605971336364746
Epoch: 97, AccTr: 0.882099986076355, AccVa: 0.8554999828338623, CeTr: 1.1636316776275635, CeVa: 1.739190697669983
Epoch: 98, AccTr: 0.8752999901771545, AccVa: 0.859000027179718, CeTr: 1.2000808715820312, CeVa: 1.7260104417800903
Epoch: 99, AccTr: 0.876800000667572, AccVa: 0.843500018119812, CeTr: 1.227648377418518, CeVa: 1.7280930280685425
Epoch: 100, AccTr: 0.8725000023841858, AccVa: 0.8495000004768372, CeTr: 1.2508337497711182, CeVa: 1.7153252363204956
ENSEMBLE | Tr_Acc: 0.957099974155426, Tr_CE: 0.32112354040145874, Va_Acc: 0.9259999990463257, Va_CE: 0.7148455381393433
Epoch: 101, AccTr: 0.8765000104904175, AccVa: 0.8575000166893005, CeTr: 1.2513149976730347, CeVa: 1.658916711807251
Epoch: 102, AccTr: 0.8745999932289124, AccVa: 0.8539999723434448, CeTr: 1.2217726707458496, CeVa: 1.6571781635284424
Epoch: 103, AccTr: 0.8712999820709229, AccVa: 0.8615000247955322, CeTr: 1.2726151943206787, CeVa: 1.6403545141220093
Epoch: 104, AccTr: 0.8776999711990356, AccVa: 0.859499990940094, CeTr: 1.20175302028656, CeVa: 1.6863011121749878
Epoch: 105, AccTr: 0.878600001335144, AccVa: 0.8460000157356262, CeTr: 1.2094521522521973, CeVa: 1.9214848279953003
ENSEMBLE | Tr_Acc: 0.9573000073432922, Tr_CE: 0.3183780312538147, Va_Acc: 0.9265000224113464, Va_CE: 0.7230113744735718
Epoch: 106, AccTr: 0.8791999816894531, AccVa: 0.8525000214576721, CeTr: 1.2012256383895874, CeVa: 1.838887333869934
Epoch: 107, AccTr: 0.8738999962806702, AccVa: 0.8575000166893005, CeTr: 1.2229692935943604, CeVa: 1.6810204982757568
Epoch: 108, AccTr: 0.8726000189781189, AccVa: 0.8399999737739563, CeTr: 1.272362232208252, CeVa: 1.826098918914795
Epoch: 109, AccTr: 0.8773999810218811, AccVa: 0.8460000157356262, CeTr: 1.1929460763931274, CeVa: 1.7397664785385132
Epoch: 110, AccTr: 0.8741999864578247, AccVa: 0.8554999828338623, CeTr: 1.223483920097351, CeVa: 1.7261369228363037
ENSEMBLE | Tr_Acc: 0.9563000202178955, Tr_CE: 0.31590649485588074, Va_Acc: 0.9294999837875366, Va_CE: 0.7221424579620361
Epoch: 111, AccTr: 0.8701000213623047, AccVa: 0.8575000166893005, CeTr: 1.2711827754974365, CeVa: 1.6853528022766113
Epoch: 112, AccTr: 0.8751000165939331, AccVa: 0.8514999747276306, CeTr: 1.187698245048523, CeVa: 1.6531175374984741
Epoch: 113, AccTr: 0.8725000023841858, AccVa: 0.8429999947547913, CeTr: 1.2384270429611206, CeVa: 1.8352683782577515
Epoch: 114, AccTr: 0.8822000026702881, AccVa: 0.8510000109672546, CeTr: 1.145776391029358, CeVa: 1.6515828371047974
Epoch: 115, AccTr: 0.8695999979972839, AccVa: 0.8485000133514404, CeTr: 1.2675451040267944, CeVa: 1.7301288843154907
ENSEMBLE | Tr_Acc: 0.9556999802589417, Tr_CE: 0.3139277696609497, Va_Acc: 0.9284999966621399, Va_CE: 0.7262283563613892
Epoch: 116, AccTr: 0.8709999918937683, AccVa: 0.8379999995231628, CeTr: 1.257870078086853, CeVa: 1.8792223930358887
Epoch: 117, AccTr: 0.8766000270843506, AccVa: 0.847000002861023, CeTr: 1.2196078300476074, CeVa: 1.9050722122192383
Epoch: 118, AccTr: 0.876800000667572, AccVa: 0.8554999828338623, CeTr: 1.2162057161331177, CeVa: 1.722700595855713
Epoch: 119, AccTr: 0.8765000104904175, AccVa: 0.8464999794960022, CeTr: 1.2043527364730835, CeVa: 1.8076801300048828
Epoch: 120, AccTr: 0.8723000288009644, AccVa: 0.8385000228881836, CeTr: 1.2401725053787231, CeVa: 1.6895334720611572
ENSEMBLE | Tr_Acc: 0.9563000202178955, Tr_CE: 0.3124564588069916, Va_Acc: 0.9279999732971191, Va_CE: 0.7258733510971069
Epoch: 121, AccTr: 0.8725000023841858, AccVa: 0.8510000109672546, CeTr: 1.2697986364364624, CeVa: 1.7094343900680542
Epoch: 122, AccTr: 0.8766999840736389, AccVa: 0.8414999842643738, CeTr: 1.2291367053985596, CeVa: 1.747230052947998
Epoch: 123, AccTr: 0.876800000667572, AccVa: 0.843999981880188, CeTr: 1.211581826210022, CeVa: 1.7670278549194336
Epoch: 124, AccTr: 0.879800021648407, AccVa: 0.8510000109672546, CeTr: 1.1904051303863525, CeVa: 1.7577049732208252
Epoch: 125, AccTr: 0.8759999871253967, AccVa: 0.8445000052452087, CeTr: 1.2327370643615723, CeVa: 1.7992744445800781
ENSEMBLE | Tr_Acc: 0.9563999772071838, Tr_CE: 0.3125617802143097, Va_Acc: 0.9279999732971191, Va_CE: 0.7236034870147705
Epoch: 126, AccTr: 0.8665000200271606, AccVa: 0.840499997138977, CeTr: 1.2743569612503052, CeVa: 1.8461230993270874
Epoch: 127, AccTr: 0.8758999705314636, AccVa: 0.8395000100135803, CeTr: 1.1853212118148804, CeVa: 1.766210913658142
Epoch: 128, AccTr: 0.8823999762535095, AccVa: 0.843500018119812, CeTr: 1.1046537160873413, CeVa: 1.8376096487045288
Epoch: 129, AccTr: 0.8756999969482422, AccVa: 0.8525000214576721, CeTr: 1.1818095445632935, CeVa: 1.8799585103988647
Epoch: 130, AccTr: 0.873199999332428, AccVa: 0.8454999923706055, CeTr: 1.2348299026489258, CeVa: 1.7396272420883179
ENSEMBLE | Tr_Acc: 0.9567000269889832, Tr_CE: 0.31179019808769226, Va_Acc: 0.9290000200271606, Va_CE: 0.7183653116226196
Epoch: 131, AccTr: 0.8776000142097473, AccVa: 0.8464999794960022, CeTr: 1.1940429210662842, CeVa: 1.6772956848144531
Epoch: 132, AccTr: 0.8788999915122986, AccVa: 0.843999981880188, CeTr: 1.175227165222168, CeVa: 1.7178796529769897
Epoch: 133, AccTr: 0.8770999908447266, AccVa: 0.8429999947547913, CeTr: 1.2057769298553467, CeVa: 1.8556740283966064
Epoch: 134, AccTr: 0.8720999956130981, AccVa: 0.847000002861023, CeTr: 1.2501013278961182, CeVa: 1.7810518741607666
Epoch: 135, AccTr: 0.8776000142097473, AccVa: 0.8420000076293945, CeTr: 1.1838932037353516, CeVa: 1.8227096796035767
ENSEMBLE | Tr_Acc: 0.9564999938011169, Tr_CE: 0.310518354177475, Va_Acc: 0.9294999837875366, Va_CE: 0.71651691198349
Epoch: 136, AccTr: 0.8766999840736389, AccVa: 0.8450000286102295, CeTr: 1.2242094278335571, CeVa: 1.7880432605743408
Epoch: 137, AccTr: 0.8804000020027161, AccVa: 0.8450000286102295, CeTr: 1.1761702299118042, CeVa: 1.8072649240493774
Epoch: 138, AccTr: 0.8751000165939331, AccVa: 0.8514999747276306, CeTr: 1.1937264204025269, CeVa: 1.5807080268859863
Epoch: 139, AccTr: 0.8693000078201294, AccVa: 0.8539999723434448, CeTr: 1.2287676334381104, CeVa: 1.6234681606292725
Epoch: 140, AccTr: 0.8759999871253967, AccVa: 0.8610000014305115, CeTr: 1.2057006359100342, CeVa: 1.7046122550964355
ENSEMBLE | Tr_Acc: 0.95660001039505, Tr_CE: 0.3090619742870331, Va_Acc: 0.9304999709129333, Va_CE: 0.7108889222145081
Epoch: 141, AccTr: 0.8797000050544739, AccVa: 0.859499990940094, CeTr: 1.2023652791976929, CeVa: 1.7567970752716064
Epoch: 142, AccTr: 0.8795999884605408, AccVa: 0.8414999842643738, CeTr: 1.1879552602767944, CeVa: 1.6377854347229004
Epoch: 143, AccTr: 0.8758999705314636, AccVa: 0.8445000052452087, CeTr: 1.1956143379211426, CeVa: 1.8382556438446045
Epoch: 144, AccTr: 0.8759999871253967, AccVa: 0.8529999852180481, CeTr: 1.211294174194336, CeVa: 1.594749093055725
Epoch: 145, AccTr: 0.8761000037193298, AccVa: 0.8414999842643738, CeTr: 1.18503999710083, CeVa: 1.7009228467941284
ENSEMBLE | Tr_Acc: 0.95660001039505, Tr_CE: 0.30737265944480896, Va_Acc: 0.9309999942779541, Va_CE: 0.7057960629463196
Epoch: 146, AccTr: 0.8776000142097473, AccVa: 0.8495000004768372, CeTr: 1.2191131114959717, CeVa: 1.7321943044662476
Epoch: 147, AccTr: 0.8777999877929688, AccVa: 0.8485000133514404, CeTr: 1.1744985580444336, CeVa: 1.796667218208313
Epoch: 148, AccTr: 0.8748999834060669, AccVa: 0.8479999899864197, CeTr: 1.2146685123443604, CeVa: 1.8301949501037598
Epoch: 149, AccTr: 0.8794000148773193, AccVa: 0.8604999780654907, CeTr: 1.2034878730773926, CeVa: 1.7246191501617432
Epoch: 150, AccTr: 0.8755000233650208, AccVa: 0.8514999747276306, CeTr: 1.190407633781433, CeVa: 1.8451738357543945
ENSEMBLE | Tr_Acc: 0.9573000073432922, Tr_CE: 0.3058578670024872, Va_Acc: 0.9325000047683716, Va_CE: 0.7004414796829224
NN CONFIG
Weight-type:		binary
Layout									Layer #1: 280	Layer #2: 200	
Activation Functions					Layer #1: bs	Layer #2: bs	
Keep probabilities		Layer #0: 1.0	Layer #1: 1.0	Layer #2: 1.0	
Flat factors							Layer #1: 1.0	Layer #2: 1.0	Layer #3: 1.0	
Activation Noise						Layer #1: 0.4	Layer #2: 0.4	Layer #3: 0.0	
Prior: 0.7

===================================

RUN CONFIG
Epochs: 150, Blocksize: 8

===================================

Input binarization: False
Epoch: 1, AccTr: 0.9365000128746033, AccVa: 0.8855000138282776, CeTr: 0.6152985095977783, CeVa: 1.7250192165374756
Epoch: 2, AccTr: 0.9280999898910522, AccVa: 0.890500009059906, CeTr: 0.6618093252182007, CeVa: 1.4587364196777344
Epoch: 3, AccTr: 0.9246000051498413, AccVa: 0.8895000219345093, CeTr: 0.7153076529502869, CeVa: 1.368436336517334
Epoch: 4, AccTr: 0.9146999716758728, AccVa: 0.8834999799728394, CeTr: 0.7836408615112305, CeVa: 1.4913071393966675
Epoch: 5, AccTr: 0.9125000238418579, AccVa: 0.8824999928474426, CeTr: 0.8465595841407776, CeVa: 1.5207451581954956
Epoch: 6, AccTr: 0.9133999943733215, AccVa: 0.8794999718666077, CeTr: 0.8396599888801575, CeVa: 1.5493345260620117
Epoch: 7, AccTr: 0.9099000096321106, AccVa: 0.8790000081062317, CeTr: 0.8363857269287109, CeVa: 1.49066162109375
Epoch: 8, AccTr: 0.9067999720573425, AccVa: 0.8899999856948853, CeTr: 0.8722072243690491, CeVa: 1.4448871612548828
Epoch: 9, AccTr: 0.906000018119812, AccVa: 0.8799999952316284, CeTr: 0.9206967949867249, CeVa: 1.432815432548523
Epoch: 10, AccTr: 0.9021000266075134, AccVa: 0.8684999942779541, CeTr: 0.8863674998283386, CeVa: 1.6957767009735107
Epoch: 11, AccTr: 0.9024999737739563, AccVa: 0.8830000162124634, CeTr: 0.9698728322982788, CeVa: 1.4988617897033691
Epoch: 12, AccTr: 0.9014999866485596, AccVa: 0.8700000047683716, CeTr: 0.9805346727371216, CeVa: 1.5437999963760376
Epoch: 13, AccTr: 0.8952000141143799, AccVa: 0.8705000281333923, CeTr: 1.0059385299682617, CeVa: 1.3615460395812988
Epoch: 14, AccTr: 0.8977000117301941, AccVa: 0.8679999709129333, CeTr: 0.9557517766952515, CeVa: 1.4907785654067993
Epoch: 15, AccTr: 0.8999000191688538, AccVa: 0.8769999742507935, CeTr: 1.025468111038208, CeVa: 1.4312946796417236
Epoch: 16, AccTr: 0.8999999761581421, AccVa: 0.8690000176429749, CeTr: 0.9517068266868591, CeVa: 1.5372037887573242
Epoch: 17, AccTr: 0.9016000032424927, AccVa: 0.8765000104904175, CeTr: 0.9638335704803467, CeVa: 1.4779510498046875
Epoch: 18, AccTr: 0.8981999754905701, AccVa: 0.8769999742507935, CeTr: 1.015425682067871, CeVa: 1.5130400657653809
Epoch: 19, AccTr: 0.8932999968528748, AccVa: 0.8700000047683716, CeTr: 1.0008487701416016, CeVa: 1.4836812019348145
Epoch: 20, AccTr: 0.8934000134468079, AccVa: 0.875, CeTr: 1.010995626449585, CeVa: 1.5148229598999023
Epoch: 21, AccTr: 0.8973000049591064, AccVa: 0.8665000200271606, CeTr: 1.002116084098816, CeVa: 1.6145728826522827
Epoch: 22, AccTr: 0.8962000012397766, AccVa: 0.8654999732971191, CeTr: 1.009432077407837, CeVa: 1.6594444513320923
Epoch: 23, AccTr: 0.8949000239372253, AccVa: 0.8675000071525574, CeTr: 0.994537889957428, CeVa: 1.6279217004776
Epoch: 24, AccTr: 0.8992999792098999, AccVa: 0.8690000176429749, CeTr: 1.0556273460388184, CeVa: 1.7195985317230225
Epoch: 25, AccTr: 0.8912000060081482, AccVa: 0.8700000047683716, CeTr: 1.0822144746780396, CeVa: 1.723078727722168
Epoch: 26, AccTr: 0.8910999894142151, AccVa: 0.8619999885559082, CeTr: 1.1461390256881714, CeVa: 1.8676272630691528
Epoch: 27, AccTr: 0.8855000138282776, AccVa: 0.8560000061988831, CeTr: 1.1156597137451172, CeVa: 1.6388624906539917
Epoch: 28, AccTr: 0.8898000121116638, AccVa: 0.8650000095367432, CeTr: 1.0828076601028442, CeVa: 1.6266193389892578
Epoch: 29, AccTr: 0.8828999996185303, AccVa: 0.8560000061988831, CeTr: 1.1438233852386475, CeVa: 1.6365385055541992
Epoch: 30, AccTr: 0.8881000280380249, AccVa: 0.8634999990463257, CeTr: 1.1304069757461548, CeVa: 1.5710694789886475
ENSEMBLE | Tr_Acc: 0.8881000280380249, Tr_CE: 1.1304069757461548, Va_Acc: 0.8634999990463257, Va_CE: 1.5710694789886475
Epoch: 31, AccTr: 0.886900007724762, AccVa: 0.8604999780654907, CeTr: 1.1669235229492188, CeVa: 1.5733215808868408
Epoch: 32, AccTr: 0.8901000022888184, AccVa: 0.8705000281333923, CeTr: 1.1118614673614502, CeVa: 1.5701920986175537
Epoch: 33, AccTr: 0.8883000016212463, AccVa: 0.859000027179718, CeTr: 1.1217092275619507, CeVa: 1.7691854238510132
Epoch: 34, AccTr: 0.8903999924659729, AccVa: 0.8640000224113464, CeTr: 1.1501318216323853, CeVa: 1.6710631847381592
Epoch: 35, AccTr: 0.8883000016212463, AccVa: 0.8619999885559082, CeTr: 1.1469258069992065, CeVa: 1.7405344247817993
ENSEMBLE | Tr_Acc: 0.9276000261306763, Tr_CE: 0.6505624055862427, Va_Acc: 0.9039999842643738, Va_CE: 1.0772751569747925
Epoch: 36, AccTr: 0.891700029373169, AccVa: 0.8579999804496765, CeTr: 1.0974435806274414, CeVa: 1.6979074478149414
Epoch: 37, AccTr: 0.883899986743927, AccVa: 0.8659999966621399, CeTr: 1.2276040315628052, CeVa: 1.7231104373931885
Epoch: 38, AccTr: 0.8871999979019165, AccVa: 0.8640000224113464, CeTr: 1.1090590953826904, CeVa: 1.6980880498886108
Epoch: 39, AccTr: 0.8909000158309937, AccVa: 0.871999979019165, CeTr: 1.1070120334625244, CeVa: 1.5977641344070435
Epoch: 40, AccTr: 0.8833000063896179, AccVa: 0.8629999756813049, CeTr: 1.150461196899414, CeVa: 1.616740107536316
ENSEMBLE | Tr_Acc: 0.9416999816894531, Tr_CE: 0.4984343647956848, Va_Acc: 0.9150000214576721, Va_CE: 0.899466872215271
Epoch: 41, AccTr: 0.8881999850273132, AccVa: 0.859000027179718, CeTr: 1.1258113384246826, CeVa: 1.6770269870758057
Epoch: 42, AccTr: 0.8847000002861023, AccVa: 0.8659999966621399, CeTr: 1.1441054344177246, CeVa: 1.5234360694885254
Epoch: 43, AccTr: 0.8844000101089478, AccVa: 0.8575000166893005, CeTr: 1.1560012102127075, CeVa: 1.5872647762298584
Epoch: 44, AccTr: 0.8779000043869019, AccVa: 0.8544999957084656, CeTr: 1.2160382270812988, CeVa: 1.8524370193481445
Epoch: 45, AccTr: 0.883400022983551, AccVa: 0.8560000061988831, CeTr: 1.1693586111068726, CeVa: 1.7331032752990723
ENSEMBLE | Tr_Acc: 0.9467999935150146, Tr_CE: 0.4409842789173126, Va_Acc: 0.9169999957084656, Va_CE: 0.8392255902290344
Epoch: 46, AccTr: 0.8816999793052673, AccVa: 0.8504999876022339, CeTr: 1.217106819152832, CeVa: 1.806065320968628
Epoch: 47, AccTr: 0.8842999935150146, AccVa: 0.8560000061988831, CeTr: 1.1526216268539429, CeVa: 1.8268076181411743
Epoch: 48, AccTr: 0.8792999982833862, AccVa: 0.8629999756813049, CeTr: 1.2210595607757568, CeVa: 1.6672327518463135
Epoch: 49, AccTr: 0.8838000297546387, AccVa: 0.8585000038146973, CeTr: 1.1351996660232544, CeVa: 1.6852896213531494
Epoch: 50, AccTr: 0.8849999904632568, AccVa: 0.8615000247955322, CeTr: 1.1036791801452637, CeVa: 1.714356541633606
ENSEMBLE | Tr_Acc: 0.9503999948501587, Tr_CE: 0.4102499485015869, Va_Acc: 0.9235000014305115, Va_CE: 0.8030663728713989
Epoch: 51, AccTr: 0.8830000162124634, AccVa: 0.8554999828338623, CeTr: 1.1775434017181396, CeVa: 1.6418777704238892
Epoch: 52, AccTr: 0.8830000162124634, AccVa: 0.8600000143051147, CeTr: 1.1428333520889282, CeVa: 1.646610140800476
Epoch: 53, AccTr: 0.8769000172615051, AccVa: 0.8615000247955322, CeTr: 1.2445586919784546, CeVa: 1.5887651443481445
Epoch: 54, AccTr: 0.8892999887466431, AccVa: 0.8679999709129333, CeTr: 1.116221308708191, CeVa: 1.5994348526000977
Epoch: 55, AccTr: 0.8899000287055969, AccVa: 0.8550000190734863, CeTr: 1.1143380403518677, CeVa: 1.6676487922668457
ENSEMBLE | Tr_Acc: 0.9513000249862671, Tr_CE: 0.39197099208831787, Va_Acc: 0.9265000224113464, Va_CE: 0.7643123865127563
Epoch: 56, AccTr: 0.8823999762535095, AccVa: 0.8659999966621399, CeTr: 1.1738446950912476, CeVa: 1.5972683429718018
Epoch: 57, AccTr: 0.8865000009536743, AccVa: 0.8619999885559082, CeTr: 1.1467596292495728, CeVa: 1.6412813663482666
Epoch: 58, AccTr: 0.8898000121116638, AccVa: 0.8665000200271606, CeTr: 1.1405972242355347, CeVa: 1.6287896633148193
Epoch: 59, AccTr: 0.8822000026702881, AccVa: 0.8604999780654907, CeTr: 1.2022380828857422, CeVa: 1.6069618463516235
Epoch: 60, AccTr: 0.8837000131607056, AccVa: 0.8659999966621399, CeTr: 1.1867269277572632, CeVa: 1.5287469625473022
ENSEMBLE | Tr_Acc: 0.9521999955177307, Tr_CE: 0.3764529824256897, Va_Acc: 0.9290000200271606, Va_CE: 0.7265457510948181
Epoch: 61, AccTr: 0.8852999806404114, AccVa: 0.8629999756813049, CeTr: 1.1607906818389893, CeVa: 1.681764006614685
Epoch: 62, AccTr: 0.8779000043869019, AccVa: 0.8560000061988831, CeTr: 1.212934136390686, CeVa: 1.603611946105957
Epoch: 63, AccTr: 0.8873999714851379, AccVa: 0.8550000190734863, CeTr: 1.1290298700332642, CeVa: 1.5836056470870972
Epoch: 64, AccTr: 0.8773999810218811, AccVa: 0.8600000143051147, CeTr: 1.2106269598007202, CeVa: 1.6460154056549072
Epoch: 65, AccTr: 0.8780999779701233, AccVa: 0.8600000143051147, CeTr: 1.2231347560882568, CeVa: 1.649739384651184
ENSEMBLE | Tr_Acc: 0.953000009059906, Tr_CE: 0.3655970096588135, Va_Acc: 0.9315000176429749, Va_CE: 0.7070552110671997
Epoch: 66, AccTr: 0.8781999945640564, AccVa: 0.8585000038146973, CeTr: 1.2539573907852173, CeVa: 1.6304970979690552
Epoch: 67, AccTr: 0.8763999938964844, AccVa: 0.8454999923706055, CeTr: 1.2625484466552734, CeVa: 1.7009238004684448
Epoch: 68, AccTr: 0.8722000122070312, AccVa: 0.859000027179718, CeTr: 1.240328073501587, CeVa: 1.4779781103134155
Epoch: 69, AccTr: 0.8729000091552734, AccVa: 0.8495000004768372, CeTr: 1.2738314867019653, CeVa: 1.7258883714675903
Epoch: 70, AccTr: 0.8733999729156494, AccVa: 0.8554999828338623, CeTr: 1.2514088153839111, CeVa: 1.6617624759674072
ENSEMBLE | Tr_Acc: 0.9532999992370605, Tr_CE: 0.36263057589530945, Va_Acc: 0.9330000281333923, Va_CE: 0.7061387300491333
Epoch: 71, AccTr: 0.8790000081062317, AccVa: 0.859499990940094, CeTr: 1.2624417543411255, CeVa: 1.6356875896453857
Epoch: 72, AccTr: 0.875, AccVa: 0.8634999990463257, CeTr: 1.2368332147598267, CeVa: 1.5998953580856323
Epoch: 73, AccTr: 0.8730000257492065, AccVa: 0.8539999723434448, CeTr: 1.2020972967147827, CeVa: 1.5814393758773804
Epoch: 74, AccTr: 0.8777999877929688, AccVa: 0.8510000109672546, CeTr: 1.213160753250122, CeVa: 1.6949104070663452
Epoch: 75, AccTr: 0.8812999725341797, AccVa: 0.8615000247955322, CeTr: 1.1435534954071045, CeVa: 1.75583016872406
ENSEMBLE | Tr_Acc: 0.954200029373169, Tr_CE: 0.35016176104545593, Va_Acc: 0.9315000176429749, Va_CE: 0.7100133299827576
Epoch: 76, AccTr: 0.8816999793052673, AccVa: 0.859499990940094, CeTr: 1.163374423980713, CeVa: 1.5610361099243164
Epoch: 77, AccTr: 0.8788999915122986, AccVa: 0.8610000014305115, CeTr: 1.141257643699646, CeVa: 1.6736589670181274
Epoch: 78, AccTr: 0.8822000026702881, AccVa: 0.8550000190734863, CeTr: 1.1884816884994507, CeVa: 1.626039743423462
Epoch: 79, AccTr: 0.8817999958992004, AccVa: 0.8510000109672546, CeTr: 1.1707544326782227, CeVa: 1.6919809579849243
Epoch: 80, AccTr: 0.879800021648407, AccVa: 0.8510000109672546, CeTr: 1.2230669260025024, CeVa: 1.9027738571166992
ENSEMBLE | Tr_Acc: 0.955299973487854, Tr_CE: 0.3460673689842224, Va_Acc: 0.9290000200271606, Va_CE: 0.7086290121078491
Epoch: 81, AccTr: 0.8802000284194946, AccVa: 0.8464999794960022, CeTr: 1.190049409866333, CeVa: 1.6495918035507202
Epoch: 82, AccTr: 0.8751999735832214, AccVa: 0.859000027179718, CeTr: 1.239223837852478, CeVa: 1.6207170486450195
Epoch: 83, AccTr: 0.8817999958992004, AccVa: 0.862500011920929, CeTr: 1.178789496421814, CeVa: 1.5703508853912354
Epoch: 84, AccTr: 0.8841999769210815, AccVa: 0.8539999723434448, CeTr: 1.1332221031188965, CeVa: 1.8585747480392456
Epoch: 85, AccTr: 0.8822000026702881, AccVa: 0.8529999852180481, CeTr: 1.152214765548706, CeVa: 1.663435935974121
ENSEMBLE | Tr_Acc: 0.955299973487854, Tr_CE: 0.33914437890052795, Va_Acc: 0.9294999837875366, Va_CE: 0.7022927403450012
Epoch: 86, AccTr: 0.8798999786376953, AccVa: 0.8519999980926514, CeTr: 1.1882156133651733, CeVa: 1.6151983737945557
Epoch: 87, AccTr: 0.8802000284194946, AccVa: 0.8554999828338623, CeTr: 1.1846110820770264, CeVa: 1.693734049797058
Epoch: 88, AccTr: 0.878000020980835, AccVa: 0.8489999771118164, CeTr: 1.2371907234191895, CeVa: 1.6641865968704224
Epoch: 89, AccTr: 0.8776000142097473, AccVa: 0.8619999885559082, CeTr: 1.1969069242477417, CeVa: 1.6634382009506226
Epoch: 90, AccTr: 0.8830000162124634, AccVa: 0.843500018119812, CeTr: 1.1480375528335571, CeVa: 1.6744588613510132
ENSEMBLE | Tr_Acc: 0.9559999704360962, Tr_CE: 0.33315345644950867, Va_Acc: 0.9269999861717224, Va_CE: 0.6958357095718384
Epoch: 91, AccTr: 0.883400022983551, AccVa: 0.859000027179718, CeTr: 1.1552915573120117, CeVa: 1.5545861721038818
Epoch: 92, AccTr: 0.8763999938964844, AccVa: 0.8464999794960022, CeTr: 1.2031939029693604, CeVa: 1.7230143547058105
Epoch: 93, AccTr: 0.8791000247001648, AccVa: 0.8485000133514404, CeTr: 1.1730433702468872, CeVa: 1.6850578784942627
Epoch: 94, AccTr: 0.8791999816894531, AccVa: 0.8525000214576721, CeTr: 1.164616346359253, CeVa: 1.5560147762298584
Epoch: 95, AccTr: 0.8799999952316284, AccVa: 0.8575000166893005, CeTr: 1.1650149822235107, CeVa: 1.6519262790679932
ENSEMBLE | Tr_Acc: 0.9563999772071838, Tr_CE: 0.3277846574783325, Va_Acc: 0.9290000200271606, Va_CE: 0.6919430494308472
Epoch: 96, AccTr: 0.8815000057220459, AccVa: 0.8364999890327454, CeTr: 1.1302658319473267, CeVa: 1.8332054615020752
Epoch: 97, AccTr: 0.8787000179290771, AccVa: 0.8579999804496765, CeTr: 1.170272707939148, CeVa: 1.639917254447937
Epoch: 98, AccTr: 0.875, AccVa: 0.8450000286102295, CeTr: 1.1785948276519775, CeVa: 1.744901180267334
Epoch: 99, AccTr: 0.875, AccVa: 0.8544999957084656, CeTr: 1.2331722974777222, CeVa: 1.6641682386398315
Epoch: 100, AccTr: 0.8804000020027161, AccVa: 0.8610000014305115, CeTr: 1.180206537246704, CeVa: 1.5254017114639282
ENSEMBLE | Tr_Acc: 0.9564999938011169, Tr_CE: 0.3201040029525757, Va_Acc: 0.9290000200271606, Va_CE: 0.6788771748542786
Epoch: 101, AccTr: 0.8820000290870667, AccVa: 0.8554999828338623, CeTr: 1.1757733821868896, CeVa: 1.5860118865966797
Epoch: 102, AccTr: 0.8779000043869019, AccVa: 0.8600000143051147, CeTr: 1.1661169528961182, CeVa: 1.6188422441482544
Epoch: 103, AccTr: 0.8766999840736389, AccVa: 0.8510000109672546, CeTr: 1.1933114528656006, CeVa: 1.712058663368225
Epoch: 104, AccTr: 0.8774999976158142, AccVa: 0.8479999899864197, CeTr: 1.1348671913146973, CeVa: 1.580186367034912
Epoch: 105, AccTr: 0.878000020980835, AccVa: 0.8420000076293945, CeTr: 1.160139560699463, CeVa: 1.9270187616348267
ENSEMBLE | Tr_Acc: 0.9567000269889832, Tr_CE: 0.31523558497428894, Va_Acc: 0.9279999732971191, Va_CE: 0.6824660301208496
Epoch: 106, AccTr: 0.8765000104904175, AccVa: 0.843999981880188, CeTr: 1.1902505159378052, CeVa: 1.7488597631454468
Epoch: 107, AccTr: 0.8801000118255615, AccVa: 0.8539999723434448, CeTr: 1.2045843601226807, CeVa: 1.753396987915039
Epoch: 108, AccTr: 0.8758999705314636, AccVa: 0.8410000205039978, CeTr: 1.2342302799224854, CeVa: 1.847851037979126
Epoch: 109, AccTr: 0.8766999840736389, AccVa: 0.8569999933242798, CeTr: 1.1807892322540283, CeVa: 1.6286473274230957
Epoch: 110, AccTr: 0.8816999793052673, AccVa: 0.8565000295639038, CeTr: 1.1415988206863403, CeVa: 1.6493160724639893
ENSEMBLE | Tr_Acc: 0.9575999975204468, Tr_CE: 0.3111302852630615, Va_Acc: 0.9300000071525574, Va_CE: 0.6734575033187866
Epoch: 111, AccTr: 0.8798999786376953, AccVa: 0.8510000109672546, CeTr: 1.1979542970657349, CeVa: 1.7621029615402222
Epoch: 112, AccTr: 0.881600022315979, AccVa: 0.8544999957084656, CeTr: 1.1771531105041504, CeVa: 1.614551067352295
Epoch: 113, AccTr: 0.8766000270843506, AccVa: 0.8514999747276306, CeTr: 1.1779661178588867, CeVa: 1.6684632301330566
Epoch: 114, AccTr: 0.8795999884605408, AccVa: 0.847000002861023, CeTr: 1.2167816162109375, CeVa: 1.7376043796539307
Epoch: 115, AccTr: 0.8794000148773193, AccVa: 0.8565000295639038, CeTr: 1.206111192703247, CeVa: 1.6735402345657349
ENSEMBLE | Tr_Acc: 0.9567000269889832, Tr_CE: 0.30990493297576904, Va_Acc: 0.9304999709129333, Va_CE: 0.672224223613739
Epoch: 116, AccTr: 0.878600001335144, AccVa: 0.8489999771118164, CeTr: 1.18363356590271, CeVa: 1.6339118480682373
Epoch: 117, AccTr: 0.8709999918937683, AccVa: 0.8450000286102295, CeTr: 1.2133660316467285, CeVa: 1.721401333808899
Epoch: 118, AccTr: 0.8754000067710876, AccVa: 0.8370000123977661, CeTr: 1.175563097000122, CeVa: 1.5964604616165161
Epoch: 119, AccTr: 0.8783000111579895, AccVa: 0.8535000085830688, CeTr: 1.2268399000167847, CeVa: 1.6017590761184692
Epoch: 120, AccTr: 0.883899986743927, AccVa: 0.8460000157356262, CeTr: 1.1049306392669678, CeVa: 1.7896970510482788
ENSEMBLE | Tr_Acc: 0.9581000208854675, Tr_CE: 0.30611854791641235, Va_Acc: 0.9309999942779541, Va_CE: 0.6702554225921631
Epoch: 121, AccTr: 0.8840000033378601, AccVa: 0.8560000061988831, CeTr: 1.10881769657135, CeVa: 1.4803863763809204
Epoch: 122, AccTr: 0.8751999735832214, AccVa: 0.8619999885559082, CeTr: 1.2039129734039307, CeVa: 1.5303382873535156
Epoch: 123, AccTr: 0.8797000050544739, AccVa: 0.859499990940094, CeTr: 1.1106170415878296, CeVa: 1.559820294380188
Epoch: 124, AccTr: 0.8823000192642212, AccVa: 0.8569999933242798, CeTr: 1.1461631059646606, CeVa: 1.71109938621521
Epoch: 125, AccTr: 0.8794000148773193, AccVa: 0.8579999804496765, CeTr: 1.1910483837127686, CeVa: 1.614364743232727
ENSEMBLE | Tr_Acc: 0.9573000073432922, Tr_CE: 0.3045274615287781, Va_Acc: 0.9319999814033508, Va_CE: 0.6657326221466064
Epoch: 126, AccTr: 0.8792999982833862, AccVa: 0.8485000133514404, CeTr: 1.2408486604690552, CeVa: 1.684381127357483
Epoch: 127, AccTr: 0.8729000091552734, AccVa: 0.8550000190734863, CeTr: 1.1487892866134644, CeVa: 1.613856554031372
Epoch: 128, AccTr: 0.875, AccVa: 0.8554999828338623, CeTr: 1.1860082149505615, CeVa: 1.559021234512329
Epoch: 129, AccTr: 0.8790000081062317, AccVa: 0.8560000061988831, CeTr: 1.2002850770950317, CeVa: 1.767512559890747
Epoch: 130, AccTr: 0.8774999976158142, AccVa: 0.843999981880188, CeTr: 1.2313992977142334, CeVa: 1.832168459892273
ENSEMBLE | Tr_Acc: 0.9570000171661377, Tr_CE: 0.3029934763908386, Va_Acc: 0.9304999709129333, Va_CE: 0.6684488654136658
Epoch: 131, AccTr: 0.8727999925613403, AccVa: 0.8500000238418579, CeTr: 1.2391505241394043, CeVa: 1.7521159648895264
Epoch: 132, AccTr: 0.8776000142097473, AccVa: 0.8450000286102295, CeTr: 1.1780873537063599, CeVa: 1.6832183599472046
Epoch: 133, AccTr: 0.8761000037193298, AccVa: 0.8460000157356262, CeTr: 1.2286120653152466, CeVa: 1.8626960515975952
Epoch: 134, AccTr: 0.8781999945640564, AccVa: 0.8535000085830688, CeTr: 1.1807457208633423, CeVa: 1.7057019472122192
Epoch: 135, AccTr: 0.8769999742507935, AccVa: 0.847000002861023, CeTr: 1.2154344320297241, CeVa: 1.712090253829956
ENSEMBLE | Tr_Acc: 0.9571999907493591, Tr_CE: 0.30206432938575745, Va_Acc: 0.9325000047683716, Va_CE: 0.6643329858779907
Epoch: 136, AccTr: 0.8780999779701233, AccVa: 0.8535000085830688, CeTr: 1.1788710355758667, CeVa: 1.643857479095459
Epoch: 137, AccTr: 0.8755000233650208, AccVa: 0.8450000286102295, CeTr: 1.204871416091919, CeVa: 1.7415944337844849
Epoch: 138, AccTr: 0.8748999834060669, AccVa: 0.8535000085830688, CeTr: 1.2406152486801147, CeVa: 1.6372398138046265
Epoch: 139, AccTr: 0.8727999925613403, AccVa: 0.8514999747276306, CeTr: 1.2879207134246826, CeVa: 1.8195337057113647
Epoch: 140, AccTr: 0.8704000115394592, AccVa: 0.840499997138977, CeTr: 1.2442306280136108, CeVa: 1.8316404819488525
ENSEMBLE | Tr_Acc: 0.9577000141143799, Tr_CE: 0.30151960253715515, Va_Acc: 0.9325000047683716, Va_CE: 0.6658226251602173
Epoch: 141, AccTr: 0.8838000297546387, AccVa: 0.8410000205039978, CeTr: 1.1276674270629883, CeVa: 1.6585711240768433
Epoch: 142, AccTr: 0.8812000155448914, AccVa: 0.8569999933242798, CeTr: 1.1588115692138672, CeVa: 1.5845091342926025
Epoch: 143, AccTr: 0.8758999705314636, AccVa: 0.8514999747276306, CeTr: 1.1872719526290894, CeVa: 1.7090859413146973
Epoch: 144, AccTr: 0.8748999834060669, AccVa: 0.8519999980926514, CeTr: 1.2060987949371338, CeVa: 1.5875554084777832
Epoch: 145, AccTr: 0.8759999871253967, AccVa: 0.8454999923706055, CeTr: 1.2187857627868652, CeVa: 1.5781450271606445
ENSEMBLE | Tr_Acc: 0.9578999876976013, Tr_CE: 0.3010406196117401, Va_Acc: 0.9330000281333923, Va_CE: 0.6553031206130981
Epoch: 146, AccTr: 0.8754000067710876, AccVa: 0.8544999957084656, CeTr: 1.1720036268234253, CeVa: 1.6426929235458374
Epoch: 147, AccTr: 0.8758999705314636, AccVa: 0.8504999876022339, CeTr: 1.1846997737884521, CeVa: 1.675679326057434
Epoch: 148, AccTr: 0.8780999779701233, AccVa: 0.8429999947547913, CeTr: 1.147444248199463, CeVa: 1.8118062019348145
Epoch: 149, AccTr: 0.8722000122070312, AccVa: 0.8500000238418579, CeTr: 1.2559581995010376, CeVa: 1.5875351428985596
Epoch: 150, AccTr: 0.8690000176429749, AccVa: 0.8600000143051147, CeTr: 1.253312110900879, CeVa: 1.6277092695236206
ENSEMBLE | Tr_Acc: 0.9577000141143799, Tr_CE: 0.3014015555381775, Va_Acc: 0.9350000023841858, Va_CE: 0.6465445756912231
Mod Accuracy || Mean: 0.8557499647140503	 Std: 0.004250019788742065
Ens Accuracy || Mean: 0.9337500333786011	 Std: 0.0012499988079071045
Mod CE || Mean: 1.7364416122436523	 Std: 0.10873228311538696
Ens CE || Mean: 0.6734930276870728	 Std: 0.02694845199584961
