NN CONFIG
Weight-type:		binary
Layout									Layer #1: 280	Layer #2: 200	
Activation Functions					Layer #1: bs	Layer #2: bs	
Keep probabilities		Layer #0: 1.0	Layer #1: 1.0	Layer #2: 1.0	
Flat factors							Layer #1: 1.0	Layer #2: 1.0	Layer #3: 1.0	
Activation Noise						Layer #1: 1.0	Layer #2: 1.0	Layer #3: 0.0	
Prior: 0.7

===================================

RUN CONFIG
Epochs: 150, Blocksize: 8

===================================

Input binarization: False
Epoch: 1, AccTr: 0.8937000036239624, AccVa: 0.8790000081062317, CeTr: 1.806044101715088, CeVa: 2.360383987426758
Epoch: 2, AccTr: 0.8715000152587891, AccVa: 0.8565000295639038, CeTr: 1.8856219053268433, CeVa: 2.2689456939697266
Epoch: 3, AccTr: 0.868399977684021, AccVa: 0.8500000238418579, CeTr: 1.9574816226959229, CeVa: 2.050718069076538
Epoch: 4, AccTr: 0.8607000112533569, AccVa: 0.8500000238418579, CeTr: 2.0240445137023926, CeVa: 2.1719112396240234
Epoch: 5, AccTr: 0.8557999730110168, AccVa: 0.843500018119812, CeTr: 2.09293532371521, CeVa: 2.1436450481414795
Epoch: 6, AccTr: 0.8540999889373779, AccVa: 0.8450000286102295, CeTr: 2.0365777015686035, CeVa: 2.1793084144592285
Epoch: 7, AccTr: 0.8439000248908997, AccVa: 0.840499997138977, CeTr: 2.150038957595825, CeVa: 2.190511465072632
Epoch: 8, AccTr: 0.8432999849319458, AccVa: 0.8330000042915344, CeTr: 2.1253890991210938, CeVa: 2.2469146251678467
Epoch: 9, AccTr: 0.8388000130653381, AccVa: 0.8270000219345093, CeTr: 2.1618752479553223, CeVa: 2.2403876781463623
Epoch: 10, AccTr: 0.8303999900817871, AccVa: 0.8264999985694885, CeTr: 2.2969443798065186, CeVa: 2.358962297439575
Epoch: 11, AccTr: 0.8399999737739563, AccVa: 0.8234999775886536, CeTr: 2.1397626399993896, CeVa: 2.3492772579193115
Epoch: 12, AccTr: 0.8370000123977661, AccVa: 0.8190000057220459, CeTr: 2.1814088821411133, CeVa: 2.4234960079193115
Epoch: 13, AccTr: 0.829200029373169, AccVa: 0.8209999799728394, CeTr: 2.2791621685028076, CeVa: 2.5163373947143555
Epoch: 14, AccTr: 0.8282999992370605, AccVa: 0.8125, CeTr: 2.2430813312530518, CeVa: 2.4998490810394287
Epoch: 15, AccTr: 0.8363999724388123, AccVa: 0.8220000267028809, CeTr: 2.165639877319336, CeVa: 2.41520357131958
Epoch: 16, AccTr: 0.8357999920845032, AccVa: 0.8374999761581421, CeTr: 2.2133946418762207, CeVa: 2.208150625228882
Epoch: 17, AccTr: 0.8317000269889832, AccVa: 0.8220000267028809, CeTr: 2.18326997756958, CeVa: 2.4153947830200195
Epoch: 18, AccTr: 0.83160001039505, AccVa: 0.8184999823570251, CeTr: 2.1672699451446533, CeVa: 2.4469711780548096
Epoch: 19, AccTr: 0.8384000062942505, AccVa: 0.8259999752044678, CeTr: 2.1760993003845215, CeVa: 2.313403367996216
Epoch: 20, AccTr: 0.8330000042915344, AccVa: 0.8264999985694885, CeTr: 2.1595256328582764, CeVa: 2.250591993331909
Epoch: 21, AccTr: 0.8235999941825867, AccVa: 0.8165000081062317, CeTr: 2.3324146270751953, CeVa: 2.3920788764953613
Epoch: 22, AccTr: 0.8300999999046326, AccVa: 0.8180000185966492, CeTr: 2.245110511779785, CeVa: 2.344083786010742
Epoch: 23, AccTr: 0.8256999850273132, AccVa: 0.8100000023841858, CeTr: 2.324812650680542, CeVa: 2.5110464096069336
Epoch: 24, AccTr: 0.8234999775886536, AccVa: 0.8080000281333923, CeTr: 2.3644161224365234, CeVa: 2.4098048210144043
Epoch: 25, AccTr: 0.8277999758720398, AccVa: 0.8184999823570251, CeTr: 2.330137014389038, CeVa: 2.3790054321289062
Epoch: 26, AccTr: 0.8295999765396118, AccVa: 0.8215000033378601, CeTr: 2.3496434688568115, CeVa: 2.441026210784912
Epoch: 27, AccTr: 0.8292999863624573, AccVa: 0.8209999799728394, CeTr: 2.2081680297851562, CeVa: 2.2939329147338867
Epoch: 28, AccTr: 0.8292999863624573, AccVa: 0.8330000042915344, CeTr: 2.1937456130981445, CeVa: 2.166834831237793
Epoch: 29, AccTr: 0.8277000188827515, AccVa: 0.8224999904632568, CeTr: 2.309687614440918, CeVa: 2.409456253051758
Epoch: 30, AccTr: 0.833899974822998, AccVa: 0.8230000138282776, CeTr: 2.1210672855377197, CeVa: 2.2639658451080322
ENSEMBLE | Tr_Acc: 0.833899974822998, Tr_CE: 2.1210672855377197, Va_Acc: 0.8230000138282776, Va_CE: 2.2639658451080322
Epoch: 31, AccTr: 0.8303999900817871, AccVa: 0.8245000243186951, CeTr: 2.2121176719665527, CeVa: 2.4188125133514404
Epoch: 32, AccTr: 0.8288000226020813, AccVa: 0.8349999785423279, CeTr: 2.2091281414031982, CeVa: 2.253398895263672
Epoch: 33, AccTr: 0.8309000134468079, AccVa: 0.8360000252723694, CeTr: 2.11466383934021, CeVa: 2.276492118835449
Epoch: 34, AccTr: 0.8327999711036682, AccVa: 0.8295000195503235, CeTr: 2.1471991539001465, CeVa: 2.2802352905273438
Epoch: 35, AccTr: 0.8259999752044678, AccVa: 0.8174999952316284, CeTr: 2.187028646469116, CeVa: 2.3724520206451416
ENSEMBLE | Tr_Acc: 0.8690000176429749, Tr_CE: 1.5492961406707764, Va_Acc: 0.8665000200271606, Va_CE: 1.638040542602539
Epoch: 36, AccTr: 0.8216000199317932, AccVa: 0.8184999823570251, CeTr: 2.3118581771850586, CeVa: 2.6571600437164307
Epoch: 37, AccTr: 0.8270999789237976, AccVa: 0.8130000233650208, CeTr: 2.202890634536743, CeVa: 2.339419364929199
Epoch: 38, AccTr: 0.8255000114440918, AccVa: 0.7944999933242798, CeTr: 2.207246780395508, CeVa: 2.557871103286743
Epoch: 39, AccTr: 0.829800009727478, AccVa: 0.8205000162124634, CeTr: 2.1500391960144043, CeVa: 2.288029432296753
Epoch: 40, AccTr: 0.8276000022888184, AccVa: 0.8159999847412109, CeTr: 2.1733992099761963, CeVa: 2.2101809978485107
ENSEMBLE | Tr_Acc: 0.8835999965667725, Tr_CE: 1.3605022430419922, Va_Acc: 0.878000020980835, Va_CE: 1.42985999584198
Epoch: 41, AccTr: 0.8179000020027161, AccVa: 0.8034999966621399, CeTr: 2.2921488285064697, CeVa: 2.514115810394287
Epoch: 42, AccTr: 0.8276000022888184, AccVa: 0.809499979019165, CeTr: 2.181689977645874, CeVa: 2.345348596572876
Epoch: 43, AccTr: 0.8162000179290771, AccVa: 0.8075000047683716, CeTr: 2.3561229705810547, CeVa: 2.535804271697998
Epoch: 44, AccTr: 0.8187000155448914, AccVa: 0.7979999780654907, CeTr: 2.3693883419036865, CeVa: 2.534440517425537
Epoch: 45, AccTr: 0.8205999732017517, AccVa: 0.8109999895095825, CeTr: 2.258009910583496, CeVa: 2.41448974609375
ENSEMBLE | Tr_Acc: 0.8891000151634216, Tr_CE: 1.2894800901412964, Va_Acc: 0.8809999823570251, Va_CE: 1.3644894361495972
Epoch: 46, AccTr: 0.8222000002861023, AccVa: 0.8119999766349792, CeTr: 2.27109694480896, CeVa: 2.5215346813201904
Epoch: 47, AccTr: 0.8309000134468079, AccVa: 0.8209999799728394, CeTr: 2.1470394134521484, CeVa: 2.3070757389068604
Epoch: 48, AccTr: 0.8183000087738037, AccVa: 0.8105000257492065, CeTr: 2.3509342670440674, CeVa: 2.4298315048217773
Epoch: 49, AccTr: 0.8278999924659729, AccVa: 0.8240000009536743, CeTr: 2.2425596714019775, CeVa: 2.3725361824035645
Epoch: 50, AccTr: 0.8323000073432922, AccVa: 0.8190000057220459, CeTr: 2.2243664264678955, CeVa: 2.281080484390259
ENSEMBLE | Tr_Acc: 0.8928999900817871, Tr_CE: 1.2506388425827026, Va_Acc: 0.8895000219345093, Va_CE: 1.3138245344161987
Epoch: 51, AccTr: 0.8246999979019165, AccVa: 0.8209999799728394, CeTr: 2.3798038959503174, CeVa: 2.430934429168701
Epoch: 52, AccTr: 0.8266000151634216, AccVa: 0.8180000185966492, CeTr: 2.1526012420654297, CeVa: 2.2214667797088623
Epoch: 53, AccTr: 0.8319000005722046, AccVa: 0.8224999904632568, CeTr: 2.0984203815460205, CeVa: 2.0727803707122803
Epoch: 54, AccTr: 0.8259999752044678, AccVa: 0.8264999985694885, CeTr: 2.243029832839966, CeVa: 2.2550220489501953
Epoch: 55, AccTr: 0.8263999819755554, AccVa: 0.8165000081062317, CeTr: 2.2991039752960205, CeVa: 2.4733481407165527
ENSEMBLE | Tr_Acc: 0.8949000239372253, Tr_CE: 1.2405122518539429, Va_Acc: 0.8914999961853027, Va_CE: 1.2977757453918457
Epoch: 56, AccTr: 0.8389999866485596, AccVa: 0.8105000257492065, CeTr: 2.1680784225463867, CeVa: 2.360848903656006
Epoch: 57, AccTr: 0.8238000273704529, AccVa: 0.8159999847412109, CeTr: 2.240774154663086, CeVa: 2.29929256439209
Epoch: 58, AccTr: 0.8246999979019165, AccVa: 0.8140000104904175, CeTr: 2.2751433849334717, CeVa: 2.299820899963379
Epoch: 59, AccTr: 0.8224999904632568, AccVa: 0.8205000162124634, CeTr: 2.256929874420166, CeVa: 2.2304751873016357
Epoch: 60, AccTr: 0.8325999975204468, AccVa: 0.8140000104904175, CeTr: 2.1517174243927, CeVa: 2.3617255687713623
ENSEMBLE | Tr_Acc: 0.8950999975204468, Tr_CE: 1.2098181247711182, Va_Acc: 0.8914999961853027, Va_CE: 1.2896363735198975
Epoch: 61, AccTr: 0.8194000124931335, AccVa: 0.8090000152587891, CeTr: 2.2260828018188477, CeVa: 2.3279407024383545
Epoch: 62, AccTr: 0.8210999965667725, AccVa: 0.7994999885559082, CeTr: 2.1920113563537598, CeVa: 2.384141683578491
Epoch: 63, AccTr: 0.8237000107765198, AccVa: 0.8119999766349792, CeTr: 2.0985934734344482, CeVa: 2.212289571762085
Epoch: 64, AccTr: 0.8255000114440918, AccVa: 0.8130000233650208, CeTr: 2.1266791820526123, CeVa: 2.359264373779297
Epoch: 65, AccTr: 0.8192999958992004, AccVa: 0.8065000176429749, CeTr: 2.143263816833496, CeVa: 2.379181146621704
ENSEMBLE | Tr_Acc: 0.8963000178337097, Tr_CE: 1.1829938888549805, Va_Acc: 0.8895000219345093, Va_CE: 1.2716904878616333
Epoch: 66, AccTr: 0.8173999786376953, AccVa: 0.8119999766349792, CeTr: 2.2527363300323486, CeVa: 2.3343148231506348
Epoch: 67, AccTr: 0.8198000192642212, AccVa: 0.8105000257492065, CeTr: 2.2169785499572754, CeVa: 2.237511396408081
Epoch: 68, AccTr: 0.8152999877929688, AccVa: 0.8040000200271606, CeTr: 2.2702677249908447, CeVa: 2.4339089393615723
Epoch: 69, AccTr: 0.8198999762535095, AccVa: 0.8180000185966492, CeTr: 2.2231462001800537, CeVa: 2.2628579139709473
Epoch: 70, AccTr: 0.8230999708175659, AccVa: 0.8105000257492065, CeTr: 2.182866096496582, CeVa: 2.3339383602142334
ENSEMBLE | Tr_Acc: 0.8970000147819519, Tr_CE: 1.1600556373596191, Va_Acc: 0.8945000171661377, Va_CE: 1.2443149089813232
Epoch: 71, AccTr: 0.8273000121116638, AccVa: 0.8125, CeTr: 2.059689998626709, CeVa: 2.2396421432495117
Epoch: 72, AccTr: 0.8184999823570251, AccVa: 0.8144999742507935, CeTr: 2.265542507171631, CeVa: 2.398514747619629
Epoch: 73, AccTr: 0.8205000162124634, AccVa: 0.8215000033378601, CeTr: 2.21575927734375, CeVa: 2.2324411869049072
Epoch: 74, AccTr: 0.8289999961853027, AccVa: 0.8080000281333923, CeTr: 2.1725168228149414, CeVa: 2.4710605144500732
Epoch: 75, AccTr: 0.8220999836921692, AccVa: 0.8065000176429749, CeTr: 2.1944327354431152, CeVa: 2.4020285606384277
ENSEMBLE | Tr_Acc: 0.8977000117301941, Tr_CE: 1.157833456993103, Va_Acc: 0.8955000042915344, Va_CE: 1.2424339056015015
Epoch: 76, AccTr: 0.826200008392334, AccVa: 0.8130000233650208, CeTr: 2.160076141357422, CeVa: 2.3225719928741455
Epoch: 77, AccTr: 0.8220999836921692, AccVa: 0.8115000128746033, CeTr: 2.227755069732666, CeVa: 2.323601722717285
Epoch: 78, AccTr: 0.8226000070571899, AccVa: 0.8240000009536743, CeTr: 2.1679630279541016, CeVa: 2.124584436416626
Epoch: 79, AccTr: 0.8270000219345093, AccVa: 0.8149999976158142, CeTr: 2.124976634979248, CeVa: 2.234663963317871
Epoch: 80, AccTr: 0.819599986076355, AccVa: 0.8255000114440918, CeTr: 2.2025508880615234, CeVa: 2.1697866916656494
ENSEMBLE | Tr_Acc: 0.8982999920845032, Tr_CE: 1.1507798433303833, Va_Acc: 0.8960000276565552, Va_CE: 1.2263914346694946
Epoch: 81, AccTr: 0.8240000009536743, AccVa: 0.8169999718666077, CeTr: 2.2270143032073975, CeVa: 2.1288156509399414
Epoch: 82, AccTr: 0.8288999795913696, AccVa: 0.824999988079071, CeTr: 2.118046760559082, CeVa: 2.241269111633301
Epoch: 83, AccTr: 0.8235999941825867, AccVa: 0.824999988079071, CeTr: 2.1727826595306396, CeVa: 2.197995185852051
Epoch: 84, AccTr: 0.8246999979019165, AccVa: 0.8190000057220459, CeTr: 2.1698036193847656, CeVa: 2.111752986907959
Epoch: 85, AccTr: 0.8154000043869019, AccVa: 0.8084999918937683, CeTr: 2.279632329940796, CeVa: 2.502495527267456
ENSEMBLE | Tr_Acc: 0.8985999822616577, Tr_CE: 1.1481894254684448, Va_Acc: 0.8945000171661377, Va_CE: 1.2345564365386963
Epoch: 86, AccTr: 0.8259000182151794, AccVa: 0.8159999847412109, CeTr: 2.1146867275238037, CeVa: 2.2930331230163574
Epoch: 87, AccTr: 0.8224999904632568, AccVa: 0.8190000057220459, CeTr: 2.200517177581787, CeVa: 2.1738831996917725
Epoch: 88, AccTr: 0.8179000020027161, AccVa: 0.8149999976158142, CeTr: 2.286919593811035, CeVa: 2.421060562133789
Epoch: 89, AccTr: 0.819100022315979, AccVa: 0.8134999871253967, CeTr: 2.290898084640503, CeVa: 2.243105173110962
Epoch: 90, AccTr: 0.8192999958992004, AccVa: 0.7940000295639038, CeTr: 2.3500819206237793, CeVa: 2.4621808528900146
ENSEMBLE | Tr_Acc: 0.8977000117301941, Tr_CE: 1.1528825759887695, Va_Acc: 0.8924999833106995, Va_CE: 1.2338422536849976
Epoch: 91, AccTr: 0.8248000144958496, AccVa: 0.824999988079071, CeTr: 2.1385843753814697, CeVa: 2.145702838897705
Epoch: 92, AccTr: 0.8282999992370605, AccVa: 0.8144999742507935, CeTr: 2.10996150970459, CeVa: 2.3967249393463135
Epoch: 93, AccTr: 0.82669997215271, AccVa: 0.8115000128746033, CeTr: 2.1203973293304443, CeVa: 2.3011791706085205
Epoch: 94, AccTr: 0.820900022983551, AccVa: 0.8080000281333923, CeTr: 2.2142393589019775, CeVa: 2.383929967880249
Epoch: 95, AccTr: 0.8198999762535095, AccVa: 0.8075000047683716, CeTr: 2.2027065753936768, CeVa: 2.3901612758636475
ENSEMBLE | Tr_Acc: 0.8985999822616577, Tr_CE: 1.1452761888504028, Va_Acc: 0.8914999961853027, Va_CE: 1.2326332330703735
Epoch: 96, AccTr: 0.8206999897956848, AccVa: 0.8015000224113464, CeTr: 2.2072649002075195, CeVa: 2.4897427558898926
Epoch: 97, AccTr: 0.821399986743927, AccVa: 0.8075000047683716, CeTr: 2.142961025238037, CeVa: 2.32141375541687
Epoch: 98, AccTr: 0.8181999921798706, AccVa: 0.7960000038146973, CeTr: 2.2153687477111816, CeVa: 2.4893693923950195
Epoch: 99, AccTr: 0.8123999834060669, AccVa: 0.8019999861717224, CeTr: 2.287968397140503, CeVa: 2.2673866748809814
Epoch: 100, AccTr: 0.8126000165939331, AccVa: 0.8090000152587891, CeTr: 2.188542366027832, CeVa: 2.19938063621521
ENSEMBLE | Tr_Acc: 0.8986999988555908, Tr_CE: 1.1341512203216553, Va_Acc: 0.8930000066757202, Va_CE: 1.2206103801727295
Epoch: 101, AccTr: 0.8154000043869019, AccVa: 0.8044999837875366, CeTr: 2.2214858531951904, CeVa: 2.2611875534057617
Epoch: 102, AccTr: 0.8197000026702881, AccVa: 0.8050000071525574, CeTr: 2.2386434078216553, CeVa: 2.4159576892852783
Epoch: 103, AccTr: 0.8133999705314636, AccVa: 0.7975000143051147, CeTr: 2.209354877471924, CeVa: 2.457327365875244
Epoch: 104, AccTr: 0.8091999888420105, AccVa: 0.7925000190734863, CeTr: 2.244185447692871, CeVa: 2.4601216316223145
Epoch: 105, AccTr: 0.8197000026702881, AccVa: 0.8059999942779541, CeTr: 2.17663311958313, CeVa: 2.2797529697418213
ENSEMBLE | Tr_Acc: 0.8991000056266785, Tr_CE: 1.1303257942199707, Va_Acc: 0.8939999938011169, Va_CE: 1.211175560951233
Epoch: 106, AccTr: 0.8195000290870667, AccVa: 0.8140000104904175, CeTr: 2.1633265018463135, CeVa: 2.2339847087860107
Epoch: 107, AccTr: 0.8166999816894531, AccVa: 0.8080000281333923, CeTr: 2.159233570098877, CeVa: 2.37355375289917
Epoch: 108, AccTr: 0.8302000164985657, AccVa: 0.8159999847412109, CeTr: 2.1433348655700684, CeVa: 2.251326084136963
Epoch: 109, AccTr: 0.8191999793052673, AccVa: 0.8029999732971191, CeTr: 2.141833543777466, CeVa: 2.318057060241699
Epoch: 110, AccTr: 0.8241999745368958, AccVa: 0.8174999952316284, CeTr: 2.1146881580352783, CeVa: 2.1657488346099854
ENSEMBLE | Tr_Acc: 0.8992999792098999, Tr_CE: 1.1233723163604736, Va_Acc: 0.8945000171661377, Va_CE: 1.2029093503952026
Epoch: 111, AccTr: 0.8266000151634216, AccVa: 0.8174999952316284, CeTr: 2.177711248397827, CeVa: 2.2130117416381836
Epoch: 112, AccTr: 0.821399986743927, AccVa: 0.8205000162124634, CeTr: 2.173616409301758, CeVa: 2.3375184535980225
Epoch: 113, AccTr: 0.8263999819755554, AccVa: 0.8215000033378601, CeTr: 2.1233627796173096, CeVa: 2.302631139755249
Epoch: 114, AccTr: 0.8149999976158142, AccVa: 0.8165000081062317, CeTr: 2.240171194076538, CeVa: 2.23819899559021
Epoch: 115, AccTr: 0.8191999793052673, AccVa: 0.7960000038146973, CeTr: 2.2098374366760254, CeVa: 2.3290092945098877
ENSEMBLE | Tr_Acc: 0.8991000056266785, Tr_CE: 1.1220232248306274, Va_Acc: 0.8945000171661377, Va_CE: 1.193753719329834
Epoch: 116, AccTr: 0.8166000247001648, AccVa: 0.8184999823570251, CeTr: 2.136603832244873, CeVa: 2.2843611240386963
Epoch: 117, AccTr: 0.8222000002861023, AccVa: 0.8165000081062317, CeTr: 2.0983352661132812, CeVa: 2.1518423557281494
Epoch: 118, AccTr: 0.8237000107765198, AccVa: 0.8050000071525574, CeTr: 2.0894744396209717, CeVa: 2.3032338619232178
Epoch: 119, AccTr: 0.822700023651123, AccVa: 0.8159999847412109, CeTr: 2.0880823135375977, CeVa: 2.0279898643493652
Epoch: 120, AccTr: 0.8213000297546387, AccVa: 0.8169999718666077, CeTr: 2.0892534255981445, CeVa: 2.226379871368408
ENSEMBLE | Tr_Acc: 0.8986999988555908, Tr_CE: 1.1128363609313965, Va_Acc: 0.8930000066757202, Va_CE: 1.1834155321121216
Epoch: 121, AccTr: 0.8174999952316284, AccVa: 0.8029999732971191, CeTr: 2.131438970565796, CeVa: 2.349334478378296
Epoch: 122, AccTr: 0.821399986743927, AccVa: 0.8159999847412109, CeTr: 2.117349863052368, CeVa: 2.2602155208587646
Epoch: 123, AccTr: 0.8224999904632568, AccVa: 0.8119999766349792, CeTr: 2.0963449478149414, CeVa: 2.251154899597168
Epoch: 124, AccTr: 0.8281999826431274, AccVa: 0.8184999823570251, CeTr: 2.0885534286499023, CeVa: 2.1944265365600586
Epoch: 125, AccTr: 0.8269000053405762, AccVa: 0.8305000066757202, CeTr: 2.1562867164611816, CeVa: 2.084827184677124
ENSEMBLE | Tr_Acc: 0.8988000154495239, Tr_CE: 1.111472487449646, Va_Acc: 0.8945000171661377, Va_CE: 1.171390414237976
Epoch: 126, AccTr: 0.8256000280380249, AccVa: 0.8115000128746033, CeTr: 2.0631000995635986, CeVa: 2.270677089691162
Epoch: 127, AccTr: 0.8147000074386597, AccVa: 0.8040000200271606, CeTr: 2.226624011993408, CeVa: 2.212506055831909
Epoch: 128, AccTr: 0.8162000179290771, AccVa: 0.809499979019165, CeTr: 2.0724611282348633, CeVa: 2.2840921878814697
Epoch: 129, AccTr: 0.829800009727478, AccVa: 0.8054999709129333, CeTr: 2.0575010776519775, CeVa: 2.2376582622528076
Epoch: 130, AccTr: 0.8253999948501587, AccVa: 0.8109999895095825, CeTr: 2.096738576889038, CeVa: 2.3759634494781494
ENSEMBLE | Tr_Acc: 0.8985999822616577, Tr_CE: 1.104792594909668, Va_Acc: 0.8960000276565552, Va_CE: 1.168069839477539
Epoch: 131, AccTr: 0.8338000178337097, AccVa: 0.8105000257492065, CeTr: 1.964035153388977, CeVa: 2.195530652999878
Epoch: 132, AccTr: 0.8353000283241272, AccVa: 0.8080000281333923, CeTr: 2.0383434295654297, CeVa: 2.2616920471191406
Epoch: 133, AccTr: 0.8237000107765198, AccVa: 0.8174999952316284, CeTr: 2.0234322547912598, CeVa: 2.1175482273101807
Epoch: 134, AccTr: 0.8367999792098999, AccVa: 0.824999988079071, CeTr: 1.9647822380065918, CeVa: 2.041633367538452
Epoch: 135, AccTr: 0.8314999938011169, AccVa: 0.815500020980835, CeTr: 2.0271008014678955, CeVa: 2.147494077682495
ENSEMBLE | Tr_Acc: 0.8992000222206116, Tr_CE: 1.0997726917266846, Va_Acc: 0.8960000276565552, Va_CE: 1.1614069938659668
Epoch: 136, AccTr: 0.8324999809265137, AccVa: 0.828000009059906, CeTr: 2.09419846534729, CeVa: 2.0942904949188232
Epoch: 137, AccTr: 0.8245999813079834, AccVa: 0.8259999752044678, CeTr: 2.0714218616485596, CeVa: 2.190495252609253
Epoch: 138, AccTr: 0.8234999775886536, AccVa: 0.8034999966621399, CeTr: 2.1353695392608643, CeVa: 2.40366792678833
Epoch: 139, AccTr: 0.824999988079071, AccVa: 0.8059999942779541, CeTr: 2.1142024993896484, CeVa: 2.1849899291992188
Epoch: 140, AccTr: 0.8245000243186951, AccVa: 0.8109999895095825, CeTr: 2.1714391708374023, CeVa: 2.2443935871124268
ENSEMBLE | Tr_Acc: 0.8996999859809875, Tr_CE: 1.0965570211410522, Va_Acc: 0.8945000171661377, Va_CE: 1.1524806022644043
Epoch: 141, AccTr: 0.8111000061035156, AccVa: 0.8084999918937683, CeTr: 2.2908012866973877, CeVa: 2.360668659210205
Epoch: 142, AccTr: 0.8266000151634216, AccVa: 0.8255000114440918, CeTr: 2.12455415725708, CeVa: 2.1050689220428467
Epoch: 143, AccTr: 0.819100022315979, AccVa: 0.8034999966621399, CeTr: 2.1478991508483887, CeVa: 2.2178051471710205
Epoch: 144, AccTr: 0.8313999772071838, AccVa: 0.8259999752044678, CeTr: 2.048661231994629, CeVa: 2.2058606147766113
Epoch: 145, AccTr: 0.8179000020027161, AccVa: 0.8180000185966492, CeTr: 2.101372003555298, CeVa: 2.1700539588928223
ENSEMBLE | Tr_Acc: 0.899399995803833, Tr_CE: 1.09121572971344, Va_Acc: 0.8974999785423279, Va_CE: 1.1462129354476929
Epoch: 146, AccTr: 0.819100022315979, AccVa: 0.8199999928474426, CeTr: 2.1314475536346436, CeVa: 2.0813329219818115
Epoch: 147, AccTr: 0.8202999830245972, AccVa: 0.8245000243186951, CeTr: 2.1381442546844482, CeVa: 2.0367720127105713
Epoch: 148, AccTr: 0.8374000191688538, AccVa: 0.8324999809265137, CeTr: 2.0547118186950684, CeVa: 2.1128411293029785
Epoch: 149, AccTr: 0.8323000073432922, AccVa: 0.8339999914169312, CeTr: 2.0679433345794678, CeVa: 1.954525351524353
Epoch: 150, AccTr: 0.823199987411499, AccVa: 0.8174999952316284, CeTr: 2.128340244293213, CeVa: 2.1997411251068115
ENSEMBLE | Tr_Acc: 0.9003000259399414, Tr_CE: 1.088529348373413, Va_Acc: 0.9004999995231628, Va_CE: 1.139585256576538
NN CONFIG
Weight-type:		binary
Layout									Layer #1: 280	Layer #2: 200	
Activation Functions					Layer #1: bs	Layer #2: bs	
Keep probabilities		Layer #0: 1.0	Layer #1: 1.0	Layer #2: 1.0	
Flat factors							Layer #1: 1.0	Layer #2: 1.0	Layer #3: 1.0	
Activation Noise						Layer #1: 1.0	Layer #2: 1.0	Layer #3: 0.0	
Prior: 0.7

===================================

RUN CONFIG
Epochs: 150, Blocksize: 8

===================================

Input binarization: False
Epoch: 1, AccTr: 0.9092000126838684, AccVa: 0.8960000276565552, CeTr: 1.3260446786880493, CeVa: 1.7819067239761353
Epoch: 2, AccTr: 0.8902000188827515, AccVa: 0.8820000290870667, CeTr: 1.5510531663894653, CeVa: 1.8789256811141968
Epoch: 3, AccTr: 0.8658000230789185, AccVa: 0.859499990940094, CeTr: 1.899340271949768, CeVa: 2.0719857215881348
Epoch: 4, AccTr: 0.8525999784469604, AccVa: 0.843500018119812, CeTr: 2.031583547592163, CeVa: 2.0767369270324707
Epoch: 5, AccTr: 0.8561999797821045, AccVa: 0.8450000286102295, CeTr: 1.9382245540618896, CeVa: 2.252389430999756
Epoch: 6, AccTr: 0.8476999998092651, AccVa: 0.8355000019073486, CeTr: 2.0367329120635986, CeVa: 2.2771873474121094
Epoch: 7, AccTr: 0.8452000021934509, AccVa: 0.8295000195503235, CeTr: 2.1275808811187744, CeVa: 2.2316362857818604
Epoch: 8, AccTr: 0.8467000126838684, AccVa: 0.8355000019073486, CeTr: 2.0520808696746826, CeVa: 2.18257474899292
Epoch: 9, AccTr: 0.8428000211715698, AccVa: 0.8374999761581421, CeTr: 2.050631284713745, CeVa: 2.3977725505828857
Epoch: 10, AccTr: 0.840399980545044, AccVa: 0.8330000042915344, CeTr: 2.0913338661193848, CeVa: 2.2056479454040527
Epoch: 11, AccTr: 0.8399999737739563, AccVa: 0.8245000243186951, CeTr: 2.0562760829925537, CeVa: 2.446133852005005
Epoch: 12, AccTr: 0.849399983882904, AccVa: 0.8274999856948853, CeTr: 1.9249355792999268, CeVa: 2.3300106525421143
Epoch: 13, AccTr: 0.8355000019073486, AccVa: 0.8345000147819519, CeTr: 2.142472743988037, CeVa: 2.2345163822174072
Epoch: 14, AccTr: 0.8337000012397766, AccVa: 0.8234999775886536, CeTr: 2.057197332382202, CeVa: 2.5060579776763916
Epoch: 15, AccTr: 0.8349000215530396, AccVa: 0.8339999914169312, CeTr: 2.0521128177642822, CeVa: 2.0898211002349854
Epoch: 16, AccTr: 0.8288000226020813, AccVa: 0.8224999904632568, CeTr: 2.1520378589630127, CeVa: 2.273780584335327
Epoch: 17, AccTr: 0.8379999995231628, AccVa: 0.8159999847412109, CeTr: 2.022270679473877, CeVa: 2.40628981590271
Epoch: 18, AccTr: 0.82669997215271, AccVa: 0.8209999799728394, CeTr: 2.1543972492218018, CeVa: 2.4031765460968018
Epoch: 19, AccTr: 0.8312000036239624, AccVa: 0.815500020980835, CeTr: 2.1022729873657227, CeVa: 2.494680166244507
Epoch: 20, AccTr: 0.8317000269889832, AccVa: 0.8059999942779541, CeTr: 2.151268720626831, CeVa: 2.4259750843048096
Epoch: 21, AccTr: 0.8285999894142151, AccVa: 0.8140000104904175, CeTr: 2.133103847503662, CeVa: 2.417315721511841
Epoch: 22, AccTr: 0.8228999972343445, AccVa: 0.8144999742507935, CeTr: 2.2121059894561768, CeVa: 2.279669761657715
Epoch: 23, AccTr: 0.8264999985694885, AccVa: 0.8199999928474426, CeTr: 2.0620579719543457, CeVa: 2.274106740951538
Epoch: 24, AccTr: 0.8241000175476074, AccVa: 0.8149999976158142, CeTr: 2.168994188308716, CeVa: 2.3637897968292236
Epoch: 25, AccTr: 0.8251000046730042, AccVa: 0.8025000095367432, CeTr: 2.165853977203369, CeVa: 2.3743128776550293
Epoch: 26, AccTr: 0.820900022983551, AccVa: 0.8065000176429749, CeTr: 2.178654670715332, CeVa: 2.4479990005493164
Epoch: 27, AccTr: 0.8123999834060669, AccVa: 0.8230000138282776, CeTr: 2.2053799629211426, CeVa: 2.2464678287506104
Epoch: 28, AccTr: 0.8276000022888184, AccVa: 0.8119999766349792, CeTr: 2.0670409202575684, CeVa: 2.1150898933410645
Epoch: 29, AccTr: 0.8260999917984009, AccVa: 0.828000009059906, CeTr: 2.0879602432250977, CeVa: 2.020533561706543
Epoch: 30, AccTr: 0.8230000138282776, AccVa: 0.8115000128746033, CeTr: 2.1498501300811768, CeVa: 2.4574837684631348
ENSEMBLE | Tr_Acc: 0.8230000138282776, Tr_CE: 2.1498501300811768, Va_Acc: 0.8115000128746033, Va_CE: 2.4574837684631348
Epoch: 31, AccTr: 0.8184999823570251, AccVa: 0.7985000014305115, CeTr: 2.116224527359009, CeVa: 2.3306026458740234
Epoch: 32, AccTr: 0.8144000172615051, AccVa: 0.8134999871253967, CeTr: 2.179368019104004, CeVa: 2.2761318683624268
Epoch: 33, AccTr: 0.8148999810218811, AccVa: 0.8100000023841858, CeTr: 2.2169833183288574, CeVa: 2.246920347213745
Epoch: 34, AccTr: 0.8223000168800354, AccVa: 0.8125, CeTr: 2.1336121559143066, CeVa: 2.2021701335906982
Epoch: 35, AccTr: 0.8230000138282776, AccVa: 0.8264999985694885, CeTr: 2.151024103164673, CeVa: 2.085822343826294
ENSEMBLE | Tr_Acc: 0.8629999756813049, Tr_CE: 1.5705674886703491, Va_Acc: 0.8554999828338623, Va_CE: 1.628472924232483
Epoch: 36, AccTr: 0.8209999799728394, AccVa: 0.8270000219345093, CeTr: 2.175039529800415, CeVa: 2.278989553451538
Epoch: 37, AccTr: 0.8176000118255615, AccVa: 0.809499979019165, CeTr: 2.283491849899292, CeVa: 2.363900661468506
Epoch: 38, AccTr: 0.8238000273704529, AccVa: 0.8040000200271606, CeTr: 2.0828287601470947, CeVa: 2.3186399936676025
Epoch: 39, AccTr: 0.8233000040054321, AccVa: 0.8105000257492065, CeTr: 2.1737966537475586, CeVa: 2.168717384338379
Epoch: 40, AccTr: 0.8220999836921692, AccVa: 0.8209999799728394, CeTr: 2.0305991172790527, CeVa: 2.080545663833618
ENSEMBLE | Tr_Acc: 0.8744000196456909, Tr_CE: 1.365119457244873, Va_Acc: 0.8669999837875366, Va_CE: 1.4299461841583252
Epoch: 41, AccTr: 0.8260999917984009, AccVa: 0.8184999823570251, CeTr: 2.0477960109710693, CeVa: 2.1580543518066406
Epoch: 42, AccTr: 0.8217999935150146, AccVa: 0.8255000114440918, CeTr: 2.094273805618286, CeVa: 2.0497007369995117
Epoch: 43, AccTr: 0.8190000057220459, AccVa: 0.8084999918937683, CeTr: 2.169639825820923, CeVa: 2.0977845191955566
Epoch: 44, AccTr: 0.8185999989509583, AccVa: 0.8149999976158142, CeTr: 2.1576988697052, CeVa: 2.2180497646331787
Epoch: 45, AccTr: 0.8220999836921692, AccVa: 0.8159999847412109, CeTr: 2.0941271781921387, CeVa: 2.185488700866699
ENSEMBLE | Tr_Acc: 0.8823000192642212, Tr_CE: 1.2765483856201172, Va_Acc: 0.8744999766349792, Va_CE: 1.3544061183929443
Epoch: 46, AccTr: 0.822700023651123, AccVa: 0.8259999752044678, CeTr: 2.111431360244751, CeVa: 2.10015606880188
Epoch: 47, AccTr: 0.824400007724762, AccVa: 0.8144999742507935, CeTr: 1.995701551437378, CeVa: 2.250023365020752
Epoch: 48, AccTr: 0.8253999948501587, AccVa: 0.8169999718666077, CeTr: 1.9860562086105347, CeVa: 2.1017560958862305
Epoch: 49, AccTr: 0.8199999928474426, AccVa: 0.8084999918937683, CeTr: 2.1275901794433594, CeVa: 2.3627395629882812
Epoch: 50, AccTr: 0.8285999894142151, AccVa: 0.8090000152587891, CeTr: 2.0130879878997803, CeVa: 2.2764689922332764
ENSEMBLE | Tr_Acc: 0.8863999843597412, Tr_CE: 1.2099119424819946, Va_Acc: 0.8805000185966492, Va_CE: 1.3008867502212524
Epoch: 51, AccTr: 0.8209999799728394, AccVa: 0.815500020980835, CeTr: 2.1052703857421875, CeVa: 2.271796464920044
Epoch: 52, AccTr: 0.8299000263214111, AccVa: 0.8069999814033508, CeTr: 1.9777202606201172, CeVa: 2.3571441173553467
Epoch: 53, AccTr: 0.8205000162124634, AccVa: 0.8149999976158142, CeTr: 2.0679116249084473, CeVa: 2.218907356262207
Epoch: 54, AccTr: 0.8201000094413757, AccVa: 0.8100000023841858, CeTr: 2.060182809829712, CeVa: 2.22005558013916
Epoch: 55, AccTr: 0.8226000070571899, AccVa: 0.8109999895095825, CeTr: 2.0570037364959717, CeVa: 2.252242088317871
ENSEMBLE | Tr_Acc: 0.8927000164985657, Tr_CE: 1.1700482368469238, Va_Acc: 0.8859999775886536, Va_CE: 1.2826335430145264
Epoch: 56, AccTr: 0.8141999840736389, AccVa: 0.8080000281333923, CeTr: 2.204549551010132, CeVa: 2.238476276397705
Epoch: 57, AccTr: 0.8118000030517578, AccVa: 0.7919999957084656, CeTr: 2.334850311279297, CeVa: 2.346864938735962
Epoch: 58, AccTr: 0.8173999786376953, AccVa: 0.8065000176429749, CeTr: 2.1695051193237305, CeVa: 2.34995174407959
Epoch: 59, AccTr: 0.8224999904632568, AccVa: 0.8040000200271606, CeTr: 2.1438241004943848, CeVa: 2.184670925140381
Epoch: 60, AccTr: 0.8289999961853027, AccVa: 0.8184999823570251, CeTr: 2.0909743309020996, CeVa: 2.051223039627075
ENSEMBLE | Tr_Acc: 0.8930000066757202, Tr_CE: 1.149842381477356, Va_Acc: 0.887499988079071, Va_CE: 1.2440780401229858
Epoch: 61, AccTr: 0.8192999958992004, AccVa: 0.8144999742507935, CeTr: 2.1746199131011963, CeVa: 2.399374485015869
Epoch: 62, AccTr: 0.8174999952316284, AccVa: 0.8165000081062317, CeTr: 2.1180591583251953, CeVa: 2.123495578765869
Epoch: 63, AccTr: 0.8188999891281128, AccVa: 0.8119999766349792, CeTr: 2.1638026237487793, CeVa: 2.2569339275360107
Epoch: 64, AccTr: 0.8289999961853027, AccVa: 0.8075000047683716, CeTr: 2.0302751064300537, CeVa: 2.471407651901245
Epoch: 65, AccTr: 0.824999988079071, AccVa: 0.8195000290870667, CeTr: 2.087937593460083, CeVa: 2.177968978881836
ENSEMBLE | Tr_Acc: 0.8945000171661377, Tr_CE: 1.1336883306503296, Va_Acc: 0.8914999961853027, Va_CE: 1.2164908647537231
Epoch: 66, AccTr: 0.8256999850273132, AccVa: 0.8134999871253967, CeTr: 2.1023590564727783, CeVa: 2.3193771839141846
Epoch: 67, AccTr: 0.8245999813079834, AccVa: 0.8109999895095825, CeTr: 2.1316795349121094, CeVa: 2.2314648628234863
Epoch: 68, AccTr: 0.8245999813079834, AccVa: 0.8259999752044678, CeTr: 2.1089351177215576, CeVa: 2.0029406547546387
Epoch: 69, AccTr: 0.8226000070571899, AccVa: 0.8140000104904175, CeTr: 2.1054317951202393, CeVa: 2.3385024070739746
Epoch: 70, AccTr: 0.8299000263214111, AccVa: 0.8205000162124634, CeTr: 2.106442928314209, CeVa: 2.1568427085876465
ENSEMBLE | Tr_Acc: 0.8973000049591064, Tr_CE: 1.1185892820358276, Va_Acc: 0.8949999809265137, Va_CE: 1.2003374099731445
Epoch: 71, AccTr: 0.8292999863624573, AccVa: 0.8180000185966492, CeTr: 2.106982707977295, CeVa: 2.114187002182007
Epoch: 72, AccTr: 0.8230000138282776, AccVa: 0.8230000138282776, CeTr: 1.9993062019348145, CeVa: 2.1264219284057617
Epoch: 73, AccTr: 0.8263999819755554, AccVa: 0.8125, CeTr: 2.0670313835144043, CeVa: 2.2725749015808105
Epoch: 74, AccTr: 0.826200008392334, AccVa: 0.8130000233650208, CeTr: 2.1346874237060547, CeVa: 2.1170332431793213
Epoch: 75, AccTr: 0.8281000256538391, AccVa: 0.8105000257492065, CeTr: 2.1353938579559326, CeVa: 2.2733335494995117
ENSEMBLE | Tr_Acc: 0.8973000049591064, Tr_CE: 1.113122820854187, Va_Acc: 0.8924999833106995, Va_CE: 1.2027853727340698
Epoch: 76, AccTr: 0.8205999732017517, AccVa: 0.8065000176429749, CeTr: 2.1590638160705566, CeVa: 2.3316893577575684
Epoch: 77, AccTr: 0.8230000138282776, AccVa: 0.8029999732971191, CeTr: 2.1556015014648438, CeVa: 2.426443576812744
Epoch: 78, AccTr: 0.8299999833106995, AccVa: 0.828000009059906, CeTr: 2.030580759048462, CeVa: 2.0417280197143555
Epoch: 79, AccTr: 0.8248000144958496, AccVa: 0.8270000219345093, CeTr: 2.081235885620117, CeVa: 2.234687089920044
Epoch: 80, AccTr: 0.8252999782562256, AccVa: 0.8125, CeTr: 2.07102370262146, CeVa: 2.3973119258880615
ENSEMBLE | Tr_Acc: 0.8982999920845032, Tr_CE: 1.103171706199646, Va_Acc: 0.8960000276565552, Va_CE: 1.2055391073226929
Epoch: 81, AccTr: 0.8258000016212463, AccVa: 0.8159999847412109, CeTr: 2.1077842712402344, CeVa: 2.2629382610321045
Epoch: 82, AccTr: 0.8238999843597412, AccVa: 0.8109999895095825, CeTr: 2.1119449138641357, CeVa: 2.2456493377685547
Epoch: 83, AccTr: 0.8176000118255615, AccVa: 0.8220000267028809, CeTr: 2.1692590713500977, CeVa: 2.0892813205718994
Epoch: 84, AccTr: 0.8190000057220459, AccVa: 0.7979999780654907, CeTr: 2.1677684783935547, CeVa: 2.3245513439178467
Epoch: 85, AccTr: 0.8234000205993652, AccVa: 0.809499979019165, CeTr: 2.0471198558807373, CeVa: 2.2791500091552734
ENSEMBLE | Tr_Acc: 0.8992999792098999, Tr_CE: 1.0911991596221924, Va_Acc: 0.8960000276565552, Va_CE: 1.1949936151504517
Epoch: 86, AccTr: 0.8269000053405762, AccVa: 0.8165000081062317, CeTr: 2.1144323348999023, CeVa: 2.3087170124053955
Epoch: 87, AccTr: 0.8310999870300293, AccVa: 0.8299999833106995, CeTr: 1.9821795225143433, CeVa: 2.140625476837158
Epoch: 88, AccTr: 0.8212000131607056, AccVa: 0.8134999871253967, CeTr: 2.107388973236084, CeVa: 2.3295400142669678
Epoch: 89, AccTr: 0.8267999887466431, AccVa: 0.8075000047683716, CeTr: 1.9937431812286377, CeVa: 2.383579730987549
Epoch: 90, AccTr: 0.8241000175476074, AccVa: 0.8050000071525574, CeTr: 2.100656032562256, CeVa: 2.333383321762085
ENSEMBLE | Tr_Acc: 0.8996000289916992, Tr_CE: 1.0888177156448364, Va_Acc: 0.8974999785423279, Va_CE: 1.1852132081985474
Epoch: 91, AccTr: 0.8252000212669373, AccVa: 0.8090000152587891, CeTr: 2.0425121784210205, CeVa: 2.24385666847229
Epoch: 92, AccTr: 0.8187999725341797, AccVa: 0.8165000081062317, CeTr: 2.1188395023345947, CeVa: 2.122422695159912
Epoch: 93, AccTr: 0.824999988079071, AccVa: 0.8119999766349792, CeTr: 2.14510440826416, CeVa: 2.262915849685669
Epoch: 94, AccTr: 0.8205000162124634, AccVa: 0.815500020980835, CeTr: 2.134735345840454, CeVa: 2.128190040588379
Epoch: 95, AccTr: 0.8191999793052673, AccVa: 0.809499979019165, CeTr: 2.098083257675171, CeVa: 2.1914358139038086
ENSEMBLE | Tr_Acc: 0.8996999859809875, Tr_CE: 1.0807640552520752, Va_Acc: 0.8960000276565552, Va_CE: 1.1766291856765747
Epoch: 96, AccTr: 0.8174999952316284, AccVa: 0.8190000057220459, CeTr: 2.052107095718384, CeVa: 2.1091272830963135
Epoch: 97, AccTr: 0.8223000168800354, AccVa: 0.8134999871253967, CeTr: 2.033254384994507, CeVa: 2.095139503479004
Epoch: 98, AccTr: 0.8212000131607056, AccVa: 0.8130000233650208, CeTr: 2.0584733486175537, CeVa: 2.1807193756103516
Epoch: 99, AccTr: 0.8220000267028809, AccVa: 0.8075000047683716, CeTr: 2.059274673461914, CeVa: 2.2972192764282227
Epoch: 100, AccTr: 0.8180999755859375, AccVa: 0.8090000152587891, CeTr: 2.1374051570892334, CeVa: 2.2689430713653564
ENSEMBLE | Tr_Acc: 0.8996999859809875, Tr_CE: 1.079329490661621, Va_Acc: 0.8974999785423279, Va_CE: 1.1682385206222534
Epoch: 101, AccTr: 0.8264999985694885, AccVa: 0.8065000176429749, CeTr: 2.0361430644989014, CeVa: 2.1968445777893066
Epoch: 102, AccTr: 0.8314999938011169, AccVa: 0.8174999952316284, CeTr: 2.0083539485931396, CeVa: 2.125919818878174
Epoch: 103, AccTr: 0.8270999789237976, AccVa: 0.815500020980835, CeTr: 2.0839014053344727, CeVa: 2.2270638942718506
Epoch: 104, AccTr: 0.8234000205993652, AccVa: 0.8125, CeTr: 2.121509075164795, CeVa: 2.228677749633789
Epoch: 105, AccTr: 0.8206999897956848, AccVa: 0.8054999709129333, CeTr: 2.0894558429718018, CeVa: 2.256580352783203
ENSEMBLE | Tr_Acc: 0.900600016117096, Tr_CE: 1.0764940977096558, Va_Acc: 0.8960000276565552, Va_CE: 1.1666654348373413
Epoch: 106, AccTr: 0.8245000243186951, AccVa: 0.8109999895095825, CeTr: 2.112854242324829, CeVa: 2.3023087978363037
Epoch: 107, AccTr: 0.8289999961853027, AccVa: 0.8134999871253967, CeTr: 2.070059061050415, CeVa: 2.366373300552368
Epoch: 108, AccTr: 0.8263000249862671, AccVa: 0.8004999756813049, CeTr: 2.0095274448394775, CeVa: 2.12426495552063
Epoch: 109, AccTr: 0.828499972820282, AccVa: 0.8230000138282776, CeTr: 2.0698399543762207, CeVa: 2.2768592834472656
Epoch: 110, AccTr: 0.8278999924659729, AccVa: 0.8195000290870667, CeTr: 2.0120656490325928, CeVa: 2.151045799255371
ENSEMBLE | Tr_Acc: 0.9004999995231628, Tr_CE: 1.0698143243789673, Va_Acc: 0.8970000147819519, Va_CE: 1.1700584888458252
Epoch: 111, AccTr: 0.8264999985694885, AccVa: 0.8184999823570251, CeTr: 1.979148030281067, CeVa: 1.9884731769561768
Epoch: 112, AccTr: 0.8299999833106995, AccVa: 0.8029999732971191, CeTr: 1.9135687351226807, CeVa: 2.334341287612915
Epoch: 113, AccTr: 0.8252999782562256, AccVa: 0.8140000104904175, CeTr: 2.037992000579834, CeVa: 2.092647075653076
Epoch: 114, AccTr: 0.8288000226020813, AccVa: 0.8195000290870667, CeTr: 2.0399131774902344, CeVa: 2.20632266998291
Epoch: 115, AccTr: 0.8217999935150146, AccVa: 0.8184999823570251, CeTr: 2.049569845199585, CeVa: 2.091686964035034
ENSEMBLE | Tr_Acc: 0.901199996471405, Tr_CE: 1.0669783353805542, Va_Acc: 0.8989999890327454, Va_CE: 1.1560639142990112
Epoch: 116, AccTr: 0.8176000118255615, AccVa: 0.8125, CeTr: 2.054730176925659, CeVa: 2.239997386932373
Epoch: 117, AccTr: 0.8148000240325928, AccVa: 0.8169999718666077, CeTr: 2.10265851020813, CeVa: 2.280174732208252
Epoch: 118, AccTr: 0.814300000667572, AccVa: 0.8029999732971191, CeTr: 2.0752434730529785, CeVa: 2.3281126022338867
Epoch: 119, AccTr: 0.8259999752044678, AccVa: 0.8144999742507935, CeTr: 2.109097957611084, CeVa: 2.1711997985839844
Epoch: 120, AccTr: 0.8188999891281128, AccVa: 0.8084999918937683, CeTr: 2.155128002166748, CeVa: 2.3074381351470947
ENSEMBLE | Tr_Acc: 0.9017000198364258, Tr_CE: 1.0659534931182861, Va_Acc: 0.8964999914169312, Va_CE: 1.157609462738037
Epoch: 121, AccTr: 0.8170999884605408, AccVa: 0.8144999742507935, CeTr: 2.1031503677368164, CeVa: 2.109893321990967
Epoch: 122, AccTr: 0.8169999718666077, AccVa: 0.8025000095367432, CeTr: 2.033430337905884, CeVa: 2.2163338661193848
Epoch: 123, AccTr: 0.8222000002861023, AccVa: 0.7994999885559082, CeTr: 2.081969976425171, CeVa: 2.3276822566986084
Epoch: 124, AccTr: 0.8245999813079834, AccVa: 0.8220000267028809, CeTr: 2.025038957595825, CeVa: 2.237355947494507
Epoch: 125, AccTr: 0.819599986076355, AccVa: 0.8044999837875366, CeTr: 2.1427581310272217, CeVa: 2.2288758754730225
ENSEMBLE | Tr_Acc: 0.9017000198364258, Tr_CE: 1.0650548934936523, Va_Acc: 0.8974999785423279, Va_CE: 1.1581131219863892
Epoch: 126, AccTr: 0.8109999895095825, AccVa: 0.8019999861717224, CeTr: 2.019291877746582, CeVa: 2.2412986755371094
Epoch: 127, AccTr: 0.8202999830245972, AccVa: 0.809499979019165, CeTr: 2.100641965866089, CeVa: 2.218745708465576
Epoch: 128, AccTr: 0.817799985408783, AccVa: 0.8080000281333923, CeTr: 2.0696372985839844, CeVa: 2.306790590286255
Epoch: 129, AccTr: 0.816100001335144, AccVa: 0.8105000257492065, CeTr: 2.0886125564575195, CeVa: 2.1438143253326416
Epoch: 130, AccTr: 0.8217999935150146, AccVa: 0.8105000257492065, CeTr: 2.0768842697143555, CeVa: 2.2933855056762695
ENSEMBLE | Tr_Acc: 0.9010999798774719, Tr_CE: 1.0588748455047607, Va_Acc: 0.8964999914169312, Va_CE: 1.153784155845642
Epoch: 131, AccTr: 0.8192999958992004, AccVa: 0.8034999966621399, CeTr: 2.0189270973205566, CeVa: 2.332576036453247
Epoch: 132, AccTr: 0.8208000063896179, AccVa: 0.8019999861717224, CeTr: 2.0235519409179688, CeVa: 2.185688018798828
Epoch: 133, AccTr: 0.8230000138282776, AccVa: 0.8140000104904175, CeTr: 2.048173427581787, CeVa: 2.2076523303985596
Epoch: 134, AccTr: 0.8202000260353088, AccVa: 0.8115000128746033, CeTr: 2.0644402503967285, CeVa: 2.336345672607422
Epoch: 135, AccTr: 0.8274000287055969, AccVa: 0.8165000081062317, CeTr: 1.9690583944320679, CeVa: 2.174855947494507
ENSEMBLE | Tr_Acc: 0.9014999866485596, Tr_CE: 1.0531283617019653, Va_Acc: 0.8964999914169312, Va_CE: 1.1504311561584473
Epoch: 136, AccTr: 0.8303999900817871, AccVa: 0.8205000162124634, CeTr: 2.0261130332946777, CeVa: 2.13638973236084
Epoch: 137, AccTr: 0.8260999917984009, AccVa: 0.8119999766349792, CeTr: 1.9751747846603394, CeVa: 2.216277599334717
Epoch: 138, AccTr: 0.8256999850273132, AccVa: 0.8119999766349792, CeTr: 1.995485544204712, CeVa: 2.216413974761963
Epoch: 139, AccTr: 0.8303999900817871, AccVa: 0.8084999918937683, CeTr: 1.9322019815444946, CeVa: 2.181281328201294
Epoch: 140, AccTr: 0.8202999830245972, AccVa: 0.8134999871253967, CeTr: 2.1191246509552, CeVa: 2.1570048332214355
ENSEMBLE | Tr_Acc: 0.9000999927520752, Tr_CE: 1.053754448890686, Va_Acc: 0.8970000147819519, Va_CE: 1.148311734199524
Epoch: 141, AccTr: 0.8319000005722046, AccVa: 0.8345000147819519, CeTr: 2.1135616302490234, CeVa: 2.2238569259643555
Epoch: 142, AccTr: 0.8222000002861023, AccVa: 0.8220000267028809, CeTr: 2.038708209991455, CeVa: 2.0788981914520264
Epoch: 143, AccTr: 0.8191999793052673, AccVa: 0.8105000257492065, CeTr: 2.1276397705078125, CeVa: 2.1970932483673096
Epoch: 144, AccTr: 0.8241999745368958, AccVa: 0.815500020980835, CeTr: 2.0174200534820557, CeVa: 2.099193572998047
Epoch: 145, AccTr: 0.8234999775886536, AccVa: 0.8215000033378601, CeTr: 2.00932240486145, CeVa: 2.0617988109588623
ENSEMBLE | Tr_Acc: 0.9007999897003174, Tr_CE: 1.049971103668213, Va_Acc: 0.8974999785423279, Va_CE: 1.1419658660888672
Epoch: 146, AccTr: 0.8198000192642212, AccVa: 0.8134999871253967, CeTr: 2.0240862369537354, CeVa: 2.045158624649048
Epoch: 147, AccTr: 0.8212000131607056, AccVa: 0.8084999918937683, CeTr: 2.047706365585327, CeVa: 2.0967040061950684
Epoch: 148, AccTr: 0.8217999935150146, AccVa: 0.8100000023841858, CeTr: 1.9797371625900269, CeVa: 2.2155332565307617
Epoch: 149, AccTr: 0.822700023651123, AccVa: 0.8040000200271606, CeTr: 1.958872675895691, CeVa: 2.1911630630493164
Epoch: 150, AccTr: 0.8147000074386597, AccVa: 0.7979999780654907, CeTr: 2.08518385887146, CeVa: 2.2471842765808105
ENSEMBLE | Tr_Acc: 0.9009000062942505, Tr_CE: 1.047847867012024, Va_Acc: 0.8964999914169312, Va_CE: 1.138702630996704
Mod Accuracy || Mean: 0.8077499866485596	 Std: 0.009750008583068848
Ens Accuracy || Mean: 0.8984999656677246	 Std: 0.0020000040531158447
Mod CE || Mean: 2.2234625816345215	 Std: 0.02372157573699951
Ens CE || Mean: 1.139143943786621	 Std: 0.0004413127899169922
