

config:

HOME=/clusterFS/home/student/kopp13
PATH=/clusterFS/home/student/kopp13/miniconda3/envs/tensorflow/bin:/clusterFS/home/student/kopp13/miniconda3/bin:/clusterFS/home/student/kopp13/bin:/usr/local/bin:/usr/bin:/bin:/usr/local/games:/usr/games
LD_LIBRARY_PATH=
THEANO_FLAGS=floatX=float32,gpuarray.preallocate=0.9,dnn.library_path=/usr/lib/x86_64-linux-gnu,cxx=clang++-3.8,device=cuda,base_compiledir=/tmp/tmp.ZIy118EKVk
NN CONFIG
Weight-type:		binary
Layout									Layer #1: 280	Layer #2: 200	
Activation Functions					Layer #1: bs	Layer #2: bs	
Keep probabilities		Layer #0: 1.0	Layer #1: 1.0	Layer #2: 1.0	
Flat factors							Layer #1: 1.0	Layer #2: 1.0	Layer #3: 1.0	
Activation Noise						Layer #1: 0.30000000000000004	Layer #2: 0.30000000000000004	Layer #3: 0.0	
Prior: 0.7

===================================

RUN CONFIG
Epochs: 100, Blocksize: 8

===================================

Input binarization: False
Epoch: 1, AccTr: 0.9373000264167786, AccVa: 0.890999972820282, CeTr: 0.543125569820404, CeVa: 1.4561046361923218
Epoch: 2, AccTr: 0.9261999726295471, AccVa: 0.8945000171661377, CeTr: 0.6245578527450562, CeVa: 1.4026157855987549
Epoch: 3, AccTr: 0.9232000112533569, AccVa: 0.8924999833106995, CeTr: 0.6736770272254944, CeVa: 1.41978120803833
Epoch: 4, AccTr: 0.9225000143051147, AccVa: 0.8805000185966492, CeTr: 0.6904968619346619, CeVa: 1.5594004392623901
Epoch: 5, AccTr: 0.9185000061988831, AccVa: 0.8709999918937683, CeTr: 0.722109854221344, CeVa: 1.5789926052093506
Epoch: 6, AccTr: 0.9164999723434448, AccVa: 0.8805000185966492, CeTr: 0.7601239085197449, CeVa: 1.5096293687820435
Epoch: 7, AccTr: 0.9154000282287598, AccVa: 0.8709999918937683, CeTr: 0.7921780943870544, CeVa: 1.5264060497283936
Epoch: 8, AccTr: 0.9128000140190125, AccVa: 0.8734999895095825, CeTr: 0.7845149636268616, CeVa: 1.5385257005691528
Epoch: 9, AccTr: 0.9067999720573425, AccVa: 0.875, CeTr: 0.8806207180023193, CeVa: 1.5707268714904785
Epoch: 10, AccTr: 0.9151999950408936, AccVa: 0.8705000281333923, CeTr: 0.7703154683113098, CeVa: 1.6761292219161987
Epoch: 11, AccTr: 0.9157999753952026, AccVa: 0.8744999766349792, CeTr: 0.7982560396194458, CeVa: 1.5676703453063965
Epoch: 12, AccTr: 0.9135000109672546, AccVa: 0.8755000233650208, CeTr: 0.7711036205291748, CeVa: 1.5966233015060425
Epoch: 13, AccTr: 0.9107000231742859, AccVa: 0.8815000057220459, CeTr: 0.8516784906387329, CeVa: 1.4379013776779175
Epoch: 14, AccTr: 0.907800018787384, AccVa: 0.8815000057220459, CeTr: 0.8563238382339478, CeVa: 1.5530227422714233
Epoch: 15, AccTr: 0.9101999998092651, AccVa: 0.8730000257492065, CeTr: 0.8248066306114197, CeVa: 1.645249366760254
Epoch: 16, AccTr: 0.9107999801635742, AccVa: 0.8665000200271606, CeTr: 0.7959810495376587, CeVa: 1.6732333898544312
Epoch: 17, AccTr: 0.9114999771118164, AccVa: 0.8654999732971191, CeTr: 0.8137677311897278, CeVa: 1.7635624408721924
Epoch: 18, AccTr: 0.9096999764442444, AccVa: 0.8644999861717224, CeTr: 0.8407861590385437, CeVa: 1.7624504566192627
Epoch: 19, AccTr: 0.9106000065803528, AccVa: 0.8734999895095825, CeTr: 0.8295781016349792, CeVa: 1.7078299522399902
Epoch: 20, AccTr: 0.9045000076293945, AccVa: 0.8644999861717224, CeTr: 0.8796926736831665, CeVa: 1.775327444076538
Epoch: 21, AccTr: 0.9064000248908997, AccVa: 0.8615000247955322, CeTr: 0.8890876770019531, CeVa: 1.7503561973571777
Epoch: 22, AccTr: 0.9078999757766724, AccVa: 0.8535000085830688, CeTr: 0.8774152398109436, CeVa: 1.9249083995819092
Epoch: 23, AccTr: 0.9082000255584717, AccVa: 0.8619999885559082, CeTr: 0.870656430721283, CeVa: 1.7200266122817993
Epoch: 24, AccTr: 0.9063000082969666, AccVa: 0.8665000200271606, CeTr: 0.8559669852256775, CeVa: 1.6822618246078491
Epoch: 25, AccTr: 0.9057999849319458, AccVa: 0.8489999771118164, CeTr: 0.8912763595581055, CeVa: 1.9785898923873901
Epoch: 26, AccTr: 0.9049000144004822, AccVa: 0.8615000247955322, CeTr: 0.9196642637252808, CeVa: 1.8721719980239868
Epoch: 27, AccTr: 0.9061999917030334, AccVa: 0.8619999885559082, CeTr: 0.9122158885002136, CeVa: 1.7860389947891235
Epoch: 28, AccTr: 0.9039999842643738, AccVa: 0.8654999732971191, CeTr: 0.9093880653381348, CeVa: 1.7829588651657104
Epoch: 29, AccTr: 0.9014999866485596, AccVa: 0.8615000247955322, CeTr: 0.929311215877533, CeVa: 1.7409658432006836
Epoch: 30, AccTr: 0.9043999910354614, AccVa: 0.8665000200271606, CeTr: 0.9199771285057068, CeVa: 1.6610478162765503
ENSEMBLE | Tr_Acc: 0.9043999910354614, Tr_CE: 0.9199771285057068, Va_Acc: 0.8665000200271606, Va_CE: 1.6610478162765503
Epoch: 31, AccTr: 0.8982999920845032, AccVa: 0.8669999837875366, CeTr: 0.939135730266571, CeVa: 1.8106017112731934
Epoch: 32, AccTr: 0.9041000008583069, AccVa: 0.8725000023841858, CeTr: 0.922936201095581, CeVa: 1.6049131155014038
Epoch: 33, AccTr: 0.902400016784668, AccVa: 0.8659999966621399, CeTr: 0.9254394769668579, CeVa: 1.6932880878448486
Epoch: 34, AccTr: 0.9006999731063843, AccVa: 0.8659999966621399, CeTr: 0.8988839983940125, CeVa: 1.642385482788086
Epoch: 35, AccTr: 0.9020000100135803, AccVa: 0.8684999942779541, CeTr: 0.9724912047386169, CeVa: 1.7018959522247314
ENSEMBLE | Tr_Acc: 0.9412999749183655, Tr_CE: 0.4723399877548218, Va_Acc: 0.9085000157356262, Va_CE: 1.092180609703064
Epoch: 36, AccTr: 0.9004999995231628, AccVa: 0.871999979019165, CeTr: 0.9435732364654541, CeVa: 1.469948410987854
Epoch: 37, AccTr: 0.8981999754905701, AccVa: 0.8715000152587891, CeTr: 0.974108099937439, CeVa: 1.6240626573562622
Epoch: 38, AccTr: 0.9067999720573425, AccVa: 0.8734999895095825, CeTr: 0.8870834112167358, CeVa: 1.646942377090454
Epoch: 39, AccTr: 0.8999999761581421, AccVa: 0.8705000281333923, CeTr: 0.971962034702301, CeVa: 1.7538336515426636
Epoch: 40, AccTr: 0.9072999954223633, AccVa: 0.878000020980835, CeTr: 0.9050480723381042, CeVa: 1.6245458126068115
ENSEMBLE | Tr_Acc: 0.953499972820282, Tr_CE: 0.34938880801200867, Va_Acc: 0.9200000166893005, Va_CE: 0.9243839979171753
Epoch: 41, AccTr: 0.9020000100135803, AccVa: 0.8535000085830688, CeTr: 0.9717771410942078, CeVa: 1.85532546043396
Epoch: 42, AccTr: 0.8981000185012817, AccVa: 0.8679999709129333, CeTr: 0.9504123330116272, CeVa: 1.6820645332336426
Epoch: 43, AccTr: 0.9016000032424927, AccVa: 0.8634999990463257, CeTr: 0.9243716597557068, CeVa: 1.7640715837478638
Epoch: 44, AccTr: 0.8984000086784363, AccVa: 0.8659999966621399, CeTr: 0.9583469033241272, CeVa: 1.6678755283355713
Epoch: 45, AccTr: 0.8974999785423279, AccVa: 0.8644999861717224, CeTr: 0.9869964122772217, CeVa: 1.6499292850494385
ENSEMBLE | Tr_Acc: 0.9577000141143799, Tr_CE: 0.2939756214618683, Va_Acc: 0.921999990940094, Va_CE: 0.8704327940940857
Epoch: 46, AccTr: 0.8996999859809875, AccVa: 0.8654999732971191, CeTr: 0.9474032521247864, CeVa: 1.8337128162384033
Epoch: 47, AccTr: 0.8948000073432922, AccVa: 0.8604999780654907, CeTr: 0.9849730730056763, CeVa: 1.7693437337875366
Epoch: 48, AccTr: 0.9035999774932861, AccVa: 0.8709999918937683, CeTr: 0.9302611351013184, CeVa: 1.712576985359192
Epoch: 49, AccTr: 0.9017000198364258, AccVa: 0.862500011920929, CeTr: 0.9278544783592224, CeVa: 1.816262125968933
Epoch: 50, AccTr: 0.8998000025749207, AccVa: 0.8629999756813049, CeTr: 0.9825087785720825, CeVa: 1.737021565437317
ENSEMBLE | Tr_Acc: 0.9617999792098999, Tr_CE: 0.2740902304649353, Va_Acc: 0.9279999732971191, Va_CE: 0.8322203755378723
Epoch: 51, AccTr: 0.8996999859809875, AccVa: 0.8604999780654907, CeTr: 0.9573007822036743, CeVa: 1.802393913269043
Epoch: 52, AccTr: 0.8971999883651733, AccVa: 0.8529999852180481, CeTr: 1.0121649503707886, CeVa: 1.8910231590270996
Epoch: 53, AccTr: 0.9017000198364258, AccVa: 0.8565000295639038, CeTr: 0.9468412399291992, CeVa: 1.8458935022354126
Epoch: 54, AccTr: 0.9002000093460083, AccVa: 0.8700000047683716, CeTr: 0.9518769383430481, CeVa: 1.6821012496948242
Epoch: 55, AccTr: 0.8949999809265137, AccVa: 0.8615000247955322, CeTr: 1.040268898010254, CeVa: 1.8261786699295044
ENSEMBLE | Tr_Acc: 0.9617999792098999, Tr_CE: 0.2576768696308136, Va_Acc: 0.9304999709129333, Va_CE: 0.8195915818214417
Epoch: 56, AccTr: 0.8978000283241272, AccVa: 0.8650000095367432, CeTr: 0.9901601672172546, CeVa: 1.9290624856948853
Epoch: 57, AccTr: 0.9004999995231628, AccVa: 0.8619999885559082, CeTr: 0.928357720375061, CeVa: 1.7006398439407349
Epoch: 58, AccTr: 0.9010000228881836, AccVa: 0.8694999814033508, CeTr: 1.0101077556610107, CeVa: 1.7782790660858154
Epoch: 59, AccTr: 0.8953999876976013, AccVa: 0.8500000238418579, CeTr: 0.9767638444900513, CeVa: 1.775863766670227
Epoch: 60, AccTr: 0.8978000283241272, AccVa: 0.8669999837875366, CeTr: 1.055217981338501, CeVa: 1.7751407623291016
ENSEMBLE | Tr_Acc: 0.9628999829292297, Tr_CE: 0.2437034398317337, Va_Acc: 0.9300000071525574, Va_CE: 0.7818988561630249
Epoch: 61, AccTr: 0.9000999927520752, AccVa: 0.8665000200271606, CeTr: 0.9605211019515991, CeVa: 1.8471299409866333
Epoch: 62, AccTr: 0.8920000195503235, AccVa: 0.8659999966621399, CeTr: 1.065562129020691, CeVa: 1.7002613544464111
Epoch: 63, AccTr: 0.9014999866485596, AccVa: 0.8679999709129333, CeTr: 0.9638490080833435, CeVa: 1.693820595741272
Epoch: 64, AccTr: 0.89410001039505, AccVa: 0.8665000200271606, CeTr: 1.021384596824646, CeVa: 1.6841906309127808
Epoch: 65, AccTr: 0.894599974155426, AccVa: 0.8600000143051147, CeTr: 1.0257335901260376, CeVa: 1.7075153589248657
ENSEMBLE | Tr_Acc: 0.9653000235557556, Tr_CE: 0.23442426323890686, Va_Acc: 0.934499979019165, Va_CE: 0.7684879302978516
Epoch: 66, AccTr: 0.8917999863624573, AccVa: 0.8665000200271606, CeTr: 1.060631513595581, CeVa: 1.8331904411315918
Epoch: 67, AccTr: 0.8952000141143799, AccVa: 0.8585000038146973, CeTr: 1.0350154638290405, CeVa: 1.8934440612792969
Epoch: 68, AccTr: 0.8952000141143799, AccVa: 0.859499990940094, CeTr: 1.0307953357696533, CeVa: 1.6611270904541016
Epoch: 69, AccTr: 0.8921999931335449, AccVa: 0.8700000047683716, CeTr: 0.9751802682876587, CeVa: 1.450463056564331
Epoch: 70, AccTr: 0.8978999853134155, AccVa: 0.8535000085830688, CeTr: 0.9988343715667725, CeVa: 1.7037969827651978
ENSEMBLE | Tr_Acc: 0.9661999940872192, Tr_CE: 0.22202612459659576, Va_Acc: 0.9330000281333923, Va_CE: 0.7533942461013794
Epoch: 71, AccTr: 0.8942999839782715, AccVa: 0.8565000295639038, CeTr: 0.980900764465332, CeVa: 1.7744990587234497
Epoch: 72, AccTr: 0.8939999938011169, AccVa: 0.8634999990463257, CeTr: 1.0010443925857544, CeVa: 1.5379462242126465
Epoch: 73, AccTr: 0.8927000164985657, AccVa: 0.8544999957084656, CeTr: 1.0787230730056763, CeVa: 1.7222166061401367
Epoch: 74, AccTr: 0.8930000066757202, AccVa: 0.8550000190734863, CeTr: 1.0905201435089111, CeVa: 1.8917065858840942
Epoch: 75, AccTr: 0.8949000239372253, AccVa: 0.8619999885559082, CeTr: 1.0252498388290405, CeVa: 1.8846676349639893
ENSEMBLE | Tr_Acc: 0.9659000039100647, Tr_CE: 0.218866229057312, Va_Acc: 0.9355000257492065, Va_CE: 0.7635641098022461
Epoch: 76, AccTr: 0.8942999839782715, AccVa: 0.8604999780654907, CeTr: 1.026267170906067, CeVa: 1.7472156286239624
Epoch: 77, AccTr: 0.8944000005722046, AccVa: 0.8615000247955322, CeTr: 1.026274561882019, CeVa: 1.7299751043319702
Epoch: 78, AccTr: 0.8934000134468079, AccVa: 0.8529999852180481, CeTr: 1.0319664478302002, CeVa: 1.735140323638916
Epoch: 79, AccTr: 0.8945000171661377, AccVa: 0.8694999814033508, CeTr: 1.0117548704147339, CeVa: 1.6698462963104248
Epoch: 80, AccTr: 0.8881000280380249, AccVa: 0.862500011920929, CeTr: 1.0223217010498047, CeVa: 1.664023756980896
ENSEMBLE | Tr_Acc: 0.967199981212616, Tr_CE: 0.20830737054347992, Va_Acc: 0.9350000023841858, Va_CE: 0.7480263710021973
Epoch: 81, AccTr: 0.8925999999046326, AccVa: 0.8640000224113464, CeTr: 1.045613408088684, CeVa: 1.6686625480651855
Epoch: 82, AccTr: 0.8913999795913696, AccVa: 0.8715000152587891, CeTr: 1.042246699333191, CeVa: 1.7018049955368042
Epoch: 83, AccTr: 0.8938999772071838, AccVa: 0.8575000166893005, CeTr: 1.0345189571380615, CeVa: 1.891784429550171
Epoch: 84, AccTr: 0.8970999717712402, AccVa: 0.8665000200271606, CeTr: 1.0092278718948364, CeVa: 1.694366216659546
Epoch: 85, AccTr: 0.8960000276565552, AccVa: 0.8715000152587891, CeTr: 1.0261573791503906, CeVa: 1.6762245893478394
ENSEMBLE | Tr_Acc: 0.9674999713897705, Tr_CE: 0.20856508612632751, Va_Acc: 0.9384999871253967, Va_CE: 0.739528238773346
Epoch: 86, AccTr: 0.8938999772071838, AccVa: 0.8634999990463257, CeTr: 1.0442931652069092, CeVa: 1.6803743839263916
Epoch: 87, AccTr: 0.897599995136261, AccVa: 0.8650000095367432, CeTr: 0.9621822237968445, CeVa: 1.7534886598587036
Epoch: 88, AccTr: 0.8919000029563904, AccVa: 0.8615000247955322, CeTr: 1.0326578617095947, CeVa: 1.8704748153686523
Epoch: 89, AccTr: 0.8930000066757202, AccVa: 0.8565000295639038, CeTr: 1.0891003608703613, CeVa: 1.7137538194656372
Epoch: 90, AccTr: 0.892300009727478, AccVa: 0.8629999756813049, CeTr: 1.062913179397583, CeVa: 1.6552739143371582
ENSEMBLE | Tr_Acc: 0.9677000045776367, Tr_CE: 0.20569653809070587, Va_Acc: 0.9369999766349792, Va_CE: 0.7316176891326904
Epoch: 91, AccTr: 0.8906999826431274, AccVa: 0.8619999885559082, CeTr: 1.043748378753662, CeVa: 1.6797711849212646
Epoch: 92, AccTr: 0.8876000046730042, AccVa: 0.8679999709129333, CeTr: 1.0925883054733276, CeVa: 1.5944817066192627
Epoch: 93, AccTr: 0.8896999955177307, AccVa: 0.8634999990463257, CeTr: 1.0462836027145386, CeVa: 1.7020965814590454
Epoch: 94, AccTr: 0.8959000110626221, AccVa: 0.8709999918937683, CeTr: 1.0337738990783691, CeVa: 1.62626051902771
Epoch: 95, AccTr: 0.8928999900817871, AccVa: 0.8684999942779541, CeTr: 1.0785949230194092, CeVa: 1.7754687070846558
ENSEMBLE | Tr_Acc: 0.9663000106811523, Tr_CE: 0.20789988338947296, Va_Acc: 0.9380000233650208, Va_CE: 0.7294046878814697
Epoch: 96, AccTr: 0.8885999917984009, AccVa: 0.8610000014305115, CeTr: 1.1331993341445923, CeVa: 1.7873190641403198
Epoch: 97, AccTr: 0.8901000022888184, AccVa: 0.8709999918937683, CeTr: 1.054032325744629, CeVa: 1.7031913995742798
Epoch: 98, AccTr: 0.894599974155426, AccVa: 0.8519999980926514, CeTr: 1.03043794631958, CeVa: 1.691048264503479
Epoch: 99, AccTr: 0.8899000287055969, AccVa: 0.8600000143051147, CeTr: 1.077316403388977, CeVa: 1.711157202720642
Epoch: 100, AccTr: 0.8881000280380249, AccVa: 0.8709999918937683, CeTr: 1.0610185861587524, CeVa: 1.5955753326416016
ENSEMBLE | Tr_Acc: 0.9677000045776367, Tr_CE: 0.20773950219154358, Va_Acc: 0.9365000128746033, Va_CE: 0.7128391861915588
NN CONFIG
Weight-type:		binary
Layout									Layer #1: 280	Layer #2: 200	
Activation Functions					Layer #1: bs	Layer #2: bs	
Keep probabilities		Layer #0: 1.0	Layer #1: 1.0	Layer #2: 1.0	
Flat factors							Layer #1: 1.0	Layer #2: 1.0	Layer #3: 1.0	
Activation Noise						Layer #1: 0.30000000000000004	Layer #2: 0.30000000000000004	Layer #3: 0.0	
Prior: 0.7

===================================

RUN CONFIG
Epochs: 100, Blocksize: 8

===================================

Input binarization: False
Epoch: 1, AccTr: 0.9340000152587891, AccVa: 0.8889999985694885, CeTr: 0.6139324307441711, CeVa: 1.4834487438201904
Epoch: 2, AccTr: 0.925000011920929, AccVa: 0.8834999799728394, CeTr: 0.6153446435928345, CeVa: 1.3444154262542725
Epoch: 3, AccTr: 0.9289000034332275, AccVa: 0.8755000233650208, CeTr: 0.6077964901924133, CeVa: 1.4110088348388672
Epoch: 4, AccTr: 0.9214000105857849, AccVa: 0.8730000257492065, CeTr: 0.6231253147125244, CeVa: 1.4277818202972412
Epoch: 5, AccTr: 0.9164000153541565, AccVa: 0.8840000033378601, CeTr: 0.6868786811828613, CeVa: 1.4411271810531616
Epoch: 6, AccTr: 0.913100004196167, AccVa: 0.8765000104904175, CeTr: 0.7368965148925781, CeVa: 1.6516656875610352
Epoch: 7, AccTr: 0.9168999791145325, AccVa: 0.8755000233650208, CeTr: 0.7268612384796143, CeVa: 1.5447115898132324
Epoch: 8, AccTr: 0.9161999821662903, AccVa: 0.8865000009536743, CeTr: 0.7454190254211426, CeVa: 1.3605799674987793
Epoch: 9, AccTr: 0.9099000096321106, AccVa: 0.8784999847412109, CeTr: 0.7886877655982971, CeVa: 1.506937861442566
Epoch: 10, AccTr: 0.9079999923706055, AccVa: 0.878000020980835, CeTr: 0.8279896378517151, CeVa: 1.497251272201538
Epoch: 11, AccTr: 0.9097999930381775, AccVa: 0.8794999718666077, CeTr: 0.768551766872406, CeVa: 1.5870462656021118
Epoch: 12, AccTr: 0.9077000021934509, AccVa: 0.8755000233650208, CeTr: 0.8070241212844849, CeVa: 1.4272944927215576
Epoch: 13, AccTr: 0.9096999764442444, AccVa: 0.8774999976158142, CeTr: 0.8096868991851807, CeVa: 1.3508696556091309
Epoch: 14, AccTr: 0.911300003528595, AccVa: 0.8845000267028809, CeTr: 0.7641174793243408, CeVa: 1.4128360748291016
Epoch: 15, AccTr: 0.9071000218391418, AccVa: 0.859000027179718, CeTr: 0.8543638586997986, CeVa: 1.6230227947235107
Epoch: 16, AccTr: 0.9124000072479248, AccVa: 0.8634999990463257, CeTr: 0.7774204015731812, CeVa: 1.6896435022354126
Epoch: 17, AccTr: 0.9093000292778015, AccVa: 0.8709999918937683, CeTr: 0.8029388785362244, CeVa: 1.496247410774231
Epoch: 18, AccTr: 0.9099000096321106, AccVa: 0.8725000023841858, CeTr: 0.8194740414619446, CeVa: 1.5965478420257568
Epoch: 19, AccTr: 0.9082000255584717, AccVa: 0.8744999766349792, CeTr: 0.8181207776069641, CeVa: 1.5855046510696411
Epoch: 20, AccTr: 0.9067000150680542, AccVa: 0.8615000247955322, CeTr: 0.818230152130127, CeVa: 1.5777925252914429
Epoch: 21, AccTr: 0.9017999768257141, AccVa: 0.871999979019165, CeTr: 0.8261597752571106, CeVa: 1.4189878702163696
Epoch: 22, AccTr: 0.9074000120162964, AccVa: 0.8769999742507935, CeTr: 0.8169078230857849, CeVa: 1.4960895776748657
Epoch: 23, AccTr: 0.9018999934196472, AccVa: 0.8690000176429749, CeTr: 0.8412392735481262, CeVa: 1.5265207290649414
Epoch: 24, AccTr: 0.9086999893188477, AccVa: 0.8715000152587891, CeTr: 0.8139474987983704, CeVa: 1.5243918895721436
Epoch: 25, AccTr: 0.9064000248908997, AccVa: 0.8765000104904175, CeTr: 0.8470929861068726, CeVa: 1.5223997831344604
Epoch: 26, AccTr: 0.9039000272750854, AccVa: 0.8824999928474426, CeTr: 0.8654111623764038, CeVa: 1.5971251726150513
Epoch: 27, AccTr: 0.9049999713897705, AccVa: 0.8579999804496765, CeTr: 0.8586623072624207, CeVa: 1.8189728260040283
Epoch: 28, AccTr: 0.9054999947547913, AccVa: 0.8654999732971191, CeTr: 0.895561933517456, CeVa: 1.5994006395339966
Epoch: 29, AccTr: 0.90420001745224, AccVa: 0.8709999918937683, CeTr: 0.8809650540351868, CeVa: 1.5483638048171997
Epoch: 30, AccTr: 0.9093999862670898, AccVa: 0.8669999837875366, CeTr: 0.8359956741333008, CeVa: 1.6215405464172363
ENSEMBLE | Tr_Acc: 0.9093999862670898, Tr_CE: 0.8359956741333008, Va_Acc: 0.8669999837875366, Va_CE: 1.6215405464172363
Epoch: 31, AccTr: 0.9057999849319458, AccVa: 0.8669999837875366, CeTr: 0.8591989278793335, CeVa: 1.5841058492660522
Epoch: 32, AccTr: 0.9035999774932861, AccVa: 0.8709999918937683, CeTr: 0.861001193523407, CeVa: 1.6179951429367065
Epoch: 33, AccTr: 0.9042999744415283, AccVa: 0.8755000233650208, CeTr: 0.8831866979598999, CeVa: 1.585153341293335
Epoch: 34, AccTr: 0.9071999788284302, AccVa: 0.8755000233650208, CeTr: 0.8855511546134949, CeVa: 1.628448486328125
Epoch: 35, AccTr: 0.9041000008583069, AccVa: 0.8629999756813049, CeTr: 0.8798043131828308, CeVa: 1.6074212789535522
ENSEMBLE | Tr_Acc: 0.941100001335144, Tr_CE: 0.43504658341407776, Va_Acc: 0.9035000205039978, Va_CE: 1.040710687637329
Epoch: 36, AccTr: 0.8970000147819519, AccVa: 0.8715000152587891, CeTr: 0.9117501974105835, CeVa: 1.5995395183563232
Epoch: 37, AccTr: 0.900600016117096, AccVa: 0.8644999861717224, CeTr: 0.9353441596031189, CeVa: 1.5570075511932373
Epoch: 38, AccTr: 0.9014000296592712, AccVa: 0.8765000104904175, CeTr: 0.9019228219985962, CeVa: 1.4957327842712402
Epoch: 39, AccTr: 0.907800018787384, AccVa: 0.8619999885559082, CeTr: 0.8829556703567505, CeVa: 1.6851792335510254
Epoch: 40, AccTr: 0.9021999835968018, AccVa: 0.8615000247955322, CeTr: 0.9183040261268616, CeVa: 1.8055869340896606
ENSEMBLE | Tr_Acc: 0.9537000060081482, Tr_CE: 0.32977303862571716, Va_Acc: 0.9160000085830688, Va_CE: 0.923776388168335
Epoch: 41, AccTr: 0.9052000045776367, AccVa: 0.859499990940094, CeTr: 0.8653241991996765, CeVa: 1.6597506999969482
Epoch: 42, AccTr: 0.8981000185012817, AccVa: 0.8585000038146973, CeTr: 0.9320874810218811, CeVa: 1.8844977617263794
Epoch: 43, AccTr: 0.90420001745224, AccVa: 0.8610000014305115, CeTr: 0.8554831743240356, CeVa: 1.6471012830734253
Epoch: 44, AccTr: 0.9038000106811523, AccVa: 0.8675000071525574, CeTr: 0.8587571978569031, CeVa: 1.63217294216156
Epoch: 45, AccTr: 0.9053999781608582, AccVa: 0.8585000038146973, CeTr: 0.8659119009971619, CeVa: 1.7431762218475342
ENSEMBLE | Tr_Acc: 0.9596999883651733, Tr_CE: 0.2796674370765686, Va_Acc: 0.9229999780654907, Va_CE: 0.8758507966995239
Epoch: 46, AccTr: 0.899399995803833, AccVa: 0.8569999933242798, CeTr: 0.9537708759307861, CeVa: 1.7197346687316895
Epoch: 47, AccTr: 0.9021999835968018, AccVa: 0.8855000138282776, CeTr: 0.9132853746414185, CeVa: 1.4819691181182861
Epoch: 48, AccTr: 0.8977000117301941, AccVa: 0.8634999990463257, CeTr: 0.9231089949607849, CeVa: 1.679207444190979
Epoch: 49, AccTr: 0.899399995803833, AccVa: 0.8650000095367432, CeTr: 0.9641137719154358, CeVa: 1.657905101776123
Epoch: 50, AccTr: 0.8977000117301941, AccVa: 0.8615000247955322, CeTr: 0.965424120426178, CeVa: 1.82503342628479
ENSEMBLE | Tr_Acc: 0.9624000191688538, Tr_CE: 0.2502184510231018, Va_Acc: 0.925000011920929, Va_CE: 0.8536381721496582
Epoch: 51, AccTr: 0.8949999809265137, AccVa: 0.8539999723434448, CeTr: 0.9865185618400574, CeVa: 1.8349628448486328
Epoch: 52, AccTr: 0.8935999870300293, AccVa: 0.8579999804496765, CeTr: 0.9950515627861023, CeVa: 1.7864394187927246
Epoch: 53, AccTr: 0.9000999927520752, AccVa: 0.8604999780654907, CeTr: 0.9250386953353882, CeVa: 1.6761956214904785
Epoch: 54, AccTr: 0.8973000049591064, AccVa: 0.8539999723434448, CeTr: 0.9519908428192139, CeVa: 1.8541420698165894
Epoch: 55, AccTr: 0.8971999883651733, AccVa: 0.8659999966621399, CeTr: 0.9658207297325134, CeVa: 1.6954511404037476
ENSEMBLE | Tr_Acc: 0.9638000130653381, Tr_CE: 0.23960886895656586, Va_Acc: 0.9275000095367432, Va_CE: 0.8330283761024475
Epoch: 56, AccTr: 0.8968999981880188, AccVa: 0.8525000214576721, CeTr: 0.9510791897773743, CeVa: 1.702043890953064
Epoch: 57, AccTr: 0.8930000066757202, AccVa: 0.859499990940094, CeTr: 0.9418439269065857, CeVa: 1.696708083152771
Epoch: 58, AccTr: 0.8960000276565552, AccVa: 0.8525000214576721, CeTr: 0.9779791235923767, CeVa: 1.7541829347610474
Epoch: 59, AccTr: 0.895799994468689, AccVa: 0.8665000200271606, CeTr: 0.9724969863891602, CeVa: 1.724006175994873
Epoch: 60, AccTr: 0.8959000110626221, AccVa: 0.8585000038146973, CeTr: 0.9742177724838257, CeVa: 1.543796420097351
ENSEMBLE | Tr_Acc: 0.9646999835968018, Tr_CE: 0.22807514667510986, Va_Acc: 0.9279999732971191, Va_CE: 0.8033525347709656
Epoch: 61, AccTr: 0.8992999792098999, AccVa: 0.859000027179718, CeTr: 0.9640042781829834, CeVa: 1.7303894758224487
Epoch: 62, AccTr: 0.8978000283241272, AccVa: 0.8640000224113464, CeTr: 0.9668121337890625, CeVa: 1.6028428077697754
Epoch: 63, AccTr: 0.9031999707221985, AccVa: 0.8740000128746033, CeTr: 0.9344942569732666, CeVa: 1.4694410562515259
Epoch: 64, AccTr: 0.8981999754905701, AccVa: 0.8579999804496765, CeTr: 0.9298812747001648, CeVa: 1.680967092514038
Epoch: 65, AccTr: 0.9002000093460083, AccVa: 0.859000027179718, CeTr: 0.908947765827179, CeVa: 1.6267670392990112
ENSEMBLE | Tr_Acc: 0.9657999873161316, Tr_CE: 0.2182917445898056, Va_Acc: 0.9259999990463257, Va_CE: 0.8012472987174988
Epoch: 66, AccTr: 0.9014000296592712, AccVa: 0.8619999885559082, CeTr: 0.8947548866271973, CeVa: 1.831908106803894
Epoch: 67, AccTr: 0.8996999859809875, AccVa: 0.8600000143051147, CeTr: 0.9183923602104187, CeVa: 1.7971985340118408
Epoch: 68, AccTr: 0.8956000208854675, AccVa: 0.8579999804496765, CeTr: 0.9630498290061951, CeVa: 1.7123888731002808
Epoch: 69, AccTr: 0.89410001039505, AccVa: 0.8539999723434448, CeTr: 0.9882997870445251, CeVa: 1.767006516456604
Epoch: 70, AccTr: 0.8924999833106995, AccVa: 0.8640000224113464, CeTr: 0.9809605479240417, CeVa: 1.7781537771224976
ENSEMBLE | Tr_Acc: 0.96670001745224, Tr_CE: 0.21170629560947418, Va_Acc: 0.9284999966621399, Va_CE: 0.7963149547576904
Epoch: 71, AccTr: 0.9014000296592712, AccVa: 0.8715000152587891, CeTr: 0.9496972560882568, CeVa: 1.4464657306671143
Epoch: 72, AccTr: 0.8978999853134155, AccVa: 0.8690000176429749, CeTr: 0.9802963733673096, CeVa: 1.5767289400100708
Epoch: 73, AccTr: 0.8960999846458435, AccVa: 0.8650000095367432, CeTr: 0.9798401594161987, CeVa: 1.4956386089324951
Epoch: 74, AccTr: 0.8927000164985657, AccVa: 0.8715000152587891, CeTr: 1.0409070253372192, CeVa: 1.5404136180877686
Epoch: 75, AccTr: 0.8956999778747559, AccVa: 0.8684999942779541, CeTr: 0.9418249130249023, CeVa: 1.6000021696090698
ENSEMBLE | Tr_Acc: 0.9674999713897705, Tr_CE: 0.20430390536785126, Va_Acc: 0.9315000176429749, Va_CE: 0.773945689201355
Epoch: 76, AccTr: 0.890999972820282, AccVa: 0.862500011920929, CeTr: 1.076907992362976, CeVa: 1.6897724866867065
Epoch: 77, AccTr: 0.8982999920845032, AccVa: 0.8669999837875366, CeTr: 0.9578142762184143, CeVa: 1.6068285703659058
Epoch: 78, AccTr: 0.8910999894142151, AccVa: 0.8644999861717224, CeTr: 0.9990130066871643, CeVa: 1.498337984085083
Epoch: 79, AccTr: 0.8928999900817871, AccVa: 0.8615000247955322, CeTr: 0.9972682595252991, CeVa: 1.6328437328338623
Epoch: 80, AccTr: 0.8930000066757202, AccVa: 0.859000027179718, CeTr: 0.9999822378158569, CeVa: 1.6500037908554077
ENSEMBLE | Tr_Acc: 0.9678000211715698, Tr_CE: 0.20212984085083008, Va_Acc: 0.9300000071525574, Va_CE: 0.7704917192459106
Epoch: 81, AccTr: 0.8978999853134155, AccVa: 0.8519999980926514, CeTr: 0.9776906371116638, CeVa: 1.7787034511566162
Epoch: 82, AccTr: 0.8938999772071838, AccVa: 0.8659999966621399, CeTr: 1.0380685329437256, CeVa: 1.6000443696975708
Epoch: 83, AccTr: 0.8946999907493591, AccVa: 0.8569999933242798, CeTr: 0.9620447158813477, CeVa: 1.592551350593567
Epoch: 84, AccTr: 0.8888999819755554, AccVa: 0.8665000200271606, CeTr: 1.0326249599456787, CeVa: 1.5368400812149048
Epoch: 85, AccTr: 0.8955000042915344, AccVa: 0.8569999933242798, CeTr: 0.9583330154418945, CeVa: 1.6488120555877686
ENSEMBLE | Tr_Acc: 0.9664999842643738, Tr_CE: 0.20079104602336884, Va_Acc: 0.9309999942779541, Va_CE: 0.7595682740211487
Epoch: 86, AccTr: 0.8928999900817871, AccVa: 0.862500011920929, CeTr: 0.9641693234443665, CeVa: 1.561902642250061
Epoch: 87, AccTr: 0.8880000114440918, AccVa: 0.8650000095367432, CeTr: 0.9991037845611572, CeVa: 1.5409859418869019
Epoch: 88, AccTr: 0.892300009727478, AccVa: 0.8629999756813049, CeTr: 0.9590117931365967, CeVa: 1.6789941787719727
Epoch: 89, AccTr: 0.8876000046730042, AccVa: 0.8554999828338623, CeTr: 1.0166860818862915, CeVa: 1.6737737655639648
Epoch: 90, AccTr: 0.8938999772071838, AccVa: 0.8634999990463257, CeTr: 0.9321824312210083, CeVa: 1.7178364992141724
ENSEMBLE | Tr_Acc: 0.9668999910354614, Tr_CE: 0.1958916038274765, Va_Acc: 0.9315000176429749, Va_CE: 0.7613455653190613
Epoch: 91, AccTr: 0.8964999914169312, AccVa: 0.8675000071525574, CeTr: 0.9084136486053467, CeVa: 1.5673524141311646
Epoch: 92, AccTr: 0.8984000086784363, AccVa: 0.8715000152587891, CeTr: 0.968772292137146, CeVa: 1.6962991952896118
Epoch: 93, AccTr: 0.8912000060081482, AccVa: 0.862500011920929, CeTr: 1.0137652158737183, CeVa: 1.6221133470535278
Epoch: 94, AccTr: 0.8920000195503235, AccVa: 0.8619999885559082, CeTr: 0.9590720534324646, CeVa: 1.6106462478637695
Epoch: 95, AccTr: 0.8931999802589417, AccVa: 0.8544999957084656, CeTr: 0.9748175740242004, CeVa: 1.690814733505249
ENSEMBLE | Tr_Acc: 0.9686999917030334, Tr_CE: 0.19283978641033173, Va_Acc: 0.9294999837875366, Va_CE: 0.7511417269706726
Epoch: 96, AccTr: 0.8863999843597412, AccVa: 0.8634999990463257, CeTr: 1.02053701877594, CeVa: 1.6990126371383667
Epoch: 97, AccTr: 0.8909000158309937, AccVa: 0.8485000133514404, CeTr: 0.9196281433105469, CeVa: 1.7746814489364624
Epoch: 98, AccTr: 0.8944000005722046, AccVa: 0.8644999861717224, CeTr: 0.9975578188896179, CeVa: 1.6920963525772095
Epoch: 99, AccTr: 0.8960000276565552, AccVa: 0.859499990940094, CeTr: 1.0226833820343018, CeVa: 1.651241660118103
Epoch: 100, AccTr: 0.8925999999046326, AccVa: 0.8510000109672546, CeTr: 0.9673008918762207, CeVa: 1.8538800477981567
ENSEMBLE | Tr_Acc: 0.9689000248908997, Tr_CE: 0.19130076467990875, Va_Acc: 0.9300000071525574, Va_CE: 0.7521079778671265
NN CONFIG
Weight-type:		binary
Layout									Layer #1: 280	Layer #2: 200	
Activation Functions					Layer #1: bs	Layer #2: bs	
Keep probabilities		Layer #0: 1.0	Layer #1: 1.0	Layer #2: 1.0	
Flat factors							Layer #1: 1.0	Layer #2: 1.0	Layer #3: 1.0	
Activation Noise						Layer #1: 0.30000000000000004	Layer #2: 0.30000000000000004	Layer #3: 0.0	
Prior: 0.7

===================================

RUN CONFIG
Epochs: 100, Blocksize: 8

===================================

Input binarization: False
Epoch: 1, AccTr: 0.9323999881744385, AccVa: 0.890500009059906, CeTr: 0.5442406535148621, CeVa: 1.3266867399215698
Epoch: 2, AccTr: 0.9301999807357788, AccVa: 0.8914999961853027, CeTr: 0.5521860718727112, CeVa: 1.270946741104126
Epoch: 3, AccTr: 0.9211000204086304, AccVa: 0.8855000138282776, CeTr: 0.6122387051582336, CeVa: 1.3550790548324585
Epoch: 4, AccTr: 0.9193999767303467, AccVa: 0.8799999952316284, CeTr: 0.6720712184906006, CeVa: 1.3886587619781494
Epoch: 5, AccTr: 0.9243000149726868, AccVa: 0.8820000290870667, CeTr: 0.6345316171646118, CeVa: 1.4613507986068726
Epoch: 6, AccTr: 0.9193000197410583, AccVa: 0.8824999928474426, CeTr: 0.672373354434967, CeVa: 1.3587437868118286
Epoch: 7, AccTr: 0.9154000282287598, AccVa: 0.8774999976158142, CeTr: 0.7173611521720886, CeVa: 1.5815716981887817
Epoch: 8, AccTr: 0.9171000123023987, AccVa: 0.8744999766349792, CeTr: 0.7052503228187561, CeVa: 1.4578193426132202
Epoch: 9, AccTr: 0.916100025177002, AccVa: 0.8815000057220459, CeTr: 0.7159575819969177, CeVa: 1.4060344696044922
Epoch: 10, AccTr: 0.9110999703407288, AccVa: 0.8669999837875366, CeTr: 0.739828884601593, CeVa: 1.485961675643921
Epoch: 11, AccTr: 0.9122999906539917, AccVa: 0.878000020980835, CeTr: 0.7325735092163086, CeVa: 1.4897215366363525
Epoch: 12, AccTr: 0.9172999858856201, AccVa: 0.8730000257492065, CeTr: 0.7280526161193848, CeVa: 1.4334332942962646
Epoch: 13, AccTr: 0.9118000268936157, AccVa: 0.875, CeTr: 0.7280095219612122, CeVa: 1.5852844715118408
Epoch: 14, AccTr: 0.9085000157356262, AccVa: 0.8824999928474426, CeTr: 0.7828198671340942, CeVa: 1.4766490459442139
Epoch: 15, AccTr: 0.9153000116348267, AccVa: 0.878000020980835, CeTr: 0.7164744138717651, CeVa: 1.3910161256790161
Epoch: 16, AccTr: 0.9065999984741211, AccVa: 0.8730000257492065, CeTr: 0.8111773729324341, CeVa: 1.5146695375442505
Epoch: 17, AccTr: 0.907800018787384, AccVa: 0.8725000023841858, CeTr: 0.7708792686462402, CeVa: 1.5706162452697754
Epoch: 18, AccTr: 0.9128000140190125, AccVa: 0.8709999918937683, CeTr: 0.7503764629364014, CeVa: 1.5025418996810913
Epoch: 19, AccTr: 0.9082000255584717, AccVa: 0.8600000143051147, CeTr: 0.7915430665016174, CeVa: 1.552896499633789
Epoch: 20, AccTr: 0.9059000015258789, AccVa: 0.862500011920929, CeTr: 0.8313117027282715, CeVa: 1.5801488161087036
Epoch: 21, AccTr: 0.9110000133514404, AccVa: 0.8550000190734863, CeTr: 0.7916173338890076, CeVa: 1.7016797065734863
Epoch: 22, AccTr: 0.9114000201225281, AccVa: 0.8644999861717224, CeTr: 0.7836153507232666, CeVa: 1.609289288520813
Epoch: 23, AccTr: 0.9027000069618225, AccVa: 0.871999979019165, CeTr: 0.8081275224685669, CeVa: 1.563177227973938
Epoch: 24, AccTr: 0.9034000039100647, AccVa: 0.8705000281333923, CeTr: 0.8545097708702087, CeVa: 1.648936152458191
Epoch: 25, AccTr: 0.9075999855995178, AccVa: 0.8859999775886536, CeTr: 0.7987600564956665, CeVa: 1.4803715944290161
Epoch: 26, AccTr: 0.9014999866485596, AccVa: 0.8734999895095825, CeTr: 0.8510152101516724, CeVa: 1.5109961032867432
Epoch: 27, AccTr: 0.90829998254776, AccVa: 0.8654999732971191, CeTr: 0.8189973831176758, CeVa: 1.5759122371673584
Epoch: 28, AccTr: 0.9059000015258789, AccVa: 0.8565000295639038, CeTr: 0.8283764719963074, CeVa: 1.4950706958770752
Epoch: 29, AccTr: 0.9052000045776367, AccVa: 0.8734999895095825, CeTr: 0.873644232749939, CeVa: 1.4839322566986084
Epoch: 30, AccTr: 0.9068999886512756, AccVa: 0.8659999966621399, CeTr: 0.8084339499473572, CeVa: 1.3864350318908691
ENSEMBLE | Tr_Acc: 0.9068999886512756, Tr_CE: 0.8084339499473572, Va_Acc: 0.8659999966621399, Va_CE: 1.3864350318908691
Epoch: 31, AccTr: 0.9025999903678894, AccVa: 0.8665000200271606, CeTr: 0.8497944474220276, CeVa: 1.472834587097168
Epoch: 32, AccTr: 0.9025999903678894, AccVa: 0.8740000128746033, CeTr: 0.8347733616828918, CeVa: 1.4700963497161865
Epoch: 33, AccTr: 0.9065999984741211, AccVa: 0.8650000095367432, CeTr: 0.8219402432441711, CeVa: 1.5225192308425903
Epoch: 34, AccTr: 0.8999000191688538, AccVa: 0.8730000257492065, CeTr: 0.8353660106658936, CeVa: 1.492371916770935
Epoch: 35, AccTr: 0.9052000045776367, AccVa: 0.8610000014305115, CeTr: 0.8445422053337097, CeVa: 1.6434946060180664
ENSEMBLE | Tr_Acc: 0.942799985408783, Tr_CE: 0.4321180284023285, Va_Acc: 0.9075000286102295, Va_CE: 1.0099656581878662
Epoch: 36, AccTr: 0.9053999781608582, AccVa: 0.8705000281333923, CeTr: 0.7972228527069092, CeVa: 1.536670446395874
Epoch: 37, AccTr: 0.9003000259399414, AccVa: 0.8740000128746033, CeTr: 0.8982427716255188, CeVa: 1.6340751647949219
Epoch: 38, AccTr: 0.9039999842643738, AccVa: 0.8525000214576721, CeTr: 0.873716413974762, CeVa: 1.8047115802764893
Epoch: 39, AccTr: 0.9003000259399414, AccVa: 0.8535000085830688, CeTr: 0.859337568283081, CeVa: 1.7663630247116089
Epoch: 40, AccTr: 0.9023000001907349, AccVa: 0.8694999814033508, CeTr: 0.8699951171875, CeVa: 1.6105878353118896
ENSEMBLE | Tr_Acc: 0.9528999924659729, Tr_CE: 0.3207143545150757, Va_Acc: 0.9204999804496765, Va_CE: 0.9044034481048584
Epoch: 41, AccTr: 0.9006999731063843, AccVa: 0.8694999814033508, CeTr: 0.878801167011261, CeVa: 1.6401935815811157
Epoch: 42, AccTr: 0.9010000228881836, AccVa: 0.8715000152587891, CeTr: 0.8941300511360168, CeVa: 1.4685122966766357
Epoch: 43, AccTr: 0.8981000185012817, AccVa: 0.8619999885559082, CeTr: 0.8658784031867981, CeVa: 1.520599126815796
Epoch: 44, AccTr: 0.9036999940872192, AccVa: 0.8715000152587891, CeTr: 0.859169602394104, CeVa: 1.6117370128631592
Epoch: 45, AccTr: 0.9003000259399414, AccVa: 0.8705000281333923, CeTr: 0.9150474667549133, CeVa: 1.5880225896835327
ENSEMBLE | Tr_Acc: 0.9564999938011169, Tr_CE: 0.28428739309310913, Va_Acc: 0.9235000014305115, Va_CE: 0.8548551201820374
Epoch: 46, AccTr: 0.8960000276565552, AccVa: 0.8610000014305115, CeTr: 0.9113476276397705, CeVa: 1.6136103868484497
Epoch: 47, AccTr: 0.899399995803833, AccVa: 0.8740000128746033, CeTr: 0.9593018293380737, CeVa: 1.5547648668289185
Epoch: 48, AccTr: 0.9003999829292297, AccVa: 0.8755000233650208, CeTr: 0.892357587814331, CeVa: 1.4896234273910522
Epoch: 49, AccTr: 0.899399995803833, AccVa: 0.8550000190734863, CeTr: 0.9154413342475891, CeVa: 1.5339478254318237
Epoch: 50, AccTr: 0.8996999859809875, AccVa: 0.8715000152587891, CeTr: 0.8721932768821716, CeVa: 1.4481879472732544
ENSEMBLE | Tr_Acc: 0.9599999785423279, Tr_CE: 0.2503008246421814, Va_Acc: 0.9290000200271606, Va_CE: 0.7895936369895935
Epoch: 51, AccTr: 0.8991000056266785, AccVa: 0.8765000104904175, CeTr: 0.8872478604316711, CeVa: 1.4429999589920044
Epoch: 52, AccTr: 0.8967999815940857, AccVa: 0.8740000128746033, CeTr: 0.8765361309051514, CeVa: 1.5309648513793945
Epoch: 53, AccTr: 0.9003999829292297, AccVa: 0.8694999814033508, CeTr: 0.8886252045631409, CeVa: 1.4151264429092407
Epoch: 54, AccTr: 0.8989999890327454, AccVa: 0.8740000128746033, CeTr: 0.8921564221382141, CeVa: 1.5010584592819214
Epoch: 55, AccTr: 0.9003999829292297, AccVa: 0.8744999766349792, CeTr: 0.9148755669593811, CeVa: 1.5460363626480103
ENSEMBLE | Tr_Acc: 0.9617999792098999, Tr_CE: 0.23306772112846375, Va_Acc: 0.9319999814033508, Va_CE: 0.7712591290473938
Epoch: 56, AccTr: 0.8995000123977661, AccVa: 0.8709999918937683, CeTr: 0.924140989780426, CeVa: 1.5424840450286865
Epoch: 57, AccTr: 0.8973000049591064, AccVa: 0.8654999732971191, CeTr: 0.8965444564819336, CeVa: 1.5271096229553223
Epoch: 58, AccTr: 0.9003000259399414, AccVa: 0.8769999742507935, CeTr: 0.8717082738876343, CeVa: 1.4134200811386108
Epoch: 59, AccTr: 0.8967999815940857, AccVa: 0.8659999966621399, CeTr: 0.9252694249153137, CeVa: 1.579040288925171
Epoch: 60, AccTr: 0.8913999795913696, AccVa: 0.8709999918937683, CeTr: 0.9742873907089233, CeVa: 1.5905663967132568
ENSEMBLE | Tr_Acc: 0.963100016117096, Tr_CE: 0.2240515649318695, Va_Acc: 0.9309999942779541, Va_CE: 0.7591677308082581
Epoch: 61, AccTr: 0.8944000005722046, AccVa: 0.8634999990463257, CeTr: 0.9130505919456482, CeVa: 1.5582826137542725
Epoch: 62, AccTr: 0.8931000232696533, AccVa: 0.8690000176429749, CeTr: 0.9273675680160522, CeVa: 1.546091914176941
Epoch: 63, AccTr: 0.8996999859809875, AccVa: 0.8684999942779541, CeTr: 0.8873812556266785, CeVa: 1.4628832340240479
Epoch: 64, AccTr: 0.8962000012397766, AccVa: 0.8644999861717224, CeTr: 0.8950037360191345, CeVa: 1.4537500143051147
Epoch: 65, AccTr: 0.8960000276565552, AccVa: 0.8679999709129333, CeTr: 0.9313839673995972, CeVa: 1.5943386554718018
ENSEMBLE | Tr_Acc: 0.9624999761581421, Tr_CE: 0.2161744087934494, Va_Acc: 0.9319999814033508, Va_CE: 0.7423802614212036
Epoch: 66, AccTr: 0.8952000141143799, AccVa: 0.8705000281333923, CeTr: 0.9298629760742188, CeVa: 1.6112313270568848
Epoch: 67, AccTr: 0.8938999772071838, AccVa: 0.8550000190734863, CeTr: 0.9735788106918335, CeVa: 1.7034564018249512
Epoch: 68, AccTr: 0.8974000215530396, AccVa: 0.8669999837875366, CeTr: 0.9470802545547485, CeVa: 1.6331061124801636
Epoch: 69, AccTr: 0.8970000147819519, AccVa: 0.8550000190734863, CeTr: 0.8973561525344849, CeVa: 1.7395857572555542
Epoch: 70, AccTr: 0.8952000141143799, AccVa: 0.8654999732971191, CeTr: 0.9064204096794128, CeVa: 1.5913194417953491
ENSEMBLE | Tr_Acc: 0.9642999768257141, Tr_CE: 0.2066545933485031, Va_Acc: 0.934499979019165, Va_CE: 0.729394793510437
Epoch: 71, AccTr: 0.8916000127792358, AccVa: 0.8669999837875366, CeTr: 0.9360636472702026, CeVa: 1.5955933332443237
Epoch: 72, AccTr: 0.8949999809265137, AccVa: 0.8629999756813049, CeTr: 0.9611386656761169, CeVa: 1.6043212413787842
Epoch: 73, AccTr: 0.8938000202178955, AccVa: 0.8619999885559082, CeTr: 0.9118970632553101, CeVa: 1.671117901802063
Epoch: 74, AccTr: 0.8946999907493591, AccVa: 0.8744999766349792, CeTr: 0.9113722443580627, CeVa: 1.5136922597885132
Epoch: 75, AccTr: 0.8988999724388123, AccVa: 0.8600000143051147, CeTr: 0.9202937483787537, CeVa: 1.630690336227417
ENSEMBLE | Tr_Acc: 0.9652000069618225, Tr_CE: 0.20563554763793945, Va_Acc: 0.9325000047683716, Va_CE: 0.7211573123931885
Epoch: 76, AccTr: 0.8949999809265137, AccVa: 0.8585000038146973, CeTr: 0.9406915903091431, CeVa: 1.6246495246887207
Epoch: 77, AccTr: 0.8964999914169312, AccVa: 0.878000020980835, CeTr: 0.9258976578712463, CeVa: 1.583803653717041
Epoch: 78, AccTr: 0.8955000042915344, AccVa: 0.8690000176429749, CeTr: 0.9550671577453613, CeVa: 1.5302302837371826
Epoch: 79, AccTr: 0.8877999782562256, AccVa: 0.8634999990463257, CeTr: 1.0085058212280273, CeVa: 1.621816873550415
Epoch: 80, AccTr: 0.8944000005722046, AccVa: 0.8644999861717224, CeTr: 0.981720507144928, CeVa: 1.6011213064193726
ENSEMBLE | Tr_Acc: 0.9672999978065491, Tr_CE: 0.20340749621391296, Va_Acc: 0.9340000152587891, Va_CE: 0.7059546709060669
Epoch: 81, AccTr: 0.8910999894142151, AccVa: 0.8690000176429749, CeTr: 1.0013035535812378, CeVa: 1.5029314756393433
Epoch: 82, AccTr: 0.8952999711036682, AccVa: 0.8600000143051147, CeTr: 0.9384356737136841, CeVa: 1.693514347076416
Epoch: 83, AccTr: 0.8942000269889832, AccVa: 0.8525000214576721, CeTr: 0.9619411826133728, CeVa: 1.7233531475067139
Epoch: 84, AccTr: 0.8971999883651733, AccVa: 0.862500011920929, CeTr: 0.920577347278595, CeVa: 1.7276102304458618
Epoch: 85, AccTr: 0.9025999903678894, AccVa: 0.8669999837875366, CeTr: 0.9164863228797913, CeVa: 1.6831728219985962
ENSEMBLE | Tr_Acc: 0.9666000008583069, Tr_CE: 0.201919823884964, Va_Acc: 0.9319999814033508, Va_CE: 0.7049369215965271
Epoch: 86, AccTr: 0.8910999894142151, AccVa: 0.8600000143051147, CeTr: 0.9168747067451477, CeVa: 1.6950651407241821
Epoch: 87, AccTr: 0.8953999876976013, AccVa: 0.8610000014305115, CeTr: 0.9177700877189636, CeVa: 1.7790675163269043
Epoch: 88, AccTr: 0.8942000269889832, AccVa: 0.8429999947547913, CeTr: 0.9313738346099854, CeVa: 1.7228728532791138
Epoch: 89, AccTr: 0.8910999894142151, AccVa: 0.8684999942779541, CeTr: 0.9599918723106384, CeVa: 1.5705112218856812
Epoch: 90, AccTr: 0.8981999754905701, AccVa: 0.859000027179718, CeTr: 0.9061762690544128, CeVa: 1.5429021120071411
ENSEMBLE | Tr_Acc: 0.9664999842643738, Tr_CE: 0.19839411973953247, Va_Acc: 0.9325000047683716, Va_CE: 0.6958367824554443
Epoch: 91, AccTr: 0.8942000269889832, AccVa: 0.8684999942779541, CeTr: 0.9112816452980042, CeVa: 1.53255295753479
Epoch: 92, AccTr: 0.8913000226020813, AccVa: 0.8510000109672546, CeTr: 0.9905152320861816, CeVa: 1.6962518692016602
Epoch: 93, AccTr: 0.8906999826431274, AccVa: 0.8489999771118164, CeTr: 0.9643760919570923, CeVa: 1.8068374395370483
Epoch: 94, AccTr: 0.8921999931335449, AccVa: 0.8600000143051147, CeTr: 0.9687342047691345, CeVa: 1.6856653690338135
Epoch: 95, AccTr: 0.8952000141143799, AccVa: 0.8519999980926514, CeTr: 0.9215704798698425, CeVa: 1.719986081123352
ENSEMBLE | Tr_Acc: 0.9675999879837036, Tr_CE: 0.19625966250896454, Va_Acc: 0.9330000281333923, Va_CE: 0.6910129189491272
Epoch: 96, AccTr: 0.8978000283241272, AccVa: 0.8665000200271606, CeTr: 0.9326841831207275, CeVa: 1.5745455026626587
Epoch: 97, AccTr: 0.8956999778747559, AccVa: 0.8734999895095825, CeTr: 0.8982204794883728, CeVa: 1.4259757995605469
Epoch: 98, AccTr: 0.8924999833106995, AccVa: 0.8575000166893005, CeTr: 0.9964274168014526, CeVa: 1.4831223487854004
Epoch: 99, AccTr: 0.8896999955177307, AccVa: 0.8659999966621399, CeTr: 0.9931198954582214, CeVa: 1.3622915744781494
Epoch: 100, AccTr: 0.8885999917984009, AccVa: 0.8634999990463257, CeTr: 0.9785722494125366, CeVa: 1.4969103336334229
ENSEMBLE | Tr_Acc: 0.9674999713897705, Tr_CE: 0.19482587277889252, Va_Acc: 0.9325000047683716, Va_CE: 0.6823877096176147
NN CONFIG
Weight-type:		binary
Layout									Layer #1: 280	Layer #2: 200	
Activation Functions					Layer #1: bs	Layer #2: bs	
Keep probabilities		Layer #0: 1.0	Layer #1: 1.0	Layer #2: 1.0	
Flat factors							Layer #1: 1.0	Layer #2: 1.0	Layer #3: 1.0	
Activation Noise						Layer #1: 0.30000000000000004	Layer #2: 0.30000000000000004	Layer #3: 0.0	
Prior: 0.7

===================================

RUN CONFIG
Epochs: 100, Blocksize: 8

===================================

Input binarization: False
Epoch: 1, AccTr: 0.9114000201225281, AccVa: 0.8725000023841858, CeTr: 0.7629293203353882, CeVa: 1.7086063623428345
Epoch: 2, AccTr: 0.9142000079154968, AccVa: 0.862500011920929, CeTr: 0.6933274865150452, CeVa: 1.6053870916366577
Epoch: 3, AccTr: 0.9121000170707703, AccVa: 0.8715000152587891, CeTr: 0.7187927961349487, CeVa: 1.6003552675247192
Epoch: 4, AccTr: 0.9085999727249146, AccVa: 0.8675000071525574, CeTr: 0.7711995244026184, CeVa: 1.6360360383987427
Epoch: 5, AccTr: 0.9153000116348267, AccVa: 0.8604999780654907, CeTr: 0.723138689994812, CeVa: 1.6296905279159546
Epoch: 6, AccTr: 0.9057000279426575, AccVa: 0.8604999780654907, CeTr: 0.7904108166694641, CeVa: 1.663633108139038
Epoch: 7, AccTr: 0.9057000279426575, AccVa: 0.8610000014305115, CeTr: 0.8432314395904541, CeVa: 1.679004192352295
Epoch: 8, AccTr: 0.8999000191688538, AccVa: 0.8615000247955322, CeTr: 0.8651018738746643, CeVa: 1.5852447748184204
Epoch: 9, AccTr: 0.9056000113487244, AccVa: 0.8705000281333923, CeTr: 0.8440404534339905, CeVa: 1.6493782997131348
Epoch: 10, AccTr: 0.9036999940872192, AccVa: 0.8489999771118164, CeTr: 0.9018048048019409, CeVa: 1.7880027294158936
Epoch: 11, AccTr: 0.8991000056266785, AccVa: 0.8600000143051147, CeTr: 0.9056457281112671, CeVa: 1.6774604320526123
Epoch: 12, AccTr: 0.9021999835968018, AccVa: 0.8604999780654907, CeTr: 0.8505346775054932, CeVa: 1.7373781204223633
Epoch: 13, AccTr: 0.9077000021934509, AccVa: 0.8585000038146973, CeTr: 0.8453608155250549, CeVa: 1.6281503438949585
Epoch: 14, AccTr: 0.9013000130653381, AccVa: 0.8694999814033508, CeTr: 0.9352766871452332, CeVa: 1.5084342956542969
Epoch: 15, AccTr: 0.8939999938011169, AccVa: 0.8675000071525574, CeTr: 0.9380319118499756, CeVa: 1.5502607822418213
Epoch: 16, AccTr: 0.9053000211715698, AccVa: 0.8560000061988831, CeTr: 0.8977144360542297, CeVa: 1.7903028726577759
Epoch: 17, AccTr: 0.9089000225067139, AccVa: 0.8690000176429749, CeTr: 0.8187116980552673, CeVa: 1.7315136194229126
Epoch: 18, AccTr: 0.9028000235557556, AccVa: 0.8629999756813049, CeTr: 0.9034306406974792, CeVa: 1.7413837909698486
Epoch: 19, AccTr: 0.9000999927520752, AccVa: 0.8694999814033508, CeTr: 0.8913132548332214, CeVa: 1.7436076402664185
Epoch: 20, AccTr: 0.9003000259399414, AccVa: 0.8585000038146973, CeTr: 0.8889241218566895, CeVa: 1.821241021156311
Epoch: 21, AccTr: 0.9035000205039978, AccVa: 0.8640000224113464, CeTr: 0.9020242094993591, CeVa: 1.713758945465088
Epoch: 22, AccTr: 0.8996999859809875, AccVa: 0.8619999885559082, CeTr: 0.9134464859962463, CeVa: 1.6870641708374023
Epoch: 23, AccTr: 0.897599995136261, AccVa: 0.8730000257492065, CeTr: 0.9295223355293274, CeVa: 1.7149357795715332
Epoch: 24, AccTr: 0.8999999761581421, AccVa: 0.8579999804496765, CeTr: 0.9540607333183289, CeVa: 1.8769887685775757
Epoch: 25, AccTr: 0.8999999761581421, AccVa: 0.8615000247955322, CeTr: 0.9289376735687256, CeVa: 1.8356598615646362
Epoch: 26, AccTr: 0.8968999981880188, AccVa: 0.8569999933242798, CeTr: 0.8909465074539185, CeVa: 1.7972110509872437
Epoch: 27, AccTr: 0.9014999866485596, AccVa: 0.8575000166893005, CeTr: 0.9271895289421082, CeVa: 1.879891037940979
Epoch: 28, AccTr: 0.8991000056266785, AccVa: 0.8565000295639038, CeTr: 0.937648355960846, CeVa: 1.7730791568756104
Epoch: 29, AccTr: 0.8998000025749207, AccVa: 0.8519999980926514, CeTr: 0.9484096765518188, CeVa: 1.844137191772461
Epoch: 30, AccTr: 0.8984000086784363, AccVa: 0.8610000014305115, CeTr: 0.9591941237449646, CeVa: 1.6705844402313232
ENSEMBLE | Tr_Acc: 0.8984000086784363, Tr_CE: 0.9591941237449646, Va_Acc: 0.8610000014305115, Va_CE: 1.6705844402313232
Epoch: 31, AccTr: 0.8960000276565552, AccVa: 0.8539999723434448, CeTr: 1.0250139236450195, CeVa: 1.7140061855316162
Epoch: 32, AccTr: 0.8991000056266785, AccVa: 0.8525000214576721, CeTr: 0.924071192741394, CeVa: 1.7824138402938843
Epoch: 33, AccTr: 0.9013000130653381, AccVa: 0.8690000176429749, CeTr: 0.9011764526367188, CeVa: 1.6084837913513184
Epoch: 34, AccTr: 0.8924999833106995, AccVa: 0.8604999780654907, CeTr: 0.9582225680351257, CeVa: 1.694081425666809
Epoch: 35, AccTr: 0.8944000005722046, AccVa: 0.8604999780654907, CeTr: 0.9819905161857605, CeVa: 1.6950873136520386
ENSEMBLE | Tr_Acc: 0.9351000189781189, Tr_CE: 0.5138643980026245, Va_Acc: 0.8939999938011169, Va_CE: 1.1802828311920166
Epoch: 36, AccTr: 0.8942000269889832, AccVa: 0.8644999861717224, CeTr: 1.0423526763916016, CeVa: 1.7304826974868774
Epoch: 37, AccTr: 0.8988999724388123, AccVa: 0.8700000047683716, CeTr: 0.9757392406463623, CeVa: 1.651257038116455
Epoch: 38, AccTr: 0.9023000001907349, AccVa: 0.859000027179718, CeTr: 0.9407873153686523, CeVa: 1.7686717510223389
Epoch: 39, AccTr: 0.8970000147819519, AccVa: 0.8585000038146973, CeTr: 0.9494130611419678, CeVa: 1.725743055343628
Epoch: 40, AccTr: 0.8968999981880188, AccVa: 0.8514999747276306, CeTr: 0.9576532244682312, CeVa: 1.7756320238113403
ENSEMBLE | Tr_Acc: 0.949400007724762, Tr_CE: 0.37413525581359863, Va_Acc: 0.9054999947547913, Va_CE: 0.9977577328681946
Epoch: 41, AccTr: 0.8986999988555908, AccVa: 0.8634999990463257, CeTr: 0.9622423648834229, CeVa: 1.7001879215240479
Epoch: 42, AccTr: 0.8996000289916992, AccVa: 0.8535000085830688, CeTr: 0.923672080039978, CeVa: 1.912277102470398
Epoch: 43, AccTr: 0.896399974822998, AccVa: 0.859499990940094, CeTr: 0.9995042681694031, CeVa: 1.7777373790740967
Epoch: 44, AccTr: 0.895799994468689, AccVa: 0.8615000247955322, CeTr: 1.0019404888153076, CeVa: 1.8108378648757935
Epoch: 45, AccTr: 0.8982999920845032, AccVa: 0.8529999852180481, CeTr: 0.9554541110992432, CeVa: 1.9184471368789673
ENSEMBLE | Tr_Acc: 0.9538999795913696, Tr_CE: 0.3110492527484894, Va_Acc: 0.9125000238418579, Va_CE: 0.9654343128204346
Epoch: 46, AccTr: 0.8956000208854675, AccVa: 0.8604999780654907, CeTr: 0.976349413394928, CeVa: 1.8662495613098145
Epoch: 47, AccTr: 0.8912000060081482, AccVa: 0.8579999804496765, CeTr: 1.0028632879257202, CeVa: 1.8052018880844116
Epoch: 48, AccTr: 0.8928999900817871, AccVa: 0.8579999804496765, CeTr: 0.9899371266365051, CeVa: 1.759628415107727
Epoch: 49, AccTr: 0.8931999802589417, AccVa: 0.8569999933242798, CeTr: 1.0183508396148682, CeVa: 1.816555380821228
Epoch: 50, AccTr: 0.8917999863624573, AccVa: 0.8634999990463257, CeTr: 1.0305941104888916, CeVa: 1.7302924394607544
ENSEMBLE | Tr_Acc: 0.9562000036239624, Tr_CE: 0.27909183502197266, Va_Acc: 0.9179999828338623, Va_CE: 0.8938627243041992
Epoch: 51, AccTr: 0.9009000062942505, AccVa: 0.8654999732971191, CeTr: 0.9109563231468201, CeVa: 1.7169785499572754
Epoch: 52, AccTr: 0.8956999778747559, AccVa: 0.8650000095367432, CeTr: 0.9512978792190552, CeVa: 1.5806729793548584
Epoch: 53, AccTr: 0.9043999910354614, AccVa: 0.8654999732971191, CeTr: 0.9438982605934143, CeVa: 1.49965238571167
Epoch: 54, AccTr: 0.8934000134468079, AccVa: 0.8644999861717224, CeTr: 1.0155761241912842, CeVa: 1.653652548789978
Epoch: 55, AccTr: 0.8903999924659729, AccVa: 0.8619999885559082, CeTr: 1.0437430143356323, CeVa: 1.668886423110962
ENSEMBLE | Tr_Acc: 0.9567000269889832, Tr_CE: 0.2686554193496704, Va_Acc: 0.9235000014305115, Va_CE: 0.8387069702148438
Epoch: 56, AccTr: 0.8971999883651733, AccVa: 0.8569999933242798, CeTr: 0.9723686575889587, CeVa: 1.708267331123352
Epoch: 57, AccTr: 0.8966000080108643, AccVa: 0.8684999942779541, CeTr: 1.0192666053771973, CeVa: 1.6596856117248535
Epoch: 58, AccTr: 0.8967999815940857, AccVa: 0.8640000224113464, CeTr: 0.9662309288978577, CeVa: 1.5832970142364502
Epoch: 59, AccTr: 0.8891000151634216, AccVa: 0.862500011920929, CeTr: 0.9882932901382446, CeVa: 1.6796796321868896
Epoch: 60, AccTr: 0.8974999785423279, AccVa: 0.8640000224113464, CeTr: 0.9945810437202454, CeVa: 1.7296477556228638
ENSEMBLE | Tr_Acc: 0.9588000178337097, Tr_CE: 0.2552117109298706, Va_Acc: 0.9244999885559082, Va_CE: 0.8106794357299805
Epoch: 61, AccTr: 0.892300009727478, AccVa: 0.8644999861717224, CeTr: 1.0813275575637817, CeVa: 1.5633857250213623
