WARNING:tensorflow:From ../src/tools.py:42: softmax_cross_entropy_with_logits (from tensorflow.python.ops.nn_ops) is deprecated and will be removed in a future version.
Instructions for updating:

Future major versions of TensorFlow will allow gradients to flow
into the labels input on backprop by default.

See tf.nn.softmax_cross_entropy_with_logits_v2.

2018-08-01 17:35:12.471600: I tensorflow/core/platform/cpu_feature_guard.cc:137] Your CPU supports instructions that this TensorFlow binary was not compiled to use: SSE4.1 SSE4.2 AVX
2018-08-01 17:35:12.648521: I tensorflow/core/common_runtime/gpu/gpu_device.cc:1105] Found device 0 with properties: 
name: GeForce GTX 960 major: 5 minor: 2 memoryClockRate(GHz): 1.2405
pciBusID: 0000:07:00.0
totalMemory: 3.95GiB freeMemory: 3.85GiB
2018-08-01 17:35:12.648755: I tensorflow/core/common_runtime/gpu/gpu_device.cc:1195] Creating TensorFlow device (/device:GPU:0) -> (device: 0, name: GeForce GTX 960, pci bus id: 0000:07:00.0, compute capability: 5.2)
WARNING:tensorflow:From ../src/fc_layer.py:142: calling reduce_max (from tensorflow.python.ops.math_ops) with keep_dims is deprecated and will be removed in a future version.
Instructions for updating:
keep_dims is deprecated, use keepdims instead
WARNING:tensorflow:From ../src/fc_layer.py:143: calling reduce_sum (from tensorflow.python.ops.math_ops) with keep_dims is deprecated and will be removed in a future version.
Instructions for updating:
keep_dims is deprecated, use keepdims instead
2018-08-01 17:35:18.240391: I tensorflow/core/common_runtime/gpu/gpu_device.cc:1195] Creating TensorFlow device (/device:GPU:0) -> (device: 0, name: GeForce GTX 960, pci bus id: 0000:07:00.0, compute capability: 5.2)
WARNING:tensorflow:From ../src/fc_layer.py:302: calling reduce_mean (from tensorflow.python.ops.math_ops) with keep_dims is deprecated and will be removed in a future version.
Instructions for updating:
keep_dims is deprecated, use keepdims instead
2018-08-01 17:35:55.473452: I tensorflow/core/common_runtime/gpu/gpu_device.cc:1195] Creating TensorFlow device (/device:GPU:0) -> (device: 0, name: GeForce GTX 960, pci bus id: 0000:07:00.0, compute capability: 5.2)
2018-08-01 17:39:22.132942: I tensorflow/core/common_runtime/gpu/gpu_device.cc:1195] Creating TensorFlow device (/device:GPU:0) -> (device: 0, name: GeForce GTX 960, pci bus id: 0000:07:00.0, compute capability: 5.2)
2018-08-01 17:39:23.597356: I tensorflow/core/common_runtime/gpu/gpu_device.cc:1195] Creating TensorFlow device (/device:GPU:0) -> (device: 0, name: GeForce GTX 960, pci bus id: 0000:07:00.0, compute capability: 5.2)
2018-08-01 17:40:01.920147: I tensorflow/core/common_runtime/gpu/gpu_device.cc:1195] Creating TensorFlow device (/device:GPU:0) -> (device: 0, name: GeForce GTX 960, pci bus id: 0000:07:00.0, compute capability: 5.2)
2018-08-01 17:43:21.788840: I tensorflow/core/common_runtime/gpu/gpu_device.cc:1195] Creating TensorFlow device (/device:GPU:0) -> (device: 0, name: GeForce GTX 960, pci bus id: 0000:07:00.0, compute capability: 5.2)
2018-08-01 17:43:23.356432: I tensorflow/core/common_runtime/gpu/gpu_device.cc:1195] Creating TensorFlow device (/device:GPU:0) -> (device: 0, name: GeForce GTX 960, pci bus id: 0000:07:00.0, compute capability: 5.2)
2018-08-01 17:44:02.264915: I tensorflow/core/common_runtime/gpu/gpu_device.cc:1195] Creating TensorFlow device (/device:GPU:0) -> (device: 0, name: GeForce GTX 960, pci bus id: 0000:07:00.0, compute capability: 5.2)
2018-08-01 17:47:25.176693: I tensorflow/core/common_runtime/gpu/gpu_device.cc:1195] Creating TensorFlow device (/device:GPU:0) -> (device: 0, name: GeForce GTX 960, pci bus id: 0000:07:00.0, compute capability: 5.2)
2018-08-01 17:47:26.777289: I tensorflow/core/common_runtime/gpu/gpu_device.cc:1195] Creating TensorFlow device (/device:GPU:0) -> (device: 0, name: GeForce GTX 960, pci bus id: 0000:07:00.0, compute capability: 5.2)
2018-08-01 17:48:04.864424: I tensorflow/core/common_runtime/gpu/gpu_device.cc:1195] Creating TensorFlow device (/device:GPU:0) -> (device: 0, name: GeForce GTX 960, pci bus id: 0000:07:00.0, compute capability: 5.2)
2018-08-01 17:51:28.186300: I tensorflow/core/common_runtime/gpu/gpu_device.cc:1195] Creating TensorFlow device (/device:GPU:0) -> (device: 0, name: GeForce GTX 960, pci bus id: 0000:07:00.0, compute capability: 5.2)
2018-08-01 17:51:29.528340: I tensorflow/core/common_runtime/gpu/gpu_device.cc:1195] Creating TensorFlow device (/device:GPU:0) -> (device: 0, name: GeForce GTX 960, pci bus id: 0000:07:00.0, compute capability: 5.2)
2018-08-01 17:52:07.948849: I tensorflow/core/common_runtime/gpu/gpu_device.cc:1195] Creating TensorFlow device (/device:GPU:0) -> (device: 0, name: GeForce GTX 960, pci bus id: 0000:07:00.0, compute capability: 5.2)
2018-08-01 17:55:44.535367: I tensorflow/core/common_runtime/gpu/gpu_device.cc:1195] Creating TensorFlow device (/device:GPU:0) -> (device: 0, name: GeForce GTX 960, pci bus id: 0000:07:00.0, compute capability: 5.2)
2018-08-01 17:55:45.851332: I tensorflow/core/common_runtime/gpu/gpu_device.cc:1195] Creating TensorFlow device (/device:GPU:0) -> (device: 0, name: GeForce GTX 960, pci bus id: 0000:07:00.0, compute capability: 5.2)
2018-08-01 17:56:24.367130: I tensorflow/core/common_runtime/gpu/gpu_device.cc:1195] Creating TensorFlow device (/device:GPU:0) -> (device: 0, name: GeForce GTX 960, pci bus id: 0000:07:00.0, compute capability: 5.2)
2018-08-01 17:59:54.511752: I tensorflow/core/common_runtime/gpu/gpu_device.cc:1195] Creating TensorFlow device (/device:GPU:0) -> (device: 0, name: GeForce GTX 960, pci bus id: 0000:07:00.0, compute capability: 5.2)
2018-08-01 17:59:56.110723: I tensorflow/core/common_runtime/gpu/gpu_device.cc:1195] Creating TensorFlow device (/device:GPU:0) -> (device: 0, name: GeForce GTX 960, pci bus id: 0000:07:00.0, compute capability: 5.2)
2018-08-01 18:00:34.328550: I tensorflow/core/common_runtime/gpu/gpu_device.cc:1195] Creating TensorFlow device (/device:GPU:0) -> (device: 0, name: GeForce GTX 960, pci bus id: 0000:07:00.0, compute capability: 5.2)
2018-08-01 18:04:01.300640: I tensorflow/core/common_runtime/gpu/gpu_device.cc:1195] Creating TensorFlow device (/device:GPU:0) -> (device: 0, name: GeForce GTX 960, pci bus id: 0000:07:00.0, compute capability: 5.2)
2018-08-01 18:04:02.407252: I tensorflow/core/common_runtime/gpu/gpu_device.cc:1195] Creating TensorFlow device (/device:GPU:0) -> (device: 0, name: GeForce GTX 960, pci bus id: 0000:07:00.0, compute capability: 5.2)
2018-08-01 18:04:40.311829: I tensorflow/core/common_runtime/gpu/gpu_device.cc:1195] Creating TensorFlow device (/device:GPU:0) -> (device: 0, name: GeForce GTX 960, pci bus id: 0000:07:00.0, compute capability: 5.2)
