NN CONFIG
Weight-type:		ternary
Layout									Layer #1: 280	Layer #2: 200	
Activation Functions					Layer #1: bs	Layer #2: bs	
Keep probabilities		Layer #0: 0.99	Layer #1: 0.98	Layer #2: 0.98	
Flat factors							Layer #1: 1.0	Layer #2: 1.0	Layer #3: 1.0	
Activation Noise						Layer #1: 0.1	Layer #2: 0.1	Layer #3: 0.0	

===================================

RUN CONFIG
Epochs: 150, Blocksize: 4

===================================

Epoch: 1, AccTr: 0.8748000264167786, AccVa: 0.8274999856948853, CeTr: 0.44725653529167175, CeVa: 0.7285643219947815
Epoch: 2, AccTr: 0.8557999730110168, AccVa: 0.8240000009536743, CeTr: 0.5393211245536804, CeVa: 0.7399480938911438
Epoch: 3, AccTr: 0.8575000166893005, AccVa: 0.8174999952316284, CeTr: 0.4922890067100525, CeVa: 0.7357136011123657
Epoch: 4, AccTr: 0.8090999722480774, AccVa: 0.8109999895095825, CeTr: 0.7264535427093506, CeVa: 0.7984785437583923
Epoch: 5, AccTr: 0.8589000105857849, AccVa: 0.8065000176429749, CeTr: 0.5102606415748596, CeVa: 0.7799834609031677
Epoch: 6, AccTr: 0.8597999811172485, AccVa: 0.8069999814033508, CeTr: 0.5041000247001648, CeVa: 0.7831341028213501
Epoch: 7, AccTr: 0.8569999933242798, AccVa: 0.8140000104904175, CeTr: 0.5083541870117188, CeVa: 0.7755484580993652
Epoch: 8, AccTr: 0.8574000000953674, AccVa: 0.8009999990463257, CeTr: 0.5097004175186157, CeVa: 0.8184133172035217
Epoch: 9, AccTr: 0.8575999736785889, AccVa: 0.8119999766349792, CeTr: 0.532636821269989, CeVa: 0.8290838599205017
Epoch: 10, AccTr: 0.858299970626831, AccVa: 0.8270000219345093, CeTr: 0.5149388909339905, CeVa: 0.7859126329421997
Epoch: 11, AccTr: 0.866599977016449, AccVa: 0.8230000138282776, CeTr: 0.4906579554080963, CeVa: 0.8076023459434509
Epoch: 12, AccTr: 0.863099992275238, AccVa: 0.8169999718666077, CeTr: 0.4771708846092224, CeVa: 0.7749825119972229
Epoch: 13, AccTr: 0.8657000064849854, AccVa: 0.8174999952316284, CeTr: 0.46750858426094055, CeVa: 0.8171404004096985
Epoch: 14, AccTr: 0.8641999959945679, AccVa: 0.8190000057220459, CeTr: 0.4901813566684723, CeVa: 0.7708221077919006
Epoch: 15, AccTr: 0.8615999817848206, AccVa: 0.8169999718666077, CeTr: 0.5125857591629028, CeVa: 0.7694460153579712
Epoch: 16, AccTr: 0.8683000206947327, AccVa: 0.828499972820282, CeTr: 0.4643869996070862, CeVa: 0.7303204536437988
Epoch: 17, AccTr: 0.8658999800682068, AccVa: 0.8224999904632568, CeTr: 0.4749543070793152, CeVa: 0.7388718128204346
Epoch: 18, AccTr: 0.8666999936103821, AccVa: 0.8274999856948853, CeTr: 0.4682648479938507, CeVa: 0.7041003704071045
Epoch: 19, AccTr: 0.8551999926567078, AccVa: 0.828000009059906, CeTr: 0.537254810333252, CeVa: 0.7721148133277893
Epoch: 20, AccTr: 0.8640999794006348, AccVa: 0.8184999823570251, CeTr: 0.474582314491272, CeVa: 0.7735481858253479
Epoch: 21, AccTr: 0.8675000071525574, AccVa: 0.8230000138282776, CeTr: 0.4754399061203003, CeVa: 0.7571624517440796
Epoch: 22, AccTr: 0.8567000031471252, AccVa: 0.809499979019165, CeTr: 0.5256384611129761, CeVa: 0.788605809211731
Epoch: 23, AccTr: 0.8622999787330627, AccVa: 0.8199999928474426, CeTr: 0.5176070332527161, CeVa: 0.7816973924636841
Epoch: 24, AccTr: 0.8614000082015991, AccVa: 0.8230000138282776, CeTr: 0.5218561291694641, CeVa: 0.7425132393836975
Epoch: 25, AccTr: 0.8701000213623047, AccVa: 0.8255000114440918, CeTr: 0.46772196888923645, CeVa: 0.7041414380073547
Epoch: 26, AccTr: 0.8644000291824341, AccVa: 0.8259999752044678, CeTr: 0.482648640871048, CeVa: 0.7401621341705322
Epoch: 27, AccTr: 0.8582000136375427, AccVa: 0.828000009059906, CeTr: 0.537795901298523, CeVa: 0.7431125044822693
Epoch: 28, AccTr: 0.8704000115394592, AccVa: 0.8174999952316284, CeTr: 0.4819450080394745, CeVa: 0.7703275084495544
Epoch: 29, AccTr: 0.8708000183105469, AccVa: 0.828000009059906, CeTr: 0.4649745523929596, CeVa: 0.7372088432312012
Epoch: 30, AccTr: 0.8794000148773193, AccVa: 0.8180000185966492, CeTr: 0.42986446619033813, CeVa: 0.8132933378219604
ENSEMBLE | Tr_Acc: 0.8794000148773193, Tr_CE: 0.42986446619033813, Va_Acc: 0.8180000185966492, Va_CE: 0.8132933378219604
Epoch: 31, AccTr: 0.8485000133514404, AccVa: 0.8115000128746033, CeTr: 0.5592936277389526, CeVa: 0.8439962267875671
Epoch: 32, AccTr: 0.8618999719619751, AccVa: 0.8050000071525574, CeTr: 0.5326007008552551, CeVa: 0.8791556358337402
Epoch: 33, AccTr: 0.8632000088691711, AccVa: 0.8224999904632568, CeTr: 0.5294082760810852, CeVa: 0.7901431918144226
Epoch: 34, AccTr: 0.8644999861717224, AccVa: 0.8174999952316284, CeTr: 0.49231821298599243, CeVa: 0.8336225152015686
Epoch: 35, AccTr: 0.8677999973297119, AccVa: 0.8270000219345093, CeTr: 0.468747615814209, CeVa: 0.7665835618972778
ENSEMBLE | Tr_Acc: 0.9230999946594238, Tr_CE: 0.24579071998596191, Va_Acc: 0.8725000023841858, Va_CE: 0.5261427760124207
Epoch: 36, AccTr: 0.8639000058174133, AccVa: 0.8314999938011169, CeTr: 0.4981801211833954, CeVa: 0.7469311952590942
Epoch: 37, AccTr: 0.8776000142097473, AccVa: 0.8330000042915344, CeTr: 0.4571537673473358, CeVa: 0.7370371222496033
Epoch: 38, AccTr: 0.8629000186920166, AccVa: 0.8345000147819519, CeTr: 0.5361352562904358, CeVa: 0.7536579966545105
Epoch: 39, AccTr: 0.8708999752998352, AccVa: 0.8255000114440918, CeTr: 0.46677055954933167, CeVa: 0.8237932324409485
Epoch: 40, AccTr: 0.8628000020980835, AccVa: 0.8195000290870667, CeTr: 0.48001089692115784, CeVa: 0.8102285861968994
ENSEMBLE | Tr_Acc: 0.940500020980835, Tr_CE: 0.19490669667720795, Va_Acc: 0.8924999833106995, Va_CE: 0.4592582583427429
Epoch: 41, AccTr: 0.8740000128746033, AccVa: 0.8144999742507935, CeTr: 0.4474489390850067, CeVa: 0.7907727956771851
Epoch: 42, AccTr: 0.8765000104904175, AccVa: 0.840499997138977, CeTr: 0.46172070503234863, CeVa: 0.7278991937637329
Epoch: 43, AccTr: 0.8622999787330627, AccVa: 0.8355000019073486, CeTr: 0.493866890668869, CeVa: 0.6912866234779358
Epoch: 44, AccTr: 0.8733000159263611, AccVa: 0.8230000138282776, CeTr: 0.45652520656585693, CeVa: 0.7277840375900269
Epoch: 45, AccTr: 0.8622999787330627, AccVa: 0.8234999775886536, CeTr: 0.4996279180049896, CeVa: 0.7448005080223083
ENSEMBLE | Tr_Acc: 0.9458000063896179, Tr_CE: 0.1729816198348999, Va_Acc: 0.9049999713897705, Va_CE: 0.3987976908683777
Epoch: 46, AccTr: 0.8679999709129333, AccVa: 0.8174999952316284, CeTr: 0.5044336318969727, CeVa: 0.7828052043914795
Epoch: 47, AccTr: 0.8725000023841858, AccVa: 0.824999988079071, CeTr: 0.4742177128791809, CeVa: 0.7483071088790894
Epoch: 48, AccTr: 0.8571000099182129, AccVa: 0.8159999847412109, CeTr: 0.5046942234039307, CeVa: 0.7733200788497925
Epoch: 49, AccTr: 0.8654999732971191, AccVa: 0.8364999890327454, CeTr: 0.49334365129470825, CeVa: 0.6613746881484985
Epoch: 50, AccTr: 0.8747000098228455, AccVa: 0.8299999833106995, CeTr: 0.44500458240509033, CeVa: 0.6927640438079834
ENSEMBLE | Tr_Acc: 0.9523000121116638, Tr_CE: 0.1530788093805313, Va_Acc: 0.9104999899864197, Va_CE: 0.367880642414093
Epoch: 51, AccTr: 0.8636000156402588, AccVa: 0.828499972820282, CeTr: 0.5089648365974426, CeVa: 0.7012315988540649
Epoch: 52, AccTr: 0.8801000118255615, AccVa: 0.8240000009536743, CeTr: 0.423801451921463, CeVa: 0.7444731593132019
Epoch: 53, AccTr: 0.8650000095367432, AccVa: 0.8105000257492065, CeTr: 0.49984487891197205, CeVa: 0.756883442401886
Epoch: 54, AccTr: 0.8715000152587891, AccVa: 0.824999988079071, CeTr: 0.45949825644493103, CeVa: 0.7394883036613464
Epoch: 55, AccTr: 0.8729000091552734, AccVa: 0.8134999871253967, CeTr: 0.46929478645324707, CeVa: 0.7429618239402771
ENSEMBLE | Tr_Acc: 0.9539999961853027, Tr_CE: 0.14595183730125427, Va_Acc: 0.9150000214576721, Va_CE: 0.34789136052131653
Epoch: 56, AccTr: 0.8723999857902527, AccVa: 0.8234999775886536, CeTr: 0.43767860531806946, CeVa: 0.7830830216407776
Epoch: 57, AccTr: 0.8744999766349792, AccVa: 0.8090000152587891, CeTr: 0.4365212023258209, CeVa: 0.818271279335022
Epoch: 58, AccTr: 0.8725000023841858, AccVa: 0.828499972820282, CeTr: 0.46029824018478394, CeVa: 0.7383555173873901
Epoch: 59, AccTr: 0.8695999979972839, AccVa: 0.8274999856948853, CeTr: 0.45683443546295166, CeVa: 0.7639504671096802
Epoch: 60, AccTr: 0.8672000169754028, AccVa: 0.8320000171661377, CeTr: 0.4944555163383484, CeVa: 0.7239621877670288
ENSEMBLE | Tr_Acc: 0.9560999870300293, Tr_CE: 0.13992607593536377, Va_Acc: 0.9160000085830688, Va_CE: 0.3359561860561371
Epoch: 61, AccTr: 0.8716999888420105, AccVa: 0.8309999704360962, CeTr: 0.45984718203544617, CeVa: 0.7621510028839111
Epoch: 62, AccTr: 0.8730000257492065, AccVa: 0.8305000066757202, CeTr: 0.4639754891395569, CeVa: 0.7011723518371582
Epoch: 63, AccTr: 0.8648999929428101, AccVa: 0.8289999961853027, CeTr: 0.5040867328643799, CeVa: 0.7658878564834595
Epoch: 64, AccTr: 0.8795999884605408, AccVa: 0.8149999976158142, CeTr: 0.4156433641910553, CeVa: 0.7092254757881165
Epoch: 65, AccTr: 0.866599977016449, AccVa: 0.8209999799728394, CeTr: 0.48427504301071167, CeVa: 0.7244997024536133
ENSEMBLE | Tr_Acc: 0.9563000202178955, Tr_CE: 0.13680827617645264, Va_Acc: 0.9175000190734863, Va_CE: 0.32384514808654785
Epoch: 66, AccTr: 0.8712000250816345, AccVa: 0.8240000009536743, CeTr: 0.473788321018219, CeVa: 0.7448812127113342
Epoch: 67, AccTr: 0.8727999925613403, AccVa: 0.8360000252723694, CeTr: 0.46147096157073975, CeVa: 0.7469083666801453
Epoch: 68, AccTr: 0.8744000196456909, AccVa: 0.8195000290870667, CeTr: 0.4364401400089264, CeVa: 0.758137047290802
Epoch: 69, AccTr: 0.878600001335144, AccVa: 0.8245000243186951, CeTr: 0.4253672957420349, CeVa: 0.7415356636047363
Epoch: 70, AccTr: 0.8654000163078308, AccVa: 0.8205000162124634, CeTr: 0.5142266750335693, CeVa: 0.7705721259117126
ENSEMBLE | Tr_Acc: 0.9563000202178955, Tr_CE: 0.1342477798461914, Va_Acc: 0.9154999852180481, Va_CE: 0.32380759716033936
Epoch: 71, AccTr: 0.8693000078201294, AccVa: 0.8339999914169312, CeTr: 0.48150497674942017, CeVa: 0.7422983050346375
Epoch: 72, AccTr: 0.8729000091552734, AccVa: 0.8389999866485596, CeTr: 0.46286866068840027, CeVa: 0.7149394154548645
Epoch: 73, AccTr: 0.8640000224113464, AccVa: 0.8240000009536743, CeTr: 0.49508246779441833, CeVa: 0.7640271186828613
Epoch: 74, AccTr: 0.8690000176429749, AccVa: 0.824999988079071, CeTr: 0.4678812623023987, CeVa: 0.7301777005195618
Epoch: 75, AccTr: 0.8707000017166138, AccVa: 0.815500020980835, CeTr: 0.46577954292297363, CeVa: 0.7612163424491882
ENSEMBLE | Tr_Acc: 0.9587000012397766, Tr_CE: 0.13064774870872498, Va_Acc: 0.9179999828338623, Va_CE: 0.31955230236053467
Epoch: 76, AccTr: 0.8817999958992004, AccVa: 0.8255000114440918, CeTr: 0.4024426341056824, CeVa: 0.7925184965133667
Epoch: 77, AccTr: 0.8726999759674072, AccVa: 0.8324999809265137, CeTr: 0.45566079020500183, CeVa: 0.7763974666595459
Epoch: 78, AccTr: 0.8700000047683716, AccVa: 0.8355000019073486, CeTr: 0.4669526219367981, CeVa: 0.677306056022644
Epoch: 79, AccTr: 0.8615999817848206, AccVa: 0.8144999742507935, CeTr: 0.4852675199508667, CeVa: 0.7997289896011353
Epoch: 80, AccTr: 0.8809999823570251, AccVa: 0.8360000252723694, CeTr: 0.4349110722541809, CeVa: 0.7459580898284912
ENSEMBLE | Tr_Acc: 0.9607999920845032, Tr_CE: 0.1255827248096466, Va_Acc: 0.9200000166893005, Va_CE: 0.3110101819038391
Epoch: 81, AccTr: 0.863099992275238, AccVa: 0.8255000114440918, CeTr: 0.47111576795578003, CeVa: 0.7982948422431946
Epoch: 82, AccTr: 0.8747000098228455, AccVa: 0.8264999985694885, CeTr: 0.4471098780632019, CeVa: 0.7376934885978699
Epoch: 83, AccTr: 0.8747000098228455, AccVa: 0.8289999961853027, CeTr: 0.44779568910598755, CeVa: 0.7346892356872559
Epoch: 84, AccTr: 0.8718000054359436, AccVa: 0.8314999938011169, CeTr: 0.45388495922088623, CeVa: 0.7526627779006958
Epoch: 85, AccTr: 0.8751999735832214, AccVa: 0.8115000128746033, CeTr: 0.462276816368103, CeVa: 0.8077205419540405
ENSEMBLE | Tr_Acc: 0.9621000289916992, Tr_CE: 0.12346198409795761, Va_Acc: 0.9210000038146973, Va_CE: 0.30874741077423096
Epoch: 86, AccTr: 0.8745999932289124, AccVa: 0.8274999856948853, CeTr: 0.45718780159950256, CeVa: 0.7542087435722351
Epoch: 87, AccTr: 0.8698999881744385, AccVa: 0.8195000290870667, CeTr: 0.4630742073059082, CeVa: 0.8170946836471558
Epoch: 88, AccTr: 0.8743000030517578, AccVa: 0.8295000195503235, CeTr: 0.4354752004146576, CeVa: 0.7476822733879089
Epoch: 89, AccTr: 0.8792999982833862, AccVa: 0.8234999775886536, CeTr: 0.4206010699272156, CeVa: 0.7679262757301331
Epoch: 90, AccTr: 0.8727999925613403, AccVa: 0.8324999809265137, CeTr: 0.46549534797668457, CeVa: 0.7282414436340332
ENSEMBLE | Tr_Acc: 0.9629999995231628, Tr_CE: 0.121348537504673, Va_Acc: 0.9200000166893005, Va_CE: 0.3067861497402191
Epoch: 91, AccTr: 0.8762999773025513, AccVa: 0.8355000019073486, CeTr: 0.4470365345478058, CeVa: 0.7181804180145264
Epoch: 92, AccTr: 0.866599977016449, AccVa: 0.8215000033378601, CeTr: 0.4519726634025574, CeVa: 0.807206928730011
Epoch: 93, AccTr: 0.8607000112533569, AccVa: 0.8144999742507935, CeTr: 0.5087130069732666, CeVa: 0.7981805205345154
Epoch: 94, AccTr: 0.869700014591217, AccVa: 0.8320000171661377, CeTr: 0.48017236590385437, CeVa: 0.7491380572319031
Epoch: 95, AccTr: 0.8737999796867371, AccVa: 0.8299999833106995, CeTr: 0.45825135707855225, CeVa: 0.7136052846908569
ENSEMBLE | Tr_Acc: 0.9642999768257141, Tr_CE: 0.1171000748872757, Va_Acc: 0.9229999780654907, Va_CE: 0.3001227378845215
Epoch: 96, AccTr: 0.8766000270843506, AccVa: 0.8355000019073486, CeTr: 0.4273967742919922, CeVa: 0.7378379106521606
Epoch: 97, AccTr: 0.8752999901771545, AccVa: 0.8424999713897705, CeTr: 0.4379498064517975, CeVa: 0.6816739439964294
Epoch: 98, AccTr: 0.8727999925613403, AccVa: 0.8360000252723694, CeTr: 0.4258189797401428, CeVa: 0.7181262373924255
Epoch: 99, AccTr: 0.8695999979972839, AccVa: 0.8220000267028809, CeTr: 0.4769333600997925, CeVa: 0.7707039713859558
Epoch: 100, AccTr: 0.8755000233650208, AccVa: 0.8195000290870667, CeTr: 0.4478243291378021, CeVa: 0.779179573059082
ENSEMBLE | Tr_Acc: 0.9649999737739563, Tr_CE: 0.11460591107606888, Va_Acc: 0.9235000014305115, Va_CE: 0.29876458644866943
Epoch: 101, AccTr: 0.8719000220298767, AccVa: 0.8259999752044678, CeTr: 0.46261611580848694, CeVa: 0.7483152151107788
Epoch: 102, AccTr: 0.8743000030517578, AccVa: 0.8399999737739563, CeTr: 0.4487976133823395, CeVa: 0.7562881112098694
Epoch: 103, AccTr: 0.8679999709129333, AccVa: 0.8134999871253967, CeTr: 0.4966694414615631, CeVa: 0.8467387557029724
Epoch: 104, AccTr: 0.8694999814033508, AccVa: 0.8259999752044678, CeTr: 0.46528536081314087, CeVa: 0.7727776169776917
Epoch: 105, AccTr: 0.8737000226974487, AccVa: 0.8199999928474426, CeTr: 0.49477076530456543, CeVa: 0.7426011562347412
ENSEMBLE | Tr_Acc: 0.9646999835968018, Tr_CE: 0.11326553672552109, Va_Acc: 0.9244999885559082, Va_CE: 0.29510998725891113
Epoch: 106, AccTr: 0.880299985408783, AccVa: 0.8289999961853027, CeTr: 0.41559702157974243, CeVa: 0.7086392641067505
Epoch: 107, AccTr: 0.8762000203132629, AccVa: 0.8299999833106995, CeTr: 0.4385266602039337, CeVa: 0.7081566452980042
Epoch: 108, AccTr: 0.8720999956130981, AccVa: 0.8270000219345093, CeTr: 0.4686119258403778, CeVa: 0.7428265810012817
Epoch: 109, AccTr: 0.8762999773025513, AccVa: 0.8299999833106995, CeTr: 0.4441225528717041, CeVa: 0.7128541469573975
Epoch: 110, AccTr: 0.8694000244140625, AccVa: 0.8295000195503235, CeTr: 0.49110469222068787, CeVa: 0.7437938451766968
ENSEMBLE | Tr_Acc: 0.965399980545044, Tr_CE: 0.11261563748121262, Va_Acc: 0.9254999756813049, Va_CE: 0.29171261191368103
Epoch: 111, AccTr: 0.8687999844551086, AccVa: 0.8209999799728394, CeTr: 0.4479542076587677, CeVa: 0.8164080381393433
Epoch: 112, AccTr: 0.864799976348877, AccVa: 0.8305000066757202, CeTr: 0.46820682287216187, CeVa: 0.7820596694946289
Epoch: 113, AccTr: 0.8684999942779541, AccVa: 0.8299999833106995, CeTr: 0.43423524498939514, CeVa: 0.7500481009483337
Epoch: 114, AccTr: 0.8603000044822693, AccVa: 0.8224999904632568, CeTr: 0.4965568482875824, CeVa: 0.7939883470535278
Epoch: 115, AccTr: 0.866100013256073, AccVa: 0.8220000267028809, CeTr: 0.489413321018219, CeVa: 0.8220475912094116
ENSEMBLE | Tr_Acc: 0.9653000235557556, Tr_CE: 0.11240090429782867, Va_Acc: 0.9244999885559082, Va_CE: 0.29285553097724915
Epoch: 116, AccTr: 0.8740000128746033, AccVa: 0.8414999842643738, CeTr: 0.4587123990058899, CeVa: 0.7422271966934204
Epoch: 117, AccTr: 0.8702999949455261, AccVa: 0.8184999823570251, CeTr: 0.4647338390350342, CeVa: 0.7903499603271484
Epoch: 118, AccTr: 0.8712000250816345, AccVa: 0.8220000267028809, CeTr: 0.49924278259277344, CeVa: 0.8364414572715759
Epoch: 119, AccTr: 0.8712000250816345, AccVa: 0.8149999976158142, CeTr: 0.47918954491615295, CeVa: 0.8225083947181702
Epoch: 120, AccTr: 0.8693000078201294, AccVa: 0.8159999847412109, CeTr: 0.4742194414138794, CeVa: 0.763638436794281
ENSEMBLE | Tr_Acc: 0.964900016784668, Tr_CE: 0.11203654855489731, Va_Acc: 0.9244999885559082, Va_CE: 0.2913040220737457
Epoch: 121, AccTr: 0.8810999989509583, AccVa: 0.8199999928474426, CeTr: 0.4122651219367981, CeVa: 0.7710171341896057
Epoch: 122, AccTr: 0.8689000010490417, AccVa: 0.8234999775886536, CeTr: 0.45897403359413147, CeVa: 0.8066024780273438
Epoch: 123, AccTr: 0.8730999827384949, AccVa: 0.8230000138282776, CeTr: 0.45832744240760803, CeVa: 0.7761096954345703
Epoch: 124, AccTr: 0.8744999766349792, AccVa: 0.824999988079071, CeTr: 0.49817442893981934, CeVa: 0.7607496976852417
Epoch: 125, AccTr: 0.8705999851226807, AccVa: 0.840499997138977, CeTr: 0.49084100127220154, CeVa: 0.7058126330375671
ENSEMBLE | Tr_Acc: 0.9646000266075134, Tr_CE: 0.11186830699443817, Va_Acc: 0.9244999885559082, Va_CE: 0.28991687297821045
Epoch: 126, AccTr: 0.8751999735832214, AccVa: 0.8224999904632568, CeTr: 0.44950059056282043, CeVa: 0.7521958947181702
Epoch: 127, AccTr: 0.870199978351593, AccVa: 0.8159999847412109, CeTr: 0.453263521194458, CeVa: 0.7544480562210083
Epoch: 128, AccTr: 0.8671000003814697, AccVa: 0.8220000267028809, CeTr: 0.4767594635486603, CeVa: 0.8060848712921143
Epoch: 129, AccTr: 0.8748999834060669, AccVa: 0.824999988079071, CeTr: 0.4257560670375824, CeVa: 0.7880136966705322
Epoch: 130, AccTr: 0.885200023651123, AccVa: 0.824999988079071, CeTr: 0.4267890751361847, CeVa: 0.7625566720962524
ENSEMBLE | Tr_Acc: 0.9649999737739563, Tr_CE: 0.11039452999830246, Va_Acc: 0.9259999990463257, Va_CE: 0.28856006264686584
Epoch: 131, AccTr: 0.8629999756813049, AccVa: 0.8134999871253967, CeTr: 0.5082074999809265, CeVa: 0.8280815482139587
Epoch: 132, AccTr: 0.8798999786376953, AccVa: 0.8314999938011169, CeTr: 0.42748144268989563, CeVa: 0.7622718214988708
Epoch: 133, AccTr: 0.8634999990463257, AccVa: 0.8209999799728394, CeTr: 0.5334583520889282, CeVa: 0.7704155445098877
Epoch: 134, AccTr: 0.8759999871253967, AccVa: 0.8309999704360962, CeTr: 0.4618995189666748, CeVa: 0.7556653618812561
Epoch: 135, AccTr: 0.8662999868392944, AccVa: 0.8335000276565552, CeTr: 0.4708814024925232, CeVa: 0.7407907843589783
ENSEMBLE | Tr_Acc: 0.965499997138977, Tr_CE: 0.11025406420230865, Va_Acc: 0.9259999990463257, Va_CE: 0.2887512147426605
Epoch: 136, AccTr: 0.876800000667572, AccVa: 0.8184999823570251, CeTr: 0.4474490284919739, CeVa: 0.7902635335922241
Epoch: 137, AccTr: 0.8766999840736389, AccVa: 0.8295000195503235, CeTr: 0.44488945603370667, CeVa: 0.7548362016677856
Epoch: 138, AccTr: 0.8680999875068665, AccVa: 0.8379999995231628, CeTr: 0.4786612391471863, CeVa: 0.7807427048683167
Epoch: 139, AccTr: 0.859000027179718, AccVa: 0.8264999985694885, CeTr: 0.4953307509422302, CeVa: 0.7609001398086548
Epoch: 140, AccTr: 0.8639000058174133, AccVa: 0.8259999752044678, CeTr: 0.5077704787254333, CeVa: 0.79502934217453
ENSEMBLE | Tr_Acc: 0.9653000235557556, Tr_CE: 0.1101221889257431, Va_Acc: 0.9265000224113464, Va_CE: 0.28804266452789307
Epoch: 141, AccTr: 0.8658999800682068, AccVa: 0.8355000019073486, CeTr: 0.4947989284992218, CeVa: 0.7709683179855347
Epoch: 142, AccTr: 0.8788999915122986, AccVa: 0.8495000004768372, CeTr: 0.4299198389053345, CeVa: 0.6737723350524902
Epoch: 143, AccTr: 0.8716999888420105, AccVa: 0.8395000100135803, CeTr: 0.45428648591041565, CeVa: 0.724370539188385
Epoch: 144, AccTr: 0.8773000240325928, AccVa: 0.8345000147819519, CeTr: 0.4558945298194885, CeVa: 0.7424219846725464
Epoch: 145, AccTr: 0.878000020980835, AccVa: 0.8339999914169312, CeTr: 0.4157954156398773, CeVa: 0.7473620772361755
ENSEMBLE | Tr_Acc: 0.9660999774932861, Tr_CE: 0.10870376229286194, Va_Acc: 0.9279999732971191, Va_CE: 0.28813809156417847
Epoch: 146, AccTr: 0.8659999966621399, AccVa: 0.8270000219345093, CeTr: 0.46777963638305664, CeVa: 0.7428935766220093
Epoch: 147, AccTr: 0.8690000176429749, AccVa: 0.8330000042915344, CeTr: 0.47579702734947205, CeVa: 0.7657237648963928
Epoch: 148, AccTr: 0.8729000091552734, AccVa: 0.8349999785423279, CeTr: 0.456771582365036, CeVa: 0.7448133230209351
Epoch: 149, AccTr: 0.8752999901771545, AccVa: 0.8105000257492065, CeTr: 0.43369439244270325, CeVa: 0.7986258268356323
Epoch: 150, AccTr: 0.8795999884605408, AccVa: 0.8385000228881836, CeTr: 0.4400078058242798, CeVa: 0.7358627915382385
ENSEMBLE | Tr_Acc: 0.9656999707221985, Tr_CE: 0.10768387466669083, Va_Acc: 0.9259999990463257, Va_CE: 0.2884449064731598
NN CONFIG
Weight-type:		ternary
Layout									Layer #1: 280	Layer #2: 200	
Activation Functions					Layer #1: bs	Layer #2: bs	
Keep probabilities		Layer #0: 0.99	Layer #1: 0.98	Layer #2: 0.98	
Flat factors							Layer #1: 1.0	Layer #2: 1.0	Layer #3: 1.0	
Activation Noise						Layer #1: 0.1	Layer #2: 0.1	Layer #3: 0.0	

===================================

RUN CONFIG
Epochs: 150, Blocksize: 4

===================================

Epoch: 1, AccTr: 0.8672000169754028, AccVa: 0.8224999904632568, CeTr: 0.4849238395690918, CeVa: 0.7909075021743774
Epoch: 2, AccTr: 0.8525999784469604, AccVa: 0.8199999928474426, CeTr: 0.538524329662323, CeVa: 0.7499849200248718
Epoch: 3, AccTr: 0.8604000210762024, AccVa: 0.8050000071525574, CeTr: 0.4890659749507904, CeVa: 0.7639808058738708
Epoch: 4, AccTr: 0.8399999737739563, AccVa: 0.8144999742507935, CeTr: 0.586557924747467, CeVa: 0.7891518473625183
Epoch: 5, AccTr: 0.8575000166893005, AccVa: 0.8240000009536743, CeTr: 0.5079498291015625, CeVa: 0.8040292263031006
Epoch: 6, AccTr: 0.8694999814033508, AccVa: 0.8199999928474426, CeTr: 0.46019935607910156, CeVa: 0.7777130603790283
Epoch: 7, AccTr: 0.8626000285148621, AccVa: 0.8274999856948853, CeTr: 0.5008150339126587, CeVa: 0.7676726579666138
Epoch: 8, AccTr: 0.8672999739646912, AccVa: 0.8144999742507935, CeTr: 0.47482550144195557, CeVa: 0.7478296160697937
Epoch: 9, AccTr: 0.853600025177002, AccVa: 0.8165000081062317, CeTr: 0.545798122882843, CeVa: 0.8738057613372803
Epoch: 10, AccTr: 0.8525999784469604, AccVa: 0.8180000185966492, CeTr: 0.5291917324066162, CeVa: 0.8281930685043335
Epoch: 11, AccTr: 0.8392000198364258, AccVa: 0.8029999732971191, CeTr: 0.6280991435050964, CeVa: 0.9586947560310364
Epoch: 12, AccTr: 0.8623999953269958, AccVa: 0.8245000243186951, CeTr: 0.5011652112007141, CeVa: 0.8000847101211548
Epoch: 13, AccTr: 0.8521999716758728, AccVa: 0.7994999885559082, CeTr: 0.5261006951332092, CeVa: 0.894440233707428
Epoch: 14, AccTr: 0.8574000000953674, AccVa: 0.815500020980835, CeTr: 0.5169333815574646, CeVa: 0.8186013102531433
Epoch: 15, AccTr: 0.8537999987602234, AccVa: 0.8050000071525574, CeTr: 0.546955943107605, CeVa: 0.8563573956489563
Epoch: 16, AccTr: 0.864300012588501, AccVa: 0.8069999814033508, CeTr: 0.4737233519554138, CeVa: 0.8413965106010437
Epoch: 17, AccTr: 0.8641999959945679, AccVa: 0.8205000162124634, CeTr: 0.4926259219646454, CeVa: 0.8369995951652527
Epoch: 18, AccTr: 0.8608999848365784, AccVa: 0.8140000104904175, CeTr: 0.5186870098114014, CeVa: 0.8068867325782776
Epoch: 19, AccTr: 0.8641999959945679, AccVa: 0.8190000057220459, CeTr: 0.5065024495124817, CeVa: 0.7836160659790039
Epoch: 20, AccTr: 0.8677999973297119, AccVa: 0.8299999833106995, CeTr: 0.4651157855987549, CeVa: 0.7947303056716919
Epoch: 21, AccTr: 0.8654999732971191, AccVa: 0.8234999775886536, CeTr: 0.5021053552627563, CeVa: 0.7625719308853149
Epoch: 22, AccTr: 0.8697999715805054, AccVa: 0.8180000185966492, CeTr: 0.47552821040153503, CeVa: 0.7783703804016113
Epoch: 23, AccTr: 0.8493000268936157, AccVa: 0.8050000071525574, CeTr: 0.566490113735199, CeVa: 0.8561335802078247
Epoch: 24, AccTr: 0.8578000068664551, AccVa: 0.8240000009536743, CeTr: 0.5360502004623413, CeVa: 0.8211367130279541
Epoch: 25, AccTr: 0.8622000217437744, AccVa: 0.8295000195503235, CeTr: 0.5130460858345032, CeVa: 0.7866696715354919
Epoch: 26, AccTr: 0.8569999933242798, AccVa: 0.8025000095367432, CeTr: 0.5312960743904114, CeVa: 0.8864562511444092
Epoch: 27, AccTr: 0.8489000201225281, AccVa: 0.8090000152587891, CeTr: 0.5761372447013855, CeVa: 0.8669426441192627
Epoch: 28, AccTr: 0.8592000007629395, AccVa: 0.8205000162124634, CeTr: 0.5066953301429749, CeVa: 0.800295352935791
Epoch: 29, AccTr: 0.8618999719619751, AccVa: 0.8289999961853027, CeTr: 0.48753926157951355, CeVa: 0.7762322425842285
Epoch: 30, AccTr: 0.8598999977111816, AccVa: 0.8330000042915344, CeTr: 0.4864780306816101, CeVa: 0.7487601041793823
ENSEMBLE | Tr_Acc: 0.8598999977111816, Tr_CE: 0.4864780306816101, Va_Acc: 0.8330000042915344, Va_CE: 0.7487601041793823
Epoch: 31, AccTr: 0.8694000244140625, AccVa: 0.8195000290870667, CeTr: 0.46709316968917847, CeVa: 0.808209240436554
Epoch: 32, AccTr: 0.8619999885559082, AccVa: 0.8190000057220459, CeTr: 0.48253536224365234, CeVa: 0.8043878078460693
Epoch: 33, AccTr: 0.8671000003814697, AccVa: 0.8220000267028809, CeTr: 0.46263793110847473, CeVa: 0.7320334911346436
Epoch: 34, AccTr: 0.8585000038146973, AccVa: 0.8270000219345093, CeTr: 0.5080199837684631, CeVa: 0.7833263278007507
Epoch: 35, AccTr: 0.875, AccVa: 0.8335000276565552, CeTr: 0.4467923939228058, CeVa: 0.7408708333969116
ENSEMBLE | Tr_Acc: 0.9235000014305115, Tr_CE: 0.24270297586917877, Va_Acc: 0.878000020980835, Va_CE: 0.4946078360080719
Epoch: 36, AccTr: 0.8659999966621399, AccVa: 0.8224999904632568, CeTr: 0.4996741712093353, CeVa: 0.7730008959770203
Epoch: 37, AccTr: 0.8666999936103821, AccVa: 0.8374999761581421, CeTr: 0.48542964458465576, CeVa: 0.7683051228523254
Epoch: 38, AccTr: 0.8586999773979187, AccVa: 0.843500018119812, CeTr: 0.5111444592475891, CeVa: 0.734775960445404
Epoch: 39, AccTr: 0.8583999872207642, AccVa: 0.8084999918937683, CeTr: 0.502001166343689, CeVa: 0.834409773349762
Epoch: 40, AccTr: 0.8547000288963318, AccVa: 0.8015000224113464, CeTr: 0.5147308707237244, CeVa: 0.8642513751983643
ENSEMBLE | Tr_Acc: 0.9387999773025513, Tr_CE: 0.19324292242527008, Va_Acc: 0.8964999914169312, Va_CE: 0.43115243315696716
Epoch: 41, AccTr: 0.8590999841690063, AccVa: 0.8130000233650208, CeTr: 0.48313334584236145, CeVa: 0.8192624449729919
Epoch: 42, AccTr: 0.8648999929428101, AccVa: 0.8220000267028809, CeTr: 0.49515703320503235, CeVa: 0.7657446265220642
Epoch: 43, AccTr: 0.8604999780654907, AccVa: 0.8199999928474426, CeTr: 0.5072273015975952, CeVa: 0.7887133955955505
Epoch: 44, AccTr: 0.8567000031471252, AccVa: 0.8195000290870667, CeTr: 0.518486738204956, CeVa: 0.7672989964485168
Epoch: 45, AccTr: 0.8738999962806702, AccVa: 0.8234999775886536, CeTr: 0.4110448360443115, CeVa: 0.7628933191299438
ENSEMBLE | Tr_Acc: 0.9487000107765198, Tr_CE: 0.15481387078762054, Va_Acc: 0.8985000252723694, Va_CE: 0.38784900307655334
Epoch: 46, AccTr: 0.8761000037193298, AccVa: 0.8259999752044678, CeTr: 0.4411279857158661, CeVa: 0.7742096781730652
Epoch: 47, AccTr: 0.8737000226974487, AccVa: 0.8199999928474426, CeTr: 0.4835890233516693, CeVa: 0.8067769408226013
Epoch: 48, AccTr: 0.8763999938964844, AccVa: 0.8339999914169312, CeTr: 0.45462021231651306, CeVa: 0.7426394820213318
Epoch: 49, AccTr: 0.8679999709129333, AccVa: 0.8215000033378601, CeTr: 0.49049946665763855, CeVa: 0.7885979413986206
Epoch: 50, AccTr: 0.8671000003814697, AccVa: 0.8245000243186951, CeTr: 0.4632665514945984, CeVa: 0.8322803378105164
ENSEMBLE | Tr_Acc: 0.9520999789237976, Tr_CE: 0.1407112330198288, Va_Acc: 0.9035000205039978, Va_CE: 0.38500767946243286
Epoch: 51, AccTr: 0.8675000071525574, AccVa: 0.8224999904632568, CeTr: 0.4840729832649231, CeVa: 0.836915910243988
Epoch: 52, AccTr: 0.8659999966621399, AccVa: 0.8209999799728394, CeTr: 0.47574183344841003, CeVa: 0.8382004499435425
Epoch: 53, AccTr: 0.8654999732971191, AccVa: 0.8105000257492065, CeTr: 0.47538310289382935, CeVa: 0.8662071824073792
Epoch: 54, AccTr: 0.8777999877929688, AccVa: 0.8345000147819519, CeTr: 0.436175674200058, CeVa: 0.7379218935966492
Epoch: 55, AccTr: 0.876800000667572, AccVa: 0.8345000147819519, CeTr: 0.45439571142196655, CeVa: 0.8105538487434387
ENSEMBLE | Tr_Acc: 0.9556000232696533, Tr_CE: 0.1325785219669342, Va_Acc: 0.909500002861023, Va_CE: 0.3756425678730011
Epoch: 56, AccTr: 0.866599977016449, AccVa: 0.8234999775886536, CeTr: 0.5129460096359253, CeVa: 0.847314715385437
Epoch: 57, AccTr: 0.8669999837875366, AccVa: 0.8349999785423279, CeTr: 0.48692265152931213, CeVa: 0.7722504734992981
Epoch: 58, AccTr: 0.8755000233650208, AccVa: 0.8245000243186951, CeTr: 0.45315390825271606, CeVa: 0.8250385522842407
Epoch: 59, AccTr: 0.8684999942779541, AccVa: 0.8264999985694885, CeTr: 0.46965399384498596, CeVa: 0.8045439720153809
Epoch: 60, AccTr: 0.8794000148773193, AccVa: 0.8309999704360962, CeTr: 0.4188292920589447, CeVa: 0.7853160500526428
ENSEMBLE | Tr_Acc: 0.9573000073432922, Tr_CE: 0.12500138580799103, Va_Acc: 0.9100000262260437, Va_CE: 0.3640232980251312
Epoch: 61, AccTr: 0.8730000257492065, AccVa: 0.8199999928474426, CeTr: 0.44216251373291016, CeVa: 0.7797818183898926
Epoch: 62, AccTr: 0.8580999970436096, AccVa: 0.8169999718666077, CeTr: 0.534133791923523, CeVa: 0.8990988731384277
Epoch: 63, AccTr: 0.8695999979972839, AccVa: 0.828499972820282, CeTr: 0.5064813494682312, CeVa: 0.767729640007019
Epoch: 64, AccTr: 0.8748999834060669, AccVa: 0.8345000147819519, CeTr: 0.46516621112823486, CeVa: 0.7653763890266418
Epoch: 65, AccTr: 0.8676000237464905, AccVa: 0.8355000019073486, CeTr: 0.5107011795043945, CeVa: 0.772732675075531
ENSEMBLE | Tr_Acc: 0.9585999846458435, Tr_CE: 0.1225644052028656, Va_Acc: 0.9125000238418579, Va_CE: 0.353826105594635
Epoch: 66, AccTr: 0.8723999857902527, AccVa: 0.8395000100135803, CeTr: 0.4692729413509369, CeVa: 0.7322131395339966
Epoch: 67, AccTr: 0.8636999726295471, AccVa: 0.8240000009536743, CeTr: 0.5066094398498535, CeVa: 0.8234986662864685
Epoch: 68, AccTr: 0.8501999974250793, AccVa: 0.8134999871253967, CeTr: 0.5927459001541138, CeVa: 0.8575260639190674
Epoch: 69, AccTr: 0.8662999868392944, AccVa: 0.8330000042915344, CeTr: 0.4770328104496002, CeVa: 0.7705330848693848
Epoch: 70, AccTr: 0.8770999908447266, AccVa: 0.8259999752044678, CeTr: 0.44666576385498047, CeVa: 0.8404350876808167
ENSEMBLE | Tr_Acc: 0.9598000049591064, Tr_CE: 0.11892424523830414, Va_Acc: 0.9144999980926514, Va_CE: 0.34951263666152954
Epoch: 71, AccTr: 0.8682000041007996, AccVa: 0.8199999928474426, CeTr: 0.46798643469810486, CeVa: 0.7988535761833191
Epoch: 72, AccTr: 0.8718000054359436, AccVa: 0.8169999718666077, CeTr: 0.46089160442352295, CeVa: 0.8067058324813843
Epoch: 73, AccTr: 0.8763999938964844, AccVa: 0.8190000057220459, CeTr: 0.44854864478111267, CeVa: 0.8015304207801819
Epoch: 74, AccTr: 0.8725000023841858, AccVa: 0.8169999718666077, CeTr: 0.4611763060092926, CeVa: 0.7578100562095642
Epoch: 75, AccTr: 0.8686000108718872, AccVa: 0.8349999785423279, CeTr: 0.5096099376678467, CeVa: 0.7562926411628723
ENSEMBLE | Tr_Acc: 0.9602000117301941, Tr_CE: 0.11736492812633514, Va_Acc: 0.9169999957084656, Va_CE: 0.3397389054298401
Epoch: 76, AccTr: 0.8633000254631042, AccVa: 0.8215000033378601, CeTr: 0.5220025181770325, CeVa: 0.8062126636505127
Epoch: 77, AccTr: 0.8738999962806702, AccVa: 0.8289999961853027, CeTr: 0.45683085918426514, CeVa: 0.743600606918335
Epoch: 78, AccTr: 0.8712000250816345, AccVa: 0.8324999809265137, CeTr: 0.4788362681865692, CeVa: 0.7392953634262085
Epoch: 79, AccTr: 0.8751999735832214, AccVa: 0.8174999952316284, CeTr: 0.4646247625350952, CeVa: 0.77985018491745
Epoch: 80, AccTr: 0.8705999851226807, AccVa: 0.828000009059906, CeTr: 0.5058079361915588, CeVa: 0.799454391002655
ENSEMBLE | Tr_Acc: 0.9613999724388123, Tr_CE: 0.11578226089477539, Va_Acc: 0.9204999804496765, Va_CE: 0.3335382640361786
Epoch: 81, AccTr: 0.8741999864578247, AccVa: 0.8295000195503235, CeTr: 0.4751524329185486, CeVa: 0.7335644960403442
Epoch: 82, AccTr: 0.8686000108718872, AccVa: 0.8274999856948853, CeTr: 0.4948159158229828, CeVa: 0.7703239917755127
Epoch: 83, AccTr: 0.8657000064849854, AccVa: 0.809499979019165, CeTr: 0.5015761852264404, CeVa: 0.8144545555114746
Epoch: 84, AccTr: 0.8707000017166138, AccVa: 0.8330000042915344, CeTr: 0.4882667064666748, CeVa: 0.7460541725158691
Epoch: 85, AccTr: 0.8698999881744385, AccVa: 0.8314999938011169, CeTr: 0.4629477560520172, CeVa: 0.7883319854736328
ENSEMBLE | Tr_Acc: 0.9624000191688538, Tr_CE: 0.11421961337327957, Va_Acc: 0.921500027179718, Va_CE: 0.32958048582077026
Epoch: 86, AccTr: 0.8712000250816345, AccVa: 0.824999988079071, CeTr: 0.496677428483963, CeVa: 0.8063396215438843
Epoch: 87, AccTr: 0.8740000128746033, AccVa: 0.8240000009536743, CeTr: 0.48405560851097107, CeVa: 0.8350036144256592
Epoch: 88, AccTr: 0.8711000084877014, AccVa: 0.8345000147819519, CeTr: 0.48292291164398193, CeVa: 0.7514873743057251
Epoch: 89, AccTr: 0.8658000230789185, AccVa: 0.8234999775886536, CeTr: 0.4753344655036926, CeVa: 0.7796191573143005
Epoch: 90, AccTr: 0.8658000230789185, AccVa: 0.8255000114440918, CeTr: 0.49299755692481995, CeVa: 0.7491601705551147
ENSEMBLE | Tr_Acc: 0.9616000056266785, Tr_CE: 0.11349435895681381, Va_Acc: 0.925000011920929, Va_CE: 0.32568082213401794
Epoch: 91, AccTr: 0.8622999787330627, AccVa: 0.8270000219345093, CeTr: 0.5107340812683105, CeVa: 0.8020272254943848
Epoch: 92, AccTr: 0.8604000210762024, AccVa: 0.8084999918937683, CeTr: 0.5480772256851196, CeVa: 0.8637393712997437
Epoch: 93, AccTr: 0.8700000047683716, AccVa: 0.8199999928474426, CeTr: 0.4597073197364807, CeVa: 0.7837668061256409
Epoch: 94, AccTr: 0.8547000288963318, AccVa: 0.809499979019165, CeTr: 0.5492982268333435, CeVa: 0.8058720827102661
Epoch: 95, AccTr: 0.8579999804496765, AccVa: 0.8149999976158142, CeTr: 0.534838855266571, CeVa: 0.7905765175819397
ENSEMBLE | Tr_Acc: 0.9614999890327454, Tr_CE: 0.11365058273077011, Va_Acc: 0.921999990940094, Va_CE: 0.32137659192085266
Epoch: 96, AccTr: 0.8733999729156494, AccVa: 0.8309999704360962, CeTr: 0.4649146497249603, CeVa: 0.7229418754577637
Epoch: 97, AccTr: 0.8776000142097473, AccVa: 0.8195000290870667, CeTr: 0.4539565443992615, CeVa: 0.8017868995666504
Epoch: 98, AccTr: 0.8655999898910522, AccVa: 0.8295000195503235, CeTr: 0.5010352730751038, CeVa: 0.779116690158844
Epoch: 99, AccTr: 0.8718000054359436, AccVa: 0.8130000233650208, CeTr: 0.4597642719745636, CeVa: 0.8195369839668274
Epoch: 100, AccTr: 0.8810999989509583, AccVa: 0.8209999799728394, CeTr: 0.42308780550956726, CeVa: 0.8283556699752808
ENSEMBLE | Tr_Acc: 0.9624000191688538, Tr_CE: 0.11121731251478195, Va_Acc: 0.9229999780654907, Va_CE: 0.32107609510421753
Epoch: 101, AccTr: 0.8626999855041504, AccVa: 0.8184999823570251, CeTr: 0.5086732506752014, CeVa: 0.8893936276435852
Epoch: 102, AccTr: 0.8758000135421753, AccVa: 0.809499979019165, CeTr: 0.47216519713401794, CeVa: 0.8670108914375305
Epoch: 103, AccTr: 0.8708000183105469, AccVa: 0.8349999785423279, CeTr: 0.4972836971282959, CeVa: 0.7745161652565002
Epoch: 104, AccTr: 0.8711000084877014, AccVa: 0.8264999985694885, CeTr: 0.49149712920188904, CeVa: 0.7733608484268188
Epoch: 105, AccTr: 0.8565999865531921, AccVa: 0.8215000033378601, CeTr: 0.5374197959899902, CeVa: 0.8078323006629944
ENSEMBLE | Tr_Acc: 0.9624000191688538, Tr_CE: 0.11196595430374146, Va_Acc: 0.9244999885559082, Va_CE: 0.31817856431007385
Epoch: 106, AccTr: 0.8579999804496765, AccVa: 0.8140000104904175, CeTr: 0.5346765518188477, CeVa: 0.8962064385414124
Epoch: 107, AccTr: 0.8738999962806702, AccVa: 0.8230000138282776, CeTr: 0.4795055091381073, CeVa: 0.7774063944816589
Epoch: 108, AccTr: 0.8665000200271606, AccVa: 0.8119999766349792, CeTr: 0.48315054178237915, CeVa: 0.8455140590667725
Epoch: 109, AccTr: 0.8700000047683716, AccVa: 0.8215000033378601, CeTr: 0.4698828160762787, CeVa: 0.8404138088226318
Epoch: 110, AccTr: 0.8730999827384949, AccVa: 0.8264999985694885, CeTr: 0.4722191393375397, CeVa: 0.7573583722114563
ENSEMBLE | Tr_Acc: 0.9629999995231628, Tr_CE: 0.11082112789154053, Va_Acc: 0.921500027179718, Va_CE: 0.31419703364372253
Epoch: 111, AccTr: 0.8694000244140625, AccVa: 0.8255000114440918, CeTr: 0.5068647265434265, CeVa: 0.8081421852111816
Epoch: 112, AccTr: 0.8648999929428101, AccVa: 0.8119999766349792, CeTr: 0.5032986402511597, CeVa: 0.8235989809036255
Epoch: 113, AccTr: 0.8705000281333923, AccVa: 0.8255000114440918, CeTr: 0.4607345759868622, CeVa: 0.8070942759513855
Epoch: 114, AccTr: 0.8675000071525574, AccVa: 0.828499972820282, CeTr: 0.5099599361419678, CeVa: 0.7784711718559265
Epoch: 115, AccTr: 0.8673999905586243, AccVa: 0.8125, CeTr: 0.4950762689113617, CeVa: 0.8437259793281555
ENSEMBLE | Tr_Acc: 0.9631999731063843, Tr_CE: 0.11077183485031128, Va_Acc: 0.921500027179718, Va_CE: 0.31659558415412903
Epoch: 116, AccTr: 0.866599977016449, AccVa: 0.8215000033378601, CeTr: 0.5284672975540161, CeVa: 0.787993311882019
Epoch: 117, AccTr: 0.8568999767303467, AccVa: 0.8205000162124634, CeTr: 0.5273553729057312, CeVa: 0.8546812534332275
Epoch: 118, AccTr: 0.8702999949455261, AccVa: 0.824999988079071, CeTr: 0.4640660285949707, CeVa: 0.8209194540977478
Epoch: 119, AccTr: 0.8712999820709229, AccVa: 0.828499972820282, CeTr: 0.49984464049339294, CeVa: 0.8030316829681396
Epoch: 120, AccTr: 0.8795999884605408, AccVa: 0.8305000066757202, CeTr: 0.4579254984855652, CeVa: 0.7288614511489868
ENSEMBLE | Tr_Acc: 0.963100016117096, Tr_CE: 0.11018654704093933, Va_Acc: 0.9240000247955322, Va_CE: 0.31319940090179443
Epoch: 121, AccTr: 0.8560000061988831, AccVa: 0.828000009059906, CeTr: 0.5281038284301758, CeVa: 0.7793496251106262
Epoch: 122, AccTr: 0.8658999800682068, AccVa: 0.8374999761581421, CeTr: 0.4808201193809509, CeVa: 0.7338795065879822
Epoch: 123, AccTr: 0.8655999898910522, AccVa: 0.828000009059906, CeTr: 0.5071150660514832, CeVa: 0.785076916217804
Epoch: 124, AccTr: 0.8783000111579895, AccVa: 0.840499997138977, CeTr: 0.458968847990036, CeVa: 0.7311808466911316
Epoch: 125, AccTr: 0.8675000071525574, AccVa: 0.8234999775886536, CeTr: 0.48276254534721375, CeVa: 0.7925085425376892
ENSEMBLE | Tr_Acc: 0.9629999995231628, Tr_CE: 0.10941944271326065, Va_Acc: 0.9259999990463257, Va_CE: 0.31327351927757263
Epoch: 126, AccTr: 0.8626000285148621, AccVa: 0.828000009059906, CeTr: 0.5361794233322144, CeVa: 0.7772431373596191
Epoch: 127, AccTr: 0.8725000023841858, AccVa: 0.8335000276565552, CeTr: 0.46923476457595825, CeVa: 0.7768244743347168
Epoch: 128, AccTr: 0.8805000185966492, AccVa: 0.8339999914169312, CeTr: 0.4172826111316681, CeVa: 0.7561811804771423
Epoch: 129, AccTr: 0.8751999735832214, AccVa: 0.8234999775886536, CeTr: 0.47838008403778076, CeVa: 0.7457495331764221
Epoch: 130, AccTr: 0.8734999895095825, AccVa: 0.8374999761581421, CeTr: 0.48214149475097656, CeVa: 0.7672105431556702
ENSEMBLE | Tr_Acc: 0.9634000062942505, Tr_CE: 0.1090441420674324, Va_Acc: 0.9254999756813049, Va_CE: 0.3118019700050354
Epoch: 131, AccTr: 0.869700014591217, AccVa: 0.8324999809265137, CeTr: 0.4688303768634796, CeVa: 0.7499762177467346
Epoch: 132, AccTr: 0.8738999962806702, AccVa: 0.8209999799728394, CeTr: 0.49556416273117065, CeVa: 0.8652207255363464
Epoch: 133, AccTr: 0.8734999895095825, AccVa: 0.8144999742507935, CeTr: 0.45579999685287476, CeVa: 0.8838804364204407
Epoch: 134, AccTr: 0.8765000104904175, AccVa: 0.8274999856948853, CeTr: 0.45965462923049927, CeVa: 0.8081610202789307
Epoch: 135, AccTr: 0.870199978351593, AccVa: 0.8234999775886536, CeTr: 0.4517057538032532, CeVa: 0.7606984376907349
ENSEMBLE | Tr_Acc: 0.963100016117096, Tr_CE: 0.10750207304954529, Va_Acc: 0.9254999756813049, Va_CE: 0.3084859251976013
Epoch: 136, AccTr: 0.8766000270843506, AccVa: 0.8295000195503235, CeTr: 0.4566606879234314, CeVa: 0.7711483836174011
Epoch: 137, AccTr: 0.8647000193595886, AccVa: 0.8295000195503235, CeTr: 0.5144504308700562, CeVa: 0.8310416340827942
Epoch: 138, AccTr: 0.8788999915122986, AccVa: 0.8429999947547913, CeTr: 0.44018319249153137, CeVa: 0.7180215716362
Epoch: 139, AccTr: 0.8733000159263611, AccVa: 0.8295000195503235, CeTr: 0.46465423703193665, CeVa: 0.7938121557235718
Epoch: 140, AccTr: 0.8651999831199646, AccVa: 0.8184999823570251, CeTr: 0.4756058156490326, CeVa: 0.8418949246406555
ENSEMBLE | Tr_Acc: 0.9645000100135803, Tr_CE: 0.106986865401268, Va_Acc: 0.9229999780654907, Va_CE: 0.3098523020744324
Epoch: 141, AccTr: 0.8646000027656555, AccVa: 0.8119999766349792, CeTr: 0.4962250888347626, CeVa: 0.8893983364105225
Epoch: 142, AccTr: 0.870199978351593, AccVa: 0.8165000081062317, CeTr: 0.4730083644390106, CeVa: 0.8458477854728699
Epoch: 143, AccTr: 0.8702999949455261, AccVa: 0.8180000185966492, CeTr: 0.494961142539978, CeVa: 0.8779130578041077
Epoch: 144, AccTr: 0.8694000244140625, AccVa: 0.8199999928474426, CeTr: 0.47399842739105225, CeVa: 0.8240552544593811
Epoch: 145, AccTr: 0.8622999787330627, AccVa: 0.8205000162124634, CeTr: 0.5255962014198303, CeVa: 0.7830400466918945
ENSEMBLE | Tr_Acc: 0.9642999768257141, Tr_CE: 0.10751668363809586, Va_Acc: 0.9235000014305115, Va_CE: 0.30869680643081665
Epoch: 146, AccTr: 0.8597000241279602, AccVa: 0.8240000009536743, CeTr: 0.5203231573104858, CeVa: 0.7421069741249084
Epoch: 147, AccTr: 0.8669999837875366, AccVa: 0.8240000009536743, CeTr: 0.5055376291275024, CeVa: 0.8349151015281677
Epoch: 148, AccTr: 0.8773999810218811, AccVa: 0.8209999799728394, CeTr: 0.4652993083000183, CeVa: 0.7695963382720947
Epoch: 149, AccTr: 0.852400004863739, AccVa: 0.800000011920929, CeTr: 0.5875437259674072, CeVa: 0.8383714556694031
Epoch: 150, AccTr: 0.859000027179718, AccVa: 0.8180000185966492, CeTr: 0.543362021446228, CeVa: 0.8382053375244141
ENSEMBLE | Tr_Acc: 0.9635999798774719, Tr_CE: 0.10793319344520569, Va_Acc: 0.9244999885559082, Va_CE: 0.30800554156303406
Mod Accuracy || Mean: 0.8282500505447388	 Std: 0.010250002145767212
Ens Accuracy || Mean: 0.9252499938011169	 Std: 0.0007500052452087402
Mod CE || Mean: 0.7870340347290039	 Std: 0.05117127299308777
Ens CE || Mean: 0.2982252240180969	 Std: 0.009780317544937134
