NN CONFIG
Weight-type:		ternary
Layout									Layer #1: 280	Layer #2: 200	
Activation Functions					Layer #1: bs	Layer #2: bs	
Keep probabilities		Layer #0: 0.99	Layer #1: 0.98	Layer #2: 0.98	
Flat factors							Layer #1: 1.0	Layer #2: 1.0	Layer #3: 1.0	
Activation Noise						Layer #1: 0.1	Layer #2: 0.1	Layer #3: 0.0	

===================================

RUN CONFIG
Epochs: 150, Blocksize: 4

===================================

Epoch: 1, AccTr: 0.8568000197410583, AccVa: 0.8169999718666077, CeTr: 0.5117429494857788, CeVa: 0.7776018381118774
Epoch: 2, AccTr: 0.8586000204086304, AccVa: 0.8270000219345093, CeTr: 0.5214371085166931, CeVa: 0.7312399744987488
Epoch: 3, AccTr: 0.8698999881744385, AccVa: 0.8230000138282776, CeTr: 0.4625369608402252, CeVa: 0.7108036279678345
Epoch: 4, AccTr: 0.8715999722480774, AccVa: 0.8205000162124634, CeTr: 0.45341312885284424, CeVa: 0.7127986550331116
Epoch: 5, AccTr: 0.8755999803543091, AccVa: 0.8299999833106995, CeTr: 0.43895936012268066, CeVa: 0.6998254656791687
Epoch: 6, AccTr: 0.8723999857902527, AccVa: 0.8305000066757202, CeTr: 0.43717920780181885, CeVa: 0.6947821974754333
Epoch: 7, AccTr: 0.8579000234603882, AccVa: 0.8174999952316284, CeTr: 0.5269544124603271, CeVa: 0.7420083284378052
Epoch: 8, AccTr: 0.8626999855041504, AccVa: 0.8174999952316284, CeTr: 0.5095545649528503, CeVa: 0.7332149147987366
Epoch: 9, AccTr: 0.8654999732971191, AccVa: 0.8180000185966492, CeTr: 0.46266430616378784, CeVa: 0.7640807032585144
Epoch: 10, AccTr: 0.866599977016449, AccVa: 0.8295000195503235, CeTr: 0.4930111765861511, CeVa: 0.730908215045929
Epoch: 11, AccTr: 0.8657000064849854, AccVa: 0.8190000057220459, CeTr: 0.47906914353370667, CeVa: 0.6741805672645569
Epoch: 12, AccTr: 0.8726999759674072, AccVa: 0.8205000162124634, CeTr: 0.4446541965007782, CeVa: 0.7286360263824463
Epoch: 13, AccTr: 0.8651000261306763, AccVa: 0.8289999961853027, CeTr: 0.4968954026699066, CeVa: 0.7370412945747375
Epoch: 14, AccTr: 0.8636000156402588, AccVa: 0.8230000138282776, CeTr: 0.46126073598861694, CeVa: 0.7213224172592163
Epoch: 15, AccTr: 0.8743000030517578, AccVa: 0.828000009059906, CeTr: 0.42732852697372437, CeVa: 0.7034725546836853
Epoch: 16, AccTr: 0.8694999814033508, AccVa: 0.8190000057220459, CeTr: 0.45188140869140625, CeVa: 0.7853323817253113
Epoch: 17, AccTr: 0.8691999912261963, AccVa: 0.8305000066757202, CeTr: 0.4422055184841156, CeVa: 0.6989272236824036
Epoch: 18, AccTr: 0.8690000176429749, AccVa: 0.8245000243186951, CeTr: 0.4771561026573181, CeVa: 0.7308329343795776
Epoch: 19, AccTr: 0.8611999750137329, AccVa: 0.8305000066757202, CeTr: 0.4904843866825104, CeVa: 0.7402302622795105
Epoch: 20, AccTr: 0.864799976348877, AccVa: 0.8245000243186951, CeTr: 0.48621436953544617, CeVa: 0.7343922257423401
Epoch: 21, AccTr: 0.8521999716758728, AccVa: 0.8050000071525574, CeTr: 0.5238857269287109, CeVa: 0.7686842679977417
Epoch: 22, AccTr: 0.8482999801635742, AccVa: 0.7944999933242798, CeTr: 0.5508096814155579, CeVa: 0.8703216910362244
Epoch: 23, AccTr: 0.8756999969482422, AccVa: 0.8199999928474426, CeTr: 0.45123013854026794, CeVa: 0.7375737428665161
Epoch: 24, AccTr: 0.8702999949455261, AccVa: 0.8215000033378601, CeTr: 0.44616377353668213, CeVa: 0.7530966997146606
Epoch: 25, AccTr: 0.8618000149726868, AccVa: 0.8034999966621399, CeTr: 0.47440996766090393, CeVa: 0.7593580484390259
Epoch: 26, AccTr: 0.8601999878883362, AccVa: 0.8234999775886536, CeTr: 0.5064782500267029, CeVa: 0.706005334854126
Epoch: 27, AccTr: 0.8672999739646912, AccVa: 0.8234999775886536, CeTr: 0.4424130320549011, CeVa: 0.743608295917511
Epoch: 28, AccTr: 0.8673999905586243, AccVa: 0.8264999985694885, CeTr: 0.46670448780059814, CeVa: 0.7249047160148621
Epoch: 29, AccTr: 0.8705999851226807, AccVa: 0.8270000219345093, CeTr: 0.4512428641319275, CeVa: 0.754209041595459
Epoch: 30, AccTr: 0.8708000183105469, AccVa: 0.824999988079071, CeTr: 0.4374307692050934, CeVa: 0.7018976211547852
ENSEMBLE | Tr_Acc: 0.8708000183105469, Tr_CE: 0.4374307692050934, Va_Acc: 0.824999988079071, Va_CE: 0.7018976211547852
Epoch: 31, AccTr: 0.8562999963760376, AccVa: 0.8100000023841858, CeTr: 0.5079136490821838, CeVa: 0.815801203250885
Epoch: 32, AccTr: 0.8676000237464905, AccVa: 0.8450000286102295, CeTr: 0.44803741574287415, CeVa: 0.6888002753257751
Epoch: 33, AccTr: 0.8694999814033508, AccVa: 0.8339999914169312, CeTr: 0.4516304135322571, CeVa: 0.6835272312164307
Epoch: 34, AccTr: 0.8654000163078308, AccVa: 0.8174999952316284, CeTr: 0.48679253458976746, CeVa: 0.7559440732002258
Epoch: 35, AccTr: 0.8718000054359436, AccVa: 0.8144999742507935, CeTr: 0.4401806592941284, CeVa: 0.7259087562561035
ENSEMBLE | Tr_Acc: 0.9246000051498413, Tr_CE: 0.23211073875427246, Va_Acc: 0.8815000057220459, Va_CE: 0.4517253041267395
Epoch: 36, AccTr: 0.8664000034332275, AccVa: 0.8240000009536743, CeTr: 0.44945430755615234, CeVa: 0.7277493476867676
Epoch: 37, AccTr: 0.8738999962806702, AccVa: 0.8240000009536743, CeTr: 0.42909082770347595, CeVa: 0.7364179491996765
Epoch: 38, AccTr: 0.8618000149726868, AccVa: 0.8264999985694885, CeTr: 0.5177274346351624, CeVa: 0.699466347694397
Epoch: 39, AccTr: 0.861299991607666, AccVa: 0.8289999961853027, CeTr: 0.5117543935775757, CeVa: 0.7303033471107483
Epoch: 40, AccTr: 0.8763999938964844, AccVa: 0.8305000066757202, CeTr: 0.43682822585105896, CeVa: 0.7233225703239441
ENSEMBLE | Tr_Acc: 0.9431999921798706, Tr_CE: 0.17442536354064941, Va_Acc: 0.8999999761581421, Va_CE: 0.3838711380958557
Epoch: 41, AccTr: 0.854200005531311, AccVa: 0.8224999904632568, CeTr: 0.5240631103515625, CeVa: 0.7242934703826904
Epoch: 42, AccTr: 0.8669999837875366, AccVa: 0.8159999847412109, CeTr: 0.4635418951511383, CeVa: 0.774321436882019
Epoch: 43, AccTr: 0.8629999756813049, AccVa: 0.8270000219345093, CeTr: 0.4859892725944519, CeVa: 0.7035438418388367
Epoch: 44, AccTr: 0.8679999709129333, AccVa: 0.8215000033378601, CeTr: 0.469911128282547, CeVa: 0.7110332250595093
Epoch: 45, AccTr: 0.8770999908447266, AccVa: 0.8320000171661377, CeTr: 0.4585583508014679, CeVa: 0.7421711683273315
ENSEMBLE | Tr_Acc: 0.9502000212669373, Tr_CE: 0.158095121383667, Va_Acc: 0.9070000052452087, Va_CE: 0.3543362319469452
Epoch: 46, AccTr: 0.8664000034332275, AccVa: 0.8309999704360962, CeTr: 0.4789702296257019, CeVa: 0.7075574994087219
Epoch: 47, AccTr: 0.8610000014305115, AccVa: 0.8324999809265137, CeTr: 0.48334404826164246, CeVa: 0.7330086827278137
Epoch: 48, AccTr: 0.8705999851226807, AccVa: 0.8259999752044678, CeTr: 0.46492651104927063, CeVa: 0.6984819173812866
Epoch: 49, AccTr: 0.8671000003814697, AccVa: 0.8209999799728394, CeTr: 0.4757738411426544, CeVa: 0.7332431674003601
Epoch: 50, AccTr: 0.8514000177383423, AccVa: 0.809499979019165, CeTr: 0.5399143695831299, CeVa: 0.7603963613510132
ENSEMBLE | Tr_Acc: 0.9527000188827515, Tr_CE: 0.15221773087978363, Va_Acc: 0.9125000238418579, Va_CE: 0.3307453691959381
Epoch: 51, AccTr: 0.8499000072479248, AccVa: 0.8100000023841858, CeTr: 0.5870386958122253, CeVa: 0.8241325616836548
Epoch: 52, AccTr: 0.8626999855041504, AccVa: 0.8184999823570251, CeTr: 0.47787773609161377, CeVa: 0.7466974854469299
Epoch: 53, AccTr: 0.8654000163078308, AccVa: 0.828000009059906, CeTr: 0.5116081833839417, CeVa: 0.7901191115379333
Epoch: 54, AccTr: 0.8668000102043152, AccVa: 0.8224999904632568, CeTr: 0.4898833632469177, CeVa: 0.7822167873382568
Epoch: 55, AccTr: 0.8758999705314636, AccVa: 0.8264999985694885, CeTr: 0.43790194392204285, CeVa: 0.7233794927597046
ENSEMBLE | Tr_Acc: 0.9556000232696533, Tr_CE: 0.14308854937553406, Va_Acc: 0.9110000133514404, Va_CE: 0.316985547542572
Epoch: 56, AccTr: 0.8572999835014343, AccVa: 0.8324999809265137, CeTr: 0.5429235696792603, CeVa: 0.7655496001243591
Epoch: 57, AccTr: 0.8659999966621399, AccVa: 0.8245000243186951, CeTr: 0.48631152510643005, CeVa: 0.7535051703453064
Epoch: 58, AccTr: 0.8659999966621399, AccVa: 0.8205000162124634, CeTr: 0.4940241277217865, CeVa: 0.8569791316986084
Epoch: 59, AccTr: 0.8719000220298767, AccVa: 0.8165000081062317, CeTr: 0.47051817178726196, CeVa: 0.7878857851028442
Epoch: 60, AccTr: 0.8805999755859375, AccVa: 0.824999988079071, CeTr: 0.4220183193683624, CeVa: 0.7236656546592712
ENSEMBLE | Tr_Acc: 0.9588000178337097, Tr_CE: 0.13436873257160187, Va_Acc: 0.9125000238418579, Va_CE: 0.3070620596408844
Epoch: 61, AccTr: 0.8755000233650208, AccVa: 0.8149999976158142, CeTr: 0.4293586313724518, CeVa: 0.7141760587692261
Epoch: 62, AccTr: 0.8669999837875366, AccVa: 0.8289999961853027, CeTr: 0.49388638138771057, CeVa: 0.6991353631019592
Epoch: 63, AccTr: 0.8794000148773193, AccVa: 0.8320000171661377, CeTr: 0.4384689927101135, CeVa: 0.7259857654571533
Epoch: 64, AccTr: 0.871399998664856, AccVa: 0.8259999752044678, CeTr: 0.4367510676383972, CeVa: 0.7131966948509216
Epoch: 65, AccTr: 0.8664000034332275, AccVa: 0.8215000033378601, CeTr: 0.4501250088214874, CeVa: 0.7573632597923279
ENSEMBLE | Tr_Acc: 0.9606999754905701, Tr_CE: 0.12994495034217834, Va_Acc: 0.9179999828338623, Va_CE: 0.3019794821739197
Epoch: 66, AccTr: 0.8694999814033508, AccVa: 0.8305000066757202, CeTr: 0.4610426723957062, CeVa: 0.7133527994155884
Epoch: 67, AccTr: 0.8734999895095825, AccVa: 0.8174999952316284, CeTr: 0.43891212344169617, CeVa: 0.7482137680053711
Epoch: 68, AccTr: 0.8601999878883362, AccVa: 0.8220000267028809, CeTr: 0.5329514741897583, CeVa: 0.7198567986488342
Epoch: 69, AccTr: 0.8691999912261963, AccVa: 0.8230000138282776, CeTr: 0.46148115396499634, CeVa: 0.7499268054962158
Epoch: 70, AccTr: 0.8680999875068665, AccVa: 0.8184999823570251, CeTr: 0.45400214195251465, CeVa: 0.7861353158950806
ENSEMBLE | Tr_Acc: 0.9606000185012817, Tr_CE: 0.12529794871807098, Va_Acc: 0.921999990940094, Va_CE: 0.29979169368743896
Epoch: 71, AccTr: 0.8565000295639038, AccVa: 0.8234999775886536, CeTr: 0.5153332352638245, CeVa: 0.7842360138893127
Epoch: 72, AccTr: 0.8727999925613403, AccVa: 0.8209999799728394, CeTr: 0.44343021512031555, CeVa: 0.7556689381599426
Epoch: 73, AccTr: 0.8744999766349792, AccVa: 0.8309999704360962, CeTr: 0.44744184613227844, CeVa: 0.7538012862205505
Epoch: 74, AccTr: 0.8621000051498413, AccVa: 0.8220000267028809, CeTr: 0.4895576536655426, CeVa: 0.7179056406021118
Epoch: 75, AccTr: 0.8720999956130981, AccVa: 0.8259999752044678, CeTr: 0.4616193473339081, CeVa: 0.751863420009613
ENSEMBLE | Tr_Acc: 0.9606000185012817, Tr_CE: 0.12201891094446182, Va_Acc: 0.921500027179718, Va_CE: 0.2988666892051697
Epoch: 76, AccTr: 0.8658999800682068, AccVa: 0.8345000147819519, CeTr: 0.48871225118637085, CeVa: 0.7032353281974792
Epoch: 77, AccTr: 0.864300012588501, AccVa: 0.8165000081062317, CeTr: 0.47933945059776306, CeVa: 0.751848042011261
Epoch: 78, AccTr: 0.866100013256073, AccVa: 0.8335000276565552, CeTr: 0.46637314558029175, CeVa: 0.7193716764450073
Epoch: 79, AccTr: 0.8797000050544739, AccVa: 0.8399999737739563, CeTr: 0.4250486195087433, CeVa: 0.6646106839179993
Epoch: 80, AccTr: 0.881600022315979, AccVa: 0.8349999785423279, CeTr: 0.4227844774723053, CeVa: 0.6860532760620117
ENSEMBLE | Tr_Acc: 0.9614999890327454, Tr_CE: 0.11929325014352798, Va_Acc: 0.9194999933242798, Va_CE: 0.2940295934677124
Epoch: 81, AccTr: 0.8639000058174133, AccVa: 0.8195000290870667, CeTr: 0.5106413960456848, CeVa: 0.7789937853813171
Epoch: 82, AccTr: 0.8540999889373779, AccVa: 0.815500020980835, CeTr: 0.5386502146720886, CeVa: 0.8077238202095032
Epoch: 83, AccTr: 0.8722000122070312, AccVa: 0.8339999914169312, CeTr: 0.47560620307922363, CeVa: 0.7313171625137329
Epoch: 84, AccTr: 0.8615000247955322, AccVa: 0.8289999961853027, CeTr: 0.4926638603210449, CeVa: 0.7326900362968445
Epoch: 85, AccTr: 0.8689000010490417, AccVa: 0.8259999752044678, CeTr: 0.46561527252197266, CeVa: 0.7564626336097717
ENSEMBLE | Tr_Acc: 0.9616000056266785, Tr_CE: 0.11800024658441544, Va_Acc: 0.9235000014305115, Va_CE: 0.2926548421382904
Epoch: 86, AccTr: 0.8673999905586243, AccVa: 0.824999988079071, CeTr: 0.4742058217525482, CeVa: 0.7055949568748474
Epoch: 87, AccTr: 0.8737000226974487, AccVa: 0.8309999704360962, CeTr: 0.4734209477901459, CeVa: 0.7285789847373962
Epoch: 88, AccTr: 0.8639000058174133, AccVa: 0.8454999923706055, CeTr: 0.4801814556121826, CeVa: 0.712602436542511
Epoch: 89, AccTr: 0.8574000000953674, AccVa: 0.8134999871253967, CeTr: 0.48029839992523193, CeVa: 0.735420823097229
Epoch: 90, AccTr: 0.8723000288009644, AccVa: 0.8289999961853027, CeTr: 0.4507700204849243, CeVa: 0.7478864192962646
ENSEMBLE | Tr_Acc: 0.9623000025749207, Tr_CE: 0.11694584041833878, Va_Acc: 0.9200000166893005, Va_CE: 0.29181304574012756
Epoch: 91, AccTr: 0.8695999979972839, AccVa: 0.8224999904632568, CeTr: 0.4520130753517151, CeVa: 0.7652369737625122
Epoch: 92, AccTr: 0.8693000078201294, AccVa: 0.8184999823570251, CeTr: 0.5026723742485046, CeVa: 0.8101202845573425
Epoch: 93, AccTr: 0.870199978351593, AccVa: 0.8230000138282776, CeTr: 0.4862048327922821, CeVa: 0.692356288433075
Epoch: 94, AccTr: 0.8671000003814697, AccVa: 0.8215000033378601, CeTr: 0.4728294909000397, CeVa: 0.7758740782737732
Epoch: 95, AccTr: 0.8776000142097473, AccVa: 0.8385000228881836, CeTr: 0.4568054676055908, CeVa: 0.7175009846687317
ENSEMBLE | Tr_Acc: 0.9624999761581421, Tr_CE: 0.11567607522010803, Va_Acc: 0.921500027179718, Va_CE: 0.2904609143733978
Epoch: 96, AccTr: 0.8662999868392944, AccVa: 0.8220000267028809, CeTr: 0.45846205949783325, CeVa: 0.7124649286270142
Epoch: 97, AccTr: 0.8759999871253967, AccVa: 0.8174999952316284, CeTr: 0.41407090425491333, CeVa: 0.7832483649253845
Epoch: 98, AccTr: 0.8672999739646912, AccVa: 0.8274999856948853, CeTr: 0.4832281172275543, CeVa: 0.7674524784088135
Epoch: 99, AccTr: 0.8781999945640564, AccVa: 0.8339999914169312, CeTr: 0.41744962334632874, CeVa: 0.6898515820503235
Epoch: 100, AccTr: 0.8565999865531921, AccVa: 0.8295000195503235, CeTr: 0.5398133397102356, CeVa: 0.7345631122589111
ENSEMBLE | Tr_Acc: 0.9623000025749207, Tr_CE: 0.11716889590024948, Va_Acc: 0.9225000143051147, Va_CE: 0.288770854473114
Epoch: 101, AccTr: 0.8727999925613403, AccVa: 0.840499997138977, CeTr: 0.4599078595638275, CeVa: 0.6659173965454102
Epoch: 102, AccTr: 0.871399998664856, AccVa: 0.8339999914169312, CeTr: 0.4642791152000427, CeVa: 0.6953917145729065
Epoch: 103, AccTr: 0.8718000054359436, AccVa: 0.8309999704360962, CeTr: 0.45539891719818115, CeVa: 0.7225053906440735
Epoch: 104, AccTr: 0.876800000667572, AccVa: 0.8454999923706055, CeTr: 0.4607013761997223, CeVa: 0.6549751162528992
Epoch: 105, AccTr: 0.8686000108718872, AccVa: 0.8330000042915344, CeTr: 0.47905293107032776, CeVa: 0.6966122388839722
ENSEMBLE | Tr_Acc: 0.9625999927520752, Tr_CE: 0.11747460067272186, Va_Acc: 0.9259999990463257, Va_CE: 0.28644832968711853
Epoch: 106, AccTr: 0.8741999864578247, AccVa: 0.8410000205039978, CeTr: 0.44492143392562866, CeVa: 0.6491146087646484
Epoch: 107, AccTr: 0.8797000050544739, AccVa: 0.8345000147819519, CeTr: 0.42567387223243713, CeVa: 0.7203575968742371
Epoch: 108, AccTr: 0.8715000152587891, AccVa: 0.8174999952316284, CeTr: 0.425807386636734, CeVa: 0.716154158115387
Epoch: 109, AccTr: 0.871999979019165, AccVa: 0.8339999914169312, CeTr: 0.4761175811290741, CeVa: 0.7158604264259338
Epoch: 110, AccTr: 0.869700014591217, AccVa: 0.8335000276565552, CeTr: 0.45823007822036743, CeVa: 0.7230369448661804
ENSEMBLE | Tr_Acc: 0.9627000093460083, Tr_CE: 0.1168021708726883, Va_Acc: 0.9265000224113464, Va_CE: 0.2843296527862549
Epoch: 111, AccTr: 0.8744999766349792, AccVa: 0.8259999752044678, CeTr: 0.4582609236240387, CeVa: 0.717440664768219
Epoch: 112, AccTr: 0.8611000180244446, AccVa: 0.8199999928474426, CeTr: 0.5172179937362671, CeVa: 0.767664909362793
Epoch: 113, AccTr: 0.8720999956130981, AccVa: 0.8324999809265137, CeTr: 0.47612425684928894, CeVa: 0.7428519129753113
Epoch: 114, AccTr: 0.8640000224113464, AccVa: 0.8274999856948853, CeTr: 0.49157285690307617, CeVa: 0.7977900505065918
Epoch: 115, AccTr: 0.8741999864578247, AccVa: 0.8450000286102295, CeTr: 0.4583204984664917, CeVa: 0.6720682382583618
ENSEMBLE | Tr_Acc: 0.9629999995231628, Tr_CE: 0.11560215801000595, Va_Acc: 0.9284999966621399, Va_CE: 0.2815587818622589
Epoch: 116, AccTr: 0.8686000108718872, AccVa: 0.8274999856948853, CeTr: 0.4715711772441864, CeVa: 0.7203696370124817
Epoch: 117, AccTr: 0.8726000189781189, AccVa: 0.8245000243186951, CeTr: 0.45168203115463257, CeVa: 0.7275038957595825
Epoch: 118, AccTr: 0.8650000095367432, AccVa: 0.8165000081062317, CeTr: 0.484880656003952, CeVa: 0.7650136947631836
Epoch: 119, AccTr: 0.8622000217437744, AccVa: 0.8324999809265137, CeTr: 0.4798802137374878, CeVa: 0.7110614776611328
Epoch: 120, AccTr: 0.864300012588501, AccVa: 0.8360000252723694, CeTr: 0.4829167127609253, CeVa: 0.7165467143058777
ENSEMBLE | Tr_Acc: 0.9631999731063843, Tr_CE: 0.11533734202384949, Va_Acc: 0.9244999885559082, Va_CE: 0.2807043790817261
Epoch: 121, AccTr: 0.8648999929428101, AccVa: 0.8264999985694885, CeTr: 0.48784559965133667, CeVa: 0.7625807523727417
Epoch: 122, AccTr: 0.869700014591217, AccVa: 0.8234999775886536, CeTr: 0.45761021971702576, CeVa: 0.7252344489097595
Epoch: 123, AccTr: 0.8715000152587891, AccVa: 0.8339999914169312, CeTr: 0.4641423225402832, CeVa: 0.7164188027381897
Epoch: 124, AccTr: 0.8705000281333923, AccVa: 0.8309999704360962, CeTr: 0.4509422779083252, CeVa: 0.6837127804756165
Epoch: 125, AccTr: 0.8734999895095825, AccVa: 0.8330000042915344, CeTr: 0.4659501910209656, CeVa: 0.688383936882019
ENSEMBLE | Tr_Acc: 0.9629999995231628, Tr_CE: 0.11532516777515411, Va_Acc: 0.9259999990463257, Va_CE: 0.2794678807258606
Epoch: 126, AccTr: 0.8744000196456909, AccVa: 0.8215000033378601, CeTr: 0.46073055267333984, CeVa: 0.741070568561554
Epoch: 127, AccTr: 0.8730999827384949, AccVa: 0.8165000081062317, CeTr: 0.43518152832984924, CeVa: 0.7295862436294556
Epoch: 128, AccTr: 0.8756999969482422, AccVa: 0.8255000114440918, CeTr: 0.4301970601081848, CeVa: 0.6985329985618591
Epoch: 129, AccTr: 0.8715999722480774, AccVa: 0.840499997138977, CeTr: 0.44144296646118164, CeVa: 0.6785379648208618
Epoch: 130, AccTr: 0.8708999752998352, AccVa: 0.8349999785423279, CeTr: 0.45949864387512207, CeVa: 0.7099521160125732
ENSEMBLE | Tr_Acc: 0.963699996471405, Tr_CE: 0.1143912822008133, Va_Acc: 0.925000011920929, Va_CE: 0.27987140417099
Epoch: 131, AccTr: 0.8616999983787537, AccVa: 0.809499979019165, CeTr: 0.4886658787727356, CeVa: 0.7436876893043518
Epoch: 132, AccTr: 0.8734999895095825, AccVa: 0.8295000195503235, CeTr: 0.4474147856235504, CeVa: 0.7112048864364624
Epoch: 133, AccTr: 0.8769000172615051, AccVa: 0.840499997138977, CeTr: 0.433796226978302, CeVa: 0.7162148356437683
Epoch: 134, AccTr: 0.8755999803543091, AccVa: 0.8259999752044678, CeTr: 0.421336829662323, CeVa: 0.7151758074760437
Epoch: 135, AccTr: 0.8720999956130981, AccVa: 0.8295000195503235, CeTr: 0.4395748972892761, CeVa: 0.6930034160614014
ENSEMBLE | Tr_Acc: 0.9634000062942505, Tr_CE: 0.1133706271648407, Va_Acc: 0.9254999756813049, Va_CE: 0.2786577641963959
Epoch: 136, AccTr: 0.8729000091552734, AccVa: 0.8255000114440918, CeTr: 0.430879682302475, CeVa: 0.751648485660553
Epoch: 137, AccTr: 0.8776999711990356, AccVa: 0.8295000195503235, CeTr: 0.4361347258090973, CeVa: 0.7002235651016235
Epoch: 138, AccTr: 0.8593000173568726, AccVa: 0.8230000138282776, CeTr: 0.5457032918930054, CeVa: 0.7653926610946655
Epoch: 139, AccTr: 0.8665000200271606, AccVa: 0.8195000290870667, CeTr: 0.5090001225471497, CeVa: 0.7510400414466858
Epoch: 140, AccTr: 0.8759999871253967, AccVa: 0.843999981880188, CeTr: 0.41747838258743286, CeVa: 0.6969382166862488
ENSEMBLE | Tr_Acc: 0.963699996471405, Tr_CE: 0.11255314946174622, Va_Acc: 0.9254999756813049, Va_CE: 0.27730482816696167
Epoch: 141, AccTr: 0.8700000047683716, AccVa: 0.8270000219345093, CeTr: 0.44433653354644775, CeVa: 0.7474647760391235
Epoch: 142, AccTr: 0.8657000064849854, AccVa: 0.8330000042915344, CeTr: 0.49497804045677185, CeVa: 0.7390474677085876
Epoch: 143, AccTr: 0.8777999877929688, AccVa: 0.8374999761581421, CeTr: 0.4370996057987213, CeVa: 0.7141857147216797
Epoch: 144, AccTr: 0.8543999791145325, AccVa: 0.8224999904632568, CeTr: 0.5667779445648193, CeVa: 0.8138522505760193
Epoch: 145, AccTr: 0.8633999824523926, AccVa: 0.8169999718666077, CeTr: 0.4923507869243622, CeVa: 0.7308005690574646
ENSEMBLE | Tr_Acc: 0.9627000093460083, Tr_CE: 0.11234971880912781, Va_Acc: 0.9269999861717224, Va_CE: 0.27743443846702576
Epoch: 146, AccTr: 0.8687000274658203, AccVa: 0.8274999856948853, CeTr: 0.4613579213619232, CeVa: 0.7526724934577942
Epoch: 147, AccTr: 0.8646000027656555, AccVa: 0.8240000009536743, CeTr: 0.47837695479393005, CeVa: 0.7486647367477417
Epoch: 148, AccTr: 0.866100013256073, AccVa: 0.8264999985694885, CeTr: 0.49593114852905273, CeVa: 0.7608168721199036
Epoch: 149, AccTr: 0.8650000095367432, AccVa: 0.8159999847412109, CeTr: 0.49898165464401245, CeVa: 0.7516875863075256
Epoch: 150, AccTr: 0.8702999949455261, AccVa: 0.8349999785423279, CeTr: 0.4511585533618927, CeVa: 0.7065514326095581
ENSEMBLE | Tr_Acc: 0.9631999731063843, Tr_CE: 0.11167462170124054, Va_Acc: 0.9279999732971191, Va_CE: 0.2778410017490387
NN CONFIG
Weight-type:		ternary
Layout									Layer #1: 280	Layer #2: 200	
Activation Functions					Layer #1: bs	Layer #2: bs	
Keep probabilities		Layer #0: 0.99	Layer #1: 0.98	Layer #2: 0.98	
Flat factors							Layer #1: 1.0	Layer #2: 1.0	Layer #3: 1.0	
Activation Noise						Layer #1: 0.1	Layer #2: 0.1	Layer #3: 0.0	

===================================

RUN CONFIG
Epochs: 150, Blocksize: 4

===================================

Epoch: 1, AccTr: 0.8561000227928162, AccVa: 0.828499972820282, CeTr: 0.5208382606506348, CeVa: 0.7438640594482422
Epoch: 2, AccTr: 0.8521999716758728, AccVa: 0.8044999837875366, CeTr: 0.5360826253890991, CeVa: 0.7752436399459839
Epoch: 3, AccTr: 0.8597000241279602, AccVa: 0.8009999990463257, CeTr: 0.49715518951416016, CeVa: 0.799095094203949
Epoch: 4, AccTr: 0.8574000000953674, AccVa: 0.8234999775886536, CeTr: 0.5036057829856873, CeVa: 0.7316363453865051
Epoch: 5, AccTr: 0.8632000088691711, AccVa: 0.8084999918937683, CeTr: 0.46243253350257874, CeVa: 0.7225570678710938
Epoch: 6, AccTr: 0.8623999953269958, AccVa: 0.8305000066757202, CeTr: 0.48306524753570557, CeVa: 0.71113121509552
Epoch: 7, AccTr: 0.84579998254776, AccVa: 0.7994999885559082, CeTr: 0.5672757029533386, CeVa: 0.8068763613700867
Epoch: 8, AccTr: 0.8651000261306763, AccVa: 0.8360000252723694, CeTr: 0.4537132680416107, CeVa: 0.683235764503479
Epoch: 9, AccTr: 0.8654999732971191, AccVa: 0.828000009059906, CeTr: 0.49259430170059204, CeVa: 0.7225396633148193
Epoch: 10, AccTr: 0.8650000095367432, AccVa: 0.828000009059906, CeTr: 0.48056113719940186, CeVa: 0.7079271078109741
Epoch: 11, AccTr: 0.8650000095367432, AccVa: 0.8224999904632568, CeTr: 0.4810432493686676, CeVa: 0.7971925139427185
Epoch: 12, AccTr: 0.8525000214576721, AccVa: 0.8069999814033508, CeTr: 0.5509666800498962, CeVa: 0.8473957180976868
Epoch: 13, AccTr: 0.8421000242233276, AccVa: 0.800000011920929, CeTr: 0.566127359867096, CeVa: 0.8510335683822632
Epoch: 14, AccTr: 0.8569999933242798, AccVa: 0.8134999871253967, CeTr: 0.5031534433364868, CeVa: 0.8105103373527527
Epoch: 15, AccTr: 0.8587999939918518, AccVa: 0.796500027179718, CeTr: 0.504950761795044, CeVa: 0.8071382641792297
Epoch: 16, AccTr: 0.8632000088691711, AccVa: 0.809499979019165, CeTr: 0.46858465671539307, CeVa: 0.7924056649208069
Epoch: 17, AccTr: 0.8689000010490417, AccVa: 0.8314999938011169, CeTr: 0.4677678644657135, CeVa: 0.7414273619651794
Epoch: 18, AccTr: 0.8715999722480774, AccVa: 0.8335000276565552, CeTr: 0.45473241806030273, CeVa: 0.6946914196014404
Epoch: 19, AccTr: 0.8655999898910522, AccVa: 0.8309999704360962, CeTr: 0.47420018911361694, CeVa: 0.7239852547645569
Epoch: 20, AccTr: 0.8582000136375427, AccVa: 0.8184999823570251, CeTr: 0.5013758540153503, CeVa: 0.7543809413909912
Epoch: 21, AccTr: 0.8676999807357788, AccVa: 0.8199999928474426, CeTr: 0.4518299698829651, CeVa: 0.7638897895812988
Epoch: 22, AccTr: 0.8546000123023987, AccVa: 0.8215000033378601, CeTr: 0.5232142806053162, CeVa: 0.7561411261558533
Epoch: 23, AccTr: 0.864799976348877, AccVa: 0.8245000243186951, CeTr: 0.479738712310791, CeVa: 0.756544828414917
Epoch: 24, AccTr: 0.8618000149726868, AccVa: 0.8184999823570251, CeTr: 0.48388800024986267, CeVa: 0.803268313407898
Epoch: 25, AccTr: 0.863099992275238, AccVa: 0.8069999814033508, CeTr: 0.5120190382003784, CeVa: 0.8364070653915405
Epoch: 26, AccTr: 0.8610000014305115, AccVa: 0.8100000023841858, CeTr: 0.4834229350090027, CeVa: 0.8101122975349426
Epoch: 27, AccTr: 0.8632000088691711, AccVa: 0.8309999704360962, CeTr: 0.4575275778770447, CeVa: 0.7470856308937073
Epoch: 28, AccTr: 0.8644999861717224, AccVa: 0.8295000195503235, CeTr: 0.4956846535205841, CeVa: 0.747560441493988
Epoch: 29, AccTr: 0.847100019454956, AccVa: 0.8134999871253967, CeTr: 0.5552904605865479, CeVa: 0.7774723172187805
Epoch: 30, AccTr: 0.8592000007629395, AccVa: 0.8184999823570251, CeTr: 0.4885757267475128, CeVa: 0.7837468981742859
ENSEMBLE | Tr_Acc: 0.8592000007629395, Tr_CE: 0.4885757267475128, Va_Acc: 0.8184999823570251, Va_CE: 0.7837468981742859
Epoch: 31, AccTr: 0.8763999938964844, AccVa: 0.8270000219345093, CeTr: 0.41032055020332336, CeVa: 0.723017156124115
Epoch: 32, AccTr: 0.8730000257492065, AccVa: 0.8305000066757202, CeTr: 0.43884629011154175, CeVa: 0.70272296667099
Epoch: 33, AccTr: 0.8694999814033508, AccVa: 0.8274999856948853, CeTr: 0.45406895875930786, CeVa: 0.7031626105308533
Epoch: 34, AccTr: 0.8687999844551086, AccVa: 0.815500020980835, CeTr: 0.4616834819316864, CeVa: 0.7553249597549438
Epoch: 35, AccTr: 0.8725000023841858, AccVa: 0.8270000219345093, CeTr: 0.4742465913295746, CeVa: 0.7243667244911194
ENSEMBLE | Tr_Acc: 0.9186000227928162, Tr_CE: 0.26651591062545776, Va_Acc: 0.8715000152587891, Va_CE: 0.48943862318992615
Epoch: 36, AccTr: 0.859499990940094, AccVa: 0.8119999766349792, CeTr: 0.475080281496048, CeVa: 0.8163790106773376
Epoch: 37, AccTr: 0.8650000095367432, AccVa: 0.824999988079071, CeTr: 0.4715377986431122, CeVa: 0.738580584526062
Epoch: 38, AccTr: 0.8593999743461609, AccVa: 0.8184999823570251, CeTr: 0.5134190320968628, CeVa: 0.7769370079040527
Epoch: 39, AccTr: 0.8680999875068665, AccVa: 0.8370000123977661, CeTr: 0.4544679820537567, CeVa: 0.6818388104438782
Epoch: 40, AccTr: 0.8705999851226807, AccVa: 0.8224999904632568, CeTr: 0.4603803753852844, CeVa: 0.753264307975769
ENSEMBLE | Tr_Acc: 0.9351999759674072, Tr_CE: 0.2087903767824173, Va_Acc: 0.8934999704360962, Va_CE: 0.40870893001556396
Epoch: 41, AccTr: 0.8626999855041504, AccVa: 0.8105000257492065, CeTr: 0.4725000858306885, CeVa: 0.7911227345466614
Epoch: 42, AccTr: 0.8690000176429749, AccVa: 0.8274999856948853, CeTr: 0.4545406103134155, CeVa: 0.7261738181114197
Epoch: 43, AccTr: 0.8748999834060669, AccVa: 0.8414999842643738, CeTr: 0.45016348361968994, CeVa: 0.6602264642715454
Epoch: 44, AccTr: 0.873199999332428, AccVa: 0.8314999938011169, CeTr: 0.44090503454208374, CeVa: 0.7449468374252319
Epoch: 45, AccTr: 0.8723999857902527, AccVa: 0.8360000252723694, CeTr: 0.4688628911972046, CeVa: 0.7727442383766174
ENSEMBLE | Tr_Acc: 0.9416999816894531, Tr_CE: 0.18317188322544098, Va_Acc: 0.9045000076293945, Va_CE: 0.39054054021835327
Epoch: 46, AccTr: 0.8633000254631042, AccVa: 0.8134999871253967, CeTr: 0.47698256373405457, CeVa: 0.7727174162864685
Epoch: 47, AccTr: 0.8622999787330627, AccVa: 0.8259999752044678, CeTr: 0.46930643916130066, CeVa: 0.7269803285598755
Epoch: 48, AccTr: 0.866100013256073, AccVa: 0.8309999704360962, CeTr: 0.48014238476753235, CeVa: 0.6929406523704529
Epoch: 49, AccTr: 0.8695999979972839, AccVa: 0.8314999938011169, CeTr: 0.4518428146839142, CeVa: 0.6413503885269165
Epoch: 50, AccTr: 0.8694999814033508, AccVa: 0.8414999842643738, CeTr: 0.4803387224674225, CeVa: 0.7007784247398376
ENSEMBLE | Tr_Acc: 0.947700023651123, Tr_CE: 0.17165905237197876, Va_Acc: 0.9054999947547913, Va_CE: 0.36811456084251404
Epoch: 51, AccTr: 0.8672000169754028, AccVa: 0.8240000009536743, CeTr: 0.47375211119651794, CeVa: 0.7418317198753357
Epoch: 52, AccTr: 0.8622000217437744, AccVa: 0.8299999833106995, CeTr: 0.49090927839279175, CeVa: 0.6905902028083801
Epoch: 53, AccTr: 0.8669000267982483, AccVa: 0.828000009059906, CeTr: 0.45639273524284363, CeVa: 0.7085978984832764
Epoch: 54, AccTr: 0.8622999787330627, AccVa: 0.8259999752044678, CeTr: 0.4782966673374176, CeVa: 0.7439802885055542
Epoch: 55, AccTr: 0.8743000030517578, AccVa: 0.8305000066757202, CeTr: 0.43046969175338745, CeVa: 0.7063305377960205
ENSEMBLE | Tr_Acc: 0.9520000219345093, Tr_CE: 0.15670235455036163, Va_Acc: 0.909500002861023, Va_CE: 0.34978827834129333
Epoch: 56, AccTr: 0.8658000230789185, AccVa: 0.824999988079071, CeTr: 0.4778352677822113, CeVa: 0.7315253615379333
Epoch: 57, AccTr: 0.8604999780654907, AccVa: 0.8199999928474426, CeTr: 0.49932003021240234, CeVa: 0.7723085880279541
Epoch: 58, AccTr: 0.8561000227928162, AccVa: 0.8234999775886536, CeTr: 0.4922417104244232, CeVa: 0.7507365942001343
Epoch: 59, AccTr: 0.8529999852180481, AccVa: 0.8134999871253967, CeTr: 0.5262956619262695, CeVa: 0.7466975450515747
Epoch: 60, AccTr: 0.871999979019165, AccVa: 0.8295000195503235, CeTr: 0.4529832899570465, CeVa: 0.7305506467819214
ENSEMBLE | Tr_Acc: 0.9541000127792358, Tr_CE: 0.1461229771375656, Va_Acc: 0.9114999771118164, Va_CE: 0.33392858505249023
Epoch: 61, AccTr: 0.8694000244140625, AccVa: 0.8195000290870667, CeTr: 0.45040643215179443, CeVa: 0.739871084690094
Epoch: 62, AccTr: 0.8639000058174133, AccVa: 0.8040000200271606, CeTr: 0.48121631145477295, CeVa: 0.8411577343940735
Epoch: 63, AccTr: 0.8569999933242798, AccVa: 0.8090000152587891, CeTr: 0.47651147842407227, CeVa: 0.8171290755271912
Epoch: 64, AccTr: 0.8741000294685364, AccVa: 0.8215000033378601, CeTr: 0.4567634165287018, CeVa: 0.7182561159133911
Epoch: 65, AccTr: 0.8652999997138977, AccVa: 0.8115000128746033, CeTr: 0.47382715344429016, CeVa: 0.7947311997413635
ENSEMBLE | Tr_Acc: 0.9555000066757202, Tr_CE: 0.1397113800048828, Va_Acc: 0.9169999957084656, Va_CE: 0.3266042470932007
Epoch: 66, AccTr: 0.8648999929428101, AccVa: 0.8195000290870667, CeTr: 0.4597588777542114, CeVa: 0.6993171572685242
Epoch: 67, AccTr: 0.8610000014305115, AccVa: 0.8364999890327454, CeTr: 0.5107446908950806, CeVa: 0.7411731481552124
Epoch: 68, AccTr: 0.8659999966621399, AccVa: 0.8234999775886536, CeTr: 0.4871121048927307, CeVa: 0.7612660527229309
Epoch: 69, AccTr: 0.8741999864578247, AccVa: 0.8270000219345093, CeTr: 0.43982452154159546, CeVa: 0.729290783405304
Epoch: 70, AccTr: 0.8679999709129333, AccVa: 0.8274999856948853, CeTr: 0.47935858368873596, CeVa: 0.7376499772071838
ENSEMBLE | Tr_Acc: 0.9573000073432922, Tr_CE: 0.13545386493206024, Va_Acc: 0.9175000190734863, Va_CE: 0.31936344504356384
Epoch: 71, AccTr: 0.8503999710083008, AccVa: 0.8090000152587891, CeTr: 0.5211964845657349, CeVa: 0.8367522358894348
Epoch: 72, AccTr: 0.8651999831199646, AccVa: 0.8240000009536743, CeTr: 0.463900089263916, CeVa: 0.7811213731765747
Epoch: 73, AccTr: 0.8593999743461609, AccVa: 0.8019999861717224, CeTr: 0.46435242891311646, CeVa: 0.768608033657074
Epoch: 74, AccTr: 0.8549000024795532, AccVa: 0.8180000185966492, CeTr: 0.4949761629104614, CeVa: 0.775912880897522
Epoch: 75, AccTr: 0.8585000038146973, AccVa: 0.8270000219345093, CeTr: 0.49440282583236694, CeVa: 0.7333214282989502
ENSEMBLE | Tr_Acc: 0.9584000110626221, Tr_CE: 0.132780984044075, Va_Acc: 0.9190000295639038, Va_CE: 0.314844012260437
Epoch: 76, AccTr: 0.8675000071525574, AccVa: 0.8259999752044678, CeTr: 0.4591459035873413, CeVa: 0.7348044514656067
Epoch: 77, AccTr: 0.8672000169754028, AccVa: 0.8209999799728394, CeTr: 0.47377774119377136, CeVa: 0.7564871907234192
Epoch: 78, AccTr: 0.857699990272522, AccVa: 0.8149999976158142, CeTr: 0.5251187086105347, CeVa: 0.73183673620224
Epoch: 79, AccTr: 0.8521999716758728, AccVa: 0.8125, CeTr: 0.5100862979888916, CeVa: 0.7644446492195129
Epoch: 80, AccTr: 0.8707000017166138, AccVa: 0.8324999809265137, CeTr: 0.45130273699760437, CeVa: 0.7692122459411621
ENSEMBLE | Tr_Acc: 0.9595000147819519, Tr_CE: 0.13005883991718292, Va_Acc: 0.9190000295639038, Va_CE: 0.3137860894203186
Epoch: 81, AccTr: 0.8698999881744385, AccVa: 0.8195000290870667, CeTr: 0.48079442977905273, CeVa: 0.7807089686393738
Epoch: 82, AccTr: 0.8422999978065491, AccVa: 0.8190000057220459, CeTr: 0.6043462753295898, CeVa: 0.80375075340271
Epoch: 83, AccTr: 0.8589000105857849, AccVa: 0.8299999833106995, CeTr: 0.4803277254104614, CeVa: 0.7217733263969421
Epoch: 84, AccTr: 0.8715999722480774, AccVa: 0.8259999752044678, CeTr: 0.44449955224990845, CeVa: 0.7440018653869629
Epoch: 85, AccTr: 0.866100013256073, AccVa: 0.8195000290870667, CeTr: 0.489170640707016, CeVa: 0.737947404384613
ENSEMBLE | Tr_Acc: 0.9610000252723694, Tr_CE: 0.12906235456466675, Va_Acc: 0.9204999804496765, Va_CE: 0.31100329756736755
Epoch: 86, AccTr: 0.8680999875068665, AccVa: 0.8399999737739563, CeTr: 0.46614623069763184, CeVa: 0.7252137660980225
Epoch: 87, AccTr: 0.8586000204086304, AccVa: 0.8309999704360962, CeTr: 0.51432204246521, CeVa: 0.71000736951828
Epoch: 88, AccTr: 0.8737000226974487, AccVa: 0.8289999961853027, CeTr: 0.4533580541610718, CeVa: 0.7036600112915039
Epoch: 89, AccTr: 0.8646000027656555, AccVa: 0.8199999928474426, CeTr: 0.4568576514720917, CeVa: 0.7260249257087708
Epoch: 90, AccTr: 0.8676999807357788, AccVa: 0.8230000138282776, CeTr: 0.4668497145175934, CeVa: 0.7396087050437927
ENSEMBLE | Tr_Acc: 0.9595000147819519, Tr_CE: 0.1279606968164444, Va_Acc: 0.9160000085830688, Va_CE: 0.30993616580963135
Epoch: 91, AccTr: 0.866599977016449, AccVa: 0.8220000267028809, CeTr: 0.46469423174858093, CeVa: 0.7355698943138123
Epoch: 92, AccTr: 0.8676999807357788, AccVa: 0.828499972820282, CeTr: 0.44211119413375854, CeVa: 0.6846825480461121
Epoch: 93, AccTr: 0.871999979019165, AccVa: 0.8215000033378601, CeTr: 0.44337284564971924, CeVa: 0.753134548664093
Epoch: 94, AccTr: 0.8648999929428101, AccVa: 0.8199999928474426, CeTr: 0.4724302589893341, CeVa: 0.7508488297462463
Epoch: 95, AccTr: 0.8766999840736389, AccVa: 0.8379999995231628, CeTr: 0.45462676882743835, CeVa: 0.7100056409835815
ENSEMBLE | Tr_Acc: 0.960099995136261, Tr_CE: 0.12692765891551971, Va_Acc: 0.9175000190734863, Va_CE: 0.30552053451538086
Epoch: 96, AccTr: 0.8705999851226807, AccVa: 0.8234999775886536, CeTr: 0.44820860028266907, CeVa: 0.7369207143783569
Epoch: 97, AccTr: 0.8705999851226807, AccVa: 0.8389999866485596, CeTr: 0.4295041561126709, CeVa: 0.6764360070228577
Epoch: 98, AccTr: 0.8709999918937683, AccVa: 0.8349999785423279, CeTr: 0.44154155254364014, CeVa: 0.7089419960975647
Epoch: 99, AccTr: 0.8651999831199646, AccVa: 0.8259999752044678, CeTr: 0.47107529640197754, CeVa: 0.7072126269340515
Epoch: 100, AccTr: 0.8697999715805054, AccVa: 0.8080000281333923, CeTr: 0.44221073389053345, CeVa: 0.808185338973999
ENSEMBLE | Tr_Acc: 0.9613000154495239, Tr_CE: 0.1246240958571434, Va_Acc: 0.9179999828338623, Va_CE: 0.30553868412971497
Epoch: 101, AccTr: 0.878000020980835, AccVa: 0.8234999775886536, CeTr: 0.4185720682144165, CeVa: 0.7370721101760864
Epoch: 102, AccTr: 0.8647000193595886, AccVa: 0.8195000290870667, CeTr: 0.48359715938568115, CeVa: 0.7344288229942322
Epoch: 103, AccTr: 0.8644999861717224, AccVa: 0.824999988079071, CeTr: 0.4499567449092865, CeVa: 0.6810864210128784
Epoch: 104, AccTr: 0.8740000128746033, AccVa: 0.8345000147819519, CeTr: 0.46609237790107727, CeVa: 0.6735876202583313
Epoch: 105, AccTr: 0.8668000102043152, AccVa: 0.8364999890327454, CeTr: 0.4876486361026764, CeVa: 0.669451892375946
ENSEMBLE | Tr_Acc: 0.9606000185012817, Tr_CE: 0.1242448091506958, Va_Acc: 0.9190000295639038, Va_CE: 0.3017207682132721
Epoch: 106, AccTr: 0.8614000082015991, AccVa: 0.8410000205039978, CeTr: 0.5361461043357849, CeVa: 0.7264530062675476
Epoch: 107, AccTr: 0.8698999881744385, AccVa: 0.8355000019073486, CeTr: 0.45627498626708984, CeVa: 0.719278872013092
Epoch: 108, AccTr: 0.8650000095367432, AccVa: 0.843999981880188, CeTr: 0.4624382257461548, CeVa: 0.6632426381111145
Epoch: 109, AccTr: 0.8682000041007996, AccVa: 0.8270000219345093, CeTr: 0.45787471532821655, CeVa: 0.715819239616394
Epoch: 110, AccTr: 0.8658000230789185, AccVa: 0.8240000009536743, CeTr: 0.4638863801956177, CeVa: 0.7489708065986633
ENSEMBLE | Tr_Acc: 0.9614999890327454, Tr_CE: 0.12310444563627243, Va_Acc: 0.9175000190734863, Va_CE: 0.30006176233291626
Epoch: 111, AccTr: 0.8687999844551086, AccVa: 0.8314999938011169, CeTr: 0.45730873942375183, CeVa: 0.7315754294395447
Epoch: 112, AccTr: 0.8694999814033508, AccVa: 0.8140000104904175, CeTr: 0.43953976035118103, CeVa: 0.8074530959129333
Epoch: 113, AccTr: 0.8791000247001648, AccVa: 0.8414999842643738, CeTr: 0.4176800847053528, CeVa: 0.7447595000267029
Epoch: 114, AccTr: 0.8769000172615051, AccVa: 0.8234999775886536, CeTr: 0.43226251006126404, CeVa: 0.7453067302703857
Epoch: 115, AccTr: 0.8766000270843506, AccVa: 0.8289999961853027, CeTr: 0.4357888698577881, CeVa: 0.7244040369987488
ENSEMBLE | Tr_Acc: 0.9616000056266785, Tr_CE: 0.12144900113344193, Va_Acc: 0.9190000295639038, Va_CE: 0.30028170347213745
Epoch: 116, AccTr: 0.871399998664856, AccVa: 0.8299999833106995, CeTr: 0.44958165287971497, CeVa: 0.7020018100738525
Epoch: 117, AccTr: 0.8676000237464905, AccVa: 0.8230000138282776, CeTr: 0.46764296293258667, CeVa: 0.7796193361282349
Epoch: 118, AccTr: 0.869700014591217, AccVa: 0.828000009059906, CeTr: 0.4822230041027069, CeVa: 0.7474424839019775
Epoch: 119, AccTr: 0.8658999800682068, AccVa: 0.828499972820282, CeTr: 0.4728061556816101, CeVa: 0.7227515578269958
Epoch: 120, AccTr: 0.8831999897956848, AccVa: 0.8424999713897705, CeTr: 0.41715845465660095, CeVa: 0.6857303977012634
ENSEMBLE | Tr_Acc: 0.961899995803833, Tr_CE: 0.12009992450475693, Va_Acc: 0.9200000166893005, Va_CE: 0.2989623546600342
Epoch: 121, AccTr: 0.8665000200271606, AccVa: 0.8330000042915344, CeTr: 0.5126497149467468, CeVa: 0.7305591702461243
Epoch: 122, AccTr: 0.8740000128746033, AccVa: 0.8324999809265137, CeTr: 0.4583793878555298, CeVa: 0.7478145956993103
Epoch: 123, AccTr: 0.8712999820709229, AccVa: 0.8305000066757202, CeTr: 0.44671446084976196, CeVa: 0.7095869183540344
Epoch: 124, AccTr: 0.8716999888420105, AccVa: 0.8345000147819519, CeTr: 0.4611716866493225, CeVa: 0.695292592048645
Epoch: 125, AccTr: 0.8705999851226807, AccVa: 0.8255000114440918, CeTr: 0.4608568847179413, CeVa: 0.716428279876709
ENSEMBLE | Tr_Acc: 0.9625999927520752, Tr_CE: 0.11845772713422775, Va_Acc: 0.9229999780654907, Va_CE: 0.2989790141582489
Epoch: 126, AccTr: 0.8733000159263611, AccVa: 0.8305000066757202, CeTr: 0.4571148455142975, CeVa: 0.7433239817619324
Epoch: 127, AccTr: 0.8723000288009644, AccVa: 0.8159999847412109, CeTr: 0.4695557653903961, CeVa: 0.7248722910881042
Epoch: 128, AccTr: 0.8547999858856201, AccVa: 0.8209999799728394, CeTr: 0.5097092986106873, CeVa: 0.6726261973381042
Epoch: 129, AccTr: 0.8623999953269958, AccVa: 0.8115000128746033, CeTr: 0.49487435817718506, CeVa: 0.7410984635353088
Epoch: 130, AccTr: 0.8651999831199646, AccVa: 0.8220000267028809, CeTr: 0.47076788544654846, CeVa: 0.7418283224105835
ENSEMBLE | Tr_Acc: 0.9629999995231628, Tr_CE: 0.11822349578142166, Va_Acc: 0.9225000143051147, Va_CE: 0.29731786251068115
Epoch: 131, AccTr: 0.8690999746322632, AccVa: 0.8165000081062317, CeTr: 0.4399111270904541, CeVa: 0.792588472366333
Epoch: 132, AccTr: 0.8774999976158142, AccVa: 0.8349999785423279, CeTr: 0.422820508480072, CeVa: 0.7011207342147827
Epoch: 133, AccTr: 0.866599977016449, AccVa: 0.8069999814033508, CeTr: 0.4789925813674927, CeVa: 0.7909042239189148
Epoch: 134, AccTr: 0.8669999837875366, AccVa: 0.8295000195503235, CeTr: 0.4682891070842743, CeVa: 0.7364075183868408
Epoch: 135, AccTr: 0.8658999800682068, AccVa: 0.8080000281333923, CeTr: 0.4671638607978821, CeVa: 0.7847426533699036
ENSEMBLE | Tr_Acc: 0.9625999927520752, Tr_CE: 0.11763237416744232, Va_Acc: 0.9229999780654907, Va_CE: 0.29646870493888855
Epoch: 136, AccTr: 0.8730999827384949, AccVa: 0.8379999995231628, CeTr: 0.45287197828292847, CeVa: 0.6715545058250427
Epoch: 137, AccTr: 0.864300012588501, AccVa: 0.828499972820282, CeTr: 0.4857707917690277, CeVa: 0.7218379378318787
Epoch: 138, AccTr: 0.8636000156402588, AccVa: 0.8130000233650208, CeTr: 0.49939998984336853, CeVa: 0.7797428369522095
Epoch: 139, AccTr: 0.866599977016449, AccVa: 0.828000009059906, CeTr: 0.47806137800216675, CeVa: 0.7107195854187012
Epoch: 140, AccTr: 0.862500011920929, AccVa: 0.8264999985694885, CeTr: 0.4766180217266083, CeVa: 0.7166358828544617
ENSEMBLE | Tr_Acc: 0.9627000093460083, Tr_CE: 0.11724165081977844, Va_Acc: 0.921999990940094, Va_CE: 0.29546433687210083
Epoch: 141, AccTr: 0.8504999876022339, AccVa: 0.8224999904632568, CeTr: 0.5479165315628052, CeVa: 0.7648161053657532
Epoch: 142, AccTr: 0.8708999752998352, AccVa: 0.8429999947547913, CeTr: 0.4619114398956299, CeVa: 0.7075223326683044
Epoch: 143, AccTr: 0.8747000098228455, AccVa: 0.8335000276565552, CeTr: 0.4463290572166443, CeVa: 0.6710379123687744
Epoch: 144, AccTr: 0.8648999929428101, AccVa: 0.824999988079071, CeTr: 0.47967779636383057, CeVa: 0.757216215133667
Epoch: 145, AccTr: 0.8719000220298767, AccVa: 0.8240000009536743, CeTr: 0.43237635493278503, CeVa: 0.7686161398887634
ENSEMBLE | Tr_Acc: 0.9628999829292297, Tr_CE: 0.11628539115190506, Va_Acc: 0.9229999780654907, Va_CE: 0.2961839735507965
Epoch: 146, AccTr: 0.8802000284194946, AccVa: 0.8264999985694885, CeTr: 0.4307202100753784, CeVa: 0.7528519034385681
Epoch: 147, AccTr: 0.8676999807357788, AccVa: 0.8410000205039978, CeTr: 0.5051491856575012, CeVa: 0.699373722076416
Epoch: 148, AccTr: 0.8759999871253967, AccVa: 0.828499972820282, CeTr: 0.4296916425228119, CeVa: 0.732045590877533
Epoch: 149, AccTr: 0.8723000288009644, AccVa: 0.8410000205039978, CeTr: 0.4303815960884094, CeVa: 0.6857847571372986
Epoch: 150, AccTr: 0.8743000030517578, AccVa: 0.8274999856948853, CeTr: 0.43747368454933167, CeVa: 0.6834887862205505
ENSEMBLE | Tr_Acc: 0.9632999897003174, Tr_CE: 0.11541679501533508, Va_Acc: 0.925000011920929, Va_CE: 0.2940847873687744
Mod Accuracy || Mean: 0.8312499523162842	 Std: 0.0037499964237213135
Ens Accuracy || Mean: 0.9264999628067017	 Std: 0.0014999806880950928
Mod CE || Mean: 0.6950200796127319	 Std: 0.011531323194503784
Ens CE || Mean: 0.28596287965774536	 Std: 0.008121892809867859
