NN CONFIG
Weight-type:		ternary
Layout									Layer #1: 280	Layer #2: 200	
Activation Functions					Layer #1: bs	Layer #2: bs	
Keep probabilities		Layer #0: 0.99	Layer #1: 0.98	Layer #2: 0.98	
Flat factors							Layer #1: 1.0	Layer #2: 1.0	Layer #3: 1.0	
Activation Noise						Layer #1: 0.1	Layer #2: 0.1	Layer #3: 0.0	

===================================

RUN CONFIG
Epochs: 150, Blocksize: 4

===================================

Epoch: 1, AccTr: 0.8490999937057495, AccVa: 0.8069999814033508, CeTr: 0.6509943604469299, CeVa: 0.9278548955917358
Epoch: 2, AccTr: 0.843999981880188, AccVa: 0.7935000061988831, CeTr: 0.6167454123497009, CeVa: 0.9629201292991638
Epoch: 3, AccTr: 0.8392000198364258, AccVa: 0.800000011920929, CeTr: 0.606313169002533, CeVa: 0.9042463898658752
Epoch: 4, AccTr: 0.8339999914169312, AccVa: 0.8019999861717224, CeTr: 0.6496618390083313, CeVa: 0.8703210353851318
Epoch: 5, AccTr: 0.8458999991416931, AccVa: 0.8044999837875366, CeTr: 0.5714846253395081, CeVa: 0.8314033150672913
Epoch: 6, AccTr: 0.8482000231742859, AccVa: 0.8224999904632568, CeTr: 0.5671415328979492, CeVa: 0.7671825289726257
Epoch: 7, AccTr: 0.8501999974250793, AccVa: 0.8180000185966492, CeTr: 0.5616750717163086, CeVa: 0.7738611102104187
Epoch: 8, AccTr: 0.8489000201225281, AccVa: 0.8090000152587891, CeTr: 0.5420396327972412, CeVa: 0.837380588054657
Epoch: 9, AccTr: 0.8418999910354614, AccVa: 0.8174999952316284, CeTr: 0.6036527156829834, CeVa: 0.8050082325935364
Epoch: 10, AccTr: 0.8367999792098999, AccVa: 0.8080000281333923, CeTr: 0.6378920674324036, CeVa: 0.8497279286384583
Epoch: 11, AccTr: 0.8493000268936157, AccVa: 0.8140000104904175, CeTr: 0.568418562412262, CeVa: 0.8185281157493591
Epoch: 12, AccTr: 0.8511000275611877, AccVa: 0.8044999837875366, CeTr: 0.5624891519546509, CeVa: 0.856889009475708
Epoch: 13, AccTr: 0.8440999984741211, AccVa: 0.8090000152587891, CeTr: 0.6181761026382446, CeVa: 0.8848541378974915
Epoch: 14, AccTr: 0.8603000044822693, AccVa: 0.8165000081062317, CeTr: 0.5465842485427856, CeVa: 0.8387259840965271
Epoch: 15, AccTr: 0.8633999824523926, AccVa: 0.8149999976158142, CeTr: 0.5333187580108643, CeVa: 0.8642771244049072
Epoch: 16, AccTr: 0.8618999719619751, AccVa: 0.8205000162124634, CeTr: 0.5205281376838684, CeVa: 0.7616926431655884
Epoch: 17, AccTr: 0.8583999872207642, AccVa: 0.8180000185966492, CeTr: 0.526193380355835, CeVa: 0.8081423044204712
Epoch: 18, AccTr: 0.8564000129699707, AccVa: 0.824999988079071, CeTr: 0.5439021587371826, CeVa: 0.8515806198120117
Epoch: 19, AccTr: 0.8615999817848206, AccVa: 0.8270000219345093, CeTr: 0.5211972594261169, CeVa: 0.8136366009712219
Epoch: 20, AccTr: 0.8644999861717224, AccVa: 0.8080000281333923, CeTr: 0.5217970609664917, CeVa: 0.8186682462692261
Epoch: 21, AccTr: 0.8633999824523926, AccVa: 0.8220000267028809, CeTr: 0.49948662519454956, CeVa: 0.8261043429374695
Epoch: 22, AccTr: 0.8615999817848206, AccVa: 0.8065000176429749, CeTr: 0.4933200180530548, CeVa: 0.8489054441452026
Epoch: 23, AccTr: 0.8668000102043152, AccVa: 0.8130000233650208, CeTr: 0.5059381127357483, CeVa: 0.8215892314910889
Epoch: 24, AccTr: 0.8495000004768372, AccVa: 0.8019999861717224, CeTr: 0.6006335616111755, CeVa: 0.9220266938209534
Epoch: 25, AccTr: 0.8639000058174133, AccVa: 0.8109999895095825, CeTr: 0.5118160843849182, CeVa: 0.9505559802055359
Epoch: 26, AccTr: 0.8589000105857849, AccVa: 0.8149999976158142, CeTr: 0.5447956323623657, CeVa: 0.8794399499893188
Epoch: 27, AccTr: 0.8547000288963318, AccVa: 0.8015000224113464, CeTr: 0.5703105330467224, CeVa: 0.8908724188804626
Epoch: 28, AccTr: 0.8597999811172485, AccVa: 0.8349999785423279, CeTr: 0.5424262881278992, CeVa: 0.7819231748580933
Epoch: 29, AccTr: 0.8628000020980835, AccVa: 0.8169999718666077, CeTr: 0.49415352940559387, CeVa: 0.793583333492279
Epoch: 30, AccTr: 0.8539000153541565, AccVa: 0.8224999904632568, CeTr: 0.5463259816169739, CeVa: 0.8388509750366211
ENSEMBLE | Tr_Acc: 0.8539000153541565, Tr_CE: 0.5463259816169739, Va_Acc: 0.8224999904632568, Va_CE: 0.8388509750366211
Epoch: 31, AccTr: 0.8604999780654907, AccVa: 0.8199999928474426, CeTr: 0.5427815318107605, CeVa: 0.8645573854446411
Epoch: 32, AccTr: 0.8565999865531921, AccVa: 0.8105000257492065, CeTr: 0.553347647190094, CeVa: 0.8790302872657776
Epoch: 33, AccTr: 0.8600999712944031, AccVa: 0.8195000290870667, CeTr: 0.5297464728355408, CeVa: 0.853469967842102
Epoch: 34, AccTr: 0.868399977684021, AccVa: 0.8259999752044678, CeTr: 0.4899006485939026, CeVa: 0.7773807644844055
Epoch: 35, AccTr: 0.8641999959945679, AccVa: 0.8220000267028809, CeTr: 0.4930940568447113, CeVa: 0.8135160803794861
ENSEMBLE | Tr_Acc: 0.907800018787384, Tr_CE: 0.28989139199256897, Va_Acc: 0.8654999732971191, Va_CE: 0.5554749369621277
Epoch: 36, AccTr: 0.8698999881744385, AccVa: 0.8019999861717224, CeTr: 0.47881317138671875, CeVa: 0.8498412370681763
Epoch: 37, AccTr: 0.8601999878883362, AccVa: 0.8220000267028809, CeTr: 0.5403602719306946, CeVa: 0.8011285662651062
Epoch: 38, AccTr: 0.8658000230789185, AccVa: 0.8174999952316284, CeTr: 0.5034651160240173, CeVa: 0.8200321197509766
Epoch: 39, AccTr: 0.8639000058174133, AccVa: 0.8130000233650208, CeTr: 0.5080962181091309, CeVa: 0.8696218132972717
Epoch: 40, AccTr: 0.8579999804496765, AccVa: 0.8174999952316284, CeTr: 0.5201355218887329, CeVa: 0.8083434700965881
ENSEMBLE | Tr_Acc: 0.9343000054359436, Tr_CE: 0.20823915302753448, Va_Acc: 0.8859999775886536, Va_CE: 0.43747660517692566
Epoch: 41, AccTr: 0.8629999756813049, AccVa: 0.8144999742507935, CeTr: 0.5323538780212402, CeVa: 0.8802448511123657
Epoch: 42, AccTr: 0.8654000163078308, AccVa: 0.8100000023841858, CeTr: 0.533873975276947, CeVa: 0.8273752331733704
Epoch: 43, AccTr: 0.8621000051498413, AccVa: 0.8100000023841858, CeTr: 0.5408200025558472, CeVa: 0.906059980392456
Epoch: 44, AccTr: 0.8701000213623047, AccVa: 0.8299999833106995, CeTr: 0.4852122664451599, CeVa: 0.8273324966430664
Epoch: 45, AccTr: 0.8730000257492065, AccVa: 0.8125, CeTr: 0.4741409718990326, CeVa: 0.873238742351532
ENSEMBLE | Tr_Acc: 0.946399986743927, Tr_CE: 0.17322251200675964, Va_Acc: 0.9014999866485596, Va_CE: 0.4118984341621399
Epoch: 46, AccTr: 0.8695999979972839, AccVa: 0.8144999742507935, CeTr: 0.49700379371643066, CeVa: 0.8521550297737122
Epoch: 47, AccTr: 0.871399998664856, AccVa: 0.8134999871253967, CeTr: 0.4904549717903137, CeVa: 0.9046705961227417
Epoch: 48, AccTr: 0.8707000017166138, AccVa: 0.8159999847412109, CeTr: 0.4882979393005371, CeVa: 0.8569684028625488
Epoch: 49, AccTr: 0.8744000196456909, AccVa: 0.8305000066757202, CeTr: 0.4624488353729248, CeVa: 0.7940196394920349
Epoch: 50, AccTr: 0.8693000078201294, AccVa: 0.8220000267028809, CeTr: 0.4957897365093231, CeVa: 0.8483462929725647
ENSEMBLE | Tr_Acc: 0.9516000151634216, Tr_CE: 0.15487556159496307, Va_Acc: 0.902999997138977, Va_CE: 0.39148759841918945
Epoch: 51, AccTr: 0.864300012588501, AccVa: 0.8169999718666077, CeTr: 0.533848226070404, CeVa: 0.8260756731033325
Epoch: 52, AccTr: 0.8633000254631042, AccVa: 0.8220000267028809, CeTr: 0.500658392906189, CeVa: 0.8344634175300598
Epoch: 53, AccTr: 0.8694999814033508, AccVa: 0.8190000057220459, CeTr: 0.5161795616149902, CeVa: 0.8504303693771362
Epoch: 54, AccTr: 0.8546000123023987, AccVa: 0.828000009059906, CeTr: 0.5707239508628845, CeVa: 0.7666330933570862
Epoch: 55, AccTr: 0.8655999898910522, AccVa: 0.8255000114440918, CeTr: 0.515850841999054, CeVa: 0.780939519405365
ENSEMBLE | Tr_Acc: 0.9524000287055969, Tr_CE: 0.1472512185573578, Va_Acc: 0.9070000052452087, Va_CE: 0.36905866861343384
Epoch: 56, AccTr: 0.864300012588501, AccVa: 0.8220000267028809, CeTr: 0.5008438229560852, CeVa: 0.8447203040122986
Epoch: 57, AccTr: 0.8646000027656555, AccVa: 0.8240000009536743, CeTr: 0.5220030546188354, CeVa: 0.7798178791999817
Epoch: 58, AccTr: 0.8668000102043152, AccVa: 0.8274999856948853, CeTr: 0.4843262732028961, CeVa: 0.7905303835868835
Epoch: 59, AccTr: 0.8689000010490417, AccVa: 0.8309999704360962, CeTr: 0.4896649420261383, CeVa: 0.7202111482620239
Epoch: 60, AccTr: 0.8590999841690063, AccVa: 0.8289999961853027, CeTr: 0.5126824378967285, CeVa: 0.8146509528160095
ENSEMBLE | Tr_Acc: 0.954200029373169, Tr_CE: 0.14353592693805695, Va_Acc: 0.9079999923706055, Va_CE: 0.360532283782959
Epoch: 61, AccTr: 0.8640000224113464, AccVa: 0.8424999713897705, CeTr: 0.5299276113510132, CeVa: 0.7272779941558838
Epoch: 62, AccTr: 0.8646000027656555, AccVa: 0.8395000100135803, CeTr: 0.513520359992981, CeVa: 0.7317222356796265
Epoch: 63, AccTr: 0.866100013256073, AccVa: 0.8195000290870667, CeTr: 0.4991704225540161, CeVa: 0.7835896015167236
Epoch: 64, AccTr: 0.8644000291824341, AccVa: 0.8209999799728394, CeTr: 0.5216141939163208, CeVa: 0.8257715106010437
Epoch: 65, AccTr: 0.8644999861717224, AccVa: 0.8205000162124634, CeTr: 0.4982077181339264, CeVa: 0.8077096343040466
ENSEMBLE | Tr_Acc: 0.9527999758720398, Tr_CE: 0.13872133195400238, Va_Acc: 0.9129999876022339, Va_CE: 0.3512037396430969
Epoch: 66, AccTr: 0.8629000186920166, AccVa: 0.8184999823570251, CeTr: 0.521195113658905, CeVa: 0.821439266204834
Epoch: 67, AccTr: 0.8738999962806702, AccVa: 0.8159999847412109, CeTr: 0.4931207001209259, CeVa: 0.835562527179718
Epoch: 68, AccTr: 0.8687000274658203, AccVa: 0.8190000057220459, CeTr: 0.4893084466457367, CeVa: 0.8174417018890381
Epoch: 69, AccTr: 0.8547999858856201, AccVa: 0.8115000128746033, CeTr: 0.565459668636322, CeVa: 0.8685224652290344
Epoch: 70, AccTr: 0.867900013923645, AccVa: 0.8054999709129333, CeTr: 0.5050820708274841, CeVa: 0.8696552515029907
ENSEMBLE | Tr_Acc: 0.9549999833106995, Tr_CE: 0.13479618728160858, Va_Acc: 0.9104999899864197, Va_CE: 0.34607449173927307
Epoch: 71, AccTr: 0.8766999840736389, AccVa: 0.8274999856948853, CeTr: 0.4606432616710663, CeVa: 0.8163265585899353
Epoch: 72, AccTr: 0.8637999892234802, AccVa: 0.8149999976158142, CeTr: 0.5136909484863281, CeVa: 0.8474938869476318
Epoch: 73, AccTr: 0.8677999973297119, AccVa: 0.8309999704360962, CeTr: 0.5122507810592651, CeVa: 0.8259145021438599
Epoch: 74, AccTr: 0.8751999735832214, AccVa: 0.8355000019073486, CeTr: 0.4995816946029663, CeVa: 0.7939620614051819
Epoch: 75, AccTr: 0.8726000189781189, AccVa: 0.8305000066757202, CeTr: 0.4853525459766388, CeVa: 0.7819913625717163
ENSEMBLE | Tr_Acc: 0.9585000276565552, Tr_CE: 0.12958697974681854, Va_Acc: 0.9135000109672546, Va_CE: 0.33957239985466003
Epoch: 76, AccTr: 0.868399977684021, AccVa: 0.8245000243186951, CeTr: 0.4953516721725464, CeVa: 0.8196489810943604
Epoch: 77, AccTr: 0.8704000115394592, AccVa: 0.824999988079071, CeTr: 0.48193231225013733, CeVa: 0.7842474579811096
Epoch: 78, AccTr: 0.8669000267982483, AccVa: 0.8245000243186951, CeTr: 0.5063995122909546, CeVa: 0.7520376443862915
Epoch: 79, AccTr: 0.8664000034332275, AccVa: 0.828000009059906, CeTr: 0.5028882622718811, CeVa: 0.7264400124549866
Epoch: 80, AccTr: 0.8745999932289124, AccVa: 0.8259999752044678, CeTr: 0.4712561070919037, CeVa: 0.7837422490119934
ENSEMBLE | Tr_Acc: 0.9599000215530396, Tr_CE: 0.1268300563097, Va_Acc: 0.9144999980926514, Va_CE: 0.33290359377861023
Epoch: 81, AccTr: 0.8694999814033508, AccVa: 0.8335000276565552, CeTr: 0.4987034201622009, CeVa: 0.7644464373588562
Epoch: 82, AccTr: 0.8603000044822693, AccVa: 0.8234999775886536, CeTr: 0.5429727435112, CeVa: 0.8248267769813538
Epoch: 83, AccTr: 0.8773000240325928, AccVa: 0.8270000219345093, CeTr: 0.4716673791408539, CeVa: 0.8264957666397095
Epoch: 84, AccTr: 0.8698999881744385, AccVa: 0.815500020980835, CeTr: 0.48009949922561646, CeVa: 0.8252057433128357
Epoch: 85, AccTr: 0.8741999864578247, AccVa: 0.828000009059906, CeTr: 0.4555801749229431, CeVa: 0.7873592376708984
ENSEMBLE | Tr_Acc: 0.9603000283241272, Tr_CE: 0.12261711061000824, Va_Acc: 0.9139999747276306, Va_CE: 0.3268851041793823
Epoch: 86, AccTr: 0.8707000017166138, AccVa: 0.8215000033378601, CeTr: 0.481397807598114, CeVa: 0.8104777932167053
Epoch: 87, AccTr: 0.8711000084877014, AccVa: 0.8220000267028809, CeTr: 0.48175424337387085, CeVa: 0.8276774883270264
Epoch: 88, AccTr: 0.8648999929428101, AccVa: 0.828000009059906, CeTr: 0.5195866227149963, CeVa: 0.8155843615531921
Epoch: 89, AccTr: 0.8652999997138977, AccVa: 0.8220000267028809, CeTr: 0.5030604600906372, CeVa: 0.8177570104598999
Epoch: 90, AccTr: 0.8526999950408936, AccVa: 0.8224999904632568, CeTr: 0.6056510210037231, CeVa: 0.8606482148170471
ENSEMBLE | Tr_Acc: 0.9606000185012817, Tr_CE: 0.12308918684720993, Va_Acc: 0.9160000085830688, Va_CE: 0.3257817327976227
Epoch: 91, AccTr: 0.8690999746322632, AccVa: 0.8295000195503235, CeTr: 0.4746246039867401, CeVa: 0.7717539072036743
Epoch: 92, AccTr: 0.8632000088691711, AccVa: 0.8195000290870667, CeTr: 0.5083206295967102, CeVa: 0.8125721216201782
Epoch: 93, AccTr: 0.8694999814033508, AccVa: 0.8360000252723694, CeTr: 0.4897230863571167, CeVa: 0.7826359272003174
Epoch: 94, AccTr: 0.8726999759674072, AccVa: 0.8374999761581421, CeTr: 0.4970528781414032, CeVa: 0.7182294726371765
Epoch: 95, AccTr: 0.8686000108718872, AccVa: 0.8270000219345093, CeTr: 0.510399341583252, CeVa: 0.8221964836120605
ENSEMBLE | Tr_Acc: 0.963100016117096, Tr_CE: 0.12182452529668808, Va_Acc: 0.9175000190734863, Va_CE: 0.3225480914115906
Epoch: 96, AccTr: 0.8690000176429749, AccVa: 0.8355000019073486, CeTr: 0.48662060499191284, CeVa: 0.7076221108436584
Epoch: 97, AccTr: 0.8654999732971191, AccVa: 0.8230000138282776, CeTr: 0.5126469731330872, CeVa: 0.7853896617889404
Epoch: 98, AccTr: 0.8651000261306763, AccVa: 0.8309999704360962, CeTr: 0.5004574656486511, CeVa: 0.7784677147865295
Epoch: 99, AccTr: 0.861299991607666, AccVa: 0.8314999938011169, CeTr: 0.5563504099845886, CeVa: 0.8156983852386475
Epoch: 100, AccTr: 0.8744999766349792, AccVa: 0.8335000276565552, CeTr: 0.4638825058937073, CeVa: 0.7250075936317444
ENSEMBLE | Tr_Acc: 0.9631999731063843, Tr_CE: 0.11884177476167679, Va_Acc: 0.9164999723434448, Va_CE: 0.3178099989891052
Epoch: 101, AccTr: 0.8697999715805054, AccVa: 0.8230000138282776, CeTr: 0.4912295937538147, CeVa: 0.7997124195098877
Epoch: 102, AccTr: 0.8568999767303467, AccVa: 0.8195000290870667, CeTr: 0.5574847459793091, CeVa: 0.8790507912635803
Epoch: 103, AccTr: 0.8571000099182129, AccVa: 0.824999988079071, CeTr: 0.5284144282341003, CeVa: 0.8122828006744385
Epoch: 104, AccTr: 0.8762999773025513, AccVa: 0.8335000276565552, CeTr: 0.44800785183906555, CeVa: 0.7779334187507629
Epoch: 105, AccTr: 0.8587999939918518, AccVa: 0.8090000152587891, CeTr: 0.5553871989250183, CeVa: 0.8565357327461243
ENSEMBLE | Tr_Acc: 0.9635999798774719, Tr_CE: 0.11841181665658951, Va_Acc: 0.9194999933242798, Va_CE: 0.3135825991630554
Epoch: 106, AccTr: 0.8658000230789185, AccVa: 0.8220000267028809, CeTr: 0.5088575482368469, CeVa: 0.7936021685600281
Epoch: 107, AccTr: 0.8694000244140625, AccVa: 0.8274999856948853, CeTr: 0.509042501449585, CeVa: 0.7999940514564514
Epoch: 108, AccTr: 0.8697999715805054, AccVa: 0.8379999995231628, CeTr: 0.505685567855835, CeVa: 0.723429262638092
Epoch: 109, AccTr: 0.8689000010490417, AccVa: 0.824999988079071, CeTr: 0.4971516728401184, CeVa: 0.8200634121894836
Epoch: 110, AccTr: 0.8695999979972839, AccVa: 0.8389999866485596, CeTr: 0.457858681678772, CeVa: 0.7725331783294678
ENSEMBLE | Tr_Acc: 0.9639000296592712, Tr_CE: 0.11607135087251663, Va_Acc: 0.9210000038146973, Va_CE: 0.31063446402549744
Epoch: 111, AccTr: 0.8618999719619751, AccVa: 0.8360000252723694, CeTr: 0.4968945384025574, CeVa: 0.7699386477470398
Epoch: 112, AccTr: 0.866100013256073, AccVa: 0.8345000147819519, CeTr: 0.519184947013855, CeVa: 0.7617141008377075
Epoch: 113, AccTr: 0.8622000217437744, AccVa: 0.8374999761581421, CeTr: 0.555767297744751, CeVa: 0.789397120475769
Epoch: 114, AccTr: 0.8698999881744385, AccVa: 0.8410000205039978, CeTr: 0.49916571378707886, CeVa: 0.7355585098266602
Epoch: 115, AccTr: 0.8654000163078308, AccVa: 0.8355000019073486, CeTr: 0.53944993019104, CeVa: 0.7377927899360657
ENSEMBLE | Tr_Acc: 0.9641000032424927, Tr_CE: 0.11574825644493103, Va_Acc: 0.9200000166893005, Va_CE: 0.3060600161552429
Epoch: 116, AccTr: 0.867900013923645, AccVa: 0.8360000252723694, CeTr: 0.4977511763572693, CeVa: 0.763443112373352
Epoch: 117, AccTr: 0.8585000038146973, AccVa: 0.8245000243186951, CeTr: 0.5473053455352783, CeVa: 0.8361771702766418
Epoch: 118, AccTr: 0.8571000099182129, AccVa: 0.8205000162124634, CeTr: 0.5712970495223999, CeVa: 0.8512552976608276
Epoch: 119, AccTr: 0.8672000169754028, AccVa: 0.8314999938011169, CeTr: 0.5198109745979309, CeVa: 0.7708356976509094
Epoch: 120, AccTr: 0.8682000041007996, AccVa: 0.828000009059906, CeTr: 0.5014235973358154, CeVa: 0.7782400846481323
ENSEMBLE | Tr_Acc: 0.9645000100135803, Tr_CE: 0.11424104124307632, Va_Acc: 0.9244999885559082, Va_CE: 0.30515894293785095
Epoch: 121, AccTr: 0.8622999787330627, AccVa: 0.8264999985694885, CeTr: 0.5249778032302856, CeVa: 0.7647956609725952
Epoch: 122, AccTr: 0.8690999746322632, AccVa: 0.8305000066757202, CeTr: 0.4922325313091278, CeVa: 0.8119959235191345
Epoch: 123, AccTr: 0.8633999824523926, AccVa: 0.8345000147819519, CeTr: 0.5337648391723633, CeVa: 0.7596767544746399
Epoch: 124, AccTr: 0.8737000226974487, AccVa: 0.8309999704360962, CeTr: 0.47395747900009155, CeVa: 0.8196097612380981
Epoch: 125, AccTr: 0.8769999742507935, AccVa: 0.8289999961853027, CeTr: 0.45850419998168945, CeVa: 0.8102201223373413
ENSEMBLE | Tr_Acc: 0.965399980545044, Tr_CE: 0.11358349770307541, Va_Acc: 0.9235000014305115, Va_CE: 0.3042590916156769
Epoch: 126, AccTr: 0.875, AccVa: 0.8374999761581421, CeTr: 0.4834519624710083, CeVa: 0.7759891748428345
Epoch: 127, AccTr: 0.8640000224113464, AccVa: 0.815500020980835, CeTr: 0.509544312953949, CeVa: 0.8418968319892883
Epoch: 128, AccTr: 0.8766000270843506, AccVa: 0.8324999809265137, CeTr: 0.4820430278778076, CeVa: 0.7961955666542053
Epoch: 129, AccTr: 0.8697999715805054, AccVa: 0.8240000009536743, CeTr: 0.5051327347755432, CeVa: 0.8255875706672668
Epoch: 130, AccTr: 0.8648999929428101, AccVa: 0.8205000162124634, CeTr: 0.5317719578742981, CeVa: 0.8606401085853577
ENSEMBLE | Tr_Acc: 0.965499997138977, Tr_CE: 0.11359371244907379, Va_Acc: 0.9244999885559082, Va_CE: 0.30446657538414
Epoch: 131, AccTr: 0.8690000176429749, AccVa: 0.8320000171661377, CeTr: 0.5392937660217285, CeVa: 0.7413371205329895
Epoch: 132, AccTr: 0.8661999702453613, AccVa: 0.828499972820282, CeTr: 0.5262287259101868, CeVa: 0.862673819065094
Epoch: 133, AccTr: 0.8640000224113464, AccVa: 0.8259999752044678, CeTr: 0.5059897303581238, CeVa: 0.7656092643737793
Epoch: 134, AccTr: 0.864799976348877, AccVa: 0.8180000185966492, CeTr: 0.5199990272521973, CeVa: 0.8735662698745728
Epoch: 135, AccTr: 0.8751999735832214, AccVa: 0.8320000171661377, CeTr: 0.46725010871887207, CeVa: 0.7875030636787415
ENSEMBLE | Tr_Acc: 0.9656999707221985, Tr_CE: 0.11234355717897415, Va_Acc: 0.9259999990463257, Va_CE: 0.30176469683647156
Epoch: 136, AccTr: 0.8618000149726868, AccVa: 0.8205000162124634, CeTr: 0.526902437210083, CeVa: 0.8071392774581909
Epoch: 137, AccTr: 0.8698999881744385, AccVa: 0.8234999775886536, CeTr: 0.4906119108200073, CeVa: 0.8032451272010803
Epoch: 138, AccTr: 0.873199999332428, AccVa: 0.8379999995231628, CeTr: 0.4660227596759796, CeVa: 0.7468715310096741
Epoch: 139, AccTr: 0.8712000250816345, AccVa: 0.8299999833106995, CeTr: 0.47869300842285156, CeVa: 0.7747039794921875
Epoch: 140, AccTr: 0.8697999715805054, AccVa: 0.8240000009536743, CeTr: 0.4807503819465637, CeVa: 0.7962248921394348
ENSEMBLE | Tr_Acc: 0.9657999873161316, Tr_CE: 0.11107734590768814, Va_Acc: 0.9259999990463257, Va_CE: 0.3002794086933136
Epoch: 141, AccTr: 0.8607000112533569, AccVa: 0.8149999976158142, CeTr: 0.5278748273849487, CeVa: 0.8279325366020203
Epoch: 142, AccTr: 0.8723999857902527, AccVa: 0.8320000171661377, CeTr: 0.4825492203235626, CeVa: 0.778389573097229
Epoch: 143, AccTr: 0.8673999905586243, AccVa: 0.8205000162124634, CeTr: 0.5095627903938293, CeVa: 0.8424611687660217
Epoch: 144, AccTr: 0.8722000122070312, AccVa: 0.8320000171661377, CeTr: 0.479141503572464, CeVa: 0.7369287014007568
Epoch: 145, AccTr: 0.8673999905586243, AccVa: 0.8259999752044678, CeTr: 0.5036144256591797, CeVa: 0.7853022813796997
ENSEMBLE | Tr_Acc: 0.967199981212616, Tr_CE: 0.10996081680059433, Va_Acc: 0.9229999780654907, Va_CE: 0.2992233335971832
Epoch: 146, AccTr: 0.8668000102043152, AccVa: 0.8335000276565552, CeTr: 0.5043428540229797, CeVa: 0.7962544560432434
Epoch: 147, AccTr: 0.8615999817848206, AccVa: 0.8184999823570251, CeTr: 0.5562726855278015, CeVa: 0.9003393650054932
Epoch: 148, AccTr: 0.8652999997138977, AccVa: 0.8205000162124634, CeTr: 0.5352732539176941, CeVa: 0.8536926507949829
Epoch: 149, AccTr: 0.8644000291824341, AccVa: 0.8255000114440918, CeTr: 0.5065912008285522, CeVa: 0.8408748507499695
Epoch: 150, AccTr: 0.8815000057220459, AccVa: 0.8274999856948853, CeTr: 0.4240882694721222, CeVa: 0.7875363826751709
ENSEMBLE | Tr_Acc: 0.9668999910354614, Tr_CE: 0.10842752456665039, Va_Acc: 0.9235000014305115, Va_CE: 0.29736945033073425
NN CONFIG
Weight-type:		ternary
Layout									Layer #1: 280	Layer #2: 200	
Activation Functions					Layer #1: bs	Layer #2: bs	
Keep probabilities		Layer #0: 0.99	Layer #1: 0.98	Layer #2: 0.98	
Flat factors							Layer #1: 1.0	Layer #2: 1.0	Layer #3: 1.0	
Activation Noise						Layer #1: 0.1	Layer #2: 0.1	Layer #3: 0.0	

===================================

RUN CONFIG
Epochs: 150, Blocksize: 4

===================================

Epoch: 1, AccTr: 0.8691999912261963, AccVa: 0.8335000276565552, CeTr: 0.4799441397190094, CeVa: 0.6700659394264221
Epoch: 2, AccTr: 0.8622999787330627, AccVa: 0.8299999833106995, CeTr: 0.5351430773735046, CeVa: 0.765296459197998
Epoch: 3, AccTr: 0.8531000018119812, AccVa: 0.8190000057220459, CeTr: 0.5638718008995056, CeVa: 0.789129376411438
Epoch: 4, AccTr: 0.8615000247955322, AccVa: 0.8215000033378601, CeTr: 0.5121496915817261, CeVa: 0.7140890955924988
Epoch: 5, AccTr: 0.8531000018119812, AccVa: 0.8140000104904175, CeTr: 0.49454376101493835, CeVa: 0.7851323485374451
Epoch: 6, AccTr: 0.8565999865531921, AccVa: 0.8199999928474426, CeTr: 0.47913897037506104, CeVa: 0.730151355266571
Epoch: 7, AccTr: 0.8673999905586243, AccVa: 0.824999988079071, CeTr: 0.45637890696525574, CeVa: 0.7738227248191833
Epoch: 8, AccTr: 0.867900013923645, AccVa: 0.8264999985694885, CeTr: 0.4692559540271759, CeVa: 0.757957935333252
Epoch: 9, AccTr: 0.8536999821662903, AccVa: 0.8044999837875366, CeTr: 0.531199038028717, CeVa: 0.8378607034683228
Epoch: 10, AccTr: 0.8679999709129333, AccVa: 0.8270000219345093, CeTr: 0.469359427690506, CeVa: 0.7343841195106506
Epoch: 11, AccTr: 0.8633999824523926, AccVa: 0.8199999928474426, CeTr: 0.4769805669784546, CeVa: 0.737274169921875
Epoch: 12, AccTr: 0.8623999953269958, AccVa: 0.8180000185966492, CeTr: 0.47643712162971497, CeVa: 0.7543134689331055
Epoch: 13, AccTr: 0.8618999719619751, AccVa: 0.8309999704360962, CeTr: 0.5083531141281128, CeVa: 0.7087727785110474
Epoch: 14, AccTr: 0.8561000227928162, AccVa: 0.8335000276565552, CeTr: 0.5147757530212402, CeVa: 0.7182306051254272
Epoch: 15, AccTr: 0.8662999868392944, AccVa: 0.8259999752044678, CeTr: 0.4703407287597656, CeVa: 0.7166665196418762
Epoch: 16, AccTr: 0.8650000095367432, AccVa: 0.8109999895095825, CeTr: 0.474193811416626, CeVa: 0.777330219745636
Epoch: 17, AccTr: 0.8636000156402588, AccVa: 0.8234999775886536, CeTr: 0.4721522033214569, CeVa: 0.7370319366455078
Epoch: 18, AccTr: 0.8682000041007996, AccVa: 0.8259999752044678, CeTr: 0.4654667377471924, CeVa: 0.7583053112030029
Epoch: 19, AccTr: 0.8665000200271606, AccVa: 0.8220000267028809, CeTr: 0.4470180571079254, CeVa: 0.6953185796737671
Epoch: 20, AccTr: 0.871399998664856, AccVa: 0.8169999718666077, CeTr: 0.46329057216644287, CeVa: 0.7545506954193115
Epoch: 21, AccTr: 0.8652999997138977, AccVa: 0.8195000290870667, CeTr: 0.46425116062164307, CeVa: 0.7369512915611267
Epoch: 22, AccTr: 0.8657000064849854, AccVa: 0.8169999718666077, CeTr: 0.4644211530685425, CeVa: 0.756904661655426
Epoch: 23, AccTr: 0.8672000169754028, AccVa: 0.8190000057220459, CeTr: 0.471619188785553, CeVa: 0.7572618126869202
Epoch: 24, AccTr: 0.8758999705314636, AccVa: 0.8299999833106995, CeTr: 0.46270951628685, CeVa: 0.7079387903213501
Epoch: 25, AccTr: 0.8632000088691711, AccVa: 0.8445000052452087, CeTr: 0.483004093170166, CeVa: 0.6368317604064941
Epoch: 26, AccTr: 0.8651000261306763, AccVa: 0.8234999775886536, CeTr: 0.4508823752403259, CeVa: 0.7144685983657837
Epoch: 27, AccTr: 0.8709999918937683, AccVa: 0.8360000252723694, CeTr: 0.4561920464038849, CeVa: 0.670126736164093
Epoch: 28, AccTr: 0.8686000108718872, AccVa: 0.8289999961853027, CeTr: 0.5094878077507019, CeVa: 0.7088413238525391
Epoch: 29, AccTr: 0.8758000135421753, AccVa: 0.8360000252723694, CeTr: 0.41816219687461853, CeVa: 0.7230550050735474
Epoch: 30, AccTr: 0.8644000291824341, AccVa: 0.8259999752044678, CeTr: 0.4645339250564575, CeVa: 0.7390323877334595
ENSEMBLE | Tr_Acc: 0.8644000291824341, Tr_CE: 0.4645339250564575, Va_Acc: 0.8259999752044678, Va_CE: 0.7390323877334595
Epoch: 31, AccTr: 0.8709999918937683, AccVa: 0.8335000276565552, CeTr: 0.454087495803833, CeVa: 0.6961060762405396
Epoch: 32, AccTr: 0.8719000220298767, AccVa: 0.8289999961853027, CeTr: 0.4336656332015991, CeVa: 0.6930006742477417
Epoch: 33, AccTr: 0.8727999925613403, AccVa: 0.8324999809265137, CeTr: 0.42742255330085754, CeVa: 0.6688407063484192
Epoch: 34, AccTr: 0.8567000031471252, AccVa: 0.828499972820282, CeTr: 0.5213621854782104, CeVa: 0.6993372440338135
Epoch: 35, AccTr: 0.8665000200271606, AccVa: 0.8330000042915344, CeTr: 0.4713623523712158, CeVa: 0.6902201771736145
ENSEMBLE | Tr_Acc: 0.9192000031471252, Tr_CE: 0.25641095638275146, Va_Acc: 0.8824999928474426, Va_CE: 0.4842454195022583
Epoch: 36, AccTr: 0.8615999817848206, AccVa: 0.828499972820282, CeTr: 0.48574501276016235, CeVa: 0.715109646320343
Epoch: 37, AccTr: 0.859000027179718, AccVa: 0.8184999823570251, CeTr: 0.5001912713050842, CeVa: 0.6887664794921875
Epoch: 38, AccTr: 0.8658999800682068, AccVa: 0.8299999833106995, CeTr: 0.46266064047813416, CeVa: 0.7029118537902832
Epoch: 39, AccTr: 0.863099992275238, AccVa: 0.8209999799728394, CeTr: 0.4946465790271759, CeVa: 0.7548466920852661
Epoch: 40, AccTr: 0.8704000115394592, AccVa: 0.8259999752044678, CeTr: 0.4850936532020569, CeVa: 0.7140797972679138
ENSEMBLE | Tr_Acc: 0.9354000091552734, Tr_CE: 0.21572589874267578, Va_Acc: 0.8989999890327454, Va_CE: 0.40228721499443054
Epoch: 41, AccTr: 0.8748000264167786, AccVa: 0.8374999761581421, CeTr: 0.43942198157310486, CeVa: 0.6916074156761169
Epoch: 42, AccTr: 0.8797000050544739, AccVa: 0.8544999957084656, CeTr: 0.4309568405151367, CeVa: 0.6520066857337952
Epoch: 43, AccTr: 0.8769000172615051, AccVa: 0.8364999890327454, CeTr: 0.43715277314186096, CeVa: 0.6680737137794495
Epoch: 44, AccTr: 0.873199999332428, AccVa: 0.8245000243186951, CeTr: 0.4485104978084564, CeVa: 0.6691256165504456
Epoch: 45, AccTr: 0.8644999861717224, AccVa: 0.8270000219345093, CeTr: 0.4848012328147888, CeVa: 0.7095214128494263
ENSEMBLE | Tr_Acc: 0.9434000253677368, Tr_CE: 0.1867903620004654, Va_Acc: 0.9100000262260437, Va_CE: 0.36901193857192993
Epoch: 46, AccTr: 0.8726999759674072, AccVa: 0.8270000219345093, CeTr: 0.45249447226524353, CeVa: 0.7119070291519165
Epoch: 47, AccTr: 0.8705000281333923, AccVa: 0.828000009059906, CeTr: 0.4729820191860199, CeVa: 0.7265517115592957
Epoch: 48, AccTr: 0.8715000152587891, AccVa: 0.8234999775886536, CeTr: 0.44268614053726196, CeVa: 0.7128222584724426
Epoch: 49, AccTr: 0.8687000274658203, AccVa: 0.8320000171661377, CeTr: 0.452984094619751, CeVa: 0.7135851979255676
Epoch: 50, AccTr: 0.8701000213623047, AccVa: 0.828499972820282, CeTr: 0.45155003666877747, CeVa: 0.739638090133667
ENSEMBLE | Tr_Acc: 0.9480000138282776, Tr_CE: 0.16664613783359528, Va_Acc: 0.9139999747276306, Va_CE: 0.33866941928863525
Epoch: 51, AccTr: 0.8723000288009644, AccVa: 0.8324999809265137, CeTr: 0.4397924840450287, CeVa: 0.6993082761764526
Epoch: 52, AccTr: 0.8632000088691711, AccVa: 0.8264999985694885, CeTr: 0.4949153661727905, CeVa: 0.7102493047714233
Epoch: 53, AccTr: 0.8654000163078308, AccVa: 0.8339999914169312, CeTr: 0.4670693278312683, CeVa: 0.7186493873596191
Epoch: 54, AccTr: 0.8651999831199646, AccVa: 0.8335000276565552, CeTr: 0.48596620559692383, CeVa: 0.6812806725502014
Epoch: 55, AccTr: 0.8683000206947327, AccVa: 0.8330000042915344, CeTr: 0.46259790658950806, CeVa: 0.6697929501533508
ENSEMBLE | Tr_Acc: 0.951200008392334, Tr_CE: 0.15654197335243225, Va_Acc: 0.9150000214576721, Va_CE: 0.3237723708152771
Epoch: 56, AccTr: 0.8655999898910522, AccVa: 0.8295000195503235, CeTr: 0.4812554717063904, CeVa: 0.7164371013641357
Epoch: 57, AccTr: 0.8683000206947327, AccVa: 0.828499972820282, CeTr: 0.4613337814807892, CeVa: 0.6820493936538696
Epoch: 58, AccTr: 0.8806999921798706, AccVa: 0.8299999833106995, CeTr: 0.42170795798301697, CeVa: 0.6993147730827332
Epoch: 59, AccTr: 0.8666999936103821, AccVa: 0.8320000171661377, CeTr: 0.4598943889141083, CeVa: 0.6525505781173706
Epoch: 60, AccTr: 0.8694000244140625, AccVa: 0.8305000066757202, CeTr: 0.46184882521629333, CeVa: 0.7039816975593567
ENSEMBLE | Tr_Acc: 0.9539999961853027, Tr_CE: 0.14969177544116974, Va_Acc: 0.9144999980926514, Va_CE: 0.31588950753211975
Epoch: 61, AccTr: 0.8726000189781189, AccVa: 0.8364999890327454, CeTr: 0.4487060010433197, CeVa: 0.7358787059783936
Epoch: 62, AccTr: 0.8741000294685364, AccVa: 0.8270000219345093, CeTr: 0.4619158208370209, CeVa: 0.7266474366188049
Epoch: 63, AccTr: 0.8697999715805054, AccVa: 0.8339999914169312, CeTr: 0.4606391489505768, CeVa: 0.7129112482070923
Epoch: 64, AccTr: 0.8693000078201294, AccVa: 0.8174999952316284, CeTr: 0.46607187390327454, CeVa: 0.8013595938682556
Epoch: 65, AccTr: 0.8780999779701233, AccVa: 0.8360000252723694, CeTr: 0.4181351959705353, CeVa: 0.7088853716850281
ENSEMBLE | Tr_Acc: 0.9552000164985657, Tr_CE: 0.1423082798719406, Va_Acc: 0.9179999828338623, Va_CE: 0.31224724650382996
Epoch: 66, AccTr: 0.8695999979972839, AccVa: 0.8324999809265137, CeTr: 0.4444250464439392, CeVa: 0.6728442907333374
Epoch: 67, AccTr: 0.8614000082015991, AccVa: 0.8274999856948853, CeTr: 0.4729883372783661, CeVa: 0.703306257724762
Epoch: 68, AccTr: 0.8690000176429749, AccVa: 0.8224999904632568, CeTr: 0.449813574552536, CeVa: 0.7272700667381287
Epoch: 69, AccTr: 0.8644999861717224, AccVa: 0.828499972820282, CeTr: 0.49286508560180664, CeVa: 0.7295791506767273
Epoch: 70, AccTr: 0.8640999794006348, AccVa: 0.8345000147819519, CeTr: 0.4954623579978943, CeVa: 0.6789321303367615
ENSEMBLE | Tr_Acc: 0.9555000066757202, Tr_CE: 0.139495849609375, Va_Acc: 0.9190000295639038, Va_CE: 0.30821940302848816
Epoch: 71, AccTr: 0.8683000206947327, AccVa: 0.8234999775886536, CeTr: 0.4856087863445282, CeVa: 0.7631380558013916
Epoch: 72, AccTr: 0.8722000122070312, AccVa: 0.8289999961853027, CeTr: 0.4570698142051697, CeVa: 0.7825389504432678
Epoch: 73, AccTr: 0.8705000281333923, AccVa: 0.840499997138977, CeTr: 0.45980820059776306, CeVa: 0.7377340793609619
Epoch: 74, AccTr: 0.8794999718666077, AccVa: 0.8339999914169312, CeTr: 0.4394914209842682, CeVa: 0.6981666088104248
Epoch: 75, AccTr: 0.8743000030517578, AccVa: 0.8314999938011169, CeTr: 0.45631250739097595, CeVa: 0.7317810654640198
ENSEMBLE | Tr_Acc: 0.95660001039505, Tr_CE: 0.13783562183380127, Va_Acc: 0.9194999933242798, Va_CE: 0.3025195300579071
Epoch: 76, AccTr: 0.8695999979972839, AccVa: 0.8264999985694885, CeTr: 0.469723641872406, CeVa: 0.7561483383178711
Epoch: 77, AccTr: 0.8698999881744385, AccVa: 0.8295000195503235, CeTr: 0.46535229682922363, CeVa: 0.770222544670105
Epoch: 78, AccTr: 0.8701000213623047, AccVa: 0.8349999785423279, CeTr: 0.45865175127983093, CeVa: 0.6851720213890076
Epoch: 79, AccTr: 0.8704000115394592, AccVa: 0.8199999928474426, CeTr: 0.4756098687648773, CeVa: 0.7652764916419983
Epoch: 80, AccTr: 0.8687999844551086, AccVa: 0.8410000205039978, CeTr: 0.4692547023296356, CeVa: 0.6943989396095276
ENSEMBLE | Tr_Acc: 0.9574000239372253, Tr_CE: 0.13512200117111206, Va_Acc: 0.9204999804496765, Va_CE: 0.29776647686958313
Epoch: 81, AccTr: 0.8668000102043152, AccVa: 0.8349999785423279, CeTr: 0.48936426639556885, CeVa: 0.669016420841217
Epoch: 82, AccTr: 0.861299991607666, AccVa: 0.8414999842643738, CeTr: 0.4938714802265167, CeVa: 0.7261966466903687
Epoch: 83, AccTr: 0.8744000196456909, AccVa: 0.8335000276565552, CeTr: 0.4535583555698395, CeVa: 0.6703788042068481
Epoch: 84, AccTr: 0.871399998664856, AccVa: 0.8395000100135803, CeTr: 0.4612087309360504, CeVa: 0.7164548635482788
Epoch: 85, AccTr: 0.8694999814033508, AccVa: 0.8259999752044678, CeTr: 0.4827831983566284, CeVa: 0.7501624226570129
ENSEMBLE | Tr_Acc: 0.9585000276565552, Tr_CE: 0.13327263295650482, Va_Acc: 0.9210000038146973, Va_CE: 0.2970724403858185
Epoch: 86, AccTr: 0.8687000274658203, AccVa: 0.8215000033378601, CeTr: 0.4743475019931793, CeVa: 0.7475607991218567
Epoch: 87, AccTr: 0.8711000084877014, AccVa: 0.8255000114440918, CeTr: 0.47673100233078003, CeVa: 0.6987394094467163
Epoch: 88, AccTr: 0.8715999722480774, AccVa: 0.8245000243186951, CeTr: 0.46304282546043396, CeVa: 0.7126955986022949
Epoch: 89, AccTr: 0.8709999918937683, AccVa: 0.8270000219345093, CeTr: 0.4479219615459442, CeVa: 0.7739686369895935
Epoch: 90, AccTr: 0.8726999759674072, AccVa: 0.8195000290870667, CeTr: 0.45684364438056946, CeVa: 0.7675137519836426
ENSEMBLE | Tr_Acc: 0.9593999981880188, Tr_CE: 0.13082849979400635, Va_Acc: 0.9204999804496765, Va_CE: 0.2986953556537628
Epoch: 91, AccTr: 0.8741999864578247, AccVa: 0.8385000228881836, CeTr: 0.4474638104438782, CeVa: 0.725781261920929
Epoch: 92, AccTr: 0.8737000226974487, AccVa: 0.8355000019073486, CeTr: 0.45881929993629456, CeVa: 0.7409237027168274
Epoch: 93, AccTr: 0.8715000152587891, AccVa: 0.828000009059906, CeTr: 0.4631806015968323, CeVa: 0.7589166760444641
Epoch: 94, AccTr: 0.8770999908447266, AccVa: 0.8355000019073486, CeTr: 0.43036162853240967, CeVa: 0.6805198788642883
Epoch: 95, AccTr: 0.8744000196456909, AccVa: 0.8355000019073486, CeTr: 0.45287036895751953, CeVa: 0.7274094223976135
ENSEMBLE | Tr_Acc: 0.9592999815940857, Tr_CE: 0.12859782576560974, Va_Acc: 0.9194999933242798, Va_CE: 0.2981804609298706
Epoch: 96, AccTr: 0.8690999746322632, AccVa: 0.8410000205039978, CeTr: 0.48631617426872253, CeVa: 0.6944980621337891
Epoch: 97, AccTr: 0.8611000180244446, AccVa: 0.8224999904632568, CeTr: 0.49917852878570557, CeVa: 0.7632841467857361
Epoch: 98, AccTr: 0.8580999970436096, AccVa: 0.8190000057220459, CeTr: 0.532927930355072, CeVa: 0.7732124924659729
Epoch: 99, AccTr: 0.8673999905586243, AccVa: 0.8295000195503235, CeTr: 0.4732973277568817, CeVa: 0.7603264451026917
Epoch: 100, AccTr: 0.8601999878883362, AccVa: 0.8119999766349792, CeTr: 0.5083001255989075, CeVa: 0.8362798094749451
ENSEMBLE | Tr_Acc: 0.958899974822998, Tr_CE: 0.127644881606102, Va_Acc: 0.9204999804496765, Va_CE: 0.29679611325263977
Epoch: 101, AccTr: 0.8515999913215637, AccVa: 0.8259999752044678, CeTr: 0.5487099885940552, CeVa: 0.7469527125358582
Epoch: 102, AccTr: 0.8590999841690063, AccVa: 0.8184999823570251, CeTr: 0.5166228413581848, CeVa: 0.757189154624939
Epoch: 103, AccTr: 0.8687000274658203, AccVa: 0.8309999704360962, CeTr: 0.4878132939338684, CeVa: 0.7108768820762634
Epoch: 104, AccTr: 0.8723999857902527, AccVa: 0.8339999914169312, CeTr: 0.45933660864830017, CeVa: 0.6765550971031189
Epoch: 105, AccTr: 0.8718000054359436, AccVa: 0.8320000171661377, CeTr: 0.49150732159614563, CeVa: 0.6912587285041809
ENSEMBLE | Tr_Acc: 0.9592999815940857, Tr_CE: 0.12702007591724396, Va_Acc: 0.921999990940094, Va_CE: 0.29285216331481934
Epoch: 106, AccTr: 0.8736000061035156, AccVa: 0.8230000138282776, CeTr: 0.4319084882736206, CeVa: 0.6930978894233704
Epoch: 107, AccTr: 0.8705999851226807, AccVa: 0.8264999985694885, CeTr: 0.48876678943634033, CeVa: 0.7351145148277283
Epoch: 108, AccTr: 0.8634999990463257, AccVa: 0.8360000252723694, CeTr: 0.49620360136032104, CeVa: 0.7059341073036194
Epoch: 109, AccTr: 0.8676999807357788, AccVa: 0.8270000219345093, CeTr: 0.46179434657096863, CeVa: 0.7058566808700562
Epoch: 110, AccTr: 0.8600000143051147, AccVa: 0.8230000138282776, CeTr: 0.504493236541748, CeVa: 0.7118586301803589
ENSEMBLE | Tr_Acc: 0.9595999717712402, Tr_CE: 0.12714484333992004, Va_Acc: 0.9229999780654907, Va_CE: 0.29029855132102966
Epoch: 111, AccTr: 0.8664000034332275, AccVa: 0.8174999952316284, CeTr: 0.46150854229927063, CeVa: 0.7553132176399231
Epoch: 112, AccTr: 0.8607000112533569, AccVa: 0.8184999823570251, CeTr: 0.5072584748268127, CeVa: 0.7771461606025696
Epoch: 113, AccTr: 0.875, AccVa: 0.8289999961853027, CeTr: 0.4379846751689911, CeVa: 0.7487403750419617
Epoch: 114, AccTr: 0.8722000122070312, AccVa: 0.8314999938011169, CeTr: 0.45648789405822754, CeVa: 0.7444209456443787
Epoch: 115, AccTr: 0.8737999796867371, AccVa: 0.8159999847412109, CeTr: 0.43686142563819885, CeVa: 0.7874051332473755
ENSEMBLE | Tr_Acc: 0.9589999914169312, Tr_CE: 0.12536434829235077, Va_Acc: 0.9200000166893005, Va_CE: 0.2935953736305237
Epoch: 116, AccTr: 0.8707000017166138, AccVa: 0.8234999775886536, CeTr: 0.4606170356273651, CeVa: 0.7346761226654053
Epoch: 117, AccTr: 0.8762000203132629, AccVa: 0.843999981880188, CeTr: 0.4523506760597229, CeVa: 0.6873530149459839
Epoch: 118, AccTr: 0.8777999877929688, AccVa: 0.8299999833106995, CeTr: 0.4367629885673523, CeVa: 0.6916868686676025
Epoch: 119, AccTr: 0.8705999851226807, AccVa: 0.8299999833106995, CeTr: 0.46693700551986694, CeVa: 0.6911277174949646
Epoch: 120, AccTr: 0.8664000034332275, AccVa: 0.8240000009536743, CeTr: 0.4623118042945862, CeVa: 0.7049829363822937
ENSEMBLE | Tr_Acc: 0.9595000147819519, Tr_CE: 0.12430880218744278, Va_Acc: 0.9204999804496765, Va_CE: 0.29102206230163574
Epoch: 121, AccTr: 0.8708000183105469, AccVa: 0.8180000185966492, CeTr: 0.4722350537776947, CeVa: 0.7361088395118713
Epoch: 122, AccTr: 0.8626000285148621, AccVa: 0.8109999895095825, CeTr: 0.5059529542922974, CeVa: 0.8207051753997803
Epoch: 123, AccTr: 0.8708999752998352, AccVa: 0.8414999842643738, CeTr: 0.4594649374485016, CeVa: 0.7002907395362854
Epoch: 124, AccTr: 0.8758999705314636, AccVa: 0.8299999833106995, CeTr: 0.4410182237625122, CeVa: 0.7510446906089783
Epoch: 125, AccTr: 0.8748999834060669, AccVa: 0.8364999890327454, CeTr: 0.45470380783081055, CeVa: 0.731220006942749
ENSEMBLE | Tr_Acc: 0.9605000019073486, Tr_CE: 0.12320452928543091, Va_Acc: 0.9225000143051147, Va_CE: 0.29168984293937683
Epoch: 126, AccTr: 0.8690999746322632, AccVa: 0.8270000219345093, CeTr: 0.46465131640434265, CeVa: 0.7368905544281006
Epoch: 127, AccTr: 0.8691999912261963, AccVa: 0.8355000019073486, CeTr: 0.4698070287704468, CeVa: 0.7273134589195251
Epoch: 128, AccTr: 0.8708000183105469, AccVa: 0.8270000219345093, CeTr: 0.46534693241119385, CeVa: 0.7151185274124146
Epoch: 129, AccTr: 0.8744999766349792, AccVa: 0.8335000276565552, CeTr: 0.44521376490592957, CeVa: 0.6937917470932007
Epoch: 130, AccTr: 0.8608999848365784, AccVa: 0.8309999704360962, CeTr: 0.4846111238002777, CeVa: 0.7252610921859741
ENSEMBLE | Tr_Acc: 0.9606999754905701, Tr_CE: 0.12213251739740372, Va_Acc: 0.9210000038146973, Va_CE: 0.2890748381614685
Epoch: 131, AccTr: 0.8711000084877014, AccVa: 0.8320000171661377, CeTr: 0.4539656341075897, CeVa: 0.7007771730422974
Epoch: 132, AccTr: 0.8669000267982483, AccVa: 0.8220000267028809, CeTr: 0.46252188086509705, CeVa: 0.7401835918426514
Epoch: 133, AccTr: 0.8745999932289124, AccVa: 0.8305000066757202, CeTr: 0.4486701190471649, CeVa: 0.7182743549346924
Epoch: 134, AccTr: 0.878000020980835, AccVa: 0.8299999833106995, CeTr: 0.4191470146179199, CeVa: 0.7530823349952698
Epoch: 135, AccTr: 0.871999979019165, AccVa: 0.8305000066757202, CeTr: 0.4396803677082062, CeVa: 0.7545722723007202
ENSEMBLE | Tr_Acc: 0.9606000185012817, Tr_CE: 0.12054448574781418, Va_Acc: 0.921999990940094, Va_CE: 0.29028815031051636
Epoch: 136, AccTr: 0.8842999935150146, AccVa: 0.8324999809265137, CeTr: 0.41211551427841187, CeVa: 0.778552234172821
Epoch: 137, AccTr: 0.8855999708175659, AccVa: 0.8420000076293945, CeTr: 0.4044901132583618, CeVa: 0.6803696155548096
Epoch: 138, AccTr: 0.8666999936103821, AccVa: 0.8220000267028809, CeTr: 0.46834003925323486, CeVa: 0.713668704032898
Epoch: 139, AccTr: 0.8705999851226807, AccVa: 0.8149999976158142, CeTr: 0.4510890245437622, CeVa: 0.7458895444869995
Epoch: 140, AccTr: 0.8707000017166138, AccVa: 0.8240000009536743, CeTr: 0.4552669823169708, CeVa: 0.7418934106826782
ENSEMBLE | Tr_Acc: 0.9606999754905701, Tr_CE: 0.11986520886421204, Va_Acc: 0.921999990940094, Va_CE: 0.28923094272613525
Epoch: 141, AccTr: 0.8766000270843506, AccVa: 0.8190000057220459, CeTr: 0.4027482569217682, CeVa: 0.7536625266075134
Epoch: 142, AccTr: 0.8637999892234802, AccVa: 0.8184999823570251, CeTr: 0.4799184501171112, CeVa: 0.7604278326034546
Epoch: 143, AccTr: 0.8677999973297119, AccVa: 0.8149999976158142, CeTr: 0.48845624923706055, CeVa: 0.8030076026916504
Epoch: 144, AccTr: 0.870199978351593, AccVa: 0.828000009059906, CeTr: 0.4718993604183197, CeVa: 0.7350546717643738
Epoch: 145, AccTr: 0.8701000213623047, AccVa: 0.8339999914169312, CeTr: 0.46900850534439087, CeVa: 0.7678948044776917
ENSEMBLE | Tr_Acc: 0.9603999853134155, Tr_CE: 0.11956576257944107, Va_Acc: 0.921999990940094, Va_CE: 0.2900424003601074
Epoch: 146, AccTr: 0.8629000186920166, AccVa: 0.8324999809265137, CeTr: 0.5072249174118042, CeVa: 0.7302955389022827
Epoch: 147, AccTr: 0.8677999973297119, AccVa: 0.8309999704360962, CeTr: 0.4783783555030823, CeVa: 0.7375921010971069
Epoch: 148, AccTr: 0.8651999831199646, AccVa: 0.8240000009536743, CeTr: 0.4867717921733856, CeVa: 0.744892954826355
Epoch: 149, AccTr: 0.8759999871253967, AccVa: 0.828000009059906, CeTr: 0.4285458028316498, CeVa: 0.7208292484283447
Epoch: 150, AccTr: 0.8604999780654907, AccVa: 0.8360000252723694, CeTr: 0.5312382578849792, CeVa: 0.7186992168426514
ENSEMBLE | Tr_Acc: 0.9607999920845032, Tr_CE: 0.12005741894245148, Va_Acc: 0.9244999885559082, Va_CE: 0.2892766296863556
Mod Accuracy || Mean: 0.8317500352859497	 Std: 0.004250019788742065
Ens Accuracy || Mean: 0.9240000247955322	 Std: 0.0004999935626983643
Mod CE || Mean: 0.7531177997589111	 Std: 0.034418582916259766
Ens CE || Mean: 0.2933230400085449	 Std: 0.004046410322189331
