NN CONFIG
Weight-type:		ternary
Layout									Layer #1: 280	Layer #2: 200	
Activation Functions					Layer #1: bs	Layer #2: bs	
Keep probabilities		Layer #0: 0.99	Layer #1: 0.98	Layer #2: 0.98	
Flat factors							Layer #1: 1.0	Layer #2: 1.0	Layer #3: 1.0	
Activation Noise						Layer #1: 0.1	Layer #2: 0.1	Layer #3: 0.0	

===================================

RUN CONFIG
Epochs: 150, Blocksize: 4

===================================

Epoch: 1, AccTr: 0.8216000199317932, AccVa: 0.7950000166893005, CeTr: 0.6569150686264038, CeVa: 0.8267805576324463
Epoch: 2, AccTr: 0.8413000106811523, AccVa: 0.8149999976158142, CeTr: 0.6087167263031006, CeVa: 0.7724541425704956
Epoch: 3, AccTr: 0.8454999923706055, AccVa: 0.8029999732971191, CeTr: 0.5599799752235413, CeVa: 0.778627872467041
Epoch: 4, AccTr: 0.8536999821662903, AccVa: 0.8059999942779541, CeTr: 0.5425592064857483, CeVa: 0.7964421510696411
Epoch: 5, AccTr: 0.8359000086784363, AccVa: 0.7914999723434448, CeTr: 0.6593778133392334, CeVa: 0.877351701259613
Epoch: 6, AccTr: 0.8379999995231628, AccVa: 0.8044999837875366, CeTr: 0.6063054800033569, CeVa: 0.859909176826477
Epoch: 7, AccTr: 0.8532999753952026, AccVa: 0.8134999871253967, CeTr: 0.538188636302948, CeVa: 0.7759613394737244
Epoch: 8, AccTr: 0.859000027179718, AccVa: 0.8264999985694885, CeTr: 0.5676905512809753, CeVa: 0.7942997217178345
Epoch: 9, AccTr: 0.8531000018119812, AccVa: 0.8144999742507935, CeTr: 0.5863630175590515, CeVa: 0.8399034142494202
Epoch: 10, AccTr: 0.847000002861023, AccVa: 0.8144999742507935, CeTr: 0.5821191668510437, CeVa: 0.8774622082710266
Epoch: 11, AccTr: 0.8360000252723694, AccVa: 0.8084999918937683, CeTr: 0.6908104419708252, CeVa: 0.916114091873169
Epoch: 12, AccTr: 0.8399999737739563, AccVa: 0.8240000009536743, CeTr: 0.6333301663398743, CeVa: 0.8604568243026733
Epoch: 13, AccTr: 0.8539000153541565, AccVa: 0.8134999871253967, CeTr: 0.560603141784668, CeVa: 0.8289693593978882
Epoch: 14, AccTr: 0.8557000160217285, AccVa: 0.8349999785423279, CeTr: 0.5491822361946106, CeVa: 0.7811558842658997
Epoch: 15, AccTr: 0.8572999835014343, AccVa: 0.8130000233650208, CeTr: 0.5292403101921082, CeVa: 0.8031783699989319
Epoch: 16, AccTr: 0.8633000254631042, AccVa: 0.8264999985694885, CeTr: 0.500374972820282, CeVa: 0.7637400031089783
Epoch: 17, AccTr: 0.8511000275611877, AccVa: 0.8050000071525574, CeTr: 0.5379554033279419, CeVa: 0.8471288084983826
Epoch: 18, AccTr: 0.8495000004768372, AccVa: 0.815500020980835, CeTr: 0.561731219291687, CeVa: 0.801689088344574
Epoch: 19, AccTr: 0.8600000143051147, AccVa: 0.8144999742507935, CeTr: 0.4996894598007202, CeVa: 0.8226352334022522
Epoch: 20, AccTr: 0.8485999703407288, AccVa: 0.8144999742507935, CeTr: 0.5732331871986389, CeVa: 0.7607679963111877
Epoch: 21, AccTr: 0.8598999977111816, AccVa: 0.8305000066757202, CeTr: 0.5218122601509094, CeVa: 0.7200178503990173
Epoch: 22, AccTr: 0.8597000241279602, AccVa: 0.8255000114440918, CeTr: 0.5357500910758972, CeVa: 0.7558267116546631
Epoch: 23, AccTr: 0.8585000038146973, AccVa: 0.8130000233650208, CeTr: 0.5461629033088684, CeVa: 0.843487024307251
Epoch: 24, AccTr: 0.8572999835014343, AccVa: 0.8115000128746033, CeTr: 0.540518581867218, CeVa: 0.7990158796310425
Epoch: 25, AccTr: 0.8655999898910522, AccVa: 0.8264999985694885, CeTr: 0.4993498921394348, CeVa: 0.8002772331237793
Epoch: 26, AccTr: 0.8603000044822693, AccVa: 0.809499979019165, CeTr: 0.5163989067077637, CeVa: 0.8057641983032227
Epoch: 27, AccTr: 0.857200026512146, AccVa: 0.8125, CeTr: 0.5379182696342468, CeVa: 0.8195990920066833
Epoch: 28, AccTr: 0.8705999851226807, AccVa: 0.8195000290870667, CeTr: 0.46692901849746704, CeVa: 0.8026527166366577
Epoch: 29, AccTr: 0.8564000129699707, AccVa: 0.8299999833106995, CeTr: 0.5595961809158325, CeVa: 0.7662878632545471
Epoch: 30, AccTr: 0.8697999715805054, AccVa: 0.8165000081062317, CeTr: 0.4780401885509491, CeVa: 0.7904494404792786
ENSEMBLE | Tr_Acc: 0.8697999715805054, Tr_CE: 0.4780401885509491, Va_Acc: 0.8165000081062317, Va_CE: 0.7904494404792786
Epoch: 31, AccTr: 0.8644999861717224, AccVa: 0.815500020980835, CeTr: 0.5032312273979187, CeVa: 0.7869842648506165
Epoch: 32, AccTr: 0.8572999835014343, AccVa: 0.8215000033378601, CeTr: 0.5313336253166199, CeVa: 0.7833290696144104
Epoch: 33, AccTr: 0.8567000031471252, AccVa: 0.8364999890327454, CeTr: 0.526197075843811, CeVa: 0.811832070350647
Epoch: 34, AccTr: 0.8557000160217285, AccVa: 0.8134999871253967, CeTr: 0.5526189208030701, CeVa: 0.8159393668174744
Epoch: 35, AccTr: 0.8615000247955322, AccVa: 0.8184999823570251, CeTr: 0.5274141430854797, CeVa: 0.8414906859397888
ENSEMBLE | Tr_Acc: 0.9168999791145325, Tr_CE: 0.277987539768219, Va_Acc: 0.8679999709129333, Va_CE: 0.5346139073371887
Epoch: 36, AccTr: 0.8636999726295471, AccVa: 0.8209999799728394, CeTr: 0.5058510899543762, CeVa: 0.7953643202781677
Epoch: 37, AccTr: 0.859499990940094, AccVa: 0.809499979019165, CeTr: 0.546194314956665, CeVa: 0.8799566030502319
Epoch: 38, AccTr: 0.8575000166893005, AccVa: 0.7929999828338623, CeTr: 0.5351947546005249, CeVa: 0.918198823928833
Epoch: 39, AccTr: 0.8571000099182129, AccVa: 0.8149999976158142, CeTr: 0.5530776381492615, CeVa: 0.810761034488678
Epoch: 40, AccTr: 0.8518000245094299, AccVa: 0.8004999756813049, CeTr: 0.54860520362854, CeVa: 0.8216505646705627
ENSEMBLE | Tr_Acc: 0.9327999949455261, Tr_CE: 0.22540363669395447, Va_Acc: 0.8845000267028809, Va_CE: 0.44452324509620667
Epoch: 41, AccTr: 0.8614000082015991, AccVa: 0.8105000257492065, CeTr: 0.5139868855476379, CeVa: 0.8357522487640381
Epoch: 42, AccTr: 0.8619999885559082, AccVa: 0.8080000281333923, CeTr: 0.5233530402183533, CeVa: 0.8418899178504944
Epoch: 43, AccTr: 0.8657000064849854, AccVa: 0.8025000095367432, CeTr: 0.49420252442359924, CeVa: 0.8813998699188232
Epoch: 44, AccTr: 0.8689000010490417, AccVa: 0.8199999928474426, CeTr: 0.45706284046173096, CeVa: 0.7488068342208862
Epoch: 45, AccTr: 0.852400004863739, AccVa: 0.8105000257492065, CeTr: 0.5867041945457458, CeVa: 0.8522912263870239
ENSEMBLE | Tr_Acc: 0.9391999840736389, Tr_CE: 0.1970537304878235, Va_Acc: 0.8980000019073486, Va_CE: 0.40441691875457764
Epoch: 46, AccTr: 0.8564000129699707, AccVa: 0.8224999904632568, CeTr: 0.5256047248840332, CeVa: 0.8322402834892273
Epoch: 47, AccTr: 0.8557999730110168, AccVa: 0.8065000176429749, CeTr: 0.5205091238021851, CeVa: 0.8352915048599243
Epoch: 48, AccTr: 0.866100013256073, AccVa: 0.8255000114440918, CeTr: 0.5039633512496948, CeVa: 0.7968340516090393
Epoch: 49, AccTr: 0.8634999990463257, AccVa: 0.8169999718666077, CeTr: 0.4992618262767792, CeVa: 0.7733961939811707
Epoch: 50, AccTr: 0.8726000189781189, AccVa: 0.8335000276565552, CeTr: 0.4626716375350952, CeVa: 0.7729048132896423
ENSEMBLE | Tr_Acc: 0.9456999897956848, Tr_CE: 0.17366941273212433, Va_Acc: 0.8999999761581421, Va_CE: 0.37751930952072144
Epoch: 51, AccTr: 0.8579000234603882, AccVa: 0.8299999833106995, CeTr: 0.5542469024658203, CeVa: 0.7356614470481873
Epoch: 52, AccTr: 0.8648999929428101, AccVa: 0.8355000019073486, CeTr: 0.511562705039978, CeVa: 0.714834451675415
Epoch: 53, AccTr: 0.8639000058174133, AccVa: 0.8245000243186951, CeTr: 0.5305281281471252, CeVa: 0.7538390159606934
Epoch: 54, AccTr: 0.8673999905586243, AccVa: 0.828499972820282, CeTr: 0.5103312730789185, CeVa: 0.7928361296653748
Epoch: 55, AccTr: 0.8587999939918518, AccVa: 0.8169999718666077, CeTr: 0.5114780068397522, CeVa: 0.8004080653190613
ENSEMBLE | Tr_Acc: 0.948199987411499, Tr_CE: 0.16059961915016174, Va_Acc: 0.906000018119812, Va_CE: 0.3533111810684204
Epoch: 56, AccTr: 0.8618000149726868, AccVa: 0.8169999718666077, CeTr: 0.5008659362792969, CeVa: 0.7789728045463562
Epoch: 57, AccTr: 0.8741000294685364, AccVa: 0.8224999904632568, CeTr: 0.4699549674987793, CeVa: 0.7387126684188843
Epoch: 58, AccTr: 0.8596000075340271, AccVa: 0.8215000033378601, CeTr: 0.5227668881416321, CeVa: 0.7669011950492859
Epoch: 59, AccTr: 0.8720999956130981, AccVa: 0.8149999976158142, CeTr: 0.469450980424881, CeVa: 0.7532906532287598
Epoch: 60, AccTr: 0.8629000186920166, AccVa: 0.8180000185966492, CeTr: 0.4988769590854645, CeVa: 0.794633150100708
ENSEMBLE | Tr_Acc: 0.9492999911308289, Tr_CE: 0.15400567650794983, Va_Acc: 0.9110000133514404, Va_CE: 0.34286487102508545
Epoch: 61, AccTr: 0.867900013923645, AccVa: 0.8215000033378601, CeTr: 0.4875081181526184, CeVa: 0.7547192573547363
Epoch: 62, AccTr: 0.8675000071525574, AccVa: 0.824999988079071, CeTr: 0.4974577724933624, CeVa: 0.7749795913696289
Epoch: 63, AccTr: 0.8697999715805054, AccVa: 0.8305000066757202, CeTr: 0.4541725516319275, CeVa: 0.7334420680999756
Epoch: 64, AccTr: 0.8537999987602234, AccVa: 0.8195000290870667, CeTr: 0.527899444103241, CeVa: 0.7952569723129272
Epoch: 65, AccTr: 0.8543999791145325, AccVa: 0.8065000176429749, CeTr: 0.5784881114959717, CeVa: 0.7959144115447998
ENSEMBLE | Tr_Acc: 0.9509000182151794, Tr_CE: 0.14983084797859192, Va_Acc: 0.9135000109672546, Va_CE: 0.3332531154155731
Epoch: 66, AccTr: 0.8585000038146973, AccVa: 0.8355000019073486, CeTr: 0.5175215601921082, CeVa: 0.7663834691047668
Epoch: 67, AccTr: 0.8641999959945679, AccVa: 0.8174999952316284, CeTr: 0.5070605278015137, CeVa: 0.7824214696884155
Epoch: 68, AccTr: 0.8411999940872192, AccVa: 0.8205000162124634, CeTr: 0.6223756670951843, CeVa: 0.7910986542701721
Epoch: 69, AccTr: 0.8493000268936157, AccVa: 0.8180000185966492, CeTr: 0.5614538192749023, CeVa: 0.748316764831543
Epoch: 70, AccTr: 0.8661999702453613, AccVa: 0.8270000219345093, CeTr: 0.47426313161849976, CeVa: 0.7681503891944885
ENSEMBLE | Tr_Acc: 0.9549000263214111, Tr_CE: 0.14268654584884644, Va_Acc: 0.9154999852180481, Va_CE: 0.32643622159957886
Epoch: 71, AccTr: 0.8544999957084656, AccVa: 0.8105000257492065, CeTr: 0.525740385055542, CeVa: 0.7647805213928223
Epoch: 72, AccTr: 0.8758000135421753, AccVa: 0.8274999856948853, CeTr: 0.4555971622467041, CeVa: 0.7848598957061768
Epoch: 73, AccTr: 0.8690000176429749, AccVa: 0.8305000066757202, CeTr: 0.5119162201881409, CeVa: 0.7663635015487671
Epoch: 74, AccTr: 0.8641999959945679, AccVa: 0.8270000219345093, CeTr: 0.4926052689552307, CeVa: 0.7665517330169678
Epoch: 75, AccTr: 0.8568999767303467, AccVa: 0.8184999823570251, CeTr: 0.5338521599769592, CeVa: 0.8512794375419617
ENSEMBLE | Tr_Acc: 0.9555000066757202, Tr_CE: 0.1393173635005951, Va_Acc: 0.9160000085830688, Va_CE: 0.32701197266578674
Epoch: 76, AccTr: 0.8737000226974487, AccVa: 0.8389999866485596, CeTr: 0.46673905849456787, CeVa: 0.7581738829612732
Epoch: 77, AccTr: 0.8529000282287598, AccVa: 0.8065000176429749, CeTr: 0.5184409022331238, CeVa: 0.8614420890808105
Epoch: 78, AccTr: 0.858299970626831, AccVa: 0.828499972820282, CeTr: 0.5419763922691345, CeVa: 0.75192791223526
Epoch: 79, AccTr: 0.8578000068664551, AccVa: 0.8199999928474426, CeTr: 0.508419394493103, CeVa: 0.8028081059455872
Epoch: 80, AccTr: 0.8716999888420105, AccVa: 0.8270000219345093, CeTr: 0.4782412052154541, CeVa: 0.7613977193832397
ENSEMBLE | Tr_Acc: 0.95660001039505, Tr_CE: 0.13559269905090332, Va_Acc: 0.9154999852180481, Va_CE: 0.32109180092811584
Epoch: 81, AccTr: 0.8672999739646912, AccVa: 0.8259999752044678, CeTr: 0.5060556530952454, CeVa: 0.7488589286804199
Epoch: 82, AccTr: 0.8738999962806702, AccVa: 0.8335000276565552, CeTr: 0.4610176682472229, CeVa: 0.7114443778991699
Epoch: 83, AccTr: 0.8633000254631042, AccVa: 0.8299999833106995, CeTr: 0.49368104338645935, CeVa: 0.7625957727432251
Epoch: 84, AccTr: 0.8682000041007996, AccVa: 0.828499972820282, CeTr: 0.5045954585075378, CeVa: 0.7687793374061584
Epoch: 85, AccTr: 0.8691999912261963, AccVa: 0.8259999752044678, CeTr: 0.4916778802871704, CeVa: 0.7792507410049438
ENSEMBLE | Tr_Acc: 0.9574000239372253, Tr_CE: 0.1331966072320938, Va_Acc: 0.9185000061988831, Va_CE: 0.32017067074775696
Epoch: 86, AccTr: 0.850600004196167, AccVa: 0.8149999976158142, CeTr: 0.5517944693565369, CeVa: 0.7892568111419678
Epoch: 87, AccTr: 0.8691999912261963, AccVa: 0.8125, CeTr: 0.4716905653476715, CeVa: 0.8369976878166199
Epoch: 88, AccTr: 0.871399998664856, AccVa: 0.8330000042915344, CeTr: 0.46396300196647644, CeVa: 0.7748677134513855
Epoch: 89, AccTr: 0.8501999974250793, AccVa: 0.8130000233650208, CeTr: 0.5642227530479431, CeVa: 0.8020599484443665
Epoch: 90, AccTr: 0.8621000051498413, AccVa: 0.8169999718666077, CeTr: 0.502663791179657, CeVa: 0.8316404819488525
ENSEMBLE | Tr_Acc: 0.9573000073432922, Tr_CE: 0.13123466074466705, Va_Acc: 0.9150000214576721, Va_CE: 0.32018768787384033
Epoch: 91, AccTr: 0.8580999970436096, AccVa: 0.8134999871253967, CeTr: 0.540729284286499, CeVa: 0.839599072933197
Epoch: 92, AccTr: 0.8583999872207642, AccVa: 0.8190000057220459, CeTr: 0.520462691783905, CeVa: 0.760123074054718
Epoch: 93, AccTr: 0.875, AccVa: 0.8255000114440918, CeTr: 0.45209288597106934, CeVa: 0.7638073563575745
Epoch: 94, AccTr: 0.861299991607666, AccVa: 0.8240000009536743, CeTr: 0.5202794671058655, CeVa: 0.7698033452033997
Epoch: 95, AccTr: 0.8568000197410583, AccVa: 0.8034999966621399, CeTr: 0.5222215056419373, CeVa: 0.8202463388442993
ENSEMBLE | Tr_Acc: 0.9584000110626221, Tr_CE: 0.1305331140756607, Va_Acc: 0.9154999852180481, Va_CE: 0.3189772665500641
Epoch: 96, AccTr: 0.8745999932289124, AccVa: 0.824999988079071, CeTr: 0.4596767723560333, CeVa: 0.7633041739463806
Epoch: 97, AccTr: 0.8611999750137329, AccVa: 0.8044999837875366, CeTr: 0.5180124044418335, CeVa: 0.7614567875862122
Epoch: 98, AccTr: 0.8654999732971191, AccVa: 0.8144999742507935, CeTr: 0.50847327709198, CeVa: 0.8320988416671753
Epoch: 99, AccTr: 0.8695999979972839, AccVa: 0.8240000009536743, CeTr: 0.467816025018692, CeVa: 0.7929476499557495
Epoch: 100, AccTr: 0.8675000071525574, AccVa: 0.8159999847412109, CeTr: 0.48604461550712585, CeVa: 0.7419401407241821
ENSEMBLE | Tr_Acc: 0.9585000276565552, Tr_CE: 0.12836149334907532, Va_Acc: 0.9160000085830688, Va_CE: 0.3151552975177765
Epoch: 101, AccTr: 0.8672999739646912, AccVa: 0.8174999952316284, CeTr: 0.4984624981880188, CeVa: 0.7928334474563599
Epoch: 102, AccTr: 0.8668000102043152, AccVa: 0.8215000033378601, CeTr: 0.4832639694213867, CeVa: 0.7769109010696411
Epoch: 103, AccTr: 0.859499990940094, AccVa: 0.8100000023841858, CeTr: 0.5670280456542969, CeVa: 0.8104925155639648
Epoch: 104, AccTr: 0.8712000250816345, AccVa: 0.8330000042915344, CeTr: 0.48684823513031006, CeVa: 0.7850971221923828
Epoch: 105, AccTr: 0.8690999746322632, AccVa: 0.828499972820282, CeTr: 0.48598265647888184, CeVa: 0.7594296932220459
ENSEMBLE | Tr_Acc: 0.9588000178337097, Tr_CE: 0.12728829681873322, Va_Acc: 0.9179999828338623, Va_CE: 0.312430202960968
Epoch: 106, AccTr: 0.867900013923645, AccVa: 0.840499997138977, CeTr: 0.502541720867157, CeVa: 0.7254040241241455
Epoch: 107, AccTr: 0.8658000230789185, AccVa: 0.8245000243186951, CeTr: 0.5027720928192139, CeVa: 0.796062707901001
Epoch: 108, AccTr: 0.8705999851226807, AccVa: 0.8144999742507935, CeTr: 0.5059375762939453, CeVa: 0.7689549922943115
Epoch: 109, AccTr: 0.8720999956130981, AccVa: 0.824999988079071, CeTr: 0.47604238986968994, CeVa: 0.7938598394393921
Epoch: 110, AccTr: 0.8579999804496765, AccVa: 0.8080000281333923, CeTr: 0.5286295413970947, CeVa: 0.8167148232460022
ENSEMBLE | Tr_Acc: 0.9580000042915344, Tr_CE: 0.12674008309841156, Va_Acc: 0.9200000166893005, Va_CE: 0.3133992552757263
Epoch: 111, AccTr: 0.8727999925613403, AccVa: 0.8259999752044678, CeTr: 0.4593523442745209, CeVa: 0.7592252492904663
Epoch: 112, AccTr: 0.8499000072479248, AccVa: 0.8190000057220459, CeTr: 0.5478308796882629, CeVa: 0.7904763221740723
Epoch: 113, AccTr: 0.8492000102996826, AccVa: 0.8119999766349792, CeTr: 0.5496645569801331, CeVa: 0.812927782535553
Epoch: 114, AccTr: 0.8761000037193298, AccVa: 0.8289999961853027, CeTr: 0.45182374119758606, CeVa: 0.7959468960762024
Epoch: 115, AccTr: 0.864300012588501, AccVa: 0.8289999961853027, CeTr: 0.5172333717346191, CeVa: 0.7692567110061646
ENSEMBLE | Tr_Acc: 0.9585000276565552, Tr_CE: 0.1258058100938797, Va_Acc: 0.9190000295639038, Va_CE: 0.3114287257194519
Epoch: 116, AccTr: 0.8704000115394592, AccVa: 0.828499972820282, CeTr: 0.4767097532749176, CeVa: 0.7660268545150757
Epoch: 117, AccTr: 0.8679999709129333, AccVa: 0.8274999856948853, CeTr: 0.4938102066516876, CeVa: 0.7440732717514038
Epoch: 118, AccTr: 0.8578000068664551, AccVa: 0.8205000162124634, CeTr: 0.5327180624008179, CeVa: 0.782925009727478
Epoch: 119, AccTr: 0.8554999828338623, AccVa: 0.8184999823570251, CeTr: 0.5340113043785095, CeVa: 0.835962176322937
Epoch: 120, AccTr: 0.8633999824523926, AccVa: 0.8159999847412109, CeTr: 0.49585574865341187, CeVa: 0.8165246844291687
ENSEMBLE | Tr_Acc: 0.958299994468689, Tr_CE: 0.12473895400762558, Va_Acc: 0.9169999957084656, Va_CE: 0.31078770756721497
Epoch: 121, AccTr: 0.8718000054359436, AccVa: 0.8345000147819519, CeTr: 0.46774131059646606, CeVa: 0.7489836812019348
Epoch: 122, AccTr: 0.8664000034332275, AccVa: 0.8264999985694885, CeTr: 0.5040622353553772, CeVa: 0.8409795761108398
Epoch: 123, AccTr: 0.8658999800682068, AccVa: 0.8264999985694885, CeTr: 0.512482762336731, CeVa: 0.7828336954116821
Epoch: 124, AccTr: 0.8639000058174133, AccVa: 0.8169999718666077, CeTr: 0.515912652015686, CeVa: 0.8456748127937317
Epoch: 125, AccTr: 0.8586999773979187, AccVa: 0.8144999742507935, CeTr: 0.5522483587265015, CeVa: 0.8570718169212341
ENSEMBLE | Tr_Acc: 0.9592999815940857, Tr_CE: 0.12484735995531082, Va_Acc: 0.9185000061988831, Va_CE: 0.3106500506401062
Epoch: 126, AccTr: 0.8740000128746033, AccVa: 0.8289999961853027, CeTr: 0.4568425416946411, CeVa: 0.7445244193077087
Epoch: 127, AccTr: 0.8610000014305115, AccVa: 0.8299999833106995, CeTr: 0.5065398216247559, CeVa: 0.7370073795318604
Epoch: 128, AccTr: 0.8640000224113464, AccVa: 0.8165000081062317, CeTr: 0.5211756825447083, CeVa: 0.7797708511352539
Epoch: 129, AccTr: 0.8694000244140625, AccVa: 0.8364999890327454, CeTr: 0.508862316608429, CeVa: 0.7567975521087646
Epoch: 130, AccTr: 0.8790000081062317, AccVa: 0.8270000219345093, CeTr: 0.44123008847236633, CeVa: 0.8061787486076355
ENSEMBLE | Tr_Acc: 0.9596999883651733, Tr_CE: 0.12344412505626678, Va_Acc: 0.9179999828338623, Va_CE: 0.3099401295185089
Epoch: 131, AccTr: 0.8691999912261963, AccVa: 0.8125, CeTr: 0.5008473992347717, CeVa: 0.803611159324646
Epoch: 132, AccTr: 0.8614000082015991, AccVa: 0.8134999871253967, CeTr: 0.5201356410980225, CeVa: 0.846977710723877
Epoch: 133, AccTr: 0.8737000226974487, AccVa: 0.8305000066757202, CeTr: 0.45268628001213074, CeVa: 0.7744210958480835
Epoch: 134, AccTr: 0.8454999923706055, AccVa: 0.8059999942779541, CeTr: 0.5791037082672119, CeVa: 0.8682962656021118
Epoch: 135, AccTr: 0.8575000166893005, AccVa: 0.8165000081062317, CeTr: 0.5484541058540344, CeVa: 0.798554003238678
ENSEMBLE | Tr_Acc: 0.9602000117301941, Tr_CE: 0.12331906706094742, Va_Acc: 0.9179999828338623, Va_CE: 0.30846738815307617
Epoch: 136, AccTr: 0.8694999814033508, AccVa: 0.8169999718666077, CeTr: 0.475322425365448, CeVa: 0.7828438878059387
Epoch: 137, AccTr: 0.8669000267982483, AccVa: 0.8230000138282776, CeTr: 0.4928387701511383, CeVa: 0.791047215461731
Epoch: 138, AccTr: 0.8743000030517578, AccVa: 0.8240000009536743, CeTr: 0.44400477409362793, CeVa: 0.8101653456687927
Epoch: 139, AccTr: 0.866599977016449, AccVa: 0.8230000138282776, CeTr: 0.5237983465194702, CeVa: 0.7980920076370239
Epoch: 140, AccTr: 0.8657000064849854, AccVa: 0.8209999799728394, CeTr: 0.4888690412044525, CeVa: 0.7828944325447083
ENSEMBLE | Tr_Acc: 0.9603999853134155, Tr_CE: 0.12229294329881668, Va_Acc: 0.9179999828338623, Va_CE: 0.30604982376098633
Epoch: 141, AccTr: 0.864799976348877, AccVa: 0.8144999742507935, CeTr: 0.5173217058181763, CeVa: 0.872299313545227
Epoch: 142, AccTr: 0.8632000088691711, AccVa: 0.8255000114440918, CeTr: 0.5125653147697449, CeVa: 0.808108389377594
Epoch: 143, AccTr: 0.8758999705314636, AccVa: 0.8230000138282776, CeTr: 0.46037372946739197, CeVa: 0.7967709898948669
Epoch: 144, AccTr: 0.8733000159263611, AccVa: 0.8339999914169312, CeTr: 0.4724811613559723, CeVa: 0.7957791090011597
Epoch: 145, AccTr: 0.8629000186920166, AccVa: 0.8374999761581421, CeTr: 0.5263131856918335, CeVa: 0.7925392389297485
ENSEMBLE | Tr_Acc: 0.9602000117301941, Tr_CE: 0.12217289954423904, Va_Acc: 0.9175000190734863, Va_CE: 0.3061950206756592
Epoch: 146, AccTr: 0.8672999739646912, AccVa: 0.8345000147819519, CeTr: 0.49241045117378235, CeVa: 0.7206544280052185
Epoch: 147, AccTr: 0.8567000031471252, AccVa: 0.824999988079071, CeTr: 0.5472887754440308, CeVa: 0.76567143201828
Epoch: 148, AccTr: 0.8662999868392944, AccVa: 0.8190000057220459, CeTr: 0.4867159128189087, CeVa: 0.8029475212097168
Epoch: 149, AccTr: 0.8752999901771545, AccVa: 0.8230000138282776, CeTr: 0.45544707775115967, CeVa: 0.7841401696205139
Epoch: 150, AccTr: 0.8585000038146973, AccVa: 0.8230000138282776, CeTr: 0.5225903391838074, CeVa: 0.8064998984336853
ENSEMBLE | Tr_Acc: 0.9607999920845032, Tr_CE: 0.12148237228393555, Va_Acc: 0.9179999828338623, Va_CE: 0.3042985498905182
NN CONFIG
Weight-type:		ternary
Layout									Layer #1: 280	Layer #2: 200	
Activation Functions					Layer #1: bs	Layer #2: bs	
Keep probabilities		Layer #0: 0.99	Layer #1: 0.98	Layer #2: 0.98	
Flat factors							Layer #1: 1.0	Layer #2: 1.0	Layer #3: 1.0	
Activation Noise						Layer #1: 0.1	Layer #2: 0.1	Layer #3: 0.0	

===================================

RUN CONFIG
Epochs: 150, Blocksize: 4

===================================

Epoch: 1, AccTr: 0.8253999948501587, AccVa: 0.7875000238418579, CeTr: 0.6271032691001892, CeVa: 0.8614111542701721
Epoch: 2, AccTr: 0.8458999991416931, AccVa: 0.8105000257492065, CeTr: 0.5717822909355164, CeVa: 0.8192577362060547
Epoch: 3, AccTr: 0.8485000133514404, AccVa: 0.8165000081062317, CeTr: 0.5232182741165161, CeVa: 0.789972722530365
Epoch: 4, AccTr: 0.8475000262260437, AccVa: 0.7994999885559082, CeTr: 0.5556808710098267, CeVa: 0.8715707659721375
Epoch: 5, AccTr: 0.8554999828338623, AccVa: 0.8075000047683716, CeTr: 0.5191584229469299, CeVa: 0.7909870147705078
Epoch: 6, AccTr: 0.8514999747276306, AccVa: 0.8034999966621399, CeTr: 0.5323776602745056, CeVa: 0.7883229851722717
Epoch: 7, AccTr: 0.840499997138977, AccVa: 0.7975000143051147, CeTr: 0.5707961916923523, CeVa: 0.8665198087692261
Epoch: 8, AccTr: 0.8403000235557556, AccVa: 0.7985000014305115, CeTr: 0.5883074998855591, CeVa: 0.8187775611877441
Epoch: 9, AccTr: 0.8513000011444092, AccVa: 0.7944999933242798, CeTr: 0.5317166447639465, CeVa: 0.7803164720535278
Epoch: 10, AccTr: 0.8519999980926514, AccVa: 0.8174999952316284, CeTr: 0.5162819027900696, CeVa: 0.7321590185165405
Epoch: 11, AccTr: 0.8460999727249146, AccVa: 0.8059999942779541, CeTr: 0.5105513334274292, CeVa: 0.7602395415306091
Epoch: 12, AccTr: 0.847100019454956, AccVa: 0.8109999895095825, CeTr: 0.5417255163192749, CeVa: 0.7643836140632629
Epoch: 13, AccTr: 0.8597000241279602, AccVa: 0.8190000057220459, CeTr: 0.46276015043258667, CeVa: 0.6885790824890137
Epoch: 14, AccTr: 0.8428000211715698, AccVa: 0.8040000200271606, CeTr: 0.5401731729507446, CeVa: 0.7950420379638672
Epoch: 15, AccTr: 0.8597000241279602, AccVa: 0.8159999847412109, CeTr: 0.47562724351882935, CeVa: 0.7526103258132935
Epoch: 16, AccTr: 0.8547999858856201, AccVa: 0.815500020980835, CeTr: 0.48394155502319336, CeVa: 0.7525646686553955
Epoch: 17, AccTr: 0.8526999950408936, AccVa: 0.8240000009536743, CeTr: 0.5146593451499939, CeVa: 0.7416013479232788
Epoch: 18, AccTr: 0.8593999743461609, AccVa: 0.8040000200271606, CeTr: 0.5000870823860168, CeVa: 0.7670434713363647
Epoch: 19, AccTr: 0.8587999939918518, AccVa: 0.8205000162124634, CeTr: 0.5226901173591614, CeVa: 0.7574611902236938
Epoch: 20, AccTr: 0.8478999733924866, AccVa: 0.8069999814033508, CeTr: 0.5459892153739929, CeVa: 0.7384504675865173
Epoch: 21, AccTr: 0.8640999794006348, AccVa: 0.8069999814033508, CeTr: 0.4669816792011261, CeVa: 0.734000027179718
Epoch: 22, AccTr: 0.8454999923706055, AccVa: 0.8069999814033508, CeTr: 0.5511043071746826, CeVa: 0.7485320568084717
Epoch: 23, AccTr: 0.8557000160217285, AccVa: 0.8274999856948853, CeTr: 0.5292657017707825, CeVa: 0.7470129132270813
Epoch: 24, AccTr: 0.8579000234603882, AccVa: 0.8144999742507935, CeTr: 0.5040072202682495, CeVa: 0.7249947190284729
Epoch: 25, AccTr: 0.8589000105857849, AccVa: 0.8270000219345093, CeTr: 0.5115532279014587, CeVa: 0.736298680305481
Epoch: 26, AccTr: 0.8637999892234802, AccVa: 0.815500020980835, CeTr: 0.45996978878974915, CeVa: 0.7309221029281616
Epoch: 27, AccTr: 0.8500000238418579, AccVa: 0.8134999871253967, CeTr: 0.5042712688446045, CeVa: 0.7600758075714111
Epoch: 28, AccTr: 0.8561000227928162, AccVa: 0.8105000257492065, CeTr: 0.5270116925239563, CeVa: 0.7695711255073547
Epoch: 29, AccTr: 0.8611999750137329, AccVa: 0.8090000152587891, CeTr: 0.47921064496040344, CeVa: 0.7634794116020203
Epoch: 30, AccTr: 0.8587999939918518, AccVa: 0.8080000281333923, CeTr: 0.4876193702220917, CeVa: 0.7360379099845886
ENSEMBLE | Tr_Acc: 0.8587999939918518, Tr_CE: 0.4876193702220917, Va_Acc: 0.8080000281333923, Va_CE: 0.7360379099845886
Epoch: 31, AccTr: 0.8414999842643738, AccVa: 0.7950000166893005, CeTr: 0.5720918774604797, CeVa: 0.8484839797019958
Epoch: 32, AccTr: 0.8561000227928162, AccVa: 0.8199999928474426, CeTr: 0.5040022134780884, CeVa: 0.729806661605835
Epoch: 33, AccTr: 0.8568999767303467, AccVa: 0.8184999823570251, CeTr: 0.4850352108478546, CeVa: 0.7085360288619995
Epoch: 34, AccTr: 0.8533999919891357, AccVa: 0.8149999976158142, CeTr: 0.5398705005645752, CeVa: 0.759856641292572
Epoch: 35, AccTr: 0.8529999852180481, AccVa: 0.8140000104904175, CeTr: 0.5217872858047485, CeVa: 0.7528620958328247
ENSEMBLE | Tr_Acc: 0.9128999710083008, Tr_CE: 0.2730935513973236, Va_Acc: 0.8585000038146973, Va_CE: 0.48977944254875183
Epoch: 36, AccTr: 0.8478999733924866, AccVa: 0.8090000152587891, CeTr: 0.5516036152839661, CeVa: 0.7842819690704346
Epoch: 37, AccTr: 0.85589998960495, AccVa: 0.8180000185966492, CeTr: 0.47015899419784546, CeVa: 0.738917887210846
Epoch: 38, AccTr: 0.8640000224113464, AccVa: 0.8075000047683716, CeTr: 0.49752891063690186, CeVa: 0.8193318843841553
Epoch: 39, AccTr: 0.8562999963760376, AccVa: 0.8234999775886536, CeTr: 0.5018004775047302, CeVa: 0.7301614880561829
Epoch: 40, AccTr: 0.8587999939918518, AccVa: 0.8264999985694885, CeTr: 0.48573553562164307, CeVa: 0.7044976949691772
ENSEMBLE | Tr_Acc: 0.9330000281333923, Tr_CE: 0.2135363519191742, Va_Acc: 0.8824999928474426, Va_CE: 0.39819395542144775
Epoch: 41, AccTr: 0.8616999983787537, AccVa: 0.8245000243186951, CeTr: 0.49419862031936646, CeVa: 0.6763867735862732
Epoch: 42, AccTr: 0.8583999872207642, AccVa: 0.8119999766349792, CeTr: 0.4749651253223419, CeVa: 0.7489577531814575
Epoch: 43, AccTr: 0.8615999817848206, AccVa: 0.8320000171661377, CeTr: 0.48910126090049744, CeVa: 0.693943440914154
Epoch: 44, AccTr: 0.8628000020980835, AccVa: 0.8445000052452087, CeTr: 0.4827849268913269, CeVa: 0.6642071604728699
Epoch: 45, AccTr: 0.8687000274658203, AccVa: 0.8234999775886536, CeTr: 0.4725755453109741, CeVa: 0.6897242665290833
ENSEMBLE | Tr_Acc: 0.9415000081062317, Tr_CE: 0.18335460126399994, Va_Acc: 0.9020000100135803, Va_CE: 0.35876238346099854
Epoch: 46, AccTr: 0.8468000292778015, AccVa: 0.8119999766349792, CeTr: 0.5597571134567261, CeVa: 0.794196367263794
Epoch: 47, AccTr: 0.8597000241279602, AccVa: 0.8100000023841858, CeTr: 0.4876136779785156, CeVa: 0.7760465145111084
Epoch: 48, AccTr: 0.8618000149726868, AccVa: 0.8215000033378601, CeTr: 0.4733014702796936, CeVa: 0.7564122676849365
Epoch: 49, AccTr: 0.8610000014305115, AccVa: 0.8364999890327454, CeTr: 0.47196468710899353, CeVa: 0.7140792012214661
Epoch: 50, AccTr: 0.8597999811172485, AccVa: 0.8140000104904175, CeTr: 0.4731104373931885, CeVa: 0.7366833686828613
ENSEMBLE | Tr_Acc: 0.9472000002861023, Tr_CE: 0.16598159074783325, Va_Acc: 0.9114999771118164, Va_CE: 0.3402418792247772
Epoch: 51, AccTr: 0.8679999709129333, AccVa: 0.8220000267028809, CeTr: 0.45301690697669983, CeVa: 0.7015806436538696
Epoch: 52, AccTr: 0.8450999855995178, AccVa: 0.8245000243186951, CeTr: 0.5605763792991638, CeVa: 0.7021921873092651
Epoch: 53, AccTr: 0.8636999726295471, AccVa: 0.8305000066757202, CeTr: 0.46055683493614197, CeVa: 0.7219328284263611
Epoch: 54, AccTr: 0.8482999801635742, AccVa: 0.8084999918937683, CeTr: 0.5253190398216248, CeVa: 0.7876786589622498
Epoch: 55, AccTr: 0.8657000064849854, AccVa: 0.8324999809265137, CeTr: 0.4747428596019745, CeVa: 0.6991806626319885
ENSEMBLE | Tr_Acc: 0.9509000182151794, Tr_CE: 0.15513591468334198, Va_Acc: 0.9125000238418579, Va_CE: 0.327617883682251
Epoch: 56, AccTr: 0.8574000000953674, AccVa: 0.8324999809265137, CeTr: 0.5059033036231995, CeVa: 0.6766592860221863
Epoch: 57, AccTr: 0.8561999797821045, AccVa: 0.8109999895095825, CeTr: 0.501534104347229, CeVa: 0.7982339859008789
Epoch: 58, AccTr: 0.8464999794960022, AccVa: 0.8149999976158142, CeTr: 0.5372891426086426, CeVa: 0.7116750478744507
Epoch: 59, AccTr: 0.8535000085830688, AccVa: 0.8140000104904175, CeTr: 0.48299726843833923, CeVa: 0.7168968915939331
Epoch: 60, AccTr: 0.8644999861717224, AccVa: 0.8205000162124634, CeTr: 0.4632660746574402, CeVa: 0.7556203007698059
ENSEMBLE | Tr_Acc: 0.9545999765396118, Tr_CE: 0.14634206891059875, Va_Acc: 0.9169999957084656, Va_CE: 0.32402998208999634
Epoch: 61, AccTr: 0.8682000041007996, AccVa: 0.8230000138282776, CeTr: 0.4398059546947479, CeVa: 0.733443021774292
Epoch: 62, AccTr: 0.8611999750137329, AccVa: 0.828499972820282, CeTr: 0.46730107069015503, CeVa: 0.7121146321296692
Epoch: 63, AccTr: 0.8622999787330627, AccVa: 0.8255000114440918, CeTr: 0.4664821922779083, CeVa: 0.7210132479667664
Epoch: 64, AccTr: 0.8608999848365784, AccVa: 0.8050000071525574, CeTr: 0.4835699200630188, CeVa: 0.8178581595420837
Epoch: 65, AccTr: 0.8679999709129333, AccVa: 0.8105000257492065, CeTr: 0.47263282537460327, CeVa: 0.7908637523651123
ENSEMBLE | Tr_Acc: 0.9556999802589417, Tr_CE: 0.14273984730243683, Va_Acc: 0.9144999980926514, Va_CE: 0.3191973567008972
Epoch: 66, AccTr: 0.8519999980926514, AccVa: 0.8240000009536743, CeTr: 0.5467759966850281, CeVa: 0.7108232378959656
Epoch: 67, AccTr: 0.8600999712944031, AccVa: 0.8295000195503235, CeTr: 0.4845428168773651, CeVa: 0.7438341379165649
Epoch: 68, AccTr: 0.857699990272522, AccVa: 0.8130000233650208, CeTr: 0.46823227405548096, CeVa: 0.723929762840271
Epoch: 69, AccTr: 0.8551999926567078, AccVa: 0.8195000290870667, CeTr: 0.46808692812919617, CeVa: 0.7220584750175476
Epoch: 70, AccTr: 0.8608999848365784, AccVa: 0.8144999742507935, CeTr: 0.4698675274848938, CeVa: 0.7888578176498413
ENSEMBLE | Tr_Acc: 0.9567999839782715, Tr_CE: 0.13859522342681885, Va_Acc: 0.9164999723434448, Va_CE: 0.31959670782089233
Epoch: 71, AccTr: 0.864799976348877, AccVa: 0.8134999871253967, CeTr: 0.47499415278434753, CeVa: 0.7237055897712708
Epoch: 72, AccTr: 0.8574000000953674, AccVa: 0.8264999985694885, CeTr: 0.4987272322177887, CeVa: 0.7209452986717224
Epoch: 73, AccTr: 0.8565999865531921, AccVa: 0.8144999742507935, CeTr: 0.5023421049118042, CeVa: 0.7336851358413696
Epoch: 74, AccTr: 0.8636000156402588, AccVa: 0.8240000009536743, CeTr: 0.4632999897003174, CeVa: 0.7082161903381348
Epoch: 75, AccTr: 0.867900013923645, AccVa: 0.8209999799728394, CeTr: 0.45145875215530396, CeVa: 0.755760908126831
ENSEMBLE | Tr_Acc: 0.9577000141143799, Tr_CE: 0.13461212813854218, Va_Acc: 0.9185000061988831, Va_CE: 0.31728729605674744
Epoch: 76, AccTr: 0.8589000105857849, AccVa: 0.8130000233650208, CeTr: 0.482467919588089, CeVa: 0.7428529262542725
Epoch: 77, AccTr: 0.8575000166893005, AccVa: 0.8130000233650208, CeTr: 0.4849436581134796, CeVa: 0.7559033036231995
Epoch: 78, AccTr: 0.8575999736785889, AccVa: 0.8140000104904175, CeTr: 0.4782238304615021, CeVa: 0.800738513469696
Epoch: 79, AccTr: 0.8644000291824341, AccVa: 0.8240000009536743, CeTr: 0.45931723713874817, CeVa: 0.7286558151245117
Epoch: 80, AccTr: 0.8654000163078308, AccVa: 0.8180000185966492, CeTr: 0.47434666752815247, CeVa: 0.7384950518608093
ENSEMBLE | Tr_Acc: 0.958299994468689, Tr_CE: 0.13258801400661469, Va_Acc: 0.9194999933242798, Va_CE: 0.312024861574173
Epoch: 81, AccTr: 0.8601999878883362, AccVa: 0.824999988079071, CeTr: 0.4761730432510376, CeVa: 0.7189520597457886
Epoch: 82, AccTr: 0.8525000214576721, AccVa: 0.7954999804496765, CeTr: 0.5094117522239685, CeVa: 0.7998904585838318
Epoch: 83, AccTr: 0.8464000225067139, AccVa: 0.8080000281333923, CeTr: 0.556252658367157, CeVa: 0.7928363680839539
Epoch: 84, AccTr: 0.8515999913215637, AccVa: 0.8125, CeTr: 0.4946090877056122, CeVa: 0.7405146956443787
Epoch: 85, AccTr: 0.8672000169754028, AccVa: 0.8195000290870667, CeTr: 0.45900848507881165, CeVa: 0.73565673828125
ENSEMBLE | Tr_Acc: 0.9584000110626221, Tr_CE: 0.1306525319814682, Va_Acc: 0.9179999828338623, Va_CE: 0.3074253797531128
Epoch: 86, AccTr: 0.8693000078201294, AccVa: 0.8205000162124634, CeTr: 0.4437125027179718, CeVa: 0.7320972084999084
Epoch: 87, AccTr: 0.8659999966621399, AccVa: 0.8059999942779541, CeTr: 0.4665268659591675, CeVa: 0.7417991757392883
Epoch: 88, AccTr: 0.8597999811172485, AccVa: 0.8140000104904175, CeTr: 0.4978398084640503, CeVa: 0.7764243483543396
Epoch: 89, AccTr: 0.8743000030517578, AccVa: 0.8195000290870667, CeTr: 0.4394616186618805, CeVa: 0.7492436766624451
Epoch: 90, AccTr: 0.8722000122070312, AccVa: 0.824999988079071, CeTr: 0.4417683482170105, CeVa: 0.7562068700790405
ENSEMBLE | Tr_Acc: 0.9599999785423279, Tr_CE: 0.12750978767871857, Va_Acc: 0.9190000295639038, Va_CE: 0.3073364794254303
Epoch: 91, AccTr: 0.8726000189781189, AccVa: 0.8230000138282776, CeTr: 0.4460533559322357, CeVa: 0.7517873048782349
Epoch: 92, AccTr: 0.8622999787330627, AccVa: 0.8324999809265137, CeTr: 0.47664356231689453, CeVa: 0.7053027749061584
Epoch: 93, AccTr: 0.8623999953269958, AccVa: 0.8180000185966492, CeTr: 0.5092563629150391, CeVa: 0.7405126094818115
Epoch: 94, AccTr: 0.8593000173568726, AccVa: 0.8240000009536743, CeTr: 0.5033947229385376, CeVa: 0.7572683691978455
Epoch: 95, AccTr: 0.8697999715805054, AccVa: 0.8305000066757202, CeTr: 0.4665009677410126, CeVa: 0.7412856817245483
ENSEMBLE | Tr_Acc: 0.9603999853134155, Tr_CE: 0.12665899097919464, Va_Acc: 0.9185000061988831, Va_CE: 0.3072073757648468
Epoch: 96, AccTr: 0.8763999938964844, AccVa: 0.8209999799728394, CeTr: 0.40858548879623413, CeVa: 0.7330402731895447
Epoch: 97, AccTr: 0.8616999983787537, AccVa: 0.8105000257492065, CeTr: 0.49102890491485596, CeVa: 0.8396016955375671
Epoch: 98, AccTr: 0.8689000010490417, AccVa: 0.8115000128746033, CeTr: 0.43466123938560486, CeVa: 0.777046799659729
Epoch: 99, AccTr: 0.8693000078201294, AccVa: 0.847000002861023, CeTr: 0.4618852138519287, CeVa: 0.6481389403343201
Epoch: 100, AccTr: 0.8748999834060669, AccVa: 0.8364999890327454, CeTr: 0.4231289029121399, CeVa: 0.6741511821746826
ENSEMBLE | Tr_Acc: 0.9617000222206116, Tr_CE: 0.12384389340877533, Va_Acc: 0.9200000166893005, Va_CE: 0.30165934562683105
Epoch: 101, AccTr: 0.8708999752998352, AccVa: 0.8199999928474426, CeTr: 0.4400971233844757, CeVa: 0.7085639834403992
Epoch: 102, AccTr: 0.8751999735832214, AccVa: 0.8320000171661377, CeTr: 0.42728546261787415, CeVa: 0.700517475605011
Epoch: 103, AccTr: 0.8597000241279602, AccVa: 0.8259999752044678, CeTr: 0.47415438294410706, CeVa: 0.7332306504249573
Epoch: 104, AccTr: 0.867900013923645, AccVa: 0.8289999961853027, CeTr: 0.4527614116668701, CeVa: 0.7337748408317566
Epoch: 105, AccTr: 0.8655999898910522, AccVa: 0.8240000009536743, CeTr: 0.45291465520858765, CeVa: 0.7574159502983093
ENSEMBLE | Tr_Acc: 0.9621000289916992, Tr_CE: 0.12177839130163193, Va_Acc: 0.9210000038146973, Va_CE: 0.3022098243236542
Epoch: 106, AccTr: 0.8463000059127808, AccVa: 0.8080000281333923, CeTr: 0.5376874804496765, CeVa: 0.8117244839668274
Epoch: 107, AccTr: 0.8622000217437744, AccVa: 0.8230000138282776, CeTr: 0.46597352623939514, CeVa: 0.7373241782188416
Epoch: 108, AccTr: 0.8589000105857849, AccVa: 0.8199999928474426, CeTr: 0.48983272910118103, CeVa: 0.7315089106559753
Epoch: 109, AccTr: 0.8770999908447266, AccVa: 0.8299999833106995, CeTr: 0.4327966868877411, CeVa: 0.6922522783279419
Epoch: 110, AccTr: 0.859499990940094, AccVa: 0.8295000195503235, CeTr: 0.5007163286209106, CeVa: 0.7158638834953308
ENSEMBLE | Tr_Acc: 0.961899995803833, Tr_CE: 0.12173008173704147, Va_Acc: 0.921500027179718, Va_CE: 0.3004158139228821
Epoch: 111, AccTr: 0.8672000169754028, AccVa: 0.8324999809265137, CeTr: 0.43766406178474426, CeVa: 0.6947131156921387
Epoch: 112, AccTr: 0.8780999779701233, AccVa: 0.8299999833106995, CeTr: 0.4292047917842865, CeVa: 0.7389539480209351
Epoch: 113, AccTr: 0.870199978351593, AccVa: 0.8255000114440918, CeTr: 0.4485110342502594, CeVa: 0.7147722840309143
Epoch: 114, AccTr: 0.8586000204086304, AccVa: 0.8165000081062317, CeTr: 0.49163520336151123, CeVa: 0.7776817083358765
Epoch: 115, AccTr: 0.8629999756813049, AccVa: 0.8220000267028809, CeTr: 0.4693204462528229, CeVa: 0.7618193626403809
ENSEMBLE | Tr_Acc: 0.9624999761581421, Tr_CE: 0.12056633085012436, Va_Acc: 0.9235000014305115, Va_CE: 0.29980432987213135
Epoch: 116, AccTr: 0.855400025844574, AccVa: 0.8169999718666077, CeTr: 0.49985674023628235, CeVa: 0.8025975823402405
Epoch: 117, AccTr: 0.863099992275238, AccVa: 0.8414999842643738, CeTr: 0.49991342425346375, CeVa: 0.7036917209625244
Epoch: 118, AccTr: 0.8460000157356262, AccVa: 0.8199999928474426, CeTr: 0.5443846583366394, CeVa: 0.7646580338478088
Epoch: 119, AccTr: 0.8673999905586243, AccVa: 0.8224999904632568, CeTr: 0.4705679714679718, CeVa: 0.7515160441398621
Epoch: 120, AccTr: 0.8633999824523926, AccVa: 0.8259999752044678, CeTr: 0.48843592405319214, CeVa: 0.7197145819664001
ENSEMBLE | Tr_Acc: 0.9621999859809875, Tr_CE: 0.11983797699213028, Va_Acc: 0.9244999885559082, Va_CE: 0.29897281527519226
Epoch: 121, AccTr: 0.8640000224113464, AccVa: 0.8395000100135803, CeTr: 0.46387454867362976, CeVa: 0.6892806887626648
Epoch: 122, AccTr: 0.8748999834060669, AccVa: 0.8190000057220459, CeTr: 0.4360008239746094, CeVa: 0.7364753484725952
Epoch: 123, AccTr: 0.8700000047683716, AccVa: 0.8289999961853027, CeTr: 0.46985316276550293, CeVa: 0.7250466346740723
Epoch: 124, AccTr: 0.8679999709129333, AccVa: 0.8255000114440918, CeTr: 0.46115830540657043, CeVa: 0.7871545553207397
Epoch: 125, AccTr: 0.869700014591217, AccVa: 0.8514999747276306, CeTr: 0.4650670886039734, CeVa: 0.6907615065574646
ENSEMBLE | Tr_Acc: 0.9621000289916992, Tr_CE: 0.11908777803182602, Va_Acc: 0.925000011920929, Va_CE: 0.2978277802467346
Epoch: 126, AccTr: 0.8730999827384949, AccVa: 0.8289999961853027, CeTr: 0.44809067249298096, CeVa: 0.7402687668800354
Epoch: 127, AccTr: 0.8708999752998352, AccVa: 0.8259999752044678, CeTr: 0.4716506898403168, CeVa: 0.6846714615821838
Epoch: 128, AccTr: 0.8700000047683716, AccVa: 0.828000009059906, CeTr: 0.476421982049942, CeVa: 0.7285244464874268
Epoch: 129, AccTr: 0.8655999898910522, AccVa: 0.8199999928474426, CeTr: 0.49733349680900574, CeVa: 0.7638164162635803
Epoch: 130, AccTr: 0.8743000030517578, AccVa: 0.8259999752044678, CeTr: 0.44237086176872253, CeVa: 0.7681254148483276
ENSEMBLE | Tr_Acc: 0.9631999731063843, Tr_CE: 0.11737018823623657, Va_Acc: 0.925000011920929, Va_CE: 0.29570427536964417
Epoch: 131, AccTr: 0.8597000241279602, AccVa: 0.8309999704360962, CeTr: 0.49063944816589355, CeVa: 0.7311141490936279
Epoch: 132, AccTr: 0.873199999332428, AccVa: 0.8309999704360962, CeTr: 0.45467084646224976, CeVa: 0.7546746730804443
Epoch: 133, AccTr: 0.8634999990463257, AccVa: 0.8255000114440918, CeTr: 0.478909432888031, CeVa: 0.7836686968803406
Epoch: 134, AccTr: 0.8741999864578247, AccVa: 0.8289999961853027, CeTr: 0.4412393569946289, CeVa: 0.7746866345405579
Epoch: 135, AccTr: 0.8730999827384949, AccVa: 0.8190000057220459, CeTr: 0.4308773875236511, CeVa: 0.7702961564064026
ENSEMBLE | Tr_Acc: 0.9632999897003174, Tr_CE: 0.11639111489057541, Va_Acc: 0.925000011920929, Va_CE: 0.29561012983322144
Epoch: 136, AccTr: 0.8762000203132629, AccVa: 0.8489999771118164, CeTr: 0.4492602050304413, CeVa: 0.6925647258758545
Epoch: 137, AccTr: 0.8686000108718872, AccVa: 0.8289999961853027, CeTr: 0.48137250542640686, CeVa: 0.7629594802856445
Epoch: 138, AccTr: 0.8758000135421753, AccVa: 0.8270000219345093, CeTr: 0.4355350136756897, CeVa: 0.7821466326713562
Epoch: 139, AccTr: 0.8776999711990356, AccVa: 0.8224999904632568, CeTr: 0.43085771799087524, CeVa: 0.7648139595985413
Epoch: 140, AccTr: 0.8744000196456909, AccVa: 0.8209999799728394, CeTr: 0.43790996074676514, CeVa: 0.717613697052002
ENSEMBLE | Tr_Acc: 0.9639000296592712, Tr_CE: 0.11498159170150757, Va_Acc: 0.9254999756813049, Va_CE: 0.29352670907974243
Epoch: 141, AccTr: 0.8616999983787537, AccVa: 0.8245000243186951, CeTr: 0.4804510176181793, CeVa: 0.7657609581947327
Epoch: 142, AccTr: 0.8708000183105469, AccVa: 0.8349999785423279, CeTr: 0.46703144907951355, CeVa: 0.7073653340339661
Epoch: 143, AccTr: 0.864799976348877, AccVa: 0.8180000185966492, CeTr: 0.4933675229549408, CeVa: 0.835175633430481
Epoch: 144, AccTr: 0.8682000041007996, AccVa: 0.8199999928474426, CeTr: 0.4903796315193176, CeVa: 0.7616946697235107
Epoch: 145, AccTr: 0.861299991607666, AccVa: 0.8180000185966492, CeTr: 0.5092029571533203, CeVa: 0.7866603136062622
ENSEMBLE | Tr_Acc: 0.9629999995231628, Tr_CE: 0.11508049070835114, Va_Acc: 0.9254999756813049, Va_CE: 0.2941240072250366
Epoch: 146, AccTr: 0.8683000206947327, AccVa: 0.8259999752044678, CeTr: 0.47689446806907654, CeVa: 0.7812668681144714
Epoch: 147, AccTr: 0.8697999715805054, AccVa: 0.8360000252723694, CeTr: 0.4642407298088074, CeVa: 0.7347749471664429
Epoch: 148, AccTr: 0.8709999918937683, AccVa: 0.8259999752044678, CeTr: 0.46765831112861633, CeVa: 0.7433764934539795
Epoch: 149, AccTr: 0.8737999796867371, AccVa: 0.8410000205039978, CeTr: 0.4469156265258789, CeVa: 0.7140802145004272
Epoch: 150, AccTr: 0.871399998664856, AccVa: 0.8205000162124634, CeTr: 0.4541851580142975, CeVa: 0.769256591796875
ENSEMBLE | Tr_Acc: 0.9638000130653381, Tr_CE: 0.1145540252327919, Va_Acc: 0.9254999756813049, Va_CE: 0.29262393712997437
Mod Accuracy || Mean: 0.8217500448226929	 Std: 0.0012499988079071045
Ens Accuracy || Mean: 0.9217499494552612	 Std: 0.0037499964237213135
Mod CE || Mean: 0.7878782749176025	 Std: 0.01862165331840515
Ens CE || Mean: 0.29846125841140747	 Std: 0.005837306380271912
