NN CONFIG
Weight-type:		ternary
Layout									Layer #1: 280	Layer #2: 200	
Activation Functions					Layer #1: bs	Layer #2: bs	
Keep probabilities		Layer #0: 0.99	Layer #1: 0.98	Layer #2: 0.98	
Flat factors							Layer #1: 1.0	Layer #2: 1.0	Layer #3: 1.0	
Activation Noise						Layer #1: 0.1	Layer #2: 0.1	Layer #3: 0.0	

===================================

RUN CONFIG
Epochs: 150, Blocksize: 4

===================================

Epoch: 1, AccTr: 0.878600001335144, AccVa: 0.824999988079071, CeTr: 0.45719531178474426, CeVa: 0.7193127274513245
Epoch: 2, AccTr: 0.8661999702453613, AccVa: 0.8084999918937683, CeTr: 0.5033759474754333, CeVa: 0.7504493594169617
Epoch: 3, AccTr: 0.8562999963760376, AccVa: 0.828000009059906, CeTr: 0.5344807505607605, CeVa: 0.7823985815048218
Epoch: 4, AccTr: 0.8621000051498413, AccVa: 0.8240000009536743, CeTr: 0.47025278210639954, CeVa: 0.6744096875190735
Epoch: 5, AccTr: 0.8583999872207642, AccVa: 0.809499979019165, CeTr: 0.5244088172912598, CeVa: 0.8066471219062805
Epoch: 6, AccTr: 0.8640000224113464, AccVa: 0.8370000123977661, CeTr: 0.49919790029525757, CeVa: 0.6750822067260742
Epoch: 7, AccTr: 0.858299970626831, AccVa: 0.8264999985694885, CeTr: 0.5257314443588257, CeVa: 0.7398681640625
Epoch: 8, AccTr: 0.8669999837875366, AccVa: 0.8305000066757202, CeTr: 0.44175687432289124, CeVa: 0.7016275525093079
Epoch: 9, AccTr: 0.8704000115394592, AccVa: 0.8220000267028809, CeTr: 0.4580163061618805, CeVa: 0.7273604869842529
Epoch: 10, AccTr: 0.8640999794006348, AccVa: 0.8184999823570251, CeTr: 0.47673672437667847, CeVa: 0.787277102470398
Epoch: 11, AccTr: 0.857200026512146, AccVa: 0.8140000104904175, CeTr: 0.5192288160324097, CeVa: 0.7135828733444214
Epoch: 12, AccTr: 0.8700000047683716, AccVa: 0.8339999914169312, CeTr: 0.46667978167533875, CeVa: 0.6988921761512756
Epoch: 13, AccTr: 0.8657000064849854, AccVa: 0.8270000219345093, CeTr: 0.4677804708480835, CeVa: 0.7116913199424744
Epoch: 14, AccTr: 0.8726000189781189, AccVa: 0.8215000033378601, CeTr: 0.46629253029823303, CeVa: 0.7804037928581238
Epoch: 15, AccTr: 0.8758999705314636, AccVa: 0.8289999961853027, CeTr: 0.43598026037216187, CeVa: 0.732940673828125
Epoch: 16, AccTr: 0.8726999759674072, AccVa: 0.8299999833106995, CeTr: 0.43507274985313416, CeVa: 0.7320339679718018
Epoch: 17, AccTr: 0.8650000095367432, AccVa: 0.8270000219345093, CeTr: 0.4763520359992981, CeVa: 0.7188326120376587
Epoch: 18, AccTr: 0.863099992275238, AccVa: 0.8199999928474426, CeTr: 0.47542962431907654, CeVa: 0.7065444588661194
Epoch: 19, AccTr: 0.8647000193595886, AccVa: 0.8159999847412109, CeTr: 0.4880201518535614, CeVa: 0.7938963770866394
Epoch: 20, AccTr: 0.8716999888420105, AccVa: 0.8125, CeTr: 0.44971537590026855, CeVa: 0.7823086977005005
Epoch: 21, AccTr: 0.8652999997138977, AccVa: 0.8220000267028809, CeTr: 0.4688243567943573, CeVa: 0.7410974502563477
Epoch: 22, AccTr: 0.8632000088691711, AccVa: 0.8245000243186951, CeTr: 0.497558057308197, CeVa: 0.6889201402664185
Epoch: 23, AccTr: 0.8580999970436096, AccVa: 0.8159999847412109, CeTr: 0.48286503553390503, CeVa: 0.7355233430862427
Epoch: 24, AccTr: 0.8687000274658203, AccVa: 0.8360000252723694, CeTr: 0.47496503591537476, CeVa: 0.6660834550857544
Epoch: 25, AccTr: 0.8715999722480774, AccVa: 0.8349999785423279, CeTr: 0.44517576694488525, CeVa: 0.6372647881507874
Epoch: 26, AccTr: 0.8557000160217285, AccVa: 0.8264999985694885, CeTr: 0.5617717504501343, CeVa: 0.7644813656806946
Epoch: 27, AccTr: 0.8597000241279602, AccVa: 0.8130000233650208, CeTr: 0.4934229552745819, CeVa: 0.7534164786338806
Epoch: 28, AccTr: 0.8715999722480774, AccVa: 0.8289999961853027, CeTr: 0.45040440559387207, CeVa: 0.7037220001220703
Epoch: 29, AccTr: 0.8711000084877014, AccVa: 0.8220000267028809, CeTr: 0.44051992893218994, CeVa: 0.7223261594772339
Epoch: 30, AccTr: 0.8704000115394592, AccVa: 0.824999988079071, CeTr: 0.45896220207214355, CeVa: 0.7217246294021606
ENSEMBLE | Tr_Acc: 0.8704000115394592, Tr_CE: 0.45896220207214355, Va_Acc: 0.824999988079071, Va_CE: 0.7217246294021606
Epoch: 31, AccTr: 0.8741999864578247, AccVa: 0.828499972820282, CeTr: 0.4348028898239136, CeVa: 0.6576407551765442
Epoch: 32, AccTr: 0.8690000176429749, AccVa: 0.8205000162124634, CeTr: 0.46974828839302063, CeVa: 0.7288202047348022
Epoch: 33, AccTr: 0.8715999722480774, AccVa: 0.8220000267028809, CeTr: 0.4573999047279358, CeVa: 0.7240915298461914
Epoch: 34, AccTr: 0.8744000196456909, AccVa: 0.8485000133514404, CeTr: 0.4561062455177307, CeVa: 0.6532677412033081
Epoch: 35, AccTr: 0.8729000091552734, AccVa: 0.8360000252723694, CeTr: 0.45906156301498413, CeVa: 0.6957737803459167
ENSEMBLE | Tr_Acc: 0.9222000241279602, Tr_CE: 0.24779634177684784, Va_Acc: 0.8820000290870667, Va_CE: 0.46510031819343567
Epoch: 36, AccTr: 0.8751000165939331, AccVa: 0.8345000147819519, CeTr: 0.4306384325027466, CeVa: 0.7125580310821533
Epoch: 37, AccTr: 0.8765000104904175, AccVa: 0.8374999761581421, CeTr: 0.4371893107891083, CeVa: 0.674837589263916
Epoch: 38, AccTr: 0.8763999938964844, AccVa: 0.8339999914169312, CeTr: 0.4399658143520355, CeVa: 0.6699429154396057
Epoch: 39, AccTr: 0.8704000115394592, AccVa: 0.8264999985694885, CeTr: 0.4329259693622589, CeVa: 0.7197703719139099
Epoch: 40, AccTr: 0.8741999864578247, AccVa: 0.8199999928474426, CeTr: 0.42376309633255005, CeVa: 0.644091784954071
ENSEMBLE | Tr_Acc: 0.9387000203132629, Tr_CE: 0.1850438416004181, Va_Acc: 0.8964999914169312, Va_CE: 0.3763488829135895
Epoch: 41, AccTr: 0.8729000091552734, AccVa: 0.8339999914169312, CeTr: 0.44212305545806885, CeVa: 0.7328895330429077
Epoch: 42, AccTr: 0.8598999977111816, AccVa: 0.8259999752044678, CeTr: 0.4849511682987213, CeVa: 0.6729252934455872
Epoch: 43, AccTr: 0.8673999905586243, AccVa: 0.8320000171661377, CeTr: 0.4537702202796936, CeVa: 0.7075701355934143
Epoch: 44, AccTr: 0.8586000204086304, AccVa: 0.8259999752044678, CeTr: 0.5107156038284302, CeVa: 0.7268781661987305
Epoch: 45, AccTr: 0.8654999732971191, AccVa: 0.8209999799728394, CeTr: 0.4726353585720062, CeVa: 0.7509143352508545
ENSEMBLE | Tr_Acc: 0.9470999836921692, Tr_CE: 0.16159990429878235, Va_Acc: 0.8980000019073486, Va_CE: 0.3515351414680481
Epoch: 46, AccTr: 0.8776999711990356, AccVa: 0.8324999809265137, CeTr: 0.438810259103775, CeVa: 0.7114006280899048
Epoch: 47, AccTr: 0.8640000224113464, AccVa: 0.8169999718666077, CeTr: 0.4923897385597229, CeVa: 0.7722464203834534
Epoch: 48, AccTr: 0.8676000237464905, AccVa: 0.8264999985694885, CeTr: 0.49417999386787415, CeVa: 0.7350220084190369
Epoch: 49, AccTr: 0.8707000017166138, AccVa: 0.8335000276565552, CeTr: 0.4388236403465271, CeVa: 0.7022949457168579
Epoch: 50, AccTr: 0.8690000176429749, AccVa: 0.8289999961853027, CeTr: 0.4576391577720642, CeVa: 0.7142461538314819
ENSEMBLE | Tr_Acc: 0.9510999917984009, Tr_CE: 0.14851154386997223, Va_Acc: 0.9054999947547913, Va_CE: 0.32934412360191345
Epoch: 51, AccTr: 0.8704000115394592, AccVa: 0.8429999947547913, CeTr: 0.47148004174232483, CeVa: 0.6270372867584229
Epoch: 52, AccTr: 0.862500011920929, AccVa: 0.824999988079071, CeTr: 0.4995567798614502, CeVa: 0.6872273683547974
Epoch: 53, AccTr: 0.8701000213623047, AccVa: 0.840499997138977, CeTr: 0.46430492401123047, CeVa: 0.6877464652061462
Epoch: 54, AccTr: 0.8704000115394592, AccVa: 0.8305000066757202, CeTr: 0.4442472755908966, CeVa: 0.7266789674758911
Epoch: 55, AccTr: 0.8711000084877014, AccVa: 0.828000009059906, CeTr: 0.4423123002052307, CeVa: 0.6934405565261841
ENSEMBLE | Tr_Acc: 0.9542999863624573, Tr_CE: 0.14111456274986267, Va_Acc: 0.9110000133514404, Va_CE: 0.3185100257396698
Epoch: 56, AccTr: 0.8634999990463257, AccVa: 0.8314999938011169, CeTr: 0.492169052362442, CeVa: 0.6880003213882446
Epoch: 57, AccTr: 0.8603000044822693, AccVa: 0.8364999890327454, CeTr: 0.509495198726654, CeVa: 0.715611457824707
Epoch: 58, AccTr: 0.8694999814033508, AccVa: 0.8270000219345093, CeTr: 0.4625644385814667, CeVa: 0.727971613407135
Epoch: 59, AccTr: 0.868399977684021, AccVa: 0.8209999799728394, CeTr: 0.4582871198654175, CeVa: 0.737611711025238
Epoch: 60, AccTr: 0.8765000104904175, AccVa: 0.8299999833106995, CeTr: 0.42557811737060547, CeVa: 0.7028828859329224
ENSEMBLE | Tr_Acc: 0.9580000042915344, Tr_CE: 0.13174474239349365, Va_Acc: 0.9125000238418579, Va_CE: 0.3100207448005676
Epoch: 61, AccTr: 0.8701000213623047, AccVa: 0.8209999799728394, CeTr: 0.43591684103012085, CeVa: 0.6755049824714661
Epoch: 62, AccTr: 0.8693000078201294, AccVa: 0.8230000138282776, CeTr: 0.4708220660686493, CeVa: 0.6952584385871887
Epoch: 63, AccTr: 0.8676999807357788, AccVa: 0.8420000076293945, CeTr: 0.46680477261543274, CeVa: 0.6470296382904053
Epoch: 64, AccTr: 0.863099992275238, AccVa: 0.8109999895095825, CeTr: 0.4747389554977417, CeVa: 0.8085364103317261
Epoch: 65, AccTr: 0.868399977684021, AccVa: 0.8245000243186951, CeTr: 0.49348798394203186, CeVa: 0.735431969165802
ENSEMBLE | Tr_Acc: 0.9567999839782715, Tr_CE: 0.1307281255722046, Va_Acc: 0.9125000238418579, Va_CE: 0.3041432499885559
Epoch: 66, AccTr: 0.8690999746322632, AccVa: 0.824999988079071, CeTr: 0.46520185470581055, CeVa: 0.6944690346717834
Epoch: 67, AccTr: 0.8675000071525574, AccVa: 0.8345000147819519, CeTr: 0.45281782746315, CeVa: 0.6755936145782471
Epoch: 68, AccTr: 0.8736000061035156, AccVa: 0.8385000228881836, CeTr: 0.4424036145210266, CeVa: 0.6570707559585571
Epoch: 69, AccTr: 0.8655999898910522, AccVa: 0.8245000243186951, CeTr: 0.4789411127567291, CeVa: 0.7086454629898071
Epoch: 70, AccTr: 0.8687000274658203, AccVa: 0.8190000057220459, CeTr: 0.4517131447792053, CeVa: 0.7371408939361572
ENSEMBLE | Tr_Acc: 0.9592999815940857, Tr_CE: 0.12604771554470062, Va_Acc: 0.9164999723434448, Va_CE: 0.298336923122406
Epoch: 71, AccTr: 0.8614000082015991, AccVa: 0.8224999904632568, CeTr: 0.4892366826534271, CeVa: 0.7390605211257935
Epoch: 72, AccTr: 0.8776000142097473, AccVa: 0.8370000123977661, CeTr: 0.4275912046432495, CeVa: 0.6900140047073364
Epoch: 73, AccTr: 0.8615000247955322, AccVa: 0.8339999914169312, CeTr: 0.49106255173683167, CeVa: 0.6950094103813171
Epoch: 74, AccTr: 0.8701000213623047, AccVa: 0.828499972820282, CeTr: 0.46024462580680847, CeVa: 0.7115417718887329
Epoch: 75, AccTr: 0.8658000230789185, AccVa: 0.8305000066757202, CeTr: 0.4894914925098419, CeVa: 0.7120869755744934
ENSEMBLE | Tr_Acc: 0.9611999988555908, Tr_CE: 0.12355969101190567, Va_Acc: 0.9194999933242798, Va_CE: 0.2926896810531616
Epoch: 76, AccTr: 0.8751999735832214, AccVa: 0.8374999761581421, CeTr: 0.44184961915016174, CeVa: 0.7565240263938904
Epoch: 77, AccTr: 0.8723000288009644, AccVa: 0.8305000066757202, CeTr: 0.46292001008987427, CeVa: 0.7308856844902039
Epoch: 78, AccTr: 0.8761000037193298, AccVa: 0.8309999704360962, CeTr: 0.4133738875389099, CeVa: 0.7057097554206848
Epoch: 79, AccTr: 0.8737999796867371, AccVa: 0.8360000252723694, CeTr: 0.4515930116176605, CeVa: 0.7091353535652161
Epoch: 80, AccTr: 0.8697999715805054, AccVa: 0.8335000276565552, CeTr: 0.4498053193092346, CeVa: 0.7144391536712646
ENSEMBLE | Tr_Acc: 0.961899995803833, Tr_CE: 0.12146969139575958, Va_Acc: 0.9229999780654907, Va_CE: 0.29096436500549316
Epoch: 81, AccTr: 0.8727999925613403, AccVa: 0.8420000076293945, CeTr: 0.42339301109313965, CeVa: 0.6926940679550171
Epoch: 82, AccTr: 0.867900013923645, AccVa: 0.8274999856948853, CeTr: 0.4367159605026245, CeVa: 0.7291268110275269
Epoch: 83, AccTr: 0.868399977684021, AccVa: 0.8215000033378601, CeTr: 0.43697234988212585, CeVa: 0.7759174108505249
Epoch: 84, AccTr: 0.8687999844551086, AccVa: 0.828499972820282, CeTr: 0.4335004985332489, CeVa: 0.7100779414176941
Epoch: 85, AccTr: 0.8640999794006348, AccVa: 0.8215000033378601, CeTr: 0.5052157640457153, CeVa: 0.783932089805603
ENSEMBLE | Tr_Acc: 0.9625999927520752, Tr_CE: 0.12037967890501022, Va_Acc: 0.9194999933242798, Va_CE: 0.2921273112297058
Epoch: 86, AccTr: 0.8600999712944031, AccVa: 0.8240000009536743, CeTr: 0.5009546279907227, CeVa: 0.7447609901428223
Epoch: 87, AccTr: 0.8677999973297119, AccVa: 0.8445000052452087, CeTr: 0.46972012519836426, CeVa: 0.6685405373573303
Epoch: 88, AccTr: 0.8715000152587891, AccVa: 0.8180000185966492, CeTr: 0.4493611752986908, CeVa: 0.7306039929389954
Epoch: 89, AccTr: 0.8669000267982483, AccVa: 0.8320000171661377, CeTr: 0.4965275526046753, CeVa: 0.7478508353233337
Epoch: 90, AccTr: 0.8702999949455261, AccVa: 0.8389999866485596, CeTr: 0.4794303774833679, CeVa: 0.7351749539375305
ENSEMBLE | Tr_Acc: 0.9631999731063843, Tr_CE: 0.11934005469083786, Va_Acc: 0.9190000295639038, Va_CE: 0.2917686700820923
Epoch: 91, AccTr: 0.8651000261306763, AccVa: 0.8270000219345093, CeTr: 0.48703593015670776, CeVa: 0.683896005153656
Epoch: 92, AccTr: 0.8705000281333923, AccVa: 0.8330000042915344, CeTr: 0.45540884137153625, CeVa: 0.686411440372467
Epoch: 93, AccTr: 0.8646000027656555, AccVa: 0.8234999775886536, CeTr: 0.47662353515625, CeVa: 0.7598632574081421
Epoch: 94, AccTr: 0.8684999942779541, AccVa: 0.8299999833106995, CeTr: 0.484297513961792, CeVa: 0.7396759986877441
Epoch: 95, AccTr: 0.8770999908447266, AccVa: 0.8295000195503235, CeTr: 0.43676429986953735, CeVa: 0.703360915184021
ENSEMBLE | Tr_Acc: 0.9646000266075134, Tr_CE: 0.11716193705797195, Va_Acc: 0.9204999804496765, Va_CE: 0.2862013876438141
Epoch: 96, AccTr: 0.8702999949455261, AccVa: 0.8255000114440918, CeTr: 0.4793863892555237, CeVa: 0.7137147188186646
Epoch: 97, AccTr: 0.8641999959945679, AccVa: 0.8234999775886536, CeTr: 0.47910740971565247, CeVa: 0.7684018015861511
Epoch: 98, AccTr: 0.8615999817848206, AccVa: 0.8069999814033508, CeTr: 0.4802928566932678, CeVa: 0.8131524920463562
Epoch: 99, AccTr: 0.861299991607666, AccVa: 0.8205000162124634, CeTr: 0.5354174375534058, CeVa: 0.8167180418968201
Epoch: 100, AccTr: 0.871399998664856, AccVa: 0.8065000176429749, CeTr: 0.45612093806266785, CeVa: 0.828055202960968
ENSEMBLE | Tr_Acc: 0.965399980545044, Tr_CE: 0.11529732495546341, Va_Acc: 0.921500027179718, Va_CE: 0.28631505370140076
Epoch: 101, AccTr: 0.8665000200271606, AccVa: 0.8299999833106995, CeTr: 0.47915977239608765, CeVa: 0.7252951860427856
Epoch: 102, AccTr: 0.8677999973297119, AccVa: 0.8270000219345093, CeTr: 0.4835169017314911, CeVa: 0.7663905620574951
Epoch: 103, AccTr: 0.864799976348877, AccVa: 0.8195000290870667, CeTr: 0.49594083428382874, CeVa: 0.7557795643806458
Epoch: 104, AccTr: 0.8738999962806702, AccVa: 0.8320000171661377, CeTr: 0.43724286556243896, CeVa: 0.652464747428894
Epoch: 105, AccTr: 0.8708999752998352, AccVa: 0.8355000019073486, CeTr: 0.44680508971214294, CeVa: 0.7031971216201782
ENSEMBLE | Tr_Acc: 0.9660000205039978, Tr_CE: 0.11398608237504959, Va_Acc: 0.9235000014305115, Va_CE: 0.2829020917415619
Epoch: 106, AccTr: 0.8658000230789185, AccVa: 0.8314999938011169, CeTr: 0.5150017142295837, CeVa: 0.7475799918174744
Epoch: 107, AccTr: 0.861299991607666, AccVa: 0.8205000162124634, CeTr: 0.5044015049934387, CeVa: 0.7282533645629883
Epoch: 108, AccTr: 0.8683000206947327, AccVa: 0.8240000009536743, CeTr: 0.45691990852355957, CeVa: 0.7590516805648804
Epoch: 109, AccTr: 0.8694000244140625, AccVa: 0.8169999718666077, CeTr: 0.4790785014629364, CeVa: 0.7922616600990295
Epoch: 110, AccTr: 0.8698999881744385, AccVa: 0.8199999928474426, CeTr: 0.4609242081642151, CeVa: 0.7856584787368774
ENSEMBLE | Tr_Acc: 0.9650999903678894, Tr_CE: 0.11281117051839828, Va_Acc: 0.9229999780654907, Va_CE: 0.2836529314517975
Epoch: 111, AccTr: 0.8633000254631042, AccVa: 0.8054999709129333, CeTr: 0.4772067964076996, CeVa: 0.7995153069496155
Epoch: 112, AccTr: 0.8655999898910522, AccVa: 0.8205000162124634, CeTr: 0.505973219871521, CeVa: 0.7546684741973877
Epoch: 113, AccTr: 0.8644999861717224, AccVa: 0.8184999823570251, CeTr: 0.48487505316734314, CeVa: 0.7779264450073242
Epoch: 114, AccTr: 0.8672000169754028, AccVa: 0.815500020980835, CeTr: 0.46765410900115967, CeVa: 0.7654337882995605
Epoch: 115, AccTr: 0.8554999828338623, AccVa: 0.8059999942779541, CeTr: 0.5390264391899109, CeVa: 0.7723272442817688
ENSEMBLE | Tr_Acc: 0.9648000001907349, Tr_CE: 0.11390963196754456, Va_Acc: 0.9225000143051147, Va_CE: 0.2827267050743103
Epoch: 116, AccTr: 0.8723999857902527, AccVa: 0.8289999961853027, CeTr: 0.4852977395057678, CeVa: 0.7190243601799011
Epoch: 117, AccTr: 0.8720999956130981, AccVa: 0.8270000219345093, CeTr: 0.45214423537254333, CeVa: 0.7460489869117737
Epoch: 118, AccTr: 0.8658000230789185, AccVa: 0.8140000104904175, CeTr: 0.45935824513435364, CeVa: 0.737363338470459
Epoch: 119, AccTr: 0.8690000176429749, AccVa: 0.8374999761581421, CeTr: 0.44423040747642517, CeVa: 0.7171267867088318
Epoch: 120, AccTr: 0.867900013923645, AccVa: 0.8339999914169312, CeTr: 0.46022099256515503, CeVa: 0.7169527411460876
ENSEMBLE | Tr_Acc: 0.9642999768257141, Tr_CE: 0.1122523695230484, Va_Acc: 0.9235000014305115, Va_CE: 0.27991223335266113
Epoch: 121, AccTr: 0.8607000112533569, AccVa: 0.8230000138282776, CeTr: 0.4603271484375, CeVa: 0.7471061944961548
Epoch: 122, AccTr: 0.8737999796867371, AccVa: 0.8330000042915344, CeTr: 0.43712422251701355, CeVa: 0.7379776239395142
Epoch: 123, AccTr: 0.8690000176429749, AccVa: 0.8224999904632568, CeTr: 0.44017547369003296, CeVa: 0.7230820059776306
Epoch: 124, AccTr: 0.8633999824523926, AccVa: 0.8295000195503235, CeTr: 0.504478931427002, CeVa: 0.7414079308509827
Epoch: 125, AccTr: 0.859499990940094, AccVa: 0.8264999985694885, CeTr: 0.4894373118877411, CeVa: 0.6973245143890381
ENSEMBLE | Tr_Acc: 0.9639000296592712, Tr_CE: 0.11114909499883652, Va_Acc: 0.9235000014305115, Va_CE: 0.27743569016456604
Epoch: 126, AccTr: 0.8705000281333923, AccVa: 0.8215000033378601, CeTr: 0.4623715877532959, CeVa: 0.7305917739868164
Epoch: 127, AccTr: 0.8525000214576721, AccVa: 0.8075000047683716, CeTr: 0.5326309204101562, CeVa: 0.815155565738678
Epoch: 128, AccTr: 0.8701000213623047, AccVa: 0.8230000138282776, CeTr: 0.4490264058113098, CeVa: 0.7453395128250122
Epoch: 129, AccTr: 0.8669000267982483, AccVa: 0.8370000123977661, CeTr: 0.4904692471027374, CeVa: 0.6801962852478027
Epoch: 130, AccTr: 0.8726999759674072, AccVa: 0.8199999928474426, CeTr: 0.45066434144973755, CeVa: 0.7348811030387878
ENSEMBLE | Tr_Acc: 0.9642000198364258, Tr_CE: 0.11028624325990677, Va_Acc: 0.925000011920929, Va_CE: 0.2763306796550751
Epoch: 131, AccTr: 0.8515999913215637, AccVa: 0.8259999752044678, CeTr: 0.5371496677398682, CeVa: 0.7784908413887024
Epoch: 132, AccTr: 0.8621000051498413, AccVa: 0.8335000276565552, CeTr: 0.5017693638801575, CeVa: 0.6809096336364746
Epoch: 133, AccTr: 0.8629000186920166, AccVa: 0.828000009059906, CeTr: 0.473996102809906, CeVa: 0.7328693866729736
Epoch: 134, AccTr: 0.8741999864578247, AccVa: 0.8299999833106995, CeTr: 0.4511241316795349, CeVa: 0.7142590284347534
Epoch: 135, AccTr: 0.8686000108718872, AccVa: 0.8224999904632568, CeTr: 0.47949740290641785, CeVa: 0.7421764135360718
ENSEMBLE | Tr_Acc: 0.9642999768257141, Tr_CE: 0.11000904440879822, Va_Acc: 0.9275000095367432, Va_CE: 0.2756166458129883
Epoch: 136, AccTr: 0.8694000244140625, AccVa: 0.8215000033378601, CeTr: 0.46703702211380005, CeVa: 0.7621854543685913
Epoch: 137, AccTr: 0.8744999766349792, AccVa: 0.8314999938011169, CeTr: 0.451398104429245, CeVa: 0.723246693611145
Epoch: 138, AccTr: 0.8615000247955322, AccVa: 0.8195000290870667, CeTr: 0.47051289677619934, CeVa: 0.7584958076477051
Epoch: 139, AccTr: 0.8711000084877014, AccVa: 0.8215000033378601, CeTr: 0.46916890144348145, CeVa: 0.7736852765083313
Epoch: 140, AccTr: 0.8733999729156494, AccVa: 0.8295000195503235, CeTr: 0.45524439215660095, CeVa: 0.7709721922874451
ENSEMBLE | Tr_Acc: 0.9646000266075134, Tr_CE: 0.10919191688299179, Va_Acc: 0.9254999756813049, Va_CE: 0.2764509320259094
Epoch: 141, AccTr: 0.8597999811172485, AccVa: 0.8230000138282776, CeTr: 0.5063400864601135, CeVa: 0.7366384863853455
Epoch: 142, AccTr: 0.862500011920929, AccVa: 0.8240000009536743, CeTr: 0.4776158630847931, CeVa: 0.6904262900352478
Epoch: 143, AccTr: 0.8664000034332275, AccVa: 0.8255000114440918, CeTr: 0.47870293259620667, CeVa: 0.7505559325218201
Epoch: 144, AccTr: 0.8650000095367432, AccVa: 0.8174999952316284, CeTr: 0.48373711109161377, CeVa: 0.7907357811927795
Epoch: 145, AccTr: 0.8632000088691711, AccVa: 0.8149999976158142, CeTr: 0.4774757921695709, CeVa: 0.7873530983924866
ENSEMBLE | Tr_Acc: 0.9645000100135803, Tr_CE: 0.10877762734889984, Va_Acc: 0.9254999756813049, Va_CE: 0.27560320496559143
Epoch: 146, AccTr: 0.8704000115394592, AccVa: 0.8174999952316284, CeTr: 0.479095458984375, CeVa: 0.7795379161834717
Epoch: 147, AccTr: 0.8716999888420105, AccVa: 0.8274999856948853, CeTr: 0.4877069294452667, CeVa: 0.7609638571739197
Epoch: 148, AccTr: 0.8619999885559082, AccVa: 0.8224999904632568, CeTr: 0.5107571482658386, CeVa: 0.8152711987495422
Epoch: 149, AccTr: 0.8715999722480774, AccVa: 0.8140000104904175, CeTr: 0.46648770570755005, CeVa: 0.8133986592292786
Epoch: 150, AccTr: 0.8780999779701233, AccVa: 0.8299999833106995, CeTr: 0.4690696895122528, CeVa: 0.7785887718200684
ENSEMBLE | Tr_Acc: 0.9649999737739563, Tr_CE: 0.10903655737638474, Va_Acc: 0.9244999885559082, Va_CE: 0.27726924419403076
NN CONFIG
Weight-type:		ternary
Layout									Layer #1: 280	Layer #2: 200	
Activation Functions					Layer #1: bs	Layer #2: bs	
Keep probabilities		Layer #0: 0.99	Layer #1: 0.98	Layer #2: 0.98	
Flat factors							Layer #1: 1.0	Layer #2: 1.0	Layer #3: 1.0	
Activation Noise						Layer #1: 0.1	Layer #2: 0.1	Layer #3: 0.0	

===================================

RUN CONFIG
Epochs: 150, Blocksize: 4

===================================

Epoch: 1, AccTr: 0.8447999954223633, AccVa: 0.8065000176429749, CeTr: 0.6041021347045898, CeVa: 0.8474692106246948
Epoch: 2, AccTr: 0.845300018787384, AccVa: 0.7979999780654907, CeTr: 0.5434902906417847, CeVa: 0.7598293423652649
Epoch: 3, AccTr: 0.8422999978065491, AccVa: 0.7994999885559082, CeTr: 0.5711711645126343, CeVa: 0.7950594425201416
Epoch: 4, AccTr: 0.8399999737739563, AccVa: 0.8190000057220459, CeTr: 0.5780497193336487, CeVa: 0.7427822947502136
Epoch: 5, AccTr: 0.8525999784469604, AccVa: 0.8015000224113464, CeTr: 0.5202974081039429, CeVa: 0.7725799679756165
Epoch: 6, AccTr: 0.8550000190734863, AccVa: 0.8025000095367432, CeTr: 0.4956176280975342, CeVa: 0.773714542388916
Epoch: 7, AccTr: 0.8420000076293945, AccVa: 0.8029999732971191, CeTr: 0.5441942811012268, CeVa: 0.7785794138908386
Epoch: 8, AccTr: 0.8565000295639038, AccVa: 0.8034999966621399, CeTr: 0.4723314344882965, CeVa: 0.7705112099647522
Epoch: 9, AccTr: 0.8632000088691711, AccVa: 0.8115000128746033, CeTr: 0.47016075253486633, CeVa: 0.7173094749450684
Epoch: 10, AccTr: 0.8543999791145325, AccVa: 0.8180000185966492, CeTr: 0.5050393342971802, CeVa: 0.7218865752220154
Epoch: 11, AccTr: 0.8535000085830688, AccVa: 0.8050000071525574, CeTr: 0.5241662859916687, CeVa: 0.8027899861335754
Epoch: 12, AccTr: 0.8610000014305115, AccVa: 0.8069999814033508, CeTr: 0.47921285033226013, CeVa: 0.7737557888031006
Epoch: 13, AccTr: 0.8560000061988831, AccVa: 0.8025000095367432, CeTr: 0.49556583166122437, CeVa: 0.7738072276115417
Epoch: 14, AccTr: 0.867900013923645, AccVa: 0.8255000114440918, CeTr: 0.45693448185920715, CeVa: 0.7054027318954468
Epoch: 15, AccTr: 0.8614000082015991, AccVa: 0.8105000257492065, CeTr: 0.47913578152656555, CeVa: 0.746826171875
Epoch: 16, AccTr: 0.8640999794006348, AccVa: 0.8234999775886536, CeTr: 0.49147364497184753, CeVa: 0.7212432622909546
Epoch: 17, AccTr: 0.8593999743461609, AccVa: 0.8065000176429749, CeTr: 0.48661717772483826, CeVa: 0.8110437393188477
Epoch: 18, AccTr: 0.864799976348877, AccVa: 0.8255000114440918, CeTr: 0.4894910156726837, CeVa: 0.7158023715019226
Epoch: 19, AccTr: 0.8608999848365784, AccVa: 0.8209999799728394, CeTr: 0.48351922631263733, CeVa: 0.756648063659668
Epoch: 20, AccTr: 0.870199978351593, AccVa: 0.8215000033378601, CeTr: 0.4465991258621216, CeVa: 0.7073329091072083
Epoch: 21, AccTr: 0.8632000088691711, AccVa: 0.8205000162124634, CeTr: 0.48480015993118286, CeVa: 0.7712566256523132
Epoch: 22, AccTr: 0.8658999800682068, AccVa: 0.8230000138282776, CeTr: 0.45762309432029724, CeVa: 0.6903720498085022
Epoch: 23, AccTr: 0.8677999973297119, AccVa: 0.8364999890327454, CeTr: 0.4515753388404846, CeVa: 0.6936479806900024
Epoch: 24, AccTr: 0.8687999844551086, AccVa: 0.8255000114440918, CeTr: 0.44576260447502136, CeVa: 0.7116652727127075
Epoch: 25, AccTr: 0.8604000210762024, AccVa: 0.8215000033378601, CeTr: 0.4845520555973053, CeVa: 0.7225915789604187
Epoch: 26, AccTr: 0.8691999912261963, AccVa: 0.8180000185966492, CeTr: 0.4663543105125427, CeVa: 0.7253707051277161
Epoch: 27, AccTr: 0.8676000237464905, AccVa: 0.8119999766349792, CeTr: 0.44710400700569153, CeVa: 0.7938706874847412
Epoch: 28, AccTr: 0.8646000027656555, AccVa: 0.8100000023841858, CeTr: 0.4689299762248993, CeVa: 0.7888803482055664
Epoch: 29, AccTr: 0.8632000088691711, AccVa: 0.8295000195503235, CeTr: 0.45043379068374634, CeVa: 0.7248671650886536
Epoch: 30, AccTr: 0.86080002784729, AccVa: 0.8165000081062317, CeTr: 0.4886457026004791, CeVa: 0.7739301323890686
ENSEMBLE | Tr_Acc: 0.86080002784729, Tr_CE: 0.4886457026004791, Va_Acc: 0.8165000081062317, Va_CE: 0.7739301323890686
Epoch: 31, AccTr: 0.8536999821662903, AccVa: 0.815500020980835, CeTr: 0.5116937756538391, CeVa: 0.7776786684989929
Epoch: 32, AccTr: 0.8500999808311462, AccVa: 0.8009999990463257, CeTr: 0.557976484298706, CeVa: 0.7605217695236206
Epoch: 33, AccTr: 0.8651000261306763, AccVa: 0.8234999775886536, CeTr: 0.46177637577056885, CeVa: 0.7226026654243469
Epoch: 34, AccTr: 0.8571000099182129, AccVa: 0.8180000185966492, CeTr: 0.5082313418388367, CeVa: 0.681145429611206
Epoch: 35, AccTr: 0.8664000034332275, AccVa: 0.8195000290870667, CeTr: 0.4490804672241211, CeVa: 0.7288990616798401
ENSEMBLE | Tr_Acc: 0.9172000288963318, Tr_CE: 0.2635166049003601, Va_Acc: 0.8715000152587891, Va_CE: 0.5068175196647644
Epoch: 36, AccTr: 0.8752999901771545, AccVa: 0.8299999833106995, CeTr: 0.4160875380039215, CeVa: 0.725134015083313
Epoch: 37, AccTr: 0.8745999932289124, AccVa: 0.828000009059906, CeTr: 0.429227352142334, CeVa: 0.6709915399551392
Epoch: 38, AccTr: 0.8691999912261963, AccVa: 0.8420000076293945, CeTr: 0.4417305588722229, CeVa: 0.6193141341209412
Epoch: 39, AccTr: 0.8392000198364258, AccVa: 0.8105000257492065, CeTr: 0.5904259085655212, CeVa: 0.784640371799469
Epoch: 40, AccTr: 0.8682000041007996, AccVa: 0.8314999938011169, CeTr: 0.46263548731803894, CeVa: 0.6772233843803406
ENSEMBLE | Tr_Acc: 0.9366000294685364, Tr_CE: 0.2005656212568283, Va_Acc: 0.8899999856948853, Va_CE: 0.4113202393054962
Epoch: 41, AccTr: 0.8652999997138977, AccVa: 0.8264999985694885, CeTr: 0.47399911284446716, CeVa: 0.7390933632850647
Epoch: 42, AccTr: 0.8456000089645386, AccVa: 0.8080000281333923, CeTr: 0.5609031319618225, CeVa: 0.8406794667243958
Epoch: 43, AccTr: 0.8605999946594238, AccVa: 0.8180000185966492, CeTr: 0.4753931164741516, CeVa: 0.7503317594528198
Epoch: 44, AccTr: 0.8626999855041504, AccVa: 0.8220000267028809, CeTr: 0.49193960428237915, CeVa: 0.7243613600730896
Epoch: 45, AccTr: 0.8687000274658203, AccVa: 0.8335000276565552, CeTr: 0.4526488184928894, CeVa: 0.7064958214759827
ENSEMBLE | Tr_Acc: 0.947700023651123, Tr_CE: 0.1743284910917282, Va_Acc: 0.9045000076293945, Va_CE: 0.3658671975135803
Epoch: 46, AccTr: 0.8686000108718872, AccVa: 0.8065000176429749, CeTr: 0.4505651891231537, CeVa: 0.7833106517791748
Epoch: 47, AccTr: 0.8615000247955322, AccVa: 0.8195000290870667, CeTr: 0.4851071238517761, CeVa: 0.7238445281982422
Epoch: 48, AccTr: 0.8533999919891357, AccVa: 0.8090000152587891, CeTr: 0.5227411985397339, CeVa: 0.7710462808609009
Epoch: 49, AccTr: 0.8543999791145325, AccVa: 0.8025000095367432, CeTr: 0.5153629779815674, CeVa: 0.8315969109535217
Epoch: 50, AccTr: 0.8636999726295471, AccVa: 0.8069999814033508, CeTr: 0.44969335198402405, CeVa: 0.800696611404419
ENSEMBLE | Tr_Acc: 0.9519000053405762, Tr_CE: 0.1562286764383316, Va_Acc: 0.9075000286102295, Va_CE: 0.3525870740413666
Epoch: 51, AccTr: 0.8690999746322632, AccVa: 0.8174999952316284, CeTr: 0.44138431549072266, CeVa: 0.7029398083686829
Epoch: 52, AccTr: 0.8658999800682068, AccVa: 0.828499972820282, CeTr: 0.4647596776485443, CeVa: 0.6981680393218994
Epoch: 53, AccTr: 0.858299970626831, AccVa: 0.8080000281333923, CeTr: 0.4994158148765564, CeVa: 0.763259768486023
Epoch: 54, AccTr: 0.8641999959945679, AccVa: 0.8245000243186951, CeTr: 0.4613243043422699, CeVa: 0.7128411531448364
Epoch: 55, AccTr: 0.8687000274658203, AccVa: 0.8335000276565552, CeTr: 0.4691516160964966, CeVa: 0.6850917339324951
ENSEMBLE | Tr_Acc: 0.9546999931335449, Tr_CE: 0.14890027046203613, Va_Acc: 0.9089999794960022, Va_CE: 0.3357175290584564
Epoch: 56, AccTr: 0.8682000041007996, AccVa: 0.8314999938011169, CeTr: 0.474528431892395, CeVa: 0.6736531853675842
Epoch: 57, AccTr: 0.8662999868392944, AccVa: 0.809499979019165, CeTr: 0.4672378897666931, CeVa: 0.7543664574623108
Epoch: 58, AccTr: 0.8644999861717224, AccVa: 0.8305000066757202, CeTr: 0.4707346558570862, CeVa: 0.727307915687561
Epoch: 59, AccTr: 0.8669999837875366, AccVa: 0.8295000195503235, CeTr: 0.46574580669403076, CeVa: 0.7224155068397522
Epoch: 60, AccTr: 0.8521000146865845, AccVa: 0.8169999718666077, CeTr: 0.5401604771614075, CeVa: 0.7737494111061096
ENSEMBLE | Tr_Acc: 0.9555000066757202, Tr_CE: 0.1464172601699829, Va_Acc: 0.9089999794960022, Va_CE: 0.32880038022994995
Epoch: 61, AccTr: 0.873199999332428, AccVa: 0.8270000219345093, CeTr: 0.443928599357605, CeVa: 0.7511964440345764
Epoch: 62, AccTr: 0.8723000288009644, AccVa: 0.8115000128746033, CeTr: 0.45004579424858093, CeVa: 0.7244586944580078
Epoch: 63, AccTr: 0.8751000165939331, AccVa: 0.8234999775886536, CeTr: 0.42616817355155945, CeVa: 0.7210698127746582
Epoch: 64, AccTr: 0.8600000143051147, AccVa: 0.8209999799728394, CeTr: 0.482608437538147, CeVa: 0.7537738084793091
Epoch: 65, AccTr: 0.8691999912261963, AccVa: 0.8305000066757202, CeTr: 0.44825926423072815, CeVa: 0.6764128804206848
ENSEMBLE | Tr_Acc: 0.9559000134468079, Tr_CE: 0.13945405185222626, Va_Acc: 0.9089999794960022, Va_CE: 0.3169352412223816
Epoch: 66, AccTr: 0.8740000128746033, AccVa: 0.8395000100135803, CeTr: 0.43311333656311035, CeVa: 0.7160205841064453
Epoch: 67, AccTr: 0.8690000176429749, AccVa: 0.815500020980835, CeTr: 0.4436263144016266, CeVa: 0.7812060713768005
Epoch: 68, AccTr: 0.8705000281333923, AccVa: 0.8410000205039978, CeTr: 0.45173901319503784, CeVa: 0.6788758635520935
Epoch: 69, AccTr: 0.8826000094413757, AccVa: 0.8370000123977661, CeTr: 0.39850500226020813, CeVa: 0.681918740272522
Epoch: 70, AccTr: 0.8726999759674072, AccVa: 0.8295000195503235, CeTr: 0.4319588243961334, CeVa: 0.6897620558738708
ENSEMBLE | Tr_Acc: 0.9587000012397766, Tr_CE: 0.13355602324008942, Va_Acc: 0.9114999771118164, Va_CE: 0.30838876962661743
Epoch: 71, AccTr: 0.8751999735832214, AccVa: 0.828499972820282, CeTr: 0.4183230400085449, CeVa: 0.7111490368843079
Epoch: 72, AccTr: 0.8744999766349792, AccVa: 0.8255000114440918, CeTr: 0.41843751072883606, CeVa: 0.72348952293396
Epoch: 73, AccTr: 0.8677999973297119, AccVa: 0.8299999833106995, CeTr: 0.48876523971557617, CeVa: 0.7449793815612793
Epoch: 74, AccTr: 0.8730999827384949, AccVa: 0.828499972820282, CeTr: 0.43530702590942383, CeVa: 0.680228590965271
Epoch: 75, AccTr: 0.8634999990463257, AccVa: 0.8274999856948853, CeTr: 0.46412187814712524, CeVa: 0.7025045156478882
ENSEMBLE | Tr_Acc: 0.9605000019073486, Tr_CE: 0.12969917058944702, Va_Acc: 0.9169999957084656, Va_CE: 0.302791565656662
Epoch: 76, AccTr: 0.8568999767303467, AccVa: 0.8190000057220459, CeTr: 0.5008161067962646, CeVa: 0.7671459913253784
Epoch: 77, AccTr: 0.8694000244140625, AccVa: 0.8395000100135803, CeTr: 0.4659850597381592, CeVa: 0.7197011709213257
Epoch: 78, AccTr: 0.876800000667572, AccVa: 0.8255000114440918, CeTr: 0.44522538781166077, CeVa: 0.7206883430480957
Epoch: 79, AccTr: 0.8691999912261963, AccVa: 0.8274999856948853, CeTr: 0.4458719789981842, CeVa: 0.7282863855361938
Epoch: 80, AccTr: 0.8601999878883362, AccVa: 0.8205000162124634, CeTr: 0.478061318397522, CeVa: 0.7534553408622742
ENSEMBLE | Tr_Acc: 0.9610000252723694, Tr_CE: 0.12796717882156372, Va_Acc: 0.9175000190734863, Va_CE: 0.29988446831703186
Epoch: 81, AccTr: 0.8671000003814697, AccVa: 0.815500020980835, CeTr: 0.43077319860458374, CeVa: 0.7716009020805359
Epoch: 82, AccTr: 0.8762999773025513, AccVa: 0.8309999704360962, CeTr: 0.4381449222564697, CeVa: 0.7225518822669983
Epoch: 83, AccTr: 0.8756999969482422, AccVa: 0.8295000195503235, CeTr: 0.41900965571403503, CeVa: 0.7656199336051941
Epoch: 84, AccTr: 0.8695999979972839, AccVa: 0.8314999938011169, CeTr: 0.47485166788101196, CeVa: 0.7350239753723145
Epoch: 85, AccTr: 0.857200026512146, AccVa: 0.8125, CeTr: 0.4789436161518097, CeVa: 0.7771791815757751
ENSEMBLE | Tr_Acc: 0.9609000086784363, Tr_CE: 0.12572313845157623, Va_Acc: 0.9169999957084656, Va_CE: 0.2945985794067383
Epoch: 86, AccTr: 0.8679999709129333, AccVa: 0.8215000033378601, CeTr: 0.4683683514595032, CeVa: 0.7514106631278992
Epoch: 87, AccTr: 0.8680999875068665, AccVa: 0.8240000009536743, CeTr: 0.4703713357448578, CeVa: 0.7656495571136475
Epoch: 88, AccTr: 0.8621000051498413, AccVa: 0.8255000114440918, CeTr: 0.4790757894515991, CeVa: 0.7342199683189392
Epoch: 89, AccTr: 0.8723999857902527, AccVa: 0.8240000009536743, CeTr: 0.42933526635169983, CeVa: 0.735978364944458
Epoch: 90, AccTr: 0.864300012588501, AccVa: 0.8205000162124634, CeTr: 0.4716091454029083, CeVa: 0.7429043650627136
ENSEMBLE | Tr_Acc: 0.9611999988555908, Tr_CE: 0.12463056296110153, Va_Acc: 0.9194999933242798, Va_CE: 0.2918582260608673
Epoch: 91, AccTr: 0.8531000018119812, AccVa: 0.8050000071525574, CeTr: 0.5374823212623596, CeVa: 0.8231881260871887
Epoch: 92, AccTr: 0.8673999905586243, AccVa: 0.828499972820282, CeTr: 0.4723866283893585, CeVa: 0.7475420236587524
Epoch: 93, AccTr: 0.8654000163078308, AccVa: 0.8224999904632568, CeTr: 0.48275092244148254, CeVa: 0.7508913278579712
Epoch: 94, AccTr: 0.8537999987602234, AccVa: 0.8109999895095825, CeTr: 0.5129151344299316, CeVa: 0.7919707298278809
Epoch: 95, AccTr: 0.86080002784729, AccVa: 0.8054999709129333, CeTr: 0.5022546648979187, CeVa: 0.7562987804412842
ENSEMBLE | Tr_Acc: 0.961899995803833, Tr_CE: 0.12429328262805939, Va_Acc: 0.9185000061988831, Va_CE: 0.29191669821739197
Epoch: 96, AccTr: 0.8651999831199646, AccVa: 0.8220000267028809, CeTr: 0.4639463424682617, CeVa: 0.7384915947914124
Epoch: 97, AccTr: 0.8684999942779541, AccVa: 0.8289999961853027, CeTr: 0.47436630725860596, CeVa: 0.7183313965797424
Epoch: 98, AccTr: 0.8655999898910522, AccVa: 0.8165000081062317, CeTr: 0.44706645607948303, CeVa: 0.7657536864280701
Epoch: 99, AccTr: 0.8604999780654907, AccVa: 0.8199999928474426, CeTr: 0.4736955165863037, CeVa: 0.7376676201820374
Epoch: 100, AccTr: 0.8662999868392944, AccVa: 0.8205000162124634, CeTr: 0.47488436102867126, CeVa: 0.7696724534034729
ENSEMBLE | Tr_Acc: 0.9624999761581421, Tr_CE: 0.12290874123573303, Va_Acc: 0.9185000061988831, Va_CE: 0.2886829078197479
Epoch: 101, AccTr: 0.8726999759674072, AccVa: 0.8259999752044678, CeTr: 0.44805410504341125, CeVa: 0.703510046005249
Epoch: 102, AccTr: 0.8730000257492065, AccVa: 0.8105000257492065, CeTr: 0.46975263953208923, CeVa: 0.7800982594490051
Epoch: 103, AccTr: 0.8654000163078308, AccVa: 0.8169999718666077, CeTr: 0.48118188977241516, CeVa: 0.7938377857208252
Epoch: 104, AccTr: 0.8666999936103821, AccVa: 0.8115000128746033, CeTr: 0.4574669897556305, CeVa: 0.7047492861747742
Epoch: 105, AccTr: 0.871399998664856, AccVa: 0.8209999799728394, CeTr: 0.44929540157318115, CeVa: 0.7369476556777954
ENSEMBLE | Tr_Acc: 0.9631999731063843, Tr_CE: 0.12117254734039307, Va_Acc: 0.9185000061988831, Va_CE: 0.2870802581310272
Epoch: 106, AccTr: 0.864799976348877, AccVa: 0.828000009059906, CeTr: 0.48743683099746704, CeVa: 0.7230982780456543
Epoch: 107, AccTr: 0.8673999905586243, AccVa: 0.8234999775886536, CeTr: 0.4477766454219818, CeVa: 0.7635842561721802
Epoch: 108, AccTr: 0.8666999936103821, AccVa: 0.8199999928474426, CeTr: 0.4816255271434784, CeVa: 0.7759658098220825
Epoch: 109, AccTr: 0.8600000143051147, AccVa: 0.8345000147819519, CeTr: 0.5000242590904236, CeVa: 0.6555662751197815
Epoch: 110, AccTr: 0.864300012588501, AccVa: 0.8264999985694885, CeTr: 0.47585824131965637, CeVa: 0.7342409491539001
ENSEMBLE | Tr_Acc: 0.9628999829292297, Tr_CE: 0.12019138038158417, Va_Acc: 0.921500027179718, Va_CE: 0.2856625020503998
Epoch: 111, AccTr: 0.8641999959945679, AccVa: 0.8234999775886536, CeTr: 0.47731781005859375, CeVa: 0.7361671328544617
Epoch: 112, AccTr: 0.8676000237464905, AccVa: 0.8245000243186951, CeTr: 0.48221713304519653, CeVa: 0.7717452645301819
Epoch: 113, AccTr: 0.8535000085830688, AccVa: 0.8144999742507935, CeTr: 0.5324052572250366, CeVa: 0.762884259223938
Epoch: 114, AccTr: 0.869700014591217, AccVa: 0.8274999856948853, CeTr: 0.46402862668037415, CeVa: 0.7848772406578064
Epoch: 115, AccTr: 0.8672000169754028, AccVa: 0.8324999809265137, CeTr: 0.4818820357322693, CeVa: 0.7416345477104187
ENSEMBLE | Tr_Acc: 0.963100016117096, Tr_CE: 0.11893560737371445, Va_Acc: 0.921999990940094, Va_CE: 0.28417542576789856
Epoch: 116, AccTr: 0.8519999980926514, AccVa: 0.8165000081062317, CeTr: 0.5109266638755798, CeVa: 0.7663807272911072
Epoch: 117, AccTr: 0.8712000250816345, AccVa: 0.828499972820282, CeTr: 0.4724982976913452, CeVa: 0.7247108817100525
Epoch: 118, AccTr: 0.8669000267982483, AccVa: 0.8159999847412109, CeTr: 0.4691694378852844, CeVa: 0.7517468333244324
Epoch: 119, AccTr: 0.8694000244140625, AccVa: 0.8240000009536743, CeTr: 0.46468237042427063, CeVa: 0.7881057858467102
Epoch: 120, AccTr: 0.8644999861717224, AccVa: 0.8259999752044678, CeTr: 0.4988108277320862, CeVa: 0.7341747283935547
ENSEMBLE | Tr_Acc: 0.9631999731063843, Tr_CE: 0.11871521174907684, Va_Acc: 0.921500027179718, Va_CE: 0.28192320466041565
Epoch: 121, AccTr: 0.8745999932289124, AccVa: 0.8309999704360962, CeTr: 0.46193036437034607, CeVa: 0.7229080200195312
Epoch: 122, AccTr: 0.8736000061035156, AccVa: 0.8305000066757202, CeTr: 0.444871187210083, CeVa: 0.7356107234954834
Epoch: 123, AccTr: 0.8676999807357788, AccVa: 0.8195000290870667, CeTr: 0.4907969832420349, CeVa: 0.7922531962394714
Epoch: 124, AccTr: 0.8705999851226807, AccVa: 0.8115000128746033, CeTr: 0.45144715905189514, CeVa: 0.8602415323257446
Epoch: 125, AccTr: 0.8646000027656555, AccVa: 0.8209999799728394, CeTr: 0.4675789177417755, CeVa: 0.752300500869751
ENSEMBLE | Tr_Acc: 0.9632999897003174, Tr_CE: 0.11758933961391449, Va_Acc: 0.9235000014305115, Va_CE: 0.28226935863494873
Epoch: 126, AccTr: 0.863099992275238, AccVa: 0.8245000243186951, CeTr: 0.4961257874965668, CeVa: 0.7642245292663574
Epoch: 127, AccTr: 0.8604999780654907, AccVa: 0.8125, CeTr: 0.5014277100563049, CeVa: 0.8452168703079224
Epoch: 128, AccTr: 0.8671000003814697, AccVa: 0.8295000195503235, CeTr: 0.47872471809387207, CeVa: 0.7582799196243286
Epoch: 129, AccTr: 0.8654000163078308, AccVa: 0.8220000267028809, CeTr: 0.4700430631637573, CeVa: 0.8032057285308838
Epoch: 130, AccTr: 0.8741999864578247, AccVa: 0.8215000033378601, CeTr: 0.44330206513404846, CeVa: 0.7557604312896729
ENSEMBLE | Tr_Acc: 0.9635999798774719, Tr_CE: 0.11640496551990509, Va_Acc: 0.9225000143051147, Va_CE: 0.2808893024921417
Epoch: 131, AccTr: 0.8686000108718872, AccVa: 0.8299999833106995, CeTr: 0.48341602087020874, CeVa: 0.7639475464820862
Epoch: 132, AccTr: 0.8557000160217285, AccVa: 0.8299999833106995, CeTr: 0.528735339641571, CeVa: 0.7323439121246338
Epoch: 133, AccTr: 0.8661999702453613, AccVa: 0.8270000219345093, CeTr: 0.47921517491340637, CeVa: 0.7146174907684326
Epoch: 134, AccTr: 0.8619999885559082, AccVa: 0.8220000267028809, CeTr: 0.49612271785736084, CeVa: 0.8097878098487854
Epoch: 135, AccTr: 0.867900013923645, AccVa: 0.8149999976158142, CeTr: 0.48148074746131897, CeVa: 0.7949502468109131
ENSEMBLE | Tr_Acc: 0.9631999731063843, Tr_CE: 0.11594060063362122, Va_Acc: 0.9235000014305115, Va_CE: 0.2810497581958771
Epoch: 136, AccTr: 0.882099986076355, AccVa: 0.8330000042915344, CeTr: 0.4365762174129486, CeVa: 0.6771856546401978
Epoch: 137, AccTr: 0.8429999947547913, AccVa: 0.8019999861717224, CeTr: 0.6461514234542847, CeVa: 0.8670482039451599
Epoch: 138, AccTr: 0.8646000027656555, AccVa: 0.8215000033378601, CeTr: 0.4822681248188019, CeVa: 0.7553792595863342
Epoch: 139, AccTr: 0.864300012588501, AccVa: 0.8259999752044678, CeTr: 0.4989337921142578, CeVa: 0.7619203925132751
Epoch: 140, AccTr: 0.871399998664856, AccVa: 0.8245000243186951, CeTr: 0.4796762764453888, CeVa: 0.7636640071868896
ENSEMBLE | Tr_Acc: 0.9635000228881836, Tr_CE: 0.11563664674758911, Va_Acc: 0.9235000014305115, Va_CE: 0.27931421995162964
Epoch: 141, AccTr: 0.866599977016449, AccVa: 0.828000009059906, CeTr: 0.47986888885498047, CeVa: 0.7805505394935608
Epoch: 142, AccTr: 0.8743000030517578, AccVa: 0.8245000243186951, CeTr: 0.4466892182826996, CeVa: 0.7485303282737732
Epoch: 143, AccTr: 0.8675000071525574, AccVa: 0.8324999809265137, CeTr: 0.494082510471344, CeVa: 0.7246299386024475
Epoch: 144, AccTr: 0.8633999824523926, AccVa: 0.8245000243186951, CeTr: 0.47952938079833984, CeVa: 0.7436865568161011
Epoch: 145, AccTr: 0.8784999847412109, AccVa: 0.8184999823570251, CeTr: 0.425507128238678, CeVa: 0.8084741234779358
ENSEMBLE | Tr_Acc: 0.9635000228881836, Tr_CE: 0.11428161710500717, Va_Acc: 0.9240000247955322, Va_CE: 0.28045523166656494
Epoch: 146, AccTr: 0.8615000247955322, AccVa: 0.8255000114440918, CeTr: 0.506816029548645, CeVa: 0.7810074090957642
Epoch: 147, AccTr: 0.8629000186920166, AccVa: 0.8215000033378601, CeTr: 0.5212327837944031, CeVa: 0.7803195118904114
Epoch: 148, AccTr: 0.867900013923645, AccVa: 0.8184999823570251, CeTr: 0.46030938625335693, CeVa: 0.76475590467453
Epoch: 149, AccTr: 0.8740000128746033, AccVa: 0.8274999856948853, CeTr: 0.45331230759620667, CeVa: 0.7300370931625366
Epoch: 150, AccTr: 0.8632000088691711, AccVa: 0.828499972820282, CeTr: 0.46636703610420227, CeVa: 0.741877555847168
ENSEMBLE | Tr_Acc: 0.9639999866485596, Tr_CE: 0.11351695656776428, Va_Acc: 0.9240000247955322, Va_CE: 0.27990567684173584
Mod Accuracy || Mean: 0.8292499780654907	 Std: 0.0007500052452087402
Ens Accuracy || Mean: 0.9242500066757202	 Std: 0.0002499818801879883
Mod CE || Mean: 0.7602331638336182	 Std: 0.018355607986450195
Ens CE || Mean: 0.2785874605178833	 Std: 0.001318216323852539
