NN CONFIG
Weight-type:		ternary
Layout									Layer #1: 280	Layer #2: 200	
Activation Functions					Layer #1: bs	Layer #2: bs	
Keep probabilities		Layer #0: 0.99	Layer #1: 0.98	Layer #2: 0.98	
Flat factors							Layer #1: 1.0	Layer #2: 1.0	Layer #3: 1.0	
Activation Noise						Layer #1: 0.1	Layer #2: 0.1	Layer #3: 0.0	

===================================

RUN CONFIG
Epochs: 150, Blocksize: 4

===================================

Epoch: 1, AccTr: 0.8518999814987183, AccVa: 0.8184999823570251, CeTr: 0.5293067693710327, CeVa: 0.748874843120575
Epoch: 2, AccTr: 0.8504999876022339, AccVa: 0.8105000257492065, CeTr: 0.5345812439918518, CeVa: 0.7678849697113037
Epoch: 3, AccTr: 0.8614000082015991, AccVa: 0.8169999718666077, CeTr: 0.5090413093566895, CeVa: 0.7489951848983765
Epoch: 4, AccTr: 0.8633000254631042, AccVa: 0.8274999856948853, CeTr: 0.48102495074272156, CeVa: 0.6807112097740173
Epoch: 5, AccTr: 0.8600000143051147, AccVa: 0.8159999847412109, CeTr: 0.4894029200077057, CeVa: 0.7415557503700256
Epoch: 6, AccTr: 0.8762000203132629, AccVa: 0.8360000252723694, CeTr: 0.4175907373428345, CeVa: 0.7287102341651917
Epoch: 7, AccTr: 0.8652999997138977, AccVa: 0.8255000114440918, CeTr: 0.4962611794471741, CeVa: 0.7369359135627747
Epoch: 8, AccTr: 0.876800000667572, AccVa: 0.8389999866485596, CeTr: 0.44534823298454285, CeVa: 0.6987386345863342
Epoch: 9, AccTr: 0.866100013256073, AccVa: 0.8270000219345093, CeTr: 0.5014663934707642, CeVa: 0.7169060111045837
Epoch: 10, AccTr: 0.8774999976158142, AccVa: 0.8264999985694885, CeTr: 0.46899014711380005, CeVa: 0.7078125476837158
Epoch: 11, AccTr: 0.8755000233650208, AccVa: 0.8270000219345093, CeTr: 0.46422505378723145, CeVa: 0.703515887260437
Epoch: 12, AccTr: 0.8776000142097473, AccVa: 0.828000009059906, CeTr: 0.43930330872535706, CeVa: 0.7669034600257874
Epoch: 13, AccTr: 0.8665000200271606, AccVa: 0.8195000290870667, CeTr: 0.4872257709503174, CeVa: 0.806684136390686
Epoch: 14, AccTr: 0.8672999739646912, AccVa: 0.8165000081062317, CeTr: 0.4634941816329956, CeVa: 0.7765930891036987
Epoch: 15, AccTr: 0.8712999820709229, AccVa: 0.8274999856948853, CeTr: 0.4363771975040436, CeVa: 0.7612220644950867
Epoch: 16, AccTr: 0.8844000101089478, AccVa: 0.8320000171661377, CeTr: 0.4091949462890625, CeVa: 0.7504403591156006
Epoch: 17, AccTr: 0.8738999962806702, AccVa: 0.8245000243186951, CeTr: 0.44548138976097107, CeVa: 0.8203495144844055
Epoch: 18, AccTr: 0.871399998664856, AccVa: 0.8195000290870667, CeTr: 0.44555360078811646, CeVa: 0.7927732467651367
Epoch: 19, AccTr: 0.8687999844551086, AccVa: 0.8159999847412109, CeTr: 0.4970642030239105, CeVa: 0.7916982173919678
Epoch: 20, AccTr: 0.8647000193595886, AccVa: 0.8240000009536743, CeTr: 0.49026522040367126, CeVa: 0.7544476389884949
Epoch: 21, AccTr: 0.8765000104904175, AccVa: 0.824999988079071, CeTr: 0.4575851559638977, CeVa: 0.8008913397789001
Epoch: 22, AccTr: 0.8792999982833862, AccVa: 0.8305000066757202, CeTr: 0.4480489194393158, CeVa: 0.7510787844657898
Epoch: 23, AccTr: 0.8723999857902527, AccVa: 0.8270000219345093, CeTr: 0.45379823446273804, CeVa: 0.7968916893005371
Epoch: 24, AccTr: 0.8711000084877014, AccVa: 0.8230000138282776, CeTr: 0.47798609733581543, CeVa: 0.7162243127822876
Epoch: 25, AccTr: 0.8689000010490417, AccVa: 0.8320000171661377, CeTr: 0.47894546389579773, CeVa: 0.7065359354019165
Epoch: 26, AccTr: 0.8758000135421753, AccVa: 0.8184999823570251, CeTr: 0.45927488803863525, CeVa: 0.7308342456817627
Epoch: 27, AccTr: 0.866599977016449, AccVa: 0.8410000205039978, CeTr: 0.48634472489356995, CeVa: 0.7177204489707947
Epoch: 28, AccTr: 0.8776000142097473, AccVa: 0.8289999961853027, CeTr: 0.425931453704834, CeVa: 0.7335028052330017
Epoch: 29, AccTr: 0.8708999752998352, AccVa: 0.8355000019073486, CeTr: 0.4635300636291504, CeVa: 0.6902997493743896
Epoch: 30, AccTr: 0.8618000149726868, AccVa: 0.8389999866485596, CeTr: 0.503428041934967, CeVa: 0.7249764800071716
ENSEMBLE | Tr_Acc: 0.8618000149726868, Tr_CE: 0.503428041934967, Va_Acc: 0.8389999866485596, Va_CE: 0.7249764800071716
Epoch: 31, AccTr: 0.8715999722480774, AccVa: 0.8364999890327454, CeTr: 0.4807750880718231, CeVa: 0.7424927949905396
Epoch: 32, AccTr: 0.871399998664856, AccVa: 0.8305000066757202, CeTr: 0.4574301838874817, CeVa: 0.787727415561676
Epoch: 33, AccTr: 0.8644999861717224, AccVa: 0.8364999890327454, CeTr: 0.46844282746315, CeVa: 0.7379806041717529
Epoch: 34, AccTr: 0.8712999820709229, AccVa: 0.8230000138282776, CeTr: 0.4592597782611847, CeVa: 0.7606369853019714
Epoch: 35, AccTr: 0.8662999868392944, AccVa: 0.815500020980835, CeTr: 0.4824390709400177, CeVa: 0.7816145420074463
ENSEMBLE | Tr_Acc: 0.9168999791145325, Tr_CE: 0.27528759837150574, Va_Acc: 0.8855000138282776, Va_CE: 0.4784207344055176
Epoch: 36, AccTr: 0.8675000071525574, AccVa: 0.809499979019165, CeTr: 0.4431133270263672, CeVa: 0.8323493003845215
Epoch: 37, AccTr: 0.8687999844551086, AccVa: 0.824999988079071, CeTr: 0.4563480615615845, CeVa: 0.761008620262146
Epoch: 38, AccTr: 0.8672000169754028, AccVa: 0.8180000185966492, CeTr: 0.49864661693573, CeVa: 0.8092195987701416
Epoch: 39, AccTr: 0.8748000264167786, AccVa: 0.8224999904632568, CeTr: 0.4316813349723816, CeVa: 0.729854941368103
Epoch: 40, AccTr: 0.8679999709129333, AccVa: 0.8115000128746033, CeTr: 0.45781463384628296, CeVa: 0.8447614908218384
ENSEMBLE | Tr_Acc: 0.9377999901771545, Tr_CE: 0.19907645881175995, Va_Acc: 0.8924999833106995, Va_CE: 0.4227357804775238
Epoch: 41, AccTr: 0.8707000017166138, AccVa: 0.8324999809265137, CeTr: 0.44271689653396606, CeVa: 0.7776933908462524
Epoch: 42, AccTr: 0.8705999851226807, AccVa: 0.8330000042915344, CeTr: 0.4626118242740631, CeVa: 0.7646079063415527
Epoch: 43, AccTr: 0.8736000061035156, AccVa: 0.8320000171661377, CeTr: 0.4800468385219574, CeVa: 0.727769136428833
Epoch: 44, AccTr: 0.8623999953269958, AccVa: 0.8205000162124634, CeTr: 0.5277243256568909, CeVa: 0.8097890615463257
Epoch: 45, AccTr: 0.8715999722480774, AccVa: 0.8320000171661377, CeTr: 0.4689071774482727, CeVa: 0.7429810762405396
ENSEMBLE | Tr_Acc: 0.9467999935150146, Tr_CE: 0.1740390658378601, Va_Acc: 0.9020000100135803, Va_CE: 0.3744283616542816
Epoch: 46, AccTr: 0.8687000274658203, AccVa: 0.8379999995231628, CeTr: 0.4734004735946655, CeVa: 0.7034444808959961
Epoch: 47, AccTr: 0.867900013923645, AccVa: 0.8370000123977661, CeTr: 0.4878341853618622, CeVa: 0.7733536958694458
Epoch: 48, AccTr: 0.8633000254631042, AccVa: 0.8144999742507935, CeTr: 0.506608784198761, CeVa: 0.8067195415496826
Epoch: 49, AccTr: 0.8628000020980835, AccVa: 0.828000009059906, CeTr: 0.506798505783081, CeVa: 0.745939314365387
Epoch: 50, AccTr: 0.8761000037193298, AccVa: 0.8289999961853027, CeTr: 0.43944239616394043, CeVa: 0.7262831330299377
ENSEMBLE | Tr_Acc: 0.9485999941825867, Tr_CE: 0.1571270227432251, Va_Acc: 0.9104999899864197, Va_CE: 0.35199886560440063
Epoch: 51, AccTr: 0.8644000291824341, AccVa: 0.8270000219345093, CeTr: 0.4880600571632385, CeVa: 0.7550058364868164
Epoch: 52, AccTr: 0.8622000217437744, AccVa: 0.8220000267028809, CeTr: 0.4838182032108307, CeVa: 0.7659661173820496
Epoch: 53, AccTr: 0.8658000230789185, AccVa: 0.8454999923706055, CeTr: 0.4807940423488617, CeVa: 0.6934377551078796
Epoch: 54, AccTr: 0.8694999814033508, AccVa: 0.824999988079071, CeTr: 0.4860665500164032, CeVa: 0.771010160446167
Epoch: 55, AccTr: 0.8672000169754028, AccVa: 0.8305000066757202, CeTr: 0.4780246615409851, CeVa: 0.7196674942970276
ENSEMBLE | Tr_Acc: 0.9535999894142151, Tr_CE: 0.14451514184474945, Va_Acc: 0.9129999876022339, Va_CE: 0.332008421421051
Epoch: 56, AccTr: 0.8712000250816345, AccVa: 0.8305000066757202, CeTr: 0.4737815856933594, CeVa: 0.7556570768356323
Epoch: 57, AccTr: 0.8687999844551086, AccVa: 0.828499972820282, CeTr: 0.4875595271587372, CeVa: 0.7930026650428772
Epoch: 58, AccTr: 0.8661999702453613, AccVa: 0.8309999704360962, CeTr: 0.4976609945297241, CeVa: 0.7672093510627747
Epoch: 59, AccTr: 0.8695999979972839, AccVa: 0.8215000033378601, CeTr: 0.46390098333358765, CeVa: 0.7724711894989014
Epoch: 60, AccTr: 0.8711000084877014, AccVa: 0.8220000267028809, CeTr: 0.48574692010879517, CeVa: 0.7800190448760986
ENSEMBLE | Tr_Acc: 0.9555000066757202, Tr_CE: 0.1399313062429428, Va_Acc: 0.9144999980926514, Va_CE: 0.3236008584499359
Epoch: 61, AccTr: 0.8792999982833862, AccVa: 0.8274999856948853, CeTr: 0.43468594551086426, CeVa: 0.7817311882972717
Epoch: 62, AccTr: 0.8684999942779541, AccVa: 0.8050000071525574, CeTr: 0.4680602550506592, CeVa: 0.743050754070282
Epoch: 63, AccTr: 0.8658000230789185, AccVa: 0.8360000252723694, CeTr: 0.49606719613075256, CeVa: 0.7157664895057678
Epoch: 64, AccTr: 0.8684999942779541, AccVa: 0.8389999866485596, CeTr: 0.4950995147228241, CeVa: 0.6962759494781494
Epoch: 65, AccTr: 0.8707000017166138, AccVa: 0.8414999842643738, CeTr: 0.46375951170921326, CeVa: 0.6756497621536255
ENSEMBLE | Tr_Acc: 0.9559999704360962, Tr_CE: 0.13600215315818787, Va_Acc: 0.9169999957084656, Va_CE: 0.3119194507598877
Epoch: 66, AccTr: 0.8634999990463257, AccVa: 0.8335000276565552, CeTr: 0.537951648235321, CeVa: 0.7410629987716675
Epoch: 67, AccTr: 0.8690999746322632, AccVa: 0.8299999833106995, CeTr: 0.47570356726646423, CeVa: 0.7546696066856384
Epoch: 68, AccTr: 0.8751999735832214, AccVa: 0.8245000243186951, CeTr: 0.43880048394203186, CeVa: 0.76816725730896
Epoch: 69, AccTr: 0.8648999929428101, AccVa: 0.8270000219345093, CeTr: 0.5009109973907471, CeVa: 0.743414044380188
Epoch: 70, AccTr: 0.8632000088691711, AccVa: 0.8174999952316284, CeTr: 0.47451552748680115, CeVa: 0.7702245116233826
ENSEMBLE | Tr_Acc: 0.9571999907493591, Tr_CE: 0.132121741771698, Va_Acc: 0.9175000190734863, Va_CE: 0.30853766202926636
Epoch: 71, AccTr: 0.8712999820709229, AccVa: 0.8259999752044678, CeTr: 0.4943595826625824, CeVa: 0.7780502438545227
Epoch: 72, AccTr: 0.8751999735832214, AccVa: 0.8174999952316284, CeTr: 0.44696298241615295, CeVa: 0.7427157163619995
Epoch: 73, AccTr: 0.8708999752998352, AccVa: 0.8339999914169312, CeTr: 0.4793044328689575, CeVa: 0.7600833177566528
Epoch: 74, AccTr: 0.8737000226974487, AccVa: 0.8240000009536743, CeTr: 0.4726243019104004, CeVa: 0.7886512875556946
Epoch: 75, AccTr: 0.8784000277519226, AccVa: 0.8374999761581421, CeTr: 0.42370858788490295, CeVa: 0.7033697962760925
ENSEMBLE | Tr_Acc: 0.9588000178337097, Tr_CE: 0.12702932953834534, Va_Acc: 0.9160000085830688, Va_CE: 0.297091007232666
Epoch: 76, AccTr: 0.8716999888420105, AccVa: 0.8299999833106995, CeTr: 0.4808480441570282, CeVa: 0.6890003681182861
Epoch: 77, AccTr: 0.8833000063896179, AccVa: 0.8335000276565552, CeTr: 0.41072317957878113, CeVa: 0.7333903908729553
Epoch: 78, AccTr: 0.8611999750137329, AccVa: 0.8199999928474426, CeTr: 0.5253841876983643, CeVa: 0.770851731300354
Epoch: 79, AccTr: 0.8690999746322632, AccVa: 0.8295000195503235, CeTr: 0.47115448117256165, CeVa: 0.7109017968177795
Epoch: 80, AccTr: 0.8718000054359436, AccVa: 0.8209999799728394, CeTr: 0.4803527295589447, CeVa: 0.7917378544807434
ENSEMBLE | Tr_Acc: 0.9596999883651733, Tr_CE: 0.12502823770046234, Va_Acc: 0.9190000295639038, Va_CE: 0.2952699661254883
Epoch: 81, AccTr: 0.8684999942779541, AccVa: 0.8195000290870667, CeTr: 0.5008001327514648, CeVa: 0.8036677241325378
Epoch: 82, AccTr: 0.8810999989509583, AccVa: 0.8195000290870667, CeTr: 0.43162718415260315, CeVa: 0.8226591944694519
Epoch: 83, AccTr: 0.8751999735832214, AccVa: 0.8255000114440918, CeTr: 0.45545870065689087, CeVa: 0.7987752556800842
Epoch: 84, AccTr: 0.8598999977111816, AccVa: 0.8209999799728394, CeTr: 0.5474100112915039, CeVa: 0.8111341595649719
Epoch: 85, AccTr: 0.8774999976158142, AccVa: 0.8355000019073486, CeTr: 0.4443727135658264, CeVa: 0.7064675092697144
ENSEMBLE | Tr_Acc: 0.9610000252723694, Tr_CE: 0.12211275845766068, Va_Acc: 0.921500027179718, Va_CE: 0.2913224399089813
Epoch: 86, AccTr: 0.8773999810218811, AccVa: 0.8345000147819519, CeTr: 0.42524540424346924, CeVa: 0.7221958041191101
Epoch: 87, AccTr: 0.8641999959945679, AccVa: 0.8199999928474426, CeTr: 0.47244927287101746, CeVa: 0.7686082720756531
Epoch: 88, AccTr: 0.8736000061035156, AccVa: 0.8320000171661377, CeTr: 0.4569969177246094, CeVa: 0.769430935382843
Epoch: 89, AccTr: 0.8637999892234802, AccVa: 0.8349999785423279, CeTr: 0.5057555437088013, CeVa: 0.7685474753379822
Epoch: 90, AccTr: 0.8812999725341797, AccVa: 0.8395000100135803, CeTr: 0.42681241035461426, CeVa: 0.7110263705253601
ENSEMBLE | Tr_Acc: 0.9617000222206116, Tr_CE: 0.11930768191814423, Va_Acc: 0.9210000038146973, Va_CE: 0.2901545763015747
Epoch: 91, AccTr: 0.8723999857902527, AccVa: 0.8165000081062317, CeTr: 0.45053690671920776, CeVa: 0.7800531983375549
Epoch: 92, AccTr: 0.8790000081062317, AccVa: 0.8299999833106995, CeTr: 0.4334878921508789, CeVa: 0.7498460412025452
Epoch: 93, AccTr: 0.8707000017166138, AccVa: 0.8234999775886536, CeTr: 0.47118985652923584, CeVa: 0.7576918601989746
Epoch: 94, AccTr: 0.868399977684021, AccVa: 0.8349999785423279, CeTr: 0.48315849900245667, CeVa: 0.7318926453590393
Epoch: 95, AccTr: 0.8805999755859375, AccVa: 0.8460000157356262, CeTr: 0.44018372893333435, CeVa: 0.6683143377304077
ENSEMBLE | Tr_Acc: 0.9623000025749207, Tr_CE: 0.1178421750664711, Va_Acc: 0.9190000295639038, Va_CE: 0.2876880466938019
Epoch: 96, AccTr: 0.8784000277519226, AccVa: 0.8335000276565552, CeTr: 0.448305606842041, CeVa: 0.7066291570663452
Epoch: 97, AccTr: 0.8651999831199646, AccVa: 0.8320000171661377, CeTr: 0.4898398816585541, CeVa: 0.7401942014694214
Epoch: 98, AccTr: 0.8698999881744385, AccVa: 0.8270000219345093, CeTr: 0.4870341420173645, CeVa: 0.7550029158592224
Epoch: 99, AccTr: 0.8677999973297119, AccVa: 0.8330000042915344, CeTr: 0.4865074157714844, CeVa: 0.7024505734443665
Epoch: 100, AccTr: 0.8705999851226807, AccVa: 0.8274999856948853, CeTr: 0.46919944882392883, CeVa: 0.7164893746376038
ENSEMBLE | Tr_Acc: 0.9638000130653381, Tr_CE: 0.11578952521085739, Va_Acc: 0.9204999804496765, Va_CE: 0.2838742733001709
Epoch: 101, AccTr: 0.8687000274658203, AccVa: 0.824999988079071, CeTr: 0.46310585737228394, CeVa: 0.7431461215019226
Epoch: 102, AccTr: 0.8652999997138977, AccVa: 0.8115000128746033, CeTr: 0.4702424705028534, CeVa: 0.7898563146591187
Epoch: 103, AccTr: 0.8679999709129333, AccVa: 0.8215000033378601, CeTr: 0.4872181713581085, CeVa: 0.8089110255241394
Epoch: 104, AccTr: 0.8715000152587891, AccVa: 0.8295000195503235, CeTr: 0.45605477690696716, CeVa: 0.7473679780960083
Epoch: 105, AccTr: 0.8712000250816345, AccVa: 0.8330000042915344, CeTr: 0.46919745206832886, CeVa: 0.7561635971069336
ENSEMBLE | Tr_Acc: 0.9642000198364258, Tr_CE: 0.11415398120880127, Va_Acc: 0.9210000038146973, Va_CE: 0.2839803993701935
Epoch: 106, AccTr: 0.8705999851226807, AccVa: 0.8424999713897705, CeTr: 0.46480467915534973, CeVa: 0.713076114654541
Epoch: 107, AccTr: 0.8622999787330627, AccVa: 0.8264999985694885, CeTr: 0.5264853835105896, CeVa: 0.7341258525848389
Epoch: 108, AccTr: 0.871399998664856, AccVa: 0.8240000009536743, CeTr: 0.4789346754550934, CeVa: 0.7711946368217468
Epoch: 109, AccTr: 0.8708000183105469, AccVa: 0.8259999752044678, CeTr: 0.4689292013645172, CeVa: 0.7118843197822571
Epoch: 110, AccTr: 0.869700014591217, AccVa: 0.8414999842643738, CeTr: 0.4712646007537842, CeVa: 0.6925216913223267
ENSEMBLE | Tr_Acc: 0.9646999835968018, Tr_CE: 0.11290327459573746, Va_Acc: 0.921500027179718, Va_CE: 0.2837953567504883
Epoch: 111, AccTr: 0.8695999979972839, AccVa: 0.8199999928474426, CeTr: 0.45437103509902954, CeVa: 0.7767412662506104
Epoch: 112, AccTr: 0.8654000163078308, AccVa: 0.828000009059906, CeTr: 0.5207071304321289, CeVa: 0.7912454009056091
Epoch: 113, AccTr: 0.8679999709129333, AccVa: 0.828000009059906, CeTr: 0.4621455669403076, CeVa: 0.7246015667915344
Epoch: 114, AccTr: 0.871399998664856, AccVa: 0.8324999809265137, CeTr: 0.47789737582206726, CeVa: 0.7266001105308533
Epoch: 115, AccTr: 0.8758000135421753, AccVa: 0.8314999938011169, CeTr: 0.4419616758823395, CeVa: 0.7362940311431885
ENSEMBLE | Tr_Acc: 0.9649999737739563, Tr_CE: 0.111718088388443, Va_Acc: 0.9200000166893005, Va_CE: 0.2841910719871521
Epoch: 116, AccTr: 0.8689000010490417, AccVa: 0.824999988079071, CeTr: 0.4600839912891388, CeVa: 0.738800048828125
Epoch: 117, AccTr: 0.8776999711990356, AccVa: 0.8385000228881836, CeTr: 0.4619891941547394, CeVa: 0.7186773419380188
Epoch: 118, AccTr: 0.8665000200271606, AccVa: 0.8335000276565552, CeTr: 0.489412784576416, CeVa: 0.790845513343811
Epoch: 119, AccTr: 0.8686000108718872, AccVa: 0.8339999914169312, CeTr: 0.5112485289573669, CeVa: 0.8153612017631531
Epoch: 120, AccTr: 0.8687999844551086, AccVa: 0.8349999785423279, CeTr: 0.4947368800640106, CeVa: 0.7353764176368713
ENSEMBLE | Tr_Acc: 0.9657999873161316, Tr_CE: 0.11190874874591827, Va_Acc: 0.921500027179718, Va_CE: 0.28231462836265564
Epoch: 121, AccTr: 0.8729000091552734, AccVa: 0.8320000171661377, CeTr: 0.47385892271995544, CeVa: 0.705576479434967
Epoch: 122, AccTr: 0.8705000281333923, AccVa: 0.8364999890327454, CeTr: 0.46121689677238464, CeVa: 0.7052106261253357
Epoch: 123, AccTr: 0.8708000183105469, AccVa: 0.8424999713897705, CeTr: 0.48644569516181946, CeVa: 0.7008640170097351
Epoch: 124, AccTr: 0.8725000023841858, AccVa: 0.8374999761581421, CeTr: 0.4797026515007019, CeVa: 0.7415698170661926
Epoch: 125, AccTr: 0.8644000291824341, AccVa: 0.8330000042915344, CeTr: 0.5024362206459045, CeVa: 0.7371094822883606
ENSEMBLE | Tr_Acc: 0.9656000137329102, Tr_CE: 0.11193612962961197, Va_Acc: 0.921999990940094, Va_CE: 0.2814795672893524
Epoch: 126, AccTr: 0.8589000105857849, AccVa: 0.8245000243186951, CeTr: 0.5123946070671082, CeVa: 0.7574685215950012
Epoch: 127, AccTr: 0.8770999908447266, AccVa: 0.8339999914169312, CeTr: 0.4442751109600067, CeVa: 0.7178078293800354
Epoch: 128, AccTr: 0.873199999332428, AccVa: 0.8224999904632568, CeTr: 0.45391470193862915, CeVa: 0.7720983028411865
Epoch: 129, AccTr: 0.873199999332428, AccVa: 0.8345000147819519, CeTr: 0.48126983642578125, CeVa: 0.7620678544044495
Epoch: 130, AccTr: 0.8718000054359436, AccVa: 0.8299999833106995, CeTr: 0.4956951141357422, CeVa: 0.7769578099250793
ENSEMBLE | Tr_Acc: 0.9660000205039978, Tr_CE: 0.112075075507164, Va_Acc: 0.9210000038146973, Va_CE: 0.28333455324172974
Epoch: 131, AccTr: 0.8693000078201294, AccVa: 0.8330000042915344, CeTr: 0.4775939881801605, CeVa: 0.7192592024803162
Epoch: 132, AccTr: 0.8708000183105469, AccVa: 0.828499972820282, CeTr: 0.479473739862442, CeVa: 0.7587123513221741
Epoch: 133, AccTr: 0.8766000270843506, AccVa: 0.8240000009536743, CeTr: 0.45798924565315247, CeVa: 0.7656188011169434
Epoch: 134, AccTr: 0.8738999962806702, AccVa: 0.8305000066757202, CeTr: 0.4497698247432709, CeVa: 0.7540702223777771
Epoch: 135, AccTr: 0.8694000244140625, AccVa: 0.8144999742507935, CeTr: 0.4661827087402344, CeVa: 0.7949118614196777
ENSEMBLE | Tr_Acc: 0.9656000137329102, Tr_CE: 0.11162962764501572, Va_Acc: 0.921999990940094, Va_CE: 0.2834815979003906
Epoch: 136, AccTr: 0.8700000047683716, AccVa: 0.8224999904632568, CeTr: 0.4948243796825409, CeVa: 0.7925530076026917
Epoch: 137, AccTr: 0.8720999956130981, AccVa: 0.8270000219345093, CeTr: 0.47051626443862915, CeVa: 0.7463007569313049
Epoch: 138, AccTr: 0.8780999779701233, AccVa: 0.8345000147819519, CeTr: 0.44447481632232666, CeVa: 0.6782627701759338
Epoch: 139, AccTr: 0.8689000010490417, AccVa: 0.8274999856948853, CeTr: 0.45937129855155945, CeVa: 0.7661412358283997
Epoch: 140, AccTr: 0.8759999871253967, AccVa: 0.8209999799728394, CeTr: 0.4394976496696472, CeVa: 0.808238685131073
ENSEMBLE | Tr_Acc: 0.9664999842643738, Tr_CE: 0.11003442108631134, Va_Acc: 0.9225000143051147, Va_CE: 0.2842673361301422
Epoch: 141, AccTr: 0.8792999982833862, AccVa: 0.8314999938011169, CeTr: 0.4345322847366333, CeVa: 0.777328372001648
Epoch: 142, AccTr: 0.8743000030517578, AccVa: 0.8464999794960022, CeTr: 0.4498176872730255, CeVa: 0.6901086568832397
Epoch: 143, AccTr: 0.8748999834060669, AccVa: 0.8224999904632568, CeTr: 0.4539748430252075, CeVa: 0.7468543648719788
Epoch: 144, AccTr: 0.8736000061035156, AccVa: 0.8274999856948853, CeTr: 0.4639081656932831, CeVa: 0.8016291260719299
Epoch: 145, AccTr: 0.8669000267982483, AccVa: 0.8305000066757202, CeTr: 0.47881168127059937, CeVa: 0.7542802691459656
ENSEMBLE | Tr_Acc: 0.9664999842643738, Tr_CE: 0.10941779613494873, Va_Acc: 0.9254999756813049, Va_CE: 0.28344377875328064
Epoch: 146, AccTr: 0.8679999709129333, AccVa: 0.8134999871253967, CeTr: 0.47329282760620117, CeVa: 0.8148936033248901
Epoch: 147, AccTr: 0.8776000142097473, AccVa: 0.8309999704360962, CeTr: 0.4647805690765381, CeVa: 0.7460370063781738
Epoch: 148, AccTr: 0.8531000018119812, AccVa: 0.8195000290870667, CeTr: 0.5361583232879639, CeVa: 0.8069373965263367
Epoch: 149, AccTr: 0.8794000148773193, AccVa: 0.824999988079071, CeTr: 0.4386391043663025, CeVa: 0.7307350635528564
Epoch: 150, AccTr: 0.8745999932289124, AccVa: 0.8314999938011169, CeTr: 0.4525493085384369, CeVa: 0.7173725366592407
ENSEMBLE | Tr_Acc: 0.9664999842643738, Tr_CE: 0.10880094021558762, Va_Acc: 0.9265000224113464, Va_CE: 0.28174737095832825
NN CONFIG
Weight-type:		ternary
Layout									Layer #1: 280	Layer #2: 200	
Activation Functions					Layer #1: bs	Layer #2: bs	
Keep probabilities		Layer #0: 0.99	Layer #1: 0.98	Layer #2: 0.98	
Flat factors							Layer #1: 1.0	Layer #2: 1.0	Layer #3: 1.0	
Activation Noise						Layer #1: 0.1	Layer #2: 0.1	Layer #3: 0.0	

===================================

RUN CONFIG
Epochs: 150, Blocksize: 4

===================================

Epoch: 1, AccTr: 0.8632000088691711, AccVa: 0.8349999785423279, CeTr: 0.4854713976383209, CeVa: 0.6725882291793823
Epoch: 2, AccTr: 0.8622999787330627, AccVa: 0.8385000228881836, CeTr: 0.4944531321525574, CeVa: 0.655876874923706
Epoch: 3, AccTr: 0.8654000163078308, AccVa: 0.8295000195503235, CeTr: 0.48069706559181213, CeVa: 0.7041645646095276
Epoch: 4, AccTr: 0.8747000098228455, AccVa: 0.8364999890327454, CeTr: 0.44485801458358765, CeVa: 0.6692577004432678
Epoch: 5, AccTr: 0.8680999875068665, AccVa: 0.8215000033378601, CeTr: 0.4760987162590027, CeVa: 0.7187835574150085
Epoch: 6, AccTr: 0.8733000159263611, AccVa: 0.828499972820282, CeTr: 0.45462870597839355, CeVa: 0.7144353985786438
Epoch: 7, AccTr: 0.8652999997138977, AccVa: 0.8220000267028809, CeTr: 0.45980948209762573, CeVa: 0.750257670879364
Epoch: 8, AccTr: 0.8600000143051147, AccVa: 0.8224999904632568, CeTr: 0.5052749514579773, CeVa: 0.7287393808364868
Epoch: 9, AccTr: 0.8640000224113464, AccVa: 0.8330000042915344, CeTr: 0.4858364164829254, CeVa: 0.6768010258674622
Epoch: 10, AccTr: 0.867900013923645, AccVa: 0.8309999704360962, CeTr: 0.472575306892395, CeVa: 0.725006639957428
Epoch: 11, AccTr: 0.8727999925613403, AccVa: 0.8414999842643738, CeTr: 0.43966248631477356, CeVa: 0.687879204750061
Epoch: 12, AccTr: 0.8780999779701233, AccVa: 0.847000002861023, CeTr: 0.4496656358242035, CeVa: 0.6671592593193054
Epoch: 13, AccTr: 0.8759999871253967, AccVa: 0.8374999761581421, CeTr: 0.44975849986076355, CeVa: 0.6949514746665955
Epoch: 14, AccTr: 0.8726999759674072, AccVa: 0.828000009059906, CeTr: 0.4373322129249573, CeVa: 0.735999345779419
Epoch: 15, AccTr: 0.871999979019165, AccVa: 0.8335000276565552, CeTr: 0.444492369890213, CeVa: 0.7280034422874451
Epoch: 16, AccTr: 0.8761000037193298, AccVa: 0.8445000052452087, CeTr: 0.4505670964717865, CeVa: 0.695129930973053
Epoch: 17, AccTr: 0.8568999767303467, AccVa: 0.8245000243186951, CeTr: 0.5210365056991577, CeVa: 0.7511492371559143
Epoch: 18, AccTr: 0.8712000250816345, AccVa: 0.8230000138282776, CeTr: 0.4445323646068573, CeVa: 0.7302939891815186
Epoch: 19, AccTr: 0.8723000288009644, AccVa: 0.8314999938011169, CeTr: 0.44952163100242615, CeVa: 0.7284802198410034
Epoch: 20, AccTr: 0.8752999901771545, AccVa: 0.8424999713897705, CeTr: 0.43634721636772156, CeVa: 0.6886090040206909
Epoch: 21, AccTr: 0.8733999729156494, AccVa: 0.8420000076293945, CeTr: 0.42670586705207825, CeVa: 0.7118023037910461
Epoch: 22, AccTr: 0.8741999864578247, AccVa: 0.8305000066757202, CeTr: 0.4556350111961365, CeVa: 0.7510014176368713
Epoch: 23, AccTr: 0.8697999715805054, AccVa: 0.8115000128746033, CeTr: 0.44135674834251404, CeVa: 0.739456057548523
Epoch: 24, AccTr: 0.8668000102043152, AccVa: 0.8309999704360962, CeTr: 0.4907246232032776, CeVa: 0.7349951267242432
Epoch: 25, AccTr: 0.8708000183105469, AccVa: 0.8309999704360962, CeTr: 0.4714358448982239, CeVa: 0.7194576859474182
Epoch: 26, AccTr: 0.8709999918937683, AccVa: 0.828000009059906, CeTr: 0.4477589726448059, CeVa: 0.6934366226196289
Epoch: 27, AccTr: 0.8740000128746033, AccVa: 0.8445000052452087, CeTr: 0.45609140396118164, CeVa: 0.6776314973831177
Epoch: 28, AccTr: 0.8737999796867371, AccVa: 0.8370000123977661, CeTr: 0.4326384663581848, CeVa: 0.6982046961784363
Epoch: 29, AccTr: 0.849399983882904, AccVa: 0.815500020980835, CeTr: 0.533851683139801, CeVa: 0.7951839566230774
Epoch: 30, AccTr: 0.8730999827384949, AccVa: 0.8299999833106995, CeTr: 0.4501931667327881, CeVa: 0.725490391254425
ENSEMBLE | Tr_Acc: 0.8730999827384949, Tr_CE: 0.4501931667327881, Va_Acc: 0.8299999833106995, Va_CE: 0.725490391254425
Epoch: 31, AccTr: 0.8773999810218811, AccVa: 0.8264999985694885, CeTr: 0.4270309507846832, CeVa: 0.7604712843894958
Epoch: 32, AccTr: 0.8747000098228455, AccVa: 0.828499972820282, CeTr: 0.43721768260002136, CeVa: 0.781460702419281
Epoch: 33, AccTr: 0.861299991607666, AccVa: 0.8255000114440918, CeTr: 0.4716222584247589, CeVa: 0.726287841796875
Epoch: 34, AccTr: 0.8668000102043152, AccVa: 0.8309999704360962, CeTr: 0.46030107140541077, CeVa: 0.683821439743042
Epoch: 35, AccTr: 0.8751999735832214, AccVa: 0.8264999985694885, CeTr: 0.4539371132850647, CeVa: 0.7443347573280334
ENSEMBLE | Tr_Acc: 0.9218000173568726, Tr_CE: 0.25787267088890076, Va_Acc: 0.875, Va_CE: 0.48619070649147034
Epoch: 36, AccTr: 0.8730000257492065, AccVa: 0.8379999995231628, CeTr: 0.4542708396911621, CeVa: 0.7070785164833069
Epoch: 37, AccTr: 0.8589000105857849, AccVa: 0.8140000104904175, CeTr: 0.5048633217811584, CeVa: 0.7295053005218506
Epoch: 38, AccTr: 0.8682000041007996, AccVa: 0.8264999985694885, CeTr: 0.46672460436820984, CeVa: 0.7012094259262085
Epoch: 39, AccTr: 0.8784999847412109, AccVa: 0.8320000171661377, CeTr: 0.42448222637176514, CeVa: 0.6381441354751587
Epoch: 40, AccTr: 0.8608999848365784, AccVa: 0.8190000057220459, CeTr: 0.48549678921699524, CeVa: 0.7829629778862
ENSEMBLE | Tr_Acc: 0.9350000023841858, Tr_CE: 0.20715893805027008, Va_Acc: 0.8960000276565552, Va_CE: 0.43104293942451477
Epoch: 41, AccTr: 0.8820000290870667, AccVa: 0.8245000243186951, CeTr: 0.40654024481773376, CeVa: 0.7076424956321716
Epoch: 42, AccTr: 0.8705999851226807, AccVa: 0.8234999775886536, CeTr: 0.45505020022392273, CeVa: 0.7678970098495483
Epoch: 43, AccTr: 0.8626999855041504, AccVa: 0.8289999961853027, CeTr: 0.4679388701915741, CeVa: 0.7279285192489624
Epoch: 44, AccTr: 0.862500011920929, AccVa: 0.8255000114440918, CeTr: 0.48875507712364197, CeVa: 0.7398579716682434
Epoch: 45, AccTr: 0.8684999942779541, AccVa: 0.8309999704360962, CeTr: 0.4816742539405823, CeVa: 0.7774305939674377
ENSEMBLE | Tr_Acc: 0.9433000087738037, Tr_CE: 0.18372544646263123, Va_Acc: 0.8964999914169312, Va_CE: 0.40495264530181885
Epoch: 46, AccTr: 0.875, AccVa: 0.8245000243186951, CeTr: 0.44447025656700134, CeVa: 0.7104876637458801
Epoch: 47, AccTr: 0.8701000213623047, AccVa: 0.8270000219345093, CeTr: 0.47381705045700073, CeVa: 0.712364137172699
Epoch: 48, AccTr: 0.8763999938964844, AccVa: 0.8215000033378601, CeTr: 0.4485250413417816, CeVa: 0.7471966743469238
Epoch: 49, AccTr: 0.8745999932289124, AccVa: 0.8209999799728394, CeTr: 0.44705596566200256, CeVa: 0.7645041942596436
Epoch: 50, AccTr: 0.8597999811172485, AccVa: 0.8220000267028809, CeTr: 0.5037485361099243, CeVa: 0.7575735449790955
ENSEMBLE | Tr_Acc: 0.9467999935150146, Tr_CE: 0.17094266414642334, Va_Acc: 0.8970000147819519, Va_CE: 0.38263726234436035
Epoch: 51, AccTr: 0.8708999752998352, AccVa: 0.8305000066757202, CeTr: 0.44396963715553284, CeVa: 0.7060315608978271
Epoch: 52, AccTr: 0.8787999749183655, AccVa: 0.8259999752044678, CeTr: 0.4415495991706848, CeVa: 0.7382736206054688
Epoch: 53, AccTr: 0.8766000270843506, AccVa: 0.8180000185966492, CeTr: 0.41215574741363525, CeVa: 0.7671250700950623
Epoch: 54, AccTr: 0.870199978351593, AccVa: 0.8374999761581421, CeTr: 0.44215449690818787, CeVa: 0.667502224445343
Epoch: 55, AccTr: 0.8672000169754028, AccVa: 0.8385000228881836, CeTr: 0.4795107841491699, CeVa: 0.702563464641571
ENSEMBLE | Tr_Acc: 0.9506000280380249, Tr_CE: 0.16103437542915344, Va_Acc: 0.9049999713897705, Va_CE: 0.3597218990325928
Epoch: 56, AccTr: 0.8673999905586243, AccVa: 0.8320000171661377, CeTr: 0.49516060948371887, CeVa: 0.7159310579299927
Epoch: 57, AccTr: 0.8705000281333923, AccVa: 0.8320000171661377, CeTr: 0.4550088346004486, CeVa: 0.687569797039032
Epoch: 58, AccTr: 0.8676000237464905, AccVa: 0.8234999775886536, CeTr: 0.47178134322166443, CeVa: 0.8130746483802795
Epoch: 59, AccTr: 0.8690000176429749, AccVa: 0.8245000243186951, CeTr: 0.49681854248046875, CeVa: 0.791235089302063
Epoch: 60, AccTr: 0.8822000026702881, AccVa: 0.8299999833106995, CeTr: 0.4162563383579254, CeVa: 0.7145032286643982
ENSEMBLE | Tr_Acc: 0.9519000053405762, Tr_CE: 0.15223777294158936, Va_Acc: 0.906499981880188, Va_CE: 0.34672901034355164
Epoch: 61, AccTr: 0.8756999969482422, AccVa: 0.8395000100135803, CeTr: 0.4383457899093628, CeVa: 0.6992427110671997
Epoch: 62, AccTr: 0.8787999749183655, AccVa: 0.8420000076293945, CeTr: 0.41051915287971497, CeVa: 0.735686182975769
Epoch: 63, AccTr: 0.8798999786376953, AccVa: 0.8395000100135803, CeTr: 0.423932284116745, CeVa: 0.6981717944145203
Epoch: 64, AccTr: 0.8705999851226807, AccVa: 0.8360000252723694, CeTr: 0.4412013590335846, CeVa: 0.6522374153137207
Epoch: 65, AccTr: 0.8752999901771545, AccVa: 0.8355000019073486, CeTr: 0.4358181655406952, CeVa: 0.6552759408950806
ENSEMBLE | Tr_Acc: 0.9538000226020813, Tr_CE: 0.14476028084754944, Va_Acc: 0.9110000133514404, Va_CE: 0.3317568302154541
Epoch: 66, AccTr: 0.8817999958992004, AccVa: 0.8364999890327454, CeTr: 0.420330673456192, CeVa: 0.6781734228134155
Epoch: 67, AccTr: 0.8676000237464905, AccVa: 0.8414999842643738, CeTr: 0.4882619082927704, CeVa: 0.6346362829208374
Epoch: 68, AccTr: 0.8637999892234802, AccVa: 0.8255000114440918, CeTr: 0.47611239552497864, CeVa: 0.754211962223053
Epoch: 69, AccTr: 0.853600025177002, AccVa: 0.8034999966621399, CeTr: 0.5006102323532104, CeVa: 0.8061416149139404
Epoch: 70, AccTr: 0.8690999746322632, AccVa: 0.8414999842643738, CeTr: 0.4597315490245819, CeVa: 0.7011873722076416
ENSEMBLE | Tr_Acc: 0.9545999765396118, Tr_CE: 0.14054055511951447, Va_Acc: 0.909500002861023, Va_CE: 0.3232647776603699
Epoch: 71, AccTr: 0.8738999962806702, AccVa: 0.8259999752044678, CeTr: 0.44070157408714294, CeVa: 0.7309162616729736
Epoch: 72, AccTr: 0.8626000285148621, AccVa: 0.8289999961853027, CeTr: 0.49501746892929077, CeVa: 0.700030505657196
Epoch: 73, AccTr: 0.8680999875068665, AccVa: 0.8289999961853027, CeTr: 0.47971513867378235, CeVa: 0.7431342601776123
Epoch: 74, AccTr: 0.8715999722480774, AccVa: 0.8259999752044678, CeTr: 0.4347625970840454, CeVa: 0.71527099609375
Epoch: 75, AccTr: 0.8672000169754028, AccVa: 0.8234999775886536, CeTr: 0.47644248604774475, CeVa: 0.7372532486915588
ENSEMBLE | Tr_Acc: 0.9545000195503235, Tr_CE: 0.13651658594608307, Va_Acc: 0.9100000262260437, Va_CE: 0.31986886262893677
Epoch: 76, AccTr: 0.8723000288009644, AccVa: 0.8270000219345093, CeTr: 0.46596112847328186, CeVa: 0.7350687384605408
Epoch: 77, AccTr: 0.8707000017166138, AccVa: 0.8144999742507935, CeTr: 0.44936689734458923, CeVa: 0.8012612462043762
Epoch: 78, AccTr: 0.8702999949455261, AccVa: 0.8159999847412109, CeTr: 0.43910878896713257, CeVa: 0.7755292654037476
Epoch: 79, AccTr: 0.8680999875068665, AccVa: 0.8374999761581421, CeTr: 0.4593169391155243, CeVa: 0.7577140927314758
Epoch: 80, AccTr: 0.8680999875068665, AccVa: 0.8360000252723694, CeTr: 0.48521533608436584, CeVa: 0.7346636056900024
ENSEMBLE | Tr_Acc: 0.9542999863624573, Tr_CE: 0.13566167652606964, Va_Acc: 0.9110000133514404, Va_CE: 0.3177330493927002
Epoch: 81, AccTr: 0.8600999712944031, AccVa: 0.8245000243186951, CeTr: 0.4962848722934723, CeVa: 0.7847976088523865
Epoch: 82, AccTr: 0.8687000274658203, AccVa: 0.8360000252723694, CeTr: 0.46055155992507935, CeVa: 0.7648457288742065
Epoch: 83, AccTr: 0.8640000224113464, AccVa: 0.8190000057220459, CeTr: 0.48702147603034973, CeVa: 0.7787155508995056
Epoch: 84, AccTr: 0.8708999752998352, AccVa: 0.8330000042915344, CeTr: 0.4434608519077301, CeVa: 0.7231087684631348
Epoch: 85, AccTr: 0.8770999908447266, AccVa: 0.8374999761581421, CeTr: 0.437168687582016, CeVa: 0.7097039818763733
ENSEMBLE | Tr_Acc: 0.9570000171661377, Tr_CE: 0.13286715745925903, Va_Acc: 0.9139999747276306, Va_CE: 0.3144402503967285
Epoch: 86, AccTr: 0.878000020980835, AccVa: 0.8320000171661377, CeTr: 0.43649834394454956, CeVa: 0.6950810551643372
Epoch: 87, AccTr: 0.8669000267982483, AccVa: 0.8224999904632568, CeTr: 0.441281795501709, CeVa: 0.6837248802185059
Epoch: 88, AccTr: 0.8707000017166138, AccVa: 0.8259999752044678, CeTr: 0.45395147800445557, CeVa: 0.7275387048721313
Epoch: 89, AccTr: 0.8776999711990356, AccVa: 0.8299999833106995, CeTr: 0.43120521306991577, CeVa: 0.7223354578018188
Epoch: 90, AccTr: 0.8791999816894531, AccVa: 0.8305000066757202, CeTr: 0.44698765873908997, CeVa: 0.7174662351608276
ENSEMBLE | Tr_Acc: 0.9577000141143799, Tr_CE: 0.13054828345775604, Va_Acc: 0.9160000085830688, Va_CE: 0.31039708852767944
Epoch: 91, AccTr: 0.8687999844551086, AccVa: 0.8364999890327454, CeTr: 0.4709010124206543, CeVa: 0.7447751760482788
Epoch: 92, AccTr: 0.8743000030517578, AccVa: 0.8240000009536743, CeTr: 0.4396164119243622, CeVa: 0.7534589767456055
Epoch: 93, AccTr: 0.8691999912261963, AccVa: 0.8320000171661377, CeTr: 0.4800921380519867, CeVa: 0.7549609541893005
Epoch: 94, AccTr: 0.8700000047683716, AccVa: 0.8299999833106995, CeTr: 0.46502572298049927, CeVa: 0.7110119462013245
Epoch: 95, AccTr: 0.8585000038146973, AccVa: 0.8220000267028809, CeTr: 0.5236451029777527, CeVa: 0.7613009810447693
ENSEMBLE | Tr_Acc: 0.9581999778747559, Tr_CE: 0.13020256161689758, Va_Acc: 0.9169999957084656, Va_CE: 0.3085673153400421
Epoch: 96, AccTr: 0.8671000003814697, AccVa: 0.8389999866485596, CeTr: 0.45990556478500366, CeVa: 0.6904186010360718
Epoch: 97, AccTr: 0.8705000281333923, AccVa: 0.8305000066757202, CeTr: 0.4568408727645874, CeVa: 0.668231725692749
Epoch: 98, AccTr: 0.8791000247001648, AccVa: 0.8370000123977661, CeTr: 0.41884365677833557, CeVa: 0.6660066843032837
Epoch: 99, AccTr: 0.8596000075340271, AccVa: 0.8255000114440918, CeTr: 0.486314058303833, CeVa: 0.738605260848999
Epoch: 100, AccTr: 0.8525999784469604, AccVa: 0.8195000290870667, CeTr: 0.5263856649398804, CeVa: 0.8117302656173706
ENSEMBLE | Tr_Acc: 0.9578999876976013, Tr_CE: 0.1301192343235016, Va_Acc: 0.9169999957084656, Va_CE: 0.3075093626976013
Epoch: 101, AccTr: 0.8759999871253967, AccVa: 0.8345000147819519, CeTr: 0.4315883219242096, CeVa: 0.6976327896118164
Epoch: 102, AccTr: 0.8791999816894531, AccVa: 0.8305000066757202, CeTr: 0.43707334995269775, CeVa: 0.7186160087585449
Epoch: 103, AccTr: 0.853600025177002, AccVa: 0.8159999847412109, CeTr: 0.5190787315368652, CeVa: 0.8165406584739685
Epoch: 104, AccTr: 0.8726999759674072, AccVa: 0.8205000162124634, CeTr: 0.41804590821266174, CeVa: 0.7574152946472168
Epoch: 105, AccTr: 0.8791999816894531, AccVa: 0.8330000042915344, CeTr: 0.42453211545944214, CeVa: 0.6863126754760742
ENSEMBLE | Tr_Acc: 0.9592999815940857, Tr_CE: 0.1271236389875412, Va_Acc: 0.9160000085830688, Va_CE: 0.3033093512058258
Epoch: 106, AccTr: 0.8669999837875366, AccVa: 0.8245000243186951, CeTr: 0.4581074118614197, CeVa: 0.7171631455421448
Epoch: 107, AccTr: 0.8518999814987183, AccVa: 0.8274999856948853, CeTr: 0.544045090675354, CeVa: 0.7290337681770325
Epoch: 108, AccTr: 0.864300012588501, AccVa: 0.840499997138977, CeTr: 0.5160458087921143, CeVa: 0.7174343466758728
Epoch: 109, AccTr: 0.8603000044822693, AccVa: 0.8320000171661377, CeTr: 0.5276085734367371, CeVa: 0.7063190937042236
Epoch: 110, AccTr: 0.8741000294685364, AccVa: 0.8289999961853027, CeTr: 0.4490911066532135, CeVa: 0.7281695604324341
ENSEMBLE | Tr_Acc: 0.9585999846458435, Tr_CE: 0.1259472370147705, Va_Acc: 0.9154999852180481, Va_CE: 0.3018190264701843
Epoch: 111, AccTr: 0.8761000037193298, AccVa: 0.8374999761581421, CeTr: 0.4575396478176117, CeVa: 0.7332695722579956
Epoch: 112, AccTr: 0.8669999837875366, AccVa: 0.8259999752044678, CeTr: 0.4860837757587433, CeVa: 0.7633296847343445
Epoch: 113, AccTr: 0.8615999817848206, AccVa: 0.8230000138282776, CeTr: 0.5005289316177368, CeVa: 0.7490516304969788
Epoch: 114, AccTr: 0.8561999797821045, AccVa: 0.8274999856948853, CeTr: 0.509773313999176, CeVa: 0.7006563544273376
Epoch: 115, AccTr: 0.8636000156402588, AccVa: 0.8264999985694885, CeTr: 0.4940168559551239, CeVa: 0.7462772727012634
ENSEMBLE | Tr_Acc: 0.9585000276565552, Tr_CE: 0.12639540433883667, Va_Acc: 0.9194999933242798, Va_CE: 0.29964038729667664
Epoch: 116, AccTr: 0.8662999868392944, AccVa: 0.8259999752044678, CeTr: 0.4809621572494507, CeVa: 0.7095612287521362
Epoch: 117, AccTr: 0.866100013256073, AccVa: 0.824999988079071, CeTr: 0.4689777195453644, CeVa: 0.7016865611076355
Epoch: 118, AccTr: 0.8705999851226807, AccVa: 0.8255000114440918, CeTr: 0.4284726679325104, CeVa: 0.7340564727783203
Epoch: 119, AccTr: 0.8560000061988831, AccVa: 0.8190000057220459, CeTr: 0.528713583946228, CeVa: 0.7674888968467712
Epoch: 120, AccTr: 0.8694999814033508, AccVa: 0.8335000276565552, CeTr: 0.46740150451660156, CeVa: 0.7033469080924988
ENSEMBLE | Tr_Acc: 0.958899974822998, Tr_CE: 0.1256181299686432, Va_Acc: 0.9194999933242798, Va_CE: 0.29777202010154724
Epoch: 121, AccTr: 0.8759999871253967, AccVa: 0.8330000042915344, CeTr: 0.4484204947948456, CeVa: 0.6763508915901184
Epoch: 122, AccTr: 0.8697999715805054, AccVa: 0.8335000276565552, CeTr: 0.4643605947494507, CeVa: 0.7253155708312988
Epoch: 123, AccTr: 0.8669000267982483, AccVa: 0.8309999704360962, CeTr: 0.48248574137687683, CeVa: 0.7084897756576538
Epoch: 124, AccTr: 0.8619999885559082, AccVa: 0.8174999952316284, CeTr: 0.4758703112602234, CeVa: 0.7387474775314331
Epoch: 125, AccTr: 0.868399977684021, AccVa: 0.8264999985694885, CeTr: 0.5060611367225647, CeVa: 0.7472040057182312
ENSEMBLE | Tr_Acc: 0.9591000080108643, Tr_CE: 0.1262376457452774, Va_Acc: 0.9194999933242798, Va_CE: 0.2983885109424591
Epoch: 126, AccTr: 0.8715999722480774, AccVa: 0.828000009059906, CeTr: 0.4688044786453247, CeVa: 0.7270747423171997
Epoch: 127, AccTr: 0.876800000667572, AccVa: 0.8295000195503235, CeTr: 0.43706172704696655, CeVa: 0.7346428036689758
Epoch: 128, AccTr: 0.8687999844551086, AccVa: 0.828499972820282, CeTr: 0.46179643273353577, CeVa: 0.6968798041343689
Epoch: 129, AccTr: 0.8715000152587891, AccVa: 0.8234999775886536, CeTr: 0.45798930525779724, CeVa: 0.7208897471427917
Epoch: 130, AccTr: 0.8723000288009644, AccVa: 0.828499972820282, CeTr: 0.4592123031616211, CeVa: 0.6837986707687378
ENSEMBLE | Tr_Acc: 0.9592000246047974, Tr_CE: 0.12491894513368607, Va_Acc: 0.9200000166893005, Va_CE: 0.2953396439552307
Epoch: 131, AccTr: 0.8661999702453613, AccVa: 0.8295000195503235, CeTr: 0.4959254264831543, CeVa: 0.7619063854217529
Epoch: 132, AccTr: 0.8734999895095825, AccVa: 0.824999988079071, CeTr: 0.46860674023628235, CeVa: 0.730626106262207
Epoch: 133, AccTr: 0.8700000047683716, AccVa: 0.8245000243186951, CeTr: 0.46015840768814087, CeVa: 0.7407366037368774
Epoch: 134, AccTr: 0.8726000189781189, AccVa: 0.8335000276565552, CeTr: 0.4437004029750824, CeVa: 0.6885331273078918
Epoch: 135, AccTr: 0.8689000010490417, AccVa: 0.8299999833106995, CeTr: 0.4677245020866394, CeVa: 0.70305335521698
ENSEMBLE | Tr_Acc: 0.9598000049591064, Tr_CE: 0.12389626353979111, Va_Acc: 0.9185000061988831, Va_CE: 0.29332882165908813
Epoch: 136, AccTr: 0.859000027179718, AccVa: 0.8389999866485596, CeTr: 0.5259231328964233, CeVa: 0.6873844265937805
Epoch: 137, AccTr: 0.8734999895095825, AccVa: 0.8364999890327454, CeTr: 0.4692985415458679, CeVa: 0.6944912672042847
Epoch: 138, AccTr: 0.8722000122070312, AccVa: 0.8355000019073486, CeTr: 0.45844247937202454, CeVa: 0.7704201936721802
Epoch: 139, AccTr: 0.8654000163078308, AccVa: 0.8320000171661377, CeTr: 0.49892356991767883, CeVa: 0.7602277994155884
Epoch: 140, AccTr: 0.8525999784469604, AccVa: 0.8119999766349792, CeTr: 0.5483929514884949, CeVa: 0.8089019060134888
ENSEMBLE | Tr_Acc: 0.9599000215530396, Tr_CE: 0.12402966618537903, Va_Acc: 0.9179999828338623, Va_CE: 0.2941226661205292
Epoch: 141, AccTr: 0.8687000274658203, AccVa: 0.8305000066757202, CeTr: 0.47401776909828186, CeVa: 0.7418339848518372
Epoch: 142, AccTr: 0.8755000233650208, AccVa: 0.8295000195503235, CeTr: 0.434741348028183, CeVa: 0.7412421703338623
Epoch: 143, AccTr: 0.8659999966621399, AccVa: 0.8199999928474426, CeTr: 0.4796232283115387, CeVa: 0.739808976650238
Epoch: 144, AccTr: 0.8575000166893005, AccVa: 0.8190000057220459, CeTr: 0.5101332664489746, CeVa: 0.7038792371749878
Epoch: 145, AccTr: 0.8708000183105469, AccVa: 0.8289999961853027, CeTr: 0.47105926275253296, CeVa: 0.7066993117332458
ENSEMBLE | Tr_Acc: 0.9596999883651733, Tr_CE: 0.12317902594804764, Va_Acc: 0.9175000190734863, Va_CE: 0.29264673590660095
Epoch: 146, AccTr: 0.8712000250816345, AccVa: 0.824999988079071, CeTr: 0.4635140001773834, CeVa: 0.714257001876831
Epoch: 147, AccTr: 0.8720999956130981, AccVa: 0.8299999833106995, CeTr: 0.4518795311450958, CeVa: 0.7074276208877563
Epoch: 148, AccTr: 0.85589998960495, AccVa: 0.8165000081062317, CeTr: 0.5462651252746582, CeVa: 0.7756527066230774
Epoch: 149, AccTr: 0.8734999895095825, AccVa: 0.8324999809265137, CeTr: 0.4573816955089569, CeVa: 0.7329213619232178
Epoch: 150, AccTr: 0.878000020980835, AccVa: 0.8289999961853027, CeTr: 0.41634032130241394, CeVa: 0.6972448229789734
ENSEMBLE | Tr_Acc: 0.9602000117301941, Tr_CE: 0.12199006229639053, Va_Acc: 0.9185000061988831, Va_CE: 0.29081761837005615
Mod Accuracy || Mean: 0.8302500247955322	 Std: 0.0012499988079071045
Ens Accuracy || Mean: 0.9225000143051147	 Std: 0.0040000081062316895
Mod CE || Mean: 0.7073086500167847	 Std: 0.010063856840133667
Ens CE || Mean: 0.286282479763031	 Std: 0.004535123705863953
