NN CONFIG
Weight-type:		ternary
Layout									Layer #1: 280	Layer #2: 200	
Activation Functions					Layer #1: bs	Layer #2: bs	
Keep probabilities		Layer #0: 0.99	Layer #1: 0.98	Layer #2: 0.98	
Flat factors							Layer #1: 1.0	Layer #2: 1.0	Layer #3: 1.0	
Activation Noise						Layer #1: 0.1	Layer #2: 0.1	Layer #3: 0.0	

===================================

RUN CONFIG
Epochs: 150, Blocksize: 4

===================================

Epoch: 1, AccTr: 0.83160001039505, AccVa: 0.7975000143051147, CeTr: 0.6036252975463867, CeVa: 0.8110204339027405
Epoch: 2, AccTr: 0.8130000233650208, AccVa: 0.7795000076293945, CeTr: 0.6514926552772522, CeVa: 0.890863835811615
Epoch: 3, AccTr: 0.8237000107765198, AccVa: 0.7979999780654907, CeTr: 0.6416897177696228, CeVa: 0.8437320590019226
Epoch: 4, AccTr: 0.8378000259399414, AccVa: 0.796500027179718, CeTr: 0.5424177646636963, CeVa: 0.766717791557312
Epoch: 5, AccTr: 0.8525999784469604, AccVa: 0.7940000295639038, CeTr: 0.48147550225257874, CeVa: 0.8290682435035706
Epoch: 6, AccTr: 0.8439000248908997, AccVa: 0.8019999861717224, CeTr: 0.5347317457199097, CeVa: 0.7722129225730896
Epoch: 7, AccTr: 0.863099992275238, AccVa: 0.8105000257492065, CeTr: 0.47023633122444153, CeVa: 0.7611919045448303
Epoch: 8, AccTr: 0.8424999713897705, AccVa: 0.8029999732971191, CeTr: 0.5496273636817932, CeVa: 0.7899260520935059
Epoch: 9, AccTr: 0.855400025844574, AccVa: 0.8080000281333923, CeTr: 0.5073906183242798, CeVa: 0.8092737793922424
Epoch: 10, AccTr: 0.8395000100135803, AccVa: 0.8015000224113464, CeTr: 0.5982404947280884, CeVa: 0.8114748597145081
Epoch: 11, AccTr: 0.8503000140190125, AccVa: 0.8065000176429749, CeTr: 0.5523827075958252, CeVa: 0.7968580722808838
Epoch: 12, AccTr: 0.8476999998092651, AccVa: 0.8209999799728394, CeTr: 0.5715147852897644, CeVa: 0.7737652659416199
Epoch: 13, AccTr: 0.871399998664856, AccVa: 0.8364999890327454, CeTr: 0.4766595661640167, CeVa: 0.6609904766082764
Epoch: 14, AccTr: 0.857200026512146, AccVa: 0.8050000071525574, CeTr: 0.515653133392334, CeVa: 0.77309650182724
Epoch: 15, AccTr: 0.8503000140190125, AccVa: 0.8109999895095825, CeTr: 0.5258578062057495, CeVa: 0.7828543186187744
Epoch: 16, AccTr: 0.8639000058174133, AccVa: 0.815500020980835, CeTr: 0.483685165643692, CeVa: 0.7387000322341919
Epoch: 17, AccTr: 0.8537999987602234, AccVa: 0.8184999823570251, CeTr: 0.5297528505325317, CeVa: 0.743712306022644
Epoch: 18, AccTr: 0.8554999828338623, AccVa: 0.828499972820282, CeTr: 0.5017356872558594, CeVa: 0.6997345089912415
Epoch: 19, AccTr: 0.8647000193595886, AccVa: 0.8274999856948853, CeTr: 0.4700150489807129, CeVa: 0.7106953859329224
Epoch: 20, AccTr: 0.869700014591217, AccVa: 0.8349999785423279, CeTr: 0.4957626461982727, CeVa: 0.6665835976600647
Epoch: 21, AccTr: 0.8756999969482422, AccVa: 0.8255000114440918, CeTr: 0.43016499280929565, CeVa: 0.7330664992332458
Epoch: 22, AccTr: 0.8529000282287598, AccVa: 0.8069999814033508, CeTr: 0.5075408220291138, CeVa: 0.7525969743728638
Epoch: 23, AccTr: 0.8637999892234802, AccVa: 0.8109999895095825, CeTr: 0.47884681820869446, CeVa: 0.8063764572143555
Epoch: 24, AccTr: 0.8596000075340271, AccVa: 0.828000009059906, CeTr: 0.5083050727844238, CeVa: 0.7159016132354736
Epoch: 25, AccTr: 0.8614000082015991, AccVa: 0.8080000281333923, CeTr: 0.47795018553733826, CeVa: 0.7614076137542725
Epoch: 26, AccTr: 0.8709999918937683, AccVa: 0.8149999976158142, CeTr: 0.46066513657569885, CeVa: 0.7243088483810425
Epoch: 27, AccTr: 0.8676999807357788, AccVa: 0.8395000100135803, CeTr: 0.4624669849872589, CeVa: 0.6438699960708618
Epoch: 28, AccTr: 0.8634999990463257, AccVa: 0.815500020980835, CeTr: 0.48051220178604126, CeVa: 0.7273852825164795
Epoch: 29, AccTr: 0.866599977016449, AccVa: 0.815500020980835, CeTr: 0.44115838408470154, CeVa: 0.7410228252410889
Epoch: 30, AccTr: 0.8529000282287598, AccVa: 0.8119999766349792, CeTr: 0.5068942308425903, CeVa: 0.7969914674758911
ENSEMBLE | Tr_Acc: 0.8529000282287598, Tr_CE: 0.5068942308425903, Va_Acc: 0.8119999766349792, Va_CE: 0.7969914674758911
Epoch: 31, AccTr: 0.863099992275238, AccVa: 0.8184999823570251, CeTr: 0.4971264600753784, CeVa: 0.7341226935386658
Epoch: 32, AccTr: 0.8476999998092651, AccVa: 0.8029999732971191, CeTr: 0.5479706525802612, CeVa: 0.7986674904823303
Epoch: 33, AccTr: 0.8658000230789185, AccVa: 0.8245000243186951, CeTr: 0.485973060131073, CeVa: 0.714377224445343
Epoch: 34, AccTr: 0.8568999767303467, AccVa: 0.8230000138282776, CeTr: 0.5141769647598267, CeVa: 0.7663403749465942
Epoch: 35, AccTr: 0.8598999977111816, AccVa: 0.8075000047683716, CeTr: 0.48715928196907043, CeVa: 0.7900615930557251
ENSEMBLE | Tr_Acc: 0.9154999852180481, Tr_CE: 0.27425092458724976, Va_Acc: 0.8734999895095825, Va_CE: 0.5200074315071106
Epoch: 36, AccTr: 0.8611000180244446, AccVa: 0.8115000128746033, CeTr: 0.47451290488243103, CeVa: 0.7799070477485657
Epoch: 37, AccTr: 0.8560000061988831, AccVa: 0.8034999966621399, CeTr: 0.509019672870636, CeVa: 0.7775843739509583
Epoch: 38, AccTr: 0.8705999851226807, AccVa: 0.8345000147819519, CeTr: 0.43005356192588806, CeVa: 0.6940427422523499
Epoch: 39, AccTr: 0.8590999841690063, AccVa: 0.8144999742507935, CeTr: 0.5006288290023804, CeVa: 0.7579590082168579
Epoch: 40, AccTr: 0.8691999912261963, AccVa: 0.8289999961853027, CeTr: 0.45391905307769775, CeVa: 0.7089354991912842
ENSEMBLE | Tr_Acc: 0.9373000264167786, Tr_CE: 0.1995411366224289, Va_Acc: 0.8939999938011169, Va_CE: 0.4193960428237915
Epoch: 41, AccTr: 0.8662999868392944, AccVa: 0.8205000162124634, CeTr: 0.46078982949256897, CeVa: 0.7227473258972168
Epoch: 42, AccTr: 0.883899986743927, AccVa: 0.8169999718666077, CeTr: 0.3953622579574585, CeVa: 0.7610719203948975
Epoch: 43, AccTr: 0.8707000017166138, AccVa: 0.8075000047683716, CeTr: 0.47471117973327637, CeVa: 0.7807227969169617
Epoch: 44, AccTr: 0.8792999982833862, AccVa: 0.8335000276565552, CeTr: 0.41062334179878235, CeVa: 0.6620036959648132
Epoch: 45, AccTr: 0.8686000108718872, AccVa: 0.8339999914169312, CeTr: 0.4567924737930298, CeVa: 0.6797896027565002
ENSEMBLE | Tr_Acc: 0.9448000192642212, Tr_CE: 0.1716425120830536, Va_Acc: 0.9020000100135803, Va_CE: 0.37120556831359863
Epoch: 46, AccTr: 0.8608999848365784, AccVa: 0.809499979019165, CeTr: 0.4772105813026428, CeVa: 0.7267674803733826
Epoch: 47, AccTr: 0.8514000177383423, AccVa: 0.8169999718666077, CeTr: 0.5348992943763733, CeVa: 0.7702149748802185
Epoch: 48, AccTr: 0.8675000071525574, AccVa: 0.8330000042915344, CeTr: 0.47533002495765686, CeVa: 0.6901350021362305
Epoch: 49, AccTr: 0.8608999848365784, AccVa: 0.8289999961853027, CeTr: 0.48095211386680603, CeVa: 0.7273543477058411
Epoch: 50, AccTr: 0.8615999817848206, AccVa: 0.8119999766349792, CeTr: 0.5102565884590149, CeVa: 0.740364134311676
ENSEMBLE | Tr_Acc: 0.9490000009536743, Tr_CE: 0.16060394048690796, Va_Acc: 0.9079999923706055, Va_CE: 0.34173792600631714
Epoch: 51, AccTr: 0.8719000220298767, AccVa: 0.8240000009536743, CeTr: 0.4609433114528656, CeVa: 0.7488884329795837
Epoch: 52, AccTr: 0.8725000023841858, AccVa: 0.8299999833106995, CeTr: 0.4632694721221924, CeVa: 0.7109625339508057
Epoch: 53, AccTr: 0.8482999801635742, AccVa: 0.8075000047683716, CeTr: 0.5524930953979492, CeVa: 0.7962030172348022
Epoch: 54, AccTr: 0.8621000051498413, AccVa: 0.8205000162124634, CeTr: 0.4819767475128174, CeVa: 0.7491123080253601
Epoch: 55, AccTr: 0.8698999881744385, AccVa: 0.8379999995231628, CeTr: 0.4548738896846771, CeVa: 0.6981285214424133
ENSEMBLE | Tr_Acc: 0.9520999789237976, Tr_CE: 0.15061289072036743, Va_Acc: 0.909500002861023, Va_CE: 0.32898595929145813
Epoch: 56, AccTr: 0.868399977684021, AccVa: 0.8174999952316284, CeTr: 0.450241357088089, CeVa: 0.7452572584152222
Epoch: 57, AccTr: 0.8701000213623047, AccVa: 0.8245000243186951, CeTr: 0.43481114506721497, CeVa: 0.704660177230835
Epoch: 58, AccTr: 0.8756999969482422, AccVa: 0.8309999704360962, CeTr: 0.41955673694610596, CeVa: 0.6956923007965088
Epoch: 59, AccTr: 0.8702999949455261, AccVa: 0.828000009059906, CeTr: 0.46744266152381897, CeVa: 0.7055516242980957
Epoch: 60, AccTr: 0.8673999905586243, AccVa: 0.815500020980835, CeTr: 0.4719356298446655, CeVa: 0.7971416115760803
ENSEMBLE | Tr_Acc: 0.9524999856948853, Tr_CE: 0.14588962495326996, Va_Acc: 0.9154999852180481, Va_CE: 0.3258815109729767
Epoch: 61, AccTr: 0.8691999912261963, AccVa: 0.824999988079071, CeTr: 0.4545779228210449, CeVa: 0.7024024724960327
Epoch: 62, AccTr: 0.8655999898910522, AccVa: 0.8270000219345093, CeTr: 0.4541790187358856, CeVa: 0.7089147567749023
Epoch: 63, AccTr: 0.8654000163078308, AccVa: 0.8230000138282776, CeTr: 0.4871204197406769, CeVa: 0.7296047210693359
Epoch: 64, AccTr: 0.8700000047683716, AccVa: 0.8270000219345093, CeTr: 0.45834413170814514, CeVa: 0.7455908060073853
Epoch: 65, AccTr: 0.8687999844551086, AccVa: 0.8209999799728394, CeTr: 0.4605174660682678, CeVa: 0.7006754279136658
ENSEMBLE | Tr_Acc: 0.9535999894142151, Tr_CE: 0.13973839581012726, Va_Acc: 0.9129999876022339, Va_CE: 0.31602776050567627
Epoch: 66, AccTr: 0.867900013923645, AccVa: 0.8134999871253967, CeTr: 0.46600136160850525, CeVa: 0.7098006010055542
Epoch: 67, AccTr: 0.8718000054359436, AccVa: 0.8184999823570251, CeTr: 0.44265010952949524, CeVa: 0.7185683250427246
Epoch: 68, AccTr: 0.8622000217437744, AccVa: 0.8230000138282776, CeTr: 0.46968886256217957, CeVa: 0.7122185826301575
Epoch: 69, AccTr: 0.8679999709129333, AccVa: 0.8190000057220459, CeTr: 0.4570167064666748, CeVa: 0.7537746429443359
Epoch: 70, AccTr: 0.864300012588501, AccVa: 0.8209999799728394, CeTr: 0.4680018126964569, CeVa: 0.7366092205047607
ENSEMBLE | Tr_Acc: 0.9545999765396118, Tr_CE: 0.13642872869968414, Va_Acc: 0.9135000109672546, Va_CE: 0.3129933476448059
Epoch: 71, AccTr: 0.8707000017166138, AccVa: 0.8270000219345093, CeTr: 0.44429171085357666, CeVa: 0.6728216409683228
Epoch: 72, AccTr: 0.8623999953269958, AccVa: 0.8130000233650208, CeTr: 0.49405089020729065, CeVa: 0.7610349059104919
Epoch: 73, AccTr: 0.864799976348877, AccVa: 0.8084999918937683, CeTr: 0.5002388954162598, CeVa: 0.8038257360458374
Epoch: 74, AccTr: 0.8730000257492065, AccVa: 0.8370000123977661, CeTr: 0.4612857401371002, CeVa: 0.7005939483642578
Epoch: 75, AccTr: 0.871999979019165, AccVa: 0.828499972820282, CeTr: 0.43463975191116333, CeVa: 0.7196962237358093
ENSEMBLE | Tr_Acc: 0.9559000134468079, Tr_CE: 0.13118267059326172, Va_Acc: 0.9150000214576721, Va_CE: 0.3080207407474518
Epoch: 76, AccTr: 0.8701000213623047, AccVa: 0.8274999856948853, CeTr: 0.4587937891483307, CeVa: 0.7337061166763306
Epoch: 77, AccTr: 0.8733000159263611, AccVa: 0.8165000081062317, CeTr: 0.4564555585384369, CeVa: 0.7723889946937561
Epoch: 78, AccTr: 0.8622000217437744, AccVa: 0.8195000290870667, CeTr: 0.4883754253387451, CeVa: 0.7129674553871155
Epoch: 79, AccTr: 0.8605999946594238, AccVa: 0.809499979019165, CeTr: 0.501363217830658, CeVa: 0.7308288216590881
Epoch: 80, AccTr: 0.8629999756813049, AccVa: 0.8140000104904175, CeTr: 0.45874258875846863, CeVa: 0.7124089002609253
ENSEMBLE | Tr_Acc: 0.9567999839782715, Tr_CE: 0.1276448369026184, Va_Acc: 0.9154999852180481, Va_CE: 0.3033007085323334
Epoch: 81, AccTr: 0.8634999990463257, AccVa: 0.824999988079071, CeTr: 0.48781445622444153, CeVa: 0.6925456523895264
Epoch: 82, AccTr: 0.8328999876976013, AccVa: 0.8069999814033508, CeTr: 0.6081599593162537, CeVa: 0.7858033776283264
Epoch: 83, AccTr: 0.8626999855041504, AccVa: 0.8190000057220459, CeTr: 0.48549413681030273, CeVa: 0.7016990780830383
Epoch: 84, AccTr: 0.8704000115394592, AccVa: 0.8234999775886536, CeTr: 0.449168860912323, CeVa: 0.7098818421363831
Epoch: 85, AccTr: 0.8655999898910522, AccVa: 0.828499972820282, CeTr: 0.47465839982032776, CeVa: 0.67006915807724
ENSEMBLE | Tr_Acc: 0.9588000178337097, Tr_CE: 0.12553010880947113, Va_Acc: 0.9169999957084656, Va_CE: 0.2939932942390442
Epoch: 86, AccTr: 0.8593000173568726, AccVa: 0.8324999809265137, CeTr: 0.4784957468509674, CeVa: 0.6620250940322876
Epoch: 87, AccTr: 0.8665000200271606, AccVa: 0.8299999833106995, CeTr: 0.46005380153656006, CeVa: 0.6798401474952698
Epoch: 88, AccTr: 0.8738999962806702, AccVa: 0.8289999961853027, CeTr: 0.42795509099960327, CeVa: 0.6855254173278809
Epoch: 89, AccTr: 0.8684999942779541, AccVa: 0.8305000066757202, CeTr: 0.4550136625766754, CeVa: 0.7451450228691101
Epoch: 90, AccTr: 0.8700000047683716, AccVa: 0.8255000114440918, CeTr: 0.4507879912853241, CeVa: 0.7141046524047852
ENSEMBLE | Tr_Acc: 0.9602000117301941, Tr_CE: 0.12288122624158859, Va_Acc: 0.9204999804496765, Va_CE: 0.2913397252559662
Epoch: 91, AccTr: 0.8560000061988831, AccVa: 0.8130000233650208, CeTr: 0.4993327260017395, CeVa: 0.7065316438674927
Epoch: 92, AccTr: 0.8557000160217285, AccVa: 0.8209999799728394, CeTr: 0.5367641448974609, CeVa: 0.7811147570610046
Epoch: 93, AccTr: 0.8579999804496765, AccVa: 0.8299999833106995, CeTr: 0.4941319227218628, CeVa: 0.6976307034492493
Epoch: 94, AccTr: 0.8615999817848206, AccVa: 0.8259999752044678, CeTr: 0.5111048221588135, CeVa: 0.7447028160095215
Epoch: 95, AccTr: 0.8578000068664551, AccVa: 0.8090000152587891, CeTr: 0.5111661553382874, CeVa: 0.7755767703056335
ENSEMBLE | Tr_Acc: 0.9589999914169312, Tr_CE: 0.12336977571249008, Va_Acc: 0.921500027179718, Va_CE: 0.2910095751285553
Epoch: 96, AccTr: 0.8676000237464905, AccVa: 0.8345000147819519, CeTr: 0.43976229429244995, CeVa: 0.6992467045783997
Epoch: 97, AccTr: 0.862500011920929, AccVa: 0.8305000066757202, CeTr: 0.4778836965560913, CeVa: 0.7271345853805542
Epoch: 98, AccTr: 0.8590999841690063, AccVa: 0.8195000290870667, CeTr: 0.4991472065448761, CeVa: 0.7411637902259827
Epoch: 99, AccTr: 0.8626999855041504, AccVa: 0.828000009059906, CeTr: 0.5277813673019409, CeVa: 0.7435650825500488
Epoch: 100, AccTr: 0.8666999936103821, AccVa: 0.8195000290870667, CeTr: 0.45967158675193787, CeVa: 0.7067087888717651
ENSEMBLE | Tr_Acc: 0.9591000080108643, Tr_CE: 0.12165173143148422, Va_Acc: 0.921500027179718, Va_CE: 0.28820255398750305
Epoch: 101, AccTr: 0.8684999942779541, AccVa: 0.8109999895095825, CeTr: 0.44285479187965393, CeVa: 0.7367329597473145
Epoch: 102, AccTr: 0.8672999739646912, AccVa: 0.8299999833106995, CeTr: 0.4552379250526428, CeVa: 0.7029429078102112
Epoch: 103, AccTr: 0.8659999966621399, AccVa: 0.8224999904632568, CeTr: 0.44784989953041077, CeVa: 0.7470144629478455
Epoch: 104, AccTr: 0.8546000123023987, AccVa: 0.8069999814033508, CeTr: 0.5074604749679565, CeVa: 0.7905692458152771
Epoch: 105, AccTr: 0.8633999824523926, AccVa: 0.8195000290870667, CeTr: 0.4870672821998596, CeVa: 0.7359688878059387
ENSEMBLE | Tr_Acc: 0.9605000019073486, Tr_CE: 0.12094318866729736, Va_Acc: 0.9225000143051147, Va_CE: 0.2872201204299927
Epoch: 106, AccTr: 0.8694999814033508, AccVa: 0.8180000185966492, CeTr: 0.44351211190223694, CeVa: 0.7408032417297363
Epoch: 107, AccTr: 0.8669999837875366, AccVa: 0.8234999775886536, CeTr: 0.4854294955730438, CeVa: 0.7614940404891968
Epoch: 108, AccTr: 0.8752999901771545, AccVa: 0.8355000019073486, CeTr: 0.4395277202129364, CeVa: 0.709098219871521
Epoch: 109, AccTr: 0.8733000159263611, AccVa: 0.8220000267028809, CeTr: 0.4400981068611145, CeVa: 0.747603178024292
Epoch: 110, AccTr: 0.8738999962806702, AccVa: 0.8320000171661377, CeTr: 0.4545220732688904, CeVa: 0.741184413433075
ENSEMBLE | Tr_Acc: 0.9598000049591064, Tr_CE: 0.11970483511686325, Va_Acc: 0.921999990940094, Va_CE: 0.28719472885131836
Epoch: 111, AccTr: 0.8737000226974487, AccVa: 0.8255000114440918, CeTr: 0.44572100043296814, CeVa: 0.7053785920143127
Epoch: 112, AccTr: 0.8709999918937683, AccVa: 0.8234999775886536, CeTr: 0.4819929301738739, CeVa: 0.7221046090126038
Epoch: 113, AccTr: 0.8698999881744385, AccVa: 0.8215000033378601, CeTr: 0.4625808596611023, CeVa: 0.7445006966590881
Epoch: 114, AccTr: 0.8737999796867371, AccVa: 0.8289999961853027, CeTr: 0.43941524624824524, CeVa: 0.6940550208091736
Epoch: 115, AccTr: 0.8835999965667725, AccVa: 0.8324999809265137, CeTr: 0.392942875623703, CeVa: 0.7229101657867432
ENSEMBLE | Tr_Acc: 0.9605000019073486, Tr_CE: 0.11736928671598434, Va_Acc: 0.9229999780654907, Va_CE: 0.2886069416999817
Epoch: 116, AccTr: 0.8756999969482422, AccVa: 0.8270000219345093, CeTr: 0.4280511736869812, CeVa: 0.7029221653938293
Epoch: 117, AccTr: 0.8689000010490417, AccVa: 0.8420000076293945, CeTr: 0.46621352434158325, CeVa: 0.6684478521347046
Epoch: 118, AccTr: 0.8716999888420105, AccVa: 0.8410000205039978, CeTr: 0.43825462460517883, CeVa: 0.6757518649101257
Epoch: 119, AccTr: 0.8773000240325928, AccVa: 0.8410000205039978, CeTr: 0.4303334951400757, CeVa: 0.6758677363395691
Epoch: 120, AccTr: 0.8622999787330627, AccVa: 0.8270000219345093, CeTr: 0.4866122007369995, CeVa: 0.7733153104782104
ENSEMBLE | Tr_Acc: 0.9613000154495239, Tr_CE: 0.11681065708398819, Va_Acc: 0.9210000038146973, Va_CE: 0.2895371615886688
Epoch: 121, AccTr: 0.8690000176429749, AccVa: 0.828000009059906, CeTr: 0.4650891125202179, CeVa: 0.7263439893722534
Epoch: 122, AccTr: 0.8629999756813049, AccVa: 0.8424999713897705, CeTr: 0.49702197313308716, CeVa: 0.6735118627548218
Epoch: 123, AccTr: 0.8672000169754028, AccVa: 0.8195000290870667, CeTr: 0.481321781873703, CeVa: 0.7512474656105042
Epoch: 124, AccTr: 0.8737999796867371, AccVa: 0.8255000114440918, CeTr: 0.4309996962547302, CeVa: 0.7439700365066528
Epoch: 125, AccTr: 0.871999979019165, AccVa: 0.8174999952316284, CeTr: 0.41776376962661743, CeVa: 0.720167338848114
ENSEMBLE | Tr_Acc: 0.9613000154495239, Tr_CE: 0.11500505357980728, Va_Acc: 0.9200000166893005, Va_CE: 0.28772374987602234
Epoch: 126, AccTr: 0.871399998664856, AccVa: 0.8299999833106995, CeTr: 0.44628670811653137, CeVa: 0.6454914212226868
Epoch: 127, AccTr: 0.8569999933242798, AccVa: 0.843500018119812, CeTr: 0.4894823133945465, CeVa: 0.6922075152397156
Epoch: 128, AccTr: 0.8640000224113464, AccVa: 0.8220000267028809, CeTr: 0.4896942377090454, CeVa: 0.7005648612976074
Epoch: 129, AccTr: 0.8651999831199646, AccVa: 0.8309999704360962, CeTr: 0.47874805331230164, CeVa: 0.6891226172447205
Epoch: 130, AccTr: 0.8657000064849854, AccVa: 0.8199999928474426, CeTr: 0.47759705781936646, CeVa: 0.7320135235786438
ENSEMBLE | Tr_Acc: 0.9614999890327454, Tr_CE: 0.1149095818400383, Va_Acc: 0.921999990940094, Va_CE: 0.28617072105407715
Epoch: 131, AccTr: 0.8636999726295471, AccVa: 0.8215000033378601, CeTr: 0.4810301661491394, CeVa: 0.758185863494873
Epoch: 132, AccTr: 0.8687000274658203, AccVa: 0.8389999866485596, CeTr: 0.483564555644989, CeVa: 0.6777365803718567
Epoch: 133, AccTr: 0.8582000136375427, AccVa: 0.8240000009536743, CeTr: 0.5079115033149719, CeVa: 0.6830870509147644
Epoch: 134, AccTr: 0.8683000206947327, AccVa: 0.8270000219345093, CeTr: 0.4681646525859833, CeVa: 0.6748887300491333
Epoch: 135, AccTr: 0.8647000193595886, AccVa: 0.8309999704360962, CeTr: 0.4700656831264496, CeVa: 0.7057796716690063
ENSEMBLE | Tr_Acc: 0.9613000154495239, Tr_CE: 0.11463798582553864, Va_Acc: 0.9229999780654907, Va_CE: 0.28434255719184875
Epoch: 136, AccTr: 0.8708999752998352, AccVa: 0.8220000267028809, CeTr: 0.4450927674770355, CeVa: 0.7225674390792847
Epoch: 137, AccTr: 0.8701000213623047, AccVa: 0.8295000195503235, CeTr: 0.4427933692932129, CeVa: 0.7145804166793823
Epoch: 138, AccTr: 0.8539999723434448, AccVa: 0.8140000104904175, CeTr: 0.5155811309814453, CeVa: 0.7040391564369202
Epoch: 139, AccTr: 0.8598999977111816, AccVa: 0.8215000033378601, CeTr: 0.4899308979511261, CeVa: 0.7110415101051331
Epoch: 140, AccTr: 0.8758999705314636, AccVa: 0.8215000033378601, CeTr: 0.4396456480026245, CeVa: 0.7446854710578918
ENSEMBLE | Tr_Acc: 0.9613999724388123, Tr_CE: 0.11409089714288712, Va_Acc: 0.9235000014305115, Va_CE: 0.28391727805137634
Epoch: 141, AccTr: 0.8569999933242798, AccVa: 0.8270000219345093, CeTr: 0.5157549381256104, CeVa: 0.7211037874221802
Epoch: 142, AccTr: 0.8632000088691711, AccVa: 0.8174999952316284, CeTr: 0.45811396837234497, CeVa: 0.7432683110237122
Epoch: 143, AccTr: 0.8682000041007996, AccVa: 0.8274999856948853, CeTr: 0.44756951928138733, CeVa: 0.7221575975418091
Epoch: 144, AccTr: 0.8675000071525574, AccVa: 0.8159999847412109, CeTr: 0.46112000942230225, CeVa: 0.7077494263648987
Epoch: 145, AccTr: 0.8784000277519226, AccVa: 0.8324999809265137, CeTr: 0.43581855297088623, CeVa: 0.6944405436515808
ENSEMBLE | Tr_Acc: 0.9613999724388123, Tr_CE: 0.11397193372249603, Va_Acc: 0.921500027179718, Va_CE: 0.282719224691391
Epoch: 146, AccTr: 0.8597000241279602, AccVa: 0.8140000104904175, CeTr: 0.5094500184059143, CeVa: 0.7352360486984253
Epoch: 147, AccTr: 0.8726999759674072, AccVa: 0.8335000276565552, CeTr: 0.4579085409641266, CeVa: 0.6726504564285278
Epoch: 148, AccTr: 0.8647000193595886, AccVa: 0.8230000138282776, CeTr: 0.4720625579357147, CeVa: 0.7392725348472595
Epoch: 149, AccTr: 0.869700014591217, AccVa: 0.8270000219345093, CeTr: 0.46184292435646057, CeVa: 0.7237806916236877
Epoch: 150, AccTr: 0.8691999912261963, AccVa: 0.8295000195503235, CeTr: 0.4573593735694885, CeVa: 0.6850550174713135
ENSEMBLE | Tr_Acc: 0.9620000123977661, Tr_CE: 0.11343464255332947, Va_Acc: 0.9235000014305115, Va_CE: 0.28200292587280273
NN CONFIG
Weight-type:		ternary
Layout									Layer #1: 280	Layer #2: 200	
Activation Functions					Layer #1: bs	Layer #2: bs	
Keep probabilities		Layer #0: 0.99	Layer #1: 0.98	Layer #2: 0.98	
Flat factors							Layer #1: 1.0	Layer #2: 1.0	Layer #3: 1.0	
Activation Noise						Layer #1: 0.1	Layer #2: 0.1	Layer #3: 0.0	

===================================

RUN CONFIG
Epochs: 150, Blocksize: 4

===================================

Epoch: 1, AccTr: 0.8379999995231628, AccVa: 0.8180000185966492, CeTr: 0.5405495166778564, CeVa: 0.7109072208404541
Epoch: 2, AccTr: 0.8478999733924866, AccVa: 0.8084999918937683, CeTr: 0.5158107280731201, CeVa: 0.7194172739982605
Epoch: 3, AccTr: 0.8471999764442444, AccVa: 0.8180000185966492, CeTr: 0.5156229734420776, CeVa: 0.6478451490402222
Epoch: 4, AccTr: 0.8508999943733215, AccVa: 0.8084999918937683, CeTr: 0.5038160085678101, CeVa: 0.7039943337440491
Epoch: 5, AccTr: 0.8569999933242798, AccVa: 0.8119999766349792, CeTr: 0.46442079544067383, CeVa: 0.6984587907791138
Epoch: 6, AccTr: 0.8610000014305115, AccVa: 0.8115000128746033, CeTr: 0.46642982959747314, CeVa: 0.7293609380722046
Epoch: 7, AccTr: 0.858299970626831, AccVa: 0.8220000267028809, CeTr: 0.49008676409721375, CeVa: 0.7145170569419861
Epoch: 8, AccTr: 0.8531000018119812, AccVa: 0.8220000267028809, CeTr: 0.5102903246879578, CeVa: 0.7367882132530212
Epoch: 9, AccTr: 0.8700000047683716, AccVa: 0.8245000243186951, CeTr: 0.44717171788215637, CeVa: 0.7064753174781799
Epoch: 10, AccTr: 0.8499000072479248, AccVa: 0.8019999861717224, CeTr: 0.52103191614151, CeVa: 0.7653610706329346
Epoch: 11, AccTr: 0.8618000149726868, AccVa: 0.8205000162124634, CeTr: 0.4492729604244232, CeVa: 0.6715389490127563
Epoch: 12, AccTr: 0.8651999831199646, AccVa: 0.8259999752044678, CeTr: 0.45985716581344604, CeVa: 0.7109985947608948
Epoch: 13, AccTr: 0.8758999705314636, AccVa: 0.8245000243186951, CeTr: 0.4294539988040924, CeVa: 0.6819767951965332
Epoch: 14, AccTr: 0.8651000261306763, AccVa: 0.8065000176429749, CeTr: 0.46730276942253113, CeVa: 0.758778989315033
Epoch: 15, AccTr: 0.869700014591217, AccVa: 0.8274999856948853, CeTr: 0.44205546379089355, CeVa: 0.6496956944465637
Epoch: 16, AccTr: 0.8593000173568726, AccVa: 0.8295000195503235, CeTr: 0.4666074216365814, CeVa: 0.6331266164779663
Epoch: 17, AccTr: 0.8580999970436096, AccVa: 0.8289999961853027, CeTr: 0.48494598269462585, CeVa: 0.6879448294639587
Epoch: 18, AccTr: 0.8644000291824341, AccVa: 0.8195000290870667, CeTr: 0.47134315967559814, CeVa: 0.6865821480751038
Epoch: 19, AccTr: 0.8587999939918518, AccVa: 0.8199999928474426, CeTr: 0.4826965928077698, CeVa: 0.7284881472587585
Epoch: 20, AccTr: 0.857200026512146, AccVa: 0.828000009059906, CeTr: 0.4778367578983307, CeVa: 0.7025476694107056
Epoch: 21, AccTr: 0.863099992275238, AccVa: 0.8299999833106995, CeTr: 0.4484380781650543, CeVa: 0.6460897326469421
Epoch: 22, AccTr: 0.8604999780654907, AccVa: 0.8174999952316284, CeTr: 0.4575169086456299, CeVa: 0.6942625641822815
Epoch: 23, AccTr: 0.8659999966621399, AccVa: 0.8184999823570251, CeTr: 0.45853179693222046, CeVa: 0.6955277323722839
Epoch: 24, AccTr: 0.8708000183105469, AccVa: 0.8134999871253967, CeTr: 0.4443858861923218, CeVa: 0.7149049043655396
Epoch: 25, AccTr: 0.8695999979972839, AccVa: 0.8184999823570251, CeTr: 0.4402461051940918, CeVa: 0.7065152525901794
Epoch: 26, AccTr: 0.8561999797821045, AccVa: 0.8159999847412109, CeTr: 0.4733772575855255, CeVa: 0.7341468334197998
Epoch: 27, AccTr: 0.8723999857902527, AccVa: 0.815500020980835, CeTr: 0.42087578773498535, CeVa: 0.678688645362854
Epoch: 28, AccTr: 0.8808000087738037, AccVa: 0.8445000052452087, CeTr: 0.3912263810634613, CeVa: 0.6484742760658264
Epoch: 29, AccTr: 0.8740000128746033, AccVa: 0.828000009059906, CeTr: 0.4162604510784149, CeVa: 0.6388832926750183
Epoch: 30, AccTr: 0.8565000295639038, AccVa: 0.8289999961853027, CeTr: 0.49007752537727356, CeVa: 0.6436790227890015
ENSEMBLE | Tr_Acc: 0.8565000295639038, Tr_CE: 0.49007752537727356, Va_Acc: 0.8289999961853027, Va_CE: 0.6436790227890015
Epoch: 31, AccTr: 0.8683000206947327, AccVa: 0.8245000243186951, CeTr: 0.42096102237701416, CeVa: 0.6498190760612488
Epoch: 32, AccTr: 0.8657000064849854, AccVa: 0.8299999833106995, CeTr: 0.44443750381469727, CeVa: 0.6493157148361206
Epoch: 33, AccTr: 0.8590999841690063, AccVa: 0.8314999938011169, CeTr: 0.46925848722457886, CeVa: 0.6570969223976135
Epoch: 34, AccTr: 0.8754000067710876, AccVa: 0.8355000019073486, CeTr: 0.41885101795196533, CeVa: 0.6301184892654419
Epoch: 35, AccTr: 0.866599977016449, AccVa: 0.8289999961853027, CeTr: 0.470838725566864, CeVa: 0.6538459658622742
ENSEMBLE | Tr_Acc: 0.9111999869346619, Tr_CE: 0.27653953433036804, Va_Acc: 0.8794999718666077, Va_CE: 0.42214345932006836
Epoch: 36, AccTr: 0.861299991607666, AccVa: 0.8320000171661377, CeTr: 0.4631449282169342, CeVa: 0.6419727206230164
Epoch: 37, AccTr: 0.8513000011444092, AccVa: 0.8389999866485596, CeTr: 0.4896354079246521, CeVa: 0.6596966981887817
Epoch: 38, AccTr: 0.8697999715805054, AccVa: 0.8324999809265137, CeTr: 0.43478691577911377, CeVa: 0.6563100814819336
Epoch: 39, AccTr: 0.8761000037193298, AccVa: 0.8364999890327454, CeTr: 0.4141315519809723, CeVa: 0.6486749053001404
Epoch: 40, AccTr: 0.8733000159263611, AccVa: 0.8330000042915344, CeTr: 0.4124080538749695, CeVa: 0.6289172172546387
ENSEMBLE | Tr_Acc: 0.9358000159263611, Tr_CE: 0.20454862713813782, Va_Acc: 0.8970000147819519, Va_CE: 0.34927821159362793
Epoch: 41, AccTr: 0.8695999979972839, AccVa: 0.8320000171661377, CeTr: 0.44138798117637634, CeVa: 0.6663296222686768
Epoch: 42, AccTr: 0.869700014591217, AccVa: 0.8389999866485596, CeTr: 0.4417862892150879, CeVa: 0.6543078422546387
Epoch: 43, AccTr: 0.8708000183105469, AccVa: 0.8324999809265137, CeTr: 0.42840293049812317, CeVa: 0.6615949273109436
Epoch: 44, AccTr: 0.8654999732971191, AccVa: 0.8355000019073486, CeTr: 0.44872620701789856, CeVa: 0.6773143410682678
Epoch: 45, AccTr: 0.873199999332428, AccVa: 0.8320000171661377, CeTr: 0.40695497393608093, CeVa: 0.6566798686981201
ENSEMBLE | Tr_Acc: 0.9430999755859375, Tr_CE: 0.17566464841365814, Va_Acc: 0.9085000157356262, Va_CE: 0.3191974461078644
Epoch: 46, AccTr: 0.8562999963760376, AccVa: 0.8205000162124634, CeTr: 0.4860531687736511, CeVa: 0.6942525506019592
Epoch: 47, AccTr: 0.8626999855041504, AccVa: 0.8355000019073486, CeTr: 0.46147656440734863, CeVa: 0.6256992220878601
Epoch: 48, AccTr: 0.8765000104904175, AccVa: 0.8180000185966492, CeTr: 0.41379159688949585, CeVa: 0.6751546263694763
Epoch: 49, AccTr: 0.8690000176429749, AccVa: 0.843500018119812, CeTr: 0.419890820980072, CeVa: 0.6358385682106018
Epoch: 50, AccTr: 0.8647000193595886, AccVa: 0.8389999866485596, CeTr: 0.4519546329975128, CeVa: 0.6559744477272034
ENSEMBLE | Tr_Acc: 0.9480999708175659, Tr_CE: 0.16199643909931183, Va_Acc: 0.9160000085830688, Va_CE: 0.3054310977458954
Epoch: 51, AccTr: 0.859000027179718, AccVa: 0.8330000042915344, CeTr: 0.459759384393692, CeVa: 0.6668829321861267
Epoch: 52, AccTr: 0.8604000210762024, AccVa: 0.8345000147819519, CeTr: 0.45923587679862976, CeVa: 0.6644639372825623
Epoch: 53, AccTr: 0.8683000206947327, AccVa: 0.8335000276565552, CeTr: 0.42692139744758606, CeVa: 0.6697530150413513
Epoch: 54, AccTr: 0.8646000027656555, AccVa: 0.8259999752044678, CeTr: 0.4626661241054535, CeVa: 0.6607585549354553
Epoch: 55, AccTr: 0.8615000247955322, AccVa: 0.8195000290870667, CeTr: 0.4747895896434784, CeVa: 0.7234088182449341
ENSEMBLE | Tr_Acc: 0.9516000151634216, Tr_CE: 0.15142278373241425, Va_Acc: 0.9185000061988831, Va_CE: 0.2955317795276642
Epoch: 56, AccTr: 0.8705999851226807, AccVa: 0.828499972820282, CeTr: 0.42067328095436096, CeVa: 0.6917834877967834
Epoch: 57, AccTr: 0.8662999868392944, AccVa: 0.8149999976158142, CeTr: 0.4440965950489044, CeVa: 0.6813752055168152
Epoch: 58, AccTr: 0.8522999882698059, AccVa: 0.809499979019165, CeTr: 0.502379298210144, CeVa: 0.7351856231689453
Epoch: 59, AccTr: 0.8628000020980835, AccVa: 0.8299999833106995, CeTr: 0.44023746252059937, CeVa: 0.6745584011077881
Epoch: 60, AccTr: 0.8601999878883362, AccVa: 0.8190000057220459, CeTr: 0.4565792977809906, CeVa: 0.7146818041801453
ENSEMBLE | Tr_Acc: 0.9527000188827515, Tr_CE: 0.1465076357126236, Va_Acc: 0.9185000061988831, Va_CE: 0.2936767637729645
Epoch: 61, AccTr: 0.8668000102043152, AccVa: 0.8159999847412109, CeTr: 0.4594975709915161, CeVa: 0.704120934009552
Epoch: 62, AccTr: 0.873199999332428, AccVa: 0.8245000243186951, CeTr: 0.40672767162323, CeVa: 0.6961110830307007
Epoch: 63, AccTr: 0.863099992275238, AccVa: 0.8379999995231628, CeTr: 0.45369571447372437, CeVa: 0.6796556711196899
Epoch: 64, AccTr: 0.8565999865531921, AccVa: 0.8330000042915344, CeTr: 0.478940486907959, CeVa: 0.6655177474021912
Epoch: 65, AccTr: 0.8632000088691711, AccVa: 0.8180000185966492, CeTr: 0.4475288987159729, CeVa: 0.7267813086509705
ENSEMBLE | Tr_Acc: 0.9542999863624573, Tr_CE: 0.1421278864145279, Va_Acc: 0.9200000166893005, Va_CE: 0.28814005851745605
Epoch: 66, AccTr: 0.8607000112533569, AccVa: 0.8205000162124634, CeTr: 0.4687528908252716, CeVa: 0.6954034566879272
Epoch: 67, AccTr: 0.8621000051498413, AccVa: 0.8125, CeTr: 0.45469701290130615, CeVa: 0.7528266310691833
Epoch: 68, AccTr: 0.859000027179718, AccVa: 0.8264999985694885, CeTr: 0.45083925127983093, CeVa: 0.6714890599250793
Epoch: 69, AccTr: 0.8493000268936157, AccVa: 0.8209999799728394, CeTr: 0.5108975172042847, CeVa: 0.6818242073059082
Epoch: 70, AccTr: 0.861299991607666, AccVa: 0.8140000104904175, CeTr: 0.4575056731700897, CeVa: 0.715589165687561
ENSEMBLE | Tr_Acc: 0.9573000073432922, Tr_CE: 0.13823723793029785, Va_Acc: 0.9225000143051147, Va_CE: 0.2865128517150879
Epoch: 71, AccTr: 0.8762999773025513, AccVa: 0.8295000195503235, CeTr: 0.4088627099990845, CeVa: 0.6633197069168091
Epoch: 72, AccTr: 0.8705000281333923, AccVa: 0.8255000114440918, CeTr: 0.41964414715766907, CeVa: 0.6986095309257507
Epoch: 73, AccTr: 0.8691999912261963, AccVa: 0.8270000219345093, CeTr: 0.44936856627464294, CeVa: 0.699022650718689
Epoch: 74, AccTr: 0.8695999979972839, AccVa: 0.8345000147819519, CeTr: 0.42293837666511536, CeVa: 0.6263637542724609
Epoch: 75, AccTr: 0.8687999844551086, AccVa: 0.8295000195503235, CeTr: 0.4390111267566681, CeVa: 0.6827008724212646
ENSEMBLE | Tr_Acc: 0.9581000208854675, Tr_CE: 0.13510745763778687, Va_Acc: 0.9240000247955322, Va_CE: 0.2839404046535492
Epoch: 76, AccTr: 0.8695999979972839, AccVa: 0.8220000267028809, CeTr: 0.41758784651756287, CeVa: 0.7016084790229797
Epoch: 77, AccTr: 0.8712999820709229, AccVa: 0.8360000252723694, CeTr: 0.4391734004020691, CeVa: 0.6686974167823792
Epoch: 78, AccTr: 0.8636999726295471, AccVa: 0.8299999833106995, CeTr: 0.45516782999038696, CeVa: 0.6769379377365112
Epoch: 79, AccTr: 0.8628000020980835, AccVa: 0.8224999904632568, CeTr: 0.4489447772502899, CeVa: 0.6740918159484863
Epoch: 80, AccTr: 0.8738999962806702, AccVa: 0.8399999737739563, CeTr: 0.41518285870552063, CeVa: 0.648779034614563
ENSEMBLE | Tr_Acc: 0.9585000276565552, Tr_CE: 0.13232539594173431, Va_Acc: 0.9265000224113464, Va_CE: 0.2777961790561676
Epoch: 81, AccTr: 0.8626000285148621, AccVa: 0.8360000252723694, CeTr: 0.46661505103111267, CeVa: 0.61407071352005
Epoch: 82, AccTr: 0.8675000071525574, AccVa: 0.8184999823570251, CeTr: 0.43847382068634033, CeVa: 0.7204553484916687
Epoch: 83, AccTr: 0.8615000247955322, AccVa: 0.8299999833106995, CeTr: 0.464062362909317, CeVa: 0.7096117734909058
Epoch: 84, AccTr: 0.8683000206947327, AccVa: 0.8199999928474426, CeTr: 0.4290255010128021, CeVa: 0.6932425498962402
Epoch: 85, AccTr: 0.8597999811172485, AccVa: 0.8255000114440918, CeTr: 0.46261465549468994, CeVa: 0.658822774887085
ENSEMBLE | Tr_Acc: 0.9574999809265137, Tr_CE: 0.13121283054351807, Va_Acc: 0.9290000200271606, Va_CE: 0.2748667001724243
Epoch: 86, AccTr: 0.8733000159263611, AccVa: 0.8270000219345093, CeTr: 0.4226352572441101, CeVa: 0.6599947214126587
Epoch: 87, AccTr: 0.8607000112533569, AccVa: 0.8320000171661377, CeTr: 0.45646020770072937, CeVa: 0.6723465919494629
Epoch: 88, AccTr: 0.8600000143051147, AccVa: 0.8144999742507935, CeTr: 0.45360067486763, CeVa: 0.6792197227478027
Epoch: 89, AccTr: 0.8702999949455261, AccVa: 0.8274999856948853, CeTr: 0.4470515549182892, CeVa: 0.6643726229667664
Epoch: 90, AccTr: 0.8702999949455261, AccVa: 0.8330000042915344, CeTr: 0.4238049387931824, CeVa: 0.6554712653160095
ENSEMBLE | Tr_Acc: 0.9580000042915344, Tr_CE: 0.12917457520961761, Va_Acc: 0.9300000071525574, Va_CE: 0.27222925424575806
Epoch: 91, AccTr: 0.8611000180244446, AccVa: 0.8264999985694885, CeTr: 0.46263548731803894, CeVa: 0.6669878363609314
Epoch: 92, AccTr: 0.8705000281333923, AccVa: 0.8314999938011169, CeTr: 0.4175400733947754, CeVa: 0.644675076007843
Epoch: 93, AccTr: 0.8636999726295471, AccVa: 0.8270000219345093, CeTr: 0.430631160736084, CeVa: 0.6384663581848145
Epoch: 94, AccTr: 0.8748999834060669, AccVa: 0.8349999785423279, CeTr: 0.42643359303474426, CeVa: 0.6638652682304382
Epoch: 95, AccTr: 0.8655999898910522, AccVa: 0.8364999890327454, CeTr: 0.4563605487346649, CeVa: 0.6150938272476196
ENSEMBLE | Tr_Acc: 0.9587000012397766, Tr_CE: 0.12819567322731018, Va_Acc: 0.9290000200271606, Va_CE: 0.2681966722011566
Epoch: 96, AccTr: 0.8687999844551086, AccVa: 0.8224999904632568, CeTr: 0.43004027009010315, CeVa: 0.6825453639030457
Epoch: 97, AccTr: 0.8658000230789185, AccVa: 0.8215000033378601, CeTr: 0.4337543547153473, CeVa: 0.6756210923194885
Epoch: 98, AccTr: 0.8684999942779541, AccVa: 0.8255000114440918, CeTr: 0.4382786154747009, CeVa: 0.6424204707145691
Epoch: 99, AccTr: 0.8604000210762024, AccVa: 0.8174999952316284, CeTr: 0.4646308124065399, CeVa: 0.6957686543464661
Epoch: 100, AccTr: 0.8597999811172485, AccVa: 0.8385000228881836, CeTr: 0.4528210461139679, CeVa: 0.6145164370536804
ENSEMBLE | Tr_Acc: 0.9589999914169312, Tr_CE: 0.1282593458890915, Va_Acc: 0.9304999709129333, Va_CE: 0.2657800316810608
Epoch: 101, AccTr: 0.8697999715805054, AccVa: 0.8360000252723694, CeTr: 0.44435760378837585, CeVa: 0.6343062520027161
Epoch: 102, AccTr: 0.869700014591217, AccVa: 0.8270000219345093, CeTr: 0.4416275918483734, CeVa: 0.7019851803779602
Epoch: 103, AccTr: 0.8734999895095825, AccVa: 0.8314999938011169, CeTr: 0.4015202224254608, CeVa: 0.7107900381088257
Epoch: 104, AccTr: 0.8662999868392944, AccVa: 0.8299999833106995, CeTr: 0.42738911509513855, CeVa: 0.6476091146469116
Epoch: 105, AccTr: 0.8589000105857849, AccVa: 0.828000009059906, CeTr: 0.48757925629615784, CeVa: 0.6496025323867798
ENSEMBLE | Tr_Acc: 0.9595000147819519, Tr_CE: 0.12834042310714722, Va_Acc: 0.9309999942779541, Va_CE: 0.26361826062202454
Epoch: 106, AccTr: 0.8572999835014343, AccVa: 0.8234999775886536, CeTr: 0.49816474318504333, CeVa: 0.6512548327445984
Epoch: 107, AccTr: 0.8547999858856201, AccVa: 0.824999988079071, CeTr: 0.4975011646747589, CeVa: 0.7048978805541992
Epoch: 108, AccTr: 0.8708000183105469, AccVa: 0.8305000066757202, CeTr: 0.4276890754699707, CeVa: 0.668934166431427
Epoch: 109, AccTr: 0.8762999773025513, AccVa: 0.8220000267028809, CeTr: 0.4131811559200287, CeVa: 0.6771455407142639
Epoch: 110, AccTr: 0.8633000254631042, AccVa: 0.8169999718666077, CeTr: 0.46444693207740784, CeVa: 0.6841464042663574
ENSEMBLE | Tr_Acc: 0.9588000178337097, Tr_CE: 0.12758558988571167, Va_Acc: 0.9325000047683716, Va_CE: 0.2626778781414032
Epoch: 111, AccTr: 0.8672000169754028, AccVa: 0.8180000185966492, CeTr: 0.4395533800125122, CeVa: 0.7034408450126648
Epoch: 112, AccTr: 0.8633000254631042, AccVa: 0.8360000252723694, CeTr: 0.4749591648578644, CeVa: 0.6735213994979858
Epoch: 113, AccTr: 0.8607000112533569, AccVa: 0.8234999775886536, CeTr: 0.4981764256954193, CeVa: 0.6980557441711426
Epoch: 114, AccTr: 0.8777999877929688, AccVa: 0.8339999914169312, CeTr: 0.41384413838386536, CeVa: 0.6678405404090881
Epoch: 115, AccTr: 0.8604000210762024, AccVa: 0.8165000081062317, CeTr: 0.4690967798233032, CeVa: 0.7196854948997498
ENSEMBLE | Tr_Acc: 0.9585000276565552, Tr_CE: 0.1266346126794815, Va_Acc: 0.9309999942779541, Va_CE: 0.2636735737323761
Epoch: 116, AccTr: 0.861299991607666, AccVa: 0.8119999766349792, CeTr: 0.45490068197250366, CeVa: 0.7395244240760803
Epoch: 117, AccTr: 0.8611000180244446, AccVa: 0.8270000219345093, CeTr: 0.46127286553382874, CeVa: 0.6358864307403564
Epoch: 118, AccTr: 0.8726000189781189, AccVa: 0.824999988079071, CeTr: 0.41086679697036743, CeVa: 0.6570045948028564
Epoch: 119, AccTr: 0.8592000007629395, AccVa: 0.8184999823570251, CeTr: 0.4859876036643982, CeVa: 0.6844629645347595
Epoch: 120, AccTr: 0.8726999759674072, AccVa: 0.8259999752044678, CeTr: 0.4232720732688904, CeVa: 0.6701492667198181
ENSEMBLE | Tr_Acc: 0.958899974822998, Tr_CE: 0.12580764293670654, Va_Acc: 0.9309999942779541, Va_CE: 0.26367318630218506
Epoch: 121, AccTr: 0.8601999878883362, AccVa: 0.828000009059906, CeTr: 0.48187631368637085, CeVa: 0.6714444160461426
Epoch: 122, AccTr: 0.8700000047683716, AccVa: 0.8125, CeTr: 0.4220440983772278, CeVa: 0.7011627554893494
Epoch: 123, AccTr: 0.8636000156402588, AccVa: 0.824999988079071, CeTr: 0.45352163910865784, CeVa: 0.6694146394729614
Epoch: 124, AccTr: 0.8701000213623047, AccVa: 0.8270000219345093, CeTr: 0.434307336807251, CeVa: 0.6603238582611084
Epoch: 125, AccTr: 0.8774999976158142, AccVa: 0.8349999785423279, CeTr: 0.4104437530040741, CeVa: 0.6291486620903015
ENSEMBLE | Tr_Acc: 0.9593999981880188, Tr_CE: 0.12441374361515045, Va_Acc: 0.9300000071525574, Va_CE: 0.2613488733768463
Epoch: 126, AccTr: 0.8712999820709229, AccVa: 0.8339999914169312, CeTr: 0.4256676137447357, CeVa: 0.6413674354553223
Epoch: 127, AccTr: 0.8621000051498413, AccVa: 0.8305000066757202, CeTr: 0.4570613205432892, CeVa: 0.6828250885009766
Epoch: 128, AccTr: 0.8659999966621399, AccVa: 0.8195000290870667, CeTr: 0.44367724657058716, CeVa: 0.6756185293197632
Epoch: 129, AccTr: 0.8711000084877014, AccVa: 0.8305000066757202, CeTr: 0.4250395596027374, CeVa: 0.6829896569252014
Epoch: 130, AccTr: 0.8783000111579895, AccVa: 0.8335000276565552, CeTr: 0.4150552749633789, CeVa: 0.6767922639846802
ENSEMBLE | Tr_Acc: 0.9595000147819519, Tr_CE: 0.12332402169704437, Va_Acc: 0.9290000200271606, Va_CE: 0.2601640224456787
Epoch: 131, AccTr: 0.863099992275238, AccVa: 0.8140000104904175, CeTr: 0.4429430067539215, CeVa: 0.6951860189437866
Epoch: 132, AccTr: 0.8662999868392944, AccVa: 0.8184999823570251, CeTr: 0.44948333501815796, CeVa: 0.7134175896644592
Epoch: 133, AccTr: 0.8672999739646912, AccVa: 0.8389999866485596, CeTr: 0.4416775405406952, CeVa: 0.6427875757217407
Epoch: 134, AccTr: 0.8482000231742859, AccVa: 0.8230000138282776, CeTr: 0.4996087849140167, CeVa: 0.652550220489502
Epoch: 135, AccTr: 0.8694000244140625, AccVa: 0.8169999718666077, CeTr: 0.44388964772224426, CeVa: 0.7001842856407166
ENSEMBLE | Tr_Acc: 0.9598000049591064, Tr_CE: 0.12267164140939713, Va_Acc: 0.9290000200271606, Va_CE: 0.2597273886203766
Epoch: 136, AccTr: 0.8661999702453613, AccVa: 0.8255000114440918, CeTr: 0.43362265825271606, CeVa: 0.714312732219696
Epoch: 137, AccTr: 0.8661999702453613, AccVa: 0.8245000243186951, CeTr: 0.45241299271583557, CeVa: 0.7214300632476807
Epoch: 138, AccTr: 0.8676999807357788, AccVa: 0.8259999752044678, CeTr: 0.43553173542022705, CeVa: 0.6756982803344727
Epoch: 139, AccTr: 0.8754000067710876, AccVa: 0.8299999833106995, CeTr: 0.40906766057014465, CeVa: 0.6648403406143188
Epoch: 140, AccTr: 0.8733999729156494, AccVa: 0.8259999752044678, CeTr: 0.4247038960456848, CeVa: 0.6833754777908325
ENSEMBLE | Tr_Acc: 0.9599999785423279, Tr_CE: 0.12161249667406082, Va_Acc: 0.9284999966621399, Va_CE: 0.2592601478099823
Epoch: 141, AccTr: 0.8729000091552734, AccVa: 0.8230000138282776, CeTr: 0.43567416071891785, CeVa: 0.6514531373977661
Epoch: 142, AccTr: 0.85589998960495, AccVa: 0.8215000033378601, CeTr: 0.49772676825523376, CeVa: 0.6434637308120728
Epoch: 143, AccTr: 0.871999979019165, AccVa: 0.8209999799728394, CeTr: 0.43932509422302246, CeVa: 0.6837700009346008
Epoch: 144, AccTr: 0.876800000667572, AccVa: 0.8299999833106995, CeTr: 0.4074995219707489, CeVa: 0.6854556202888489
Epoch: 145, AccTr: 0.8658999800682068, AccVa: 0.8230000138282776, CeTr: 0.4430140256881714, CeVa: 0.7269589900970459
ENSEMBLE | Tr_Acc: 0.9610999822616577, Tr_CE: 0.12099068611860275, Va_Acc: 0.9290000200271606, Va_CE: 0.26057684421539307
Epoch: 146, AccTr: 0.8708999752998352, AccVa: 0.8364999890327454, CeTr: 0.4326414167881012, CeVa: 0.6393250823020935
Epoch: 147, AccTr: 0.8618000149726868, AccVa: 0.8165000081062317, CeTr: 0.46107393503189087, CeVa: 0.6905290484428406
Epoch: 148, AccTr: 0.8687000274658203, AccVa: 0.8330000042915344, CeTr: 0.4334547221660614, CeVa: 0.6549047827720642
Epoch: 149, AccTr: 0.8708999752998352, AccVa: 0.8224999904632568, CeTr: 0.4272361397743225, CeVa: 0.7372640371322632
Epoch: 150, AccTr: 0.8748000264167786, AccVa: 0.8255000114440918, CeTr: 0.41577377915382385, CeVa: 0.6977724432945251
ENSEMBLE | Tr_Acc: 0.9614999890327454, Tr_CE: 0.11993522942066193, Va_Acc: 0.9279999732971191, Va_CE: 0.2612714469432831
Mod Accuracy || Mean: 0.8274999856948853	 Std: 0.0020000040531158447
Ens Accuracy || Mean: 0.9257500171661377	 Std: 0.002249985933303833
Mod CE || Mean: 0.6914137601852417	 Std: 0.006358712911605835
Ens CE || Mean: 0.2716372013092041	 Std: 0.010365739464759827
