NN CONFIG
Weight-type:		ternary
Layout									Layer #1: 280	Layer #2: 200	
Activation Functions					Layer #1: bs	Layer #2: bs	
Keep probabilities		Layer #0: 0.99	Layer #1: 0.98	Layer #2: 0.98	
Flat factors							Layer #1: 1.0	Layer #2: 1.0	Layer #3: 1.0	
Activation Noise						Layer #1: 0.1	Layer #2: 0.1	Layer #3: 0.0	

===================================

RUN CONFIG
Epochs: 150, Blocksize: 4

===================================

Epoch: 1, AccTr: 0.8432000279426575, AccVa: 0.800000011920929, CeTr: 0.5386418700218201, CeVa: 0.8479688763618469
Epoch: 2, AccTr: 0.8658000230789185, AccVa: 0.815500020980835, CeTr: 0.49761757254600525, CeVa: 0.7192630171775818
Epoch: 3, AccTr: 0.8734999895095825, AccVa: 0.8230000138282776, CeTr: 0.4608291983604431, CeVa: 0.7235918641090393
Epoch: 4, AccTr: 0.8553000092506409, AccVa: 0.8195000290870667, CeTr: 0.5165565013885498, CeVa: 0.765647292137146
Epoch: 5, AccTr: 0.870199978351593, AccVa: 0.8264999985694885, CeTr: 0.45010408759117126, CeVa: 0.7550085783004761
Epoch: 6, AccTr: 0.8676999807357788, AccVa: 0.8209999799728394, CeTr: 0.47887715697288513, CeVa: 0.7439219951629639
Epoch: 7, AccTr: 0.8679999709129333, AccVa: 0.8140000104904175, CeTr: 0.4540432095527649, CeVa: 0.7601412534713745
Epoch: 8, AccTr: 0.8604000210762024, AccVa: 0.8215000033378601, CeTr: 0.4808255732059479, CeVa: 0.7455877661705017
Epoch: 9, AccTr: 0.8603000044822693, AccVa: 0.8174999952316284, CeTr: 0.4936195909976959, CeVa: 0.7889429330825806
Epoch: 10, AccTr: 0.868399977684021, AccVa: 0.8184999823570251, CeTr: 0.45857879519462585, CeVa: 0.7282333970069885
Epoch: 11, AccTr: 0.8651999831199646, AccVa: 0.8174999952316284, CeTr: 0.4888964295387268, CeVa: 0.8000308871269226
Epoch: 12, AccTr: 0.8666999936103821, AccVa: 0.8224999904632568, CeTr: 0.48560503125190735, CeVa: 0.7100284099578857
Epoch: 13, AccTr: 0.8669999837875366, AccVa: 0.8230000138282776, CeTr: 0.48105111718177795, CeVa: 0.8204735517501831
Epoch: 14, AccTr: 0.8669000267982483, AccVa: 0.8230000138282776, CeTr: 0.4767746031284332, CeVa: 0.7354103922843933
Epoch: 15, AccTr: 0.8565000295639038, AccVa: 0.8134999871253967, CeTr: 0.4981924891471863, CeVa: 0.7597070932388306
Epoch: 16, AccTr: 0.8601999878883362, AccVa: 0.8224999904632568, CeTr: 0.5010462403297424, CeVa: 0.7774727940559387
Epoch: 17, AccTr: 0.8675000071525574, AccVa: 0.8305000066757202, CeTr: 0.47741973400115967, CeVa: 0.7131454348564148
Epoch: 18, AccTr: 0.8618000149726868, AccVa: 0.8220000267028809, CeTr: 0.5141212344169617, CeVa: 0.7409628033638
Epoch: 19, AccTr: 0.845300018787384, AccVa: 0.8180000185966492, CeTr: 0.5795861482620239, CeVa: 0.8096551299095154
Epoch: 20, AccTr: 0.8646000027656555, AccVa: 0.8259999752044678, CeTr: 0.47232359647750854, CeVa: 0.7862090468406677
Epoch: 21, AccTr: 0.8546000123023987, AccVa: 0.8149999976158142, CeTr: 0.5157099366188049, CeVa: 0.8271148800849915
Epoch: 22, AccTr: 0.8615000247955322, AccVa: 0.8209999799728394, CeTr: 0.5060753226280212, CeVa: 0.7516515254974365
Epoch: 23, AccTr: 0.8633000254631042, AccVa: 0.828499972820282, CeTr: 0.5014974474906921, CeVa: 0.7349467277526855
Epoch: 24, AccTr: 0.8654999732971191, AccVa: 0.8190000057220459, CeTr: 0.484058678150177, CeVa: 0.8036972880363464
Epoch: 25, AccTr: 0.8629000186920166, AccVa: 0.8169999718666077, CeTr: 0.5096831321716309, CeVa: 0.8136709332466125
Epoch: 26, AccTr: 0.8596000075340271, AccVa: 0.8115000128746033, CeTr: 0.5179755091667175, CeVa: 0.8074007034301758
Epoch: 27, AccTr: 0.8611000180244446, AccVa: 0.8169999718666077, CeTr: 0.5139065384864807, CeVa: 0.8048853278160095
Epoch: 28, AccTr: 0.8593999743461609, AccVa: 0.8169999718666077, CeTr: 0.4903263747692108, CeVa: 0.749024510383606
Epoch: 29, AccTr: 0.8684999942779541, AccVa: 0.8255000114440918, CeTr: 0.47632327675819397, CeVa: 0.7387874722480774
Epoch: 30, AccTr: 0.8615999817848206, AccVa: 0.8184999823570251, CeTr: 0.49330443143844604, CeVa: 0.8154178857803345
ENSEMBLE | Tr_Acc: 0.8615999817848206, Tr_CE: 0.49330443143844604, Va_Acc: 0.8184999823570251, Va_CE: 0.8154178857803345
Epoch: 31, AccTr: 0.8644999861717224, AccVa: 0.8270000219345093, CeTr: 0.4782978594303131, CeVa: 0.7134497761726379
Epoch: 32, AccTr: 0.8665000200271606, AccVa: 0.8264999985694885, CeTr: 0.48585179448127747, CeVa: 0.691084086894989
Epoch: 33, AccTr: 0.8587999939918518, AccVa: 0.8130000233650208, CeTr: 0.5068449378013611, CeVa: 0.7594712376594543
Epoch: 34, AccTr: 0.8640999794006348, AccVa: 0.8264999985694885, CeTr: 0.4809674918651581, CeVa: 0.710122287273407
Epoch: 35, AccTr: 0.8651000261306763, AccVa: 0.8199999928474426, CeTr: 0.5026400685310364, CeVa: 0.7441925406455994
ENSEMBLE | Tr_Acc: 0.9154000282287598, Tr_CE: 0.2804609537124634, Va_Acc: 0.8694999814033508, Va_CE: 0.5150302648544312
Epoch: 36, AccTr: 0.8751999735832214, AccVa: 0.8240000009536743, CeTr: 0.4716935455799103, CeVa: 0.7529323697090149
Epoch: 37, AccTr: 0.8644000291824341, AccVa: 0.8169999718666077, CeTr: 0.4670025408267975, CeVa: 0.7819385528564453
Epoch: 38, AccTr: 0.8543000221252441, AccVa: 0.8195000290870667, CeTr: 0.5315062403678894, CeVa: 0.7661532759666443
Epoch: 39, AccTr: 0.8579000234603882, AccVa: 0.8264999985694885, CeTr: 0.5440046191215515, CeVa: 0.7260444164276123
Epoch: 40, AccTr: 0.8639000058174133, AccVa: 0.8205000162124634, CeTr: 0.48895370960235596, CeVa: 0.7994430661201477
ENSEMBLE | Tr_Acc: 0.9315999746322632, Tr_CE: 0.2128334790468216, Va_Acc: 0.8889999985694885, Va_CE: 0.43661201000213623
Epoch: 41, AccTr: 0.8590999841690063, AccVa: 0.8264999985694885, CeTr: 0.5063707828521729, CeVa: 0.7265428304672241
Epoch: 42, AccTr: 0.8464000225067139, AccVa: 0.8109999895095825, CeTr: 0.5788675546646118, CeVa: 0.7877941131591797
Epoch: 43, AccTr: 0.8597999811172485, AccVa: 0.8215000033378601, CeTr: 0.5135554075241089, CeVa: 0.7569640874862671
Epoch: 44, AccTr: 0.8629999756813049, AccVa: 0.8184999823570251, CeTr: 0.5214428901672363, CeVa: 0.7700948715209961
Epoch: 45, AccTr: 0.8634999990463257, AccVa: 0.8169999718666077, CeTr: 0.4921989142894745, CeVa: 0.7755306363105774
ENSEMBLE | Tr_Acc: 0.941100001335144, Tr_CE: 0.18443842232227325, Va_Acc: 0.8955000042915344, Va_CE: 0.3912735879421234
Epoch: 46, AccTr: 0.8712999820709229, AccVa: 0.8255000114440918, CeTr: 0.48465755581855774, CeVa: 0.8055345416069031
Epoch: 47, AccTr: 0.8650000095367432, AccVa: 0.8190000057220459, CeTr: 0.4628053605556488, CeVa: 0.7620161771774292
Epoch: 48, AccTr: 0.8499000072479248, AccVa: 0.8169999718666077, CeTr: 0.5543031096458435, CeVa: 0.8094809055328369
Epoch: 49, AccTr: 0.8725000023841858, AccVa: 0.8320000171661377, CeTr: 0.4207930564880371, CeVa: 0.7617803812026978
Epoch: 50, AccTr: 0.8675000071525574, AccVa: 0.8220000267028809, CeTr: 0.47958436608314514, CeVa: 0.7160767912864685
ENSEMBLE | Tr_Acc: 0.9459999799728394, Tr_CE: 0.1663743108510971, Va_Acc: 0.902999997138977, Va_CE: 0.3587417006492615
Epoch: 51, AccTr: 0.8773000240325928, AccVa: 0.8274999856948853, CeTr: 0.4271585941314697, CeVa: 0.7242183685302734
Epoch: 52, AccTr: 0.8569999933242798, AccVa: 0.828000009059906, CeTr: 0.5375245213508606, CeVa: 0.7841307520866394
Epoch: 53, AccTr: 0.8702999949455261, AccVa: 0.828000009059906, CeTr: 0.47308456897735596, CeVa: 0.7453974485397339
Epoch: 54, AccTr: 0.866100013256073, AccVa: 0.8259999752044678, CeTr: 0.49718543887138367, CeVa: 0.7285181879997253
Epoch: 55, AccTr: 0.8628000020980835, AccVa: 0.8339999914169312, CeTr: 0.4978336989879608, CeVa: 0.685529887676239
ENSEMBLE | Tr_Acc: 0.9487000107765198, Tr_CE: 0.1584007740020752, Va_Acc: 0.9054999947547913, Va_CE: 0.3368109166622162
Epoch: 56, AccTr: 0.8646000027656555, AccVa: 0.8355000019073486, CeTr: 0.5097317099571228, CeVa: 0.6991724371910095
Epoch: 57, AccTr: 0.8766000270843506, AccVa: 0.8270000219345093, CeTr: 0.43534761667251587, CeVa: 0.7344194054603577
Epoch: 58, AccTr: 0.8675000071525574, AccVa: 0.8180000185966492, CeTr: 0.4863997995853424, CeVa: 0.7652406096458435
Epoch: 59, AccTr: 0.866100013256073, AccVa: 0.828000009059906, CeTr: 0.4853729009628296, CeVa: 0.7100685834884644
Epoch: 60, AccTr: 0.8587999939918518, AccVa: 0.8140000104904175, CeTr: 0.4961049258708954, CeVa: 0.7787733674049377
ENSEMBLE | Tr_Acc: 0.9513000249862671, Tr_CE: 0.151309996843338, Va_Acc: 0.9120000004768372, Va_CE: 0.32776525616645813
Epoch: 61, AccTr: 0.8662999868392944, AccVa: 0.8205000162124634, CeTr: 0.46137306094169617, CeVa: 0.7560099363327026
Epoch: 62, AccTr: 0.8711000084877014, AccVa: 0.8309999704360962, CeTr: 0.45961207151412964, CeVa: 0.6997838616371155
Epoch: 63, AccTr: 0.8672000169754028, AccVa: 0.8335000276565552, CeTr: 0.47383907437324524, CeVa: 0.7125440835952759
Epoch: 64, AccTr: 0.849399983882904, AccVa: 0.8199999928474426, CeTr: 0.5680860280990601, CeVa: 0.7716942429542542
Epoch: 65, AccTr: 0.8632000088691711, AccVa: 0.8289999961853027, CeTr: 0.49148398637771606, CeVa: 0.771838366985321
ENSEMBLE | Tr_Acc: 0.9528999924659729, Tr_CE: 0.14720231294631958, Va_Acc: 0.9089999794960022, Va_CE: 0.3262157738208771
Epoch: 66, AccTr: 0.8659999966621399, AccVa: 0.8130000233650208, CeTr: 0.4844847619533539, CeVa: 0.8224547505378723
Epoch: 67, AccTr: 0.8640000224113464, AccVa: 0.8100000023841858, CeTr: 0.48418837785720825, CeVa: 0.8268013596534729
Epoch: 68, AccTr: 0.8693000078201294, AccVa: 0.8264999985694885, CeTr: 0.4854487180709839, CeVa: 0.7657778859138489
Epoch: 69, AccTr: 0.8621000051498413, AccVa: 0.8115000128746033, CeTr: 0.5057985186576843, CeVa: 0.7696854472160339
Epoch: 70, AccTr: 0.871399998664856, AccVa: 0.8314999938011169, CeTr: 0.45691967010498047, CeVa: 0.7389214634895325
ENSEMBLE | Tr_Acc: 0.9528999924659729, Tr_CE: 0.14258821308612823, Va_Acc: 0.9154999852180481, Va_CE: 0.3214525878429413
Epoch: 71, AccTr: 0.8621000051498413, AccVa: 0.8255000114440918, CeTr: 0.5082700252532959, CeVa: 0.7282584309577942
Epoch: 72, AccTr: 0.8659999966621399, AccVa: 0.8195000290870667, CeTr: 0.4877314567565918, CeVa: 0.7633126974105835
Epoch: 73, AccTr: 0.8652999997138977, AccVa: 0.8264999985694885, CeTr: 0.48199784755706787, CeVa: 0.7556356191635132
Epoch: 74, AccTr: 0.8725000023841858, AccVa: 0.8259999752044678, CeTr: 0.45920273661613464, CeVa: 0.7388864755630493
Epoch: 75, AccTr: 0.8658000230789185, AccVa: 0.8195000290870667, CeTr: 0.4926816523075104, CeVa: 0.7762690186500549
ENSEMBLE | Tr_Acc: 0.954200029373169, Tr_CE: 0.14089055359363556, Va_Acc: 0.9164999723434448, Va_CE: 0.32113078236579895
Epoch: 76, AccTr: 0.8680999875068665, AccVa: 0.824999988079071, CeTr: 0.4629199206829071, CeVa: 0.7614282369613647
Epoch: 77, AccTr: 0.8652999997138977, AccVa: 0.8264999985694885, CeTr: 0.49565884470939636, CeVa: 0.7983515858650208
Epoch: 78, AccTr: 0.8755000233650208, AccVa: 0.8330000042915344, CeTr: 0.4642139673233032, CeVa: 0.7139925360679626
Epoch: 79, AccTr: 0.869700014591217, AccVa: 0.8174999952316284, CeTr: 0.4743949770927429, CeVa: 0.776110053062439
Epoch: 80, AccTr: 0.863099992275238, AccVa: 0.8205000162124634, CeTr: 0.47902899980545044, CeVa: 0.7432702779769897
ENSEMBLE | Tr_Acc: 0.9555000066757202, Tr_CE: 0.13708481192588806, Va_Acc: 0.9154999852180481, Va_CE: 0.3172008693218231
Epoch: 81, AccTr: 0.862500011920929, AccVa: 0.8245000243186951, CeTr: 0.5016613602638245, CeVa: 0.7560313940048218
Epoch: 82, AccTr: 0.8636000156402588, AccVa: 0.8349999785423279, CeTr: 0.47674795985221863, CeVa: 0.7295675277709961
Epoch: 83, AccTr: 0.8718000054359436, AccVa: 0.8360000252723694, CeTr: 0.45664268732070923, CeVa: 0.6976107358932495
Epoch: 84, AccTr: 0.873199999332428, AccVa: 0.8270000219345093, CeTr: 0.4640333950519562, CeVa: 0.7126269340515137
Epoch: 85, AccTr: 0.8754000067710876, AccVa: 0.8264999985694885, CeTr: 0.4295281171798706, CeVa: 0.7363336086273193
ENSEMBLE | Tr_Acc: 0.9567999839782715, Tr_CE: 0.13311485946178436, Va_Acc: 0.9154999852180481, Va_CE: 0.3159298300743103
Epoch: 86, AccTr: 0.8777999877929688, AccVa: 0.828499972820282, CeTr: 0.43768632411956787, CeVa: 0.7517097592353821
Epoch: 87, AccTr: 0.8744000196456909, AccVa: 0.828000009059906, CeTr: 0.43749281764030457, CeVa: 0.7532851099967957
Epoch: 88, AccTr: 0.8740000128746033, AccVa: 0.8255000114440918, CeTr: 0.446727454662323, CeVa: 0.7833247780799866
Epoch: 89, AccTr: 0.870199978351593, AccVa: 0.8245000243186951, CeTr: 0.4525807201862335, CeVa: 0.7823379635810852
Epoch: 90, AccTr: 0.8716999888420105, AccVa: 0.8264999985694885, CeTr: 0.430645227432251, CeVa: 0.7427058815956116
ENSEMBLE | Tr_Acc: 0.9584000110626221, Tr_CE: 0.12976109981536865, Va_Acc: 0.9169999957084656, Va_CE: 0.312767893075943
Epoch: 91, AccTr: 0.8736000061035156, AccVa: 0.8224999904632568, CeTr: 0.4405152201652527, CeVa: 0.7597708702087402
Epoch: 92, AccTr: 0.862500011920929, AccVa: 0.8190000057220459, CeTr: 0.5153169631958008, CeVa: 0.775198757648468
Epoch: 93, AccTr: 0.8697999715805054, AccVa: 0.8190000057220459, CeTr: 0.4497608542442322, CeVa: 0.7217050194740295
Epoch: 94, AccTr: 0.8666999936103821, AccVa: 0.8270000219345093, CeTr: 0.49074795842170715, CeVa: 0.759917140007019
Epoch: 95, AccTr: 0.8730999827384949, AccVa: 0.8349999785423279, CeTr: 0.46722525358200073, CeVa: 0.7290104627609253
ENSEMBLE | Tr_Acc: 0.9585999846458435, Tr_CE: 0.1276046335697174, Va_Acc: 0.9175000190734863, Va_CE: 0.3075390160083771
Epoch: 96, AccTr: 0.8711000084877014, AccVa: 0.8379999995231628, CeTr: 0.4645524322986603, CeVa: 0.7312675714492798
Epoch: 97, AccTr: 0.8758999705314636, AccVa: 0.8174999952316284, CeTr: 0.4575715959072113, CeVa: 0.7743282914161682
Epoch: 98, AccTr: 0.8669999837875366, AccVa: 0.8255000114440918, CeTr: 0.4676365256309509, CeVa: 0.8018704056739807
Epoch: 99, AccTr: 0.8687000274658203, AccVa: 0.8240000009536743, CeTr: 0.4555434584617615, CeVa: 0.7133907079696655
Epoch: 100, AccTr: 0.8603000044822693, AccVa: 0.8144999742507935, CeTr: 0.5059219002723694, CeVa: 0.8228336572647095
ENSEMBLE | Tr_Acc: 0.9585000276565552, Tr_CE: 0.12552222609519958, Va_Acc: 0.9200000166893005, Va_CE: 0.30688896775245667
Epoch: 101, AccTr: 0.8726999759674072, AccVa: 0.8370000123977661, CeTr: 0.45373067259788513, CeVa: 0.7012982368469238
Epoch: 102, AccTr: 0.8686000108718872, AccVa: 0.8220000267028809, CeTr: 0.46818414330482483, CeVa: 0.8095778822898865
Epoch: 103, AccTr: 0.8640999794006348, AccVa: 0.824999988079071, CeTr: 0.4906432628631592, CeVa: 0.7795546650886536
Epoch: 104, AccTr: 0.8730000257492065, AccVa: 0.8180000185966492, CeTr: 0.4720385670661926, CeVa: 0.7575030326843262
Epoch: 105, AccTr: 0.871999979019165, AccVa: 0.8215000033378601, CeTr: 0.4430507719516754, CeVa: 0.7719888687133789
ENSEMBLE | Tr_Acc: 0.9603999853134155, Tr_CE: 0.12294432520866394, Va_Acc: 0.9200000166893005, Va_CE: 0.3036902844905853
Epoch: 106, AccTr: 0.8772000074386597, AccVa: 0.8209999799728394, CeTr: 0.4432116150856018, CeVa: 0.8112052083015442
Epoch: 107, AccTr: 0.8600000143051147, AccVa: 0.8195000290870667, CeTr: 0.5231358408927917, CeVa: 0.7945073246955872
Epoch: 108, AccTr: 0.8676000237464905, AccVa: 0.8144999742507935, CeTr: 0.48559144139289856, CeVa: 0.8348554968833923
Epoch: 109, AccTr: 0.8655999898910522, AccVa: 0.8230000138282776, CeTr: 0.4979744255542755, CeVa: 0.7290511727333069
Epoch: 110, AccTr: 0.8659999966621399, AccVa: 0.8224999904632568, CeTr: 0.5113303661346436, CeVa: 0.7582234740257263
ENSEMBLE | Tr_Acc: 0.9595999717712402, Tr_CE: 0.12288130819797516, Va_Acc: 0.9190000295639038, Va_CE: 0.3011455237865448
Epoch: 111, AccTr: 0.8716999888420105, AccVa: 0.824999988079071, CeTr: 0.4837573766708374, CeVa: 0.7725404500961304
Epoch: 112, AccTr: 0.8647000193595886, AccVa: 0.8224999904632568, CeTr: 0.5244247317314148, CeVa: 0.7821786999702454
Epoch: 113, AccTr: 0.8676999807357788, AccVa: 0.8220000267028809, CeTr: 0.4755611717700958, CeVa: 0.816450834274292
Epoch: 114, AccTr: 0.8763999938964844, AccVa: 0.8370000123977661, CeTr: 0.4479841887950897, CeVa: 0.7452273964881897
Epoch: 115, AccTr: 0.8662999868392944, AccVa: 0.8240000009536743, CeTr: 0.4835142493247986, CeVa: 0.8084077835083008
ENSEMBLE | Tr_Acc: 0.960099995136261, Tr_CE: 0.12190217524766922, Va_Acc: 0.9204999804496765, Va_CE: 0.30173516273498535
Epoch: 116, AccTr: 0.8827000260353088, AccVa: 0.828000009059906, CeTr: 0.43639615178108215, CeVa: 0.7766817212104797
Epoch: 117, AccTr: 0.8729000091552734, AccVa: 0.8234999775886536, CeTr: 0.4589630365371704, CeVa: 0.8024687767028809
Epoch: 118, AccTr: 0.8693000078201294, AccVa: 0.8245000243186951, CeTr: 0.46123427152633667, CeVa: 0.7602658867835999
Epoch: 119, AccTr: 0.8779000043869019, AccVa: 0.8320000171661377, CeTr: 0.42714980244636536, CeVa: 0.7099740505218506
Epoch: 120, AccTr: 0.8788999915122986, AccVa: 0.8264999985694885, CeTr: 0.4495258331298828, CeVa: 0.7542307376861572
ENSEMBLE | Tr_Acc: 0.9610999822616577, Tr_CE: 0.12044206261634827, Va_Acc: 0.9200000166893005, Va_CE: 0.29901745915412903
Epoch: 121, AccTr: 0.8751999735832214, AccVa: 0.8274999856948853, CeTr: 0.46332454681396484, CeVa: 0.7943382859230042
Epoch: 122, AccTr: 0.8730000257492065, AccVa: 0.8259999752044678, CeTr: 0.4634696841239929, CeVa: 0.7769567966461182
Epoch: 123, AccTr: 0.8730999827384949, AccVa: 0.8309999704360962, CeTr: 0.45608916878700256, CeVa: 0.7274476885795593
Epoch: 124, AccTr: 0.8657000064849854, AccVa: 0.8289999961853027, CeTr: 0.47509053349494934, CeVa: 0.7048870921134949
Epoch: 125, AccTr: 0.8677999973297119, AccVa: 0.8320000171661377, CeTr: 0.48312363028526306, CeVa: 0.6903429627418518
ENSEMBLE | Tr_Acc: 0.9606000185012817, Tr_CE: 0.11949226260185242, Va_Acc: 0.9210000038146973, Va_CE: 0.29612478613853455
Epoch: 126, AccTr: 0.8669000267982483, AccVa: 0.8105000257492065, CeTr: 0.48663023114204407, CeVa: 0.821459949016571
Epoch: 127, AccTr: 0.8654000163078308, AccVa: 0.8209999799728394, CeTr: 0.49976128339767456, CeVa: 0.7821645140647888
Epoch: 128, AccTr: 0.8682000041007996, AccVa: 0.8314999938011169, CeTr: 0.4773831069469452, CeVa: 0.7245952486991882
Epoch: 129, AccTr: 0.8737999796867371, AccVa: 0.8360000252723694, CeTr: 0.45725303888320923, CeVa: 0.6880514621734619
Epoch: 130, AccTr: 0.8658000230789185, AccVa: 0.8305000066757202, CeTr: 0.4840468168258667, CeVa: 0.7392234206199646
ENSEMBLE | Tr_Acc: 0.9611999988555908, Tr_CE: 0.11848629266023636, Va_Acc: 0.921500027179718, Va_CE: 0.29554110765457153
Epoch: 131, AccTr: 0.8784000277519226, AccVa: 0.8274999856948853, CeTr: 0.429928719997406, CeVa: 0.7548618316650391
Epoch: 132, AccTr: 0.8754000067710876, AccVa: 0.8305000066757202, CeTr: 0.4453118145465851, CeVa: 0.6862850189208984
Epoch: 133, AccTr: 0.8575999736785889, AccVa: 0.8270000219345093, CeTr: 0.5173137187957764, CeVa: 0.8018603324890137
Epoch: 134, AccTr: 0.868399977684021, AccVa: 0.8289999961853027, CeTr: 0.48277929425239563, CeVa: 0.7528596520423889
Epoch: 135, AccTr: 0.8718000054359436, AccVa: 0.8374999761581421, CeTr: 0.44400399923324585, CeVa: 0.6777498126029968
ENSEMBLE | Tr_Acc: 0.9617000222206116, Tr_CE: 0.11707685887813568, Va_Acc: 0.9244999885559082, Va_CE: 0.29237908124923706
Epoch: 136, AccTr: 0.8658000230789185, AccVa: 0.8199999928474426, CeTr: 0.48356470465660095, CeVa: 0.7763920426368713
Epoch: 137, AccTr: 0.8751999735832214, AccVa: 0.8299999833106995, CeTr: 0.45283108949661255, CeVa: 0.7220931053161621
Epoch: 138, AccTr: 0.8672999739646912, AccVa: 0.8215000033378601, CeTr: 0.48115330934524536, CeVa: 0.7922795414924622
Epoch: 139, AccTr: 0.8684999942779541, AccVa: 0.8395000100135803, CeTr: 0.49235799908638, CeVa: 0.7084053754806519
Epoch: 140, AccTr: 0.8615999817848206, AccVa: 0.8314999938011169, CeTr: 0.5028603672981262, CeVa: 0.7728818655014038
ENSEMBLE | Tr_Acc: 0.9621000289916992, Tr_CE: 0.11635876446962357, Va_Acc: 0.9259999990463257, Va_CE: 0.29271024465560913
Epoch: 141, AccTr: 0.876800000667572, AccVa: 0.8289999961853027, CeTr: 0.47383731603622437, CeVa: 0.7452439665794373
Epoch: 142, AccTr: 0.8719000220298767, AccVa: 0.8314999938011169, CeTr: 0.46657782793045044, CeVa: 0.7400113940238953
Epoch: 143, AccTr: 0.8641999959945679, AccVa: 0.828000009059906, CeTr: 0.5186753869056702, CeVa: 0.7711904048919678
Epoch: 144, AccTr: 0.8673999905586243, AccVa: 0.8259999752044678, CeTr: 0.490753710269928, CeVa: 0.7527512311935425
Epoch: 145, AccTr: 0.8572999835014343, AccVa: 0.824999988079071, CeTr: 0.5381139516830444, CeVa: 0.7777212858200073
ENSEMBLE | Tr_Acc: 0.9627000093460083, Tr_CE: 0.11628874391317368, Va_Acc: 0.9259999990463257, Va_CE: 0.2932383120059967
Epoch: 146, AccTr: 0.8690000176429749, AccVa: 0.8240000009536743, CeTr: 0.5061168670654297, CeVa: 0.7730007171630859
Epoch: 147, AccTr: 0.8665000200271606, AccVa: 0.8159999847412109, CeTr: 0.49435675144195557, CeVa: 0.7941907644271851
Epoch: 148, AccTr: 0.8578000068664551, AccVa: 0.8199999928474426, CeTr: 0.5073246955871582, CeVa: 0.8062265515327454
Epoch: 149, AccTr: 0.8705999851226807, AccVa: 0.8069999814033508, CeTr: 0.48044005036354065, CeVa: 0.8596739768981934
Epoch: 150, AccTr: 0.8651000261306763, AccVa: 0.7944999933242798, CeTr: 0.4827013611793518, CeVa: 0.8123921751976013
ENSEMBLE | Tr_Acc: 0.9629999995231628, Tr_CE: 0.11560162156820297, Va_Acc: 0.925000011920929, Va_CE: 0.2931714355945587
NN CONFIG
Weight-type:		ternary
Layout									Layer #1: 280	Layer #2: 200	
Activation Functions					Layer #1: bs	Layer #2: bs	
Keep probabilities		Layer #0: 0.99	Layer #1: 0.98	Layer #2: 0.98	
Flat factors							Layer #1: 1.0	Layer #2: 1.0	Layer #3: 1.0	
Activation Noise						Layer #1: 0.1	Layer #2: 0.1	Layer #3: 0.0	

===================================

RUN CONFIG
Epochs: 150, Blocksize: 4

===================================

Epoch: 1, AccTr: 0.8406999707221985, AccVa: 0.7985000014305115, CeTr: 0.5985903739929199, CeVa: 0.7868145108222961
Epoch: 2, AccTr: 0.8411999940872192, AccVa: 0.8065000176429749, CeTr: 0.5851907134056091, CeVa: 0.8241028189659119
Epoch: 3, AccTr: 0.8568000197410583, AccVa: 0.8084999918937683, CeTr: 0.4909331202507019, CeVa: 0.7474525570869446
Epoch: 4, AccTr: 0.8359000086784363, AccVa: 0.7835000157356262, CeTr: 0.5897538065910339, CeVa: 0.8775590658187866
Epoch: 5, AccTr: 0.8555999994277954, AccVa: 0.8199999928474426, CeTr: 0.5160514712333679, CeVa: 0.7405946254730225
Epoch: 6, AccTr: 0.8550000190734863, AccVa: 0.8140000104904175, CeTr: 0.5024299025535583, CeVa: 0.765495777130127
Epoch: 7, AccTr: 0.8543999791145325, AccVa: 0.8109999895095825, CeTr: 0.518573522567749, CeVa: 0.7312697768211365
Epoch: 8, AccTr: 0.8716999888420105, AccVa: 0.8184999823570251, CeTr: 0.45813876390457153, CeVa: 0.7222425937652588
Epoch: 9, AccTr: 0.8553000092506409, AccVa: 0.8270000219345093, CeTr: 0.5336014628410339, CeVa: 0.7405701875686646
Epoch: 10, AccTr: 0.8640000224113464, AccVa: 0.8195000290870667, CeTr: 0.4837895631790161, CeVa: 0.7721429467201233
Epoch: 11, AccTr: 0.8600999712944031, AccVa: 0.8234999775886536, CeTr: 0.5126623511314392, CeVa: 0.7307572364807129
Epoch: 12, AccTr: 0.8650000095367432, AccVa: 0.8130000233650208, CeTr: 0.47248125076293945, CeVa: 0.777738630771637
Epoch: 13, AccTr: 0.8608999848365784, AccVa: 0.8215000033378601, CeTr: 0.5045790076255798, CeVa: 0.7068000435829163
Epoch: 14, AccTr: 0.8652999997138977, AccVa: 0.8184999823570251, CeTr: 0.4643875062465668, CeVa: 0.7213423848152161
Epoch: 15, AccTr: 0.8737000226974487, AccVa: 0.8305000066757202, CeTr: 0.42681142687797546, CeVa: 0.6924768090248108
Epoch: 16, AccTr: 0.8629000186920166, AccVa: 0.8245000243186951, CeTr: 0.4730115830898285, CeVa: 0.7451068162918091
Epoch: 17, AccTr: 0.8604999780654907, AccVa: 0.8180000185966492, CeTr: 0.4917578101158142, CeVa: 0.7959670424461365
Epoch: 18, AccTr: 0.8733999729156494, AccVa: 0.8330000042915344, CeTr: 0.4670012593269348, CeVa: 0.7194398045539856
Epoch: 19, AccTr: 0.8597999811172485, AccVa: 0.8259999752044678, CeTr: 0.5187119841575623, CeVa: 0.7899747490882874
Epoch: 20, AccTr: 0.861299991607666, AccVa: 0.8180000185966492, CeTr: 0.48802754282951355, CeVa: 0.808194100856781
Epoch: 21, AccTr: 0.8652999997138977, AccVa: 0.8144999742507935, CeTr: 0.46141138672828674, CeVa: 0.8264286518096924
Epoch: 22, AccTr: 0.8601999878883362, AccVa: 0.8209999799728394, CeTr: 0.48830273747444153, CeVa: 0.8017420172691345
Epoch: 23, AccTr: 0.8637999892234802, AccVa: 0.8259999752044678, CeTr: 0.48484814167022705, CeVa: 0.7680307626724243
Epoch: 24, AccTr: 0.8702999949455261, AccVa: 0.8220000267028809, CeTr: 0.4739096760749817, CeVa: 0.7282233834266663
Epoch: 25, AccTr: 0.8766000270843506, AccVa: 0.8205000162124634, CeTr: 0.44030633568763733, CeVa: 0.7603644728660583
Epoch: 26, AccTr: 0.8730999827384949, AccVa: 0.8264999985694885, CeTr: 0.4552794396877289, CeVa: 0.7444608211517334
Epoch: 27, AccTr: 0.8661999702453613, AccVa: 0.8080000281333923, CeTr: 0.47127047181129456, CeVa: 0.8275222182273865
Epoch: 28, AccTr: 0.8737999796867371, AccVa: 0.8159999847412109, CeTr: 0.4202688932418823, CeVa: 0.7678347229957581
Epoch: 29, AccTr: 0.8539000153541565, AccVa: 0.809499979019165, CeTr: 0.5082521438598633, CeVa: 0.8183498978614807
Epoch: 30, AccTr: 0.8716999888420105, AccVa: 0.8215000033378601, CeTr: 0.45237261056900024, CeVa: 0.7573477625846863
ENSEMBLE | Tr_Acc: 0.8716999888420105, Tr_CE: 0.45237261056900024, Va_Acc: 0.8215000033378601, Va_CE: 0.7573477625846863
Epoch: 31, AccTr: 0.8611999750137329, AccVa: 0.8180000185966492, CeTr: 0.5001775622367859, CeVa: 0.7908170819282532
Epoch: 32, AccTr: 0.8632000088691711, AccVa: 0.8274999856948853, CeTr: 0.4667074680328369, CeVa: 0.7754607200622559
Epoch: 33, AccTr: 0.8701000213623047, AccVa: 0.8309999704360962, CeTr: 0.4446460008621216, CeVa: 0.7053670287132263
Epoch: 34, AccTr: 0.868399977684021, AccVa: 0.8165000081062317, CeTr: 0.43296611309051514, CeVa: 0.7013131976127625
Epoch: 35, AccTr: 0.8725000023841858, AccVa: 0.824999988079071, CeTr: 0.4293074607849121, CeVa: 0.6939458847045898
ENSEMBLE | Tr_Acc: 0.9229999780654907, Tr_CE: 0.243552103638649, Va_Acc: 0.8784999847412109, Va_CE: 0.48764604330062866
Epoch: 36, AccTr: 0.8773999810218811, AccVa: 0.8374999761581421, CeTr: 0.4220086336135864, CeVa: 0.6465814113616943
Epoch: 37, AccTr: 0.871999979019165, AccVa: 0.8205000162124634, CeTr: 0.46468260884284973, CeVa: 0.7343008518218994
Epoch: 38, AccTr: 0.8698999881744385, AccVa: 0.8305000066757202, CeTr: 0.45461133122444153, CeVa: 0.7324289679527283
Epoch: 39, AccTr: 0.8666999936103821, AccVa: 0.8134999871253967, CeTr: 0.445781946182251, CeVa: 0.706093966960907
Epoch: 40, AccTr: 0.868399977684021, AccVa: 0.824999988079071, CeTr: 0.4541076123714447, CeVa: 0.6838183999061584
ENSEMBLE | Tr_Acc: 0.9388999938964844, Tr_CE: 0.19129399955272675, Va_Acc: 0.8955000042915344, Va_CE: 0.40190407633781433
Epoch: 41, AccTr: 0.8705000281333923, AccVa: 0.8320000171661377, CeTr: 0.42936620116233826, CeVa: 0.7000898122787476
Epoch: 42, AccTr: 0.8687000274658203, AccVa: 0.824999988079071, CeTr: 0.43280479311943054, CeVa: 0.7117031812667847
Epoch: 43, AccTr: 0.8435999751091003, AccVa: 0.8134999871253967, CeTr: 0.5931138396263123, CeVa: 0.7262324690818787
Epoch: 44, AccTr: 0.8572999835014343, AccVa: 0.8130000233650208, CeTr: 0.5009270310401917, CeVa: 0.7699968218803406
Epoch: 45, AccTr: 0.8711000084877014, AccVa: 0.8065000176429749, CeTr: 0.4479733407497406, CeVa: 0.7781402468681335
ENSEMBLE | Tr_Acc: 0.9437000155448914, Tr_CE: 0.169486865401268, Va_Acc: 0.902999997138977, Va_CE: 0.376840204000473
Epoch: 46, AccTr: 0.864300012588501, AccVa: 0.8335000276565552, CeTr: 0.47232046723365784, CeVa: 0.6505024433135986
Epoch: 47, AccTr: 0.8525000214576721, AccVa: 0.8209999799728394, CeTr: 0.555079996585846, CeVa: 0.7732739448547363
Epoch: 48, AccTr: 0.8711000084877014, AccVa: 0.8245000243186951, CeTr: 0.45836111903190613, CeVa: 0.7573968172073364
Epoch: 49, AccTr: 0.8680999875068665, AccVa: 0.8314999938011169, CeTr: 0.47067728638648987, CeVa: 0.7244704961776733
Epoch: 50, AccTr: 0.8737000226974487, AccVa: 0.843999981880188, CeTr: 0.45526811480522156, CeVa: 0.7439259886741638
ENSEMBLE | Tr_Acc: 0.9498000144958496, Tr_CE: 0.15680724382400513, Va_Acc: 0.9089999794960022, Va_CE: 0.3672335147857666
Epoch: 51, AccTr: 0.8657000064849854, AccVa: 0.8240000009536743, CeTr: 0.4673731029033661, CeVa: 0.7570046782493591
Epoch: 52, AccTr: 0.8709999918937683, AccVa: 0.8205000162124634, CeTr: 0.4600282311439514, CeVa: 0.7059524655342102
Epoch: 53, AccTr: 0.8752999901771545, AccVa: 0.8215000033378601, CeTr: 0.4275861382484436, CeVa: 0.7427985668182373
Epoch: 54, AccTr: 0.8712999820709229, AccVa: 0.8299999833106995, CeTr: 0.4524327218532562, CeVa: 0.6869510412216187
Epoch: 55, AccTr: 0.8709999918937683, AccVa: 0.8255000114440918, CeTr: 0.44934433698654175, CeVa: 0.7257964611053467
ENSEMBLE | Tr_Acc: 0.954200029373169, Tr_CE: 0.1463785171508789, Va_Acc: 0.9085000157356262, Va_CE: 0.3532930016517639
Epoch: 56, AccTr: 0.8752999901771545, AccVa: 0.8399999737739563, CeTr: 0.44114476442337036, CeVa: 0.6484343409538269
Epoch: 57, AccTr: 0.8679999709129333, AccVa: 0.8345000147819519, CeTr: 0.47296029329299927, CeVa: 0.6653498411178589
Epoch: 58, AccTr: 0.8618999719619751, AccVa: 0.828499972820282, CeTr: 0.5125763416290283, CeVa: 0.738566517829895
Epoch: 59, AccTr: 0.8666999936103821, AccVa: 0.8255000114440918, CeTr: 0.4809578061103821, CeVa: 0.750580906867981
Epoch: 60, AccTr: 0.8654999732971191, AccVa: 0.8370000123977661, CeTr: 0.4729166030883789, CeVa: 0.7201156616210938
ENSEMBLE | Tr_Acc: 0.9559999704360962, Tr_CE: 0.13946618139743805, Va_Acc: 0.9154999852180481, Va_CE: 0.3383258283138275
Epoch: 61, AccTr: 0.8691999912261963, AccVa: 0.8224999904632568, CeTr: 0.4503438472747803, CeVa: 0.7149040699005127
Epoch: 62, AccTr: 0.8694999814033508, AccVa: 0.824999988079071, CeTr: 0.4794383645057678, CeVa: 0.7361124157905579
Epoch: 63, AccTr: 0.8672000169754028, AccVa: 0.8270000219345093, CeTr: 0.47035953402519226, CeVa: 0.7219614386558533
Epoch: 64, AccTr: 0.8636000156402588, AccVa: 0.8464999794960022, CeTr: 0.4809722304344177, CeVa: 0.6614767909049988
Epoch: 65, AccTr: 0.8716999888420105, AccVa: 0.828499972820282, CeTr: 0.4500184655189514, CeVa: 0.7500321269035339
ENSEMBLE | Tr_Acc: 0.9577000141143799, Tr_CE: 0.13563936948776245, Va_Acc: 0.9185000061988831, Va_CE: 0.3331206142902374
Epoch: 66, AccTr: 0.8658999800682068, AccVa: 0.8264999985694885, CeTr: 0.4744334816932678, CeVa: 0.7435954809188843
Epoch: 67, AccTr: 0.8677999973297119, AccVa: 0.8349999785423279, CeTr: 0.46061572432518005, CeVa: 0.6986714005470276
Epoch: 68, AccTr: 0.8712000250816345, AccVa: 0.8255000114440918, CeTr: 0.4317881762981415, CeVa: 0.7397221326828003
Epoch: 69, AccTr: 0.8518000245094299, AccVa: 0.8255000114440918, CeTr: 0.5359965562820435, CeVa: 0.7059889435768127
Epoch: 70, AccTr: 0.8719000220298767, AccVa: 0.8330000042915344, CeTr: 0.4439191520214081, CeVa: 0.7007502913475037
ENSEMBLE | Tr_Acc: 0.9585000276565552, Tr_CE: 0.13171282410621643, Va_Acc: 0.9179999828338623, Va_CE: 0.3251115679740906
Epoch: 71, AccTr: 0.8607000112533569, AccVa: 0.8264999985694885, CeTr: 0.4684385359287262, CeVa: 0.694338321685791
Epoch: 72, AccTr: 0.8705000281333923, AccVa: 0.8314999938011169, CeTr: 0.45196112990379333, CeVa: 0.7028348445892334
Epoch: 73, AccTr: 0.8687999844551086, AccVa: 0.8270000219345093, CeTr: 0.46027231216430664, CeVa: 0.7143698334693909
Epoch: 74, AccTr: 0.8693000078201294, AccVa: 0.828000009059906, CeTr: 0.4355231523513794, CeVa: 0.7092540264129639
Epoch: 75, AccTr: 0.864300012588501, AccVa: 0.8050000071525574, CeTr: 0.4693600535392761, CeVa: 0.7632578015327454
ENSEMBLE | Tr_Acc: 0.9591000080108643, Tr_CE: 0.13068777322769165, Va_Acc: 0.9185000061988831, Va_CE: 0.3239889144897461
Epoch: 76, AccTr: 0.8743000030517578, AccVa: 0.8234999775886536, CeTr: 0.4383509159088135, CeVa: 0.7429139614105225
Epoch: 77, AccTr: 0.8672999739646912, AccVa: 0.8119999766349792, CeTr: 0.453715980052948, CeVa: 0.763384997844696
Epoch: 78, AccTr: 0.8787999749183655, AccVa: 0.8395000100135803, CeTr: 0.4081098437309265, CeVa: 0.6608825922012329
Epoch: 79, AccTr: 0.8632000088691711, AccVa: 0.8169999718666077, CeTr: 0.5069014430046082, CeVa: 0.7981706261634827
Epoch: 80, AccTr: 0.8585000038146973, AccVa: 0.8090000152587891, CeTr: 0.495359867811203, CeVa: 0.7942063212394714
ENSEMBLE | Tr_Acc: 0.9606000185012817, Tr_CE: 0.1285775899887085, Va_Acc: 0.9190000295639038, Va_CE: 0.3213455080986023
Epoch: 81, AccTr: 0.8705999851226807, AccVa: 0.8355000019073486, CeTr: 0.4400824308395386, CeVa: 0.7120012044906616
Epoch: 82, AccTr: 0.8733000159263611, AccVa: 0.8335000276565552, CeTr: 0.44506049156188965, CeVa: 0.752557635307312
Epoch: 83, AccTr: 0.8623999953269958, AccVa: 0.8299999833106995, CeTr: 0.4838765263557434, CeVa: 0.7654105424880981
Epoch: 84, AccTr: 0.8533999919891357, AccVa: 0.8100000023841858, CeTr: 0.5361756682395935, CeVa: 0.7805166244506836
Epoch: 85, AccTr: 0.8622999787330627, AccVa: 0.8209999799728394, CeTr: 0.4969305694103241, CeVa: 0.7168496251106262
ENSEMBLE | Tr_Acc: 0.9592999815940857, Tr_CE: 0.12801799178123474, Va_Acc: 0.9194999933242798, Va_CE: 0.317507803440094
Epoch: 86, AccTr: 0.8755999803543091, AccVa: 0.8274999856948853, CeTr: 0.42761948704719543, CeVa: 0.7011507749557495
Epoch: 87, AccTr: 0.8655999898910522, AccVa: 0.8144999742507935, CeTr: 0.44989249110221863, CeVa: 0.714618980884552
Epoch: 88, AccTr: 0.8687999844551086, AccVa: 0.8355000019073486, CeTr: 0.4549562633037567, CeVa: 0.7139928340911865
Epoch: 89, AccTr: 0.8676999807357788, AccVa: 0.8289999961853027, CeTr: 0.48266127705574036, CeVa: 0.7445710897445679
Epoch: 90, AccTr: 0.8751999735832214, AccVa: 0.8299999833106995, CeTr: 0.46312564611434937, CeVa: 0.7553695440292358
ENSEMBLE | Tr_Acc: 0.9606000185012817, Tr_CE: 0.12607179582118988, Va_Acc: 0.921500027179718, Va_CE: 0.31621354818344116
Epoch: 91, AccTr: 0.8704000115394592, AccVa: 0.8240000009536743, CeTr: 0.4536047875881195, CeVa: 0.7887739539146423
Epoch: 92, AccTr: 0.8784999847412109, AccVa: 0.8190000057220459, CeTr: 0.4152925908565521, CeVa: 0.751306414604187
Epoch: 93, AccTr: 0.8702999949455261, AccVa: 0.8115000128746033, CeTr: 0.4708001911640167, CeVa: 0.7896301746368408
Epoch: 94, AccTr: 0.8684999942779541, AccVa: 0.8180000185966492, CeTr: 0.44806456565856934, CeVa: 0.7893385887145996
Epoch: 95, AccTr: 0.8669000267982483, AccVa: 0.8264999985694885, CeTr: 0.46197274327278137, CeVa: 0.7681518197059631
ENSEMBLE | Tr_Acc: 0.9616000056266785, Tr_CE: 0.12445944547653198, Va_Acc: 0.9179999828338623, Va_CE: 0.31586670875549316
Epoch: 96, AccTr: 0.8668000102043152, AccVa: 0.8270000219345093, CeTr: 0.4661847651004791, CeVa: 0.7219552993774414
Epoch: 97, AccTr: 0.8668000102043152, AccVa: 0.8309999704360962, CeTr: 0.4778303802013397, CeVa: 0.7446215748786926
Epoch: 98, AccTr: 0.8690999746322632, AccVa: 0.8034999966621399, CeTr: 0.4724973738193512, CeVa: 0.7720661759376526
Epoch: 99, AccTr: 0.8755000233650208, AccVa: 0.8234999775886536, CeTr: 0.4199887216091156, CeVa: 0.7469250559806824
Epoch: 100, AccTr: 0.8614000082015991, AccVa: 0.815500020980835, CeTr: 0.4867197275161743, CeVa: 0.7844954133033752
ENSEMBLE | Tr_Acc: 0.961899995803833, Tr_CE: 0.1232747808098793, Va_Acc: 0.9190000295639038, Va_CE: 0.316652774810791
Epoch: 101, AccTr: 0.8479999899864197, AccVa: 0.8090000152587891, CeTr: 0.535210132598877, CeVa: 0.8347785472869873
Epoch: 102, AccTr: 0.8682000041007996, AccVa: 0.8370000123977661, CeTr: 0.4908828139305115, CeVa: 0.7213627696037292
Epoch: 103, AccTr: 0.8700000047683716, AccVa: 0.8314999938011169, CeTr: 0.4618270993232727, CeVa: 0.7424700856208801
Epoch: 104, AccTr: 0.8766999840736389, AccVa: 0.8320000171661377, CeTr: 0.4319135844707489, CeVa: 0.7412270903587341
Epoch: 105, AccTr: 0.871999979019165, AccVa: 0.8345000147819519, CeTr: 0.46550965309143066, CeVa: 0.7270420789718628
ENSEMBLE | Tr_Acc: 0.9624999761581421, Tr_CE: 0.12158562988042831, Va_Acc: 0.9194999933242798, Va_CE: 0.3148963153362274
Epoch: 106, AccTr: 0.8740000128746033, AccVa: 0.8230000138282776, CeTr: 0.4371723532676697, CeVa: 0.7344064712524414
Epoch: 107, AccTr: 0.8554999828338623, AccVa: 0.828000009059906, CeTr: 0.5403361320495605, CeVa: 0.7683747410774231
Epoch: 108, AccTr: 0.864799976348877, AccVa: 0.8309999704360962, CeTr: 0.4957118034362793, CeVa: 0.7333879470825195
Epoch: 109, AccTr: 0.8568999767303467, AccVa: 0.8270000219345093, CeTr: 0.5258636474609375, CeVa: 0.7702706456184387
Epoch: 110, AccTr: 0.8675000071525574, AccVa: 0.828499972820282, CeTr: 0.48171669244766235, CeVa: 0.7252997159957886
ENSEMBLE | Tr_Acc: 0.9629999995231628, Tr_CE: 0.1214866191148758, Va_Acc: 0.9225000143051147, Va_CE: 0.31247764825820923
Epoch: 111, AccTr: 0.8733999729156494, AccVa: 0.8324999809265137, CeTr: 0.4408496618270874, CeVa: 0.6754304766654968
Epoch: 112, AccTr: 0.8586000204086304, AccVa: 0.8190000057220459, CeTr: 0.45937874913215637, CeVa: 0.7561420798301697
Epoch: 113, AccTr: 0.8618000149726868, AccVa: 0.8209999799728394, CeTr: 0.4778892695903778, CeVa: 0.6838709712028503
Epoch: 114, AccTr: 0.8741999864578247, AccVa: 0.8309999704360962, CeTr: 0.4247743785381317, CeVa: 0.722166895866394
Epoch: 115, AccTr: 0.8716999888420105, AccVa: 0.815500020980835, CeTr: 0.438328355550766, CeVa: 0.747279703617096
ENSEMBLE | Tr_Acc: 0.9631999731063843, Tr_CE: 0.11970562487840652, Va_Acc: 0.9225000143051147, Va_CE: 0.3097149431705475
Epoch: 116, AccTr: 0.8727999925613403, AccVa: 0.8379999995231628, CeTr: 0.43509453535079956, CeVa: 0.6765077710151672
Epoch: 117, AccTr: 0.8626999855041504, AccVa: 0.824999988079071, CeTr: 0.48432254791259766, CeVa: 0.7428939342498779
Epoch: 118, AccTr: 0.8687999844551086, AccVa: 0.8289999961853027, CeTr: 0.4386655390262604, CeVa: 0.7130106687545776
Epoch: 119, AccTr: 0.8551999926567078, AccVa: 0.8274999856948853, CeTr: 0.4929838478565216, CeVa: 0.7641096115112305
Epoch: 120, AccTr: 0.8669000267982483, AccVa: 0.8364999890327454, CeTr: 0.48319101333618164, CeVa: 0.7596633434295654
ENSEMBLE | Tr_Acc: 0.9624999761581421, Tr_CE: 0.11950937658548355, Va_Acc: 0.9229999780654907, Va_CE: 0.30863314867019653
Epoch: 121, AccTr: 0.8636000156402588, AccVa: 0.8330000042915344, CeTr: 0.4700157642364502, CeVa: 0.7871425151824951
Epoch: 122, AccTr: 0.8705999851226807, AccVa: 0.8339999914169312, CeTr: 0.4702233374118805, CeVa: 0.737819492816925
Epoch: 123, AccTr: 0.8748000264167786, AccVa: 0.8144999742507935, CeTr: 0.45386338233947754, CeVa: 0.8054155111312866
Epoch: 124, AccTr: 0.8676000237464905, AccVa: 0.824999988079071, CeTr: 0.4596640169620514, CeVa: 0.7767760157585144
Epoch: 125, AccTr: 0.8741999864578247, AccVa: 0.8255000114440918, CeTr: 0.4468677341938019, CeVa: 0.730255126953125
ENSEMBLE | Tr_Acc: 0.9635000228881836, Tr_CE: 0.1189202144742012, Va_Acc: 0.9235000014305115, Va_CE: 0.3062332570552826
Epoch: 126, AccTr: 0.8636999726295471, AccVa: 0.815500020980835, CeTr: 0.482160359621048, CeVa: 0.7443947792053223
Epoch: 127, AccTr: 0.879800021648407, AccVa: 0.8339999914169312, CeTr: 0.41548046469688416, CeVa: 0.6847578287124634
Epoch: 128, AccTr: 0.8539000153541565, AccVa: 0.8274999856948853, CeTr: 0.5276612043380737, CeVa: 0.7249042987823486
Epoch: 129, AccTr: 0.8598999977111816, AccVa: 0.8264999985694885, CeTr: 0.5116589069366455, CeVa: 0.7522224187850952
Epoch: 130, AccTr: 0.8762000203132629, AccVa: 0.8345000147819519, CeTr: 0.43111690878868103, CeVa: 0.6806383728981018
ENSEMBLE | Tr_Acc: 0.9642000198364258, Tr_CE: 0.11728564649820328, Va_Acc: 0.925000011920929, Va_CE: 0.301891565322876
Epoch: 131, AccTr: 0.8664000034332275, AccVa: 0.8075000047683716, CeTr: 0.5001936554908752, CeVa: 0.7853946089744568
Epoch: 132, AccTr: 0.8679999709129333, AccVa: 0.8080000281333923, CeTr: 0.4693736433982849, CeVa: 0.7983514070510864
Epoch: 133, AccTr: 0.850600004196167, AccVa: 0.8195000290870667, CeTr: 0.563938558101654, CeVa: 0.8219094276428223
Epoch: 134, AccTr: 0.8689000010490417, AccVa: 0.8234999775886536, CeTr: 0.47111260890960693, CeVa: 0.7857176661491394
Epoch: 135, AccTr: 0.858299970626831, AccVa: 0.8209999799728394, CeTr: 0.5388001203536987, CeVa: 0.7920044660568237
ENSEMBLE | Tr_Acc: 0.9642000198364258, Tr_CE: 0.11692456156015396, Va_Acc: 0.9244999885559082, Va_CE: 0.3001268208026886
Epoch: 136, AccTr: 0.866100013256073, AccVa: 0.8295000195503235, CeTr: 0.45979130268096924, CeVa: 0.7417061924934387
Epoch: 137, AccTr: 0.8569999933242798, AccVa: 0.8105000257492065, CeTr: 0.5051075220108032, CeVa: 0.8180452585220337
Epoch: 138, AccTr: 0.8784000277519226, AccVa: 0.8134999871253967, CeTr: 0.4020999073982239, CeVa: 0.7633644342422485
Epoch: 139, AccTr: 0.8659999966621399, AccVa: 0.8305000066757202, CeTr: 0.4786592721939087, CeVa: 0.7077650427818298
Epoch: 140, AccTr: 0.8691999912261963, AccVa: 0.8205000162124634, CeTr: 0.4418940544128418, CeVa: 0.7963898181915283
ENSEMBLE | Tr_Acc: 0.9649999737739563, Tr_CE: 0.11539501696825027, Va_Acc: 0.9244999885559082, Va_CE: 0.30151745676994324
Epoch: 141, AccTr: 0.8680999875068665, AccVa: 0.8385000228881836, CeTr: 0.47173231840133667, CeVa: 0.7061964273452759
Epoch: 142, AccTr: 0.8519999980926514, AccVa: 0.8115000128746033, CeTr: 0.5635613799095154, CeVa: 0.8078028559684753
Epoch: 143, AccTr: 0.8593999743461609, AccVa: 0.8274999856948853, CeTr: 0.4961790144443512, CeVa: 0.7578891515731812
Epoch: 144, AccTr: 0.8634999990463257, AccVa: 0.828499972820282, CeTr: 0.48680731654167175, CeVa: 0.7514985203742981
Epoch: 145, AccTr: 0.8600000143051147, AccVa: 0.8255000114440918, CeTr: 0.5108422636985779, CeVa: 0.7421463131904602
ENSEMBLE | Tr_Acc: 0.9639999866485596, Tr_CE: 0.11586619913578033, Va_Acc: 0.9229999780654907, Va_CE: 0.3012755811214447
Epoch: 146, AccTr: 0.8579999804496765, AccVa: 0.8165000081062317, CeTr: 0.5051319599151611, CeVa: 0.7982468008995056
Epoch: 147, AccTr: 0.863099992275238, AccVa: 0.8345000147819519, CeTr: 0.4980633854866028, CeVa: 0.7175253629684448
Epoch: 148, AccTr: 0.8707000017166138, AccVa: 0.8149999976158142, CeTr: 0.44788241386413574, CeVa: 0.8143067955970764
Epoch: 149, AccTr: 0.866599977016449, AccVa: 0.8220000267028809, CeTr: 0.456631064414978, CeVa: 0.7361447215080261
Epoch: 150, AccTr: 0.8672999739646912, AccVa: 0.8289999961853027, CeTr: 0.47121182084083557, CeVa: 0.7364673018455505
ENSEMBLE | Tr_Acc: 0.9639000296592712, Tr_CE: 0.11557396501302719, Va_Acc: 0.9240000247955322, Va_CE: 0.30069446563720703
Mod Accuracy || Mean: 0.8117499947547913	 Std: 0.017250001430511475
Ens Accuracy || Mean: 0.9244999885559082	 Std: 0.0004999935626983643
Mod CE || Mean: 0.7744297385215759	 Std: 0.03796243667602539
Ens CE || Mean: 0.2969329357147217	 Std: 0.0037615150213241577
