NN CONFIG
Weight-type:		ternary
Layout									Layer #1: 280	Layer #2: 200	
Activation Functions					Layer #1: bs	Layer #2: bs	
Keep probabilities		Layer #0: 0.99	Layer #1: 0.98	Layer #2: 0.98	
Flat factors							Layer #1: 1.0	Layer #2: 1.0	Layer #3: 1.0	
Activation Noise						Layer #1: 0.1	Layer #2: 0.1	Layer #3: 0.0	

===================================

RUN CONFIG
Epochs: 150, Blocksize: 4

===================================

Epoch: 1, AccTr: 0.8424999713897705, AccVa: 0.7990000247955322, CeTr: 0.5583942532539368, CeVa: 0.7983056902885437
Epoch: 2, AccTr: 0.8245999813079834, AccVa: 0.7975000143051147, CeTr: 0.6356044411659241, CeVa: 0.7950772643089294
Epoch: 3, AccTr: 0.8299999833106995, AccVa: 0.8144999742507935, CeTr: 0.574118971824646, CeVa: 0.7323698401451111
Epoch: 4, AccTr: 0.8510000109672546, AccVa: 0.8230000138282776, CeTr: 0.5053183436393738, CeVa: 0.7424449324607849
Epoch: 5, AccTr: 0.8396000266075134, AccVa: 0.8059999942779541, CeTr: 0.5539187788963318, CeVa: 0.7515926957130432
Epoch: 6, AccTr: 0.8482000231742859, AccVa: 0.7944999933242798, CeTr: 0.5027621388435364, CeVa: 0.7750439643859863
Epoch: 7, AccTr: 0.8396999835968018, AccVa: 0.8019999861717224, CeTr: 0.5565502047538757, CeVa: 0.7713779211044312
Epoch: 8, AccTr: 0.8593000173568726, AccVa: 0.8230000138282776, CeTr: 0.49024727940559387, CeVa: 0.7190441489219666
Epoch: 9, AccTr: 0.8554999828338623, AccVa: 0.8044999837875366, CeTr: 0.49807748198509216, CeVa: 0.75227290391922
Epoch: 10, AccTr: 0.853600025177002, AccVa: 0.8230000138282776, CeTr: 0.5010411143302917, CeVa: 0.7041388750076294
Epoch: 11, AccTr: 0.864799976348877, AccVa: 0.8224999904632568, CeTr: 0.4564912021160126, CeVa: 0.6634503602981567
Epoch: 12, AccTr: 0.8501999974250793, AccVa: 0.8004999756813049, CeTr: 0.5616488456726074, CeVa: 0.8060512542724609
Epoch: 13, AccTr: 0.8586000204086304, AccVa: 0.8220000267028809, CeTr: 0.47396841645240784, CeVa: 0.7028600573539734
Epoch: 14, AccTr: 0.8583999872207642, AccVa: 0.8215000033378601, CeTr: 0.5110336542129517, CeVa: 0.7269150614738464
Epoch: 15, AccTr: 0.8531000018119812, AccVa: 0.8245000243186951, CeTr: 0.5107624530792236, CeVa: 0.7080981731414795
Epoch: 16, AccTr: 0.8562999963760376, AccVa: 0.824999988079071, CeTr: 0.5085183382034302, CeVa: 0.684597373008728
Epoch: 17, AccTr: 0.8474000096321106, AccVa: 0.8100000023841858, CeTr: 0.5456414222717285, CeVa: 0.7962974905967712
Epoch: 18, AccTr: 0.8529000282287598, AccVa: 0.8119999766349792, CeTr: 0.474931925535202, CeVa: 0.7327451109886169
Epoch: 19, AccTr: 0.8529000282287598, AccVa: 0.8125, CeTr: 0.5019776225090027, CeVa: 0.7372468113899231
Epoch: 20, AccTr: 0.8629000186920166, AccVa: 0.8165000081062317, CeTr: 0.4536553621292114, CeVa: 0.7575461864471436
Epoch: 21, AccTr: 0.8719000220298767, AccVa: 0.809499979019165, CeTr: 0.40687793493270874, CeVa: 0.7435305118560791
Epoch: 22, AccTr: 0.8607000112533569, AccVa: 0.8255000114440918, CeTr: 0.4688642919063568, CeVa: 0.7166695594787598
Epoch: 23, AccTr: 0.8675000071525574, AccVa: 0.8314999938011169, CeTr: 0.44242939352989197, CeVa: 0.6630558967590332
Epoch: 24, AccTr: 0.8662999868392944, AccVa: 0.8119999766349792, CeTr: 0.438932329416275, CeVa: 0.723720371723175
Epoch: 25, AccTr: 0.8421000242233276, AccVa: 0.7944999933242798, CeTr: 0.5359039306640625, CeVa: 0.7845646739006042
Epoch: 26, AccTr: 0.8611000180244446, AccVa: 0.8174999952316284, CeTr: 0.45499950647354126, CeVa: 0.6527794599533081
Epoch: 27, AccTr: 0.8619999885559082, AccVa: 0.8255000114440918, CeTr: 0.46468740701675415, CeVa: 0.7376359701156616
Epoch: 28, AccTr: 0.8572999835014343, AccVa: 0.8184999823570251, CeTr: 0.4964584410190582, CeVa: 0.7458802461624146
Epoch: 29, AccTr: 0.8593000173568726, AccVa: 0.8180000185966492, CeTr: 0.49370214343070984, CeVa: 0.7681179046630859
Epoch: 30, AccTr: 0.8532000184059143, AccVa: 0.8140000104904175, CeTr: 0.5074952244758606, CeVa: 0.7374626398086548
ENSEMBLE | Tr_Acc: 0.8532000184059143, Tr_CE: 0.5074952244758606, Va_Acc: 0.8140000104904175, Va_CE: 0.7374626398086548
Epoch: 31, AccTr: 0.8535000085830688, AccVa: 0.8259999752044678, CeTr: 0.49356889724731445, CeVa: 0.7255890965461731
Epoch: 32, AccTr: 0.8633999824523926, AccVa: 0.8314999938011169, CeTr: 0.4668031334877014, CeVa: 0.6803542971611023
Epoch: 33, AccTr: 0.8737000226974487, AccVa: 0.8364999890327454, CeTr: 0.4379976689815521, CeVa: 0.6600958108901978
Epoch: 34, AccTr: 0.8593999743461609, AccVa: 0.8324999809265137, CeTr: 0.4936232566833496, CeVa: 0.655212938785553
Epoch: 35, AccTr: 0.8614000082015991, AccVa: 0.8274999856948853, CeTr: 0.473280668258667, CeVa: 0.6851517558097839
ENSEMBLE | Tr_Acc: 0.9129999876022339, Tr_CE: 0.2705470323562622, Va_Acc: 0.8709999918937683, Va_CE: 0.48119568824768066
Epoch: 36, AccTr: 0.8615999817848206, AccVa: 0.8199999928474426, CeTr: 0.48378172516822815, CeVa: 0.694827139377594
Epoch: 37, AccTr: 0.8610000014305115, AccVa: 0.8190000057220459, CeTr: 0.4788340926170349, CeVa: 0.7111347913742065
Epoch: 38, AccTr: 0.8551999926567078, AccVa: 0.8069999814033508, CeTr: 0.49160391092300415, CeVa: 0.7453390955924988
Epoch: 39, AccTr: 0.8666999936103821, AccVa: 0.8220000267028809, CeTr: 0.46690449118614197, CeVa: 0.7297953963279724
Epoch: 40, AccTr: 0.8555999994277954, AccVa: 0.8190000057220459, CeTr: 0.5057017803192139, CeVa: 0.7041791677474976
ENSEMBLE | Tr_Acc: 0.930400013923645, Tr_CE: 0.2158670872449875, Va_Acc: 0.8889999985694885, Va_CE: 0.39357754588127136
Epoch: 41, AccTr: 0.8629999756813049, AccVa: 0.8289999961853027, CeTr: 0.47557348012924194, CeVa: 0.7242683172225952
Epoch: 42, AccTr: 0.8586000204086304, AccVa: 0.8220000267028809, CeTr: 0.48329970240592957, CeVa: 0.6857613325119019
Epoch: 43, AccTr: 0.8623999953269958, AccVa: 0.8270000219345093, CeTr: 0.49200066924095154, CeVa: 0.7170911431312561
Epoch: 44, AccTr: 0.8579000234603882, AccVa: 0.8199999928474426, CeTr: 0.5139551758766174, CeVa: 0.7351510524749756
Epoch: 45, AccTr: 0.8554999828338623, AccVa: 0.824999988079071, CeTr: 0.5123299956321716, CeVa: 0.7046958208084106
ENSEMBLE | Tr_Acc: 0.9372000098228455, Tr_CE: 0.19311264157295227, Va_Acc: 0.9020000100135803, Va_CE: 0.35620859265327454
Epoch: 46, AccTr: 0.8443999886512756, AccVa: 0.8220000267028809, CeTr: 0.5410448908805847, CeVa: 0.7613983154296875
Epoch: 47, AccTr: 0.8555999994277954, AccVa: 0.809499979019165, CeTr: 0.491303414106369, CeVa: 0.7495062947273254
Epoch: 48, AccTr: 0.8539999723434448, AccVa: 0.815500020980835, CeTr: 0.5128130912780762, CeVa: 0.6992149949073792
Epoch: 49, AccTr: 0.864799976348877, AccVa: 0.8224999904632568, CeTr: 0.4742942452430725, CeVa: 0.699433445930481
Epoch: 50, AccTr: 0.8565999865531921, AccVa: 0.8270000219345093, CeTr: 0.47074657678604126, CeVa: 0.7030153870582581
ENSEMBLE | Tr_Acc: 0.9426000118255615, Tr_CE: 0.17588427662849426, Va_Acc: 0.9085000157356262, Va_CE: 0.33708643913269043
Epoch: 51, AccTr: 0.8611000180244446, AccVa: 0.8174999952316284, CeTr: 0.4819270372390747, CeVa: 0.685554563999176
Epoch: 52, AccTr: 0.8669999837875366, AccVa: 0.8184999823570251, CeTr: 0.46353912353515625, CeVa: 0.7096381187438965
Epoch: 53, AccTr: 0.8560000061988831, AccVa: 0.8209999799728394, CeTr: 0.4888606071472168, CeVa: 0.7574997544288635
Epoch: 54, AccTr: 0.8605999946594238, AccVa: 0.8054999709129333, CeTr: 0.482742041349411, CeVa: 0.793746292591095
Epoch: 55, AccTr: 0.8600000143051147, AccVa: 0.8270000219345093, CeTr: 0.47018465399742126, CeVa: 0.7129078507423401
ENSEMBLE | Tr_Acc: 0.9459999799728394, Tr_CE: 0.16281765699386597, Va_Acc: 0.9129999876022339, Va_CE: 0.32215461134910583
Epoch: 56, AccTr: 0.863099992275238, AccVa: 0.8364999890327454, CeTr: 0.47776395082473755, CeVa: 0.6642885804176331
Epoch: 57, AccTr: 0.8600000143051147, AccVa: 0.8215000033378601, CeTr: 0.4906238317489624, CeVa: 0.6945084929466248
Epoch: 58, AccTr: 0.8648999929428101, AccVa: 0.8230000138282776, CeTr: 0.4556731581687927, CeVa: 0.7016586065292358
Epoch: 59, AccTr: 0.8431000113487244, AccVa: 0.809499979019165, CeTr: 0.5371395945549011, CeVa: 0.7234941124916077
Epoch: 60, AccTr: 0.8547000288963318, AccVa: 0.8115000128746033, CeTr: 0.5029084086418152, CeVa: 0.7113157510757446
ENSEMBLE | Tr_Acc: 0.9495000243186951, Tr_CE: 0.15786537528038025, Va_Acc: 0.9200000166893005, Va_CE: 0.3101925849914551
Epoch: 61, AccTr: 0.850600004196167, AccVa: 0.8140000104904175, CeTr: 0.5194274187088013, CeVa: 0.7171028256416321
Epoch: 62, AccTr: 0.8676999807357788, AccVa: 0.8264999985694885, CeTr: 0.45630019903182983, CeVa: 0.6523935198783875
Epoch: 63, AccTr: 0.8619999885559082, AccVa: 0.8240000009536743, CeTr: 0.4530346691608429, CeVa: 0.6864874362945557
Epoch: 64, AccTr: 0.8514999747276306, AccVa: 0.8184999823570251, CeTr: 0.5045594573020935, CeVa: 0.7113689184188843
Epoch: 65, AccTr: 0.8607000112533569, AccVa: 0.8270000219345093, CeTr: 0.48083022236824036, CeVa: 0.6811400055885315
ENSEMBLE | Tr_Acc: 0.9524999856948853, Tr_CE: 0.1509082168340683, Va_Acc: 0.9164999723434448, Va_CE: 0.3020678758621216
Epoch: 66, AccTr: 0.864799976348877, AccVa: 0.8134999871253967, CeTr: 0.46180713176727295, CeVa: 0.7385002970695496
Epoch: 67, AccTr: 0.8629999756813049, AccVa: 0.8339999914169312, CeTr: 0.4784495234489441, CeVa: 0.7015946507453918
Epoch: 68, AccTr: 0.8640999794006348, AccVa: 0.8109999895095825, CeTr: 0.47310927510261536, CeVa: 0.7065525650978088
Epoch: 69, AccTr: 0.859499990940094, AccVa: 0.828000009059906, CeTr: 0.5008142590522766, CeVa: 0.6973292231559753
Epoch: 70, AccTr: 0.864799976348877, AccVa: 0.8289999961853027, CeTr: 0.4595808982849121, CeVa: 0.6504027247428894
ENSEMBLE | Tr_Acc: 0.9546999931335449, Tr_CE: 0.14504340291023254, Va_Acc: 0.9175000190734863, Va_CE: 0.291348934173584
Epoch: 71, AccTr: 0.8598999977111816, AccVa: 0.8220000267028809, CeTr: 0.4779684543609619, CeVa: 0.7027867436408997
Epoch: 72, AccTr: 0.8557999730110168, AccVa: 0.8190000057220459, CeTr: 0.4938477575778961, CeVa: 0.7138349413871765
Epoch: 73, AccTr: 0.855400025844574, AccVa: 0.8075000047683716, CeTr: 0.50541090965271, CeVa: 0.7429447770118713
Epoch: 74, AccTr: 0.8637999892234802, AccVa: 0.8190000057220459, CeTr: 0.43986231088638306, CeVa: 0.6942367553710938
Epoch: 75, AccTr: 0.8629999756813049, AccVa: 0.8169999718666077, CeTr: 0.5060119032859802, CeVa: 0.7923731207847595
ENSEMBLE | Tr_Acc: 0.9557999968528748, Tr_CE: 0.14296254515647888, Va_Acc: 0.9194999933242798, Va_CE: 0.29185688495635986
Epoch: 76, AccTr: 0.8619999885559082, AccVa: 0.8174999952316284, CeTr: 0.47844502329826355, CeVa: 0.7431359887123108
Epoch: 77, AccTr: 0.8694999814033508, AccVa: 0.8144999742507935, CeTr: 0.43369242548942566, CeVa: 0.7353869676589966
Epoch: 78, AccTr: 0.8514000177383423, AccVa: 0.8205000162124634, CeTr: 0.5046585202217102, CeVa: 0.7424653768539429
Epoch: 79, AccTr: 0.8519999980926514, AccVa: 0.8159999847412109, CeTr: 0.5360974669456482, CeVa: 0.7868215441703796
Epoch: 80, AccTr: 0.8640000224113464, AccVa: 0.815500020980835, CeTr: 0.4527186155319214, CeVa: 0.705124020576477
ENSEMBLE | Tr_Acc: 0.9557999968528748, Tr_CE: 0.1384640336036682, Va_Acc: 0.9185000061988831, Va_CE: 0.29107534885406494
Epoch: 81, AccTr: 0.8611999750137329, AccVa: 0.8100000023841858, CeTr: 0.4666602611541748, CeVa: 0.7559728026390076
Epoch: 82, AccTr: 0.8575999736785889, AccVa: 0.8125, CeTr: 0.49713388085365295, CeVa: 0.7502779364585876
Epoch: 83, AccTr: 0.8741000294685364, AccVa: 0.8255000114440918, CeTr: 0.44248491525650024, CeVa: 0.6667441129684448
Epoch: 84, AccTr: 0.8658000230789185, AccVa: 0.8335000276565552, CeTr: 0.45221903920173645, CeVa: 0.6856974959373474
Epoch: 85, AccTr: 0.8654999732971191, AccVa: 0.828000009059906, CeTr: 0.44856026768684387, CeVa: 0.6920953989028931
ENSEMBLE | Tr_Acc: 0.9570000171661377, Tr_CE: 0.13575614988803864, Va_Acc: 0.9169999957084656, Va_CE: 0.2889678478240967
Epoch: 86, AccTr: 0.8662999868392944, AccVa: 0.8305000066757202, CeTr: 0.45010003447532654, CeVa: 0.7066139578819275
Epoch: 87, AccTr: 0.8675000071525574, AccVa: 0.8234999775886536, CeTr: 0.4527619481086731, CeVa: 0.6892621517181396
Epoch: 88, AccTr: 0.8561000227928162, AccVa: 0.815500020980835, CeTr: 0.4830228388309479, CeVa: 0.746846616268158
Epoch: 89, AccTr: 0.8607000112533569, AccVa: 0.8169999718666077, CeTr: 0.47608858346939087, CeVa: 0.6869422793388367
Epoch: 90, AccTr: 0.8604999780654907, AccVa: 0.8134999871253967, CeTr: 0.473175972700119, CeVa: 0.7295822501182556
ENSEMBLE | Tr_Acc: 0.958299994468689, Tr_CE: 0.13383394479751587, Va_Acc: 0.9190000295639038, Va_CE: 0.2867394685745239
Epoch: 91, AccTr: 0.8711000084877014, AccVa: 0.8215000033378601, CeTr: 0.4382255971431732, CeVa: 0.6917216777801514
Epoch: 92, AccTr: 0.8518000245094299, AccVa: 0.8230000138282776, CeTr: 0.52613365650177, CeVa: 0.6664261817932129
Epoch: 93, AccTr: 0.8661999702453613, AccVa: 0.8224999904632568, CeTr: 0.4521305561065674, CeVa: 0.7116212844848633
Epoch: 94, AccTr: 0.8752999901771545, AccVa: 0.8324999809265137, CeTr: 0.423067569732666, CeVa: 0.6453319787979126
Epoch: 95, AccTr: 0.8616999983787537, AccVa: 0.8255000114440918, CeTr: 0.4849521517753601, CeVa: 0.7196396589279175
ENSEMBLE | Tr_Acc: 0.9574000239372253, Tr_CE: 0.13187682628631592, Va_Acc: 0.921500027179718, Va_CE: 0.28498682379722595
Epoch: 96, AccTr: 0.8702999949455261, AccVa: 0.8309999704360962, CeTr: 0.4437958896160126, CeVa: 0.6577866077423096
Epoch: 97, AccTr: 0.8730999827384949, AccVa: 0.8205000162124634, CeTr: 0.4266055226325989, CeVa: 0.7019569277763367
Epoch: 98, AccTr: 0.8593999743461609, AccVa: 0.8230000138282776, CeTr: 0.48558780550956726, CeVa: 0.6767810583114624
Epoch: 99, AccTr: 0.8633000254631042, AccVa: 0.8399999737739563, CeTr: 0.4764549732208252, CeVa: 0.674071729183197
Epoch: 100, AccTr: 0.8666999936103821, AccVa: 0.8184999823570251, CeTr: 0.45322510600090027, CeVa: 0.6934494972229004
ENSEMBLE | Tr_Acc: 0.9562000036239624, Tr_CE: 0.13045255839824677, Va_Acc: 0.921999990940094, Va_CE: 0.2829281985759735
Epoch: 101, AccTr: 0.8641999959945679, AccVa: 0.8259999752044678, CeTr: 0.4691220223903656, CeVa: 0.7037289142608643
Epoch: 102, AccTr: 0.86080002784729, AccVa: 0.8130000233650208, CeTr: 0.468641459941864, CeVa: 0.7378959059715271
Epoch: 103, AccTr: 0.8644999861717224, AccVa: 0.8199999928474426, CeTr: 0.46028798818588257, CeVa: 0.7413736581802368
Epoch: 104, AccTr: 0.8704000115394592, AccVa: 0.8264999985694885, CeTr: 0.44622188806533813, CeVa: 0.6812594532966614
Epoch: 105, AccTr: 0.8537999987602234, AccVa: 0.8209999799728394, CeTr: 0.5222423076629639, CeVa: 0.7466552257537842
ENSEMBLE | Tr_Acc: 0.9577000141143799, Tr_CE: 0.1304009109735489, Va_Acc: 0.9200000166893005, Va_CE: 0.2826909124851227
Epoch: 106, AccTr: 0.8691999912261963, AccVa: 0.8240000009536743, CeTr: 0.458683580160141, CeVa: 0.7265228033065796
Epoch: 107, AccTr: 0.8673999905586243, AccVa: 0.8259999752044678, CeTr: 0.4519723057746887, CeVa: 0.7252708077430725
Epoch: 108, AccTr: 0.8600999712944031, AccVa: 0.8084999918937683, CeTr: 0.5015369653701782, CeVa: 0.7356775999069214
Epoch: 109, AccTr: 0.8726000189781189, AccVa: 0.8215000033378601, CeTr: 0.44569867849349976, CeVa: 0.7363115549087524
Epoch: 110, AccTr: 0.8593000173568726, AccVa: 0.8134999871253967, CeTr: 0.5065103769302368, CeVa: 0.739599347114563
ENSEMBLE | Tr_Acc: 0.9575999975204468, Tr_CE: 0.1305711567401886, Va_Acc: 0.9204999804496765, Va_CE: 0.2821575105190277
Epoch: 111, AccTr: 0.8718000054359436, AccVa: 0.8309999704360962, CeTr: 0.44132930040359497, CeVa: 0.7235326766967773
Epoch: 112, AccTr: 0.8650000095367432, AccVa: 0.8205000162124634, CeTr: 0.46278882026672363, CeVa: 0.7149743437767029
Epoch: 113, AccTr: 0.8648999929428101, AccVa: 0.8270000219345093, CeTr: 0.4671071171760559, CeVa: 0.7227252721786499
Epoch: 114, AccTr: 0.8704000115394592, AccVa: 0.8330000042915344, CeTr: 0.44357895851135254, CeVa: 0.6803825497627258
Epoch: 115, AccTr: 0.8543000221252441, AccVa: 0.8209999799728394, CeTr: 0.5156024098396301, CeVa: 0.7035406231880188
ENSEMBLE | Tr_Acc: 0.9578999876976013, Tr_CE: 0.12978433072566986, Va_Acc: 0.9179999828338623, Va_CE: 0.28011205792427063
Epoch: 116, AccTr: 0.8632000088691711, AccVa: 0.8349999785423279, CeTr: 0.48548516631126404, CeVa: 0.6952923536300659
Epoch: 117, AccTr: 0.8729000091552734, AccVa: 0.8209999799728394, CeTr: 0.4354611337184906, CeVa: 0.6986677646636963
Epoch: 118, AccTr: 0.8715999722480774, AccVa: 0.8190000057220459, CeTr: 0.4153745472431183, CeVa: 0.7353562116622925
Epoch: 119, AccTr: 0.8622000217437744, AccVa: 0.8270000219345093, CeTr: 0.47459912300109863, CeVa: 0.7213444709777832
Epoch: 120, AccTr: 0.8537999987602234, AccVa: 0.809499979019165, CeTr: 0.5416240096092224, CeVa: 0.7449753880500793
ENSEMBLE | Tr_Acc: 0.958299994468689, Tr_CE: 0.13019207119941711, Va_Acc: 0.9190000295639038, Va_CE: 0.2796860337257385
Epoch: 121, AccTr: 0.8684999942779541, AccVa: 0.8205000162124634, CeTr: 0.4447418451309204, CeVa: 0.7240197062492371
Epoch: 122, AccTr: 0.8607000112533569, AccVa: 0.8224999904632568, CeTr: 0.4676990211009979, CeVa: 0.6896367073059082
Epoch: 123, AccTr: 0.8730000257492065, AccVa: 0.8245000243186951, CeTr: 0.4312885105609894, CeVa: 0.7412388920783997
Epoch: 124, AccTr: 0.871999979019165, AccVa: 0.8270000219345093, CeTr: 0.4556812644004822, CeVa: 0.7159597873687744
Epoch: 125, AccTr: 0.8583999872207642, AccVa: 0.8165000081062317, CeTr: 0.5203258991241455, CeVa: 0.7422087788581848
ENSEMBLE | Tr_Acc: 0.9581000208854675, Tr_CE: 0.12988382577896118, Va_Acc: 0.9204999804496765, Va_CE: 0.28012359142303467
Epoch: 126, AccTr: 0.8600000143051147, AccVa: 0.8215000033378601, CeTr: 0.49497276544570923, CeVa: 0.7258279323577881
Epoch: 127, AccTr: 0.8682000041007996, AccVa: 0.8215000033378601, CeTr: 0.4484754502773285, CeVa: 0.6749110817909241
Epoch: 128, AccTr: 0.8639000058174133, AccVa: 0.8174999952316284, CeTr: 0.46572110056877136, CeVa: 0.7281922698020935
Epoch: 129, AccTr: 0.8503999710083008, AccVa: 0.8044999837875366, CeTr: 0.5498472452163696, CeVa: 0.7708110809326172
Epoch: 130, AccTr: 0.854200005531311, AccVa: 0.8159999847412109, CeTr: 0.5200384259223938, CeVa: 0.7655545473098755
ENSEMBLE | Tr_Acc: 0.9578999876976013, Tr_CE: 0.13051429390907288, Va_Acc: 0.9204999804496765, Va_CE: 0.27984777092933655
Epoch: 131, AccTr: 0.86080002784729, AccVa: 0.8184999823570251, CeTr: 0.4918583035469055, CeVa: 0.7222254872322083
Epoch: 132, AccTr: 0.8549000024795532, AccVa: 0.8105000257492065, CeTr: 0.5157925486564636, CeVa: 0.7467048764228821
Epoch: 133, AccTr: 0.8705999851226807, AccVa: 0.8259999752044678, CeTr: 0.43823951482772827, CeVa: 0.6742162108421326
Epoch: 134, AccTr: 0.8580999970436096, AccVa: 0.8169999718666077, CeTr: 0.5052191615104675, CeVa: 0.7711531519889832
Epoch: 135, AccTr: 0.8646000027656555, AccVa: 0.8165000081062317, CeTr: 0.46246063709259033, CeVa: 0.7915820479393005
ENSEMBLE | Tr_Acc: 0.9578999876976013, Tr_CE: 0.12932337820529938, Va_Acc: 0.9225000143051147, Va_CE: 0.2794300615787506
Epoch: 136, AccTr: 0.8684999942779541, AccVa: 0.8199999928474426, CeTr: 0.42910122871398926, CeVa: 0.6949501633644104
Epoch: 137, AccTr: 0.8637999892234802, AccVa: 0.8230000138282776, CeTr: 0.4711589217185974, CeVa: 0.7819949984550476
Epoch: 138, AccTr: 0.8633000254631042, AccVa: 0.8234999775886536, CeTr: 0.4897391200065613, CeVa: 0.7556853294372559
Epoch: 139, AccTr: 0.8555999994277954, AccVa: 0.8144999742507935, CeTr: 0.4875537157058716, CeVa: 0.7475278377532959
Epoch: 140, AccTr: 0.8604000210762024, AccVa: 0.8184999823570251, CeTr: 0.4665537178516388, CeVa: 0.7188718914985657
ENSEMBLE | Tr_Acc: 0.9575999975204468, Tr_CE: 0.1286819726228714, Va_Acc: 0.9225000143051147, Va_CE: 0.2787453234195709
Epoch: 141, AccTr: 0.8797000050544739, AccVa: 0.8339999914169312, CeTr: 0.43686094880104065, CeVa: 0.6683318018913269
Epoch: 142, AccTr: 0.8665000200271606, AccVa: 0.8324999809265137, CeTr: 0.4471239149570465, CeVa: 0.6855393052101135
Epoch: 143, AccTr: 0.8633999824523926, AccVa: 0.8230000138282776, CeTr: 0.47109341621398926, CeVa: 0.7077450752258301
Epoch: 144, AccTr: 0.8705999851226807, AccVa: 0.8230000138282776, CeTr: 0.45947861671447754, CeVa: 0.7206999063491821
Epoch: 145, AccTr: 0.854200005531311, AccVa: 0.8130000233650208, CeTr: 0.5166937708854675, CeVa: 0.7700480818748474
ENSEMBLE | Tr_Acc: 0.9575999975204468, Tr_CE: 0.1286747306585312, Va_Acc: 0.921999990940094, Va_CE: 0.27895382046699524
Epoch: 146, AccTr: 0.8646000027656555, AccVa: 0.828000009059906, CeTr: 0.46476972103118896, CeVa: 0.6820485591888428
Epoch: 147, AccTr: 0.855400025844574, AccVa: 0.8234999775886536, CeTr: 0.5190318822860718, CeVa: 0.7437614798545837
Epoch: 148, AccTr: 0.8626999855041504, AccVa: 0.8220000267028809, CeTr: 0.46609580516815186, CeVa: 0.7257999181747437
Epoch: 149, AccTr: 0.8593999743461609, AccVa: 0.8209999799728394, CeTr: 0.49186834692955017, CeVa: 0.7288635969161987
Epoch: 150, AccTr: 0.8600999712944031, AccVa: 0.8259999752044678, CeTr: 0.4845476448535919, CeVa: 0.7288801074028015
ENSEMBLE | Tr_Acc: 0.9577000141143799, Tr_CE: 0.12813931703567505, Va_Acc: 0.9210000038146973, Va_CE: 0.27879974246025085
NN CONFIG
Weight-type:		ternary
Layout									Layer #1: 280	Layer #2: 200	
Activation Functions					Layer #1: bs	Layer #2: bs	
Keep probabilities		Layer #0: 0.99	Layer #1: 0.98	Layer #2: 0.98	
Flat factors							Layer #1: 1.0	Layer #2: 1.0	Layer #3: 1.0	
Activation Noise						Layer #1: 0.1	Layer #2: 0.1	Layer #3: 0.0	

===================================

RUN CONFIG
Epochs: 150, Blocksize: 4

===================================

Epoch: 1, AccTr: 0.8560000061988831, AccVa: 0.8080000281333923, CeTr: 0.49050772190093994, CeVa: 0.7770566344261169
Epoch: 2, AccTr: 0.8730000257492065, AccVa: 0.8385000228881836, CeTr: 0.44307494163513184, CeVa: 0.6496514081954956
Epoch: 3, AccTr: 0.8610000014305115, AccVa: 0.8264999985694885, CeTr: 0.4943624436855316, CeVa: 0.694171130657196
Epoch: 4, AccTr: 0.861299991607666, AccVa: 0.840499997138977, CeTr: 0.4907197654247284, CeVa: 0.6835134625434875
Epoch: 5, AccTr: 0.864799976348877, AccVa: 0.8309999704360962, CeTr: 0.4692838490009308, CeVa: 0.6929717659950256
Epoch: 6, AccTr: 0.8651999831199646, AccVa: 0.8209999799728394, CeTr: 0.4653695225715637, CeVa: 0.6914196610450745
Epoch: 7, AccTr: 0.8626000285148621, AccVa: 0.8159999847412109, CeTr: 0.47795215249061584, CeVa: 0.6773572564125061
Epoch: 8, AccTr: 0.8565999865531921, AccVa: 0.8165000081062317, CeTr: 0.4845220148563385, CeVa: 0.6981935501098633
Epoch: 9, AccTr: 0.848800003528595, AccVa: 0.8134999871253967, CeTr: 0.5447235107421875, CeVa: 0.7452430129051208
Epoch: 10, AccTr: 0.8622999787330627, AccVa: 0.8159999847412109, CeTr: 0.46532753109931946, CeVa: 0.7316586971282959
Epoch: 11, AccTr: 0.8600999712944031, AccVa: 0.824999988079071, CeTr: 0.4947957396507263, CeVa: 0.7334423065185547
Epoch: 12, AccTr: 0.8633999824523926, AccVa: 0.8224999904632568, CeTr: 0.4718596637248993, CeVa: 0.7101760506629944
Epoch: 13, AccTr: 0.850600004196167, AccVa: 0.8084999918937683, CeTr: 0.4959011673927307, CeVa: 0.7545470595359802
Epoch: 14, AccTr: 0.8687999844551086, AccVa: 0.8414999842643738, CeTr: 0.45221641659736633, CeVa: 0.6833736896514893
Epoch: 15, AccTr: 0.8715000152587891, AccVa: 0.8320000171661377, CeTr: 0.436784952878952, CeVa: 0.6730533242225647
Epoch: 16, AccTr: 0.8578000068664551, AccVa: 0.8205000162124634, CeTr: 0.5135482549667358, CeVa: 0.7012763619422913
Epoch: 17, AccTr: 0.8636000156402588, AccVa: 0.8119999766349792, CeTr: 0.4741308093070984, CeVa: 0.7287870645523071
Epoch: 18, AccTr: 0.8655999898910522, AccVa: 0.8264999985694885, CeTr: 0.4474705457687378, CeVa: 0.6892043352127075
Epoch: 19, AccTr: 0.8693000078201294, AccVa: 0.8314999938011169, CeTr: 0.45383697748184204, CeVa: 0.6930007934570312
Epoch: 20, AccTr: 0.869700014591217, AccVa: 0.8059999942779541, CeTr: 0.4275707006454468, CeVa: 0.7514466643333435
Epoch: 21, AccTr: 0.8723999857902527, AccVa: 0.8199999928474426, CeTr: 0.45233428478240967, CeVa: 0.7166333198547363
Epoch: 22, AccTr: 0.8641999959945679, AccVa: 0.8205000162124634, CeTr: 0.44809532165527344, CeVa: 0.7382964491844177
Epoch: 23, AccTr: 0.8551999926567078, AccVa: 0.8174999952316284, CeTr: 0.4904756247997284, CeVa: 0.7123954892158508
Epoch: 24, AccTr: 0.8751000165939331, AccVa: 0.8264999985694885, CeTr: 0.4201679825782776, CeVa: 0.6907075643539429
Epoch: 25, AccTr: 0.8640999794006348, AccVa: 0.8174999952316284, CeTr: 0.45377305150032043, CeVa: 0.7407566905021667
Epoch: 26, AccTr: 0.8633999824523926, AccVa: 0.828499972820282, CeTr: 0.4601432979106903, CeVa: 0.7365397810935974
Epoch: 27, AccTr: 0.8503000140190125, AccVa: 0.8109999895095825, CeTr: 0.5386440753936768, CeVa: 0.7845879197120667
Epoch: 28, AccTr: 0.8644999861717224, AccVa: 0.8230000138282776, CeTr: 0.4392487406730652, CeVa: 0.7015695571899414
Epoch: 29, AccTr: 0.8564000129699707, AccVa: 0.8169999718666077, CeTr: 0.4615592658519745, CeVa: 0.7385168671607971
Epoch: 30, AccTr: 0.8736000061035156, AccVa: 0.8169999718666077, CeTr: 0.42876991629600525, CeVa: 0.7550330758094788
ENSEMBLE | Tr_Acc: 0.8736000061035156, Tr_CE: 0.42876991629600525, Va_Acc: 0.8169999718666077, Va_CE: 0.7550330758094788
Epoch: 31, AccTr: 0.8605999946594238, AccVa: 0.8209999799728394, CeTr: 0.5117847919464111, CeVa: 0.7412096261978149
Epoch: 32, AccTr: 0.8664000034332275, AccVa: 0.8259999752044678, CeTr: 0.472687691450119, CeVa: 0.7455655336380005
Epoch: 33, AccTr: 0.8763999938964844, AccVa: 0.8274999856948853, CeTr: 0.410799115896225, CeVa: 0.7472884654998779
Epoch: 34, AccTr: 0.869700014591217, AccVa: 0.8320000171661377, CeTr: 0.4523078203201294, CeVa: 0.6916611194610596
Epoch: 35, AccTr: 0.8700000047683716, AccVa: 0.8330000042915344, CeTr: 0.4446633756160736, CeVa: 0.6780927181243896
ENSEMBLE | Tr_Acc: 0.9235000014305115, Tr_CE: 0.24044670164585114, Va_Acc: 0.8759999871253967, Va_CE: 0.49356743693351746
Epoch: 36, AccTr: 0.870199978351593, AccVa: 0.8224999904632568, CeTr: 0.44581279158592224, CeVa: 0.7423068881034851
Epoch: 37, AccTr: 0.8655999898910522, AccVa: 0.8190000057220459, CeTr: 0.46086493134498596, CeVa: 0.7206889986991882
Epoch: 38, AccTr: 0.8691999912261963, AccVa: 0.8324999809265137, CeTr: 0.46283891797065735, CeVa: 0.6633833646774292
Epoch: 39, AccTr: 0.868399977684021, AccVa: 0.8355000019073486, CeTr: 0.46464598178863525, CeVa: 0.6660128831863403
Epoch: 40, AccTr: 0.8574000000953674, AccVa: 0.828499972820282, CeTr: 0.509547770023346, CeVa: 0.7087704539299011
ENSEMBLE | Tr_Acc: 0.9341999888420105, Tr_CE: 0.2020798772573471, Va_Acc: 0.8920000195503235, Va_CE: 0.4094804525375366
Epoch: 41, AccTr: 0.8677999973297119, AccVa: 0.8349999785423279, CeTr: 0.46988925337791443, CeVa: 0.6752014756202698
Epoch: 42, AccTr: 0.8751999735832214, AccVa: 0.828499972820282, CeTr: 0.4333694875240326, CeVa: 0.6701411008834839
Epoch: 43, AccTr: 0.8702999949455261, AccVa: 0.828000009059906, CeTr: 0.440397173166275, CeVa: 0.6539410948753357
Epoch: 44, AccTr: 0.8550000190734863, AccVa: 0.8174999952316284, CeTr: 0.5215100049972534, CeVa: 0.7329485416412354
Epoch: 45, AccTr: 0.8701000213623047, AccVa: 0.8115000128746033, CeTr: 0.45526987314224243, CeVa: 0.724723756313324
ENSEMBLE | Tr_Acc: 0.9438999891281128, Tr_CE: 0.17460797727108002, Va_Acc: 0.8960000276565552, Va_CE: 0.3727473318576813
Epoch: 46, AccTr: 0.8618000149726868, AccVa: 0.8309999704360962, CeTr: 0.4763772487640381, CeVa: 0.7071587443351746
Epoch: 47, AccTr: 0.8634999990463257, AccVa: 0.8230000138282776, CeTr: 0.4699137806892395, CeVa: 0.7484616041183472
Epoch: 48, AccTr: 0.8555999994277954, AccVa: 0.8309999704360962, CeTr: 0.4783186614513397, CeVa: 0.7129237055778503
Epoch: 49, AccTr: 0.8687999844551086, AccVa: 0.8245000243186951, CeTr: 0.4768199622631073, CeVa: 0.7072084546089172
Epoch: 50, AccTr: 0.8544999957084656, AccVa: 0.8034999966621399, CeTr: 0.5116791725158691, CeVa: 0.8519914150238037
ENSEMBLE | Tr_Acc: 0.9487000107765198, Tr_CE: 0.1643032729625702, Va_Acc: 0.9020000100135803, Va_CE: 0.3601006865501404
Epoch: 51, AccTr: 0.8633000254631042, AccVa: 0.8215000033378601, CeTr: 0.43911221623420715, CeVa: 0.7165770530700684
Epoch: 52, AccTr: 0.8621000051498413, AccVa: 0.8180000185966492, CeTr: 0.48150634765625, CeVa: 0.7223840951919556
Epoch: 53, AccTr: 0.8586999773979187, AccVa: 0.828499972820282, CeTr: 0.496747761964798, CeVa: 0.6913619637489319
Epoch: 54, AccTr: 0.8664000034332275, AccVa: 0.8180000185966492, CeTr: 0.44605371356010437, CeVa: 0.7311077117919922
Epoch: 55, AccTr: 0.8654000163078308, AccVa: 0.8224999904632568, CeTr: 0.4684593677520752, CeVa: 0.6895240545272827
ENSEMBLE | Tr_Acc: 0.9517999887466431, Tr_CE: 0.1536688506603241, Va_Acc: 0.906499981880188, Va_CE: 0.3418433368206024
Epoch: 56, AccTr: 0.866100013256073, AccVa: 0.8169999718666077, CeTr: 0.4492717683315277, CeVa: 0.6978859305381775
Epoch: 57, AccTr: 0.8711000084877014, AccVa: 0.8330000042915344, CeTr: 0.4607585370540619, CeVa: 0.6785692572593689
Epoch: 58, AccTr: 0.8616999983787537, AccVa: 0.824999988079071, CeTr: 0.5044068098068237, CeVa: 0.7235144972801208
Epoch: 59, AccTr: 0.8661999702453613, AccVa: 0.828000009059906, CeTr: 0.4545992612838745, CeVa: 0.6753415465354919
Epoch: 60, AccTr: 0.8569999933242798, AccVa: 0.8190000057220459, CeTr: 0.49720096588134766, CeVa: 0.7442541122436523
ENSEMBLE | Tr_Acc: 0.9531000256538391, Tr_CE: 0.14816097915172577, Va_Acc: 0.9100000262260437, Va_CE: 0.33524811267852783
Epoch: 61, AccTr: 0.8730999827384949, AccVa: 0.8190000057220459, CeTr: 0.4221404194831848, CeVa: 0.7095035314559937
Epoch: 62, AccTr: 0.8658000230789185, AccVa: 0.8339999914169312, CeTr: 0.4613262712955475, CeVa: 0.6458548903465271
Epoch: 63, AccTr: 0.8673999905586243, AccVa: 0.824999988079071, CeTr: 0.4828857481479645, CeVa: 0.7271506786346436
Epoch: 64, AccTr: 0.8639000058174133, AccVa: 0.8220000267028809, CeTr: 0.462451308965683, CeVa: 0.6915482878684998
Epoch: 65, AccTr: 0.8783000111579895, AccVa: 0.8264999985694885, CeTr: 0.4491112232208252, CeVa: 0.7507103085517883
ENSEMBLE | Tr_Acc: 0.9545999765396118, Tr_CE: 0.1438997983932495, Va_Acc: 0.906000018119812, Va_CE: 0.3334871232509613
Epoch: 66, AccTr: 0.8755999803543091, AccVa: 0.8264999985694885, CeTr: 0.4170979857444763, CeVa: 0.6934975385665894
Epoch: 67, AccTr: 0.8689000010490417, AccVa: 0.8264999985694885, CeTr: 0.491546094417572, CeVa: 0.702866792678833
Epoch: 68, AccTr: 0.8662999868392944, AccVa: 0.8385000228881836, CeTr: 0.4732036590576172, CeVa: 0.6612961888313293
Epoch: 69, AccTr: 0.8787000179290771, AccVa: 0.8370000123977661, CeTr: 0.4191385805606842, CeVa: 0.6882845163345337
Epoch: 70, AccTr: 0.8655999898910522, AccVa: 0.828499972820282, CeTr: 0.47619950771331787, CeVa: 0.6980193257331848
ENSEMBLE | Tr_Acc: 0.9555000066757202, Tr_CE: 0.1415281742811203, Va_Acc: 0.9129999876022339, Va_CE: 0.32625463604927063
Epoch: 71, AccTr: 0.8737000226974487, AccVa: 0.8220000267028809, CeTr: 0.4303474724292755, CeVa: 0.7082895636558533
Epoch: 72, AccTr: 0.8774999976158142, AccVa: 0.8370000123977661, CeTr: 0.4346233904361725, CeVa: 0.6569528579711914
Epoch: 73, AccTr: 0.8676999807357788, AccVa: 0.8339999914169312, CeTr: 0.48522889614105225, CeVa: 0.6894769072532654
Epoch: 74, AccTr: 0.8745999932289124, AccVa: 0.8489999771118164, CeTr: 0.4341456890106201, CeVa: 0.6932860612869263
Epoch: 75, AccTr: 0.8626999855041504, AccVa: 0.8274999856948853, CeTr: 0.5136997103691101, CeVa: 0.7142574191093445
ENSEMBLE | Tr_Acc: 0.9559000134468079, Tr_CE: 0.14025026559829712, Va_Acc: 0.9139999747276306, Va_CE: 0.32387810945510864
Epoch: 76, AccTr: 0.8744999766349792, AccVa: 0.8259999752044678, CeTr: 0.4468938410282135, CeVa: 0.7334269285202026
Epoch: 77, AccTr: 0.8744000196456909, AccVa: 0.828499972820282, CeTr: 0.43889591097831726, CeVa: 0.712973415851593
Epoch: 78, AccTr: 0.8626000285148621, AccVa: 0.8134999871253967, CeTr: 0.4673965871334076, CeVa: 0.8014678359031677
Epoch: 79, AccTr: 0.8482999801635742, AccVa: 0.7979999780654907, CeTr: 0.5548256039619446, CeVa: 0.8635004758834839
Epoch: 80, AccTr: 0.8705999851226807, AccVa: 0.8149999976158142, CeTr: 0.455111026763916, CeVa: 0.7873008251190186
ENSEMBLE | Tr_Acc: 0.957099974155426, Tr_CE: 0.1373085230588913, Va_Acc: 0.9129999876022339, Va_CE: 0.3238043189048767
Epoch: 81, AccTr: 0.8719000220298767, AccVa: 0.824999988079071, CeTr: 0.4296473264694214, CeVa: 0.7361053228378296
Epoch: 82, AccTr: 0.8708999752998352, AccVa: 0.828000009059906, CeTr: 0.450366735458374, CeVa: 0.7289812564849854
Epoch: 83, AccTr: 0.862500011920929, AccVa: 0.8190000057220459, CeTr: 0.4924202263355255, CeVa: 0.7554708123207092
Epoch: 84, AccTr: 0.8540999889373779, AccVa: 0.8345000147819519, CeTr: 0.5144662261009216, CeVa: 0.7305594086647034
Epoch: 85, AccTr: 0.8680999875068665, AccVa: 0.8379999995231628, CeTr: 0.44945502281188965, CeVa: 0.7808012366294861
ENSEMBLE | Tr_Acc: 0.9578999876976013, Tr_CE: 0.13435150682926178, Va_Acc: 0.9164999723434448, Va_CE: 0.32096368074417114
Epoch: 86, AccTr: 0.8664000034332275, AccVa: 0.8289999961853027, CeTr: 0.477462500333786, CeVa: 0.7476718425750732
Epoch: 87, AccTr: 0.8715999722480774, AccVa: 0.8274999856948853, CeTr: 0.44021040201187134, CeVa: 0.7312700748443604
Epoch: 88, AccTr: 0.875, AccVa: 0.840499997138977, CeTr: 0.445231556892395, CeVa: 0.7183557152748108
Epoch: 89, AccTr: 0.8702999949455261, AccVa: 0.8224999904632568, CeTr: 0.4482373595237732, CeVa: 0.7874221205711365
Epoch: 90, AccTr: 0.8787000179290771, AccVa: 0.8255000114440918, CeTr: 0.4284989833831787, CeVa: 0.7522372007369995
ENSEMBLE | Tr_Acc: 0.9587000012397766, Tr_CE: 0.13174143433570862, Va_Acc: 0.9129999876022339, Va_CE: 0.3208673894405365
Epoch: 91, AccTr: 0.8690999746322632, AccVa: 0.8220000267028809, CeTr: 0.4759204089641571, CeVa: 0.7686809301376343
Epoch: 92, AccTr: 0.8697999715805054, AccVa: 0.8314999938011169, CeTr: 0.4517667591571808, CeVa: 0.7237023711204529
Epoch: 93, AccTr: 0.8690999746322632, AccVa: 0.828499972820282, CeTr: 0.47924765944480896, CeVa: 0.7117281556129456
Epoch: 94, AccTr: 0.8687999844551086, AccVa: 0.8220000267028809, CeTr: 0.4718754291534424, CeVa: 0.7440407872200012
Epoch: 95, AccTr: 0.8658999800682068, AccVa: 0.8299999833106995, CeTr: 0.4605705440044403, CeVa: 0.6831234097480774
ENSEMBLE | Tr_Acc: 0.9596999883651733, Tr_CE: 0.12995335459709167, Va_Acc: 0.9150000214576721, Va_CE: 0.31653523445129395
Epoch: 96, AccTr: 0.8664000034332275, AccVa: 0.8295000195503235, CeTr: 0.4704075753688812, CeVa: 0.6824003458023071
Epoch: 97, AccTr: 0.8669999837875366, AccVa: 0.8205000162124634, CeTr: 0.48312294483184814, CeVa: 0.7353593707084656
Epoch: 98, AccTr: 0.8661999702453613, AccVa: 0.8199999928474426, CeTr: 0.47264617681503296, CeVa: 0.782590389251709
Epoch: 99, AccTr: 0.8720999956130981, AccVa: 0.8245000243186951, CeTr: 0.4754604399204254, CeVa: 0.7272470593452454
Epoch: 100, AccTr: 0.8819000124931335, AccVa: 0.8454999923706055, CeTr: 0.4081799387931824, CeVa: 0.7004284858703613
ENSEMBLE | Tr_Acc: 0.9599999785423279, Tr_CE: 0.12735646963119507, Va_Acc: 0.9154999852180481, Va_CE: 0.31563082337379456
Epoch: 101, AccTr: 0.8736000061035156, AccVa: 0.8240000009536743, CeTr: 0.41844287514686584, CeVa: 0.7657663226127625
Epoch: 102, AccTr: 0.8738999962806702, AccVa: 0.8364999890327454, CeTr: 0.44021278619766235, CeVa: 0.6920032501220703
Epoch: 103, AccTr: 0.8690999746322632, AccVa: 0.8205000162124634, CeTr: 0.44787076115608215, CeVa: 0.7552727460861206
Epoch: 104, AccTr: 0.8816999793052673, AccVa: 0.8324999809265137, CeTr: 0.43953627347946167, CeVa: 0.76857590675354
Epoch: 105, AccTr: 0.8738999962806702, AccVa: 0.8374999761581421, CeTr: 0.4541820287704468, CeVa: 0.6949107646942139
ENSEMBLE | Tr_Acc: 0.9599000215530396, Tr_CE: 0.1252719610929489, Va_Acc: 0.9194999933242798, Va_CE: 0.31396234035491943
Epoch: 106, AccTr: 0.8762000203132629, AccVa: 0.8309999704360962, CeTr: 0.4300673305988312, CeVa: 0.7111107707023621
Epoch: 107, AccTr: 0.8733999729156494, AccVa: 0.8305000066757202, CeTr: 0.42179569602012634, CeVa: 0.7332216501235962
Epoch: 108, AccTr: 0.8654999732971191, AccVa: 0.815500020980835, CeTr: 0.48858559131622314, CeVa: 0.8121029734611511
Epoch: 109, AccTr: 0.8700000047683716, AccVa: 0.8314999938011169, CeTr: 0.46227186918258667, CeVa: 0.7364867329597473
Epoch: 110, AccTr: 0.8572999835014343, AccVa: 0.8165000081062317, CeTr: 0.5102622509002686, CeVa: 0.7578941583633423
ENSEMBLE | Tr_Acc: 0.9603000283241272, Tr_CE: 0.12466682493686676, Va_Acc: 0.9210000038146973, Va_CE: 0.3100928068161011
Epoch: 111, AccTr: 0.8592000007629395, AccVa: 0.8180000185966492, CeTr: 0.5218603610992432, CeVa: 0.7927640676498413
Epoch: 112, AccTr: 0.8784999847412109, AccVa: 0.8379999995231628, CeTr: 0.40344932675361633, CeVa: 0.6865392923355103
Epoch: 113, AccTr: 0.8726999759674072, AccVa: 0.8339999914169312, CeTr: 0.4174621105194092, CeVa: 0.703137218952179
Epoch: 114, AccTr: 0.866100013256073, AccVa: 0.8330000042915344, CeTr: 0.4795292615890503, CeVa: 0.716812014579773
Epoch: 115, AccTr: 0.8702999949455261, AccVa: 0.8314999938011169, CeTr: 0.43278926610946655, CeVa: 0.7186834812164307
ENSEMBLE | Tr_Acc: 0.9609000086784363, Tr_CE: 0.12342934310436249, Va_Acc: 0.921500027179718, Va_CE: 0.31023865938186646
Epoch: 116, AccTr: 0.8776000142097473, AccVa: 0.843500018119812, CeTr: 0.44184207916259766, CeVa: 0.6922972798347473
Epoch: 117, AccTr: 0.8708999752998352, AccVa: 0.8199999928474426, CeTr: 0.4469723701477051, CeVa: 0.7904412746429443
Epoch: 118, AccTr: 0.8723000288009644, AccVa: 0.8215000033378601, CeTr: 0.44871434569358826, CeVa: 0.747132420539856
Epoch: 119, AccTr: 0.878600001335144, AccVa: 0.8274999856948853, CeTr: 0.43295928835868835, CeVa: 0.7361929416656494
Epoch: 120, AccTr: 0.8797000050544739, AccVa: 0.8314999938011169, CeTr: 0.4433774948120117, CeVa: 0.6799986958503723
ENSEMBLE | Tr_Acc: 0.9617000222206116, Tr_CE: 0.12300175428390503, Va_Acc: 0.9190000295639038, Va_CE: 0.3070850968360901
Epoch: 121, AccTr: 0.8637999892234802, AccVa: 0.828499972820282, CeTr: 0.5018330812454224, CeVa: 0.7436381578445435
Epoch: 122, AccTr: 0.8722000122070312, AccVa: 0.8215000033378601, CeTr: 0.44971007108688354, CeVa: 0.7344956398010254
Epoch: 123, AccTr: 0.866599977016449, AccVa: 0.8169999718666077, CeTr: 0.4547073245048523, CeVa: 0.7524740099906921
Epoch: 124, AccTr: 0.8781999945640564, AccVa: 0.8295000195503235, CeTr: 0.4233945906162262, CeVa: 0.721283495426178
Epoch: 125, AccTr: 0.8669999837875366, AccVa: 0.8190000057220459, CeTr: 0.45065733790397644, CeVa: 0.8028541207313538
ENSEMBLE | Tr_Acc: 0.9624999761581421, Tr_CE: 0.12183496356010437, Va_Acc: 0.9185000061988831, Va_CE: 0.3073423504829407
Epoch: 126, AccTr: 0.8671000003814697, AccVa: 0.8324999809265137, CeTr: 0.46783074736595154, CeVa: 0.7135553956031799
Epoch: 127, AccTr: 0.8626000285148621, AccVa: 0.8259999752044678, CeTr: 0.4791644513607025, CeVa: 0.6909863352775574
Epoch: 128, AccTr: 0.8615000247955322, AccVa: 0.8230000138282776, CeTr: 0.48555946350097656, CeVa: 0.7374340891838074
Epoch: 129, AccTr: 0.8610000014305115, AccVa: 0.8230000138282776, CeTr: 0.51509690284729, CeVa: 0.7423505783081055
Epoch: 130, AccTr: 0.8675000071525574, AccVa: 0.8385000228881836, CeTr: 0.47635552287101746, CeVa: 0.7335596680641174
ENSEMBLE | Tr_Acc: 0.9624999761581421, Tr_CE: 0.1216142475605011, Va_Acc: 0.921500027179718, Va_CE: 0.30873918533325195
Epoch: 131, AccTr: 0.8723000288009644, AccVa: 0.8255000114440918, CeTr: 0.4565700590610504, CeVa: 0.7446104884147644
Epoch: 132, AccTr: 0.8707000017166138, AccVa: 0.8330000042915344, CeTr: 0.4575401842594147, CeVa: 0.7257895469665527
Epoch: 133, AccTr: 0.8723000288009644, AccVa: 0.8349999785423279, CeTr: 0.4608651399612427, CeVa: 0.7389333844184875
Epoch: 134, AccTr: 0.8626000285148621, AccVa: 0.8320000171661377, CeTr: 0.49324920773506165, CeVa: 0.7054400444030762
Epoch: 135, AccTr: 0.8655999898910522, AccVa: 0.8245000243186951, CeTr: 0.5054928660392761, CeVa: 0.7171616554260254
ENSEMBLE | Tr_Acc: 0.9623000025749207, Tr_CE: 0.12155449390411377, Va_Acc: 0.921500027179718, Va_CE: 0.3055010735988617
Epoch: 136, AccTr: 0.8725000023841858, AccVa: 0.8195000290870667, CeTr: 0.4792878031730652, CeVa: 0.7819192409515381
Epoch: 137, AccTr: 0.859000027179718, AccVa: 0.8184999823570251, CeTr: 0.5096790790557861, CeVa: 0.7476390600204468
Epoch: 138, AccTr: 0.8605999946594238, AccVa: 0.8240000009536743, CeTr: 0.4946025311946869, CeVa: 0.7607753276824951
Epoch: 139, AccTr: 0.8661999702453613, AccVa: 0.8134999871253967, CeTr: 0.4857545495033264, CeVa: 0.8016619682312012
Epoch: 140, AccTr: 0.8608999848365784, AccVa: 0.8289999961853027, CeTr: 0.5011910796165466, CeVa: 0.7027541995048523
ENSEMBLE | Tr_Acc: 0.961899995803833, Tr_CE: 0.12107734382152557, Va_Acc: 0.9229999780654907, Va_CE: 0.30363929271698
Epoch: 141, AccTr: 0.8604999780654907, AccVa: 0.8259999752044678, CeTr: 0.5293421745300293, CeVa: 0.721255898475647
Epoch: 142, AccTr: 0.8672000169754028, AccVa: 0.8299999833106995, CeTr: 0.47170135378837585, CeVa: 0.718919575214386
Epoch: 143, AccTr: 0.8705999851226807, AccVa: 0.824999988079071, CeTr: 0.4378730356693268, CeVa: 0.7205333709716797
Epoch: 144, AccTr: 0.8777999877929688, AccVa: 0.8339999914169312, CeTr: 0.43054649233818054, CeVa: 0.737987220287323
Epoch: 145, AccTr: 0.8737000226974487, AccVa: 0.8299999833106995, CeTr: 0.4412248432636261, CeVa: 0.7363718152046204
ENSEMBLE | Tr_Acc: 0.9624999761581421, Tr_CE: 0.11954431235790253, Va_Acc: 0.9225000143051147, Va_CE: 0.3019813597202301
Epoch: 146, AccTr: 0.8648999929428101, AccVa: 0.828499972820282, CeTr: 0.4555757939815521, CeVa: 0.7283257246017456
Epoch: 147, AccTr: 0.8644999861717224, AccVa: 0.8335000276565552, CeTr: 0.4878940284252167, CeVa: 0.7803796529769897
Epoch: 148, AccTr: 0.8676000237464905, AccVa: 0.8234999775886536, CeTr: 0.47491440176963806, CeVa: 0.7665319442749023
Epoch: 149, AccTr: 0.8614000082015991, AccVa: 0.8255000114440918, CeTr: 0.4772897958755493, CeVa: 0.7603244185447693
Epoch: 150, AccTr: 0.8727999925613403, AccVa: 0.8264999985694885, CeTr: 0.4513839781284332, CeVa: 0.7145213484764099
ENSEMBLE | Tr_Acc: 0.9623000025749207, Tr_CE: 0.1185721680521965, Va_Acc: 0.921500027179718, Va_CE: 0.29978546500205994
Mod Accuracy || Mean: 0.8262499570846558	 Std: 0.000250011682510376
Ens Accuracy || Mean: 0.9212499856948853	 Std: 0.000250011682510376
Mod CE || Mean: 0.7217007279396057	 Std: 0.007179379463195801
Ens CE || Mean: 0.2892926037311554	 Std: 0.010492861270904541
