NN CONFIG
Weight-type:		ternary
Layout									Layer #1: 280	Layer #2: 200	
Activation Functions					Layer #1: bs	Layer #2: bs	
Keep probabilities		Layer #0: 0.99	Layer #1: 0.98	Layer #2: 0.98	
Flat factors							Layer #1: 1.0	Layer #2: 1.0	Layer #3: 1.0	
Activation Noise						Layer #1: 0.1	Layer #2: 0.1	Layer #3: 0.0	

===================================

RUN CONFIG
Epochs: 150, Blocksize: 4

===================================

Epoch: 1, AccTr: 0.8676000237464905, AccVa: 0.8289999961853027, CeTr: 0.49501317739486694, CeVa: 0.7059374451637268
Epoch: 2, AccTr: 0.8719000220298767, AccVa: 0.8295000195503235, CeTr: 0.4514392018318176, CeVa: 0.6690536141395569
Epoch: 3, AccTr: 0.8700000047683716, AccVa: 0.8255000114440918, CeTr: 0.4572237730026245, CeVa: 0.7264549732208252
Epoch: 4, AccTr: 0.8730999827384949, AccVa: 0.8305000066757202, CeTr: 0.42509278655052185, CeVa: 0.6756455898284912
Epoch: 5, AccTr: 0.8633000254631042, AccVa: 0.8199999928474426, CeTr: 0.5029405355453491, CeVa: 0.7168353796005249
Epoch: 6, AccTr: 0.863099992275238, AccVa: 0.8165000081062317, CeTr: 0.48129335045814514, CeVa: 0.7379702925682068
Epoch: 7, AccTr: 0.8651000261306763, AccVa: 0.8169999718666077, CeTr: 0.47540804743766785, CeVa: 0.7011659741401672
Epoch: 8, AccTr: 0.8557000160217285, AccVa: 0.8234999775886536, CeTr: 0.5064972043037415, CeVa: 0.715039849281311
Epoch: 9, AccTr: 0.8711000084877014, AccVa: 0.8299999833106995, CeTr: 0.44617760181427, CeVa: 0.710223913192749
Epoch: 10, AccTr: 0.867900013923645, AccVa: 0.8195000290870667, CeTr: 0.48268553614616394, CeVa: 0.6808826923370361
Epoch: 11, AccTr: 0.8659999966621399, AccVa: 0.8199999928474426, CeTr: 0.49218663573265076, CeVa: 0.7720360159873962
Epoch: 12, AccTr: 0.8755000233650208, AccVa: 0.8345000147819519, CeTr: 0.4297961890697479, CeVa: 0.7218136191368103
Epoch: 13, AccTr: 0.8658999800682068, AccVa: 0.8184999823570251, CeTr: 0.4631718695163727, CeVa: 0.7496737241744995
Epoch: 14, AccTr: 0.8650000095367432, AccVa: 0.8314999938011169, CeTr: 0.45484834909439087, CeVa: 0.70403653383255
Epoch: 15, AccTr: 0.8675000071525574, AccVa: 0.8324999809265137, CeTr: 0.4684860408306122, CeVa: 0.7886664271354675
Epoch: 16, AccTr: 0.8557000160217285, AccVa: 0.8209999799728394, CeTr: 0.5250800848007202, CeVa: 0.8027480244636536
Epoch: 17, AccTr: 0.8665000200271606, AccVa: 0.8220000267028809, CeTr: 0.48067450523376465, CeVa: 0.6979628205299377
Epoch: 18, AccTr: 0.866599977016449, AccVa: 0.8234999775886536, CeTr: 0.49503153562545776, CeVa: 0.7509304881095886
Epoch: 19, AccTr: 0.8709999918937683, AccVa: 0.8395000100135803, CeTr: 0.43961024284362793, CeVa: 0.6674594879150391
Epoch: 20, AccTr: 0.8727999925613403, AccVa: 0.8339999914169312, CeTr: 0.44448575377464294, CeVa: 0.71526038646698
Epoch: 21, AccTr: 0.8723999857902527, AccVa: 0.8234999775886536, CeTr: 0.4430982768535614, CeVa: 0.7730991840362549
Epoch: 22, AccTr: 0.8690999746322632, AccVa: 0.8159999847412109, CeTr: 0.4546481966972351, CeVa: 0.7406160831451416
Epoch: 23, AccTr: 0.8578000068664551, AccVa: 0.8140000104904175, CeTr: 0.517991304397583, CeVa: 0.7506266236305237
Epoch: 24, AccTr: 0.8705999851226807, AccVa: 0.8270000219345093, CeTr: 0.47305142879486084, CeVa: 0.7376970052719116
Epoch: 25, AccTr: 0.8694000244140625, AccVa: 0.8205000162124634, CeTr: 0.49813711643218994, CeVa: 0.794711172580719
Epoch: 26, AccTr: 0.8610000014305115, AccVa: 0.8274999856948853, CeTr: 0.4945968687534332, CeVa: 0.7160318493843079
Epoch: 27, AccTr: 0.866599977016449, AccVa: 0.8270000219345093, CeTr: 0.47957998514175415, CeVa: 0.7392916679382324
Epoch: 28, AccTr: 0.8682000041007996, AccVa: 0.8230000138282776, CeTr: 0.4619044065475464, CeVa: 0.7300825715065002
Epoch: 29, AccTr: 0.8777999877929688, AccVa: 0.828000009059906, CeTr: 0.424350768327713, CeVa: 0.7411044836044312
Epoch: 30, AccTr: 0.8708999752998352, AccVa: 0.8374999761581421, CeTr: 0.46546244621276855, CeVa: 0.6753455996513367
ENSEMBLE | Tr_Acc: 0.8708999752998352, Tr_CE: 0.46546244621276855, Va_Acc: 0.8374999761581421, Va_CE: 0.6753455996513367
Epoch: 31, AccTr: 0.8730999827384949, AccVa: 0.8259999752044678, CeTr: 0.44453203678131104, CeVa: 0.7368206977844238
Epoch: 32, AccTr: 0.858299970626831, AccVa: 0.8195000290870667, CeTr: 0.5177146196365356, CeVa: 0.7712939381599426
Epoch: 33, AccTr: 0.8694000244140625, AccVa: 0.8134999871253967, CeTr: 0.4673858880996704, CeVa: 0.7731528878211975
Epoch: 34, AccTr: 0.8719000220298767, AccVa: 0.815500020980835, CeTr: 0.4695514738559723, CeVa: 0.8249661922454834
Epoch: 35, AccTr: 0.8655999898910522, AccVa: 0.8199999928474426, CeTr: 0.49481338262557983, CeVa: 0.7752038240432739
ENSEMBLE | Tr_Acc: 0.9218000173568726, Tr_CE: 0.26404908299446106, Va_Acc: 0.8709999918937683, Va_CE: 0.492282897233963
Epoch: 36, AccTr: 0.8719000220298767, AccVa: 0.8320000171661377, CeTr: 0.46978890895843506, CeVa: 0.7847442030906677
Epoch: 37, AccTr: 0.8636999726295471, AccVa: 0.8349999785423279, CeTr: 0.49660107493400574, CeVa: 0.6917521953582764
Epoch: 38, AccTr: 0.8648999929428101, AccVa: 0.8234999775886536, CeTr: 0.4784613847732544, CeVa: 0.6905588507652283
Epoch: 39, AccTr: 0.868399977684021, AccVa: 0.843999981880188, CeTr: 0.4909101128578186, CeVa: 0.7129591107368469
Epoch: 40, AccTr: 0.871999979019165, AccVa: 0.8224999904632568, CeTr: 0.45257508754730225, CeVa: 0.7179332971572876
ENSEMBLE | Tr_Acc: 0.9370999932289124, Tr_CE: 0.2077944576740265, Va_Acc: 0.8960000276565552, Va_CE: 0.4003434181213379
Epoch: 41, AccTr: 0.8705999851226807, AccVa: 0.8330000042915344, CeTr: 0.45947831869125366, CeVa: 0.7452456951141357
Epoch: 42, AccTr: 0.8659999966621399, AccVa: 0.8295000195503235, CeTr: 0.4849500060081482, CeVa: 0.7508781552314758
Epoch: 43, AccTr: 0.8686000108718872, AccVa: 0.8299999833106995, CeTr: 0.45314979553222656, CeVa: 0.6794630289077759
Epoch: 44, AccTr: 0.879800021648407, AccVa: 0.840499997138977, CeTr: 0.4182407259941101, CeVa: 0.6892609596252441
Epoch: 45, AccTr: 0.879800021648407, AccVa: 0.8349999785423279, CeTr: 0.4143548905849457, CeVa: 0.6956197023391724
ENSEMBLE | Tr_Acc: 0.9463000297546387, Tr_CE: 0.17358215153217316, Va_Acc: 0.8999999761581421, Va_CE: 0.3596010208129883
Epoch: 46, AccTr: 0.8738999962806702, AccVa: 0.8299999833106995, CeTr: 0.4365713894367218, CeVa: 0.7110775709152222
Epoch: 47, AccTr: 0.8748999834060669, AccVa: 0.8140000104904175, CeTr: 0.44062715768814087, CeVa: 0.744723916053772
Epoch: 48, AccTr: 0.8788999915122986, AccVa: 0.828000009059906, CeTr: 0.4185936152935028, CeVa: 0.6779863238334656
Epoch: 49, AccTr: 0.8715000152587891, AccVa: 0.8309999704360962, CeTr: 0.43455713987350464, CeVa: 0.703106701374054
Epoch: 50, AccTr: 0.8738999962806702, AccVa: 0.824999988079071, CeTr: 0.44119784235954285, CeVa: 0.71244215965271
ENSEMBLE | Tr_Acc: 0.9509999752044678, Tr_CE: 0.15879231691360474, Va_Acc: 0.906499981880188, Va_CE: 0.34341588616371155
Epoch: 51, AccTr: 0.8734999895095825, AccVa: 0.8289999961853027, CeTr: 0.4509156346321106, CeVa: 0.6901362538337708
Epoch: 52, AccTr: 0.8668000102043152, AccVa: 0.8374999761581421, CeTr: 0.4819856584072113, CeVa: 0.6976786255836487
Epoch: 53, AccTr: 0.8730000257492065, AccVa: 0.8420000076293945, CeTr: 0.43407371640205383, CeVa: 0.662420392036438
Epoch: 54, AccTr: 0.8795999884605408, AccVa: 0.8389999866485596, CeTr: 0.4016682505607605, CeVa: 0.6572271585464478
Epoch: 55, AccTr: 0.867900013923645, AccVa: 0.8320000171661377, CeTr: 0.4511515200138092, CeVa: 0.6707471609115601
ENSEMBLE | Tr_Acc: 0.9532999992370605, Tr_CE: 0.14540596306324005, Va_Acc: 0.9154999852180481, Va_CE: 0.3220089077949524
Epoch: 56, AccTr: 0.8737000226974487, AccVa: 0.8335000276565552, CeTr: 0.4484464228153229, CeVa: 0.7427446246147156
Epoch: 57, AccTr: 0.8621000051498413, AccVa: 0.8240000009536743, CeTr: 0.48995596170425415, CeVa: 0.7399830222129822
Epoch: 58, AccTr: 0.8741000294685364, AccVa: 0.8274999856948853, CeTr: 0.4366113245487213, CeVa: 0.6941415667533875
Epoch: 59, AccTr: 0.8691999912261963, AccVa: 0.8165000081062317, CeTr: 0.46612611413002014, CeVa: 0.7431268692016602
Epoch: 60, AccTr: 0.8669999837875366, AccVa: 0.8169999718666077, CeTr: 0.4657231569290161, CeVa: 0.6799713969230652
ENSEMBLE | Tr_Acc: 0.9555000066757202, Tr_CE: 0.13851359486579895, Va_Acc: 0.9179999828338623, Va_CE: 0.3083154857158661
Epoch: 61, AccTr: 0.8550000190734863, AccVa: 0.8159999847412109, CeTr: 0.4861830472946167, CeVa: 0.7446683645248413
Epoch: 62, AccTr: 0.8654000163078308, AccVa: 0.8240000009536743, CeTr: 0.47262030839920044, CeVa: 0.7115593552589417
Epoch: 63, AccTr: 0.8672999739646912, AccVa: 0.828000009059906, CeTr: 0.49479129910469055, CeVa: 0.7175437211990356
Epoch: 64, AccTr: 0.8787000179290771, AccVa: 0.8420000076293945, CeTr: 0.420928418636322, CeVa: 0.6792280673980713
Epoch: 65, AccTr: 0.8676999807357788, AccVa: 0.8274999856948853, CeTr: 0.48410162329673767, CeVa: 0.7262290120124817
ENSEMBLE | Tr_Acc: 0.9564999938011169, Tr_CE: 0.13624870777130127, Va_Acc: 0.9135000109672546, Va_CE: 0.2994427978992462
Epoch: 66, AccTr: 0.8741000294685364, AccVa: 0.8495000004768372, CeTr: 0.44054776430130005, CeVa: 0.6357083320617676
Epoch: 67, AccTr: 0.8657000064849854, AccVa: 0.8259999752044678, CeTr: 0.48065829277038574, CeVa: 0.7123787999153137
Epoch: 68, AccTr: 0.8669999837875366, AccVa: 0.8215000033378601, CeTr: 0.46783730387687683, CeVa: 0.7245545983314514
Epoch: 69, AccTr: 0.8723999857902527, AccVa: 0.8270000219345093, CeTr: 0.4512580931186676, CeVa: 0.7138206958770752
Epoch: 70, AccTr: 0.8690999746322632, AccVa: 0.8264999985694885, CeTr: 0.47184813022613525, CeVa: 0.6743489503860474
ENSEMBLE | Tr_Acc: 0.9564999938011169, Tr_CE: 0.1342514455318451, Va_Acc: 0.9139999747276306, Va_CE: 0.2920927107334137
Epoch: 71, AccTr: 0.8676999807357788, AccVa: 0.8209999799728394, CeTr: 0.4599892497062683, CeVa: 0.7164543271064758
Epoch: 72, AccTr: 0.867900013923645, AccVa: 0.8320000171661377, CeTr: 0.43661850690841675, CeVa: 0.6621286869049072
Epoch: 73, AccTr: 0.8684999942779541, AccVa: 0.8299999833106995, CeTr: 0.47130879759788513, CeVa: 0.7045655250549316
Epoch: 74, AccTr: 0.8646000027656555, AccVa: 0.8295000195503235, CeTr: 0.4661622941493988, CeVa: 0.7096148729324341
Epoch: 75, AccTr: 0.8654999732971191, AccVa: 0.824999988079071, CeTr: 0.47771522402763367, CeVa: 0.7032870054244995
ENSEMBLE | Tr_Acc: 0.957099974155426, Tr_CE: 0.1314847618341446, Va_Acc: 0.9185000061988831, Va_CE: 0.2861730456352234
Epoch: 76, AccTr: 0.8708999752998352, AccVa: 0.8255000114440918, CeTr: 0.45318618416786194, CeVa: 0.7294153571128845
Epoch: 77, AccTr: 0.8741999864578247, AccVa: 0.8255000114440918, CeTr: 0.43714073300361633, CeVa: 0.6893177032470703
Epoch: 78, AccTr: 0.8792999982833862, AccVa: 0.8339999914169312, CeTr: 0.4319184422492981, CeVa: 0.6744521260261536
Epoch: 79, AccTr: 0.8751999735832214, AccVa: 0.8255000114440918, CeTr: 0.4286412000656128, CeVa: 0.7094421982765198
Epoch: 80, AccTr: 0.8679999709129333, AccVa: 0.8140000104904175, CeTr: 0.4759514033794403, CeVa: 0.783390998840332
ENSEMBLE | Tr_Acc: 0.9578999876976013, Tr_CE: 0.12957191467285156, Va_Acc: 0.9169999957084656, Va_CE: 0.28616222739219666
Epoch: 81, AccTr: 0.8723000288009644, AccVa: 0.8270000219345093, CeTr: 0.4690103530883789, CeVa: 0.6975257992744446
Epoch: 82, AccTr: 0.875, AccVa: 0.8264999985694885, CeTr: 0.43819954991340637, CeVa: 0.7394844889640808
Epoch: 83, AccTr: 0.8766999840736389, AccVa: 0.8295000195503235, CeTr: 0.43666937947273254, CeVa: 0.7131788730621338
Epoch: 84, AccTr: 0.8580999970436096, AccVa: 0.8230000138282776, CeTr: 0.5294924974441528, CeVa: 0.7751138806343079
Epoch: 85, AccTr: 0.8644999861717224, AccVa: 0.8230000138282776, CeTr: 0.48771268129348755, CeVa: 0.7438377737998962
ENSEMBLE | Tr_Acc: 0.9585999846458435, Tr_CE: 0.12863972783088684, Va_Acc: 0.9185000061988831, Va_CE: 0.2869568169116974
Epoch: 86, AccTr: 0.870199978351593, AccVa: 0.8165000081062317, CeTr: 0.4807857275009155, CeVa: 0.787459135055542
Epoch: 87, AccTr: 0.8586999773979187, AccVa: 0.8134999871253967, CeTr: 0.4956401288509369, CeVa: 0.7957367897033691
Epoch: 88, AccTr: 0.8754000067710876, AccVa: 0.8305000066757202, CeTr: 0.4463796019554138, CeVa: 0.7595036029815674
Epoch: 89, AccTr: 0.8734999895095825, AccVa: 0.8159999847412109, CeTr: 0.4186088740825653, CeVa: 0.7398918867111206
Epoch: 90, AccTr: 0.8736000061035156, AccVa: 0.8360000252723694, CeTr: 0.4599832594394684, CeVa: 0.7175610065460205
ENSEMBLE | Tr_Acc: 0.9577999711036682, Tr_CE: 0.12692196667194366, Va_Acc: 0.9179999828338623, Va_CE: 0.2864317297935486
Epoch: 91, AccTr: 0.8707000017166138, AccVa: 0.8320000171661377, CeTr: 0.4533253014087677, CeVa: 0.6881641149520874
Epoch: 92, AccTr: 0.8733999729156494, AccVa: 0.8374999761581421, CeTr: 0.42502206563949585, CeVa: 0.6465165615081787
Epoch: 93, AccTr: 0.8651999831199646, AccVa: 0.828000009059906, CeTr: 0.4788116216659546, CeVa: 0.7324363589286804
Epoch: 94, AccTr: 0.8748999834060669, AccVa: 0.8259999752044678, CeTr: 0.4433402419090271, CeVa: 0.6825623512268066
Epoch: 95, AccTr: 0.8715000152587891, AccVa: 0.8335000276565552, CeTr: 0.44053491950035095, CeVa: 0.6862995624542236
ENSEMBLE | Tr_Acc: 0.9581000208854675, Tr_CE: 0.12434636056423187, Va_Acc: 0.9185000061988831, Va_CE: 0.2836497128009796
Epoch: 96, AccTr: 0.8752999901771545, AccVa: 0.8314999938011169, CeTr: 0.44218897819519043, CeVa: 0.7516037821769714
Epoch: 97, AccTr: 0.8812000155448914, AccVa: 0.8395000100135803, CeTr: 0.42847490310668945, CeVa: 0.6973247528076172
Epoch: 98, AccTr: 0.8676999807357788, AccVa: 0.8305000066757202, CeTr: 0.47618183493614197, CeVa: 0.6937307119369507
Epoch: 99, AccTr: 0.8743000030517578, AccVa: 0.8215000033378601, CeTr: 0.4304097592830658, CeVa: 0.7282589673995972
Epoch: 100, AccTr: 0.8683000206947327, AccVa: 0.8270000219345093, CeTr: 0.4829615354537964, CeVa: 0.7140599489212036
ENSEMBLE | Tr_Acc: 0.9585000276565552, Tr_CE: 0.12364669144153595, Va_Acc: 0.921999990940094, Va_CE: 0.2823754847049713
Epoch: 101, AccTr: 0.8798999786376953, AccVa: 0.8345000147819519, CeTr: 0.41955721378326416, CeVa: 0.6869096159934998
Epoch: 102, AccTr: 0.8769000172615051, AccVa: 0.8289999961853027, CeTr: 0.44997987151145935, CeVa: 0.7614344954490662
Epoch: 103, AccTr: 0.8787999749183655, AccVa: 0.8349999785423279, CeTr: 0.4286092221736908, CeVa: 0.7274896502494812
Epoch: 104, AccTr: 0.8659999966621399, AccVa: 0.8195000290870667, CeTr: 0.4695844352245331, CeVa: 0.7339986562728882
Epoch: 105, AccTr: 0.8787000179290771, AccVa: 0.8345000147819519, CeTr: 0.4481962323188782, CeVa: 0.6965293288230896
ENSEMBLE | Tr_Acc: 0.9589999914169312, Tr_CE: 0.1226247102022171, Va_Acc: 0.9225000143051147, Va_CE: 0.2800866663455963
Epoch: 106, AccTr: 0.8797000050544739, AccVa: 0.8320000171661377, CeTr: 0.4284551739692688, CeVa: 0.7012144327163696
Epoch: 107, AccTr: 0.8756999969482422, AccVa: 0.8335000276565552, CeTr: 0.44003018736839294, CeVa: 0.715520977973938
Epoch: 108, AccTr: 0.8737999796867371, AccVa: 0.8320000171661377, CeTr: 0.44482383131980896, CeVa: 0.6689518094062805
Epoch: 109, AccTr: 0.8754000067710876, AccVa: 0.8330000042915344, CeTr: 0.444523423910141, CeVa: 0.7179076671600342
Epoch: 110, AccTr: 0.8680999875068665, AccVa: 0.815500020980835, CeTr: 0.4627228081226349, CeVa: 0.7160434722900391
ENSEMBLE | Tr_Acc: 0.9606000185012817, Tr_CE: 0.12076402455568314, Va_Acc: 0.9229999780654907, Va_CE: 0.2781665027141571
Epoch: 111, AccTr: 0.871999979019165, AccVa: 0.8224999904632568, CeTr: 0.44636815786361694, CeVa: 0.7074350714683533
Epoch: 112, AccTr: 0.8683000206947327, AccVa: 0.8195000290870667, CeTr: 0.47220849990844727, CeVa: 0.7597576379776001
Epoch: 113, AccTr: 0.8766000270843506, AccVa: 0.8205000162124634, CeTr: 0.4198945164680481, CeVa: 0.7327583432197571
Epoch: 114, AccTr: 0.8743000030517578, AccVa: 0.8245000243186951, CeTr: 0.4365561008453369, CeVa: 0.7390130758285522
Epoch: 115, AccTr: 0.8572999835014343, AccVa: 0.8270000219345093, CeTr: 0.5215379595756531, CeVa: 0.7601693272590637
ENSEMBLE | Tr_Acc: 0.9613000154495239, Tr_CE: 0.12133605033159256, Va_Acc: 0.9210000038146973, Va_CE: 0.2775954306125641
Epoch: 116, AccTr: 0.8719000220298767, AccVa: 0.8309999704360962, CeTr: 0.4484975039958954, CeVa: 0.6996983289718628
Epoch: 117, AccTr: 0.8755000233650208, AccVa: 0.8270000219345093, CeTr: 0.4637845754623413, CeVa: 0.7064222097396851
Epoch: 118, AccTr: 0.8698999881744385, AccVa: 0.8149999976158142, CeTr: 0.4474133849143982, CeVa: 0.7409180998802185
Epoch: 119, AccTr: 0.8693000078201294, AccVa: 0.8289999961853027, CeTr: 0.4550633728504181, CeVa: 0.7032743692398071
Epoch: 120, AccTr: 0.8636999726295471, AccVa: 0.8245000243186951, CeTr: 0.48854705691337585, CeVa: 0.7117239236831665
ENSEMBLE | Tr_Acc: 0.9613000154495239, Tr_CE: 0.1208881139755249, Va_Acc: 0.921999990940094, Va_CE: 0.27566853165626526
Epoch: 121, AccTr: 0.8590999841690063, AccVa: 0.8105000257492065, CeTr: 0.4890708029270172, CeVa: 0.7313976287841797
Epoch: 122, AccTr: 0.8701000213623047, AccVa: 0.8335000276565552, CeTr: 0.4542664587497711, CeVa: 0.6700411438941956
Epoch: 123, AccTr: 0.8765000104904175, AccVa: 0.8274999856948853, CeTr: 0.4368041455745697, CeVa: 0.6807543039321899
Epoch: 124, AccTr: 0.8763999938964844, AccVa: 0.8245000243186951, CeTr: 0.44494926929473877, CeVa: 0.72511887550354
Epoch: 125, AccTr: 0.8725000023841858, AccVa: 0.8270000219345093, CeTr: 0.42924222350120544, CeVa: 0.6748083233833313
ENSEMBLE | Tr_Acc: 0.9621000289916992, Tr_CE: 0.11905719339847565, Va_Acc: 0.921999990940094, Va_CE: 0.2739141583442688
Epoch: 126, AccTr: 0.8592000007629395, AccVa: 0.8184999823570251, CeTr: 0.5126491189002991, CeVa: 0.7970569729804993
Epoch: 127, AccTr: 0.8756999969482422, AccVa: 0.8414999842643738, CeTr: 0.4404715299606323, CeVa: 0.683958888053894
Epoch: 128, AccTr: 0.8741000294685364, AccVa: 0.8270000219345093, CeTr: 0.4353514015674591, CeVa: 0.7345621585845947
Epoch: 129, AccTr: 0.8690999746322632, AccVa: 0.8264999985694885, CeTr: 0.43583667278289795, CeVa: 0.6974513530731201
Epoch: 130, AccTr: 0.8719000220298767, AccVa: 0.8259999752044678, CeTr: 0.45742520689964294, CeVa: 0.7288904190063477
ENSEMBLE | Tr_Acc: 0.9617000222206116, Tr_CE: 0.11830571293830872, Va_Acc: 0.9210000038146973, Va_CE: 0.274387389421463
Epoch: 131, AccTr: 0.8762999773025513, AccVa: 0.8370000123977661, CeTr: 0.4268369972705841, CeVa: 0.6961944699287415
Epoch: 132, AccTr: 0.8561999797821045, AccVa: 0.815500020980835, CeTr: 0.5245625972747803, CeVa: 0.7275174856185913
Epoch: 133, AccTr: 0.8791000247001648, AccVa: 0.8199999928474426, CeTr: 0.4191714823246002, CeVa: 0.6954991221427917
Epoch: 134, AccTr: 0.8539999723434448, AccVa: 0.8255000114440918, CeTr: 0.5182219743728638, CeVa: 0.6697693467140198
Epoch: 135, AccTr: 0.8704000115394592, AccVa: 0.8199999928474426, CeTr: 0.4555368721485138, CeVa: 0.6732938885688782
ENSEMBLE | Tr_Acc: 0.9623000025749207, Tr_CE: 0.11744250357151031, Va_Acc: 0.9210000038146973, Va_CE: 0.27247270941734314
Epoch: 136, AccTr: 0.870199978351593, AccVa: 0.8339999914169312, CeTr: 0.434555321931839, CeVa: 0.6851910948753357
Epoch: 137, AccTr: 0.878000020980835, AccVa: 0.8305000066757202, CeTr: 0.43179818987846375, CeVa: 0.7383633852005005
Epoch: 138, AccTr: 0.8657000064849854, AccVa: 0.8165000081062317, CeTr: 0.4691980481147766, CeVa: 0.7464414834976196
Epoch: 139, AccTr: 0.8738999962806702, AccVa: 0.8445000052452087, CeTr: 0.4624598026275635, CeVa: 0.6917803883552551
Epoch: 140, AccTr: 0.8644000291824341, AccVa: 0.8220000267028809, CeTr: 0.46522679924964905, CeVa: 0.7367111444473267
ENSEMBLE | Tr_Acc: 0.9623000025749207, Tr_CE: 0.11701246351003647, Va_Acc: 0.9229999780654907, Va_CE: 0.27141833305358887
Epoch: 141, AccTr: 0.8733999729156494, AccVa: 0.8399999737739563, CeTr: 0.4586160182952881, CeVa: 0.673105776309967
Epoch: 142, AccTr: 0.8669000267982483, AccVa: 0.828000009059906, CeTr: 0.44071465730667114, CeVa: 0.7072867751121521
Epoch: 143, AccTr: 0.8758000135421753, AccVa: 0.8349999785423279, CeTr: 0.4307960867881775, CeVa: 0.6913810968399048
Epoch: 144, AccTr: 0.8652999997138977, AccVa: 0.8230000138282776, CeTr: 0.47363749146461487, CeVa: 0.6931569576263428
Epoch: 145, AccTr: 0.8727999925613403, AccVa: 0.8199999928474426, CeTr: 0.4538249969482422, CeVa: 0.7909255623817444
ENSEMBLE | Tr_Acc: 0.9621000289916992, Tr_CE: 0.11658039689064026, Va_Acc: 0.9235000014305115, Va_CE: 0.2721872925758362
Epoch: 146, AccTr: 0.8646000027656555, AccVa: 0.8234999775886536, CeTr: 0.4568389058113098, CeVa: 0.7138735055923462
Epoch: 147, AccTr: 0.8763999938964844, AccVa: 0.8295000195503235, CeTr: 0.44179725646972656, CeVa: 0.7072675824165344
Epoch: 148, AccTr: 0.8720999956130981, AccVa: 0.8199999928474426, CeTr: 0.45372456312179565, CeVa: 0.6969098448753357
Epoch: 149, AccTr: 0.8684999942779541, AccVa: 0.8264999985694885, CeTr: 0.47335579991340637, CeVa: 0.7576767802238464
Epoch: 150, AccTr: 0.8679999709129333, AccVa: 0.8195000290870667, CeTr: 0.44942334294319153, CeVa: 0.7354063987731934
ENSEMBLE | Tr_Acc: 0.9628999829292297, Tr_CE: 0.11555903404951096, Va_Acc: 0.9244999885559082, Va_CE: 0.27260297536849976
NN CONFIG
Weight-type:		ternary
Layout									Layer #1: 280	Layer #2: 200	
Activation Functions					Layer #1: bs	Layer #2: bs	
Keep probabilities		Layer #0: 0.99	Layer #1: 0.98	Layer #2: 0.98	
Flat factors							Layer #1: 1.0	Layer #2: 1.0	Layer #3: 1.0	
Activation Noise						Layer #1: 0.1	Layer #2: 0.1	Layer #3: 0.0	

===================================

RUN CONFIG
Epochs: 150, Blocksize: 4

===================================

Epoch: 1, AccTr: 0.8439000248908997, AccVa: 0.800000011920929, CeTr: 0.5409481525421143, CeVa: 0.7741114497184753
Epoch: 2, AccTr: 0.8615000247955322, AccVa: 0.8184999823570251, CeTr: 0.4712165892124176, CeVa: 0.701916515827179
Epoch: 3, AccTr: 0.8574000000953674, AccVa: 0.824999988079071, CeTr: 0.4902774393558502, CeVa: 0.6334478259086609
Epoch: 4, AccTr: 0.8597000241279602, AccVa: 0.8134999871253967, CeTr: 0.5027210116386414, CeVa: 0.6819349527359009
Epoch: 5, AccTr: 0.8555999994277954, AccVa: 0.8125, CeTr: 0.48380449414253235, CeVa: 0.6948237419128418
Epoch: 6, AccTr: 0.863099992275238, AccVa: 0.8084999918937683, CeTr: 0.47091642022132874, CeVa: 0.7315466403961182
Epoch: 7, AccTr: 0.8198000192642212, AccVa: 0.7914999723434448, CeTr: 0.6423736214637756, CeVa: 0.8361092805862427
Epoch: 8, AccTr: 0.8666999936103821, AccVa: 0.8215000033378601, CeTr: 0.45386192202568054, CeVa: 0.7324185371398926
Epoch: 9, AccTr: 0.864300012588501, AccVa: 0.8134999871253967, CeTr: 0.433059960603714, CeVa: 0.7136221528053284
Epoch: 10, AccTr: 0.8468999862670898, AccVa: 0.815500020980835, CeTr: 0.5173461437225342, CeVa: 0.7386574149131775
Epoch: 11, AccTr: 0.8547999858856201, AccVa: 0.8149999976158142, CeTr: 0.49352866411209106, CeVa: 0.7596822381019592
Epoch: 12, AccTr: 0.8748000264167786, AccVa: 0.8220000267028809, CeTr: 0.4094068706035614, CeVa: 0.6767476797103882
Epoch: 13, AccTr: 0.8652999997138977, AccVa: 0.8230000138282776, CeTr: 0.46816039085388184, CeVa: 0.7162918448448181
Epoch: 14, AccTr: 0.8456000089645386, AccVa: 0.8009999990463257, CeTr: 0.5533010959625244, CeVa: 0.7608799934387207
Epoch: 15, AccTr: 0.8738999962806702, AccVa: 0.8190000057220459, CeTr: 0.4405571222305298, CeVa: 0.72662353515625
Epoch: 16, AccTr: 0.8605999946594238, AccVa: 0.8084999918937683, CeTr: 0.46517127752304077, CeVa: 0.7925007343292236
Epoch: 17, AccTr: 0.8514000177383423, AccVa: 0.8174999952316284, CeTr: 0.5199715495109558, CeVa: 0.734258234500885
Epoch: 18, AccTr: 0.857200026512146, AccVa: 0.8199999928474426, CeTr: 0.4990590214729309, CeVa: 0.7548174262046814
Epoch: 19, AccTr: 0.8665000200271606, AccVa: 0.8429999947547913, CeTr: 0.46602582931518555, CeVa: 0.6203780770301819
Epoch: 20, AccTr: 0.8579999804496765, AccVa: 0.8274999856948853, CeTr: 0.4925338923931122, CeVa: 0.6715777516365051
Epoch: 21, AccTr: 0.8644999861717224, AccVa: 0.8305000066757202, CeTr: 0.45175132155418396, CeVa: 0.6509770154953003
Epoch: 22, AccTr: 0.8557000160217285, AccVa: 0.8224999904632568, CeTr: 0.4950416088104248, CeVa: 0.7273622155189514
Epoch: 23, AccTr: 0.8597000241279602, AccVa: 0.8289999961853027, CeTr: 0.49381542205810547, CeVa: 0.6972619891166687
Epoch: 24, AccTr: 0.8636000156402588, AccVa: 0.8324999809265137, CeTr: 0.4702270030975342, CeVa: 0.7027381062507629
Epoch: 25, AccTr: 0.8614000082015991, AccVa: 0.8224999904632568, CeTr: 0.48380059003829956, CeVa: 0.7022101283073425
Epoch: 26, AccTr: 0.8773999810218811, AccVa: 0.8259999752044678, CeTr: 0.425246000289917, CeVa: 0.7166252732276917
Epoch: 27, AccTr: 0.8730000257492065, AccVa: 0.8309999704360962, CeTr: 0.42114412784576416, CeVa: 0.6445860266685486
Epoch: 28, AccTr: 0.8740000128746033, AccVa: 0.8324999809265137, CeTr: 0.4223741590976715, CeVa: 0.6811521649360657
Epoch: 29, AccTr: 0.8598999977111816, AccVa: 0.8255000114440918, CeTr: 0.46605175733566284, CeVa: 0.7129234671592712
Epoch: 30, AccTr: 0.8726000189781189, AccVa: 0.828000009059906, CeTr: 0.4464150369167328, CeVa: 0.766070544719696
ENSEMBLE | Tr_Acc: 0.8726000189781189, Tr_CE: 0.4464150369167328, Va_Acc: 0.828000009059906, Va_CE: 0.766070544719696
Epoch: 31, AccTr: 0.8644000291824341, AccVa: 0.8270000219345093, CeTr: 0.4648842215538025, CeVa: 0.7004546523094177
Epoch: 32, AccTr: 0.8770999908447266, AccVa: 0.8360000252723694, CeTr: 0.4266785681247711, CeVa: 0.6857525110244751
Epoch: 33, AccTr: 0.8691999912261963, AccVa: 0.824999988079071, CeTr: 0.42587393522262573, CeVa: 0.6626707911491394
Epoch: 34, AccTr: 0.8787000179290771, AccVa: 0.8364999890327454, CeTr: 0.4186837375164032, CeVa: 0.5913608074188232
Epoch: 35, AccTr: 0.8651999831199646, AccVa: 0.8264999985694885, CeTr: 0.45812636613845825, CeVa: 0.6833847761154175
ENSEMBLE | Tr_Acc: 0.9243000149726868, Tr_CE: 0.2518635392189026, Va_Acc: 0.8849999904632568, Va_CE: 0.47207435965538025
Epoch: 36, AccTr: 0.8622000217437744, AccVa: 0.8240000009536743, CeTr: 0.4766223728656769, CeVa: 0.6559302806854248
Epoch: 37, AccTr: 0.8675000071525574, AccVa: 0.8295000195503235, CeTr: 0.45084044337272644, CeVa: 0.6416537761688232
Epoch: 38, AccTr: 0.8748999834060669, AccVa: 0.8270000219345093, CeTr: 0.41785499453544617, CeVa: 0.7145410776138306
Epoch: 39, AccTr: 0.8783000111579895, AccVa: 0.8259999752044678, CeTr: 0.42507198452949524, CeVa: 0.680305004119873
Epoch: 40, AccTr: 0.8733000159263611, AccVa: 0.843999981880188, CeTr: 0.4321940541267395, CeVa: 0.6418147683143616
ENSEMBLE | Tr_Acc: 0.9381999969482422, Tr_CE: 0.19591379165649414, Va_Acc: 0.9035000205039978, Va_CE: 0.39117905497550964
Epoch: 41, AccTr: 0.8639000058174133, AccVa: 0.8195000290870667, CeTr: 0.4723574221134186, CeVa: 0.7286544442176819
Epoch: 42, AccTr: 0.8809000253677368, AccVa: 0.8295000195503235, CeTr: 0.41307011246681213, CeVa: 0.7143492698669434
Epoch: 43, AccTr: 0.8697999715805054, AccVa: 0.8270000219345093, CeTr: 0.4416426122188568, CeVa: 0.7140440344810486
Epoch: 44, AccTr: 0.8623999953269958, AccVa: 0.8320000171661377, CeTr: 0.48424825072288513, CeVa: 0.6800556182861328
Epoch: 45, AccTr: 0.8616999983787537, AccVa: 0.8125, CeTr: 0.47503212094306946, CeVa: 0.70247882604599
ENSEMBLE | Tr_Acc: 0.9445000290870667, Tr_CE: 0.17043405771255493, Va_Acc: 0.9110000133514404, Va_CE: 0.3504345715045929
Epoch: 46, AccTr: 0.8629000186920166, AccVa: 0.8134999871253967, CeTr: 0.4912882447242737, CeVa: 0.7224925756454468
Epoch: 47, AccTr: 0.8694999814033508, AccVa: 0.8174999952316284, CeTr: 0.44831201434135437, CeVa: 0.7359507083892822
Epoch: 48, AccTr: 0.8765000104904175, AccVa: 0.8259999752044678, CeTr: 0.4262138605117798, CeVa: 0.7446661591529846
Epoch: 49, AccTr: 0.864300012588501, AccVa: 0.8240000009536743, CeTr: 0.476667582988739, CeVa: 0.7409214377403259
Epoch: 50, AccTr: 0.8726999759674072, AccVa: 0.843500018119812, CeTr: 0.43803587555885315, CeVa: 0.6497558355331421
ENSEMBLE | Tr_Acc: 0.9514999985694885, Tr_CE: 0.1544114053249359, Va_Acc: 0.9139999747276306, Va_CE: 0.32926228642463684
Epoch: 51, AccTr: 0.8693000078201294, AccVa: 0.8125, CeTr: 0.46328744292259216, CeVa: 0.7112993001937866
Epoch: 52, AccTr: 0.8773999810218811, AccVa: 0.824999988079071, CeTr: 0.416532039642334, CeVa: 0.700321614742279
Epoch: 53, AccTr: 0.8788999915122986, AccVa: 0.8399999737739563, CeTr: 0.43357470631599426, CeVa: 0.6684600710868835
Epoch: 54, AccTr: 0.870199978351593, AccVa: 0.8245000243186951, CeTr: 0.46069785952568054, CeVa: 0.7130841016769409
Epoch: 55, AccTr: 0.8640999794006348, AccVa: 0.8184999823570251, CeTr: 0.48458045721054077, CeVa: 0.7181630730628967
ENSEMBLE | Tr_Acc: 0.9538000226020813, Tr_CE: 0.14867003262043, Va_Acc: 0.9179999828338623, Va_CE: 0.3131333291530609
Epoch: 56, AccTr: 0.8722000122070312, AccVa: 0.8270000219345093, CeTr: 0.47922518849372864, CeVa: 0.6955586075782776
Epoch: 57, AccTr: 0.8694000244140625, AccVa: 0.8224999904632568, CeTr: 0.4468596279621124, CeVa: 0.6732315421104431
Epoch: 58, AccTr: 0.8651000261306763, AccVa: 0.8190000057220459, CeTr: 0.47603079676628113, CeVa: 0.7103338241577148
Epoch: 59, AccTr: 0.8705000281333923, AccVa: 0.8234999775886536, CeTr: 0.4436284303665161, CeVa: 0.711743175983429
Epoch: 60, AccTr: 0.8751999735832214, AccVa: 0.8424999713897705, CeTr: 0.4351060092449188, CeVa: 0.6514767408370972
ENSEMBLE | Tr_Acc: 0.9556000232696533, Tr_CE: 0.14321647584438324, Va_Acc: 0.9200000166893005, Va_CE: 0.3037680387496948
Epoch: 61, AccTr: 0.8705000281333923, AccVa: 0.8295000195503235, CeTr: 0.46126705408096313, CeVa: 0.683316171169281
Epoch: 62, AccTr: 0.8702999949455261, AccVa: 0.8355000019073486, CeTr: 0.4518892467021942, CeVa: 0.6570437550544739
Epoch: 63, AccTr: 0.8784000277519226, AccVa: 0.843500018119812, CeTr: 0.4208345115184784, CeVa: 0.6526577472686768
Epoch: 64, AccTr: 0.8766000270843506, AccVa: 0.8339999914169312, CeTr: 0.43941405415534973, CeVa: 0.6826956272125244
Epoch: 65, AccTr: 0.8598999977111816, AccVa: 0.8234999775886536, CeTr: 0.5014376640319824, CeVa: 0.7179157733917236
ENSEMBLE | Tr_Acc: 0.9557999968528748, Tr_CE: 0.13997575640678406, Va_Acc: 0.921999990940094, Va_CE: 0.29677700996398926
Epoch: 66, AccTr: 0.8726000189781189, AccVa: 0.8370000123977661, CeTr: 0.43950068950653076, CeVa: 0.7052952647209167
Epoch: 67, AccTr: 0.8708999752998352, AccVa: 0.8389999866485596, CeTr: 0.4524939954280853, CeVa: 0.6943491697311401
Epoch: 68, AccTr: 0.8672999739646912, AccVa: 0.8309999704360962, CeTr: 0.48502060770988464, CeVa: 0.7419513463973999
Epoch: 69, AccTr: 0.8601999878883362, AccVa: 0.8259999752044678, CeTr: 0.47380194067955017, CeVa: 0.6920492649078369
Epoch: 70, AccTr: 0.8690000176429749, AccVa: 0.8330000042915344, CeTr: 0.44706031680107117, CeVa: 0.6809713244438171
ENSEMBLE | Tr_Acc: 0.9567999839782715, Tr_CE: 0.1367049515247345, Va_Acc: 0.921999990940094, Va_CE: 0.2953721284866333
Epoch: 71, AccTr: 0.8744000196456909, AccVa: 0.8299999833106995, CeTr: 0.46222010254859924, CeVa: 0.6921634674072266
Epoch: 72, AccTr: 0.878000020980835, AccVa: 0.8320000171661377, CeTr: 0.39489009976387024, CeVa: 0.6692104935646057
Epoch: 73, AccTr: 0.8666999936103821, AccVa: 0.8360000252723694, CeTr: 0.44245457649230957, CeVa: 0.6111467480659485
Epoch: 74, AccTr: 0.8726999759674072, AccVa: 0.8299999833106995, CeTr: 0.4601542055606842, CeVa: 0.6452810168266296
Epoch: 75, AccTr: 0.8700000047683716, AccVa: 0.8389999866485596, CeTr: 0.47372666001319885, CeVa: 0.6544764041900635
ENSEMBLE | Tr_Acc: 0.9575999975204468, Tr_CE: 0.13482321798801422, Va_Acc: 0.9210000038146973, Va_CE: 0.29025986790657043
Epoch: 76, AccTr: 0.8722000122070312, AccVa: 0.8209999799728394, CeTr: 0.4367263615131378, CeVa: 0.6533651351928711
Epoch: 77, AccTr: 0.8697999715805054, AccVa: 0.8374999761581421, CeTr: 0.4600066542625427, CeVa: 0.63091641664505
Epoch: 78, AccTr: 0.8729000091552734, AccVa: 0.8215000033378601, CeTr: 0.464202344417572, CeVa: 0.7288469672203064
Epoch: 79, AccTr: 0.8708000183105469, AccVa: 0.8289999961853027, CeTr: 0.42901748418807983, CeVa: 0.7082601189613342
Epoch: 80, AccTr: 0.8723999857902527, AccVa: 0.8324999809265137, CeTr: 0.4333301782608032, CeVa: 0.6745047569274902
ENSEMBLE | Tr_Acc: 0.958899974822998, Tr_CE: 0.13240599632263184, Va_Acc: 0.921500027179718, Va_CE: 0.2881046235561371
Epoch: 81, AccTr: 0.8741999864578247, AccVa: 0.8349999785423279, CeTr: 0.4299727976322174, CeVa: 0.6588196754455566
Epoch: 82, AccTr: 0.8700000047683716, AccVa: 0.840499997138977, CeTr: 0.4226818382740021, CeVa: 0.6924023628234863
Epoch: 83, AccTr: 0.8708000183105469, AccVa: 0.8305000066757202, CeTr: 0.4581755995750427, CeVa: 0.6990804672241211
Epoch: 84, AccTr: 0.8705999851226807, AccVa: 0.8299999833106995, CeTr: 0.4644317328929901, CeVa: 0.718586802482605
Epoch: 85, AccTr: 0.8837000131607056, AccVa: 0.828000009059906, CeTr: 0.3931513726711273, CeVa: 0.681566059589386
ENSEMBLE | Tr_Acc: 0.9592000246047974, Tr_CE: 0.1289948672056198, Va_Acc: 0.9244999885559082, Va_CE: 0.2860722243785858
Epoch: 86, AccTr: 0.8838000297546387, AccVa: 0.8360000252723694, CeTr: 0.39668336510658264, CeVa: 0.6526380777359009
Epoch: 87, AccTr: 0.8740000128746033, AccVa: 0.8330000042915344, CeTr: 0.43308311700820923, CeVa: 0.6849753856658936
Epoch: 88, AccTr: 0.8712999820709229, AccVa: 0.8299999833106995, CeTr: 0.4537656307220459, CeVa: 0.6694779396057129
Epoch: 89, AccTr: 0.8773000240325928, AccVa: 0.8264999985694885, CeTr: 0.40999913215637207, CeVa: 0.6861687302589417
Epoch: 90, AccTr: 0.8715999722480774, AccVa: 0.8364999890327454, CeTr: 0.4436609745025635, CeVa: 0.6600614190101624
ENSEMBLE | Tr_Acc: 0.9589999914169312, Tr_CE: 0.12770991027355194, Va_Acc: 0.9265000224113464, Va_CE: 0.2826312184333801
Epoch: 91, AccTr: 0.8733000159263611, AccVa: 0.8320000171661377, CeTr: 0.4252239167690277, CeVa: 0.6511526107788086
Epoch: 92, AccTr: 0.8762000203132629, AccVa: 0.8450000286102295, CeTr: 0.42976054549217224, CeVa: 0.6412398815155029
Epoch: 93, AccTr: 0.8722000122070312, AccVa: 0.8445000052452087, CeTr: 0.4667888581752777, CeVa: 0.6596686244010925
Epoch: 94, AccTr: 0.8737999796867371, AccVa: 0.8259999752044678, CeTr: 0.44319209456443787, CeVa: 0.680397093296051
Epoch: 95, AccTr: 0.8849999904632568, AccVa: 0.8130000233650208, CeTr: 0.398225337266922, CeVa: 0.7462484240531921
ENSEMBLE | Tr_Acc: 0.9591000080108643, Tr_CE: 0.12528744339942932, Va_Acc: 0.9269999861717224, Va_CE: 0.2842598557472229
Epoch: 96, AccTr: 0.8791000247001648, AccVa: 0.8364999890327454, CeTr: 0.42290738224983215, CeVa: 0.655288577079773
Epoch: 97, AccTr: 0.8744000196456909, AccVa: 0.8550000190734863, CeTr: 0.4220530390739441, CeVa: 0.6176548600196838
Epoch: 98, AccTr: 0.8756999969482422, AccVa: 0.847000002861023, CeTr: 0.42909345030784607, CeVa: 0.6405101418495178
Epoch: 99, AccTr: 0.8830000162124634, AccVa: 0.8314999938011169, CeTr: 0.40044504404067993, CeVa: 0.6004944443702698
Epoch: 100, AccTr: 0.8711000084877014, AccVa: 0.8264999985694885, CeTr: 0.42837852239608765, CeVa: 0.6833876967430115
ENSEMBLE | Tr_Acc: 0.9603000283241272, Tr_CE: 0.12304134666919708, Va_Acc: 0.925000011920929, Va_CE: 0.28374120593070984
Epoch: 101, AccTr: 0.8730999827384949, AccVa: 0.8230000138282776, CeTr: 0.44003328680992126, CeVa: 0.7099449634552002
Epoch: 102, AccTr: 0.8743000030517578, AccVa: 0.8324999809265137, CeTr: 0.4309268593788147, CeVa: 0.6926695108413696
Epoch: 103, AccTr: 0.8762999773025513, AccVa: 0.8320000171661377, CeTr: 0.4374382793903351, CeVa: 0.6894466280937195
Epoch: 104, AccTr: 0.864799976348877, AccVa: 0.8180000185966492, CeTr: 0.47431889176368713, CeVa: 0.6957489848136902
Epoch: 105, AccTr: 0.8787000179290771, AccVa: 0.8309999704360962, CeTr: 0.42453667521476746, CeVa: 0.6846945881843567
ENSEMBLE | Tr_Acc: 0.9605000019073486, Tr_CE: 0.12126767635345459, Va_Acc: 0.9269999861717224, Va_CE: 0.2820005714893341
Epoch: 106, AccTr: 0.8766999840736389, AccVa: 0.828499972820282, CeTr: 0.42951661348342896, CeVa: 0.6833211779594421
Epoch: 107, AccTr: 0.8654000163078308, AccVa: 0.815500020980835, CeTr: 0.4714561104774475, CeVa: 0.7369704842567444
Epoch: 108, AccTr: 0.8729000091552734, AccVa: 0.8180000185966492, CeTr: 0.45074591040611267, CeVa: 0.723057210445404
Epoch: 109, AccTr: 0.8718000054359436, AccVa: 0.8274999856948853, CeTr: 0.43851175904273987, CeVa: 0.6802104711532593
Epoch: 110, AccTr: 0.8758999705314636, AccVa: 0.8324999809265137, CeTr: 0.4253697693347931, CeVa: 0.6582683324813843
ENSEMBLE | Tr_Acc: 0.9613000154495239, Tr_CE: 0.11944172531366348, Va_Acc: 0.9290000200271606, Va_CE: 0.28018462657928467
Epoch: 111, AccTr: 0.8669000267982483, AccVa: 0.8190000057220459, CeTr: 0.4490831196308136, CeVa: 0.6919628381729126
Epoch: 112, AccTr: 0.8691999912261963, AccVa: 0.8299999833106995, CeTr: 0.44717681407928467, CeVa: 0.6835476160049438
Epoch: 113, AccTr: 0.8715999722480774, AccVa: 0.8119999766349792, CeTr: 0.44343847036361694, CeVa: 0.7756038904190063
Epoch: 114, AccTr: 0.869700014591217, AccVa: 0.8220000267028809, CeTr: 0.4757292866706848, CeVa: 0.7082414627075195
Epoch: 115, AccTr: 0.8672000169754028, AccVa: 0.8330000042915344, CeTr: 0.4651584029197693, CeVa: 0.6779504418373108
ENSEMBLE | Tr_Acc: 0.9614999890327454, Tr_CE: 0.11959313601255417, Va_Acc: 0.9265000224113464, Va_CE: 0.2797912061214447
Epoch: 116, AccTr: 0.8709999918937683, AccVa: 0.8330000042915344, CeTr: 0.45344433188438416, CeVa: 0.7081058025360107
Epoch: 117, AccTr: 0.8723000288009644, AccVa: 0.840499997138977, CeTr: 0.41875526309013367, CeVa: 0.6932902336120605
Epoch: 118, AccTr: 0.8705000281333923, AccVa: 0.828000009059906, CeTr: 0.4461265504360199, CeVa: 0.6770978569984436
Epoch: 119, AccTr: 0.8680999875068665, AccVa: 0.8335000276565552, CeTr: 0.4527122974395752, CeVa: 0.6365886330604553
Epoch: 120, AccTr: 0.8623999953269958, AccVa: 0.8220000267028809, CeTr: 0.4942464828491211, CeVa: 0.7288236021995544
ENSEMBLE | Tr_Acc: 0.9616000056266785, Tr_CE: 0.11971739679574966, Va_Acc: 0.9259999990463257, Va_CE: 0.2794523537158966
Epoch: 121, AccTr: 0.8720999956130981, AccVa: 0.8314999938011169, CeTr: 0.4424319267272949, CeVa: 0.7057012915611267
Epoch: 122, AccTr: 0.8758000135421753, AccVa: 0.8349999785423279, CeTr: 0.42186132073402405, CeVa: 0.6582034230232239
Epoch: 123, AccTr: 0.8686000108718872, AccVa: 0.8205000162124634, CeTr: 0.44950631260871887, CeVa: 0.6884680390357971
Epoch: 124, AccTr: 0.8665000200271606, AccVa: 0.8274999856948853, CeTr: 0.47717344760894775, CeVa: 0.6989935040473938
Epoch: 125, AccTr: 0.868399977684021, AccVa: 0.824999988079071, CeTr: 0.4628834128379822, CeVa: 0.688095211982727
ENSEMBLE | Tr_Acc: 0.961899995803833, Tr_CE: 0.11971268057823181, Va_Acc: 0.9294999837875366, Va_CE: 0.278921514749527
Epoch: 126, AccTr: 0.8671000003814697, AccVa: 0.8209999799728394, CeTr: 0.46148934960365295, CeVa: 0.7285430431365967
Epoch: 127, AccTr: 0.8794000148773193, AccVa: 0.8299999833106995, CeTr: 0.41490858793258667, CeVa: 0.7008447647094727
Epoch: 128, AccTr: 0.8622000217437744, AccVa: 0.8180000185966492, CeTr: 0.49009671807289124, CeVa: 0.7355964779853821
Epoch: 129, AccTr: 0.8730999827384949, AccVa: 0.8180000185966492, CeTr: 0.4325573146343231, CeVa: 0.7044340968132019
Epoch: 130, AccTr: 0.8708000183105469, AccVa: 0.8305000066757202, CeTr: 0.44723787903785706, CeVa: 0.6898345947265625
ENSEMBLE | Tr_Acc: 0.9624000191688538, Tr_CE: 0.1191851794719696, Va_Acc: 0.9294999837875366, Va_CE: 0.2782971262931824
Epoch: 131, AccTr: 0.8794999718666077, AccVa: 0.8330000042915344, CeTr: 0.4127328097820282, CeVa: 0.6637371182441711
Epoch: 132, AccTr: 0.8784999847412109, AccVa: 0.8330000042915344, CeTr: 0.4209854006767273, CeVa: 0.6652979254722595
Epoch: 133, AccTr: 0.8748000264167786, AccVa: 0.8355000019073486, CeTr: 0.4399459958076477, CeVa: 0.6897503137588501
Epoch: 134, AccTr: 0.8737000226974487, AccVa: 0.8335000276565552, CeTr: 0.4280940294265747, CeVa: 0.6541574597358704
Epoch: 135, AccTr: 0.8701000213623047, AccVa: 0.8289999961853027, CeTr: 0.4468066990375519, CeVa: 0.7372083067893982
ENSEMBLE | Tr_Acc: 0.9628000259399414, Tr_CE: 0.11770136654376984, Va_Acc: 0.9284999966621399, Va_CE: 0.278092622756958
Epoch: 136, AccTr: 0.8784000277519226, AccVa: 0.843500018119812, CeTr: 0.41780269145965576, CeVa: 0.6613901257514954
Epoch: 137, AccTr: 0.8666999936103821, AccVa: 0.8349999785423279, CeTr: 0.44953760504722595, CeVa: 0.6516848802566528
Epoch: 138, AccTr: 0.8773999810218811, AccVa: 0.8289999961853027, CeTr: 0.42156800627708435, CeVa: 0.6860793232917786
Epoch: 139, AccTr: 0.8726999759674072, AccVa: 0.8165000081062317, CeTr: 0.43312472105026245, CeVa: 0.6981472969055176
Epoch: 140, AccTr: 0.8720999956130981, AccVa: 0.8220000267028809, CeTr: 0.4243413209915161, CeVa: 0.7069137096405029
ENSEMBLE | Tr_Acc: 0.9635999798774719, Tr_CE: 0.11663816124200821, Va_Acc: 0.9275000095367432, Va_CE: 0.2759014666080475
Epoch: 141, AccTr: 0.864300012588501, AccVa: 0.824999988079071, CeTr: 0.4751572608947754, CeVa: 0.7720986604690552
Epoch: 142, AccTr: 0.8743000030517578, AccVa: 0.8195000290870667, CeTr: 0.43608251214027405, CeVa: 0.7670305967330933
Epoch: 143, AccTr: 0.8682000041007996, AccVa: 0.8314999938011169, CeTr: 0.445263147354126, CeVa: 0.6807404160499573
Epoch: 144, AccTr: 0.8639000058174133, AccVa: 0.828499972820282, CeTr: 0.47072967886924744, CeVa: 0.7062508463859558
Epoch: 145, AccTr: 0.8726999759674072, AccVa: 0.8230000138282776, CeTr: 0.44630855321884155, CeVa: 0.7040740251541138
ENSEMBLE | Tr_Acc: 0.9639999866485596, Tr_CE: 0.11632181704044342, Va_Acc: 0.9275000095367432, Va_CE: 0.2756797969341278
Epoch: 146, AccTr: 0.8747000098228455, AccVa: 0.8339999914169312, CeTr: 0.43114185333251953, CeVa: 0.6684201955795288
Epoch: 147, AccTr: 0.8766999840736389, AccVa: 0.8355000019073486, CeTr: 0.4448477625846863, CeVa: 0.6785817742347717
Epoch: 148, AccTr: 0.873199999332428, AccVa: 0.8259999752044678, CeTr: 0.4413593113422394, CeVa: 0.6846861839294434
Epoch: 149, AccTr: 0.8751000165939331, AccVa: 0.8374999761581421, CeTr: 0.4447159171104431, CeVa: 0.6731811761856079
Epoch: 150, AccTr: 0.8805000185966492, AccVa: 0.8420000076293945, CeTr: 0.41636553406715393, CeVa: 0.6748207807540894
ENSEMBLE | Tr_Acc: 0.9638000130653381, Tr_CE: 0.11537641286849976, Va_Acc: 0.9284999966621399, Va_CE: 0.27475595474243164
Mod Accuracy || Mean: 0.8307499885559082	 Std: 0.01124998927116394
Ens Accuracy || Mean: 0.9264999628067017	 Std: 0.0020000040531158447
Mod CE || Mean: 0.7051135897636414	 Std: 0.030292809009552002
Ens CE || Mean: 0.2736794650554657	 Std: 0.0010764896869659424
