NN CONFIG
Weight-type:		ternary
Layout									Layer #1: 280	Layer #2: 200	
Activation Functions					Layer #1: bs	Layer #2: bs	
Keep probabilities		Layer #0: 0.99	Layer #1: 0.98	Layer #2: 0.98	
Flat factors							Layer #1: 1.0	Layer #2: 1.0	Layer #3: 1.0	
Activation Noise						Layer #1: 0.1	Layer #2: 0.1	Layer #3: 0.0	

===================================

RUN CONFIG
Epochs: 150, Blocksize: 4

===================================

Epoch: 1, AccTr: 0.8661999702453613, AccVa: 0.8140000104904175, CeTr: 0.4799325168132782, CeVa: 0.7442124485969543
Epoch: 2, AccTr: 0.8550000190734863, AccVa: 0.8105000257492065, CeTr: 0.5098518133163452, CeVa: 0.7733044624328613
Epoch: 3, AccTr: 0.8614000082015991, AccVa: 0.8134999871253967, CeTr: 0.5288318395614624, CeVa: 0.7593823671340942
Epoch: 4, AccTr: 0.8514000177383423, AccVa: 0.8080000281333923, CeTr: 0.5405023694038391, CeVa: 0.8131439685821533
Epoch: 5, AccTr: 0.857200026512146, AccVa: 0.8199999928474426, CeTr: 0.5026137232780457, CeVa: 0.7068731188774109
Epoch: 6, AccTr: 0.8463000059127808, AccVa: 0.8165000081062317, CeTr: 0.5829018354415894, CeVa: 0.7907511591911316
Epoch: 7, AccTr: 0.8615999817848206, AccVa: 0.8180000185966492, CeTr: 0.4892193377017975, CeVa: 0.7726958990097046
Epoch: 8, AccTr: 0.8476999998092651, AccVa: 0.8134999871253967, CeTr: 0.5709161758422852, CeVa: 0.8301939964294434
Epoch: 9, AccTr: 0.8607000112533569, AccVa: 0.8270000219345093, CeTr: 0.5025036334991455, CeVa: 0.8073981404304504
Epoch: 10, AccTr: 0.864799976348877, AccVa: 0.8220000267028809, CeTr: 0.4972643554210663, CeVa: 0.7924389839172363
Epoch: 11, AccTr: 0.8615000247955322, AccVa: 0.8220000267028809, CeTr: 0.5067823529243469, CeVa: 0.7816070914268494
Epoch: 12, AccTr: 0.8567000031471252, AccVa: 0.8205000162124634, CeTr: 0.5113609433174133, CeVa: 0.7829857468605042
Epoch: 13, AccTr: 0.863099992275238, AccVa: 0.8149999976158142, CeTr: 0.4960854947566986, CeVa: 0.7990347146987915
Epoch: 14, AccTr: 0.8413000106811523, AccVa: 0.8054999709129333, CeTr: 0.5960459113121033, CeVa: 0.8463501334190369
Epoch: 15, AccTr: 0.8662999868392944, AccVa: 0.8144999742507935, CeTr: 0.4897971749305725, CeVa: 0.8092616200447083
Epoch: 16, AccTr: 0.8593000173568726, AccVa: 0.8255000114440918, CeTr: 0.5277117490768433, CeVa: 0.8308027386665344
Epoch: 17, AccTr: 0.8533999919891357, AccVa: 0.8230000138282776, CeTr: 0.5441853404045105, CeVa: 0.8231143951416016
Epoch: 18, AccTr: 0.8618000149726868, AccVa: 0.8159999847412109, CeTr: 0.5032327771186829, CeVa: 0.8360838890075684
Epoch: 19, AccTr: 0.8554999828338623, AccVa: 0.8084999918937683, CeTr: 0.5477026104927063, CeVa: 0.8239055275917053
Epoch: 20, AccTr: 0.8580999970436096, AccVa: 0.8115000128746033, CeTr: 0.5283361077308655, CeVa: 0.8687718510627747
Epoch: 21, AccTr: 0.8671000003814697, AccVa: 0.8305000066757202, CeTr: 0.4876060485839844, CeVa: 0.7643157243728638
Epoch: 22, AccTr: 0.8626000285148621, AccVa: 0.815500020980835, CeTr: 0.49770766496658325, CeVa: 0.7977414727210999
Epoch: 23, AccTr: 0.8679999709129333, AccVa: 0.824999988079071, CeTr: 0.48909786343574524, CeVa: 0.7818726897239685
Epoch: 24, AccTr: 0.8691999912261963, AccVa: 0.8264999985694885, CeTr: 0.4950585961341858, CeVa: 0.7307705283164978
Epoch: 25, AccTr: 0.8647000193595886, AccVa: 0.8080000281333923, CeTr: 0.48449593782424927, CeVa: 0.8333953619003296
Epoch: 26, AccTr: 0.8671000003814697, AccVa: 0.8205000162124634, CeTr: 0.49183109402656555, CeVa: 0.8364037275314331
Epoch: 27, AccTr: 0.8659999966621399, AccVa: 0.8190000057220459, CeTr: 0.4865558445453644, CeVa: 0.7599189281463623
Epoch: 28, AccTr: 0.8633000254631042, AccVa: 0.8149999976158142, CeTr: 0.4835195243358612, CeVa: 0.7666108012199402
Epoch: 29, AccTr: 0.8600000143051147, AccVa: 0.8134999871253967, CeTr: 0.5010272264480591, CeVa: 0.8209654688835144
Epoch: 30, AccTr: 0.869700014591217, AccVa: 0.8215000033378601, CeTr: 0.4556303322315216, CeVa: 0.7787419557571411
ENSEMBLE | Tr_Acc: 0.869700014591217, Tr_CE: 0.4556303322315216, Va_Acc: 0.8215000033378601, Va_CE: 0.7787419557571411
Epoch: 31, AccTr: 0.8708000183105469, AccVa: 0.8169999718666077, CeTr: 0.45404747128486633, CeVa: 0.7930850386619568
Epoch: 32, AccTr: 0.8698999881744385, AccVa: 0.8165000081062317, CeTr: 0.47444456815719604, CeVa: 0.8632457852363586
Epoch: 33, AccTr: 0.8668000102043152, AccVa: 0.8069999814033508, CeTr: 0.4849790036678314, CeVa: 0.7995945811271667
Epoch: 34, AccTr: 0.8621000051498413, AccVa: 0.8255000114440918, CeTr: 0.5238068103790283, CeVa: 0.8251081109046936
Epoch: 35, AccTr: 0.8690000176429749, AccVa: 0.828000009059906, CeTr: 0.46641668677330017, CeVa: 0.7926990389823914
ENSEMBLE | Tr_Acc: 0.9193999767303467, Tr_CE: 0.25427713990211487, Va_Acc: 0.8734999895095825, Va_CE: 0.5187127590179443
Epoch: 36, AccTr: 0.8687999844551086, AccVa: 0.8245000243186951, CeTr: 0.48640990257263184, CeVa: 0.8017210960388184
Epoch: 37, AccTr: 0.8707000017166138, AccVa: 0.8320000171661377, CeTr: 0.498077392578125, CeVa: 0.7641316652297974
Epoch: 38, AccTr: 0.8672000169754028, AccVa: 0.8289999961853027, CeTr: 0.5010454058647156, CeVa: 0.7601466774940491
Epoch: 39, AccTr: 0.8712999820709229, AccVa: 0.8370000123977661, CeTr: 0.4754858911037445, CeVa: 0.7489351034164429
Epoch: 40, AccTr: 0.8669000267982483, AccVa: 0.8159999847412109, CeTr: 0.48646098375320435, CeVa: 0.7726745009422302
ENSEMBLE | Tr_Acc: 0.9369000196456909, Tr_CE: 0.19496333599090576, Va_Acc: 0.8955000042915344, Va_CE: 0.4296225309371948
Epoch: 41, AccTr: 0.8508999943733215, AccVa: 0.8259999752044678, CeTr: 0.559730052947998, CeVa: 0.7670820355415344
Epoch: 42, AccTr: 0.866599977016449, AccVa: 0.8215000033378601, CeTr: 0.4853438436985016, CeVa: 0.7880523204803467
Epoch: 43, AccTr: 0.8666999936103821, AccVa: 0.8274999856948853, CeTr: 0.5024555921554565, CeVa: 0.7659565806388855
Epoch: 44, AccTr: 0.8629999756813049, AccVa: 0.8259999752044678, CeTr: 0.4933755397796631, CeVa: 0.7805262207984924
Epoch: 45, AccTr: 0.8428999781608582, AccVa: 0.8069999814033508, CeTr: 0.5951111316680908, CeVa: 0.903328537940979
ENSEMBLE | Tr_Acc: 0.940500020980835, Tr_CE: 0.1839943677186966, Va_Acc: 0.902999997138977, Va_CE: 0.41082778573036194
Epoch: 46, AccTr: 0.8560000061988831, AccVa: 0.8190000057220459, CeTr: 0.5249852538108826, CeVa: 0.7788074612617493
Epoch: 47, AccTr: 0.8575999736785889, AccVa: 0.8255000114440918, CeTr: 0.5160697102546692, CeVa: 0.754031777381897
Epoch: 48, AccTr: 0.8715999722480774, AccVa: 0.8169999718666077, CeTr: 0.47248169779777527, CeVa: 0.7598682045936584
Epoch: 49, AccTr: 0.8611999750137329, AccVa: 0.8109999895095825, CeTr: 0.5123690366744995, CeVa: 0.8065308928489685
Epoch: 50, AccTr: 0.850600004196167, AccVa: 0.8075000047683716, CeTr: 0.5821852684020996, CeVa: 0.8598189949989319
ENSEMBLE | Tr_Acc: 0.9434000253677368, Tr_CE: 0.17425337433815002, Va_Acc: 0.9024999737739563, Va_CE: 0.38960784673690796
Epoch: 51, AccTr: 0.8654999732971191, AccVa: 0.8264999985694885, CeTr: 0.4917670786380768, CeVa: 0.7522642612457275
Epoch: 52, AccTr: 0.8687000274658203, AccVa: 0.8234999775886536, CeTr: 0.49508944153785706, CeVa: 0.7774873971939087
Epoch: 53, AccTr: 0.8679999709129333, AccVa: 0.8245000243186951, CeTr: 0.47919949889183044, CeVa: 0.7424537539482117
Epoch: 54, AccTr: 0.8618000149726868, AccVa: 0.8180000185966492, CeTr: 0.5312049984931946, CeVa: 0.8655356168746948
Epoch: 55, AccTr: 0.8457000255584717, AccVa: 0.8130000233650208, CeTr: 0.5737258195877075, CeVa: 0.8089644312858582
ENSEMBLE | Tr_Acc: 0.9470000267028809, Tr_CE: 0.16885505616664886, Va_Acc: 0.9104999899864197, Va_CE: 0.3666994273662567
Epoch: 56, AccTr: 0.8597000241279602, AccVa: 0.8360000252723694, CeTr: 0.5178475379943848, CeVa: 0.7670514583587646
Epoch: 57, AccTr: 0.8722000122070312, AccVa: 0.8305000066757202, CeTr: 0.4596470296382904, CeVa: 0.7541432976722717
Epoch: 58, AccTr: 0.8705999851226807, AccVa: 0.8255000114440918, CeTr: 0.4804438352584839, CeVa: 0.772327184677124
Epoch: 59, AccTr: 0.8723999857902527, AccVa: 0.8330000042915344, CeTr: 0.4723207652568817, CeVa: 0.7765624523162842
Epoch: 60, AccTr: 0.861299991607666, AccVa: 0.8144999742507935, CeTr: 0.5225824117660522, CeVa: 0.8216102123260498
ENSEMBLE | Tr_Acc: 0.9483000040054321, Tr_CE: 0.16263321042060852, Va_Acc: 0.9114999771118164, Va_CE: 0.3540276288986206
Epoch: 61, AccTr: 0.8751000165939331, AccVa: 0.8255000114440918, CeTr: 0.4847744107246399, CeVa: 0.7970834970474243
Epoch: 62, AccTr: 0.8615000247955322, AccVa: 0.828499972820282, CeTr: 0.4919746518135071, CeVa: 0.7316088080406189
Epoch: 63, AccTr: 0.8648999929428101, AccVa: 0.8230000138282776, CeTr: 0.4887000024318695, CeVa: 0.7937397360801697
Epoch: 64, AccTr: 0.8708999752998352, AccVa: 0.8209999799728394, CeTr: 0.49835121631622314, CeVa: 0.768328845500946
Epoch: 65, AccTr: 0.8592000007629395, AccVa: 0.8159999847412109, CeTr: 0.5321730375289917, CeVa: 0.7805867195129395
ENSEMBLE | Tr_Acc: 0.9503999948501587, Tr_CE: 0.1569550782442093, Va_Acc: 0.9120000004768372, Va_CE: 0.3412611484527588
Epoch: 66, AccTr: 0.8608999848365784, AccVa: 0.8174999952316284, CeTr: 0.5166828036308289, CeVa: 0.822109043598175
Epoch: 67, AccTr: 0.849399983882904, AccVa: 0.8209999799728394, CeTr: 0.5488954782485962, CeVa: 0.7680436372756958
Epoch: 68, AccTr: 0.8690999746322632, AccVa: 0.8264999985694885, CeTr: 0.4758286476135254, CeVa: 0.7032766342163086
Epoch: 69, AccTr: 0.8704000115394592, AccVa: 0.8105000257492065, CeTr: 0.46024590730667114, CeVa: 0.8311922550201416
Epoch: 70, AccTr: 0.8658999800682068, AccVa: 0.8234999775886536, CeTr: 0.49451744556427, CeVa: 0.7641332745552063
ENSEMBLE | Tr_Acc: 0.9517999887466431, Tr_CE: 0.15081170201301575, Va_Acc: 0.9160000085830688, Va_CE: 0.3352983891963959
Epoch: 71, AccTr: 0.8761000037193298, AccVa: 0.8305000066757202, CeTr: 0.45150336623191833, CeVa: 0.7339543700218201
Epoch: 72, AccTr: 0.8687999844551086, AccVa: 0.8295000195503235, CeTr: 0.46566981077194214, CeVa: 0.7824238538742065
Epoch: 73, AccTr: 0.8730000257492065, AccVa: 0.8224999904632568, CeTr: 0.46489444375038147, CeVa: 0.7554530501365662
Epoch: 74, AccTr: 0.8654999732971191, AccVa: 0.8245000243186951, CeTr: 0.47312191128730774, CeVa: 0.7295229434967041
Epoch: 75, AccTr: 0.8743000030517578, AccVa: 0.8144999742507935, CeTr: 0.46477967500686646, CeVa: 0.7861169576644897
ENSEMBLE | Tr_Acc: 0.953000009059906, Tr_CE: 0.14566630125045776, Va_Acc: 0.9150000214576721, Va_CE: 0.3295358419418335
Epoch: 76, AccTr: 0.8607000112533569, AccVa: 0.8220000267028809, CeTr: 0.5317254662513733, CeVa: 0.7786568403244019
Epoch: 77, AccTr: 0.8607000112533569, AccVa: 0.8180000185966492, CeTr: 0.549595832824707, CeVa: 0.8474217057228088
Epoch: 78, AccTr: 0.8622000217437744, AccVa: 0.8324999809265137, CeTr: 0.5419288873672485, CeVa: 0.7607817649841309
Epoch: 79, AccTr: 0.8715999722480774, AccVa: 0.828000009059906, CeTr: 0.4800978899002075, CeVa: 0.7465214729309082
Epoch: 80, AccTr: 0.8569999933242798, AccVa: 0.828000009059906, CeTr: 0.5435855388641357, CeVa: 0.760482668876648
ENSEMBLE | Tr_Acc: 0.9549999833106995, Tr_CE: 0.143746480345726, Va_Acc: 0.9160000085830688, Va_CE: 0.32274171710014343
Epoch: 81, AccTr: 0.8747000098228455, AccVa: 0.8330000042915344, CeTr: 0.47299423813819885, CeVa: 0.7430431842803955
Epoch: 82, AccTr: 0.8672999739646912, AccVa: 0.8309999704360962, CeTr: 0.5074474811553955, CeVa: 0.739802360534668
Epoch: 83, AccTr: 0.8677999973297119, AccVa: 0.8205000162124634, CeTr: 0.47920262813568115, CeVa: 0.7678674459457397
Epoch: 84, AccTr: 0.8737999796867371, AccVa: 0.8399999737739563, CeTr: 0.4777061939239502, CeVa: 0.7683054208755493
Epoch: 85, AccTr: 0.8622999787330627, AccVa: 0.8305000066757202, CeTr: 0.5329057574272156, CeVa: 0.7925218343734741
ENSEMBLE | Tr_Acc: 0.9545000195503235, Tr_CE: 0.14170444011688232, Va_Acc: 0.9194999933242798, Va_CE: 0.317997008562088
Epoch: 86, AccTr: 0.8547999858856201, AccVa: 0.828000009059906, CeTr: 0.5425278544425964, CeVa: 0.7718430161476135
Epoch: 87, AccTr: 0.8629000186920166, AccVa: 0.8174999952316284, CeTr: 0.5166144371032715, CeVa: 0.8082575798034668
Epoch: 88, AccTr: 0.8664000034332275, AccVa: 0.8134999871253967, CeTr: 0.49968740344047546, CeVa: 0.7816958427429199
Epoch: 89, AccTr: 0.8683000206947327, AccVa: 0.8305000066757202, CeTr: 0.47944375872612, CeVa: 0.795713484287262
Epoch: 90, AccTr: 0.871399998664856, AccVa: 0.8255000114440918, CeTr: 0.47854605317115784, CeVa: 0.7746022343635559
ENSEMBLE | Tr_Acc: 0.9545999765396118, Tr_CE: 0.1387692093849182, Va_Acc: 0.921500027179718, Va_CE: 0.314419150352478
Epoch: 91, AccTr: 0.8697999715805054, AccVa: 0.8305000066757202, CeTr: 0.47513526678085327, CeVa: 0.7981412410736084
Epoch: 92, AccTr: 0.8662999868392944, AccVa: 0.8330000042915344, CeTr: 0.49868208169937134, CeVa: 0.7671409845352173
Epoch: 93, AccTr: 0.8669999837875366, AccVa: 0.8264999985694885, CeTr: 0.4969380795955658, CeVa: 0.784696638584137
Epoch: 94, AccTr: 0.8586000204086304, AccVa: 0.8339999914169312, CeTr: 0.5043599605560303, CeVa: 0.7626124024391174
Epoch: 95, AccTr: 0.8672000169754028, AccVa: 0.8355000019073486, CeTr: 0.46705684065818787, CeVa: 0.7035162448883057
ENSEMBLE | Tr_Acc: 0.9563000202178955, Tr_CE: 0.1339741200208664, Va_Acc: 0.9204999804496765, Va_CE: 0.308684378862381
Epoch: 96, AccTr: 0.8726000189781189, AccVa: 0.8420000076293945, CeTr: 0.4652486741542816, CeVa: 0.7125683426856995
Epoch: 97, AccTr: 0.8664000034332275, AccVa: 0.8184999823570251, CeTr: 0.48586973547935486, CeVa: 0.651380181312561
Epoch: 98, AccTr: 0.8640999794006348, AccVa: 0.8335000276565552, CeTr: 0.5031468868255615, CeVa: 0.7186979055404663
Epoch: 99, AccTr: 0.871999979019165, AccVa: 0.8385000228881836, CeTr: 0.45065000653266907, CeVa: 0.6779223680496216
Epoch: 100, AccTr: 0.8611999750137329, AccVa: 0.8309999704360962, CeTr: 0.5051313638687134, CeVa: 0.7382128238677979
ENSEMBLE | Tr_Acc: 0.9577999711036682, Tr_CE: 0.13201488554477692, Va_Acc: 0.9204999804496765, Va_CE: 0.30779582262039185
Epoch: 101, AccTr: 0.8626999855041504, AccVa: 0.815500020980835, CeTr: 0.5257959961891174, CeVa: 0.7961277961730957
Epoch: 102, AccTr: 0.866100013256073, AccVa: 0.828499972820282, CeTr: 0.48652133345603943, CeVa: 0.7537822127342224
Epoch: 103, AccTr: 0.8708999752998352, AccVa: 0.8335000276565552, CeTr: 0.4779652953147888, CeVa: 0.7368897795677185
Epoch: 104, AccTr: 0.8605999946594238, AccVa: 0.7935000061988831, CeTr: 0.5423747897148132, CeVa: 0.8575392365455627
Epoch: 105, AccTr: 0.8702999949455261, AccVa: 0.8270000219345093, CeTr: 0.4766286015510559, CeVa: 0.7666579484939575
ENSEMBLE | Tr_Acc: 0.958899974822998, Tr_CE: 0.13086271286010742, Va_Acc: 0.9185000061988831, Va_CE: 0.3076808750629425
Epoch: 106, AccTr: 0.8741999864578247, AccVa: 0.828499972820282, CeTr: 0.4586348235607147, CeVa: 0.7644672989845276
Epoch: 107, AccTr: 0.8695999979972839, AccVa: 0.8335000276565552, CeTr: 0.473171591758728, CeVa: 0.7495276927947998
Epoch: 108, AccTr: 0.8759999871253967, AccVa: 0.8199999928474426, CeTr: 0.4618472158908844, CeVa: 0.7621115446090698
Epoch: 109, AccTr: 0.8518000245094299, AccVa: 0.8274999856948853, CeTr: 0.5685933828353882, CeVa: 0.8150603771209717
Epoch: 110, AccTr: 0.8615000247955322, AccVa: 0.8230000138282776, CeTr: 0.5357524156570435, CeVa: 0.775035560131073
ENSEMBLE | Tr_Acc: 0.9598000049591064, Tr_CE: 0.12973040342330933, Va_Acc: 0.921500027179718, Va_CE: 0.30612319707870483
Epoch: 111, AccTr: 0.8671000003814697, AccVa: 0.8299999833106995, CeTr: 0.4875771403312683, CeVa: 0.7859453558921814
Epoch: 112, AccTr: 0.8705999851226807, AccVa: 0.8360000252723694, CeTr: 0.4783855974674225, CeVa: 0.6863254308700562
Epoch: 113, AccTr: 0.8744000196456909, AccVa: 0.8255000114440918, CeTr: 0.42666539549827576, CeVa: 0.7344255447387695
Epoch: 114, AccTr: 0.8608999848365784, AccVa: 0.8324999809265137, CeTr: 0.5068106651306152, CeVa: 0.7218661308288574
Epoch: 115, AccTr: 0.8629000186920166, AccVa: 0.824999988079071, CeTr: 0.523898720741272, CeVa: 0.8018495440483093
ENSEMBLE | Tr_Acc: 0.9593999981880188, Tr_CE: 0.12950927019119263, Va_Acc: 0.9210000038146973, Va_CE: 0.3063555359840393
Epoch: 116, AccTr: 0.8666999936103821, AccVa: 0.8199999928474426, CeTr: 0.5011402368545532, CeVa: 0.8641130328178406
Epoch: 117, AccTr: 0.8726999759674072, AccVa: 0.8199999928474426, CeTr: 0.44658026099205017, CeVa: 0.8071464896202087
Epoch: 118, AccTr: 0.8737000226974487, AccVa: 0.8105000257492065, CeTr: 0.4631749987602234, CeVa: 0.8650131225585938
Epoch: 119, AccTr: 0.8810999989509583, AccVa: 0.8295000195503235, CeTr: 0.44889476895332336, CeVa: 0.7785979509353638
Epoch: 120, AccTr: 0.8640999794006348, AccVa: 0.8230000138282776, CeTr: 0.4857070744037628, CeVa: 0.7672495245933533
ENSEMBLE | Tr_Acc: 0.9593999981880188, Tr_CE: 0.12782661616802216, Va_Acc: 0.9200000166893005, Va_CE: 0.3020785450935364
Epoch: 121, AccTr: 0.862500011920929, AccVa: 0.8330000042915344, CeTr: 0.5044372081756592, CeVa: 0.7587060928344727
Epoch: 122, AccTr: 0.8741000294685364, AccVa: 0.8320000171661377, CeTr: 0.46246424317359924, CeVa: 0.739425003528595
Epoch: 123, AccTr: 0.864300012588501, AccVa: 0.8335000276565552, CeTr: 0.5137085318565369, CeVa: 0.7342020273208618
Epoch: 124, AccTr: 0.8659999966621399, AccVa: 0.8274999856948853, CeTr: 0.5036326050758362, CeVa: 0.7297493815422058
Epoch: 125, AccTr: 0.864799976348877, AccVa: 0.8355000019073486, CeTr: 0.48419320583343506, CeVa: 0.8004977703094482
ENSEMBLE | Tr_Acc: 0.9595999717712402, Tr_CE: 0.1267855316400528, Va_Acc: 0.9190000295639038, Va_CE: 0.301331102848053
Epoch: 126, AccTr: 0.8604999780654907, AccVa: 0.8255000114440918, CeTr: 0.5165523886680603, CeVa: 0.7479514479637146
Epoch: 127, AccTr: 0.8579000234603882, AccVa: 0.8240000009536743, CeTr: 0.5216262936592102, CeVa: 0.7975041270256042
Epoch: 128, AccTr: 0.8723999857902527, AccVa: 0.828000009059906, CeTr: 0.4809800386428833, CeVa: 0.7698420882225037
Epoch: 129, AccTr: 0.8690000176429749, AccVa: 0.828000009059906, CeTr: 0.48487618565559387, CeVa: 0.7947432398796082
Epoch: 130, AccTr: 0.8709999918937683, AccVa: 0.828499972820282, CeTr: 0.4748561978340149, CeVa: 0.7777507305145264
ENSEMBLE | Tr_Acc: 0.9602000117301941, Tr_CE: 0.1255139261484146, Va_Acc: 0.9200000166893005, Va_CE: 0.2983224093914032
Epoch: 131, AccTr: 0.871399998664856, AccVa: 0.8360000252723694, CeTr: 0.4757072627544403, CeVa: 0.7271042466163635
Epoch: 132, AccTr: 0.8662999868392944, AccVa: 0.8230000138282776, CeTr: 0.5070973038673401, CeVa: 0.7772614359855652
Epoch: 133, AccTr: 0.8590999841690063, AccVa: 0.8134999871253967, CeTr: 0.5150949954986572, CeVa: 0.793945848941803
Epoch: 134, AccTr: 0.8658000230789185, AccVa: 0.828000009059906, CeTr: 0.5139732360839844, CeVa: 0.7329899072647095
Epoch: 135, AccTr: 0.8644999861717224, AccVa: 0.815500020980835, CeTr: 0.5056046843528748, CeVa: 0.8204716444015503
ENSEMBLE | Tr_Acc: 0.9610000252723694, Tr_CE: 0.12422413378953934, Va_Acc: 0.9225000143051147, Va_CE: 0.2979223132133484
Epoch: 136, AccTr: 0.8604999780654907, AccVa: 0.8105000257492065, CeTr: 0.5064314007759094, CeVa: 0.7984981536865234
Epoch: 137, AccTr: 0.8644999861717224, AccVa: 0.828499972820282, CeTr: 0.5006117224693298, CeVa: 0.7391630411148071
Epoch: 138, AccTr: 0.871999979019165, AccVa: 0.8230000138282776, CeTr: 0.48298516869544983, CeVa: 0.7430137395858765
Epoch: 139, AccTr: 0.8744999766349792, AccVa: 0.8230000138282776, CeTr: 0.4410342872142792, CeVa: 0.7784194350242615
Epoch: 140, AccTr: 0.8659999966621399, AccVa: 0.8295000195503235, CeTr: 0.4871935546398163, CeVa: 0.7626604437828064
ENSEMBLE | Tr_Acc: 0.9616000056266785, Tr_CE: 0.12267414480447769, Va_Acc: 0.9200000166893005, Va_CE: 0.29585251212120056
Epoch: 141, AccTr: 0.8618000149726868, AccVa: 0.8174999952316284, CeTr: 0.5443969368934631, CeVa: 0.8226369619369507
Epoch: 142, AccTr: 0.864799976348877, AccVa: 0.8330000042915344, CeTr: 0.4868256747722626, CeVa: 0.7731526494026184
Epoch: 143, AccTr: 0.8784000277519226, AccVa: 0.824999988079071, CeTr: 0.4520955979824066, CeVa: 0.7716319561004639
Epoch: 144, AccTr: 0.8603000044822693, AccVa: 0.8165000081062317, CeTr: 0.5215798616409302, CeVa: 0.7603244781494141
Epoch: 145, AccTr: 0.8665000200271606, AccVa: 0.8245000243186951, CeTr: 0.47582799196243286, CeVa: 0.7804668545722961
ENSEMBLE | Tr_Acc: 0.9617999792098999, Tr_CE: 0.12164423614740372, Va_Acc: 0.9204999804496765, Va_CE: 0.2959772050380707
Epoch: 146, AccTr: 0.8712000250816345, AccVa: 0.8240000009536743, CeTr: 0.4644661247730255, CeVa: 0.7638115286827087
Epoch: 147, AccTr: 0.8623999953269958, AccVa: 0.8295000195503235, CeTr: 0.5085280537605286, CeVa: 0.7483114004135132
Epoch: 148, AccTr: 0.871399998664856, AccVa: 0.8259999752044678, CeTr: 0.46869784593582153, CeVa: 0.7700206637382507
Epoch: 149, AccTr: 0.8654000163078308, AccVa: 0.8205000162124634, CeTr: 0.4995632469654083, CeVa: 0.7383524775505066
Epoch: 150, AccTr: 0.8705000281333923, AccVa: 0.8379999995231628, CeTr: 0.46163320541381836, CeVa: 0.6930714249610901
ENSEMBLE | Tr_Acc: 0.9614999890327454, Tr_CE: 0.12064336240291595, Va_Acc: 0.921500027179718, Va_CE: 0.292929083108902
NN CONFIG
Weight-type:		ternary
Layout									Layer #1: 280	Layer #2: 200	
Activation Functions					Layer #1: bs	Layer #2: bs	
Keep probabilities		Layer #0: 0.99	Layer #1: 0.98	Layer #2: 0.98	
Flat factors							Layer #1: 1.0	Layer #2: 1.0	Layer #3: 1.0	
Activation Noise						Layer #1: 0.1	Layer #2: 0.1	Layer #3: 0.0	

===================================

RUN CONFIG
Epochs: 150, Blocksize: 4

===================================

Epoch: 1, AccTr: 0.8547999858856201, AccVa: 0.8054999709129333, CeTr: 0.5424526333808899, CeVa: 0.7740239500999451
Epoch: 2, AccTr: 0.855400025844574, AccVa: 0.8075000047683716, CeTr: 0.5301766991615295, CeVa: 0.8105598092079163
Epoch: 3, AccTr: 0.8532999753952026, AccVa: 0.8159999847412109, CeTr: 0.548033595085144, CeVa: 0.7830631732940674
Epoch: 4, AccTr: 0.853600025177002, AccVa: 0.8165000081062317, CeTr: 0.5382441282272339, CeVa: 0.734479546546936
Epoch: 5, AccTr: 0.8654000163078308, AccVa: 0.8065000176429749, CeTr: 0.5143318176269531, CeVa: 0.8046925067901611
Epoch: 6, AccTr: 0.8634999990463257, AccVa: 0.809499979019165, CeTr: 0.5086193084716797, CeVa: 0.804294764995575
Epoch: 7, AccTr: 0.8508999943733215, AccVa: 0.8199999928474426, CeTr: 0.5677730441093445, CeVa: 0.7667718529701233
Epoch: 8, AccTr: 0.8672000169754028, AccVa: 0.8245000243186951, CeTr: 0.4802122414112091, CeVa: 0.7492824196815491
Epoch: 9, AccTr: 0.8640000224113464, AccVa: 0.8205000162124634, CeTr: 0.5179409980773926, CeVa: 0.7909207940101624
Epoch: 10, AccTr: 0.8659999966621399, AccVa: 0.8320000171661377, CeTr: 0.48694947361946106, CeVa: 0.7172445058822632
Epoch: 11, AccTr: 0.86080002784729, AccVa: 0.8270000219345093, CeTr: 0.530133068561554, CeVa: 0.7811338901519775
Epoch: 12, AccTr: 0.8648999929428101, AccVa: 0.8289999961853027, CeTr: 0.5022716522216797, CeVa: 0.7499793171882629
Epoch: 13, AccTr: 0.8622000217437744, AccVa: 0.8305000066757202, CeTr: 0.5336709022521973, CeVa: 0.7944522500038147
Epoch: 14, AccTr: 0.8478000164031982, AccVa: 0.8109999895095825, CeTr: 0.5897042751312256, CeVa: 0.8316693902015686
Epoch: 15, AccTr: 0.8565999865531921, AccVa: 0.8230000138282776, CeTr: 0.5188360810279846, CeVa: 0.7821899652481079
Epoch: 16, AccTr: 0.8666999936103821, AccVa: 0.824999988079071, CeTr: 0.47409698367118835, CeVa: 0.8072242140769958
Epoch: 17, AccTr: 0.8664000034332275, AccVa: 0.8190000057220459, CeTr: 0.4812266230583191, CeVa: 0.7680558562278748
Epoch: 18, AccTr: 0.8579999804496765, AccVa: 0.8224999904632568, CeTr: 0.5307497978210449, CeVa: 0.7864256501197815
Epoch: 19, AccTr: 0.8601999878883362, AccVa: 0.8169999718666077, CeTr: 0.5228609442710876, CeVa: 0.7735903263092041
Epoch: 20, AccTr: 0.8616999983787537, AccVa: 0.8320000171661377, CeTr: 0.5028440356254578, CeVa: 0.7092713713645935
Epoch: 21, AccTr: 0.8539999723434448, AccVa: 0.8159999847412109, CeTr: 0.5452435612678528, CeVa: 0.7939056158065796
Epoch: 22, AccTr: 0.871399998664856, AccVa: 0.8370000123977661, CeTr: 0.4542522430419922, CeVa: 0.7371294498443604
Epoch: 23, AccTr: 0.8615000247955322, AccVa: 0.8224999904632568, CeTr: 0.5135120749473572, CeVa: 0.799414873123169
Epoch: 24, AccTr: 0.8644999861717224, AccVa: 0.8209999799728394, CeTr: 0.48779237270355225, CeVa: 0.8249616026878357
Epoch: 25, AccTr: 0.8669000267982483, AccVa: 0.8165000081062317, CeTr: 0.4835095703601837, CeVa: 0.7884151339530945
Epoch: 26, AccTr: 0.8662999868392944, AccVa: 0.8209999799728394, CeTr: 0.4806084930896759, CeVa: 0.7320745587348938
Epoch: 27, AccTr: 0.86080002784729, AccVa: 0.8159999847412109, CeTr: 0.5204311609268188, CeVa: 0.823040783405304
Epoch: 28, AccTr: 0.871399998664856, AccVa: 0.8224999904632568, CeTr: 0.4708043932914734, CeVa: 0.7890163660049438
Epoch: 29, AccTr: 0.8614000082015991, AccVa: 0.8159999847412109, CeTr: 0.5040407180786133, CeVa: 0.7939843535423279
Epoch: 30, AccTr: 0.8680999875068665, AccVa: 0.8159999847412109, CeTr: 0.47897177934646606, CeVa: 0.8331516981124878
ENSEMBLE | Tr_Acc: 0.8680999875068665, Tr_CE: 0.47897177934646606, Va_Acc: 0.8159999847412109, Va_CE: 0.8331516981124878
Epoch: 31, AccTr: 0.8604999780654907, AccVa: 0.8295000195503235, CeTr: 0.4948212504386902, CeVa: 0.8147922158241272
Epoch: 32, AccTr: 0.8709999918937683, AccVa: 0.8374999761581421, CeTr: 0.4654581546783447, CeVa: 0.6851986646652222
Epoch: 33, AccTr: 0.8614000082015991, AccVa: 0.8255000114440918, CeTr: 0.5224851369857788, CeVa: 0.7839648723602295
Epoch: 34, AccTr: 0.8640999794006348, AccVa: 0.8255000114440918, CeTr: 0.49405616521835327, CeVa: 0.80076664686203
Epoch: 35, AccTr: 0.8623999953269958, AccVa: 0.8379999995231628, CeTr: 0.5181306600570679, CeVa: 0.7324426174163818
ENSEMBLE | Tr_Acc: 0.9176999926567078, Tr_CE: 0.2711600661277771, Va_Acc: 0.8669999837875366, Va_CE: 0.5295663475990295
Epoch: 36, AccTr: 0.8582000136375427, AccVa: 0.8220000267028809, CeTr: 0.5373631119728088, CeVa: 0.7479727268218994
Epoch: 37, AccTr: 0.8551999926567078, AccVa: 0.8220000267028809, CeTr: 0.5511766672134399, CeVa: 0.7771531939506531
Epoch: 38, AccTr: 0.8676000237464905, AccVa: 0.8289999961853027, CeTr: 0.47468438744544983, CeVa: 0.6794057488441467
Epoch: 39, AccTr: 0.866100013256073, AccVa: 0.8180000185966492, CeTr: 0.47902774810791016, CeVa: 0.8209409713745117
Epoch: 40, AccTr: 0.8633000254631042, AccVa: 0.8109999895095825, CeTr: 0.49642181396484375, CeVa: 0.8421226143836975
ENSEMBLE | Tr_Acc: 0.9344000220298767, Tr_CE: 0.20927831530570984, Va_Acc: 0.8834999799728394, Va_CE: 0.44739997386932373
Epoch: 41, AccTr: 0.8651999831199646, AccVa: 0.8295000195503235, CeTr: 0.5062612295150757, CeVa: 0.7264381647109985
Epoch: 42, AccTr: 0.8561999797821045, AccVa: 0.8209999799728394, CeTr: 0.5360154509544373, CeVa: 0.7581523656845093
Epoch: 43, AccTr: 0.8788999915122986, AccVa: 0.8255000114440918, CeTr: 0.4383867084980011, CeVa: 0.7511796951293945
Epoch: 44, AccTr: 0.8592000007629395, AccVa: 0.8305000066757202, CeTr: 0.5240043997764587, CeVa: 0.7575923800468445
Epoch: 45, AccTr: 0.8697999715805054, AccVa: 0.828499972820282, CeTr: 0.4661552608013153, CeVa: 0.7418236136436462
ENSEMBLE | Tr_Acc: 0.9437999725341797, Tr_CE: 0.17520543932914734, Va_Acc: 0.8939999938011169, Va_CE: 0.39983779191970825
Epoch: 46, AccTr: 0.8641999959945679, AccVa: 0.8274999856948853, CeTr: 0.49014586210250854, CeVa: 0.7499218583106995
Epoch: 47, AccTr: 0.863099992275238, AccVa: 0.8199999928474426, CeTr: 0.49779120087623596, CeVa: 0.7759706974029541
Epoch: 48, AccTr: 0.8720999956130981, AccVa: 0.8255000114440918, CeTr: 0.46539825201034546, CeVa: 0.7747457027435303
Epoch: 49, AccTr: 0.8644000291824341, AccVa: 0.824999988079071, CeTr: 0.5030931830406189, CeVa: 0.7893748879432678
Epoch: 50, AccTr: 0.8729000091552734, AccVa: 0.8410000205039978, CeTr: 0.45589086413383484, CeVa: 0.7051403522491455
ENSEMBLE | Tr_Acc: 0.949400007724762, Tr_CE: 0.15553705394268036, Va_Acc: 0.9054999947547913, Va_CE: 0.36126160621643066
Epoch: 51, AccTr: 0.8598999977111816, AccVa: 0.8220000267028809, CeTr: 0.5139462947845459, CeVa: 0.8193866610527039
Epoch: 52, AccTr: 0.8723000288009644, AccVa: 0.8330000042915344, CeTr: 0.4758286476135254, CeVa: 0.7652601599693298
Epoch: 53, AccTr: 0.8611000180244446, AccVa: 0.8195000290870667, CeTr: 0.48621171712875366, CeVa: 0.7921711802482605
Epoch: 54, AccTr: 0.8535000085830688, AccVa: 0.8059999942779541, CeTr: 0.5581842660903931, CeVa: 0.8555518984794617
Epoch: 55, AccTr: 0.8626999855041504, AccVa: 0.8174999952316284, CeTr: 0.5200995802879333, CeVa: 0.8567085862159729
ENSEMBLE | Tr_Acc: 0.951200008392334, Tr_CE: 0.146980419754982, Va_Acc: 0.9085000157356262, Va_CE: 0.3508157730102539
Epoch: 56, AccTr: 0.8733999729156494, AccVa: 0.8184999823570251, CeTr: 0.4439668357372284, CeVa: 0.7663652300834656
Epoch: 57, AccTr: 0.870199978351593, AccVa: 0.8259999752044678, CeTr: 0.48164698481559753, CeVa: 0.7493956685066223
Epoch: 58, AccTr: 0.8740000128746033, AccVa: 0.8199999928474426, CeTr: 0.44681602716445923, CeVa: 0.8056987524032593
Epoch: 59, AccTr: 0.8788999915122986, AccVa: 0.8289999961853027, CeTr: 0.43941977620124817, CeVa: 0.7855581641197205
Epoch: 60, AccTr: 0.8657000064849854, AccVa: 0.8255000114440918, CeTr: 0.49903160333633423, CeVa: 0.8191455006599426
ENSEMBLE | Tr_Acc: 0.9545000195503235, Tr_CE: 0.14174167811870575, Va_Acc: 0.9120000004768372, Va_CE: 0.3412174582481384
Epoch: 61, AccTr: 0.866599977016449, AccVa: 0.8209999799728394, CeTr: 0.4812726676464081, CeVa: 0.7794385552406311
Epoch: 62, AccTr: 0.8582000136375427, AccVa: 0.8199999928474426, CeTr: 0.530988872051239, CeVa: 0.7913297414779663
Epoch: 63, AccTr: 0.8707000017166138, AccVa: 0.8230000138282776, CeTr: 0.45824310183525085, CeVa: 0.7685511112213135
Epoch: 64, AccTr: 0.8657000064849854, AccVa: 0.828000009059906, CeTr: 0.4850001335144043, CeVa: 0.7210180759429932
Epoch: 65, AccTr: 0.8751000165939331, AccVa: 0.824999988079071, CeTr: 0.4632141590118408, CeVa: 0.7474669814109802
ENSEMBLE | Tr_Acc: 0.9563000202178955, Tr_CE: 0.13632306456565857, Va_Acc: 0.9100000262260437, Va_CE: 0.3314630687236786
Epoch: 66, AccTr: 0.8622999787330627, AccVa: 0.815500020980835, CeTr: 0.5135306715965271, CeVa: 0.8022100329399109
Epoch: 67, AccTr: 0.8719000220298767, AccVa: 0.8205000162124634, CeTr: 0.44638434052467346, CeVa: 0.7566080093383789
Epoch: 68, AccTr: 0.8733000159263611, AccVa: 0.8324999809265137, CeTr: 0.46008193492889404, CeVa: 0.7592504620552063
Epoch: 69, AccTr: 0.8712000250816345, AccVa: 0.8105000257492065, CeTr: 0.4736563563346863, CeVa: 0.8426814675331116
Epoch: 70, AccTr: 0.8632000088691711, AccVa: 0.8180000185966492, CeTr: 0.5111509561538696, CeVa: 0.778386116027832
ENSEMBLE | Tr_Acc: 0.9577999711036682, Tr_CE: 0.13381308317184448, Va_Acc: 0.9135000109672546, Va_CE: 0.3208897113800049
Epoch: 71, AccTr: 0.8662999868392944, AccVa: 0.8364999890327454, CeTr: 0.49096885323524475, CeVa: 0.7683113217353821
Epoch: 72, AccTr: 0.8585000038146973, AccVa: 0.8215000033378601, CeTr: 0.5068975687026978, CeVa: 0.8236230611801147
Epoch: 73, AccTr: 0.8744000196456909, AccVa: 0.8195000290870667, CeTr: 0.44262832403182983, CeVa: 0.7500573992729187
Epoch: 74, AccTr: 0.8665000200271606, AccVa: 0.8209999799728394, CeTr: 0.4707968235015869, CeVa: 0.7915221452713013
Epoch: 75, AccTr: 0.8648999929428101, AccVa: 0.815500020980835, CeTr: 0.4952734410762787, CeVa: 0.8454352617263794
ENSEMBLE | Tr_Acc: 0.9589999914169312, Tr_CE: 0.1309647411108017, Va_Acc: 0.9154999852180481, Va_CE: 0.3205673098564148
Epoch: 76, AccTr: 0.8684999942779541, AccVa: 0.8209999799728394, CeTr: 0.48718592524528503, CeVa: 0.825696587562561
Epoch: 77, AccTr: 0.870199978351593, AccVa: 0.8270000219345093, CeTr: 0.4591813087463379, CeVa: 0.7862322926521301
Epoch: 78, AccTr: 0.8666999936103821, AccVa: 0.8209999799728394, CeTr: 0.4981326758861542, CeVa: 0.795924961566925
Epoch: 79, AccTr: 0.8618000149726868, AccVa: 0.828000009059906, CeTr: 0.5000852346420288, CeVa: 0.8558118939399719
Epoch: 80, AccTr: 0.8600000143051147, AccVa: 0.8205000162124634, CeTr: 0.517798125743866, CeVa: 0.7967166900634766
ENSEMBLE | Tr_Acc: 0.9599999785423279, Tr_CE: 0.13008607923984528, Va_Acc: 0.9190000295639038, Va_CE: 0.31760066747665405
Epoch: 81, AccTr: 0.8560000061988831, AccVa: 0.8309999704360962, CeTr: 0.6020215749740601, CeVa: 0.7874166965484619
Epoch: 82, AccTr: 0.8565000295639038, AccVa: 0.8230000138282776, CeTr: 0.5634387731552124, CeVa: 0.7810699939727783
Epoch: 83, AccTr: 0.8605999946594238, AccVa: 0.8080000281333923, CeTr: 0.5020151138305664, CeVa: 0.8996018767356873
Epoch: 84, AccTr: 0.8532999753952026, AccVa: 0.8215000033378601, CeTr: 0.568207323551178, CeVa: 0.808412492275238
Epoch: 85, AccTr: 0.8682000041007996, AccVa: 0.8215000033378601, CeTr: 0.47380903363227844, CeVa: 0.7646438479423523
ENSEMBLE | Tr_Acc: 0.960099995136261, Tr_CE: 0.12875588238239288, Va_Acc: 0.9179999828338623, Va_CE: 0.3122865855693817
Epoch: 86, AccTr: 0.8700000047683716, AccVa: 0.8209999799728394, CeTr: 0.4679872989654541, CeVa: 0.8182146549224854
Epoch: 87, AccTr: 0.866599977016449, AccVa: 0.8224999904632568, CeTr: 0.4750807583332062, CeVa: 0.8063579797744751
Epoch: 88, AccTr: 0.8740000128746033, AccVa: 0.8299999833106995, CeTr: 0.4439776837825775, CeVa: 0.7606872916221619
Epoch: 89, AccTr: 0.8560000061988831, AccVa: 0.8264999985694885, CeTr: 0.5148909687995911, CeVa: 0.8499083518981934
Epoch: 90, AccTr: 0.870199978351593, AccVa: 0.8209999799728394, CeTr: 0.4702358841896057, CeVa: 0.8039262294769287
ENSEMBLE | Tr_Acc: 0.9609000086784363, Tr_CE: 0.1263526976108551, Va_Acc: 0.9190000295639038, Va_CE: 0.31061437726020813
Epoch: 91, AccTr: 0.8636999726295471, AccVa: 0.8130000233650208, CeTr: 0.4924679696559906, CeVa: 0.8246393799781799
Epoch: 92, AccTr: 0.8697999715805054, AccVa: 0.8080000281333923, CeTr: 0.47076836228370667, CeVa: 0.8393576145172119
Epoch: 93, AccTr: 0.8737999796867371, AccVa: 0.8134999871253967, CeTr: 0.4475115239620209, CeVa: 0.8005387187004089
Epoch: 94, AccTr: 0.8708999752998352, AccVa: 0.828499972820282, CeTr: 0.4731349050998688, CeVa: 0.7885711789131165
Epoch: 95, AccTr: 0.8708000183105469, AccVa: 0.8270000219345093, CeTr: 0.43546241521835327, CeVa: 0.7787764072418213
ENSEMBLE | Tr_Acc: 0.9629999995231628, Tr_CE: 0.1219286099076271, Va_Acc: 0.9200000166893005, Va_CE: 0.310791939496994
Epoch: 96, AccTr: 0.8729000091552734, AccVa: 0.8345000147819519, CeTr: 0.45554038882255554, CeVa: 0.7734238505363464
Epoch: 97, AccTr: 0.8744000196456909, AccVa: 0.8460000157356262, CeTr: 0.4711925685405731, CeVa: 0.7107654809951782
Epoch: 98, AccTr: 0.8691999912261963, AccVa: 0.8379999995231628, CeTr: 0.4960421025753021, CeVa: 0.7072868943214417
Epoch: 99, AccTr: 0.8600999712944031, AccVa: 0.8259999752044678, CeTr: 0.49647098779678345, CeVa: 0.7522483468055725
Epoch: 100, AccTr: 0.8682000041007996, AccVa: 0.8264999985694885, CeTr: 0.47141626477241516, CeVa: 0.7637993693351746
ENSEMBLE | Tr_Acc: 0.9621000289916992, Tr_CE: 0.12000317126512527, Va_Acc: 0.9200000166893005, Va_CE: 0.3069569170475006
Epoch: 101, AccTr: 0.8654000163078308, AccVa: 0.8140000104904175, CeTr: 0.4853823184967041, CeVa: 0.7854629158973694
Epoch: 102, AccTr: 0.8592000007629395, AccVa: 0.8224999904632568, CeTr: 0.5015481114387512, CeVa: 0.7576422095298767
Epoch: 103, AccTr: 0.8694000244140625, AccVa: 0.8320000171661377, CeTr: 0.47465166449546814, CeVa: 0.6775174736976624
Epoch: 104, AccTr: 0.8679999709129333, AccVa: 0.8345000147819519, CeTr: 0.47654959559440613, CeVa: 0.7421591877937317
Epoch: 105, AccTr: 0.8705000281333923, AccVa: 0.8205000162124634, CeTr: 0.4968416094779968, CeVa: 0.7479968667030334
ENSEMBLE | Tr_Acc: 0.9620000123977661, Tr_CE: 0.11982595175504684, Va_Acc: 0.9175000190734863, Va_CE: 0.30536743998527527
Epoch: 106, AccTr: 0.8633000254631042, AccVa: 0.8305000066757202, CeTr: 0.5053859353065491, CeVa: 0.7398607134819031
Epoch: 107, AccTr: 0.8722000122070312, AccVa: 0.8299999833106995, CeTr: 0.4380473494529724, CeVa: 0.6887744069099426
Epoch: 108, AccTr: 0.871999979019165, AccVa: 0.8230000138282776, CeTr: 0.45410946011543274, CeVa: 0.7426161766052246
Epoch: 109, AccTr: 0.8701000213623047, AccVa: 0.8245000243186951, CeTr: 0.48124852776527405, CeVa: 0.7779766321182251
Epoch: 110, AccTr: 0.8601999878883362, AccVa: 0.8119999766349792, CeTr: 0.5288265943527222, CeVa: 0.8532350063323975
ENSEMBLE | Tr_Acc: 0.9624000191688538, Tr_CE: 0.11971397697925568, Va_Acc: 0.9185000061988831, Va_CE: 0.3069981038570404
Epoch: 111, AccTr: 0.869700014591217, AccVa: 0.8324999809265137, CeTr: 0.4591606557369232, CeVa: 0.7277566194534302
Epoch: 112, AccTr: 0.8831999897956848, AccVa: 0.8289999961853027, CeTr: 0.4142310619354248, CeVa: 0.7724422216415405
Epoch: 113, AccTr: 0.8582000136375427, AccVa: 0.8180000185966492, CeTr: 0.5134838819503784, CeVa: 0.7737245559692383
Epoch: 114, AccTr: 0.8736000061035156, AccVa: 0.8259999752044678, CeTr: 0.42926904559135437, CeVa: 0.7509461045265198
Epoch: 115, AccTr: 0.8712000250816345, AccVa: 0.8314999938011169, CeTr: 0.4864860475063324, CeVa: 0.7662206292152405
ENSEMBLE | Tr_Acc: 0.9617999792098999, Tr_CE: 0.11866230517625809, Va_Acc: 0.9204999804496765, Va_CE: 0.306584894657135
Epoch: 116, AccTr: 0.871999979019165, AccVa: 0.8299999833106995, CeTr: 0.4637574255466461, CeVa: 0.7393438816070557
Epoch: 117, AccTr: 0.8593000173568726, AccVa: 0.8134999871253967, CeTr: 0.48927992582321167, CeVa: 0.8295676708221436
Epoch: 118, AccTr: 0.866100013256073, AccVa: 0.8190000057220459, CeTr: 0.5082441568374634, CeVa: 0.7787666916847229
Epoch: 119, AccTr: 0.8708999752998352, AccVa: 0.8410000205039978, CeTr: 0.46531084179878235, CeVa: 0.7190903425216675
Epoch: 120, AccTr: 0.8608999848365784, AccVa: 0.8245000243186951, CeTr: 0.4974207878112793, CeVa: 0.7342851758003235
ENSEMBLE | Tr_Acc: 0.9623000025749207, Tr_CE: 0.11741682142019272, Va_Acc: 0.9225000143051147, Va_CE: 0.3038731813430786
Epoch: 121, AccTr: 0.8574000000953674, AccVa: 0.8295000195503235, CeTr: 0.5560150146484375, CeVa: 0.7624327540397644
Epoch: 122, AccTr: 0.8712000250816345, AccVa: 0.8234999775886536, CeTr: 0.4814114272594452, CeVa: 0.8514017462730408
Epoch: 123, AccTr: 0.8672000169754028, AccVa: 0.828499972820282, CeTr: 0.48168838024139404, CeVa: 0.781842052936554
Epoch: 124, AccTr: 0.8628000020980835, AccVa: 0.8215000033378601, CeTr: 0.5063661932945251, CeVa: 0.7746114134788513
Epoch: 125, AccTr: 0.8615999817848206, AccVa: 0.8105000257492065, CeTr: 0.48209404945373535, CeVa: 0.7872459292411804
ENSEMBLE | Tr_Acc: 0.963100016117096, Tr_CE: 0.11587352305650711, Va_Acc: 0.9235000014305115, Va_CE: 0.3036659061908722
Epoch: 126, AccTr: 0.8671000003814697, AccVa: 0.824999988079071, CeTr: 0.4779615104198456, CeVa: 0.7186742424964905
Epoch: 127, AccTr: 0.8661999702453613, AccVa: 0.815500020980835, CeTr: 0.4794202148914337, CeVa: 0.8682459592819214
Epoch: 128, AccTr: 0.864300012588501, AccVa: 0.8230000138282776, CeTr: 0.4976990818977356, CeVa: 0.8377237319946289
Epoch: 129, AccTr: 0.8590999841690063, AccVa: 0.8090000152587891, CeTr: 0.5008530616760254, CeVa: 0.8472866415977478
Epoch: 130, AccTr: 0.8705000281333923, AccVa: 0.8345000147819519, CeTr: 0.48592236638069153, CeVa: 0.7864644527435303
ENSEMBLE | Tr_Acc: 0.9632999897003174, Tr_CE: 0.11547236144542694, Va_Acc: 0.925000011920929, Va_CE: 0.3035529851913452
Epoch: 131, AccTr: 0.8690000176429749, AccVa: 0.8174999952316284, CeTr: 0.47530898451805115, CeVa: 0.7863450646400452
Epoch: 132, AccTr: 0.8657000064849854, AccVa: 0.8105000257492065, CeTr: 0.48213711380958557, CeVa: 0.8486250638961792
Epoch: 133, AccTr: 0.8679999709129333, AccVa: 0.8159999847412109, CeTr: 0.47595468163490295, CeVa: 0.7976453900337219
Epoch: 134, AccTr: 0.8639000058174133, AccVa: 0.8259999752044678, CeTr: 0.48907002806663513, CeVa: 0.7373857498168945
Epoch: 135, AccTr: 0.8593000173568726, AccVa: 0.8140000104904175, CeTr: 0.5264146327972412, CeVa: 0.7770392298698425
ENSEMBLE | Tr_Acc: 0.9635000228881836, Tr_CE: 0.115550197660923, Va_Acc: 0.9229999780654907, Va_CE: 0.3013574779033661
Epoch: 136, AccTr: 0.8765000104904175, AccVa: 0.8125, CeTr: 0.4423663914203644, CeVa: 0.8061960935592651
Epoch: 137, AccTr: 0.8693000078201294, AccVa: 0.8364999890327454, CeTr: 0.4903585910797119, CeVa: 0.7787249684333801
Epoch: 138, AccTr: 0.8644999861717224, AccVa: 0.8105000257492065, CeTr: 0.47012871503829956, CeVa: 0.8630967736244202
Epoch: 139, AccTr: 0.8626000285148621, AccVa: 0.8230000138282776, CeTr: 0.5384984612464905, CeVa: 0.7934110164642334
Epoch: 140, AccTr: 0.8673999905586243, AccVa: 0.8109999895095825, CeTr: 0.477523535490036, CeVa: 0.7734100222587585
ENSEMBLE | Tr_Acc: 0.9639999866485596, Tr_CE: 0.11465772986412048, Va_Acc: 0.925000011920929, Va_CE: 0.3017781674861908
Epoch: 141, AccTr: 0.8652999997138977, AccVa: 0.8140000104904175, CeTr: 0.47339874505996704, CeVa: 0.8344433307647705
Epoch: 142, AccTr: 0.8598999977111816, AccVa: 0.8130000233650208, CeTr: 0.5221959948539734, CeVa: 0.7911153435707092
Epoch: 143, AccTr: 0.8700000047683716, AccVa: 0.8134999871253967, CeTr: 0.4584212899208069, CeVa: 0.8904979228973389
Epoch: 144, AccTr: 0.871999979019165, AccVa: 0.8295000195503235, CeTr: 0.4866831600666046, CeVa: 0.7399734258651733
Epoch: 145, AccTr: 0.863099992275238, AccVa: 0.8230000138282776, CeTr: 0.4840030372142792, CeVa: 0.8200004696846008
ENSEMBLE | Tr_Acc: 0.9635000228881836, Tr_CE: 0.11417236179113388, Va_Acc: 0.9240000247955322, Va_CE: 0.3024543523788452
Epoch: 146, AccTr: 0.8761000037193298, AccVa: 0.8305000066757202, CeTr: 0.440093457698822, CeVa: 0.7581304907798767
Epoch: 147, AccTr: 0.8593000173568726, AccVa: 0.8240000009536743, CeTr: 0.5178129076957703, CeVa: 0.8259174227714539
Epoch: 148, AccTr: 0.864300012588501, AccVa: 0.8330000042915344, CeTr: 0.47680380940437317, CeVa: 0.7706429958343506
Epoch: 149, AccTr: 0.8683000206947327, AccVa: 0.8264999985694885, CeTr: 0.46524184942245483, CeVa: 0.7850867509841919
Epoch: 150, AccTr: 0.8578000068664551, AccVa: 0.8080000281333923, CeTr: 0.5325734615325928, CeVa: 0.8120322227478027
ENSEMBLE | Tr_Acc: 0.9638000130653381, Tr_CE: 0.11456771194934845, Va_Acc: 0.9240000247955322, Va_CE: 0.30178311467170715
Mod Accuracy || Mean: 0.8230000138282776	 Std: 0.014999985694885254
Ens Accuracy || Mean: 0.9227499961853027	 Std: 0.0012499988079071045
Mod CE || Mean: 0.752551794052124	 Std: 0.05948039889335632
Ens CE || Mean: 0.29735609889030457	 Std: 0.004427015781402588
