NN CONFIG
Weight-type:		ternary
Layout									Layer #1: 280	Layer #2: 200	
Activation Functions					Layer #1: bs	Layer #2: bs	
Keep probabilities		Layer #0: 0.99	Layer #1: 0.98	Layer #2: 0.98	
Flat factors							Layer #1: 1.0	Layer #2: 1.0	Layer #3: 1.0	
Activation Noise						Layer #1: 0.1	Layer #2: 0.1	Layer #3: 0.0	

===================================

RUN CONFIG
Epochs: 150, Blocksize: 4

===================================

Epoch: 1, AccTr: 0.8779000043869019, AccVa: 0.8270000219345093, CeTr: 0.42477813363075256, CeVa: 0.6901494860649109
Epoch: 2, AccTr: 0.866599977016449, AccVa: 0.8230000138282776, CeTr: 0.46402686834335327, CeVa: 0.7300161123275757
Epoch: 3, AccTr: 0.8684999942779541, AccVa: 0.8339999914169312, CeTr: 0.46674051880836487, CeVa: 0.6630972027778625
Epoch: 4, AccTr: 0.8597000241279602, AccVa: 0.8289999961853027, CeTr: 0.4926760792732239, CeVa: 0.6948922276496887
Epoch: 5, AccTr: 0.8701000213623047, AccVa: 0.8274999856948853, CeTr: 0.4321560561656952, CeVa: 0.6804323196411133
Epoch: 6, AccTr: 0.8734999895095825, AccVa: 0.8345000147819519, CeTr: 0.4373471736907959, CeVa: 0.6899635195732117
Epoch: 7, AccTr: 0.8669999837875366, AccVa: 0.8234999775886536, CeTr: 0.46115389466285706, CeVa: 0.7070653438568115
Epoch: 8, AccTr: 0.8715000152587891, AccVa: 0.8385000228881836, CeTr: 0.45082950592041016, CeVa: 0.684219479560852
Epoch: 9, AccTr: 0.8614000082015991, AccVa: 0.8180000185966492, CeTr: 0.4886082410812378, CeVa: 0.7464544773101807
Epoch: 10, AccTr: 0.8636999726295471, AccVa: 0.8149999976158142, CeTr: 0.4568423926830292, CeVa: 0.7584589719772339
Epoch: 11, AccTr: 0.8605999946594238, AccVa: 0.815500020980835, CeTr: 0.4871135652065277, CeVa: 0.7100024223327637
Epoch: 12, AccTr: 0.8476999998092651, AccVa: 0.8034999966621399, CeTr: 0.5540125966072083, CeVa: 0.8317129015922546
Epoch: 13, AccTr: 0.8705000281333923, AccVa: 0.828499972820282, CeTr: 0.4385964870452881, CeVa: 0.7150818705558777
Epoch: 14, AccTr: 0.8647000193595886, AccVa: 0.8264999985694885, CeTr: 0.4470766484737396, CeVa: 0.6495616436004639
Epoch: 15, AccTr: 0.8700000047683716, AccVa: 0.824999988079071, CeTr: 0.452083021402359, CeVa: 0.732612133026123
Epoch: 16, AccTr: 0.8608999848365784, AccVa: 0.8165000081062317, CeTr: 0.49419140815734863, CeVa: 0.7568081021308899
Epoch: 17, AccTr: 0.8604000210762024, AccVa: 0.828000009059906, CeTr: 0.4970811605453491, CeVa: 0.7157959938049316
Epoch: 18, AccTr: 0.8722000122070312, AccVa: 0.8220000267028809, CeTr: 0.44229066371917725, CeVa: 0.7355111241340637
Epoch: 19, AccTr: 0.8709999918937683, AccVa: 0.8385000228881836, CeTr: 0.43951377272605896, CeVa: 0.6912776827812195
Epoch: 20, AccTr: 0.8669000267982483, AccVa: 0.828000009059906, CeTr: 0.4602000117301941, CeVa: 0.6844480037689209
Epoch: 21, AccTr: 0.8672999739646912, AccVa: 0.8324999809265137, CeTr: 0.4693397581577301, CeVa: 0.7128319144248962
Epoch: 22, AccTr: 0.8561000227928162, AccVa: 0.8195000290870667, CeTr: 0.489565908908844, CeVa: 0.6851577758789062
Epoch: 23, AccTr: 0.870199978351593, AccVa: 0.8230000138282776, CeTr: 0.4434662163257599, CeVa: 0.7401546835899353
Epoch: 24, AccTr: 0.8580999970436096, AccVa: 0.8220000267028809, CeTr: 0.5040562152862549, CeVa: 0.69392329454422
Epoch: 25, AccTr: 0.8709999918937683, AccVa: 0.8195000290870667, CeTr: 0.43942001461982727, CeVa: 0.7463845014572144
Epoch: 26, AccTr: 0.8596000075340271, AccVa: 0.815500020980835, CeTr: 0.4855874478816986, CeVa: 0.731167733669281
Epoch: 27, AccTr: 0.8693000078201294, AccVa: 0.8100000023841858, CeTr: 0.4645078182220459, CeVa: 0.7810701727867126
Epoch: 28, AccTr: 0.8618999719619751, AccVa: 0.8234999775886536, CeTr: 0.49167782068252563, CeVa: 0.7215864062309265
Epoch: 29, AccTr: 0.8603000044822693, AccVa: 0.8195000290870667, CeTr: 0.4913429319858551, CeVa: 0.7372719049453735
Epoch: 30, AccTr: 0.8672000169754028, AccVa: 0.8224999904632568, CeTr: 0.47966474294662476, CeVa: 0.7594518065452576
ENSEMBLE | Tr_Acc: 0.8672000169754028, Tr_CE: 0.47966474294662476, Va_Acc: 0.8224999904632568, Va_CE: 0.7594518065452576
Epoch: 31, AccTr: 0.8677999973297119, AccVa: 0.8255000114440918, CeTr: 0.4682145416736603, CeVa: 0.6797195672988892
Epoch: 32, AccTr: 0.8603000044822693, AccVa: 0.8190000057220459, CeTr: 0.508265495300293, CeVa: 0.7138700485229492
Epoch: 33, AccTr: 0.8650000095367432, AccVa: 0.8195000290870667, CeTr: 0.4764510691165924, CeVa: 0.751158595085144
Epoch: 34, AccTr: 0.8428000211715698, AccVa: 0.8075000047683716, CeTr: 0.5604422092437744, CeVa: 0.7850505709648132
Epoch: 35, AccTr: 0.8632000088691711, AccVa: 0.8240000009536743, CeTr: 0.46482953429222107, CeVa: 0.7596836090087891
ENSEMBLE | Tr_Acc: 0.9154999852180481, Tr_CE: 0.2698315382003784, Va_Acc: 0.8665000200271606, Va_CE: 0.49976709485054016
Epoch: 36, AccTr: 0.8561000227928162, AccVa: 0.828499972820282, CeTr: 0.492902934551239, CeVa: 0.7440828084945679
Epoch: 37, AccTr: 0.8668000102043152, AccVa: 0.8345000147819519, CeTr: 0.45118585228919983, CeVa: 0.713593065738678
Epoch: 38, AccTr: 0.8597999811172485, AccVa: 0.8199999928474426, CeTr: 0.47386494278907776, CeVa: 0.7188585996627808
Epoch: 39, AccTr: 0.8568999767303467, AccVa: 0.8299999833106995, CeTr: 0.509781002998352, CeVa: 0.6631326675415039
Epoch: 40, AccTr: 0.8677999973297119, AccVa: 0.8259999752044678, CeTr: 0.44997724890708923, CeVa: 0.7097423672676086
ENSEMBLE | Tr_Acc: 0.9351999759674072, Tr_CE: 0.2025061696767807, Va_Acc: 0.8939999938011169, Va_CE: 0.413871169090271
Epoch: 41, AccTr: 0.8687999844551086, AccVa: 0.8364999890327454, CeTr: 0.4511346220970154, CeVa: 0.6638871431350708
Epoch: 42, AccTr: 0.852400004863739, AccVa: 0.8205000162124634, CeTr: 0.5357440710067749, CeVa: 0.7498348355293274
Epoch: 43, AccTr: 0.8600000143051147, AccVa: 0.8119999766349792, CeTr: 0.4839268922805786, CeVa: 0.8073194026947021
Epoch: 44, AccTr: 0.8571000099182129, AccVa: 0.8149999976158142, CeTr: 0.5284788012504578, CeVa: 0.7795940041542053
Epoch: 45, AccTr: 0.8604000210762024, AccVa: 0.8224999904632568, CeTr: 0.4801754355430603, CeVa: 0.7594508528709412
ENSEMBLE | Tr_Acc: 0.9434000253677368, Tr_CE: 0.1742112934589386, Va_Acc: 0.8995000123977661, Va_CE: 0.3783723711967468
Epoch: 46, AccTr: 0.8551999926567078, AccVa: 0.8240000009536743, CeTr: 0.48432374000549316, CeVa: 0.6746782064437866
Epoch: 47, AccTr: 0.8658999800682068, AccVa: 0.8195000290870667, CeTr: 0.46540307998657227, CeVa: 0.7222225666046143
Epoch: 48, AccTr: 0.8616999983787537, AccVa: 0.8180000185966492, CeTr: 0.48332494497299194, CeVa: 0.7531284689903259
Epoch: 49, AccTr: 0.8690000176429749, AccVa: 0.8209999799728394, CeTr: 0.4581437408924103, CeVa: 0.7048357725143433
Epoch: 50, AccTr: 0.8697999715805054, AccVa: 0.8410000205039978, CeTr: 0.4471990168094635, CeVa: 0.6895540356636047
ENSEMBLE | Tr_Acc: 0.9485999941825867, Tr_CE: 0.15594352781772614, Va_Acc: 0.9075000286102295, Va_CE: 0.35069265961647034
Epoch: 51, AccTr: 0.858299970626831, AccVa: 0.8274999856948853, CeTr: 0.4918714463710785, CeVa: 0.6783267259597778
Epoch: 52, AccTr: 0.8600000143051147, AccVa: 0.8184999823570251, CeTr: 0.4768056571483612, CeVa: 0.7159074544906616
Epoch: 53, AccTr: 0.8704000115394592, AccVa: 0.8220000267028809, CeTr: 0.4401078522205353, CeVa: 0.7124782800674438
Epoch: 54, AccTr: 0.8729000091552734, AccVa: 0.8360000252723694, CeTr: 0.42601659893989563, CeVa: 0.652457594871521
Epoch: 55, AccTr: 0.8636999726295471, AccVa: 0.8264999985694885, CeTr: 0.4543929696083069, CeVa: 0.7054261565208435
ENSEMBLE | Tr_Acc: 0.9538000226020813, Tr_CE: 0.14535681903362274, Va_Acc: 0.9125000238418579, Va_CE: 0.3330761790275574
Epoch: 56, AccTr: 0.8697999715805054, AccVa: 0.8215000033378601, CeTr: 0.423431396484375, CeVa: 0.73112952709198
Epoch: 57, AccTr: 0.8689000010490417, AccVa: 0.8274999856948853, CeTr: 0.4651978015899658, CeVa: 0.7166861891746521
Epoch: 58, AccTr: 0.8755000233650208, AccVa: 0.8330000042915344, CeTr: 0.431671679019928, CeVa: 0.6829506754875183
Epoch: 59, AccTr: 0.8657000064849854, AccVa: 0.8115000128746033, CeTr: 0.47849932312965393, CeVa: 0.7589660286903381
Epoch: 60, AccTr: 0.8521999716758728, AccVa: 0.8209999799728394, CeTr: 0.5187079310417175, CeVa: 0.7588467001914978
ENSEMBLE | Tr_Acc: 0.9538000226020813, Tr_CE: 0.14167790114879608, Va_Acc: 0.9135000109672546, Va_CE: 0.32044854760169983
Epoch: 61, AccTr: 0.871399998664856, AccVa: 0.8395000100135803, CeTr: 0.45165517926216125, CeVa: 0.6260981559753418
Epoch: 62, AccTr: 0.8726000189781189, AccVa: 0.8379999995231628, CeTr: 0.44214287400245667, CeVa: 0.6823084354400635
Epoch: 63, AccTr: 0.8726999759674072, AccVa: 0.8259999752044678, CeTr: 0.4397229552268982, CeVa: 0.7258185148239136
Epoch: 64, AccTr: 0.8537999987602234, AccVa: 0.815500020980835, CeTr: 0.5050742030143738, CeVa: 0.7258263826370239
Epoch: 65, AccTr: 0.8687000274658203, AccVa: 0.8174999952316284, CeTr: 0.4540819227695465, CeVa: 0.676975667476654
ENSEMBLE | Tr_Acc: 0.9545000195503235, Tr_CE: 0.1365334689617157, Va_Acc: 0.9169999957084656, Va_CE: 0.3121901750564575
Epoch: 66, AccTr: 0.8644000291824341, AccVa: 0.8264999985694885, CeTr: 0.4732607901096344, CeVa: 0.7304968237876892
Epoch: 67, AccTr: 0.8740000128746033, AccVa: 0.8330000042915344, CeTr: 0.4445783197879791, CeVa: 0.6992220282554626
Epoch: 68, AccTr: 0.8610000014305115, AccVa: 0.8080000281333923, CeTr: 0.4932299852371216, CeVa: 0.8025468587875366
Epoch: 69, AccTr: 0.8546000123023987, AccVa: 0.8234999775886536, CeTr: 0.5201629996299744, CeVa: 0.7182931303977966
Epoch: 70, AccTr: 0.8574000000953674, AccVa: 0.8149999976158142, CeTr: 0.49325117468833923, CeVa: 0.7669366598129272
ENSEMBLE | Tr_Acc: 0.9563999772071838, Tr_CE: 0.13306811451911926, Va_Acc: 0.9204999804496765, Va_CE: 0.30678534507751465
Epoch: 71, AccTr: 0.8772000074386597, AccVa: 0.8205000162124634, CeTr: 0.42923417687416077, CeVa: 0.7111765742301941
Epoch: 72, AccTr: 0.867900013923645, AccVa: 0.8140000104904175, CeTr: 0.4495088756084442, CeVa: 0.7376850843429565
Epoch: 73, AccTr: 0.8679999709129333, AccVa: 0.8270000219345093, CeTr: 0.4339105486869812, CeVa: 0.7336301803588867
Epoch: 74, AccTr: 0.8654999732971191, AccVa: 0.8130000233650208, CeTr: 0.45163291692733765, CeVa: 0.7784205675125122
Epoch: 75, AccTr: 0.8549000024795532, AccVa: 0.8309999704360962, CeTr: 0.5061400532722473, CeVa: 0.7283905148506165
ENSEMBLE | Tr_Acc: 0.957099974155426, Tr_CE: 0.13103334605693817, Va_Acc: 0.9204999804496765, Va_CE: 0.3040119409561157
Epoch: 76, AccTr: 0.8597999811172485, AccVa: 0.8134999871253967, CeTr: 0.4747430086135864, CeVa: 0.7445363402366638
Epoch: 77, AccTr: 0.8784999847412109, AccVa: 0.8224999904632568, CeTr: 0.4144250452518463, CeVa: 0.7346025109291077
Epoch: 78, AccTr: 0.8669000267982483, AccVa: 0.8220000267028809, CeTr: 0.4622313380241394, CeVa: 0.7322013974189758
Epoch: 79, AccTr: 0.863099992275238, AccVa: 0.8295000195503235, CeTr: 0.4784058630466461, CeVa: 0.7113648653030396
Epoch: 80, AccTr: 0.8745999932289124, AccVa: 0.8324999809265137, CeTr: 0.44090327620506287, CeVa: 0.6978306174278259
ENSEMBLE | Tr_Acc: 0.9580000042915344, Tr_CE: 0.12769301235675812, Va_Acc: 0.921999990940094, Va_CE: 0.29863080382347107
Epoch: 81, AccTr: 0.8637999892234802, AccVa: 0.8209999799728394, CeTr: 0.48208382725715637, CeVa: 0.7481642961502075
Epoch: 82, AccTr: 0.8657000064849854, AccVa: 0.8364999890327454, CeTr: 0.4864172339439392, CeVa: 0.6995429396629333
Epoch: 83, AccTr: 0.8646000027656555, AccVa: 0.840499997138977, CeTr: 0.46502676606178284, CeVa: 0.6411664485931396
Epoch: 84, AccTr: 0.8720999956130981, AccVa: 0.8349999785423279, CeTr: 0.43068790435791016, CeVa: 0.6627865433692932
Epoch: 85, AccTr: 0.861299991607666, AccVa: 0.8335000276565552, CeTr: 0.47835835814476013, CeVa: 0.6796626448631287
ENSEMBLE | Tr_Acc: 0.9599000215530396, Tr_CE: 0.12582983076572418, Va_Acc: 0.9210000038146973, Va_CE: 0.2945065498352051
Epoch: 86, AccTr: 0.8639000058174133, AccVa: 0.8274999856948853, CeTr: 0.4560144543647766, CeVa: 0.7344310879707336
Epoch: 87, AccTr: 0.8704000115394592, AccVa: 0.828499972820282, CeTr: 0.45183104276657104, CeVa: 0.7226558327674866
Epoch: 88, AccTr: 0.8729000091552734, AccVa: 0.8245000243186951, CeTr: 0.4435049891471863, CeVa: 0.7063062191009521
Epoch: 89, AccTr: 0.8700000047683716, AccVa: 0.8230000138282776, CeTr: 0.4324406385421753, CeVa: 0.6809098720550537
Epoch: 90, AccTr: 0.8646000027656555, AccVa: 0.828499972820282, CeTr: 0.4510520398616791, CeVa: 0.723391592502594
ENSEMBLE | Tr_Acc: 0.9609000086784363, Tr_CE: 0.12337589263916016, Va_Acc: 0.9204999804496765, Va_CE: 0.29327404499053955
Epoch: 91, AccTr: 0.8662999868392944, AccVa: 0.8234999775886536, CeTr: 0.4623628556728363, CeVa: 0.7316831350326538
Epoch: 92, AccTr: 0.8615000247955322, AccVa: 0.8199999928474426, CeTr: 0.47245049476623535, CeVa: 0.753568708896637
Epoch: 93, AccTr: 0.8593000173568726, AccVa: 0.8209999799728394, CeTr: 0.477798730134964, CeVa: 0.7655004262924194
Epoch: 94, AccTr: 0.8671000003814697, AccVa: 0.8209999799728394, CeTr: 0.46692630648612976, CeVa: 0.7687489986419678
Epoch: 95, AccTr: 0.8733000159263611, AccVa: 0.8255000114440918, CeTr: 0.42516201734542847, CeVa: 0.692590594291687
ENSEMBLE | Tr_Acc: 0.9613999724388123, Tr_CE: 0.12045487016439438, Va_Acc: 0.9204999804496765, Va_CE: 0.29143962264060974
Epoch: 96, AccTr: 0.8654999732971191, AccVa: 0.8205000162124634, CeTr: 0.4449554681777954, CeVa: 0.7199206948280334
Epoch: 97, AccTr: 0.8669999837875366, AccVa: 0.815500020980835, CeTr: 0.48965635895729065, CeVa: 0.7354010939598083
Epoch: 98, AccTr: 0.8568000197410583, AccVa: 0.8080000281333923, CeTr: 0.5170761942863464, CeVa: 0.7999023795127869
Epoch: 99, AccTr: 0.8682000041007996, AccVa: 0.828499972820282, CeTr: 0.4372640550136566, CeVa: 0.6874832510948181
Epoch: 100, AccTr: 0.8618999719619751, AccVa: 0.8144999742507935, CeTr: 0.4728241562843323, CeVa: 0.7535821199417114
ENSEMBLE | Tr_Acc: 0.961899995803833, Tr_CE: 0.11916196346282959, Va_Acc: 0.9244999885559082, Va_CE: 0.2906663715839386
Epoch: 101, AccTr: 0.8701000213623047, AccVa: 0.8140000104904175, CeTr: 0.44493556022644043, CeVa: 0.7259735465049744
Epoch: 102, AccTr: 0.8666999936103821, AccVa: 0.8080000281333923, CeTr: 0.46168026328086853, CeVa: 0.7603088617324829
Epoch: 103, AccTr: 0.8726000189781189, AccVa: 0.8115000128746033, CeTr: 0.41520777344703674, CeVa: 0.7712412476539612
Epoch: 104, AccTr: 0.8586999773979187, AccVa: 0.8205000162124634, CeTr: 0.5004609227180481, CeVa: 0.7376856803894043
Epoch: 105, AccTr: 0.8677999973297119, AccVa: 0.828000009059906, CeTr: 0.4652889668941498, CeVa: 0.7358097434043884
ENSEMBLE | Tr_Acc: 0.9621999859809875, Tr_CE: 0.11876820027828217, Va_Acc: 0.9229999780654907, Va_CE: 0.28912079334259033
Epoch: 106, AccTr: 0.8722000122070312, AccVa: 0.824999988079071, CeTr: 0.4281747043132782, CeVa: 0.6169925928115845
Epoch: 107, AccTr: 0.8654000163078308, AccVa: 0.8234999775886536, CeTr: 0.4628979563713074, CeVa: 0.6987900733947754
Epoch: 108, AccTr: 0.871999979019165, AccVa: 0.8195000290870667, CeTr: 0.44529828429222107, CeVa: 0.749779462814331
Epoch: 109, AccTr: 0.8539999723434448, AccVa: 0.8180000185966492, CeTr: 0.5396555662155151, CeVa: 0.7610989212989807
Epoch: 110, AccTr: 0.8702999949455261, AccVa: 0.8335000276565552, CeTr: 0.43748173117637634, CeVa: 0.7238054275512695
ENSEMBLE | Tr_Acc: 0.963100016117096, Tr_CE: 0.11781495064496994, Va_Acc: 0.9235000014305115, Va_CE: 0.2886376678943634
Epoch: 111, AccTr: 0.8618999719619751, AccVa: 0.8220000267028809, CeTr: 0.4791022539138794, CeVa: 0.6748039126396179
Epoch: 112, AccTr: 0.871399998664856, AccVa: 0.8349999785423279, CeTr: 0.4263823330402374, CeVa: 0.6561158895492554
Epoch: 113, AccTr: 0.864799976348877, AccVa: 0.8289999961853027, CeTr: 0.48533251881599426, CeVa: 0.7145107388496399
Epoch: 114, AccTr: 0.8518999814987183, AccVa: 0.828499972820282, CeTr: 0.5083415508270264, CeVa: 0.6983232498168945
Epoch: 115, AccTr: 0.8621000051498413, AccVa: 0.8289999961853027, CeTr: 0.4751836955547333, CeVa: 0.6899481415748596
ENSEMBLE | Tr_Acc: 0.9629999995231628, Tr_CE: 0.11728990823030472, Va_Acc: 0.9240000247955322, Va_CE: 0.2863478362560272
Epoch: 116, AccTr: 0.875, AccVa: 0.8230000138282776, CeTr: 0.43604522943496704, CeVa: 0.7038427591323853
Epoch: 117, AccTr: 0.8596000075340271, AccVa: 0.8109999895095825, CeTr: 0.47956010699272156, CeVa: 0.731662929058075
Epoch: 118, AccTr: 0.8644999861717224, AccVa: 0.8259999752044678, CeTr: 0.4456923305988312, CeVa: 0.6844951510429382
Epoch: 119, AccTr: 0.8601999878883362, AccVa: 0.824999988079071, CeTr: 0.4715037941932678, CeVa: 0.7004197835922241
Epoch: 120, AccTr: 0.8673999905586243, AccVa: 0.8195000290870667, CeTr: 0.4683193862438202, CeVa: 0.688920259475708
ENSEMBLE | Tr_Acc: 0.9621999859809875, Tr_CE: 0.11658076196908951, Va_Acc: 0.9229999780654907, Va_CE: 0.2837134599685669
Epoch: 121, AccTr: 0.864799976348877, AccVa: 0.8215000033378601, CeTr: 0.47637465596199036, CeVa: 0.7382874488830566
Epoch: 122, AccTr: 0.8755999803543091, AccVa: 0.8364999890327454, CeTr: 0.4599471092224121, CeVa: 0.6265289187431335
Epoch: 123, AccTr: 0.8598999977111816, AccVa: 0.8215000033378601, CeTr: 0.5003740787506104, CeVa: 0.7455958127975464
Epoch: 124, AccTr: 0.8393999934196472, AccVa: 0.8075000047683716, CeTr: 0.5663242936134338, CeVa: 0.7558215260505676
Epoch: 125, AccTr: 0.8575999736785889, AccVa: 0.8080000281333923, CeTr: 0.49517929553985596, CeVa: 0.7459039688110352
ENSEMBLE | Tr_Acc: 0.9629999995231628, Tr_CE: 0.11668728291988373, Va_Acc: 0.9240000247955322, Va_CE: 0.28299692273139954
Epoch: 126, AccTr: 0.861299991607666, AccVa: 0.8274999856948853, CeTr: 0.47058725357055664, CeVa: 0.7120299339294434
Epoch: 127, AccTr: 0.8693000078201294, AccVa: 0.8184999823570251, CeTr: 0.449284166097641, CeVa: 0.7581565976142883
Epoch: 128, AccTr: 0.8634999990463257, AccVa: 0.8209999799728394, CeTr: 0.4802912175655365, CeVa: 0.7261151075363159
Epoch: 129, AccTr: 0.8690999746322632, AccVa: 0.8224999904632568, CeTr: 0.45480087399482727, CeVa: 0.7560400366783142
Epoch: 130, AccTr: 0.857699990272522, AccVa: 0.8119999766349792, CeTr: 0.4903896450996399, CeVa: 0.8044383525848389
ENSEMBLE | Tr_Acc: 0.9628999829292297, Tr_CE: 0.11651594191789627, Va_Acc: 0.9235000014305115, Va_CE: 0.2841784656047821
Epoch: 131, AccTr: 0.8640999794006348, AccVa: 0.8180000185966492, CeTr: 0.46063172817230225, CeVa: 0.7889539003372192
Epoch: 132, AccTr: 0.8655999898910522, AccVa: 0.8255000114440918, CeTr: 0.4590231478214264, CeVa: 0.7172666192054749
Epoch: 133, AccTr: 0.8744000196456909, AccVa: 0.8379999995231628, CeTr: 0.4155659079551697, CeVa: 0.7104693055152893
Epoch: 134, AccTr: 0.873199999332428, AccVa: 0.8220000267028809, CeTr: 0.425811231136322, CeVa: 0.7150269150733948
Epoch: 135, AccTr: 0.8679999709129333, AccVa: 0.8320000171661377, CeTr: 0.4555726945400238, CeVa: 0.7243606448173523
ENSEMBLE | Tr_Acc: 0.9639999866485596, Tr_CE: 0.11533686518669128, Va_Acc: 0.9225000143051147, Va_CE: 0.2836838960647583
Epoch: 136, AccTr: 0.8618000149726868, AccVa: 0.828499972820282, CeTr: 0.4856732487678528, CeVa: 0.7427336573600769
Epoch: 137, AccTr: 0.85589998960495, AccVa: 0.8165000081062317, CeTr: 0.49427101016044617, CeVa: 0.791900098323822
Epoch: 138, AccTr: 0.8705000281333923, AccVa: 0.8270000219345093, CeTr: 0.44377943873405457, CeVa: 0.6866231560707092
Epoch: 139, AccTr: 0.8737999796867371, AccVa: 0.8305000066757202, CeTr: 0.43294453620910645, CeVa: 0.6716433763504028
Epoch: 140, AccTr: 0.866100013256073, AccVa: 0.8360000252723694, CeTr: 0.456270307302475, CeVa: 0.651094377040863
ENSEMBLE | Tr_Acc: 0.9639999866485596, Tr_CE: 0.11468861997127533, Va_Acc: 0.9254999756813049, Va_CE: 0.2804345190525055
Epoch: 141, AccTr: 0.8733000159263611, AccVa: 0.8309999704360962, CeTr: 0.4619322121143341, CeVa: 0.6758362650871277
Epoch: 142, AccTr: 0.8701000213623047, AccVa: 0.8215000033378601, CeTr: 0.44995665550231934, CeVa: 0.7124057412147522
Epoch: 143, AccTr: 0.8572999835014343, AccVa: 0.8240000009536743, CeTr: 0.4945290982723236, CeVa: 0.6918675303459167
Epoch: 144, AccTr: 0.8676000237464905, AccVa: 0.8299999833106995, CeTr: 0.46355748176574707, CeVa: 0.7184549570083618
Epoch: 145, AccTr: 0.8763999938964844, AccVa: 0.8264999985694885, CeTr: 0.43944790959358215, CeVa: 0.7036062479019165
ENSEMBLE | Tr_Acc: 0.9642000198364258, Tr_CE: 0.11355126649141312, Va_Acc: 0.9254999756813049, Va_CE: 0.27819114923477173
Epoch: 146, AccTr: 0.8662999868392944, AccVa: 0.828499972820282, CeTr: 0.4538405239582062, CeVa: 0.7263576984405518
Epoch: 147, AccTr: 0.8611999750137329, AccVa: 0.8220000267028809, CeTr: 0.46390870213508606, CeVa: 0.699882447719574
Epoch: 148, AccTr: 0.8489999771118164, AccVa: 0.8169999718666077, CeTr: 0.5277817845344543, CeVa: 0.7676665186882019
Epoch: 149, AccTr: 0.8658000230789185, AccVa: 0.8174999952316284, CeTr: 0.4532082974910736, CeVa: 0.7987818717956543
Epoch: 150, AccTr: 0.8715999722480774, AccVa: 0.828499972820282, CeTr: 0.41183194518089294, CeVa: 0.7319304943084717
ENSEMBLE | Tr_Acc: 0.9646000266075134, Tr_CE: 0.1120036169886589, Va_Acc: 0.925000011920929, Va_CE: 0.2776346504688263
NN CONFIG
Weight-type:		ternary
Layout									Layer #1: 280	Layer #2: 200	
Activation Functions					Layer #1: bs	Layer #2: bs	
Keep probabilities		Layer #0: 0.99	Layer #1: 0.98	Layer #2: 0.98	
Flat factors							Layer #1: 1.0	Layer #2: 1.0	Layer #3: 1.0	
Activation Noise						Layer #1: 0.1	Layer #2: 0.1	Layer #3: 0.0	

===================================

RUN CONFIG
Epochs: 150, Blocksize: 4

===================================

Epoch: 1, AccTr: 0.8525000214576721, AccVa: 0.8289999961853027, CeTr: 0.5662736296653748, CeVa: 0.7394759654998779
Epoch: 2, AccTr: 0.8460000157356262, AccVa: 0.8125, CeTr: 0.569126307964325, CeVa: 0.7505550980567932
Epoch: 3, AccTr: 0.847000002861023, AccVa: 0.8040000200271606, CeTr: 0.5329946279525757, CeVa: 0.8115556836128235
Epoch: 4, AccTr: 0.8615000247955322, AccVa: 0.8115000128746033, CeTr: 0.4945775270462036, CeVa: 0.7393327355384827
Epoch: 5, AccTr: 0.8589000105857849, AccVa: 0.8125, CeTr: 0.49718916416168213, CeVa: 0.7492841482162476
Epoch: 6, AccTr: 0.8636000156402588, AccVa: 0.8209999799728394, CeTr: 0.4798252582550049, CeVa: 0.7584647536277771
Epoch: 7, AccTr: 0.8694000244140625, AccVa: 0.8149999976158142, CeTr: 0.465377539396286, CeVa: 0.7725547552108765
Epoch: 8, AccTr: 0.8639000058174133, AccVa: 0.8234999775886536, CeTr: 0.4743780791759491, CeVa: 0.772696316242218
Epoch: 9, AccTr: 0.8611000180244446, AccVa: 0.8215000033378601, CeTr: 0.49810126423835754, CeVa: 0.7697702050209045
Epoch: 10, AccTr: 0.8622000217437744, AccVa: 0.824999988079071, CeTr: 0.509911298751831, CeVa: 0.7775644063949585
Epoch: 11, AccTr: 0.8547999858856201, AccVa: 0.8245000243186951, CeTr: 0.5332856178283691, CeVa: 0.7052353024482727
Epoch: 12, AccTr: 0.8554999828338623, AccVa: 0.8259999752044678, CeTr: 0.5287004113197327, CeVa: 0.7175804972648621
Epoch: 13, AccTr: 0.8651000261306763, AccVa: 0.8289999961853027, CeTr: 0.47482267022132874, CeVa: 0.7112834453582764
Epoch: 14, AccTr: 0.8395000100135803, AccVa: 0.8169999718666077, CeTr: 0.6035807728767395, CeVa: 0.8254605531692505
Epoch: 15, AccTr: 0.8583999872207642, AccVa: 0.8295000195503235, CeTr: 0.5140737891197205, CeVa: 0.7346599102020264
Epoch: 16, AccTr: 0.8691999912261963, AccVa: 0.8345000147819519, CeTr: 0.4591498076915741, CeVa: 0.6790232062339783
Epoch: 17, AccTr: 0.8603000044822693, AccVa: 0.8224999904632568, CeTr: 0.5091142654418945, CeVa: 0.7621814608573914
Epoch: 18, AccTr: 0.8734999895095825, AccVa: 0.8270000219345093, CeTr: 0.4608798325061798, CeVa: 0.7038928866386414
Epoch: 19, AccTr: 0.8779000043869019, AccVa: 0.8450000286102295, CeTr: 0.4458712935447693, CeVa: 0.6612787842750549
Epoch: 20, AccTr: 0.8736000061035156, AccVa: 0.8370000123977661, CeTr: 0.4606058597564697, CeVa: 0.7233616709709167
Epoch: 21, AccTr: 0.8777999877929688, AccVa: 0.8395000100135803, CeTr: 0.4439695179462433, CeVa: 0.6996936202049255
Epoch: 22, AccTr: 0.866599977016449, AccVa: 0.8339999914169312, CeTr: 0.46816274523735046, CeVa: 0.6767339110374451
Epoch: 23, AccTr: 0.8619999885559082, AccVa: 0.8374999761581421, CeTr: 0.4796381890773773, CeVa: 0.6704257726669312
Epoch: 24, AccTr: 0.8582000136375427, AccVa: 0.8289999961853027, CeTr: 0.5225974321365356, CeVa: 0.7432076334953308
Epoch: 25, AccTr: 0.8733999729156494, AccVa: 0.8349999785423279, CeTr: 0.44221732020378113, CeVa: 0.68674236536026
Epoch: 26, AccTr: 0.8622000217437744, AccVa: 0.8255000114440918, CeTr: 0.5085418224334717, CeVa: 0.7600072026252747
Epoch: 27, AccTr: 0.8618000149726868, AccVa: 0.8289999961853027, CeTr: 0.5125076174736023, CeVa: 0.7379734516143799
Epoch: 28, AccTr: 0.8583999872207642, AccVa: 0.8144999742507935, CeTr: 0.5014684796333313, CeVa: 0.7620655298233032
Epoch: 29, AccTr: 0.859499990940094, AccVa: 0.8184999823570251, CeTr: 0.4866730868816376, CeVa: 0.7646194696426392
Epoch: 30, AccTr: 0.871999979019165, AccVa: 0.8410000205039978, CeTr: 0.450330913066864, CeVa: 0.6972858905792236
ENSEMBLE | Tr_Acc: 0.871999979019165, Tr_CE: 0.450330913066864, Va_Acc: 0.8410000205039978, Va_CE: 0.6972858905792236
Epoch: 31, AccTr: 0.8640999794006348, AccVa: 0.8215000033378601, CeTr: 0.5019719004631042, CeVa: 0.7892731428146362
Epoch: 32, AccTr: 0.8525000214576721, AccVa: 0.8299999833106995, CeTr: 0.5351961851119995, CeVa: 0.7284675240516663
Epoch: 33, AccTr: 0.8693000078201294, AccVa: 0.8299999833106995, CeTr: 0.46967247128486633, CeVa: 0.7067912817001343
Epoch: 34, AccTr: 0.8726000189781189, AccVa: 0.8274999856948853, CeTr: 0.4603322148323059, CeVa: 0.7178598046302795
Epoch: 35, AccTr: 0.8769999742507935, AccVa: 0.8234999775886536, CeTr: 0.4358164966106415, CeVa: 0.7230397462844849
ENSEMBLE | Tr_Acc: 0.9251000285148621, Tr_CE: 0.2399345189332962, Va_Acc: 0.8840000033378601, Va_CE: 0.475633829832077
Epoch: 36, AccTr: 0.8622999787330627, AccVa: 0.8399999737739563, CeTr: 0.4927738308906555, CeVa: 0.6879820823669434
Epoch: 37, AccTr: 0.8687000274658203, AccVa: 0.828000009059906, CeTr: 0.4736926853656769, CeVa: 0.7012667655944824
Epoch: 38, AccTr: 0.875, AccVa: 0.828000009059906, CeTr: 0.4359358847141266, CeVa: 0.7780488729476929
Epoch: 39, AccTr: 0.8597999811172485, AccVa: 0.8255000114440918, CeTr: 0.5116848349571228, CeVa: 0.775058925151825
Epoch: 40, AccTr: 0.8636999726295471, AccVa: 0.8140000104904175, CeTr: 0.4792221784591675, CeVa: 0.7594959735870361
ENSEMBLE | Tr_Acc: 0.9381999969482422, Tr_CE: 0.18563447892665863, Va_Acc: 0.8955000042915344, Va_CE: 0.41390758752822876
Epoch: 41, AccTr: 0.8586999773979187, AccVa: 0.8149999976158142, CeTr: 0.5111874341964722, CeVa: 0.7560310959815979
Epoch: 42, AccTr: 0.863099992275238, AccVa: 0.8264999985694885, CeTr: 0.48660653829574585, CeVa: 0.7173510193824768
Epoch: 43, AccTr: 0.8720999956130981, AccVa: 0.8215000033378601, CeTr: 0.44004276394844055, CeVa: 0.7230010032653809
Epoch: 44, AccTr: 0.8758000135421753, AccVa: 0.8289999961853027, CeTr: 0.45264920592308044, CeVa: 0.7106287479400635
Epoch: 45, AccTr: 0.8683000206947327, AccVa: 0.8255000114440918, CeTr: 0.4483835995197296, CeVa: 0.7141928672790527
ENSEMBLE | Tr_Acc: 0.9484999775886536, Tr_CE: 0.15745574235916138, Va_Acc: 0.902999997138977, Va_CE: 0.3787537217140198
Epoch: 46, AccTr: 0.8637999892234802, AccVa: 0.8259999752044678, CeTr: 0.48723462224006653, CeVa: 0.7558177709579468
Epoch: 47, AccTr: 0.8644000291824341, AccVa: 0.8360000252723694, CeTr: 0.49005433917045593, CeVa: 0.705609917640686
Epoch: 48, AccTr: 0.8781999945640564, AccVa: 0.8349999785423279, CeTr: 0.43238750100135803, CeVa: 0.6887778043746948
Epoch: 49, AccTr: 0.8712000250816345, AccVa: 0.8205000162124634, CeTr: 0.454623818397522, CeVa: 0.7573525905609131
Epoch: 50, AccTr: 0.8726000189781189, AccVa: 0.8230000138282776, CeTr: 0.45114725828170776, CeVa: 0.7185561656951904
ENSEMBLE | Tr_Acc: 0.9541000127792358, Tr_CE: 0.1436256319284439, Va_Acc: 0.9079999923706055, Va_CE: 0.35339826345443726
Epoch: 51, AccTr: 0.8794999718666077, AccVa: 0.8349999785423279, CeTr: 0.4306717813014984, CeVa: 0.7333188652992249
Epoch: 52, AccTr: 0.871399998664856, AccVa: 0.8305000066757202, CeTr: 0.46001434326171875, CeVa: 0.7669351100921631
Epoch: 53, AccTr: 0.8596000075340271, AccVa: 0.8180000185966492, CeTr: 0.5195243954658508, CeVa: 0.7590392827987671
Epoch: 54, AccTr: 0.8676000237464905, AccVa: 0.8230000138282776, CeTr: 0.46838560700416565, CeVa: 0.7671259045600891
Epoch: 55, AccTr: 0.8748000264167786, AccVa: 0.8360000252723694, CeTr: 0.42041537165641785, CeVa: 0.6636177897453308
ENSEMBLE | Tr_Acc: 0.9562000036239624, Tr_CE: 0.13387024402618408, Va_Acc: 0.9125000238418579, Va_CE: 0.33173295855522156
Epoch: 56, AccTr: 0.8755000233650208, AccVa: 0.8264999985694885, CeTr: 0.43937256932258606, CeVa: 0.7226701974868774
Epoch: 57, AccTr: 0.8700000047683716, AccVa: 0.8264999985694885, CeTr: 0.46788594126701355, CeVa: 0.7619597911834717
Epoch: 58, AccTr: 0.8639000058174133, AccVa: 0.8134999871253967, CeTr: 0.46253272891044617, CeVa: 0.7808476686477661
Epoch: 59, AccTr: 0.8704000115394592, AccVa: 0.8180000185966492, CeTr: 0.42696475982666016, CeVa: 0.7891468405723572
Epoch: 60, AccTr: 0.862500011920929, AccVa: 0.8255000114440918, CeTr: 0.49577757716178894, CeVa: 0.7797921299934387
ENSEMBLE | Tr_Acc: 0.9580000042915344, Tr_CE: 0.12975169718265533, Va_Acc: 0.9089999794960022, Va_CE: 0.3263148069381714
Epoch: 61, AccTr: 0.8640999794006348, AccVa: 0.8105000257492065, CeTr: 0.5011803507804871, CeVa: 0.804425835609436
Epoch: 62, AccTr: 0.8596000075340271, AccVa: 0.8305000066757202, CeTr: 0.5166280269622803, CeVa: 0.7019901871681213
Epoch: 63, AccTr: 0.8587999939918518, AccVa: 0.8274999856948853, CeTr: 0.5059393644332886, CeVa: 0.7016697525978088
Epoch: 64, AccTr: 0.8695999979972839, AccVa: 0.8149999976158142, CeTr: 0.46364590525627136, CeVa: 0.7754935026168823
Epoch: 65, AccTr: 0.8694000244140625, AccVa: 0.8184999823570251, CeTr: 0.4580635130405426, CeVa: 0.7479224801063538
ENSEMBLE | Tr_Acc: 0.9581999778747559, Tr_CE: 0.1258029341697693, Va_Acc: 0.9129999876022339, Va_CE: 0.3202049136161804
Epoch: 66, AccTr: 0.8586999773979187, AccVa: 0.8109999895095825, CeTr: 0.5139753222465515, CeVa: 0.7664387226104736
Epoch: 67, AccTr: 0.8618999719619751, AccVa: 0.8245000243186951, CeTr: 0.528201699256897, CeVa: 0.7699122428894043
Epoch: 68, AccTr: 0.8648999929428101, AccVa: 0.8125, CeTr: 0.48084086179733276, CeVa: 0.7523655891418457
Epoch: 69, AccTr: 0.8658999800682068, AccVa: 0.8195000290870667, CeTr: 0.475985586643219, CeVa: 0.7790434956550598
Epoch: 70, AccTr: 0.8644999861717224, AccVa: 0.8264999985694885, CeTr: 0.4930473566055298, CeVa: 0.7369634509086609
ENSEMBLE | Tr_Acc: 0.9589999914169312, Tr_CE: 0.12436545640230179, Va_Acc: 0.9160000085830688, Va_CE: 0.3117446005344391
Epoch: 71, AccTr: 0.876800000667572, AccVa: 0.843500018119812, CeTr: 0.4469222128391266, CeVa: 0.7000358700752258
Epoch: 72, AccTr: 0.8569999933242798, AccVa: 0.8224999904632568, CeTr: 0.5301733613014221, CeVa: 0.7490332126617432
Epoch: 73, AccTr: 0.8687000274658203, AccVa: 0.8410000205039978, CeTr: 0.4493292570114136, CeVa: 0.6572070121765137
Epoch: 74, AccTr: 0.8711000084877014, AccVa: 0.8389999866485596, CeTr: 0.4527477025985718, CeVa: 0.7156866788864136
Epoch: 75, AccTr: 0.8689000010490417, AccVa: 0.8485000133514404, CeTr: 0.4444069266319275, CeVa: 0.6516624093055725
ENSEMBLE | Tr_Acc: 0.9603000283241272, Tr_CE: 0.12040576338768005, Va_Acc: 0.9194999933242798, Va_CE: 0.3034471869468689
Epoch: 76, AccTr: 0.8679999709129333, AccVa: 0.828499972820282, CeTr: 0.4720187485218048, CeVa: 0.7362717390060425
Epoch: 77, AccTr: 0.8587999939918518, AccVa: 0.828000009059906, CeTr: 0.5399966239929199, CeVa: 0.7423779368400574
Epoch: 78, AccTr: 0.8690000176429749, AccVa: 0.8165000081062317, CeTr: 0.464328795671463, CeVa: 0.7975631356239319
Epoch: 79, AccTr: 0.8748000264167786, AccVa: 0.8224999904632568, CeTr: 0.44530460238456726, CeVa: 0.7342714667320251
Epoch: 80, AccTr: 0.871999979019165, AccVa: 0.8174999952316284, CeTr: 0.47342586517333984, CeVa: 0.758773922920227
ENSEMBLE | Tr_Acc: 0.9613000154495239, Tr_CE: 0.12027358263731003, Va_Acc: 0.9204999804496765, Va_CE: 0.30067509412765503
Epoch: 81, AccTr: 0.8745999932289124, AccVa: 0.8299999833106995, CeTr: 0.4611254036426544, CeVa: 0.7014971375465393
Epoch: 82, AccTr: 0.8712999820709229, AccVa: 0.8159999847412109, CeTr: 0.47401225566864014, CeVa: 0.836137592792511
Epoch: 83, AccTr: 0.8716999888420105, AccVa: 0.8299999833106995, CeTr: 0.4596708118915558, CeVa: 0.7277124524116516
Epoch: 84, AccTr: 0.8705999851226807, AccVa: 0.8190000057220459, CeTr: 0.45755869150161743, CeVa: 0.7607350945472717
Epoch: 85, AccTr: 0.8517000079154968, AccVa: 0.8130000233650208, CeTr: 0.5216441750526428, CeVa: 0.7620057463645935
ENSEMBLE | Tr_Acc: 0.9605000019073486, Tr_CE: 0.12019792199134827, Va_Acc: 0.9200000166893005, Va_CE: 0.2983247637748718
Epoch: 86, AccTr: 0.8737000226974487, AccVa: 0.828000009059906, CeTr: 0.4633679687976837, CeVa: 0.7699135541915894
Epoch: 87, AccTr: 0.873199999332428, AccVa: 0.8324999809265137, CeTr: 0.43682488799095154, CeVa: 0.7820484042167664
Epoch: 88, AccTr: 0.8726999759674072, AccVa: 0.8220000267028809, CeTr: 0.4514355957508087, CeVa: 0.7452514171600342
Epoch: 89, AccTr: 0.8619999885559082, AccVa: 0.8289999961853027, CeTr: 0.482608437538147, CeVa: 0.7072767615318298
Epoch: 90, AccTr: 0.873199999332428, AccVa: 0.8209999799728394, CeTr: 0.450731486082077, CeVa: 0.7718466520309448
ENSEMBLE | Tr_Acc: 0.9617000222206116, Tr_CE: 0.11845055967569351, Va_Acc: 0.9200000166893005, Va_CE: 0.2983488142490387
Epoch: 91, AccTr: 0.8539999723434448, AccVa: 0.8149999976158142, CeTr: 0.5198801755905151, CeVa: 0.7743270993232727
Epoch: 92, AccTr: 0.864799976348877, AccVa: 0.828000009059906, CeTr: 0.4975612163543701, CeVa: 0.7429190278053284
Epoch: 93, AccTr: 0.8632000088691711, AccVa: 0.8320000171661377, CeTr: 0.5000256299972534, CeVa: 0.734868586063385
Epoch: 94, AccTr: 0.8705000281333923, AccVa: 0.8335000276565552, CeTr: 0.46910780668258667, CeVa: 0.7318583130836487
Epoch: 95, AccTr: 0.8589000105857849, AccVa: 0.8264999985694885, CeTr: 0.5189965963363647, CeVa: 0.7277795672416687
ENSEMBLE | Tr_Acc: 0.9611999988555908, Tr_CE: 0.11879009008407593, Va_Acc: 0.9210000038146973, Va_CE: 0.2924625873565674
Epoch: 96, AccTr: 0.8773000240325928, AccVa: 0.8429999947547913, CeTr: 0.4397121071815491, CeVa: 0.6848353147506714
Epoch: 97, AccTr: 0.871999979019165, AccVa: 0.8420000076293945, CeTr: 0.4679872989654541, CeVa: 0.6881483197212219
Epoch: 98, AccTr: 0.8733999729156494, AccVa: 0.8305000066757202, CeTr: 0.4539948105812073, CeVa: 0.7421812415122986
Epoch: 99, AccTr: 0.8622999787330627, AccVa: 0.8259999752044678, CeTr: 0.48024219274520874, CeVa: 0.7781362533569336
Epoch: 100, AccTr: 0.8799999952316284, AccVa: 0.8330000042915344, CeTr: 0.4340888261795044, CeVa: 0.7250295281410217
ENSEMBLE | Tr_Acc: 0.9611999988555908, Tr_CE: 0.11660650372505188, Va_Acc: 0.9210000038146973, Va_CE: 0.29103636741638184
Epoch: 101, AccTr: 0.8784999847412109, AccVa: 0.8230000138282776, CeTr: 0.42677801847457886, CeVa: 0.712013304233551
Epoch: 102, AccTr: 0.8766000270843506, AccVa: 0.8330000042915344, CeTr: 0.42725059390068054, CeVa: 0.7467365264892578
Epoch: 103, AccTr: 0.8741000294685364, AccVa: 0.8274999856948853, CeTr: 0.4631444215774536, CeVa: 0.7439460158348083
Epoch: 104, AccTr: 0.867900013923645, AccVa: 0.8230000138282776, CeTr: 0.4564431607723236, CeVa: 0.7532244920730591
Epoch: 105, AccTr: 0.8690999746322632, AccVa: 0.8240000009536743, CeTr: 0.4630447328090668, CeVa: 0.7490741610527039
ENSEMBLE | Tr_Acc: 0.9623000025749207, Tr_CE: 0.11536074429750443, Va_Acc: 0.9229999780654907, Va_CE: 0.2887347340583801
Epoch: 106, AccTr: 0.8690999746322632, AccVa: 0.8205000162124634, CeTr: 0.46392667293548584, CeVa: 0.7545588612556458
Epoch: 107, AccTr: 0.8726999759674072, AccVa: 0.8169999718666077, CeTr: 0.4256230890750885, CeVa: 0.735058605670929
Epoch: 108, AccTr: 0.8718000054359436, AccVa: 0.8305000066757202, CeTr: 0.4539183974266052, CeVa: 0.7408775091171265
Epoch: 109, AccTr: 0.8795999884605408, AccVa: 0.8230000138282776, CeTr: 0.41020819544792175, CeVa: 0.7073974013328552
Epoch: 110, AccTr: 0.8701000213623047, AccVa: 0.8309999704360962, CeTr: 0.4604560434818268, CeVa: 0.7306806445121765
ENSEMBLE | Tr_Acc: 0.9625999927520752, Tr_CE: 0.11435599625110626, Va_Acc: 0.921999990940094, Va_CE: 0.2872157096862793
Epoch: 111, AccTr: 0.8640999794006348, AccVa: 0.8370000123977661, CeTr: 0.49184513092041016, CeVa: 0.6534485220909119
Epoch: 112, AccTr: 0.8730999827384949, AccVa: 0.8224999904632568, CeTr: 0.4655955135822296, CeVa: 0.7593859434127808
Epoch: 113, AccTr: 0.8701000213623047, AccVa: 0.8240000009536743, CeTr: 0.451155424118042, CeVa: 0.7483081817626953
Epoch: 114, AccTr: 0.8549000024795532, AccVa: 0.8305000066757202, CeTr: 0.5382918119430542, CeVa: 0.7035649418830872
Epoch: 115, AccTr: 0.8629999756813049, AccVa: 0.8240000009536743, CeTr: 0.49296629428863525, CeVa: 0.7742964029312134
ENSEMBLE | Tr_Acc: 0.9638000130653381, Tr_CE: 0.1137983426451683, Va_Acc: 0.921500027179718, Va_CE: 0.28813067078590393
Epoch: 116, AccTr: 0.8694999814033508, AccVa: 0.8180000185966492, CeTr: 0.47845932841300964, CeVa: 0.7712553143501282
Epoch: 117, AccTr: 0.8655999898910522, AccVa: 0.828000009059906, CeTr: 0.4838659167289734, CeVa: 0.7433546781539917
Epoch: 118, AccTr: 0.8651999831199646, AccVa: 0.8184999823570251, CeTr: 0.4883233308792114, CeVa: 0.7767676115036011
Epoch: 119, AccTr: 0.8695999979972839, AccVa: 0.824999988079071, CeTr: 0.4584532082080841, CeVa: 0.7931739687919617
Epoch: 120, AccTr: 0.8784999847412109, AccVa: 0.8324999809265137, CeTr: 0.42686036229133606, CeVa: 0.7266017198562622
ENSEMBLE | Tr_Acc: 0.963699996471405, Tr_CE: 0.11241190135478973, Va_Acc: 0.9235000014305115, Va_CE: 0.28793618083000183
Epoch: 121, AccTr: 0.8654999732971191, AccVa: 0.8309999704360962, CeTr: 0.46953096985816956, CeVa: 0.745169460773468
Epoch: 122, AccTr: 0.8567000031471252, AccVa: 0.8069999814033508, CeTr: 0.5208158493041992, CeVa: 0.8271567225456238
Epoch: 123, AccTr: 0.8651999831199646, AccVa: 0.828000009059906, CeTr: 0.48012447357177734, CeVa: 0.7495414018630981
Epoch: 124, AccTr: 0.8693000078201294, AccVa: 0.8190000057220459, CeTr: 0.45775723457336426, CeVa: 0.7945830225944519
Epoch: 125, AccTr: 0.8712000250816345, AccVa: 0.8339999914169312, CeTr: 0.45569083094596863, CeVa: 0.7378189563751221
ENSEMBLE | Tr_Acc: 0.9643999934196472, Tr_CE: 0.11111404746770859, Va_Acc: 0.9244999885559082, Va_CE: 0.28732383251190186
Epoch: 126, AccTr: 0.866100013256073, AccVa: 0.8339999914169312, CeTr: 0.478024959564209, CeVa: 0.7174434661865234
Epoch: 127, AccTr: 0.863099992275238, AccVa: 0.8165000081062317, CeTr: 0.488188773393631, CeVa: 0.7771358489990234
Epoch: 128, AccTr: 0.8691999912261963, AccVa: 0.8264999985694885, CeTr: 0.4879618287086487, CeVa: 0.7472860813140869
Epoch: 129, AccTr: 0.8702999949455261, AccVa: 0.8314999938011169, CeTr: 0.4704914093017578, CeVa: 0.7391564249992371
Epoch: 130, AccTr: 0.8651999831199646, AccVa: 0.8370000123977661, CeTr: 0.4716451168060303, CeVa: 0.6994216442108154
ENSEMBLE | Tr_Acc: 0.9641000032424927, Tr_CE: 0.11032379418611526, Va_Acc: 0.9235000014305115, Va_CE: 0.28619223833084106
Epoch: 131, AccTr: 0.8683000206947327, AccVa: 0.8245000243186951, CeTr: 0.49220216274261475, CeVa: 0.8037998080253601
Epoch: 132, AccTr: 0.8607000112533569, AccVa: 0.8309999704360962, CeTr: 0.48359739780426025, CeVa: 0.7229981422424316
Epoch: 133, AccTr: 0.8726000189781189, AccVa: 0.828499972820282, CeTr: 0.44883963465690613, CeVa: 0.7199159860610962
Epoch: 134, AccTr: 0.8700000047683716, AccVa: 0.8220000267028809, CeTr: 0.4849977493286133, CeVa: 0.7414186596870422
Epoch: 135, AccTr: 0.8596000075340271, AccVa: 0.8220000267028809, CeTr: 0.5017536878585815, CeVa: 0.6995185613632202
ENSEMBLE | Tr_Acc: 0.9641000032424927, Tr_CE: 0.11019882559776306, Va_Acc: 0.9229999780654907, Va_CE: 0.28409016132354736
Epoch: 136, AccTr: 0.8758000135421753, AccVa: 0.8395000100135803, CeTr: 0.44006407260894775, CeVa: 0.6864258050918579
Epoch: 137, AccTr: 0.8690999746322632, AccVa: 0.8240000009536743, CeTr: 0.47506874799728394, CeVa: 0.7524422407150269
Epoch: 138, AccTr: 0.876800000667572, AccVa: 0.8410000205039978, CeTr: 0.44121915102005005, CeVa: 0.7388708591461182
Epoch: 139, AccTr: 0.8761000037193298, AccVa: 0.8364999890327454, CeTr: 0.4453375041484833, CeVa: 0.7294137477874756
Epoch: 140, AccTr: 0.8765000104904175, AccVa: 0.8259999752044678, CeTr: 0.4378184974193573, CeVa: 0.7632455229759216
ENSEMBLE | Tr_Acc: 0.9646000266075134, Tr_CE: 0.1090279296040535, Va_Acc: 0.9235000014305115, Va_CE: 0.28315916657447815
Epoch: 141, AccTr: 0.8666999936103821, AccVa: 0.8379999995231628, CeTr: 0.4923458397388458, CeVa: 0.7102535367012024
Epoch: 142, AccTr: 0.8727999925613403, AccVa: 0.828000009059906, CeTr: 0.4697185456752777, CeVa: 0.7269667983055115
Epoch: 143, AccTr: 0.8772000074386597, AccVa: 0.8370000123977661, CeTr: 0.42734068632125854, CeVa: 0.6876070499420166
Epoch: 144, AccTr: 0.8677999973297119, AccVa: 0.8364999890327454, CeTr: 0.45559751987457275, CeVa: 0.7052636742591858
Epoch: 145, AccTr: 0.8756999969482422, AccVa: 0.8385000228881836, CeTr: 0.44195860624313354, CeVa: 0.7183310389518738
ENSEMBLE | Tr_Acc: 0.9646999835968018, Tr_CE: 0.10855485498905182, Va_Acc: 0.9229999780654907, Va_CE: 0.28214702010154724
Epoch: 146, AccTr: 0.8741000294685364, AccVa: 0.8320000171661377, CeTr: 0.4588366746902466, CeVa: 0.7199678421020508
Epoch: 147, AccTr: 0.8806999921798706, AccVa: 0.8289999961853027, CeTr: 0.41319698095321655, CeVa: 0.7621645331382751
Epoch: 148, AccTr: 0.876800000667572, AccVa: 0.8220000267028809, CeTr: 0.4394470155239105, CeVa: 0.7975772023200989
Epoch: 149, AccTr: 0.8712999820709229, AccVa: 0.8199999928474426, CeTr: 0.475496381521225, CeVa: 0.8061758279800415
Epoch: 150, AccTr: 0.8708000183105469, AccVa: 0.8174999952316284, CeTr: 0.45165351033210754, CeVa: 0.7966065406799316
ENSEMBLE | Tr_Acc: 0.964900016784668, Tr_CE: 0.10789560526609421, Va_Acc: 0.9244999885559082, Va_CE: 0.2815696597099304
Mod Accuracy || Mean: 0.8229999542236328	 Std: 0.005499988794326782
Ens Accuracy || Mean: 0.9247499704360962	 Std: 0.000250011682510376
Mod CE || Mean: 0.7642685174942017	 Std: 0.03233802318572998
Ens CE || Mean: 0.27960216999053955	 Std: 0.001967504620552063
