NN CONFIG
Weight-type:		ternary
Layout									Layer #1: 280	Layer #2: 200	
Activation Functions					Layer #1: bs	Layer #2: bs	
Keep probabilities		Layer #0: 0.99	Layer #1: 0.98	Layer #2: 0.98	
Flat factors							Layer #1: 1.0	Layer #2: 1.0	Layer #3: 1.0	
Activation Noise						Layer #1: 0.1	Layer #2: 0.1	Layer #3: 0.0	

===================================

RUN CONFIG
Epochs: 150, Blocksize: 4

===================================

Epoch: 1, AccTr: 0.8568000197410583, AccVa: 0.8059999942779541, CeTr: 0.5266667008399963, CeVa: 0.7682563662528992
Epoch: 2, AccTr: 0.8392999768257141, AccVa: 0.8004999756813049, CeTr: 0.6233829855918884, CeVa: 0.8924800753593445
Epoch: 3, AccTr: 0.850600004196167, AccVa: 0.8215000033378601, CeTr: 0.5124166011810303, CeVa: 0.7760682702064514
Epoch: 4, AccTr: 0.8683000206947327, AccVa: 0.8264999985694885, CeTr: 0.45861318707466125, CeVa: 0.7266713380813599
Epoch: 5, AccTr: 0.857200026512146, AccVa: 0.8149999976158142, CeTr: 0.5097373127937317, CeVa: 0.7857195138931274
Epoch: 6, AccTr: 0.8500000238418579, AccVa: 0.8044999837875366, CeTr: 0.550545334815979, CeVa: 0.8253291845321655
Epoch: 7, AccTr: 0.8463000059127808, AccVa: 0.8044999837875366, CeTr: 0.5493918061256409, CeVa: 0.7615514397621155
Epoch: 8, AccTr: 0.850600004196167, AccVa: 0.8195000290870667, CeTr: 0.5517311692237854, CeVa: 0.7212008833885193
Epoch: 9, AccTr: 0.8510000109672546, AccVa: 0.8255000114440918, CeTr: 0.5310561656951904, CeVa: 0.6949217915534973
Epoch: 10, AccTr: 0.8547999858856201, AccVa: 0.8305000066757202, CeTr: 0.5195724368095398, CeVa: 0.7109537124633789
Epoch: 11, AccTr: 0.8628000020980835, AccVa: 0.8184999823570251, CeTr: 0.4852488338947296, CeVa: 0.705377459526062
Epoch: 12, AccTr: 0.8661999702453613, AccVa: 0.824999988079071, CeTr: 0.47627198696136475, CeVa: 0.7477725744247437
Epoch: 13, AccTr: 0.8539999723434448, AccVa: 0.815500020980835, CeTr: 0.529126763343811, CeVa: 0.7636296153068542
Epoch: 14, AccTr: 0.8634999990463257, AccVa: 0.8159999847412109, CeTr: 0.47176411747932434, CeVa: 0.722012460231781
Epoch: 15, AccTr: 0.8500000238418579, AccVa: 0.8044999837875366, CeTr: 0.5182753801345825, CeVa: 0.8370987772941589
Epoch: 16, AccTr: 0.8697999715805054, AccVa: 0.8314999938011169, CeTr: 0.46688902378082275, CeVa: 0.6861090064048767
Epoch: 17, AccTr: 0.8708000183105469, AccVa: 0.8149999976158142, CeTr: 0.4465828537940979, CeVa: 0.700050413608551
Epoch: 18, AccTr: 0.858299970626831, AccVa: 0.8165000081062317, CeTr: 0.5090916752815247, CeVa: 0.7712717652320862
Epoch: 19, AccTr: 0.8575999736785889, AccVa: 0.8240000009536743, CeTr: 0.49136483669281006, CeVa: 0.7504661679267883
Epoch: 20, AccTr: 0.8719000220298767, AccVa: 0.8230000138282776, CeTr: 0.43005117774009705, CeVa: 0.735295295715332
Epoch: 21, AccTr: 0.8561000227928162, AccVa: 0.8234999775886536, CeTr: 0.5232645273208618, CeVa: 0.7624586820602417
Epoch: 22, AccTr: 0.8583999872207642, AccVa: 0.8215000033378601, CeTr: 0.5076653361320496, CeVa: 0.6907413601875305
Epoch: 23, AccTr: 0.8597999811172485, AccVa: 0.8324999809265137, CeTr: 0.49884307384490967, CeVa: 0.7154006361961365
Epoch: 24, AccTr: 0.8600999712944031, AccVa: 0.8264999985694885, CeTr: 0.49733448028564453, CeVa: 0.7388666868209839
Epoch: 25, AccTr: 0.8683000206947327, AccVa: 0.8374999761581421, CeTr: 0.46578672528266907, CeVa: 0.6841329336166382
Epoch: 26, AccTr: 0.86080002784729, AccVa: 0.8324999809265137, CeTr: 0.5017404556274414, CeVa: 0.7212330102920532
Epoch: 27, AccTr: 0.8637999892234802, AccVa: 0.8159999847412109, CeTr: 0.46142295002937317, CeVa: 0.7938703894615173
Epoch: 28, AccTr: 0.8715999722480774, AccVa: 0.8324999809265137, CeTr: 0.4634491205215454, CeVa: 0.6867551207542419
Epoch: 29, AccTr: 0.8574000000953674, AccVa: 0.8080000281333923, CeTr: 0.5220957398414612, CeVa: 0.7554044127464294
Epoch: 30, AccTr: 0.8621000051498413, AccVa: 0.8199999928474426, CeTr: 0.4767768979072571, CeVa: 0.7115367650985718
ENSEMBLE | Tr_Acc: 0.8621000051498413, Tr_CE: 0.4767768979072571, Va_Acc: 0.8199999928474426, Va_CE: 0.7115367650985718
Epoch: 31, AccTr: 0.864799976348877, AccVa: 0.815500020980835, CeTr: 0.46872803568840027, CeVa: 0.7914277911186218
Epoch: 32, AccTr: 0.8640000224113464, AccVa: 0.828499972820282, CeTr: 0.49521201848983765, CeVa: 0.7267553806304932
Epoch: 33, AccTr: 0.8629999756813049, AccVa: 0.8144999742507935, CeTr: 0.4749537706375122, CeVa: 0.7363846302032471
Epoch: 34, AccTr: 0.8705000281333923, AccVa: 0.8420000076293945, CeTr: 0.43712538480758667, CeVa: 0.6748230457305908
Epoch: 35, AccTr: 0.8629000186920166, AccVa: 0.8270000219345093, CeTr: 0.4812619090080261, CeVa: 0.7078848481178284
ENSEMBLE | Tr_Acc: 0.9172000288963318, Tr_CE: 0.25995516777038574, Va_Acc: 0.8744999766349792, Va_CE: 0.4618675410747528
Epoch: 36, AccTr: 0.8708000183105469, AccVa: 0.8324999809265137, CeTr: 0.43843838572502136, CeVa: 0.6798498630523682
Epoch: 37, AccTr: 0.875, AccVa: 0.8240000009536743, CeTr: 0.4332101047039032, CeVa: 0.7056310772895813
Epoch: 38, AccTr: 0.8689000010490417, AccVa: 0.8320000171661377, CeTr: 0.45276209712028503, CeVa: 0.7505101561546326
Epoch: 39, AccTr: 0.8671000003814697, AccVa: 0.8355000019073486, CeTr: 0.4588257670402527, CeVa: 0.6614874601364136
Epoch: 40, AccTr: 0.8747000098228455, AccVa: 0.843500018119812, CeTr: 0.4292651414871216, CeVa: 0.6683648824691772
ENSEMBLE | Tr_Acc: 0.9370999932289124, Tr_CE: 0.19320529699325562, Va_Acc: 0.8970000147819519, Va_CE: 0.39219725131988525
Epoch: 41, AccTr: 0.8740000128746033, AccVa: 0.8399999737739563, CeTr: 0.4516419470310211, CeVa: 0.6695972681045532
Epoch: 42, AccTr: 0.8701000213623047, AccVa: 0.8314999938011169, CeTr: 0.4367247521877289, CeVa: 0.6876065135002136
Epoch: 43, AccTr: 0.8453999757766724, AccVa: 0.8184999823570251, CeTr: 0.5588299632072449, CeVa: 0.7492170929908752
Epoch: 44, AccTr: 0.8715999722480774, AccVa: 0.828000009059906, CeTr: 0.439579576253891, CeVa: 0.7252826690673828
Epoch: 45, AccTr: 0.8598999977111816, AccVa: 0.809499979019165, CeTr: 0.516933262348175, CeVa: 0.7694926261901855
ENSEMBLE | Tr_Acc: 0.9434999823570251, Tr_CE: 0.17379792034626007, Va_Acc: 0.9020000100135803, Va_CE: 0.35952258110046387
Epoch: 46, AccTr: 0.8607000112533569, AccVa: 0.8255000114440918, CeTr: 0.49244004487991333, CeVa: 0.7339723706245422
Epoch: 47, AccTr: 0.870199978351593, AccVa: 0.8345000147819519, CeTr: 0.4382252097129822, CeVa: 0.6861799955368042
Epoch: 48, AccTr: 0.8657000064849854, AccVa: 0.8335000276565552, CeTr: 0.4711265563964844, CeVa: 0.7169821262359619
Epoch: 49, AccTr: 0.8596000075340271, AccVa: 0.8215000033378601, CeTr: 0.502963125705719, CeVa: 0.7224526405334473
Epoch: 50, AccTr: 0.8590999841690063, AccVa: 0.8199999928474426, CeTr: 0.4786820709705353, CeVa: 0.7431032061576843
ENSEMBLE | Tr_Acc: 0.9480999708175659, Tr_CE: 0.16172908246517181, Va_Acc: 0.9089999794960022, Va_CE: 0.3390706181526184
Epoch: 51, AccTr: 0.8644999861717224, AccVa: 0.8215000033378601, CeTr: 0.4823490381240845, CeVa: 0.7251692414283752
Epoch: 52, AccTr: 0.863099992275238, AccVa: 0.8174999952316284, CeTr: 0.48849332332611084, CeVa: 0.749855101108551
Epoch: 53, AccTr: 0.86080002784729, AccVa: 0.8270000219345093, CeTr: 0.4576457142829895, CeVa: 0.7171499133110046
Epoch: 54, AccTr: 0.864799976348877, AccVa: 0.8320000171661377, CeTr: 0.4708130359649658, CeVa: 0.7002743482589722
Epoch: 55, AccTr: 0.8636999726295471, AccVa: 0.8339999914169312, CeTr: 0.4900921881198883, CeVa: 0.7423891425132751
ENSEMBLE | Tr_Acc: 0.9528999924659729, Tr_CE: 0.1518072485923767, Va_Acc: 0.9175000190734863, Va_CE: 0.3284235894680023
Epoch: 56, AccTr: 0.8695999979972839, AccVa: 0.8335000276565552, CeTr: 0.45379960536956787, CeVa: 0.7334199547767639
Epoch: 57, AccTr: 0.8610000014305115, AccVa: 0.8209999799728394, CeTr: 0.4704423248767853, CeVa: 0.7283297777175903
Epoch: 58, AccTr: 0.8715999722480774, AccVa: 0.8144999742507935, CeTr: 0.4498755931854248, CeVa: 0.7557096481323242
Epoch: 59, AccTr: 0.8636999726295471, AccVa: 0.8125, CeTr: 0.4552554190158844, CeVa: 0.7592080235481262
Epoch: 60, AccTr: 0.8671000003814697, AccVa: 0.8335000276565552, CeTr: 0.45480379462242126, CeVa: 0.7313779592514038
ENSEMBLE | Tr_Acc: 0.9538999795913696, Tr_CE: 0.14489397406578064, Va_Acc: 0.9179999828338623, Va_CE: 0.31618037819862366
Epoch: 61, AccTr: 0.859000027179718, AccVa: 0.8245000243186951, CeTr: 0.4636736810207367, CeVa: 0.7046769261360168
Epoch: 62, AccTr: 0.8787000179290771, AccVa: 0.8374999761581421, CeTr: 0.42767900228500366, CeVa: 0.7103356719017029
Epoch: 63, AccTr: 0.858299970626831, AccVa: 0.8165000081062317, CeTr: 0.5104983448982239, CeVa: 0.7363525629043579
Epoch: 64, AccTr: 0.8661999702453613, AccVa: 0.8215000033378601, CeTr: 0.45750927925109863, CeVa: 0.7328513264656067
Epoch: 65, AccTr: 0.8616999983787537, AccVa: 0.8464999794960022, CeTr: 0.46140849590301514, CeVa: 0.6391596794128418
ENSEMBLE | Tr_Acc: 0.9567000269889832, Tr_CE: 0.13859695196151733, Va_Acc: 0.9150000214576721, Va_CE: 0.30668988823890686
Epoch: 66, AccTr: 0.8705999851226807, AccVa: 0.8309999704360962, CeTr: 0.43916991353034973, CeVa: 0.6845785975456238
Epoch: 67, AccTr: 0.8694000244140625, AccVa: 0.8299999833106995, CeTr: 0.45039135217666626, CeVa: 0.7128452658653259
Epoch: 68, AccTr: 0.8500999808311462, AccVa: 0.8199999928474426, CeTr: 0.5189404487609863, CeVa: 0.7063844799995422
Epoch: 69, AccTr: 0.866599977016449, AccVa: 0.8165000081062317, CeTr: 0.4380946159362793, CeVa: 0.7512628436088562
Epoch: 70, AccTr: 0.8733999729156494, AccVa: 0.8199999928474426, CeTr: 0.4638209939002991, CeVa: 0.6828267574310303
ENSEMBLE | Tr_Acc: 0.9580000042915344, Tr_CE: 0.1362655609846115, Va_Acc: 0.9185000061988831, Va_CE: 0.2960256338119507
Epoch: 71, AccTr: 0.8744000196456909, AccVa: 0.8245000243186951, CeTr: 0.4335556626319885, CeVa: 0.6958366632461548
Epoch: 72, AccTr: 0.8621000051498413, AccVa: 0.8295000195503235, CeTr: 0.4929238259792328, CeVa: 0.7084198594093323
Epoch: 73, AccTr: 0.8804000020027161, AccVa: 0.8215000033378601, CeTr: 0.41700467467308044, CeVa: 0.7189288139343262
Epoch: 74, AccTr: 0.867900013923645, AccVa: 0.828499972820282, CeTr: 0.46454286575317383, CeVa: 0.7406455874443054
Epoch: 75, AccTr: 0.8673999905586243, AccVa: 0.8314999938011169, CeTr: 0.4821711778640747, CeVa: 0.7029640674591064
ENSEMBLE | Tr_Acc: 0.9588000178337097, Tr_CE: 0.13465559482574463, Va_Acc: 0.9164999723434448, Va_CE: 0.29438433051109314
Epoch: 76, AccTr: 0.871399998664856, AccVa: 0.8174999952316284, CeTr: 0.4333973526954651, CeVa: 0.7645883560180664
Epoch: 77, AccTr: 0.8738999962806702, AccVa: 0.8314999938011169, CeTr: 0.43220284581184387, CeVa: 0.6366685628890991
Epoch: 78, AccTr: 0.8592000007629395, AccVa: 0.8149999976158142, CeTr: 0.506358802318573, CeVa: 0.7402050495147705
Epoch: 79, AccTr: 0.863099992275238, AccVa: 0.8180000185966492, CeTr: 0.48717787861824036, CeVa: 0.7389163970947266
Epoch: 80, AccTr: 0.8589000105857849, AccVa: 0.8125, CeTr: 0.4691270887851715, CeVa: 0.7270219922065735
ENSEMBLE | Tr_Acc: 0.9603999853134155, Tr_CE: 0.13192689418792725, Va_Acc: 0.9175000190734863, Va_CE: 0.29128509759902954
Epoch: 81, AccTr: 0.8690000176429749, AccVa: 0.8495000004768372, CeTr: 0.4550074636936188, CeVa: 0.6469656229019165
Epoch: 82, AccTr: 0.8769000172615051, AccVa: 0.8289999961853027, CeTr: 0.4298120141029358, CeVa: 0.7046473026275635
Epoch: 83, AccTr: 0.8659999966621399, AccVa: 0.8289999961853027, CeTr: 0.43491122126579285, CeVa: 0.702796995639801
Epoch: 84, AccTr: 0.8823999762535095, AccVa: 0.8339999914169312, CeTr: 0.40931466221809387, CeVa: 0.6719803214073181
Epoch: 85, AccTr: 0.8693000078201294, AccVa: 0.8100000023841858, CeTr: 0.45172247290611267, CeVa: 0.71575927734375
ENSEMBLE | Tr_Acc: 0.9605000019073486, Tr_CE: 0.12865154445171356, Va_Acc: 0.9179999828338623, Va_CE: 0.28711116313934326
Epoch: 86, AccTr: 0.8641999959945679, AccVa: 0.8234999775886536, CeTr: 0.46296969056129456, CeVa: 0.7398633360862732
Epoch: 87, AccTr: 0.869700014591217, AccVa: 0.8224999904632568, CeTr: 0.43841370940208435, CeVa: 0.750733494758606
Epoch: 88, AccTr: 0.857699990272522, AccVa: 0.8149999976158142, CeTr: 0.5403875112533569, CeVa: 0.772123396396637
Epoch: 89, AccTr: 0.8608999848365784, AccVa: 0.8115000128746033, CeTr: 0.49198251962661743, CeVa: 0.7945595979690552
Epoch: 90, AccTr: 0.8752999901771545, AccVa: 0.8264999985694885, CeTr: 0.43725234270095825, CeVa: 0.7328907251358032
ENSEMBLE | Tr_Acc: 0.9603000283241272, Tr_CE: 0.12641921639442444, Va_Acc: 0.9210000038146973, Va_CE: 0.2878187894821167
Epoch: 91, AccTr: 0.8697999715805054, AccVa: 0.828000009059906, CeTr: 0.47290802001953125, CeVa: 0.6934219002723694
Epoch: 92, AccTr: 0.8633000254631042, AccVa: 0.8299999833106995, CeTr: 0.4899446666240692, CeVa: 0.6904637813568115
Epoch: 93, AccTr: 0.8687000274658203, AccVa: 0.8330000042915344, CeTr: 0.4526047706604004, CeVa: 0.7008360624313354
Epoch: 94, AccTr: 0.8669000267982483, AccVa: 0.8159999847412109, CeTr: 0.44231894612312317, CeVa: 0.7967557907104492
Epoch: 95, AccTr: 0.8711000084877014, AccVa: 0.8190000057220459, CeTr: 0.4560163915157318, CeVa: 0.8098618984222412
ENSEMBLE | Tr_Acc: 0.9614999890327454, Tr_CE: 0.12540820240974426, Va_Acc: 0.9175000190734863, Va_CE: 0.2910064160823822
Epoch: 96, AccTr: 0.8611000180244446, AccVa: 0.8144999742507935, CeTr: 0.4807136356830597, CeVa: 0.8055180311203003
Epoch: 97, AccTr: 0.8665000200271606, AccVa: 0.8165000081062317, CeTr: 0.4772803783416748, CeVa: 0.8021062016487122
Epoch: 98, AccTr: 0.8695999979972839, AccVa: 0.8169999718666077, CeTr: 0.45140254497528076, CeVa: 0.811843752861023
Epoch: 99, AccTr: 0.8705000281333923, AccVa: 0.8345000147819519, CeTr: 0.43713846802711487, CeVa: 0.7159163951873779
Epoch: 100, AccTr: 0.8669000267982483, AccVa: 0.8314999938011169, CeTr: 0.44723740220069885, CeVa: 0.7399505376815796
ENSEMBLE | Tr_Acc: 0.9613000154495239, Tr_CE: 0.1232253685593605, Va_Acc: 0.9179999828338623, Va_CE: 0.2889893352985382
Epoch: 101, AccTr: 0.869700014591217, AccVa: 0.8245000243186951, CeTr: 0.44279345870018005, CeVa: 0.7446945309638977
Epoch: 102, AccTr: 0.8629000186920166, AccVa: 0.8255000114440918, CeTr: 0.5062800049781799, CeVa: 0.7546988725662231
Epoch: 103, AccTr: 0.8615999817848206, AccVa: 0.8195000290870667, CeTr: 0.4926392436027527, CeVa: 0.7397817373275757
Epoch: 104, AccTr: 0.8615999817848206, AccVa: 0.8215000033378601, CeTr: 0.47679805755615234, CeVa: 0.7788287401199341
Epoch: 105, AccTr: 0.8579000234603882, AccVa: 0.8180000185966492, CeTr: 0.4780814051628113, CeVa: 0.7160348892211914
ENSEMBLE | Tr_Acc: 0.9627000093460083, Tr_CE: 0.12266305834054947, Va_Acc: 0.9190000295639038, Va_CE: 0.2875879108905792
Epoch: 106, AccTr: 0.8611000180244446, AccVa: 0.8165000081062317, CeTr: 0.4948907792568207, CeVa: 0.7758844494819641
Epoch: 107, AccTr: 0.8615999817848206, AccVa: 0.824999988079071, CeTr: 0.4639299809932709, CeVa: 0.7163711190223694
Epoch: 108, AccTr: 0.8565999865531921, AccVa: 0.8195000290870667, CeTr: 0.4592522382736206, CeVa: 0.743408203125
Epoch: 109, AccTr: 0.8575000166893005, AccVa: 0.8395000100135803, CeTr: 0.4908345341682434, CeVa: 0.6530112624168396
Epoch: 110, AccTr: 0.8679999709129333, AccVa: 0.8330000042915344, CeTr: 0.4588630497455597, CeVa: 0.6504327654838562
ENSEMBLE | Tr_Acc: 0.9628000259399414, Tr_CE: 0.12101355940103531, Va_Acc: 0.9204999804496765, Va_CE: 0.28475287556648254
Epoch: 111, AccTr: 0.8640000224113464, AccVa: 0.8190000057220459, CeTr: 0.4823339283466339, CeVa: 0.740298867225647
Epoch: 112, AccTr: 0.8626000285148621, AccVa: 0.8349999785423279, CeTr: 0.5036421418190002, CeVa: 0.7528981566429138
Epoch: 113, AccTr: 0.8592000007629395, AccVa: 0.8245000243186951, CeTr: 0.4825327694416046, CeVa: 0.7056974768638611
Epoch: 114, AccTr: 0.8677999973297119, AccVa: 0.8270000219345093, CeTr: 0.45061925053596497, CeVa: 0.7366397976875305
Epoch: 115, AccTr: 0.8690000176429749, AccVa: 0.8245000243186951, CeTr: 0.4674196243286133, CeVa: 0.737446129322052
ENSEMBLE | Tr_Acc: 0.9629999995231628, Tr_CE: 0.1206739991903305, Va_Acc: 0.921500027179718, Va_CE: 0.2833009660243988
Epoch: 116, AccTr: 0.8743000030517578, AccVa: 0.8220000267028809, CeTr: 0.4346790909767151, CeVa: 0.7176028490066528
Epoch: 117, AccTr: 0.8727999925613403, AccVa: 0.8309999704360962, CeTr: 0.44219404458999634, CeVa: 0.6658698916435242
Epoch: 118, AccTr: 0.8596000075340271, AccVa: 0.815500020980835, CeTr: 0.46805474162101746, CeVa: 0.7707098126411438
Epoch: 119, AccTr: 0.8640999794006348, AccVa: 0.8240000009536743, CeTr: 0.48397186398506165, CeVa: 0.7326870560646057
Epoch: 120, AccTr: 0.8587999939918518, AccVa: 0.8165000081062317, CeTr: 0.5040349364280701, CeVa: 0.7451716661453247
ENSEMBLE | Tr_Acc: 0.9627000093460083, Tr_CE: 0.11967630684375763, Va_Acc: 0.9244999885559082, Va_CE: 0.28170904517173767
Epoch: 121, AccTr: 0.8684999942779541, AccVa: 0.8305000066757202, CeTr: 0.4583321809768677, CeVa: 0.7082257270812988
Epoch: 122, AccTr: 0.8658999800682068, AccVa: 0.8205000162124634, CeTr: 0.473926842212677, CeVa: 0.7343115210533142
Epoch: 123, AccTr: 0.8596000075340271, AccVa: 0.8134999871253967, CeTr: 0.5019911527633667, CeVa: 0.8088659048080444
Epoch: 124, AccTr: 0.866100013256073, AccVa: 0.8205000162124634, CeTr: 0.4969939887523651, CeVa: 0.818925678730011
Epoch: 125, AccTr: 0.8611999750137329, AccVa: 0.8090000152587891, CeTr: 0.489240825176239, CeVa: 0.8035790920257568
ENSEMBLE | Tr_Acc: 0.963100016117096, Tr_CE: 0.11900334805250168, Va_Acc: 0.9259999990463257, Va_CE: 0.28241512179374695
Epoch: 126, AccTr: 0.8730000257492065, AccVa: 0.8295000195503235, CeTr: 0.4457338750362396, CeVa: 0.7261738181114197
Epoch: 127, AccTr: 0.8697999715805054, AccVa: 0.8224999904632568, CeTr: 0.46480438113212585, CeVa: 0.706997811794281
Epoch: 128, AccTr: 0.8730999827384949, AccVa: 0.8255000114440918, CeTr: 0.43574047088623047, CeVa: 0.7236385345458984
Epoch: 129, AccTr: 0.8718000054359436, AccVa: 0.8180000185966492, CeTr: 0.455670028924942, CeVa: 0.7724741101264954
Epoch: 130, AccTr: 0.8655999898910522, AccVa: 0.8245000243186951, CeTr: 0.47249990701675415, CeVa: 0.7238621711730957
ENSEMBLE | Tr_Acc: 0.9625999927520752, Tr_CE: 0.11890158802270889, Va_Acc: 0.9229999780654907, Va_CE: 0.28109240531921387
Epoch: 131, AccTr: 0.8562999963760376, AccVa: 0.8125, CeTr: 0.5130915641784668, CeVa: 0.7791731357574463
Epoch: 132, AccTr: 0.8647000193595886, AccVa: 0.8090000152587891, CeTr: 0.44732457399368286, CeVa: 0.7789864540100098
Epoch: 133, AccTr: 0.8802000284194946, AccVa: 0.8295000195503235, CeTr: 0.4120270609855652, CeVa: 0.7130224108695984
Epoch: 134, AccTr: 0.8658999800682068, AccVa: 0.8295000195503235, CeTr: 0.4868070185184479, CeVa: 0.7305333614349365
Epoch: 135, AccTr: 0.869700014591217, AccVa: 0.8195000290870667, CeTr: 0.4604300856590271, CeVa: 0.7444440722465515
ENSEMBLE | Tr_Acc: 0.9623000025749207, Tr_CE: 0.11791364848613739, Va_Acc: 0.921500027179718, Va_CE: 0.2813778817653656
Epoch: 136, AccTr: 0.8752999901771545, AccVa: 0.8100000023841858, CeTr: 0.4285042881965637, CeVa: 0.7574287056922913
Epoch: 137, AccTr: 0.8686000108718872, AccVa: 0.8149999976158142, CeTr: 0.4482613205909729, CeVa: 0.6984461545944214
Epoch: 138, AccTr: 0.8726000189781189, AccVa: 0.828000009059906, CeTr: 0.4502847194671631, CeVa: 0.7228884696960449
Epoch: 139, AccTr: 0.8705000281333923, AccVa: 0.8190000057220459, CeTr: 0.45624667406082153, CeVa: 0.7406328916549683
Epoch: 140, AccTr: 0.8723000288009644, AccVa: 0.8255000114440918, CeTr: 0.4585275948047638, CeVa: 0.740375280380249
ENSEMBLE | Tr_Acc: 0.9624000191688538, Tr_CE: 0.11739236116409302, Va_Acc: 0.9229999780654907, Va_CE: 0.2821764647960663
Epoch: 141, AccTr: 0.8723000288009644, AccVa: 0.8299999833106995, CeTr: 0.4170295000076294, CeVa: 0.7153003215789795
Epoch: 142, AccTr: 0.8650000095367432, AccVa: 0.8289999961853027, CeTr: 0.4886709451675415, CeVa: 0.696377158164978
Epoch: 143, AccTr: 0.8672999739646912, AccVa: 0.8320000171661377, CeTr: 0.4808138608932495, CeVa: 0.7138093709945679
Epoch: 144, AccTr: 0.8689000010490417, AccVa: 0.8355000019073486, CeTr: 0.44683369994163513, CeVa: 0.6694905161857605
Epoch: 145, AccTr: 0.8787999749183655, AccVa: 0.8309999704360962, CeTr: 0.41516122221946716, CeVa: 0.6658374071121216
ENSEMBLE | Tr_Acc: 0.9632999897003174, Tr_CE: 0.11591147631406784, Va_Acc: 0.925000011920929, Va_CE: 0.2787339985370636
Epoch: 146, AccTr: 0.871399998664856, AccVa: 0.8339999914169312, CeTr: 0.4572046995162964, CeVa: 0.7146828174591064
Epoch: 147, AccTr: 0.8715000152587891, AccVa: 0.8374999761581421, CeTr: 0.43646299839019775, CeVa: 0.696347713470459
Epoch: 148, AccTr: 0.8776000142097473, AccVa: 0.843500018119812, CeTr: 0.4221174418926239, CeVa: 0.7169613242149353
Epoch: 149, AccTr: 0.8618999719619751, AccVa: 0.8349999785423279, CeTr: 0.4971978962421417, CeVa: 0.698443591594696
Epoch: 150, AccTr: 0.8654999732971191, AccVa: 0.8385000228881836, CeTr: 0.45531192421913147, CeVa: 0.7102817296981812
ENSEMBLE | Tr_Acc: 0.963100016117096, Tr_CE: 0.11549272388219833, Va_Acc: 0.9235000014305115, Va_CE: 0.2785385251045227
NN CONFIG
Weight-type:		ternary
Layout									Layer #1: 280	Layer #2: 200	
Activation Functions					Layer #1: bs	Layer #2: bs	
Keep probabilities		Layer #0: 0.99	Layer #1: 0.98	Layer #2: 0.98	
Flat factors							Layer #1: 1.0	Layer #2: 1.0	Layer #3: 1.0	
Activation Noise						Layer #1: 0.1	Layer #2: 0.1	Layer #3: 0.0	

===================================

RUN CONFIG
Epochs: 150, Blocksize: 4

===================================

Epoch: 1, AccTr: 0.8269000053405762, AccVa: 0.7854999899864197, CeTr: 0.6451284289360046, CeVa: 0.8737447261810303
Epoch: 2, AccTr: 0.8328999876976013, AccVa: 0.7879999876022339, CeTr: 0.6060110330581665, CeVa: 0.8807955980300903
Epoch: 3, AccTr: 0.8449000120162964, AccVa: 0.796999990940094, CeTr: 0.5412076115608215, CeVa: 0.8943187594413757
Epoch: 4, AccTr: 0.8465999960899353, AccVa: 0.796999990940094, CeTr: 0.538765549659729, CeVa: 0.8961468935012817
Epoch: 5, AccTr: 0.8554999828338623, AccVa: 0.8080000281333923, CeTr: 0.48924580216407776, CeVa: 0.7710568904876709
Epoch: 6, AccTr: 0.8508999943733215, AccVa: 0.8140000104904175, CeTr: 0.523627758026123, CeVa: 0.7206175327301025
Epoch: 7, AccTr: 0.8567000031471252, AccVa: 0.8180000185966492, CeTr: 0.48663175106048584, CeVa: 0.7467221021652222
Epoch: 8, AccTr: 0.8510000109672546, AccVa: 0.8215000033378601, CeTr: 0.5422053933143616, CeVa: 0.7676705121994019
Epoch: 9, AccTr: 0.8572999835014343, AccVa: 0.8025000095367432, CeTr: 0.5016703009605408, CeVa: 0.8079275488853455
Epoch: 10, AccTr: 0.8507000207901001, AccVa: 0.809499979019165, CeTr: 0.5197270512580872, CeVa: 0.8125024437904358
Epoch: 11, AccTr: 0.8508999943733215, AccVa: 0.809499979019165, CeTr: 0.5172579288482666, CeVa: 0.779484748840332
Epoch: 12, AccTr: 0.8587999939918518, AccVa: 0.8130000233650208, CeTr: 0.5125574469566345, CeVa: 0.8173097968101501
Epoch: 13, AccTr: 0.8650000095367432, AccVa: 0.809499979019165, CeTr: 0.49100321531295776, CeVa: 0.8241621851921082
Epoch: 14, AccTr: 0.8515999913215637, AccVa: 0.8065000176429749, CeTr: 0.5213077068328857, CeVa: 0.7862833738327026
Epoch: 15, AccTr: 0.8632000088691711, AccVa: 0.828499972820282, CeTr: 0.47226718068122864, CeVa: 0.7483435273170471
Epoch: 16, AccTr: 0.8519999980926514, AccVa: 0.8199999928474426, CeTr: 0.5300338864326477, CeVa: 0.8064412474632263
Epoch: 17, AccTr: 0.8636999726295471, AccVa: 0.8215000033378601, CeTr: 0.459002286195755, CeVa: 0.723208487033844
Epoch: 18, AccTr: 0.8574000000953674, AccVa: 0.8169999718666077, CeTr: 0.5068813562393188, CeVa: 0.7429097890853882
Epoch: 19, AccTr: 0.8555999994277954, AccVa: 0.8234999775886536, CeTr: 0.5146631002426147, CeVa: 0.7475841045379639
Epoch: 20, AccTr: 0.863099992275238, AccVa: 0.8295000195503235, CeTr: 0.5052837133407593, CeVa: 0.7592061758041382
Epoch: 21, AccTr: 0.8712999820709229, AccVa: 0.8240000009536743, CeTr: 0.4844191372394562, CeVa: 0.7559478878974915
Epoch: 22, AccTr: 0.8684999942779541, AccVa: 0.8274999856948853, CeTr: 0.437603622674942, CeVa: 0.7406668066978455
Epoch: 23, AccTr: 0.8733000159263611, AccVa: 0.8274999856948853, CeTr: 0.44996148347854614, CeVa: 0.7535207271575928
Epoch: 24, AccTr: 0.8610000014305115, AccVa: 0.8144999742507935, CeTr: 0.4963580071926117, CeVa: 0.7785370945930481
Epoch: 25, AccTr: 0.8616999983787537, AccVa: 0.8199999928474426, CeTr: 0.49731650948524475, CeVa: 0.7660743594169617
Epoch: 26, AccTr: 0.866599977016449, AccVa: 0.815500020980835, CeTr: 0.4663132429122925, CeVa: 0.7950190901756287
Epoch: 27, AccTr: 0.8603000044822693, AccVa: 0.8240000009536743, CeTr: 0.5055416822433472, CeVa: 0.7614012360572815
Epoch: 28, AccTr: 0.8507999777793884, AccVa: 0.8134999871253967, CeTr: 0.517326831817627, CeVa: 0.7780521512031555
Epoch: 29, AccTr: 0.8626999855041504, AccVa: 0.8224999904632568, CeTr: 0.486309289932251, CeVa: 0.7614699006080627
Epoch: 30, AccTr: 0.8668000102043152, AccVa: 0.828000009059906, CeTr: 0.4819621443748474, CeVa: 0.7164655923843384
ENSEMBLE | Tr_Acc: 0.8668000102043152, Tr_CE: 0.4819621443748474, Va_Acc: 0.828000009059906, Va_CE: 0.7164655923843384
Epoch: 31, AccTr: 0.8639000058174133, AccVa: 0.8125, CeTr: 0.4838518500328064, CeVa: 0.812177836894989
Epoch: 32, AccTr: 0.8546000123023987, AccVa: 0.8195000290870667, CeTr: 0.5363371968269348, CeVa: 0.7653158903121948
Epoch: 33, AccTr: 0.857699990272522, AccVa: 0.8230000138282776, CeTr: 0.512992799282074, CeVa: 0.7643786668777466
Epoch: 34, AccTr: 0.8589000105857849, AccVa: 0.828499972820282, CeTr: 0.5095783472061157, CeVa: 0.7900803089141846
Epoch: 35, AccTr: 0.8489999771118164, AccVa: 0.8105000257492065, CeTr: 0.5614974498748779, CeVa: 0.8220857977867126
ENSEMBLE | Tr_Acc: 0.9117000102996826, Tr_CE: 0.28752467036247253, Va_Acc: 0.8774999976158142, Va_CE: 0.5010121464729309
Epoch: 36, AccTr: 0.8664000034332275, AccVa: 0.8305000066757202, CeTr: 0.45961591601371765, CeVa: 0.780913233757019
Epoch: 37, AccTr: 0.8665000200271606, AccVa: 0.8209999799728394, CeTr: 0.4853607416152954, CeVa: 0.7595813274383545
Epoch: 38, AccTr: 0.8585000038146973, AccVa: 0.8169999718666077, CeTr: 0.5084267854690552, CeVa: 0.8098609447479248
Epoch: 39, AccTr: 0.8676999807357788, AccVa: 0.8199999928474426, CeTr: 0.4539918899536133, CeVa: 0.8133231997489929
Epoch: 40, AccTr: 0.8723999857902527, AccVa: 0.8190000057220459, CeTr: 0.4506904184818268, CeVa: 0.7703789472579956
ENSEMBLE | Tr_Acc: 0.9358000159263611, Tr_CE: 0.2124486267566681, Va_Acc: 0.8934999704360962, Va_CE: 0.4251590669155121
Epoch: 41, AccTr: 0.8519999980926514, AccVa: 0.8119999766349792, CeTr: 0.5369918942451477, CeVa: 0.8185368180274963
Epoch: 42, AccTr: 0.8543000221252441, AccVa: 0.8090000152587891, CeTr: 0.5093684792518616, CeVa: 0.7879013419151306
Epoch: 43, AccTr: 0.8652999997138977, AccVa: 0.8169999718666077, CeTr: 0.4839474558830261, CeVa: 0.7981643080711365
Epoch: 44, AccTr: 0.8694000244140625, AccVa: 0.8184999823570251, CeTr: 0.4430531859397888, CeVa: 0.7557123303413391
Epoch: 45, AccTr: 0.8654999732971191, AccVa: 0.8180000185966492, CeTr: 0.49140694737434387, CeVa: 0.8164514303207397
ENSEMBLE | Tr_Acc: 0.9442999958992004, Tr_CE: 0.18378309905529022, Va_Acc: 0.9004999995231628, Va_CE: 0.3976749777793884
Epoch: 46, AccTr: 0.8727999925613403, AccVa: 0.8460000157356262, CeTr: 0.44972774386405945, CeVa: 0.6943392157554626
Epoch: 47, AccTr: 0.8658999800682068, AccVa: 0.828000009059906, CeTr: 0.4730570912361145, CeVa: 0.7925913333892822
Epoch: 48, AccTr: 0.8729000091552734, AccVa: 0.8309999704360962, CeTr: 0.4615046977996826, CeVa: 0.7701978087425232
Epoch: 49, AccTr: 0.8705999851226807, AccVa: 0.8209999799728394, CeTr: 0.45961958169937134, CeVa: 0.7661447525024414
Epoch: 50, AccTr: 0.8593999743461609, AccVa: 0.8220000267028809, CeTr: 0.48770469427108765, CeVa: 0.776748776435852
ENSEMBLE | Tr_Acc: 0.9492999911308289, Tr_CE: 0.16457287967205048, Va_Acc: 0.9104999899864197, Va_CE: 0.37308481335639954
Epoch: 51, AccTr: 0.8708000183105469, AccVa: 0.815500020980835, CeTr: 0.46108511090278625, CeVa: 0.7540673613548279
Epoch: 52, AccTr: 0.8637999892234802, AccVa: 0.8184999823570251, CeTr: 0.47750717401504517, CeVa: 0.8176369667053223
Epoch: 53, AccTr: 0.8616999983787537, AccVa: 0.8180000185966492, CeTr: 0.4889944791793823, CeVa: 0.7794811129570007
Epoch: 54, AccTr: 0.8784000277519226, AccVa: 0.8299999833106995, CeTr: 0.4374831020832062, CeVa: 0.7465605139732361
Epoch: 55, AccTr: 0.8640000224113464, AccVa: 0.8195000290870667, CeTr: 0.46918559074401855, CeVa: 0.7820033431053162
ENSEMBLE | Tr_Acc: 0.9531000256538391, Tr_CE: 0.15227314829826355, Va_Acc: 0.9129999876022339, Va_CE: 0.3569633960723877
Epoch: 56, AccTr: 0.8684999942779541, AccVa: 0.8165000081062317, CeTr: 0.46156346797943115, CeVa: 0.7722299098968506
Epoch: 57, AccTr: 0.8634999990463257, AccVa: 0.8289999961853027, CeTr: 0.4957277774810791, CeVa: 0.7464649677276611
Epoch: 58, AccTr: 0.8676000237464905, AccVa: 0.8330000042915344, CeTr: 0.4746306538581848, CeVa: 0.7596921920776367
Epoch: 59, AccTr: 0.867900013923645, AccVa: 0.8339999914169312, CeTr: 0.48094385862350464, CeVa: 0.7161539793014526
Epoch: 60, AccTr: 0.8748000264167786, AccVa: 0.8274999856948853, CeTr: 0.43275272846221924, CeVa: 0.7898133993148804
ENSEMBLE | Tr_Acc: 0.9546999931335449, Tr_CE: 0.1429969221353531, Va_Acc: 0.9135000109672546, Va_CE: 0.3509046733379364
Epoch: 61, AccTr: 0.8689000010490417, AccVa: 0.8324999809265137, CeTr: 0.4904070794582367, CeVa: 0.7370198965072632
Epoch: 62, AccTr: 0.864300012588501, AccVa: 0.8320000171661377, CeTr: 0.4921211898326874, CeVa: 0.7198042273521423
Epoch: 63, AccTr: 0.8777999877929688, AccVa: 0.843500018119812, CeTr: 0.4328845143318176, CeVa: 0.6515024900436401
Epoch: 64, AccTr: 0.8725000023841858, AccVa: 0.8270000219345093, CeTr: 0.4487228989601135, CeVa: 0.7706183791160583
Epoch: 65, AccTr: 0.8564000129699707, AccVa: 0.8174999952316284, CeTr: 0.5184286236763, CeVa: 0.7783685922622681
ENSEMBLE | Tr_Acc: 0.9550999999046326, Tr_CE: 0.13940811157226562, Va_Acc: 0.9135000109672546, Va_CE: 0.34029698371887207
Epoch: 66, AccTr: 0.862500011920929, AccVa: 0.8190000057220459, CeTr: 0.5023610591888428, CeVa: 0.8254847526550293
Epoch: 67, AccTr: 0.8683000206947327, AccVa: 0.8270000219345093, CeTr: 0.4673604369163513, CeVa: 0.729648768901825
Epoch: 68, AccTr: 0.8590999841690063, AccVa: 0.8215000033378601, CeTr: 0.5151411890983582, CeVa: 0.8012861609458923
Epoch: 69, AccTr: 0.8698999881744385, AccVa: 0.8385000228881836, CeTr: 0.47032636404037476, CeVa: 0.704876720905304
Epoch: 70, AccTr: 0.8686000108718872, AccVa: 0.8309999704360962, CeTr: 0.4618335962295532, CeVa: 0.7342454791069031
ENSEMBLE | Tr_Acc: 0.9570000171661377, Tr_CE: 0.13607968389987946, Va_Acc: 0.9179999828338623, Va_CE: 0.3301711976528168
Epoch: 71, AccTr: 0.8424000144004822, AccVa: 0.8240000009536743, CeTr: 0.588568925857544, CeVa: 0.727275013923645
Epoch: 72, AccTr: 0.8597000241279602, AccVa: 0.8270000219345093, CeTr: 0.5445490479469299, CeVa: 0.7412795424461365
Epoch: 73, AccTr: 0.8673999905586243, AccVa: 0.8259999752044678, CeTr: 0.490872323513031, CeVa: 0.732323169708252
Epoch: 74, AccTr: 0.8694000244140625, AccVa: 0.8130000233650208, CeTr: 0.4831487238407135, CeVa: 0.7876355051994324
Epoch: 75, AccTr: 0.8730999827384949, AccVa: 0.843500018119812, CeTr: 0.43018609285354614, CeVa: 0.6982010006904602
ENSEMBLE | Tr_Acc: 0.9585999846458435, Tr_CE: 0.131670743227005, Va_Acc: 0.9200000166893005, Va_CE: 0.31928980350494385
Epoch: 76, AccTr: 0.8755999803543091, AccVa: 0.828499972820282, CeTr: 0.42110902070999146, CeVa: 0.7264682054519653
Epoch: 77, AccTr: 0.871399998664856, AccVa: 0.8255000114440918, CeTr: 0.4532794952392578, CeVa: 0.7597975730895996
Epoch: 78, AccTr: 0.8568999767303467, AccVa: 0.8180000185966492, CeTr: 0.5316648483276367, CeVa: 0.8025485873222351
Epoch: 79, AccTr: 0.8580999970436096, AccVa: 0.8259999752044678, CeTr: 0.532448410987854, CeVa: 0.7509129047393799
Epoch: 80, AccTr: 0.8454999923706055, AccVa: 0.8190000057220459, CeTr: 0.5614278316497803, CeVa: 0.7757888436317444
ENSEMBLE | Tr_Acc: 0.9593999981880188, Tr_CE: 0.13242606818675995, Va_Acc: 0.9210000038146973, Va_CE: 0.3164966106414795
Epoch: 81, AccTr: 0.8568999767303467, AccVa: 0.8125, CeTr: 0.5116243958473206, CeVa: 0.7789087891578674
Epoch: 82, AccTr: 0.8675000071525574, AccVa: 0.8270000219345093, CeTr: 0.47295239567756653, CeVa: 0.7467872500419617
Epoch: 83, AccTr: 0.8669000267982483, AccVa: 0.8234999775886536, CeTr: 0.49663788080215454, CeVa: 0.7351621389389038
Epoch: 84, AccTr: 0.8704000115394592, AccVa: 0.8339999914169312, CeTr: 0.46643203496932983, CeVa: 0.6968998908996582
Epoch: 85, AccTr: 0.8702999949455261, AccVa: 0.8399999737739563, CeTr: 0.46065694093704224, CeVa: 0.6962774395942688
ENSEMBLE | Tr_Acc: 0.9595000147819519, Tr_CE: 0.13062742352485657, Va_Acc: 0.9200000166893005, Va_CE: 0.31182652711868286
Epoch: 86, AccTr: 0.8766000270843506, AccVa: 0.8504999876022339, CeTr: 0.4465542137622833, CeVa: 0.6688669323921204
Epoch: 87, AccTr: 0.8809999823570251, AccVa: 0.8335000276565552, CeTr: 0.4240036606788635, CeVa: 0.7079625725746155
Epoch: 88, AccTr: 0.864300012588501, AccVa: 0.8209999799728394, CeTr: 0.48516279458999634, CeVa: 0.7224966883659363
Epoch: 89, AccTr: 0.8634999990463257, AccVa: 0.8205000162124634, CeTr: 0.49513763189315796, CeVa: 0.7839871048927307
Epoch: 90, AccTr: 0.8677999973297119, AccVa: 0.8324999809265137, CeTr: 0.49323636293411255, CeVa: 0.7238108515739441
ENSEMBLE | Tr_Acc: 0.9592999815940857, Tr_CE: 0.12936381995677948, Va_Acc: 0.9190000295639038, Va_CE: 0.3079037070274353
Epoch: 91, AccTr: 0.8621000051498413, AccVa: 0.8295000195503235, CeTr: 0.5085691213607788, CeVa: 0.7251182198524475
Epoch: 92, AccTr: 0.8672000169754028, AccVa: 0.824999988079071, CeTr: 0.4922845661640167, CeVa: 0.7368465662002563
Epoch: 93, AccTr: 0.8770999908447266, AccVa: 0.8504999876022339, CeTr: 0.4312613308429718, CeVa: 0.6942336559295654
Epoch: 94, AccTr: 0.8695999979972839, AccVa: 0.8234999775886536, CeTr: 0.4832554757595062, CeVa: 0.7603511810302734
Epoch: 95, AccTr: 0.8755999803543091, AccVa: 0.8324999809265137, CeTr: 0.4557553827762604, CeVa: 0.7465605139732361
ENSEMBLE | Tr_Acc: 0.9599000215530396, Tr_CE: 0.12716642022132874, Va_Acc: 0.9225000143051147, Va_CE: 0.3028745949268341
Epoch: 96, AccTr: 0.8673999905586243, AccVa: 0.8349999785423279, CeTr: 0.46683165431022644, CeVa: 0.7037231922149658
Epoch: 97, AccTr: 0.864799976348877, AccVa: 0.828000009059906, CeTr: 0.47322723269462585, CeVa: 0.7541776299476624
Epoch: 98, AccTr: 0.866599977016449, AccVa: 0.8224999904632568, CeTr: 0.48341014981269836, CeVa: 0.7787496447563171
Epoch: 99, AccTr: 0.8754000067710876, AccVa: 0.8205000162124634, CeTr: 0.4565347731113434, CeVa: 0.7580217719078064
Epoch: 100, AccTr: 0.8707000017166138, AccVa: 0.8320000171661377, CeTr: 0.4672045409679413, CeVa: 0.7482954263687134
ENSEMBLE | Tr_Acc: 0.9613999724388123, Tr_CE: 0.12530601024627686, Va_Acc: 0.9225000143051147, Va_CE: 0.3015716075897217
Epoch: 101, AccTr: 0.8801000118255615, AccVa: 0.8230000138282776, CeTr: 0.4221012592315674, CeVa: 0.7450578808784485
Epoch: 102, AccTr: 0.8730000257492065, AccVa: 0.843999981880188, CeTr: 0.4666345715522766, CeVa: 0.7147812843322754
Epoch: 103, AccTr: 0.885699987411499, AccVa: 0.8414999842643738, CeTr: 0.429607629776001, CeVa: 0.746412992477417
Epoch: 104, AccTr: 0.8758999705314636, AccVa: 0.828000009059906, CeTr: 0.45488154888153076, CeVa: 0.7520595788955688
Epoch: 105, AccTr: 0.880299985408783, AccVa: 0.8370000123977661, CeTr: 0.43701109290122986, CeVa: 0.7299675345420837
ENSEMBLE | Tr_Acc: 0.9605000019073486, Tr_CE: 0.12381918728351593, Va_Acc: 0.9210000038146973, Va_CE: 0.2995539605617523
Epoch: 106, AccTr: 0.8736000061035156, AccVa: 0.8429999947547913, CeTr: 0.45394688844680786, CeVa: 0.7282909750938416
Epoch: 107, AccTr: 0.8720999956130981, AccVa: 0.8245000243186951, CeTr: 0.4511859714984894, CeVa: 0.7216546535491943
Epoch: 108, AccTr: 0.8747000098228455, AccVa: 0.8295000195503235, CeTr: 0.44998085498809814, CeVa: 0.7330779433250427
Epoch: 109, AccTr: 0.8808000087738037, AccVa: 0.8424999713897705, CeTr: 0.42433974146842957, CeVa: 0.650998055934906
Epoch: 110, AccTr: 0.8751999735832214, AccVa: 0.8339999914169312, CeTr: 0.46931713819503784, CeVa: 0.6977682113647461
ENSEMBLE | Tr_Acc: 0.9613999724388123, Tr_CE: 0.12268559634685516, Va_Acc: 0.9210000038146973, Va_CE: 0.295019268989563
Epoch: 111, AccTr: 0.8780999779701233, AccVa: 0.8224999904632568, CeTr: 0.4424820840358734, CeVa: 0.7552118897438049
Epoch: 112, AccTr: 0.8715000152587891, AccVa: 0.8370000123977661, CeTr: 0.46391353011131287, CeVa: 0.731117308139801
Epoch: 113, AccTr: 0.8700000047683716, AccVa: 0.8320000171661377, CeTr: 0.45133280754089355, CeVa: 0.7456673383712769
Epoch: 114, AccTr: 0.876800000667572, AccVa: 0.8054999709129333, CeTr: 0.4380686581134796, CeVa: 0.816986083984375
Epoch: 115, AccTr: 0.8723999857902527, AccVa: 0.8144999742507935, CeTr: 0.46221718192100525, CeVa: 0.790327787399292
ENSEMBLE | Tr_Acc: 0.9628000259399414, Tr_CE: 0.12121257185935974, Va_Acc: 0.9225000143051147, Va_CE: 0.29509371519088745
Epoch: 116, AccTr: 0.8715999722480774, AccVa: 0.8169999718666077, CeTr: 0.4613819420337677, CeVa: 0.7946657538414001
Epoch: 117, AccTr: 0.8734999895095825, AccVa: 0.8259999752044678, CeTr: 0.4641495645046234, CeVa: 0.7967000603675842
Epoch: 118, AccTr: 0.8677999973297119, AccVa: 0.828499972820282, CeTr: 0.46947354078292847, CeVa: 0.7053170800209045
Epoch: 119, AccTr: 0.8580999970436096, AccVa: 0.8259999752044678, CeTr: 0.5157554745674133, CeVa: 0.7275732159614563
Epoch: 120, AccTr: 0.8618999719619751, AccVa: 0.8209999799728394, CeTr: 0.5258031487464905, CeVa: 0.7769066095352173
ENSEMBLE | Tr_Acc: 0.9617999792098999, Tr_CE: 0.1217973604798317, Va_Acc: 0.925000011920929, Va_CE: 0.2935771048069
Epoch: 121, AccTr: 0.871399998664856, AccVa: 0.8119999766349792, CeTr: 0.4469204246997833, CeVa: 0.7680740356445312
Epoch: 122, AccTr: 0.8744000196456909, AccVa: 0.8209999799728394, CeTr: 0.45734795928001404, CeVa: 0.7459740042686462
Epoch: 123, AccTr: 0.8748999834060669, AccVa: 0.8339999914169312, CeTr: 0.4534349739551544, CeVa: 0.7571007609367371
Epoch: 124, AccTr: 0.8720999956130981, AccVa: 0.8230000138282776, CeTr: 0.48188886046409607, CeVa: 0.7601377367973328
Epoch: 125, AccTr: 0.8691999912261963, AccVa: 0.840499997138977, CeTr: 0.4614054262638092, CeVa: 0.7212765216827393
ENSEMBLE | Tr_Acc: 0.9634000062942505, Tr_CE: 0.12043596059083939, Va_Acc: 0.9240000247955322, Va_CE: 0.2939106822013855
Epoch: 126, AccTr: 0.8690000176429749, AccVa: 0.8240000009536743, CeTr: 0.47338536381721497, CeVa: 0.7482694387435913
Epoch: 127, AccTr: 0.8734999895095825, AccVa: 0.8289999961853027, CeTr: 0.4589788019657135, CeVa: 0.7317473888397217
Epoch: 128, AccTr: 0.866599977016449, AccVa: 0.8295000195503235, CeTr: 0.48581552505493164, CeVa: 0.7454822063446045
Epoch: 129, AccTr: 0.8626999855041504, AccVa: 0.8195000290870667, CeTr: 0.49469491839408875, CeVa: 0.7595447897911072
Epoch: 130, AccTr: 0.8758999705314636, AccVa: 0.8370000123977661, CeTr: 0.4448789954185486, CeVa: 0.7111832499504089
ENSEMBLE | Tr_Acc: 0.9638000130653381, Tr_CE: 0.1193326935172081, Va_Acc: 0.9269999861717224, Va_CE: 0.2927951514720917
Epoch: 131, AccTr: 0.8686000108718872, AccVa: 0.8339999914169312, CeTr: 0.4947265684604645, CeVa: 0.724452793598175
Epoch: 132, AccTr: 0.8549000024795532, AccVa: 0.8165000081062317, CeTr: 0.540377140045166, CeVa: 0.8068585991859436
Epoch: 133, AccTr: 0.869700014591217, AccVa: 0.815500020980835, CeTr: 0.49140775203704834, CeVa: 0.8484706282615662
Epoch: 134, AccTr: 0.8690000176429749, AccVa: 0.8264999985694885, CeTr: 0.47098013758659363, CeVa: 0.7642308473587036
Epoch: 135, AccTr: 0.8730000257492065, AccVa: 0.8130000233650208, CeTr: 0.43932026624679565, CeVa: 0.8232942819595337
ENSEMBLE | Tr_Acc: 0.9639000296592712, Tr_CE: 0.11828118562698364, Va_Acc: 0.9254999756813049, Va_CE: 0.2930399477481842
Epoch: 136, AccTr: 0.8632000088691711, AccVa: 0.8199999928474426, CeTr: 0.47915908694267273, CeVa: 0.7825986742973328
Epoch: 137, AccTr: 0.8668000102043152, AccVa: 0.8174999952316284, CeTr: 0.4759354889392853, CeVa: 0.8005713224411011
Epoch: 138, AccTr: 0.8607000112533569, AccVa: 0.8215000033378601, CeTr: 0.49384281039237976, CeVa: 0.8125559687614441
Epoch: 139, AccTr: 0.864799976348877, AccVa: 0.8335000276565552, CeTr: 0.4739329218864441, CeVa: 0.7813652157783508
Epoch: 140, AccTr: 0.8689000010490417, AccVa: 0.8134999871253967, CeTr: 0.4769286513328552, CeVa: 0.8120406866073608
ENSEMBLE | Tr_Acc: 0.963699996471405, Tr_CE: 0.11790051311254501, Va_Acc: 0.9259999990463257, Va_CE: 0.29236486554145813
Epoch: 141, AccTr: 0.8715000152587891, AccVa: 0.8230000138282776, CeTr: 0.4648999869823456, CeVa: 0.8222135305404663
Epoch: 142, AccTr: 0.8702999949455261, AccVa: 0.8255000114440918, CeTr: 0.4771912097930908, CeVa: 0.7934790253639221
Epoch: 143, AccTr: 0.8571000099182129, AccVa: 0.8234999775886536, CeTr: 0.5326300859451294, CeVa: 0.7854102849960327
Epoch: 144, AccTr: 0.8708999752998352, AccVa: 0.8144999742507935, CeTr: 0.47050389647483826, CeVa: 0.842552125453949
Epoch: 145, AccTr: 0.8715000152587891, AccVa: 0.8199999928474426, CeTr: 0.46758389472961426, CeVa: 0.8065845966339111
ENSEMBLE | Tr_Acc: 0.9642999768257141, Tr_CE: 0.11756440252065659, Va_Acc: 0.9265000224113464, Va_CE: 0.2920932173728943
Epoch: 146, AccTr: 0.8704000115394592, AccVa: 0.8215000033378601, CeTr: 0.4706627428531647, CeVa: 0.7520589232444763
Epoch: 147, AccTr: 0.8708999752998352, AccVa: 0.8184999823570251, CeTr: 0.46945956349372864, CeVa: 0.7835277318954468
Epoch: 148, AccTr: 0.8680999875068665, AccVa: 0.8215000033378601, CeTr: 0.4630914628505707, CeVa: 0.7850471138954163
Epoch: 149, AccTr: 0.859499990940094, AccVa: 0.8309999704360962, CeTr: 0.5225554704666138, CeVa: 0.8115015625953674
Epoch: 150, AccTr: 0.8668000102043152, AccVa: 0.8220000267028809, CeTr: 0.49727627635002136, CeVa: 0.7696223258972168
ENSEMBLE | Tr_Acc: 0.9648000001907349, Tr_CE: 0.11711518466472626, Va_Acc: 0.9275000095367432, Va_CE: 0.292585551738739
Mod Accuracy || Mean: 0.8302500247955322	 Std: 0.008249998092651367
Ens Accuracy || Mean: 0.9255000352859497	 Std: 0.0020000040531158447
Mod CE || Mean: 0.739952027797699	 Std: 0.029670298099517822
Ens CE || Mean: 0.28556203842163086	 Std: 0.007023513317108154
