NN CONFIG
Weight-type:		ternary
Layout									Layer #1: 280	Layer #2: 200	
Activation Functions					Layer #1: bs	Layer #2: bs	
Keep probabilities		Layer #0: 0.99	Layer #1: 0.98	Layer #2: 0.98	
Flat factors							Layer #1: 1.0	Layer #2: 1.0	Layer #3: 1.0	
Activation Noise						Layer #1: 0.1	Layer #2: 0.1	Layer #3: 0.0	

===================================

RUN CONFIG
Epochs: 150, Blocksize: 4

===================================

Epoch: 1, AccTr: 0.8445000052452087, AccVa: 0.7954999804496765, CeTr: 0.5771807432174683, CeVa: 0.8547422289848328
Epoch: 2, AccTr: 0.8414999842643738, AccVa: 0.815500020980835, CeTr: 0.5505402088165283, CeVa: 0.774752676486969
Epoch: 3, AccTr: 0.8366000056266785, AccVa: 0.8080000281333923, CeTr: 0.5765075087547302, CeVa: 0.796882688999176
Epoch: 4, AccTr: 0.8565000295639038, AccVa: 0.8180000185966492, CeTr: 0.4942673444747925, CeVa: 0.7598001956939697
Epoch: 5, AccTr: 0.8367999792098999, AccVa: 0.8069999814033508, CeTr: 0.6027284860610962, CeVa: 0.7685883641242981
Epoch: 6, AccTr: 0.8514999747276306, AccVa: 0.8119999766349792, CeTr: 0.5180495381355286, CeVa: 0.7965545654296875
Epoch: 7, AccTr: 0.8355000019073486, AccVa: 0.8044999837875366, CeTr: 0.5994746088981628, CeVa: 0.8109699487686157
Epoch: 8, AccTr: 0.8575000166893005, AccVa: 0.8190000057220459, CeTr: 0.47428828477859497, CeVa: 0.7210838794708252
Epoch: 9, AccTr: 0.8458999991416931, AccVa: 0.8125, CeTr: 0.5471670031547546, CeVa: 0.84296715259552
Epoch: 10, AccTr: 0.8496999740600586, AccVa: 0.8059999942779541, CeTr: 0.5304157137870789, CeVa: 0.8221504092216492
Epoch: 11, AccTr: 0.8457000255584717, AccVa: 0.7904999852180481, CeTr: 0.552143931388855, CeVa: 0.8538661599159241
Epoch: 12, AccTr: 0.8539999723434448, AccVa: 0.8245000243186951, CeTr: 0.5391938090324402, CeVa: 0.75799959897995
Epoch: 13, AccTr: 0.8425999879837036, AccVa: 0.8125, CeTr: 0.619843065738678, CeVa: 0.806090235710144
Epoch: 14, AccTr: 0.8436999917030334, AccVa: 0.8090000152587891, CeTr: 0.6013945937156677, CeVa: 0.8617294430732727
Epoch: 15, AccTr: 0.8567000031471252, AccVa: 0.8240000009536743, CeTr: 0.5219012498855591, CeVa: 0.7924888134002686
Epoch: 16, AccTr: 0.8525999784469604, AccVa: 0.8234999775886536, CeTr: 0.5243893265724182, CeVa: 0.7296459674835205
Epoch: 17, AccTr: 0.8658000230789185, AccVa: 0.8195000290870667, CeTr: 0.48132508993148804, CeVa: 0.7118796706199646
Epoch: 18, AccTr: 0.8553000092506409, AccVa: 0.8090000152587891, CeTr: 0.50087571144104, CeVa: 0.7683144807815552
Epoch: 19, AccTr: 0.863099992275238, AccVa: 0.8144999742507935, CeTr: 0.49891024827957153, CeVa: 0.7965501546859741
Epoch: 20, AccTr: 0.8496000170707703, AccVa: 0.8130000233650208, CeTr: 0.5596144795417786, CeVa: 0.8089355826377869
Epoch: 21, AccTr: 0.8619999885559082, AccVa: 0.8184999823570251, CeTr: 0.5192356705665588, CeVa: 0.7826297879219055
Epoch: 22, AccTr: 0.8600999712944031, AccVa: 0.8149999976158142, CeTr: 0.5264716744422913, CeVa: 0.8155794739723206
Epoch: 23, AccTr: 0.8565999865531921, AccVa: 0.8199999928474426, CeTr: 0.5144131183624268, CeVa: 0.7632614374160767
Epoch: 24, AccTr: 0.8658999800682068, AccVa: 0.8195000290870667, CeTr: 0.4803103506565094, CeVa: 0.75850510597229
Epoch: 25, AccTr: 0.8679999709129333, AccVa: 0.8295000195503235, CeTr: 0.4683939516544342, CeVa: 0.69581538438797
Epoch: 26, AccTr: 0.8546000123023987, AccVa: 0.8215000033378601, CeTr: 0.5312601923942566, CeVa: 0.7520238161087036
Epoch: 27, AccTr: 0.8626999855041504, AccVa: 0.8360000252723694, CeTr: 0.49435532093048096, CeVa: 0.720960259437561
Epoch: 28, AccTr: 0.8574000000953674, AccVa: 0.8199999928474426, CeTr: 0.5272334218025208, CeVa: 0.746997594833374
Epoch: 29, AccTr: 0.8650000095367432, AccVa: 0.8245000243186951, CeTr: 0.4853420853614807, CeVa: 0.7579590082168579
Epoch: 30, AccTr: 0.8550000190734863, AccVa: 0.8165000081062317, CeTr: 0.5242874026298523, CeVa: 0.7658026814460754
ENSEMBLE | Tr_Acc: 0.8550000190734863, Tr_CE: 0.5242874026298523, Va_Acc: 0.8165000081062317, Va_CE: 0.7658026814460754
Epoch: 31, AccTr: 0.8615999817848206, AccVa: 0.8184999823570251, CeTr: 0.5126631855964661, CeVa: 0.7934935092926025
Epoch: 32, AccTr: 0.8597000241279602, AccVa: 0.8220000267028809, CeTr: 0.5000172257423401, CeVa: 0.832514762878418
Epoch: 33, AccTr: 0.862500011920929, AccVa: 0.8205000162124634, CeTr: 0.4923277199268341, CeVa: 0.7633424997329712
Epoch: 34, AccTr: 0.8574000000953674, AccVa: 0.8140000104904175, CeTr: 0.5058862566947937, CeVa: 0.7993713021278381
Epoch: 35, AccTr: 0.8694000244140625, AccVa: 0.8174999952316284, CeTr: 0.4381551742553711, CeVa: 0.7238010764122009
ENSEMBLE | Tr_Acc: 0.9158999919891357, Tr_CE: 0.271302729845047, Va_Acc: 0.8755000233650208, Va_CE: 0.47834616899490356
Epoch: 36, AccTr: 0.8604999780654907, AccVa: 0.8259999752044678, CeTr: 0.4790021479129791, CeVa: 0.7074621915817261
Epoch: 37, AccTr: 0.8589000105857849, AccVa: 0.828499972820282, CeTr: 0.5005069375038147, CeVa: 0.7144358158111572
Epoch: 38, AccTr: 0.8539999723434448, AccVa: 0.8205000162124634, CeTr: 0.5369135737419128, CeVa: 0.7600499391555786
Epoch: 39, AccTr: 0.8525999784469604, AccVa: 0.8159999847412109, CeTr: 0.5380622148513794, CeVa: 0.8053338527679443
Epoch: 40, AccTr: 0.8546000123023987, AccVa: 0.8255000114440918, CeTr: 0.5221612453460693, CeVa: 0.7294968962669373
ENSEMBLE | Tr_Acc: 0.9318000078201294, Tr_CE: 0.21423377096652985, Va_Acc: 0.8939999938011169, Va_CE: 0.39275261759757996
Epoch: 41, AccTr: 0.859499990940094, AccVa: 0.8245000243186951, CeTr: 0.505539059638977, CeVa: 0.7567784786224365
Epoch: 42, AccTr: 0.8751000165939331, AccVa: 0.8454999923706055, CeTr: 0.44020605087280273, CeVa: 0.6853427886962891
Epoch: 43, AccTr: 0.8758999705314636, AccVa: 0.8259999752044678, CeTr: 0.45724257826805115, CeVa: 0.7410677075386047
Epoch: 44, AccTr: 0.8683000206947327, AccVa: 0.8314999938011169, CeTr: 0.4812938868999481, CeVa: 0.7223372459411621
Epoch: 45, AccTr: 0.8737000226974487, AccVa: 0.840499997138977, CeTr: 0.4544166922569275, CeVa: 0.722553551197052
ENSEMBLE | Tr_Acc: 0.9445000290870667, Tr_CE: 0.17917269468307495, Va_Acc: 0.906499981880188, Va_CE: 0.3526599407196045
Epoch: 46, AccTr: 0.8797000050544739, AccVa: 0.828499972820282, CeTr: 0.42731180787086487, CeVa: 0.6879804730415344
Epoch: 47, AccTr: 0.8719000220298767, AccVa: 0.8274999856948853, CeTr: 0.45094576478004456, CeVa: 0.7245617508888245
Epoch: 48, AccTr: 0.8707000017166138, AccVa: 0.8345000147819519, CeTr: 0.457141637802124, CeVa: 0.6856217980384827
Epoch: 49, AccTr: 0.8666999936103821, AccVa: 0.8224999904632568, CeTr: 0.4735112190246582, CeVa: 0.7317531704902649
Epoch: 50, AccTr: 0.8652999997138977, AccVa: 0.8205000162124634, CeTr: 0.47210386395454407, CeVa: 0.7540726065635681
ENSEMBLE | Tr_Acc: 0.9492999911308289, Tr_CE: 0.1649187207221985, Va_Acc: 0.9114999771118164, Va_CE: 0.33623915910720825
Epoch: 51, AccTr: 0.861299991607666, AccVa: 0.8305000066757202, CeTr: 0.5105535387992859, CeVa: 0.6731956005096436
Epoch: 52, AccTr: 0.8682000041007996, AccVa: 0.8264999985694885, CeTr: 0.47628697752952576, CeVa: 0.7452134490013123
Epoch: 53, AccTr: 0.8391000032424927, AccVa: 0.8109999895095825, CeTr: 0.6255807876586914, CeVa: 0.8035793304443359
Epoch: 54, AccTr: 0.8619999885559082, AccVa: 0.8084999918937683, CeTr: 0.5139607191085815, CeVa: 0.7938684821128845
Epoch: 55, AccTr: 0.8628000020980835, AccVa: 0.8295000195503235, CeTr: 0.5029320120811462, CeVa: 0.7879583835601807
ENSEMBLE | Tr_Acc: 0.951200008392334, Tr_CE: 0.15662090480327606, Va_Acc: 0.9169999957084656, Va_CE: 0.33119168877601624
Epoch: 56, AccTr: 0.8755000233650208, AccVa: 0.8295000195503235, CeTr: 0.43466639518737793, CeVa: 0.7186858057975769
Epoch: 57, AccTr: 0.8482000231742859, AccVa: 0.8115000128746033, CeTr: 0.5768128633499146, CeVa: 0.778759241104126
Epoch: 58, AccTr: 0.8694000244140625, AccVa: 0.8195000290870667, CeTr: 0.45621973276138306, CeVa: 0.7505026459693909
Epoch: 59, AccTr: 0.8740000128746033, AccVa: 0.8255000114440918, CeTr: 0.45904359221458435, CeVa: 0.7528334856033325
Epoch: 60, AccTr: 0.8822000026702881, AccVa: 0.824999988079071, CeTr: 0.41156861186027527, CeVa: 0.7690876722335815
ENSEMBLE | Tr_Acc: 0.9542999863624573, Tr_CE: 0.1444428265094757, Va_Acc: 0.9144999980926514, Va_CE: 0.32296663522720337
Epoch: 61, AccTr: 0.8672999739646912, AccVa: 0.8320000171661377, CeTr: 0.4783298969268799, CeVa: 0.7353550791740417
Epoch: 62, AccTr: 0.8707000017166138, AccVa: 0.8209999799728394, CeTr: 0.44889336824417114, CeVa: 0.755281925201416
Epoch: 63, AccTr: 0.8504999876022339, AccVa: 0.8230000138282776, CeTr: 0.5605648159980774, CeVa: 0.7828993201255798
Epoch: 64, AccTr: 0.8647000193595886, AccVa: 0.8209999799728394, CeTr: 0.4975166916847229, CeVa: 0.7405062317848206
Epoch: 65, AccTr: 0.8734999895095825, AccVa: 0.8355000019073486, CeTr: 0.45686104893684387, CeVa: 0.7070197463035583
ENSEMBLE | Tr_Acc: 0.9538000226020813, Tr_CE: 0.13930456340312958, Va_Acc: 0.9175000190734863, Va_CE: 0.31444787979125977
Epoch: 66, AccTr: 0.8640999794006348, AccVa: 0.8264999985694885, CeTr: 0.4945925772190094, CeVa: 0.7402287125587463
Epoch: 67, AccTr: 0.8600000143051147, AccVa: 0.8209999799728394, CeTr: 0.5114464163780212, CeVa: 0.7185890674591064
Epoch: 68, AccTr: 0.8676999807357788, AccVa: 0.8264999985694885, CeTr: 0.48575714230537415, CeVa: 0.7461348176002502
Epoch: 69, AccTr: 0.869700014591217, AccVa: 0.8159999847412109, CeTr: 0.47126007080078125, CeVa: 0.773053765296936
Epoch: 70, AccTr: 0.8707000017166138, AccVa: 0.8259999752044678, CeTr: 0.4825630784034729, CeVa: 0.7654720544815063
ENSEMBLE | Tr_Acc: 0.9563999772071838, Tr_CE: 0.13568124175071716, Va_Acc: 0.9179999828338623, Va_CE: 0.31485438346862793
Epoch: 71, AccTr: 0.864300012588501, AccVa: 0.8199999928474426, CeTr: 0.5109859704971313, CeVa: 0.8381542563438416
Epoch: 72, AccTr: 0.8727999925613403, AccVa: 0.8230000138282776, CeTr: 0.4475120007991791, CeVa: 0.7766816020011902
Epoch: 73, AccTr: 0.8586999773979187, AccVa: 0.8245000243186951, CeTr: 0.5183226466178894, CeVa: 0.7609468698501587
Epoch: 74, AccTr: 0.8702999949455261, AccVa: 0.8355000019073486, CeTr: 0.4617862403392792, CeVa: 0.7296968102455139
Epoch: 75, AccTr: 0.8677999973297119, AccVa: 0.8259999752044678, CeTr: 0.504170298576355, CeVa: 0.6792505383491516
ENSEMBLE | Tr_Acc: 0.9570000171661377, Tr_CE: 0.13335688412189484, Va_Acc: 0.9200000166893005, Va_CE: 0.30612000823020935
Epoch: 76, AccTr: 0.8652999997138977, AccVa: 0.8190000057220459, CeTr: 0.47990068793296814, CeVa: 0.7484961152076721
Epoch: 77, AccTr: 0.8478999733924866, AccVa: 0.8195000290870667, CeTr: 0.5795910954475403, CeVa: 0.7411328554153442
Epoch: 78, AccTr: 0.8693000078201294, AccVa: 0.8090000152587891, CeTr: 0.4742952287197113, CeVa: 0.7835816144943237
Epoch: 79, AccTr: 0.8715000152587891, AccVa: 0.8224999904632568, CeTr: 0.4741545021533966, CeVa: 0.715592086315155
Epoch: 80, AccTr: 0.8646000027656555, AccVa: 0.8159999847412109, CeTr: 0.48068299889564514, CeVa: 0.8113299608230591
ENSEMBLE | Tr_Acc: 0.9571999907493591, Tr_CE: 0.1314210295677185, Va_Acc: 0.9204999804496765, Va_CE: 0.3084922432899475
Epoch: 81, AccTr: 0.8733000159263611, AccVa: 0.8240000009536743, CeTr: 0.4598976671695709, CeVa: 0.7266229391098022
Epoch: 82, AccTr: 0.868399977684021, AccVa: 0.8349999785423279, CeTr: 0.4708489179611206, CeVa: 0.7060447335243225
Epoch: 83, AccTr: 0.8823000192642212, AccVa: 0.8420000076293945, CeTr: 0.3994240164756775, CeVa: 0.7303528189659119
Epoch: 84, AccTr: 0.8478000164031982, AccVa: 0.8090000152587891, CeTr: 0.568808376789093, CeVa: 0.8378278613090515
Epoch: 85, AccTr: 0.8769999742507935, AccVa: 0.8374999761581421, CeTr: 0.4461745619773865, CeVa: 0.7251440286636353
ENSEMBLE | Tr_Acc: 0.9577999711036682, Tr_CE: 0.1292969137430191, Va_Acc: 0.9210000038146973, Va_CE: 0.3053801357746124
Epoch: 86, AccTr: 0.867900013923645, AccVa: 0.8240000009536743, CeTr: 0.5092712640762329, CeVa: 0.7679371237754822
Epoch: 87, AccTr: 0.8547000288963318, AccVa: 0.8220000267028809, CeTr: 0.5465101003646851, CeVa: 0.78916996717453
Epoch: 88, AccTr: 0.8702999949455261, AccVa: 0.8195000290870667, CeTr: 0.4634853005409241, CeVa: 0.7727133631706238
Epoch: 89, AccTr: 0.8690999746322632, AccVa: 0.8209999799728394, CeTr: 0.4625892639160156, CeVa: 0.7652159929275513
Epoch: 90, AccTr: 0.8603000044822693, AccVa: 0.8224999904632568, CeTr: 0.5237042903900146, CeVa: 0.7876607775688171
ENSEMBLE | Tr_Acc: 0.9569000005722046, Tr_CE: 0.12961682677268982, Va_Acc: 0.9240000247955322, Va_CE: 0.3037145137786865
Epoch: 91, AccTr: 0.870199978351593, AccVa: 0.8125, CeTr: 0.46442362666130066, CeVa: 0.7941555976867676
Epoch: 92, AccTr: 0.8611999750137329, AccVa: 0.8320000171661377, CeTr: 0.5111889839172363, CeVa: 0.7547435760498047
Epoch: 93, AccTr: 0.8683000206947327, AccVa: 0.8259999752044678, CeTr: 0.5061239004135132, CeVa: 0.7254189848899841
Epoch: 94, AccTr: 0.8769000172615051, AccVa: 0.8324999809265137, CeTr: 0.4354628026485443, CeVa: 0.7382073402404785
Epoch: 95, AccTr: 0.8611999750137329, AccVa: 0.8234999775886536, CeTr: 0.5416016578674316, CeVa: 0.7629930973052979
ENSEMBLE | Tr_Acc: 0.9577000141143799, Tr_CE: 0.12965509295463562, Va_Acc: 0.921999990940094, Va_CE: 0.30196866393089294
Epoch: 96, AccTr: 0.8679999709129333, AccVa: 0.8349999785423279, CeTr: 0.456340491771698, CeVa: 0.7388055920600891
Epoch: 97, AccTr: 0.8766999840736389, AccVa: 0.8335000276565552, CeTr: 0.42898085713386536, CeVa: 0.7100831866264343
Epoch: 98, AccTr: 0.8744000196456909, AccVa: 0.8364999890327454, CeTr: 0.4535312354564667, CeVa: 0.6812628507614136
Epoch: 99, AccTr: 0.8762000203132629, AccVa: 0.8389999866485596, CeTr: 0.44112899899482727, CeVa: 0.7361084818840027
Epoch: 100, AccTr: 0.8791999816894531, AccVa: 0.8234999775886536, CeTr: 0.43556469678878784, CeVa: 0.7294979691505432
ENSEMBLE | Tr_Acc: 0.9581999778747559, Tr_CE: 0.1272563934326172, Va_Acc: 0.9244999885559082, Va_CE: 0.2993001639842987
Epoch: 101, AccTr: 0.8659999966621399, AccVa: 0.8335000276565552, CeTr: 0.47143399715423584, CeVa: 0.7184960842132568
Epoch: 102, AccTr: 0.8615999817848206, AccVa: 0.8345000147819519, CeTr: 0.4933837056159973, CeVa: 0.7332426905632019
Epoch: 103, AccTr: 0.8651000261306763, AccVa: 0.8299999833106995, CeTr: 0.48307982087135315, CeVa: 0.7731243968009949
Epoch: 104, AccTr: 0.8679999709129333, AccVa: 0.8240000009536743, CeTr: 0.4707563519477844, CeVa: 0.8146616816520691
Epoch: 105, AccTr: 0.8712999820709229, AccVa: 0.8174999952316284, CeTr: 0.4702454209327698, CeVa: 0.7743285298347473
ENSEMBLE | Tr_Acc: 0.9599000215530396, Tr_CE: 0.12659797072410583, Va_Acc: 0.9244999885559082, Va_CE: 0.3003002405166626
Epoch: 106, AccTr: 0.8659999966621399, AccVa: 0.8215000033378601, CeTr: 0.47435086965560913, CeVa: 0.8122071623802185
Epoch: 107, AccTr: 0.8640000224113464, AccVa: 0.8209999799728394, CeTr: 0.49789100885391235, CeVa: 0.7924543619155884
Epoch: 108, AccTr: 0.8765000104904175, AccVa: 0.8255000114440918, CeTr: 0.4333176612854004, CeVa: 0.7916244864463806
Epoch: 109, AccTr: 0.8669000267982483, AccVa: 0.8230000138282776, CeTr: 0.46567675471305847, CeVa: 0.7747257351875305
Epoch: 110, AccTr: 0.8694000244140625, AccVa: 0.8205000162124634, CeTr: 0.4773181080818176, CeVa: 0.7462164163589478
ENSEMBLE | Tr_Acc: 0.9606999754905701, Tr_CE: 0.1260131299495697, Va_Acc: 0.921999990940094, Va_CE: 0.3000577688217163
Epoch: 111, AccTr: 0.868399977684021, AccVa: 0.8259999752044678, CeTr: 0.4697324335575104, CeVa: 0.7775397896766663
Epoch: 112, AccTr: 0.8773000240325928, AccVa: 0.824999988079071, CeTr: 0.46705958247184753, CeVa: 0.8008043169975281
Epoch: 113, AccTr: 0.8689000010490417, AccVa: 0.8264999985694885, CeTr: 0.4720447361469269, CeVa: 0.7443955540657043
Epoch: 114, AccTr: 0.868399977684021, AccVa: 0.8274999856948853, CeTr: 0.4604859948158264, CeVa: 0.7526628375053406
Epoch: 115, AccTr: 0.8737999796867371, AccVa: 0.8330000042915344, CeTr: 0.44640105962753296, CeVa: 0.7293078899383545
ENSEMBLE | Tr_Acc: 0.9611999988555908, Tr_CE: 0.12447913736104965, Va_Acc: 0.921999990940094, Va_CE: 0.296993225812912
Epoch: 116, AccTr: 0.8723999857902527, AccVa: 0.8364999890327454, CeTr: 0.47173240780830383, CeVa: 0.7472090125083923
Epoch: 117, AccTr: 0.8741000294685364, AccVa: 0.828499972820282, CeTr: 0.4640764594078064, CeVa: 0.7018818855285645
Epoch: 118, AccTr: 0.8657000064849854, AccVa: 0.8215000033378601, CeTr: 0.4778592884540558, CeVa: 0.7576667070388794
Epoch: 119, AccTr: 0.8687999844551086, AccVa: 0.8274999856948853, CeTr: 0.45799803733825684, CeVa: 0.7283037900924683
Epoch: 120, AccTr: 0.8662999868392944, AccVa: 0.8320000171661377, CeTr: 0.469147652387619, CeVa: 0.7195383906364441
ENSEMBLE | Tr_Acc: 0.9610999822616577, Tr_CE: 0.12347016483545303, Va_Acc: 0.921999990940094, Va_CE: 0.29483261704444885
Epoch: 121, AccTr: 0.8597000241279602, AccVa: 0.8255000114440918, CeTr: 0.5196290612220764, CeVa: 0.6979906558990479
Epoch: 122, AccTr: 0.8626999855041504, AccVa: 0.824999988079071, CeTr: 0.5011120438575745, CeVa: 0.7482606768608093
Epoch: 123, AccTr: 0.8704000115394592, AccVa: 0.8270000219345093, CeTr: 0.4803067445755005, CeVa: 0.7117279171943665
Epoch: 124, AccTr: 0.8669999837875366, AccVa: 0.8220000267028809, CeTr: 0.4838387072086334, CeVa: 0.7919163107872009
Epoch: 125, AccTr: 0.8737000226974487, AccVa: 0.840499997138977, CeTr: 0.4654749035835266, CeVa: 0.649949848651886
ENSEMBLE | Tr_Acc: 0.9617000222206116, Tr_CE: 0.12278732657432556, Va_Acc: 0.9225000143051147, Va_CE: 0.290601909160614
Epoch: 126, AccTr: 0.8694999814033508, AccVa: 0.8245000243186951, CeTr: 0.4836302101612091, CeVa: 0.7464785575866699
Epoch: 127, AccTr: 0.8730999827384949, AccVa: 0.8305000066757202, CeTr: 0.4758714437484741, CeVa: 0.7277485728263855
Epoch: 128, AccTr: 0.8737999796867371, AccVa: 0.8320000171661377, CeTr: 0.47216305136680603, CeVa: 0.7306078672409058
Epoch: 129, AccTr: 0.8752999901771545, AccVa: 0.8230000138282776, CeTr: 0.4571872055530548, CeVa: 0.7209005951881409
Epoch: 130, AccTr: 0.8751000165939331, AccVa: 0.8299999833106995, CeTr: 0.4671287536621094, CeVa: 0.6894068717956543
ENSEMBLE | Tr_Acc: 0.961899995803833, Tr_CE: 0.12186137586832047, Va_Acc: 0.9244999885559082, Va_CE: 0.2892282009124756
Epoch: 131, AccTr: 0.8715999722480774, AccVa: 0.828000009059906, CeTr: 0.4726431667804718, CeVa: 0.7305680513381958
Epoch: 132, AccTr: 0.8776999711990356, AccVa: 0.8324999809265137, CeTr: 0.43461552262306213, CeVa: 0.7392316460609436
Epoch: 133, AccTr: 0.8550999760627747, AccVa: 0.8209999799728394, CeTr: 0.5187509059906006, CeVa: 0.7560297250747681
Epoch: 134, AccTr: 0.8791000247001648, AccVa: 0.8230000138282776, CeTr: 0.4551103115081787, CeVa: 0.7516841292381287
Epoch: 135, AccTr: 0.8770999908447266, AccVa: 0.843999981880188, CeTr: 0.44874370098114014, CeVa: 0.7165869474411011
ENSEMBLE | Tr_Acc: 0.9611999988555908, Tr_CE: 0.12107262015342712, Va_Acc: 0.925000011920929, Va_CE: 0.2874428629875183
Epoch: 136, AccTr: 0.8738999962806702, AccVa: 0.8349999785423279, CeTr: 0.44071170687675476, CeVa: 0.6783654689788818
Epoch: 137, AccTr: 0.8676999807357788, AccVa: 0.8184999823570251, CeTr: 0.47705966234207153, CeVa: 0.7858145833015442
Epoch: 138, AccTr: 0.8751000165939331, AccVa: 0.8345000147819519, CeTr: 0.4701031744480133, CeVa: 0.7469882965087891
Epoch: 139, AccTr: 0.8801000118255615, AccVa: 0.828499972820282, CeTr: 0.4382374882698059, CeVa: 0.7661466598510742
Epoch: 140, AccTr: 0.8756999969482422, AccVa: 0.8339999914169312, CeTr: 0.4534960091114044, CeVa: 0.7189227938652039
ENSEMBLE | Tr_Acc: 0.9610999822616577, Tr_CE: 0.11970700323581696, Va_Acc: 0.9229999780654907, Va_CE: 0.28574758768081665
Epoch: 141, AccTr: 0.8694999814033508, AccVa: 0.8414999842643738, CeTr: 0.4656524360179901, CeVa: 0.6930308938026428
Epoch: 142, AccTr: 0.8754000067710876, AccVa: 0.8364999890327454, CeTr: 0.45280921459198, CeVa: 0.7076660394668579
Epoch: 143, AccTr: 0.8707000017166138, AccVa: 0.8464999794960022, CeTr: 0.45456743240356445, CeVa: 0.6776114702224731
Epoch: 144, AccTr: 0.8769999742507935, AccVa: 0.8420000076293945, CeTr: 0.4588032364845276, CeVa: 0.6856991052627563
Epoch: 145, AccTr: 0.8697999715805054, AccVa: 0.8270000219345093, CeTr: 0.47627493739128113, CeVa: 0.7316122651100159
ENSEMBLE | Tr_Acc: 0.9616000056266785, Tr_CE: 0.11914123594760895, Va_Acc: 0.9265000224113464, Va_CE: 0.2852376699447632
Epoch: 146, AccTr: 0.8672000169754028, AccVa: 0.8364999890327454, CeTr: 0.4962765574455261, CeVa: 0.7067463994026184
Epoch: 147, AccTr: 0.8828999996185303, AccVa: 0.828000009059906, CeTr: 0.43269261717796326, CeVa: 0.7341328859329224
Epoch: 148, AccTr: 0.8741999864578247, AccVa: 0.8289999961853027, CeTr: 0.46801671385765076, CeVa: 0.7684264183044434
Epoch: 149, AccTr: 0.8741000294685364, AccVa: 0.828000009059906, CeTr: 0.44434013962745667, CeVa: 0.7979908585548401
Epoch: 150, AccTr: 0.8686000108718872, AccVa: 0.8320000171661377, CeTr: 0.45472508668899536, CeVa: 0.7288835048675537
ENSEMBLE | Tr_Acc: 0.9617999792098999, Tr_CE: 0.11831413209438324, Va_Acc: 0.9259999990463257, Va_CE: 0.2850172519683838
NN CONFIG
Weight-type:		ternary
Layout									Layer #1: 280	Layer #2: 200	
Activation Functions					Layer #1: bs	Layer #2: bs	
Keep probabilities		Layer #0: 0.99	Layer #1: 0.98	Layer #2: 0.98	
Flat factors							Layer #1: 1.0	Layer #2: 1.0	Layer #3: 1.0	
Activation Noise						Layer #1: 0.1	Layer #2: 0.1	Layer #3: 0.0	

===================================

RUN CONFIG
Epochs: 150, Blocksize: 4

===================================

Epoch: 1, AccTr: 0.859000027179718, AccVa: 0.8205000162124634, CeTr: 0.5032085180282593, CeVa: 0.7388468980789185
Epoch: 2, AccTr: 0.8521000146865845, AccVa: 0.8009999990463257, CeTr: 0.5171207189559937, CeVa: 0.8000435829162598
Epoch: 3, AccTr: 0.8535000085830688, AccVa: 0.8075000047683716, CeTr: 0.5527092814445496, CeVa: 0.7735882997512817
Epoch: 4, AccTr: 0.8540999889373779, AccVa: 0.815500020980835, CeTr: 0.5112183690071106, CeVa: 0.7779850363731384
Epoch: 5, AccTr: 0.8131999969482422, AccVa: 0.7799999713897705, CeTr: 0.7589842677116394, CeVa: 0.9324749112129211
Epoch: 6, AccTr: 0.8579999804496765, AccVa: 0.8115000128746033, CeTr: 0.5048694014549255, CeVa: 0.76640385389328
Epoch: 7, AccTr: 0.8582000136375427, AccVa: 0.8100000023841858, CeTr: 0.5155872106552124, CeVa: 0.7781705856323242
Epoch: 8, AccTr: 0.8544999957084656, AccVa: 0.8109999895095825, CeTr: 0.5353469848632812, CeVa: 0.8112133145332336
Epoch: 9, AccTr: 0.853600025177002, AccVa: 0.8090000152587891, CeTr: 0.5103169679641724, CeVa: 0.8928561806678772
Epoch: 10, AccTr: 0.8661999702453613, AccVa: 0.8274999856948853, CeTr: 0.4802895486354828, CeVa: 0.8197943568229675
Epoch: 11, AccTr: 0.8647000193595886, AccVa: 0.8069999814033508, CeTr: 0.49643275141716003, CeVa: 0.8180729746818542
Epoch: 12, AccTr: 0.8580999970436096, AccVa: 0.8125, CeTr: 0.521977961063385, CeVa: 0.7544627785682678
Epoch: 13, AccTr: 0.8529000282287598, AccVa: 0.8130000233650208, CeTr: 0.5394158363342285, CeVa: 0.7621479034423828
Epoch: 14, AccTr: 0.8616999983787537, AccVa: 0.8190000057220459, CeTr: 0.510685920715332, CeVa: 0.7691065073013306
Epoch: 15, AccTr: 0.8650000095367432, AccVa: 0.8215000033378601, CeTr: 0.4833281636238098, CeVa: 0.7564329504966736
Epoch: 16, AccTr: 0.8695999979972839, AccVa: 0.815500020980835, CeTr: 0.4706176817417145, CeVa: 0.7804228663444519
Epoch: 17, AccTr: 0.864799976348877, AccVa: 0.8125, CeTr: 0.5161762237548828, CeVa: 0.8490259051322937
Epoch: 18, AccTr: 0.878600001335144, AccVa: 0.8224999904632568, CeTr: 0.4421814978122711, CeVa: 0.7919148206710815
Epoch: 19, AccTr: 0.8639000058174133, AccVa: 0.8289999961853027, CeTr: 0.4934593141078949, CeVa: 0.7768182754516602
Epoch: 20, AccTr: 0.8647000193595886, AccVa: 0.8240000009536743, CeTr: 0.5130988359451294, CeVa: 0.7811315059661865
Epoch: 21, AccTr: 0.8651000261306763, AccVa: 0.8259999752044678, CeTr: 0.508639395236969, CeVa: 0.7963685989379883
Epoch: 22, AccTr: 0.857699990272522, AccVa: 0.8025000095367432, CeTr: 0.5462123155593872, CeVa: 0.8456872701644897
Epoch: 23, AccTr: 0.868399977684021, AccVa: 0.8234999775886536, CeTr: 0.4688318967819214, CeVa: 0.802536129951477
Epoch: 24, AccTr: 0.8677999973297119, AccVa: 0.815500020980835, CeTr: 0.47689124941825867, CeVa: 0.7575048804283142
Epoch: 25, AccTr: 0.8669999837875366, AccVa: 0.815500020980835, CeTr: 0.4884345233440399, CeVa: 0.8111626505851746
Epoch: 26, AccTr: 0.8726000189781189, AccVa: 0.8259999752044678, CeTr: 0.46222031116485596, CeVa: 0.7420347929000854
Epoch: 27, AccTr: 0.863099992275238, AccVa: 0.8299999833106995, CeTr: 0.5079159140586853, CeVa: 0.796630322933197
Epoch: 28, AccTr: 0.8672999739646912, AccVa: 0.8255000114440918, CeTr: 0.4906902313232422, CeVa: 0.7369840145111084
Epoch: 29, AccTr: 0.8666999936103821, AccVa: 0.8289999961853027, CeTr: 0.4847542941570282, CeVa: 0.7291306853294373
Epoch: 30, AccTr: 0.8644000291824341, AccVa: 0.8209999799728394, CeTr: 0.4461294412612915, CeVa: 0.7401831746101379
ENSEMBLE | Tr_Acc: 0.8644000291824341, Tr_CE: 0.4461294412612915, Va_Acc: 0.8209999799728394, Va_CE: 0.7401831746101379
Epoch: 31, AccTr: 0.8562999963760376, AccVa: 0.8125, CeTr: 0.5378252267837524, CeVa: 0.8350046873092651
Epoch: 32, AccTr: 0.8529999852180481, AccVa: 0.8180000185966492, CeTr: 0.5319947004318237, CeVa: 0.7672868967056274
Epoch: 33, AccTr: 0.8633999824523926, AccVa: 0.8195000290870667, CeTr: 0.5040034055709839, CeVa: 0.732636034488678
Epoch: 34, AccTr: 0.8500999808311462, AccVa: 0.8125, CeTr: 0.5704379677772522, CeVa: 0.7686312198638916
Epoch: 35, AccTr: 0.8675000071525574, AccVa: 0.8414999842643738, CeTr: 0.4750848710536957, CeVa: 0.6699305772781372
ENSEMBLE | Tr_Acc: 0.9211000204086304, Tr_CE: 0.2481418251991272, Va_Acc: 0.8845000267028809, Va_CE: 0.4482470154762268
Epoch: 36, AccTr: 0.8579999804496765, AccVa: 0.815500020980835, CeTr: 0.5007492899894714, CeVa: 0.8373944163322449
Epoch: 37, AccTr: 0.8585000038146973, AccVa: 0.8195000290870667, CeTr: 0.5461836457252502, CeVa: 0.797198474407196
Epoch: 38, AccTr: 0.8622000217437744, AccVa: 0.8190000057220459, CeTr: 0.4947602152824402, CeVa: 0.8193711042404175
Epoch: 39, AccTr: 0.8727999925613403, AccVa: 0.8274999856948853, CeTr: 0.45144012570381165, CeVa: 0.7102993130683899
Epoch: 40, AccTr: 0.8686000108718872, AccVa: 0.8224999904632568, CeTr: 0.4858558475971222, CeVa: 0.7794941663742065
ENSEMBLE | Tr_Acc: 0.9373999834060669, Tr_CE: 0.1946074515581131, Va_Acc: 0.8934999704360962, Va_CE: 0.39233770966529846
Epoch: 41, AccTr: 0.8596000075340271, AccVa: 0.8230000138282776, CeTr: 0.5123611688613892, CeVa: 0.7158950567245483
Epoch: 42, AccTr: 0.8657000064849854, AccVa: 0.8109999895095825, CeTr: 0.4839555323123932, CeVa: 0.7863652110099792
Epoch: 43, AccTr: 0.8712999820709229, AccVa: 0.8274999856948853, CeTr: 0.47254687547683716, CeVa: 0.7874413132667542
Epoch: 44, AccTr: 0.8634999990463257, AccVa: 0.8259999752044678, CeTr: 0.49833935499191284, CeVa: 0.7575050592422485
Epoch: 45, AccTr: 0.8657000064849854, AccVa: 0.828499972820282, CeTr: 0.48228931427001953, CeVa: 0.7136644124984741
ENSEMBLE | Tr_Acc: 0.9437000155448914, Tr_CE: 0.17011912167072296, Va_Acc: 0.9045000076293945, Va_CE: 0.35999393463134766
Epoch: 46, AccTr: 0.864300012588501, AccVa: 0.8234999775886536, CeTr: 0.52066969871521, CeVa: 0.8013870716094971
Epoch: 47, AccTr: 0.8540999889373779, AccVa: 0.8140000104904175, CeTr: 0.5249893665313721, CeVa: 0.7554018497467041
Epoch: 48, AccTr: 0.868399977684021, AccVa: 0.8274999856948853, CeTr: 0.48805561661720276, CeVa: 0.7279974818229675
Epoch: 49, AccTr: 0.8658999800682068, AccVa: 0.8195000290870667, CeTr: 0.47452324628829956, CeVa: 0.742142379283905
Epoch: 50, AccTr: 0.8697999715805054, AccVa: 0.8184999823570251, CeTr: 0.46544861793518066, CeVa: 0.782338559627533
ENSEMBLE | Tr_Acc: 0.9498999714851379, Tr_CE: 0.15415382385253906, Va_Acc: 0.9079999923706055, Va_CE: 0.3481464684009552
Epoch: 51, AccTr: 0.8650000095367432, AccVa: 0.8339999914169312, CeTr: 0.5110952258110046, CeVa: 0.7700732350349426
Epoch: 52, AccTr: 0.8687000274658203, AccVa: 0.8065000176429749, CeTr: 0.47105854749679565, CeVa: 0.7392059564590454
Epoch: 53, AccTr: 0.8662999868392944, AccVa: 0.8274999856948853, CeTr: 0.47705262899398804, CeVa: 0.744353175163269
Epoch: 54, AccTr: 0.8675000071525574, AccVa: 0.8215000033378601, CeTr: 0.49403446912765503, CeVa: 0.7665581703186035
Epoch: 55, AccTr: 0.8682000041007996, AccVa: 0.8234999775886536, CeTr: 0.49537959694862366, CeVa: 0.7540002465248108
ENSEMBLE | Tr_Acc: 0.9513000249862671, Tr_CE: 0.15043491125106812, Va_Acc: 0.909500002861023, Va_CE: 0.3371031880378723
Epoch: 56, AccTr: 0.8605999946594238, AccVa: 0.8215000033378601, CeTr: 0.49819695949554443, CeVa: 0.7464857697486877
Epoch: 57, AccTr: 0.871999979019165, AccVa: 0.8174999952316284, CeTr: 0.46050453186035156, CeVa: 0.7631868124008179
Epoch: 58, AccTr: 0.8729000091552734, AccVa: 0.8230000138282776, CeTr: 0.4504968822002411, CeVa: 0.8082016110420227
Epoch: 59, AccTr: 0.8727999925613403, AccVa: 0.8209999799728394, CeTr: 0.4711465835571289, CeVa: 0.7399291396141052
Epoch: 60, AccTr: 0.8629000186920166, AccVa: 0.8144999742507935, CeTr: 0.5071378946304321, CeVa: 0.8088183999061584
ENSEMBLE | Tr_Acc: 0.9520000219345093, Tr_CE: 0.1453777700662613, Va_Acc: 0.9125000238418579, Va_CE: 0.33471202850341797
Epoch: 61, AccTr: 0.866599977016449, AccVa: 0.8259999752044678, CeTr: 0.5038213729858398, CeVa: 0.7553448677062988
Epoch: 62, AccTr: 0.8711000084877014, AccVa: 0.8234999775886536, CeTr: 0.459032267332077, CeVa: 0.7871219515800476
Epoch: 63, AccTr: 0.8744000196456909, AccVa: 0.824999988079071, CeTr: 0.45628321170806885, CeVa: 0.7629402875900269
Epoch: 64, AccTr: 0.8589000105857849, AccVa: 0.8295000195503235, CeTr: 0.5339935421943665, CeVa: 0.7455090284347534
Epoch: 65, AccTr: 0.8733000159263611, AccVa: 0.8335000276565552, CeTr: 0.4712880849838257, CeVa: 0.7255926132202148
ENSEMBLE | Tr_Acc: 0.9538000226020813, Tr_CE: 0.13848252594470978, Va_Acc: 0.9160000085830688, Va_CE: 0.3231746256351471
Epoch: 66, AccTr: 0.871999979019165, AccVa: 0.8234999775886536, CeTr: 0.4772312641143799, CeVa: 0.7137904763221741
Epoch: 67, AccTr: 0.8715999722480774, AccVa: 0.8299999833106995, CeTr: 0.46626371145248413, CeVa: 0.7427220344543457
Epoch: 68, AccTr: 0.8636999726295471, AccVa: 0.8240000009536743, CeTr: 0.5329665541648865, CeVa: 0.8205482959747314
Epoch: 69, AccTr: 0.8562999963760376, AccVa: 0.8245000243186951, CeTr: 0.5528477430343628, CeVa: 0.7604542374610901
Epoch: 70, AccTr: 0.8689000010490417, AccVa: 0.8264999985694885, CeTr: 0.484417587518692, CeVa: 0.7765971422195435
ENSEMBLE | Tr_Acc: 0.9563999772071838, Tr_CE: 0.13361689448356628, Va_Acc: 0.9179999828338623, Va_CE: 0.31849491596221924
Epoch: 71, AccTr: 0.8689000010490417, AccVa: 0.8220000267028809, CeTr: 0.4607617259025574, CeVa: 0.7484973669052124
Epoch: 72, AccTr: 0.8619999885559082, AccVa: 0.8180000185966492, CeTr: 0.49663031101226807, CeVa: 0.7765532732009888
Epoch: 73, AccTr: 0.8769999742507935, AccVa: 0.840499997138977, CeTr: 0.43044403195381165, CeVa: 0.6615387797355652
Epoch: 74, AccTr: 0.8701000213623047, AccVa: 0.8330000042915344, CeTr: 0.49020352959632874, CeVa: 0.7642884254455566
Epoch: 75, AccTr: 0.8745999932289124, AccVa: 0.8295000195503235, CeTr: 0.4357183575630188, CeVa: 0.7308104634284973
ENSEMBLE | Tr_Acc: 0.9563000202178955, Tr_CE: 0.12742874026298523, Va_Acc: 0.9185000061988831, Va_CE: 0.3135199546813965
Epoch: 76, AccTr: 0.8759999871253967, AccVa: 0.8339999914169312, CeTr: 0.4274818003177643, CeVa: 0.7258842587471008
Epoch: 77, AccTr: 0.8680999875068665, AccVa: 0.8255000114440918, CeTr: 0.46049046516418457, CeVa: 0.752699613571167
Epoch: 78, AccTr: 0.8797000050544739, AccVa: 0.8220000267028809, CeTr: 0.433806449174881, CeVa: 0.7440972924232483
Epoch: 79, AccTr: 0.8780999779701233, AccVa: 0.840499997138977, CeTr: 0.44545692205429077, CeVa: 0.715330183506012
Epoch: 80, AccTr: 0.8794000148773193, AccVa: 0.8205000162124634, CeTr: 0.4222411513328552, CeVa: 0.7851853370666504
ENSEMBLE | Tr_Acc: 0.958899974822998, Tr_CE: 0.1219840720295906, Va_Acc: 0.9185000061988831, Va_CE: 0.31479281187057495
Epoch: 81, AccTr: 0.8743000030517578, AccVa: 0.8174999952316284, CeTr: 0.4380817413330078, CeVa: 0.8088346719741821
Epoch: 82, AccTr: 0.871999979019165, AccVa: 0.8215000033378601, CeTr: 0.46470698714256287, CeVa: 0.7892957925796509
Epoch: 83, AccTr: 0.8738999962806702, AccVa: 0.8270000219345093, CeTr: 0.4699115753173828, CeVa: 0.8101536631584167
Epoch: 84, AccTr: 0.8762000203132629, AccVa: 0.8324999809265137, CeTr: 0.44781363010406494, CeVa: 0.7536243796348572
Epoch: 85, AccTr: 0.8684999942779541, AccVa: 0.824999988079071, CeTr: 0.47495150566101074, CeVa: 0.8088104128837585
ENSEMBLE | Tr_Acc: 0.9592000246047974, Tr_CE: 0.12000047415494919, Va_Acc: 0.9190000295639038, Va_CE: 0.3154309391975403
Epoch: 86, AccTr: 0.8715999722480774, AccVa: 0.8330000042915344, CeTr: 0.4749264717102051, CeVa: 0.7629871368408203
Epoch: 87, AccTr: 0.8773999810218811, AccVa: 0.8195000290870667, CeTr: 0.44740381836891174, CeVa: 0.7824215292930603
Epoch: 88, AccTr: 0.8741999864578247, AccVa: 0.8345000147819519, CeTr: 0.45631808042526245, CeVa: 0.7268778681755066
Epoch: 89, AccTr: 0.8708999752998352, AccVa: 0.8255000114440918, CeTr: 0.4594537019729614, CeVa: 0.7432048916816711
Epoch: 90, AccTr: 0.8766999840736389, AccVa: 0.8270000219345093, CeTr: 0.44845595955848694, CeVa: 0.8048222661018372
ENSEMBLE | Tr_Acc: 0.960099995136261, Tr_CE: 0.11790412664413452, Va_Acc: 0.9185000061988831, Va_CE: 0.31553035974502563
Epoch: 91, AccTr: 0.8658999800682068, AccVa: 0.8109999895095825, CeTr: 0.4910075068473816, CeVa: 0.7720018029212952
Epoch: 92, AccTr: 0.8652999997138977, AccVa: 0.8215000033378601, CeTr: 0.5006189346313477, CeVa: 0.8239486813545227
Epoch: 93, AccTr: 0.8655999898910522, AccVa: 0.8174999952316284, CeTr: 0.48682472109794617, CeVa: 0.7729941010475159
Epoch: 94, AccTr: 0.8690000176429749, AccVa: 0.8255000114440918, CeTr: 0.48653653264045715, CeVa: 0.7780904769897461
Epoch: 95, AccTr: 0.8726999759674072, AccVa: 0.824999988079071, CeTr: 0.46782347559928894, CeVa: 0.7515932321548462
ENSEMBLE | Tr_Acc: 0.9611999988555908, Tr_CE: 0.11577688157558441, Va_Acc: 0.9210000038146973, Va_CE: 0.31248748302459717
Epoch: 96, AccTr: 0.8652999997138977, AccVa: 0.8330000042915344, CeTr: 0.4955511689186096, CeVa: 0.7393972873687744
Epoch: 97, AccTr: 0.8712000250816345, AccVa: 0.8309999704360962, CeTr: 0.4422597289085388, CeVa: 0.7408925294876099
Epoch: 98, AccTr: 0.8658999800682068, AccVa: 0.8314999938011169, CeTr: 0.5079717040061951, CeVa: 0.7500659227371216
Epoch: 99, AccTr: 0.857200026512146, AccVa: 0.8195000290870667, CeTr: 0.5158946514129639, CeVa: 0.772062361240387
Epoch: 100, AccTr: 0.8626000285148621, AccVa: 0.8255000114440918, CeTr: 0.5075498819351196, CeVa: 0.7649239301681519
ENSEMBLE | Tr_Acc: 0.9607999920845032, Tr_CE: 0.11590451747179031, Va_Acc: 0.9204999804496765, Va_CE: 0.30923378467559814
Epoch: 101, AccTr: 0.864300012588501, AccVa: 0.8259999752044678, CeTr: 0.5166226625442505, CeVa: 0.7708431482315063
Epoch: 102, AccTr: 0.8769000172615051, AccVa: 0.8264999985694885, CeTr: 0.44935688376426697, CeVa: 0.747587263584137
Epoch: 103, AccTr: 0.8593999743461609, AccVa: 0.828000009059906, CeTr: 0.5034856200218201, CeVa: 0.747697114944458
Epoch: 104, AccTr: 0.8672999739646912, AccVa: 0.8184999823570251, CeTr: 0.487765371799469, CeVa: 0.765637218952179
Epoch: 105, AccTr: 0.8673999905586243, AccVa: 0.8199999928474426, CeTr: 0.49122855067253113, CeVa: 0.7346275448799133
ENSEMBLE | Tr_Acc: 0.961899995803833, Tr_CE: 0.11504604667425156, Va_Acc: 0.9229999780654907, Va_CE: 0.30573537945747375
Epoch: 106, AccTr: 0.8647000193595886, AccVa: 0.8305000066757202, CeTr: 0.4795584976673126, CeVa: 0.735085129737854
Epoch: 107, AccTr: 0.869700014591217, AccVa: 0.815500020980835, CeTr: 0.4962231516838074, CeVa: 0.8273845911026001
Epoch: 108, AccTr: 0.8644000291824341, AccVa: 0.815500020980835, CeTr: 0.48759007453918457, CeVa: 0.8117110729217529
Epoch: 109, AccTr: 0.8610000014305115, AccVa: 0.8134999871253967, CeTr: 0.49741241335868835, CeVa: 0.8264042139053345
Epoch: 110, AccTr: 0.8769999742507935, AccVa: 0.8389999866485596, CeTr: 0.44641226530075073, CeVa: 0.7900058627128601
ENSEMBLE | Tr_Acc: 0.963100016117096, Tr_CE: 0.11388466507196426, Va_Acc: 0.9210000038146973, Va_CE: 0.30657270550727844
Epoch: 111, AccTr: 0.8647000193595886, AccVa: 0.8234999775886536, CeTr: 0.47932928800582886, CeVa: 0.787401556968689
Epoch: 112, AccTr: 0.864799976348877, AccVa: 0.8355000019073486, CeTr: 0.5190985798835754, CeVa: 0.8050640225410461
Epoch: 113, AccTr: 0.8810999989509583, AccVa: 0.8199999928474426, CeTr: 0.4285773038864136, CeVa: 0.7932973504066467
Epoch: 114, AccTr: 0.8571000099182129, AccVa: 0.8140000104904175, CeTr: 0.5545514822006226, CeVa: 0.8267887234687805
Epoch: 115, AccTr: 0.8683000206947327, AccVa: 0.8230000138282776, CeTr: 0.48133325576782227, CeVa: 0.8009084463119507
ENSEMBLE | Tr_Acc: 0.9629999995231628, Tr_CE: 0.11345946043729782, Va_Acc: 0.9200000166893005, Va_CE: 0.3054197430610657
Epoch: 116, AccTr: 0.8683000206947327, AccVa: 0.8370000123977661, CeTr: 0.4576326608657837, CeVa: 0.7040287852287292
Epoch: 117, AccTr: 0.869700014591217, AccVa: 0.828000009059906, CeTr: 0.474198579788208, CeVa: 0.7749207615852356
Epoch: 118, AccTr: 0.8398000001907349, AccVa: 0.8119999766349792, CeTr: 0.6258134841918945, CeVa: 0.8001895546913147
Epoch: 119, AccTr: 0.8658999800682068, AccVa: 0.8115000128746033, CeTr: 0.4935677647590637, CeVa: 0.7340561747550964
Epoch: 120, AccTr: 0.8567000031471252, AccVa: 0.8159999847412109, CeTr: 0.5362539291381836, CeVa: 0.798995852470398
ENSEMBLE | Tr_Acc: 0.9624999761581421, Tr_CE: 0.11299131065607071, Va_Acc: 0.9225000143051147, Va_CE: 0.30356907844543457
Epoch: 121, AccTr: 0.8755000233650208, AccVa: 0.843999981880188, CeTr: 0.45527884364128113, CeVa: 0.7296528220176697
Epoch: 122, AccTr: 0.8715000152587891, AccVa: 0.828000009059906, CeTr: 0.46293115615844727, CeVa: 0.7540019750595093
Epoch: 123, AccTr: 0.8691999912261963, AccVa: 0.8324999809265137, CeTr: 0.46670645475387573, CeVa: 0.7076452970504761
Epoch: 124, AccTr: 0.871399998664856, AccVa: 0.840499997138977, CeTr: 0.48705923557281494, CeVa: 0.7238253951072693
Epoch: 125, AccTr: 0.8744999766349792, AccVa: 0.828000009059906, CeTr: 0.46798115968704224, CeVa: 0.7969072461128235
ENSEMBLE | Tr_Acc: 0.963100016117096, Tr_CE: 0.11217009276151657, Va_Acc: 0.9210000038146973, Va_CE: 0.30418530106544495
Epoch: 126, AccTr: 0.8819000124931335, AccVa: 0.8360000252723694, CeTr: 0.4222142696380615, CeVa: 0.7323687672615051
Epoch: 127, AccTr: 0.8769000172615051, AccVa: 0.8215000033378601, CeTr: 0.4452982544898987, CeVa: 0.7696317434310913
Epoch: 128, AccTr: 0.8763999938964844, AccVa: 0.8240000009536743, CeTr: 0.4677635133266449, CeVa: 0.8091665506362915
Epoch: 129, AccTr: 0.8705000281333923, AccVa: 0.8339999914169312, CeTr: 0.4752436578273773, CeVa: 0.7762113213539124
Epoch: 130, AccTr: 0.8804000020027161, AccVa: 0.8414999842643738, CeTr: 0.44124501943588257, CeVa: 0.6987887620925903
ENSEMBLE | Tr_Acc: 0.9635999798774719, Tr_CE: 0.11096417158842087, Va_Acc: 0.921999990940094, Va_CE: 0.30268076062202454
Epoch: 131, AccTr: 0.8734999895095825, AccVa: 0.8355000019073486, CeTr: 0.4510646462440491, CeVa: 0.7099890112876892
Epoch: 132, AccTr: 0.8741999864578247, AccVa: 0.8174999952316284, CeTr: 0.44945576786994934, CeVa: 0.8228593468666077
Epoch: 133, AccTr: 0.8708000183105469, AccVa: 0.828000009059906, CeTr: 0.44307050108909607, CeVa: 0.8014987111091614
Epoch: 134, AccTr: 0.8682000041007996, AccVa: 0.8149999976158142, CeTr: 0.5089467763900757, CeVa: 0.8089167475700378
Epoch: 135, AccTr: 0.863099992275238, AccVa: 0.8209999799728394, CeTr: 0.5106907486915588, CeVa: 0.8288208842277527
ENSEMBLE | Tr_Acc: 0.9629999995231628, Tr_CE: 0.11109057813882828, Va_Acc: 0.921999990940094, Va_CE: 0.30253681540489197
Epoch: 136, AccTr: 0.8698999881744385, AccVa: 0.8264999985694885, CeTr: 0.4734397530555725, CeVa: 0.7912638187408447
Epoch: 137, AccTr: 0.8707000017166138, AccVa: 0.8184999823570251, CeTr: 0.44621890783309937, CeVa: 0.8164709806442261
Epoch: 138, AccTr: 0.8759999871253967, AccVa: 0.8119999766349792, CeTr: 0.4280761182308197, CeVa: 0.8002826571464539
Epoch: 139, AccTr: 0.8704000115394592, AccVa: 0.8314999938011169, CeTr: 0.4805750548839569, CeVa: 0.764954686164856
Epoch: 140, AccTr: 0.8679999709129333, AccVa: 0.8339999914169312, CeTr: 0.4729560911655426, CeVa: 0.7662359476089478
ENSEMBLE | Tr_Acc: 0.9631999731063843, Tr_CE: 0.110575832426548, Va_Acc: 0.9229999780654907, Va_CE: 0.30168476700782776
Epoch: 141, AccTr: 0.8637999892234802, AccVa: 0.8205000162124634, CeTr: 0.5084294676780701, CeVa: 0.8078230023384094
Epoch: 142, AccTr: 0.8644000291824341, AccVa: 0.8209999799728394, CeTr: 0.5059216618537903, CeVa: 0.7846611738204956
Epoch: 143, AccTr: 0.8691999912261963, AccVa: 0.8169999718666077, CeTr: 0.4783843755722046, CeVa: 0.8735564351081848
Epoch: 144, AccTr: 0.8604999780654907, AccVa: 0.8134999871253967, CeTr: 0.5108333230018616, CeVa: 0.8055616617202759
Epoch: 145, AccTr: 0.8705000281333923, AccVa: 0.8299999833106995, CeTr: 0.4620870053768158, CeVa: 0.7588865756988525
ENSEMBLE | Tr_Acc: 0.9624999761581421, Tr_CE: 0.11018673330545425, Va_Acc: 0.9229999780654907, Va_CE: 0.30076101422309875
Epoch: 146, AccTr: 0.867900013923645, AccVa: 0.8259999752044678, CeTr: 0.4786950647830963, CeVa: 0.7865228056907654
Epoch: 147, AccTr: 0.8695999979972839, AccVa: 0.8320000171661377, CeTr: 0.4899516701698303, CeVa: 0.7621644139289856
Epoch: 148, AccTr: 0.8596000075340271, AccVa: 0.8289999961853027, CeTr: 0.5289837121963501, CeVa: 0.7843186259269714
Epoch: 149, AccTr: 0.8758000135421753, AccVa: 0.8330000042915344, CeTr: 0.4504610002040863, CeVa: 0.7590394616127014
Epoch: 150, AccTr: 0.8812999725341797, AccVa: 0.843500018119812, CeTr: 0.4528900384902954, CeVa: 0.720773458480835
ENSEMBLE | Tr_Acc: 0.9628999829292297, Tr_CE: 0.10982144623994827, Va_Acc: 0.921999990940094, Va_CE: 0.2998831868171692
Mod Accuracy || Mean: 0.8377500176429749	 Std: 0.005750000476837158
Ens Accuracy || Mean: 0.9240000247955322	 Std: 0.0020000040531158447
Mod CE || Mean: 0.7248284816741943	 Std: 0.004055023193359375
Ens CE || Mean: 0.2924502193927765	 Std: 0.0074329674243927
