Input binarization: False
Pretrained network accuracy: 0.9983999729156494
NN CONFIG
Weight-type:		ternary
Layout									Layer #1: 784	Layer #2: 250	Layer #3: 220	Layer #4: 10	
Activation Functions					Layer #1: bs	Layer #2: bs	
Keep probabilities		Layer #0: 1.0	Layer #1: 1.0	Layer #2: 1.0	
Flat factors							Layer #1: 1.0	Layer #2: 1.0	Layer #3: 1.0	
Activation Noise						Layer #1: 0.0	Layer #2: 0.0	Layer #3: 0.0	
Prior: 0.96

===================================

RUN CONFIG
Gibbs  Epochs: 200, Blocksize: 4

===================================

Gibbs Ensemble | Burn In: 20, Thinning: 5
Epoch: 0, AccTr: 0.1873999983072281, AccVa: 0.1889999955892563, CeTr: 6.621602535247803, CeVa: 6.834131717681885
Epoch: 1, AccTr: 0.9334999918937683, AccVa: 0.8504999876022339, CeTr: 0.22573775053024292, CeVa: 0.7553621530532837
Epoch: 2, AccTr: 0.9431999921798706, AccVa: 0.8504999876022339, CeTr: 0.15770696103572845, CeVa: 0.713923454284668
Epoch: 3, AccTr: 0.951200008392334, AccVa: 0.8585000038146973, CeTr: 0.13803154230117798, CeVa: 0.6772825717926025
Epoch: 4, AccTr: 0.9549000263214111, AccVa: 0.8500000238418579, CeTr: 0.12507803738117218, CeVa: 0.7183462381362915
Epoch: 5, AccTr: 0.9555000066757202, AccVa: 0.8489999771118164, CeTr: 0.12272355705499649, CeVa: 0.7241113781929016
Epoch: 6, AccTr: 0.9542999863624573, AccVa: 0.8544999957084656, CeTr: 0.11888130754232407, CeVa: 0.6679537296295166
Epoch: 7, AccTr: 0.9571999907493591, AccVa: 0.8539999723434448, CeTr: 0.12449139356613159, CeVa: 0.6460040211677551
Epoch: 8, AccTr: 0.9578999876976013, AccVa: 0.8550000190734863, CeTr: 0.1134272962808609, CeVa: 0.6648561954498291
Epoch: 9, AccTr: 0.9556000232696533, AccVa: 0.8579999804496765, CeTr: 0.11664674431085587, CeVa: 0.6837530732154846
Epoch: 10, AccTr: 0.9602000117301941, AccVa: 0.8709999918937683, CeTr: 0.1081678569316864, CeVa: 0.6743095517158508
Epoch: 11, AccTr: 0.9611999988555908, AccVa: 0.8634999990463257, CeTr: 0.10338202118873596, CeVa: 0.6512096524238586
Epoch: 12, AccTr: 0.9589999914169312, AccVa: 0.8669999837875366, CeTr: 0.11034567654132843, CeVa: 0.6362352967262268
Epoch: 13, AccTr: 0.9628999829292297, AccVa: 0.8665000200271606, CeTr: 0.10326358675956726, CeVa: 0.6159911155700684
Epoch: 14, AccTr: 0.9613000154495239, AccVa: 0.859499990940094, CeTr: 0.10022643953561783, CeVa: 0.669236958026886
Epoch: 15, AccTr: 0.9639999866485596, AccVa: 0.8644999861717224, CeTr: 0.09680470079183578, CeVa: 0.67824786901474
Epoch: 16, AccTr: 0.9639999866485596, AccVa: 0.859000027179718, CeTr: 0.09544289857149124, CeVa: 0.6796779036521912
Epoch: 17, AccTr: 0.9642000198364258, AccVa: 0.8615000247955322, CeTr: 0.09996616840362549, CeVa: 0.6572056412696838
Epoch: 18, AccTr: 0.9624999761581421, AccVa: 0.8644999861717224, CeTr: 0.09816187620162964, CeVa: 0.6392542123794556
Epoch: 19, AccTr: 0.9609000086784363, AccVa: 0.875, CeTr: 0.1040944829583168, CeVa: 0.6195015907287598
Epoch: 20, AccTr: 0.9667999744415283, AccVa: 0.8700000047683716, CeTr: 0.09089426696300507, CeVa: 0.6379318833351135
ENSEMBLE | Tr_Acc: 0.9667999744415283, Tr_CE: 0.09089426696300507, Va_Acc: 0.8700000047683716, Va_CE: 0.6379318833351135
Epoch: 21, AccTr: 0.9646000266075134, AccVa: 0.8659999966621399, CeTr: 0.09341166168451309, CeVa: 0.6609456539154053
Epoch: 22, AccTr: 0.9660999774932861, AccVa: 0.8665000200271606, CeTr: 0.09378352761268616, CeVa: 0.6456570029258728
Epoch: 23, AccTr: 0.9617000222206116, AccVa: 0.8640000224113464, CeTr: 0.10224955528974533, CeVa: 0.7008659243583679
Epoch: 24, AccTr: 0.9628999829292297, AccVa: 0.8734999895095825, CeTr: 0.09981860965490341, CeVa: 0.6754741072654724
Epoch: 25, AccTr: 0.9641000032424927, AccVa: 0.8805000185966492, CeTr: 0.09546788036823273, CeVa: 0.6147090196609497
ENSEMBLE | Tr_Acc: 0.9868999719619751, Tr_CE: 0.041912030428647995, Va_Acc: 0.9020000100135803, Va_CE: 0.45496562123298645
Epoch: 26, AccTr: 0.9645000100135803, AccVa: 0.871999979019165, CeTr: 0.09342074394226074, CeVa: 0.639309287071228
Epoch: 27, AccTr: 0.9614999890327454, AccVa: 0.8705000281333923, CeTr: 0.09848375618457794, CeVa: 0.6798293590545654
Epoch: 28, AccTr: 0.9668999910354614, AccVa: 0.8684999942779541, CeTr: 0.08922367542982101, CeVa: 0.7098764181137085
Epoch: 29, AccTr: 0.9623000025749207, AccVa: 0.862500011920929, CeTr: 0.09791191667318344, CeVa: 0.7387659549713135
Epoch: 30, AccTr: 0.964900016784668, AccVa: 0.8755000233650208, CeTr: 0.09564247727394104, CeVa: 0.6095678806304932
ENSEMBLE | Tr_Acc: 0.9927999973297119, Tr_CE: 0.02995939552783966, Va_Acc: 0.9104999899864197, Va_CE: 0.4067003130912781
Epoch: 31, AccTr: 0.9650999903678894, AccVa: 0.8665000200271606, CeTr: 0.09647323191165924, CeVa: 0.6930620074272156
Epoch: 32, AccTr: 0.9656999707221985, AccVa: 0.871999979019165, CeTr: 0.09305653721094131, CeVa: 0.6578869223594666
Epoch: 33, AccTr: 0.9656999707221985, AccVa: 0.8730000257492065, CeTr: 0.09113564342260361, CeVa: 0.6617192029953003
Epoch: 34, AccTr: 0.9642999768257141, AccVa: 0.8634999990463257, CeTr: 0.09000756591558456, CeVa: 0.6796237826347351
Epoch: 35, AccTr: 0.9678999781608582, AccVa: 0.8790000081062317, CeTr: 0.08801432698965073, CeVa: 0.6680521368980408
ENSEMBLE | Tr_Acc: 0.9944000244140625, Tr_CE: 0.0237844567745924, Va_Acc: 0.9135000109672546, Va_CE: 0.39200079441070557
Epoch: 36, AccTr: 0.9646000266075134, AccVa: 0.8694999814033508, CeTr: 0.09198234975337982, CeVa: 0.6916999220848083
Epoch: 37, AccTr: 0.963699996471405, AccVa: 0.8784999847412109, CeTr: 0.09255136549472809, CeVa: 0.6216024160385132
Epoch: 38, AccTr: 0.9664000272750854, AccVa: 0.8634999990463257, CeTr: 0.08781687915325165, CeVa: 0.6490235328674316
Epoch: 39, AccTr: 0.9657999873161316, AccVa: 0.859499990940094, CeTr: 0.09047065675258636, CeVa: 0.7350656986236572
Epoch: 40, AccTr: 0.9664000272750854, AccVa: 0.8640000224113464, CeTr: 0.09212914854288101, CeVa: 0.7150625586509705
ENSEMBLE | Tr_Acc: 0.9958999752998352, Tr_CE: 0.020357415080070496, Va_Acc: 0.9179999828338623, Va_CE: 0.38221675157546997
Epoch: 41, AccTr: 0.9664000272750854, AccVa: 0.8725000023841858, CeTr: 0.09009911864995956, CeVa: 0.6615803837776184
Epoch: 42, AccTr: 0.9664999842643738, AccVa: 0.862500011920929, CeTr: 0.091419517993927, CeVa: 0.7034428119659424
Epoch: 43, AccTr: 0.9674999713897705, AccVa: 0.8565000295639038, CeTr: 0.08842030167579651, CeVa: 0.6638596057891846
Epoch: 44, AccTr: 0.9681000113487244, AccVa: 0.8634999990463257, CeTr: 0.08727650344371796, CeVa: 0.6416978240013123
Epoch: 45, AccTr: 0.9678000211715698, AccVa: 0.8675000071525574, CeTr: 0.08627314865589142, CeVa: 0.6641443967819214
ENSEMBLE | Tr_Acc: 0.9962000250816345, Tr_CE: 0.0179555956274271, Va_Acc: 0.9164999723434448, Va_CE: 0.3663884401321411
Epoch: 46, AccTr: 0.9681000113487244, AccVa: 0.8650000095367432, CeTr: 0.08860328048467636, CeVa: 0.649164080619812
Epoch: 47, AccTr: 0.9648000001907349, AccVa: 0.8665000200271606, CeTr: 0.08869495987892151, CeVa: 0.6776953339576721
Epoch: 48, AccTr: 0.9664000272750854, AccVa: 0.8654999732971191, CeTr: 0.08737310767173767, CeVa: 0.6472338438034058
Epoch: 49, AccTr: 0.9671000242233276, AccVa: 0.8705000281333923, CeTr: 0.08467643707990646, CeVa: 0.6524904370307922
Epoch: 50, AccTr: 0.968999981880188, AccVa: 0.8715000152587891, CeTr: 0.08440864831209183, CeVa: 0.6680611371994019
ENSEMBLE | Tr_Acc: 0.9965000152587891, Tr_CE: 0.01645367592573166, Va_Acc: 0.9204999804496765, Va_CE: 0.3588659167289734
Epoch: 51, AccTr: 0.965399980545044, AccVa: 0.8650000095367432, CeTr: 0.08943907171487808, CeVa: 0.6623568534851074
Epoch: 52, AccTr: 0.9696999788284302, AccVa: 0.875, CeTr: 0.08375490456819534, CeVa: 0.6590579152107239
Epoch: 53, AccTr: 0.9672999978065491, AccVa: 0.875, CeTr: 0.08978225290775299, CeVa: 0.6153980493545532
Epoch: 54, AccTr: 0.9670000076293945, AccVa: 0.8759999871253967, CeTr: 0.08684699982404709, CeVa: 0.6046984195709229
Epoch: 55, AccTr: 0.9668999910354614, AccVa: 0.8769999742507935, CeTr: 0.08640314638614655, CeVa: 0.6159390807151794
ENSEMBLE | Tr_Acc: 0.9970999956130981, Tr_CE: 0.015212678350508213, Va_Acc: 0.9259999990463257, Va_CE: 0.3455568850040436
Epoch: 56, AccTr: 0.9671000242233276, AccVa: 0.8604999780654907, CeTr: 0.08400208503007889, CeVa: 0.6637702584266663
Epoch: 57, AccTr: 0.9656000137329102, AccVa: 0.8585000038146973, CeTr: 0.08865980058908463, CeVa: 0.6855252981185913
Epoch: 58, AccTr: 0.9653000235557556, AccVa: 0.8740000128746033, CeTr: 0.09296724945306778, CeVa: 0.6717003583908081
Epoch: 59, AccTr: 0.9675999879837036, AccVa: 0.8669999837875366, CeTr: 0.08709296584129333, CeVa: 0.6763198971748352
Epoch: 60, AccTr: 0.9650999903678894, AccVa: 0.8684999942779541, CeTr: 0.0889197587966919, CeVa: 0.6321503520011902
ENSEMBLE | Tr_Acc: 0.9969000220298767, Tr_CE: 0.014657804742455482, Va_Acc: 0.9269999861717224, Va_CE: 0.33583059906959534
Epoch: 61, AccTr: 0.9642000198364258, AccVa: 0.8669999837875366, CeTr: 0.0893189087510109, CeVa: 0.6600168943405151
Epoch: 62, AccTr: 0.9674999713897705, AccVa: 0.8629999756813049, CeTr: 0.08768605440855026, CeVa: 0.6740883588790894
Epoch: 63, AccTr: 0.9704999923706055, AccVa: 0.8705000281333923, CeTr: 0.08144024014472961, CeVa: 0.6160756349563599
Epoch: 64, AccTr: 0.9682000279426575, AccVa: 0.8690000176429749, CeTr: 0.08522804081439972, CeVa: 0.6449858546257019
Epoch: 65, AccTr: 0.9666000008583069, AccVa: 0.8709999918937683, CeTr: 0.08738188445568085, CeVa: 0.6909330487251282
ENSEMBLE | Tr_Acc: 0.9975000023841858, Tr_CE: 0.014021837152540684, Va_Acc: 0.9269999861717224, Va_CE: 0.33584660291671753
Epoch: 66, AccTr: 0.9679999947547913, AccVa: 0.8644999861717224, CeTr: 0.08731894195079803, CeVa: 0.6738897562026978
Epoch: 67, AccTr: 0.9671000242233276, AccVa: 0.8694999814033508, CeTr: 0.08701204508543015, CeVa: 0.7073898315429688
Epoch: 68, AccTr: 0.9696000218391418, AccVa: 0.871999979019165, CeTr: 0.08584130555391312, CeVa: 0.6659553647041321
Epoch: 69, AccTr: 0.9704999923706055, AccVa: 0.8700000047683716, CeTr: 0.08252719789743423, CeVa: 0.6887543797492981
Epoch: 70, AccTr: 0.9696000218391418, AccVa: 0.8634999990463257, CeTr: 0.08607687801122665, CeVa: 0.720358669757843
ENSEMBLE | Tr_Acc: 0.9970999956130981, Tr_CE: 0.013686657883226871, Va_Acc: 0.9275000095367432, Va_CE: 0.3344264030456543
Epoch: 71, AccTr: 0.968500018119812, AccVa: 0.8709999918937683, CeTr: 0.08500450104475021, CeVa: 0.6713857650756836
Epoch: 72, AccTr: 0.9685999751091003, AccVa: 0.8665000200271606, CeTr: 0.08356546610593796, CeVa: 0.6577175259590149
Epoch: 73, AccTr: 0.9679999947547913, AccVa: 0.8679999709129333, CeTr: 0.0847054049372673, CeVa: 0.6587468385696411
Epoch: 74, AccTr: 0.9666000008583069, AccVa: 0.8769999742507935, CeTr: 0.09389045089483261, CeVa: 0.6492348909378052
Epoch: 75, AccTr: 0.9664999842643738, AccVa: 0.8690000176429749, CeTr: 0.08960644900798798, CeVa: 0.6608991026878357
ENSEMBLE | Tr_Acc: 0.9973999857902527, Tr_CE: 0.013138417154550552, Va_Acc: 0.9294999837875366, Va_CE: 0.32934287190437317
Epoch: 76, AccTr: 0.9692999720573425, AccVa: 0.8634999990463257, CeTr: 0.08453167229890823, CeVa: 0.6682744026184082
Epoch: 77, AccTr: 0.9664000272750854, AccVa: 0.8684999942779541, CeTr: 0.09072460979223251, CeVa: 0.6340922713279724
Epoch: 78, AccTr: 0.9696999788284302, AccVa: 0.8709999918937683, CeTr: 0.08376407623291016, CeVa: 0.6453287601470947
Epoch: 79, AccTr: 0.9689000248908997, AccVa: 0.8654999732971191, CeTr: 0.08454933017492294, CeVa: 0.6380842924118042
