

config:

HOME=/clusterFS/home/student/kopp13
PATH=/clusterFS/home/student/kopp13/miniconda3/envs/tensorflow/bin:/clusterFS/home/student/kopp13/miniconda3/bin:/clusterFS/home/student/kopp13/bin:/usr/local/bin:/usr/bin:/bin:/usr/local/games:/usr/games
LD_LIBRARY_PATH=
THEANO_FLAGS=floatX=float32,gpuarray.preallocate=0.9,dnn.library_path=/usr/lib/x86_64-linux-gnu,cxx=clang++-3.8,device=cuda,base_compiledir=/tmp/tmp.KtIVuXMp71



Starting Test

NN CONFIG
Weight-type:		ternary
Layout									Layer #1: 10	Layer #2: 10	
Activation Functions					Layer #1: ets	Layer #2: ets	
Keep probabilities		Layer #0: 0.95	Layer #1: 0.8	Layer #2: 0.8	
Flat factors							Layer #1: 1.0	Layer #2: 1.0	Layer #3: 1.0	
Activation Noise						Layer #1: 0.1	Layer #2: 0.1	
Prior: 0.8

===================================

RUN CONFIG
Epochs: 5, Blocksize: 2

===================================

Input binarization: False
Pretrained network accuracy: 0.9643999934196472
Epoch: 0, AccTr: 0.45260000228881836, AccVa: 0.4334999918937683, CeTr: 2.1761717796325684, CeVa: 2.289050579071045
Epoch: 1, AccTr: 0.7426999807357788, AccVa: 0.7095000147819519, CeTr: 0.9034789800643921, CeVa: 0.9986401796340942
ENSEMBLE | Tr_Acc: 0.7426999807357788, Tr_CE: 0.9034789800643921, Va_Acc: 0.7095000147819519, Va_CE: 0.9986401796340942
Epoch: 2, AccTr: 0.7436000108718872, AccVa: 0.7179999947547913, CeTr: 0.8803951144218445, CeVa: 0.9488934874534607
ENSEMBLE | Tr_Acc: 0.7942000031471252, Tr_CE: 0.7263461947441101, Va_Acc: 0.7595000267028809, Va_CE: 0.8098751902580261
Epoch: 3, AccTr: 0.6956999897956848, AccVa: 0.6600000262260437, CeTr: 1.0053907632827759, CeVa: 1.1115425825119019
ENSEMBLE | Tr_Acc: 0.8015000224113464, Tr_CE: 0.7037535905838013, Va_Acc: 0.7710000276565552, Va_CE: 0.7931158542633057
Epoch: 4, AccTr: 0.7171000242233276, AccVa: 0.7049999833106995, CeTr: 0.9334872961044312, CeVa: 0.9856461882591248
ENSEMBLE | Tr_Acc: 0.8129000067710876, Tr_CE: 0.6680988073348999, Va_Acc: 0.7799999713897705, Va_CE: 0.7461602687835693
Epoch: 5, AccTr: 0.7052000164985657, AccVa: 0.6859999895095825, CeTr: 0.9572521448135376, CeVa: 0.9555802345275879
ENSEMBLE | Tr_Acc: 0.816100001335144, Tr_CE: 0.6605355143547058, Va_Acc: 0.7850000262260437, Va_CE: 0.7258692383766174
Elapsed time: 47.600157737731934
