

config:

HOME=/clusterFS/home/student/kopp13
PATH=/clusterFS/home/student/kopp13/miniconda3/envs/tensorflow/bin:/clusterFS/home/student/kopp13/miniconda3/bin:/clusterFS/home/student/kopp13/bin:/usr/local/bin:/usr/bin:/bin:/usr/local/games:/usr/games
LD_LIBRARY_PATH=
THEANO_FLAGS=floatX=float32,gpuarray.preallocate=0.9,dnn.library_path=/usr/lib/x86_64-linux-gnu,cxx=clang++-3.8,device=cuda,base_compiledir=/tmp/tmp.ZWU17dpdMu
Pretrained network accuracy: 1.0
NN CONFIG
Weight-type:		binary
Layout									Layer #1: 30	Layer #2: 20	Layer #3: 2	
Activation Functions					Layer #1: bs	
Keep probabilities		Layer #0: 0.9	Layer #1: 1.0	
Flat factors							Layer #1: 1.0	Layer #2: 1.0	
Activation Noise						Layer #1: 0.0	Layer #2: 0.0	
Prior: 0.9

===================================

RUN CONFIG
Gibbs  Epochs: 0, Blocksize: 8

===================================

Gibbs Ensemble | Burn In: 30, Thinning: 3
GA Init Pop | Burn In: 100, Thinning: 10
Recombination Method: io_neuron, N_Neurons: 5, Layer-Wise: True
Gen Per Layer: 10, Layer Mutation: 0.03
Max GA Generations: 100, Population Size: 500, Fit_Individuals: 100, N_Recombinations: 250
GA Ensemble | Burn In: 100, Thinning: 10
Epoch: 0, AccTr: 0.947236180305481, AccVa: 0.9473684430122375, CeTr: 0.2418222725391388, CeVa: 0.4580727815628052
Starting genetic algorithm
ga init pop len: 0
Generation: 0
TrAcc: 0.36969849467277527 +- 0.06419981271028519	TrCE: 3.8479108810424805 +- 0.7310838103294373
VaAcc: 0.40166112780570984 +- 0.08029048889875412	Va_CE: 3.4024665355682373 +- 0.7482194304466248
Ancestors: 0.0 +- 0.0
pop len 500
Best Individual | TrAcc: 0.5175879597663879, TrCE: 1.9488799571990967, VaAcc: 0.5614035129547119, VaCE: 1.7769912481307983
Generation: 1
TrAcc: 0.455602765083313 +- 0.05558191239833832	TrCE: 2.901726245880127 +- 0.44325968623161316
VaAcc: 0.5054501891136169 +- 0.06843189895153046	Va_CE: 2.4848079681396484 +- 0.4424096643924713
Ancestors: 1.0 +- 0.0
pop len 500
Best Individual | TrAcc: 0.6457286477088928, TrCE: 1.2285382747650146, VaAcc: 0.6842105388641357, VaCE: 1.165893316268921
Generation: 2
TrAcc: 0.5150052309036255 +- 0.069062240421772	TrCE: 2.338575839996338 +- 0.44045472145080566
VaAcc: 0.5640936493873596 +- 0.07246091961860657	Va_CE: 2.00488543510437 +- 0.43227455019950867
Ancestors: 2.0 +- 0.0
pop len 500
Best Individual | TrAcc: 0.7512562870979309, TrCE: 0.9661902785301208, VaAcc: 0.8011695742607117, VaCE: 0.8474876880645752
Generation: 3
TrAcc: 0.5931862592697144 +- 0.07448381185531616	TrCE: 1.780224323272705 +- 0.38986364006996155
VaAcc: 0.6406896114349365 +- 0.07979629933834076	Va_CE: 1.502443790435791 +- 0.39105966687202454
Ancestors: 3.0 +- 0.0
pop len 500
Best Individual | TrAcc: 0.7587939500808716, TrCE: 0.912127673625946, VaAcc: 0.8245614171028137, VaCE: 0.5709007382392883
Generation: 4
TrAcc: 0.6752668023109436 +- 0.06523381918668747	TrCE: 1.3427214622497559 +- 0.28234922885894775
VaAcc: 0.7197190523147583 +- 0.07063081860542297	Va_CE: 1.120269536972046 +- 0.30498430132865906
Ancestors: 4.0 +- 0.0
pop len 500
Best Individual | TrAcc: 0.8266331553459167, TrCE: 0.6482848525047302, VaAcc: 0.9064327478408813, VaCE: 0.48187416791915894
Generation: 5
TrAcc: 0.7472411394119263 +- 0.06038310378789902	TrCE: 1.0264161825180054 +- 0.2225365787744522
VaAcc: 0.7902913689613342 +- 0.06409008800983429	Va_CE: 0.841105043888092 +- 0.23966652154922485
Ancestors: 5.0 +- 0.0
pop len 500
Best Individual | TrAcc: 0.8793969750404358, TrCE: 0.5526860952377319, VaAcc: 0.9356725215911865, VaCE: 0.36683622002601624
Generation: 6
TrAcc: 0.8055518269538879 +- 0.046888865530490875	TrCE: 0.7948224544525146 +- 0.15770013630390167
VaAcc: 0.8473320603370667 +- 0.05062948912382126	Va_CE: 0.6350586414337158 +- 0.17817039787769318
Ancestors: 6.0 +- 0.0
pop len 500
Best Individual | TrAcc: 0.8969849348068237, TrCE: 0.4527784287929535, VaAcc: 0.9356725215911865, VaCE: 0.32145872712135315
Generation: 7
TrAcc: 0.8524309396743774 +- 0.029245642945170403	TrCE: 0.6280591487884521 +- 0.10331597179174423
VaAcc: 0.8896826505661011 +- 0.032453492283821106	Va_CE: 0.4996141195297241 +- 0.1282176971435547
Ancestors: 7.0 +- 0.0
pop len 500
Best Individual | TrAcc: 0.9221105575561523, TrCE: 0.358003169298172, VaAcc: 0.9239766001701355, VaCE: 0.4184771478176117
Generation: 8
TrAcc: 0.8765161037445068 +- 0.02482694946229458	TrCE: 0.5209322571754456 +- 0.08135180175304413
VaAcc: 0.9067009687423706 +- 0.02686234377324581	Va_CE: 0.4500524401664734 +- 0.11324310302734375
Ancestors: 8.0 +- 0.0
pop len 500
Best Individual | TrAcc: 0.9346733689308167, TrCE: 0.3077629804611206, VaAcc: 0.9298245906829834, VaCE: 0.31942325830459595
Generation: 9
TrAcc: 0.8982150554656982 +- 0.020112108439207077	TrCE: 0.43759655952453613 +- 0.05987471342086792
VaAcc: 0.9188408255577087 +- 0.022475531324744225	Va_CE: 0.40981152653694153 +- 0.09685040265321732
Ancestors: 9.0 +- 0.0
pop len 500
Best Individual | TrAcc: 0.9371859431266785, TrCE: 0.27248886227607727, VaAcc: 0.9356725215911865, VaCE: 0.32430320978164673
current_layer 1
Generation: 10
TrAcc: 0.8650246262550354 +- 0.038156040012836456	TrCE: 0.4820506274700165 +- 0.11870228499174118
VaAcc: 0.867518961429596 +- 0.04595844820141792	Va_CE: 0.5229499340057373 +- 0.12900342047214508
Ancestors: 10.0 +- 0.0
pop len 500
Best Individual | TrAcc: 0.8793969750404358, TrCE: 0.3213014304637909, VaAcc: 0.859649121761322, VaCE: 0.41255223751068115
Generation: 11
TrAcc: 0.8835265040397644 +- 0.016658341512084007	TrCE: 0.3816103935241699 +- 0.03178349882364273
VaAcc: 0.8874377012252808 +- 0.017561880871653557	Va_CE: 0.4200593829154968 +- 0.05350831523537636
Ancestors: 11.0 +- 0.0
pop len 500
Best Individual | TrAcc: 0.9045225977897644, TrCE: 0.3034780025482178, VaAcc: 0.8947368264198303, VaCE: 0.4147159159183502
Generation: 12
TrAcc: 0.8931452631950378 +- 0.01974581740796566	TrCE: 0.3548212945461273 +- 0.026400426402688026
VaAcc: 0.8956945538520813 +- 0.018052196130156517	Va_CE: 0.39733612537384033 +- 0.049456339329481125
Ancestors: 12.0 +- 0.0
pop len 500
Best Individual | TrAcc: 0.9221105575561523, TrCE: 0.26470062136650085, VaAcc: 0.8947368264198303, VaCE: 0.43068182468414307
Generation: 13
TrAcc: 0.9135417938232422 +- 0.016042273491621017	TrCE: 0.3336457312107086 +- 0.031227711588144302
VaAcc: 0.907366931438446 +- 0.01801549643278122	Va_CE: 0.37169504165649414 +- 0.057937558740377426
Ancestors: 13.0 +- 0.0
pop len 500
Best Individual | TrAcc: 0.9221105575561523, TrCE: 0.26470062136650085, VaAcc: 0.8947368264198303, VaCE: 0.43068182468414307
Generation: 14
TrAcc: 0.9095773100852966 +- 0.02104802243411541	TrCE: 0.32529112696647644 +- 0.04047621414065361
VaAcc: 0.9123731255531311 +- 0.022048983722925186	Va_CE: 0.35508298873901367 +- 0.0605328232049942
Ancestors: 14.0 +- 0.0
pop len 500
Best Individual | TrAcc: 0.9221105575561523, TrCE: 0.26470062136650085, VaAcc: 0.8947368264198303, VaCE: 0.43068182468414307
Generation: 15
TrAcc: 0.9024851322174072 +- 0.017338847741484642	TrCE: 0.31358692049980164 +- 0.045307207852602005
VaAcc: 0.8990638852119446 +- 0.016709603369235992	Va_CE: 0.3864457607269287 +- 0.06882905960083008
Ancestors: 15.0 +- 0.0
pop len 500
Best Individual | TrAcc: 0.927135705947876, TrCE: 0.2587473690509796, VaAcc: 0.9122806787490845, VaCE: 0.39402440190315247
Generation: 16
TrAcc: 0.9133917689323425 +- 0.020861998200416565	TrCE: 0.3147692382335663 +- 0.07577809691429138
VaAcc: 0.9002930521965027 +- 0.020876076072454453	Va_CE: 0.4189903140068054 +- 0.08296914398670197
Ancestors: 16.0 +- 0.0
pop len 500
Best Individual | TrAcc: 0.8793969750404358, TrCE: 0.25848785042762756, VaAcc: 0.871345043182373, VaCE: 0.32399991154670715
Generation: 17
TrAcc: 0.9198408126831055 +- 0.010054904967546463	TrCE: 0.2692681849002838 +- 0.02710997499525547
VaAcc: 0.8941766619682312 +- 0.006327632814645767	Va_CE: 0.4301057457923889 +- 0.03281373903155327
Ancestors: 17.0 +- 0.0
pop len 500
Best Individual | TrAcc: 0.8793969750404358, TrCE: 0.25848785042762756, VaAcc: 0.871345043182373, VaCE: 0.32399991154670715
Generation: 18
TrAcc: 0.9151113629341125 +- 0.0174713097512722	TrCE: 0.27919483184814453 +- 0.04952060058712959
VaAcc: 0.8933457136154175 +- 0.011744556948542595	Va_CE: 0.4286787807941437 +- 0.06118696182966232
Ancestors: 18.0 +- 0.0
pop len 500
Best Individual | TrAcc: 0.8793969750404358, TrCE: 0.25848785042762756, VaAcc: 0.871345043182373, VaCE: 0.32399991154670715
Generation: 19
TrAcc: 0.8987365365028381 +- 0.0349438413977623	TrCE: 0.2966192066669464 +- 0.07640145719051361
VaAcc: 0.8893334269523621 +- 0.029374120756983757	Va_CE: 0.3998790681362152 +- 0.08722424507141113
Ancestors: 19.0 +- 0.0
pop len 500
Best Individual | TrAcc: 0.8793969750404358, TrCE: 0.25848785042762756, VaAcc: 0.871345043182373, VaCE: 0.32399991154670715
current_layer 0
Generation: 20
TrAcc: 0.8447077870368958 +- 0.040393419563770294	TrCE: 0.356917142868042 +- 0.07908836007118225
VaAcc: 0.8459987640380859 +- 0.04560142010450363	Va_CE: 0.3882143795490265 +- 0.0901237279176712
Ancestors: 20.0 +- 0.0
pop len 500
Best Individual | TrAcc: 0.8994975090026855, TrCE: 0.20752650499343872, VaAcc: 0.9239766001701355, VaCE: 0.25715258717536926
Generation: 21
TrAcc: 0.8832549452781677 +- 0.01890086568892002	TrCE: 0.27248185873031616 +- 0.02723877690732479
VaAcc: 0.8853903412818909 +- 0.02484685368835926	Va_CE: 0.32232388854026794 +- 0.05555266886949539
Ancestors: 21.0 +- 0.0
pop len 500
Best Individual | TrAcc: 0.909547746181488, TrCE: 0.1936102658510208, VaAcc: 0.9181286692619324, VaCE: 0.2991025745868683
Generation: 22
TrAcc: 0.8970836997032166 +- 0.013725670985877514	TrCE: 0.2422259896993637 +- 0.021835511550307274
VaAcc: 0.8999400734901428 +- 0.019946498796343803	Va_CE: 0.3058384656906128 +- 0.05059749633073807
Ancestors: 22.0 +- 0.0
pop len 500
Best Individual | TrAcc: 0.9195979833602905, TrCE: 0.17426232993602753, VaAcc: 0.9239766001701355, VaCE: 0.28969109058380127
Generation: 23
TrAcc: 0.9061843156814575 +- 0.012791816145181656	TrCE: 0.21884235739707947 +- 0.021022872999310493
VaAcc: 0.9121972322463989 +- 0.019621433690190315	Va_CE: 0.29292646050453186 +- 0.04744451120495796
Ancestors: 23.0 +- 0.0
pop len 500
Best Individual | TrAcc: 0.9321607947349548, TrCE: 0.16216202080249786, VaAcc: 0.9356725215911865, VaCE: 0.29124340415000916
Generation: 24
TrAcc: 0.9145364761352539 +- 0.011536414735019207	TrCE: 0.1950336992740631 +- 0.016925694420933723
VaAcc: 0.9251672029495239 +- 0.013287060894072056	Va_CE: 0.275373637676239 +- 0.03518819808959961
Ancestors: 24.0 +- 0.0
pop len 500
Best Individual | TrAcc: 0.929648220539093, TrCE: 0.1433144509792328, VaAcc: 0.9298245906829834, VaCE: 0.2753075361251831
Generation: 25
TrAcc: 0.9223706722259521 +- 0.01085973996669054	TrCE: 0.1780315786600113 +- 0.015317568555474281
VaAcc: 0.9319981336593628 +- 0.010158632881939411	Va_CE: 0.2720955014228821 +- 0.0377030186355114
Ancestors: 25.0 +- 0.0
pop len 500
Best Individual | TrAcc: 0.9321607947349548, TrCE: 0.1318591684103012, VaAcc: 0.9298245906829834, VaCE: 0.2934859097003937
Generation: 26
TrAcc: 0.9317273497581482 +- 0.01033099740743637	TrCE: 0.16124461591243744 +- 0.015425657853484154
VaAcc: 0.9365244507789612 +- 0.010809527710080147	Va_CE: 0.26478615403175354 +- 0.036093756556510925
Ancestors: 26.0 +- 0.0
pop len 500
Best Individual | TrAcc: 0.9522613286972046, TrCE: 0.11750488728284836, VaAcc: 0.9356725215911865, VaCE: 0.2925403118133545
Generation: 27
TrAcc: 0.9395814538002014 +- 0.008246365003287792	TrCE: 0.14480450749397278 +- 0.01275350246578455
VaAcc: 0.9402322769165039 +- 0.008577967062592506	Va_CE: 0.26314210891723633 +- 0.032660115510225296
Ancestors: 27.0 +- 0.0
pop len 500
Best Individual | TrAcc: 0.9497487545013428, TrCE: 0.10841041803359985, VaAcc: 0.9473684430122375, VaCE: 0.2426479607820511
Generation: 28
TrAcc: 0.9440996050834656 +- 0.007725672796368599	TrCE: 0.13375867903232574 +- 0.013065459206700325
VaAcc: 0.9416943788528442 +- 0.008468626998364925	Va_CE: 0.2650727331638336 +- 0.0327785462141037
Ancestors: 28.0 +- 0.0
pop len 500
Best Individual | TrAcc: 0.9597989916801453, TrCE: 0.09062473475933075, VaAcc: 0.9356725215911865, VaCE: 0.2138044387102127
Generation: 29
TrAcc: 0.9493253827095032 +- 0.005838544573634863	TrCE: 0.12156938761472702 +- 0.01184044685214758
VaAcc: 0.9423612356185913 +- 0.008481074124574661	Va_CE: 0.2551441788673401 +- 0.03505250811576843
Ancestors: 29.0 +- 0.0
pop len 500
Best Individual | TrAcc: 0.9648241400718689, TrCE: 0.08960205316543579, VaAcc: 0.9356725215911865, VaCE: 0.2939026355743408
current_layer 1
Generation: 30
TrAcc: 0.9438382387161255 +- 0.030497195199131966	TrCE: 0.1651376634836197 +- 0.08041737973690033
VaAcc: 0.9272478818893433 +- 0.02724570967257023	Va_CE: 0.3369065523147583 +- 0.0723462924361229
Ancestors: 30.0 +- 0.0
pop len 500
Best Individual | TrAcc: 0.9773869514465332, TrCE: 0.10327617079019547, VaAcc: 0.9473684430122375, VaCE: 0.27497220039367676
Generation: 31
TrAcc: 0.9551348090171814 +- 0.0028373885434120893	TrCE: 0.10563662648200989 +- 0.0003010537475347519
VaAcc: 0.9300987124443054 +- 0.0022013240959495306	Va_CE: 0.3091968297958374 +- 0.0043640658259391785
Ancestors: 31.0 +- 0.0
pop len 500
Best Individual | TrAcc: 0.9773869514465332, TrCE: 0.10327617079019547, VaAcc: 0.9473684430122375, VaCE: 0.27497220039367676
Generation: 32
TrAcc: 0.9567177891731262 +- 0.006339921150356531	TrCE: 0.10546866804361343 +- 0.0006726782885380089
VaAcc: 0.9313269257545471 +- 0.004918660502880812	Va_CE: 0.3067621886730194 +- 0.009751138277351856
Ancestors: 32.0 +- 0.0
pop len 500
Best Individual | TrAcc: 0.9773869514465332, TrCE: 0.10327617079019547, VaAcc: 0.9473684430122375, VaCE: 0.27497220039367676
Generation: 33
TrAcc: 0.9650847911834717 +- 0.011262703686952591	TrCE: 0.10458087921142578 +- 0.0011949994368478656
VaAcc: 0.9378187656402588 +- 0.008737903088331223	Va_CE: 0.29389315843582153 +- 0.017322644591331482
Ancestors: 33.0 +- 0.0
pop len 500
Best Individual | TrAcc: 0.9773869514465332, TrCE: 0.10327617079019547, VaAcc: 0.9473684430122375, VaCE: 0.27497220039367676
Generation: 34
TrAcc: 0.9773865342140198 +- 4.172325134277344e-07	TrCE: 0.1032755896449089 +- 5.811452865600586e-07
VaAcc: 0.9473639130592346 +- 4.5299530029296875e-06	Va_CE: 0.2749719023704529 +- 2.980232238769531e-07
Ancestors: 34.0 +- 0.0
pop len 500
Best Individual | TrAcc: 0.9773869514465332, TrCE: 0.10327617079019547, VaAcc: 0.9473684430122375, VaCE: 0.27497220039367676
Generation: 35
TrAcc: 0.9773865342140198 +- 4.172325134277344e-07	TrCE: 0.1032755896449089 +- 5.811452865600586e-07
VaAcc: 0.9473639130592346 +- 4.5299530029296875e-06	Va_CE: 0.2749719023704529 +- 2.980232238769531e-07
Ancestors: 35.0 +- 0.0
pop len 500
Best Individual | TrAcc: 0.9773869514465332, TrCE: 0.10327617079019547, VaAcc: 0.9473684430122375, VaCE: 0.27497220039367676
Generation: 36
TrAcc: 0.9773865342140198 +- 4.172325134277344e-07	TrCE: 0.1032755896449089 +- 5.811452865600586e-07
VaAcc: 0.9473639130592346 +- 4.5299530029296875e-06	Va_CE: 0.2749719023704529 +- 2.980232238769531e-07
Ancestors: 36.0 +- 0.0
pop len 500
Best Individual | TrAcc: 0.9773869514465332, TrCE: 0.10327617079019547, VaAcc: 0.9473684430122375, VaCE: 0.27497220039367676
Generation: 37
TrAcc: 0.9773865342140198 +- 4.172325134277344e-07	TrCE: 0.1032755896449089 +- 5.811452865600586e-07
VaAcc: 0.9473639130592346 +- 4.5299530029296875e-06	Va_CE: 0.2749719023704529 +- 2.980232238769531e-07
Ancestors: 37.0 +- 0.0
pop len 500
Best Individual | TrAcc: 0.9773869514465332, TrCE: 0.10327617079019547, VaAcc: 0.9473684430122375, VaCE: 0.27497220039367676
Generation: 38
TrAcc: 0.9773865342140198 +- 4.172325134277344e-07	TrCE: 0.1032755896449089 +- 5.811452865600586e-07
VaAcc: 0.9473639130592346 +- 4.5299530029296875e-06	Va_CE: 0.2749719023704529 +- 2.980232238769531e-07
Ancestors: 38.0 +- 0.0
pop len 500
Best Individual | TrAcc: 0.9773869514465332, TrCE: 0.10327617079019547, VaAcc: 0.9473684430122375, VaCE: 0.27497220039367676
Generation: 39
TrAcc: 0.9773865342140198 +- 4.172325134277344e-07	TrCE: 0.1032755896449089 +- 5.811452865600586e-07
VaAcc: 0.9473639130592346 +- 4.5299530029296875e-06	Va_CE: 0.2749719023704529 +- 2.980232238769531e-07
Ancestors: 39.0 +- 0.0
pop len 500
Best Individual | TrAcc: 0.9773869514465332, TrCE: 0.10327617079019547, VaAcc: 0.9473684430122375, VaCE: 0.27497220039367676
current_layer 0
Generation: 40
TrAcc: 0.9468382596969604 +- 0.022146064788103104	TrCE: 0.19543345272541046 +- 0.051796767860651016
VaAcc: 0.9444898962974548 +- 0.016017338261008263	Va_CE: 0.26103755831718445 +- 0.05062131583690643
Ancestors: 40.0 +- 0.0
pop len 500
Best Individual | TrAcc: 0.9824120402336121, TrCE: 0.08796913176774979, VaAcc: 0.9532163739204407, VaCE: 0.2541237473487854
Generation: 41
TrAcc: 0.9669238328933716 +- 0.011992348358035088	TrCE: 0.13214635848999023 +- 0.01982339471578598
VaAcc: 0.9489226937294006 +- 0.010459888726472855	Va_CE: 0.25775909423828125 +- 0.040305279195308685
Ancestors: 41.0 +- 0.0
pop len 500
Best Individual | TrAcc: 0.9824120402336121, TrCE: 0.08796913176774979, VaAcc: 0.9532163739204407, VaCE: 0.2541237473487854
Generation: 42
TrAcc: 0.9734870195388794 +- 0.009898140095174313	TrCE: 0.1070336103439331 +- 0.008493389002978802
VaAcc: 0.9511100053787231 +- 0.009033900685608387	Va_CE: 0.25283145904541016 +- 0.034115441143512726
Ancestors: 42.0 +- 0.0
pop len 500
Best Individual | TrAcc: 0.9849246144294739, TrCE: 0.08168405294418335, VaAcc: 0.9590643048286438, VaCE: 0.2230105996131897
Generation: 43
TrAcc: 0.9738282561302185 +- 0.012429195456206799	TrCE: 0.09981539845466614 +- 0.008242525160312653
VaAcc: 0.9521284103393555 +- 0.009895681403577328	Va_CE: 0.24472585320472717 +- 0.030965639278292656
Ancestors: 43.0 +- 0.0
pop len 500
Best Individual | TrAcc: 0.9874371886253357, TrCE: 0.07109961658716202, VaAcc: 0.9473684430122375, VaCE: 0.23061083257198334
Generation: 44
TrAcc: 0.9781507849693298 +- 0.008846072480082512	TrCE: 0.09140010178089142 +- 0.008038632571697235
VaAcc: 0.9541987776756287 +- 0.008384783752262592	Va_CE: 0.2419176548719406 +- 0.029570989310741425
Ancestors: 44.0 +- 0.0
pop len 500
Best Individual | TrAcc: 0.9874371886253357, TrCE: 0.06668133288621902, VaAcc: 0.9649122953414917, VaCE: 0.17627163231372833
Generation: 45
TrAcc: 0.9805178046226501 +- 0.008786589838564396	TrCE: 0.08531573414802551 +- 0.00955203827470541
VaAcc: 0.9528406262397766 +- 0.007975330576300621	Va_CE: 0.24732711911201477 +- 0.032108571380376816
Ancestors: 45.0 +- 0.0
pop len 500
Best Individual | TrAcc: 0.9874371886253357, TrCE: 0.0646810382604599, VaAcc: 0.9590643048286438, VaCE: 0.19894543290138245
Generation: 46
TrAcc: 0.9834719300270081 +- 0.006619019899517298	TrCE: 0.07764709740877151 +- 0.008368323557078838
VaAcc: 0.9531209468841553 +- 0.008219953626394272	Va_CE: 0.23964396119117737 +- 0.03364788740873337
Ancestors: 46.0 +- 0.0
pop len 500
Best Individual | TrAcc: 0.9874371886253357, TrCE: 0.0646810308098793, VaAcc: 0.9590643048286438, VaCE: 0.19894544780254364
Generation: 47
TrAcc: 0.9854604601860046 +- 0.005451865494251251	TrCE: 0.07232344895601273 +- 0.007325287908315659
VaAcc: 0.9526762366294861 +- 0.0069871037267148495	Va_CE: 0.240175262093544 +- 0.03145381435751915
Ancestors: 47.0 +- 0.0
pop len 500
Best Individual | TrAcc: 0.9899497628211975, TrCE: 0.060756050050258636, VaAcc: 0.9590643048286438, VaCE: 0.2136411815881729
Generation: 48
TrAcc: 0.9869734048843384 +- 0.002884690649807453	TrCE: 0.06864673644304276 +- 0.006840209010988474
VaAcc: 0.9562912583351135 +- 0.0066402447409927845	Va_CE: 0.22860538959503174 +- 0.04007163271307945
Ancestors: 48.0 +- 0.0
pop len 500
Best Individual | TrAcc: 0.9899497628211975, TrCE: 0.05967175215482712, VaAcc: 0.9532163739204407, VaCE: 0.2430683821439743
Generation: 49
TrAcc: 0.9875857830047607 +- 0.0017342224018648267	TrCE: 0.06487445533275604 +- 0.003647827310487628
VaAcc: 0.959324300289154 +- 0.0034401838202029467	Va_CE: 0.20299075543880463 +- 0.01594144105911255
Ancestors: 49.0 +- 0.0
pop len 500
Best Individual | TrAcc: 0.9899497628211975, TrCE: 0.05967175215482712, VaAcc: 0.9532163739204407, VaCE: 0.2430683821439743
current_layer 1
Generation: 50
TrAcc: 0.9566689729690552 +- 0.03986334055662155	TrCE: 0.1253652721643448 +- 0.086955726146698
VaAcc: 0.9399885535240173 +- 0.032571226358413696	Va_CE: 0.24693574011325836 +- 0.08504677563905716
Ancestors: 50.0 +- 0.0
pop len 500
Best Individual | TrAcc: 0.9899497628211975, TrCE: 0.060756050050258636, VaAcc: 0.9590643048286438, VaCE: 0.2136411815881729
Generation: 51
TrAcc: 0.9895915985107422 +- 0.003305941354483366	TrCE: 0.06123241409659386 +- 0.004519378766417503
VaAcc: 0.9587758779525757 +- 0.0027892878279089928	Va_CE: 0.2142760157585144 +- 0.0075504835695028305
Ancestors: 51.0 +- 0.0
pop len 500
Best Individual | TrAcc: 0.9899497628211975, TrCE: 0.060756050050258636, VaAcc: 0.9590643048286438, VaCE: 0.2136411815881729
Generation: 52
TrAcc: 0.9890286326408386 +- 0.005477490369230509	TrCE: 0.06213383749127388 +- 0.008357623592019081
VaAcc: 0.958530068397522 +- 0.00320058292709291	Va_CE: 0.2141464650630951 +- 0.005493639502674341
Ancestors: 52.0 +- 0.0
pop len 500
Best Individual | TrAcc: 0.9899497628211975, TrCE: 0.060756050050258636, VaAcc: 0.9590643048286438, VaCE: 0.2136411815881729
Generation: 53
TrAcc: 0.989631712436676 +- 0.0032211930956691504	TrCE: 0.06121813505887985 +- 0.004773503635078669
VaAcc: 0.958869457244873 +- 0.0019989737775176764	Va_CE: 0.2138909250497818 +- 0.00389278051443398
Ancestors: 53.0 +- 0.0
pop len 500
Best Individual | TrAcc: 0.9899497628211975, TrCE: 0.060756050050258636, VaAcc: 0.9590643048286438, VaCE: 0.2136411815881729
Generation: 54
TrAcc: 0.9899534583091736 +- 3.6954879760742188e-06	TrCE: 0.06075628101825714 +- 2.3096799850463867e-07
VaAcc: 0.9590682983398438 +- 3.993511199951172e-06	Va_CE: 0.21364043653011322 +- 7.450580596923828e-07
Ancestors: 54.0 +- 0.0
pop len 500
Best Individual | TrAcc: 0.9899497628211975, TrCE: 0.060756050050258636, VaAcc: 0.9590643048286438, VaCE: 0.2136411815881729
Generation: 55
TrAcc: 0.9899534583091736 +- 3.6954879760742188e-06	TrCE: 0.06075628101825714 +- 2.3096799850463867e-07
VaAcc: 0.9590682983398438 +- 3.993511199951172e-06	Va_CE: 0.21364043653011322 +- 7.450580596923828e-07
Ancestors: 55.0 +- 0.0
pop len 500
Best Individual | TrAcc: 0.9899497628211975, TrCE: 0.060756050050258636, VaAcc: 0.9590643048286438, VaCE: 0.2136411815881729
Generation: 56
TrAcc: 0.9899534583091736 +- 3.6954879760742188e-06	TrCE: 0.06075628101825714 +- 2.3096799850463867e-07
VaAcc: 0.9590682983398438 +- 3.993511199951172e-06	Va_CE: 0.21364043653011322 +- 7.450580596923828e-07
Ancestors: 56.0 +- 0.0
pop len 500
Best Individual | TrAcc: 0.9899497628211975, TrCE: 0.060756050050258636, VaAcc: 0.9590643048286438, VaCE: 0.2136411815881729
Generation: 57
TrAcc: 0.9899534583091736 +- 3.6954879760742188e-06	TrCE: 0.06075628101825714 +- 2.3096799850463867e-07
VaAcc: 0.9590682983398438 +- 3.993511199951172e-06	Va_CE: 0.21364043653011322 +- 7.450580596923828e-07
Ancestors: 57.0 +- 0.0
pop len 500
Best Individual | TrAcc: 0.9899497628211975, TrCE: 0.060756050050258636, VaAcc: 0.9590643048286438, VaCE: 0.2136411815881729
Generation: 58
TrAcc: 0.9899534583091736 +- 3.6954879760742188e-06	TrCE: 0.06075628101825714 +- 2.3096799850463867e-07
VaAcc: 0.9590682983398438 +- 3.993511199951172e-06	Va_CE: 0.21364043653011322 +- 7.450580596923828e-07
Ancestors: 58.0 +- 0.0
pop len 500
Best Individual | TrAcc: 0.9899497628211975, TrCE: 0.060756050050258636, VaAcc: 0.9590643048286438, VaCE: 0.2136411815881729
Generation: 59
TrAcc: 0.9899534583091736 +- 3.6954879760742188e-06	TrCE: 0.06075628101825714 +- 2.3096799850463867e-07
VaAcc: 0.9590682983398438 +- 3.993511199951172e-06	Va_CE: 0.21364043653011322 +- 7.450580596923828e-07
Ancestors: 59.0 +- 0.0
pop len 500
Best Individual | TrAcc: 0.9899497628211975, TrCE: 0.060756050050258636, VaAcc: 0.9590643048286438, VaCE: 0.2136411815881729
current_layer 0
Generation: 60
TrAcc: 0.9579238891601562 +- 0.017478037625551224	TrCE: 0.1609576791524887 +- 0.05467434227466583
VaAcc: 0.953893780708313 +- 0.013562384061515331	Va_CE: 0.22351093590259552 +- 0.05333670228719711
Ancestors: 60.0 +- 0.0
pop len 500
Best Individual | TrAcc: 0.9874371886253357, TrCE: 0.06896988302469254, VaAcc: 0.9590643048286438, VaCE: 0.20956897735595703
Generation: 61
TrAcc: 0.9760649800300598 +- 0.007464181631803513	TrCE: 0.1011645644903183 +- 0.020378729328513145
VaAcc: 0.957871675491333 +- 0.007467048708349466	Va_CE: 0.21766851842403412 +- 0.03949078544974327
Ancestors: 61.0 +- 0.0
pop len 500
Best Individual | TrAcc: 0.9899497628211975, TrCE: 0.060756050050258636, VaAcc: 0.9590643048286438, VaCE: 0.2136411815881729
Generation: 62
TrAcc: 0.9842103719711304 +- 0.0044461325742304325	TrCE: 0.07621188461780548 +- 0.01032524835318327
VaAcc: 0.957194447517395 +- 0.0048421467654407024	Va_CE: 0.2199181467294693 +- 0.025929667055606842
Ancestors: 62.0 +- 0.0
pop len 500
Best Individual | TrAcc: 0.9924623370170593, TrCE: 0.05665839836001396, VaAcc: 0.9590643048286438, VaCE: 0.1894388198852539
Generation: 63
TrAcc: 0.9885934591293335 +- 0.0022139146458357573	TrCE: 0.06378238648176193 +- 0.004473257809877396
VaAcc: 0.9584705829620361 +- 0.0026644852478057146	Va_CE: 0.21716678142547607 +- 0.009156701155006886
Ancestors: 63.0 +- 0.0
pop len 500
Best Individual | TrAcc: 0.9924623370170593, TrCE: 0.05665839836001396, VaAcc: 0.9590643048286438, VaCE: 0.1894388198852539
Generation: 64
TrAcc: 0.9900286793708801 +- 0.0006210788269527256	TrCE: 0.06052305921912193 +- 0.0009927318897098303
VaAcc: 0.9590566158294678 +- 0.00026129515026696026	Va_CE: 0.21287359297275543 +- 0.006075709592550993
Ancestors: 64.0 +- 0.0
pop len 500
Best Individual | TrAcc: 0.9924623370170593, TrCE: 0.05665839463472366, VaAcc: 0.9590643048286438, VaCE: 0.1894388198852539
Generation: 65
TrAcc: 0.9902082681655884 +- 0.0016197726363316178	TrCE: 0.0599420927464962 +- 0.0033142881002277136
VaAcc: 0.9589747786521912 +- 0.0007337771821767092	Va_CE: 0.2100587785243988 +- 0.012976178899407387
Ancestors: 65.0 +- 0.0
pop len 500
Best Individual | TrAcc: 0.9924623370170593, TrCE: 0.05482286587357521, VaAcc: 0.9590643048286438, VaCE: 0.17822813987731934
Generation: 66
TrAcc: 0.9923818111419678 +- 0.0007237635436467826	TrCE: 0.05686693266034126 +- 0.001959821442142129
VaAcc: 0.9590682983398438 +- 3.993511199951172e-06	Va_CE: 0.18951454758644104 +- 0.0025417148135602474
Ancestors: 66.0 +- 0.0
pop len 500
Best Individual | TrAcc: 0.9924623370170593, TrCE: 0.054822854697704315, VaAcc: 0.9590643048286438, VaCE: 0.17822812497615814
Generation: 67
TrAcc: 0.9924622178077698 +- 1.1920928955078125e-07	TrCE: 0.056537091732025146 +- 0.0004557328938972205
VaAcc: 0.9590682983398438 +- 3.993511199951172e-06	Va_CE: 0.18869821727275848 +- 0.0027834204956889153
Ancestors: 67.0 +- 0.0
pop len 500
Best Individual | TrAcc: 0.9924623370170593, TrCE: 0.05482285097241402, VaAcc: 0.9590643048286438, VaCE: 0.17822812497615814
Generation: 68
TrAcc: 0.9924622178077698 +- 1.1920928955078125e-07	TrCE: 0.05603787675499916 +- 0.000868265749886632
VaAcc: 0.9590682983398438 +- 3.993511199951172e-06	Va_CE: 0.18564912676811218 +- 0.005302984267473221
Ancestors: 68.0 +- 0.0
pop len 500
Best Individual | TrAcc: 0.9924623370170593, TrCE: 0.05482285097241402, VaAcc: 0.9590643048286438, VaCE: 0.17822811007499695
Generation: 69
TrAcc: 0.9924622178077698 +- 1.1920928955078125e-07	TrCE: 0.05482291430234909 +- 5.994060359171272e-08
VaAcc: 0.9590682983398438 +- 3.993511199951172e-06	Va_CE: 0.1782281994819641 +- 7.626425713169738e-08
Ancestors: 69.0 +- 0.0
pop len 500
Best Individual | TrAcc: 0.9924623370170593, TrCE: 0.05482285097241402, VaAcc: 0.9590643048286438, VaCE: 0.17822812497615814
current_layer 1
Generation: 70
TrAcc: 0.9611701369285583 +- 0.035037435591220856	TrCE: 0.11502399295568466 +- 0.07459506392478943
VaAcc: 0.94307541847229 +- 0.026595795527100563	Va_CE: 0.21391691267490387 +- 0.06775963306427002
Ancestors: 70.0 +- 0.0
pop len 500
Best Individual | TrAcc: 0.9924623370170593, TrCE: 0.05482285097241402, VaAcc: 0.9590643048286438, VaCE: 0.17822811007499695
Generation: 71
TrAcc: 0.9924622178077698 +- 1.1920928955078125e-07	TrCE: 0.05482291430234909 +- 6.332993507385254e-08
VaAcc: 0.9590682983398438 +- 3.993511199951172e-06	Va_CE: 0.1782281994819641 +- 8.940696716308594e-08
Ancestors: 71.0 +- 0.0
pop len 500
Best Individual | TrAcc: 0.9924623370170593, TrCE: 0.05482285097241402, VaAcc: 0.9590643048286438, VaCE: 0.17822811007499695
Generation: 72
TrAcc: 0.9924622178077698 +- 1.1920928955078125e-07	TrCE: 0.05482291430234909 +- 6.332993507385254e-08
VaAcc: 0.9590682983398438 +- 3.993511199951172e-06	Va_CE: 0.1782281994819641 +- 8.940696716308594e-08
Ancestors: 72.0 +- 0.0
pop len 500
Best Individual | TrAcc: 0.9924623370170593, TrCE: 0.05482285097241402, VaAcc: 0.9590643048286438, VaCE: 0.17822811007499695
Generation: 73
TrAcc: 0.9924622178077698 +- 1.1920928955078125e-07	TrCE: 0.05482291430234909 +- 6.332993507385254e-08
VaAcc: 0.9590682983398438 +- 3.993511199951172e-06	Va_CE: 0.1782281994819641 +- 8.940696716308594e-08
Ancestors: 73.0 +- 0.0
pop len 500
Best Individual | TrAcc: 0.9924623370170593, TrCE: 0.05482285097241402, VaAcc: 0.9590643048286438, VaCE: 0.17822811007499695
Generation: 74
TrAcc: 0.9924622178077698 +- 1.1920928955078125e-07	TrCE: 0.05482291430234909 +- 6.332993507385254e-08
VaAcc: 0.9590682983398438 +- 3.993511199951172e-06	Va_CE: 0.1782281994819641 +- 8.940696716308594e-08
Ancestors: 74.0 +- 0.0
pop len 500
Best Individual | TrAcc: 0.9924623370170593, TrCE: 0.05482285097241402, VaAcc: 0.9590643048286438, VaCE: 0.17822811007499695
Generation: 75
TrAcc: 0.9924622178077698 +- 1.1920928955078125e-07	TrCE: 0.05482291430234909 +- 6.332993507385254e-08
VaAcc: 0.9590682983398438 +- 3.993511199951172e-06	Va_CE: 0.1782281994819641 +- 8.940696716308594e-08
Ancestors: 75.0 +- 0.0
pop len 500
Best Individual | TrAcc: 0.9924623370170593, TrCE: 0.05482285097241402, VaAcc: 0.9590643048286438, VaCE: 0.17822811007499695
Generation: 76
TrAcc: 0.9924622178077698 +- 1.1920928955078125e-07	TrCE: 0.05482291430234909 +- 6.332993507385254e-08
VaAcc: 0.9590682983398438 +- 3.993511199951172e-06	Va_CE: 0.1782281994819641 +- 8.940696716308594e-08
Ancestors: 76.0 +- 0.0
pop len 500
Best Individual | TrAcc: 0.9924623370170593, TrCE: 0.05482285097241402, VaAcc: 0.9590643048286438, VaCE: 0.17822811007499695
Generation: 77
TrAcc: 0.9924622178077698 +- 1.1920928955078125e-07	TrCE: 0.05482291430234909 +- 6.332993507385254e-08
VaAcc: 0.9590682983398438 +- 3.993511199951172e-06	Va_CE: 0.1782281994819641 +- 8.940696716308594e-08
Ancestors: 77.0 +- 0.0
pop len 500
Best Individual | TrAcc: 0.9924623370170593, TrCE: 0.05482285097241402, VaAcc: 0.9590643048286438, VaCE: 0.17822811007499695
Generation: 78
TrAcc: 0.9924622178077698 +- 1.1920928955078125e-07	TrCE: 0.05482291430234909 +- 6.332993507385254e-08
VaAcc: 0.9590682983398438 +- 3.993511199951172e-06	Va_CE: 0.1782281994819641 +- 8.940696716308594e-08
Ancestors: 78.0 +- 0.0
pop len 500
Best Individual | TrAcc: 0.9924623370170593, TrCE: 0.05482285097241402, VaAcc: 0.9590643048286438, VaCE: 0.17822811007499695
Generation: 79
TrAcc: 0.9924622178077698 +- 1.1920928955078125e-07	TrCE: 0.05482291430234909 +- 6.332993507385254e-08
VaAcc: 0.9590682983398438 +- 3.993511199951172e-06	Va_CE: 0.1782281994819641 +- 8.940696716308594e-08
Ancestors: 79.0 +- 0.0
pop len 500
Best Individual | TrAcc: 0.9924623370170593, TrCE: 0.05482285097241402, VaAcc: 0.9590643048286438, VaCE: 0.17822811007499695
current_layer 0
Generation: 80
TrAcc: 0.9560791850090027 +- 0.018832771107554436	TrCE: 0.1644114851951599 +- 0.058353882282972336
VaAcc: 0.954139769077301 +- 0.013377678580582142	Va_CE: 0.2057647556066513 +- 0.05093652755022049
Ancestors: 80.0 +- 0.0
pop len 500
Best Individual | TrAcc: 0.9924623370170593, TrCE: 0.05482285097241402, VaAcc: 0.9590643048286438, VaCE: 0.17822812497615814
Generation: 81
TrAcc: 0.974708080291748 +- 0.011461706832051277	TrCE: 0.09860704094171524 +- 0.022283116355538368
VaAcc: 0.9582810401916504 +- 0.008286863565444946	Va_CE: 0.1921912133693695 +- 0.03717390075325966
Ancestors: 81.0 +- 0.0
pop len 500
Best Individual | TrAcc: 0.9924623370170593, TrCE: 0.05482285097241402, VaAcc: 0.9590643048286438, VaCE: 0.17822812497615814
Generation: 82
TrAcc: 0.9859442114830017 +- 0.005090758670121431	TrCE: 0.06977706402540207 +- 0.010499904863536358
VaAcc: 0.9596618413925171 +- 0.004735021851956844	Va_CE: 0.1866576373577118 +- 0.024576090276241302
Ancestors: 82.0 +- 0.0
pop len 500
Best Individual | TrAcc: 0.9924623370170593, TrCE: 0.051085323095321655, VaAcc: 0.9532163739204407, VaCE: 0.1976836770772934
Generation: 83
TrAcc: 0.9918797612190247 +- 0.0011297560995444655	TrCE: 0.0554923415184021 +- 0.0015773044433444738
VaAcc: 0.9589044451713562 +- 0.0015161491464823484	Va_CE: 0.18151800334453583 +- 0.007351162377744913
Ancestors: 83.0 +- 0.0
pop len 500
Best Individual | TrAcc: 0.9924623370170593, TrCE: 0.05255931243300438, VaAcc: 0.9590643048286438, VaCE: 0.17970536649227142
Generation: 84
TrAcc: 0.992381751537323 +- 0.0010018089087679982	TrCE: 0.05486983060836792 +- 0.002499012043699622
VaAcc: 0.9590916633605957 +- 0.00036914105294272304	Va_CE: 0.1807781159877777 +- 0.005539680365473032
Ancestors: 84.0 +- 0.0
pop len 500
Best Individual | TrAcc: 0.9924623370170593, TrCE: 0.0524914413690567, VaAcc: 0.9590643048286438, VaCE: 0.19163163006305695
Generation: 85
TrAcc: 0.9920299053192139 +- 0.0021707394625991583	TrCE: 0.05527680739760399 +- 0.005507661961019039
VaAcc: 0.9591148495674133 +- 0.0009774435311555862	Va_CE: 0.18368500471115112 +- 0.008536013774573803
Ancestors: 85.0 +- 0.0
pop len 500
Best Individual | TrAcc: 0.9924623370170593, TrCE: 0.05155506357550621, VaAcc: 0.9590643048286438, VaCE: 0.17691287398338318
Generation: 86
TrAcc: 0.9918943047523499 +- 0.002638706238940358	TrCE: 0.05456829443573952 +- 0.007291994523257017
VaAcc: 0.9591147303581238 +- 0.0012257928028702736	Va_CE: 0.18008458614349365 +- 0.00689298938959837
Ancestors: 86.0 +- 0.0
pop len 500
Best Individual | TrAcc: 0.9924623370170593, TrCE: 0.050908830016851425, VaAcc: 0.9590643048286438, VaCE: 0.1756812334060669
Generation: 87
TrAcc: 0.9914320111274719 +- 0.003537194337695837	TrCE: 0.05471445247530937 +- 0.010676941834390163
VaAcc: 0.9592199921607971 +- 0.00135041493922472	Va_CE: 0.18146806955337524 +- 0.009484940208494663
Ancestors: 87.0 +- 0.0
pop len 500
Best Individual | TrAcc: 0.9924623370170593, TrCE: 0.05090882256627083, VaAcc: 0.9590643048286438, VaCE: 0.1756812483072281
Generation: 88
TrAcc: 0.9923616051673889 +- 0.000703520025126636	TrCE: 0.05162721127271652 +- 0.002011107048019767
VaAcc: 0.9590682983398438 +- 3.993511199951172e-06	Va_CE: 0.1825399249792099 +- 0.007608399726450443
Ancestors: 88.0 +- 0.0
pop len 500
Best Individual | TrAcc: 0.9924623370170593, TrCE: 0.050908830016851425, VaAcc: 0.9590643048286438, VaCE: 0.1756812483072281
Generation: 89
TrAcc: 0.9924622178077698 +- 1.1920928955078125e-07	TrCE: 0.05090900510549545 +- 1.7022334475313983e-07
VaAcc: 0.9590682983398438 +- 3.993511199951172e-06	Va_CE: 0.17568190395832062 +- 6.666210765615688e-07
Ancestors: 89.0 +- 0.0
pop len 500
Best Individual | TrAcc: 0.9924623370170593, TrCE: 0.05090882629156113, VaAcc: 0.9590643048286438, VaCE: 0.1756812334060669
current_layer 1
Generation: 90
TrAcc: 0.9596431255340576 +- 0.038605447858572006	TrCE: 0.11722365766763687 +- 0.0792449340224266
VaAcc: 0.9429587721824646 +- 0.03069227747619152	Va_CE: 0.21642769873142242 +- 0.08390423655509949
Ancestors: 90.0 +- 0.0
pop len 500
Best Individual | TrAcc: 0.9924623370170593, TrCE: 0.050908830016851425, VaAcc: 0.9590643048286438, VaCE: 0.1756812334060669
Generation: 91
TrAcc: 0.9924622178077698 +- 1.1920928955078125e-07	TrCE: 0.05090900510549545 +- 1.7508864402770996e-07
VaAcc: 0.9590682983398438 +- 3.993511199951172e-06	Va_CE: 0.17568188905715942 +- 6.556510925292969e-07
Ancestors: 91.0 +- 0.0
pop len 500
Best Individual | TrAcc: 0.9924623370170593, TrCE: 0.050908830016851425, VaAcc: 0.9590643048286438, VaCE: 0.1756812334060669
Generation: 92
TrAcc: 0.9924622178077698 +- 1.1920928955078125e-07	TrCE: 0.05090900510549545 +- 1.7508864402770996e-07
VaAcc: 0.9590682983398438 +- 3.993511199951172e-06	Va_CE: 0.17568188905715942 +- 6.556510925292969e-07
Ancestors: 92.0 +- 0.0
pop len 500
Best Individual | TrAcc: 0.9924623370170593, TrCE: 0.050908830016851425, VaAcc: 0.9590643048286438, VaCE: 0.1756812334060669
Generation: 93
TrAcc: 0.9924622178077698 +- 1.1920928955078125e-07	TrCE: 0.05090900510549545 +- 1.7508864402770996e-07
VaAcc: 0.9590682983398438 +- 3.993511199951172e-06	Va_CE: 0.17568188905715942 +- 6.556510925292969e-07
Ancestors: 93.0 +- 0.0
pop len 500
Best Individual | TrAcc: 0.9924623370170593, TrCE: 0.050908830016851425, VaAcc: 0.9590643048286438, VaCE: 0.1756812334060669
Generation: 94
TrAcc: 0.9924622178077698 +- 1.1920928955078125e-07	TrCE: 0.05090900510549545 +- 1.7508864402770996e-07
VaAcc: 0.9590682983398438 +- 3.993511199951172e-06	Va_CE: 0.17568188905715942 +- 6.556510925292969e-07
Ancestors: 94.0 +- 0.0
pop len 500
Best Individual | TrAcc: 0.9924623370170593, TrCE: 0.050908830016851425, VaAcc: 0.9590643048286438, VaCE: 0.1756812334060669
Generation: 95
TrAcc: 0.9924622178077698 +- 1.1920928955078125e-07	TrCE: 0.05090900510549545 +- 1.7508864402770996e-07
VaAcc: 0.9590682983398438 +- 3.993511199951172e-06	Va_CE: 0.17568188905715942 +- 6.556510925292969e-07
Ancestors: 95.0 +- 0.0
pop len 500
Best Individual | TrAcc: 0.9924623370170593, TrCE: 0.050908830016851425, VaAcc: 0.9590643048286438, VaCE: 0.1756812334060669
Generation: 96
TrAcc: 0.9924622178077698 +- 1.1920928955078125e-07	TrCE: 0.05090900510549545 +- 1.7508864402770996e-07
VaAcc: 0.9590682983398438 +- 3.993511199951172e-06	Va_CE: 0.17568188905715942 +- 6.556510925292969e-07
Ancestors: 96.0 +- 0.0
pop len 500
Best Individual | TrAcc: 0.9924623370170593, TrCE: 0.050908830016851425, VaAcc: 0.9590643048286438, VaCE: 0.1756812334060669
Generation: 97
TrAcc: 0.9924622178077698 +- 1.1920928955078125e-07	TrCE: 0.05090900510549545 +- 1.7508864402770996e-07
VaAcc: 0.9590682983398438 +- 3.993511199951172e-06	Va_CE: 0.17568188905715942 +- 6.556510925292969e-07
Ancestors: 97.0 +- 0.0
pop len 500
Best Individual | TrAcc: 0.9924623370170593, TrCE: 0.050908830016851425, VaAcc: 0.9590643048286438, VaCE: 0.1756812334060669
Generation: 98
TrAcc: 0.9924622178077698 +- 1.1920928955078125e-07	TrCE: 0.05090900510549545 +- 1.7508864402770996e-07
VaAcc: 0.9590682983398438 +- 3.993511199951172e-06	Va_CE: 0.17568188905715942 +- 6.556510925292969e-07
Ancestors: 98.0 +- 0.0
pop len 500
Best Individual | TrAcc: 0.9924623370170593, TrCE: 0.050908830016851425, VaAcc: 0.9590643048286438, VaCE: 0.1756812334060669
Generation: 99
TrAcc: 0.9924622178077698 +- 1.1920928955078125e-07	TrCE: 0.05090900510549545 +- 1.7508864402770996e-07
VaAcc: 0.9590682983398438 +- 3.993511199951172e-06	Va_CE: 0.17568188905715942 +- 6.556510925292969e-07
Ancestors: 99.0 +- 0.0
pop len 500
Best Individual | TrAcc: 0.9924623370170593, TrCE: 0.050908830016851425, VaAcc: 0.9590643048286438, VaCE: 0.1756812334060669
current_layer 0
Mod Accuracy || Mean: 0.9590643048286438	 Std: 0.0
