

config:

HOME=/clusterFS/home/student/kopp13
PATH=/clusterFS/home/student/kopp13/miniconda3/envs/tensorflow/bin:/clusterFS/home/student/kopp13/miniconda3/bin:/clusterFS/home/student/kopp13/bin:/usr/local/bin:/usr/bin:/bin:/usr/local/games:/usr/games
LD_LIBRARY_PATH=
THEANO_FLAGS=floatX=float32,gpuarray.preallocate=0.9,dnn.library_path=/usr/lib/x86_64-linux-gnu,cxx=clang++-3.8,device=cuda,base_compiledir=/tmp/tmp.9bWKDew0sQ
Pretrained network accuracy: 1.0
NN CONFIG
Weight-type:		binary
Layout									Layer #1: 30	Layer #2: 20	Layer #3: 2	
Activation Functions					Layer #1: bs	
Keep probabilities		Layer #0: 0.9	Layer #1: 1.0	
Flat factors							Layer #1: 1.0	Layer #2: 1.0	
Activation Noise						Layer #1: 0.0	Layer #2: 0.0	
Prior: 0.9

===================================

RUN CONFIG
Gibbs  Epochs: 0, Blocksize: 8

===================================

Gibbs Ensemble | Burn In: 30, Thinning: 3
GA Init Pop | Burn In: 100, Thinning: 10
Recombination Method: default, Crossover_P: 0.7, Mutation_P: 0.01
Max GA Generations: 100, Population Size: 500, Fit_Individuals: 100, N_Recombinations: 250
GA Ensemble | Burn In: 100, Thinning: 10
Epoch: 0, AccTr: 0.9648241400718689, AccVa: 0.9590643048286438, CeTr: 0.1362190991640091, CeVa: 0.09449832886457443
Starting genetic algorithm
ga init pop len: 0
Generation: 0
TrAcc: 0.4819299280643463 +- 0.1764914095401764	TrCE: 2.7389326095581055 +- 1.4832223653793335
VaAcc: 0.48019880056381226 +- 0.1930207759141922	Va_CE: 2.7718164920806885 +- 1.6233643293380737
Ancestors: 0.0 +- 0.0
pop len 500
Best Individual | TrAcc: 0.8693467378616333, TrCE: 0.5390998125076294, VaAcc: 0.9239766001701355, VaCE: 0.39463168382644653
Generation: 1
TrAcc: 0.6240604519844055 +- 0.15226423740386963	TrCE: 1.7574704885482788 +- 0.9338055849075317
VaAcc: 0.6374731659889221 +- 0.1620214581489563	Va_CE: 1.6966280937194824 +- 1.0182589292526245
Ancestors: 1.0 +- 0.0
pop len 500
Best Individual | TrAcc: 0.9120603203773499, TrCE: 0.40962648391723633, VaAcc: 0.9064327478408813, VaCE: 0.44337186217308044
Generation: 2
TrAcc: 0.6826581358909607 +- 0.1369539201259613	TrCE: 1.3807817697525024 +- 0.7402254343032837
VaAcc: 0.6947364211082458 +- 0.14782670140266418	Va_CE: 1.2993626594543457 +- 0.810859739780426
Ancestors: 2.0 +- 0.0
pop len 500
Best Individual | TrAcc: 0.9120603203773499, TrCE: 0.3655058443546295, VaAcc: 0.9122806787490845, VaCE: 0.2806118428707123
Generation: 3
TrAcc: 0.6899448037147522 +- 0.1468610018491745	TrCE: 1.3242875337600708 +- 0.7618979215621948
VaAcc: 0.7037067413330078 +- 0.1504947990179062	Va_CE: 1.2545757293701172 +- 0.8056235313415527
Ancestors: 3.0 +- 0.0
pop len 500
Best Individual | TrAcc: 0.8969849348068237, TrCE: 0.3053150475025177, VaAcc: 0.9239766001701355, VaCE: 0.25634923577308655
Generation: 4
TrAcc: 0.6963111758232117 +- 0.14600993692874908	TrCE: 1.309573769569397 +- 0.7956249117851257
VaAcc: 0.7115314602851868 +- 0.1563974916934967	Va_CE: 1.2391330003738403 +- 0.8737144470214844
Ancestors: 4.0 +- 0.0
pop len 500
Best Individual | TrAcc: 0.929648220539093, TrCE: 0.3490435779094696, VaAcc: 0.9064327478408813, VaCE: 0.44481414556503296
Generation: 5
TrAcc: 0.7218238115310669 +- 0.12471508234739304	TrCE: 1.1820218563079834 +- 0.6462808847427368
VaAcc: 0.7358118295669556 +- 0.1341930329799652	Va_CE: 1.084755778312683 +- 0.6999770402908325
Ancestors: 5.0 +- 0.0
pop len 500
Best Individual | TrAcc: 0.929648220539093, TrCE: 0.2898154854774475, VaAcc: 0.9122806787490845, VaCE: 0.28495660424232483
Generation: 6
TrAcc: 0.7406728267669678 +- 0.11929063498973846	TrCE: 1.0900659561157227 +- 0.6339272856712341
VaAcc: 0.7580926418304443 +- 0.12858952581882477	Va_CE: 0.997247576713562 +- 0.6774209141731262
Ancestors: 6.0 +- 0.0
pop len 500
Best Individual | TrAcc: 0.8819095492362976, TrCE: 0.3497059941291809, VaAcc: 0.9415204524993896, VaCE: 0.25075817108154297
Generation: 7
TrAcc: 0.7581954598426819 +- 0.11031534522771835	TrCE: 0.9562007188796997 +- 0.4468696117401123
VaAcc: 0.7779877185821533 +- 0.11129363626241684	Va_CE: 0.852673351764679 +- 0.45371973514556885
Ancestors: 7.0 +- 0.0
pop len 500
Best Individual | TrAcc: 0.8894472122192383, TrCE: 0.3196411430835724, VaAcc: 0.8947368264198303, VaCE: 0.29455405473709106
Generation: 8
TrAcc: 0.757205605506897 +- 0.1275971680879593	TrCE: 0.965183675289154 +- 0.527311384677887
VaAcc: 0.7778353095054626 +- 0.12914609909057617	Va_CE: 0.8684000372886658 +- 0.5422198176383972
Ancestors: 8.0 +- 0.0
pop len 500
Best Individual | TrAcc: 0.9045225977897644, TrCE: 0.2767986059188843, VaAcc: 0.9064327478408813, VaCE: 0.2798829674720764
Generation: 9
TrAcc: 0.7740901112556458 +- 0.11345700174570084	TrCE: 0.9096478223800659 +- 0.48512792587280273
VaAcc: 0.7920224070549011 +- 0.12203290313482285	Va_CE: 0.8283684253692627 +- 0.5388948321342468
Ancestors: 9.0 +- 0.0
pop len 500
Best Individual | TrAcc: 0.9246231317520142, TrCE: 0.3025840222835541, VaAcc: 0.9473684430122375, VaCE: 0.23830081522464752
current_layer 1
Generation: 10
TrAcc: 0.7902309894561768 +- 0.10732100903987885	TrCE: 0.8321083784103394 +- 0.42332619428634644
VaAcc: 0.8116711974143982 +- 0.11218657344579697	Va_CE: 0.7215209603309631 +- 0.4442874789237976
Ancestors: 10.0 +- 0.0
pop len 500
Best Individual | TrAcc: 0.9070351719856262, TrCE: 0.28162968158721924, VaAcc: 0.9181286692619324, VaCE: 0.29522016644477844
Generation: 11
TrAcc: 0.8074820041656494 +- 0.08761315792798996	TrCE: 0.7479124665260315 +- 0.3301490843296051
VaAcc: 0.8278701901435852 +- 0.08929836750030518	Va_CE: 0.6382912397384644 +- 0.35059240460395813
Ancestors: 11.0 +- 0.0
pop len 500
Best Individual | TrAcc: 0.9170854091644287, TrCE: 0.2626168429851532, VaAcc: 0.8947368264198303, VaCE: 0.35909318923950195
Generation: 12
TrAcc: 0.8213263750076294 +- 0.08215979486703873	TrCE: 0.6895155310630798 +- 0.30631768703460693
VaAcc: 0.8443143367767334 +- 0.08531904965639114	Va_CE: 0.5775042176246643 +- 0.31261739134788513
Ancestors: 12.0 +- 0.0
pop len 500
Best Individual | TrAcc: 0.9170854091644287, TrCE: 0.27829739451408386, VaAcc: 0.9356725215911865, VaCE: 0.19523312151432037
Generation: 13
TrAcc: 0.8325114846229553 +- 0.08546821773052216	TrCE: 0.6462180018424988 +- 0.31045567989349365
VaAcc: 0.8510867953300476 +- 0.08761569112539291	Va_CE: 0.5419209599494934 +- 0.3281490206718445
Ancestors: 13.0 +- 0.0
pop len 500
Best Individual | TrAcc: 0.9346733689308167, TrCE: 0.2543443739414215, VaAcc: 0.9649122953414917, VaCE: 0.15308357775211334
Generation: 14
TrAcc: 0.8430294394493103 +- 0.08007723093032837	TrCE: 0.5987321734428406 +- 0.2818763554096222
VaAcc: 0.8651333451271057 +- 0.08373120427131653	Va_CE: 0.49014487862586975 +- 0.3044004440307617
Ancestors: 14.0 +- 0.0
pop len 500
Best Individual | TrAcc: 0.9346733689308167, TrCE: 0.1984889805316925, VaAcc: 0.9239766001701355, VaCE: 0.24109569191932678
Generation: 15
TrAcc: 0.8384162783622742 +- 0.08291936665773392	TrCE: 0.5899627804756165 +- 0.30543839931488037
VaAcc: 0.8643144965171814 +- 0.08303792774677277	Va_CE: 0.47590622305870056 +- 0.2995792329311371
Ancestors: 15.0 +- 0.0
pop len 500
Best Individual | TrAcc: 0.9120603203773499, TrCE: 0.23386864364147186, VaAcc: 0.9298245906829834, VaCE: 0.15459564328193665
Generation: 16
TrAcc: 0.8532249331474304 +- 0.06476756930351257	TrCE: 0.5641118884086609 +- 0.2218533456325531
VaAcc: 0.8774139285087585 +- 0.06419564038515091	Va_CE: 0.4506629705429077 +- 0.22836852073669434
Ancestors: 16.0 +- 0.0
pop len 500
Best Individual | TrAcc: 0.9597989916801453, TrCE: 0.20632320642471313, VaAcc: 0.9649122953414917, VaCE: 0.15155012905597687
Generation: 17
TrAcc: 0.8630388975143433 +- 0.06666553020477295	TrCE: 0.5286129713058472 +- 0.2352437525987625
VaAcc: 0.8857879638671875 +- 0.06721669435501099	Va_CE: 0.41994708776474 +- 0.2362847775220871
Ancestors: 17.0 +- 0.0
pop len 500
Best Individual | TrAcc: 0.9547738432884216, TrCE: 0.19795513153076172, VaAcc: 0.9766082167625427, VaCE: 0.10161294788122177
Generation: 18
TrAcc: 0.8646776080131531 +- 0.05634116381406784	TrCE: 0.49590256810188293 +- 0.17405346035957336
VaAcc: 0.8885834217071533 +- 0.0574224516749382	Va_CE: 0.39050111174583435 +- 0.17881150543689728
Ancestors: 18.0 +- 0.0
pop len 500
Best Individual | TrAcc: 0.9547738432884216, TrCE: 0.1630968302488327, VaAcc: 0.9181286692619324, VaCE: 0.2570693790912628
Generation: 19
TrAcc: 0.8691950440406799 +- 0.058985233306884766	TrCE: 0.46427831053733826 +- 0.1596781611442566
VaAcc: 0.8926888704299927 +- 0.05924861505627632	Va_CE: 0.3631325364112854 +- 0.1680988371372223
Ancestors: 19.0 +- 0.0
pop len 500
Best Individual | TrAcc: 0.929648220539093, TrCE: 0.18683913350105286, VaAcc: 0.9707602262496948, VaCE: 0.11681022495031357
current_layer 0
Generation: 20
TrAcc: 0.8735517263412476 +- 0.055854883044958115	TrCE: 0.45738446712493896 +- 0.17508436739444733
VaAcc: 0.8977411985397339 +- 0.05686241388320923	Va_CE: 0.3469737768173218 +- 0.18326419591903687
Ancestors: 20.0 +- 0.0
pop len 500
Best Individual | TrAcc: 0.9447236061096191, TrCE: 0.18738874793052673, VaAcc: 0.9181286692619324, VaCE: 0.2510671615600586
Generation: 21
TrAcc: 0.8796221017837524 +- 0.05951869115233421	TrCE: 0.4314521551132202 +- 0.16930395364761353
VaAcc: 0.9037876725196838 +- 0.06032171845436096	Va_CE: 0.32468557357788086 +- 0.17299267649650574
Ancestors: 21.0 +- 0.0
pop len 500
Best Individual | TrAcc: 0.9673366546630859, TrCE: 0.16522198915481567, VaAcc: 0.9707602262496948, VaCE: 0.118869349360466
Generation: 22
TrAcc: 0.8861651420593262 +- 0.05758805572986603	TrCE: 0.4079116880893707 +- 0.15916255116462708
VaAcc: 0.9103261232376099 +- 0.054629500955343246	Va_CE: 0.30105432868003845 +- 0.16139532625675201
Ancestors: 22.0 +- 0.0
pop len 500
Best Individual | TrAcc: 0.9547738432884216, TrCE: 0.18167175352573395, VaAcc: 0.9649122953414917, VaCE: 0.14544697105884552
Generation: 23
TrAcc: 0.8949230313301086 +- 0.047989245504140854	TrCE: 0.38399574160575867 +- 0.14636333286762238
VaAcc: 0.9173669219017029 +- 0.047723427414894104	Va_CE: 0.2860366702079773 +- 0.14638659358024597
Ancestors: 23.0 +- 0.0
pop len 500
Best Individual | TrAcc: 0.9623115658760071, TrCE: 0.16012950241565704, VaAcc: 0.9649122953414917, VaCE: 0.18709734082221985
Generation: 24
TrAcc: 0.8968330025672913 +- 0.05241547152400017	TrCE: 0.35887661576271057 +- 0.1448582261800766
VaAcc: 0.922454833984375 +- 0.05144084617495537	Va_CE: 0.25382161140441895 +- 0.1517084687948227
Ancestors: 24.0 +- 0.0
pop len 500
Best Individual | TrAcc: 0.9447236061096191, TrCE: 0.16053470969200134, VaAcc: 0.9532163739204407, VaCE: 0.21707934141159058
Generation: 25
TrAcc: 0.8998574614524841 +- 0.05316353589296341	TrCE: 0.3411008417606354 +- 0.13334611058235168
VaAcc: 0.9225718975067139 +- 0.051020972430706024	Va_CE: 0.24642355740070343 +- 0.1419723778963089
Ancestors: 25.0 +- 0.0
pop len 500
Best Individual | TrAcc: 0.9673366546630859, TrCE: 0.1420683115720749, VaAcc: 0.9649122953414917, VaCE: 0.15020230412483215
Generation: 26
TrAcc: 0.909144937992096 +- 0.04165087267756462	TrCE: 0.31740373373031616 +- 0.11274689435958862
VaAcc: 0.9308642148971558 +- 0.04012833535671234	Va_CE: 0.22611156105995178 +- 0.1106678694486618
Ancestors: 26.0 +- 0.0
pop len 500
Best Individual | TrAcc: 0.8994975090026855, TrCE: 0.1542506068944931, VaAcc: 0.9239766001701355, VaCE: 0.13127762079238892
Generation: 27
TrAcc: 0.9112949967384338 +- 0.04080602899193764	TrCE: 0.3145081698894501 +- 0.10755398869514465
VaAcc: 0.9339399933815002 +- 0.03872225061058998	Va_CE: 0.22032678127288818 +- 0.11159849166870117
Ancestors: 27.0 +- 0.0
pop len 500
Best Individual | TrAcc: 0.9170854091644287, TrCE: 0.15026862919330597, VaAcc: 0.9298245906829834, VaCE: 0.09225369244813919
Generation: 28
TrAcc: 0.9102149605751038 +- 0.039235182106494904	TrCE: 0.3093856871128082 +- 0.10886237025260925
VaAcc: 0.9327476024627686 +- 0.03750626742839813	Va_CE: 0.21441930532455444 +- 0.10869154334068298
Ancestors: 28.0 +- 0.0
pop len 500
Best Individual | TrAcc: 0.9246231317520142, TrCE: 0.14456166326999664, VaAcc: 0.9239766001701355, VaCE: 0.19902010262012482
Generation: 29
TrAcc: 0.9199838638305664 +- 0.03479568660259247	TrCE: 0.27344486117362976 +- 0.09122443944215775
VaAcc: 0.9421389102935791 +- 0.03310312330722809	Va_CE: 0.18843597173690796 +- 0.09292342513799667
Ancestors: 29.0 +- 0.0
pop len 500
Best Individual | TrAcc: 0.9698492288589478, TrCE: 0.12670205533504486, VaAcc: 0.9766082167625427, VaCE: 0.06738582253456116
current_layer 1
Generation: 30
TrAcc: 0.9225673079490662 +- 0.03779156133532524	TrCE: 0.27216142416000366 +- 0.1044849380850792
VaAcc: 0.9427818655967712 +- 0.03559156507253647	Va_CE: 0.18585485219955444 +- 0.11035826057195663
Ancestors: 30.0 +- 0.0
pop len 500
Best Individual | TrAcc: 0.9321607947349548, TrCE: 0.11247159540653229, VaAcc: 0.9532163739204407, VaCE: 0.11072459071874619
Generation: 31
TrAcc: 0.9245419502258301 +- 0.03419697657227516	TrCE: 0.26156556606292725 +- 0.08782901614904404
VaAcc: 0.9442675113677979 +- 0.03163149207830429	Va_CE: 0.17802712321281433 +- 0.09176881611347198
Ancestors: 31.0 +- 0.0
pop len 500
Best Individual | TrAcc: 0.9748743772506714, TrCE: 0.10745788365602493, VaAcc: 0.9707602262496948, VaCE: 0.12528593838214874
Generation: 32
TrAcc: 0.9322707653045654 +- 0.031549833714962006	TrCE: 0.2381468266248703 +- 0.08093945682048798
VaAcc: 0.9516477584838867 +- 0.02761581353843212	Va_CE: 0.15759024024009705 +- 0.07459564507007599
Ancestors: 32.0 +- 0.0
pop len 500
Best Individual | TrAcc: 0.9673366546630859, TrCE: 0.10644320398569107, VaAcc: 0.9707602262496948, VaCE: 0.10625473409891129
Generation: 33
TrAcc: 0.9294815063476562 +- 0.042649488896131516	TrCE: 0.24347008764743805 +- 0.12209934741258621
VaAcc: 0.9479752779006958 +- 0.04103796184062958	Va_CE: 0.16539427638053894 +- 0.10818184167146683
Ancestors: 33.0 +- 0.0
pop len 500
Best Individual | TrAcc: 0.9723618030548096, TrCE: 0.09459146857261658, VaAcc: 0.9707602262496948, VaCE: 0.0942012369632721
Generation: 34
TrAcc: 0.9333911538124084 +- 0.03033047914505005	TrCE: 0.23283225297927856 +- 0.08071735501289368
VaAcc: 0.9526299238204956 +- 0.028171122074127197	Va_CE: 0.15435978770256042 +- 0.08250582963228226
Ancestors: 34.0 +- 0.0
pop len 500
Best Individual | TrAcc: 0.9673366546630859, TrCE: 0.0963791087269783, VaAcc: 0.9824561476707458, VaCE: 0.053126558661460876
Generation: 35
TrAcc: 0.9355722069740295 +- 0.03525421395897865	TrCE: 0.21251557767391205 +- 0.08523257076740265
VaAcc: 0.9532148241996765 +- 0.03576922044157982	Va_CE: 0.14130979776382446 +- 0.09167870879173279
Ancestors: 35.0 +- 0.0
pop len 500
Best Individual | TrAcc: 0.9698492288589478, TrCE: 0.09267217665910721, VaAcc: 0.9649122953414917, VaCE: 0.11245063692331314
Generation: 36
TrAcc: 0.9350844621658325 +- 0.03389792889356613	TrCE: 0.21798498928546906 +- 0.0836302787065506
VaAcc: 0.9522560834884644 +- 0.03192421793937683	Va_CE: 0.14696723222732544 +- 0.07924969494342804
Ancestors: 36.0 +- 0.0
pop len 500
Best Individual | TrAcc: 0.9522613286972046, TrCE: 0.06939198821783066, VaAcc: 0.9649122953414917, VaCE: 0.07355695217847824
Generation: 37
TrAcc: 0.9351101517677307 +- 0.03120272047817707	TrCE: 0.2137555480003357 +- 0.08346681296825409
VaAcc: 0.9537529945373535 +- 0.03057737834751606	Va_CE: 0.14137983322143555 +- 0.08674551546573639
Ancestors: 37.0 +- 0.0
pop len 500
Best Individual | TrAcc: 0.9547738432884216, TrCE: 0.08232611417770386, VaAcc: 0.9707602262496948, VaCE: 0.04183928295969963
Generation: 38
TrAcc: 0.9377481937408447 +- 0.031816016882658005	TrCE: 0.2088308036327362 +- 0.07273732125759125
VaAcc: 0.9541856646537781 +- 0.029735257849097252	Va_CE: 0.13964001834392548 +- 0.07270016521215439
Ancestors: 38.0 +- 0.0
pop len 500
Best Individual | TrAcc: 0.947236180305481, TrCE: 0.08935697376728058, VaAcc: 0.9590643048286438, VaCE: 0.09958244115114212
Generation: 39
TrAcc: 0.9402906894683838 +- 0.028599565848708153	TrCE: 0.19918349385261536 +- 0.06698352843523026
VaAcc: 0.9554840326309204 +- 0.027023261412978172	Va_CE: 0.13651368021965027 +- 0.06690389662981033
Ancestors: 39.0 +- 0.0
pop len 500
Best Individual | TrAcc: 0.9824120402336121, TrCE: 0.092654749751091, VaAcc: 0.988304078578949, VaCE: 0.05863532796502113
current_layer 0
Generation: 40
TrAcc: 0.9394564628601074 +- 0.03289085999131203	TrCE: 0.2050730288028717 +- 0.08030650019645691
VaAcc: 0.9551212787628174 +- 0.033571433275938034	Va_CE: 0.13842181861400604 +- 0.08455191552639008
Ancestors: 40.0 +- 0.0
pop len 500
Best Individual | TrAcc: 0.947236180305481, TrCE: 0.09289203584194183, VaAcc: 0.9181286692619324, VaCE: 0.07155042141675949
Generation: 41
TrAcc: 0.9421446919441223 +- 0.02604806423187256	TrCE: 0.1908041387796402 +- 0.06582051515579224
VaAcc: 0.9567467570304871 +- 0.024596992880105972	Va_CE: 0.13468217849731445 +- 0.06651464104652405
Ancestors: 41.0 +- 0.0
pop len 500
Best Individual | TrAcc: 0.9497487545013428, TrCE: 0.08490223437547684, VaAcc: 0.9532163739204407, VaCE: 0.05168532952666283
Generation: 42
TrAcc: 0.9440948367118835 +- 0.03447578102350235	TrCE: 0.18675419688224792 +- 0.07199226319789886
VaAcc: 0.9573195576667786 +- 0.035541508346796036	Va_CE: 0.13064396381378174 +- 0.07368771731853485
Ancestors: 42.0 +- 0.0
pop len 500
Best Individual | TrAcc: 0.9849246144294739, TrCE: 0.07787840813398361, VaAcc: 0.988304078578949, VaCE: 0.06929868459701538
Generation: 43
TrAcc: 0.9470443725585938 +- 0.027917057275772095	TrCE: 0.17656831443309784 +- 0.06460455805063248
VaAcc: 0.9601274132728577 +- 0.025294587016105652	Va_CE: 0.12475430220365524 +- 0.061489205807447433
Ancestors: 43.0 +- 0.0
pop len 500
Best Individual | TrAcc: 0.9773869514465332, TrCE: 0.07035879790782928, VaAcc: 0.988304078578949, VaCE: 0.03260131925344467
Generation: 44
TrAcc: 0.9499692916870117 +- 0.024093398824334145	TrCE: 0.16754880547523499 +- 0.06057697534561157
VaAcc: 0.9617873430252075 +- 0.023310432210564613	Va_CE: 0.12219070643186569 +- 0.062376052141189575
Ancestors: 44.0 +- 0.0
pop len 500
Best Individual | TrAcc: 0.9723618030548096, TrCE: 0.06862886250019073, VaAcc: 0.9532163739204407, VaCE: 0.07362086325883865
Generation: 45
TrAcc: 0.9516124725341797 +- 0.025946825742721558	TrCE: 0.16208258271217346 +- 0.05945558473467827
VaAcc: 0.9646533131599426 +- 0.024113211780786514	Va_CE: 0.11161071062088013 +- 0.06061165779829025
Ancestors: 45.0 +- 0.0
pop len 500
Best Individual | TrAcc: 0.9773869514465332, TrCE: 0.07112535834312439, VaAcc: 0.9766082167625427, VaCE: 0.06375757604837418
Generation: 46
TrAcc: 0.955763041973114 +- 0.023808568716049194	TrCE: 0.1549612134695053 +- 0.060355041176080704
VaAcc: 0.9652847647666931 +- 0.02208319865167141	Va_CE: 0.11155197769403458 +- 0.057551104575395584
Ancestors: 46.0 +- 0.0
pop len 500
Best Individual | TrAcc: 0.9824120402336121, TrCE: 0.06936602294445038, VaAcc: 0.9766082167625427, VaCE: 0.07152607291936874
Generation: 47
TrAcc: 0.9565975666046143 +- 0.02461068145930767	TrCE: 0.15155984461307526 +- 0.060321833938360214
VaAcc: 0.9658698439598083 +- 0.023009389638900757	Va_CE: 0.110344797372818 +- 0.06081943213939667
Ancestors: 47.0 +- 0.0
pop len 500
Best Individual | TrAcc: 0.979899525642395, TrCE: 0.06961876899003983, VaAcc: 0.9824561476707458, VaCE: 0.04931040108203888
Generation: 48
TrAcc: 0.9571098685264587 +- 0.025201518088579178	TrCE: 0.15026065707206726 +- 0.06269846111536026
VaAcc: 0.9663838744163513 +- 0.023543713614344597	Va_CE: 0.10976158082485199 +- 0.06314821541309357
Ancestors: 48.0 +- 0.0
pop len 500
Best Individual | TrAcc: 0.979899525642395, TrCE: 0.06961876899003983, VaAcc: 0.9824561476707458, VaCE: 0.04931040108203888
Generation: 49
TrAcc: 0.9616125226020813 +- 0.02060006558895111	TrCE: 0.13744813203811646 +- 0.04811481386423111
VaAcc: 0.970828115940094 +- 0.018684063106775284	Va_CE: 0.09875482320785522 +- 0.047069430351257324
Ancestors: 49.0 +- 0.0
pop len 500
Best Individual | TrAcc: 0.9824120402336121, TrCE: 0.07618983834981918, VaAcc: 0.9707602262496948, VaCE: 0.07028412818908691
current_layer 1
Generation: 50
TrAcc: 0.9603208899497986 +- 0.028090033680200577	TrCE: 0.13816334307193756 +- 0.057142093777656555
VaAcc: 0.9689566493034363 +- 0.025585126131772995	Va_CE: 0.10119311511516571 +- 0.05365416035056114
Ancestors: 50.0 +- 0.0
pop len 500
Best Individual | TrAcc: 0.9748743772506714, TrCE: 0.0763944610953331, VaAcc: 0.9766082167625427, VaCE: 0.058718591928482056
Generation: 51
TrAcc: 0.9619040489196777 +- 0.030924709513783455	TrCE: 0.13667339086532593 +- 0.05974379554390907
VaAcc: 0.97065269947052 +- 0.029104752466082573	Va_CE: 0.10068147629499435 +- 0.06052367761731148
Ancestors: 51.0 +- 0.0
pop len 500
Best Individual | TrAcc: 0.9748743772506714, TrCE: 0.07233625650405884, VaAcc: 0.9707602262496948, VaCE: 0.07814998179674149
Generation: 52
TrAcc: 0.965215802192688 +- 0.016759322956204414	TrCE: 0.13164828717708588 +- 0.047219038009643555
VaAcc: 0.9741622805595398 +- 0.015109095722436905	Va_CE: 0.09307603538036346 +- 0.044588904827833176
Ancestors: 52.0 +- 0.0
pop len 500
Best Individual | TrAcc: 0.9849246144294739, TrCE: 0.07351422309875488, VaAcc: 0.9824561476707458, VaCE: 0.07709021121263504
Generation: 53
TrAcc: 0.9649141430854797 +- 0.020317092537879944	TrCE: 0.13140781223773956 +- 0.05007557198405266
VaAcc: 0.9735651016235352 +- 0.017873702570796013	Va_CE: 0.09479820728302002 +- 0.0471026711165905
Ancestors: 53.0 +- 0.0
pop len 500
Best Individual | TrAcc: 0.979899525642395, TrCE: 0.0688215121626854, VaAcc: 0.9824561476707458, VaCE: 0.05646411329507828
Generation: 54
TrAcc: 0.9655776619911194 +- 0.018076129257678986	TrCE: 0.1291152536869049 +- 0.04776567220687866
VaAcc: 0.9735536575317383 +- 0.01806393824517727	Va_CE: 0.09190142154693604 +- 0.04571538046002388
Ancestors: 54.0 +- 0.0
pop len 500
Best Individual | TrAcc: 0.9849246144294739, TrCE: 0.0659215897321701, VaAcc: 0.9824561476707458, VaCE: 0.053739018738269806
Generation: 55
TrAcc: 0.9646831750869751 +- 0.03455307334661484	TrCE: 0.12882183492183685 +- 0.06460964679718018
VaAcc: 0.9728513360023499 +- 0.030052917078137398	Va_CE: 0.09391462057828903 +- 0.06276123225688934
Ancestors: 55.0 +- 0.0
pop len 500
Best Individual | TrAcc: 0.9824120402336121, TrCE: 0.0597878023982048, VaAcc: 0.9649122953414917, VaCE: 0.08295086771249771
Generation: 56
TrAcc: 0.9665177464485168 +- 0.018974047154188156	TrCE: 0.12433924525976181 +- 0.044016122817993164
VaAcc: 0.974079966545105 +- 0.01796128787100315	Va_CE: 0.09098374098539352 +- 0.043471548706293106
Ancestors: 56.0 +- 0.0
pop len 500
Best Individual | TrAcc: 0.9824120402336121, TrCE: 0.05824780464172363, VaAcc: 0.9707602262496948, VaCE: 0.06403844058513641
Generation: 57
TrAcc: 0.9659143686294556 +- 0.024416854605078697	TrCE: 0.12430450320243835 +- 0.055645059794187546
VaAcc: 0.973471462726593 +- 0.02299417369067669	Va_CE: 0.0910126268863678 +- 0.051412444561719894
Ancestors: 57.0 +- 0.0
pop len 500
Best Individual | TrAcc: 0.9874371886253357, TrCE: 0.05640450492501259, VaAcc: 0.9824561476707458, VaCE: 0.059291962534189224
Generation: 58
TrAcc: 0.9657487869262695 +- 0.028067095205187798	TrCE: 0.12510408461093903 +- 0.059522394090890884
VaAcc: 0.9727927446365356 +- 0.026464087888598442	Va_CE: 0.09198521822690964 +- 0.05631546676158905
Ancestors: 58.0 +- 0.0
pop len 500
Best Individual | TrAcc: 0.9824120402336121, TrCE: 0.05824780464172363, VaAcc: 0.9707602262496948, VaCE: 0.06403844058513641
Generation: 59
TrAcc: 0.9664527177810669 +- 0.02369815669953823	TrCE: 0.12476703524589539 +- 0.05910450220108032
VaAcc: 0.9739403128623962 +- 0.021651718765497208	Va_CE: 0.09238413721323013 +- 0.053890056908130646
Ancestors: 59.0 +- 0.0
pop len 500
Best Individual | TrAcc: 0.9824120402336121, TrCE: 0.05824780464172363, VaAcc: 0.9707602262496948, VaCE: 0.06403844058513641
current_layer 0
Generation: 60
TrAcc: 0.9681361317634583 +- 0.022515270859003067	TrCE: 0.12152688950300217 +- 0.053507886826992035
VaAcc: 0.9752376079559326 +- 0.021422408521175385	Va_CE: 0.08922918140888214 +- 0.05336693674325943
Ancestors: 60.0 +- 0.0
pop len 500
Best Individual | TrAcc: 0.9849246144294739, TrCE: 0.06045043468475342, VaAcc: 0.9707602262496948, VaCE: 0.07591716945171356
Generation: 61
TrAcc: 0.968402087688446 +- 0.022555507719516754	TrCE: 0.1206667423248291 +- 0.04858671501278877
VaAcc: 0.9753550887107849 +- 0.02112739533185959	Va_CE: 0.0871637836098671 +- 0.049420397728681564
Ancestors: 61.0 +- 0.0
pop len 500
Best Individual | TrAcc: 0.9824120402336121, TrCE: 0.07290516048669815, VaAcc: 0.9824561476707458, VaCE: 0.07060091942548752
Generation: 62
TrAcc: 0.9694819450378418 +- 0.016843687742948532	TrCE: 0.11900811642408371 +- 0.04680532217025757
VaAcc: 0.9758806228637695 +- 0.014799595810472965	Va_CE: 0.08557770401239395 +- 0.044558119028806686
Ancestors: 62.0 +- 0.0
pop len 500
Best Individual | TrAcc: 0.979899525642395, TrCE: 0.06570601463317871, VaAcc: 0.9824561476707458, VaCE: 0.054692719131708145
Generation: 63
TrAcc: 0.9679846167564392 +- 0.028039950877428055	TrCE: 0.11840665340423584 +- 0.05485214293003082
VaAcc: 0.9746527075767517 +- 0.02548420988023281	Va_CE: 0.08706726133823395 +- 0.05390249565243721
Ancestors: 63.0 +- 0.0
pop len 500
Best Individual | TrAcc: 0.9824120402336121, TrCE: 0.07202787697315216, VaAcc: 0.9824561476707458, VaCE: 0.07082979381084442
Generation: 64
TrAcc: 0.9693570137023926 +- 0.018850186839699745	TrCE: 0.11639022827148438 +- 0.044295817613601685
VaAcc: 0.9750152230262756 +- 0.017039552330970764	Va_CE: 0.0869884341955185 +- 0.043012503534555435
Ancestors: 64.0 +- 0.0
pop len 500
Best Individual | TrAcc: 0.979899525642395, TrCE: 0.07362205535173416, VaAcc: 0.988304078578949, VaCE: 0.03955477103590965
Generation: 65
TrAcc: 0.9717592000961304 +- 0.012444252148270607	TrCE: 0.11241187900304794 +- 0.041955068707466125
VaAcc: 0.9773654937744141 +- 0.009417014196515083	Va_CE: 0.08055420964956284 +- 0.0390048511326313
Ancestors: 65.0 +- 0.0
pop len 500
Best Individual | TrAcc: 0.9824120402336121, TrCE: 0.07564573734998703, VaAcc: 0.988304078578949, VaCE: 0.07100468873977661
Generation: 66
TrAcc: 0.968040406703949 +- 0.03305385634303093	TrCE: 0.11843564361333847 +- 0.06447111070156097
VaAcc: 0.9734826683998108 +- 0.02856825478374958	Va_CE: 0.08952876925468445 +- 0.059673115611076355
Ancestors: 66.0 +- 0.0
pop len 500
Best Individual | TrAcc: 0.979899525642395, TrCE: 0.0763368159532547, VaAcc: 0.9766082167625427, VaCE: 0.06804820150136948
Generation: 67
TrAcc: 0.9726236462593079 +- 0.013315452262759209	TrCE: 0.10978362709283829 +- 0.041556958109140396
VaAcc: 0.9767339825630188 +- 0.013291104696691036	Va_CE: 0.08118773251771927 +- 0.041093405336141586
Ancestors: 67.0 +- 0.0
pop len 500
Best Individual | TrAcc: 0.979899525642395, TrCE: 0.0763368159532547, VaAcc: 0.9766082167625427, VaCE: 0.06804819405078888
Generation: 68
TrAcc: 0.969176173210144 +- 0.027576429769396782	TrCE: 0.11798114329576492 +- 0.05324423313140869
VaAcc: 0.9744179248809814 +- 0.024660147726535797	Va_CE: 0.08811816573143005 +- 0.05063049495220184
Ancestors: 68.0 +- 0.0
pop len 500
Best Individual | TrAcc: 0.979899525642395, TrCE: 0.0763368234038353, VaAcc: 0.9766082167625427, VaCE: 0.06804819405078888
Generation: 69
TrAcc: 0.9695932269096375 +- 0.019968057051301003	TrCE: 0.11622428894042969 +- 0.045958440750837326
VaAcc: 0.9747338891029358 +- 0.018586600199341774	Va_CE: 0.08660460263490677 +- 0.045512229204177856
Ancestors: 69.0 +- 0.0
pop len 500
Best Individual | TrAcc: 0.979899525642395, TrCE: 0.0763368234038353, VaAcc: 0.9766082167625427, VaCE: 0.06804819405078888
current_layer 1
Generation: 70
TrAcc: 0.9683369398117065 +- 0.027940265834331512	TrCE: 0.11674820631742477 +- 0.05976026877760887
VaAcc: 0.9736696481704712 +- 0.023196524009108543	Va_CE: 0.08897338062524796 +- 0.05601692199707031
Ancestors: 70.0 +- 0.0
pop len 500
Best Individual | TrAcc: 0.979899525642395, TrCE: 0.0763368159532547, VaAcc: 0.9766082167625427, VaCE: 0.06804820150136948
Generation: 71
TrAcc: 0.9684167504310608 +- 0.02000875398516655	TrCE: 0.11877621710300446 +- 0.046896930783987045
VaAcc: 0.9737399816513062 +- 0.017604071646928787	Va_CE: 0.0898451954126358 +- 0.04563235491514206
Ancestors: 71.0 +- 0.0
pop len 500
Best Individual | TrAcc: 0.9824120402336121, TrCE: 0.07272088527679443, VaAcc: 0.988304078578949, VaCE: 0.048082005232572556
Generation: 72
TrAcc: 0.9696333408355713 +- 0.017874663695693016	TrCE: 0.11542342603206635 +- 0.046768367290496826
VaAcc: 0.9742897748947144 +- 0.01536930538713932	Va_CE: 0.08761542290449142 +- 0.04615054652094841
Ancestors: 72.0 +- 0.0
pop len 500
Best Individual | TrAcc: 0.979899525642395, TrCE: 0.0763368159532547, VaAcc: 0.9766082167625427, VaCE: 0.06804820150136948
Generation: 73
TrAcc: 0.9698694348335266 +- 0.023865381255745888	TrCE: 0.11469603329896927 +- 0.05023409053683281
VaAcc: 0.9742543697357178 +- 0.022591857239603996	Va_CE: 0.08790914714336395 +- 0.05198316648602486
Ancestors: 73.0 +- 0.0
pop len 500
Best Individual | TrAcc: 0.979899525642395, TrCE: 0.0763368159532547, VaAcc: 0.9766082167625427, VaCE: 0.06804819405078888
Generation: 74
TrAcc: 0.9676578044891357 +- 0.022017236799001694	TrCE: 0.11819290369749069 +- 0.047947291284799576
VaAcc: 0.9722656607627869 +- 0.021384211257100105	Va_CE: 0.09031693637371063 +- 0.04658149927854538
Ancestors: 74.0 +- 0.0
pop len 500
Best Individual | TrAcc: 0.979899525642395, TrCE: 0.0763368159532547, VaAcc: 0.9766082167625427, VaCE: 0.06804819405078888
Generation: 75
TrAcc: 0.9689592123031616 +- 0.021960508078336716	TrCE: 0.11612387746572495 +- 0.05232546851038933
VaAcc: 0.9729207158088684 +- 0.020480507984757423	Va_CE: 0.09078755229711533 +- 0.05080489069223404
Ancestors: 75.0 +- 0.0
pop len 500
Best Individual | TrAcc: 0.979899525642395, TrCE: 0.0763368159532547, VaAcc: 0.9766082167625427, VaCE: 0.06804819405078888
Generation: 76
TrAcc: 0.969325602054596 +- 0.01490286085754633	TrCE: 0.11503395438194275 +- 0.04393767938017845
VaAcc: 0.9731544852256775 +- 0.013234874233603477	Va_CE: 0.09130897372961044 +- 0.04347037151455879
Ancestors: 76.0 +- 0.0
pop len 500
Best Individual | TrAcc: 0.979899525642395, TrCE: 0.0763368159532547, VaAcc: 0.9766082167625427, VaCE: 0.06804820150136948
Generation: 77
TrAcc: 0.9683400988578796 +- 0.014254000969231129	TrCE: 0.11705855280160904 +- 0.04518711194396019
VaAcc: 0.9714702367782593 +- 0.012209640815854073	Va_CE: 0.09610641002655029 +- 0.0425783172249794
Ancestors: 77.0 +- 0.0
pop len 500
Best Individual | TrAcc: 0.979899525642395, TrCE: 0.0763368159532547, VaAcc: 0.9766082167625427, VaCE: 0.06804819405078888
Generation: 78
TrAcc: 0.9660784006118774 +- 0.029251478612422943	TrCE: 0.11941477656364441 +- 0.058471955358982086
VaAcc: 0.968381941318512 +- 0.027262525632977486	Va_CE: 0.1002553328871727 +- 0.06039046868681908
Ancestors: 78.0 +- 0.0
pop len 500
Best Individual | TrAcc: 0.979899525642395, TrCE: 0.0763368159532547, VaAcc: 0.9766082167625427, VaCE: 0.06804819405078888
Generation: 79
TrAcc: 0.967445969581604 +- 0.017526477575302124	TrCE: 0.11991163343191147 +- 0.052947647869586945
VaAcc: 0.9700784683227539 +- 0.014072250574827194	Va_CE: 0.09945543855428696 +- 0.04962902143597603
Ancestors: 79.0 +- 0.0
pop len 500
Best Individual | TrAcc: 0.9773869514465332, TrCE: 0.07218724489212036, VaAcc: 0.9824561476707458, VaCE: 0.058814529329538345
current_layer 0
Generation: 80
TrAcc: 0.9647775292396545 +- 0.029349667951464653	TrCE: 0.12102697789669037 +- 0.05863547325134277
VaAcc: 0.968277633190155 +- 0.02514229156076908	Va_CE: 0.09904084354639053 +- 0.05575704574584961
Ancestors: 80.0 +- 0.0
pop len 500
Best Individual | TrAcc: 0.979899525642395, TrCE: 0.07559564709663391, VaAcc: 0.9824561476707458, VaCE: 0.04020284116268158
Generation: 81
TrAcc: 0.9670534133911133 +- 0.028881514444947243	TrCE: 0.11794823408126831 +- 0.05918077751994133
VaAcc: 0.9700777530670166 +- 0.02492528222501278	Va_CE: 0.09644001722335815 +- 0.053466811776161194
Ancestors: 81.0 +- 0.0
pop len 500
Best Individual | TrAcc: 0.979899525642395, TrCE: 0.07559564709663391, VaAcc: 0.9824561476707458, VaCE: 0.04020284488797188
Generation: 82
TrAcc: 0.9658980965614319 +- 0.020837146788835526	TrCE: 0.12160071730613708 +- 0.0556555837392807
VaAcc: 0.9688973426818848 +- 0.018493665382266045	Va_CE: 0.1014840230345726 +- 0.05416442081332207
Ancestors: 82.0 +- 0.0
pop len 500
Best Individual | TrAcc: 0.979899525642395, TrCE: 0.0763368159532547, VaAcc: 0.9766082167625427, VaCE: 0.06804820150136948
Generation: 83
TrAcc: 0.9674660563468933 +- 0.02328282594680786	TrCE: 0.11851998418569565 +- 0.055766090750694275
VaAcc: 0.9695987701416016 +- 0.020565161481499672	Va_CE: 0.09814268350601196 +- 0.0534668006002903
Ancestors: 83.0 +- 0.0
pop len 500
Best Individual | TrAcc: 0.979899525642395, TrCE: 0.0763368159532547, VaAcc: 0.9766082167625427, VaCE: 0.06804820150136948
Generation: 84
TrAcc: 0.9668978452682495 +- 0.019639788195490837	TrCE: 0.11883598566055298 +- 0.04876679182052612
VaAcc: 0.969680666923523 +- 0.018861036747694016	Va_CE: 0.0986400842666626 +- 0.04958401620388031
Ancestors: 84.0 +- 0.0
pop len 500
Best Individual | TrAcc: 0.979899525642395, TrCE: 0.0763368234038353, VaAcc: 0.9766082167625427, VaCE: 0.06804819405078888
Generation: 85
TrAcc: 0.9648977518081665 +- 0.026330577209591866	TrCE: 0.1232251524925232 +- 0.0585775151848793
VaAcc: 0.9687217473983765 +- 0.021380579099059105	Va_CE: 0.10150237381458282 +- 0.05246337130665779
Ancestors: 85.0 +- 0.0
pop len 500
Best Individual | TrAcc: 0.9748743772506714, TrCE: 0.07587402313947678, VaAcc: 0.988304078578949, VaCE: 0.04417486488819122
Generation: 86
TrAcc: 0.966661810874939 +- 0.019459668546915054	TrCE: 0.1192941665649414 +- 0.04822582006454468
VaAcc: 0.97007817029953 +- 0.017191927880048752	Va_CE: 0.09656882286071777 +- 0.044752489775419235
Ancestors: 86.0 +- 0.0
pop len 500
Best Individual | TrAcc: 0.979899525642395, TrCE: 0.0763368159532547, VaAcc: 0.9766082167625427, VaCE: 0.06804820150136948
Generation: 87
TrAcc: 0.9670335054397583 +- 0.020001910626888275	TrCE: 0.117987260222435 +- 0.050992295145988464
VaAcc: 0.9696928262710571 +- 0.017688358202576637	Va_CE: 0.09772855043411255 +- 0.04839761555194855
Ancestors: 87.0 +- 0.0
pop len 500
Best Individual | TrAcc: 0.979899525642395, TrCE: 0.0763368159532547, VaAcc: 0.9766082167625427, VaCE: 0.06804819405078888
Generation: 88
TrAcc: 0.9690535664558411 +- 0.016749626025557518	TrCE: 0.11254715919494629 +- 0.04635494947433472
VaAcc: 0.9715635180473328 +- 0.012773418799042702	Va_CE: 0.09301332384347916 +- 0.041587211191654205
Ancestors: 88.0 +- 0.0
pop len 500
Best Individual | TrAcc: 0.979899525642395, TrCE: 0.0763368159532547, VaAcc: 0.9766082167625427, VaCE: 0.06804819405078888
Generation: 89
TrAcc: 0.9666665196418762 +- 0.017915697768330574	TrCE: 0.11983619630336761 +- 0.04822234436869621
VaAcc: 0.969271183013916 +- 0.015120640397071838	Va_CE: 0.10001564770936966 +- 0.045400865375995636
Ancestors: 89.0 +- 0.0
pop len 500
Best Individual | TrAcc: 0.979899525642395, TrCE: 0.0763368159532547, VaAcc: 0.9766082167625427, VaCE: 0.06804819405078888
current_layer 1
Generation: 90
TrAcc: 0.9672442674636841 +- 0.029711933806538582	TrCE: 0.11696943640708923 +- 0.05909137800335884
VaAcc: 0.9700893759727478 +- 0.026346329599618912	Va_CE: 0.09579577296972275 +- 0.056911807507276535
Ancestors: 90.0 +- 0.0
pop len 500
Best Individual | TrAcc: 0.979899525642395, TrCE: 0.0763368159532547, VaAcc: 0.9766082167625427, VaCE: 0.06804819405078888
Generation: 91
TrAcc: 0.9665309190750122 +- 0.018553154543042183	TrCE: 0.12164080142974854 +- 0.053587332367897034
VaAcc: 0.9693647027015686 +- 0.01654190383851528	Va_CE: 0.10203801095485687 +- 0.05184343829751015
Ancestors: 91.0 +- 0.0
pop len 500
Best Individual | TrAcc: 0.979899525642395, TrCE: 0.0763368159532547, VaAcc: 0.9766082167625427, VaCE: 0.06804820150136948
Generation: 92
TrAcc: 0.966209888458252 +- 0.023416707292199135	TrCE: 0.1220516562461853 +- 0.062057361006736755
VaAcc: 0.968944251537323 +- 0.021196655929088593	Va_CE: 0.10072283446788788 +- 0.05489860102534294
Ancestors: 92.0 +- 0.0
pop len 500
Best Individual | TrAcc: 0.9824120402336121, TrCE: 0.07333918660879135, VaAcc: 0.988304078578949, VaCE: 0.05205674096941948
Generation: 93
TrAcc: 0.9650994539260864 +- 0.023098357021808624	TrCE: 0.12441803514957428 +- 0.05873452126979828
VaAcc: 0.9684879183769226 +- 0.020370246842503548	Va_CE: 0.10333498567342758 +- 0.05459199100732803
Ancestors: 93.0 +- 0.0
pop len 500
Best Individual | TrAcc: 0.979899525642395, TrCE: 0.0763368159532547, VaAcc: 0.9766082167625427, VaCE: 0.06804819405078888
Generation: 94
TrAcc: 0.9671794772148132 +- 0.025266699492931366	TrCE: 0.1156272441148758 +- 0.04914309084415436
VaAcc: 0.9699023962020874 +- 0.022452417761087418	Va_CE: 0.09647250175476074 +- 0.04866468161344528
Ancestors: 94.0 +- 0.0
pop len 500
Best Individual | TrAcc: 0.979899525642395, TrCE: 0.0763368159532547, VaAcc: 0.9766082167625427, VaCE: 0.06804819405078888
Generation: 95
TrAcc: 0.9670737981796265 +- 0.01710634119808674	TrCE: 0.12109958380460739 +- 0.05348600074648857
VaAcc: 0.9701942801475525 +- 0.013577844016253948	Va_CE: 0.10081710666418076 +- 0.0498642735183239
Ancestors: 95.0 +- 0.0
pop len 500
Best Individual | TrAcc: 0.9773869514465332, TrCE: 0.07521665096282959, VaAcc: 0.9707602262496948, VaCE: 0.08696597069501877
Generation: 96
TrAcc: 0.9661340713500977 +- 0.025324035435914993	TrCE: 0.12247610837221146 +- 0.05771384760737419
VaAcc: 0.9694585800170898 +- 0.02199072577059269	Va_CE: 0.10087873786687851 +- 0.054229456931352615
Ancestors: 96.0 +- 0.0
pop len 500
Best Individual | TrAcc: 0.9773869514465332, TrCE: 0.0752166360616684, VaAcc: 0.9707602262496948, VaCE: 0.08696597069501877
Generation: 97
TrAcc: 0.9670340418815613 +- 0.01861497014760971	TrCE: 0.11789806932210922 +- 0.050223417580127716
VaAcc: 0.970101535320282 +- 0.016494374722242355	Va_CE: 0.09790623933076859 +- 0.04971717298030853
Ancestors: 97.0 +- 0.0
pop len 500
Best Individual | TrAcc: 0.9773869514465332, TrCE: 0.07521665096282959, VaAcc: 0.9707602262496948, VaCE: 0.08696597069501877
Generation: 98
TrAcc: 0.9674651622772217 +- 0.016244718804955482	TrCE: 0.11787115782499313 +- 0.04810816049575806
VaAcc: 0.9704407453536987 +- 0.01435678731650114	Va_CE: 0.09720547497272491 +- 0.04632947966456413
Ancestors: 98.0 +- 0.0
pop len 500
Best Individual | TrAcc: 0.9824120402336121, TrCE: 0.07564573734998703, VaAcc: 0.988304078578949, VaCE: 0.07100468873977661
Generation: 99
TrAcc: 0.96698397397995 +- 0.017448212951421738	TrCE: 0.11964509636163712 +- 0.04710470885038376
VaAcc: 0.9695284366607666 +- 0.01604289747774601	Va_CE: 0.10036440938711166 +- 0.048404425382614136
Ancestors: 99.0 +- 0.0
pop len 500
Best Individual | TrAcc: 0.9824120402336121, TrCE: 0.07564572989940643, VaAcc: 0.988304078578949, VaCE: 0.07100469619035721
current_layer 0
Mod Accuracy || Mean: 0.988304078578949	 Std: 0.0
