

config:

HOME=/clusterFS/home/student/kopp13
PATH=/clusterFS/home/student/kopp13/miniconda3/envs/tensorflow/bin:/clusterFS/home/student/kopp13/miniconda3/bin:/clusterFS/home/student/kopp13/bin:/usr/local/bin:/usr/bin:/bin:/usr/local/games:/usr/games
LD_LIBRARY_PATH=
THEANO_FLAGS=floatX=float32,gpuarray.preallocate=0.9,dnn.library_path=/usr/lib/x86_64-linux-gnu,cxx=clang++-3.8,device=cuda,base_compiledir=/tmp/tmp.Z45mk9vXE8
Pretrained network accuracy: 1.0
NN CONFIG
Weight-type:		binary
Layout									Layer #1: 30	Layer #2: 20	Layer #3: 2	
Activation Functions					Layer #1: bs	
Keep probabilities		Layer #0: 0.9	Layer #1: 1.0	
Flat factors							Layer #1: 1.0	Layer #2: 1.0	
Activation Noise						Layer #1: 0.0	Layer #2: 0.0	
Prior: 0.9

===================================

RUN CONFIG
Gibbs  Epochs: 0, Blocksize: 8

===================================

Gibbs Ensemble | Burn In: 30, Thinning: 3
GA Init Pop | Burn In: 100, Thinning: 10
Recombination Method: io_neuron, N_Neurons: 1, Layer-Wise: True
Gen Per Layer: 10, Layer Mutation: 0.03
Max GA Generations: 200, Population Size: 5000, Fit_Individuals: 1000, N_Recombinations: 2500
GA Ensemble | Burn In: 100, Thinning: 10
Epoch: 0, AccTr: 0.7160804271697998, AccVa: 0.719298243522644, CeTr: 0.8673272132873535, CeVa: 1.2443974018096924
Starting genetic algorithm
ga init pop len: 0
Generation: 0
TrAcc: 0.7749070525169373 +- 0.05635754391551018	TrCE: 0.9651680588722229 +- 0.2766571044921875
VaAcc: 0.7236835956573486 +- 0.059818483889102936	Va_CE: 1.3229745626449585 +- 0.36885902285575867
Ancestors: 0.0 +- 0.0
pop len 5000
Best Individual | TrAcc: 0.9221105575561523, TrCE: 0.344523549079895, VaAcc: 0.8771929740905762, VaCE: 0.643056333065033
Generation: 1
TrAcc: 0.841464638710022 +- 0.02652471326291561	TrCE: 0.6418428421020508 +- 0.08688607066869736
VaAcc: 0.7935370802879333 +- 0.03789231926202774	Va_CE: 0.9132364392280579 +- 0.17528769373893738
Ancestors: 1.0 +- 0.0
pop len 5000
Best Individual | TrAcc: 0.929648220539093, TrCE: 0.3185918927192688, VaAcc: 0.8947368264198303, VaCE: 0.44279858469963074
Generation: 2
TrAcc: 0.8689980506896973 +- 0.02310231141746044	TrCE: 0.5197836756706238 +- 0.06442350149154663
VaAcc: 0.8224894404411316 +- 0.033328499644994736	Va_CE: 0.7545751333236694 +- 0.1482156217098236
Ancestors: 2.0 +- 0.0
pop len 5000
Best Individual | TrAcc: 0.9246231317520142, TrCE: 0.2978169023990631, VaAcc: 0.9181286692619324, VaCE: 0.5056394338607788
Generation: 3
TrAcc: 0.893226146697998 +- 0.019992096349596977	TrCE: 0.43091899156570435 +- 0.05085550621151924
VaAcc: 0.8468518257141113 +- 0.02901342697441578	Va_CE: 0.6314195990562439 +- 0.12129122018814087
Ancestors: 3.0 +- 0.0
pop len 5000
Best Individual | TrAcc: 0.9447236061096191, TrCE: 0.2511093020439148, VaAcc: 0.8830409646034241, VaCE: 0.4715886116027832
Generation: 4
TrAcc: 0.9104093909263611 +- 0.01565331406891346	TrCE: 0.3689066171646118 +- 0.04097195714712143
VaAcc: 0.8640813231468201 +- 0.025728099048137665	Va_CE: 0.5544021129608154 +- 0.10853798687458038
Ancestors: 4.0 +- 0.0
pop len 5000
Best Individual | TrAcc: 0.9522613286972046, TrCE: 0.23284760117530823, VaAcc: 0.8888888955116272, VaCE: 0.3885103166103363
Generation: 5
TrAcc: 0.9214808344841003 +- 0.013429650105535984	TrCE: 0.32391902804374695 +- 0.035753242671489716
VaAcc: 0.8799196481704712 +- 0.024852948263287544	Va_CE: 0.515510618686676 +- 0.0966082289814949
Ancestors: 5.0 +- 0.0
pop len 5000
Best Individual | TrAcc: 0.9572864174842834, TrCE: 0.20302623510360718, VaAcc: 0.8947368264198303, VaCE: 0.45744243264198303
Generation: 6
TrAcc: 0.9306296706199646 +- 0.013011917471885681	TrCE: 0.2890072762966156 +- 0.03112027421593666
VaAcc: 0.8898024559020996 +- 0.023826375603675842	Va_CE: 0.48275673389434814 +- 0.09386283159255981
Ancestors: 6.0 +- 0.0
pop len 5000
Best Individual | TrAcc: 0.9597989916801453, TrCE: 0.18500986695289612, VaAcc: 0.9532163739204407, VaCE: 0.3056607246398926
Generation: 7
TrAcc: 0.937629222869873 +- 0.013453985564410686	TrCE: 0.26156896352767944 +- 0.02973107248544693
VaAcc: 0.8987017869949341 +- 0.023027654737234116	Va_CE: 0.4425734877586365 +- 0.08382455259561539
Ancestors: 7.0 +- 0.0
pop len 5000
Best Individual | TrAcc: 0.9547738432884216, TrCE: 0.174168661236763, VaAcc: 0.9239766001701355, VaCE: 0.37595295906066895
Generation: 8
TrAcc: 0.9435495138168335 +- 0.013844296336174011	TrCE: 0.23800349235534668 +- 0.025871429592370987
VaAcc: 0.9070636034011841 +- 0.024905143305659294	Va_CE: 0.40543171763420105 +- 0.0827254205942154
Ancestors: 8.0 +- 0.0
pop len 5000
Best Individual | TrAcc: 0.8969849348068237, TrCE: 0.16209357976913452, VaAcc: 0.8245614171028137, VaCE: 0.4691941440105438
Generation: 9
TrAcc: 0.9482232332229614 +- 0.01477256789803505	TrCE: 0.2196480929851532 +- 0.02530836872756481
VaAcc: 0.9114384651184082 +- 0.025773748755455017	Va_CE: 0.39198219776153564 +- 0.08124159276485443
Ancestors: 9.0 +- 0.0
pop len 5000
Best Individual | TrAcc: 0.9648241400718689, TrCE: 0.14131030440330505, VaAcc: 0.9181286692619324, VaCE: 0.36759865283966064
current_layer 1
Generation: 10
TrAcc: 0.9162458181381226 +- 0.03191924840211868	TrCE: 0.28885480761528015 +- 0.07706994563341141
VaAcc: 0.8861790299415588 +- 0.025934794917702675	Va_CE: 0.4315258264541626 +- 0.0738569125533104
Ancestors: 10.0 +- 0.0
pop len 5000
Best Individual | TrAcc: 0.8869346976280212, TrCE: 0.19864465296268463, VaAcc: 0.8654970526695251, VaCE: 0.3650718331336975
Generation: 11
TrAcc: 0.9509626030921936 +- 0.008649843744933605	TrCE: 0.22331911325454712 +- 0.005803637206554413
VaAcc: 0.9114983677864075 +- 0.006334728095680475	Va_CE: 0.3787221312522888 +- 0.007708042394369841
Ancestors: 11.0 +- 0.0
pop len 5000
Best Individual | TrAcc: 0.9623115658760071, TrCE: 0.19160479307174683, VaAcc: 0.9122806787490845, VaCE: 0.39582064747810364
Generation: 12
TrAcc: 0.9496374130249023 +- 0.013086020015180111	TrCE: 0.22298264503479004 +- 0.006357693579047918
VaAcc: 0.9106552600860596 +- 0.009931319393217564	Va_CE: 0.37864580750465393 +- 0.011886405758559704
Ancestors: 12.0 +- 0.0
pop len 5000
Best Individual | TrAcc: 0.8819095492362976, TrCE: 0.18180862069129944, VaAcc: 0.8654970526695251, VaCE: 0.35550910234451294
Generation: 13
TrAcc: 0.943247377872467 +- 0.024180781096220016	TrCE: 0.22149614989757538 +- 0.009375923313200474
VaAcc: 0.9060400128364563 +- 0.018637482076883316	Va_CE: 0.38026732206344604 +- 0.022016026079654694
Ancestors: 13.0 +- 0.0
pop len 5000
Best Individual | TrAcc: 0.8994975090026855, TrCE: 0.1574195921421051, VaAcc: 0.8538011908531189, VaCE: 0.37929150462150574
Generation: 14
TrAcc: 0.9232379794120789 +- 0.036737579852342606	TrCE: 0.21497824788093567 +- 0.014571270905435085
VaAcc: 0.8923496007919312 +- 0.029889235273003578	Va_CE: 0.376099556684494 +- 0.0324789434671402
Ancestors: 14.0 +- 0.0
pop len 5000
Best Individual | TrAcc: 0.8994975090026855, TrCE: 0.1574195921421051, VaAcc: 0.8538011908531189, VaCE: 0.37929150462150574
Generation: 15
TrAcc: 0.9039851427078247 +- 0.03487735241651535	TrCE: 0.20066960155963898 +- 0.01076127216219902
VaAcc: 0.8749620914459229 +- 0.02810814045369625	Va_CE: 0.37190982699394226 +- 0.026558274403214455
Ancestors: 15.0 +- 0.0
pop len 5000
Best Individual | TrAcc: 0.8994975090026855, TrCE: 0.1574195921421051, VaAcc: 0.8538011908531189, VaCE: 0.37929150462150574
Generation: 16
TrAcc: 0.9287721514701843 +- 0.03449072688817978	TrCE: 0.18992091715335846 +- 0.012642954476177692
VaAcc: 0.8915128111839294 +- 0.025530552491545677	Va_CE: 0.3802984356880188 +- 0.02384474314749241
Ancestors: 16.0 +- 0.0
pop len 5000
Best Individual | TrAcc: 0.9045225977897644, TrCE: 0.1480122059583664, VaAcc: 0.8771929740905762, VaCE: 0.34825262427330017
Generation: 17
TrAcc: 0.9100621938705444 +- 0.0314304418861866	TrCE: 0.17865587770938873 +- 0.01410567108541727
VaAcc: 0.8778758645057678 +- 0.02611520327627659	Va_CE: 0.37107136845588684 +- 0.022902607917785645
Ancestors: 17.0 +- 0.0
pop len 5000
Best Individual | TrAcc: 0.9045225977897644, TrCE: 0.1480122059583664, VaAcc: 0.8771929740905762, VaCE: 0.34825262427330017
Generation: 18
TrAcc: 0.895530641078949 +- 0.007977512665092945	TrCE: 0.1608230173587799 +- 0.006621407810598612
VaAcc: 0.8553143739700317 +- 0.008041604422032833	Va_CE: 0.3838219940662384 +- 0.012812647968530655
Ancestors: 18.0 +- 0.0
pop len 5000
Best Individual | TrAcc: 0.9120603203773499, TrCE: 0.14163389801979065, VaAcc: 0.8830409646034241, VaCE: 0.3233979344367981
Generation: 19
TrAcc: 0.8997765779495239 +- 0.003593283938243985	TrCE: 0.15793314576148987 +- 0.005815387703478336
VaAcc: 0.8548258543014526 +- 0.005193095654249191	Va_CE: 0.37905430793762207 +- 0.011528468690812588
Ancestors: 19.0 +- 0.0
pop len 5000
Best Individual | TrAcc: 0.9120603203773499, TrCE: 0.14163389801979065, VaAcc: 0.8830409646034241, VaCE: 0.3233979344367981
current_layer 0
Generation: 20
TrAcc: 0.9004285335540771 +- 0.026376333087682724	TrCE: 0.31001368165016174 +- 0.07794327288866043
VaAcc: 0.8722818493843079 +- 0.030866630375385284	Va_CE: 0.4573200047016144 +- 0.10568423569202423
Ancestors: 20.0 +- 0.0
pop len 5000
Best Individual | TrAcc: 0.929648220539093, TrCE: 0.1269732266664505, VaAcc: 0.8771929740905762, VaCE: 0.4622812569141388
Generation: 21
TrAcc: 0.9082745313644409 +- 0.022667940706014633	TrCE: 0.22364909946918488 +- 0.025190383195877075
VaAcc: 0.8756433725357056 +- 0.027759850025177002	Va_CE: 0.40087708830833435 +- 0.07071464508771896
Ancestors: 21.0 +- 0.0
pop len 5000
Best Individual | TrAcc: 0.9371859431266785, TrCE: 0.12648704648017883, VaAcc: 0.871345043182373, VaCE: 0.46029070019721985
Generation: 22
TrAcc: 0.9115906953811646 +- 0.02085285261273384	TrCE: 0.19169552624225616 +- 0.018234118819236755
VaAcc: 0.8758617043495178 +- 0.02550610713660717	Va_CE: 0.3842686414718628 +- 0.06450913101434708
Ancestors: 22.0 +- 0.0
pop len 5000
Best Individual | TrAcc: 0.9346733689308167, TrCE: 0.1081923171877861, VaAcc: 0.8771929740905762, VaCE: 0.44000425934791565
Generation: 23
TrAcc: 0.9149848818778992 +- 0.018259987235069275	TrCE: 0.1705779880285263 +- 0.01581122726202011
VaAcc: 0.8749443292617798 +- 0.022551938891410828	Va_CE: 0.37831032276153564 +- 0.06004015728831291
Ancestors: 23.0 +- 0.0
pop len 5000
Best Individual | TrAcc: 0.9422110319137573, TrCE: 0.09145772457122803, VaAcc: 0.8771929740905762, VaCE: 0.45407792925834656
Generation: 24
TrAcc: 0.9214829802513123 +- 0.01808307133615017	TrCE: 0.1542230248451233 +- 0.015610882081091404
VaAcc: 0.8777883648872375 +- 0.020620932802557945	Va_CE: 0.3771897852420807 +- 0.06544976681470871
Ancestors: 24.0 +- 0.0
pop len 5000
Best Individual | TrAcc: 0.9422110319137573, TrCE: 0.09145772457122803, VaAcc: 0.8771929740905762, VaCE: 0.45407792925834656
Generation: 25
TrAcc: 0.9263113141059875 +- 0.016095058992505074	TrCE: 0.14070841670036316 +- 0.01622939109802246
VaAcc: 0.8797330260276794 +- 0.019251007586717606	Va_CE: 0.4025358259677887 +- 0.07001448422670364
Ancestors: 25.0 +- 0.0
pop len 5000
Best Individual | TrAcc: 0.9447236061096191, TrCE: 0.08018643409013748, VaAcc: 0.8888888955116272, VaCE: 0.45625340938568115
Generation: 26
TrAcc: 0.9305043816566467 +- 0.012617744505405426	TrCE: 0.12917213141918182 +- 0.015249432064592838
VaAcc: 0.8791815638542175 +- 0.017103558406233788	Va_CE: 0.4157993197441101 +- 0.0638425275683403
Ancestors: 26.0 +- 0.0
pop len 5000
Best Individual | TrAcc: 0.9447236061096191, TrCE: 0.08018643409013748, VaAcc: 0.8888888955116272, VaCE: 0.45625340938568115
Generation: 27
TrAcc: 0.9347608685493469 +- 0.011480715125799179	TrCE: 0.1163998395204544 +- 0.01440975908190012
VaAcc: 0.8780301809310913 +- 0.016536494717001915	Va_CE: 0.4206911623477936 +- 0.06113826110959053
Ancestors: 27.0 +- 0.0
pop len 5000
Best Individual | TrAcc: 0.9447236061096191, TrCE: 0.08018643409013748, VaAcc: 0.8888888955116272, VaCE: 0.45625340938568115
Generation: 28
TrAcc: 0.9390954375267029 +- 0.008575146086513996	TrCE: 0.10137590020895004 +- 0.010942806489765644
VaAcc: 0.8771095871925354 +- 0.011942658573389053	Va_CE: 0.43335917592048645 +- 0.0404091402888298
Ancestors: 28.0 +- 0.0
pop len 5000
Best Individual | TrAcc: 0.9547738432884216, TrCE: 0.07376748323440552, VaAcc: 0.8830409646034241, VaCE: 0.46453019976615906
Generation: 29
TrAcc: 0.9430486559867859 +- 0.004328454378992319	TrCE: 0.09048547595739365 +- 0.006389310117810965
VaAcc: 0.8784618973731995 +- 0.005589594133198261	Va_CE: 0.4510197639465332 +- 0.018012700602412224
Ancestors: 29.0 +- 0.0
pop len 5000
Best Individual | TrAcc: 0.9597989916801453, TrCE: 0.0663284882903099, VaAcc: 0.8830409646034241, VaCE: 0.4776488244533539
current_layer 1
Generation: 30
TrAcc: 0.9451322555541992 +- 0.02159867063164711	TrCE: 0.1324329525232315 +- 0.058817144483327866
VaAcc: 0.8821526169776917 +- 0.017068304121494293	Va_CE: 0.4934418797492981 +- 0.0559941790997982
Ancestors: 30.0 +- 0.0
pop len 5000
Best Individual | TrAcc: 0.947236180305481, TrCE: 0.08086180686950684, VaAcc: 0.8771929740905762, VaCE: 0.46722671389579773
Generation: 31
TrAcc: 0.9471307396888733 +- 0.0028160936199128628	TrCE: 0.08201941102743149 +- 0.006622771266847849
VaAcc: 0.8772376179695129 +- 0.002556519117206335	Va_CE: 0.4675004482269287 +- 0.007948322221636772
Ancestors: 31.0 +- 0.0
pop len 5000
Best Individual | TrAcc: 0.9447236061096191, TrCE: 0.07328255474567413, VaAcc: 0.871345043182373, VaCE: 0.5072734355926514
Generation: 32
TrAcc: 0.9471334218978882 +- 0.0023708033841103315	TrCE: 0.08158472180366516 +- 0.004843445494771004
VaAcc: 0.8771978616714478 +- 0.0021629182156175375	Va_CE: 0.46703729033470154 +- 0.008135024458169937
Ancestors: 32.0 +- 0.0
pop len 5000
Best Individual | TrAcc: 0.9447236061096191, TrCE: 0.07328255474567413, VaAcc: 0.871345043182373, VaCE: 0.5072734355926514
Generation: 33
TrAcc: 0.9472715854644775 +- 0.0025597061030566692	TrCE: 0.08131692558526993 +- 0.004582662601023912
VaAcc: 0.8773557543754578 +- 0.0024513169191777706	Va_CE: 0.4661177098751068 +- 0.011644589714705944
Ancestors: 33.0 +- 0.0
pop len 5000
Best Individual | TrAcc: 0.9597989916801453, TrCE: 0.06911996006965637, VaAcc: 0.8830409646034241, VaCE: 0.4775279462337494
Generation: 34
TrAcc: 0.9479866027832031 +- 0.003789074020460248	TrCE: 0.08039861172437668 +- 0.004464755300432444
VaAcc: 0.878250002861023 +- 0.0035330906976014376	Va_CE: 0.462009072303772 +- 0.02283475548028946
Ancestors: 34.0 +- 0.0
pop len 5000
Best Individual | TrAcc: 0.9597989916801453, TrCE: 0.06911996006965637, VaAcc: 0.8830409646034241, VaCE: 0.4775279462337494
Generation: 35
TrAcc: 0.9471932649612427 +- 0.004223209340125322	TrCE: 0.07787567377090454 +- 0.004963975865393877
VaAcc: 0.8780297040939331 +- 0.004603555426001549	Va_CE: 0.476382315158844 +- 0.031883127987384796
Ancestors: 35.0 +- 0.0
pop len 5000
Best Individual | TrAcc: 0.9572864174842834, TrCE: 0.06378890573978424, VaAcc: 0.8830409646034241, VaCE: 0.519601583480835
Generation: 36
TrAcc: 0.944789469242096 +- 0.002930391114205122	TrCE: 0.07545369118452072 +- 0.004960032645612955
VaAcc: 0.8750292062759399 +- 0.004012926481664181	Va_CE: 0.5083960890769958 +- 0.009684407152235508
Ancestors: 36.0 +- 0.0
pop len 5000
Best Individual | TrAcc: 0.9572864174842834, TrCE: 0.06378890573978424, VaAcc: 0.8830409646034241, VaCE: 0.519601583480835
Generation: 37
TrAcc: 0.9456908106803894 +- 0.004514179192483425	TrCE: 0.07381198555231094 +- 0.0053931851871311665
VaAcc: 0.872444748878479 +- 0.004682812839746475	Va_CE: 0.5041333436965942 +- 0.013121994212269783
Ancestors: 37.0 +- 0.0
pop len 5000
Best Individual | TrAcc: 0.9572864174842834, TrCE: 0.06225422024726868, VaAcc: 0.8771929740905762, VaCE: 0.5168255567550659
Generation: 38
TrAcc: 0.9502195119857788 +- 0.006789637729525566	TrCE: 0.07246717065572739 +- 0.0059281704016029835
VaAcc: 0.8774391412734985 +- 0.007290136534720659	Va_CE: 0.49151694774627686 +- 0.021092575043439865
Ancestors: 38.0 +- 0.0
pop len 5000
Best Individual | TrAcc: 0.9572864174842834, TrCE: 0.06225422024726868, VaAcc: 0.8771929740905762, VaCE: 0.5168255567550659
Generation: 39
TrAcc: 0.9589846730232239 +- 0.002655249321833253	TrCE: 0.0691189393401146 +- 0.0045186979696154594
VaAcc: 0.8826809525489807 +- 0.0028331901412457228	Va_CE: 0.4829633831977844 +- 0.01593727618455887
Ancestors: 39.0 +- 0.0
pop len 5000
Best Individual | TrAcc: 0.9597989916801453, TrCE: 0.06063930317759514, VaAcc: 0.8771929740905762, VaCE: 0.5190372467041016
current_layer 0
Generation: 40
TrAcc: 0.9138465523719788 +- 0.024070637300610542	TrCE: 0.2119857370853424 +- 0.07510488480329514
VaAcc: 0.8662123084068298 +- 0.027330277487635612	Va_CE: 0.4954162538051605 +- 0.10305972397327423
Ancestors: 40.0 +- 0.0
pop len 5000
Best Individual | TrAcc: 0.9597989916801453, TrCE: 0.06622295081615448, VaAcc: 0.871345043182373, VaCE: 0.4446865916252136
Generation: 41
TrAcc: 0.9323300719261169 +- 0.014560041017830372	TrCE: 0.1323452740907669 +- 0.021818943321704865
VaAcc: 0.875802755355835 +- 0.02161005325615406	Va_CE: 0.460693359375 +- 0.07372669130563736
Ancestors: 41.0 +- 0.0
pop len 5000
Best Individual | TrAcc: 0.9597989916801453, TrCE: 0.06622295081615448, VaAcc: 0.871345043182373, VaCE: 0.4446865916252136
Generation: 42
TrAcc: 0.9422520399093628 +- 0.012453249655663967	TrCE: 0.10326729714870453 +- 0.014995599165558815
VaAcc: 0.877699613571167 +- 0.019153770059347153	Va_CE: 0.4622933566570282 +- 0.06706959754228592
Ancestors: 42.0 +- 0.0
pop len 5000
Best Individual | TrAcc: 0.9723618030548096, TrCE: 0.058719437569379807, VaAcc: 0.9122806787490845, VaCE: 0.44636374711990356
Generation: 43
TrAcc: 0.949853241443634 +- 0.010349025018513203	TrCE: 0.0850817859172821 +- 0.010196687653660774
VaAcc: 0.8810786008834839 +- 0.017045462504029274	Va_CE: 0.47163715958595276 +- 0.06119881942868233
Ancestors: 43.0 +- 0.0
pop len 5000
Best Individual | TrAcc: 0.9572864174842834, TrCE: 0.05481228604912758, VaAcc: 0.847953200340271, VaCE: 0.446620911359787
Generation: 44
TrAcc: 0.9546850323677063 +- 0.007795216981321573	TrCE: 0.0744125097990036 +- 0.007934249006211758
VaAcc: 0.8809433579444885 +- 0.01787620224058628	Va_CE: 0.48214012384414673 +- 0.07414074242115021
Ancestors: 44.0 +- 0.0
pop len 5000
Best Individual | TrAcc: 0.9623115658760071, TrCE: 0.049063052982091904, VaAcc: 0.8888888955116272, VaCE: 0.4603865444660187
Generation: 45
TrAcc: 0.9582153558731079 +- 0.0068567837588489056	TrCE: 0.06767059862613678 +- 0.006955716758966446
VaAcc: 0.8781433701515198 +- 0.017731469124555588	Va_CE: 0.4903576076030731 +- 0.07042818516492844
Ancestors: 45.0 +- 0.0
pop len 5000
Best Individual | TrAcc: 0.9673366546630859, TrCE: 0.0486132837831974, VaAcc: 0.8947368264198303, VaCE: 0.42240050435066223
Generation: 46
TrAcc: 0.9598451852798462 +- 0.0069109052419662476	TrCE: 0.0626024454832077 +- 0.007027741055935621
VaAcc: 0.8805366158485413 +- 0.01873590052127838	Va_CE: 0.49554702639579773 +- 0.07377851754426956
Ancestors: 46.0 +- 0.0
pop len 5000
Best Individual | TrAcc: 0.9748743772506714, TrCE: 0.04534913972020149, VaAcc: 0.8888888955116272, VaCE: 0.39799588918685913
Generation: 47
TrAcc: 0.9629721641540527 +- 0.007006123661994934	TrCE: 0.05808516964316368 +- 0.006779775954782963
VaAcc: 0.8796226382255554 +- 0.021805038675665855	Va_CE: 0.4809679090976715 +- 0.06026257947087288
Ancestors: 47.0 +- 0.0
pop len 5000
Best Individual | TrAcc: 0.9723618030548096, TrCE: 0.0435539074242115, VaAcc: 0.859649121761322, VaCE: 0.5077272653579712
Generation: 48
TrAcc: 0.9649322032928467 +- 0.005392851773649454	TrCE: 0.05342217907309532 +- 0.0058518024161458015
VaAcc: 0.8799917697906494 +- 0.017394091933965683	Va_CE: 0.48576298356056213 +- 0.05871707201004028
Ancestors: 48.0 +- 0.0
pop len 5000
Best Individual | TrAcc: 0.979899525642395, TrCE: 0.039258018136024475, VaAcc: 0.9122806787490845, VaCE: 0.4050772190093994
Generation: 49
TrAcc: 0.9668666124343872 +- 0.005614143330603838	TrCE: 0.050012003630399704 +- 0.005678706802427769
VaAcc: 0.8900770545005798 +- 0.01528331357985735	Va_CE: 0.45547837018966675 +- 0.052438221871852875
Ancestors: 49.0 +- 0.0
pop len 5000
Best Individual | TrAcc: 0.979899525642395, TrCE: 0.03870594501495361, VaAcc: 0.8830409646034241, VaCE: 0.39119237661361694
current_layer 1
Generation: 50
TrAcc: 0.9615349769592285 +- 0.024567382410168648	TrCE: 0.09064140915870667 +- 0.052796874195337296
VaAcc: 0.888989269733429 +- 0.020433593541383743	Va_CE: 0.4804190993309021 +- 0.07185553759336472
Ancestors: 50.0 +- 0.0
pop len 5000
Best Individual | TrAcc: 0.9748743772506714, TrCE: 0.045616354793310165, VaAcc: 0.8830409646034241, VaCE: 0.4546566307544708
Generation: 51
TrAcc: 0.9745643734931946 +- 0.002165804384276271	TrCE: 0.04663793370127678 +- 0.0053407070226967335
VaAcc: 0.8833067417144775 +- 0.0036146976053714752	Va_CE: 0.45502015948295593 +- 0.008826191537082195
Ancestors: 51.0 +- 0.0
pop len 5000
Best Individual | TrAcc: 0.9773869514465332, TrCE: 0.04102010279893875, VaAcc: 0.9005848169326782, VaCE: 0.42747774720191956
Generation: 52
TrAcc: 0.9745935797691345 +- 0.0021027657203376293	TrCE: 0.046782221645116806 +- 0.005734267178922892
VaAcc: 0.8835409283638 +- 0.004317950457334518	Va_CE: 0.45545801520347595 +- 0.012265983037650585
Ancestors: 52.0 +- 0.0
pop len 5000
Best Individual | TrAcc: 0.9773869514465332, TrCE: 0.04102010279893875, VaAcc: 0.9005848169326782, VaCE: 0.42747774720191956
Generation: 53
TrAcc: 0.9746951460838318 +- 0.0019317831611260772	TrCE: 0.0468660444021225 +- 0.006280489731580019
VaAcc: 0.8841692209243774 +- 0.005924884229898453	Va_CE: 0.45525312423706055 +- 0.013694080524146557
Ancestors: 53.0 +- 0.0
pop len 5000
Best Individual | TrAcc: 0.9773869514465332, TrCE: 0.04102010279893875, VaAcc: 0.9005848169326782, VaCE: 0.42747774720191956
Generation: 54
TrAcc: 0.9747999906539917 +- 0.0031872938852757215	TrCE: 0.04759771749377251 +- 0.009749216958880424
VaAcc: 0.886597752571106 +- 0.00914114248007536	Va_CE: 0.4566424787044525 +- 0.02327572926878929
Ancestors: 54.0 +- 0.0
pop len 5000
Best Individual | TrAcc: 0.9773869514465332, TrCE: 0.040245890617370605, VaAcc: 0.9005848169326782, VaCE: 0.42539581656455994
Generation: 55
TrAcc: 0.97542804479599 +- 0.002293164376169443	TrCE: 0.04398469999432564 +- 0.004828072153031826
VaAcc: 0.895144522190094 +- 0.0074402508325874805	Va_CE: 0.4432288706302643 +- 0.01693694479763508
Ancestors: 55.0 +- 0.0
pop len 5000
Best Individual | TrAcc: 0.979899525642395, TrCE: 0.03777403384447098, VaAcc: 0.9005848169326782, VaCE: 0.42620113492012024
Generation: 56
TrAcc: 0.9771041870117188 +- 0.0018530060769990087	TrCE: 0.04205618426203728 +- 0.0043856240808963776
VaAcc: 0.8987417817115784 +- 0.003579244250431657	Va_CE: 0.43977537751197815 +- 0.01940756104886532
Ancestors: 56.0 +- 0.0
pop len 5000
Best Individual | TrAcc: 0.979899525642395, TrCE: 0.03777403384447098, VaAcc: 0.9005848169326782, VaCE: 0.42620113492012024
Generation: 57
TrAcc: 0.9771761894226074 +- 0.001585962949320674	TrCE: 0.041588496416807175 +- 0.0037139514461159706
VaAcc: 0.9005838632583618 +- 0.002384065417572856	Va_CE: 0.42746612429618835 +- 0.0077485921792685986
Ancestors: 57.0 +- 0.0
pop len 5000
Best Individual | TrAcc: 0.979899525642395, TrCE: 0.03777403384447098, VaAcc: 0.9005848169326782, VaCE: 0.42620113492012024
Generation: 58
TrAcc: 0.9772107601165771 +- 0.0017372212605550885	TrCE: 0.04139597713947296 +- 0.00368856661953032
VaAcc: 0.9006105661392212 +- 0.002557062776759267	Va_CE: 0.4268763065338135 +- 0.007906842045485973
Ancestors: 58.0 +- 0.0
pop len 5000
Best Individual | TrAcc: 0.979899525642395, TrCE: 0.03777403384447098, VaAcc: 0.9005848169326782, VaCE: 0.42620113492012024
Generation: 59
TrAcc: 0.9775006771087646 +- 0.0019498290494084358	TrCE: 0.040676698088645935 +- 0.0038550752215087414
VaAcc: 0.900553822517395 +- 0.0026821400970220566	Va_CE: 0.42562589049339294 +- 0.008261128328740597
Ancestors: 59.0 +- 0.0
pop len 5000
Best Individual | TrAcc: 0.9824120402336121, TrCE: 0.03568295016884804, VaAcc: 0.9005848169326782, VaCE: 0.411823034286499
current_layer 0
Generation: 60
TrAcc: 0.9285032153129578 +- 0.0212537981569767	TrCE: 0.17434951663017273 +- 0.06129012629389763
VaAcc: 0.8809230327606201 +- 0.026619167998433113	Va_CE: 0.4447038471698761 +- 0.09534383565187454
Ancestors: 60.0 +- 0.0
pop len 5000
Best Individual | TrAcc: 0.9673366546630859, TrCE: 0.055956240743398666, VaAcc: 0.8830409646034241, VaCE: 0.462759405374527
Generation: 61
TrAcc: 0.9477604627609253 +- 0.012018771842122078	TrCE: 0.10564561933279037 +- 0.019229931756854057
VaAcc: 0.8899367451667786 +- 0.02066555991768837	Va_CE: 0.41744866967201233 +- 0.07134189456701279
Ancestors: 61.0 +- 0.0
pop len 5000
Best Individual | TrAcc: 0.979899525642395, TrCE: 0.04402965307235718, VaAcc: 0.9122806787490845, VaCE: 0.4546581506729126
Generation: 62
TrAcc: 0.9581150412559509 +- 0.009079834446310997	TrCE: 0.07997049391269684 +- 0.013001165352761745
VaAcc: 0.8932030200958252 +- 0.01842813566327095	Va_CE: 0.4111950099468231 +- 0.06163175404071808
Ancestors: 62.0 +- 0.0
pop len 5000
Best Individual | TrAcc: 0.9824120402336121, TrCE: 0.03866568207740784, VaAcc: 0.8888888955116272, VaCE: 0.42928746342658997
Generation: 63
TrAcc: 0.9656397700309753 +- 0.006557051558047533	TrCE: 0.06442616879940033 +- 0.009441637434065342
VaAcc: 0.895606279373169 +- 0.016645362600684166	Va_CE: 0.4168583154678345 +- 0.05762872099876404
Ancestors: 63.0 +- 0.0
pop len 5000
Best Individual | TrAcc: 0.9824120402336121, TrCE: 0.037735141813755035, VaAcc: 0.8888888955116272, VaCE: 0.42050424218177795
Generation: 64
TrAcc: 0.9695563316345215 +- 0.005608406383544207	TrCE: 0.054720427840948105 +- 0.007826444692909718
VaAcc: 0.8968690633773804 +- 0.014207379892468452	Va_CE: 0.42061904072761536 +- 0.04954025149345398
Ancestors: 64.0 +- 0.0
pop len 5000
Best Individual | TrAcc: 0.9824120402336121, TrCE: 0.03655178099870682, VaAcc: 0.9064327478408813, VaCE: 0.4388679265975952
Generation: 65
TrAcc: 0.9730897545814514 +- 0.00459052762016654	TrCE: 0.04700130224227905 +- 0.006396265234798193
VaAcc: 0.8982347846031189 +- 0.012240167707204819	Va_CE: 0.4145989716053009 +- 0.044664088636636734
Ancestors: 65.0 +- 0.0
pop len 5000
Best Individual | TrAcc: 0.9849246144294739, TrCE: 0.03169409930706024, VaAcc: 0.8888888955116272, VaCE: 0.43412891030311584
Generation: 66
TrAcc: 0.9757080078125 +- 0.004071041941642761	TrCE: 0.04260711371898651 +- 0.005910392850637436
VaAcc: 0.9005556702613831 +- 0.00970255397260189	Va_CE: 0.4105265736579895 +- 0.03415071591734886
Ancestors: 66.0 +- 0.0
pop len 5000
Best Individual | TrAcc: 0.9849246144294739, TrCE: 0.03111923485994339, VaAcc: 0.9005848169326782, VaCE: 0.35834285616874695
Generation: 67
TrAcc: 0.9769496917724609 +- 0.004806809592992067	TrCE: 0.041063662618398666 +- 0.007082069758325815
VaAcc: 0.8984413146972656 +- 0.010320087894797325	Va_CE: 0.4017096161842346 +- 0.03295186534523964
Ancestors: 67.0 +- 0.0
pop len 5000
Best Individual | TrAcc: 0.9874371886253357, TrCE: 0.029253125190734863, VaAcc: 0.9064327478408813, VaCE: 0.39893388748168945
Generation: 68
TrAcc: 0.9793848395347595 +- 0.00462299631908536	TrCE: 0.03840985894203186 +- 0.006525020580738783
VaAcc: 0.8988478779792786 +- 0.012082940898835659	Va_CE: 0.39896559715270996 +- 0.044208355247974396
Ancestors: 68.0 +- 0.0
pop len 5000
Best Individual | TrAcc: 0.9874371886253357, TrCE: 0.025921108201146126, VaAcc: 0.9181286692619324, VaCE: 0.49313005805015564
Generation: 69
TrAcc: 0.9817860126495361 +- 0.004092308226972818	TrCE: 0.035806022584438324 +- 0.006565873045474291
VaAcc: 0.8994086980819702 +- 0.012445365078747272	Va_CE: 0.40858590602874756 +- 0.03000522404909134
Ancestors: 69.0 +- 0.0
pop len 5000
Best Individual | TrAcc: 0.9874371886253357, TrCE: 0.025405507534742355, VaAcc: 0.8947368264198303, VaCE: 0.419078528881073
current_layer 1
Generation: 70
TrAcc: 0.9722387790679932 +- 0.018571244552731514	TrCE: 0.06570382416248322 +- 0.04387549310922623
VaAcc: 0.9042262434959412 +- 0.01852564327418804	Va_CE: 0.4309902489185333 +- 0.06373976171016693
Ancestors: 70.0 +- 0.0
pop len 5000
Best Individual | TrAcc: 0.9899497628211975, TrCE: 0.02447279542684555, VaAcc: 0.9122806787490845, VaCE: 0.39787209033966064
Generation: 71
TrAcc: 0.982847273349762 +- 0.003636386478319764	TrCE: 0.03093358688056469 +- 0.004396808799356222
VaAcc: 0.9063172936439514 +- 0.002470201812684536	Va_CE: 0.4133114218711853 +- 0.012911356985569
Ancestors: 71.0 +- 0.0
pop len 5000
Best Individual | TrAcc: 0.9899497628211975, TrCE: 0.02447279542684555, VaAcc: 0.9122806787490845, VaCE: 0.39787209033966064
Generation: 72
TrAcc: 0.9853042960166931 +- 0.006427748128771782	TrCE: 0.03031138889491558 +- 0.004667227156460285
VaAcc: 0.9062390327453613 +- 0.0029746012296527624	Va_CE: 0.4218309223651886 +- 0.02283608727157116
Ancestors: 72.0 +- 0.0
pop len 5000
Best Individual | TrAcc: 0.9974874258041382, TrCE: 0.02205190248787403, VaAcc: 0.9298245906829834, VaCE: 0.3591565191745758
Generation: 73
TrAcc: 0.9965061545372009 +- 0.0038921821396797895	TrCE: 0.027357107028365135 +- 0.004820648115128279
VaAcc: 0.9063441157341003 +- 0.0034704082645475864	Va_CE: 0.45764708518981934 +- 0.018899522721767426
Ancestors: 73.0 +- 0.0
pop len 5000
Best Individual | TrAcc: 1.0, TrCE: 0.020103799179196358, VaAcc: 0.9005848169326782, VaCE: 0.4797390103340149
Generation: 74
TrAcc: 0.9949520230293274 +- 0.00500310817733407	TrCE: 0.02684090845286846 +- 0.004663707688450813
VaAcc: 0.9068559408187866 +- 0.00464296480640769	Va_CE: 0.4440391957759857 +- 0.03229301795363426
Ancestors: 74.0 +- 0.0
pop len 5000
Best Individual | TrAcc: 1.0, TrCE: 0.019833777099847794, VaAcc: 0.9064327478408813, VaCE: 0.44319817423820496
Generation: 75
TrAcc: 0.9907206296920776 +- 0.003801917191594839	TrCE: 0.025190629065036774 +- 0.0038970529567450285
VaAcc: 0.9104716777801514 +- 0.006310377735644579	Va_CE: 0.40120911598205566 +- 0.025703364983201027
Ancestors: 75.0 +- 0.0
pop len 5000
Best Individual | TrAcc: 1.0, TrCE: 0.01966932602226734, VaAcc: 0.9064327478408813, VaCE: 0.436120867729187
Generation: 76
TrAcc: 0.9918866157531738 +- 0.004720225930213928	TrCE: 0.024657167494297028 +- 0.004953843075782061
VaAcc: 0.9107238054275513 +- 0.007997415959835052	Va_CE: 0.40457895398139954 +- 0.04008143022656441
Ancestors: 76.0 +- 0.0
pop len 5000
Best Individual | TrAcc: 1.0, TrCE: 0.018494393676519394, VaAcc: 0.9005848169326782, VaCE: 0.4694567620754242
Generation: 77
TrAcc: 0.9948611259460449 +- 0.004577383864670992	TrCE: 0.02251184731721878 +- 0.005533562507480383
VaAcc: 0.9143245816230774 +- 0.011824054643511772	Va_CE: 0.38019227981567383 +- 0.0433223731815815
Ancestors: 77.0 +- 0.0
pop len 5000
Best Individual | TrAcc: 0.9949748516082764, TrCE: 0.017273057252168655, VaAcc: 0.9064327478408813, VaCE: 0.3378903269767761
Generation: 78
TrAcc: 0.9931909441947937 +- 0.0031680718529969454	TrCE: 0.020860128104686737 +- 0.0038567271549254656
VaAcc: 0.9061872363090515 +- 0.003387052332982421	Va_CE: 0.36219701170921326 +- 0.03451799973845482
Ancestors: 78.0 +- 0.0
pop len 5000
Best Individual | TrAcc: 0.9949748516082764, TrCE: 0.017273057252168655, VaAcc: 0.9064327478408813, VaCE: 0.3378903269767761
Generation: 79
TrAcc: 0.996142566204071 +- 0.004303799010813236	TrCE: 0.02112283557653427 +- 0.0038430411368608475
VaAcc: 0.9060750007629395 +- 0.004247982986271381	Va_CE: 0.40167418122291565 +- 0.04601805657148361
Ancestors: 79.0 +- 0.0
pop len 5000
Best Individual | TrAcc: 1.0, TrCE: 0.016019131988286972, VaAcc: 0.9181286692619324, VaCE: 0.3407849967479706
current_layer 0
Generation: 80
TrAcc: 0.9570719003677368 +- 0.0181634072214365	TrCE: 0.15497761964797974 +- 0.06703981757164001
VaAcc: 0.9038702845573425 +- 0.026422692462801933	Va_CE: 0.47264862060546875 +- 0.11625438928604126
Ancestors: 80.0 +- 0.0
pop len 5000
Best Individual | TrAcc: 0.9949748516082764, TrCE: 0.029633278027176857, VaAcc: 0.8947368264198303, VaCE: 0.4299302101135254
Generation: 81
TrAcc: 0.9761002659797668 +- 0.0072679780423641205	TrCE: 0.08298000693321228 +- 0.019549952819943428
VaAcc: 0.9137066602706909 +- 0.019175603985786438	Va_CE: 0.431349515914917 +- 0.08149857074022293
Ancestors: 81.0 +- 0.0
pop len 5000
Best Individual | TrAcc: 1.0, TrCE: 0.018108297139406204, VaAcc: 0.9181286692619324, VaCE: 0.4232691824436188
Generation: 82
TrAcc: 0.9837471842765808 +- 0.005496282130479813	TrCE: 0.058147985488176346 +- 0.012754703871905804
VaAcc: 0.9147966504096985 +- 0.01769123412668705	Va_CE: 0.4239048957824707 +- 0.07041721045970917
Ancestors: 82.0 +- 0.0
pop len 5000
Best Individual | TrAcc: 1.0, TrCE: 0.017884256318211555, VaAcc: 0.9122806787490845, VaCE: 0.4174553155899048
Generation: 83
TrAcc: 0.9888055920600891 +- 0.0047285296022892	TrCE: 0.043282441794872284 +- 0.009373711422085762
VaAcc: 0.9140323400497437 +- 0.01690111868083477	Va_CE: 0.42382797598838806 +- 0.06267908960580826
Ancestors: 83.0 +- 0.0
pop len 5000
Best Individual | TrAcc: 1.0, TrCE: 0.017884254455566406, VaAcc: 0.9122806787490845, VaCE: 0.4174553155899048
Generation: 84
TrAcc: 0.9936718940734863 +- 0.0036562744062393904	TrCE: 0.032297007739543915 +- 0.006521673407405615
VaAcc: 0.910888671875 +- 0.015221926383674145	Va_CE: 0.4351317286491394 +- 0.05885523557662964
Ancestors: 84.0 +- 0.0
pop len 5000
Best Individual | TrAcc: 1.0, TrCE: 0.017538797110319138, VaAcc: 0.9181286692619324, VaCE: 0.42238688468933105
Generation: 85
TrAcc: 0.99639892578125 +- 0.0030650445260107517	TrCE: 0.0257729459553957 +- 0.005357692949473858
VaAcc: 0.9115769267082214 +- 0.011691058985888958	Va_CE: 0.4290033280849457 +- 0.044029343873262405
Ancestors: 85.0 +- 0.0
pop len 5000
Best Individual | TrAcc: 1.0, TrCE: 0.014263203367590904, VaAcc: 0.9181286692619324, VaCE: 0.3708421587944031
Generation: 86
TrAcc: 0.9985952973365784 +- 0.0029723229818046093	TrCE: 0.020544884726405144 +- 0.004623251035809517
VaAcc: 0.913088858127594 +- 0.009692737832665443	Va_CE: 0.4197322726249695 +- 0.03076033666729927
Ancestors: 86.0 +- 0.0
pop len 5000
Best Individual | TrAcc: 1.0, TrCE: 0.014263203367590904, VaAcc: 0.9181286692619324, VaCE: 0.3708421587944031
Generation: 87
TrAcc: 0.9991981387138367 +- 0.0027242132928222418	TrCE: 0.018645277246832848 +- 0.004003321286290884
VaAcc: 0.915199339389801 +- 0.006259293295443058	Va_CE: 0.41202592849731445 +- 0.02082034759223461
Ancestors: 87.0 +- 0.0
pop len 5000
Best Individual | TrAcc: 1.0, TrCE: 0.013743926770985126, VaAcc: 0.9239766001701355, VaCE: 0.36444854736328125
Generation: 88
TrAcc: 0.9992808699607849 +- 0.0023427631240338087	TrCE: 0.017668461427092552 +- 0.003665921976789832
VaAcc: 0.9185604453086853 +- 0.0073705147951841354	Va_CE: 0.39654481410980225 +- 0.025431260466575623
Ancestors: 88.0 +- 0.0
pop len 5000
Best Individual | TrAcc: 1.0, TrCE: 0.013173702172935009, VaAcc: 0.9298245906829834, VaCE: 0.3799108862876892
Generation: 89
TrAcc: 0.999485433101654 +- 0.002251935191452503	TrCE: 0.01649804227054119 +- 0.0038278689607977867
VaAcc: 0.9211748838424683 +- 0.008595521561801434	Va_CE: 0.3899051249027252 +- 0.029274972155690193
Ancestors: 89.0 +- 0.0
pop len 5000
Best Individual | TrAcc: 1.0, TrCE: 0.012447347864508629, VaAcc: 0.9298245906829834, VaCE: 0.3292200267314911
current_layer 1
Generation: 90
TrAcc: 0.979665219783783 +- 0.0168226920068264	TrCE: 0.051867395639419556 +- 0.04016897454857826
VaAcc: 0.8997747302055359 +- 0.020875470712780952	Va_CE: 0.34419071674346924 +- 0.07305171340703964
Ancestors: 90.0 +- 0.0
pop len 5000
Best Individual | TrAcc: 1.0, TrCE: 0.01794087141752243, VaAcc: 0.9122806787490845, VaCE: 0.31207433342933655
Generation: 91
TrAcc: 0.9970582723617554 +- 0.002686201361939311	TrCE: 0.021525487303733826 +- 0.003667450277134776
VaAcc: 0.9119861125946045 +- 0.004255672451108694	Va_CE: 0.30966439843177795 +- 0.009760983288288116
Ancestors: 91.0 +- 0.0
pop len 5000
Best Individual | TrAcc: 1.0, TrCE: 0.01389126293361187, VaAcc: 0.9181286692619324, VaCE: 0.3019992411136627
Generation: 92
TrAcc: 0.9971790313720703 +- 0.0023058955557644367	TrCE: 0.021381348371505737 +- 0.0033716082107275724
VaAcc: 0.912147581577301 +- 0.003414187114685774	Va_CE: 0.309552401304245 +- 0.008730584755539894
Ancestors: 92.0 +- 0.0
pop len 5000
Best Individual | TrAcc: 1.0, TrCE: 0.01389126293361187, VaAcc: 0.9181286692619324, VaCE: 0.3019992411136627
Generation: 93
TrAcc: 0.9971368312835693 +- 0.0026526525616645813	TrCE: 0.02133084647357464 +- 0.003569231368601322
VaAcc: 0.9123373031616211 +- 0.004510530736297369	Va_CE: 0.3097260594367981 +- 0.009944821707904339
Ancestors: 93.0 +- 0.0
pop len 5000
Best Individual | TrAcc: 1.0, TrCE: 0.01389126293361187, VaAcc: 0.9181286692619324, VaCE: 0.3019992411136627
Generation: 94
TrAcc: 0.9972522258758545 +- 0.0034981456119567156	TrCE: 0.020756902173161507 +- 0.004340325016528368
VaAcc: 0.9133571982383728 +- 0.006255514919757843	Va_CE: 0.3109390437602997 +- 0.01366001833230257
Ancestors: 94.0 +- 0.0
pop len 5000
Best Individual | TrAcc: 1.0, TrCE: 0.01389126293361187, VaAcc: 0.9181286692619324, VaCE: 0.3019992411136627
Generation: 95
TrAcc: 0.9980643391609192 +- 0.005552112590521574	TrCE: 0.019545087590813637 +- 0.00661532673984766
VaAcc: 0.9125823378562927 +- 0.008571677841246128	Va_CE: 0.3130427896976471 +- 0.021291963756084442
Ancestors: 95.0 +- 0.0
pop len 5000
Best Individual | TrAcc: 1.0, TrCE: 0.013658524490892887, VaAcc: 0.9181286692619324, VaCE: 0.3008243143558502
Generation: 96
TrAcc: 0.9984161257743835 +- 0.0033658852335065603	TrCE: 0.01763063110411167 +- 0.004527742508798838
VaAcc: 0.9168087840080261 +- 0.008261735551059246	Va_CE: 0.30945655703544617 +- 0.023399202153086662
Ancestors: 96.0 +- 0.0
pop len 5000
Best Individual | TrAcc: 1.0, TrCE: 0.01286157313734293, VaAcc: 0.9181286692619324, VaCE: 0.30506446957588196
Generation: 97
TrAcc: 0.9997625946998596 +- 0.0015708388527855277	TrCE: 0.014349729754030704 +- 0.0026468357536941767
VaAcc: 0.9180945158004761 +- 0.0025473274290561676	Va_CE: 0.3024140000343323 +- 0.007039617747068405
Ancestors: 97.0 +- 0.0
pop len 5000
Best Individual | TrAcc: 1.0, TrCE: 0.012715816497802734, VaAcc: 0.9181286692619324, VaCE: 0.2950206696987152
Generation: 98
TrAcc: 0.9997765421867371 +- 0.0014276442816480994	TrCE: 0.01432218961417675 +- 0.00255128787830472
VaAcc: 0.9181119203567505 +- 0.002336058998480439	Va_CE: 0.30267924070358276 +- 0.008130239322781563
Ancestors: 98.0 +- 0.0
pop len 5000
Best Individual | TrAcc: 1.0, TrCE: 0.012715816497802734, VaAcc: 0.9181286692619324, VaCE: 0.2950206696987152
Generation: 99
TrAcc: 0.9997454285621643 +- 0.0017278374871239066	TrCE: 0.014265679754316807 +- 0.0027289169374853373
VaAcc: 0.9182231426239014 +- 0.0027850763872265816	Va_CE: 0.30338242650032043 +- 0.009255412966012955
Ancestors: 99.0 +- 0.0
pop len 5000
Best Individual | TrAcc: 1.0, TrCE: 0.012355472892522812, VaAcc: 0.9181286692619324, VaCE: 0.2927514612674713
current_layer 0
Generation: 100
TrAcc: 0.9660351276397705 +- 0.014945403672754765	TrCE: 0.12297555804252625 +- 0.05330828204751015
VaAcc: 0.9127848744392395 +- 0.023959670215845108	Va_CE: 0.3812972903251648 +- 0.10260844975709915
Ancestors: 100.0 +- 0.0
pop len 5000
Best Individual | TrAcc: 1.0, TrCE: 0.015199678018689156, VaAcc: 0.9122806787490845, VaCE: 0.30931633710861206
Generation: 101
TrAcc: 0.981399416923523 +- 0.006319921463727951	TrCE: 0.06502524018287659 +- 0.015861038118600845
VaAcc: 0.9206395745277405 +- 0.017601216211915016	Va_CE: 0.3416520357131958 +- 0.073844313621521
Ancestors: 101.0 +- 0.0
pop len 5000
Best Individual | TrAcc: 1.0, TrCE: 0.015182380564510822, VaAcc: 0.9064327478408813, VaCE: 0.33184072375297546
ENSEMBLE | Tr_Acc: 1.0, Tr_CE: 0.015182380564510822, Va_Acc: 0.9064327478408813, Va_CE: 0.33184072375297546
Generation: 102
TrAcc: 0.9879999160766602 +- 0.00470963679254055	TrCE: 0.04435186833143234 +- 0.011003054678440094
VaAcc: 0.9231525659561157 +- 0.015175295062363148	Va_CE: 0.3250042200088501 +- 0.06256525963544846
Ancestors: 102.0 +- 0.0
pop len 5000
Best Individual | TrAcc: 1.0, TrCE: 0.015182380564510822, VaAcc: 0.9064327478408813, VaCE: 0.33184075355529785
Generation: 103
TrAcc: 0.9925930500030518 +- 0.0037260849494487047	TrCE: 0.03145802766084671 +- 0.007497130893170834
VaAcc: 0.9236020445823669 +- 0.011884571053087711	Va_CE: 0.31254276633262634 +- 0.049342405050992966
Ancestors: 103.0 +- 0.0
pop len 5000
Best Individual | TrAcc: 1.0, TrCE: 0.011546293273568153, VaAcc: 0.9298245906829834, VaCE: 0.2993801236152649
Generation: 104
TrAcc: 0.9954918026924133 +- 0.0030924035236239433	TrCE: 0.023899422958493233 +- 0.005562977399677038
VaAcc: 0.9248291254043579 +- 0.011583896353840828	Va_CE: 0.30416879057884216 +- 0.04009760916233063
Ancestors: 104.0 +- 0.0
pop len 5000
Best Individual | TrAcc: 1.0, TrCE: 0.010200198739767075, VaAcc: 0.9239766001701355, VaCE: 0.370279461145401
Generation: 105
TrAcc: 0.9978334903717041 +- 0.0025700756814330816	TrCE: 0.01865793578326702 +- 0.0048321448266506195
VaAcc: 0.9212809801101685 +- 0.010141465812921524	Va_CE: 0.31133633852005005 +- 0.03746820613741875
Ancestors: 105.0 +- 0.0
pop len 5000
Best Individual | TrAcc: 1.0, TrCE: 0.0102001978084445, VaAcc: 0.9239766001701355, VaCE: 0.3702794015407562
Generation: 106
TrAcc: 0.9994975328445435 +- 0.0023124346043914557	TrCE: 0.015159026719629765 +- 0.0033722815569490194
VaAcc: 0.9168023467063904 +- 0.0091978395357728	Va_CE: 0.3094467520713806 +- 0.027437491342425346
Ancestors: 106.0 +- 0.0
pop len 5000
Best Individual | TrAcc: 1.0, TrCE: 0.0102001978084445, VaAcc: 0.9239766001701355, VaCE: 0.3702794015407562
Generation: 107
TrAcc: 0.9997373223304749 +- 0.001476149307563901	TrCE: 0.01341336965560913 +- 0.0027168954256922007
VaAcc: 0.9251725673675537 +- 0.00669820886105299	Va_CE: 0.2960788607597351 +- 0.02713233046233654
Ancestors: 107.0 +- 0.0
pop len 5000
Best Individual | TrAcc: 1.0, TrCE: 0.008917097933590412, VaAcc: 0.9181286692619324, VaCE: 0.31789150834083557
Generation: 108
TrAcc: 0.9996887445449829 +- 0.001515622716397047	TrCE: 0.01249475497752428 +- 0.0029646449256688356
VaAcc: 0.9269317388534546 +- 0.007359239738434553	Va_CE: 0.30793309211730957 +- 0.03431291505694389
Ancestors: 108.0 +- 0.0
pop len 5000
Best Individual | TrAcc: 1.0, TrCE: 0.008083050139248371, VaAcc: 0.9239766001701355, VaCE: 0.3878636956214905
Generation: 109
TrAcc: 0.9996410012245178 +- 0.0014808678533881903	TrCE: 0.01171141117811203 +- 0.0030007241293787956
VaAcc: 0.9251496195793152 +- 0.006544578820466995	Va_CE: 0.33511975407600403 +- 0.03765805438160896
Ancestors: 109.0 +- 0.0
pop len 5000
Best Individual | TrAcc: 1.0, TrCE: 0.007864326238632202, VaAcc: 0.9239766001701355, VaCE: 0.313200980424881
current_layer 1
Generation: 110
TrAcc: 0.9862274527549744 +- 0.014708684757351875	TrCE: 0.03426472842693329 +- 0.03299730643630028
VaAcc: 0.895207405090332 +- 0.022324340417981148	Va_CE: 0.4146553575992584 +- 0.06863411515951157
Ancestors: 110.0 +- 0.0
pop len 5000
Best Individual | TrAcc: 1.0, TrCE: 0.009886698797345161, VaAcc: 0.9122806787490845, VaCE: 0.38504305481910706
Generation: 111
TrAcc: 0.9996050596237183 +- 0.0021712586749345064	TrCE: 0.010518377646803856 +- 0.0029471672605723143
VaAcc: 0.9117816686630249 +- 0.005236154422163963	Va_CE: 0.3858489990234375 +- 0.011161464266479015
Ancestors: 111.0 +- 0.0
pop len 5000
Best Individual | TrAcc: 1.0, TrCE: 0.008723649196326733, VaAcc: 0.9181286692619324, VaCE: 0.38954752683639526
ENSEMBLE | Tr_Acc: 1.0, Tr_CE: 0.0068595982156693935, Va_Acc: 0.9122806787490845, Va_CE: 0.2933323383331299
Generation: 112
TrAcc: 0.9993640780448914 +- 0.0029254320543259382	TrCE: 0.0107756108045578 +- 0.0036860588006675243
VaAcc: 0.9111858606338501 +- 0.007234256248921156	Va_CE: 0.386487752199173 +- 0.015782276168465614
Ancestors: 112.0 +- 0.0
pop len 5000
Best Individual | TrAcc: 1.0, TrCE: 0.008723649196326733, VaAcc: 0.9181286692619324, VaCE: 0.38954752683639526
Generation: 113
TrAcc: 0.9986576437950134 +- 0.004308814182877541	TrCE: 0.011536499485373497 +- 0.005154863931238651
VaAcc: 0.9099969863891602 +- 0.010874261148273945	Va_CE: 0.38809454441070557 +- 0.020989974960684776
Ancestors: 113.0 +- 0.0
pop len 5000
Best Individual | TrAcc: 1.0, TrCE: 0.008723649196326733, VaAcc: 0.9181286692619324, VaCE: 0.38954752683639526
Generation: 114
TrAcc: 0.9989195466041565 +- 0.0038630524650216103	TrCE: 0.011161993257701397 +- 0.004674070980399847
VaAcc: 0.9105686545372009 +- 0.01098217535763979	Va_CE: 0.3874841332435608 +- 0.02390347048640251
Ancestors: 114.0 +- 0.0
pop len 5000
Best Individual | TrAcc: 1.0, TrCE: 0.008723649196326733, VaAcc: 0.9181286692619324, VaCE: 0.38954752683639526
Generation: 115
TrAcc: 0.999779462814331 +- 0.0016186746070161462	TrCE: 0.009851576760411263 +- 0.0024372218176722527
VaAcc: 0.9132696986198425 +- 0.008285670541226864	Va_CE: 0.38399285078048706 +- 0.021799152716994286
Ancestors: 115.0 +- 0.0
pop len 5000
Best Individual | TrAcc: 1.0, TrCE: 0.008723647333681583, VaAcc: 0.9181286692619324, VaCE: 0.38954752683639526
Generation: 116
TrAcc: 0.9997480511665344 +- 0.0016863498603925109	TrCE: 0.009412198327481747 +- 0.0025148403365164995
VaAcc: 0.909619152545929 +- 0.009156154468655586	Va_CE: 0.39695361256599426 +- 0.01214592158794403
Ancestors: 116.0 +- 0.0
pop len 5000
Best Individual | TrAcc: 1.0, TrCE: 0.007888504303991795, VaAcc: 0.9181286692619324, VaCE: 0.3968832790851593
Generation: 117
TrAcc: 0.9998770356178284 +- 0.0009652076987549663	TrCE: 0.008998855017125607 +- 0.0017447489080950618
VaAcc: 0.9180735349655151 +- 0.0019542158115655184	Va_CE: 0.38951554894447327 +- 0.005800432525575161
Ancestors: 117.0 +- 0.0
pop len 5000
Best Individual | TrAcc: 1.0, TrCE: 0.007888504303991795, VaAcc: 0.9181286692619324, VaCE: 0.3968832790851593
Generation: 118
TrAcc: 0.999830961227417 +- 0.0012134447460994124	TrCE: 0.009082996286451817 +- 0.002199159935116768
VaAcc: 0.9181379079818726 +- 0.00220680539496243	Va_CE: 0.3892728090286255 +- 0.008067164570093155
Ancestors: 118.0 +- 0.0
pop len 5000
Best Individual | TrAcc: 1.0, TrCE: 0.006485524121671915, VaAcc: 0.9298245906829834, VaCE: 0.3840709626674652
Generation: 119
TrAcc: 0.9998376965522766 +- 0.0011992387007921934	TrCE: 0.008998404256999493 +- 0.0020267991349101067
VaAcc: 0.9181108474731445 +- 0.0031696222722530365	Va_CE: 0.38870906829833984 +- 0.011498265899717808
Ancestors: 119.0 +- 0.0
pop len 5000
Best Individual | TrAcc: 1.0, TrCE: 0.006485524121671915, VaAcc: 0.9298245906829834, VaCE: 0.3840709626674652
current_layer 0
Generation: 120
TrAcc: 0.9691365957260132 +- 0.015060900710523129	TrCE: 0.10977231711149216 +- 0.05339086800813675
VaAcc: 0.9153335690498352 +- 0.021335460245609283	Va_CE: 0.4002160131931305 +- 0.09429459273815155
Ancestors: 120.0 +- 0.0
pop len 5000
Best Individual | TrAcc: 1.0, TrCE: 0.014147988520562649, VaAcc: 0.9181286692619324, VaCE: 0.34277504682540894
Generation: 121
TrAcc: 0.9849360585212708 +- 0.00576163362711668	TrCE: 0.05279361456632614 +- 0.014808289706707
VaAcc: 0.9233611226081848 +- 0.014986973255872726	Va_CE: 0.3673216700553894 +- 0.06589080393314362
Ancestors: 121.0 +- 0.0
pop len 5000
Best Individual | TrAcc: 1.0, TrCE: 0.012155053205788136, VaAcc: 0.9356725215911865, VaCE: 0.3308306336402893
ENSEMBLE | Tr_Acc: 1.0, Tr_CE: 0.005729688331484795, Va_Acc: 0.9298245906829834, Va_CE: 0.2848966419696808
Generation: 122
TrAcc: 0.9910350441932678 +- 0.004261495545506477	TrCE: 0.03423120826482773 +- 0.009559821337461472
VaAcc: 0.924511730670929 +- 0.013714351691305637	Va_CE: 0.36228182911872864 +- 0.059278588742017746
Ancestors: 122.0 +- 0.0
pop len 5000
Best Individual | TrAcc: 1.0, TrCE: 0.008885898627340794, VaAcc: 0.9298245906829834, VaCE: 0.3193618953227997
Generation: 123
TrAcc: 0.9949196577072144 +- 0.0032607156317681074	TrCE: 0.023528065532445908 +- 0.006844279356300831
VaAcc: 0.9271743893623352 +- 0.01314229890704155	Va_CE: 0.349299818277359 +- 0.05478530004620552
Ancestors: 123.0 +- 0.0
pop len 5000
Best Individual | TrAcc: 1.0, TrCE: 0.008885898627340794, VaAcc: 0.9298245906829834, VaCE: 0.3193618953227997
Generation: 124
TrAcc: 0.9974910020828247 +- 0.002470028353855014	TrCE: 0.01681056246161461 +- 0.004554389510303736
VaAcc: 0.9282948970794678 +- 0.012934939004480839	Va_CE: 0.34215670824050903 +- 0.053657419979572296
Ancestors: 124.0 +- 0.0
pop len 5000
Best Individual | TrAcc: 1.0, TrCE: 0.007474303711205721, VaAcc: 0.9298245906829834, VaCE: 0.38473179936408997
Generation: 125
TrAcc: 0.9992296695709229 +- 0.002156388247385621	TrCE: 0.012715350836515427 +- 0.0034415610134601593
VaAcc: 0.9292336702346802 +- 0.009893812239170074	Va_CE: 0.3398214876651764 +- 0.04507718235254288
Ancestors: 125.0 +- 0.0
pop len 5000
Best Individual | TrAcc: 1.0, TrCE: 0.006422682665288448, VaAcc: 0.9298245906829834, VaCE: 0.3819761276245117
Generation: 126
TrAcc: 0.9995721578598022 +- 0.0014978135004639626	TrCE: 0.010406204499304295 +- 0.002826794981956482
VaAcc: 0.9277763962745667 +- 0.007752802222967148	Va_CE: 0.34457892179489136 +- 0.036191921681165695
Ancestors: 126.0 +- 0.0
pop len 5000
Best Individual | TrAcc: 1.0, TrCE: 0.006200405769050121, VaAcc: 0.9298245906829834, VaCE: 0.33014944195747375
Generation: 127
TrAcc: 0.9997208118438721 +- 0.0011894177878275514	TrCE: 0.008957539685070515 +- 0.0023984091822057962
VaAcc: 0.9295863509178162 +- 0.007306476589292288	Va_CE: 0.33920639753341675 +- 0.029651183634996414
Ancestors: 127.0 +- 0.0
pop len 5000
Best Individual | TrAcc: 1.0, TrCE: 0.005407032556831837, VaAcc: 0.9356725215911865, VaCE: 0.3219315707683563
Generation: 128
TrAcc: 0.9998155236244202 +- 0.0012012531515210867	TrCE: 0.00798321608453989 +- 0.002052893163636327
VaAcc: 0.9305959939956665 +- 0.005292409565299749	Va_CE: 0.34740450978279114 +- 0.022541072219610214
Ancestors: 128.0 +- 0.0
pop len 5000
Best Individual | TrAcc: 1.0, TrCE: 0.005407032556831837, VaAcc: 0.9356725215911865, VaCE: 0.3219315707683563
Generation: 129
TrAcc: 0.9997731447219849 +- 0.0012154438300058246	TrCE: 0.007595510687679052 +- 0.0023411123547703028
VaAcc: 0.9318950176239014 +- 0.008476460352540016	Va_CE: 0.35591980814933777 +- 0.03713538125157356
Ancestors: 129.0 +- 0.0
pop len 5000
Best Individual | TrAcc: 1.0, TrCE: 0.005160865839570761, VaAcc: 0.9356725215911865, VaCE: 0.3192436993122101
current_layer 1
Generation: 130
TrAcc: 0.9912946224212646 +- 0.01233042124658823	TrCE: 0.0247536338865757 +- 0.026694929227232933
VaAcc: 0.9122170805931091 +- 0.015877483412623405	Va_CE: 0.37566813826560974 +- 0.059893183410167694
Ancestors: 130.0 +- 0.0
pop len 5000
Best Individual | TrAcc: 1.0, TrCE: 0.005883585661649704, VaAcc: 0.9239766001701355, VaCE: 0.3541513979434967
Generation: 131
TrAcc: 0.9998802542686462 +- 0.0008561206632293761	TrCE: 0.006195455323904753 +- 0.0017592520453035831
VaAcc: 0.9238966107368469 +- 0.0020251628011465073	Va_CE: 0.3543262779712677 +- 0.006470393389463425
Ancestors: 131.0 +- 0.0
pop len 5000
Best Individual | TrAcc: 1.0, TrCE: 0.005666298326104879, VaAcc: 0.9239766001701355, VaCE: 0.34836581349372864
ENSEMBLE | Tr_Acc: 1.0, Tr_CE: 0.005056098569184542, Va_Acc: 0.9298245906829834, Va_CE: 0.29097750782966614
Generation: 132
TrAcc: 0.9998872876167297 +- 0.000793672283180058	TrCE: 0.006166685372591019 +- 0.0016378629952669144
VaAcc: 0.9239410161972046 +- 0.0022015972062945366	Va_CE: 0.3540898561477661 +- 0.006993280723690987
Ancestors: 132.0 +- 0.0
pop len 5000
Best Individual | TrAcc: 1.0, TrCE: 0.005160866770893335, VaAcc: 0.9356725215911865, VaCE: 0.31924372911453247
Generation: 133
TrAcc: 0.999882698059082 +- 0.0007662581047043204	TrCE: 0.006186393555253744 +- 0.0017244023038074374
VaAcc: 0.9240335822105408 +- 0.0022494758013635874	Va_CE: 0.3539913296699524 +- 0.007037373259663582
Ancestors: 133.0 +- 0.0
pop len 5000
Best Individual | TrAcc: 1.0, TrCE: 0.005160866770893335, VaAcc: 0.9356725215911865, VaCE: 0.31924372911453247
Generation: 134
TrAcc: 0.9999129772186279 +- 0.0006275801570154727	TrCE: 0.006105127278715372 +- 0.0014232819667086005
VaAcc: 0.9243907332420349 +- 0.002852993318811059	Va_CE: 0.35329005122184753 +- 0.006701562087982893
Ancestors: 134.0 +- 0.0
pop len 5000
Best Individual | TrAcc: 1.0, TrCE: 0.005160865839570761, VaAcc: 0.9356725215911865, VaCE: 0.3192436993122101
Generation: 135
TrAcc: 0.9998892545700073 +- 0.000767179939430207	TrCE: 0.006077578291296959 +- 0.0016047718236222863
VaAcc: 0.9261170625686646 +- 0.004953685216605663	Va_CE: 0.34975531697273254 +- 0.010773463174700737
Ancestors: 135.0 +- 0.0
pop len 5000
Best Individual | TrAcc: 1.0, TrCE: 0.004971130285412073, VaAcc: 0.9356725215911865, VaCE: 0.3125389516353607
Generation: 136
TrAcc: 0.9998928904533386 +- 0.0007392604020424187	TrCE: 0.005847779102623463 +- 0.0016586837591603398
VaAcc: 0.9297530055046082 +- 0.006134346127510071	Va_CE: 0.3397044241428375 +- 0.013228220865130424
Ancestors: 136.0 +- 0.0
pop len 5000
Best Individual | TrAcc: 1.0, TrCE: 0.004971130285412073, VaAcc: 0.9356725215911865, VaCE: 0.3125389516353607
Generation: 137
TrAcc: 0.9999158382415771 +- 0.0006228921702131629	TrCE: 0.005408190190792084 +- 0.0015217293985188007
VaAcc: 0.9355807900428772 +- 0.0019932640716433525	Va_CE: 0.3194483518600464 +- 0.006020301952958107
Ancestors: 137.0 +- 0.0
pop len 5000
Best Individual | TrAcc: 1.0, TrCE: 0.004764358513057232, VaAcc: 0.9356725215911865, VaCE: 0.33144211769104004
Generation: 138
TrAcc: 0.9999226331710815 +- 0.0005731567507609725	TrCE: 0.005379637237638235 +- 0.001342846779152751
VaAcc: 0.935560941696167 +- 0.0022695993538945913	Va_CE: 0.3193123936653137 +- 0.00604734243825078
Ancestors: 138.0 +- 0.0
pop len 5000
Best Individual | TrAcc: 1.0, TrCE: 0.004764358513057232, VaAcc: 0.9356725215911865, VaCE: 0.33144211769104004
Generation: 139
TrAcc: 0.9999002814292908 +- 0.0006863323505967855	TrCE: 0.005428040865808725 +- 0.0016813329420983791
VaAcc: 0.9356123208999634 +- 0.0020838677883148193	Va_CE: 0.31823962926864624 +- 0.0065535553731024265
Ancestors: 139.0 +- 0.0
pop len 5000
Best Individual | TrAcc: 1.0, TrCE: 0.004764358513057232, VaAcc: 0.9356725215911865, VaCE: 0.33144211769104004
current_layer 0
Generation: 140
TrAcc: 0.9752798676490784 +- 0.012019239366054535	TrCE: 0.09184321016073227 +- 0.04512413591146469
VaAcc: 0.929783284664154 +- 0.017356736585497856	Va_CE: 0.35670167207717896 +- 0.08278684318065643
Ancestors: 140.0 +- 0.0
pop len 5000
Best Individual | TrAcc: 1.0, TrCE: 0.006504253018647432, VaAcc: 0.9239766001701355, VaCE: 0.363075315952301
Generation: 141
TrAcc: 0.9879035949707031 +- 0.004968822002410889	TrCE: 0.04259821027517319 +- 0.013078728690743446
VaAcc: 0.933795690536499 +- 0.013778439722955227	Va_CE: 0.3360617458820343 +- 0.0659489780664444
Ancestors: 141.0 +- 0.0
pop len 5000
Best Individual | TrAcc: 1.0, TrCE: 0.006504253018647432, VaAcc: 0.9239766001701355, VaCE: 0.363075315952301
ENSEMBLE | Tr_Acc: 1.0, Tr_CE: 0.0047260611318051815, Va_Acc: 0.9298245906829834, Va_CE: 0.2964560389518738
Generation: 142
TrAcc: 0.9926705360412598 +- 0.0038521718233823776	TrCE: 0.026187075302004814 +- 0.008092774078249931
VaAcc: 0.9336728453636169 +- 0.0127954026684165	Va_CE: 0.33609285950660706 +- 0.05788716673851013
Ancestors: 142.0 +- 0.0
pop len 5000
Best Individual | TrAcc: 1.0, TrCE: 0.004764358513057232, VaAcc: 0.9356725215911865, VaCE: 0.3312002122402191
Generation: 143
TrAcc: 0.9962254166603088 +- 0.0030050319619476795	TrCE: 0.016944974660873413 +- 0.004957010969519615
VaAcc: 0.9337612390518188 +- 0.010438988916575909	Va_CE: 0.3341708779335022 +- 0.04775543138384819
Ancestors: 143.0 +- 0.0
pop len 5000
Best Individual | TrAcc: 1.0, TrCE: 0.004619461018592119, VaAcc: 0.9415204524993896, VaCE: 0.28061842918395996
Generation: 144
TrAcc: 0.998538076877594 +- 0.0019983260426670313	TrCE: 0.012159633450210094 +- 0.003811858594417572
VaAcc: 0.9348948001861572 +- 0.007920200005173683	Va_CE: 0.3327845633029938 +- 0.037440769374370575
Ancestors: 144.0 +- 0.0
pop len 5000
Best Individual | TrAcc: 1.0, TrCE: 0.004619461018592119, VaAcc: 0.9415204524993896, VaCE: 0.28061842918395996
Generation: 145
TrAcc: 0.99945467710495 +- 0.0013464160729199648	TrCE: 0.008196021430194378 +- 0.002668521134182811
VaAcc: 0.9316720962524414 +- 0.007814670912921429	Va_CE: 0.34555959701538086 +- 0.029858490452170372
Ancestors: 145.0 +- 0.0
pop len 5000
Best Individual | TrAcc: 1.0, TrCE: 0.00396441575139761, VaAcc: 0.9415204524993896, VaCE: 0.34160947799682617
Generation: 146
TrAcc: 0.9998713135719299 +- 0.0008614666294306517	TrCE: 0.0061045121401548386 +- 0.0018295668996870518
VaAcc: 0.9324004650115967 +- 0.007595830596983433	Va_CE: 0.3420460522174835 +- 0.02107536979019642
Ancestors: 146.0 +- 0.0
pop len 5000
Best Individual | TrAcc: 1.0, TrCE: 0.003964415285736322, VaAcc: 0.9415204524993896, VaCE: 0.3416094481945038
Generation: 147
TrAcc: 0.9998902082443237 +- 0.0006939689628779888	TrCE: 0.0052944752387702465 +- 0.0015481568407267332
VaAcc: 0.9350307583808899 +- 0.007220246363431215	Va_CE: 0.3319099545478821 +- 0.024643827229738235
Ancestors: 147.0 +- 0.0
pop len 5000
Best Individual | TrAcc: 1.0, TrCE: 0.003852968802675605, VaAcc: 0.9473684430122375, VaCE: 0.2896423935890198
Generation: 148
TrAcc: 0.9999040961265564 +- 0.000689597160089761	TrCE: 0.004948424641042948 +- 0.001471276511438191
VaAcc: 0.9375357627868652 +- 0.0039169094525277615	Va_CE: 0.3162095844745636 +- 0.024481985718011856
Ancestors: 148.0 +- 0.0
pop len 5000
Best Individual | TrAcc: 1.0, TrCE: 0.003852968569844961, VaAcc: 0.9473684430122375, VaCE: 0.2896423637866974
Generation: 149
TrAcc: 0.9999112486839294 +- 0.0006432131049223244	TrCE: 0.004726660903543234 +- 0.0013797221472486854
VaAcc: 0.9408267736434937 +- 0.0031835774425417185	Va_CE: 0.2970999479293823 +- 0.025711646303534508
Ancestors: 149.0 +- 0.0
pop len 5000
Best Individual | TrAcc: 1.0, TrCE: 0.0031318003311753273, VaAcc: 0.9415204524993896, VaCE: 0.34743791818618774
current_layer 1
Generation: 150
TrAcc: 0.9936037063598633 +- 0.011422354727983475	TrCE: 0.01927093416452408 +- 0.023380424827337265
VaAcc: 0.9288727641105652 +- 0.018569445237517357	Va_CE: 0.31173452734947205 +- 0.0525222048163414
Ancestors: 150.0 +- 0.0
pop len 5000
Best Individual | TrAcc: 1.0, TrCE: 0.0038529683370143175, VaAcc: 0.9473684430122375, VaCE: 0.2896423935890198
Generation: 151
TrAcc: 0.9999099373817444 +- 0.0006469826330430806	TrCE: 0.004099545534700155 +- 0.001347745186649263
VaAcc: 0.946984052658081 +- 0.0032876699697226286	Va_CE: 0.2900851368904114 +- 0.006405167281627655
Ancestors: 151.0 +- 0.0
pop len 5000
Best Individual | TrAcc: 1.0, TrCE: 0.003087783930823207, VaAcc: 0.9473684430122375, VaCE: 0.2945416271686554
ENSEMBLE | Tr_Acc: 1.0, Tr_CE: 0.0039267935790121555, Va_Acc: 0.9298245906829834, Va_CE: 0.28973397612571716
Generation: 152
TrAcc: 0.9998989105224609 +- 0.0007015904411673546	TrCE: 0.004117538221180439 +- 0.0014627479249611497
VaAcc: 0.9469878673553467 +- 0.003140148473903537	Va_CE: 0.2902340292930603 +- 0.007097956258803606
Ancestors: 152.0 +- 0.0
pop len 5000
Best Individual | TrAcc: 1.0, TrCE: 0.003087783930823207, VaAcc: 0.9473684430122375, VaCE: 0.2945416271686554
Generation: 153
TrAcc: 0.9998742341995239 +- 0.0007788210059516132	TrCE: 0.004165946505963802 +- 0.001629011589102447
VaAcc: 0.9467403292655945 +- 0.004198184236884117	Va_CE: 0.29044419527053833 +- 0.008372819982469082
Ancestors: 153.0 +- 0.0
pop len 5000
Best Individual | TrAcc: 1.0, TrCE: 0.0030877834651619196, VaAcc: 0.9473684430122375, VaCE: 0.294541597366333
Generation: 154
TrAcc: 0.9998165965080261 +- 0.0009981960756704211	TrCE: 0.004293117672204971 +- 0.002162054181098938
VaAcc: 0.9462305903434753 +- 0.005424146540462971	Va_CE: 0.29150909185409546 +- 0.010100554674863815
Ancestors: 154.0 +- 0.0
pop len 5000
Best Individual | TrAcc: 1.0, TrCE: 0.0030877834651619196, VaAcc: 0.9473684430122375, VaCE: 0.294541597366333
Generation: 155
TrAcc: 0.9999216794967651 +- 0.000561909400857985	TrCE: 0.003739757928997278 +- 0.0012984814820811152
VaAcc: 0.9471420645713806 +- 0.001965785399079323	Va_CE: 0.2917194366455078 +- 0.005718635395169258
Ancestors: 155.0 +- 0.0
pop len 5000
Best Individual | TrAcc: 1.0, TrCE: 0.0030877834651619196, VaAcc: 0.9473684430122375, VaCE: 0.294541597366333
Generation: 156
TrAcc: 0.9999212026596069 +- 0.0006019673310220242	TrCE: 0.003301501739770174 +- 0.0012854888336732984
VaAcc: 0.947201669216156 +- 0.0018722402164712548	Va_CE: 0.2946137487888336 +- 0.005864128936082125
Ancestors: 156.0 +- 0.0
pop len 5000
Best Individual | TrAcc: 1.0, TrCE: 0.002968552755191922, VaAcc: 0.9532163739204407, VaCE: 0.23042117059230804
Generation: 157
TrAcc: 0.9999217987060547 +- 0.0005925425793975592	TrCE: 0.0033156531862914562 +- 0.0013148316647857428
VaAcc: 0.9471734166145325 +- 0.001924379263073206	Va_CE: 0.29464560747146606 +- 0.006348838564008474
Ancestors: 157.0 +- 0.0
pop len 5000
Best Individual | TrAcc: 1.0, TrCE: 0.002968552755191922, VaAcc: 0.9532163739204407, VaCE: 0.23042117059230804
Generation: 158
TrAcc: 0.9999158978462219 +- 0.0006199192721396685	TrCE: 0.003314373316243291 +- 0.001298657269217074
VaAcc: 0.9472039937973022 +- 0.002128849970176816	Va_CE: 0.294318288564682 +- 0.007543230429291725
Ancestors: 158.0 +- 0.0
pop len 5000
Best Individual | TrAcc: 1.0, TrCE: 0.002968552755191922, VaAcc: 0.9532163739204407, VaCE: 0.23042117059230804
Generation: 159
TrAcc: 0.999930739402771 +- 0.0005307691171765327	TrCE: 0.0032813495490700006 +- 0.0011908103479072452
VaAcc: 0.9472954273223877 +- 0.0026104634162038565	Va_CE: 0.2927646338939667 +- 0.012705765664577484
Ancestors: 159.0 +- 0.0
pop len 5000
Best Individual | TrAcc: 1.0, TrCE: 0.002968552755191922, VaAcc: 0.9532163739204407, VaCE: 0.23042117059230804
current_layer 0
Generation: 160
TrAcc: 0.9764466881752014 +- 0.011387242004275322	TrCE: 0.08565647900104523 +- 0.04342202469706535
VaAcc: 0.9333354234695435 +- 0.016594232991337776	Va_CE: 0.3435560166835785 +- 0.07718423753976822
Ancestors: 160.0 +- 0.0
pop len 5000
Best Individual | TrAcc: 1.0, TrCE: 0.0062314546667039394, VaAcc: 0.9590643048286438, VaCE: 0.26633402705192566
Generation: 161
TrAcc: 0.9885396361351013 +- 0.00471996096894145	TrCE: 0.038322120904922485 +- 0.012138666585087776
VaAcc: 0.938599705696106 +- 0.01241036131978035	Va_CE: 0.31808793544769287 +- 0.057601235806941986
Ancestors: 161.0 +- 0.0
pop len 5000
Best Individual | TrAcc: 1.0, TrCE: 0.004818730987608433, VaAcc: 0.9532163739204407, VaCE: 0.22545821964740753
ENSEMBLE | Tr_Acc: 1.0, Tr_CE: 0.003573933383449912, Va_Acc: 0.9356725215911865, Va_CE: 0.2755793631076813
Generation: 162
TrAcc: 0.9932353496551514 +- 0.0035091759636998177	TrCE: 0.02300364524126053 +- 0.0073484512977302074
VaAcc: 0.9403308629989624 +- 0.011242353357374668	Va_CE: 0.31289568543434143 +- 0.05277002230286598
Ancestors: 162.0 +- 0.0
pop len 5000
Best Individual | TrAcc: 1.0, TrCE: 0.004114711191505194, VaAcc: 0.9473684430122375, VaCE: 0.30625468492507935
Generation: 163
TrAcc: 0.9964725375175476 +- 0.0026488504372537136	TrCE: 0.01465366780757904 +- 0.0052054827101528645
VaAcc: 0.9429930448532104 +- 0.008969290181994438	Va_CE: 0.3020341396331787 +- 0.04610918089747429
Ancestors: 163.0 +- 0.0
pop len 5000
Best Individual | TrAcc: 1.0, TrCE: 0.002970220521092415, VaAcc: 0.9473684430122375, VaCE: 0.3130224049091339
Generation: 164
TrAcc: 0.9981592893600464 +- 0.0019936407916247845	TrCE: 0.009563553147017956 +- 0.0034264917485415936
VaAcc: 0.9444867372512817 +- 0.008139033801853657	Va_CE: 0.3016737103462219 +- 0.04396875575184822
Ancestors: 164.0 +- 0.0
pop len 5000
Best Individual | TrAcc: 1.0, TrCE: 0.002970220521092415, VaAcc: 0.9473684430122375, VaCE: 0.3130224049091339
Generation: 165
TrAcc: 0.9996628165245056 +- 0.0010163014521822333	TrCE: 0.006319994572550058 +- 0.0021229188423603773
VaAcc: 0.948832631111145 +- 0.007803235203027725	Va_CE: 0.28459662199020386 +- 0.04079249128699303
Ancestors: 165.0 +- 0.0
pop len 5000
Best Individual | TrAcc: 1.0, TrCE: 0.002938301768153906, VaAcc: 0.9532163739204407, VaCE: 0.22631697356700897
Generation: 166
TrAcc: 0.9998828172683716 +- 0.0006944503984414041	TrCE: 0.004477967042475939 +- 0.0016096768667921424
VaAcc: 0.948824405670166 +- 0.004524637013673782	Va_CE: 0.2835574150085449 +- 0.03148417919874191
Ancestors: 166.0 +- 0.0
pop len 5000
Best Individual | TrAcc: 1.0, TrCE: 0.002938301535323262, VaAcc: 0.9532163739204407, VaCE: 0.22631697356700897
Generation: 167
TrAcc: 0.9998999834060669 +- 0.0006628666305914521	TrCE: 0.0035579418763518333 +- 0.001540208118967712
VaAcc: 0.9488857388496399 +- 0.0044349608942866325	Va_CE: 0.28132525086402893 +- 0.03125783056020737
Ancestors: 167.0 +- 0.0
pop len 5000
Best Individual | TrAcc: 1.0, TrCE: 0.002938301069661975, VaAcc: 0.9532163739204407, VaCE: 0.22631697356700897
Generation: 168
TrAcc: 0.999910831451416 +- 0.0006098691956140101	TrCE: 0.0032479267101734877 +- 0.0012639451306313276
VaAcc: 0.9501098394393921 +- 0.004000471904873848	Va_CE: 0.28132373094558716 +- 0.03680134937167168
Ancestors: 168.0 +- 0.0
pop len 5000
Best Individual | TrAcc: 1.0, TrCE: 0.002878708066418767, VaAcc: 0.9649122953414917, VaCE: 0.17492230236530304
Generation: 169
TrAcc: 0.9999142289161682 +- 0.0006196130998432636	TrCE: 0.0031966506503522396 +- 0.0012844240991398692
VaAcc: 0.9477410316467285 +- 0.0031132090371102095	Va_CE: 0.30444207787513733 +- 0.026380429044365883
Ancestors: 169.0 +- 0.0
pop len 5000
Best Individual | TrAcc: 1.0, TrCE: 0.002878708066418767, VaAcc: 0.9649122953414917, VaCE: 0.17492230236530304
current_layer 1
Generation: 170
TrAcc: 0.9945968985557556 +- 0.011015540920197964	TrCE: 0.017159638926386833 +- 0.022233279421925545
VaAcc: 0.9346602559089661 +- 0.01928621344268322	Va_CE: 0.2546716034412384 +- 0.05036124214529991
Ancestors: 170.0 +- 0.0
pop len 5000
Best Individual | TrAcc: 1.0, TrCE: 0.002938301069661975, VaAcc: 0.9532163739204407, VaCE: 0.22631697356700897
Generation: 171
TrAcc: 0.9998911023139954 +- 0.0008442396065220237	TrCE: 0.0032217383850365877 +- 0.0016679184045642614
VaAcc: 0.9527674913406372 +- 0.0034752399660646915	Va_CE: 0.22702136635780334 +- 0.007181189022958279
Ancestors: 171.0 +- 0.0
pop len 5000
Best Individual | TrAcc: 1.0, TrCE: 0.0028463699854910374, VaAcc: 0.9532163739204407, VaCE: 0.22925499081611633
ENSEMBLE | Tr_Acc: 1.0, Tr_CE: 0.0032895635813474655, Va_Acc: 0.9356725215911865, Va_CE: 0.26703476905822754
Generation: 172
TrAcc: 0.9998945593833923 +- 0.0006591573473997414	TrCE: 0.0032540257088840008 +- 0.0015523486072197556
VaAcc: 0.9526739120483398 +- 0.003866259241476655	Va_CE: 0.22728471457958221 +- 0.008988904766738415
Ancestors: 172.0 +- 0.0
pop len 5000
Best Individual | TrAcc: 1.0, TrCE: 0.0028463699854910374, VaAcc: 0.9532163739204407, VaCE: 0.22925499081611633
Generation: 173
TrAcc: 0.999879777431488 +- 0.0006389778573065996	TrCE: 0.003352044615894556 +- 0.0016940867062658072
VaAcc: 0.95208340883255 +- 0.0053842877969145775	Va_CE: 0.22820505499839783 +- 0.01243005134165287
Ancestors: 173.0 +- 0.0
pop len 5000
Best Individual | TrAcc: 1.0, TrCE: 0.0028463699854910374, VaAcc: 0.9532163739204407, VaCE: 0.22925499081611633
Generation: 174
TrAcc: 0.9998400211334229 +- 0.0007598407682962716	TrCE: 0.00353686953894794 +- 0.0020070599857717752
VaAcc: 0.9512526392936707 +- 0.007120733615010977	Va_CE: 0.22894588112831116 +- 0.017280656844377518
Ancestors: 174.0 +- 0.0
pop len 5000
Best Individual | TrAcc: 1.0, TrCE: 0.0028463699854910374, VaAcc: 0.9532163739204407, VaCE: 0.22925499081611633
Generation: 175
TrAcc: 0.9999048709869385 +- 0.0006172055145725608	TrCE: 0.003229247173294425 +- 0.001481156679801643
VaAcc: 0.9525451064109802 +- 0.004112855531275272	Va_CE: 0.2283540964126587 +- 0.011339095421135426
Ancestors: 175.0 +- 0.0
pop len 5000
Best Individual | TrAcc: 1.0, TrCE: 0.0028463697526603937, VaAcc: 0.9532163739204407, VaCE: 0.22925496101379395
Generation: 176
TrAcc: 0.9999279379844666 +- 0.0005480144754983485	TrCE: 0.0030860104598104954 +- 0.0011476032668724656
VaAcc: 0.9529995322227478 +- 0.0023393973242491484	Va_CE: 0.2271246612071991 +- 0.006396720185875893
Ancestors: 176.0 +- 0.0
pop len 5000
Best Individual | TrAcc: 1.0, TrCE: 0.002797432942315936, VaAcc: 0.9532163739204407, VaCE: 0.22402387857437134
Generation: 177
TrAcc: 0.9999256730079651 +- 0.0005441878456622362	TrCE: 0.003040794748812914 +- 0.001177001977339387
VaAcc: 0.9530649185180664 +- 0.001926795463077724	Va_CE: 0.22946350276470184 +- 0.005441994406282902
Ancestors: 177.0 +- 0.0
pop len 5000
Best Individual | TrAcc: 1.0, TrCE: 0.002797432942315936, VaAcc: 0.9532163739204407, VaCE: 0.22402387857437134
Generation: 178
TrAcc: 0.9999253153800964 +- 0.000509385543409735	TrCE: 0.0030620130710303783 +- 0.0011579139390960336
VaAcc: 0.9530030488967896 +- 0.0025265910662710667	Va_CE: 0.22958944737911224 +- 0.0055422428995370865
Ancestors: 178.0 +- 0.0
pop len 5000
Best Individual | TrAcc: 1.0, TrCE: 0.002797432942315936, VaAcc: 0.9532163739204407, VaCE: 0.22402387857437134
Generation: 179
TrAcc: 0.9999369382858276 +- 0.0004946236731484532	TrCE: 0.0030452313367277384 +- 0.0011704607168212533
VaAcc: 0.9529922008514404 +- 0.0026437004562467337	Va_CE: 0.22941581904888153 +- 0.005994894541800022
Ancestors: 179.0 +- 0.0
pop len 5000
Best Individual | TrAcc: 1.0, TrCE: 0.002797432942315936, VaAcc: 0.9532163739204407, VaCE: 0.22402387857437134
current_layer 0
Generation: 180
TrAcc: 0.9772135019302368 +- 0.011253300122916698	TrCE: 0.08352278918027878 +- 0.04216130077838898
VaAcc: 0.9399199485778809 +- 0.016263026744127274	Va_CE: 0.29825109243392944 +- 0.07542233169078827
Ancestors: 180.0 +- 0.0
pop len 5000
Best Individual | TrAcc: 1.0, TrCE: 0.005689607001841068, VaAcc: 0.9473684430122375, VaCE: 0.2450614869594574
Generation: 181
TrAcc: 0.98934006690979 +- 0.004527620039880276	TrCE: 0.03714359551668167 +- 0.011836846359074116
VaAcc: 0.9440972805023193 +- 0.012908300384879112	Va_CE: 0.2771102488040924 +- 0.06100371107459068
Ancestors: 181.0 +- 0.0
pop len 5000
Best Individual | TrAcc: 1.0, TrCE: 0.005689607001841068, VaAcc: 0.9473684430122375, VaCE: 0.2450614869594574
ENSEMBLE | Tr_Acc: 1.0, Tr_CE: 0.003149241441860795, Va_Acc: 0.9356725215911865, Va_CE: 0.26083698868751526
Generation: 182
TrAcc: 0.9939532279968262 +- 0.003205000190064311	TrCE: 0.022307155653834343 +- 0.0071450755931437016
VaAcc: 0.9459651112556458 +- 0.012850259430706501	Va_CE: 0.263896644115448 +- 0.05483110621571541
Ancestors: 182.0 +- 0.0
pop len 5000
Best Individual | TrAcc: 1.0, TrCE: 0.002831120975315571, VaAcc: 0.9590643048286438, VaCE: 0.2389344722032547
Generation: 183
TrAcc: 0.9964198470115662 +- 0.002521923743188381	TrCE: 0.014536564238369465 +- 0.004783425945788622
VaAcc: 0.9488908052444458 +- 0.010671213269233704	Va_CE: 0.2504410147666931 +- 0.04570462927222252
Ancestors: 183.0 +- 0.0
pop len 5000
Best Individual | TrAcc: 1.0, TrCE: 0.002831120975315571, VaAcc: 0.9590643048286438, VaCE: 0.2389344722032547
Generation: 184
TrAcc: 0.9980999231338501 +- 0.001866218983195722	TrCE: 0.010148762725293636 +- 0.0033683194778859615
VaAcc: 0.9492387771606445 +- 0.009890508837997913	Va_CE: 0.25322872400283813 +- 0.04790888726711273
Ancestors: 184.0 +- 0.0
pop len 5000
Best Individual | TrAcc: 1.0, TrCE: 0.0028311205096542835, VaAcc: 0.9590643048286438, VaCE: 0.2389344722032547
Generation: 185
TrAcc: 0.999161422252655 +- 0.0015113879926502705	TrCE: 0.007277961820363998 +- 0.0027576321735978127
VaAcc: 0.9494909048080444 +- 0.009649788960814476	Va_CE: 0.2532212436199188 +- 0.050654102116823196
Ancestors: 185.0 +- 0.0
pop len 5000
Best Individual | TrAcc: 1.0, TrCE: 0.002821246860548854, VaAcc: 0.9532163739204407, VaCE: 0.2252790480852127
Generation: 186
TrAcc: 0.9997587203979492 +- 0.000845930480863899	TrCE: 0.0049045393243432045 +- 0.0018437476828694344
VaAcc: 0.9496690630912781 +- 0.006880369037389755	Va_CE: 0.24093367159366608 +- 0.023605961352586746
Ancestors: 186.0 +- 0.0
pop len 5000
Best Individual | TrAcc: 1.0, TrCE: 0.002821246860548854, VaAcc: 0.9532163739204407, VaCE: 0.2252790480852127
Generation: 187
TrAcc: 0.9999226331710815 +- 0.0005320350173860788	TrCE: 0.0033998272847384214 +- 0.00125662621576339
VaAcc: 0.9525958895683289 +- 0.004693249706178904	Va_CE: 0.23199506103992462 +- 0.012388053350150585
Ancestors: 187.0 +- 0.0
pop len 5000
Best Individual | TrAcc: 1.0, TrCE: 0.0027416222728788853, VaAcc: 0.9532163739204407, VaCE: 0.2223697304725647
Generation: 188
TrAcc: 0.999934196472168 +- 0.00047207955503836274	TrCE: 0.0030711516737937927 +- 0.0011669483501464128
VaAcc: 0.9570298790931702 +- 0.0032868743874132633	Va_CE: 0.2354004681110382 +- 0.009132727049291134
Ancestors: 188.0 +- 0.0
pop len 5000
Best Individual | TrAcc: 1.0, TrCE: 0.0027416222728788853, VaAcc: 0.9532163739204407, VaCE: 0.2223697304725647
Generation: 189
TrAcc: 0.9999142289161682 +- 0.000579605286475271	TrCE: 0.0031093936413526535 +- 0.0013050829293206334
VaAcc: 0.9546175003051758 +- 0.0034391360823065042	Va_CE: 0.23002196848392487 +- 0.00932492408901453
Ancestors: 189.0 +- 0.0
pop len 5000
Best Individual | TrAcc: 1.0, TrCE: 0.0027416222728788853, VaAcc: 0.9532163739204407, VaCE: 0.2223697006702423
current_layer 1
Generation: 190
TrAcc: 0.9948643445968628 +- 0.010586722753942013	TrCE: 0.016321634873747826 +- 0.02089237980544567
VaAcc: 0.9355757832527161 +- 0.018842939287424088	Va_CE: 0.2530992031097412 +- 0.044022250920534134
Ancestors: 190.0 +- 0.0
pop len 5000
Best Individual | TrAcc: 1.0, TrCE: 0.0028284566942602396, VaAcc: 0.9532163739204407, VaCE: 0.227141872048378
Generation: 191
TrAcc: 0.9999247193336487 +- 0.0005645739729516208	TrCE: 0.00306011363863945 +- 0.0013524277601391077
VaAcc: 0.9529889822006226 +- 0.0027187643572688103	Va_CE: 0.2274637222290039 +- 0.005504111293703318
Ancestors: 191.0 +- 0.0
pop len 5000
Best Individual | TrAcc: 1.0, TrCE: 0.0028284566942602396, VaAcc: 0.9532163739204407, VaCE: 0.227141872048378
ENSEMBLE | Tr_Acc: 1.0, Tr_CE: 0.003041895804926753, Va_Acc: 0.9356725215911865, Va_CE: 0.25627601146698
Generation: 192
TrAcc: 0.9999363422393799 +- 0.0004958515637554228	TrCE: 0.003021436044946313 +- 0.0011486995499581099
VaAcc: 0.9529864192008972 +- 0.002557738684117794	Va_CE: 0.22744633257389069 +- 0.00543937087059021
Ancestors: 192.0 +- 0.0
pop len 5000
Best Individual | TrAcc: 1.0, TrCE: 0.0028284566942602396, VaAcc: 0.9532163739204407, VaCE: 0.227141872048378
Generation: 193
TrAcc: 0.9999284148216248 +- 0.0005560763529501855	TrCE: 0.0030246851965785027 +- 0.0012229990679770708
VaAcc: 0.9530567526817322 +- 0.0022307655308395624	Va_CE: 0.2273758351802826 +- 0.0052292183972895145
Ancestors: 193.0 +- 0.0
pop len 5000
Best Individual | TrAcc: 1.0, TrCE: 0.0028284566942602396, VaAcc: 0.9532163739204407, VaCE: 0.227141872048378
Generation: 194
TrAcc: 0.9999179840087891 +- 0.0006119899917393923	TrCE: 0.0030394417699426413 +- 0.0013082842342555523
VaAcc: 0.9531116485595703 +- 0.0018601837800815701	Va_CE: 0.2272946834564209 +- 0.005280801560729742
Ancestors: 194.0 +- 0.0
pop len 5000
Best Individual | TrAcc: 1.0, TrCE: 0.0028284566942602396, VaAcc: 0.9532163739204407, VaCE: 0.227141872048378
Generation: 195
TrAcc: 0.9999336004257202 +- 0.000504356692545116	TrCE: 0.003018520073965192 +- 0.0011171979131177068
VaAcc: 0.9530519247055054 +- 0.002224416472017765	Va_CE: 0.22743098437786102 +- 0.005258387420326471
Ancestors: 195.0 +- 0.0
pop len 5000
Best Individual | TrAcc: 1.0, TrCE: 0.0028284566942602396, VaAcc: 0.9532163739204407, VaCE: 0.227141872048378
Generation: 196
TrAcc: 0.9999321103096008 +- 0.0005201754393056035	TrCE: 0.003023918019607663 +- 0.0011880234815180302
VaAcc: 0.9530345797538757 +- 0.002321210689842701	Va_CE: 0.22735737264156342 +- 0.004435769747942686
Ancestors: 196.0 +- 0.0
pop len 5000
Best Individual | TrAcc: 1.0, TrCE: 0.0028284566942602396, VaAcc: 0.9532163739204407, VaCE: 0.227141872048378
Generation: 197
TrAcc: 0.9999303817749023 +- 0.0005247450317256153	TrCE: 0.0030359781812876463 +- 0.0012509096413850784
VaAcc: 0.9530471563339233 +- 0.002054659416899085	Va_CE: 0.22739063203334808 +- 0.005358400754630566
Ancestors: 197.0 +- 0.0
pop len 5000
Best Individual | TrAcc: 1.0, TrCE: 0.0028284566942602396, VaAcc: 0.9532163739204407, VaCE: 0.227141872048378
Generation: 198
TrAcc: 0.9999402165412903 +- 0.0004912284202873707	TrCE: 0.003015994094312191 +- 0.0011376262409612536
VaAcc: 0.9530460834503174 +- 0.0022225535940378904	Va_CE: 0.2274494171142578 +- 0.005964325740933418
Ancestors: 198.0 +- 0.0
pop len 5000
Best Individual | TrAcc: 1.0, TrCE: 0.0028284566942602396, VaAcc: 0.9532163739204407, VaCE: 0.227141872048378
Generation: 199
TrAcc: 0.9999294877052307 +- 0.0005282683996483684	TrCE: 0.003028484992682934 +- 0.0011872202157974243
VaAcc: 0.9529910087585449 +- 0.002476614899933338	Va_CE: 0.22747734189033508 +- 0.005197055637836456
Ancestors: 199.0 +- 0.0
pop len 5000
Best Individual | TrAcc: 1.0, TrCE: 0.0028284566942602396, VaAcc: 0.9532163739204407, VaCE: 0.227141872048378
current_layer 0
Mod Accuracy || Mean: 0.9532163739204407	 Std: 0.0
Ens Accuracy || Mean: 0.9356725215911865	 Std: 0.0
Mod CE || Mean: 0.227141872048378	 Std: 0.0
Ens CE || Mean: 0.25627601146698	 Std: 0.0
