

config:

HOME=/clusterFS/home/student/kopp13
PATH=/clusterFS/home/student/kopp13/miniconda3/envs/tensorflow/bin:/clusterFS/home/student/kopp13/miniconda3/bin:/clusterFS/home/student/kopp13/bin:/usr/local/bin:/usr/bin:/bin:/usr/local/games:/usr/games
LD_LIBRARY_PATH=
THEANO_FLAGS=floatX=float32,gpuarray.preallocate=0.9,dnn.library_path=/usr/lib/x86_64-linux-gnu,cxx=clang++-3.8,device=cuda,base_compiledir=/tmp/tmp.XITx5dMPe8
Pretrained network accuracy: 1.0
NN CONFIG
Weight-type:		binary
Layout									Layer #1: 30	Layer #2: 20	Layer #3: 2	
Activation Functions					Layer #1: bs	
Keep probabilities		Layer #0: 0.9	Layer #1: 1.0	
Flat factors							Layer #1: 1.0	Layer #2: 1.0	
Activation Noise						Layer #1: 0.0	Layer #2: 0.0	
Prior: 0.9

===================================

RUN CONFIG
Gibbs  Epochs: 0, Blocksize: 8

===================================

Gibbs Ensemble | Burn In: 30, Thinning: 3
GA Init Pop | Burn In: 100, Thinning: 10
Recombination Method: neuron, N_Neurons: 5, Layer-Wise: True
Gen Per Layer: 10, Layer Mutation: 0.03
Max GA Generations: 100, Population Size: 500, Fit_Individuals: 100, N_Recombinations: 250
GA Ensemble | Burn In: 100, Thinning: 10
Epoch: 0, AccTr: 0.25628140568733215, AccVa: 0.26900583505630493, CeTr: 3.1985514163970947, CeVa: 3.2011680603027344
Starting genetic algorithm
ga init pop len: 0
Generation: 0
TrAcc: 0.551140546798706 +- 0.11415614187717438	TrCE: 1.769917607307434 +- 0.655253529548645
VaAcc: 0.515590488910675 +- 0.10340574383735657	Va_CE: 2.0502195358276367 +- 0.6912236213684082
Ancestors: 0.0 +- 0.0
pop len 500
Best Individual | TrAcc: 0.7939698696136475, TrCE: 0.6528968811035156, VaAcc: 0.7543859481811523, VaCE: 0.7272087931632996
Generation: 1
TrAcc: 0.6850703954696655 +- 0.07554441690444946	TrCE: 1.0747466087341309 +- 0.2586454451084137
VaAcc: 0.6350287795066833 +- 0.0779552087187767	Va_CE: 1.3312058448791504 +- 0.32999947667121887
Ancestors: 1.0 +- 0.0
pop len 500
Best Individual | TrAcc: 0.80402010679245, TrCE: 0.4742030203342438, VaAcc: 0.7309941649436951, VaCE: 0.6792953014373779
Generation: 2
TrAcc: 0.7582157254219055 +- 0.0649360865354538	TrCE: 0.8125234246253967 +- 0.20766304433345795
VaAcc: 0.7082569003105164 +- 0.07304733246564865	Va_CE: 1.0262924432754517 +- 0.2770197093486786
Ancestors: 2.0 +- 0.0
pop len 500
Best Individual | TrAcc: 0.8668341636657715, TrCE: 0.35118281841278076, VaAcc: 0.8011695742607117, VaCE: 0.541373074054718
Generation: 3
TrAcc: 0.8196674585342407 +- 0.049882836639881134	TrCE: 0.593697726726532 +- 0.14826461672782898
VaAcc: 0.7681165337562561 +- 0.06090046092867851	Va_CE: 0.7742628455162048 +- 0.2128848135471344
Ancestors: 3.0 +- 0.0
pop len 500
Best Individual | TrAcc: 0.9145728349685669, TrCE: 0.32350027561187744, VaAcc: 0.9005848169326782, VaCE: 0.38567471504211426
Generation: 4
TrAcc: 0.8598787188529968 +- 0.03819507732987404	TrCE: 0.4442049562931061 +- 0.08567322045564651
VaAcc: 0.8115429282188416 +- 0.05313437432050705	Va_CE: 0.597078800201416 +- 0.14776423573493958
Ancestors: 4.0 +- 0.0
pop len 500
Best Individual | TrAcc: 0.9422110319137573, TrCE: 0.26951923966407776, VaAcc: 0.8888888955116272, VaCE: 0.508474588394165
Generation: 5
TrAcc: 0.886455774307251 +- 0.033353548496961594	TrCE: 0.37187400460243225 +- 0.05795721709728241
VaAcc: 0.8438001871109009 +- 0.048809174448251724	Va_CE: 0.4946568012237549 +- 0.10405586659908295
Ancestors: 5.0 +- 0.0
pop len 500
Best Individual | TrAcc: 0.9145728349685669, TrCE: 0.258978009223938, VaAcc: 0.8830409646034241, VaCE: 0.3950135409832001
Generation: 6
TrAcc: 0.9060139656066895 +- 0.027160009369254112	TrCE: 0.3223647177219391 +- 0.03648102656006813
VaAcc: 0.8627355098724365 +- 0.038662537932395935	Va_CE: 0.4524019658565521 +- 0.08054026961326599
Ancestors: 6.0 +- 0.0
pop len 500
Best Individual | TrAcc: 0.929648220539093, TrCE: 0.22306576371192932, VaAcc: 0.8771929740905762, VaCE: 0.4063871204853058
Generation: 7
TrAcc: 0.9192801117897034 +- 0.021606000140309334	TrCE: 0.2901982069015503 +- 0.029040034860372543
VaAcc: 0.8763730525970459 +- 0.03226481005549431	Va_CE: 0.4200723469257355 +- 0.07765020430088043
Ancestors: 7.0 +- 0.0
pop len 500
Best Individual | TrAcc: 0.9422110319137573, TrCE: 0.22848302125930786, VaAcc: 0.9064327478408813, VaCE: 0.3577347695827484
Generation: 8
TrAcc: 0.9214913249015808 +- 0.020255282521247864	TrCE: 0.2687418758869171 +- 0.0242843609303236
VaAcc: 0.8770397305488586 +- 0.03219103068113327	Va_CE: 0.40481114387512207 +- 0.07307128608226776
Ancestors: 8.0 +- 0.0
pop len 500
Best Individual | TrAcc: 0.9497487545013428, TrCE: 0.21554866433143616, VaAcc: 0.9122806787490845, VaCE: 0.3169735372066498
Generation: 9
TrAcc: 0.926546573638916 +- 0.01968015730381012	TrCE: 0.25239017605781555 +- 0.02485084719955921
VaAcc: 0.8842092156410217 +- 0.03322954475879669	Va_CE: 0.3800218403339386 +- 0.07548344880342484
Ancestors: 9.0 +- 0.0
pop len 500
Best Individual | TrAcc: 0.9547738432884216, TrCE: 0.2006881684064865, VaAcc: 0.9239766001701355, VaCE: 0.2842976748943329
current_layer 0
Generation: 10
TrAcc: 0.9007928371429443 +- 0.032546933740377426	TrCE: 0.34295013546943665 +- 0.09558576345443726
VaAcc: 0.8813676834106445 +- 0.03987608850002289	Va_CE: 0.43206077814102173 +- 0.13314267992973328
Ancestors: 10.0 +- 0.0
pop len 500
Best Individual | TrAcc: 0.9623115658760071, TrCE: 0.1820153295993805, VaAcc: 0.9415204524993896, VaCE: 0.25365427136421204
Generation: 11
TrAcc: 0.9284208416938782 +- 0.02326446957886219	TrCE: 0.25128811597824097 +- 0.0337822362780571
VaAcc: 0.9060574769973755 +- 0.033440835773944855	Va_CE: 0.34829509258270264 +- 0.07695107907056808
Ancestors: 11.0 +- 0.0
pop len 500
Best Individual | TrAcc: 0.9698492288589478, TrCE: 0.15337932109832764, VaAcc: 0.9590643048286438, VaCE: 0.19524702429771423
Generation: 12
TrAcc: 0.9432353377342224 +- 0.017989229410886765	TrCE: 0.2125135064125061 +- 0.022098511457443237
VaAcc: 0.9239044189453125 +- 0.02389221079647541	Va_CE: 0.3005601465702057 +- 0.060182634741067886
Ancestors: 12.0 +- 0.0
pop len 500
Best Individual | TrAcc: 0.9723618030548096, TrCE: 0.1318558007478714, VaAcc: 0.9473684430122375, VaCE: 0.22468049824237823
Generation: 13
TrAcc: 0.9496773481369019 +- 0.01786697842180729	TrCE: 0.1872769594192505 +- 0.020945129916071892
VaAcc: 0.9288871884346008 +- 0.025357738137245178	Va_CE: 0.2810024321079254 +- 0.06297972798347473
Ancestors: 13.0 +- 0.0
pop len 500
Best Individual | TrAcc: 0.9723618030548096, TrCE: 0.1318558007478714, VaAcc: 0.9473684430122375, VaCE: 0.22468049824237823
Generation: 14
TrAcc: 0.9517932534217834 +- 0.022038396447896957	TrCE: 0.16709169745445251 +- 0.022771863266825676
VaAcc: 0.9295073747634888 +- 0.030868707224726677	Va_CE: 0.25556430220603943 +- 0.06460882723331451
Ancestors: 14.0 +- 0.0
pop len 500
Best Individual | TrAcc: 0.979899525642395, TrCE: 0.11433985084295273, VaAcc: 0.9415204524993896, VaCE: 0.24478307366371155
Generation: 15
TrAcc: 0.9556375741958618 +- 0.02347082830965519	TrCE: 0.1442917436361313 +- 0.018388915807008743
VaAcc: 0.9309108853340149 +- 0.03422694280743599	Va_CE: 0.23039844632148743 +- 0.05908503755927086
Ancestors: 15.0 +- 0.0
pop len 500
Best Individual | TrAcc: 0.9824120402336121, TrCE: 0.0989278182387352, VaAcc: 0.9824561476707458, VaCE: 0.1289055496454239
Generation: 16
TrAcc: 0.9547325968742371 +- 0.023850539699196815	TrCE: 0.12787377834320068 +- 0.01660289615392685
VaAcc: 0.9301509261131287 +- 0.032842837274074554	Va_CE: 0.21273629367351532 +- 0.053134750574827194
Ancestors: 16.0 +- 0.0
pop len 500
Best Individual | TrAcc: 0.9748743772506714, TrCE: 0.09506236016750336, VaAcc: 0.9415204524993896, VaCE: 0.24763906002044678
Generation: 17
TrAcc: 0.958496630191803 +- 0.023185066878795624	TrCE: 0.11122492700815201 +- 0.010248089209198952
VaAcc: 0.9364076256752014 +- 0.03051605448126793	Va_CE: 0.19623629748821259 +- 0.045988086611032486
Ancestors: 17.0 +- 0.0
pop len 500
Best Individual | TrAcc: 0.929648220539093, TrCE: 0.08497460186481476, VaAcc: 0.9298245906829834, VaCE: 0.09876466542482376
Generation: 18
TrAcc: 0.9586074948310852 +- 0.024247141554951668	TrCE: 0.10252635180950165 +- 0.009843816980719566
VaAcc: 0.9387339353561401 +- 0.034986913204193115	Va_CE: 0.1745203584432602 +- 0.04781592637300491
Ancestors: 18.0 +- 0.0
pop len 500
Best Individual | TrAcc: 0.979899525642395, TrCE: 0.08261998742818832, VaAcc: 0.9824561476707458, VaCE: 0.12003780156373978
Generation: 19
TrAcc: 0.9673412442207336 +- 0.019617630168795586	TrCE: 0.09421121329069138 +- 0.006644151639193296
VaAcc: 0.9485477209091187 +- 0.027217308059334755	Va_CE: 0.171607106924057 +- 0.0425298810005188
Ancestors: 19.0 +- 0.0
pop len 500
Best Individual | TrAcc: 0.9346733689308167, TrCE: 0.08130444586277008, VaAcc: 0.9415204524993896, VaCE: 0.11169543862342834
current_layer 0
Generation: 20
TrAcc: 0.9331041574478149 +- 0.026894817128777504	TrCE: 0.21862415969371796 +- 0.08039077371358871
VaAcc: 0.9168174266815186 +- 0.03834129497408867	Va_CE: 0.2668900489807129 +- 0.10345673561096191
Ancestors: 20.0 +- 0.0
pop len 500
Best Individual | TrAcc: 0.9522613286972046, TrCE: 0.055077482014894485, VaAcc: 0.9064327478408813, VaCE: 0.1338438242673874
Generation: 21
TrAcc: 0.9505923986434937 +- 0.0156633909791708	TrCE: 0.1438884288072586 +- 0.028597401455044746
VaAcc: 0.9338811635971069 +- 0.03139667958021164	Va_CE: 0.19422481954097748 +- 0.05503256618976593
Ancestors: 21.0 +- 0.0
pop len 500
Best Individual | TrAcc: 0.9522613286972046, TrCE: 0.055077482014894485, VaAcc: 0.9064327478408813, VaCE: 0.1338438242673874
Generation: 22
TrAcc: 0.9569745659828186 +- 0.01600733771920204	TrCE: 0.10981770604848862 +- 0.01911504939198494
VaAcc: 0.9391565918922424 +- 0.031423065811395645	Va_CE: 0.16533324122428894 +- 0.04213583096861839
Ancestors: 22.0 +- 0.0
pop len 500
Best Individual | TrAcc: 0.9522613286972046, TrCE: 0.055077482014894485, VaAcc: 0.9064327478408813, VaCE: 0.1338438093662262
Generation: 23
TrAcc: 0.9611201286315918 +- 0.01705683209002018	TrCE: 0.08836857974529266 +- 0.01300664059817791
VaAcc: 0.940664529800415 +- 0.03341463953256607	Va_CE: 0.14443416893482208 +- 0.03214040771126747
Ancestors: 23.0 +- 0.0
pop len 500
Best Individual | TrAcc: 0.9522613286972046, TrCE: 0.055077482014894485, VaAcc: 0.9064327478408813, VaCE: 0.1338438242673874
Generation: 24
TrAcc: 0.9614664316177368 +- 0.01587079092860222	TrCE: 0.0723959282040596 +- 0.008688564412295818
VaAcc: 0.9354247450828552 +- 0.03276537358760834	Va_CE: 0.13792039453983307 +- 0.026806486770510674
Ancestors: 24.0 +- 0.0
pop len 500
Best Individual | TrAcc: 0.9522613286972046, TrCE: 0.055077482014894485, VaAcc: 0.9064327478408813, VaCE: 0.13384383916854858
Generation: 25
TrAcc: 0.9565368890762329 +- 0.011574485339224339	TrCE: 0.05968890339136124 +- 0.004359726794064045
VaAcc: 0.9180221557617188 +- 0.028939828276634216	Va_CE: 0.13455826044082642 +- 0.013863891363143921
Ancestors: 25.0 +- 0.0
pop len 500
Best Individual | TrAcc: 0.9824120402336121, TrCE: 0.052367474883794785, VaAcc: 0.9824561476707458, VaCE: 0.1188768520951271
Generation: 26
TrAcc: 0.956425130367279 +- 0.010398990474641323	TrCE: 0.0547032356262207 +- 0.0009346798760816455
VaAcc: 0.9169238209724426 +- 0.02622043341398239	Va_CE: 0.13177788257598877 +- 0.005162118002772331
Ancestors: 26.0 +- 0.0
pop len 500
Best Individual | TrAcc: 0.9824120402336121, TrCE: 0.052367474883794785, VaAcc: 0.9824561476707458, VaCE: 0.1188768520951271
Generation: 27
TrAcc: 0.9743952751159668 +- 0.01332253497093916	TrCE: 0.05308839678764343 +- 0.001197455800138414
VaAcc: 0.9622316956520081 +- 0.03359198570251465	Va_CE: 0.12285815179347992 +- 0.0066133770160377026
Ancestors: 27.0 +- 0.0
pop len 500
Best Individual | TrAcc: 0.9824120402336121, TrCE: 0.052367474883794785, VaAcc: 0.9824561476707458, VaCE: 0.1188768520951271
Generation: 28
TrAcc: 0.9824155569076538 +- 3.516674041748047e-06	TrCE: 0.052367690950632095 +- 2.1606683731079102e-07
VaAcc: 0.9824528694152832 +- 3.2782554626464844e-06	Va_CE: 0.11887720972299576 +- 3.5609582482720725e-07
Ancestors: 28.0 +- 0.0
pop len 500
Best Individual | TrAcc: 0.9824120402336121, TrCE: 0.052367474883794785, VaAcc: 0.9824561476707458, VaCE: 0.1188768520951271
Generation: 29
TrAcc: 0.9824155569076538 +- 3.516674041748047e-06	TrCE: 0.052367690950632095 +- 2.1608198608191742e-07
VaAcc: 0.9824528694152832 +- 3.2782554626464844e-06	Va_CE: 0.11887720972299576 +- 3.561223422821058e-07
Ancestors: 29.0 +- 0.0
pop len 500
Best Individual | TrAcc: 0.9824120402336121, TrCE: 0.05236746743321419, VaAcc: 0.9824561476707458, VaCE: 0.1188768520951271
current_layer 0
Generation: 30
TrAcc: 0.9400293231010437 +- 0.02794378623366356	TrCE: 0.18451444804668427 +- 0.07492894679307938
VaAcc: 0.9213082790374756 +- 0.038358308374881744	Va_CE: 0.24658311903476715 +- 0.09269481897354126
Ancestors: 30.0 +- 0.0
pop len 500
Best Individual | TrAcc: 0.9572864174842834, TrCE: 0.06400437653064728, VaAcc: 0.8947368264198303, VaCE: 0.15356439352035522
Generation: 31
TrAcc: 0.9614218473434448 +- 0.012605122290551662	TrCE: 0.11394798755645752 +- 0.026645002886652946
VaAcc: 0.9447240233421326 +- 0.029820937663316727	Va_CE: 0.1739119291305542 +- 0.046338409185409546
Ancestors: 31.0 +- 0.0
pop len 500
Best Individual | TrAcc: 0.9824120402336121, TrCE: 0.052367474883794785, VaAcc: 0.9824561476707458, VaCE: 0.1188768520951271
Generation: 32
TrAcc: 0.969321608543396 +- 0.012998949736356735	TrCE: 0.08150027692317963 +- 0.017499208450317383
VaAcc: 0.9530274868011475 +- 0.034296631813049316	Va_CE: 0.1445043981075287 +- 0.03816435486078262
Ancestors: 32.0 +- 0.0
pop len 500
Best Individual | TrAcc: 0.9824120402336121, TrCE: 0.04514559730887413, VaAcc: 0.9824561476707458, VaCE: 0.10943105816841125
Generation: 33
TrAcc: 0.9747585654258728 +- 0.011653495952486992	TrCE: 0.06150063872337341 +- 0.008470418862998486
VaAcc: 0.9596116542816162 +- 0.03341285139322281	Va_CE: 0.13011950254440308 +- 0.02603616565465927
Ancestors: 33.0 +- 0.0
pop len 500
Best Individual | TrAcc: 0.9874371886253357, TrCE: 0.03752826899290085, VaAcc: 0.9766082167625427, VaCE: 0.12893839180469513
Generation: 34
TrAcc: 0.978061854839325 +- 0.010228393599390984	TrCE: 0.05202715843915939 +- 0.003738667815923691
VaAcc: 0.9694596529006958 +- 0.02740737609565258	Va_CE: 0.11840735375881195 +- 0.012241853401064873
Ancestors: 34.0 +- 0.0
pop len 500
Best Individual | TrAcc: 0.9874371886253357, TrCE: 0.03701826184988022, VaAcc: 0.9766082167625427, VaCE: 0.12730613350868225
Generation: 35
TrAcc: 0.9782664179801941 +- 0.012148822657763958	TrCE: 0.04816996306180954 +- 0.004671601112931967
VaAcc: 0.9658350944519043 +- 0.03162497282028198	Va_CE: 0.11693189293146133 +- 0.01725388690829277
Ancestors: 35.0 +- 0.0
pop len 500
Best Individual | TrAcc: 0.9874371886253357, TrCE: 0.03752826899290085, VaAcc: 0.9766082167625427, VaCE: 0.12893839180469513
Generation: 36
TrAcc: 0.9853305220603943 +- 0.0012706693960353732	TrCE: 0.04058048129081726 +- 0.0017245125491172075
VaAcc: 0.9816567301750183 +- 0.0030358864460140467	Va_CE: 0.10819151252508163 +- 0.011346546933054924
Ancestors: 36.0 +- 0.0
pop len 500
Best Individual | TrAcc: 0.9874371886253357, TrCE: 0.03752826526761055, VaAcc: 0.9766082167625427, VaCE: 0.12893837690353394
Generation: 37
TrAcc: 0.9874130487442017 +- 0.00022386657656170428	TrCE: 0.03753013163805008 +- 5.780091669294052e-05
VaAcc: 0.976694643497467 +- 0.0010419395985081792	Va_CE: 0.12858016788959503 +- 0.003909474704414606
Ancestors: 37.0 +- 0.0
pop len 500
Best Individual | TrAcc: 0.9874371886253357, TrCE: 0.03701825439929962, VaAcc: 0.9766082167625427, VaCE: 0.12730613350868225
Generation: 38
TrAcc: 0.9874330759048462 +- 4.112720489501953e-06	TrCE: 0.037521086633205414 +- 5.9921709180343896e-05
VaAcc: 0.9766010046005249 +- 7.212162017822266e-06	Va_CE: 0.12891484797000885 +- 0.00019177580543328077
Ancestors: 38.0 +- 0.0
pop len 500
Best Individual | TrAcc: 0.9874371886253357, TrCE: 0.03701825439929962, VaAcc: 0.9766082167625427, VaCE: 0.12730613350868225
Generation: 39
TrAcc: 0.9874330759048462 +- 4.112720489501953e-06	TrCE: 0.03749251738190651 +- 0.00013012863928452134
VaAcc: 0.9766010046005249 +- 7.212162017822266e-06	Va_CE: 0.12882351875305176 +- 0.00041646609315648675
Ancestors: 39.0 +- 0.0
pop len 500
Best Individual | TrAcc: 0.9874371886253357, TrCE: 0.03701825439929962, VaAcc: 0.9766082167625427, VaCE: 0.12730613350868225
current_layer 0
Generation: 40
TrAcc: 0.9436273574829102 +- 0.024947848170995712	TrCE: 0.1768917441368103 +- 0.07762473076581955
VaAcc: 0.9244076609611511 +- 0.03509576618671417	Va_CE: 0.24647416174411774 +- 0.09757658839225769
Ancestors: 40.0 +- 0.0
pop len 500
Best Individual | TrAcc: 0.9849246144294739, TrCE: 0.046334780752658844, VaAcc: 0.9766082167625427, VaCE: 0.13065001368522644
Generation: 41
TrAcc: 0.965230405330658 +- 0.013740689493715763	TrCE: 0.10048738867044449 +- 0.026721347123384476
VaAcc: 0.9442091584205627 +- 0.02484135702252388	Va_CE: 0.18425364792346954 +- 0.05106644704937935
Ancestors: 41.0 +- 0.0
pop len 500
Best Individual | TrAcc: 0.9874371886253357, TrCE: 0.037775669246912, VaAcc: 0.9590643048286438, VaCE: 0.17750650644302368
Generation: 42
TrAcc: 0.9742206335067749 +- 0.011805414222180843	TrCE: 0.067276231944561 +- 0.016522763296961784
VaAcc: 0.950899064540863 +- 0.025894714519381523	Va_CE: 0.16358816623687744 +- 0.039330605417490005
Ancestors: 42.0 +- 0.0
pop len 500
Best Individual | TrAcc: 0.9874371886253357, TrCE: 0.03424961864948273, VaAcc: 0.9649122953414917, VaCE: 0.15641379356384277
Generation: 43
TrAcc: 0.9821902513504028 +- 0.009551786817610264	TrCE: 0.045702263712882996 +- 0.007229842245578766
VaAcc: 0.959414005279541 +- 0.022907549515366554	Va_CE: 0.1505739837884903 +- 0.025770271196961403
Ancestors: 43.0 +- 0.0
pop len 500
Best Individual | TrAcc: 0.9899497628211975, TrCE: 0.032004132866859436, VaAcc: 0.9590643048286438, VaCE: 0.15037813782691956
Generation: 44
TrAcc: 0.984601616859436 +- 0.008260044269263744	TrCE: 0.03703557327389717 +- 0.0018458274425938725
VaAcc: 0.9574258923530579 +- 0.026240035891532898	Va_CE: 0.15371491014957428 +- 0.023571565747261047
Ancestors: 44.0 +- 0.0
pop len 500
Best Individual | TrAcc: 0.9899497628211975, TrCE: 0.032004132866859436, VaAcc: 0.9590643048286438, VaCE: 0.15037812292575836
Generation: 45
TrAcc: 0.9871376156806946 +- 0.00368250859901309	TrCE: 0.03442290425300598 +- 0.0007247068569995463
VaAcc: 0.9627681374549866 +- 0.013996094465255737	Va_CE: 0.15592354536056519 +- 0.007582539226859808
Ancestors: 45.0 +- 0.0
pop len 500
Best Individual | TrAcc: 0.9899497628211975, TrCE: 0.03200412541627884, VaAcc: 0.9590643048286438, VaCE: 0.15037812292575836
Generation: 46
TrAcc: 0.987454354763031 +- 0.002224632306024432	TrCE: 0.03385372459888458 +- 0.0007423690403811634
VaAcc: 0.9640318155288696 +- 0.007827301509678364	Va_CE: 0.15352433919906616 +- 0.004827622324228287
Ancestors: 46.0 +- 0.0
pop len 500
Best Individual | TrAcc: 0.9899497628211975, TrCE: 0.031590599566698074, VaAcc: 0.9649122953414917, VaCE: 0.1434456706047058
Generation: 47
TrAcc: 0.9879009127616882 +- 0.004425357561558485	TrCE: 0.032556213438510895 +- 0.0007301312871277332
VaAcc: 0.9585856199264526 +- 0.012398893013596535	Va_CE: 0.14740267395973206 +- 0.004544575698673725
Ancestors: 47.0 +- 0.0
pop len 500
Best Individual | TrAcc: 0.9899497628211975, TrCE: 0.031590595841407776, VaAcc: 0.9649122953414917, VaCE: 0.1434456706047058
Generation: 48
TrAcc: 0.9896719455718994 +- 0.0023616142570972443	TrCE: 0.03192492201924324 +- 0.00016467954264953732
VaAcc: 0.9594994187355042 +- 0.006740462500602007	Va_CE: 0.149293452501297 +- 0.0028946460224688053
Ancestors: 48.0 +- 0.0
pop len 500
Best Individual | TrAcc: 0.9899497628211975, TrCE: 0.031590595841407776, VaAcc: 0.9649122953414917, VaCE: 0.1434456706047058
Generation: 49
TrAcc: 0.9899534583091736 +- 3.6954879760742188e-06	TrCE: 0.031599439680576324 +- 2.2052867279853672e-05
VaAcc: 0.9649068117141724 +- 5.4836273193359375e-06	Va_CE: 0.14463400840759277 +- 0.002945992397144437
Ancestors: 49.0 +- 0.0
pop len 500
Best Individual | TrAcc: 0.9899497628211975, TrCE: 0.031590595841407776, VaAcc: 0.9649122953414917, VaCE: 0.1434456706047058
current_layer 0
Generation: 50
TrAcc: 0.9422805905342102 +- 0.03190849348902702	TrCE: 0.18230918049812317 +- 0.08546379208564758
VaAcc: 0.919133722782135 +- 0.041537102311849594	Va_CE: 0.2775898873806 +- 0.11839855462312698
Ancestors: 50.0 +- 0.0
pop len 500
Best Individual | TrAcc: 0.979899525642395, TrCE: 0.047091010957956314, VaAcc: 0.9824561476707458, VaCE: 0.11047269403934479
Generation: 51
TrAcc: 0.9661051034927368 +- 0.01362677849829197	TrCE: 0.1027987152338028 +- 0.03074883483350277
VaAcc: 0.9398232698440552 +- 0.02600720524787903	Va_CE: 0.20252856612205505 +- 0.06518152356147766
Ancestors: 51.0 +- 0.0
pop len 500
Best Individual | TrAcc: 0.9899497628211975, TrCE: 0.03689153492450714, VaAcc: 0.9707602262496948, VaCE: 0.11510033905506134
Generation: 52
TrAcc: 0.9775020480155945 +- 0.009070276282727718	TrCE: 0.06558641046285629 +- 0.017404016107320786
VaAcc: 0.9529345035552979 +- 0.019555000588297844	Va_CE: 0.165374293923378 +- 0.04008844867348671
Ancestors: 52.0 +- 0.0
pop len 500
Best Individual | TrAcc: 0.9899497628211975, TrCE: 0.031590599566698074, VaAcc: 0.9649122953414917, VaCE: 0.143445685505867
Generation: 53
TrAcc: 0.9845371246337891 +- 0.007030828855931759	TrCE: 0.04335460439324379 +- 0.008088183589279652
VaAcc: 0.9598119258880615 +- 0.017208922654390335	Va_CE: 0.14716148376464844 +- 0.0296530332416296
Ancestors: 53.0 +- 0.0
pop len 500
Best Individual | TrAcc: 0.9899497628211975, TrCE: 0.028129817917943, VaAcc: 0.9766082167625427, VaCE: 0.0909261479973793
Generation: 54
TrAcc: 0.989168107509613 +- 0.0033244334626942873	TrCE: 0.03254008665680885 +- 0.002026876201853156
VaAcc: 0.9645710587501526 +- 0.009310262277722359	Va_CE: 0.1354391872882843 +- 0.019505992531776428
Ancestors: 54.0 +- 0.0
pop len 500
Best Individual | TrAcc: 0.9899497628211975, TrCE: 0.028129812330007553, VaAcc: 0.9766082167625427, VaCE: 0.0909261479973793
Generation: 55
TrAcc: 0.9893696904182434 +- 0.002613764489069581	TrCE: 0.030540553852915764 +- 0.0011749634286388755
VaAcc: 0.9684205055236816 +- 0.006384722422808409	Va_CE: 0.1171596571803093 +- 0.019954970106482506
Ancestors: 55.0 +- 0.0
pop len 500
Best Individual | TrAcc: 0.9899497628211975, TrCE: 0.028129817917943, VaAcc: 0.9766082167625427, VaCE: 0.0909261479973793
Generation: 56
TrAcc: 0.9898629784584045 +- 0.0011642315657809377	TrCE: 0.028729962185025215 +- 0.0002398922952124849
VaAcc: 0.9713459610939026 +- 0.002679879777133465	Va_CE: 0.09723342955112457 +- 0.0024413850624114275
Ancestors: 56.0 +- 0.0
pop len 500
Best Individual | TrAcc: 0.9899497628211975, TrCE: 0.028129814192652702, VaAcc: 0.9766082167625427, VaCE: 0.0909261479973793
Generation: 57
TrAcc: 0.9892901182174683 +- 0.003091890597715974	TrCE: 0.028385035693645477 +- 0.0003799763217102736
VaAcc: 0.9733760952949524 +- 0.006209022831171751	Va_CE: 0.09353941679000854 +- 0.0036628018133342266
Ancestors: 57.0 +- 0.0
pop len 500
Best Individual | TrAcc: 0.9899497628211975, TrCE: 0.028129810467362404, VaAcc: 0.9766082167625427, VaCE: 0.0909261479973793
Generation: 58
TrAcc: 0.9899534583091736 +- 3.6954879760742188e-06	TrCE: 0.02812977321445942 +- 4.5166281381625595e-08
VaAcc: 0.9766010046005249 +- 7.212162017822266e-06	Va_CE: 0.09092611819505692 +- 2.981721891615052e-08
Ancestors: 58.0 +- 0.0
pop len 500
Best Individual | TrAcc: 0.9899497628211975, TrCE: 0.028129810467362404, VaAcc: 0.9766082167625427, VaCE: 0.0909261479973793
Generation: 59
TrAcc: 0.9899534583091736 +- 3.6954879760742188e-06	TrCE: 0.02812977135181427 +- 4.664957486966159e-08
VaAcc: 0.9766010046005249 +- 7.212162017822266e-06	Va_CE: 0.09092611819505692 +- 3.011914984085706e-08
Ancestors: 59.0 +- 0.0
pop len 500
Best Individual | TrAcc: 0.9899497628211975, TrCE: 0.028129810467362404, VaAcc: 0.9766082167625427, VaCE: 0.0909261479973793
current_layer 0
Generation: 60
TrAcc: 0.9449383020401001 +- 0.025399325415492058	TrCE: 0.16929090023040771 +- 0.07180308550596237
VaAcc: 0.9273905754089355 +- 0.03649935498833656	Va_CE: 0.2373521775007248 +- 0.09803702682256699
Ancestors: 60.0 +- 0.0
pop len 500
Best Individual | TrAcc: 0.9874371886253357, TrCE: 0.03929772228002548, VaAcc: 0.9766082167625427, VaCE: 0.11237415671348572
Generation: 61
TrAcc: 0.9661300778388977 +- 0.013105276972055435	TrCE: 0.09338446706533432 +- 0.02884530834853649
VaAcc: 0.9492971301078796 +- 0.023086531087756157	Va_CE: 0.16256779432296753 +- 0.05987975746393204
Ancestors: 61.0 +- 0.0
pop len 500
Best Individual | TrAcc: 0.9899497628211975, TrCE: 0.028129817917943, VaAcc: 0.9766082167625427, VaCE: 0.0909261554479599
Generation: 62
TrAcc: 0.9740339517593384 +- 0.011549724265933037	TrCE: 0.06198525056242943 +- 0.01820644922554493
VaAcc: 0.9533200860023499 +- 0.020195065066218376	Va_CE: 0.13892903923988342 +- 0.039216142147779465
Ancestors: 62.0 +- 0.0
pop len 500
Best Individual | TrAcc: 0.9899497628211975, TrCE: 0.028129817917943, VaAcc: 0.9766082167625427, VaCE: 0.0909261554479599
Generation: 63
TrAcc: 0.9817947149276733 +- 0.009323431178927422	TrCE: 0.04034532979130745 +- 0.008600146509706974
VaAcc: 0.9590505361557007 +- 0.018450293689966202	Va_CE: 0.11788640171289444 +- 0.024608569219708443
Ancestors: 63.0 +- 0.0
pop len 500
Best Individual | TrAcc: 0.9924623370170593, TrCE: 0.028067411854863167, VaAcc: 0.9824561476707458, VaCE: 0.08241032809019089
Generation: 64
TrAcc: 0.9877910017967224 +- 0.0061465040780603886	TrCE: 0.029429245740175247 +- 0.0016780238365754485
VaAcc: 0.9703357815742493 +- 0.011143083684146404	Va_CE: 0.09744961559772491 +- 0.014333575032651424
Ancestors: 64.0 +- 0.0
pop len 500
Best Individual | TrAcc: 0.9924623370170593, TrCE: 0.028067411854863167, VaAcc: 0.9824561476707458, VaCE: 0.08241032809019089
Generation: 65
TrAcc: 0.9901841878890991 +- 0.0007262042490765452	TrCE: 0.02814628928899765 +- 8.424808038398623e-05
VaAcc: 0.9771978259086609 +- 0.0017698745941743255	Va_CE: 0.09008108079433441 +- 0.002940582809969783
Ancestors: 65.0 +- 0.0
pop len 500
Best Individual | TrAcc: 0.9924623370170593, TrCE: 0.028067411854863167, VaAcc: 0.9824561476707458, VaCE: 0.08241032809019089
Generation: 66
TrAcc: 0.9904649257659912 +- 0.0010124929249286652	TrCE: 0.0281467754393816 +- 9.976179717341438e-05
VaAcc: 0.9778417944908142 +- 0.002390204928815365	Va_CE: 0.08916220813989639 +- 0.0038383258506655693
Ancestors: 66.0 +- 0.0
pop len 500
Best Individual | TrAcc: 0.9924623370170593, TrCE: 0.028067411854863167, VaAcc: 0.9824561476707458, VaCE: 0.08241032809019089
Generation: 67
TrAcc: 0.991830050945282 +- 0.0010908640688285232	TrCE: 0.02812035381793976 +- 0.00012125080684199929
VaAcc: 0.9810133576393127 +- 0.002518586115911603	Va_CE: 0.08456452935934067 +- 0.004145668353885412
Ancestors: 67.0 +- 0.0
pop len 500
Best Individual | TrAcc: 0.9924623370170593, TrCE: 0.028067409992218018, VaAcc: 0.9824561476707458, VaCE: 0.08241033554077148
Generation: 68
TrAcc: 0.9924622178077698 +- 1.1920928955078125e-07	TrCE: 0.028067532926797867 +- 1.210719347000122e-07
VaAcc: 0.9824528694152832 +- 3.2782554626464844e-06	Va_CE: 0.08241013437509537 +- 1.953303012669494e-07
Ancestors: 68.0 +- 0.0
pop len 500
Best Individual | TrAcc: 0.9924623370170593, TrCE: 0.028067411854863167, VaAcc: 0.9824561476707458, VaCE: 0.08241033554077148
Generation: 69
TrAcc: 0.9924622178077698 +- 1.1920928955078125e-07	TrCE: 0.028067532926797867 +- 1.210719347000122e-07
VaAcc: 0.9824528694152832 +- 3.2782554626464844e-06	Va_CE: 0.08241013437509537 +- 1.956088908627862e-07
Ancestors: 69.0 +- 0.0
pop len 500
Best Individual | TrAcc: 0.9924623370170593, TrCE: 0.028067411854863167, VaAcc: 0.9824561476707458, VaCE: 0.08241033554077148
current_layer 0
Generation: 70
TrAcc: 0.9431601166725159 +- 0.03253232315182686	TrCE: 0.18261197209358215 +- 0.09596297144889832
VaAcc: 0.9247820377349854 +- 0.04066202789545059	Va_CE: 0.2535805106163025 +- 0.12155278027057648
Ancestors: 70.0 +- 0.0
pop len 500
Best Individual | TrAcc: 0.9924623370170593, TrCE: 0.03353341668844223, VaAcc: 0.9766082167625427, VaCE: 0.09418796747922897
Generation: 71
TrAcc: 0.9703163504600525 +- 0.01375255361199379	TrCE: 0.09409736841917038 +- 0.02677547000348568
VaAcc: 0.9541388154029846 +- 0.022473972290754318	Va_CE: 0.16595548391342163 +- 0.053626883774995804
Ancestors: 71.0 +- 0.0
pop len 500
Best Individual | TrAcc: 0.9924623370170593, TrCE: 0.03683086857199669, VaAcc: 0.9766082167625427, VaCE: 0.10715551674365997
Generation: 72
TrAcc: 0.9819744229316711 +- 0.00783650390803814	TrCE: 0.06282836198806763 +- 0.016139017418026924
VaAcc: 0.9683955311775208 +- 0.01498354971408844	Va_CE: 0.12947216629981995 +- 0.03983346000313759
Ancestors: 72.0 +- 0.0
pop len 500
Best Individual | TrAcc: 0.9924623370170593, TrCE: 0.028547657653689384, VaAcc: 0.9766082167625427, VaCE: 0.09371507912874222
Generation: 73
TrAcc: 0.9871708154678345 +- 0.005831509828567505	TrCE: 0.042264174669981 +- 0.008564041927456856
VaAcc: 0.9749674797058105 +- 0.009753316640853882	Va_CE: 0.10836515575647354 +- 0.025341710075736046
Ancestors: 73.0 +- 0.0
pop len 500
Best Individual | TrAcc: 0.9924623370170593, TrCE: 0.028013255447149277, VaAcc: 0.9824561476707458, VaCE: 0.0827476903796196
Generation: 74
TrAcc: 0.9917643070220947 +- 0.0020972236525267363	TrCE: 0.03134498745203018 +- 0.0025943894870579243
VaAcc: 0.9794111847877502 +- 0.005063137039542198	Va_CE: 0.09237736463546753 +- 0.010743055492639542
Ancestors: 74.0 +- 0.0
pop len 500
Best Individual | TrAcc: 0.9924623370170593, TrCE: 0.028013253584504128, VaAcc: 0.9824561476707458, VaCE: 0.0827476903796196
Generation: 75
TrAcc: 0.9924622178077698 +- 1.1920928955078125e-07	TrCE: 0.0280629713088274 +- 1.5022559637145605e-05
VaAcc: 0.9824528694152832 +- 3.2782554626464844e-06	Va_CE: 0.08243855088949203 +- 9.358141687698662e-05
Ancestors: 75.0 +- 0.0
pop len 500
Best Individual | TrAcc: 0.9924623370170593, TrCE: 0.028013253584504128, VaAcc: 0.9824561476707458, VaCE: 0.0827476903796196
Generation: 76
TrAcc: 0.9924622178077698 +- 1.1920928955078125e-07	TrCE: 0.02804592438042164 +- 2.6508787414059043e-05
VaAcc: 0.9824528694152832 +- 3.2782554626464844e-06	Va_CE: 0.08254462480545044 +- 0.00016513545415364206
Ancestors: 76.0 +- 0.0
pop len 500
Best Individual | TrAcc: 0.9924623370170593, TrCE: 0.028013253584504128, VaAcc: 0.9824561476707458, VaCE: 0.0827476903796196
Generation: 77
TrAcc: 0.9924622178077698 +- 1.1920928955078125e-07	TrCE: 0.028013231232762337 +- 2.4623295402648182e-08
VaAcc: 0.9824528694152832 +- 3.2782554626464844e-06	Va_CE: 0.08274807780981064 +- 3.820000529231038e-07
Ancestors: 77.0 +- 0.0
pop len 500
Best Individual | TrAcc: 0.9924623370170593, TrCE: 0.028013253584504128, VaAcc: 0.9824561476707458, VaCE: 0.0827476903796196
Generation: 78
TrAcc: 0.9924622178077698 +- 1.1920928955078125e-07	TrCE: 0.028013231232762337 +- 2.4629917660945466e-08
VaAcc: 0.9824528694152832 +- 3.2782554626464844e-06	Va_CE: 0.08274807035923004 +- 3.745907122265635e-07
Ancestors: 78.0 +- 0.0
pop len 500
Best Individual | TrAcc: 0.9924623370170593, TrCE: 0.028013253584504128, VaAcc: 0.9824561476707458, VaCE: 0.0827476903796196
Generation: 79
TrAcc: 0.9924622178077698 +- 1.1920928955078125e-07	TrCE: 0.028013231232762337 +- 2.4657932584659648e-08
VaAcc: 0.9824528694152832 +- 3.2782554626464844e-06	Va_CE: 0.08274807780981064 +- 3.817855258603231e-07
Ancestors: 79.0 +- 0.0
pop len 500
Best Individual | TrAcc: 0.9924623370170593, TrCE: 0.028013253584504128, VaAcc: 0.9824561476707458, VaCE: 0.0827476903796196
current_layer 0
Generation: 80
TrAcc: 0.9455471634864807 +- 0.031383153051137924	TrCE: 0.1772114783525467 +- 0.08794035017490387
VaAcc: 0.9264076352119446 +- 0.040695566684007645	Va_CE: 0.2513522505760193 +- 0.11966124176979065
Ancestors: 80.0 +- 0.0
pop len 500
Best Individual | TrAcc: 0.9899497628211975, TrCE: 0.036280110478401184, VaAcc: 0.9766082167625427, VaCE: 0.11648085713386536
Generation: 81
TrAcc: 0.9698440432548523 +- 0.01357761025428772	TrCE: 0.09285791963338852 +- 0.026271086186170578
VaAcc: 0.9547587037086487 +- 0.02244448848068714	Va_CE: 0.158201664686203 +- 0.049788299947977066
Ancestors: 81.0 +- 0.0
pop len 500
Best Individual | TrAcc: 0.9899497628211975, TrCE: 0.03628010302782059, VaAcc: 0.9766082167625427, VaCE: 0.11648084223270416
Generation: 82
TrAcc: 0.9830099940299988 +- 0.00761822983622551	TrCE: 0.058328453451395035 +- 0.014628644101321697
VaAcc: 0.9675062894821167 +- 0.015716582536697388	Va_CE: 0.131530299782753 +- 0.041432272642850876
Ancestors: 82.0 +- 0.0
pop len 500
Best Individual | TrAcc: 0.9924623370170593, TrCE: 0.027486857026815414, VaAcc: 0.9824561476707458, VaCE: 0.07875969260931015
Generation: 83
TrAcc: 0.9879992008209229 +- 0.0057018110528588295	TrCE: 0.039562709629535675 +- 0.007811978459358215
VaAcc: 0.9746752381324768 +- 0.009967470541596413	Va_CE: 0.10917015373706818 +- 0.02697456069290638
Ancestors: 83.0 +- 0.0
pop len 500
Best Individual | TrAcc: 0.9924623370170593, TrCE: 0.027114281430840492, VaAcc: 0.9824561476707458, VaCE: 0.07786035537719727
Generation: 84
TrAcc: 0.9921912550926208 +- 0.0015248849522322416	TrCE: 0.029520027339458466 +- 0.0018386903684586287
VaAcc: 0.9799855351448059 +- 0.004892453551292419	Va_CE: 0.09489527344703674 +- 0.016595685854554176
Ancestors: 84.0 +- 0.0
pop len 500
Best Individual | TrAcc: 0.9924623370170593, TrCE: 0.027045486494898796, VaAcc: 0.9824561476707458, VaCE: 0.07756451517343521
Generation: 85
TrAcc: 0.9924622178077698 +- 1.1920928955078125e-07	TrCE: 0.02784450352191925 +- 0.000269025971647352
VaAcc: 0.9824528694152832 +- 3.2782554626464844e-06	Va_CE: 0.08169987797737122 +- 0.0017807952826842666
Ancestors: 85.0 +- 0.0
pop len 500
Best Individual | TrAcc: 0.9924623370170593, TrCE: 0.027045486494898796, VaAcc: 0.9824561476707458, VaCE: 0.07756451517343521
Generation: 86
TrAcc: 0.9924622178077698 +- 1.1920928955078125e-07	TrCE: 0.02741333469748497 +- 0.00016293094085995108
VaAcc: 0.9824528694152832 +- 3.2782554626464844e-06	Va_CE: 0.07856597751379013 +- 0.00043569999979808927
Ancestors: 86.0 +- 0.0
pop len 500
Best Individual | TrAcc: 0.9924623370170593, TrCE: 0.027045486494898796, VaAcc: 0.9824561476707458, VaCE: 0.07756450772285461
Generation: 87
TrAcc: 0.9924622178077698 +- 1.1920928955078125e-07	TrCE: 0.027109358459711075 +- 0.00014078077219892293
VaAcc: 0.9824528694152832 +- 3.2782554626464844e-06	Va_CE: 0.0777592733502388 +- 0.0003884821489918977
Ancestors: 87.0 +- 0.0
pop len 500
Best Individual | TrAcc: 0.9924623370170593, TrCE: 0.027045486494898796, VaAcc: 0.9824561476707458, VaCE: 0.07756450772285461
Generation: 88
TrAcc: 0.9924622178077698 +- 1.1920928955078125e-07	TrCE: 0.0270453542470932 +- 1.3316318359102297e-07
VaAcc: 0.9824528694152832 +- 3.2782554626464844e-06	Va_CE: 0.0775643140077591 +- 1.959049313882133e-07
Ancestors: 88.0 +- 0.0
pop len 500
Best Individual | TrAcc: 0.9924623370170593, TrCE: 0.027045486494898796, VaAcc: 0.9824561476707458, VaCE: 0.07756450772285461
Generation: 89
TrAcc: 0.9924622178077698 +- 1.1920928955078125e-07	TrCE: 0.027045350521802902 +- 1.3665896858583437e-07
VaAcc: 0.9824528694152832 +- 3.2782554626464844e-06	Va_CE: 0.0775643140077591 +- 1.9561939268442075e-07
Ancestors: 89.0 +- 0.0
pop len 500
Best Individual | TrAcc: 0.9924623370170593, TrCE: 0.027045486494898796, VaAcc: 0.9824561476707458, VaCE: 0.07756451517343521
current_layer 0
Generation: 90
TrAcc: 0.9416928291320801 +- 0.036913640797138214	TrCE: 0.18661747872829437 +- 0.11636023968458176
VaAcc: 0.9276711940765381 +- 0.04564722627401352	Va_CE: 0.24652661383152008 +- 0.1405119150876999
Ancestors: 90.0 +- 0.0
pop len 500
Best Individual | TrAcc: 0.9874371886253357, TrCE: 0.04265321418642998, VaAcc: 0.9766082167625427, VaCE: 0.0953117311000824
Generation: 91
TrAcc: 0.9690648317337036 +- 0.013143055140972137	TrCE: 0.09489195048809052 +- 0.027622997760772705
VaAcc: 0.9550042152404785 +- 0.019745295867323875	Va_CE: 0.15650729835033417 +- 0.05190291628241539
Ancestors: 91.0 +- 0.0
pop len 500
Best Individual | TrAcc: 0.9924623370170593, TrCE: 0.036632828414440155, VaAcc: 0.9824561476707458, VaCE: 0.11453339457511902
Generation: 92
TrAcc: 0.9787735939025879 +- 0.009799409657716751	TrCE: 0.06280502676963806 +- 0.01734818145632744
VaAcc: 0.966395378112793 +- 0.01750629022717476	Va_CE: 0.12305980175733566 +- 0.03773478418588638
Ancestors: 92.0 +- 0.0
pop len 500
Best Individual | TrAcc: 0.9924623370170593, TrCE: 0.027045486494898796, VaAcc: 0.9824561476707458, VaCE: 0.07756450772285461
Generation: 93
TrAcc: 0.9862163066864014 +- 0.007374200504273176	TrCE: 0.04210281744599342 +- 0.00876865815371275
VaAcc: 0.9727928042411804 +- 0.01360815018415451	Va_CE: 0.10308711230754852 +- 0.032277997583150864
Ancestors: 93.0 +- 0.0
pop len 500
Best Individual | TrAcc: 0.9924623370170593, TrCE: 0.027045486494898796, VaAcc: 0.9824561476707458, VaCE: 0.07756450772285461
Generation: 94
TrAcc: 0.9904780983924866 +- 0.004650565795600414	TrCE: 0.030696038156747818 +- 0.0032861221116036177
VaAcc: 0.9787801504135132 +- 0.008550047874450684	Va_CE: 0.08877243846654892 +- 0.018959419801831245
Ancestors: 94.0 +- 0.0
pop len 500
Best Individual | TrAcc: 0.9924623370170593, TrCE: 0.027045486494898796, VaAcc: 0.9824561476707458, VaCE: 0.07756450772285461
Generation: 95
TrAcc: 0.9924622178077698 +- 1.1920928955078125e-07	TrCE: 0.027139190584421158 +- 0.00021938640566077083
VaAcc: 0.9830382466316223 +- 0.0017543830908834934	Va_CE: 0.075649693608284 +- 0.006074075121432543
Ancestors: 95.0 +- 0.0
pop len 500
Best Individual | TrAcc: 0.9924623370170593, TrCE: 0.027045486494898796, VaAcc: 0.9824561476707458, VaCE: 0.07756450772285461
Generation: 96
TrAcc: 0.9924622178077698 +- 1.1920928955078125e-07	TrCE: 0.02704535983502865 +- 1.277083612194474e-07
VaAcc: 0.9824528694152832 +- 3.2782554626464844e-06	Va_CE: 0.0775643140077591 +- 1.9576972931645287e-07
Ancestors: 96.0 +- 0.0
pop len 500
Best Individual | TrAcc: 0.9924623370170593, TrCE: 0.027045486494898796, VaAcc: 0.9824561476707458, VaCE: 0.07756450772285461
Generation: 97
TrAcc: 0.9924622178077698 +- 1.1920928955078125e-07	TrCE: 0.027045350521802902 +- 1.3707331447676552e-07
VaAcc: 0.9824528694152832 +- 3.2782554626464844e-06	Va_CE: 0.0775643140077591 +- 1.958598829787661e-07
Ancestors: 97.0 +- 0.0
pop len 500
Best Individual | TrAcc: 0.9924623370170593, TrCE: 0.027045486494898796, VaAcc: 0.9824561476707458, VaCE: 0.07756450772285461
Generation: 98
TrAcc: 0.9924622178077698 +- 1.1920928955078125e-07	TrCE: 0.02704535610973835 +- 1.3145179877938062e-07
VaAcc: 0.9824528694152832 +- 3.2782554626464844e-06	Va_CE: 0.0775643140077591 +- 1.9572463827444153e-07
Ancestors: 98.0 +- 0.0
pop len 500
Best Individual | TrAcc: 0.9924623370170593, TrCE: 0.027045486494898796, VaAcc: 0.9824561476707458, VaCE: 0.07756450772285461
Generation: 99
TrAcc: 0.9924622178077698 +- 1.1920928955078125e-07	TrCE: 0.027045361697673798 +- 1.2592519738063856e-07
VaAcc: 0.9824528694152832 +- 3.2782554626464844e-06	Va_CE: 0.0775643140077591 +- 1.9563442776870943e-07
Ancestors: 99.0 +- 0.0
pop len 500
Best Individual | TrAcc: 0.9924623370170593, TrCE: 0.027045486494898796, VaAcc: 0.9824561476707458, VaCE: 0.07756450772285461
current_layer 0
Mod Accuracy || Mean: 0.9824561476707458	 Std: 0.0
