

config:

HOME=/clusterFS/home/student/kopp13
PATH=/clusterFS/home/student/kopp13/miniconda3/envs/tensorflow/bin:/clusterFS/home/student/kopp13/miniconda3/bin:/clusterFS/home/student/kopp13/bin:/usr/local/bin:/usr/bin:/bin:/usr/local/games:/usr/games
LD_LIBRARY_PATH=
THEANO_FLAGS=floatX=float32,gpuarray.preallocate=0.9,dnn.library_path=/usr/lib/x86_64-linux-gnu,cxx=clang++-3.8,device=cuda,base_compiledir=/tmp/tmp.jy8tpxcIv2
Pretrained network accuracy: 1.0
NN CONFIG
Weight-type:		binary
Layout									Layer #1: 30	Layer #2: 80	Layer #3: 2	
Activation Functions					Layer #1: bs	
Keep probabilities		Layer #0: 0.9	Layer #1: 1.0	
Flat factors							Layer #1: 1.0	Layer #2: 1.0	
Activation Noise						Layer #1: 0.0	Layer #2: 0.0	
Prior: 0.9

===================================

RUN CONFIG
Epochs: 100, Blocksize: 8

===================================

Epoch: 0, AccTr: 0.9648241400718689, AccVa: 0.9415204524993896, CeTr: 0.274480402469635, CeVa: 0.9740444421768188
Epoch: 1, AccTr: 0.979899525642395, AccVa: 0.9064327478408813, CeTr: 0.08228856325149536, CeVa: 0.6432031989097595
Epoch: 2, AccTr: 0.9522613286972046, AccVa: 0.9356725215911865, CeTr: 0.2209126055240631, CeVa: 0.7534567713737488
Epoch: 3, AccTr: 0.9723618030548096, AccVa: 0.9356725215911865, CeTr: 0.12976999580860138, CeVa: 0.5213919281959534
Epoch: 4, AccTr: 0.9673366546630859, AccVa: 0.9298245906829834, CeTr: 0.12149589508771896, CeVa: 0.7531262040138245
Epoch: 5, AccTr: 0.9824120402336121, AccVa: 0.9415204524993896, CeTr: 0.15392504632472992, CeVa: 0.639616847038269
Epoch: 6, AccTr: 0.9773869514465332, AccVa: 0.9122806787490845, CeTr: 0.06927906721830368, CeVa: 0.6092647314071655
Epoch: 7, AccTr: 0.9824120402336121, AccVa: 0.9298245906829834, CeTr: 0.07391421496868134, CeVa: 0.7451223731040955
Epoch: 8, AccTr: 0.9748743772506714, AccVa: 0.9122806787490845, CeTr: 0.09283741563558578, CeVa: 0.8951997756958008
Epoch: 9, AccTr: 0.9874371886253357, AccVa: 0.9298245906829834, CeTr: 0.09066838771104813, CeVa: 0.5893975496292114
Epoch: 10, AccTr: 0.9723618030548096, AccVa: 0.9298245906829834, CeTr: 0.14897778630256653, CeVa: 0.6860417723655701
Epoch: 11, AccTr: 0.9849246144294739, AccVa: 0.9122806787490845, CeTr: 0.10316896438598633, CeVa: 1.045524001121521
Epoch: 12, AccTr: 0.9824120402336121, AccVa: 0.9590643048286438, CeTr: 0.07055731862783432, CeVa: 0.39206770062446594
Epoch: 13, AccTr: 0.9824120402336121, AccVa: 0.9473684430122375, CeTr: 0.05740588530898094, CeVa: 0.5538809299468994
Epoch: 14, AccTr: 0.9673366546630859, AccVa: 0.9532163739204407, CeTr: 0.24931925535202026, CeVa: 0.5044739246368408
Epoch: 15, AccTr: 0.979899525642395, AccVa: 0.9356725215911865, CeTr: 0.07924976199865341, CeVa: 0.4076744616031647
Epoch: 16, AccTr: 0.9824120402336121, AccVa: 0.9532163739204407, CeTr: 0.09522019326686859, CeVa: 0.3211846947669983
Epoch: 17, AccTr: 0.9698492288589478, AccVa: 0.9181286692619324, CeTr: 0.12751159071922302, CeVa: 0.5698798298835754
Epoch: 18, AccTr: 0.9623115658760071, AccVa: 0.9473684430122375, CeTr: 0.2249528169631958, CeVa: 0.6250001192092896
Epoch: 19, AccTr: 0.9824120402336121, AccVa: 0.9181286692619324, CeTr: 0.06922447681427002, CeVa: 0.6135020852088928
Epoch: 20, AccTr: 0.9673366546630859, AccVa: 0.9707602262496948, CeTr: 0.2025810331106186, CeVa: 0.36517223715782166
Epoch: 21, AccTr: 0.9698492288589478, AccVa: 0.9181286692619324, CeTr: 0.10592596977949142, CeVa: 0.6069750189781189
Epoch: 22, AccTr: 0.9773869514465332, AccVa: 0.9181286692619324, CeTr: 0.0728151723742485, CeVa: 0.5471846461296082
Epoch: 23, AccTr: 0.9698492288589478, AccVa: 0.9181286692619324, CeTr: 0.1746497005224228, CeVa: 0.7102149724960327
Epoch: 24, AccTr: 0.9597989916801453, AccVa: 0.9122806787490845, CeTr: 0.19948244094848633, CeVa: 0.6108735799789429
Epoch: 25, AccTr: 0.979899525642395, AccVa: 0.9356725215911865, CeTr: 0.08269991725683212, CeVa: 0.5872774124145508
Epoch: 26, AccTr: 0.9547738432884216, AccVa: 0.9298245906829834, CeTr: 0.23478932678699493, CeVa: 0.3931572139263153
Epoch: 27, AccTr: 0.9773869514465332, AccVa: 0.9532163739204407, CeTr: 0.14328975975513458, CeVa: 0.3583313524723053
Epoch: 28, AccTr: 0.9572864174842834, AccVa: 0.9356725215911865, CeTr: 0.2414160668849945, CeVa: 0.6265060901641846
Epoch: 29, AccTr: 0.9899497628211975, AccVa: 0.9064327478408813, CeTr: 0.04446820542216301, CeVa: 0.8262984156608582
Epoch: 30, AccTr: 0.9723618030548096, AccVa: 0.9298245906829834, CeTr: 0.1114591658115387, CeVa: 0.4967910647392273
ENSEMBLE | Tr_Acc: 0.9723618030548096, Tr_CE: 0.1114591658115387, Va_Acc: 0.9298245906829834, Va_CE: 0.4967910647392273
Epoch: 31, AccTr: 0.979899525642395, AccVa: 0.9590643048286438, CeTr: 0.12388133257627487, CeVa: 0.6478027701377869
Epoch: 32, AccTr: 0.9723618030548096, AccVa: 0.9122806787490845, CeTr: 0.16464866697788239, CeVa: 0.8262926340103149
Epoch: 33, AccTr: 0.9824120402336121, AccVa: 0.9356725215911865, CeTr: 0.0633978620171547, CeVa: 0.5813689231872559
ENSEMBLE | Tr_Acc: 0.9874371886253357, Tr_CE: 0.046631406992673874, Va_Acc: 0.9473684430122375, Va_CE: 0.3528277575969696
Epoch: 34, AccTr: 0.9698492288589478, AccVa: 0.9239766001701355, CeTr: 0.14006690680980682, CeVa: 0.6052201390266418
Epoch: 35, AccTr: 0.9824120402336121, AccVa: 0.9356725215911865, CeTr: 0.0815330520272255, CeVa: 0.6230438947677612
Epoch: 36, AccTr: 0.9899497628211975, AccVa: 0.8947368264198303, CeTr: 0.037692274898290634, CeVa: 1.0998293161392212
ENSEMBLE | Tr_Acc: 0.9924623370170593, Tr_CE: 0.03036162070930004, Va_Acc: 0.9298245906829834, Va_CE: 0.46346309781074524
Epoch: 37, AccTr: 0.9773869514465332, AccVa: 0.9590643048286438, CeTr: 0.06940650939941406, CeVa: 0.445194274187088
Epoch: 38, AccTr: 0.9824120402336121, AccVa: 0.9356725215911865, CeTr: 0.06414061039686203, CeVa: 0.5048421025276184
Epoch: 39, AccTr: 0.9874371886253357, AccVa: 0.9239766001701355, CeTr: 0.07058820128440857, CeVa: 0.6727399826049805
ENSEMBLE | Tr_Acc: 0.9949748516082764, Tr_CE: 0.024582061916589737, Va_Acc: 0.9473684430122375, Va_CE: 0.45989030599594116
Epoch: 40, AccTr: 0.9673366546630859, AccVa: 0.9415204524993896, CeTr: 0.14887312054634094, CeVa: 0.42038172483444214
Epoch: 41, AccTr: 0.9773869514465332, AccVa: 0.9239766001701355, CeTr: 0.11362586915493011, CeVa: 0.38697242736816406
Epoch: 42, AccTr: 0.979899525642395, AccVa: 0.9356725215911865, CeTr: 0.08521120995283127, CeVa: 0.7810062170028687
ENSEMBLE | Tr_Acc: 0.9924623370170593, Tr_CE: 0.018366895616054535, Va_Acc: 0.9415204524993896, Va_CE: 0.4775080680847168
Epoch: 43, AccTr: 0.9698492288589478, AccVa: 0.9239766001701355, CeTr: 0.16610485315322876, CeVa: 0.5867257714271545
Epoch: 44, AccTr: 0.9874371886253357, AccVa: 0.9239766001701355, CeTr: 0.07645931094884872, CeVa: 0.6330386400222778
Epoch: 45, AccTr: 0.9748743772506714, AccVa: 0.9473684430122375, CeTr: 0.08954638242721558, CeVa: 0.5068152546882629
ENSEMBLE | Tr_Acc: 0.9949748516082764, Tr_CE: 0.016800260171294212, Va_Acc: 0.9415204524993896, Va_CE: 0.41847464442253113
Epoch: 46, AccTr: 0.9874371886253357, AccVa: 0.9356725215911865, CeTr: 0.042963482439517975, CeVa: 0.41233107447624207
Epoch: 47, AccTr: 0.9748743772506714, AccVa: 0.9239766001701355, CeTr: 0.11672231554985046, CeVa: 0.6267125606536865
Epoch: 48, AccTr: 0.9723618030548096, AccVa: 0.9239766001701355, CeTr: 0.23229938745498657, CeVa: 0.5358646512031555
ENSEMBLE | Tr_Acc: 0.9949748516082764, Tr_CE: 0.02236860990524292, Va_Acc: 0.9356725215911865, Va_CE: 0.41015148162841797
Epoch: 49, AccTr: 0.9572864174842834, AccVa: 0.9181286692619324, CeTr: 0.16070589423179626, CeVa: 0.6689617037773132
Epoch: 50, AccTr: 0.9572864174842834, AccVa: 0.9298245906829834, CeTr: 0.2060105949640274, CeVa: 0.8361510634422302
Epoch: 51, AccTr: 0.9673366546630859, AccVa: 0.9005848169326782, CeTr: 0.12324189394712448, CeVa: 0.7028684020042419
ENSEMBLE | Tr_Acc: 0.9974874258041382, Tr_CE: 0.017216794192790985, Va_Acc: 0.9356725215911865, Va_CE: 0.4168189764022827
Epoch: 52, AccTr: 0.9597989916801453, AccVa: 0.9181286692619324, CeTr: 0.27938318252563477, CeVa: 0.9758309721946716
Epoch: 53, AccTr: 0.9623115658760071, AccVa: 0.8947368264198303, CeTr: 0.1574283093214035, CeVa: 0.5620939135551453
Epoch: 54, AccTr: 0.9748743772506714, AccVa: 0.9064327478408813, CeTr: 0.07788834720849991, CeVa: 0.8757799863815308
ENSEMBLE | Tr_Acc: 0.9974874258041382, Tr_CE: 0.014311645179986954, Va_Acc: 0.9298245906829834, Va_CE: 0.4328465163707733
Epoch: 55, AccTr: 0.9396985173225403, AccVa: 0.8888888955116272, CeTr: 0.3112444579601288, CeVa: 0.6421005725860596
Epoch: 56, AccTr: 0.9824120402336121, AccVa: 0.9005848169326782, CeTr: 0.08069635182619095, CeVa: 0.767921507358551
Epoch: 57, AccTr: 0.9748743772506714, AccVa: 0.9239766001701355, CeTr: 0.10299750417470932, CeVa: 0.8907315731048584
ENSEMBLE | Tr_Acc: 0.9974874258041382, Tr_CE: 0.014263256452977657, Va_Acc: 0.9356725215911865, Va_CE: 0.45632269978523254
Epoch: 58, AccTr: 0.9824120402336121, AccVa: 0.9356725215911865, CeTr: 0.07208311557769775, CeVa: 0.45094701647758484
Epoch: 59, AccTr: 0.9849246144294739, AccVa: 0.9473684430122375, CeTr: 0.05384184792637825, CeVa: 0.41391465067863464
Epoch: 60, AccTr: 0.9748743772506714, AccVa: 0.9356725215911865, CeTr: 0.10546976327896118, CeVa: 0.44110584259033203
ENSEMBLE | Tr_Acc: 0.9974874258041382, Tr_CE: 0.014316600747406483, Va_Acc: 0.9356725215911865, Va_CE: 0.41524749994277954
Epoch: 61, AccTr: 0.9648241400718689, AccVa: 0.9415204524993896, CeTr: 0.1981056183576584, CeVa: 0.431579053401947
Epoch: 62, AccTr: 0.9773869514465332, AccVa: 0.9415204524993896, CeTr: 0.14258094131946564, CeVa: 0.29126375913619995
Epoch: 63, AccTr: 0.9623115658760071, AccVa: 0.9415204524993896, CeTr: 0.19480419158935547, CeVa: 0.42965373396873474
ENSEMBLE | Tr_Acc: 0.9974874258041382, Tr_CE: 0.013199429959058762, Va_Acc: 0.9415204524993896, Va_CE: 0.38176941871643066
Epoch: 64, AccTr: 0.9547738432884216, AccVa: 0.9473684430122375, CeTr: 0.18737198412418365, CeVa: 0.6967847943305969
Epoch: 65, AccTr: 0.9773869514465332, AccVa: 0.9356725215911865, CeTr: 0.08338727056980133, CeVa: 0.4021191895008087
Epoch: 66, AccTr: 0.9648241400718689, AccVa: 0.9181286692619324, CeTr: 0.2117600440979004, CeVa: 0.664646565914154
ENSEMBLE | Tr_Acc: 0.9974874258041382, Tr_CE: 0.015124973841011524, Va_Acc: 0.9415204524993896, Va_CE: 0.382109671831131
Epoch: 67, AccTr: 0.9522613286972046, AccVa: 0.9064327478408813, CeTr: 0.20857185125350952, CeVa: 0.46252357959747314
Epoch: 68, AccTr: 0.9698492288589478, AccVa: 0.9181286692619324, CeTr: 0.1372741311788559, CeVa: 0.669757068157196
Epoch: 69, AccTr: 0.9673366546630859, AccVa: 0.9298245906829834, CeTr: 0.2715814411640167, CeVa: 0.708670437335968
ENSEMBLE | Tr_Acc: 0.9974874258041382, Tr_CE: 0.019311994314193726, Va_Acc: 0.9415204524993896, Va_CE: 0.3676457703113556
Epoch: 70, AccTr: 0.9597989916801453, AccVa: 0.9239766001701355, CeTr: 0.2101878821849823, CeVa: 0.5194907188415527
Epoch: 71, AccTr: 0.9773869514465332, AccVa: 0.9298245906829834, CeTr: 0.11030475795269012, CeVa: 0.6639285683631897
Epoch: 72, AccTr: 0.929648220539093, AccVa: 0.8830409646034241, CeTr: 0.4767294228076935, CeVa: 1.1326572895050049
ENSEMBLE | Tr_Acc: 0.9949748516082764, Tr_CE: 0.02273389883339405, Va_Acc: 0.9415204524993896, Va_CE: 0.38748690485954285
Epoch: 73, AccTr: 0.9673366546630859, AccVa: 0.9181286692619324, CeTr: 0.2025986909866333, CeVa: 0.5411736369132996
Epoch: 74, AccTr: 0.979899525642395, AccVa: 0.9415204524993896, CeTr: 0.07980059087276459, CeVa: 0.3295058608055115
Epoch: 75, AccTr: 0.9648241400718689, AccVa: 0.9298245906829834, CeTr: 0.17908796668052673, CeVa: 0.5716522336006165
ENSEMBLE | Tr_Acc: 0.9974874258041382, Tr_CE: 0.02274470031261444, Va_Acc: 0.9415204524993896, Va_CE: 0.3829946219921112
Epoch: 76, AccTr: 0.9723618030548096, AccVa: 0.9181286692619324, CeTr: 0.15904870629310608, CeVa: 0.7851777672767639
Epoch: 77, AccTr: 0.9572864174842834, AccVa: 0.9181286692619324, CeTr: 0.18781082332134247, CeVa: 0.5763352513313293
Epoch: 78, AccTr: 0.9773869514465332, AccVa: 0.9181286692619324, CeTr: 0.04411952197551727, CeVa: 0.6046850681304932
ENSEMBLE | Tr_Acc: 0.9974874258041382, Tr_CE: 0.021695470437407494, Va_Acc: 0.9356725215911865, Va_CE: 0.3810601830482483
Epoch: 79, AccTr: 0.9773869514465332, AccVa: 0.9064327478408813, CeTr: 0.16682478785514832, CeVa: 0.9758623838424683
Epoch: 80, AccTr: 0.9522613286972046, AccVa: 0.9122806787490845, CeTr: 0.2263302206993103, CeVa: 0.5451435446739197
Epoch: 81, AccTr: 0.9773869514465332, AccVa: 0.9590643048286438, CeTr: 0.12059124559164047, CeVa: 0.3015556335449219
ENSEMBLE | Tr_Acc: 0.9974874258041382, Tr_CE: 0.022327622398734093, Va_Acc: 0.9415204524993896, Va_CE: 0.3535040318965912
Epoch: 82, AccTr: 0.9824120402336121, AccVa: 0.9356725215911865, CeTr: 0.08031433075666428, CeVa: 0.6489943861961365
Epoch: 83, AccTr: 0.9849246144294739, AccVa: 0.9473684430122375, CeTr: 0.1287100911140442, CeVa: 0.37352311611175537
Epoch: 84, AccTr: 0.9824120402336121, AccVa: 0.9239766001701355, CeTr: 0.100040502846241, CeVa: 0.586581826210022
ENSEMBLE | Tr_Acc: 0.9974874258041382, Tr_CE: 0.023168861865997314, Va_Acc: 0.9415204524993896, Va_CE: 0.3544832766056061
Epoch: 85, AccTr: 0.9748743772506714, AccVa: 0.9122806787490845, CeTr: 0.14452673494815826, CeVa: 0.7699865102767944
Epoch: 86, AccTr: 0.9748743772506714, AccVa: 0.9356725215911865, CeTr: 0.10177275538444519, CeVa: 0.7043890953063965
Epoch: 87, AccTr: 0.9648241400718689, AccVa: 0.9298245906829834, CeTr: 0.18272601068019867, CeVa: 0.7773081660270691
ENSEMBLE | Tr_Acc: 0.9974874258041382, Tr_CE: 0.022508127614855766, Va_Acc: 0.9415204524993896, Va_CE: 0.35999926924705505
Epoch: 88, AccTr: 0.9572864174842834, AccVa: 0.9356725215911865, CeTr: 0.32090112566947937, CeVa: 0.5329821109771729
Epoch: 89, AccTr: 0.9824120402336121, AccVa: 0.9239766001701355, CeTr: 0.09000036120414734, CeVa: 0.580669641494751
Epoch: 90, AccTr: 0.9773869514465332, AccVa: 0.9064327478408813, CeTr: 0.10662247240543365, CeVa: 0.5188674330711365
ENSEMBLE | Tr_Acc: 0.9974874258041382, Tr_CE: 0.021046791225671768, Va_Acc: 0.9415204524993896, Va_CE: 0.3523068130016327
Epoch: 91, AccTr: 0.9698492288589478, AccVa: 0.9181286692619324, CeTr: 0.12348181754350662, CeVa: 0.4483722746372223
Epoch: 92, AccTr: 0.979899525642395, AccVa: 0.9298245906829834, CeTr: 0.11652977019548416, CeVa: 0.5286108255386353
Epoch: 93, AccTr: 0.9748743772506714, AccVa: 0.9298245906829834, CeTr: 0.07136689126491547, CeVa: 0.718837559223175
ENSEMBLE | Tr_Acc: 0.9974874258041382, Tr_CE: 0.019679641351103783, Va_Acc: 0.9415204524993896, Va_CE: 0.35782912373542786
Epoch: 94, AccTr: 0.9623115658760071, AccVa: 0.9356725215911865, CeTr: 0.1258910894393921, CeVa: 0.4007897675037384
Epoch: 95, AccTr: 0.9623115658760071, AccVa: 0.9181286692619324, CeTr: 0.14794500172138214, CeVa: 0.6767544150352478
Epoch: 96, AccTr: 0.9447236061096191, AccVa: 0.9181286692619324, CeTr: 0.37925949692726135, CeVa: 0.8741698861122131
ENSEMBLE | Tr_Acc: 0.9974874258041382, Tr_CE: 0.019792580977082253, Va_Acc: 0.9415204524993896, Va_CE: 0.36283808946609497
Epoch: 97, AccTr: 0.979899525642395, AccVa: 0.9298245906829834, CeTr: 0.12321196496486664, CeVa: 0.5239065885543823
Epoch: 98, AccTr: 0.9698492288589478, AccVa: 0.9356725215911865, CeTr: 0.15595239400863647, CeVa: 0.5572354793548584
Epoch: 99, AccTr: 0.9723618030548096, AccVa: 0.9298245906829834, CeTr: 0.1017090305685997, CeVa: 0.3855365812778473
ENSEMBLE | Tr_Acc: 0.9974874258041382, Tr_CE: 0.019120950251817703, Va_Acc: 0.9415204524993896, Va_CE: 0.3500087261199951
Epoch: 100, AccTr: 0.9723618030548096, AccVa: 0.9356725215911865, CeTr: 0.09128158539533615, CeVa: 0.6584280133247375
Pretrained network accuracy: 1.0
NN CONFIG
Weight-type:		binary
Layout									Layer #1: 30	Layer #2: 80	Layer #3: 2	
Activation Functions					Layer #1: bs	
Keep probabilities		Layer #0: 0.9	Layer #1: 1.0	
Flat factors							Layer #1: 1.0	Layer #2: 1.0	
Activation Noise						Layer #1: 0.0	Layer #2: 0.0	
Prior: 0.9

===================================

RUN CONFIG
Epochs: 100, Blocksize: 8

===================================

Epoch: 0, AccTr: 0.9723618030548096, AccVa: 0.9532163739204407, CeTr: 0.3082430362701416, CeVa: 0.3765876293182373
Epoch: 1, AccTr: 0.9748743772506714, AccVa: 0.9181286692619324, CeTr: 0.15947015583515167, CeVa: 0.5838297009468079
Epoch: 2, AccTr: 0.9648241400718689, AccVa: 0.9532163739204407, CeTr: 0.15876848995685577, CeVa: 0.4416348338127136
Epoch: 3, AccTr: 0.9597989916801453, AccVa: 0.9356725215911865, CeTr: 0.15970632433891296, CeVa: 0.43408918380737305
Epoch: 4, AccTr: 0.9698492288589478, AccVa: 0.9532163739204407, CeTr: 0.15537892282009125, CeVa: 0.45768430829048157
Epoch: 5, AccTr: 0.9623115658760071, AccVa: 0.9064327478408813, CeTr: 0.22238703072071075, CeVa: 0.52528977394104
Epoch: 6, AccTr: 0.9723618030548096, AccVa: 0.9590643048286438, CeTr: 0.1309715211391449, CeVa: 0.32149538397789
Epoch: 7, AccTr: 0.9698492288589478, AccVa: 0.9122806787490845, CeTr: 0.08758336305618286, CeVa: 0.6742385625839233
Epoch: 8, AccTr: 0.9698492288589478, AccVa: 0.9356725215911865, CeTr: 0.17360682785511017, CeVa: 0.35589882731437683
Epoch: 9, AccTr: 0.947236180305481, AccVa: 0.9415204524993896, CeTr: 0.2712758779525757, CeVa: 0.46264979243278503
Epoch: 10, AccTr: 0.9849246144294739, AccVa: 0.9590643048286438, CeTr: 0.07826966047286987, CeVa: 0.4483521580696106
Epoch: 11, AccTr: 0.9447236061096191, AccVa: 0.9239766001701355, CeTr: 0.4208824634552002, CeVa: 0.39957812428474426
Epoch: 12, AccTr: 0.9748743772506714, AccVa: 0.9532163739204407, CeTr: 0.15588894486427307, CeVa: 0.44646695256233215
Epoch: 13, AccTr: 0.947236180305481, AccVa: 0.9122806787490845, CeTr: 0.2859875559806824, CeVa: 0.6298527121543884
Epoch: 14, AccTr: 0.979899525642395, AccVa: 0.9415204524993896, CeTr: 0.1229536235332489, CeVa: 0.34112074971199036
Epoch: 15, AccTr: 0.9572864174842834, AccVa: 0.8947368264198303, CeTr: 0.22526271641254425, CeVa: 0.6232996582984924
Epoch: 16, AccTr: 0.9497487545013428, AccVa: 0.9356725215911865, CeTr: 0.30682507157325745, CeVa: 0.6041351556777954
Epoch: 17, AccTr: 0.9723618030548096, AccVa: 0.9590643048286438, CeTr: 0.17225030064582825, CeVa: 0.367170512676239
Epoch: 18, AccTr: 0.9924623370170593, AccVa: 0.9415204524993896, CeTr: 0.009223468601703644, CeVa: 0.4386586546897888
Epoch: 19, AccTr: 0.9748743772506714, AccVa: 0.9298245906829834, CeTr: 0.15435144305229187, CeVa: 0.7488805651664734
Epoch: 20, AccTr: 0.9648241400718689, AccVa: 0.9122806787490845, CeTr: 0.09970792382955551, CeVa: 0.7434027194976807
Epoch: 21, AccTr: 0.9623115658760071, AccVa: 0.9532163739204407, CeTr: 0.21486090123653412, CeVa: 0.3519034683704376
Epoch: 22, AccTr: 0.9623115658760071, AccVa: 0.9415204524993896, CeTr: 0.28819379210472107, CeVa: 0.4423213005065918
Epoch: 23, AccTr: 0.9547738432884216, AccVa: 0.9298245906829834, CeTr: 0.2639510929584503, CeVa: 0.41833990812301636
Epoch: 24, AccTr: 0.9346733689308167, AccVa: 0.9473684430122375, CeTr: 0.4289718270301819, CeVa: 0.4440898895263672
Epoch: 25, AccTr: 0.947236180305481, AccVa: 0.9356725215911865, CeTr: 0.1922263205051422, CeVa: 0.31517302989959717
Epoch: 26, AccTr: 0.979899525642395, AccVa: 0.9590643048286438, CeTr: 0.07012731581926346, CeVa: 0.316636860370636
Epoch: 27, AccTr: 0.9723618030548096, AccVa: 0.9356725215911865, CeTr: 0.10183633118867874, CeVa: 0.3341923654079437
Epoch: 28, AccTr: 0.9824120402336121, AccVa: 0.9473684430122375, CeTr: 0.1491812914609909, CeVa: 0.4981061816215515
Epoch: 29, AccTr: 0.9497487545013428, AccVa: 0.9415204524993896, CeTr: 0.36864012479782104, CeVa: 0.31722956895828247
Epoch: 30, AccTr: 0.9648241400718689, AccVa: 0.9473684430122375, CeTr: 0.19432741403579712, CeVa: 0.4984997808933258
ENSEMBLE | Tr_Acc: 0.9648241400718689, Tr_CE: 0.19432741403579712, Va_Acc: 0.9473684430122375, Va_CE: 0.4984997808933258
Epoch: 31, AccTr: 0.9748743772506714, AccVa: 0.9590643048286438, CeTr: 0.30446696281433105, CeVa: 0.41538292169570923
Epoch: 32, AccTr: 0.9572864174842834, AccVa: 0.9181286692619324, CeTr: 0.35116639733314514, CeVa: 0.6773425340652466
Epoch: 33, AccTr: 0.9396985173225403, AccVa: 0.9239766001701355, CeTr: 0.29203101992607117, CeVa: 0.6205270290374756
ENSEMBLE | Tr_Acc: 0.9748743772506714, Tr_CE: 0.09493009001016617, Va_Acc: 0.9532163739204407, Va_CE: 0.26515063643455505
Epoch: 34, AccTr: 0.9522613286972046, AccVa: 0.9064327478408813, CeTr: 0.2870921194553375, CeVa: 1.0350956916809082
Epoch: 35, AccTr: 0.9723618030548096, AccVa: 0.9181286692619324, CeTr: 0.17918114364147186, CeVa: 0.4439961314201355
Epoch: 36, AccTr: 0.9949748516082764, AccVa: 0.9532163739204407, CeTr: 0.007669492159038782, CeVa: 0.31755948066711426
ENSEMBLE | Tr_Acc: 0.9949748516082764, Tr_CE: 0.027035655453801155, Va_Acc: 0.9590643048286438, Va_CE: 0.21627488732337952
Epoch: 37, AccTr: 0.9623115658760071, AccVa: 0.9181286692619324, CeTr: 0.20355252921581268, CeVa: 0.47780895233154297
Epoch: 38, AccTr: 0.9773869514465332, AccVa: 0.9532163739204407, CeTr: 0.11985725164413452, CeVa: 0.23844236135482788
Epoch: 39, AccTr: 0.9422110319137573, AccVa: 0.9239766001701355, CeTr: 0.40844106674194336, CeVa: 0.6140351295471191
ENSEMBLE | Tr_Acc: 0.9924623370170593, Tr_CE: 0.04235202446579933, Va_Acc: 0.9649122953414917, Va_CE: 0.2563346028327942
Epoch: 40, AccTr: 0.9698492288589478, AccVa: 0.9415204524993896, CeTr: 0.12518824636936188, CeVa: 0.380441814661026
Epoch: 41, AccTr: 0.9648241400718689, AccVa: 0.9298245906829834, CeTr: 0.17658032476902008, CeVa: 0.4347471296787262
Epoch: 42, AccTr: 0.947236180305481, AccVa: 0.9298245906829834, CeTr: 0.265007346868515, CeVa: 0.5003278255462646
ENSEMBLE | Tr_Acc: 0.9924623370170593, Tr_CE: 0.037940941751003265, Va_Acc: 0.9707602262496948, Va_CE: 0.2177671492099762
Epoch: 43, AccTr: 0.9572864174842834, AccVa: 0.9590643048286438, CeTr: 0.24110347032546997, CeVa: 0.20640242099761963
Epoch: 44, AccTr: 0.9748743772506714, AccVa: 0.9473684430122375, CeTr: 0.17205281555652618, CeVa: 0.37907537817955017
Epoch: 45, AccTr: 0.9547738432884216, AccVa: 0.9298245906829834, CeTr: 0.21655206382274628, CeVa: 0.6540812253952026
ENSEMBLE | Tr_Acc: 0.9949748516082764, Tr_CE: 0.02556321583688259, Va_Acc: 0.9707602262496948, Va_CE: 0.19650116562843323
Epoch: 46, AccTr: 0.9422110319137573, AccVa: 0.9532163739204407, CeTr: 0.3749593496322632, CeVa: 0.3878357708454132
Epoch: 47, AccTr: 0.9698492288589478, AccVa: 0.9356725215911865, CeTr: 0.09506259113550186, CeVa: 0.4410049319267273
Epoch: 48, AccTr: 0.979899525642395, AccVa: 0.9122806787490845, CeTr: 0.09079388529062271, CeVa: 0.5667039752006531
ENSEMBLE | Tr_Acc: 0.9924623370170593, Tr_CE: 0.02312411554157734, Va_Acc: 0.9590643048286438, Va_CE: 0.20520588755607605
Epoch: 49, AccTr: 0.9597989916801453, AccVa: 0.9181286692619324, CeTr: 0.24871912598609924, CeVa: 0.36150676012039185
Epoch: 50, AccTr: 0.9648241400718689, AccVa: 0.9473684430122375, CeTr: 0.2707657814025879, CeVa: 0.48593559861183167
Epoch: 51, AccTr: 0.9924623370170593, AccVa: 0.9122806787490845, CeTr: 0.02320829965174198, CeVa: 0.4878899157047272
ENSEMBLE | Tr_Acc: 0.9924623370170593, Tr_CE: 0.01965060830116272, Va_Acc: 0.9649122953414917, Va_CE: 0.21242818236351013
Epoch: 52, AccTr: 0.979899525642395, AccVa: 0.9415204524993896, CeTr: 0.044926613569259644, CeVa: 0.32949620485305786
Epoch: 53, AccTr: 0.9723618030548096, AccVa: 0.9298245906829834, CeTr: 0.12150345742702484, CeVa: 0.36005017161369324
Epoch: 54, AccTr: 0.9597989916801453, AccVa: 0.9298245906829834, CeTr: 0.31645166873931885, CeVa: 0.4330053925514221
ENSEMBLE | Tr_Acc: 0.9949748516082764, Tr_CE: 0.022670911625027657, Va_Acc: 0.9473684430122375, Va_CE: 0.21081511676311493
Epoch: 55, AccTr: 0.9648241400718689, AccVa: 0.9298245906829834, CeTr: 0.27103909850120544, CeVa: 0.4348369836807251
Epoch: 56, AccTr: 0.9949748516082764, AccVa: 0.9590643048286438, CeTr: 0.015944985672831535, CeVa: 0.2827221155166626
Epoch: 57, AccTr: 0.9698492288589478, AccVa: 0.9415204524993896, CeTr: 0.12742052972316742, CeVa: 0.5697170495986938
ENSEMBLE | Tr_Acc: 0.9899497628211975, Tr_CE: 0.02395981177687645, Va_Acc: 0.9590643048286438, Va_CE: 0.2150518149137497
Epoch: 58, AccTr: 0.9673366546630859, AccVa: 0.9415204524993896, CeTr: 0.20155446231365204, CeVa: 0.33652588725090027
Epoch: 59, AccTr: 0.9748743772506714, AccVa: 0.9356725215911865, CeTr: 0.21661002933979034, CeVa: 0.25469666719436646
Epoch: 60, AccTr: 0.9698492288589478, AccVa: 0.9415204524993896, CeTr: 0.19211818277835846, CeVa: 0.3707188069820404
ENSEMBLE | Tr_Acc: 0.9924623370170593, Tr_CE: 0.023849153891205788, Va_Acc: 0.9532163739204407, Va_CE: 0.19551381468772888
Epoch: 61, AccTr: 0.9497487545013428, AccVa: 0.9239766001701355, CeTr: 0.3255755305290222, CeVa: 0.5538535118103027
Epoch: 62, AccTr: 0.9773869514465332, AccVa: 0.9532163739204407, CeTr: 0.10885164141654968, CeVa: 0.2173788696527481
Epoch: 63, AccTr: 0.9522613286972046, AccVa: 0.9473684430122375, CeTr: 0.22361187636852264, CeVa: 0.5536268353462219
ENSEMBLE | Tr_Acc: 0.9974874258041382, Tr_CE: 0.02276981994509697, Va_Acc: 0.9649122953414917, Va_CE: 0.20743955671787262
Epoch: 64, AccTr: 0.9547738432884216, AccVa: 0.9005848169326782, CeTr: 0.2582801580429077, CeVa: 0.5691896080970764
Epoch: 65, AccTr: 0.979899525642395, AccVa: 0.9356725215911865, CeTr: 0.12670695781707764, CeVa: 0.55498868227005
Epoch: 66, AccTr: 0.9371859431266785, AccVa: 0.9181286692619324, CeTr: 0.4287261664867401, CeVa: 0.701138973236084
ENSEMBLE | Tr_Acc: 0.9924623370170593, Tr_CE: 0.02729026973247528, Va_Acc: 0.9649122953414917, Va_CE: 0.2135336995124817
Epoch: 67, AccTr: 0.9773869514465332, AccVa: 0.9473684430122375, CeTr: 0.09072577208280563, CeVa: 0.28336313366889954
Epoch: 68, AccTr: 0.9748743772506714, AccVa: 0.9649122953414917, CeTr: 0.0955917164683342, CeVa: 0.22076188027858734
Epoch: 69, AccTr: 0.9824120402336121, AccVa: 0.9298245906829834, CeTr: 0.12707704305648804, CeVa: 0.4480903148651123
ENSEMBLE | Tr_Acc: 0.9924623370170593, Tr_CE: 0.02978142350912094, Va_Acc: 0.9649122953414917, Va_CE: 0.21220630407333374
Epoch: 70, AccTr: 0.9623115658760071, AccVa: 0.9181286692619324, CeTr: 0.17842496931552887, CeVa: 0.4727993905544281
Epoch: 71, AccTr: 0.9497487545013428, AccVa: 0.9239766001701355, CeTr: 0.2818535268306732, CeVa: 0.6256970763206482
Epoch: 72, AccTr: 0.9748743772506714, AccVa: 0.9239766001701355, CeTr: 0.080482117831707, CeVa: 0.6846350431442261
ENSEMBLE | Tr_Acc: 0.9924623370170593, Tr_CE: 0.028371762484312057, Va_Acc: 0.9649122953414917, Va_CE: 0.22523243725299835
Epoch: 73, AccTr: 0.9748743772506714, AccVa: 0.9415204524993896, CeTr: 0.13655288517475128, CeVa: 0.45434632897377014
Epoch: 74, AccTr: 0.9924623370170593, AccVa: 0.9298245906829834, CeTr: 0.020386654883623123, CeVa: 0.3366280496120453
Epoch: 75, AccTr: 0.9773869514465332, AccVa: 0.9356725215911865, CeTr: 0.11202657967805862, CeVa: 0.34980741143226624
ENSEMBLE | Tr_Acc: 0.9924623370170593, Tr_CE: 0.026140473783016205, Va_Acc: 0.9649122953414917, Va_CE: 0.21769654750823975
Epoch: 76, AccTr: 0.979899525642395, AccVa: 0.9298245906829834, CeTr: 0.05635124444961548, CeVa: 0.43362122774124146
Epoch: 77, AccTr: 0.9447236061096191, AccVa: 0.8947368264198303, CeTr: 0.29057788848876953, CeVa: 0.8782516121864319
Epoch: 78, AccTr: 0.9899497628211975, AccVa: 0.9590643048286438, CeTr: 0.05172497406601906, CeVa: 0.27676403522491455
ENSEMBLE | Tr_Acc: 0.9924623370170593, Tr_CE: 0.025195827707648277, Va_Acc: 0.9649122953414917, Va_CE: 0.21202923357486725
Epoch: 79, AccTr: 0.9597989916801453, AccVa: 0.9064327478408813, CeTr: 0.16449612379074097, CeVa: 0.6512038111686707
Epoch: 80, AccTr: 0.9698492288589478, AccVa: 0.9532163739204407, CeTr: 0.15702329576015472, CeVa: 0.2422608882188797
Epoch: 81, AccTr: 0.9597989916801453, AccVa: 0.9590643048286438, CeTr: 0.1996932327747345, CeVa: 0.39504992961883545
ENSEMBLE | Tr_Acc: 0.9924623370170593, Tr_CE: 0.02783951908349991, Va_Acc: 0.9649122953414917, Va_CE: 0.21144188940525055
Epoch: 82, AccTr: 0.9748743772506714, AccVa: 0.9298245906829834, CeTr: 0.0784442126750946, CeVa: 0.517018735408783
Epoch: 83, AccTr: 0.9623115658760071, AccVa: 0.9122806787490845, CeTr: 0.22642913460731506, CeVa: 0.5871360898017883
Epoch: 84, AccTr: 0.9572864174842834, AccVa: 0.9181286692619324, CeTr: 0.17943868041038513, CeVa: 0.5465347766876221
ENSEMBLE | Tr_Acc: 0.9949748516082764, Tr_CE: 0.026145940646529198, Va_Acc: 0.9649122953414917, Va_CE: 0.218389093875885
Epoch: 85, AccTr: 0.9698492288589478, AccVa: 0.9532163739204407, CeTr: 0.1903194785118103, CeVa: 0.4806516766548157
Epoch: 86, AccTr: 0.9723618030548096, AccVa: 0.9239766001701355, CeTr: 0.1496768295764923, CeVa: 0.5836542248725891
Epoch: 87, AccTr: 0.9597989916801453, AccVa: 0.9356725215911865, CeTr: 0.22788479924201965, CeVa: 0.605202317237854
ENSEMBLE | Tr_Acc: 0.9924623370170593, Tr_CE: 0.025366859510540962, Va_Acc: 0.9649122953414917, Va_CE: 0.2205066829919815
Epoch: 88, AccTr: 0.9849246144294739, AccVa: 0.9649122953414917, CeTr: 0.08560846745967865, CeVa: 0.21659670770168304
Epoch: 89, AccTr: 0.9698492288589478, AccVa: 0.9532163739204407, CeTr: 0.11522010713815689, CeVa: 0.21242815256118774
Epoch: 90, AccTr: 0.9748743772506714, AccVa: 0.9356725215911865, CeTr: 0.13492049276828766, CeVa: 0.601791501045227
ENSEMBLE | Tr_Acc: 0.9924623370170593, Tr_CE: 0.025145525112748146, Va_Acc: 0.9649122953414917, Va_CE: 0.22930985689163208
Epoch: 91, AccTr: 0.9924623370170593, AccVa: 0.9590643048286438, CeTr: 0.01251818798482418, CeVa: 0.2568787634372711
Epoch: 92, AccTr: 0.9874371886253357, AccVa: 0.9649122953414917, CeTr: 0.07875773310661316, CeVa: 0.3414784371852875
Epoch: 93, AccTr: 0.9648241400718689, AccVa: 0.9532163739204407, CeTr: 0.19090156257152557, CeVa: 0.524250864982605
ENSEMBLE | Tr_Acc: 0.9924623370170593, Tr_CE: 0.026221420615911484, Va_Acc: 0.9649122953414917, Va_CE: 0.23632216453552246
Epoch: 94, AccTr: 0.9723618030548096, AccVa: 0.9181286692619324, CeTr: 0.12222446501255035, CeVa: 0.43943798542022705
Epoch: 95, AccTr: 0.9597989916801453, AccVa: 0.9415204524993896, CeTr: 0.15759152173995972, CeVa: 0.5192641615867615
Epoch: 96, AccTr: 0.9648241400718689, AccVa: 0.9122806787490845, CeTr: 0.19781602919101715, CeVa: 0.4392854571342468
ENSEMBLE | Tr_Acc: 0.9924623370170593, Tr_CE: 0.02721078135073185, Va_Acc: 0.9649122953414917, Va_CE: 0.23811636865139008
Epoch: 97, AccTr: 0.9924623370170593, AccVa: 0.9532163739204407, CeTr: 0.02909834124147892, CeVa: 0.262711763381958
Epoch: 98, AccTr: 0.9447236061096191, AccVa: 0.9005848169326782, CeTr: 0.20320138335227966, CeVa: 0.5563545823097229
Epoch: 99, AccTr: 0.9824120402336121, AccVa: 0.9473684430122375, CeTr: 0.030006054788827896, CeVa: 0.2363671362400055
ENSEMBLE | Tr_Acc: 0.9924623370170593, Tr_CE: 0.024928588420152664, Va_Acc: 0.9649122953414917, Va_CE: 0.23260916769504547
Epoch: 100, AccTr: 0.9698492288589478, AccVa: 0.9122806787490845, CeTr: 0.162011057138443, CeVa: 0.664451003074646
Pretrained network accuracy: 1.0
NN CONFIG
Weight-type:		binary
Layout									Layer #1: 30	Layer #2: 80	Layer #3: 2	
Activation Functions					Layer #1: bs	
Keep probabilities		Layer #0: 0.9	Layer #1: 1.0	
Flat factors							Layer #1: 1.0	Layer #2: 1.0	
Activation Noise						Layer #1: 0.0	Layer #2: 0.0	
Prior: 0.9

===================================

RUN CONFIG
Epochs: 100, Blocksize: 8

===================================

Epoch: 0, AccTr: 0.5050251483917236, AccVa: 0.46783626079559326, CeTr: 2.3074936866760254, CeVa: 2.9329330921173096
Epoch: 1, AccTr: 0.9648241400718689, AccVa: 0.9181286692619324, CeTr: 0.17765361070632935, CeVa: 0.5478960871696472
Epoch: 2, AccTr: 0.9773869514465332, AccVa: 0.9356725215911865, CeTr: 0.08317902684211731, CeVa: 0.51423579454422
Epoch: 3, AccTr: 0.9698492288589478, AccVa: 0.9122806787490845, CeTr: 0.11931296437978745, CeVa: 0.5115110874176025
Epoch: 4, AccTr: 0.9673366546630859, AccVa: 0.9473684430122375, CeTr: 0.2012401521205902, CeVa: 0.4001874029636383
Epoch: 5, AccTr: 0.9899497628211975, AccVa: 0.9649122953414917, CeTr: 0.01592143252491951, CeVa: 0.2858346998691559
Epoch: 6, AccTr: 0.9773869514465332, AccVa: 0.9181286692619324, CeTr: 0.14510759711265564, CeVa: 0.5039486289024353
Epoch: 7, AccTr: 0.9698492288589478, AccVa: 0.9415204524993896, CeTr: 0.17022980749607086, CeVa: 0.39211398363113403
Epoch: 8, AccTr: 0.9447236061096191, AccVa: 0.9298245906829834, CeTr: 0.14868439733982086, CeVa: 0.5219917297363281
Epoch: 9, AccTr: 0.9673366546630859, AccVa: 0.9298245906829834, CeTr: 0.19433808326721191, CeVa: 0.5319269895553589
Epoch: 10, AccTr: 0.9623115658760071, AccVa: 0.9239766001701355, CeTr: 0.17140565812587738, CeVa: 0.35059505701065063
Epoch: 11, AccTr: 0.9623115658760071, AccVa: 0.9181286692619324, CeTr: 0.26181864738464355, CeVa: 0.6626001596450806
Epoch: 12, AccTr: 0.9371859431266785, AccVa: 0.9298245906829834, CeTr: 0.3423614799976349, CeVa: 0.45127207040786743
Epoch: 13, AccTr: 0.9849246144294739, AccVa: 0.9415204524993896, CeTr: 0.03974359109997749, CeVa: 0.4056037664413452
Epoch: 14, AccTr: 0.9773869514465332, AccVa: 0.9766082167625427, CeTr: 0.14467616379261017, CeVa: 0.2865356504917145
Epoch: 15, AccTr: 0.9874371886253357, AccVa: 0.9415204524993896, CeTr: 0.033852480351924896, CeVa: 0.4346346855163574
Epoch: 16, AccTr: 0.9648241400718689, AccVa: 0.9532163739204407, CeTr: 0.1271275281906128, CeVa: 0.1954917013645172
Epoch: 17, AccTr: 0.9723618030548096, AccVa: 0.9122806787490845, CeTr: 0.14155229926109314, CeVa: 0.7451985478401184
Epoch: 18, AccTr: 0.9748743772506714, AccVa: 0.9415204524993896, CeTr: 0.13841594755649567, CeVa: 0.4887743592262268
Epoch: 19, AccTr: 0.9522613286972046, AccVa: 0.9298245906829834, CeTr: 0.219538614153862, CeVa: 0.3694322109222412
Epoch: 20, AccTr: 0.9623115658760071, AccVa: 0.9473684430122375, CeTr: 0.21093273162841797, CeVa: 0.46503549814224243
Epoch: 21, AccTr: 0.9723618030548096, AccVa: 0.9473684430122375, CeTr: 0.1842116117477417, CeVa: 0.35020554065704346
Epoch: 22, AccTr: 0.9698492288589478, AccVa: 0.9181286692619324, CeTr: 0.12065677344799042, CeVa: 0.4324530065059662
Epoch: 23, AccTr: 0.9648241400718689, AccVa: 0.9122806787490845, CeTr: 0.16020211577415466, CeVa: 0.4485343396663666
Epoch: 24, AccTr: 0.9623115658760071, AccVa: 0.9473684430122375, CeTr: 0.21356762945652008, CeVa: 0.32411855459213257
Epoch: 25, AccTr: 0.9748743772506714, AccVa: 0.9005848169326782, CeTr: 0.08053731918334961, CeVa: 0.632870078086853
Epoch: 26, AccTr: 0.9899497628211975, AccVa: 0.9532163739204407, CeTr: 0.033498890697956085, CeVa: 0.21729710698127747
Epoch: 27, AccTr: 0.9949748516082764, AccVa: 0.9356725215911865, CeTr: 0.013405962847173214, CeVa: 0.5747488141059875
Epoch: 28, AccTr: 0.9547738432884216, AccVa: 0.9239766001701355, CeTr: 0.4184253513813019, CeVa: 0.6599580645561218
Epoch: 29, AccTr: 0.9673366546630859, AccVa: 0.9415204524993896, CeTr: 0.18369226157665253, CeVa: 0.5690047740936279
Epoch: 30, AccTr: 0.979899525642395, AccVa: 0.9590643048286438, CeTr: 0.057715754956007004, CeVa: 0.388993501663208
ENSEMBLE | Tr_Acc: 0.979899525642395, Tr_CE: 0.057715754956007004, Va_Acc: 0.9590643048286438, Va_CE: 0.388993501663208
Epoch: 31, AccTr: 0.9748743772506714, AccVa: 0.9064327478408813, CeTr: 0.0758821964263916, CeVa: 0.5938940048217773
Epoch: 32, AccTr: 0.9723618030548096, AccVa: 0.9473684430122375, CeTr: 0.1985742747783661, CeVa: 0.42437249422073364
Epoch: 33, AccTr: 0.9597989916801453, AccVa: 0.9181286692619324, CeTr: 0.26786354184150696, CeVa: 0.5712745785713196
ENSEMBLE | Tr_Acc: 0.9773869514465332, Tr_CE: 0.09064899384975433, Va_Acc: 0.9649122953414917, Va_CE: 0.32109537720680237
Epoch: 34, AccTr: 0.9748743772506714, AccVa: 0.9532163739204407, CeTr: 0.18514005839824677, CeVa: 0.4475615620613098
Epoch: 35, AccTr: 0.9824120402336121, AccVa: 0.9473684430122375, CeTr: 0.05273333936929703, CeVa: 0.42451053857803345
Epoch: 36, AccTr: 0.9849246144294739, AccVa: 0.9356725215911865, CeTr: 0.03333567455410957, CeVa: 0.3569875657558441
ENSEMBLE | Tr_Acc: 0.9874371886253357, Tr_CE: 0.042765963822603226, Va_Acc: 0.9766082167625427, Va_CE: 0.2684552073478699
Epoch: 37, AccTr: 0.9723618030548096, AccVa: 0.9473684430122375, CeTr: 0.20156559348106384, CeVa: 0.2979276478290558
Epoch: 38, AccTr: 0.9673366546630859, AccVa: 0.9356725215911865, CeTr: 0.14567360281944275, CeVa: 0.32770437002182007
Epoch: 39, AccTr: 0.9648241400718689, AccVa: 0.9356725215911865, CeTr: 0.23896850645542145, CeVa: 0.5316761136054993
ENSEMBLE | Tr_Acc: 0.9974874258041382, Tr_CE: 0.029719864949584007, Va_Acc: 0.9707602262496948, Va_CE: 0.25915026664733887
Epoch: 40, AccTr: 0.9698492288589478, AccVa: 0.9298245906829834, CeTr: 0.1369152069091797, CeVa: 0.31470605731010437
Epoch: 41, AccTr: 0.9698492288589478, AccVa: 0.9356725215911865, CeTr: 0.1281294822692871, CeVa: 0.4487667381763458
Epoch: 42, AccTr: 0.9698492288589478, AccVa: 0.9473684430122375, CeTr: 0.18777960538864136, CeVa: 0.23351852595806122
ENSEMBLE | Tr_Acc: 0.9924623370170593, Tr_CE: 0.03928281366825104, Va_Acc: 0.9707602262496948, Va_CE: 0.22312159836292267
Epoch: 43, AccTr: 0.9597989916801453, AccVa: 0.9473684430122375, CeTr: 0.18978974223136902, CeVa: 0.42655107378959656
Epoch: 44, AccTr: 0.947236180305481, AccVa: 0.9532163739204407, CeTr: 0.2203347086906433, CeVa: 0.3027181029319763
Epoch: 45, AccTr: 0.9522613286972046, AccVa: 0.9766082167625427, CeTr: 0.30522260069847107, CeVa: 0.19622033834457397
ENSEMBLE | Tr_Acc: 0.9924623370170593, Tr_CE: 0.04421807825565338, Va_Acc: 0.9766082167625427, Va_CE: 0.20023183524608612
Epoch: 46, AccTr: 0.9597989916801453, AccVa: 0.9298245906829834, CeTr: 0.19870609045028687, CeVa: 0.40818697214126587
Epoch: 47, AccTr: 0.9648241400718689, AccVa: 0.9415204524993896, CeTr: 0.19608305394649506, CeVa: 0.5475005507469177
Epoch: 48, AccTr: 0.9673366546630859, AccVa: 0.9005848169326782, CeTr: 0.18031860888004303, CeVa: 0.47311440110206604
ENSEMBLE | Tr_Acc: 0.9899497628211975, Tr_CE: 0.04151098430156708, Va_Acc: 0.9766082167625427, Va_CE: 0.18174248933792114
Epoch: 49, AccTr: 0.9422110319137573, AccVa: 0.8888888955116272, CeTr: 0.331722617149353, CeVa: 0.7318345904350281
Epoch: 50, AccTr: 0.9673366546630859, AccVa: 0.9298245906829834, CeTr: 0.17235985398292542, CeVa: 0.5010401010513306
Epoch: 51, AccTr: 0.9748743772506714, AccVa: 0.9473684430122375, CeTr: 0.158555269241333, CeVa: 0.36376291513442993
ENSEMBLE | Tr_Acc: 0.9874371886253357, Tr_CE: 0.03651006519794464, Va_Acc: 0.9766082167625427, Va_CE: 0.1735769361257553
Epoch: 52, AccTr: 0.947236180305481, AccVa: 0.9356725215911865, CeTr: 0.24275553226470947, CeVa: 0.3739717900753021
Epoch: 53, AccTr: 0.9723618030548096, AccVa: 0.9415204524993896, CeTr: 0.11747516691684723, CeVa: 0.3728709816932678
Epoch: 54, AccTr: 0.9748743772506714, AccVa: 0.9473684430122375, CeTr: 0.13662566244602203, CeVa: 0.3506447970867157
ENSEMBLE | Tr_Acc: 0.9924623370170593, Tr_CE: 0.03612540289759636, Va_Acc: 0.9766082167625427, Va_CE: 0.17306338250637054
Epoch: 55, AccTr: 0.9698492288589478, AccVa: 0.9356725215911865, CeTr: 0.17741790413856506, CeVa: 0.31485599279403687
Epoch: 56, AccTr: 0.9648241400718689, AccVa: 0.9298245906829834, CeTr: 0.08440715819597244, CeVa: 0.5128272771835327
Epoch: 57, AccTr: 0.9673366546630859, AccVa: 0.9356725215911865, CeTr: 0.17460037767887115, CeVa: 0.3505081534385681
ENSEMBLE | Tr_Acc: 0.9924623370170593, Tr_CE: 0.036242589354515076, Va_Acc: 0.9766082167625427, Va_CE: 0.16983549296855927
Epoch: 58, AccTr: 0.9849246144294739, AccVa: 0.9590643048286438, CeTr: 0.046407971531152725, CeVa: 0.2299232929944992
Epoch: 59, AccTr: 0.9748743772506714, AccVa: 0.9064327478408813, CeTr: 0.0963299423456192, CeVa: 0.48143282532691956
Epoch: 60, AccTr: 0.9623115658760071, AccVa: 0.9473684430122375, CeTr: 0.24580144882202148, CeVa: 0.370402455329895
ENSEMBLE | Tr_Acc: 0.9949748516082764, Tr_CE: 0.03556019067764282, Va_Acc: 0.9766082167625427, Va_CE: 0.16188965737819672
Epoch: 61, AccTr: 0.9547738432884216, AccVa: 0.9239766001701355, CeTr: 0.24745316803455353, CeVa: 0.7265434265136719
Epoch: 62, AccTr: 0.9597989916801453, AccVa: 0.9239766001701355, CeTr: 0.21852561831474304, CeVa: 0.5399268269538879
Epoch: 63, AccTr: 0.9874371886253357, AccVa: 0.9356725215911865, CeTr: 0.08464591205120087, CeVa: 0.4938066601753235
ENSEMBLE | Tr_Acc: 0.9949748516082764, Tr_CE: 0.03724593296647072, Va_Acc: 0.9707602262496948, Va_CE: 0.1665116846561432
Epoch: 64, AccTr: 0.9547738432884216, AccVa: 0.9356725215911865, CeTr: 0.3864992558956146, CeVa: 0.42348775267601013
Epoch: 65, AccTr: 0.9623115658760071, AccVa: 0.9239766001701355, CeTr: 0.226466104388237, CeVa: 0.5758971571922302
Epoch: 66, AccTr: 0.9572864174842834, AccVa: 0.9298245906829834, CeTr: 0.24439461529254913, CeVa: 0.38335517048835754
ENSEMBLE | Tr_Acc: 0.9924623370170593, Tr_CE: 0.03318348154425621, Va_Acc: 0.9707602262496948, Va_CE: 0.15953515470027924
Epoch: 67, AccTr: 0.9623115658760071, AccVa: 0.9239766001701355, CeTr: 0.21499907970428467, CeVa: 0.43079522252082825
Epoch: 68, AccTr: 0.9497487545013428, AccVa: 0.9356725215911865, CeTr: 0.4047187268733978, CeVa: 0.37304747104644775
Epoch: 69, AccTr: 0.9748743772506714, AccVa: 0.9532163739204407, CeTr: 0.16168324649333954, CeVa: 0.2550620436668396
ENSEMBLE | Tr_Acc: 0.9949748516082764, Tr_CE: 0.03337433561682701, Va_Acc: 0.9707602262496948, Va_CE: 0.15389592945575714
Epoch: 70, AccTr: 0.9849246144294739, AccVa: 0.9298245906829834, CeTr: 0.06163857877254486, CeVa: 0.2828187942504883
Epoch: 71, AccTr: 0.9623115658760071, AccVa: 0.9239766001701355, CeTr: 0.1909104287624359, CeVa: 0.4441043436527252
Epoch: 72, AccTr: 0.929648220539093, AccVa: 0.9122806787490845, CeTr: 0.5116590857505798, CeVa: 0.8213561773300171
ENSEMBLE | Tr_Acc: 0.9924623370170593, Tr_CE: 0.035947542637586594, Va_Acc: 0.9707602262496948, Va_CE: 0.15139825642108917
Epoch: 73, AccTr: 0.929648220539093, AccVa: 0.871345043182373, CeTr: 0.26182350516319275, CeVa: 0.6791301965713501
Epoch: 74, AccTr: 0.9547738432884216, AccVa: 0.9122806787490845, CeTr: 0.20011919736862183, CeVa: 0.49387601017951965
Epoch: 75, AccTr: 0.9547738432884216, AccVa: 0.9298245906829834, CeTr: 0.29337260127067566, CeVa: 0.4508349895477295
ENSEMBLE | Tr_Acc: 0.9924623370170593, Tr_CE: 0.03717869520187378, Va_Acc: 0.9707602262496948, Va_CE: 0.14720915257930756
Epoch: 76, AccTr: 0.9723618030548096, AccVa: 0.9181286692619324, CeTr: 0.23043639957904816, CeVa: 0.49233099818229675
Epoch: 77, AccTr: 0.9773869514465332, AccVa: 0.9298245906829834, CeTr: 0.1396527737379074, CeVa: 0.4067595303058624
Epoch: 78, AccTr: 0.9522613286972046, AccVa: 0.9356725215911865, CeTr: 0.21958127617835999, CeVa: 0.4114164412021637
ENSEMBLE | Tr_Acc: 0.9949748516082764, Tr_CE: 0.036684926599264145, Va_Acc: 0.9649122953414917, Va_CE: 0.14950446784496307
Epoch: 79, AccTr: 0.9623115658760071, AccVa: 0.9707602262496948, CeTr: 0.22452102601528168, CeVa: 0.31700536608695984
Epoch: 80, AccTr: 0.9522613286972046, AccVa: 0.9473684430122375, CeTr: 0.33815234899520874, CeVa: 0.45910656452178955
Epoch: 81, AccTr: 0.9773869514465332, AccVa: 0.9532163739204407, CeTr: 0.07055597752332687, CeVa: 0.29235199093818665
ENSEMBLE | Tr_Acc: 0.9949748516082764, Tr_CE: 0.034151092171669006, Va_Acc: 0.9649122953414917, Va_CE: 0.14902383089065552
Epoch: 82, AccTr: 0.9723618030548096, AccVa: 0.9473684430122375, CeTr: 0.1058490052819252, CeVa: 0.5040181279182434
Epoch: 83, AccTr: 0.9623115658760071, AccVa: 0.9122806787490845, CeTr: 0.17687706649303436, CeVa: 0.34947848320007324
Epoch: 84, AccTr: 0.9723618030548096, AccVa: 0.9707602262496948, CeTr: 0.14487001299858093, CeVa: 0.2828265130519867
ENSEMBLE | Tr_Acc: 0.9949748516082764, Tr_CE: 0.03591923415660858, Va_Acc: 0.9649122953414917, Va_CE: 0.14825573563575745
Epoch: 85, AccTr: 0.9648241400718689, AccVa: 0.9181286692619324, CeTr: 0.18906952440738678, CeVa: 0.6300691962242126
Epoch: 86, AccTr: 0.9522613286972046, AccVa: 0.9356725215911865, CeTr: 0.22990243136882782, CeVa: 0.37476834654808044
Epoch: 87, AccTr: 0.9773869514465332, AccVa: 0.9298245906829834, CeTr: 0.11514440178871155, CeVa: 0.46638306975364685
ENSEMBLE | Tr_Acc: 0.9949748516082764, Tr_CE: 0.03673333674669266, Va_Acc: 0.9649122953414917, Va_CE: 0.15206214785575867
Epoch: 88, AccTr: 0.9773869514465332, AccVa: 0.9707602262496948, CeTr: 0.13005448877811432, CeVa: 0.3409494459629059
Epoch: 89, AccTr: 0.9874371886253357, AccVa: 0.9532163739204407, CeTr: 0.08061885088682175, CeVa: 0.4051879048347473
Epoch: 90, AccTr: 0.9824120402336121, AccVa: 0.9415204524993896, CeTr: 0.11385225504636765, CeVa: 0.3392873704433441
ENSEMBLE | Tr_Acc: 0.9949748516082764, Tr_CE: 0.03701460734009743, Va_Acc: 0.9649122953414917, Va_CE: 0.15215130150318146
Epoch: 91, AccTr: 0.9773869514465332, AccVa: 0.9532163739204407, CeTr: 0.09708883613348007, CeVa: 0.23515409231185913
Epoch: 92, AccTr: 0.9597989916801453, AccVa: 0.9356725215911865, CeTr: 0.21130023896694183, CeVa: 0.5659886002540588
Epoch: 93, AccTr: 0.9648241400718689, AccVa: 0.9239766001701355, CeTr: 0.17778028547763824, CeVa: 0.6369245052337646
ENSEMBLE | Tr_Acc: 0.9949748516082764, Tr_CE: 0.037514667958021164, Va_Acc: 0.9649122953414917, Va_CE: 0.1609352082014084
Epoch: 94, AccTr: 0.9849246144294739, AccVa: 0.9473684430122375, CeTr: 0.09665117412805557, CeVa: 0.4885141849517822
Epoch: 95, AccTr: 0.9547738432884216, AccVa: 0.9415204524993896, CeTr: 0.2836650311946869, CeVa: 0.5680249929428101
Epoch: 96, AccTr: 0.9623115658760071, AccVa: 0.9590643048286438, CeTr: 0.22733239829540253, CeVa: 0.381987065076828
ENSEMBLE | Tr_Acc: 0.9949748516082764, Tr_CE: 0.03848634287714958, Va_Acc: 0.9649122953414917, Va_CE: 0.1648625135421753
Epoch: 97, AccTr: 0.9698492288589478, AccVa: 0.9239766001701355, CeTr: 0.19435004889965057, CeVa: 0.43911564350128174
Epoch: 98, AccTr: 0.9773869514465332, AccVa: 0.9064327478408813, CeTr: 0.1814710944890976, CeVa: 0.5583657026290894
Epoch: 99, AccTr: 0.9748743772506714, AccVa: 0.9415204524993896, CeTr: 0.21594825387001038, CeVa: 0.4082574248313904
ENSEMBLE | Tr_Acc: 0.9949748516082764, Tr_CE: 0.03948403149843216, Va_Acc: 0.9649122953414917, Va_CE: 0.1627945750951767
Epoch: 100, AccTr: 0.9522613286972046, AccVa: 0.9298245906829834, CeTr: 0.29229384660720825, CeVa: 0.45518091320991516
Mod Accuracy || Mean: 0.9259259104728699	 Std: 0.009939625859260559
Ens Accuracy || Mean: 0.9571149945259094	 Std: 0.011027020402252674
Mod CE || Mean: 0.592686653137207	 Std: 0.09726231545209885
Ens CE || Mean: 0.24847082793712616	 Std: 0.07724842429161072
