

config:

HOME=/clusterFS/home/student/kopp13
PATH=/clusterFS/home/student/kopp13/miniconda3/envs/tensorflow/bin:/clusterFS/home/student/kopp13/miniconda3/bin:/clusterFS/home/student/kopp13/bin:/usr/local/bin:/usr/bin:/bin:/usr/local/games:/usr/games
LD_LIBRARY_PATH=
THEANO_FLAGS=floatX=float32,gpuarray.preallocate=0.9,dnn.library_path=/usr/lib/x86_64-linux-gnu,cxx=clang++-3.8,device=cuda,base_compiledir=/tmp/tmp.XPcbCbTkbI
Pretrained network accuracy: 1.0
NN CONFIG
Weight-type:		binary
Layout									Layer #1: 30	Layer #2: 120	Layer #3: 2	
Activation Functions					Layer #1: bs	
Keep probabilities		Layer #0: 0.9	Layer #1: 1.0	
Flat factors							Layer #1: 1.0	Layer #2: 1.0	
Activation Noise						Layer #1: 0.0	Layer #2: 0.0	
Prior: 0.9

===================================

RUN CONFIG
Epochs: 100, Blocksize: 8

===================================

Epoch: 0, AccTr: 0.9597989916801453, AccVa: 0.9707602262496948, CeTr: 0.32598406076431274, CeVa: 0.18060605227947235
Epoch: 1, AccTr: 0.947236180305481, AccVa: 0.9356725215911865, CeTr: 0.49463343620300293, CeVa: 0.6780133247375488
Epoch: 2, AccTr: 0.9748743772506714, AccVa: 0.9590643048286438, CeTr: 0.17100292444229126, CeVa: 0.2532191574573517
Epoch: 3, AccTr: 0.9497487545013428, AccVa: 0.9532163739204407, CeTr: 0.23918814957141876, CeVa: 0.19804435968399048
Epoch: 4, AccTr: 0.9698492288589478, AccVa: 0.9824561476707458, CeTr: 0.11365412175655365, CeVa: 0.17477193474769592
Epoch: 5, AccTr: 0.9597989916801453, AccVa: 0.9590643048286438, CeTr: 0.22949500381946564, CeVa: 0.27428877353668213
Epoch: 6, AccTr: 0.9673366546630859, AccVa: 0.9590643048286438, CeTr: 0.20156118273735046, CeVa: 0.23673652112483978
Epoch: 7, AccTr: 0.9547738432884216, AccVa: 0.9707602262496948, CeTr: 0.2814800441265106, CeVa: 0.09696603566408157
Epoch: 8, AccTr: 0.9447236061096191, AccVa: 0.9356725215911865, CeTr: 0.274819016456604, CeVa: 0.3330395817756653
Epoch: 9, AccTr: 0.9648241400718689, AccVa: 0.9707602262496948, CeTr: 0.2500600814819336, CeVa: 0.1562361717224121
Epoch: 10, AccTr: 0.9849246144294739, AccVa: 0.9766082167625427, CeTr: 0.1300041228532791, CeVa: 0.08810150623321533
Epoch: 11, AccTr: 0.9396985173225403, AccVa: 0.9356725215911865, CeTr: 0.5376700162887573, CeVa: 0.43990108370780945
Epoch: 12, AccTr: 0.9648241400718689, AccVa: 0.9590643048286438, CeTr: 0.2708095908164978, CeVa: 0.324801504611969
Epoch: 13, AccTr: 0.9824120402336121, AccVa: 0.9707602262496948, CeTr: 0.13779936730861664, CeVa: 0.16233082115650177
Epoch: 14, AccTr: 0.9371859431266785, AccVa: 0.9473684430122375, CeTr: 0.38503551483154297, CeVa: 0.4140463173389435
Epoch: 15, AccTr: 0.9572864174842834, AccVa: 0.9766082167625427, CeTr: 0.32683271169662476, CeVa: 0.20482756197452545
Epoch: 16, AccTr: 0.979899525642395, AccVa: 0.9415204524993896, CeTr: 0.16471338272094727, CeVa: 0.21656771004199982
Epoch: 17, AccTr: 0.9623115658760071, AccVa: 0.9532163739204407, CeTr: 0.13407225906848907, CeVa: 0.28825855255126953
Epoch: 18, AccTr: 0.947236180305481, AccVa: 0.9473684430122375, CeTr: 0.4523269534111023, CeVa: 0.3756920397281647
Epoch: 19, AccTr: 0.9748743772506714, AccVa: 0.9532163739204407, CeTr: 0.09735923260450363, CeVa: 0.20869584381580353
Epoch: 20, AccTr: 0.9673366546630859, AccVa: 0.9590643048286438, CeTr: 0.2079973816871643, CeVa: 0.36003315448760986
Epoch: 21, AccTr: 0.9648241400718689, AccVa: 0.9590643048286438, CeTr: 0.2084989845752716, CeVa: 0.2991976737976074
Epoch: 22, AccTr: 0.9522613286972046, AccVa: 0.9356725215911865, CeTr: 0.35231247544288635, CeVa: 0.555721640586853
Epoch: 23, AccTr: 0.947236180305481, AccVa: 0.9239766001701355, CeTr: 0.30689114332199097, CeVa: 0.4659542441368103
Epoch: 24, AccTr: 0.9748743772506714, AccVa: 0.988304078578949, CeTr: 0.2554919421672821, CeVa: 0.07618816196918488
Epoch: 25, AccTr: 0.9547738432884216, AccVa: 0.9590643048286438, CeTr: 0.26620516180992126, CeVa: 0.17645563185214996
Epoch: 26, AccTr: 0.9673366546630859, AccVa: 0.9298245906829834, CeTr: 0.17924019694328308, CeVa: 0.5639470219612122
Epoch: 27, AccTr: 0.9723618030548096, AccVa: 0.9766082167625427, CeTr: 0.2538208067417145, CeVa: 0.1288607120513916
Epoch: 28, AccTr: 0.9597989916801453, AccVa: 0.9590643048286438, CeTr: 0.3425123989582062, CeVa: 0.16641415655612946
Epoch: 29, AccTr: 0.9723618030548096, AccVa: 0.9532163739204407, CeTr: 0.20655544102191925, CeVa: 0.3333343267440796
Epoch: 30, AccTr: 0.9572864174842834, AccVa: 0.9356725215911865, CeTr: 0.20353084802627563, CeVa: 0.2828700542449951
ENSEMBLE | Tr_Acc: 0.9572864174842834, Tr_CE: 0.20353084802627563, Va_Acc: 0.9356725215911865, Va_CE: 0.2828700542449951
Epoch: 31, AccTr: 0.9597989916801453, AccVa: 0.9298245906829834, CeTr: 0.2131125032901764, CeVa: 0.44324320554733276
Epoch: 32, AccTr: 0.9572864174842834, AccVa: 0.9298245906829834, CeTr: 0.2747495770454407, CeVa: 0.34894832968711853
Epoch: 33, AccTr: 0.9748743772506714, AccVa: 0.9824561476707458, CeTr: 0.16540329158306122, CeVa: 0.06306853145360947
ENSEMBLE | Tr_Acc: 0.9824120402336121, Tr_CE: 0.0799330398440361, Va_Acc: 0.988304078578949, Va_CE: 0.04284125193953514
Epoch: 34, AccTr: 0.9698492288589478, AccVa: 0.9473684430122375, CeTr: 0.29703056812286377, CeVa: 0.3912932574748993
Epoch: 35, AccTr: 0.9648241400718689, AccVa: 0.9473684430122375, CeTr: 0.18253940343856812, CeVa: 0.3447767198085785
Epoch: 36, AccTr: 0.9623115658760071, AccVa: 0.9649122953414917, CeTr: 0.22426851093769073, CeVa: 0.13831372559070587
ENSEMBLE | Tr_Acc: 0.9824120402336121, Tr_CE: 0.05055079981684685, Va_Acc: 0.988304078578949, Va_CE: 0.025042472407221794
Epoch: 37, AccTr: 0.9547738432884216, AccVa: 0.9532163739204407, CeTr: 0.2284722626209259, CeVa: 0.24024295806884766
Epoch: 38, AccTr: 0.9346733689308167, AccVa: 0.9356725215911865, CeTr: 0.43705660104751587, CeVa: 0.3489345610141754
Epoch: 39, AccTr: 0.9522613286972046, AccVa: 0.9532163739204407, CeTr: 0.4941425323486328, CeVa: 0.39988553524017334
ENSEMBLE | Tr_Acc: 0.979899525642395, Tr_CE: 0.0835004523396492, Va_Acc: 1.0, Va_CE: 0.006773464381694794
Epoch: 40, AccTr: 0.9698492288589478, AccVa: 0.9590643048286438, CeTr: 0.2520720958709717, CeVa: 0.19240224361419678
Epoch: 41, AccTr: 0.9597989916801453, AccVa: 0.9707602262496948, CeTr: 0.254398912191391, CeVa: 0.10734046995639801
Epoch: 42, AccTr: 0.9497487545013428, AccVa: 0.9532163739204407, CeTr: 0.27822381258010864, CeVa: 0.375855028629303
ENSEMBLE | Tr_Acc: 0.9874371886253357, Tr_CE: 0.05724620446562767, Va_Acc: 0.9941520690917969, Va_CE: 0.016271943226456642
Epoch: 43, AccTr: 0.9748743772506714, AccVa: 0.9824561476707458, CeTr: 0.14625169336795807, CeVa: 0.18443544209003448
Epoch: 44, AccTr: 0.9673366546630859, AccVa: 0.9590643048286438, CeTr: 0.3327993154525757, CeVa: 0.21594184637069702
Epoch: 45, AccTr: 0.9673366546630859, AccVa: 0.9356725215911865, CeTr: 0.2919866442680359, CeVa: 0.32481685280799866
ENSEMBLE | Tr_Acc: 0.9849246144294739, Tr_CE: 0.06099863722920418, Va_Acc: 0.9941520690917969, Va_CE: 0.01893097534775734
Epoch: 46, AccTr: 0.927135705947876, AccVa: 0.9239766001701355, CeTr: 0.35825082659721375, CeVa: 0.4827602803707123
Epoch: 47, AccTr: 0.9497487545013428, AccVa: 0.9532163739204407, CeTr: 0.3501458466053009, CeVa: 0.3818102478981018
Epoch: 48, AccTr: 0.9723618030548096, AccVa: 0.9649122953414917, CeTr: 0.16980428993701935, CeVa: 0.21501362323760986
ENSEMBLE | Tr_Acc: 0.9899497628211975, Tr_CE: 0.052600421011447906, Va_Acc: 0.9941520690917969, Va_CE: 0.012582614086568356
Epoch: 49, AccTr: 0.9572864174842834, AccVa: 0.9473684430122375, CeTr: 0.1927419900894165, CeVa: 0.27362385392189026
Epoch: 50, AccTr: 0.9673366546630859, AccVa: 0.9824561476707458, CeTr: 0.29296308755874634, CeVa: 0.08720290660858154
Epoch: 51, AccTr: 0.9572864174842834, AccVa: 0.9590643048286438, CeTr: 0.2838513255119324, CeVa: 0.18450753390789032
ENSEMBLE | Tr_Acc: 0.9899497628211975, Tr_CE: 0.04714711010456085, Va_Acc: 0.9941520690917969, Va_CE: 0.017108270898461342
Epoch: 52, AccTr: 0.9572864174842834, AccVa: 0.9356725215911865, CeTr: 0.3221187889575958, CeVa: 0.5316746830940247
Epoch: 53, AccTr: 0.9547738432884216, AccVa: 0.9766082167625427, CeTr: 0.22921150922775269, CeVa: 0.1456516832113266
Epoch: 54, AccTr: 0.9748743772506714, AccVa: 0.9532163739204407, CeTr: 0.1003628820180893, CeVa: 0.23145048320293427
ENSEMBLE | Tr_Acc: 0.9899497628211975, Tr_CE: 0.04402545094490051, Va_Acc: 0.9941520690917969, Va_CE: 0.016311483457684517
Epoch: 55, AccTr: 0.9849246144294739, AccVa: 0.9649122953414917, CeTr: 0.06313129514455795, CeVa: 0.3327277898788452
Epoch: 56, AccTr: 0.9673366546630859, AccVa: 0.9766082167625427, CeTr: 0.22710511088371277, CeVa: 0.13379444181919098
Epoch: 57, AccTr: 0.9648241400718689, AccVa: 0.9590643048286438, CeTr: 0.22675924003124237, CeVa: 0.39303696155548096
ENSEMBLE | Tr_Acc: 0.9899497628211975, Tr_CE: 0.048884324729442596, Va_Acc: 0.9941520690917969, Va_CE: 0.021235523745417595
Epoch: 58, AccTr: 0.9572864174842834, AccVa: 0.9473684430122375, CeTr: 0.2226690948009491, CeVa: 0.27443718910217285
Epoch: 59, AccTr: 0.9145728349685669, AccVa: 0.9298245906829834, CeTr: 0.5284678936004639, CeVa: 0.41688576340675354
Epoch: 60, AccTr: 0.9748743772506714, AccVa: 0.988304078578949, CeTr: 0.26717764139175415, CeVa: 0.07541649788618088
ENSEMBLE | Tr_Acc: 0.9899497628211975, Tr_CE: 0.04722195863723755, Va_Acc: 0.9941520690917969, Va_CE: 0.012868603691458702
Epoch: 61, AccTr: 0.9547738432884216, AccVa: 0.9415204524993896, CeTr: 0.20911802351474762, CeVa: 0.1523754745721817
Epoch: 62, AccTr: 0.9321607947349548, AccVa: 0.9766082167625427, CeTr: 0.47125503420829773, CeVa: 0.0452532060444355
Epoch: 63, AccTr: 0.9698492288589478, AccVa: 0.9532163739204407, CeTr: 0.15962699055671692, CeVa: 0.36932066082954407
ENSEMBLE | Tr_Acc: 0.9899497628211975, Tr_CE: 0.04497050866484642, Va_Acc: 0.9941520690917969, Va_CE: 0.011165016330778599
Epoch: 64, AccTr: 0.9723618030548096, AccVa: 0.9649122953414917, CeTr: 0.2478615790605545, CeVa: 0.25413432717323303
Epoch: 65, AccTr: 0.9673366546630859, AccVa: 0.9532163739204407, CeTr: 0.18719898164272308, CeVa: 0.24667902290821075
Epoch: 66, AccTr: 0.9673366546630859, AccVa: 0.9707602262496948, CeTr: 0.2170267552137375, CeVa: 0.14507907629013062
ENSEMBLE | Tr_Acc: 0.9899497628211975, Tr_CE: 0.045239198952913284, Va_Acc: 1.0, Va_CE: 0.0061612981371581554
Epoch: 67, AccTr: 0.9597989916801453, AccVa: 0.9649122953414917, CeTr: 0.2571737468242645, CeVa: 0.1910373419523239
Epoch: 68, AccTr: 0.9396985173225403, AccVa: 0.9415204524993896, CeTr: 0.43872979283332825, CeVa: 0.38105568289756775
Epoch: 69, AccTr: 0.9949748516082764, AccVa: 0.9415204524993896, CeTr: 0.022187257185578346, CeVa: 0.4165678322315216
ENSEMBLE | Tr_Acc: 0.9899497628211975, Tr_CE: 0.03969500958919525, Va_Acc: 1.0, Va_CE: 0.006380803883075714
Epoch: 70, AccTr: 0.9874371886253357, AccVa: 0.9707602262496948, CeTr: 0.025465385988354683, CeVa: 0.13446706533432007
Epoch: 71, AccTr: 0.9572864174842834, AccVa: 0.9590643048286438, CeTr: 0.24588240683078766, CeVa: 0.29383158683776855
Epoch: 72, AccTr: 0.9522613286972046, AccVa: 0.9298245906829834, CeTr: 0.3251384198665619, CeVa: 0.4232698082923889
ENSEMBLE | Tr_Acc: 0.9899497628211975, Tr_CE: 0.03807628154754639, Va_Acc: 0.9941520690917969, Va_CE: 0.007251528091728687
Epoch: 73, AccTr: 0.9321607947349548, AccVa: 0.9473684430122375, CeTr: 0.38268014788627625, CeVa: 0.5199710726737976
Epoch: 74, AccTr: 0.9422110319137573, AccVa: 0.9298245906829834, CeTr: 0.41200706362724304, CeVa: 0.5505316853523254
Epoch: 75, AccTr: 0.9648241400718689, AccVa: 0.9707602262496948, CeTr: 0.1283925473690033, CeVa: 0.21350978314876556
ENSEMBLE | Tr_Acc: 0.9899497628211975, Tr_CE: 0.034033194184303284, Va_Acc: 1.0, Va_CE: 0.0063435789197683334
Epoch: 76, AccTr: 0.9145728349685669, AccVa: 0.9064327478408813, CeTr: 0.6104303002357483, CeVa: 0.9918607473373413
Epoch: 77, AccTr: 0.9723618030548096, AccVa: 0.9649122953414917, CeTr: 0.12041868269443512, CeVa: 0.1810401827096939
Epoch: 78, AccTr: 0.947236180305481, AccVa: 0.9707602262496948, CeTr: 0.4177510142326355, CeVa: 0.277241051197052
ENSEMBLE | Tr_Acc: 0.9899497628211975, Tr_CE: 0.03860064223408699, Va_Acc: 1.0, Va_CE: 0.005193216726183891
Epoch: 79, AccTr: 0.9547738432884216, AccVa: 0.9473684430122375, CeTr: 0.22366566956043243, CeVa: 0.21208055317401886
Epoch: 80, AccTr: 0.9422110319137573, AccVa: 0.9649122953414917, CeTr: 0.415028840303421, CeVa: 0.26527437567710876
Epoch: 81, AccTr: 0.9623115658760071, AccVa: 0.9649122953414917, CeTr: 0.24431830644607544, CeVa: 0.29352471232414246
ENSEMBLE | Tr_Acc: 0.9899497628211975, Tr_CE: 0.042390238493680954, Va_Acc: 1.0, Va_CE: 0.005957867484539747
Epoch: 82, AccTr: 0.9597989916801453, AccVa: 0.9532163739204407, CeTr: 0.2795168161392212, CeVa: 0.2279357761144638
Epoch: 83, AccTr: 0.9396985173225403, AccVa: 0.9473684430122375, CeTr: 0.2964557707309723, CeVa: 0.3015481233596802
Epoch: 84, AccTr: 0.9321607947349548, AccVa: 0.9590643048286438, CeTr: 0.301792711019516, CeVa: 0.2871919274330139
ENSEMBLE | Tr_Acc: 0.9899497628211975, Tr_CE: 0.04271312057971954, Va_Acc: 1.0, Va_CE: 0.005685898475348949
Epoch: 85, AccTr: 0.9396985173225403, AccVa: 0.9415204524993896, CeTr: 0.331929087638855, CeVa: 0.3388119637966156
Epoch: 86, AccTr: 0.9597989916801453, AccVa: 0.9649122953414917, CeTr: 0.14780128002166748, CeVa: 0.18157300353050232
Epoch: 87, AccTr: 0.9623115658760071, AccVa: 0.9707602262496948, CeTr: 0.2303827553987503, CeVa: 0.1542452722787857
ENSEMBLE | Tr_Acc: 0.9899497628211975, Tr_CE: 0.04423648118972778, Va_Acc: 1.0, Va_CE: 0.005862401332706213
Epoch: 88, AccTr: 0.9698492288589478, AccVa: 0.9473684430122375, CeTr: 0.17290709912776947, CeVa: 0.4422096908092499
Epoch: 89, AccTr: 0.9497487545013428, AccVa: 0.9649122953414917, CeTr: 0.45150819420814514, CeVa: 0.13910892605781555
Epoch: 90, AccTr: 0.9547738432884216, AccVa: 0.9532163739204407, CeTr: 0.36597010493278503, CeVa: 0.30072471499443054
ENSEMBLE | Tr_Acc: 0.9899497628211975, Tr_CE: 0.047153376042842865, Va_Acc: 1.0, Va_CE: 0.004721550270915031
Epoch: 91, AccTr: 0.9648241400718689, AccVa: 0.9707602262496948, CeTr: 0.24913740158081055, CeVa: 0.25374552607536316
Epoch: 92, AccTr: 0.9974874258041382, AccVa: 0.9649122953414917, CeTr: 0.02189977839589119, CeVa: 0.3094366788864136
Epoch: 93, AccTr: 0.9723618030548096, AccVa: 0.9590643048286438, CeTr: 0.155052050948143, CeVa: 0.18683600425720215
ENSEMBLE | Tr_Acc: 0.9899497628211975, Tr_CE: 0.04773644730448723, Va_Acc: 1.0, Va_CE: 0.004177162889391184
Epoch: 94, AccTr: 0.9522613286972046, AccVa: 0.9649122953414917, CeTr: 0.346042275428772, CeVa: 0.13961219787597656
Epoch: 95, AccTr: 0.9949748516082764, AccVa: 0.9473684430122375, CeTr: 0.01691282168030739, CeVa: 0.3211921453475952
Epoch: 96, AccTr: 0.9572864174842834, AccVa: 0.9122806787490845, CeTr: 0.2939135432243347, CeVa: 0.44474363327026367
ENSEMBLE | Tr_Acc: 0.9899497628211975, Tr_CE: 0.04797117039561272, Va_Acc: 1.0, Va_CE: 0.004836265463382006
Epoch: 97, AccTr: 0.9673366546630859, AccVa: 0.9766082167625427, CeTr: 0.16260261833667755, CeVa: 0.05214095115661621
Epoch: 98, AccTr: 0.9648241400718689, AccVa: 0.9415204524993896, CeTr: 0.2675008475780487, CeVa: 0.3059900403022766
Epoch: 99, AccTr: 0.9447236061096191, AccVa: 0.9590643048286438, CeTr: 0.2615584135055542, CeVa: 0.2660682499408722
ENSEMBLE | Tr_Acc: 0.9899497628211975, Tr_CE: 0.05075196921825409, Va_Acc: 1.0, Va_CE: 0.005805089604109526
Epoch: 100, AccTr: 0.9422110319137573, AccVa: 0.9473684430122375, CeTr: 0.38187891244888306, CeVa: 0.2725331485271454
Pretrained network accuracy: 1.0
NN CONFIG
Weight-type:		binary
Layout									Layer #1: 30	Layer #2: 120	Layer #3: 2	
Activation Functions					Layer #1: bs	
Keep probabilities		Layer #0: 0.9	Layer #1: 1.0	
Flat factors							Layer #1: 1.0	Layer #2: 1.0	
Activation Noise						Layer #1: 0.0	Layer #2: 0.0	
Prior: 0.9

===================================

RUN CONFIG
Epochs: 100, Blocksize: 8

===================================

Epoch: 0, AccTr: 0.6180904507637024, AccVa: 0.6666666865348816, CeTr: 3.2216570377349854, CeVa: 4.258566856384277
Epoch: 1, AccTr: 0.9447236061096191, AccVa: 0.9239766001701355, CeTr: 0.6192501187324524, CeVa: 0.617070734500885
Epoch: 2, AccTr: 0.979899525642395, AccVa: 0.9356725215911865, CeTr: 0.14981131255626678, CeVa: 0.37269502878189087
Epoch: 3, AccTr: 0.9974874258041382, AccVa: 0.9707602262496948, CeTr: 0.01046762615442276, CeVa: 0.24653157591819763
Epoch: 4, AccTr: 0.9924623370170593, AccVa: 0.9707602262496948, CeTr: 0.028736459091305733, CeVa: 0.18369285762310028
Epoch: 5, AccTr: 0.9648241400718689, AccVa: 0.9707602262496948, CeTr: 0.2856076955795288, CeVa: 0.2816634476184845
Epoch: 6, AccTr: 0.9673366546630859, AccVa: 0.9473684430122375, CeTr: 0.17113475501537323, CeVa: 0.33399319648742676
Epoch: 7, AccTr: 0.9447236061096191, AccVa: 0.9473684430122375, CeTr: 0.3262160122394562, CeVa: 0.29339706897735596
Epoch: 8, AccTr: 0.9547738432884216, AccVa: 0.9590643048286438, CeTr: 0.21534600853919983, CeVa: 0.43730512261390686
Epoch: 9, AccTr: 0.9597989916801453, AccVa: 0.9532163739204407, CeTr: 0.2798011898994446, CeVa: 0.3532096743583679
Epoch: 10, AccTr: 0.9623115658760071, AccVa: 0.9532163739204407, CeTr: 0.20280583202838898, CeVa: 0.42819303274154663
Epoch: 11, AccTr: 0.9522613286972046, AccVa: 0.9356725215911865, CeTr: 0.16733472049236298, CeVa: 0.4639170169830322
Epoch: 12, AccTr: 0.9673366546630859, AccVa: 0.9415204524993896, CeTr: 0.12263920903205872, CeVa: 0.47313570976257324
Epoch: 13, AccTr: 0.9623115658760071, AccVa: 0.9473684430122375, CeTr: 0.16731010377407074, CeVa: 0.37567463517189026
Epoch: 14, AccTr: 0.9824120402336121, AccVa: 0.9415204524993896, CeTr: 0.11009994894266129, CeVa: 0.4037024974822998
Epoch: 15, AccTr: 0.9597989916801453, AccVa: 0.9356725215911865, CeTr: 0.20085693895816803, CeVa: 0.4382416903972626
Epoch: 16, AccTr: 0.9723618030548096, AccVa: 0.9532163739204407, CeTr: 0.19576489925384521, CeVa: 0.34031060338020325
Epoch: 17, AccTr: 0.9597989916801453, AccVa: 0.9298245906829834, CeTr: 0.3432123363018036, CeVa: 0.6737316250801086
Epoch: 18, AccTr: 0.9748743772506714, AccVa: 0.9766082167625427, CeTr: 0.14532512426376343, CeVa: 0.3128494918346405
Epoch: 19, AccTr: 0.9597989916801453, AccVa: 0.9649122953414917, CeTr: 0.28144437074661255, CeVa: 0.2193843126296997
Epoch: 20, AccTr: 0.9623115658760071, AccVa: 0.9239766001701355, CeTr: 0.1942984163761139, CeVa: 0.3914620876312256
Epoch: 21, AccTr: 0.9849246144294739, AccVa: 0.9415204524993896, CeTr: 0.09531974792480469, CeVa: 0.5199468731880188
Epoch: 22, AccTr: 0.9623115658760071, AccVa: 0.9415204524993896, CeTr: 0.2523718476295471, CeVa: 0.5012063384056091
Epoch: 23, AccTr: 0.9572864174842834, AccVa: 0.9532163739204407, CeTr: 0.3733598589897156, CeVa: 0.2514277696609497
Epoch: 24, AccTr: 0.9572864174842834, AccVa: 0.9415204524993896, CeTr: 0.3393956422805786, CeVa: 0.49673327803611755
Epoch: 25, AccTr: 0.9547738432884216, AccVa: 0.9766082167625427, CeTr: 0.2337566614151001, CeVa: 0.18577615916728973
Epoch: 26, AccTr: 0.9572864174842834, AccVa: 0.9649122953414917, CeTr: 0.15276910364627838, CeVa: 0.2333863079547882
Epoch: 27, AccTr: 0.927135705947876, AccVa: 0.9415204524993896, CeTr: 0.5488488078117371, CeVa: 0.40361282229423523
Epoch: 28, AccTr: 0.9321607947349548, AccVa: 0.9122806787490845, CeTr: 0.4456344544887543, CeVa: 0.6656261086463928
Epoch: 29, AccTr: 0.9422110319137573, AccVa: 0.9356725215911865, CeTr: 0.4423426389694214, CeVa: 0.6409836411476135
Epoch: 30, AccTr: 0.9974874258041382, AccVa: 0.9590643048286438, CeTr: 0.011350302025675774, CeVa: 0.25100722908973694
ENSEMBLE | Tr_Acc: 0.9974874258041382, Tr_CE: 0.011350302025675774, Va_Acc: 0.9590643048286438, Va_CE: 0.25100722908973694
Epoch: 31, AccTr: 0.9547738432884216, AccVa: 0.9649122953414917, CeTr: 0.2794733941555023, CeVa: 0.4964611530303955
Epoch: 32, AccTr: 0.9346733689308167, AccVa: 0.9415204524993896, CeTr: 0.5088687539100647, CeVa: 0.3966376781463623
Epoch: 33, AccTr: 0.9522613286972046, AccVa: 0.9415204524993896, CeTr: 0.32409536838531494, CeVa: 0.4519856870174408
ENSEMBLE | Tr_Acc: 0.9849246144294739, Tr_CE: 0.04957285895943642, Va_Acc: 0.9649122953414917, Va_CE: 0.17521695792675018
Epoch: 34, AccTr: 0.9773869514465332, AccVa: 0.9356725215911865, CeTr: 0.11371345818042755, CeVa: 0.5375917553901672
Epoch: 35, AccTr: 0.9723618030548096, AccVa: 0.9181286692619324, CeTr: 0.2815497815608978, CeVa: 0.6844187378883362
Epoch: 36, AccTr: 0.9648241400718689, AccVa: 0.9649122953414917, CeTr: 0.12886063754558563, CeVa: 0.29039466381073
ENSEMBLE | Tr_Acc: 0.9874371886253357, Tr_CE: 0.022187715396285057, Va_Acc: 0.9707602262496948, Va_CE: 0.14933237433433533
Epoch: 37, AccTr: 0.9597989916801453, AccVa: 0.9415204524993896, CeTr: 0.2491149753332138, CeVa: 0.5401201248168945
Epoch: 38, AccTr: 0.9748743772506714, AccVa: 0.9532163739204407, CeTr: 0.15717096626758575, CeVa: 0.2703356444835663
Epoch: 39, AccTr: 0.9698492288589478, AccVa: 0.9415204524993896, CeTr: 0.1866578310728073, CeVa: 0.6229057908058167
ENSEMBLE | Tr_Acc: 0.9924623370170593, Tr_CE: 0.019910579547286034, Va_Acc: 0.9590643048286438, Va_CE: 0.21897591650485992
Epoch: 40, AccTr: 0.9723618030548096, AccVa: 0.9415204524993896, CeTr: 0.14659461379051208, CeVa: 0.3350889980792999
Epoch: 41, AccTr: 0.9597989916801453, AccVa: 0.9356725215911865, CeTr: 0.3308112323284149, CeVa: 0.4830986261367798
Epoch: 42, AccTr: 0.9623115658760071, AccVa: 0.9298245906829834, CeTr: 0.32122671604156494, CeVa: 0.6395437121391296
ENSEMBLE | Tr_Acc: 0.9949748516082764, Tr_CE: 0.01865025795996189, Va_Acc: 0.9707602262496948, Va_CE: 0.16391000151634216
Epoch: 43, AccTr: 0.9748743772506714, AccVa: 0.9649122953414917, CeTr: 0.11448757350444794, CeVa: 0.287471204996109
Epoch: 44, AccTr: 0.9371859431266785, AccVa: 0.9415204524993896, CeTr: 0.34774255752563477, CeVa: 0.33587023615837097
Epoch: 45, AccTr: 0.9623115658760071, AccVa: 0.9298245906829834, CeTr: 0.16361771523952484, CeVa: 0.561462938785553
ENSEMBLE | Tr_Acc: 0.9949748516082764, Tr_CE: 0.017735883593559265, Va_Acc: 0.9649122953414917, Va_CE: 0.17745405435562134
Epoch: 46, AccTr: 0.9597989916801453, AccVa: 0.9532163739204407, CeTr: 0.19438621401786804, CeVa: 0.42982053756713867
Epoch: 47, AccTr: 0.9723618030548096, AccVa: 0.9356725215911865, CeTr: 0.18059365451335907, CeVa: 0.6297175288200378
Epoch: 48, AccTr: 0.9698492288589478, AccVa: 0.9415204524993896, CeTr: 0.3100866675376892, CeVa: 0.627225935459137
ENSEMBLE | Tr_Acc: 0.9924623370170593, Tr_CE: 0.02218632958829403, Va_Acc: 0.9590643048286438, Va_CE: 0.20968371629714966
Epoch: 49, AccTr: 0.9447236061096191, AccVa: 0.9415204524993896, CeTr: 0.2892642617225647, CeVa: 0.2906017303466797
Epoch: 50, AccTr: 0.9824120402336121, AccVa: 0.9415204524993896, CeTr: 0.06440645456314087, CeVa: 0.41485944390296936
Epoch: 51, AccTr: 0.9597989916801453, AccVa: 0.9239766001701355, CeTr: 0.26963773369789124, CeVa: 0.5330467224121094
ENSEMBLE | Tr_Acc: 0.9949748516082764, Tr_CE: 0.020389478653669357, Va_Acc: 0.9590643048286438, Va_CE: 0.21153926849365234
Epoch: 52, AccTr: 0.9773869514465332, AccVa: 0.9649122953414917, CeTr: 0.11970251053571701, CeVa: 0.5459809303283691
Epoch: 53, AccTr: 0.9673366546630859, AccVa: 0.9532163739204407, CeTr: 0.1905161291360855, CeVa: 0.24071629345417023
Epoch: 54, AccTr: 0.9572864174842834, AccVa: 0.9122806787490845, CeTr: 0.16514655947685242, CeVa: 0.5646754503250122
ENSEMBLE | Tr_Acc: 0.9899497628211975, Tr_CE: 0.019309889525175095, Va_Acc: 0.9707602262496948, Va_CE: 0.2135441154241562
Epoch: 55, AccTr: 0.9723618030548096, AccVa: 0.9473684430122375, CeTr: 0.13568557798862457, CeVa: 0.45479562878608704
Epoch: 56, AccTr: 0.9572864174842834, AccVa: 0.9239766001701355, CeTr: 0.33894413709640503, CeVa: 0.6964129209518433
Epoch: 57, AccTr: 0.9547738432884216, AccVa: 0.9415204524993896, CeTr: 0.26591119170188904, CeVa: 0.29386085271835327
ENSEMBLE | Tr_Acc: 0.9874371886253357, Tr_CE: 0.018481051549315453, Va_Acc: 0.9707602262496948, Va_CE: 0.19010280072689056
Epoch: 58, AccTr: 0.9698492288589478, AccVa: 0.9356725215911865, CeTr: 0.22908203303813934, CeVa: 0.32522234320640564
Epoch: 59, AccTr: 0.9648241400718689, AccVa: 0.9824561476707458, CeTr: 0.19185087084770203, CeVa: 0.17238257825374603
Epoch: 60, AccTr: 0.9422110319137573, AccVa: 0.9590643048286438, CeTr: 0.2893980145454407, CeVa: 0.31131988763809204
ENSEMBLE | Tr_Acc: 0.9924623370170593, Tr_CE: 0.01762496493756771, Va_Acc: 0.9707602262496948, Va_CE: 0.18113355338573456
Epoch: 61, AccTr: 0.9824120402336121, AccVa: 0.9532163739204407, CeTr: 0.10522478073835373, CeVa: 0.2983194887638092
Epoch: 62, AccTr: 1.0, AccVa: 0.9473684430122375, CeTr: 0.005560611374676228, CeVa: 0.6229727864265442
Epoch: 63, AccTr: 0.9547738432884216, AccVa: 0.9239766001701355, CeTr: 0.2675057351589203, CeVa: 0.39497727155685425
ENSEMBLE | Tr_Acc: 0.9924623370170593, Tr_CE: 0.01607290469110012, Va_Acc: 0.9707602262496948, Va_CE: 0.1768452227115631
Epoch: 64, AccTr: 0.9698492288589478, AccVa: 0.9473684430122375, CeTr: 0.24275051057338715, CeVa: 0.3674124479293823
Epoch: 65, AccTr: 0.9874371886253357, AccVa: 0.9590643048286438, CeTr: 0.05469705909490585, CeVa: 0.3558901250362396
Epoch: 66, AccTr: 0.979899525642395, AccVa: 0.9239766001701355, CeTr: 0.09760931134223938, CeVa: 0.5565218329429626
ENSEMBLE | Tr_Acc: 0.9924623370170593, Tr_CE: 0.013256977312266827, Va_Acc: 0.9707602262496948, Va_CE: 0.17437267303466797
Epoch: 67, AccTr: 0.9547738432884216, AccVa: 0.9298245906829834, CeTr: 0.38810813426971436, CeVa: 0.40384700894355774
Epoch: 68, AccTr: 0.9572864174842834, AccVa: 0.9473684430122375, CeTr: 0.27126872539520264, CeVa: 0.36720263957977295
Epoch: 69, AccTr: 0.9698492288589478, AccVa: 0.9532163739204407, CeTr: 0.21437160670757294, CeVa: 0.33287057280540466
ENSEMBLE | Tr_Acc: 0.9949748516082764, Tr_CE: 0.014386452734470367, Va_Acc: 0.9707602262496948, Va_CE: 0.171094611287117
Epoch: 70, AccTr: 0.9748743772506714, AccVa: 0.9532163739204407, CeTr: 0.09553053230047226, CeVa: 0.39403724670410156
Epoch: 71, AccTr: 0.9748743772506714, AccVa: 0.9415204524993896, CeTr: 0.16386449337005615, CeVa: 0.522189736366272
Epoch: 72, AccTr: 0.9673366546630859, AccVa: 0.9473684430122375, CeTr: 0.24858836829662323, CeVa: 0.6393738985061646
ENSEMBLE | Tr_Acc: 0.9949748516082764, Tr_CE: 0.013819844461977482, Va_Acc: 0.9707602262496948, Va_CE: 0.17964881658554077
Epoch: 73, AccTr: 0.979899525642395, AccVa: 0.9473684430122375, CeTr: 0.07134269177913666, CeVa: 0.27198705077171326
Epoch: 74, AccTr: 0.947236180305481, AccVa: 0.9532163739204407, CeTr: 0.209669828414917, CeVa: 0.5085216760635376
Epoch: 75, AccTr: 0.9597989916801453, AccVa: 0.9473684430122375, CeTr: 0.2869737446308136, CeVa: 0.3729965388774872
ENSEMBLE | Tr_Acc: 0.9949748516082764, Tr_CE: 0.017096206545829773, Va_Acc: 0.9766082167625427, Va_CE: 0.1673918217420578
Epoch: 76, AccTr: 0.9597989916801453, AccVa: 0.9766082167625427, CeTr: 0.20841071009635925, CeVa: 0.3056255877017975
Epoch: 77, AccTr: 0.9497487545013428, AccVa: 0.9473684430122375, CeTr: 0.4081913232803345, CeVa: 0.5082242488861084
Epoch: 78, AccTr: 0.9824120402336121, AccVa: 0.9590643048286438, CeTr: 0.09350752085447311, CeVa: 0.3708847463130951
ENSEMBLE | Tr_Acc: 0.9949748516082764, Tr_CE: 0.01667109690606594, Va_Acc: 0.9766082167625427, Va_CE: 0.16192945837974548
Epoch: 79, AccTr: 0.9597989916801453, AccVa: 0.9298245906829834, CeTr: 0.19460824131965637, CeVa: 0.34893661737442017
Epoch: 80, AccTr: 0.9648241400718689, AccVa: 0.9356725215911865, CeTr: 0.1794934719800949, CeVa: 0.41792845726013184
Epoch: 81, AccTr: 0.9497487545013428, AccVa: 0.9356725215911865, CeTr: 0.3193961977958679, CeVa: 0.27730515599250793
ENSEMBLE | Tr_Acc: 0.9949748516082764, Tr_CE: 0.01816316321492195, Va_Acc: 0.9766082167625427, Va_CE: 0.14840301871299744
Epoch: 82, AccTr: 0.9748743772506714, AccVa: 0.9649122953414917, CeTr: 0.10164685547351837, CeVa: 0.28988030552864075
Epoch: 83, AccTr: 0.9572864174842834, AccVa: 0.9415204524993896, CeTr: 0.5197124481201172, CeVa: 0.5141586661338806
Epoch: 84, AccTr: 0.9572864174842834, AccVa: 0.9532163739204407, CeTr: 0.288888156414032, CeVa: 0.40572911500930786
ENSEMBLE | Tr_Acc: 0.9949748516082764, Tr_CE: 0.019943425431847572, Va_Acc: 0.9766082167625427, Va_CE: 0.1440741866827011
Epoch: 85, AccTr: 0.9522613286972046, AccVa: 0.9473684430122375, CeTr: 0.25461724400520325, CeVa: 0.4667763113975525
Epoch: 86, AccTr: 0.9572864174842834, AccVa: 0.9590643048286438, CeTr: 0.13270843029022217, CeVa: 0.45995545387268066
Epoch: 87, AccTr: 0.9221105575561523, AccVa: 0.9064327478408813, CeTr: 0.4002132713794708, CeVa: 0.6874765157699585
ENSEMBLE | Tr_Acc: 0.9949748516082764, Tr_CE: 0.02148577943444252, Va_Acc: 0.9766082167625427, Va_CE: 0.14831048250198364
Epoch: 88, AccTr: 0.9723618030548096, AccVa: 0.9532163739204407, CeTr: 0.09914398938417435, CeVa: 0.4052309989929199
Epoch: 89, AccTr: 0.9648241400718689, AccVa: 0.9473684430122375, CeTr: 0.23678168654441833, CeVa: 0.2809717059135437
Epoch: 90, AccTr: 0.979899525642395, AccVa: 0.9766082167625427, CeTr: 0.13797517120838165, CeVa: 0.08655861765146255
ENSEMBLE | Tr_Acc: 0.9949748516082764, Tr_CE: 0.021869324147701263, Va_Acc: 0.9766082167625427, Va_CE: 0.13742150366306305
Epoch: 91, AccTr: 0.9547738432884216, AccVa: 0.9473684430122375, CeTr: 0.27405160665512085, CeVa: 0.5768430829048157
Epoch: 92, AccTr: 0.9547738432884216, AccVa: 0.9415204524993896, CeTr: 0.2289084494113922, CeVa: 0.6632982492446899
Epoch: 93, AccTr: 0.9698492288589478, AccVa: 0.9590643048286438, CeTr: 0.22571608424186707, CeVa: 0.20562748610973358
ENSEMBLE | Tr_Acc: 0.9949748516082764, Tr_CE: 0.022779187187552452, Va_Acc: 0.9766082167625427, Va_CE: 0.12927787005901337
Epoch: 94, AccTr: 0.9648241400718689, AccVa: 0.9298245906829834, CeTr: 0.18553483486175537, CeVa: 0.5616507530212402
Epoch: 95, AccTr: 0.9748743772506714, AccVa: 0.9415204524993896, CeTr: 0.15217521786689758, CeVa: 0.4999939203262329
Epoch: 96, AccTr: 0.9723618030548096, AccVa: 0.9532163739204407, CeTr: 0.20277908444404602, CeVa: 0.330486923456192
ENSEMBLE | Tr_Acc: 0.9949748516082764, Tr_CE: 0.023438846692442894, Va_Acc: 0.9766082167625427, Va_CE: 0.12320958077907562
Epoch: 97, AccTr: 0.9648241400718689, AccVa: 0.9649122953414917, CeTr: 0.1977909356355667, CeVa: 0.16958846151828766
Epoch: 98, AccTr: 0.9522613286972046, AccVa: 0.9181286692619324, CeTr: 0.3308027982711792, CeVa: 0.6322762370109558
Epoch: 99, AccTr: 0.9648241400718689, AccVa: 0.9649122953414917, CeTr: 0.2386743575334549, CeVa: 0.17205463349819183
ENSEMBLE | Tr_Acc: 0.9949748516082764, Tr_CE: 0.02367543615400791, Va_Acc: 0.9824561476707458, Va_CE: 0.11871809512376785
Epoch: 100, AccTr: 0.9824120402336121, AccVa: 0.9532163739204407, CeTr: 0.07970123738050461, CeVa: 0.221051886677742
Pretrained network accuracy: 1.0
NN CONFIG
Weight-type:		binary
Layout									Layer #1: 30	Layer #2: 120	Layer #3: 2	
Activation Functions					Layer #1: bs	
Keep probabilities		Layer #0: 0.9	Layer #1: 1.0	
Flat factors							Layer #1: 1.0	Layer #2: 1.0	
Activation Noise						Layer #1: 0.0	Layer #2: 0.0	
Prior: 0.9

===================================

RUN CONFIG
Epochs: 100, Blocksize: 8

===================================

Epoch: 0, AccTr: 0.8994975090026855, AccVa: 0.8654970526695251, CeTr: 1.433395266532898, CeVa: 1.195070505142212
Epoch: 1, AccTr: 0.9396985173225403, AccVa: 0.9590643048286438, CeTr: 0.4102056920528412, CeVa: 0.3297027349472046
Epoch: 2, AccTr: 0.9648241400718689, AccVa: 0.9532163739204407, CeTr: 0.22144538164138794, CeVa: 0.4678307771682739
Epoch: 3, AccTr: 0.9623115658760071, AccVa: 0.9356725215911865, CeTr: 0.25376659631729126, CeVa: 0.44681358337402344
Epoch: 4, AccTr: 0.9648241400718689, AccVa: 0.9415204524993896, CeTr: 0.2568627893924713, CeVa: 0.36146071553230286
Epoch: 5, AccTr: 0.9572864174842834, AccVa: 0.9590643048286438, CeTr: 0.2523626387119293, CeVa: 0.4019103944301605
Epoch: 6, AccTr: 0.9597989916801453, AccVa: 0.9473684430122375, CeTr: 0.21733495593070984, CeVa: 0.40961724519729614
Epoch: 7, AccTr: 0.9547738432884216, AccVa: 0.9356725215911865, CeTr: 0.3405084013938904, CeVa: 0.42576077580451965
Epoch: 8, AccTr: 0.9572864174842834, AccVa: 0.9064327478408813, CeTr: 0.3163902759552002, CeVa: 0.681251049041748
Epoch: 9, AccTr: 0.9723618030548096, AccVa: 0.9532163739204407, CeTr: 0.14504604041576385, CeVa: 0.3927288055419922
Epoch: 10, AccTr: 0.9597989916801453, AccVa: 0.9532163739204407, CeTr: 0.3169719874858856, CeVa: 0.28967592120170593
Epoch: 11, AccTr: 0.9346733689308167, AccVa: 0.9122806787490845, CeTr: 0.462344229221344, CeVa: 0.5895913243293762
Epoch: 12, AccTr: 0.9773869514465332, AccVa: 0.9649122953414917, CeTr: 0.12955473363399506, CeVa: 0.24257533252239227
Epoch: 13, AccTr: 0.9723618030548096, AccVa: 0.9649122953414917, CeTr: 0.1593881994485855, CeVa: 0.16302838921546936
Epoch: 14, AccTr: 0.947236180305481, AccVa: 0.9356725215911865, CeTr: 0.4616560935974121, CeVa: 0.5861414074897766
Epoch: 15, AccTr: 0.9698492288589478, AccVa: 0.9532163739204407, CeTr: 0.08791030943393707, CeVa: 0.4622786343097687
Epoch: 16, AccTr: 0.9522613286972046, AccVa: 0.9122806787490845, CeTr: 0.33295735716819763, CeVa: 0.6883281469345093
Epoch: 17, AccTr: 0.9648241400718689, AccVa: 0.9298245906829834, CeTr: 0.2662114202976227, CeVa: 0.5244019031524658
Epoch: 18, AccTr: 0.9648241400718689, AccVa: 0.9356725215911865, CeTr: 0.17703981697559357, CeVa: 0.6493026614189148
Epoch: 19, AccTr: 0.9723618030548096, AccVa: 0.9415204524993896, CeTr: 0.21748286485671997, CeVa: 0.2617226541042328
Epoch: 20, AccTr: 0.9698492288589478, AccVa: 0.9649122953414917, CeTr: 0.10874839872121811, CeVa: 0.2940516173839569
Epoch: 21, AccTr: 0.9824120402336121, AccVa: 0.9473684430122375, CeTr: 0.10580721497535706, CeVa: 0.4942156672477722
Epoch: 22, AccTr: 0.9673366546630859, AccVa: 0.9473684430122375, CeTr: 0.2374792993068695, CeVa: 0.41922393441200256
Epoch: 23, AccTr: 0.9874371886253357, AccVa: 0.9122806787490845, CeTr: 0.04233256354928017, CeVa: 0.3739423155784607
Epoch: 24, AccTr: 0.9698492288589478, AccVa: 0.9473684430122375, CeTr: 0.185821071267128, CeVa: 0.5338857173919678
Epoch: 25, AccTr: 0.9497487545013428, AccVa: 0.9649122953414917, CeTr: 0.3145439028739929, CeVa: 0.3723360002040863
Epoch: 26, AccTr: 0.9698492288589478, AccVa: 0.9532163739204407, CeTr: 0.1964605748653412, CeVa: 0.40226277709007263
Epoch: 27, AccTr: 0.9698492288589478, AccVa: 0.9590643048286438, CeTr: 0.12615154683589935, CeVa: 0.21082529425621033
Epoch: 28, AccTr: 0.9572864174842834, AccVa: 0.9298245906829834, CeTr: 0.20090404152870178, CeVa: 0.6018824577331543
Epoch: 29, AccTr: 0.9723618030548096, AccVa: 0.9064327478408813, CeTr: 0.19629482924938202, CeVa: 0.6633585691452026
Epoch: 30, AccTr: 0.9773869514465332, AccVa: 0.9590643048286438, CeTr: 0.18870539963245392, CeVa: 0.4531967043876648
ENSEMBLE | Tr_Acc: 0.9773869514465332, Tr_CE: 0.18870539963245392, Va_Acc: 0.9590643048286438, Va_CE: 0.4531967043876648
Epoch: 31, AccTr: 0.9572864174842834, AccVa: 0.9415204524993896, CeTr: 0.25502583384513855, CeVa: 0.4746939241886139
Epoch: 32, AccTr: 0.9924623370170593, AccVa: 0.9590643048286438, CeTr: 0.011013131588697433, CeVa: 0.2977712154388428
Epoch: 33, AccTr: 0.9698492288589478, AccVa: 0.9356725215911865, CeTr: 0.184341698884964, CeVa: 0.6512612700462341
ENSEMBLE | Tr_Acc: 0.979899525642395, Tr_CE: 0.1507110297679901, Va_Acc: 0.9649122953414917, Va_CE: 0.38759148120880127
Epoch: 34, AccTr: 0.9547738432884216, AccVa: 0.9415204524993896, CeTr: 0.29184526205062866, CeVa: 0.35673093795776367
Epoch: 35, AccTr: 0.9723618030548096, AccVa: 0.9356725215911865, CeTr: 0.14968813955783844, CeVa: 0.7436277866363525
Epoch: 36, AccTr: 0.9924623370170593, AccVa: 0.9649122953414917, CeTr: 0.09236523509025574, CeVa: 0.21741102635860443
ENSEMBLE | Tr_Acc: 0.9849246144294739, Tr_CE: 0.0935554951429367, Va_Acc: 0.9649122953414917, Va_CE: 0.23171666264533997
Epoch: 37, AccTr: 0.9698492288589478, AccVa: 0.9239766001701355, CeTr: 0.17910856008529663, CeVa: 0.40041637420654297
Epoch: 38, AccTr: 0.9597989916801453, AccVa: 0.9590643048286438, CeTr: 0.18804876506328583, CeVa: 0.2971145808696747
Epoch: 39, AccTr: 0.9648241400718689, AccVa: 0.9356725215911865, CeTr: 0.17397937178611755, CeVa: 0.5745493769645691
ENSEMBLE | Tr_Acc: 0.9874371886253357, Tr_CE: 0.0812581330537796, Va_Acc: 0.9766082167625427, Va_CE: 0.1996060460805893
Epoch: 40, AccTr: 0.9773869514465332, AccVa: 0.9473684430122375, CeTr: 0.09129758179187775, CeVa: 0.6026248335838318
Epoch: 41, AccTr: 0.9623115658760071, AccVa: 0.9239766001701355, CeTr: 0.23992355167865753, CeVa: 0.6066076755523682
Epoch: 42, AccTr: 0.9723618030548096, AccVa: 0.9473684430122375, CeTr: 0.1835571676492691, CeVa: 0.38545817136764526
ENSEMBLE | Tr_Acc: 0.9874371886253357, Tr_CE: 0.0782952830195427, Va_Acc: 0.9766082167625427, Va_CE: 0.1817668378353119
Epoch: 43, AccTr: 0.9547738432884216, AccVa: 0.9707602262496948, CeTr: 0.3913644850254059, CeVa: 0.1400790810585022
Epoch: 44, AccTr: 0.9547738432884216, AccVa: 0.9415204524993896, CeTr: 0.3064520061016083, CeVa: 0.4803071618080139
Epoch: 45, AccTr: 0.9246231317520142, AccVa: 0.8771929740905762, CeTr: 0.6698161959648132, CeVa: 1.7699552774429321
ENSEMBLE | Tr_Acc: 0.9899497628211975, Tr_CE: 0.0788862332701683, Va_Acc: 0.9824561476707458, Va_CE: 0.17263618111610413
Epoch: 46, AccTr: 0.9648241400718689, AccVa: 0.9473684430122375, CeTr: 0.40427517890930176, CeVa: 0.5746579766273499
Epoch: 47, AccTr: 0.9522613286972046, AccVa: 0.9590643048286438, CeTr: 0.2886810302734375, CeVa: 0.40944159030914307
Epoch: 48, AccTr: 0.9824120402336121, AccVa: 0.9532163739204407, CeTr: 0.12855656445026398, CeVa: 0.4489012658596039
ENSEMBLE | Tr_Acc: 0.9924623370170593, Tr_CE: 0.07662536203861237, Va_Acc: 0.9824561476707458, Va_CE: 0.14518459141254425
Epoch: 49, AccTr: 0.9547738432884216, AccVa: 0.9415204524993896, CeTr: 0.2110668122768402, CeVa: 0.3596344590187073
Epoch: 50, AccTr: 0.9497487545013428, AccVa: 0.9473684430122375, CeTr: 0.3751029670238495, CeVa: 0.7341241836547852
Epoch: 51, AccTr: 0.9522613286972046, AccVa: 0.9473684430122375, CeTr: 0.3036627173423767, CeVa: 0.41692718863487244
ENSEMBLE | Tr_Acc: 0.9924623370170593, Tr_CE: 0.07126852869987488, Va_Acc: 0.9824561476707458, Va_CE: 0.1249300092458725
Epoch: 52, AccTr: 0.9648241400718689, AccVa: 0.9473684430122375, CeTr: 0.18564781546592712, CeVa: 0.46832025051116943
Epoch: 53, AccTr: 0.9522613286972046, AccVa: 0.9415204524993896, CeTr: 0.3226979970932007, CeVa: 0.3276757299900055
Epoch: 54, AccTr: 0.9447236061096191, AccVa: 0.9473684430122375, CeTr: 0.49282172322273254, CeVa: 0.3209766447544098
ENSEMBLE | Tr_Acc: 0.9924623370170593, Tr_CE: 0.06901244819164276, Va_Acc: 0.9824561476707458, Va_CE: 0.11381490528583527
Epoch: 55, AccTr: 0.9673366546630859, AccVa: 0.9707602262496948, CeTr: 0.2002594769001007, CeVa: 0.29692745208740234
Epoch: 56, AccTr: 0.9874371886253357, AccVa: 0.9532163739204407, CeTr: 0.07244440913200378, CeVa: 0.36995866894721985
Epoch: 57, AccTr: 0.9648241400718689, AccVa: 0.9298245906829834, CeTr: 0.24642330408096313, CeVa: 0.4987545311450958
ENSEMBLE | Tr_Acc: 0.9924623370170593, Tr_CE: 0.06481621414422989, Va_Acc: 0.9824561476707458, Va_CE: 0.12523198127746582
Epoch: 58, AccTr: 0.9773869514465332, AccVa: 0.9532163739204407, CeTr: 0.08167912811040878, CeVa: 0.3903961181640625
Epoch: 59, AccTr: 0.9723618030548096, AccVa: 0.9473684430122375, CeTr: 0.09039979428052902, CeVa: 0.5166364312171936
Epoch: 60, AccTr: 0.9723618030548096, AccVa: 0.9590643048286438, CeTr: 0.14565642178058624, CeVa: 0.18530617654323578
ENSEMBLE | Tr_Acc: 0.9924623370170593, Tr_CE: 0.06394889950752258, Va_Acc: 0.988304078578949, Va_CE: 0.12024825811386108
Epoch: 61, AccTr: 0.9597989916801453, AccVa: 0.9181286692619324, CeTr: 0.18399441242218018, CeVa: 0.48196670413017273
Epoch: 62, AccTr: 0.9924623370170593, AccVa: 0.9649122953414917, CeTr: 0.02093026228249073, CeVa: 0.26342323422431946
Epoch: 63, AccTr: 0.9346733689308167, AccVa: 0.9473684430122375, CeTr: 0.3893766403198242, CeVa: 0.34137609601020813
ENSEMBLE | Tr_Acc: 0.9924623370170593, Tr_CE: 0.05665270611643791, Va_Acc: 0.988304078578949, Va_CE: 0.12359504401683807
Epoch: 64, AccTr: 0.9623115658760071, AccVa: 0.9532163739204407, CeTr: 0.25141122937202454, CeVa: 0.33426985144615173
Epoch: 65, AccTr: 0.9623115658760071, AccVa: 0.9064327478408813, CeTr: 0.3413905203342438, CeVa: 0.705100953578949
Epoch: 66, AccTr: 0.9648241400718689, AccVa: 0.9590643048286438, CeTr: 0.19837237894535065, CeVa: 0.31050392985343933
ENSEMBLE | Tr_Acc: 0.9924623370170593, Tr_CE: 0.05787007510662079, Va_Acc: 0.988304078578949, Va_CE: 0.11712925136089325
Epoch: 67, AccTr: 0.9447236061096191, AccVa: 0.9473684430122375, CeTr: 0.46692755818367004, CeVa: 0.4388197064399719
Epoch: 68, AccTr: 0.9949748516082764, AccVa: 0.9298245906829834, CeTr: 0.010586078278720379, CeVa: 0.3486614227294922
Epoch: 69, AccTr: 0.9723618030548096, AccVa: 0.9356725215911865, CeTr: 0.18397292494773865, CeVa: 0.46519505977630615
ENSEMBLE | Tr_Acc: 0.9924623370170593, Tr_CE: 0.05840260908007622, Va_Acc: 0.988304078578949, Va_CE: 0.11926396936178207
Epoch: 70, AccTr: 0.9648241400718689, AccVa: 0.9298245906829834, CeTr: 0.15247221291065216, CeVa: 0.4644375145435333
Epoch: 71, AccTr: 0.9597989916801453, AccVa: 0.9298245906829834, CeTr: 0.18576931953430176, CeVa: 0.4767691195011139
Epoch: 72, AccTr: 0.979899525642395, AccVa: 0.9532163739204407, CeTr: 0.17705930769443512, CeVa: 0.3555072844028473
ENSEMBLE | Tr_Acc: 0.9924623370170593, Tr_CE: 0.06327220797538757, Va_Acc: 0.9824561476707458, Va_CE: 0.11433552205562592
Epoch: 73, AccTr: 0.9698492288589478, AccVa: 0.9649122953414917, CeTr: 0.17735318839550018, CeVa: 0.2663801908493042
Epoch: 74, AccTr: 0.9723618030548096, AccVa: 0.9590643048286438, CeTr: 0.21022330224514008, CeVa: 0.340402752161026
Epoch: 75, AccTr: 0.9547738432884216, AccVa: 0.9532163739204407, CeTr: 0.30548956990242004, CeVa: 0.27749761939048767
ENSEMBLE | Tr_Acc: 0.9924623370170593, Tr_CE: 0.05861757695674896, Va_Acc: 0.988304078578949, Va_CE: 0.1070653572678566
Epoch: 76, AccTr: 0.9748743772506714, AccVa: 0.9356725215911865, CeTr: 0.13509918749332428, CeVa: 0.3213772773742676
Epoch: 77, AccTr: 0.9849246144294739, AccVa: 0.9298245906829834, CeTr: 0.037065524607896805, CeVa: 0.48619917035102844
Epoch: 78, AccTr: 0.9572864174842834, AccVa: 0.9473684430122375, CeTr: 0.28787246346473694, CeVa: 0.3339681625366211
ENSEMBLE | Tr_Acc: 0.9924623370170593, Tr_CE: 0.062418922781944275, Va_Acc: 0.988304078578949, Va_CE: 0.11162373423576355
Epoch: 79, AccTr: 0.9874371886253357, AccVa: 0.9649122953414917, CeTr: 0.02110721915960312, CeVa: 0.3167969584465027
Epoch: 80, AccTr: 0.9597989916801453, AccVa: 0.9064327478408813, CeTr: 0.29482269287109375, CeVa: 0.9169686436653137
Epoch: 81, AccTr: 0.9597989916801453, AccVa: 0.9707602262496948, CeTr: 0.33686256408691406, CeVa: 0.24795877933502197
ENSEMBLE | Tr_Acc: 0.9924623370170593, Tr_CE: 0.06283119320869446, Va_Acc: 0.988304078578949, Va_CE: 0.11483780294656754
Epoch: 82, AccTr: 0.9572864174842834, AccVa: 0.9415204524993896, CeTr: 0.27096113562583923, CeVa: 0.3804117441177368
Epoch: 83, AccTr: 0.9924623370170593, AccVa: 0.9473684430122375, CeTr: 0.021301016211509705, CeVa: 0.6062898635864258
Epoch: 84, AccTr: 0.9447236061096191, AccVa: 0.9064327478408813, CeTr: 0.41926562786102295, CeVa: 0.31611743569374084
ENSEMBLE | Tr_Acc: 0.9924623370170593, Tr_CE: 0.06584970653057098, Va_Acc: 0.988304078578949, Va_CE: 0.10485281050205231
Epoch: 85, AccTr: 0.9648241400718689, AccVa: 0.9415204524993896, CeTr: 0.31548118591308594, CeVa: 0.4950718879699707
Epoch: 86, AccTr: 0.8869346976280212, AccVa: 0.9239766001701355, CeTr: 0.7654949426651001, CeVa: 0.5535788536071777
Epoch: 87, AccTr: 0.979899525642395, AccVa: 0.9356725215911865, CeTr: 0.0883500948548317, CeVa: 0.4192218780517578
ENSEMBLE | Tr_Acc: 0.9924623370170593, Tr_CE: 0.061929378658533096, Va_Acc: 0.988304078578949, Va_CE: 0.10588312149047852
Epoch: 88, AccTr: 0.9698492288589478, AccVa: 0.9590643048286438, CeTr: 0.15222813189029694, CeVa: 0.2577405571937561
Epoch: 89, AccTr: 0.9748743772506714, AccVa: 0.9590643048286438, CeTr: 0.20616008341312408, CeVa: 0.3225439190864563
Epoch: 90, AccTr: 0.9673366546630859, AccVa: 0.9415204524993896, CeTr: 0.18063586950302124, CeVa: 0.33800432085990906
ENSEMBLE | Tr_Acc: 0.9924623370170593, Tr_CE: 0.06249825656414032, Va_Acc: 0.988304078578949, Va_CE: 0.10817180573940277
Epoch: 91, AccTr: 0.9924623370170593, AccVa: 0.9649122953414917, CeTr: 0.015182850882411003, CeVa: 0.43381690979003906
Epoch: 92, AccTr: 0.9547738432884216, AccVa: 0.9298245906829834, CeTr: 0.20308811962604523, CeVa: 0.5620951652526855
Epoch: 93, AccTr: 0.9522613286972046, AccVa: 0.9064327478408813, CeTr: 0.4093115031719208, CeVa: 0.6302688121795654
ENSEMBLE | Tr_Acc: 0.9924623370170593, Tr_CE: 0.0646185427904129, Va_Acc: 0.988304078578949, Va_CE: 0.10513460636138916
Epoch: 94, AccTr: 0.9673366546630859, AccVa: 0.9298245906829834, CeTr: 0.22408442199230194, CeVa: 0.43418657779693604
Epoch: 95, AccTr: 0.9522613286972046, AccVa: 0.9298245906829834, CeTr: 0.33407697081565857, CeVa: 0.47469446063041687
Epoch: 96, AccTr: 0.9597989916801453, AccVa: 0.9649122953414917, CeTr: 0.3115216791629791, CeVa: 0.23086291551589966
ENSEMBLE | Tr_Acc: 0.9924623370170593, Tr_CE: 0.06613358855247498, Va_Acc: 0.988304078578949, Va_CE: 0.10662685334682465
Epoch: 97, AccTr: 0.9723618030548096, AccVa: 0.9532163739204407, CeTr: 0.18714475631713867, CeVa: 0.3592841923236847
Epoch: 98, AccTr: 0.9447236061096191, AccVa: 0.9356725215911865, CeTr: 0.422879695892334, CeVa: 0.6531364917755127
Epoch: 99, AccTr: 0.9648241400718689, AccVa: 0.9298245906829834, CeTr: 0.2531944811344147, CeVa: 0.5838139057159424
ENSEMBLE | Tr_Acc: 0.9924623370170593, Tr_CE: 0.06804057955741882, Va_Acc: 0.988304078578949, Va_CE: 0.10967831313610077
Epoch: 100, AccTr: 0.9673366546630859, AccVa: 0.9590643048286438, CeTr: 0.2553545832633972, CeVa: 0.24221418797969818
Mod Accuracy || Mean: 0.9532163739204407	 Std: 0.0047748154029250145
Ens Accuracy || Mean: 0.9902534484863281	 Std: 0.007293677888810635
Mod CE || Mean: 0.24526642262935638	 Std: 0.02112766169011593
Ens CE || Mean: 0.07806716114282608	 Std: 0.05123010277748108
