

config:

HOME=/clusterFS/home/student/kopp13
PATH=/clusterFS/home/student/kopp13/miniconda3/envs/tensorflow/bin:/clusterFS/home/student/kopp13/miniconda3/bin:/clusterFS/home/student/kopp13/bin:/usr/local/bin:/usr/bin:/bin:/usr/local/games:/usr/games
LD_LIBRARY_PATH=
THEANO_FLAGS=floatX=float32,gpuarray.preallocate=0.9,dnn.library_path=/usr/lib/x86_64-linux-gnu,cxx=clang++-3.8,device=cuda,base_compiledir=/tmp/tmp.eh80CJB7wC
Pretrained network accuracy: 1.0
NN CONFIG
Weight-type:		binary
Layout									Layer #1: 30	Layer #2: 20	Layer #3: 2	
Activation Functions					Layer #1: bs	
Keep probabilities		Layer #0: 0.9	Layer #1: 1.0	
Flat factors							Layer #1: 1.0	Layer #2: 1.0	
Activation Noise						Layer #1: 0.0	Layer #2: 0.0	
Prior: 0.9

===================================

RUN CONFIG
Gibbs  Epochs: 0, Blocksize: 8

===================================

Gibbs Ensemble | Burn In: 30, Thinning: 3
GA Init Pop | Burn In: 100, Thinning: 10
Recombination Method: neuron, N_Neurons: 1, Layer-Wise: True
Gen Per Layer: 10, Layer Mutation: 0.03
Max GA Generations: 200, Population Size: 5000, Fit_Individuals: 1000, N_Recombinations: 2500
GA Ensemble | Burn In: 100, Thinning: 10
Epoch: 0, AccTr: 0.9145728349685669, AccVa: 0.9064327478408813, CeTr: 0.4283910095691681, CeVa: 0.6209473609924316
Starting genetic algorithm
ga init pop len: 0
Generation: 0
TrAcc: 0.4436408579349518 +- 0.0963272973895073	TrCE: 2.134636878967285 +- 0.6762903332710266
VaAcc: 0.43972206115722656 +- 0.09365938603878021	Va_CE: 2.2607123851776123 +- 0.7153381109237671
Ancestors: 0.0 +- 0.0
pop len 5000
Best Individual | TrAcc: 0.8366833925247192, TrCE: 0.5035824179649353, VaAcc: 0.8304093480110168, VaCE: 0.48745325207710266
Generation: 1
TrAcc: 0.5608775019645691 +- 0.07921978086233139	TrCE: 1.3252729177474976 +- 0.26189154386520386
VaAcc: 0.5521392822265625 +- 0.07930814474821091	Va_CE: 1.4117469787597656 +- 0.3138697147369385
Ancestors: 1.0 +- 0.0
pop len 5000
Best Individual | TrAcc: 0.786432147026062, TrCE: 0.4885312616825104, VaAcc: 0.7602339386940002, VaCE: 0.5043985843658447
Generation: 2
TrAcc: 0.6405627727508545 +- 0.07984066754579544	TrCE: 0.9739070534706116 +- 0.1979672759771347
VaAcc: 0.6308854818344116 +- 0.0813387781381607	Va_CE: 1.0360124111175537 +- 0.24738796055316925
Ancestors: 2.0 +- 0.0
pop len 5000
Best Individual | TrAcc: 0.7638190984725952, TrCE: 0.43367448449134827, VaAcc: 0.7719298005104065, VaCE: 0.3632180094718933
Generation: 3
TrAcc: 0.7098332643508911 +- 0.07950319349765778	TrCE: 0.7342987060546875 +- 0.14960762858390808
VaAcc: 0.6980770230293274 +- 0.08077703416347504	Va_CE: 0.7736375331878662 +- 0.1975010633468628
Ancestors: 3.0 +- 0.0
pop len 5000
Best Individual | TrAcc: 0.7964823842048645, TrCE: 0.3239603042602539, VaAcc: 0.8421052694320679, VaCE: 0.29550889134407043
Generation: 4
TrAcc: 0.7438209652900696 +- 0.09937861561775208	TrCE: 0.5768447518348694 +- 0.10341878235340118
VaAcc: 0.7367917895317078 +- 0.10187388956546783	Va_CE: 0.587988018989563 +- 0.1378200352191925
Ancestors: 4.0 +- 0.0
pop len 5000
Best Individual | TrAcc: 0.909547746181488, TrCE: 0.3145900368690491, VaAcc: 0.8654970526695251, VaCE: 0.3988863527774811
Generation: 5
TrAcc: 0.804344654083252 +- 0.06344017386436462	TrCE: 0.4939744770526886 +- 0.07706140726804733
VaAcc: 0.7982092499732971 +- 0.06723444908857346	Va_CE: 0.5046696066856384 +- 0.11711829155683517
Ancestors: 5.0 +- 0.0
pop len 5000
Best Individual | TrAcc: 0.9221105575561523, TrCE: 0.27475452423095703, VaAcc: 0.8771929740905762, VaCE: 0.3841758072376251
Generation: 6
TrAcc: 0.8197593688964844 +- 0.0636550784111023	TrCE: 0.43391552567481995 +- 0.06895364820957184
VaAcc: 0.818870484828949 +- 0.06365714967250824	Va_CE: 0.44315648078918457 +- 0.10906805098056793
Ancestors: 6.0 +- 0.0
pop len 5000
Best Individual | TrAcc: 0.9497487545013428, TrCE: 0.21154552698135376, VaAcc: 0.9064327478408813, VaCE: 0.35606148838996887
Generation: 7
TrAcc: 0.8460335731506348 +- 0.05905565991997719	TrCE: 0.37973088026046753 +- 0.060053858906030655
VaAcc: 0.8392707109451294 +- 0.056290652602910995	Va_CE: 0.4112541973590851 +- 0.09753944724798203
Ancestors: 7.0 +- 0.0
pop len 5000
Best Individual | TrAcc: 0.9045225977897644, TrCE: 0.19339583814144135, VaAcc: 0.8538011908531189, VaCE: 0.3558412194252014
Generation: 8
TrAcc: 0.8532930612564087 +- 0.061831481754779816	TrCE: 0.33469823002815247 +- 0.05649277940392494
VaAcc: 0.8473415970802307 +- 0.04758588969707489	Va_CE: 0.3809840977191925 +- 0.09202931076288223
Ancestors: 8.0 +- 0.0
pop len 5000
Best Individual | TrAcc: 0.9045225977897644, TrCE: 0.19339583814144135, VaAcc: 0.8538011908531189, VaCE: 0.3558412194252014
Generation: 9
TrAcc: 0.8827718496322632 +- 0.046570759266614914	TrCE: 0.29663437604904175 +- 0.04763199761509895
VaAcc: 0.8694474697113037 +- 0.04068567231297493	Va_CE: 0.3559734523296356 +- 0.07832696288824081
Ancestors: 9.0 +- 0.0
pop len 5000
Best Individual | TrAcc: 0.9572864174842834, TrCE: 0.16500312089920044, VaAcc: 0.9239766001701355, VaCE: 0.2688050866127014
current_layer 0
Generation: 10
TrAcc: 0.8137539029121399 +- 0.075513556599617	TrCE: 0.5026081800460815 +- 0.21651697158813477
VaAcc: 0.8105254173278809 +- 0.07758060842752457	Va_CE: 0.5185138583183289 +- 0.2384147047996521
Ancestors: 10.0 +- 0.0
pop len 5000
Best Individual | TrAcc: 0.9522613286972046, TrCE: 0.1972084939479828, VaAcc: 0.9298245906829834, VaCE: 0.2266860157251358
Generation: 11
TrAcc: 0.8653963804244995 +- 0.03767991438508034	TrCE: 0.30582693219184875 +- 0.03690198063850403
VaAcc: 0.8627055883407593 +- 0.03681163117289543	Va_CE: 0.32956042885780334 +- 0.06816037744283676
Ancestors: 11.0 +- 0.0
pop len 5000
Best Individual | TrAcc: 0.9597989916801453, TrCE: 0.18648020923137665, VaAcc: 0.9532163739204407, VaCE: 0.21758098900318146
Generation: 12
TrAcc: 0.8777256011962891 +- 0.03397882357239723	TrCE: 0.2582643926143646 +- 0.0246860533952713
VaAcc: 0.8761638402938843 +- 0.030307797715067863	Va_CE: 0.2870647609233856 +- 0.052752554416656494
Ancestors: 12.0 +- 0.0
pop len 5000
Best Individual | TrAcc: 0.9673366546630859, TrCE: 0.155068039894104, VaAcc: 0.9415204524993896, VaCE: 0.20896407961845398
Generation: 13
TrAcc: 0.8916264772415161 +- 0.03341801464557648	TrCE: 0.2300615906715393 +- 0.020441925153136253
VaAcc: 0.8880486488342285 +- 0.02967587672173977	Va_CE: 0.2725052237510681 +- 0.04928506538271904
Ancestors: 13.0 +- 0.0
pop len 5000
Best Individual | TrAcc: 0.9673366546630859, TrCE: 0.155068039894104, VaAcc: 0.9415204524993896, VaCE: 0.20896407961845398
Generation: 14
TrAcc: 0.8994377851486206 +- 0.032954610884189606	TrCE: 0.2067679464817047 +- 0.01741390861570835
VaAcc: 0.8970261812210083 +- 0.03237003833055496	Va_CE: 0.24620534479618073 +- 0.04435156658291817
Ancestors: 14.0 +- 0.0
pop len 5000
Best Individual | TrAcc: 0.9120603203773499, TrCE: 0.14956054091453552, VaAcc: 0.871345043182373, VaCE: 0.2722122073173523
Generation: 15
TrAcc: 0.9263898730278015 +- 0.034304179251194	TrCE: 0.18990091979503632 +- 0.01711946912109852
VaAcc: 0.915346086025238 +- 0.032157864421606064	Va_CE: 0.24131770431995392 +- 0.03611258417367935
Ancestors: 15.0 +- 0.0
pop len 5000
Best Individual | TrAcc: 0.9145728349685669, TrCE: 0.14426757395267487, VaAcc: 0.8771929740905762, VaCE: 0.2894848883152008
Generation: 16
TrAcc: 0.9276742935180664 +- 0.031986117362976074	TrCE: 0.17276449501514435 +- 0.013573975302278996
VaAcc: 0.9082912802696228 +- 0.031731199473142624	Va_CE: 0.24417556822299957 +- 0.03909110277891159
Ancestors: 16.0 +- 0.0
pop len 5000
Best Individual | TrAcc: 0.9748743772506714, TrCE: 0.13834035396575928, VaAcc: 0.9415204524993896, VaCE: 0.2012934386730194
Generation: 17
TrAcc: 0.9376792907714844 +- 0.03226475045084953	TrCE: 0.16165822744369507 +- 0.011680284515023232
VaAcc: 0.9187999963760376 +- 0.02893250063061714	Va_CE: 0.23025624454021454 +- 0.0353388786315918
Ancestors: 17.0 +- 0.0
pop len 5000
Best Individual | TrAcc: 0.9723618030548096, TrCE: 0.13516865670681, VaAcc: 0.9415204524993896, VaCE: 0.2621020972728729
Generation: 18
TrAcc: 0.9480023384094238 +- 0.027122825384140015	TrCE: 0.15487705171108246 +- 0.01032970193773508
VaAcc: 0.923424243927002 +- 0.0282133799046278	Va_CE: 0.2269236296415329 +- 0.033915925770998
Ancestors: 18.0 +- 0.0
pop len 5000
Best Individual | TrAcc: 0.9673366546630859, TrCE: 0.13232123851776123, VaAcc: 0.9532163739204407, VaCE: 0.1428557187318802
Generation: 19
TrAcc: 0.9427228569984436 +- 0.028462626039981842	TrCE: 0.14900031685829163 +- 0.009649951010942459
VaAcc: 0.9177180528640747 +- 0.03227825462818146	Va_CE: 0.234237402677536 +- 0.04170571267604828
Ancestors: 19.0 +- 0.0
pop len 5000
Best Individual | TrAcc: 0.9673366546630859, TrCE: 0.13232123851776123, VaAcc: 0.9532163739204407, VaCE: 0.1428557187318802
current_layer 0
Generation: 20
TrAcc: 0.8928291201591492 +- 0.04893922060728073	TrCE: 0.33994290232658386 +- 0.12464166432619095
VaAcc: 0.8971332907676697 +- 0.04879837483167648	Va_CE: 0.3140578269958496 +- 0.12796907126903534
Ancestors: 20.0 +- 0.0
pop len 5000
Best Individual | TrAcc: 0.9698492288589478, TrCE: 0.1430635303258896, VaAcc: 0.9532163739204407, VaCE: 0.18308135867118835
Generation: 21
TrAcc: 0.935355007648468 +- 0.028293384239077568	TrCE: 0.2107110321521759 +- 0.028385911136865616
VaAcc: 0.9295991063117981 +- 0.02829052321612835	Va_CE: 0.2203809767961502 +- 0.052727699279785156
Ancestors: 21.0 +- 0.0
pop len 5000
Best Individual | TrAcc: 0.9723618030548096, TrCE: 0.13343065977096558, VaAcc: 0.9649122953414917, VaCE: 0.20446857810020447
Generation: 22
TrAcc: 0.9556821584701538 +- 0.01769660785794258	TrCE: 0.17296122014522552 +- 0.015873601660132408
VaAcc: 0.943520724773407 +- 0.019541097804903984	Va_CE: 0.19661574065685272 +- 0.04061506688594818
Ancestors: 22.0 +- 0.0
pop len 5000
Best Individual | TrAcc: 0.9723618030548096, TrCE: 0.12416525930166245, VaAcc: 0.9473684430122375, VaCE: 0.2023274451494217
Generation: 23
TrAcc: 0.9654405117034912 +- 0.011974945664405823	TrCE: 0.15334953367710114 +- 0.010903507471084595
VaAcc: 0.9490029215812683 +- 0.015273181721568108	Va_CE: 0.18858180940151215 +- 0.03677927330136299
Ancestors: 23.0 +- 0.0
pop len 5000
Best Individual | TrAcc: 0.9824120402336121, TrCE: 0.11472407728433609, VaAcc: 0.9532163739204407, VaCE: 0.16955794394016266
Generation: 24
TrAcc: 0.9702908992767334 +- 0.010856893844902515	TrCE: 0.14213800430297852 +- 0.009778463281691074
VaAcc: 0.950721025466919 +- 0.012159544043242931	Va_CE: 0.19305278360843658 +- 0.024227552115917206
Ancestors: 24.0 +- 0.0
pop len 5000
Best Individual | TrAcc: 0.979899525642395, TrCE: 0.11365237087011337, VaAcc: 0.9532163739204407, VaCE: 0.17876991629600525
Generation: 25
TrAcc: 0.9728848338127136 +- 0.007299057208001614	TrCE: 0.13346004486083984 +- 0.0070742396637797356
VaAcc: 0.9541771411895752 +- 0.010178899392485619	Va_CE: 0.20012888312339783 +- 0.019641583785414696
Ancestors: 25.0 +- 0.0
pop len 5000
Best Individual | TrAcc: 0.979899525642395, TrCE: 0.11365234851837158, VaAcc: 0.9532163739204407, VaCE: 0.17876991629600525
Generation: 26
TrAcc: 0.9730910062789917 +- 0.010043065063655376	TrCE: 0.1286967694759369 +- 0.008168855682015419
VaAcc: 0.952903151512146 +- 0.011242043226957321	Va_CE: 0.19585579633712769 +- 0.01957753859460354
Ancestors: 26.0 +- 0.0
pop len 5000
Best Individual | TrAcc: 0.979899525642395, TrCE: 0.1111774742603302, VaAcc: 0.9473684430122375, VaCE: 0.22668752074241638
Generation: 27
TrAcc: 0.9756457209587097 +- 0.004525704775005579	TrCE: 0.12189262360334396 +- 0.006965007167309523
VaAcc: 0.9541811347007751 +- 0.006072918884456158	Va_CE: 0.20530353486537933 +- 0.021283719688653946
Ancestors: 27.0 +- 0.0
pop len 5000
Best Individual | TrAcc: 0.9824120402336121, TrCE: 0.10374271124601364, VaAcc: 0.9707602262496948, VaCE: 0.1887843906879425
Generation: 28
TrAcc: 0.9794839024543762 +- 0.005404421593993902	TrCE: 0.11613611876964569 +- 0.00650216918438673
VaAcc: 0.9543433785438538 +- 0.005497867241501808	Va_CE: 0.18687132000923157 +- 0.023218879476189613
Ancestors: 28.0 +- 0.0
pop len 5000
Best Individual | TrAcc: 0.9824120402336121, TrCE: 0.10374271124601364, VaAcc: 0.9707602262496948, VaCE: 0.1887843906879425
Generation: 29
TrAcc: 0.979539155960083 +- 0.004533458035439253	TrCE: 0.1135409027338028 +- 0.006133518181741238
VaAcc: 0.9518646597862244 +- 0.00659031979739666	Va_CE: 0.19031734764575958 +- 0.02207406796514988
Ancestors: 29.0 +- 0.0
pop len 5000
Best Individual | TrAcc: 0.9824120402336121, TrCE: 0.10347349941730499, VaAcc: 0.9707602262496948, VaCE: 0.19510117173194885
current_layer 0
Generation: 30
TrAcc: 0.9041032195091248 +- 0.0474075973033905	TrCE: 0.29344919323921204 +- 0.113429956138134
VaAcc: 0.9033982157707214 +- 0.0485415905714035	Va_CE: 0.29518061876296997 +- 0.1255645602941513
Ancestors: 30.0 +- 0.0
pop len 5000
Best Individual | TrAcc: 0.9824120402336121, TrCE: 0.10883631557226181, VaAcc: 0.9590643048286438, VaCE: 0.1575784683227539
Generation: 31
TrAcc: 0.9453034400939941 +- 0.028866063803434372	TrCE: 0.1771857589483261 +- 0.027009019628167152
VaAcc: 0.9364792108535767 +- 0.027679570019245148	Va_CE: 0.20428702235221863 +- 0.0492263101041317
Ancestors: 31.0 +- 0.0
pop len 5000
Best Individual | TrAcc: 0.9849246144294739, TrCE: 0.10223648697137833, VaAcc: 0.9649122953414917, VaCE: 0.16331042349338531
Generation: 32
TrAcc: 0.9681710004806519 +- 0.015520044602453709	TrCE: 0.1401069611310959 +- 0.015146770514547825
VaAcc: 0.9536571502685547 +- 0.01646982878446579	Va_CE: 0.17630089819431305 +- 0.03805456683039665
Ancestors: 32.0 +- 0.0
pop len 5000
Best Individual | TrAcc: 0.9849246144294739, TrCE: 0.10223648697137833, VaAcc: 0.9649122953414917, VaCE: 0.16331042349338531
Generation: 33
TrAcc: 0.9781719446182251 +- 0.005429455544799566	TrCE: 0.1205390989780426 +- 0.008747193962335587
VaAcc: 0.9579830765724182 +- 0.008817650377750397	Va_CE: 0.16674214601516724 +- 0.026757292449474335
Ancestors: 33.0 +- 0.0
pop len 5000
Best Individual | TrAcc: 0.9824120402336121, TrCE: 0.09987005591392517, VaAcc: 0.9590643048286438, VaCE: 0.16649043560028076
Generation: 34
TrAcc: 0.9815583825111389 +- 0.004858889151364565	TrCE: 0.11095700412988663 +- 0.005769253708422184
VaAcc: 0.9607529044151306 +- 0.006617230828851461	Va_CE: 0.1624656766653061 +- 0.02192874811589718
Ancestors: 34.0 +- 0.0
pop len 5000
Best Individual | TrAcc: 0.9849246144294739, TrCE: 0.09236058592796326, VaAcc: 0.9649122953414917, VaCE: 0.18449346721172333
Generation: 35
TrAcc: 0.9822344779968262 +- 0.00442784046754241	TrCE: 0.1082342192530632 +- 0.005647458601742983
VaAcc: 0.9599310755729675 +- 0.006077541969716549	Va_CE: 0.1642775982618332 +- 0.01934938319027424
Ancestors: 35.0 +- 0.0
pop len 5000
Best Individual | TrAcc: 0.9849246144294739, TrCE: 0.09236057102680206, VaAcc: 0.9649122953414917, VaCE: 0.18449346721172333
Generation: 36
TrAcc: 0.9824621081352234 +- 0.006800809875130653	TrCE: 0.10595584660768509 +- 0.007093482650816441
VaAcc: 0.9608243107795715 +- 0.008893768303096294	Va_CE: 0.17005835473537445 +- 0.025002984330058098
Ancestors: 36.0 +- 0.0
pop len 5000
Best Individual | TrAcc: 0.9849246144294739, TrCE: 0.09236057102680206, VaAcc: 0.9649122953414917, VaCE: 0.18449346721172333
Generation: 37
TrAcc: 0.983896791934967 +- 0.005835016258060932	TrCE: 0.1026463657617569 +- 0.006402917671948671
VaAcc: 0.9609254002571106 +- 0.007634591311216354	Va_CE: 0.16505610942840576 +- 0.01313507929444313
Ancestors: 37.0 +- 0.0
pop len 5000
Best Individual | TrAcc: 0.9849246144294739, TrCE: 0.09024083614349365, VaAcc: 0.9649122953414917, VaCE: 0.15544752776622772
Generation: 38
TrAcc: 0.9833999276161194 +- 0.005981696769595146	TrCE: 0.10011246055364609 +- 0.0077342200092971325
VaAcc: 0.9581989049911499 +- 0.006653599441051483	Va_CE: 0.16897813975811005 +- 0.016418807208538055
Ancestors: 38.0 +- 0.0
pop len 5000
Best Individual | TrAcc: 0.9874371886253357, TrCE: 0.0887092798948288, VaAcc: 0.9473684430122375, VaCE: 0.16442164778709412
Generation: 39
TrAcc: 0.9844483137130737 +- 0.005365286488085985	TrCE: 0.09522301703691483 +- 0.007317916490137577
VaAcc: 0.9611980319023132 +- 0.007862855680286884	Va_CE: 0.17939774692058563 +- 0.020489361137151718
Ancestors: 39.0 +- 0.0
pop len 5000
Best Individual | TrAcc: 0.9899497628211975, TrCE: 0.08270712941884995, VaAcc: 0.9473684430122375, VaCE: 0.1998029500246048
current_layer 0
Generation: 40
TrAcc: 0.8924344778060913 +- 0.05709366127848625	TrCE: 0.30778878927230835 +- 0.13816069066524506
VaAcc: 0.8813560605049133 +- 0.054570768028497696	Va_CE: 0.36283931136131287 +- 0.15118975937366486
Ancestors: 40.0 +- 0.0
pop len 5000
Best Individual | TrAcc: 0.9849246144294739, TrCE: 0.09132411330938339, VaAcc: 0.9590643048286438, VaCE: 0.19421863555908203
Generation: 41
TrAcc: 0.9445536136627197 +- 0.029233284294605255	TrCE: 0.17260468006134033 +- 0.03234236314892769
VaAcc: 0.9229502081871033 +- 0.028587859123945236	Va_CE: 0.24955172836780548 +- 0.058360494673252106
Ancestors: 41.0 +- 0.0
pop len 5000
Best Individual | TrAcc: 0.9849246144294739, TrCE: 0.08872193843126297, VaAcc: 0.9590643048286438, VaCE: 0.19406236708164215
Generation: 42
TrAcc: 0.9680951237678528 +- 0.016165712848305702	TrCE: 0.12864485383033752 +- 0.017834393307566643
VaAcc: 0.9404128193855286 +- 0.019333910197019577	Va_CE: 0.21612903475761414 +- 0.045915476977825165
Ancestors: 42.0 +- 0.0
pop len 5000
Best Individual | TrAcc: 0.9899497628211975, TrCE: 0.08213324099779129, VaAcc: 0.9532163739204407, VaCE: 0.2014898806810379
Generation: 43
TrAcc: 0.9797764420509338 +- 0.007410325575619936	TrCE: 0.10471346229314804 +- 0.010361920110881329
VaAcc: 0.9516419768333435 +- 0.011194320395588875	Va_CE: 0.19931966066360474 +- 0.0342516154050827
Ancestors: 43.0 +- 0.0
pop len 5000
Best Individual | TrAcc: 0.9899497628211975, TrCE: 0.08183091133832932, VaAcc: 0.9415204524993896, VaCE: 0.20949521660804749
Generation: 44
TrAcc: 0.9843783378601074 +- 0.005370710976421833	TrCE: 0.09290902316570282 +- 0.006853700149804354
VaAcc: 0.9564415812492371 +- 0.005951806902885437	Va_CE: 0.19729022681713104 +- 0.015186440199613571
Ancestors: 44.0 +- 0.0
pop len 5000
Best Individual | TrAcc: 0.9899497628211975, TrCE: 0.08004774898290634, VaAcc: 0.9473684430122375, VaCE: 0.21720387041568756
Generation: 45
TrAcc: 0.9853715896606445 +- 0.005519330967217684	TrCE: 0.09008483588695526 +- 0.006652229465544224
VaAcc: 0.956434965133667 +- 0.006110906135290861	Va_CE: 0.194654643535614 +- 0.017409801483154297
Ancestors: 45.0 +- 0.0
pop len 5000
Best Individual | TrAcc: 0.9899497628211975, TrCE: 0.07978438585996628, VaAcc: 0.9532163739204407, VaCE: 0.19881479442119598
Generation: 46
TrAcc: 0.9880476593971252 +- 0.004977517295628786	TrCE: 0.0855524018406868 +- 0.006868044380098581
VaAcc: 0.9535495042800903 +- 0.007215698249638081	Va_CE: 0.19730044901371002 +- 0.022201567888259888
Ancestors: 46.0 +- 0.0
pop len 5000
Best Individual | TrAcc: 0.9949748516082764, TrCE: 0.07043546438217163, VaAcc: 0.9415204524993896, VaCE: 0.23194235563278198
Generation: 47
TrAcc: 0.9893754124641418 +- 0.006277600768953562	TrCE: 0.08267272263765335 +- 0.006830383557826281
VaAcc: 0.9491938352584839 +- 0.007780714426189661	Va_CE: 0.20322994887828827 +- 0.01313718594610691
Ancestors: 47.0 +- 0.0
pop len 5000
Best Individual | TrAcc: 0.9949748516082764, TrCE: 0.07043546438217163, VaAcc: 0.9415204524993896, VaCE: 0.23194235563278198
Generation: 48
TrAcc: 0.9901893734931946 +- 0.00407903827726841	TrCE: 0.08096478134393692 +- 0.005946386139839888
VaAcc: 0.9485251903533936 +- 0.008301165886223316	Va_CE: 0.2007388323545456 +- 0.02314419113099575
Ancestors: 48.0 +- 0.0
pop len 5000
Best Individual | TrAcc: 0.9974874258041382, TrCE: 0.06583020091056824, VaAcc: 0.9356725215911865, VaCE: 0.23821207880973816
Generation: 49
TrAcc: 0.9918390512466431 +- 0.007058415561914444	TrCE: 0.07851812988519669 +- 0.007951727136969566
VaAcc: 0.9374412894248962 +- 0.0073030125349760056	Va_CE: 0.21835878491401672 +- 0.01193132996559143
Ancestors: 49.0 +- 0.0
pop len 5000
Best Individual | TrAcc: 0.9974874258041382, TrCE: 0.06583019345998764, VaAcc: 0.9356725215911865, VaCE: 0.23821207880973816
current_layer 0
Generation: 50
TrAcc: 0.8858618140220642 +- 0.06330706924200058	TrCE: 0.31277793645858765 +- 0.15330366790294647
VaAcc: 0.8688169121742249 +- 0.06037841737270355	Va_CE: 0.3953773081302643 +- 0.17003318667411804
Ancestors: 50.0 +- 0.0
pop len 5000
Best Individual | TrAcc: 0.9974874258041382, TrCE: 0.06319840997457504, VaAcc: 0.9356725215911865, VaCE: 0.23642368614673615
Generation: 51
TrAcc: 0.9437211751937866 +- 0.031937871128320694	TrCE: 0.16500122845172882 +- 0.034200116991996765
VaAcc: 0.9135814309120178 +- 0.030614368617534637	Va_CE: 0.27079102396965027 +- 0.05784003809094429
Ancestors: 51.0 +- 0.0
pop len 5000
Best Individual | TrAcc: 0.9974874258041382, TrCE: 0.06319840252399445, VaAcc: 0.9356725215911865, VaCE: 0.23642368614673615
Generation: 52
TrAcc: 0.9722819328308105 +- 0.01656501740217209	TrCE: 0.11871053278446198 +- 0.020672021433711052
VaAcc: 0.9310688376426697 +- 0.01860334537923336	Va_CE: 0.24049533903598785 +- 0.0429699569940567
Ancestors: 52.0 +- 0.0
pop len 5000
Best Individual | TrAcc: 0.9974874258041382, TrCE: 0.06319840252399445, VaAcc: 0.9356725215911865, VaCE: 0.23642368614673615
Generation: 53
TrAcc: 0.9856503009796143 +- 0.009814104065299034	TrCE: 0.09099609404802322 +- 0.014113850891590118
VaAcc: 0.9389495849609375 +- 0.012465615756809711	Va_CE: 0.2280862033367157 +- 0.03369471803307533
Ancestors: 53.0 +- 0.0
pop len 5000
Best Individual | TrAcc: 0.9974874258041382, TrCE: 0.06319840252399445, VaAcc: 0.9356725215911865, VaCE: 0.23642368614673615
Generation: 54
TrAcc: 0.9933255910873413 +- 0.007223100401461124	TrCE: 0.07334892451763153 +- 0.008359097875654697
VaAcc: 0.9387869834899902 +- 0.008768429979681969	Va_CE: 0.23162543773651123 +- 0.02258681133389473
Ancestors: 54.0 +- 0.0
pop len 5000
Best Individual | TrAcc: 0.9974874258041382, TrCE: 0.06304589658975601, VaAcc: 0.9415204524993896, VaCE: 0.2253146916627884
Generation: 55
TrAcc: 0.9952319264411926 +- 0.006257403641939163	TrCE: 0.06816603988409042 +- 0.007166783791035414
VaAcc: 0.9394182562828064 +- 0.006264126393944025	Va_CE: 0.2253984659910202 +- 0.018114959821105003
Ancestors: 55.0 +- 0.0
pop len 5000
Best Individual | TrAcc: 0.9974874258041382, TrCE: 0.06304588168859482, VaAcc: 0.9415204524993896, VaCE: 0.2253146916627884
Generation: 56
TrAcc: 0.9969777464866638 +- 0.0054410952143371105	TrCE: 0.06400968879461288 +- 0.006152699235826731
VaAcc: 0.9355710744857788 +- 0.003684248309582472	Va_CE: 0.23667524755001068 +- 0.006000107619911432
Ancestors: 56.0 +- 0.0
pop len 5000
Best Individual | TrAcc: 0.9974874258041382, TrCE: 0.06304588168859482, VaAcc: 0.9415204524993896, VaCE: 0.2253146916627884
Generation: 57
TrAcc: 0.9969334006309509 +- 0.00536970654502511	TrCE: 0.06399840861558914 +- 0.006214642897248268
VaAcc: 0.9357618093490601 +- 0.0041963448747992516	Va_CE: 0.23629389703273773 +- 0.0067251198925077915
Ancestors: 57.0 +- 0.0
pop len 5000
Best Individual | TrAcc: 0.9974874258041382, TrCE: 0.06304588168859482, VaAcc: 0.9415204524993896, VaCE: 0.22531472146511078
Generation: 58
TrAcc: 0.9967198967933655 +- 0.004472332075238228	TrCE: 0.06387359648942947 +- 0.005716457962989807
VaAcc: 0.9371334910392761 +- 0.004108056891709566	Va_CE: 0.23390568792819977 +- 0.007713021710515022
Ancestors: 58.0 +- 0.0
pop len 5000
Best Individual | TrAcc: 0.9899497628211975, TrCE: 0.06290585547685623, VaAcc: 0.9473684430122375, VaCE: 0.22089974582195282
Generation: 59
TrAcc: 0.9954047799110413 +- 0.0059339809231460094	TrCE: 0.0638585239648819 +- 0.006208795588463545
VaAcc: 0.9423193335533142 +- 0.0046647959388792515	Va_CE: 0.22445571422576904 +- 0.007376425433903933
Ancestors: 59.0 +- 0.0
pop len 5000
Best Individual | TrAcc: 0.9974874258041382, TrCE: 0.06220938637852669, VaAcc: 0.9649122953414917, VaCE: 0.16546028852462769
current_layer 0
Generation: 60
TrAcc: 0.9069816470146179 +- 0.04967961832880974	TrCE: 0.2669866979122162 +- 0.12063509970903397
VaAcc: 0.8892523646354675 +- 0.04835057258605957	Va_CE: 0.3529866337776184 +- 0.13517983257770538
Ancestors: 60.0 +- 0.0
pop len 5000
Best Individual | TrAcc: 0.9899497628211975, TrCE: 0.06290585547685623, VaAcc: 0.9473684430122375, VaCE: 0.22089973092079163
Generation: 61
TrAcc: 0.952199399471283 +- 0.02650250494480133	TrCE: 0.14633972942829132 +- 0.030844977125525475
VaAcc: 0.9220482707023621 +- 0.0301503986120224	Va_CE: 0.26193344593048096 +- 0.05652832239866257
Ancestors: 61.0 +- 0.0
pop len 5000
Best Individual | TrAcc: 0.9924623370170593, TrCE: 0.062179382890462875, VaAcc: 0.9356725215911865, VaCE: 0.21441179513931274
Generation: 62
TrAcc: 0.9744495153427124 +- 0.0153048662468791	TrCE: 0.1041923239827156 +- 0.018406322225928307
VaAcc: 0.9372311234474182 +- 0.02054537460207939	Va_CE: 0.23662106692790985 +- 0.040569137781858444
Ancestors: 62.0 +- 0.0
pop len 5000
Best Individual | TrAcc: 0.9924623370170593, TrCE: 0.062179382890462875, VaAcc: 0.9356725215911865, VaCE: 0.21441179513931274
Generation: 63
TrAcc: 0.985703706741333 +- 0.0059338463470339775	TrCE: 0.07964621484279633 +- 0.011188207194209099
VaAcc: 0.9438907504081726 +- 0.01205973420292139	Va_CE: 0.2266494184732437 +- 0.02578822337090969
Ancestors: 63.0 +- 0.0
pop len 5000
Best Individual | TrAcc: 0.9949748516082764, TrCE: 0.054483529180288315, VaAcc: 0.9473684430122375, VaCE: 0.22327092289924622
Generation: 64
TrAcc: 0.9889158010482788 +- 0.004960511811077595	TrCE: 0.06649702787399292 +- 0.007441162131726742
VaAcc: 0.9433761835098267 +- 0.008879418484866619	Va_CE: 0.22773483395576477 +- 0.0159552413970232
Ancestors: 64.0 +- 0.0
pop len 5000
Best Individual | TrAcc: 0.9949748516082764, TrCE: 0.054483529180288315, VaAcc: 0.9473684430122375, VaCE: 0.22327092289924622
Generation: 65
TrAcc: 0.9898562431335449 +- 0.004197657573968172	TrCE: 0.0633457750082016 +- 0.0064470176585018635
VaAcc: 0.9447827339172363 +- 0.006537017412483692	Va_CE: 0.22099797427654266 +- 0.009249175898730755
Ancestors: 65.0 +- 0.0
pop len 5000
Best Individual | TrAcc: 0.9949748516082764, TrCE: 0.05448351800441742, VaAcc: 0.9473684430122375, VaCE: 0.22327087819576263
Generation: 66
TrAcc: 0.9910821318626404 +- 0.00490303011611104	TrCE: 0.06169065460562706 +- 0.006948118098080158
VaAcc: 0.940169632434845 +- 0.008259067311882973	Va_CE: 0.21948988735675812 +- 0.01621384359896183
Ancestors: 66.0 +- 0.0
pop len 5000
Best Individual | TrAcc: 0.9949748516082764, TrCE: 0.05392414703965187, VaAcc: 0.9356725215911865, VaCE: 0.2506174147129059
Generation: 67
TrAcc: 0.992057204246521 +- 0.004579263739287853	TrCE: 0.05737076327204704 +- 0.0061218757182359695
VaAcc: 0.9456200003623962 +- 0.006163562647998333	Va_CE: 0.22310027480125427 +- 0.017088526859879494
Ancestors: 67.0 +- 0.0
pop len 5000
Best Individual | TrAcc: 0.9949748516082764, TrCE: 0.05392414703965187, VaAcc: 0.9356725215911865, VaCE: 0.2506174147129059
Generation: 68
TrAcc: 0.9921822547912598 +- 0.004828534089028835	TrCE: 0.056833747774362564 +- 0.006400340236723423
VaAcc: 0.9485306739807129 +- 0.00590596254914999	Va_CE: 0.2108844667673111 +- 0.01825873740017414
Ancestors: 68.0 +- 0.0
pop len 5000
Best Individual | TrAcc: 0.9949748516082764, TrCE: 0.05203383043408394, VaAcc: 0.9590643048286438, VaCE: 0.2046971619129181
Generation: 69
TrAcc: 0.9931297898292542 +- 0.003570327302441001	TrCE: 0.05629659444093704 +- 0.005995988380163908
VaAcc: 0.9491915106773376 +- 0.005876827519387007	Va_CE: 0.20285877585411072 +- 0.024719363078475
Ancestors: 69.0 +- 0.0
pop len 5000
Best Individual | TrAcc: 0.9949748516082764, TrCE: 0.05203383043408394, VaAcc: 0.9590643048286438, VaCE: 0.2046971619129181
current_layer 0
Generation: 70
TrAcc: 0.9171381592750549 +- 0.047134704887866974	TrCE: 0.24504390358924866 +- 0.11646115779876709
VaAcc: 0.8940882682800293 +- 0.04616500809788704	Va_CE: 0.3414548337459564 +- 0.127420574426651
Ancestors: 70.0 +- 0.0
pop len 5000
Best Individual | TrAcc: 0.9949748516082764, TrCE: 0.05448351800441742, VaAcc: 0.9473684430122375, VaCE: 0.22327087819576263
Generation: 71
TrAcc: 0.9602956771850586 +- 0.02361726388335228	TrCE: 0.12597821652889252 +- 0.02897125482559204
VaAcc: 0.924554705619812 +- 0.02711581625044346	Va_CE: 0.25699517130851746 +- 0.05164683610200882
Ancestors: 71.0 +- 0.0
pop len 5000
Best Individual | TrAcc: 0.9949748516082764, TrCE: 0.052033837884664536, VaAcc: 0.9590643048286438, VaCE: 0.2046971619129181
Generation: 72
TrAcc: 0.9825156331062317 +- 0.011591150425374508	TrCE: 0.08534210175275803 +- 0.015462402254343033
VaAcc: 0.9386965036392212 +- 0.01558772660791874	Va_CE: 0.23469345271587372 +- 0.040044769644737244
Ancestors: 72.0 +- 0.0
pop len 5000
Best Individual | TrAcc: 0.9949748516082764, TrCE: 0.05161755904555321, VaAcc: 0.9239766001701355, VaCE: 0.2433195263147354
Generation: 73
TrAcc: 0.9915149211883545 +- 0.005775678902864456	TrCE: 0.06477592140436172 +- 0.009412512183189392
VaAcc: 0.9440113306045532 +- 0.010583523660898209	Va_CE: 0.22691862285137177 +- 0.026852725073695183
Ancestors: 73.0 +- 0.0
pop len 5000
Best Individual | TrAcc: 0.9949748516082764, TrCE: 0.05142887681722641, VaAcc: 0.9356725215911865, VaCE: 0.2369336634874344
Generation: 74
TrAcc: 0.9945631623268127 +- 0.004077470861375332	TrCE: 0.0549900159239769 +- 0.005465416237711906
VaAcc: 0.9481676816940308 +- 0.006058844272047281	Va_CE: 0.22164446115493774 +- 0.00991944968700409
Ancestors: 74.0 +- 0.0
pop len 5000
Best Individual | TrAcc: 0.9949748516082764, TrCE: 0.049504198133945465, VaAcc: 0.9415204524993896, VaCE: 0.20430809259414673
Generation: 75
TrAcc: 0.9946200251579285 +- 0.00331094185821712	TrCE: 0.054067838937044144 +- 0.004783698357641697
VaAcc: 0.9518394470214844 +- 0.00823570229113102	Va_CE: 0.2173328548669815 +- 0.013889243826270103
Ancestors: 75.0 +- 0.0
pop len 5000
Best Individual | TrAcc: 0.9949748516082764, TrCE: 0.04866792634129524, VaAcc: 0.9356725215911865, VaCE: 0.22910982370376587
Generation: 76
TrAcc: 0.9945256114006042 +- 0.004123716615140438	TrCE: 0.05271614342927933 +- 0.005524651147425175
VaAcc: 0.955687403678894 +- 0.010083911009132862	Va_CE: 0.2085513174533844 +- 0.01299882959574461
Ancestors: 76.0 +- 0.0
pop len 5000
Best Individual | TrAcc: 0.9974874258041382, TrCE: 0.04033268988132477, VaAcc: 0.9415204524993896, VaCE: 0.2704471945762634
Generation: 77
TrAcc: 0.9945593476295471 +- 0.0038952799513936043	TrCE: 0.052327562123537064 +- 0.005740164779126644
VaAcc: 0.9454362392425537 +- 0.015051857568323612	Va_CE: 0.21973800659179688 +- 0.02116682566702366
Ancestors: 77.0 +- 0.0
pop len 5000
Best Individual | TrAcc: 0.9974874258041382, TrCE: 0.04033267870545387, VaAcc: 0.9415204524993896, VaCE: 0.2704471945762634
Generation: 78
TrAcc: 0.9945672154426575 +- 0.0036240555346012115	TrCE: 0.050928596407175064 +- 0.0056536393240094185
VaAcc: 0.9382368922233582 +- 0.0061892359517514706	Va_CE: 0.2278485894203186 +- 0.017293866723775864
Ancestors: 78.0 +- 0.0
pop len 5000
Best Individual | TrAcc: 0.9974874258041382, TrCE: 0.040332674980163574, VaAcc: 0.9415204524993896, VaCE: 0.2704471945762634
Generation: 79
TrAcc: 0.9947879910469055 +- 0.002989131025969982	TrCE: 0.04957392439246178 +- 0.005105712451040745
VaAcc: 0.9405941367149353 +- 0.0036311729345470667	Va_CE: 0.21038378775119781 +- 0.01664370484650135
Ancestors: 79.0 +- 0.0
pop len 5000
Best Individual | TrAcc: 0.9974874258041382, TrCE: 0.03917843475937843, VaAcc: 0.9356725215911865, VaCE: 0.2537202537059784
current_layer 0
Generation: 80
TrAcc: 0.9325214624404907 +- 0.03768931329250336	TrCE: 0.21162822842597961 +- 0.09575382620096207
VaAcc: 0.9059232473373413 +- 0.033922113478183746	Va_CE: 0.34808990359306335 +- 0.10983093827962875
Ancestors: 80.0 +- 0.0
pop len 5000
Best Individual | TrAcc: 0.9974874258041382, TrCE: 0.040332674980163574, VaAcc: 0.9356725215911865, VaCE: 0.25315403938293457
Generation: 81
TrAcc: 0.9672750234603882 +- 0.019470753148198128	TrCE: 0.10990534722805023 +- 0.02664697915315628
VaAcc: 0.9262303709983826 +- 0.019640281796455383	Va_CE: 0.2833649516105652 +- 0.05937817692756653
Ancestors: 81.0 +- 0.0
pop len 5000
Best Individual | TrAcc: 0.9974874258041382, TrCE: 0.03955407813191414, VaAcc: 0.9415204524993896, VaCE: 0.23570755124092102
Generation: 82
TrAcc: 0.9850967526435852 +- 0.010539844632148743	TrCE: 0.07321766018867493 +- 0.015097555704414845
VaAcc: 0.9356050491333008 +- 0.0109440628439188	Va_CE: 0.26483508944511414 +- 0.043265290558338165
Ancestors: 82.0 +- 0.0
pop len 5000
Best Individual | TrAcc: 0.9974874258041382, TrCE: 0.03954000025987625, VaAcc: 0.9415204524993896, VaCE: 0.2763078212738037
Generation: 83
TrAcc: 0.9937764406204224 +- 0.004197815898805857	TrCE: 0.05271967127919197 +- 0.00791405700147152
VaAcc: 0.9382614493370056 +- 0.0065913936123251915	Va_CE: 0.26488181948661804 +- 0.031371865421533585
Ancestors: 83.0 +- 0.0
pop len 5000
Best Individual | TrAcc: 0.9974874258041382, TrCE: 0.03954000025987625, VaAcc: 0.9415204524993896, VaCE: 0.2763078212738037
Generation: 84
TrAcc: 0.9967639446258545 +- 0.0029003054369241	TrCE: 0.04288487881422043 +- 0.0047357575967907906
VaAcc: 0.9378857612609863 +- 0.005449867807328701	Va_CE: 0.26609164476394653 +- 0.016228923574090004
Ancestors: 84.0 +- 0.0
pop len 5000
Best Individual | TrAcc: 0.9974874258041382, TrCE: 0.03848445042967796, VaAcc: 0.9356725215911865, VaCE: 0.29207900166511536
Generation: 85
TrAcc: 0.9971292018890381 +- 0.0024543250910937786	TrCE: 0.04070229455828667 +- 0.0039630248211324215
VaAcc: 0.9405973553657532 +- 0.002826147247105837	Va_CE: 0.26497527956962585 +- 0.014968249015510082
Ancestors: 85.0 +- 0.0
pop len 5000
Best Individual | TrAcc: 0.9974874258041382, TrCE: 0.03848445042967796, VaAcc: 0.9356725215911865, VaCE: 0.29207900166511536
Generation: 86
TrAcc: 0.9963892698287964 +- 0.0030447952449321747	TrCE: 0.04054348170757294 +- 0.00455463444814086
VaAcc: 0.9405124187469482 +- 0.0032115133944898844	Va_CE: 0.2520431876182556 +- 0.024674594402313232
Ancestors: 86.0 +- 0.0
pop len 5000
Best Individual | TrAcc: 0.9974874258041382, TrCE: 0.03802501782774925, VaAcc: 0.9356725215911865, VaCE: 0.2635856866836548
Generation: 87
TrAcc: 0.9972214102745056 +- 0.0028730116318911314	TrCE: 0.04007072374224663 +- 0.004576805513352156
VaAcc: 0.9410513639450073 +- 0.002812505466863513	Va_CE: 0.27565088868141174 +- 0.009836452081799507
Ancestors: 87.0 +- 0.0
pop len 5000
Best Individual | TrAcc: 0.9974874258041382, TrCE: 0.03802501782774925, VaAcc: 0.9356725215911865, VaCE: 0.2635856866836548
Generation: 88
TrAcc: 0.9971606731414795 +- 0.002797982655465603	TrCE: 0.040113162249326706 +- 0.005049639847129583
VaAcc: 0.9408774375915527 +- 0.0031076257582753897	Va_CE: 0.2746519148349762 +- 0.01601480506360531
Ancestors: 88.0 +- 0.0
pop len 5000
Best Individual | TrAcc: 0.9974874258041382, TrCE: 0.03737721964716911, VaAcc: 0.9356725215911865, VaCE: 0.26862579584121704
Generation: 89
TrAcc: 0.9969646334648132 +- 0.002488456666469574	TrCE: 0.03964170813560486 +- 0.004296417348086834
VaAcc: 0.939753532409668 +- 0.004240008536726236	Va_CE: 0.2702440321445465 +- 0.030062474310398102
Ancestors: 89.0 +- 0.0
pop len 5000
Best Individual | TrAcc: 0.9974874258041382, TrCE: 0.03720906376838684, VaAcc: 0.9415204524993896, VaCE: 0.23193024098873138
current_layer 0
Generation: 90
TrAcc: 0.9376702904701233 +- 0.03598472476005554	TrCE: 0.20151497423648834 +- 0.09206133335828781
VaAcc: 0.9078014492988586 +- 0.032311927527189255	Va_CE: 0.3508319854736328 +- 0.10252299904823303
Ancestors: 90.0 +- 0.0
pop len 5000
Best Individual | TrAcc: 0.9974874258041382, TrCE: 0.03848445042967796, VaAcc: 0.9356725215911865, VaCE: 0.29207900166511536
Generation: 91
TrAcc: 0.9710733294487 +- 0.01742110215127468	TrCE: 0.10182599723339081 +- 0.024644413962960243
VaAcc: 0.9260255098342896 +- 0.018282243981957436	Va_CE: 0.2929432988166809 +- 0.05671164020895958
Ancestors: 91.0 +- 0.0
pop len 5000
Best Individual | TrAcc: 0.9974874258041382, TrCE: 0.03737721964716911, VaAcc: 0.9356725215911865, VaCE: 0.29190266132354736
Generation: 92
TrAcc: 0.986586332321167 +- 0.009460890665650368	TrCE: 0.06747353821992874 +- 0.013597145676612854
VaAcc: 0.932240903377533 +- 0.010811585001647472	Va_CE: 0.2844783067703247 +- 0.04321117326617241
Ancestors: 92.0 +- 0.0
pop len 5000
Best Individual | TrAcc: 0.9974874258041382, TrCE: 0.03737721964716911, VaAcc: 0.9356725215911865, VaCE: 0.29190266132354736
Generation: 93
TrAcc: 0.9938531517982483 +- 0.0038594251964241266	TrCE: 0.04964720457792282 +- 0.007887487299740314
VaAcc: 0.9336678981781006 +- 0.006140951067209244	Va_CE: 0.28674283623695374 +- 0.029958419501781464
Ancestors: 93.0 +- 0.0
pop len 5000
Best Individual | TrAcc: 0.9974874258041382, TrCE: 0.03737721964716911, VaAcc: 0.9356725215911865, VaCE: 0.29190266132354736
Generation: 94
TrAcc: 0.9970179796218872 +- 0.0028132782317698	TrCE: 0.03965580090880394 +- 0.0046457634307444096
VaAcc: 0.9365034103393555 +- 0.004130774177610874	Va_CE: 0.28489452600479126 +- 0.018763486295938492
Ancestors: 94.0 +- 0.0
pop len 5000
Best Individual | TrAcc: 0.9974874258041382, TrCE: 0.03737002983689308, VaAcc: 0.9473684430122375, VaCE: 0.26070207357406616
Generation: 95
TrAcc: 0.9971235394477844 +- 0.0027251436840742826	TrCE: 0.03886409476399422 +- 0.004241122864186764
VaAcc: 0.9366092681884766 +- 0.0033687823452055454	Va_CE: 0.2860225439071655 +- 0.016860412433743477
Ancestors: 95.0 +- 0.0
pop len 5000
Best Individual | TrAcc: 0.9974874258041382, TrCE: 0.036853112280368805, VaAcc: 0.9415204524993896, VaCE: 0.27109768986701965
Generation: 96
TrAcc: 0.9972192645072937 +- 0.0026944938581436872	TrCE: 0.038463953882455826 +- 0.004691318608820438
VaAcc: 0.9391023516654968 +- 0.0038179056718945503	Va_CE: 0.27957582473754883 +- 0.012075748294591904
Ancestors: 96.0 +- 0.0
pop len 5000
Best Individual | TrAcc: 0.9974874258041382, TrCE: 0.036853108555078506, VaAcc: 0.9415204524993896, VaCE: 0.27109771966934204
Generation: 97
TrAcc: 0.9972636699676514 +- 0.002553946804255247	TrCE: 0.03783557564020157 +- 0.004013996105641127
VaAcc: 0.9366653561592102 +- 0.003507830435410142	Va_CE: 0.28857797384262085 +- 0.010015425272285938
Ancestors: 97.0 +- 0.0
pop len 5000
Best Individual | TrAcc: 0.9974874258041382, TrCE: 0.03640485182404518, VaAcc: 0.9473684430122375, VaCE: 0.2604934871196747
Generation: 98
TrAcc: 0.9972448348999023 +- 0.0025966414250433445	TrCE: 0.037737298756837845 +- 0.004986761137843132
VaAcc: 0.9407166242599487 +- 0.004810879938304424	Va_CE: 0.27595314383506775 +- 0.013277220539748669
Ancestors: 98.0 +- 0.0
pop len 5000
Best Individual | TrAcc: 0.9974874258041382, TrCE: 0.03594749793410301, VaAcc: 0.9415204524993896, VaCE: 0.271421879529953
Generation: 99
TrAcc: 0.9972711205482483 +- 0.002375315874814987	TrCE: 0.03737393021583557 +- 0.0043677035719156265
VaAcc: 0.942130982875824 +- 0.00274272495880723	Va_CE: 0.2699221968650818 +- 0.006437140516936779
Ancestors: 99.0 +- 0.0
pop len 5000
Best Individual | TrAcc: 0.9974874258041382, TrCE: 0.035947490483522415, VaAcc: 0.9415204524993896, VaCE: 0.271421879529953
current_layer 0
Generation: 100
TrAcc: 0.93527752161026 +- 0.03823862224817276	TrCE: 0.2059398740530014 +- 0.09864078462123871
VaAcc: 0.9093096852302551 +- 0.033736925572156906	Va_CE: 0.3444768786430359 +- 0.10822878032922745
Ancestors: 100.0 +- 0.0
pop len 5000
Best Individual | TrAcc: 0.9974874258041382, TrCE: 0.0368531160056591, VaAcc: 0.9415204524993896, VaCE: 0.27109774947166443
Generation: 101
TrAcc: 0.9700453281402588 +- 0.017463473603129387	TrCE: 0.1012481078505516 +- 0.025349892675876617
VaAcc: 0.9291985630989075 +- 0.017306990921497345	Va_CE: 0.28027835488319397 +- 0.05468881502747536
Ancestors: 101.0 +- 0.0
pop len 5000
Best Individual | TrAcc: 0.9974874258041382, TrCE: 0.0368531160056591, VaAcc: 0.9415204524993896, VaCE: 0.27109774947166443
ENSEMBLE | Tr_Acc: 0.9974874258041382, Tr_CE: 0.0368531160056591, Va_Acc: 0.9415204524993896, Va_CE: 0.27109774947166443
Generation: 102
TrAcc: 0.9857147336006165 +- 0.01001137774437666	TrCE: 0.06595028936862946 +- 0.013684963807463646
VaAcc: 0.9377804398536682 +- 0.010042542591691017	Va_CE: 0.26234468817710876 +- 0.03844836354255676
Ancestors: 102.0 +- 0.0
pop len 5000
Best Individual | TrAcc: 0.9974874258041382, TrCE: 0.03590996563434601, VaAcc: 0.9415204524993896, VaCE: 0.27438950538635254
Generation: 103
TrAcc: 0.993779182434082 +- 0.004707068670541048	TrCE: 0.04723012074828148 +- 0.00809906143695116
VaAcc: 0.9394505620002747 +- 0.0059670452028512955	Va_CE: 0.2699264585971832 +- 0.028778521344065666
Ancestors: 103.0 +- 0.0
pop len 5000
Best Individual | TrAcc: 0.9974874258041382, TrCE: 0.03590996563434601, VaAcc: 0.9415204524993896, VaCE: 0.27438950538635254
Generation: 104
TrAcc: 0.9966199398040771 +- 0.003165306756272912	TrCE: 0.03817177191376686 +- 0.00510816415771842
VaAcc: 0.9401494860649109 +- 0.0032299316953867674	Va_CE: 0.2805483639240265 +- 0.017736582085490227
Ancestors: 104.0 +- 0.0
pop len 5000
Best Individual | TrAcc: 0.9974874258041382, TrCE: 0.03590995818376541, VaAcc: 0.9415204524993896, VaCE: 0.27438950538635254
Generation: 105
TrAcc: 0.9972554445266724 +- 0.002520483685657382	TrCE: 0.037338804453611374 +- 0.004497183952480555
VaAcc: 0.941292405128479 +- 0.002393327886238694	Va_CE: 0.27141669392585754 +- 0.005642704665660858
Ancestors: 105.0 +- 0.0
pop len 5000
Best Individual | TrAcc: 0.9974874258041382, TrCE: 0.03590995818376541, VaAcc: 0.9415204524993896, VaCE: 0.27438950538635254
Generation: 106
TrAcc: 0.99724942445755 +- 0.002587498864158988	TrCE: 0.03698917105793953 +- 0.004183929413557053
VaAcc: 0.9413042068481445 +- 0.002300820080563426	Va_CE: 0.2716405391693115 +- 0.005854305811226368
Ancestors: 106.0 +- 0.0
pop len 5000
Best Individual | TrAcc: 0.9974874258041382, TrCE: 0.03590995818376541, VaAcc: 0.9415204524993896, VaCE: 0.27438950538635254
Generation: 107
TrAcc: 0.9973017573356628 +- 0.00227504875510931	TrCE: 0.03644943982362747 +- 0.004152046516537666
VaAcc: 0.9413357377052307 +- 0.0020861749071627855	Va_CE: 0.27227240800857544 +- 0.0059333196841180325
Ancestors: 107.0 +- 0.0
pop len 5000
Best Individual | TrAcc: 0.9974874258041382, TrCE: 0.03590995818376541, VaAcc: 0.9415204524993896, VaCE: 0.27438950538635254
Generation: 108
TrAcc: 0.9972838759422302 +- 0.0023898521903902292	TrCE: 0.03642411530017853 +- 0.004077280405908823
VaAcc: 0.9412440657615662 +- 0.002631866605952382	Va_CE: 0.2747732400894165 +- 0.006104535888880491
Ancestors: 108.0 +- 0.0
pop len 5000
Best Individual | TrAcc: 0.9974874258041382, TrCE: 0.03590995818376541, VaAcc: 0.9415204524993896, VaCE: 0.27438950538635254
Generation: 109
TrAcc: 0.9972925782203674 +- 0.002271834993734956	TrCE: 0.036393530666828156 +- 0.003738194238394499
VaAcc: 0.9412668943405151 +- 0.0024085622280836105	Va_CE: 0.2747003436088562 +- 0.005720734596252441
Ancestors: 109.0 +- 0.0
pop len 5000
Best Individual | TrAcc: 0.9974874258041382, TrCE: 0.03590995818376541, VaAcc: 0.9415204524993896, VaCE: 0.27438950538635254
current_layer 0
Generation: 110
TrAcc: 0.9345363974571228 +- 0.03830328583717346	TrCE: 0.2091236114501953 +- 0.1021513119339943
VaAcc: 0.9055639505386353 +- 0.03354635834693909	Va_CE: 0.3609994053840637 +- 0.11211634427309036
Ancestors: 110.0 +- 0.0
pop len 5000
Best Individual | TrAcc: 0.9974874258041382, TrCE: 0.03590996563434601, VaAcc: 0.9415204524993896, VaCE: 0.27438950538635254
Generation: 111
TrAcc: 0.9692095518112183 +- 0.01757275126874447	TrCE: 0.10454311221837997 +- 0.025683283805847168
VaAcc: 0.9250661134719849 +- 0.018491214141249657	Va_CE: 0.2973504960536957 +- 0.05802372097969055
Ancestors: 111.0 +- 0.0
pop len 5000
Best Individual | TrAcc: 0.9974874258041382, TrCE: 0.03590996563434601, VaAcc: 0.9415204524993896, VaCE: 0.27438950538635254
ENSEMBLE | Tr_Acc: 0.9974874258041382, Tr_CE: 0.03634079173207283, Va_Acc: 0.9415204524993896, Va_CE: 0.270933598279953
Generation: 112
TrAcc: 0.9851192235946655 +- 0.010230211541056633	TrCE: 0.06948041915893555 +- 0.015056406147778034
VaAcc: 0.9327850341796875 +- 0.011298419907689095	Va_CE: 0.28478288650512695 +- 0.0430154874920845
Ancestors: 112.0 +- 0.0
pop len 5000
Best Individual | TrAcc: 0.9974874258041382, TrCE: 0.03590996190905571, VaAcc: 0.9415204524993896, VaCE: 0.27438950538635254
Generation: 113
TrAcc: 0.9936370253562927 +- 0.0039829956367611885	TrCE: 0.04978815093636513 +- 0.00875415001064539
VaAcc: 0.9367628693580627 +- 0.006372974254190922	Va_CE: 0.2809562683105469 +- 0.02887960709631443
Ancestors: 113.0 +- 0.0
pop len 5000
Best Individual | TrAcc: 0.9974874258041382, TrCE: 0.03590996190905571, VaAcc: 0.9415204524993896, VaCE: 0.27438950538635254
Generation: 114
TrAcc: 0.9970904588699341 +- 0.0026519077364355326	TrCE: 0.03880241885781288 +- 0.00512069882825017
VaAcc: 0.9395089745521545 +- 0.003946829121559858	Va_CE: 0.2747752070426941 +- 0.013672138564288616
Ancestors: 114.0 +- 0.0
pop len 5000
Best Individual | TrAcc: 0.9974874258041382, TrCE: 0.03590995818376541, VaAcc: 0.9415204524993896, VaCE: 0.27438950538635254
Generation: 115
TrAcc: 0.9972323179244995 +- 0.0027503350283950567	TrCE: 0.03646474704146385 +- 0.004248073324561119
VaAcc: 0.9412179589271545 +- 0.0031154025346040726	Va_CE: 0.27472737431526184 +- 0.0060935053043067455
Ancestors: 115.0 +- 0.0
pop len 5000
Best Individual | TrAcc: 0.9974874258041382, TrCE: 0.03590995818376541, VaAcc: 0.9415204524993896, VaCE: 0.27438950538635254
Generation: 116
TrAcc: 0.9972659349441528 +- 0.002410151297226548	TrCE: 0.03649677336215973 +- 0.004489912185817957
VaAcc: 0.9412345886230469 +- 0.0027530191000550985	Va_CE: 0.2747661769390106 +- 0.006473836489021778
Ancestors: 116.0 +- 0.0
pop len 5000
Best Individual | TrAcc: 0.9974874258041382, TrCE: 0.03590995818376541, VaAcc: 0.9415204524993896, VaCE: 0.27438950538635254
Generation: 117
TrAcc: 0.9972904324531555 +- 0.002153608947992325	TrCE: 0.036463163793087006 +- 0.004120823927223682
VaAcc: 0.9412752985954285 +- 0.002255098894238472	Va_CE: 0.27473822236061096 +- 0.006209553685039282
Ancestors: 117.0 +- 0.0
pop len 5000
Best Individual | TrAcc: 0.9974874258041382, TrCE: 0.03590995818376541, VaAcc: 0.9415204524993896, VaCE: 0.27438950538635254
Generation: 118
TrAcc: 0.9972864985466003 +- 0.002286269562318921	TrCE: 0.03644508123397827 +- 0.004229555372148752
VaAcc: 0.9412813186645508 +- 0.0024265397805720568	Va_CE: 0.27469754219055176 +- 0.006757291033864021
Ancestors: 118.0 +- 0.0
pop len 5000
Best Individual | TrAcc: 0.9974874258041382, TrCE: 0.03590995818376541, VaAcc: 0.9415204524993896, VaCE: 0.27438950538635254
Generation: 119
TrAcc: 0.9972609281539917 +- 0.002221020869910717	TrCE: 0.03654703497886658 +- 0.004462791606783867
VaAcc: 0.9412693381309509 +- 0.002228744560852647	Va_CE: 0.27481719851493835 +- 0.006009576842188835
Ancestors: 119.0 +- 0.0
pop len 5000
Best Individual | TrAcc: 0.9974874258041382, TrCE: 0.03590995818376541, VaAcc: 0.9415204524993896, VaCE: 0.27438950538635254
current_layer 0
Generation: 120
TrAcc: 0.9338927865028381 +- 0.03891773149371147	TrCE: 0.20891496539115906 +- 0.10209045559167862
VaAcc: 0.9054958820343018 +- 0.03432917594909668	Va_CE: 0.35872596502304077 +- 0.11181450635194778
Ancestors: 120.0 +- 0.0
pop len 5000
Best Individual | TrAcc: 0.9974874258041382, TrCE: 0.03590996935963631, VaAcc: 0.9415204524993896, VaCE: 0.27438950538635254
Generation: 121
TrAcc: 0.9691908359527588 +- 0.01790488138794899	TrCE: 0.10369746387004852 +- 0.026544082909822464
VaAcc: 0.9250122308731079 +- 0.018737494945526123	Va_CE: 0.29441216588020325 +- 0.05947701632976532
Ancestors: 121.0 +- 0.0
pop len 5000
Best Individual | TrAcc: 0.9974874258041382, TrCE: 0.03590996563434601, VaAcc: 0.9415204524993896, VaCE: 0.27438950538635254
ENSEMBLE | Tr_Acc: 0.9974874258041382, Tr_CE: 0.03618403151631355, Va_Acc: 0.9415204524993896, Va_CE: 0.2713871896266937
Generation: 122
TrAcc: 0.984658420085907 +- 0.010811284184455872	TrCE: 0.0693015307188034 +- 0.015468887984752655
VaAcc: 0.9324007630348206 +- 0.010921372100710869	Va_CE: 0.2793157398700714 +- 0.04227546975016594
Ancestors: 122.0 +- 0.0
pop len 5000
Best Individual | TrAcc: 0.9974874258041382, TrCE: 0.03590996190905571, VaAcc: 0.9415204524993896, VaCE: 0.27438950538635254
Generation: 123
TrAcc: 0.9937811493873596 +- 0.004216337576508522	TrCE: 0.0484975203871727 +- 0.009185850620269775
VaAcc: 0.93698650598526 +- 0.007534588221460581	Va_CE: 0.27474772930145264 +- 0.025600917637348175
Ancestors: 123.0 +- 0.0
pop len 5000
Best Individual | TrAcc: 0.9974874258041382, TrCE: 0.03590996190905571, VaAcc: 0.9415204524993896, VaCE: 0.27438950538635254
Generation: 124
TrAcc: 0.9971091747283936 +- 0.002696006093174219	TrCE: 0.03724850341677666 +- 0.004775748588144779
VaAcc: 0.9393660426139832 +- 0.00535912811756134	Va_CE: 0.2758082449436188 +- 0.010742333717644215
Ancestors: 124.0 +- 0.0
pop len 5000
Best Individual | TrAcc: 0.9974874258041382, TrCE: 0.03590995818376541, VaAcc: 0.9415204524993896, VaCE: 0.27438950538635254
Generation: 125
TrAcc: 0.9972732663154602 +- 0.0023259271401911974	TrCE: 0.036487944424152374 +- 0.0043580117635428905
VaAcc: 0.9412972927093506 +- 0.002065354958176613	Va_CE: 0.27460551261901855 +- 0.006101831793785095
Ancestors: 125.0 +- 0.0
pop len 5000
Best Individual | TrAcc: 0.9974874258041382, TrCE: 0.03590995818376541, VaAcc: 0.9415204524993896, VaCE: 0.27438947558403015
Generation: 126
TrAcc: 0.9972180724143982 +- 0.0026523650158196688	TrCE: 0.03654985502362251 +- 0.004601596854627132
VaAcc: 0.9411830902099609 +- 0.003127828473225236	Va_CE: 0.27478235960006714 +- 0.007672152016311884
Ancestors: 126.0 +- 0.0
pop len 5000
Best Individual | TrAcc: 0.9974874258041382, TrCE: 0.03590995818376541, VaAcc: 0.9415204524993896, VaCE: 0.27438950538635254
Generation: 127
TrAcc: 0.9972466826438904 +- 0.002526769880205393	TrCE: 0.036496248096227646 +- 0.004513333551585674
VaAcc: 0.9412465691566467 +- 0.002538164844736457	Va_CE: 0.27479520440101624 +- 0.0067947315983474255
Ancestors: 127.0 +- 0.0
pop len 5000
Best Individual | TrAcc: 0.9974874258041382, TrCE: 0.03590995818376541, VaAcc: 0.9415204524993896, VaCE: 0.27438950538635254
Generation: 128
TrAcc: 0.9972520470619202 +- 0.0024419641122221947	TrCE: 0.036487333476543427 +- 0.004473740700632334
VaAcc: 0.9412540793418884 +- 0.0024593626148998737	Va_CE: 0.2747943103313446 +- 0.006253768224269152
Ancestors: 128.0 +- 0.0
pop len 5000
Best Individual | TrAcc: 0.9974874258041382, TrCE: 0.03590995818376541, VaAcc: 0.9415204524993896, VaCE: 0.27438950538635254
Generation: 129
TrAcc: 0.9972420930862427 +- 0.002518018474802375	TrCE: 0.03655480220913887 +- 0.004717860836535692
VaAcc: 0.9412436485290527 +- 0.0025739988777786493	Va_CE: 0.2747967839241028 +- 0.006603259593248367
Ancestors: 129.0 +- 0.0
pop len 5000
Best Individual | TrAcc: 0.9974874258041382, TrCE: 0.03590995818376541, VaAcc: 0.9415204524993896, VaCE: 0.27438950538635254
current_layer 0
Generation: 130
TrAcc: 0.9331732392311096 +- 0.03773939982056618	TrCE: 0.2106851488351822 +- 0.09762383997440338
VaAcc: 0.9045588970184326 +- 0.034097544848918915	Va_CE: 0.36093997955322266 +- 0.11030744761228561
Ancestors: 130.0 +- 0.0
pop len 5000
Best Individual | TrAcc: 0.9974874258041382, TrCE: 0.03590996563434601, VaAcc: 0.9415204524993896, VaCE: 0.27438950538635254
Generation: 131
TrAcc: 0.9675489068031311 +- 0.018003001809120178	TrCE: 0.10724010318517685 +- 0.025604216381907463
VaAcc: 0.9240146279335022 +- 0.018434228375554085	Va_CE: 0.29345571994781494 +- 0.0566096194088459
Ancestors: 131.0 +- 0.0
pop len 5000
Best Individual | TrAcc: 0.9974874258041382, TrCE: 0.03590996563434601, VaAcc: 0.9415204524993896, VaCE: 0.27438950538635254
ENSEMBLE | Tr_Acc: 0.9974874258041382, Tr_CE: 0.03610922768712044, Va_Acc: 0.9415204524993896, Va_CE: 0.2718159854412079
Generation: 132
TrAcc: 0.9836849570274353 +- 0.010617359541356564	TrCE: 0.07227234542369843 +- 0.015224994160234928
VaAcc: 0.9324795603752136 +- 0.011765637435019016	Va_CE: 0.27895456552505493 +- 0.042908359318971634
Ancestors: 132.0 +- 0.0
pop len 5000
Best Individual | TrAcc: 0.9974874258041382, TrCE: 0.03590996190905571, VaAcc: 0.9415204524993896, VaCE: 0.27438950538635254
Generation: 133
TrAcc: 0.9918029308319092 +- 0.00636556651443243	TrCE: 0.05210266262292862 +- 0.009802659042179585
VaAcc: 0.935632050037384 +- 0.007013041526079178	Va_CE: 0.27232420444488525 +- 0.03345554694533348
Ancestors: 133.0 +- 0.0
pop len 5000
Best Individual | TrAcc: 0.9974874258041382, TrCE: 0.03590995818376541, VaAcc: 0.9415204524993896, VaCE: 0.27438950538635254
Generation: 134
TrAcc: 0.9961041212081909 +- 0.002767904894426465	TrCE: 0.03959716111421585 +- 0.00532201211899519
VaAcc: 0.93798828125 +- 0.005109553690999746	Va_CE: 0.2736928164958954 +- 0.02690463699400425
Ancestors: 134.0 +- 0.0
pop len 5000
Best Individual | TrAcc: 0.9974874258041382, TrCE: 0.03590995818376541, VaAcc: 0.9415204524993896, VaCE: 0.27438950538635254
Generation: 135
TrAcc: 0.9972324967384338 +- 0.0026010978035628796	TrCE: 0.036526862531900406 +- 0.004462232813239098
VaAcc: 0.9412508606910706 +- 0.002701740711927414	Va_CE: 0.2747299075126648 +- 0.006816905923187733
Ancestors: 135.0 +- 0.0
pop len 5000
Best Individual | TrAcc: 0.9974874258041382, TrCE: 0.03590995818376541, VaAcc: 0.9415204524993896, VaCE: 0.27438950538635254
Generation: 136
TrAcc: 0.9972618222236633 +- 0.0023529911413788795	TrCE: 0.036462485790252686 +- 0.004112479276955128
VaAcc: 0.9412949085235596 +- 0.0021239358466118574	Va_CE: 0.2745843529701233 +- 0.005293089430779219
Ancestors: 136.0 +- 0.0
pop len 5000
Best Individual | TrAcc: 0.9974874258041382, TrCE: 0.03590995818376541, VaAcc: 0.9415204524993896, VaCE: 0.27438950538635254
Generation: 137
TrAcc: 0.9972651600837708 +- 0.002497088862583041	TrCE: 0.0364825539290905 +- 0.004507983103394508
VaAcc: 0.9412765502929688 +- 0.0026882984675467014	Va_CE: 0.2748259902000427 +- 0.0069924150593578815
Ancestors: 137.0 +- 0.0
pop len 5000
Best Individual | TrAcc: 0.9974874258041382, TrCE: 0.03590995818376541, VaAcc: 0.9415204524993896, VaCE: 0.27438950538635254
Generation: 138
TrAcc: 0.9972575306892395 +- 0.0023778181057423353	TrCE: 0.03647422045469284 +- 0.004037901759147644
VaAcc: 0.9412344694137573 +- 0.0027802083641290665	Va_CE: 0.2749028205871582 +- 0.006529860198497772
Ancestors: 138.0 +- 0.0
pop len 5000
Best Individual | TrAcc: 0.9974874258041382, TrCE: 0.03590995818376541, VaAcc: 0.9415204524993896, VaCE: 0.27438950538635254
Generation: 139
TrAcc: 0.9972339868545532 +- 0.0026628104969859123	TrCE: 0.03653508424758911 +- 0.004582391586154699
VaAcc: 0.94121915102005 +- 0.0029727318324148655	Va_CE: 0.2747483253479004 +- 0.007609293796122074
Ancestors: 139.0 +- 0.0
pop len 5000
Best Individual | TrAcc: 0.9974874258041382, TrCE: 0.03590995818376541, VaAcc: 0.9415204524993896, VaCE: 0.27438950538635254
current_layer 0
Generation: 140
TrAcc: 0.9351199269294739 +- 0.037566471844911575	TrCE: 0.20669704675674438 +- 0.09686756879091263
VaAcc: 0.90631103515625 +- 0.03362841531634331	Va_CE: 0.358219712972641 +- 0.11168115586042404
Ancestors: 140.0 +- 0.0
pop len 5000
Best Individual | TrAcc: 0.9974874258041382, TrCE: 0.03590996563434601, VaAcc: 0.9415204524993896, VaCE: 0.27438950538635254
Generation: 141
TrAcc: 0.9697414040565491 +- 0.017588051036000252	TrCE: 0.10427501052618027 +- 0.025697125121951103
VaAcc: 0.926399827003479 +- 0.018026363104581833	Va_CE: 0.2911762297153473 +- 0.059328339993953705
Ancestors: 141.0 +- 0.0
pop len 5000
Best Individual | TrAcc: 0.9974874258041382, TrCE: 0.03590996563434601, VaAcc: 0.9415204524993896, VaCE: 0.27438950538635254
ENSEMBLE | Tr_Acc: 0.9974874258041382, Tr_CE: 0.03606589511036873, Va_Acc: 0.9415204524993896, Va_CE: 0.2721594572067261
Generation: 142
TrAcc: 0.9857797026634216 +- 0.009696382097899914	TrCE: 0.06842797994613647 +- 0.014329581521451473
VaAcc: 0.9334277510643005 +- 0.010612680576741695	Va_CE: 0.277788370847702 +- 0.04444480687379837
Ancestors: 142.0 +- 0.0
pop len 5000
Best Individual | TrAcc: 0.9974874258041382, TrCE: 0.03460299223661423, VaAcc: 0.9239766001701355, VaCE: 0.2951846718788147
Generation: 143
TrAcc: 0.993645429611206 +- 0.003937629982829094	TrCE: 0.04931363835930824 +- 0.00848833005875349
VaAcc: 0.9357041716575623 +- 0.007360388990491629	Va_CE: 0.2753690183162689 +- 0.0366683229804039
Ancestors: 143.0 +- 0.0
pop len 5000
Best Individual | TrAcc: 0.9974874258041382, TrCE: 0.03460299223661423, VaAcc: 0.9239766001701355, VaCE: 0.2951846718788147
Generation: 144
TrAcc: 0.9964097738265991 +- 0.0035072555765509605	TrCE: 0.03906741365790367 +- 0.005795782897621393
VaAcc: 0.9405291080474854 +- 0.0042044357396662235	Va_CE: 0.2733800709247589 +- 0.011052824556827545
Ancestors: 144.0 +- 0.0
pop len 5000
Best Individual | TrAcc: 0.9974874258041382, TrCE: 0.033376481384038925, VaAcc: 0.9415204524993896, VaCE: 0.27337244153022766
Generation: 145
TrAcc: 0.9972102642059326 +- 0.002776772016659379	TrCE: 0.036491502076387405 +- 0.004472638946026564
VaAcc: 0.940757691860199 +- 0.004287745803594589	Va_CE: 0.27534571290016174 +- 0.009144126437604427
Ancestors: 145.0 +- 0.0
pop len 5000
Best Individual | TrAcc: 0.9974874258041382, TrCE: 0.033376481384038925, VaAcc: 0.9415204524993896, VaCE: 0.27337244153022766
Generation: 146
TrAcc: 0.9972483515739441 +- 0.0022895745933055878	TrCE: 0.03630954399704933 +- 0.0038711472880095243
VaAcc: 0.9392061233520508 +- 0.00606852350756526	Va_CE: 0.2771986424922943 +- 0.011643468402326107
Ancestors: 146.0 +- 0.0
pop len 5000
Best Individual | TrAcc: 0.9974874258041382, TrCE: 0.03337647020816803, VaAcc: 0.9415204524993896, VaCE: 0.27337244153022766
Generation: 147
TrAcc: 0.997158408164978 +- 0.002353065414354205	TrCE: 0.036061134189367294 +- 0.004701011814177036
VaAcc: 0.9324501156806946 +- 0.00891986582428217	Va_CE: 0.28538110852241516 +- 0.016895253211259842
Ancestors: 147.0 +- 0.0
pop len 5000
Best Individual | TrAcc: 0.9974874258041382, TrCE: 0.03337646648287773, VaAcc: 0.9415204524993896, VaCE: 0.27337244153022766
Generation: 148
TrAcc: 0.9972128868103027 +- 0.0023955993819981813	TrCE: 0.03526100888848305 +- 0.004598094616085291
VaAcc: 0.9247235059738159 +- 0.004065487999469042	Va_CE: 0.294360876083374 +- 0.010311073623597622
Ancestors: 148.0 +- 0.0
pop len 5000
Best Individual | TrAcc: 0.9974874258041382, TrCE: 0.03337646648287773, VaAcc: 0.9415204524993896, VaCE: 0.27337244153022766
Generation: 149
TrAcc: 0.9971026182174683 +- 0.0026970840990543365	TrCE: 0.03511961176991463 +- 0.0046164426021277905
VaAcc: 0.9275469779968262 +- 0.007497674319893122	Va_CE: 0.28973284363746643 +- 0.017176801338791847
Ancestors: 149.0 +- 0.0
pop len 5000
Best Individual | TrAcc: 0.9974874258041382, TrCE: 0.03337646648287773, VaAcc: 0.9415204524993896, VaCE: 0.27337244153022766
current_layer 0
Generation: 150
TrAcc: 0.9377885460853577 +- 0.036695972084999084	TrCE: 0.19417938590049744 +- 0.0917835459113121
VaAcc: 0.9088708758354187 +- 0.033240705728530884	Va_CE: 0.34137123823165894 +- 0.10510936379432678
Ancestors: 150.0 +- 0.0
pop len 5000
Best Individual | TrAcc: 0.9974874258041382, TrCE: 0.03619135171175003, VaAcc: 0.9415204524993896, VaCE: 0.27028802037239075
Generation: 151
TrAcc: 0.971358597278595 +- 0.016580358147621155	TrCE: 0.0966387465596199 +- 0.023320548236370087
VaAcc: 0.9286982417106628 +- 0.01688399910926819	Va_CE: 0.2785467505455017 +- 0.05548032000660896
Ancestors: 151.0 +- 0.0
pop len 5000
Best Individual | TrAcc: 0.9974874258041382, TrCE: 0.03337647393345833, VaAcc: 0.9415204524993896, VaCE: 0.27337244153022766
ENSEMBLE | Tr_Acc: 0.9974874258041382, Tr_CE: 0.034978728741407394, Va_Acc: 0.9415204524993896, Va_CE: 0.27121809124946594
Generation: 152
TrAcc: 0.9860373735427856 +- 0.009296934120357037	TrCE: 0.0659201368689537 +- 0.01335444301366806
VaAcc: 0.9337618947029114 +- 0.011892934329807758	Va_CE: 0.2701076567173004 +- 0.04477866366505623
Ancestors: 152.0 +- 0.0
pop len 5000
Best Individual | TrAcc: 0.9974874258041382, TrCE: 0.03337646648287773, VaAcc: 0.9415204524993896, VaCE: 0.2733724117279053
Generation: 153
TrAcc: 0.9932067394256592 +- 0.00429923553019762	TrCE: 0.04845493286848068 +- 0.008284606039524078
VaAcc: 0.9381129145622253 +- 0.006783769465982914	Va_CE: 0.26610320806503296 +- 0.032461509108543396
Ancestors: 153.0 +- 0.0
pop len 5000
Best Individual | TrAcc: 0.9974874258041382, TrCE: 0.03337646648287773, VaAcc: 0.9415204524993896, VaCE: 0.2733724117279053
Generation: 154
TrAcc: 0.9963290095329285 +- 0.0028978760819882154	TrCE: 0.03844831511378288 +- 0.005345318000763655
VaAcc: 0.9405670762062073 +- 0.0032064749393612146	Va_CE: 0.26120781898498535 +- 0.024048209190368652
Ancestors: 154.0 +- 0.0
pop len 5000
Best Individual | TrAcc: 0.9974874258041382, TrCE: 0.03337646648287773, VaAcc: 0.9415204524993896, VaCE: 0.27337244153022766
Generation: 155
TrAcc: 0.9970778226852417 +- 0.00249638594686985	TrCE: 0.03394694998860359 +- 0.003963850438594818
VaAcc: 0.9412656426429749 +- 0.0026606766041368246	Va_CE: 0.26948824524879456 +- 0.01439607236534357
Ancestors: 155.0 +- 0.0
pop len 5000
Best Individual | TrAcc: 0.9974874258041382, TrCE: 0.03337646648287773, VaAcc: 0.9415204524993896, VaCE: 0.2733724117279053
Generation: 156
TrAcc: 0.9972237348556519 +- 0.0027821636758744717	TrCE: 0.033964648842811584 +- 0.004570499062538147
VaAcc: 0.9411972761154175 +- 0.002916226861998439	Va_CE: 0.27370667457580566 +- 0.006754800211638212
Ancestors: 156.0 +- 0.0
pop len 5000
Best Individual | TrAcc: 0.9974874258041382, TrCE: 0.03337646648287773, VaAcc: 0.9415204524993896, VaCE: 0.27337244153022766
Generation: 157
TrAcc: 0.9972925782203674 +- 0.002384111750870943	TrCE: 0.03385595604777336 +- 0.003916507121175528
VaAcc: 0.9412387013435364 +- 0.0028653976041823626	Va_CE: 0.2737502157688141 +- 0.006431277375668287
Ancestors: 157.0 +- 0.0
pop len 5000
Best Individual | TrAcc: 0.9974874258041382, TrCE: 0.03337646648287773, VaAcc: 0.9415204524993896, VaCE: 0.2733724117279053
Generation: 158
TrAcc: 0.9972785115242004 +- 0.0021894103847444057	TrCE: 0.033918820321559906 +- 0.003994145896285772
VaAcc: 0.9412811398506165 +- 0.0026655918918550014	Va_CE: 0.2736494243144989 +- 0.005766929592937231
Ancestors: 158.0 +- 0.0
pop len 5000
Best Individual | TrAcc: 0.9974874258041382, TrCE: 0.03337646648287773, VaAcc: 0.9415204524993896, VaCE: 0.2733724117279053
Generation: 159
TrAcc: 0.9972697496414185 +- 0.002334968652576208	TrCE: 0.03391212224960327 +- 0.004055703058838844
VaAcc: 0.9412487149238586 +- 0.0024154516868293285	Va_CE: 0.27359798550605774 +- 0.006374572869390249
Ancestors: 159.0 +- 0.0
pop len 5000
Best Individual | TrAcc: 0.9974874258041382, TrCE: 0.03337646648287773, VaAcc: 0.9415204524993896, VaCE: 0.2733724117279053
current_layer 0
Generation: 160
TrAcc: 0.9360659122467041 +- 0.03842424973845482	TrCE: 0.19800019264221191 +- 0.09582249820232391
VaAcc: 0.9078996181488037 +- 0.03447243198752403	Va_CE: 0.3435419797897339 +- 0.10600829124450684
Ancestors: 160.0 +- 0.0
pop len 5000
Best Individual | TrAcc: 0.9974874258041382, TrCE: 0.03337647020816803, VaAcc: 0.9415204524993896, VaCE: 0.27337244153022766
Generation: 161
TrAcc: 0.9702659249305725 +- 0.016789056360721588	TrCE: 0.09850087016820908 +- 0.024120111018419266
VaAcc: 0.927354097366333 +- 0.017524154856801033	Va_CE: 0.28182724118232727 +- 0.055212996900081635
Ancestors: 161.0 +- 0.0
pop len 5000
Best Individual | TrAcc: 0.9974874258041382, TrCE: 0.03337647020816803, VaAcc: 0.9415204524993896, VaCE: 0.27337244153022766
ENSEMBLE | Tr_Acc: 0.9974874258041382, Tr_CE: 0.034461211413145065, Va_Acc: 0.9415204524993896, Va_CE: 0.2708853483200073
Generation: 162
TrAcc: 0.9849763512611389 +- 0.010351440869271755	TrCE: 0.06572401523590088 +- 0.014446894638240337
VaAcc: 0.9337903261184692 +- 0.013367433100938797	Va_CE: 0.2704619765281677 +- 0.04317815974354744
Ancestors: 162.0 +- 0.0
pop len 5000
Best Individual | TrAcc: 0.9974874258041382, TrCE: 0.03337646648287773, VaAcc: 0.9415204524993896, VaCE: 0.27337244153022766
Generation: 163
TrAcc: 0.9937429428100586 +- 0.004213896580040455	TrCE: 0.046051185578107834 +- 0.008584621362388134
VaAcc: 0.9376865029335022 +- 0.007021292112767696	Va_CE: 0.2684360146522522 +- 0.028600960969924927
Ancestors: 163.0 +- 0.0
pop len 5000
Best Individual | TrAcc: 0.9974874258041382, TrCE: 0.03337646648287773, VaAcc: 0.9415204524993896, VaCE: 0.2733724117279053
Generation: 164
TrAcc: 0.9967166185379028 +- 0.0026306656654924154	TrCE: 0.035847924649715424 +- 0.004761662799865007
VaAcc: 0.9396278262138367 +- 0.0037916875444352627	Va_CE: 0.269819974899292 +- 0.012450753711163998
Ancestors: 164.0 +- 0.0
pop len 5000
Best Individual | TrAcc: 0.9974874258041382, TrCE: 0.03337646648287773, VaAcc: 0.9415204524993896, VaCE: 0.2733724117279053
Generation: 165
TrAcc: 0.9972583055496216 +- 0.0024306613486260176	TrCE: 0.03390038013458252 +- 0.004045705311000347
VaAcc: 0.941261887550354 +- 0.002638524631038308	Va_CE: 0.27364620566368103 +- 0.006721473298966885
Ancestors: 165.0 +- 0.0
pop len 5000
Best Individual | TrAcc: 0.9974874258041382, TrCE: 0.03337646648287773, VaAcc: 0.9415204524993896, VaCE: 0.27337244153022766
Generation: 166
TrAcc: 0.9972513914108276 +- 0.002530557569116354	TrCE: 0.03391815349459648 +- 0.003960005939006805
VaAcc: 0.9412188529968262 +- 0.002970390720292926	Va_CE: 0.27373141050338745 +- 0.006280077621340752
Ancestors: 166.0 +- 0.0
pop len 5000
Best Individual | TrAcc: 0.9974874258041382, TrCE: 0.03337646648287773, VaAcc: 0.9415204524993896, VaCE: 0.2733724117279053
Generation: 167
TrAcc: 0.9972561597824097 +- 0.002297316212207079	TrCE: 0.03397292643785477 +- 0.004118168726563454
VaAcc: 0.9412178993225098 +- 0.0029507766012102365	Va_CE: 0.27370011806488037 +- 0.006248179357498884
Ancestors: 167.0 +- 0.0
pop len 5000
Best Individual | TrAcc: 0.9974874258041382, TrCE: 0.03337646648287773, VaAcc: 0.9415204524993896, VaCE: 0.27337244153022766
Generation: 168
TrAcc: 0.9972659349441528 +- 0.002359303180128336	TrCE: 0.033920563757419586 +- 0.0040705036371946335
VaAcc: 0.9412575960159302 +- 0.002638118341565132	Va_CE: 0.27366751432418823 +- 0.0061609758995473385
Ancestors: 168.0 +- 0.0
pop len 5000
Best Individual | TrAcc: 0.9974874258041382, TrCE: 0.03337646648287773, VaAcc: 0.9415204524993896, VaCE: 0.27337244153022766
Generation: 169
TrAcc: 0.9971936345100403 +- 0.0026998724788427353	TrCE: 0.03403754159808159 +- 0.0045003462582826614
VaAcc: 0.9411860108375549 +- 0.0034553171135485172	Va_CE: 0.27377429604530334 +- 0.0070040724240243435
Ancestors: 169.0 +- 0.0
pop len 5000
Best Individual | TrAcc: 0.9974874258041382, TrCE: 0.03337646275758743, VaAcc: 0.9415204524993896, VaCE: 0.2733724117279053
current_layer 0
Generation: 170
TrAcc: 0.9375006556510925 +- 0.03785417973995209	TrCE: 0.19590580463409424 +- 0.09953197091817856
VaAcc: 0.9084933400154114 +- 0.033775895833969116	Va_CE: 0.3445202708244324 +- 0.10934177041053772
Ancestors: 170.0 +- 0.0
pop len 5000
Best Individual | TrAcc: 0.9974874258041382, TrCE: 0.03337647020816803, VaAcc: 0.9415204524993896, VaCE: 0.27337244153022766
Generation: 171
TrAcc: 0.9719194173812866 +- 0.016216224059462547	TrCE: 0.09544605016708374 +- 0.02304227277636528
VaAcc: 0.9279809594154358 +- 0.017373282462358475	Va_CE: 0.2831408977508545 +- 0.05457120016217232
Ancestors: 171.0 +- 0.0
pop len 5000
Best Individual | TrAcc: 0.9974874258041382, TrCE: 0.03337646648287773, VaAcc: 0.9415204524993896, VaCE: 0.2733724117279053
ENSEMBLE | Tr_Acc: 0.9974874258041382, Tr_CE: 0.03417610377073288, Va_Acc: 0.9415204524993896, Va_CE: 0.2707875072956085
Generation: 172
TrAcc: 0.9867584705352783 +- 0.009129108861088753	TrCE: 0.06368448585271835 +- 0.014043371193110943
VaAcc: 0.9341782331466675 +- 0.010100727900862694	Va_CE: 0.2773790657520294 +- 0.03778135031461716
Ancestors: 172.0 +- 0.0
pop len 5000
Best Individual | TrAcc: 0.9974874258041382, TrCE: 0.03337646648287773, VaAcc: 0.9415204524993896, VaCE: 0.27337244153022766
Generation: 173
TrAcc: 0.9940201044082642 +- 0.004476961679756641	TrCE: 0.045595914125442505 +- 0.008601725101470947
VaAcc: 0.9369348883628845 +- 0.007315090857446194	Va_CE: 0.2703058123588562 +- 0.028475657105445862
Ancestors: 173.0 +- 0.0
pop len 5000
Best Individual | TrAcc: 0.9974874258041382, TrCE: 0.03337646275758743, VaAcc: 0.9415204524993896, VaCE: 0.27337244153022766
Generation: 174
TrAcc: 0.9969675540924072 +- 0.002551048994064331	TrCE: 0.03475369140505791 +- 0.0044926549308001995
VaAcc: 0.9409491419792175 +- 0.003210097085684538	Va_CE: 0.26924458146095276 +- 0.016819868236780167
Ancestors: 174.0 +- 0.0
pop len 5000
Best Individual | TrAcc: 0.9974874258041382, TrCE: 0.03320387378334999, VaAcc: 0.9415204524993896, VaCE: 0.2754841148853302
Generation: 175
TrAcc: 0.9972289800643921 +- 0.002664772793650627	TrCE: 0.03397500142455101 +- 0.004390048328787088
VaAcc: 0.9411852359771729 +- 0.003310606349259615	Va_CE: 0.27367186546325684 +- 0.006261125672608614
Ancestors: 175.0 +- 0.0
pop len 5000
Best Individual | TrAcc: 0.9974874258041382, TrCE: 0.03320387378334999, VaAcc: 0.9415204524993896, VaCE: 0.2754841148853302
Generation: 176
TrAcc: 0.9972658157348633 +- 0.002423166064545512	TrCE: 0.03391707316040993 +- 0.004244464449584484
VaAcc: 0.9412423968315125 +- 0.002580670639872551	Va_CE: 0.27371177077293396 +- 0.005770336836576462
Ancestors: 176.0 +- 0.0
pop len 5000
Best Individual | TrAcc: 0.9974874258041382, TrCE: 0.03320387378334999, VaAcc: 0.9415204524993896, VaCE: 0.2754841148853302
Generation: 177
TrAcc: 0.9971779584884644 +- 0.0030126569326967	TrCE: 0.03402402624487877 +- 0.004679466597735882
VaAcc: 0.9411153197288513 +- 0.0036577489227056503	Va_CE: 0.27389955520629883 +- 0.0077857463620603085
Ancestors: 177.0 +- 0.0
pop len 5000
Best Individual | TrAcc: 0.9974874258041382, TrCE: 0.033203862607479095, VaAcc: 0.9415204524993896, VaCE: 0.2754841148853302
Generation: 178
TrAcc: 0.9972306489944458 +- 0.002630791161209345	TrCE: 0.03397921845316887 +- 0.0043633258901536465
VaAcc: 0.9412127137184143 +- 0.0030426043085753918	Va_CE: 0.27374032139778137 +- 0.006757335737347603
Ancestors: 178.0 +- 0.0
pop len 5000
Best Individual | TrAcc: 0.9974874258041382, TrCE: 0.033203862607479095, VaAcc: 0.9415204524993896, VaCE: 0.2754841148853302
Generation: 179
TrAcc: 0.9972890615463257 +- 0.0024030318018049	TrCE: 0.03380546346306801 +- 0.003570887725800276
VaAcc: 0.9412235617637634 +- 0.0030323686078190804	Va_CE: 0.2736283838748932 +- 0.005118602886795998
Ancestors: 179.0 +- 0.0
pop len 5000
Best Individual | TrAcc: 0.9974874258041382, TrCE: 0.033203862607479095, VaAcc: 0.9415204524993896, VaCE: 0.2754841148853302
current_layer 0
Generation: 180
TrAcc: 0.9374229311943054 +- 0.03643456846475601	TrCE: 0.1961473822593689 +- 0.09728892147541046
VaAcc: 0.9087370038032532 +- 0.032828155905008316	Va_CE: 0.3428032696247101 +- 0.112517811357975
Ancestors: 180.0 +- 0.0
pop len 5000
Best Individual | TrAcc: 0.9974874258041382, TrCE: 0.03337647020816803, VaAcc: 0.9415204524993896, VaCE: 0.27337244153022766
Generation: 181
TrAcc: 0.9710948467254639 +- 0.016866158694028854	TrCE: 0.0972454696893692 +- 0.0237503033131361
VaAcc: 0.9273886680603027 +- 0.018178744241595268	Va_CE: 0.28421148657798767 +- 0.05755424499511719
Ancestors: 181.0 +- 0.0
pop len 5000
Best Individual | TrAcc: 0.9974874258041382, TrCE: 0.03337647020816803, VaAcc: 0.9415204524993896, VaCE: 0.27337244153022766
ENSEMBLE | Tr_Acc: 0.9974874258041382, Tr_CE: 0.03400084748864174, Va_Acc: 0.9415204524993896, Va_CE: 0.27079057693481445
Generation: 182
TrAcc: 0.9857499003410339 +- 0.010410773567855358	TrCE: 0.06579098105430603 +- 0.01450543012470007
VaAcc: 0.9350582957267761 +- 0.01233441848307848	Va_CE: 0.2725072503089905 +- 0.04278278723359108
Ancestors: 182.0 +- 0.0
pop len 5000
Best Individual | TrAcc: 0.9974874258041382, TrCE: 0.03337646275758743, VaAcc: 0.9415204524993896, VaCE: 0.27337244153022766
Generation: 183
TrAcc: 0.9937750697135925 +- 0.005153233651071787	TrCE: 0.046081166714429855 +- 0.008689045906066895
VaAcc: 0.9380939602851868 +- 0.006190222222357988	Va_CE: 0.26925840973854065 +- 0.03096853382885456
Ancestors: 183.0 +- 0.0
pop len 5000
Best Individual | TrAcc: 0.9974874258041382, TrCE: 0.03276318311691284, VaAcc: 0.9356725215911865, VaCE: 0.25494495034217834
Generation: 184
TrAcc: 0.9972236156463623 +- 0.00248178793117404	TrCE: 0.03507881984114647 +- 0.004289897624403238
VaAcc: 0.9400681853294373 +- 0.0033729318529367447	Va_CE: 0.2746654152870178 +- 0.013840442523360252
Ancestors: 184.0 +- 0.0
pop len 5000
Best Individual | TrAcc: 0.9974874258041382, TrCE: 0.03276318311691284, VaAcc: 0.9356725215911865, VaCE: 0.25494495034217834
Generation: 185
TrAcc: 0.9973325133323669 +- 0.0020129645708948374	TrCE: 0.03380156308412552 +- 0.0034829953219741583
VaAcc: 0.9412745833396912 +- 0.0021950267255306244	Va_CE: 0.273424357175827 +- 0.00537620997056365
Ancestors: 185.0 +- 0.0
pop len 5000
Best Individual | TrAcc: 0.9974874258041382, TrCE: 0.03276317939162254, VaAcc: 0.9356725215911865, VaCE: 0.25494495034217834
Generation: 186
TrAcc: 0.9972484111785889 +- 0.0027248109690845013	TrCE: 0.03389125317335129 +- 0.0041839019395411015
VaAcc: 0.9410718679428101 +- 0.0032477686181664467	Va_CE: 0.273347407579422 +- 0.007333718705922365
Ancestors: 186.0 +- 0.0
pop len 5000
Best Individual | TrAcc: 0.9974874258041382, TrCE: 0.032763175666332245, VaAcc: 0.9356725215911865, VaCE: 0.25494495034217834
Generation: 187
TrAcc: 0.9972729682922363 +- 0.002377719385549426	TrCE: 0.033844608813524246 +- 0.003973168320953846
VaAcc: 0.9406253695487976 +- 0.0036987022031098604	Va_CE: 0.2717632055282593 +- 0.009150945581495762
Ancestors: 187.0 +- 0.0
pop len 5000
Best Individual | TrAcc: 0.9974874258041382, TrCE: 0.032763175666332245, VaAcc: 0.9356725215911865, VaCE: 0.25494495034217834
Generation: 188
TrAcc: 0.9973094463348389 +- 0.0021069173235446215	TrCE: 0.03350963816046715 +- 0.0035952560137957335
VaAcc: 0.9383904337882996 +- 0.0036767905112355947	Va_CE: 0.2641734182834625 +- 0.010777965188026428
Ancestors: 188.0 +- 0.0
pop len 5000
Best Individual | TrAcc: 0.9949748516082764, TrCE: 0.032575417309999466, VaAcc: 0.9415204524993896, VaCE: 0.2122642993927002
Generation: 189
TrAcc: 0.9973171949386597 +- 0.0019053955329582095	TrCE: 0.03326691687107086 +- 0.0038845310918986797
VaAcc: 0.9356266856193542 +- 0.001791474292986095	Va_CE: 0.2551037669181824 +- 0.004945542197674513
Ancestors: 189.0 +- 0.0
pop len 5000
Best Individual | TrAcc: 0.9949748516082764, TrCE: 0.03257541358470917, VaAcc: 0.9415204524993896, VaCE: 0.2122642993927002
current_layer 0
Generation: 190
TrAcc: 0.9385149478912354 +- 0.03651818260550499	TrCE: 0.19259865581989288 +- 0.09492944926023483
VaAcc: 0.908987820148468 +- 0.03260820358991623	Va_CE: 0.32692766189575195 +- 0.10818453133106232
Ancestors: 190.0 +- 0.0
pop len 5000
Best Individual | TrAcc: 0.9974874258041382, TrCE: 0.03276317939162254, VaAcc: 0.9356725215911865, VaCE: 0.25494498014450073
Generation: 191
TrAcc: 0.9721547961235046 +- 0.017028257250785828	TrCE: 0.09318548440933228 +- 0.02418498322367668
VaAcc: 0.9265566468238831 +- 0.018261121585965157	Va_CE: 0.2650047242641449 +- 0.050638142973184586
Ancestors: 191.0 +- 0.0
pop len 5000
Best Individual | TrAcc: 0.9974874258041382, TrCE: 0.03276317939162254, VaAcc: 0.9356725215911865, VaCE: 0.25494498014450073
ENSEMBLE | Tr_Acc: 0.9974874258041382, Tr_CE: 0.03339039161801338, Va_Acc: 0.9415204524993896, Va_CE: 0.26816844940185547
Generation: 192
TrAcc: 0.9872429966926575 +- 0.009299525059759617	TrCE: 0.06081654131412506 +- 0.014199962839484215
VaAcc: 0.9329026341438293 +- 0.011445485055446625	Va_CE: 0.2537785768508911 +- 0.03656371310353279
Ancestors: 192.0 +- 0.0
pop len 5000
Best Individual | TrAcc: 0.9974874258041382, TrCE: 0.032464660704135895, VaAcc: 0.9415204524993896, VaCE: 0.24580886960029602
Generation: 193
TrAcc: 0.9949187636375427 +- 0.003883460070937872	TrCE: 0.042252250015735626 +- 0.0071323527954518795
VaAcc: 0.935031533241272 +- 0.006173728499561548	Va_CE: 0.2526344358921051 +- 0.023693013936281204
Ancestors: 193.0 +- 0.0
pop len 5000
Best Individual | TrAcc: 0.9974874258041382, TrCE: 0.032464660704135895, VaAcc: 0.9415204524993896, VaCE: 0.24580886960029602
Generation: 194
TrAcc: 0.9973036050796509 +- 0.001969088101759553	TrCE: 0.03400934487581253 +- 0.0038167184684425592
VaAcc: 0.936919629573822 +- 0.003075510961934924	Va_CE: 0.25175711512565613 +- 0.009410981088876724
Ancestors: 194.0 +- 0.0
pop len 5000
Best Individual | TrAcc: 0.9974874258041382, TrCE: 0.031589068472385406, VaAcc: 0.9415204524993896, VaCE: 0.24622604250907898
Generation: 195
TrAcc: 0.997272253036499 +- 0.0018114348640665412	TrCE: 0.03309778496623039 +- 0.0031035011634230614
VaAcc: 0.9360183477401733 +- 0.002395923715084791	Va_CE: 0.2533234655857086 +- 0.00954014528542757
Ancestors: 195.0 +- 0.0
pop len 5000
Best Individual | TrAcc: 0.9974874258041382, TrCE: 0.031589068472385406, VaAcc: 0.9415204524993896, VaCE: 0.24622605741024017
Generation: 196
TrAcc: 0.9968571066856384 +- 0.0024282773956656456	TrCE: 0.0332183875143528 +- 0.00449121929705143
VaAcc: 0.9374695420265198 +- 0.0033420573454350233	Va_CE: 0.24673376977443695 +- 0.01656494103372097
Ancestors: 196.0 +- 0.0
pop len 5000
Best Individual | TrAcc: 0.9974874258041382, TrCE: 0.031589068472385406, VaAcc: 0.9415204524993896, VaCE: 0.24622605741024017
Generation: 197
TrAcc: 0.9966000914573669 +- 0.002296225167810917	TrCE: 0.03270193561911583 +- 0.0038389223627746105
VaAcc: 0.9414337873458862 +- 0.0024286708794534206	Va_CE: 0.23670752346515656 +- 0.01645820587873459
Ancestors: 197.0 +- 0.0
pop len 5000
Best Individual | TrAcc: 0.9974874258041382, TrCE: 0.031589068472385406, VaAcc: 0.9415204524993896, VaCE: 0.24622604250907898
Generation: 198
TrAcc: 0.9972627758979797 +- 0.0025989501737058163	TrCE: 0.03214070945978165 +- 0.0043676430359482765
VaAcc: 0.941268265247345 +- 0.0026375805027782917	Va_CE: 0.24668894708156586 +- 0.006839658599346876
Ancestors: 198.0 +- 0.0
pop len 5000
Best Individual | TrAcc: 0.9974874258041382, TrCE: 0.031589068472385406, VaAcc: 0.9415204524993896, VaCE: 0.24622605741024017
Generation: 199
TrAcc: 0.9972713589668274 +- 0.0024648529943078756	TrCE: 0.03207388147711754 +- 0.0037804541643708944
VaAcc: 0.9412525296211243 +- 0.0030491375364363194	Va_CE: 0.2464684098958969 +- 0.006807597354054451
Ancestors: 199.0 +- 0.0
pop len 5000
Best Individual | TrAcc: 0.9974874258041382, TrCE: 0.031589068472385406, VaAcc: 0.9415204524993896, VaCE: 0.24622605741024017
current_layer 0
Mod Accuracy || Mean: 0.9415204524993896	 Std: 0.0
Ens Accuracy || Mean: 0.9415204524993896	 Std: 0.0
Mod CE || Mean: 0.24622605741024017	 Std: 0.0
Ens CE || Mean: 0.26816844940185547	 Std: 0.0
