

config:

HOME=/clusterFS/home/student/kopp13
PATH=/clusterFS/home/student/kopp13/miniconda3/envs/tensorflow/bin:/clusterFS/home/student/kopp13/miniconda3/bin:/clusterFS/home/student/kopp13/bin:/usr/local/bin:/usr/bin:/bin:/usr/local/games:/usr/games
LD_LIBRARY_PATH=
THEANO_FLAGS=floatX=float32,gpuarray.preallocate=0.9,dnn.library_path=/usr/lib/x86_64-linux-gnu,cxx=clang++-3.8,device=cuda,base_compiledir=/tmp/tmp.q0PnGUMhvM
Pretrained network accuracy: 1.0
NN CONFIG
Weight-type:		binary
Layout									Layer #1: 30	Layer #2: 40	Layer #3: 2	
Activation Functions					Layer #1: bs	
Keep probabilities		Layer #0: 0.9	Layer #1: 1.0	
Flat factors							Layer #1: 1.0	Layer #2: 1.0	
Activation Noise						Layer #1: 0.0	Layer #2: 0.0	
Prior: 0.9

===================================

RUN CONFIG
Epochs: 100, Blocksize: 8

===================================

Epoch: 0, AccTr: 0.9195979833602905, AccVa: 0.9239766001701355, CeTr: 0.4452897310256958, CeVa: 0.5226666927337646
Epoch: 1, AccTr: 0.9648241400718689, AccVa: 0.9532163739204407, CeTr: 0.14492064714431763, CeVa: 0.23928989470005035
Epoch: 2, AccTr: 0.9522613286972046, AccVa: 0.9473684430122375, CeTr: 0.2489871233701706, CeVa: 0.3302920162677765
Epoch: 3, AccTr: 0.9824120402336121, AccVa: 0.9824561476707458, CeTr: 0.06720734387636185, CeVa: 0.13030505180358887
Epoch: 4, AccTr: 0.9422110319137573, AccVa: 0.9649122953414917, CeTr: 0.1855732649564743, CeVa: 0.1819096952676773
Epoch: 5, AccTr: 0.9547738432884216, AccVa: 0.9532163739204407, CeTr: 0.16325634717941284, CeVa: 0.25581037998199463
Epoch: 6, AccTr: 0.9673366546630859, AccVa: 0.9415204524993896, CeTr: 0.1652788668870926, CeVa: 0.20585088431835175
Epoch: 7, AccTr: 0.9874371886253357, AccVa: 0.9707602262496948, CeTr: 0.05466441065073013, CeVa: 0.1278446763753891
Epoch: 8, AccTr: 0.9648241400718689, AccVa: 0.9766082167625427, CeTr: 0.16221174597740173, CeVa: 0.16160625219345093
Epoch: 9, AccTr: 0.9648241400718689, AccVa: 0.9590643048286438, CeTr: 0.11951158195734024, CeVa: 0.24846535921096802
Epoch: 10, AccTr: 0.9648241400718689, AccVa: 0.9649122953414917, CeTr: 0.19621850550174713, CeVa: 0.20027662813663483
Epoch: 11, AccTr: 0.9824120402336121, AccVa: 0.9707602262496948, CeTr: 0.06147304177284241, CeVa: 0.1119391918182373
Epoch: 12, AccTr: 0.9522613286972046, AccVa: 0.9590643048286438, CeTr: 0.1371549665927887, CeVa: 0.15124909579753876
Epoch: 13, AccTr: 0.9849246144294739, AccVa: 0.9707602262496948, CeTr: 0.02843555621802807, CeVa: 0.096199169754982
Epoch: 14, AccTr: 0.9723618030548096, AccVa: 0.9590643048286438, CeTr: 0.06789346039295197, CeVa: 0.11197435855865479
Epoch: 15, AccTr: 0.9849246144294739, AccVa: 0.9766082167625427, CeTr: 0.035113897174596786, CeVa: 0.06783976405858994
Epoch: 16, AccTr: 0.9773869514465332, AccVa: 0.9415204524993896, CeTr: 0.06810007989406586, CeVa: 0.17706890404224396
Epoch: 17, AccTr: 0.9422110319137573, AccVa: 0.9415204524993896, CeTr: 0.29207128286361694, CeVa: 0.31947457790374756
Epoch: 18, AccTr: 0.9597989916801453, AccVa: 0.9532163739204407, CeTr: 0.17226818203926086, CeVa: 0.15640531480312347
Epoch: 19, AccTr: 0.9547738432884216, AccVa: 0.9766082167625427, CeTr: 0.18601106107234955, CeVa: 0.12906557321548462
Epoch: 20, AccTr: 0.9723618030548096, AccVa: 0.9473684430122375, CeTr: 0.07483644038438797, CeVa: 0.18159206211566925
Epoch: 21, AccTr: 0.9698492288589478, AccVa: 0.988304078578949, CeTr: 0.15729156136512756, CeVa: 0.02946378104388714
Epoch: 22, AccTr: 0.9597989916801453, AccVa: 0.9649122953414917, CeTr: 0.1385204792022705, CeVa: 0.15199343860149384
Epoch: 23, AccTr: 0.9547738432884216, AccVa: 0.9532163739204407, CeTr: 0.1981535255908966, CeVa: 0.2665223777294159
Epoch: 24, AccTr: 0.9497487545013428, AccVa: 0.9766082167625427, CeTr: 0.15322664380073547, CeVa: 0.11536061763763428
Epoch: 25, AccTr: 0.9497487545013428, AccVa: 0.9298245906829834, CeTr: 0.21623185276985168, CeVa: 0.25032421946525574
Epoch: 26, AccTr: 0.9497487545013428, AccVa: 0.9532163739204407, CeTr: 0.18935318291187286, CeVa: 0.23593497276306152
Epoch: 27, AccTr: 0.9974874258041382, AccVa: 0.9532163739204407, CeTr: 0.0135600995272398, CeVa: 0.15023934841156006
Epoch: 28, AccTr: 0.9597989916801453, AccVa: 0.9824561476707458, CeTr: 0.17027655243873596, CeVa: 0.08887943625450134
Epoch: 29, AccTr: 0.9522613286972046, AccVa: 0.9649122953414917, CeTr: 0.25548383593559265, CeVa: 0.2691775858402252
Epoch: 30, AccTr: 0.9773869514465332, AccVa: 0.9415204524993896, CeTr: 0.11602812260389328, CeVa: 0.26573044061660767
ENSEMBLE | Tr_Acc: 0.9773869514465332, Tr_CE: 0.11602812260389328, Va_Acc: 0.9415204524993896, Va_CE: 0.26573044061660767
Epoch: 31, AccTr: 0.9748743772506714, AccVa: 0.9356725215911865, CeTr: 0.09867274016141891, CeVa: 0.25616970658302307
Epoch: 32, AccTr: 0.9698492288589478, AccVa: 0.9590643048286438, CeTr: 0.12398214638233185, CeVa: 0.27200278639793396
Epoch: 33, AccTr: 0.9648241400718689, AccVa: 0.9473684430122375, CeTr: 0.14187774062156677, CeVa: 0.18986886739730835
ENSEMBLE | Tr_Acc: 0.9849246144294739, Tr_CE: 0.05183092877268791, Va_Acc: 0.9824561476707458, Va_CE: 0.0470287911593914
Epoch: 34, AccTr: 0.9723618030548096, AccVa: 0.9649122953414917, CeTr: 0.0892760381102562, CeVa: 0.1287028044462204
Epoch: 35, AccTr: 0.9698492288589478, AccVa: 0.9707602262496948, CeTr: 0.19871844351291656, CeVa: 0.0887419581413269
Epoch: 36, AccTr: 0.9547738432884216, AccVa: 0.9649122953414917, CeTr: 0.15823207795619965, CeVa: 0.09333667159080505
ENSEMBLE | Tr_Acc: 0.9824120402336121, Tr_CE: 0.0536976233124733, Va_Acc: 0.988304078578949, Va_CE: 0.030458837747573853
Epoch: 37, AccTr: 0.9597989916801453, AccVa: 0.9649122953414917, CeTr: 0.19552968442440033, CeVa: 0.12832781672477722
Epoch: 38, AccTr: 0.9522613286972046, AccVa: 0.9532163739204407, CeTr: 0.18680232763290405, CeVa: 0.19420726597309113
Epoch: 39, AccTr: 0.9673366546630859, AccVa: 0.9532163739204407, CeTr: 0.13478922843933105, CeVa: 0.29441332817077637
ENSEMBLE | Tr_Acc: 0.9899497628211975, Tr_CE: 0.045532021671533585, Va_Acc: 0.988304078578949, Va_CE: 0.06387527287006378
Epoch: 40, AccTr: 0.9623115658760071, AccVa: 0.9707602262496948, CeTr: 0.14958041906356812, CeVa: 0.12036789953708649
Epoch: 41, AccTr: 0.9673366546630859, AccVa: 0.9590643048286438, CeTr: 0.12550026178359985, CeVa: 0.17918232083320618
Epoch: 42, AccTr: 0.9673366546630859, AccVa: 0.9766082167625427, CeTr: 0.16300331056118011, CeVa: 0.07774829864501953
ENSEMBLE | Tr_Acc: 0.9874371886253357, Tr_CE: 0.05088946595788002, Va_Acc: 0.988304078578949, Va_CE: 0.041134197264909744
Epoch: 43, AccTr: 0.9623115658760071, AccVa: 0.9473684430122375, CeTr: 0.27143844962120056, CeVa: 0.2785489857196808
Epoch: 44, AccTr: 0.9522613286972046, AccVa: 0.9766082167625427, CeTr: 0.21736490726470947, CeVa: 0.12309190630912781
Epoch: 45, AccTr: 0.9924623370170593, AccVa: 0.9707602262496948, CeTr: 0.023315001279115677, CeVa: 0.18312811851501465
ENSEMBLE | Tr_Acc: 0.9899497628211975, Tr_CE: 0.03954761102795601, Va_Acc: 0.9824561476707458, Va_CE: 0.040691573172807693
Epoch: 46, AccTr: 0.9522613286972046, AccVa: 0.9707602262496948, CeTr: 0.16878241300582886, CeVa: 0.11954014003276825
Epoch: 47, AccTr: 0.9547738432884216, AccVa: 0.9590643048286438, CeTr: 0.22831329703330994, CeVa: 0.20503221452236176
Epoch: 48, AccTr: 0.9773869514465332, AccVa: 0.9590643048286438, CeTr: 0.13293439149856567, CeVa: 0.12296486645936966
ENSEMBLE | Tr_Acc: 0.9924623370170593, Tr_CE: 0.03873812407255173, Va_Acc: 0.988304078578949, Va_CE: 0.022144529968500137
Epoch: 49, AccTr: 0.9522613286972046, AccVa: 0.988304078578949, CeTr: 0.15125013887882233, CeVa: 0.07499658316373825
Epoch: 50, AccTr: 0.9572864174842834, AccVa: 0.9649122953414917, CeTr: 0.160081684589386, CeVa: 0.09805161505937576
Epoch: 51, AccTr: 0.9623115658760071, AccVa: 0.9766082167625427, CeTr: 0.17170867323875427, CeVa: 0.15350095927715302
ENSEMBLE | Tr_Acc: 0.9924623370170593, Tr_CE: 0.0443422794342041, Va_Acc: 0.9941520690917969, Va_CE: 0.02446652762591839
Epoch: 52, AccTr: 0.9572864174842834, AccVa: 0.9415204524993896, CeTr: 0.13338355720043182, CeVa: 0.20064477622509003
Epoch: 53, AccTr: 0.9572864174842834, AccVa: 0.9766082167625427, CeTr: 0.20886877179145813, CeVa: 0.112065389752388
Epoch: 54, AccTr: 0.9396985173225403, AccVa: 0.9590643048286438, CeTr: 0.2334943264722824, CeVa: 0.10675236582756042
ENSEMBLE | Tr_Acc: 0.9899497628211975, Tr_CE: 0.04239515960216522, Va_Acc: 0.9941520690917969, Va_CE: 0.02208760567009449
Epoch: 55, AccTr: 0.9698492288589478, AccVa: 0.9707602262496948, CeTr: 0.18449175357818604, CeVa: 0.1765742003917694
Epoch: 56, AccTr: 0.9773869514465332, AccVa: 0.9415204524993896, CeTr: 0.12057475745677948, CeVa: 0.2228366583585739
Epoch: 57, AccTr: 0.947236180305481, AccVa: 0.9473684430122375, CeTr: 0.26999878883361816, CeVa: 0.19024156033992767
ENSEMBLE | Tr_Acc: 0.9899497628211975, Tr_CE: 0.04208336025476456, Va_Acc: 0.9941520690917969, Va_CE: 0.022727904841303825
Epoch: 58, AccTr: 0.9623115658760071, AccVa: 0.9356725215911865, CeTr: 0.21282704174518585, CeVa: 0.2991138994693756
Epoch: 59, AccTr: 0.9698492288589478, AccVa: 0.9532163739204407, CeTr: 0.12042587250471115, CeVa: 0.22488072514533997
Epoch: 60, AccTr: 0.9346733689308167, AccVa: 0.9356725215911865, CeTr: 0.25011250376701355, CeVa: 0.2604247033596039
ENSEMBLE | Tr_Acc: 0.9899497628211975, Tr_CE: 0.04126313328742981, Va_Acc: 0.988304078578949, Va_CE: 0.02310703694820404
Epoch: 61, AccTr: 0.9623115658760071, AccVa: 0.9473684430122375, CeTr: 0.18512041866779327, CeVa: 0.27810806035995483
Epoch: 62, AccTr: 0.9673366546630859, AccVa: 0.9707602262496948, CeTr: 0.1583566516637802, CeVa: 0.18521198630332947
Epoch: 63, AccTr: 0.9723618030548096, AccVa: 0.988304078578949, CeTr: 0.13440023362636566, CeVa: 0.03854423016309738
ENSEMBLE | Tr_Acc: 0.9899497628211975, Tr_CE: 0.037979401648044586, Va_Acc: 0.9941520690917969, Va_CE: 0.019075904041528702
Epoch: 64, AccTr: 0.9849246144294739, AccVa: 0.9766082167625427, CeTr: 0.12250184267759323, CeVa: 0.08872418105602264
Epoch: 65, AccTr: 0.9773869514465332, AccVa: 0.9590643048286438, CeTr: 0.10776782035827637, CeVa: 0.18133080005645752
Epoch: 66, AccTr: 0.9673366546630859, AccVa: 0.9707602262496948, CeTr: 0.12688758969306946, CeVa: 0.11509895324707031
ENSEMBLE | Tr_Acc: 0.9899497628211975, Tr_CE: 0.03747273236513138, Va_Acc: 0.9941520690917969, Va_CE: 0.019607463851571083
Epoch: 67, AccTr: 0.9773869514465332, AccVa: 0.9649122953414917, CeTr: 0.08609543740749359, CeVa: 0.15086659789085388
Epoch: 68, AccTr: 0.9547738432884216, AccVa: 0.9707602262496948, CeTr: 0.2711484432220459, CeVa: 0.13073214888572693
Epoch: 69, AccTr: 0.9748743772506714, AccVa: 0.9532163739204407, CeTr: 0.12325648963451385, CeVa: 0.20902448892593384
ENSEMBLE | Tr_Acc: 0.9899497628211975, Tr_CE: 0.03792313113808632, Va_Acc: 0.9941520690917969, Va_CE: 0.01854996755719185
Epoch: 70, AccTr: 0.9623115658760071, AccVa: 0.9707602262496948, CeTr: 0.1574072688817978, CeVa: 0.1573944240808487
Epoch: 71, AccTr: 0.947236180305481, AccVa: 0.9473684430122375, CeTr: 0.23632383346557617, CeVa: 0.23369471728801727
Epoch: 72, AccTr: 0.9447236061096191, AccVa: 0.9239766001701355, CeTr: 0.2600501477718353, CeVa: 0.3045900762081146
ENSEMBLE | Tr_Acc: 0.9899497628211975, Tr_CE: 0.03781254217028618, Va_Acc: 0.9941520690917969, Va_CE: 0.01739632524549961
Epoch: 73, AccTr: 0.9497487545013428, AccVa: 0.9473684430122375, CeTr: 0.18550638854503632, CeVa: 0.14072951674461365
Epoch: 74, AccTr: 0.9773869514465332, AccVa: 0.9824561476707458, CeTr: 0.03794633597135544, CeVa: 0.09551752358675003
Epoch: 75, AccTr: 0.9924623370170593, AccVa: 0.9649122953414917, CeTr: 0.02730627916753292, CeVa: 0.17829324305057526
ENSEMBLE | Tr_Acc: 0.9899497628211975, Tr_CE: 0.03611266613006592, Va_Acc: 0.9941520690917969, Va_CE: 0.018960610032081604
Epoch: 76, AccTr: 0.9748743772506714, AccVa: 0.9649122953414917, CeTr: 0.09240005910396576, CeVa: 0.11367577314376831
Epoch: 77, AccTr: 0.9597989916801453, AccVa: 0.9766082167625427, CeTr: 0.14419420063495636, CeVa: 0.13680510222911835
Epoch: 78, AccTr: 0.9547738432884216, AccVa: 0.9590643048286438, CeTr: 0.26315346360206604, CeVa: 0.12615032494068146
ENSEMBLE | Tr_Acc: 0.9899497628211975, Tr_CE: 0.0371985137462616, Va_Acc: 0.9941520690917969, Va_CE: 0.019475189968943596
Epoch: 79, AccTr: 0.9522613286972046, AccVa: 0.9649122953414917, CeTr: 0.217364102602005, CeVa: 0.1698886752128601
Epoch: 80, AccTr: 0.9572864174842834, AccVa: 0.9649122953414917, CeTr: 0.14589107036590576, CeVa: 0.15325403213500977
Epoch: 81, AccTr: 0.9547738432884216, AccVa: 0.9590643048286438, CeTr: 0.27499306201934814, CeVa: 0.27835026383399963
ENSEMBLE | Tr_Acc: 0.9899497628211975, Tr_CE: 0.043490029871463776, Va_Acc: 0.988304078578949, Va_CE: 0.02256343513727188
Epoch: 82, AccTr: 0.9698492288589478, AccVa: 0.9649122953414917, CeTr: 0.12720032036304474, CeVa: 0.1195015013217926
Epoch: 83, AccTr: 0.9673366546630859, AccVa: 0.9590643048286438, CeTr: 0.14318914711475372, CeVa: 0.16491538286209106
Epoch: 84, AccTr: 0.9497487545013428, AccVa: 0.9532163739204407, CeTr: 0.22780555486679077, CeVa: 0.22571128606796265
ENSEMBLE | Tr_Acc: 0.9899497628211975, Tr_CE: 0.042751360684633255, Va_Acc: 0.988304078578949, Va_CE: 0.0205680038779974
Epoch: 85, AccTr: 0.9422110319137573, AccVa: 0.9298245906829834, CeTr: 0.17892572283744812, CeVa: 0.24067962169647217
Epoch: 86, AccTr: 0.9572864174842834, AccVa: 0.9590643048286438, CeTr: 0.1974184364080429, CeVa: 0.2076108157634735
Epoch: 87, AccTr: 0.9673366546630859, AccVa: 0.9415204524993896, CeTr: 0.09596944600343704, CeVa: 0.22737270593643188
ENSEMBLE | Tr_Acc: 0.9899497628211975, Tr_CE: 0.043094146996736526, Va_Acc: 0.988304078578949, Va_CE: 0.02137673646211624
Epoch: 88, AccTr: 0.9447236061096191, AccVa: 0.9590643048286438, CeTr: 0.16738924384117126, CeVa: 0.15103702247142792
Epoch: 89, AccTr: 0.9698492288589478, AccVa: 0.9590643048286438, CeTr: 0.17247484624385834, CeVa: 0.2828766703605652
Epoch: 90, AccTr: 0.9547738432884216, AccVa: 0.9766082167625427, CeTr: 0.18269871175289154, CeVa: 0.09996998310089111
ENSEMBLE | Tr_Acc: 0.9899497628211975, Tr_CE: 0.04405657947063446, Va_Acc: 0.9941520690917969, Va_CE: 0.017826547846198082
Epoch: 91, AccTr: 0.9648241400718689, AccVa: 0.9532163739204407, CeTr: 0.19345222413539886, CeVa: 0.21715128421783447
Epoch: 92, AccTr: 0.9723618030548096, AccVa: 0.9590643048286438, CeTr: 0.13680730760097504, CeVa: 0.2055729627609253
Epoch: 93, AccTr: 0.9371859431266785, AccVa: 0.9415204524993896, CeTr: 0.1770673245191574, CeVa: 0.2317885458469391
ENSEMBLE | Tr_Acc: 0.9899497628211975, Tr_CE: 0.04352651163935661, Va_Acc: 0.9941520690917969, Va_CE: 0.0162904504686594
Epoch: 94, AccTr: 0.9547738432884216, AccVa: 0.9590643048286438, CeTr: 0.26399701833724976, CeVa: 0.29032546281814575
Epoch: 95, AccTr: 0.9949748516082764, AccVa: 0.9707602262496948, CeTr: 0.0185652207583189, CeVa: 0.09164286404848099
Epoch: 96, AccTr: 0.9773869514465332, AccVa: 0.9824561476707458, CeTr: 0.10422231256961823, CeVa: 0.11471410095691681
ENSEMBLE | Tr_Acc: 0.9899497628211975, Tr_CE: 0.04330621659755707, Va_Acc: 0.9941520690917969, Va_CE: 0.01416048128157854
Epoch: 97, AccTr: 0.9698492288589478, AccVa: 0.9649122953414917, CeTr: 0.1398051679134369, CeVa: 0.08221536129713058
Epoch: 98, AccTr: 0.9698492288589478, AccVa: 0.9532163739204407, CeTr: 0.10169276595115662, CeVa: 0.2722906172275543
Epoch: 99, AccTr: 0.9773869514465332, AccVa: 0.9649122953414917, CeTr: 0.10450993478298187, CeVa: 0.18971817195415497
ENSEMBLE | Tr_Acc: 0.9899497628211975, Tr_CE: 0.044527821242809296, Va_Acc: 0.9941520690917969, Va_CE: 0.01610763929784298
Epoch: 100, AccTr: 0.9698492288589478, AccVa: 0.9649122953414917, CeTr: 0.14826706051826477, CeVa: 0.17056411504745483
Pretrained network accuracy: 1.0
NN CONFIG
Weight-type:		binary
Layout									Layer #1: 30	Layer #2: 40	Layer #3: 2	
Activation Functions					Layer #1: bs	
Keep probabilities		Layer #0: 0.9	Layer #1: 1.0	
Flat factors							Layer #1: 1.0	Layer #2: 1.0	
Activation Noise						Layer #1: 0.0	Layer #2: 0.0	
Prior: 0.9

===================================

RUN CONFIG
Epochs: 100, Blocksize: 8

===================================

Epoch: 0, AccTr: 0.9673366546630859, AccVa: 0.9590643048286438, CeTr: 0.21907459199428558, CeVa: 0.3874417245388031
Epoch: 1, AccTr: 0.9623115658760071, AccVa: 0.9532163739204407, CeTr: 0.14748401939868927, CeVa: 0.33830612897872925
Epoch: 2, AccTr: 0.9723618030548096, AccVa: 0.9590643048286438, CeTr: 0.10476769506931305, CeVa: 0.24993035197257996
Epoch: 3, AccTr: 0.9648241400718689, AccVa: 0.9473684430122375, CeTr: 0.16188587248325348, CeVa: 0.305357426404953
Epoch: 4, AccTr: 0.9673366546630859, AccVa: 0.9473684430122375, CeTr: 0.16622652113437653, CeVa: 0.3919125497341156
Epoch: 5, AccTr: 0.9773869514465332, AccVa: 0.988304078578949, CeTr: 0.07764830440282822, CeVa: 0.07873230427503586
Epoch: 6, AccTr: 0.9673366546630859, AccVa: 0.9415204524993896, CeTr: 0.0874565914273262, CeVa: 0.22114072740077972
Epoch: 7, AccTr: 0.9748743772506714, AccVa: 0.9649122953414917, CeTr: 0.11155892163515091, CeVa: 0.12376724928617477
Epoch: 8, AccTr: 0.9773869514465332, AccVa: 0.9590643048286438, CeTr: 0.11364361643791199, CeVa: 0.23095703125
Epoch: 9, AccTr: 0.9673366546630859, AccVa: 0.9473684430122375, CeTr: 0.1552879512310028, CeVa: 0.32419314980506897
Epoch: 10, AccTr: 0.9673366546630859, AccVa: 0.9824561476707458, CeTr: 0.14512492716312408, CeVa: 0.09132744371891022
Epoch: 11, AccTr: 0.9673366546630859, AccVa: 0.9473684430122375, CeTr: 0.10808013379573822, CeVa: 0.2840363383293152
Epoch: 12, AccTr: 0.9623115658760071, AccVa: 0.9590643048286438, CeTr: 0.1481112241744995, CeVa: 0.13267183303833008
Epoch: 13, AccTr: 0.9899497628211975, AccVa: 0.9415204524993896, CeTr: 0.03493265062570572, CeVa: 0.29125261306762695
Epoch: 14, AccTr: 0.9673366546630859, AccVa: 0.9473684430122375, CeTr: 0.1329902559518814, CeVa: 0.2591342031955719
Epoch: 15, AccTr: 0.9773869514465332, AccVa: 0.9532163739204407, CeTr: 0.06344813853502274, CeVa: 0.21190297603607178
Epoch: 16, AccTr: 0.9648241400718689, AccVa: 0.9590643048286438, CeTr: 0.12417753040790558, CeVa: 0.2221517264842987
Epoch: 17, AccTr: 0.9723618030548096, AccVa: 0.9707602262496948, CeTr: 0.14629928767681122, CeVa: 0.13311919569969177
Epoch: 18, AccTr: 0.9572864174842834, AccVa: 0.9590643048286438, CeTr: 0.21093815565109253, CeVa: 0.21444867551326752
Epoch: 19, AccTr: 0.9572864174842834, AccVa: 0.9473684430122375, CeTr: 0.13848255574703217, CeVa: 0.1903872787952423
Epoch: 20, AccTr: 0.9597989916801453, AccVa: 0.9122806787490845, CeTr: 0.13245753943920135, CeVa: 0.29266729950904846
Epoch: 21, AccTr: 0.9547738432884216, AccVa: 0.9532163739204407, CeTr: 0.14848312735557556, CeVa: 0.1518276333808899
Epoch: 22, AccTr: 0.9673366546630859, AccVa: 0.9824561476707458, CeTr: 0.1460563838481903, CeVa: 0.06727100163698196
Epoch: 23, AccTr: 0.9673366546630859, AccVa: 0.9473684430122375, CeTr: 0.13906706869602203, CeVa: 0.37087807059288025
Epoch: 24, AccTr: 0.9698492288589478, AccVa: 0.9590643048286438, CeTr: 0.12963829934597015, CeVa: 0.3066449463367462
Epoch: 25, AccTr: 0.9824120402336121, AccVa: 0.9590643048286438, CeTr: 0.03788767009973526, CeVa: 0.19109031558036804
Epoch: 26, AccTr: 0.9698492288589478, AccVa: 0.9649122953414917, CeTr: 0.12427494674921036, CeVa: 0.1318344920873642
Epoch: 27, AccTr: 0.9673366546630859, AccVa: 0.9649122953414917, CeTr: 0.11674989014863968, CeVa: 0.10930930078029633
Epoch: 28, AccTr: 0.9522613286972046, AccVa: 0.9532163739204407, CeTr: 0.11355327069759369, CeVa: 0.21580100059509277
Epoch: 29, AccTr: 0.9723618030548096, AccVa: 0.9239766001701355, CeTr: 0.11296549439430237, CeVa: 0.2886904776096344
Epoch: 30, AccTr: 0.9773869514465332, AccVa: 0.9766082167625427, CeTr: 0.07092787325382233, CeVa: 0.12976889312267303
ENSEMBLE | Tr_Acc: 0.9773869514465332, Tr_CE: 0.07092787325382233, Va_Acc: 0.9766082167625427, Va_CE: 0.12976889312267303
Epoch: 31, AccTr: 0.9748743772506714, AccVa: 0.9649122953414917, CeTr: 0.09020714461803436, CeVa: 0.174359992146492
Epoch: 32, AccTr: 0.9849246144294739, AccVa: 0.9766082167625427, CeTr: 0.06500931084156036, CeVa: 0.10169251263141632
Epoch: 33, AccTr: 0.9698492288589478, AccVa: 0.9707602262496948, CeTr: 0.09775204211473465, CeVa: 0.0806417167186737
ENSEMBLE | Tr_Acc: 0.9824120402336121, Tr_CE: 0.05252470076084137, Va_Acc: 0.9824561476707458, Va_CE: 0.08339012414216995
Epoch: 34, AccTr: 0.9698492288589478, AccVa: 0.9590643048286438, CeTr: 0.1190682202577591, CeVa: 0.1853683590888977
Epoch: 35, AccTr: 0.9648241400718689, AccVa: 0.9649122953414917, CeTr: 0.14074648916721344, CeVa: 0.23177719116210938
Epoch: 36, AccTr: 0.9723618030548096, AccVa: 0.9415204524993896, CeTr: 0.12767934799194336, CeVa: 0.2950092554092407
ENSEMBLE | Tr_Acc: 0.9899497628211975, Tr_CE: 0.03707524761557579, Va_Acc: 0.9707602262496948, Va_CE: 0.1040286049246788
Epoch: 37, AccTr: 0.9522613286972046, AccVa: 0.9649122953414917, CeTr: 0.15837033092975616, CeVa: 0.263820618391037
Epoch: 38, AccTr: 0.9723618030548096, AccVa: 0.9532163739204407, CeTr: 0.14383094012737274, CeVa: 0.22036972641944885
Epoch: 39, AccTr: 0.9447236061096191, AccVa: 0.9298245906829834, CeTr: 0.2456529438495636, CeVa: 0.28773319721221924
ENSEMBLE | Tr_Acc: 0.9874371886253357, Tr_CE: 0.03556926175951958, Va_Acc: 0.9707602262496948, Va_CE: 0.10155953466892242
Epoch: 40, AccTr: 0.9648241400718689, AccVa: 0.9590643048286438, CeTr: 0.1345643401145935, CeVa: 0.13858605921268463
Epoch: 41, AccTr: 0.9673366546630859, AccVa: 0.9590643048286438, CeTr: 0.10591311752796173, CeVa: 0.09398552030324936
Epoch: 42, AccTr: 0.9623115658760071, AccVa: 0.9298245906829834, CeTr: 0.15684574842453003, CeVa: 0.27022507786750793
ENSEMBLE | Tr_Acc: 0.9924623370170593, Tr_CE: 0.03192109987139702, Va_Acc: 0.9649122953414917, Va_CE: 0.10565134137868881
Epoch: 43, AccTr: 0.9723618030548096, AccVa: 0.9590643048286438, CeTr: 0.06765277683734894, CeVa: 0.2074090987443924
Epoch: 44, AccTr: 0.9497487545013428, AccVa: 0.9415204524993896, CeTr: 0.17576158046722412, CeVa: 0.19855090975761414
Epoch: 45, AccTr: 0.9949748516082764, AccVa: 0.9532163739204407, CeTr: 0.016676027327775955, CeVa: 0.3554947078227997
ENSEMBLE | Tr_Acc: 0.9899497628211975, Tr_CE: 0.02402655966579914, Va_Acc: 0.9707602262496948, Va_CE: 0.12250455468893051
Epoch: 46, AccTr: 0.9673366546630859, AccVa: 0.9590643048286438, CeTr: 0.14563998579978943, CeVa: 0.11800200492143631
Epoch: 47, AccTr: 0.9497487545013428, AccVa: 0.9181286692619324, CeTr: 0.1512865126132965, CeVa: 0.28967031836509705
Epoch: 48, AccTr: 0.9623115658760071, AccVa: 0.9590643048286438, CeTr: 0.13745170831680298, CeVa: 0.2299288958311081
ENSEMBLE | Tr_Acc: 0.9924623370170593, Tr_CE: 0.021664870902895927, Va_Acc: 0.9766082167625427, Va_CE: 0.10296136885881424
Epoch: 49, AccTr: 0.9673366546630859, AccVa: 0.9649122953414917, CeTr: 0.24593347311019897, CeVa: 0.22356778383255005
Epoch: 50, AccTr: 0.9396985173225403, AccVa: 0.9415204524993896, CeTr: 0.2668604850769043, CeVa: 0.22760449349880219
Epoch: 51, AccTr: 0.979899525642395, AccVa: 0.9590643048286438, CeTr: 0.025998741388320923, CeVa: 0.19835726916790009
ENSEMBLE | Tr_Acc: 0.9924623370170593, Tr_CE: 0.01933007314801216, Va_Acc: 0.9766082167625427, Va_CE: 0.1014041155576706
Epoch: 52, AccTr: 0.9773869514465332, AccVa: 0.9590643048286438, CeTr: 0.10500239580869675, CeVa: 0.16054372489452362
Epoch: 53, AccTr: 0.9648241400718689, AccVa: 0.9590643048286438, CeTr: 0.16816550493240356, CeVa: 0.14675775170326233
Epoch: 54, AccTr: 0.9698492288589478, AccVa: 0.9590643048286438, CeTr: 0.11821719259023666, CeVa: 0.317769318819046
ENSEMBLE | Tr_Acc: 0.9924623370170593, Tr_CE: 0.01825719140470028, Va_Acc: 0.9766082167625427, Va_CE: 0.11665330827236176
Epoch: 55, AccTr: 0.979899525642395, AccVa: 0.9356725215911865, CeTr: 0.06293618679046631, CeVa: 0.24227771162986755
Epoch: 56, AccTr: 0.9422110319137573, AccVa: 0.9239766001701355, CeTr: 0.4287455081939697, CeVa: 0.3536449074745178
Epoch: 57, AccTr: 0.979899525642395, AccVa: 0.9473684430122375, CeTr: 0.12026111036539078, CeVa: 0.25172919034957886
ENSEMBLE | Tr_Acc: 0.9949748516082764, Tr_CE: 0.02117079496383667, Va_Acc: 0.9707602262496948, Va_CE: 0.12182984501123428
Epoch: 58, AccTr: 0.927135705947876, AccVa: 0.9181286692619324, CeTr: 0.363078236579895, CeVa: 0.5769667625427246
Epoch: 59, AccTr: 0.9623115658760071, AccVa: 0.9415204524993896, CeTr: 0.08442577719688416, CeVa: 0.27173611521720886
Epoch: 60, AccTr: 0.9723618030548096, AccVa: 0.9473684430122375, CeTr: 0.1410304754972458, CeVa: 0.2762836515903473
ENSEMBLE | Tr_Acc: 0.9924623370170593, Tr_CE: 0.02250596322119236, Va_Acc: 0.9766082167625427, Va_CE: 0.11075960099697113
Epoch: 61, AccTr: 0.9623115658760071, AccVa: 0.9590643048286438, CeTr: 0.2034389227628708, CeVa: 0.22902311384677887
Epoch: 62, AccTr: 0.9447236061096191, AccVa: 0.9532163739204407, CeTr: 0.24203406274318695, CeVa: 0.2453487664461136
Epoch: 63, AccTr: 0.9899497628211975, AccVa: 0.9590643048286438, CeTr: 0.025190653279423714, CeVa: 0.21778294444084167
ENSEMBLE | Tr_Acc: 0.9924623370170593, Tr_CE: 0.01876481994986534, Va_Acc: 0.9707602262496948, Va_CE: 0.10565755516290665
Epoch: 64, AccTr: 0.9723618030548096, AccVa: 0.9298245906829834, CeTr: 0.11753598600625992, CeVa: 0.2090390920639038
Epoch: 65, AccTr: 0.9773869514465332, AccVa: 0.9649122953414917, CeTr: 0.08465272188186646, CeVa: 0.15098433196544647
Epoch: 66, AccTr: 0.9698492288589478, AccVa: 0.9532163739204407, CeTr: 0.18804903328418732, CeVa: 0.2641094923019409
ENSEMBLE | Tr_Acc: 0.9924623370170593, Tr_CE: 0.023780321702361107, Va_Acc: 0.9707602262496948, Va_CE: 0.10951832681894302
Epoch: 67, AccTr: 0.9623115658760071, AccVa: 0.9473684430122375, CeTr: 0.19158968329429626, CeVa: 0.2764829099178314
Epoch: 68, AccTr: 0.9572864174842834, AccVa: 0.9473684430122375, CeTr: 0.15173953771591187, CeVa: 0.2839338481426239
Epoch: 69, AccTr: 0.9673366546630859, AccVa: 0.9415204524993896, CeTr: 0.13656926155090332, CeVa: 0.2841302454471588
ENSEMBLE | Tr_Acc: 0.9924623370170593, Tr_CE: 0.023750195279717445, Va_Acc: 0.9707602262496948, Va_CE: 0.11315327137708664
Epoch: 70, AccTr: 0.9522613286972046, AccVa: 0.9415204524993896, CeTr: 0.16694866120815277, CeVa: 0.28581568598747253
Epoch: 71, AccTr: 0.9522613286972046, AccVa: 0.9473684430122375, CeTr: 0.14041166007518768, CeVa: 0.3489643931388855
Epoch: 72, AccTr: 0.9673366546630859, AccVa: 0.9707602262496948, CeTr: 0.08647671341896057, CeVa: 0.18094775080680847
ENSEMBLE | Tr_Acc: 0.9949748516082764, Tr_CE: 0.022221993654966354, Va_Acc: 0.9707602262496948, Va_CE: 0.11071396619081497
Epoch: 73, AccTr: 0.9597989916801453, AccVa: 0.9356725215911865, CeTr: 0.115854911506176, CeVa: 0.3312261998653412
Epoch: 74, AccTr: 0.9723618030548096, AccVa: 0.9590643048286438, CeTr: 0.1250542253255844, CeVa: 0.16185936331748962
Epoch: 75, AccTr: 0.9597989916801453, AccVa: 0.9532163739204407, CeTr: 0.16863499581813812, CeVa: 0.24753829836845398
ENSEMBLE | Tr_Acc: 0.9924623370170593, Tr_CE: 0.021862242370843887, Va_Acc: 0.9707602262496948, Va_CE: 0.10918276011943817
Epoch: 76, AccTr: 0.9698492288589478, AccVa: 0.9590643048286438, CeTr: 0.1545955389738083, CeVa: 0.21288558840751648
Epoch: 77, AccTr: 0.9748743772506714, AccVa: 0.9766082167625427, CeTr: 0.09961506724357605, CeVa: 0.16585160791873932
Epoch: 78, AccTr: 0.9673366546630859, AccVa: 0.9649122953414917, CeTr: 0.1475795954465866, CeVa: 0.15332619845867157
ENSEMBLE | Tr_Acc: 0.9924623370170593, Tr_CE: 0.02464338019490242, Va_Acc: 0.9707602262496948, Va_CE: 0.10961626470088959
Epoch: 79, AccTr: 0.9723618030548096, AccVa: 0.9590643048286438, CeTr: 0.08256809413433075, CeVa: 0.162248894572258
Epoch: 80, AccTr: 0.9522613286972046, AccVa: 0.9356725215911865, CeTr: 0.16016894578933716, CeVa: 0.2717099189758301
Epoch: 81, AccTr: 0.9572864174842834, AccVa: 0.9532163739204407, CeTr: 0.2041952759027481, CeVa: 0.4353909492492676
ENSEMBLE | Tr_Acc: 0.9924623370170593, Tr_CE: 0.026422271504998207, Va_Acc: 0.9707602262496948, Va_CE: 0.11870431154966354
Epoch: 82, AccTr: 0.9623115658760071, AccVa: 0.9649122953414917, CeTr: 0.16593123972415924, CeVa: 0.17134322226047516
Epoch: 83, AccTr: 0.9648241400718689, AccVa: 0.9590643048286438, CeTr: 0.08322686702013016, CeVa: 0.1148667111992836
Epoch: 84, AccTr: 0.9371859431266785, AccVa: 0.9298245906829834, CeTr: 0.263293594121933, CeVa: 0.31129950284957886
ENSEMBLE | Tr_Acc: 0.9924623370170593, Tr_CE: 0.025025345385074615, Va_Acc: 0.9707602262496948, Va_CE: 0.11353551596403122
Epoch: 85, AccTr: 0.9597989916801453, AccVa: 0.9649122953414917, CeTr: 0.1668938547372818, CeVa: 0.19046537578105927
Epoch: 86, AccTr: 0.9396985173225403, AccVa: 0.9356725215911865, CeTr: 0.22171127796173096, CeVa: 0.21576178073883057
Epoch: 87, AccTr: 0.9597989916801453, AccVa: 0.9532163739204407, CeTr: 0.1027592346072197, CeVa: 0.17175976932048798
ENSEMBLE | Tr_Acc: 0.9924623370170593, Tr_CE: 0.023984180763363838, Va_Acc: 0.9707602262496948, Va_CE: 0.1122477576136589
Epoch: 88, AccTr: 0.9723618030548096, AccVa: 0.9532163739204407, CeTr: 0.11461034417152405, CeVa: 0.18618887662887573
Epoch: 89, AccTr: 0.9824120402336121, AccVa: 0.9532163739204407, CeTr: 0.08430583775043488, CeVa: 0.3451191782951355
Epoch: 90, AccTr: 0.9673366546630859, AccVa: 0.9590643048286438, CeTr: 0.1554715484380722, CeVa: 0.26015499234199524
ENSEMBLE | Tr_Acc: 0.9924623370170593, Tr_CE: 0.024203995242714882, Va_Acc: 0.9649122953414917, Va_CE: 0.11336378753185272
Epoch: 91, AccTr: 0.9396985173225403, AccVa: 0.9181286692619324, CeTr: 0.16792336106300354, CeVa: 0.3035048246383667
Epoch: 92, AccTr: 0.9748743772506714, AccVa: 0.9707602262496948, CeTr: 0.12191140651702881, CeVa: 0.14461728930473328
Epoch: 93, AccTr: 0.9547738432884216, AccVa: 0.9298245906829834, CeTr: 0.19210702180862427, CeVa: 0.25743210315704346
ENSEMBLE | Tr_Acc: 0.9924623370170593, Tr_CE: 0.024455957114696503, Va_Acc: 0.9649122953414917, Va_CE: 0.11002290993928909
Epoch: 94, AccTr: 0.9648241400718689, AccVa: 0.9707602262496948, CeTr: 0.1563565880060196, CeVa: 0.13863705098628998
Epoch: 95, AccTr: 0.9623115658760071, AccVa: 0.9239766001701355, CeTr: 0.18175648152828217, CeVa: 0.4154893755912781
Epoch: 96, AccTr: 0.9572864174842834, AccVa: 0.9590643048286438, CeTr: 0.1411845088005066, CeVa: 0.3618023097515106
ENSEMBLE | Tr_Acc: 0.9924623370170593, Tr_CE: 0.025097724050283432, Va_Acc: 0.9707602262496948, Va_CE: 0.11227096617221832
Epoch: 97, AccTr: 0.9824120402336121, AccVa: 0.9239766001701355, CeTr: 0.06578207015991211, CeVa: 0.4390992224216461
Epoch: 98, AccTr: 0.9773869514465332, AccVa: 0.9766082167625427, CeTr: 0.07682903110980988, CeVa: 0.15348875522613525
Epoch: 99, AccTr: 0.9673366546630859, AccVa: 0.9473684430122375, CeTr: 0.17273786664009094, CeVa: 0.29778116941452026
ENSEMBLE | Tr_Acc: 0.9924623370170593, Tr_CE: 0.02452411688864231, Va_Acc: 0.9707602262496948, Va_CE: 0.11592939496040344
Epoch: 100, AccTr: 0.9497487545013428, AccVa: 0.9298245906829834, CeTr: 0.20495009422302246, CeVa: 0.4911094903945923
Pretrained network accuracy: 1.0
NN CONFIG
Weight-type:		binary
Layout									Layer #1: 30	Layer #2: 40	Layer #3: 2	
Activation Functions					Layer #1: bs	
Keep probabilities		Layer #0: 0.9	Layer #1: 1.0	
Flat factors							Layer #1: 1.0	Layer #2: 1.0	
Activation Noise						Layer #1: 0.0	Layer #2: 0.0	
Prior: 0.9

===================================

RUN CONFIG
Epochs: 100, Blocksize: 8

===================================

Epoch: 0, AccTr: 0.6683416962623596, AccVa: 0.6491228342056274, CeTr: 1.775678277015686, CeVa: 1.9365819692611694
Epoch: 1, AccTr: 0.9698492288589478, AccVa: 0.9298245906829834, CeTr: 0.12858590483665466, CeVa: 0.35273483395576477
Epoch: 2, AccTr: 0.9648241400718689, AccVa: 0.9415204524993896, CeTr: 0.21669138967990875, CeVa: 0.4618561565876007
Epoch: 3, AccTr: 0.9623115658760071, AccVa: 0.9473684430122375, CeTr: 0.3097584843635559, CeVa: 0.7772789001464844
Epoch: 4, AccTr: 0.929648220539093, AccVa: 0.9122806787490845, CeTr: 0.2856760025024414, CeVa: 0.42598214745521545
Epoch: 5, AccTr: 0.9824120402336121, AccVa: 0.9415204524993896, CeTr: 0.08484943211078644, CeVa: 0.4045965075492859
Epoch: 6, AccTr: 0.979899525642395, AccVa: 0.9356725215911865, CeTr: 0.0895557701587677, CeVa: 0.2795639634132385
Epoch: 7, AccTr: 0.9849246144294739, AccVa: 0.9707602262496948, CeTr: 0.07406273484230042, CeVa: 0.2525291442871094
Epoch: 8, AccTr: 0.9648241400718689, AccVa: 0.9532163739204407, CeTr: 0.16460055112838745, CeVa: 0.4525606334209442
Epoch: 9, AccTr: 0.9170854091644287, AccVa: 0.8888888955116272, CeTr: 0.3695325553417206, CeVa: 0.551399827003479
Epoch: 10, AccTr: 0.9773869514465332, AccVa: 0.9649122953414917, CeTr: 0.12093326449394226, CeVa: 0.3721245527267456
Epoch: 11, AccTr: 0.9572864174842834, AccVa: 0.9532163739204407, CeTr: 0.18417519330978394, CeVa: 0.24237701296806335
Epoch: 12, AccTr: 0.9874371886253357, AccVa: 0.9590643048286438, CeTr: 0.055591803044080734, CeVa: 0.20424886047840118
Epoch: 13, AccTr: 0.9648241400718689, AccVa: 0.9532163739204407, CeTr: 0.1189853623509407, CeVa: 0.4234861731529236
Epoch: 14, AccTr: 0.9824120402336121, AccVa: 0.9707602262496948, CeTr: 0.06314139813184738, CeVa: 0.23136548697948456
Epoch: 15, AccTr: 0.947236180305481, AccVa: 0.9473684430122375, CeTr: 0.22202229499816895, CeVa: 0.44416216015815735
Epoch: 16, AccTr: 0.9773869514465332, AccVa: 0.9532163739204407, CeTr: 0.10203558951616287, CeVa: 0.35849297046661377
Epoch: 17, AccTr: 0.9648241400718689, AccVa: 0.9707602262496948, CeTr: 0.20330274105072021, CeVa: 0.2691935896873474
Epoch: 18, AccTr: 0.979899525642395, AccVa: 0.9590643048286438, CeTr: 0.055972322821617126, CeVa: 0.24310512840747833
Epoch: 19, AccTr: 0.979899525642395, AccVa: 0.9590643048286438, CeTr: 0.09065647423267365, CeVa: 0.2766929864883423
Epoch: 20, AccTr: 0.9773869514465332, AccVa: 0.9298245906829834, CeTr: 0.11406248062849045, CeVa: 0.4082886874675751
Epoch: 21, AccTr: 0.9597989916801453, AccVa: 0.9356725215911865, CeTr: 0.14102445542812347, CeVa: 0.4185299277305603
Epoch: 22, AccTr: 0.9648241400718689, AccVa: 0.9415204524993896, CeTr: 0.1623023897409439, CeVa: 0.49343550205230713
Epoch: 23, AccTr: 0.9698492288589478, AccVa: 0.9473684430122375, CeTr: 0.1001909151673317, CeVa: 0.37741270661354065
Epoch: 24, AccTr: 0.9597989916801453, AccVa: 0.9298245906829834, CeTr: 0.18582354485988617, CeVa: 0.481384813785553
Epoch: 25, AccTr: 0.9698492288589478, AccVa: 0.9473684430122375, CeTr: 0.11972422897815704, CeVa: 0.44116535782814026
Epoch: 26, AccTr: 0.9623115658760071, AccVa: 0.9532163739204407, CeTr: 0.1367766261100769, CeVa: 0.33376362919807434
Epoch: 27, AccTr: 0.9698492288589478, AccVa: 0.9415204524993896, CeTr: 0.12621209025382996, CeVa: 0.50004643201828
Epoch: 28, AccTr: 0.9597989916801453, AccVa: 0.9473684430122375, CeTr: 0.14893071353435516, CeVa: 0.25772905349731445
Epoch: 29, AccTr: 0.9748743772506714, AccVa: 0.9473684430122375, CeTr: 0.12649615108966827, CeVa: 0.3694581389427185
Epoch: 30, AccTr: 0.9623115658760071, AccVa: 0.9532163739204407, CeTr: 0.19107776880264282, CeVa: 0.27043846249580383
ENSEMBLE | Tr_Acc: 0.9623115658760071, Tr_CE: 0.19107776880264282, Va_Acc: 0.9532163739204407, Va_CE: 0.27043846249580383
Epoch: 31, AccTr: 0.9547738432884216, AccVa: 0.9415204524993896, CeTr: 0.22391872107982635, CeVa: 0.3041952848434448
Epoch: 32, AccTr: 0.9748743772506714, AccVa: 0.9415204524993896, CeTr: 0.11902464926242828, CeVa: 0.21962876617908478
Epoch: 33, AccTr: 0.947236180305481, AccVa: 0.9298245906829834, CeTr: 0.2496040016412735, CeVa: 0.5260332822799683
ENSEMBLE | Tr_Acc: 0.9773869514465332, Tr_CE: 0.106297567486763, Va_Acc: 0.9415204524993896, Va_CE: 0.2834727466106415
Epoch: 34, AccTr: 0.9648241400718689, AccVa: 0.9649122953414917, CeTr: 0.17633076012134552, CeVa: 0.22473962604999542
Epoch: 35, AccTr: 0.9723618030548096, AccVa: 0.9590643048286438, CeTr: 0.09966254234313965, CeVa: 0.34132975339889526
Epoch: 36, AccTr: 0.9547738432884216, AccVa: 0.9298245906829834, CeTr: 0.11975264549255371, CeVa: 0.42476195096969604
ENSEMBLE | Tr_Acc: 0.9773869514465332, Tr_CE: 0.07680372893810272, Va_Acc: 0.9532163739204407, Va_CE: 0.22019900381565094
Epoch: 37, AccTr: 0.9648241400718689, AccVa: 0.9532163739204407, CeTr: 0.21541133522987366, CeVa: 0.38221022486686707
Epoch: 38, AccTr: 0.947236180305481, AccVa: 0.9356725215911865, CeTr: 0.22457736730575562, CeVa: 0.5672228336334229
Epoch: 39, AccTr: 0.9773869514465332, AccVa: 0.9473684430122375, CeTr: 0.10292122513055801, CeVa: 0.5564771294593811
ENSEMBLE | Tr_Acc: 0.9824120402336121, Tr_CE: 0.05741887539625168, Va_Acc: 0.9590643048286438, Va_CE: 0.2566475570201874
Epoch: 40, AccTr: 0.9698492288589478, AccVa: 0.9590643048286438, CeTr: 0.1290048509836197, CeVa: 0.3460248112678528
Epoch: 41, AccTr: 0.9849246144294739, AccVa: 0.9239766001701355, CeTr: 0.04809212684631348, CeVa: 0.55745530128479
Epoch: 42, AccTr: 0.9698492288589478, AccVa: 0.9356725215911865, CeTr: 0.12165015935897827, CeVa: 0.4645426273345947
ENSEMBLE | Tr_Acc: 0.9874371886253357, Tr_CE: 0.05292820930480957, Va_Acc: 0.9590643048286438, Va_CE: 0.274806410074234
Epoch: 43, AccTr: 0.9824120402336121, AccVa: 0.9356725215911865, CeTr: 0.1055002436041832, CeVa: 0.40725359320640564
Epoch: 44, AccTr: 0.9698492288589478, AccVa: 0.9649122953414917, CeTr: 0.11257821321487427, CeVa: 0.26765188574790955
Epoch: 45, AccTr: 0.9924623370170593, AccVa: 0.9532163739204407, CeTr: 0.02077028900384903, CeVa: 0.4297529458999634
ENSEMBLE | Tr_Acc: 0.9899497628211975, Tr_CE: 0.03650163114070892, Va_Acc: 0.9590643048286438, Va_CE: 0.27517935633659363
Epoch: 46, AccTr: 0.9572864174842834, AccVa: 0.9122806787490845, CeTr: 0.17479580640792847, CeVa: 0.4273316562175751
Epoch: 47, AccTr: 0.9673366546630859, AccVa: 0.9181286692619324, CeTr: 0.1419108659029007, CeVa: 0.41601473093032837
Epoch: 48, AccTr: 0.9698492288589478, AccVa: 0.9473684430122375, CeTr: 0.11934956163167953, CeVa: 0.36873355507850647
ENSEMBLE | Tr_Acc: 0.9899497628211975, Tr_CE: 0.03797345981001854, Va_Acc: 0.9590643048286438, Va_CE: 0.26480957865715027
Epoch: 49, AccTr: 0.9773869514465332, AccVa: 0.988304078578949, CeTr: 0.08436930179595947, CeVa: 0.10771358758211136
Epoch: 50, AccTr: 0.9698492288589478, AccVa: 0.9766082167625427, CeTr: 0.11198344826698303, CeVa: 0.19783607125282288
Epoch: 51, AccTr: 0.9422110319137573, AccVa: 0.9122806787490845, CeTr: 0.2639550566673279, CeVa: 0.5403592586517334
ENSEMBLE | Tr_Acc: 0.9899497628211975, Tr_CE: 0.03343601152300835, Va_Acc: 0.9649122953414917, Va_CE: 0.2701180577278137
Epoch: 52, AccTr: 0.979899525642395, AccVa: 0.9181286692619324, CeTr: 0.05791778489947319, CeVa: 0.5925292372703552
Epoch: 53, AccTr: 0.979899525642395, AccVa: 0.9766082167625427, CeTr: 0.12616467475891113, CeVa: 0.23849187791347504
Epoch: 54, AccTr: 0.9824120402336121, AccVa: 0.9649122953414917, CeTr: 0.052126962691545486, CeVa: 0.333687424659729
ENSEMBLE | Tr_Acc: 0.9924623370170593, Tr_CE: 0.030694223940372467, Va_Acc: 0.9649122953414917, Va_CE: 0.26772767305374146
Epoch: 55, AccTr: 0.9748743772506714, AccVa: 0.9532163739204407, CeTr: 0.11128593981266022, CeVa: 0.42868319153785706
Epoch: 56, AccTr: 0.9849246144294739, AccVa: 0.9473684430122375, CeTr: 0.0866352841258049, CeVa: 0.3686893582344055
Epoch: 57, AccTr: 0.9597989916801453, AccVa: 0.9473684430122375, CeTr: 0.16095712780952454, CeVa: 0.30452635884284973
ENSEMBLE | Tr_Acc: 0.9924623370170593, Tr_CE: 0.029879817739129066, Va_Acc: 0.9649122953414917, Va_CE: 0.26121100783348083
Epoch: 58, AccTr: 0.9748743772506714, AccVa: 0.9473684430122375, CeTr: 0.11363401263952255, CeVa: 0.3999117910861969
Epoch: 59, AccTr: 0.9698492288589478, AccVa: 0.9649122953414917, CeTr: 0.10828058421611786, CeVa: 0.22185292840003967
Epoch: 60, AccTr: 0.9748743772506714, AccVa: 0.9532163739204407, CeTr: 0.11777940392494202, CeVa: 0.2620437741279602
ENSEMBLE | Tr_Acc: 0.9924623370170593, Tr_CE: 0.029341144487261772, Va_Acc: 0.9649122953414917, Va_CE: 0.22990472614765167
Epoch: 61, AccTr: 0.9597989916801453, AccVa: 0.9298245906829834, CeTr: 0.2363780289888382, CeVa: 0.5639525651931763
Epoch: 62, AccTr: 0.9723618030548096, AccVa: 0.9590643048286438, CeTr: 0.09173691272735596, CeVa: 0.269133985042572
Epoch: 63, AccTr: 0.9773869514465332, AccVa: 0.9649122953414917, CeTr: 0.09172818064689636, CeVa: 0.2444002628326416
ENSEMBLE | Tr_Acc: 0.9899497628211975, Tr_CE: 0.030300971120595932, Va_Acc: 0.9649122953414917, Va_CE: 0.21952398121356964
Epoch: 64, AccTr: 0.9698492288589478, AccVa: 0.9473684430122375, CeTr: 0.1542360782623291, CeVa: 0.6228622794151306
Epoch: 65, AccTr: 0.9698492288589478, AccVa: 0.9532163739204407, CeTr: 0.17868129909038544, CeVa: 0.4520023763179779
Epoch: 66, AccTr: 0.9874371886253357, AccVa: 0.9532163739204407, CeTr: 0.07217106968164444, CeVa: 0.3820333778858185
ENSEMBLE | Tr_Acc: 0.9899497628211975, Tr_CE: 0.030110860243439674, Va_Acc: 0.9649122953414917, Va_CE: 0.2217550277709961
Epoch: 67, AccTr: 0.9773869514465332, AccVa: 0.9415204524993896, CeTr: 0.10644110292196274, CeVa: 0.4781625270843506
Epoch: 68, AccTr: 0.9673366546630859, AccVa: 0.9473684430122375, CeTr: 0.07030458003282547, CeVa: 0.38082680106163025
Epoch: 69, AccTr: 0.9723618030548096, AccVa: 0.9590643048286438, CeTr: 0.1418776512145996, CeVa: 0.3671460449695587
ENSEMBLE | Tr_Acc: 0.9899497628211975, Tr_CE: 0.030867520719766617, Va_Acc: 0.9649122953414917, Va_CE: 0.22281193733215332
Epoch: 70, AccTr: 0.9597989916801453, AccVa: 0.9356725215911865, CeTr: 0.1417437046766281, CeVa: 0.43998223543167114
Epoch: 71, AccTr: 0.9723618030548096, AccVa: 0.9590643048286438, CeTr: 0.13252229988574982, CeVa: 0.28372859954833984
Epoch: 72, AccTr: 0.9522613286972046, AccVa: 0.9356725215911865, CeTr: 0.31990671157836914, CeVa: 0.46589356660842896
ENSEMBLE | Tr_Acc: 0.9899497628211975, Tr_CE: 0.034644171595573425, Va_Acc: 0.9707602262496948, Va_CE: 0.22293049097061157
Epoch: 73, AccTr: 0.9623115658760071, AccVa: 0.9298245906829834, CeTr: 0.2251703292131424, CeVa: 0.477994829416275
Epoch: 74, AccTr: 0.9748743772506714, AccVa: 0.9298245906829834, CeTr: 0.08772458881139755, CeVa: 0.504578173160553
Epoch: 75, AccTr: 0.9623115658760071, AccVa: 0.9298245906829834, CeTr: 0.1645820438861847, CeVa: 0.5471415519714355
ENSEMBLE | Tr_Acc: 0.9899497628211975, Tr_CE: 0.033815763890743256, Va_Acc: 0.9649122953414917, Va_CE: 0.23041382431983948
Epoch: 76, AccTr: 0.9698492288589478, AccVa: 0.9590643048286438, CeTr: 0.21705932915210724, CeVa: 0.2744057774543762
Epoch: 77, AccTr: 0.9773869514465332, AccVa: 0.9181286692619324, CeTr: 0.12408594787120819, CeVa: 0.7093849182128906
Epoch: 78, AccTr: 0.9723618030548096, AccVa: 0.9766082167625427, CeTr: 0.14479485154151917, CeVa: 0.13492324948310852
ENSEMBLE | Tr_Acc: 0.9899497628211975, Tr_CE: 0.0338471494615078, Va_Acc: 0.9649122953414917, Va_CE: 0.21657656133174896
Epoch: 79, AccTr: 0.9623115658760071, AccVa: 0.9356725215911865, CeTr: 0.172727569937706, CeVa: 0.4461388885974884
Epoch: 80, AccTr: 0.9623115658760071, AccVa: 0.9356725215911865, CeTr: 0.12479749321937561, CeVa: 0.4038016200065613
Epoch: 81, AccTr: 0.9698492288589478, AccVa: 0.9298245906829834, CeTr: 0.10421445965766907, CeVa: 0.45353686809539795
ENSEMBLE | Tr_Acc: 0.9899497628211975, Tr_CE: 0.03427114337682724, Va_Acc: 0.9649122953414917, Va_CE: 0.2229878008365631
Epoch: 82, AccTr: 0.9673366546630859, AccVa: 0.9532163739204407, CeTr: 0.11534429341554642, CeVa: 0.2890598177909851
Epoch: 83, AccTr: 0.9748743772506714, AccVa: 0.9707602262496948, CeTr: 0.08411332964897156, CeVa: 0.24364183843135834
Epoch: 84, AccTr: 0.9723618030548096, AccVa: 0.9473684430122375, CeTr: 0.09039974957704544, CeVa: 0.48257771134376526
ENSEMBLE | Tr_Acc: 0.9899497628211975, Tr_CE: 0.03299438953399658, Va_Acc: 0.9707602262496948, Va_CE: 0.22216618061065674
Epoch: 85, AccTr: 0.9597989916801453, AccVa: 0.9590643048286438, CeTr: 0.1656465381383896, CeVa: 0.25481462478637695
Epoch: 86, AccTr: 0.9899497628211975, AccVa: 0.9298245906829834, CeTr: 0.0527295283973217, CeVa: 0.3812025785446167
Epoch: 87, AccTr: 0.9673366546630859, AccVa: 0.9415204524993896, CeTr: 0.11401717364788055, CeVa: 0.26571303606033325
ENSEMBLE | Tr_Acc: 0.9899497628211975, Tr_CE: 0.032002147287130356, Va_Acc: 0.9707602262496948, Va_CE: 0.2162587195634842
Epoch: 88, AccTr: 0.9698492288589478, AccVa: 0.9590643048286438, CeTr: 0.1007278561592102, CeVa: 0.2865636944770813
Epoch: 89, AccTr: 0.9623115658760071, AccVa: 0.9590643048286438, CeTr: 0.17815245687961578, CeVa: 0.3182787001132965
Epoch: 90, AccTr: 0.9849246144294739, AccVa: 0.9649122953414917, CeTr: 0.07560812681913376, CeVa: 0.3555225729942322
ENSEMBLE | Tr_Acc: 0.9899497628211975, Tr_CE: 0.032441623508930206, Va_Acc: 0.9707602262496948, Va_CE: 0.22101490199565887
Epoch: 91, AccTr: 0.9773869514465332, AccVa: 0.9473684430122375, CeTr: 0.12745529413223267, CeVa: 0.2768579125404358
Epoch: 92, AccTr: 0.9045225977897644, AccVa: 0.9239766001701355, CeTr: 0.3292335569858551, CeVa: 0.2369360476732254
Epoch: 93, AccTr: 0.9773869514465332, AccVa: 0.9473684430122375, CeTr: 0.08231434971094131, CeVa: 0.42216813564300537
ENSEMBLE | Tr_Acc: 0.9899497628211975, Tr_CE: 0.03155128285288811, Va_Acc: 0.9707602262496948, Va_CE: 0.22456344962120056
Epoch: 94, AccTr: 0.9698492288589478, AccVa: 0.9356725215911865, CeTr: 0.13572078943252563, CeVa: 0.3029347062110901
Epoch: 95, AccTr: 0.9648241400718689, AccVa: 0.8947368264198303, CeTr: 0.12699931859970093, CeVa: 0.5487176775932312
Epoch: 96, AccTr: 0.9849246144294739, AccVa: 0.9707602262496948, CeTr: 0.11677377671003342, CeVa: 0.4895085096359253
ENSEMBLE | Tr_Acc: 0.9899497628211975, Tr_CE: 0.031177682802081108, Va_Acc: 0.9707602262496948, Va_CE: 0.23142604529857635
Epoch: 97, AccTr: 0.979899525642395, AccVa: 0.9298245906829834, CeTr: 0.07017683982849121, CeVa: 0.4461108148097992
Epoch: 98, AccTr: 0.9748743772506714, AccVa: 0.9649122953414917, CeTr: 0.09426933526992798, CeVa: 0.24386151134967804
Epoch: 99, AccTr: 0.9723618030548096, AccVa: 0.9356725215911865, CeTr: 0.1191401258111, CeVa: 0.4854660928249359
ENSEMBLE | Tr_Acc: 0.9899497628211975, Tr_CE: 0.030172735452651978, Va_Acc: 0.9707602262496948, Va_CE: 0.23331908881664276
Epoch: 100, AccTr: 0.9572864174842834, AccVa: 0.9122806787490845, CeTr: 0.18539172410964966, CeVa: 0.6240204572677612
Mod Accuracy || Mean: 0.9356725215911865	 Std: 0.021881049498915672
Ens Accuracy || Mean: 0.9785575270652771	 Std: 0.011027020402252674
Mod CE || Mean: 0.4285646975040436	 Std: 0.19033224880695343
Ens CE || Mean: 0.12178537249565125	 Std: 0.08877282589673996
