

config:

HOME=/clusterFS/home/student/kopp13
PATH=/clusterFS/home/student/kopp13/miniconda3/envs/tensorflow/bin:/clusterFS/home/student/kopp13/miniconda3/bin:/clusterFS/home/student/kopp13/bin:/usr/local/bin:/usr/bin:/bin:/usr/local/games:/usr/games
LD_LIBRARY_PATH=
THEANO_FLAGS=floatX=float32,gpuarray.preallocate=0.9,dnn.library_path=/usr/lib/x86_64-linux-gnu,cxx=clang++-3.8,device=cuda,base_compiledir=/tmp/tmp.KzVbmiTvVj
Pretrained network accuracy: 1.0
NN CONFIG
Weight-type:		binary
Layout									Layer #1: 30	Layer #2: 20	Layer #3: 2	
Activation Functions					Layer #1: bs	
Keep probabilities		Layer #0: 1.0	Layer #1: 0.95	
Flat factors							Layer #1: 1.0	Layer #2: 1.0	
Activation Noise						Layer #1: 0.0	Layer #2: 0.0	
Prior: 0.9

===================================

RUN CONFIG
Gibbs  Epochs: 30, Blocksize: 8

===================================

Gibbs Ensemble | Burn In: 10, Thinning: 3
Epoch: 0, AccTr: 0.8417085409164429, AccVa: 0.7602339386940002, CeTr: 0.6825007796287537, CeVa: 1.3015812635421753
Epoch: 1, AccTr: 0.9748743772506714, AccVa: 0.9590643048286438, CeTr: 0.06466446816921234, CeVa: 0.26019087433815
Epoch: 2, AccTr: 0.9899497628211975, AccVa: 0.9532163739204407, CeTr: 0.017059149220585823, CeVa: 0.26767849922180176
Epoch: 3, AccTr: 0.9974874258041382, AccVa: 0.9473684430122375, CeTr: 0.01885031722486019, CeVa: 0.34352582693099976
Epoch: 4, AccTr: 0.979899525642395, AccVa: 0.9473684430122375, CeTr: 0.03985835239291191, CeVa: 0.19751879572868347
Epoch: 5, AccTr: 0.9949748516082764, AccVa: 0.9649122953414917, CeTr: 0.0218444112688303, CeVa: 0.15331269800662994
Epoch: 6, AccTr: 0.9949748516082764, AccVa: 0.9649122953414917, CeTr: 0.02186121977865696, CeVa: 0.18612895905971527
Epoch: 7, AccTr: 0.9874371886253357, AccVa: 0.9649122953414917, CeTr: 0.039603907614946365, CeVa: 0.15354597568511963
Epoch: 8, AccTr: 0.9698492288589478, AccVa: 0.9239766001701355, CeTr: 0.06025804951786995, CeVa: 0.18754704296588898
Epoch: 9, AccTr: 0.9899497628211975, AccVa: 0.9298245906829834, CeTr: 0.0319698192179203, CeVa: 0.33833566308021545
Epoch: 10, AccTr: 0.9824120402336121, AccVa: 0.9532163739204407, CeTr: 0.04381151869893074, CeVa: 0.26725926995277405
ENSEMBLE | Tr_Acc: 0.9824120402336121, Tr_CE: 0.04381151869893074, Va_Acc: 0.9532163739204407, Va_CE: 0.26725926995277405
Epoch: 11, AccTr: 0.9899497628211975, AccVa: 0.9649122953414917, CeTr: 0.0361957773566246, CeVa: 0.22686484456062317
Epoch: 12, AccTr: 0.9849246144294739, AccVa: 0.9181286692619324, CeTr: 0.03935328871011734, CeVa: 0.4560239017009735
Epoch: 13, AccTr: 0.9949748516082764, AccVa: 0.9356725215911865, CeTr: 0.02672446519136429, CeVa: 0.17259462177753448
ENSEMBLE | Tr_Acc: 0.9949748516082764, Tr_CE: 0.012934413738548756, Va_Acc: 0.9590643048286438, Va_CE: 0.1667938232421875
Epoch: 14, AccTr: 0.9874371886253357, AccVa: 0.9415204524993896, CeTr: 0.032009318470954895, CeVa: 0.2057228535413742
Epoch: 15, AccTr: 0.9874371886253357, AccVa: 0.9707602262496948, CeTr: 0.034082528203725815, CeVa: 0.09902772307395935
Epoch: 16, AccTr: 0.9949748516082764, AccVa: 0.9473684430122375, CeTr: 0.020814809948205948, CeVa: 0.26334235072135925
ENSEMBLE | Tr_Acc: 1.0, Tr_CE: 0.0054425024427473545, Va_Acc: 0.9649122953414917, Va_CE: 0.15809909999370575
Epoch: 17, AccTr: 0.979899525642395, AccVa: 0.9473684430122375, CeTr: 0.050119176506996155, CeVa: 0.23429112136363983
Epoch: 18, AccTr: 0.979899525642395, AccVa: 0.9649122953414917, CeTr: 0.07029464840888977, CeVa: 0.14164985716342926
Epoch: 19, AccTr: 0.979899525642395, AccVa: 0.9356725215911865, CeTr: 0.05251007899641991, CeVa: 0.21988773345947266
ENSEMBLE | Tr_Acc: 1.0, Tr_CE: 0.006417711731046438, Va_Acc: 0.9590643048286438, Va_CE: 0.14715249836444855
Epoch: 20, AccTr: 0.9824120402336121, AccVa: 0.9415204524993896, CeTr: 0.04925619438290596, CeVa: 0.2589377462863922
Epoch: 21, AccTr: 0.9773869514465332, AccVa: 0.9181286692619324, CeTr: 0.0707215741276741, CeVa: 0.37635552883148193
Epoch: 22, AccTr: 0.9824120402336121, AccVa: 0.9532163739204407, CeTr: 0.03589276224374771, CeVa: 0.21463195979595184
ENSEMBLE | Tr_Acc: 1.0, Tr_CE: 0.005901376251131296, Va_Acc: 0.9590643048286438, Va_CE: 0.14484265446662903
Epoch: 23, AccTr: 0.9949748516082764, AccVa: 0.9415204524993896, CeTr: 0.021353553980588913, CeVa: 0.31647247076034546
Epoch: 24, AccTr: 0.9974874258041382, AccVa: 0.9473684430122375, CeTr: 0.015586744993925095, CeVa: 0.3045422434806824
Epoch: 25, AccTr: 0.9874371886253357, AccVa: 0.9707602262496948, CeTr: 0.03396189585328102, CeVa: 0.18895448744297028
ENSEMBLE | Tr_Acc: 1.0, Tr_CE: 0.004962075036019087, Va_Acc: 0.9707602262496948, Va_CE: 0.13555596768856049
Epoch: 26, AccTr: 0.9849246144294739, AccVa: 0.9590643048286438, CeTr: 0.04161541908979416, CeVa: 0.20883765816688538
Epoch: 27, AccTr: 0.9698492288589478, AccVa: 0.9590643048286438, CeTr: 0.08173318952322006, CeVa: 0.16490590572357178
Epoch: 28, AccTr: 0.9899497628211975, AccVa: 0.9356725215911865, CeTr: 0.028624223545193672, CeVa: 0.26228171586990356
ENSEMBLE | Tr_Acc: 1.0, Tr_CE: 0.0045934757217764854, Va_Acc: 0.9532163739204407, Va_CE: 0.14300628006458282
Epoch: 29, AccTr: 0.9924623370170593, AccVa: 0.9473684430122375, CeTr: 0.020696423947811127, CeVa: 0.330451101064682
Epoch: 30, AccTr: 0.9824120402336121, AccVa: 0.9532163739204407, CeTr: 0.038772501051425934, CeVa: 0.2219802290201187
Pretrained network accuracy: 1.0
NN CONFIG
Weight-type:		binary
Layout									Layer #1: 30	Layer #2: 20	Layer #3: 2	
Activation Functions					Layer #1: bs	
Keep probabilities		Layer #0: 1.0	Layer #1: 0.95	
Flat factors							Layer #1: 1.0	Layer #2: 1.0	
Activation Noise						Layer #1: 0.0	Layer #2: 0.0	
Prior: 0.9

===================================

RUN CONFIG
Gibbs  Epochs: 30, Blocksize: 8

===================================

Gibbs Ensemble | Burn In: 10, Thinning: 3
Epoch: 0, AccTr: 0.8994975090026855, AccVa: 0.8654970526695251, CeTr: 0.5630704164505005, CeVa: 0.8419681787490845
Epoch: 1, AccTr: 0.9824120402336121, AccVa: 0.9649122953414917, CeTr: 0.0445127934217453, CeVa: 0.20167601108551025
Epoch: 2, AccTr: 0.9824120402336121, AccVa: 0.9064327478408813, CeTr: 0.054718513041734695, CeVa: 0.2762375771999359
Epoch: 3, AccTr: 0.9949748516082764, AccVa: 0.9532163739204407, CeTr: 0.025156764313578606, CeVa: 0.17832155525684357
Epoch: 4, AccTr: 0.9874371886253357, AccVa: 0.9473684430122375, CeTr: 0.04796244576573372, CeVa: 0.23740817606449127
Epoch: 5, AccTr: 0.9723618030548096, AccVa: 0.9473684430122375, CeTr: 0.06677679717540741, CeVa: 0.18979518115520477
Epoch: 6, AccTr: 0.9874371886253357, AccVa: 0.9590643048286438, CeTr: 0.03323683887720108, CeVa: 0.1591442972421646
Epoch: 7, AccTr: 0.9698492288589478, AccVa: 0.9590643048286438, CeTr: 0.039765797555446625, CeVa: 0.1530497521162033
Epoch: 8, AccTr: 0.9748743772506714, AccVa: 0.9590643048286438, CeTr: 0.03274369239807129, CeVa: 0.10607028752565384
Epoch: 9, AccTr: 0.9824120402336121, AccVa: 0.9532163739204407, CeTr: 0.04074212163686752, CeVa: 0.12539997696876526
Epoch: 10, AccTr: 0.9849246144294739, AccVa: 0.9415204524993896, CeTr: 0.042546551674604416, CeVa: 0.17485173046588898
ENSEMBLE | Tr_Acc: 0.9849246144294739, Tr_CE: 0.042546551674604416, Va_Acc: 0.9415204524993896, Va_CE: 0.17485173046588898
Epoch: 11, AccTr: 0.979899525642395, AccVa: 0.9415204524993896, CeTr: 0.05792098492383957, CeVa: 0.14039848744869232
Epoch: 12, AccTr: 0.9924623370170593, AccVa: 0.9649122953414917, CeTr: 0.02735932543873787, CeVa: 0.15404142439365387
Epoch: 13, AccTr: 0.9824120402336121, AccVa: 0.9766082167625427, CeTr: 0.02311701700091362, CeVa: 0.15562033653259277
ENSEMBLE | Tr_Acc: 0.9949748516082764, Tr_CE: 0.015949135646224022, Va_Acc: 0.9824561476707458, Va_CE: 0.07702646404504776
Epoch: 14, AccTr: 0.9748743772506714, AccVa: 0.9415204524993896, CeTr: 0.06087551265954971, CeVa: 0.1872369647026062
Epoch: 15, AccTr: 0.9597989916801453, AccVa: 0.9473684430122375, CeTr: 0.11573154479265213, CeVa: 0.2264220267534256
Epoch: 16, AccTr: 0.9773869514465332, AccVa: 0.9532163739204407, CeTr: 0.06837977468967438, CeVa: 0.13585512340068817
ENSEMBLE | Tr_Acc: 0.9874371886253357, Tr_CE: 0.017100801691412926, Va_Acc: 0.9824561476707458, Va_CE: 0.0635872557759285
Epoch: 17, AccTr: 0.9824120402336121, AccVa: 0.9473684430122375, CeTr: 0.05609900504350662, CeVa: 0.22824497520923615
Epoch: 18, AccTr: 0.9874371886253357, AccVa: 0.9356725215911865, CeTr: 0.03163452073931694, CeVa: 0.20624083280563354
Epoch: 19, AccTr: 0.9874371886253357, AccVa: 0.9356725215911865, CeTr: 0.03401634469628334, CeVa: 0.2195393592119217
ENSEMBLE | Tr_Acc: 0.9974874258041382, Tr_CE: 0.009325080551207066, Va_Acc: 0.9766082167625427, Va_CE: 0.05230434983968735
Epoch: 20, AccTr: 0.9899497628211975, AccVa: 0.9532163739204407, CeTr: 0.04662949964404106, CeVa: 0.1479858160018921
Epoch: 21, AccTr: 0.9773869514465332, AccVa: 0.9649122953414917, CeTr: 0.05516890436410904, CeVa: 0.09645261615514755
Epoch: 22, AccTr: 0.9824120402336121, AccVa: 0.9532163739204407, CeTr: 0.043218959122896194, CeVa: 0.10314236581325531
ENSEMBLE | Tr_Acc: 0.9949748516082764, Tr_CE: 0.007122964132577181, Va_Acc: 0.988304078578949, Va_CE: 0.038659755140542984
Epoch: 23, AccTr: 0.9849246144294739, AccVa: 0.9590643048286438, CeTr: 0.047695040702819824, CeVa: 0.1482894867658615
Epoch: 24, AccTr: 0.9824120402336121, AccVa: 0.9707602262496948, CeTr: 0.04281526058912277, CeVa: 0.07767638564109802
Epoch: 25, AccTr: 0.9698492288589478, AccVa: 0.9649122953414917, CeTr: 0.09213124215602875, CeVa: 0.13605453073978424
ENSEMBLE | Tr_Acc: 1.0, Tr_CE: 0.006083980202674866, Va_Acc: 0.988304078578949, Va_CE: 0.03278162702918053
Epoch: 26, AccTr: 0.9849246144294739, AccVa: 0.9415204524993896, CeTr: 0.04633098095655441, CeVa: 0.17784032225608826
Epoch: 27, AccTr: 0.9824120402336121, AccVa: 0.9590643048286438, CeTr: 0.04442095756530762, CeVa: 0.11318972706794739
Epoch: 28, AccTr: 0.9723618030548096, AccVa: 0.9590643048286438, CeTr: 0.06198738142848015, CeVa: 0.09459484368562698
ENSEMBLE | Tr_Acc: 0.9949748516082764, Tr_CE: 0.006811127997934818, Va_Acc: 0.988304078578949, Va_CE: 0.02969513088464737
Epoch: 29, AccTr: 0.9673366546630859, AccVa: 0.9590643048286438, CeTr: 0.06880990415811539, CeVa: 0.13520455360412598
Epoch: 30, AccTr: 0.9824120402336121, AccVa: 0.9649122953414917, CeTr: 0.0422268807888031, CeVa: 0.14815717935562134
Pretrained network accuracy: 1.0
NN CONFIG
Weight-type:		binary
Layout									Layer #1: 30	Layer #2: 20	Layer #3: 2	
Activation Functions					Layer #1: bs	
Keep probabilities		Layer #0: 1.0	Layer #1: 0.95	
Flat factors							Layer #1: 1.0	Layer #2: 1.0	
Activation Noise						Layer #1: 0.0	Layer #2: 0.0	
Prior: 0.9

===================================

RUN CONFIG
Gibbs  Epochs: 30, Blocksize: 8

===================================

Gibbs Ensemble | Burn In: 10, Thinning: 3
Epoch: 0, AccTr: 0.9648241400718689, AccVa: 0.9649122953414917, CeTr: 0.14569738507270813, CeVa: 0.15103402733802795
Epoch: 1, AccTr: 0.9899497628211975, AccVa: 0.9532163739204407, CeTr: 0.031071443110704422, CeVa: 0.24110209941864014
Epoch: 2, AccTr: 0.9698492288589478, AccVa: 0.9590643048286438, CeTr: 0.059685368090867996, CeVa: 0.24078571796417236
Epoch: 3, AccTr: 0.9949748516082764, AccVa: 0.9590643048286438, CeTr: 0.012833014130592346, CeVa: 0.12169018387794495
Epoch: 4, AccTr: 0.9924623370170593, AccVa: 0.9649122953414917, CeTr: 0.037142690271139145, CeVa: 0.31703341007232666
Epoch: 5, AccTr: 0.9698492288589478, AccVa: 0.9707602262496948, CeTr: 0.07059857994318008, CeVa: 0.11376035213470459
Epoch: 6, AccTr: 0.9623115658760071, AccVa: 0.9590643048286438, CeTr: 0.06632836163043976, CeVa: 0.1678846925497055
Epoch: 7, AccTr: 0.9824120402336121, AccVa: 0.9707602262496948, CeTr: 0.051347702741622925, CeVa: 0.07998542487621307
Epoch: 8, AccTr: 0.9773869514465332, AccVa: 0.9824561476707458, CeTr: 0.05792279541492462, CeVa: 0.10306862741708755
Epoch: 9, AccTr: 0.9698492288589478, AccVa: 0.9590643048286438, CeTr: 0.09268886595964432, CeVa: 0.17505000531673431
Epoch: 10, AccTr: 0.979899525642395, AccVa: 0.9824561476707458, CeTr: 0.05414377525448799, CeVa: 0.06448125094175339
ENSEMBLE | Tr_Acc: 0.979899525642395, Tr_CE: 0.05414377525448799, Va_Acc: 0.9824561476707458, Va_CE: 0.06448125094175339
Epoch: 11, AccTr: 0.9849246144294739, AccVa: 0.9473684430122375, CeTr: 0.0492202490568161, CeVa: 0.14641554653644562
Epoch: 12, AccTr: 0.9723618030548096, AccVa: 0.9649122953414917, CeTr: 0.07820627093315125, CeVa: 0.13905984163284302
Epoch: 13, AccTr: 0.9597989916801453, AccVa: 0.9473684430122375, CeTr: 0.09047965705394745, CeVa: 0.14869022369384766
ENSEMBLE | Tr_Acc: 0.9874371886253357, Tr_CE: 0.03799749165773392, Va_Acc: 0.9766082167625427, Va_CE: 0.06416018307209015
Epoch: 14, AccTr: 0.9773869514465332, AccVa: 0.9590643048286438, CeTr: 0.042935989797115326, CeVa: 0.1995951384305954
Epoch: 15, AccTr: 0.9899497628211975, AccVa: 0.9649122953414917, CeTr: 0.0295031126588583, CeVa: 0.12826021015644073
Epoch: 16, AccTr: 0.9874371886253357, AccVa: 0.9473684430122375, CeTr: 0.05111360177397728, CeVa: 0.1420408934354782
ENSEMBLE | Tr_Acc: 0.9899497628211975, Tr_CE: 0.025734465569257736, Va_Acc: 0.9766082167625427, Va_CE: 0.04886789992451668
Epoch: 17, AccTr: 0.9924623370170593, AccVa: 0.9590643048286438, CeTr: 0.03671583905816078, CeVa: 0.11744076758623123
Epoch: 18, AccTr: 0.9849246144294739, AccVa: 0.9532163739204407, CeTr: 0.05653301626443863, CeVa: 0.2658228278160095
Epoch: 19, AccTr: 0.9899497628211975, AccVa: 0.9532163739204407, CeTr: 0.03293677046895027, CeVa: 0.15268822014331818
ENSEMBLE | Tr_Acc: 0.9924623370170593, Tr_CE: 0.01860145293176174, Va_Acc: 0.9824561476707458, Va_CE: 0.04237838834524155
Epoch: 20, AccTr: 0.9748743772506714, AccVa: 0.9824561476707458, CeTr: 0.07117154449224472, CeVa: 0.13493488729000092
Epoch: 21, AccTr: 0.9773869514465332, AccVa: 0.9707602262496948, CeTr: 0.07102345675230026, CeVa: 0.1033087968826294
Epoch: 22, AccTr: 0.979899525642395, AccVa: 0.9356725215911865, CeTr: 0.05780481547117233, CeVa: 0.28895628452301025
ENSEMBLE | Tr_Acc: 0.9949748516082764, Tr_CE: 0.011863636784255505, Va_Acc: 0.9766082167625427, Va_CE: 0.060298603028059006
Epoch: 23, AccTr: 0.9824120402336121, AccVa: 0.9649122953414917, CeTr: 0.05435032397508621, CeVa: 0.15528446435928345
Epoch: 24, AccTr: 0.9899497628211975, AccVa: 0.9766082167625427, CeTr: 0.0267610065639019, CeVa: 0.10372938960790634
Epoch: 25, AccTr: 0.9773869514465332, AccVa: 0.988304078578949, CeTr: 0.028300603851675987, CeVa: 0.05310783535242081
ENSEMBLE | Tr_Acc: 0.9949748516082764, Tr_CE: 0.010807931423187256, Va_Acc: 0.9766082167625427, Va_CE: 0.04950352758169174
Epoch: 26, AccTr: 0.9924623370170593, AccVa: 0.9766082167625427, CeTr: 0.03227083757519722, CeVa: 0.15057197213172913
Epoch: 27, AccTr: 0.9723618030548096, AccVa: 0.9649122953414917, CeTr: 0.06572014093399048, CeVa: 0.08973326534032822
Epoch: 28, AccTr: 0.9874371886253357, AccVa: 0.9707602262496948, CeTr: 0.033111266791820526, CeVa: 0.13918976485729218
ENSEMBLE | Tr_Acc: 0.9949748516082764, Tr_CE: 0.010544107295572758, Va_Acc: 0.9824561476707458, Va_CE: 0.05383942648768425
Epoch: 29, AccTr: 0.9824120402336121, AccVa: 0.9649122953414917, CeTr: 0.06373300403356552, CeVa: 0.2144664227962494
Epoch: 30, AccTr: 0.979899525642395, AccVa: 0.9532163739204407, CeTr: 0.04287170618772507, CeVa: 0.22187133133411407
Pretrained network accuracy: 1.0
NN CONFIG
Weight-type:		binary
Layout									Layer #1: 30	Layer #2: 20	Layer #3: 2	
Activation Functions					Layer #1: bs	
Keep probabilities		Layer #0: 1.0	Layer #1: 0.95	
Flat factors							Layer #1: 1.0	Layer #2: 1.0	
Activation Noise						Layer #1: 0.0	Layer #2: 0.0	
Prior: 0.9

===================================

RUN CONFIG
Gibbs  Epochs: 30, Blocksize: 8

===================================

Gibbs Ensemble | Burn In: 10, Thinning: 3
Epoch: 0, AccTr: 0.8743718862533569, AccVa: 0.8362573385238647, CeTr: 0.7087078094482422, CeVa: 0.9052254557609558
Epoch: 1, AccTr: 0.9874371886253357, AccVa: 0.9649122953414917, CeTr: 0.02960199862718582, CeVa: 0.18471112847328186
Epoch: 2, AccTr: 0.9924623370170593, AccVa: 0.9356725215911865, CeTr: 0.021264228969812393, CeVa: 0.29680201411247253
Epoch: 3, AccTr: 0.9924623370170593, AccVa: 0.9649122953414917, CeTr: 0.027284830808639526, CeVa: 0.2221650630235672
Epoch: 4, AccTr: 0.9849246144294739, AccVa: 0.9532163739204407, CeTr: 0.020278599113225937, CeVa: 0.19112378358840942
Epoch: 5, AccTr: 0.9698492288589478, AccVa: 0.9181286692619324, CeTr: 0.07197710126638412, CeVa: 0.33455294370651245
Epoch: 6, AccTr: 0.9849246144294739, AccVa: 0.9473684430122375, CeTr: 0.03773322328925133, CeVa: 0.2062307596206665
Epoch: 7, AccTr: 0.9924623370170593, AccVa: 0.9473684430122375, CeTr: 0.019474515691399574, CeVa: 0.3161625862121582
Epoch: 8, AccTr: 0.9824120402336121, AccVa: 0.9532163739204407, CeTr: 0.036498140543699265, CeVa: 0.16527533531188965
Epoch: 9, AccTr: 0.9949748516082764, AccVa: 0.9239766001701355, CeTr: 0.03107772022485733, CeVa: 0.3283074200153351
Epoch: 10, AccTr: 0.9874371886253357, AccVa: 0.9415204524993896, CeTr: 0.043670620769262314, CeVa: 0.15793359279632568
ENSEMBLE | Tr_Acc: 0.9874371886253357, Tr_CE: 0.043670620769262314, Va_Acc: 0.9415204524993896, Va_CE: 0.15793359279632568
Epoch: 11, AccTr: 0.9949748516082764, AccVa: 0.9532163739204407, CeTr: 0.028154492378234863, CeVa: 0.16247010231018066
Epoch: 12, AccTr: 0.9874371886253357, AccVa: 0.9473684430122375, CeTr: 0.05063661187887192, CeVa: 0.14479005336761475
Epoch: 13, AccTr: 0.9748743772506714, AccVa: 0.9532163739204407, CeTr: 0.07736627012491226, CeVa: 0.11338992416858673
ENSEMBLE | Tr_Acc: 0.9874371886253357, Tr_CE: 0.037945207208395004, Va_Acc: 0.9707602262496948, Va_CE: 0.08868303149938583
Epoch: 14, AccTr: 0.9924623370170593, AccVa: 0.9590643048286438, CeTr: 0.02131563238799572, CeVa: 0.14656667411327362
Epoch: 15, AccTr: 0.9874371886253357, AccVa: 0.9649122953414917, CeTr: 0.03867999091744423, CeVa: 0.22043874859809875
Epoch: 16, AccTr: 0.9949748516082764, AccVa: 0.9298245906829834, CeTr: 0.021019406616687775, CeVa: 0.3142646551132202
ENSEMBLE | Tr_Acc: 0.9949748516082764, Tr_CE: 0.022868448868393898, Va_Acc: 0.9532163739204407, Va_CE: 0.12117262929677963
Epoch: 17, AccTr: 0.9849246144294739, AccVa: 0.9005848169326782, CeTr: 0.028176750987768173, CeVa: 0.3710388243198395
Epoch: 18, AccTr: 0.9849246144294739, AccVa: 0.9356725215911865, CeTr: 0.05217666178941727, CeVa: 0.2954387068748474
Epoch: 19, AccTr: 0.9874371886253357, AccVa: 0.9356725215911865, CeTr: 0.035283587872982025, CeVa: 0.24167519807815552
ENSEMBLE | Tr_Acc: 0.9949748516082764, Tr_CE: 0.018262283876538277, Va_Acc: 0.9649122953414917, Va_CE: 0.1163945347070694
Epoch: 20, AccTr: 0.979899525642395, AccVa: 0.9532163739204407, CeTr: 0.04302913323044777, CeVa: 0.2603170871734619
Epoch: 21, AccTr: 0.9849246144294739, AccVa: 0.9356725215911865, CeTr: 0.03532459959387779, CeVa: 0.2151184231042862
Epoch: 22, AccTr: 0.9874371886253357, AccVa: 0.9356725215911865, CeTr: 0.036305021494627, CeVa: 0.23273590207099915
ENSEMBLE | Tr_Acc: 0.9974874258041382, Tr_CE: 0.01713690161705017, Va_Acc: 0.9590643048286438, Va_CE: 0.1117614284157753
Epoch: 23, AccTr: 0.9773869514465332, AccVa: 0.9707602262496948, CeTr: 0.027996648102998734, CeVa: 0.11974752694368362
Epoch: 24, AccTr: 0.9874371886253357, AccVa: 0.9649122953414917, CeTr: 0.03339049592614174, CeVa: 0.12684650719165802
Epoch: 25, AccTr: 0.9899497628211975, AccVa: 0.9590643048286438, CeTr: 0.03106970526278019, CeVa: 0.13977168500423431
ENSEMBLE | Tr_Acc: 0.9949748516082764, Tr_CE: 0.01479495968669653, Va_Acc: 0.9707602262496948, Va_CE: 0.10115977376699448
Epoch: 26, AccTr: 0.9723618030548096, AccVa: 0.9415204524993896, CeTr: 0.07494258880615234, CeVa: 0.292192280292511
Epoch: 27, AccTr: 0.9899497628211975, AccVa: 0.9590643048286438, CeTr: 0.025548676028847694, CeVa: 0.1498851180076599
Epoch: 28, AccTr: 0.979899525642395, AccVa: 0.9122806787490845, CeTr: 0.04449799284338951, CeVa: 0.25518468022346497
ENSEMBLE | Tr_Acc: 0.9974874258041382, Tr_CE: 0.012895210646092892, Va_Acc: 0.9707602262496948, Va_CE: 0.10406121611595154
Epoch: 29, AccTr: 0.9949748516082764, AccVa: 0.9415204524993896, CeTr: 0.026353618130087852, CeVa: 0.269047349691391
Epoch: 30, AccTr: 0.9849246144294739, AccVa: 0.9415204524993896, CeTr: 0.03903832659125328, CeVa: 0.3080505132675171
Pretrained network accuracy: 1.0
NN CONFIG
Weight-type:		binary
Layout									Layer #1: 30	Layer #2: 20	Layer #3: 2	
Activation Functions					Layer #1: bs	
Keep probabilities		Layer #0: 1.0	Layer #1: 0.95	
Flat factors							Layer #1: 1.0	Layer #2: 1.0	
Activation Noise						Layer #1: 0.0	Layer #2: 0.0	
Prior: 0.9

===================================

RUN CONFIG
Gibbs  Epochs: 30, Blocksize: 8

===================================

Gibbs Ensemble | Burn In: 10, Thinning: 3
Epoch: 0, AccTr: 0.9623115658760071, AccVa: 0.9415204524993896, CeTr: 0.13075242936611176, CeVa: 0.3169442117214203
Epoch: 1, AccTr: 0.9748743772506714, AccVa: 0.9473684430122375, CeTr: 0.07085671275854111, CeVa: 0.3353842496871948
Epoch: 2, AccTr: 0.979899525642395, AccVa: 0.9532163739204407, CeTr: 0.04088132455945015, CeVa: 0.2913982570171356
Epoch: 3, AccTr: 0.9874371886253357, AccVa: 0.9532163739204407, CeTr: 0.03593995049595833, CeVa: 0.3724595606327057
Epoch: 4, AccTr: 0.9824120402336121, AccVa: 0.9415204524993896, CeTr: 0.05063324421644211, CeVa: 0.2815794348716736
Epoch: 5, AccTr: 0.979899525642395, AccVa: 0.9590643048286438, CeTr: 0.04546016454696655, CeVa: 0.2437862604856491
Epoch: 6, AccTr: 0.9824120402336121, AccVa: 0.9356725215911865, CeTr: 0.032768093049526215, CeVa: 0.26333045959472656
Epoch: 7, AccTr: 0.9824120402336121, AccVa: 0.9239766001701355, CeTr: 0.05131050944328308, CeVa: 0.4027598798274994
Epoch: 8, AccTr: 0.9899497628211975, AccVa: 0.9239766001701355, CeTr: 0.034636240452528, CeVa: 0.44724199175834656
Epoch: 9, AccTr: 0.9673366546630859, AccVa: 0.9298245906829834, CeTr: 0.07950698584318161, CeVa: 0.29811838269233704
Epoch: 10, AccTr: 0.9824120402336121, AccVa: 0.9356725215911865, CeTr: 0.05342889577150345, CeVa: 0.3029977083206177
ENSEMBLE | Tr_Acc: 0.9824120402336121, Tr_CE: 0.05342889577150345, Va_Acc: 0.9356725215911865, Va_CE: 0.3029977083206177
Epoch: 11, AccTr: 0.9974874258041382, AccVa: 0.9473684430122375, CeTr: 0.018785428255796432, CeVa: 0.22105063498020172
Epoch: 12, AccTr: 0.9773869514465332, AccVa: 0.9590643048286438, CeTr: 0.04752280190587044, CeVa: 0.37319669127464294
Epoch: 13, AccTr: 0.9899497628211975, AccVa: 0.9239766001701355, CeTr: 0.03540097177028656, CeVa: 0.3573403060436249
ENSEMBLE | Tr_Acc: 0.9899497628211975, Tr_CE: 0.024154866114258766, Va_Acc: 0.9415204524993896, Va_CE: 0.27328556776046753
Epoch: 14, AccTr: 0.9899497628211975, AccVa: 0.9590643048286438, CeTr: 0.032233383506536484, CeVa: 0.25581830739974976
Epoch: 15, AccTr: 0.9824120402336121, AccVa: 0.9415204524993896, CeTr: 0.04496097192168236, CeVa: 0.36693432927131653
Epoch: 16, AccTr: 0.9874371886253357, AccVa: 0.9473684430122375, CeTr: 0.037257373332977295, CeVa: 0.2629268765449524
ENSEMBLE | Tr_Acc: 0.9974874258041382, Tr_CE: 0.015514876693487167, Va_Acc: 0.9473684430122375, Va_CE: 0.23878003656864166
Epoch: 17, AccTr: 0.9949748516082764, AccVa: 0.9532163739204407, CeTr: 0.020242121070623398, CeVa: 0.33829644322395325
Epoch: 18, AccTr: 0.9824120402336121, AccVa: 0.9356725215911865, CeTr: 0.044132597744464874, CeVa: 0.3249252140522003
Epoch: 19, AccTr: 0.9849246144294739, AccVa: 0.9415204524993896, CeTr: 0.054247189313173294, CeVa: 0.24833081662654877
ENSEMBLE | Tr_Acc: 0.9974874258041382, Tr_CE: 0.010747126303613186, Va_Acc: 0.9532163739204407, Va_CE: 0.2176695317029953
Epoch: 20, AccTr: 0.9924623370170593, AccVa: 0.9356725215911865, CeTr: 0.022019920870661736, CeVa: 0.3901587128639221
Epoch: 21, AccTr: 0.9874371886253357, AccVa: 0.9415204524993896, CeTr: 0.028250761330127716, CeVa: 0.21601760387420654
Epoch: 22, AccTr: 0.9874371886253357, AccVa: 0.9181286692619324, CeTr: 0.031457677483558655, CeVa: 0.40511149168014526
ENSEMBLE | Tr_Acc: 0.9974874258041382, Tr_CE: 0.010018870234489441, Va_Acc: 0.9532163739204407, Va_CE: 0.22338572144508362
Epoch: 23, AccTr: 0.9924623370170593, AccVa: 0.9181286692619324, CeTr: 0.030231313779950142, CeVa: 0.3200700879096985
Epoch: 24, AccTr: 0.9949748516082764, AccVa: 0.9473684430122375, CeTr: 0.019761819392442703, CeVa: 0.26002374291419983
Epoch: 25, AccTr: 0.9949748516082764, AccVa: 0.9473684430122375, CeTr: 0.028201043605804443, CeVa: 0.2837658226490021
ENSEMBLE | Tr_Acc: 1.0, Tr_CE: 0.008633093908429146, Va_Acc: 0.9532163739204407, Va_CE: 0.2159072458744049
Epoch: 26, AccTr: 0.9899497628211975, AccVa: 0.9532163739204407, CeTr: 0.0362006276845932, CeVa: 0.20015671849250793
Epoch: 27, AccTr: 0.979899525642395, AccVa: 0.9473684430122375, CeTr: 0.04151884838938713, CeVa: 0.3729805648326874
Epoch: 28, AccTr: 0.9924623370170593, AccVa: 0.9590643048286438, CeTr: 0.04365555942058563, CeVa: 0.2570951581001282
ENSEMBLE | Tr_Acc: 0.9974874258041382, Tr_CE: 0.009225014597177505, Va_Acc: 0.9590643048286438, Va_CE: 0.20780737698078156
Epoch: 29, AccTr: 0.979899525642395, AccVa: 0.9649122953414917, CeTr: 0.044567372649908066, CeVa: 0.35241997241973877
Epoch: 30, AccTr: 0.9924623370170593, AccVa: 0.9415204524993896, CeTr: 0.019409745931625366, CeVa: 0.38272884488105774
Mod Accuracy || Mean: 0.9508771896362305	 Std: 0.008752426132559776
Ens Accuracy || Mean: 0.9707602262496948	 Std: 0.013335386291146278
Mod CE || Mean: 0.2565576136112213	 Std: 0.08089510351419449
Ens CE || Mean: 0.10768188536167145	 Std: 0.06366628408432007
