

config:

HOME=/clusterFS/home/student/kopp13
PATH=/clusterFS/home/student/kopp13/miniconda3/envs/tensorflow/bin:/clusterFS/home/student/kopp13/miniconda3/bin:/clusterFS/home/student/kopp13/bin:/usr/local/bin:/usr/bin:/bin:/usr/local/games:/usr/games
LD_LIBRARY_PATH=
THEANO_FLAGS=floatX=float32,gpuarray.preallocate=0.9,dnn.library_path=/usr/lib/x86_64-linux-gnu,cxx=clang++-3.8,device=cuda,base_compiledir=/tmp/tmp.2A7brQt88u
Pretrained network accuracy: 1.0
NN CONFIG
Weight-type:		binary
Layout									Layer #1: 30	Layer #2: 60	Layer #3: 2	
Activation Functions					Layer #1: bs	
Keep probabilities		Layer #0: 0.9	Layer #1: 1.0	
Flat factors							Layer #1: 1.0	Layer #2: 1.0	
Activation Noise						Layer #1: 0.0	Layer #2: 0.0	
Prior: 0.9

===================================

RUN CONFIG
Epochs: 100, Blocksize: 8

===================================

Epoch: 0, AccTr: 0.9723618030548096, AccVa: 0.9590643048286438, CeTr: 0.2457466721534729, CeVa: 0.3599623441696167
Epoch: 1, AccTr: 0.947236180305481, AccVa: 0.8888888955116272, CeTr: 0.41676267981529236, CeVa: 0.6957682371139526
Epoch: 2, AccTr: 0.9522613286972046, AccVa: 0.9415204524993896, CeTr: 0.31665006279945374, CeVa: 0.43824607133865356
Epoch: 3, AccTr: 0.927135705947876, AccVa: 0.9298245906829834, CeTr: 0.37939637899398804, CeVa: 0.5187065601348877
Epoch: 4, AccTr: 0.9623115658760071, AccVa: 0.9415204524993896, CeTr: 0.15602843463420868, CeVa: 0.2518506944179535
Epoch: 5, AccTr: 0.9698492288589478, AccVa: 0.9473684430122375, CeTr: 0.2582353949546814, CeVa: 0.2802249491214752
Epoch: 6, AccTr: 0.9597989916801453, AccVa: 0.9707602262496948, CeTr: 0.17291398346424103, CeVa: 0.3601859509944916
Epoch: 7, AccTr: 0.9597989916801453, AccVa: 0.9532163739204407, CeTr: 0.15302476286888123, CeVa: 0.33845457434654236
Epoch: 8, AccTr: 0.9748743772506714, AccVa: 0.9298245906829834, CeTr: 0.1309203803539276, CeVa: 0.23117733001708984
Epoch: 9, AccTr: 0.947236180305481, AccVa: 0.9356725215911865, CeTr: 0.21196110546588898, CeVa: 0.3068728744983673
Epoch: 10, AccTr: 0.9497487545013428, AccVa: 0.9298245906829834, CeTr: 0.17964820563793182, CeVa: 0.31218618154525757
Epoch: 11, AccTr: 0.9773869514465332, AccVa: 0.9649122953414917, CeTr: 0.07309022545814514, CeVa: 0.2423485815525055
Epoch: 12, AccTr: 0.9547738432884216, AccVa: 0.9649122953414917, CeTr: 0.2282627820968628, CeVa: 0.1727989912033081
Epoch: 13, AccTr: 0.9623115658760071, AccVa: 0.9415204524993896, CeTr: 0.09911621361970901, CeVa: 0.4110248386859894
Epoch: 14, AccTr: 0.9547738432884216, AccVa: 0.9824561476707458, CeTr: 0.2176491618156433, CeVa: 0.18030506372451782
Epoch: 15, AccTr: 0.9648241400718689, AccVa: 0.9707602262496948, CeTr: 0.2267119288444519, CeVa: 0.11436185985803604
Epoch: 16, AccTr: 0.979899525642395, AccVa: 0.9122806787490845, CeTr: 0.07890384644269943, CeVa: 0.44193682074546814
Epoch: 17, AccTr: 0.9773869514465332, AccVa: 0.9415204524993896, CeTr: 0.08773694187402725, CeVa: 0.3779928982257843
Epoch: 18, AccTr: 0.9748743772506714, AccVa: 0.9649122953414917, CeTr: 0.08734221756458282, CeVa: 0.17282965779304504
Epoch: 19, AccTr: 0.9673366546630859, AccVa: 0.9298245906829834, CeTr: 0.10337261110544205, CeVa: 0.3373727798461914
Epoch: 20, AccTr: 0.9623115658760071, AccVa: 0.9239766001701355, CeTr: 0.13574285805225372, CeVa: 0.3052535355091095
Epoch: 21, AccTr: 0.9497487545013428, AccVa: 0.9473684430122375, CeTr: 0.2183113545179367, CeVa: 0.23562318086624146
Epoch: 22, AccTr: 0.9547738432884216, AccVa: 0.9532163739204407, CeTr: 0.238719180226326, CeVa: 0.3833696246147156
Epoch: 23, AccTr: 0.9346733689308167, AccVa: 0.8771929740905762, CeTr: 0.4040778875350952, CeVa: 0.5437001585960388
Epoch: 24, AccTr: 0.9673366546630859, AccVa: 0.9181286692619324, CeTr: 0.10499276220798492, CeVa: 0.5471433997154236
Epoch: 25, AccTr: 0.9396985173225403, AccVa: 0.8888888955116272, CeTr: 0.31259316205978394, CeVa: 0.4135879576206207
Epoch: 26, AccTr: 0.9648241400718689, AccVa: 0.9356725215911865, CeTr: 0.13916166126728058, CeVa: 0.3023250102996826
Epoch: 27, AccTr: 0.9698492288589478, AccVa: 0.9649122953414917, CeTr: 0.10676641762256622, CeVa: 0.12608782947063446
Epoch: 28, AccTr: 0.9874371886253357, AccVa: 0.9239766001701355, CeTr: 0.033646360039711, CeVa: 0.2769651710987091
Epoch: 29, AccTr: 0.9673366546630859, AccVa: 0.9181286692619324, CeTr: 0.17632313072681427, CeVa: 0.34230563044548035
Epoch: 30, AccTr: 0.9346733689308167, AccVa: 0.9181286692619324, CeTr: 0.2385522872209549, CeVa: 0.3967161178588867
ENSEMBLE | Tr_Acc: 0.9346733689308167, Tr_CE: 0.2385522872209549, Va_Acc: 0.9181286692619324, Va_CE: 0.3967161178588867
Epoch: 31, AccTr: 0.9497487545013428, AccVa: 0.9298245906829834, CeTr: 0.22346048057079315, CeVa: 0.5058603286743164
Epoch: 32, AccTr: 0.9673366546630859, AccVa: 0.9298245906829834, CeTr: 0.202566996216774, CeVa: 0.42337819933891296
Epoch: 33, AccTr: 0.9673366546630859, AccVa: 0.9532163739204407, CeTr: 0.10472584515810013, CeVa: 0.23606283962726593
ENSEMBLE | Tr_Acc: 0.9849246144294739, Tr_CE: 0.054433565586805344, Va_Acc: 0.9707602262496948, Va_CE: 0.14727017283439636
Epoch: 34, AccTr: 0.9572864174842834, AccVa: 0.9298245906829834, CeTr: 0.15539368987083435, CeVa: 0.3964492976665497
Epoch: 35, AccTr: 0.9623115658760071, AccVa: 0.9590643048286438, CeTr: 0.13436104357242584, CeVa: 0.18915723264217377
Epoch: 36, AccTr: 0.9497487545013428, AccVa: 0.9649122953414917, CeTr: 0.2214590311050415, CeVa: 0.21853363513946533
ENSEMBLE | Tr_Acc: 0.9824120402336121, Tr_CE: 0.04244590550661087, Va_Acc: 0.988304078578949, Va_CE: 0.11973465979099274
Epoch: 37, AccTr: 0.9246231317520142, AccVa: 0.9239766001701355, CeTr: 0.3826681673526764, CeVa: 0.41921380162239075
Epoch: 38, AccTr: 0.9170854091644287, AccVa: 0.9356725215911865, CeTr: 0.288822203874588, CeVa: 0.292977899312973
Epoch: 39, AccTr: 0.9924623370170593, AccVa: 0.9415204524993896, CeTr: 0.029832521453499794, CeVa: 0.2050708681344986
ENSEMBLE | Tr_Acc: 0.9924623370170593, Tr_CE: 0.02615133300423622, Va_Acc: 0.988304078578949, Va_CE: 0.11207376420497894
Epoch: 40, AccTr: 0.9522613286972046, AccVa: 0.9239766001701355, CeTr: 0.29560938477516174, CeVa: 0.4916866421699524
Epoch: 41, AccTr: 0.979899525642395, AccVa: 0.9473684430122375, CeTr: 0.0722167119383812, CeVa: 0.26192188262939453
Epoch: 42, AccTr: 0.9849246144294739, AccVa: 0.9356725215911865, CeTr: 0.08572204411029816, CeVa: 0.2788829803466797
ENSEMBLE | Tr_Acc: 0.9924623370170593, Tr_CE: 0.024788402020931244, Va_Acc: 0.988304078578949, Va_CE: 0.10695064812898636
Epoch: 43, AccTr: 0.9773869514465332, AccVa: 0.9590643048286438, CeTr: 0.09264546632766724, CeVa: 0.32410305738449097
Epoch: 44, AccTr: 0.9824120402336121, AccVa: 0.9532163739204407, CeTr: 0.02276093326508999, CeVa: 0.1748277246952057
Epoch: 45, AccTr: 0.9874371886253357, AccVa: 0.9532163739204407, CeTr: 0.05536796897649765, CeVa: 0.22456379234790802
ENSEMBLE | Tr_Acc: 0.9949748516082764, Tr_CE: 0.021010056138038635, Va_Acc: 0.9824561476707458, Va_CE: 0.09473075717687607
Epoch: 46, AccTr: 0.9572864174842834, AccVa: 0.9181286692619324, CeTr: 0.14233313500881195, CeVa: 0.25115492939949036
Epoch: 47, AccTr: 0.9623115658760071, AccVa: 0.9298245906829834, CeTr: 0.20121382176876068, CeVa: 0.3618629574775696
Epoch: 48, AccTr: 0.979899525642395, AccVa: 0.9415204524993896, CeTr: 0.11609024554491043, CeVa: 0.3328453600406647
ENSEMBLE | Tr_Acc: 0.9924623370170593, Tr_CE: 0.023070326074957848, Va_Acc: 0.9766082167625427, Va_CE: 0.09309592843055725
Epoch: 49, AccTr: 0.947236180305481, AccVa: 0.9649122953414917, CeTr: 0.16508698463439941, CeVa: 0.27697038650512695
Epoch: 50, AccTr: 0.9648241400718689, AccVa: 0.9590643048286438, CeTr: 0.16959668695926666, CeVa: 0.30320295691490173
Epoch: 51, AccTr: 0.9849246144294739, AccVa: 0.9649122953414917, CeTr: 0.04677317664027214, CeVa: 0.22762753069400787
ENSEMBLE | Tr_Acc: 0.9924623370170593, Tr_CE: 0.022541740909218788, Va_Acc: 0.9766082167625427, Va_CE: 0.0947296991944313
Epoch: 52, AccTr: 0.9547738432884216, AccVa: 0.9356725215911865, CeTr: 0.12240375578403473, CeVa: 0.3829374313354492
Epoch: 53, AccTr: 0.9723618030548096, AccVa: 0.9356725215911865, CeTr: 0.13613849878311157, CeVa: 0.3148760497570038
Epoch: 54, AccTr: 0.9748743772506714, AccVa: 0.9473684430122375, CeTr: 0.11180006712675095, CeVa: 0.29738157987594604
ENSEMBLE | Tr_Acc: 0.9924623370170593, Tr_CE: 0.025377098470926285, Va_Acc: 0.9766082167625427, Va_CE: 0.0981973335146904
Epoch: 55, AccTr: 0.9572864174842834, AccVa: 0.9064327478408813, CeTr: 0.1415024995803833, CeVa: 0.33452507853507996
Epoch: 56, AccTr: 0.9849246144294739, AccVa: 0.9649122953414917, CeTr: 0.05813277140259743, CeVa: 0.15252026915550232
Epoch: 57, AccTr: 0.9673366546630859, AccVa: 0.9415204524993896, CeTr: 0.07927987724542618, CeVa: 0.3613235354423523
ENSEMBLE | Tr_Acc: 0.9924623370170593, Tr_CE: 0.024791786447167397, Va_Acc: 0.9766082167625427, Va_CE: 0.1074761375784874
Epoch: 58, AccTr: 0.9748743772506714, AccVa: 0.9356725215911865, CeTr: 0.08859910070896149, CeVa: 0.3007720708847046
Epoch: 59, AccTr: 0.9723618030548096, AccVa: 0.9415204524993896, CeTr: 0.1312500238418579, CeVa: 0.2804422080516815
Epoch: 60, AccTr: 0.9824120402336121, AccVa: 0.9298245906829834, CeTr: 0.1117854192852974, CeVa: 0.4776906669139862
ENSEMBLE | Tr_Acc: 0.9924623370170593, Tr_CE: 0.027778243646025658, Va_Acc: 0.9707602262496948, Va_CE: 0.10742148756980896
Epoch: 61, AccTr: 0.9673366546630859, AccVa: 0.9415204524993896, CeTr: 0.14690430462360382, CeVa: 0.27906474471092224
Epoch: 62, AccTr: 0.9346733689308167, AccVa: 0.9532163739204407, CeTr: 0.1735457181930542, CeVa: 0.3305578827857971
Epoch: 63, AccTr: 0.9673366546630859, AccVa: 0.9298245906829834, CeTr: 0.1343698501586914, CeVa: 0.2946827709674835
ENSEMBLE | Tr_Acc: 0.9924623370170593, Tr_CE: 0.0317845419049263, Va_Acc: 0.9707602262496948, Va_CE: 0.10930397361516953
Epoch: 64, AccTr: 0.9597989916801453, AccVa: 0.9649122953414917, CeTr: 0.2494889497756958, CeVa: 0.13723203539848328
Epoch: 65, AccTr: 0.9673366546630859, AccVa: 0.9356725215911865, CeTr: 0.22854633629322052, CeVa: 0.45366939902305603
Epoch: 66, AccTr: 0.9824120402336121, AccVa: 0.9415204524993896, CeTr: 0.07258462905883789, CeVa: 0.2905593812465668
ENSEMBLE | Tr_Acc: 0.9924623370170593, Tr_CE: 0.02953793853521347, Va_Acc: 0.9707602262496948, Va_CE: 0.10571982711553574
Epoch: 67, AccTr: 0.9698492288589478, AccVa: 0.9532163739204407, CeTr: 0.24422676861286163, CeVa: 0.381338506937027
Epoch: 68, AccTr: 0.9698492288589478, AccVa: 0.9415204524993896, CeTr: 0.16023701429367065, CeVa: 0.2233666479587555
Epoch: 69, AccTr: 0.9673366546630859, AccVa: 0.9590643048286438, CeTr: 0.13190482556819916, CeVa: 0.2518039643764496
ENSEMBLE | Tr_Acc: 0.9924623370170593, Tr_CE: 0.02911323495209217, Va_Acc: 0.9707602262496948, Va_CE: 0.10416123270988464
Epoch: 70, AccTr: 0.9723618030548096, AccVa: 0.9239766001701355, CeTr: 0.13129708170890808, CeVa: 0.3487926423549652
Epoch: 71, AccTr: 0.9597989916801453, AccVa: 0.9239766001701355, CeTr: 0.1514100283384323, CeVa: 0.3353288173675537
Epoch: 72, AccTr: 0.9748743772506714, AccVa: 0.9766082167625427, CeTr: 0.06883478164672852, CeVa: 0.18916703760623932
ENSEMBLE | Tr_Acc: 0.9924623370170593, Tr_CE: 0.02706749178469181, Va_Acc: 0.9707602262496948, Va_CE: 0.10602149367332458
Epoch: 73, AccTr: 0.9773869514465332, AccVa: 0.9590643048286438, CeTr: 0.09687139838933945, CeVa: 0.36016806960105896
Epoch: 74, AccTr: 0.9723618030548096, AccVa: 0.9298245906829834, CeTr: 0.08713307976722717, CeVa: 0.2696405053138733
Epoch: 75, AccTr: 0.9648241400718689, AccVa: 0.9473684430122375, CeTr: 0.11937490105628967, CeVa: 0.21239906549453735
ENSEMBLE | Tr_Acc: 0.9924623370170593, Tr_CE: 0.026954514905810356, Va_Acc: 0.9707602262496948, Va_CE: 0.10085619240999222
Epoch: 76, AccTr: 0.979899525642395, AccVa: 0.9532163739204407, CeTr: 0.0970165953040123, CeVa: 0.3174475431442261
Epoch: 77, AccTr: 0.9748743772506714, AccVa: 0.9649122953414917, CeTr: 0.1635185182094574, CeVa: 0.27023759484291077
Epoch: 78, AccTr: 0.9572864174842834, AccVa: 0.9707602262496948, CeTr: 0.16789865493774414, CeVa: 0.17751753330230713
ENSEMBLE | Tr_Acc: 0.9924623370170593, Tr_CE: 0.02831554226577282, Va_Acc: 0.9707602262496948, Va_CE: 0.10044500231742859
Epoch: 79, AccTr: 0.9673366546630859, AccVa: 0.9415204524993896, CeTr: 0.1309610903263092, CeVa: 0.389146089553833
Epoch: 80, AccTr: 0.9723618030548096, AccVa: 0.9473684430122375, CeTr: 0.12247949838638306, CeVa: 0.34607115387916565
Epoch: 81, AccTr: 0.9974874258041382, AccVa: 0.9532163739204407, CeTr: 0.016664758324623108, CeVa: 0.15567158162593842
ENSEMBLE | Tr_Acc: 0.9924623370170593, Tr_CE: 0.025178607553243637, Va_Acc: 0.9707602262496948, Va_CE: 0.09043335169553757
Epoch: 82, AccTr: 0.9447236061096191, AccVa: 0.9298245906829834, CeTr: 0.3317054510116577, CeVa: 0.29278647899627686
Epoch: 83, AccTr: 0.929648220539093, AccVa: 0.8888888955116272, CeTr: 0.3036496043205261, CeVa: 0.5663649439811707
Epoch: 84, AccTr: 0.9572864174842834, AccVa: 0.9415204524993896, CeTr: 0.264547735452652, CeVa: 0.4551886022090912
ENSEMBLE | Tr_Acc: 0.9924623370170593, Tr_CE: 0.02385922335088253, Va_Acc: 0.9707602262496948, Va_CE: 0.09442564845085144
Epoch: 85, AccTr: 0.9723618030548096, AccVa: 0.9239766001701355, CeTr: 0.14591728150844574, CeVa: 0.43534427881240845
Epoch: 86, AccTr: 0.9522613286972046, AccVa: 0.9239766001701355, CeTr: 0.2711581885814667, CeVa: 0.44484883546829224
Epoch: 87, AccTr: 0.9723618030548096, AccVa: 0.988304078578949, CeTr: 0.16131490468978882, CeVa: 0.1464376002550125
ENSEMBLE | Tr_Acc: 0.9924623370170593, Tr_CE: 0.02537701278924942, Va_Acc: 0.9707602262496948, Va_CE: 0.0906435176730156
Epoch: 88, AccTr: 0.9547738432884216, AccVa: 0.9473684430122375, CeTr: 0.27314063906669617, CeVa: 0.49601808190345764
Epoch: 89, AccTr: 0.9422110319137573, AccVa: 0.9473684430122375, CeTr: 0.3031323552131653, CeVa: 0.4659968912601471
Epoch: 90, AccTr: 0.9396985173225403, AccVa: 0.9473684430122375, CeTr: 0.5158379077911377, CeVa: 0.46948716044425964
ENSEMBLE | Tr_Acc: 0.9949748516082764, Tr_CE: 0.022856786847114563, Va_Acc: 0.9707602262496948, Va_CE: 0.09257541596889496
Epoch: 91, AccTr: 0.9723618030548096, AccVa: 0.9473684430122375, CeTr: 0.1334664672613144, CeVa: 0.2774207293987274
Epoch: 92, AccTr: 0.9773869514465332, AccVa: 0.9473684430122375, CeTr: 0.15289850533008575, CeVa: 0.2040024846792221
Epoch: 93, AccTr: 0.9748743772506714, AccVa: 0.9532163739204407, CeTr: 0.07668398320674896, CeVa: 0.2667149007320404
ENSEMBLE | Tr_Acc: 0.9949748516082764, Tr_CE: 0.023237470537424088, Va_Acc: 0.9707602262496948, Va_CE: 0.09391982108354568
Epoch: 94, AccTr: 0.9648241400718689, AccVa: 0.9356725215911865, CeTr: 0.16797348856925964, CeVa: 0.304608017206192
Epoch: 95, AccTr: 0.979899525642395, AccVa: 0.9649122953414917, CeTr: 0.08536480367183685, CeVa: 0.10274021327495575
Epoch: 96, AccTr: 0.9673366546630859, AccVa: 0.9415204524993896, CeTr: 0.1712694764137268, CeVa: 0.5594807863235474
ENSEMBLE | Tr_Acc: 0.9949748516082764, Tr_CE: 0.022903509438037872, Va_Acc: 0.9707602262496948, Va_CE: 0.10070092231035233
Epoch: 97, AccTr: 0.9572864174842834, AccVa: 0.9532163739204407, CeTr: 0.16013208031654358, CeVa: 0.31486186385154724
Epoch: 98, AccTr: 0.9773869514465332, AccVa: 0.9649122953414917, CeTr: 0.06778794527053833, CeVa: 0.19439639151096344
Epoch: 99, AccTr: 0.9673366546630859, AccVa: 0.9473684430122375, CeTr: 0.1325407773256302, CeVa: 0.3716294467449188
ENSEMBLE | Tr_Acc: 0.9949748516082764, Tr_CE: 0.02155279740691185, Va_Acc: 0.9707602262496948, Va_CE: 0.10539407283067703
Epoch: 100, AccTr: 0.9924623370170593, AccVa: 0.9532163739204407, CeTr: 0.020782964304089546, CeVa: 0.2680852711200714
Pretrained network accuracy: 1.0
NN CONFIG
Weight-type:		binary
Layout									Layer #1: 30	Layer #2: 60	Layer #3: 2	
Activation Functions					Layer #1: bs	
Keep probabilities		Layer #0: 0.9	Layer #1: 1.0	
Flat factors							Layer #1: 1.0	Layer #2: 1.0	
Activation Noise						Layer #1: 0.0	Layer #2: 0.0	
Prior: 0.9

===================================

RUN CONFIG
Epochs: 100, Blocksize: 8

===================================

Epoch: 0, AccTr: 0.5025125741958618, AccVa: 0.4912280738353729, CeTr: 3.1849782466888428, CeVa: 3.5564422607421875
Epoch: 1, AccTr: 0.9723618030548096, AccVa: 0.9649122953414917, CeTr: 0.16404440999031067, CeVa: 0.34767287969589233
Epoch: 2, AccTr: 0.9748743772506714, AccVa: 0.9824561476707458, CeTr: 0.16638365387916565, CeVa: 0.3188484013080597
Epoch: 3, AccTr: 0.9698492288589478, AccVa: 0.9590643048286438, CeTr: 0.22062288224697113, CeVa: 0.2972528040409088
Epoch: 4, AccTr: 0.9849246144294739, AccVa: 0.9473684430122375, CeTr: 0.06699788570404053, CeVa: 0.43836984038352966
Epoch: 5, AccTr: 0.9396985173225403, AccVa: 0.9181286692619324, CeTr: 0.3741632103919983, CeVa: 0.7029338479042053
Epoch: 6, AccTr: 0.9824120402336121, AccVa: 0.9707602262496948, CeTr: 0.0784708634018898, CeVa: 0.35682713985443115
Epoch: 7, AccTr: 0.9773869514465332, AccVa: 0.9181286692619324, CeTr: 0.14256539940834045, CeVa: 0.5938792824745178
Epoch: 8, AccTr: 0.9773869514465332, AccVa: 0.9532163739204407, CeTr: 0.10343839228153229, CeVa: 0.5003105998039246
Epoch: 9, AccTr: 0.9748743772506714, AccVa: 0.9415204524993896, CeTr: 0.1039310023188591, CeVa: 0.636776864528656
Epoch: 10, AccTr: 0.9723618030548096, AccVa: 0.9532163739204407, CeTr: 0.10551580786705017, CeVa: 0.41452258825302124
Epoch: 11, AccTr: 0.9572864174842834, AccVa: 0.9181286692619324, CeTr: 0.18960580229759216, CeVa: 0.43893569707870483
Epoch: 12, AccTr: 0.9673366546630859, AccVa: 0.9356725215911865, CeTr: 0.1431254893541336, CeVa: 0.14570847153663635
Epoch: 13, AccTr: 0.979899525642395, AccVa: 0.9239766001701355, CeTr: 0.09173368662595749, CeVa: 0.4533239006996155
Epoch: 14, AccTr: 0.9547738432884216, AccVa: 0.9590643048286438, CeTr: 0.21241477131843567, CeVa: 0.23365335166454315
Epoch: 15, AccTr: 0.9623115658760071, AccVa: 0.9473684430122375, CeTr: 0.19524414837360382, CeVa: 0.3274468183517456
Epoch: 16, AccTr: 0.9849246144294739, AccVa: 0.9766082167625427, CeTr: 0.031112994998693466, CeVa: 0.20442059636116028
Epoch: 17, AccTr: 0.9723618030548096, AccVa: 0.9356725215911865, CeTr: 0.12381406873464584, CeVa: 0.46639251708984375
Epoch: 18, AccTr: 0.947236180305481, AccVa: 0.9356725215911865, CeTr: 0.22389622032642365, CeVa: 0.40838557481765747
Epoch: 19, AccTr: 0.9748743772506714, AccVa: 0.9532163739204407, CeTr: 0.1341811567544937, CeVa: 0.546687126159668
Epoch: 20, AccTr: 0.9648241400718689, AccVa: 0.9532163739204407, CeTr: 0.19024108350276947, CeVa: 0.4508816599845886
Epoch: 21, AccTr: 0.979899525642395, AccVa: 0.9415204524993896, CeTr: 0.07947053760290146, CeVa: 0.5013642907142639
Epoch: 22, AccTr: 0.9849246144294739, AccVa: 0.9356725215911865, CeTr: 0.07097629457712173, CeVa: 0.5115097165107727
Epoch: 23, AccTr: 0.9572864174842834, AccVa: 0.9590643048286438, CeTr: 0.2100755125284195, CeVa: 0.4807339608669281
Epoch: 24, AccTr: 0.9597989916801453, AccVa: 0.9590643048286438, CeTr: 0.22794300317764282, CeVa: 0.29103198647499084
Epoch: 25, AccTr: 0.9698492288589478, AccVa: 0.9590643048286438, CeTr: 0.14652976393699646, CeVa: 0.5125951766967773
Epoch: 26, AccTr: 0.9773869514465332, AccVa: 0.9649122953414917, CeTr: 0.06339489668607712, CeVa: 0.2633819282054901
Epoch: 27, AccTr: 0.9698492288589478, AccVa: 0.9239766001701355, CeTr: 0.08111173659563065, CeVa: 0.5594629049301147
Epoch: 28, AccTr: 0.979899525642395, AccVa: 0.9532163739204407, CeTr: 0.08561308681964874, CeVa: 0.3817954659461975
Epoch: 29, AccTr: 0.947236180305481, AccVa: 0.9356725215911865, CeTr: 0.2372686266899109, CeVa: 0.35394299030303955
Epoch: 30, AccTr: 0.9623115658760071, AccVa: 0.9532163739204407, CeTr: 0.19633138179779053, CeVa: 0.47067496180534363
ENSEMBLE | Tr_Acc: 0.9623115658760071, Tr_CE: 0.19633138179779053, Va_Acc: 0.9532163739204407, Va_CE: 0.47067496180534363
Epoch: 31, AccTr: 0.9924623370170593, AccVa: 0.9590643048286438, CeTr: 0.024179313331842422, CeVa: 0.49729055166244507
Epoch: 32, AccTr: 0.9698492288589478, AccVa: 0.9649122953414917, CeTr: 0.1340935230255127, CeVa: 0.3598596453666687
Epoch: 33, AccTr: 0.9648241400718689, AccVa: 0.9415204524993896, CeTr: 0.24711266160011292, CeVa: 0.35996246337890625
ENSEMBLE | Tr_Acc: 0.9723618030548096, Tr_CE: 0.1601586490869522, Va_Acc: 0.9649122953414917, Va_CE: 0.3509046733379364
Epoch: 34, AccTr: 0.9824120402336121, AccVa: 0.9415204524993896, CeTr: 0.06448063999414444, CeVa: 0.48090773820877075
Epoch: 35, AccTr: 0.9673366546630859, AccVa: 0.9005848169326782, CeTr: 0.2941281199455261, CeVa: 1.3227192163467407
Epoch: 36, AccTr: 0.9623115658760071, AccVa: 0.9532163739204407, CeTr: 0.19063977897167206, CeVa: 0.3913520276546478
ENSEMBLE | Tr_Acc: 0.9773869514465332, Tr_CE: 0.14024795591831207, Va_Acc: 0.9649122953414917, Va_CE: 0.3117281496524811
Epoch: 37, AccTr: 0.9648241400718689, AccVa: 0.9473684430122375, CeTr: 0.15942461788654327, CeVa: 0.41162368655204773
Epoch: 38, AccTr: 0.9698492288589478, AccVa: 0.9532163739204407, CeTr: 0.1459263414144516, CeVa: 0.5199198126792908
Epoch: 39, AccTr: 0.9673366546630859, AccVa: 0.9356725215911865, CeTr: 0.19914193451404572, CeVa: 0.5259835720062256
ENSEMBLE | Tr_Acc: 0.979899525642395, Tr_CE: 0.12226399034261703, Va_Acc: 0.9707602262496948, Va_CE: 0.2857620418071747
Epoch: 40, AccTr: 0.9447236061096191, AccVa: 0.9356725215911865, CeTr: 0.25800251960754395, CeVa: 0.5742087364196777
Epoch: 41, AccTr: 0.9974874258041382, AccVa: 0.9473684430122375, CeTr: 0.01091827917844057, CeVa: 0.34672224521636963
Epoch: 42, AccTr: 0.979899525642395, AccVa: 0.9298245906829834, CeTr: 0.09356401860713959, CeVa: 0.6214989423751831
ENSEMBLE | Tr_Acc: 0.9824120402336121, Tr_CE: 0.10021620243787766, Va_Acc: 0.9649122953414917, Va_CE: 0.29821842908859253
Epoch: 43, AccTr: 0.9874371886253357, AccVa: 0.9356725215911865, CeTr: 0.026521043851971626, CeVa: 0.29657575488090515
Epoch: 44, AccTr: 0.9723618030548096, AccVa: 0.9473684430122375, CeTr: 0.08409108221530914, CeVa: 0.3894888460636139
Epoch: 45, AccTr: 0.9623115658760071, AccVa: 0.9532163739204407, CeTr: 0.15199196338653564, CeVa: 0.3803839385509491
ENSEMBLE | Tr_Acc: 0.9824120402336121, Tr_CE: 0.07927575707435608, Va_Acc: 0.9649122953414917, Va_CE: 0.2859576940536499
Epoch: 46, AccTr: 0.9522613286972046, AccVa: 0.9181286692619324, CeTr: 0.19927476346492767, CeVa: 0.43459615111351013
Epoch: 47, AccTr: 0.9547738432884216, AccVa: 0.9532163739204407, CeTr: 0.26701122522354126, CeVa: 0.5382588505744934
Epoch: 48, AccTr: 0.9522613286972046, AccVa: 0.9122806787490845, CeTr: 0.18715345859527588, CeVa: 0.6523603200912476
ENSEMBLE | Tr_Acc: 0.9849246144294739, Tr_CE: 0.05907965451478958, Va_Acc: 0.9590643048286438, Va_CE: 0.2930816411972046
Epoch: 49, AccTr: 0.9849246144294739, AccVa: 0.9649122953414917, CeTr: 0.0946996659040451, CeVa: 0.5024086833000183
Epoch: 50, AccTr: 0.9572864174842834, AccVa: 0.9415204524993896, CeTr: 0.18457487225532532, CeVa: 0.4106983244419098
Epoch: 51, AccTr: 0.9748743772506714, AccVa: 0.9707602262496948, CeTr: 0.07994954288005829, CeVa: 0.15589779615402222
ENSEMBLE | Tr_Acc: 0.9849246144294739, Tr_CE: 0.05200706049799919, Va_Acc: 0.9590643048286438, Va_CE: 0.26345163583755493
Epoch: 52, AccTr: 0.9748743772506714, AccVa: 0.9415204524993896, CeTr: 0.07741948962211609, CeVa: 0.36955955624580383
Epoch: 53, AccTr: 0.9748743772506714, AccVa: 0.9415204524993896, CeTr: 0.0928020179271698, CeVa: 0.3612825572490692
Epoch: 54, AccTr: 0.9974874258041382, AccVa: 0.9473684430122375, CeTr: 0.012225992046296597, CeVa: 0.4180487096309662
ENSEMBLE | Tr_Acc: 0.9899497628211975, Tr_CE: 0.040640298277139664, Va_Acc: 0.9590643048286438, Va_CE: 0.2630597949028015
Epoch: 55, AccTr: 0.9673366546630859, AccVa: 0.9649122953414917, CeTr: 0.15080338716506958, CeVa: 0.3177603483200073
Epoch: 56, AccTr: 0.9396985173225403, AccVa: 0.9590643048286438, CeTr: 0.2115659862756729, CeVa: 0.2947918176651001
Epoch: 57, AccTr: 0.979899525642395, AccVa: 0.9590643048286438, CeTr: 0.07516167312860489, CeVa: 0.623924732208252
ENSEMBLE | Tr_Acc: 0.9924623370170593, Tr_CE: 0.03661562502384186, Va_Acc: 0.9649122953414917, Va_CE: 0.29241248965263367
Epoch: 58, AccTr: 0.9849246144294739, AccVa: 0.9649122953414917, CeTr: 0.07781514525413513, CeVa: 0.2633976936340332
Epoch: 59, AccTr: 0.9623115658760071, AccVa: 0.9239766001701355, CeTr: 0.12577952444553375, CeVa: 0.6822964549064636
Epoch: 60, AccTr: 0.9723618030548096, AccVa: 0.9532163739204407, CeTr: 0.17107225954532623, CeVa: 0.44824567437171936
ENSEMBLE | Tr_Acc: 0.9924623370170593, Tr_CE: 0.03737282752990723, Va_Acc: 0.9649122953414917, Va_CE: 0.2980242371559143
Epoch: 61, AccTr: 0.9698492288589478, AccVa: 0.9415204524993896, CeTr: 0.16919079422950745, CeVa: 0.5701942443847656
Epoch: 62, AccTr: 0.9597989916801453, AccVa: 0.9356725215911865, CeTr: 0.14879769086837769, CeVa: 0.4709893465042114
Epoch: 63, AccTr: 0.9673366546630859, AccVa: 0.9707602262496948, CeTr: 0.15471795201301575, CeVa: 0.5251479744911194
ENSEMBLE | Tr_Acc: 0.9924623370170593, Tr_CE: 0.040537454187870026, Va_Acc: 0.9649122953414917, Va_CE: 0.30393046140670776
Epoch: 64, AccTr: 0.9698492288589478, AccVa: 0.9532163739204407, CeTr: 0.15111330151557922, CeVa: 0.30014699697494507
Epoch: 65, AccTr: 0.9572864174842834, AccVa: 0.9532163739204407, CeTr: 0.19867011904716492, CeVa: 0.1814141571521759
Epoch: 66, AccTr: 0.9673366546630859, AccVa: 0.9532163739204407, CeTr: 0.20503681898117065, CeVa: 0.5108762979507446
ENSEMBLE | Tr_Acc: 0.9874371886253357, Tr_CE: 0.043407753109931946, Va_Acc: 0.9649122953414917, Va_CE: 0.30417400598526
Epoch: 67, AccTr: 0.9698492288589478, AccVa: 0.9532163739204407, CeTr: 0.18023088574409485, CeVa: 0.34875455498695374
Epoch: 68, AccTr: 0.9673366546630859, AccVa: 0.9356725215911865, CeTr: 0.1417267620563507, CeVa: 0.5037344694137573
Epoch: 69, AccTr: 0.9748743772506714, AccVa: 0.9356725215911865, CeTr: 0.19386336207389832, CeVa: 0.6331133246421814
ENSEMBLE | Tr_Acc: 0.9849246144294739, Tr_CE: 0.04715665429830551, Va_Acc: 0.9649122953414917, Va_CE: 0.3075890839099884
Epoch: 70, AccTr: 0.979899525642395, AccVa: 0.9707602262496948, CeTr: 0.12634502351284027, CeVa: 0.24861526489257812
Epoch: 71, AccTr: 0.9824120402336121, AccVa: 0.9590643048286438, CeTr: 0.09355324506759644, CeVa: 0.38655349612236023
Epoch: 72, AccTr: 0.9648241400718689, AccVa: 0.9590643048286438, CeTr: 0.21917544305324554, CeVa: 0.5162097811698914
ENSEMBLE | Tr_Acc: 0.9849246144294739, Tr_CE: 0.046272728592157364, Va_Acc: 0.9649122953414917, Va_CE: 0.30589547753334045
Epoch: 73, AccTr: 0.9673366546630859, AccVa: 0.9356725215911865, CeTr: 0.18828624486923218, CeVa: 0.4273330867290497
Epoch: 74, AccTr: 0.9572864174842834, AccVa: 0.9532163739204407, CeTr: 0.18302862346172333, CeVa: 0.4965292811393738
Epoch: 75, AccTr: 0.9497487545013428, AccVa: 0.9415204524993896, CeTr: 0.22183258831501007, CeVa: 0.5214357972145081
ENSEMBLE | Tr_Acc: 0.9849246144294739, Tr_CE: 0.047276049852371216, Va_Acc: 0.9649122953414917, Va_CE: 0.2990109622478485
Epoch: 76, AccTr: 0.9849246144294739, AccVa: 0.9649122953414917, CeTr: 0.12356879562139511, CeVa: 0.5425253510475159
Epoch: 77, AccTr: 0.9748743772506714, AccVa: 0.9415204524993896, CeTr: 0.07032804936170578, CeVa: 0.46880680322647095
Epoch: 78, AccTr: 0.9547738432884216, AccVa: 0.9590643048286438, CeTr: 0.2967437207698822, CeVa: 0.27856680750846863
ENSEMBLE | Tr_Acc: 0.9849246144294739, Tr_CE: 0.05023718625307083, Va_Acc: 0.9707602262496948, Va_CE: 0.28740164637565613
Epoch: 79, AccTr: 0.9849246144294739, AccVa: 0.9590643048286438, CeTr: 0.05523764714598656, CeVa: 0.43954941630363464
Epoch: 80, AccTr: 0.9648241400718689, AccVa: 0.9181286692619324, CeTr: 0.13621315360069275, CeVa: 0.39627543091773987
Epoch: 81, AccTr: 0.9723618030548096, AccVa: 0.9298245906829834, CeTr: 0.11028256267309189, CeVa: 0.3343160152435303
ENSEMBLE | Tr_Acc: 0.9849246144294739, Tr_CE: 0.04970313236117363, Va_Acc: 0.9707602262496948, Va_CE: 0.28576353192329407
Epoch: 82, AccTr: 0.9648241400718689, AccVa: 0.9590643048286438, CeTr: 0.1572730988264084, CeVa: 0.37152811884880066
Epoch: 83, AccTr: 0.9597989916801453, AccVa: 0.9239766001701355, CeTr: 0.17829500138759613, CeVa: 0.6205161809921265
Epoch: 84, AccTr: 0.9447236061096191, AccVa: 0.9181286692619324, CeTr: 0.421143114566803, CeVa: 0.9768041372299194
ENSEMBLE | Tr_Acc: 0.9874371886253357, Tr_CE: 0.0470379963517189, Va_Acc: 0.9707602262496948, Va_CE: 0.2978768050670624
Epoch: 85, AccTr: 0.9949748516082764, AccVa: 0.9298245906829834, CeTr: 0.018297113478183746, CeVa: 0.43019670248031616
Epoch: 86, AccTr: 0.9723618030548096, AccVa: 0.9473684430122375, CeTr: 0.13212257623672485, CeVa: 0.4402468800544739
Epoch: 87, AccTr: 0.9648241400718689, AccVa: 0.9707602262496948, CeTr: 0.20649798214435577, CeVa: 0.3254406452178955
ENSEMBLE | Tr_Acc: 0.9874371886253357, Tr_CE: 0.04720548540353775, Va_Acc: 0.9707602262496948, Va_CE: 0.29037702083587646
Epoch: 88, AccTr: 0.9572864174842834, AccVa: 0.9649122953414917, CeTr: 0.20512233674526215, CeVa: 0.2175339162349701
Epoch: 89, AccTr: 0.9547738432884216, AccVa: 0.9707602262496948, CeTr: 0.17127735912799835, CeVa: 0.283253014087677
Epoch: 90, AccTr: 0.9648241400718689, AccVa: 0.9590643048286438, CeTr: 0.12297245860099792, CeVa: 0.4432770609855652
ENSEMBLE | Tr_Acc: 0.9874371886253357, Tr_CE: 0.04649784043431282, Va_Acc: 0.9649122953414917, Va_CE: 0.2905755639076233
Epoch: 91, AccTr: 0.9597989916801453, AccVa: 0.9590643048286438, CeTr: 0.19810634851455688, CeVa: 0.29071545600891113
Epoch: 92, AccTr: 0.9623115658760071, AccVa: 0.9707602262496948, CeTr: 0.21321910619735718, CeVa: 0.25775209069252014
Epoch: 93, AccTr: 0.9698492288589478, AccVa: 0.9473684430122375, CeTr: 0.11471875011920929, CeVa: 0.4231833815574646
ENSEMBLE | Tr_Acc: 0.9874371886253357, Tr_CE: 0.045338016003370285, Va_Acc: 0.9707602262496948, Va_CE: 0.2850036919116974
Epoch: 94, AccTr: 0.9572864174842834, AccVa: 0.9356725215911865, CeTr: 0.20485292375087738, CeVa: 0.3532201051712036
Epoch: 95, AccTr: 0.979899525642395, AccVa: 0.9649122953414917, CeTr: 0.018490586429834366, CeVa: 0.3064204752445221
Epoch: 96, AccTr: 0.9371859431266785, AccVa: 0.9064327478408813, CeTr: 0.3017578721046448, CeVa: 0.36009907722473145
ENSEMBLE | Tr_Acc: 0.9874371886253357, Tr_CE: 0.041766952723264694, Va_Acc: 0.9707602262496948, Va_CE: 0.2766716182231903
Epoch: 97, AccTr: 0.9447236061096191, AccVa: 0.9298245906829834, CeTr: 0.2905595600605011, CeVa: 0.5040392279624939
Epoch: 98, AccTr: 0.9597989916801453, AccVa: 0.9415204524993896, CeTr: 0.18433111906051636, CeVa: 0.5646100044250488
Epoch: 99, AccTr: 0.9849246144294739, AccVa: 0.9590643048286438, CeTr: 0.12363183498382568, CeVa: 0.33656764030456543
ENSEMBLE | Tr_Acc: 0.9874371886253357, Tr_CE: 0.04339098930358887, Va_Acc: 0.9707602262496948, Va_CE: 0.2754034399986267
Epoch: 100, AccTr: 0.9949748516082764, AccVa: 0.9649122953414917, CeTr: 0.018941693007946014, CeVa: 0.3066502511501312
Pretrained network accuracy: 1.0
NN CONFIG
Weight-type:		binary
Layout									Layer #1: 30	Layer #2: 60	Layer #3: 2	
Activation Functions					Layer #1: bs	
Keep probabilities		Layer #0: 0.9	Layer #1: 1.0	
Flat factors							Layer #1: 1.0	Layer #2: 1.0	
Activation Noise						Layer #1: 0.0	Layer #2: 0.0	
Prior: 0.9

===================================

RUN CONFIG
Epochs: 100, Blocksize: 8

===================================

Epoch: 0, AccTr: 0.9824120402336121, AccVa: 0.9239766001701355, CeTr: 0.20871320366859436, CeVa: 1.0922945737838745
Epoch: 1, AccTr: 0.979899525642395, AccVa: 0.9473684430122375, CeTr: 0.11517030745744705, CeVa: 0.6275271773338318
Epoch: 2, AccTr: 0.9447236061096191, AccVa: 0.9181286692619324, CeTr: 0.2084144502878189, CeVa: 0.7347255349159241
Epoch: 3, AccTr: 0.9673366546630859, AccVa: 0.9473684430122375, CeTr: 0.12434221059083939, CeVa: 0.26072412729263306
Epoch: 4, AccTr: 0.9773869514465332, AccVa: 0.9239766001701355, CeTr: 0.11894847452640533, CeVa: 0.5436972975730896
Epoch: 5, AccTr: 0.9874371886253357, AccVa: 0.9181286692619324, CeTr: 0.03262811526656151, CeVa: 0.3673871159553528
Epoch: 6, AccTr: 0.9748743772506714, AccVa: 0.9415204524993896, CeTr: 0.11761072278022766, CeVa: 0.5070343613624573
Epoch: 7, AccTr: 0.9648241400718689, AccVa: 0.9239766001701355, CeTr: 0.10246346890926361, CeVa: 0.6094496250152588
Epoch: 8, AccTr: 0.9899497628211975, AccVa: 0.9532163739204407, CeTr: 0.011748041026294231, CeVa: 0.3213065564632416
Epoch: 9, AccTr: 0.9321607947349548, AccVa: 0.9181286692619324, CeTr: 0.262652188539505, CeVa: 0.5650059580802917
Epoch: 10, AccTr: 0.9698492288589478, AccVa: 0.9532163739204407, CeTr: 0.11876166611909866, CeVa: 0.4036247432231903
Epoch: 11, AccTr: 0.9597989916801453, AccVa: 0.9181286692619324, CeTr: 0.19633619487285614, CeVa: 0.541619598865509
Epoch: 12, AccTr: 0.9748743772506714, AccVa: 0.9415204524993896, CeTr: 0.12059906870126724, CeVa: 0.41054537892341614
Epoch: 13, AccTr: 0.9673366546630859, AccVa: 0.9649122953414917, CeTr: 0.16529813408851624, CeVa: 0.10018791258335114
Epoch: 14, AccTr: 0.9547738432884216, AccVa: 0.9356725215911865, CeTr: 0.21147124469280243, CeVa: 0.37404611706733704
Epoch: 15, AccTr: 0.9698492288589478, AccVa: 0.9239766001701355, CeTr: 0.09807649999856949, CeVa: 0.40683072805404663
Epoch: 16, AccTr: 0.9673366546630859, AccVa: 0.9298245906829834, CeTr: 0.10406401008367538, CeVa: 0.3695363402366638
Epoch: 17, AccTr: 0.979899525642395, AccVa: 0.9532163739204407, CeTr: 0.10872605443000793, CeVa: 0.21722769737243652
Epoch: 18, AccTr: 0.9773869514465332, AccVa: 0.9356725215911865, CeTr: 0.10985741764307022, CeVa: 0.5602760910987854
Epoch: 19, AccTr: 0.9497487545013428, AccVa: 0.9005848169326782, CeTr: 0.18757230043411255, CeVa: 0.6266669631004333
Epoch: 20, AccTr: 0.9572864174842834, AccVa: 0.9239766001701355, CeTr: 0.18930687010288239, CeVa: 0.4901927411556244
Epoch: 21, AccTr: 0.9698492288589478, AccVa: 0.9473684430122375, CeTr: 0.14590483903884888, CeVa: 0.35154059529304504
Epoch: 22, AccTr: 0.979899525642395, AccVa: 0.9590643048286438, CeTr: 0.09407388418912888, CeVa: 0.2681322693824768
Epoch: 23, AccTr: 0.9849246144294739, AccVa: 0.9298245906829834, CeTr: 0.027390357106924057, CeVa: 0.5589680671691895
Epoch: 24, AccTr: 0.9748743772506714, AccVa: 0.9356725215911865, CeTr: 0.0791812613606453, CeVa: 0.28049415349960327
Epoch: 25, AccTr: 0.9597989916801453, AccVa: 0.9298245906829834, CeTr: 0.1816086322069168, CeVa: 0.47834616899490356
Epoch: 26, AccTr: 0.9773869514465332, AccVa: 0.9590643048286438, CeTr: 0.11047520488500595, CeVa: 0.2539554536342621
Epoch: 27, AccTr: 0.9673366546630859, AccVa: 0.8947368264198303, CeTr: 0.15488757193088531, CeVa: 0.734989583492279
Epoch: 28, AccTr: 0.9572864174842834, AccVa: 0.9473684430122375, CeTr: 0.28427886962890625, CeVa: 0.3717176914215088
Epoch: 29, AccTr: 0.9698492288589478, AccVa: 0.9649122953414917, CeTr: 0.12198825180530548, CeVa: 0.20729908347129822
Epoch: 30, AccTr: 0.9497487545013428, AccVa: 0.9356725215911865, CeTr: 0.23863227665424347, CeVa: 0.38889080286026
ENSEMBLE | Tr_Acc: 0.9497487545013428, Tr_CE: 0.23863227665424347, Va_Acc: 0.9356725215911865, Va_CE: 0.38889080286026
Epoch: 31, AccTr: 0.947236180305481, AccVa: 0.9415204524993896, CeTr: 0.30309584736824036, CeVa: 0.5478822588920593
Epoch: 32, AccTr: 0.9773869514465332, AccVa: 0.9473684430122375, CeTr: 0.08793804794549942, CeVa: 0.39999544620513916
Epoch: 33, AccTr: 0.9723618030548096, AccVa: 0.9590643048286438, CeTr: 0.1612892895936966, CeVa: 0.5089390873908997
ENSEMBLE | Tr_Acc: 0.9874371886253357, Tr_CE: 0.06242012232542038, Va_Acc: 0.9649122953414917, Va_CE: 0.2735236585140228
Epoch: 34, AccTr: 0.9773869514465332, AccVa: 0.9532163739204407, CeTr: 0.10234177112579346, CeVa: 0.4286971390247345
Epoch: 35, AccTr: 0.9547738432884216, AccVa: 0.9298245906829834, CeTr: 0.23588408529758453, CeVa: 0.5414194464683533
Epoch: 36, AccTr: 0.9899497628211975, AccVa: 0.9239766001701355, CeTr: 0.022756895050406456, CeVa: 0.5995189547538757
ENSEMBLE | Tr_Acc: 0.9924623370170593, Tr_CE: 0.02561579830944538, Va_Acc: 0.9532163739204407, Va_CE: 0.26855623722076416
Epoch: 37, AccTr: 0.9723618030548096, AccVa: 0.9239766001701355, CeTr: 0.15230998396873474, CeVa: 0.4886617362499237
Epoch: 38, AccTr: 0.9371859431266785, AccVa: 0.9532163739204407, CeTr: 0.30870094895362854, CeVa: 0.5175959467887878
Epoch: 39, AccTr: 0.9748743772506714, AccVa: 0.9181286692619324, CeTr: 0.14595144987106323, CeVa: 0.5909542441368103
ENSEMBLE | Tr_Acc: 0.9874371886253357, Tr_CE: 0.03136388957500458, Va_Acc: 0.9532163739204407, Va_CE: 0.2908777594566345
Epoch: 40, AccTr: 0.9673366546630859, AccVa: 0.9649122953414917, CeTr: 0.11613177508115768, CeVa: 0.2930348813533783
Epoch: 41, AccTr: 0.9497487545013428, AccVa: 0.9064327478408813, CeTr: 0.30863288044929504, CeVa: 0.7127959728240967
Epoch: 42, AccTr: 0.9824120402336121, AccVa: 0.9415204524993896, CeTr: 0.036664362996816635, CeVa: 0.4064875841140747
ENSEMBLE | Tr_Acc: 0.9924623370170593, Tr_CE: 0.021431690081954002, Va_Acc: 0.9590643048286438, Va_CE: 0.27280980348587036
Epoch: 43, AccTr: 0.9723618030548096, AccVa: 0.9356725215911865, CeTr: 0.09799917042255402, CeVa: 0.5461282134056091
Epoch: 44, AccTr: 0.9773869514465332, AccVa: 0.9356725215911865, CeTr: 0.12201040238142014, CeVa: 0.393362432718277
Epoch: 45, AccTr: 0.9874371886253357, AccVa: 0.9707602262496948, CeTr: 0.02452854812145233, CeVa: 0.30858683586120605
ENSEMBLE | Tr_Acc: 0.9924623370170593, Tr_CE: 0.017832648009061813, Va_Acc: 0.9707602262496948, Va_CE: 0.24523207545280457
Epoch: 46, AccTr: 0.9773869514465332, AccVa: 0.9532163739204407, CeTr: 0.11574196070432663, CeVa: 0.4078238904476166
Epoch: 47, AccTr: 0.9723618030548096, AccVa: 0.9298245906829834, CeTr: 0.06980130821466446, CeVa: 0.29611876606941223
Epoch: 48, AccTr: 0.979899525642395, AccVa: 0.9590643048286438, CeTr: 0.060777146369218826, CeVa: 0.3201773464679718
ENSEMBLE | Tr_Acc: 0.9924623370170593, Tr_CE: 0.018221622332930565, Va_Acc: 0.9649122953414917, Va_CE: 0.2371906042098999
Epoch: 49, AccTr: 0.9547738432884216, AccVa: 0.9298245906829834, CeTr: 0.2778565287590027, CeVa: 0.5222785472869873
Epoch: 50, AccTr: 0.979899525642395, AccVa: 0.9122806787490845, CeTr: 0.16573432087898254, CeVa: 0.6056770086288452
Epoch: 51, AccTr: 0.9748743772506714, AccVa: 0.9415204524993896, CeTr: 0.1446208357810974, CeVa: 0.45419761538505554
ENSEMBLE | Tr_Acc: 0.9874371886253357, Tr_CE: 0.0178497564047575, Va_Acc: 0.9649122953414917, Va_CE: 0.24200615286827087
Epoch: 52, AccTr: 0.9824120402336121, AccVa: 0.9649122953414917, CeTr: 0.14220336079597473, CeVa: 0.28603416681289673
Epoch: 53, AccTr: 0.9422110319137573, AccVa: 0.8830409646034241, CeTr: 0.19608962535858154, CeVa: 0.6701116561889648
Epoch: 54, AccTr: 0.9673366546630859, AccVa: 0.9005848169326782, CeTr: 0.16232071816921234, CeVa: 0.7485159039497375
ENSEMBLE | Tr_Acc: 0.9899497628211975, Tr_CE: 0.016603397205471992, Va_Acc: 0.9707602262496948, Va_CE: 0.25789549946784973
Epoch: 55, AccTr: 0.9723618030548096, AccVa: 0.9473684430122375, CeTr: 0.07056215405464172, CeVa: 0.41506341099739075
Epoch: 56, AccTr: 0.947236180305481, AccVa: 0.9181286692619324, CeTr: 0.22050434350967407, CeVa: 0.5957825183868408
Epoch: 57, AccTr: 0.9648241400718689, AccVa: 0.9473684430122375, CeTr: 0.13316935300827026, CeVa: 0.29708632826805115
ENSEMBLE | Tr_Acc: 0.9924623370170593, Tr_CE: 0.015231089666485786, Va_Acc: 0.9707602262496948, Va_CE: 0.24094368517398834
Epoch: 58, AccTr: 0.9572864174842834, AccVa: 0.9298245906829834, CeTr: 0.308375746011734, CeVa: 0.7306337952613831
Epoch: 59, AccTr: 0.9748743772506714, AccVa: 0.9473684430122375, CeTr: 0.07720739394426346, CeVa: 0.4849063754081726
Epoch: 60, AccTr: 0.9698492288589478, AccVa: 0.9356725215911865, CeTr: 0.12570025026798248, CeVa: 0.3450995981693268
ENSEMBLE | Tr_Acc: 0.9924623370170593, Tr_CE: 0.015519408509135246, Va_Acc: 0.9707602262496948, Va_CE: 0.22579430043697357
Epoch: 61, AccTr: 0.9522613286972046, AccVa: 0.9415204524993896, CeTr: 0.3067784905433655, CeVa: 0.7063844203948975
Epoch: 62, AccTr: 0.9748743772506714, AccVa: 0.9415204524993896, CeTr: 0.09405672550201416, CeVa: 0.5198084712028503
Epoch: 63, AccTr: 0.9899497628211975, AccVa: 0.9532163739204407, CeTr: 0.04205780476331711, CeVa: 0.40795424580574036
ENSEMBLE | Tr_Acc: 0.9924623370170593, Tr_CE: 0.014351996593177319, Va_Acc: 0.9707602262496948, Va_CE: 0.23107591271400452
Epoch: 64, AccTr: 0.9824120402336121, AccVa: 0.9473684430122375, CeTr: 0.1100824847817421, CeVa: 0.32187673449516296
Epoch: 65, AccTr: 0.9773869514465332, AccVa: 0.9356725215911865, CeTr: 0.0738648846745491, CeVa: 0.41711705923080444
Epoch: 66, AccTr: 0.9547738432884216, AccVa: 0.9590643048286438, CeTr: 0.23792751133441925, CeVa: 0.4244338274002075
ENSEMBLE | Tr_Acc: 0.9924623370170593, Tr_CE: 0.017170008271932602, Va_Acc: 0.9707602262496948, Va_CE: 0.23796632885932922
Epoch: 67, AccTr: 0.9824120402336121, AccVa: 0.9532163739204407, CeTr: 0.07172176241874695, CeVa: 0.48876672983169556
Epoch: 68, AccTr: 0.9698492288589478, AccVa: 0.9064327478408813, CeTr: 0.1262882947921753, CeVa: 0.41591113805770874
Epoch: 69, AccTr: 0.979899525642395, AccVa: 0.9415204524993896, CeTr: 0.08814703673124313, CeVa: 0.5989229679107666
ENSEMBLE | Tr_Acc: 0.9924623370170593, Tr_CE: 0.01562952995300293, Va_Acc: 0.9707602262496948, Va_CE: 0.25222525000572205
Epoch: 70, AccTr: 0.9748743772506714, AccVa: 0.9473684430122375, CeTr: 0.13070139288902283, CeVa: 0.4008884131908417
Epoch: 71, AccTr: 0.9698492288589478, AccVa: 0.9532163739204407, CeTr: 0.15987467765808105, CeVa: 0.3469950258731842
Epoch: 72, AccTr: 0.979899525642395, AccVa: 0.9532163739204407, CeTr: 0.07811592519283295, CeVa: 0.34982603788375854
ENSEMBLE | Tr_Acc: 0.9924623370170593, Tr_CE: 0.014228562824428082, Va_Acc: 0.9707602262496948, Va_CE: 0.24816963076591492
Epoch: 73, AccTr: 0.9623115658760071, AccVa: 0.9473684430122375, CeTr: 0.21319997310638428, CeVa: 0.6523303985595703
Epoch: 74, AccTr: 0.9974874258041382, AccVa: 0.9356725215911865, CeTr: 0.008534376509487629, CeVa: 0.6084162592887878
Epoch: 75, AccTr: 0.9673366546630859, AccVa: 0.8947368264198303, CeTr: 0.15607737004756927, CeVa: 0.8211545944213867
ENSEMBLE | Tr_Acc: 0.9924623370170593, Tr_CE: 0.011891968548297882, Va_Acc: 0.9707602262496948, Va_CE: 0.2523956596851349
Epoch: 76, AccTr: 0.9698492288589478, AccVa: 0.9356725215911865, CeTr: 0.14658474922180176, CeVa: 0.3509608805179596
Epoch: 77, AccTr: 0.9698492288589478, AccVa: 0.9707602262496948, CeTr: 0.10843352973461151, CeVa: 0.17741146683692932
Epoch: 78, AccTr: 0.9547738432884216, AccVa: 0.9181286692619324, CeTr: 0.22440680861473083, CeVa: 0.6814295053482056
ENSEMBLE | Tr_Acc: 0.9949748516082764, Tr_CE: 0.01144200749695301, Va_Acc: 0.9649122953414917, Va_CE: 0.2518558204174042
Epoch: 79, AccTr: 0.9673366546630859, AccVa: 0.9356725215911865, CeTr: 0.17947863042354584, CeVa: 0.33004656434059143
Epoch: 80, AccTr: 0.9673366546630859, AccVa: 0.9707602262496948, CeTr: 0.10911662876605988, CeVa: 0.3530057370662689
Epoch: 81, AccTr: 0.9723618030548096, AccVa: 0.9473684430122375, CeTr: 0.14832422137260437, CeVa: 0.5625847578048706
ENSEMBLE | Tr_Acc: 0.9949748516082764, Tr_CE: 0.012262232601642609, Va_Acc: 0.9707602262496948, Va_CE: 0.25639620423316956
Epoch: 82, AccTr: 0.9572864174842834, AccVa: 0.9415204524993896, CeTr: 0.17669297754764557, CeVa: 0.3491438627243042
Epoch: 83, AccTr: 0.9623115658760071, AccVa: 0.9122806787490845, CeTr: 0.11436773836612701, CeVa: 0.5836719274520874
Epoch: 84, AccTr: 0.9748743772506714, AccVa: 0.9356725215911865, CeTr: 0.14792083203792572, CeVa: 0.4200132191181183
ENSEMBLE | Tr_Acc: 0.9949748516082764, Tr_CE: 0.012991262599825859, Va_Acc: 0.9707602262496948, Va_CE: 0.2546406388282776
Epoch: 85, AccTr: 0.9497487545013428, AccVa: 0.9356725215911865, CeTr: 0.1846684217453003, CeVa: 0.58331298828125
Epoch: 86, AccTr: 0.9698492288589478, AccVa: 0.9356725215911865, CeTr: 0.1401936113834381, CeVa: 0.5767145156860352
Epoch: 87, AccTr: 0.9673366546630859, AccVa: 0.9239766001701355, CeTr: 0.15406905114650726, CeVa: 0.5018905401229858
ENSEMBLE | Tr_Acc: 0.9949748516082764, Tr_CE: 0.014336523599922657, Va_Acc: 0.9707602262496948, Va_CE: 0.26202911138534546
Epoch: 88, AccTr: 0.9597989916801453, AccVa: 0.9239766001701355, CeTr: 0.24367040395736694, CeVa: 0.6236997842788696
Epoch: 89, AccTr: 0.9648241400718689, AccVa: 0.8947368264198303, CeTr: 0.21137195825576782, CeVa: 0.6132527589797974
Epoch: 90, AccTr: 0.9673366546630859, AccVa: 0.9415204524993896, CeTr: 0.1413491666316986, CeVa: 0.44272226095199585
ENSEMBLE | Tr_Acc: 0.9949748516082764, Tr_CE: 0.015384271740913391, Va_Acc: 0.9707602262496948, Va_CE: 0.2632993459701538
Epoch: 91, AccTr: 0.9849246144294739, AccVa: 0.9239766001701355, CeTr: 0.04544306546449661, CeVa: 0.3979460895061493
Epoch: 92, AccTr: 0.9698492288589478, AccVa: 0.9181286692619324, CeTr: 0.20167838037014008, CeVa: 0.5902234315872192
Epoch: 93, AccTr: 0.9723618030548096, AccVa: 0.9473684430122375, CeTr: 0.1723978966474533, CeVa: 0.441935658454895
ENSEMBLE | Tr_Acc: 0.9924623370170593, Tr_CE: 0.015377909876406193, Va_Acc: 0.9707602262496948, Va_CE: 0.25593385100364685
Epoch: 94, AccTr: 0.9648241400718689, AccVa: 0.9298245906829834, CeTr: 0.15200309455394745, CeVa: 0.39985576272010803
Epoch: 95, AccTr: 0.9974874258041382, AccVa: 0.9298245906829834, CeTr: 0.008358622901141644, CeVa: 0.5008550882339478
Epoch: 96, AccTr: 0.9572864174842834, AccVa: 0.9590643048286438, CeTr: 0.25342515110969543, CeVa: 0.4118635058403015
ENSEMBLE | Tr_Acc: 0.9899497628211975, Tr_CE: 0.018679415807127953, Va_Acc: 0.9707602262496948, Va_CE: 0.25112852454185486
Epoch: 97, AccTr: 0.9698492288589478, AccVa: 0.9181286692619324, CeTr: 0.11842329055070877, CeVa: 0.796181321144104
Epoch: 98, AccTr: 0.979899525642395, AccVa: 0.9590643048286438, CeTr: 0.14432643353939056, CeVa: 0.36861610412597656
Epoch: 99, AccTr: 0.9748743772506714, AccVa: 0.9064327478408813, CeTr: 0.09644552320241928, CeVa: 0.645977258682251
ENSEMBLE | Tr_Acc: 0.9949748516082764, Tr_CE: 0.01645968295633793, Va_Acc: 0.9649122953414917, Va_CE: 0.24885690212249756
Epoch: 100, AccTr: 0.9648241400718689, AccVa: 0.9239766001701355, CeTr: 0.1485927402973175, CeVa: 0.5421697497367859
Mod Accuracy || Mean: 0.9473684430122375	 Std: 0.017215916886925697
Ens Accuracy || Mean: 0.9688108563423157	 Std: 0.0027567411307245493
Mod CE || Mean: 0.37230172753334045	 Std: 0.12114224582910538
Ens CE || Mean: 0.20988480746746063	 Std: 0.07467669993638992
