

config:

HOME=/clusterFS/home/student/kopp13
PATH=/clusterFS/home/student/kopp13/miniconda3/envs/tensorflow/bin:/clusterFS/home/student/kopp13/miniconda3/bin:/clusterFS/home/student/kopp13/bin:/usr/local/bin:/usr/bin:/bin:/usr/local/games:/usr/games
LD_LIBRARY_PATH=
THEANO_FLAGS=floatX=float32,gpuarray.preallocate=0.9,dnn.library_path=/usr/lib/x86_64-linux-gnu,cxx=clang++-3.8,device=cuda,base_compiledir=/tmp/tmp.LACSR9IiaR
Pretrained network accuracy: 1.0
NN CONFIG
Weight-type:		binary
Layout									Layer #1: 30	Layer #2: 20	Layer #3: 2	
Activation Functions					Layer #1: bs	
Keep probabilities		Layer #0: 0.9	Layer #1: 1.0	
Flat factors							Layer #1: 1.0	Layer #2: 1.0	
Activation Noise						Layer #1: 0.0	Layer #2: 0.0	
Prior: 0.9

===================================

RUN CONFIG
Gibbs  Epochs: 0, Blocksize: 8

===================================

Gibbs Ensemble | Burn In: 30, Thinning: 3
GA Init Pop | Burn In: 100, Thinning: 10
Recombination Method: default, Crossover_P: 0.7, Mutation_P: 0.01
Max GA Generations: 200, Population Size: 5000, Fit_Individuals: 1000, N_Recombinations: 2500
GA Ensemble | Burn In: 100, Thinning: 10
Epoch: 0, AccTr: 0.6130653023719788, AccVa: 0.6257309913635254, CeTr: 1.2414313554763794, CeVa: 1.445915937423706
Starting genetic algorithm
ga init pop len: 0
Generation: 0
TrAcc: 0.5010548233985901 +- 0.17972317337989807	TrCE: 2.5871405601501465 +- 1.4639915227890015
VaAcc: 0.5004010200500488 +- 0.17582541704177856	Va_CE: 2.590332508087158 +- 1.430665373802185
Ancestors: 0.0 +- 0.0
pop len 5000
Best Individual | TrAcc: 0.927135705947876, TrCE: 0.2826949656009674, VaAcc: 0.9122806787490845, VaCE: 0.34695687890052795
Generation: 1
TrAcc: 0.6204653382301331 +- 0.16268670558929443	TrCE: 1.7252519130706787 +- 1.0083380937576294
VaAcc: 0.6151664853096008 +- 0.15875516831874847	Va_CE: 1.7582902908325195 +- 0.9969732761383057
Ancestors: 1.0 +- 0.0
pop len 5000
Best Individual | TrAcc: 0.9246231317520142, TrCE: 0.2388954758644104, VaAcc: 0.9181286692619324, VaCE: 0.2249351590871811
Generation: 2
TrAcc: 0.6559982895851135 +- 0.15425565838813782	TrCE: 1.4955905675888062 +- 0.8842893838882446
VaAcc: 0.6505601406097412 +- 0.1516120582818985	Va_CE: 1.5320640802383423 +- 0.8848249912261963
Ancestors: 2.0 +- 0.0
pop len 5000
Best Individual | TrAcc: 0.9346733689308167, TrCE: 0.2793610095977783, VaAcc: 0.9064327478408813, VaCE: 0.23099710047245026
Generation: 3
TrAcc: 0.6775488257408142 +- 0.15247267484664917	TrCE: 1.3798422813415527 +- 0.8405029773712158
VaAcc: 0.6717186570167542 +- 0.14934244751930237	Va_CE: 1.4171727895736694 +- 0.8368237018585205
Ancestors: 3.0 +- 0.0
pop len 5000
Best Individual | TrAcc: 0.9371859431266785, TrCE: 0.2465987503528595, VaAcc: 0.9122806787490845, VaCE: 0.32708418369293213
Generation: 4
TrAcc: 0.6881520748138428 +- 0.14811761677265167	TrCE: 1.3246523141860962 +- 0.7876377105712891
VaAcc: 0.6824350357055664 +- 0.14556147158145905	Va_CE: 1.3598078489303589 +- 0.7880539298057556
Ancestors: 4.0 +- 0.0
pop len 5000
Best Individual | TrAcc: 0.9597989916801453, TrCE: 0.20373080670833588, VaAcc: 0.9181286692619324, VaCE: 0.3804275393486023
Generation: 5
TrAcc: 0.6960515379905701 +- 0.1534050852060318	TrCE: 1.2982251644134521 +- 0.8213974237442017
VaAcc: 0.6888167262077332 +- 0.15009240806102753	Va_CE: 1.3417713642120361 +- 0.8086332082748413
Ancestors: 5.0 +- 0.0
pop len 5000
Best Individual | TrAcc: 0.9522613286972046, TrCE: 0.22382915019989014, VaAcc: 0.8771929740905762, VaCE: 0.4595237076282501
Generation: 6
TrAcc: 0.7063865661621094 +- 0.14356671273708344	TrCE: 1.2242428064346313 +- 0.7354216575622559
VaAcc: 0.6993045210838318 +- 0.14119383692741394	Va_CE: 1.269929051399231 +- 0.7377426028251648
Ancestors: 6.0 +- 0.0
pop len 5000
Best Individual | TrAcc: 0.9522613286972046, TrCE: 0.19032356142997742, VaAcc: 0.9415204524993896, VaCE: 0.22986005246639252
Generation: 7
TrAcc: 0.7115772366523743 +- 0.14611531794071198	TrCE: 1.2138679027557373 +- 0.749823272228241
VaAcc: 0.7046029567718506 +- 0.14336250722408295	Va_CE: 1.2555617094039917 +- 0.7415788769721985
Ancestors: 7.0 +- 0.0
pop len 5000
Best Individual | TrAcc: 0.9547738432884216, TrCE: 0.24402238428592682, VaAcc: 0.9532163739204407, VaCE: 0.252363383769989
Generation: 8
TrAcc: 0.7170800566673279 +- 0.1462116241455078	TrCE: 1.182578206062317 +- 0.7354621887207031
VaAcc: 0.7096005082130432 +- 0.14360326528549194	Va_CE: 1.229457139968872 +- 0.7304346561431885
Ancestors: 8.0 +- 0.0
pop len 5000
Best Individual | TrAcc: 0.947236180305481, TrCE: 0.2360009253025055, VaAcc: 0.9181286692619324, VaCE: 0.4348042905330658
Generation: 9
TrAcc: 0.7238014340400696 +- 0.14319023489952087	TrCE: 1.1554259061813354 +- 0.711919903755188
VaAcc: 0.7174219489097595 +- 0.1403602808713913	Va_CE: 1.2020848989486694 +- 0.7106398344039917
Ancestors: 9.0 +- 0.0
pop len 5000
Best Individual | TrAcc: 0.927135705947876, TrCE: 0.22393450140953064, VaAcc: 0.9181286692619324, VaCE: 0.28097864985466003
current_layer 1
Generation: 10
TrAcc: 0.7314346432685852 +- 0.13801905512809753	TrCE: 1.1196016073226929 +- 0.675250232219696
VaAcc: 0.7250062823295593 +- 0.13713233172893524	Va_CE: 1.158973217010498 +- 0.6781307458877563
Ancestors: 10.0 +- 0.0
pop len 5000
Best Individual | TrAcc: 0.9522613286972046, TrCE: 0.22150443494319916, VaAcc: 0.9356725215911865, VaCE: 0.27464014291763306
Generation: 11
TrAcc: 0.7367369532585144 +- 0.13565373420715332	TrCE: 1.092810869216919 +- 0.6660599708557129
VaAcc: 0.7303853631019592 +- 0.1329178512096405	Va_CE: 1.1341357231140137 +- 0.6686186194419861
Ancestors: 11.0 +- 0.0
pop len 5000
Best Individual | TrAcc: 0.9547738432884216, TrCE: 0.17776277661323547, VaAcc: 0.8830409646034241, VaCE: 0.6160054802894592
Generation: 12
TrAcc: 0.7412714958190918 +- 0.13697102665901184	TrCE: 1.066515564918518 +- 0.658737301826477
VaAcc: 0.7344961762428284 +- 0.13351832330226898	Va_CE: 1.110604166984558 +- 0.6517130136489868
Ancestors: 12.0 +- 0.0
pop len 5000
Best Individual | TrAcc: 0.8844221234321594, TrCE: 0.2036474198102951, VaAcc: 0.8888888955116272, VaCE: 0.28144294023513794
Generation: 13
TrAcc: 0.7588494420051575 +- 0.1285088211297989	TrCE: 0.9943650364875793 +- 0.5912569165229797
VaAcc: 0.7508206367492676 +- 0.12552395462989807	Va_CE: 1.043998122215271 +- 0.5907521843910217
Ancestors: 13.0 +- 0.0
pop len 5000
Best Individual | TrAcc: 0.9346733689308167, TrCE: 0.18836992979049683, VaAcc: 0.8830409646034241, VaCE: 0.4741666913032532
Generation: 14
TrAcc: 0.7722996473312378 +- 0.11998273432254791	TrCE: 0.9330075979232788 +- 0.5519141554832458
VaAcc: 0.7646874785423279 +- 0.1171872690320015	Va_CE: 0.9825546741485596 +- 0.5545603632926941
Ancestors: 14.0 +- 0.0
pop len 5000
Best Individual | TrAcc: 0.9572864174842834, TrCE: 0.18333908915519714, VaAcc: 0.9473684430122375, VaCE: 0.33258602023124695
Generation: 15
TrAcc: 0.7806867957115173 +- 0.12093112617731094	TrCE: 0.9045652151107788 +- 0.5465396642684937
VaAcc: 0.7733157277107239 +- 0.11834107339382172	Va_CE: 0.9482598900794983 +- 0.5563803315162659
Ancestors: 15.0 +- 0.0
pop len 5000
Best Individual | TrAcc: 0.929648220539093, TrCE: 0.21236899495124817, VaAcc: 0.9122806787490845, VaCE: 0.3248507082462311
Generation: 16
TrAcc: 0.7940274477005005 +- 0.11548713594675064	TrCE: 0.8488486409187317 +- 0.5079508423805237
VaAcc: 0.7853174209594727 +- 0.11358519643545151	Va_CE: 0.9014539122581482 +- 0.5209398865699768
Ancestors: 16.0 +- 0.0
pop len 5000
Best Individual | TrAcc: 0.929648220539093, TrCE: 0.20813444256782532, VaAcc: 0.8947368264198303, VaCE: 0.3934361934661865
Generation: 17
TrAcc: 0.8150185942649841 +- 0.09857634454965591	TrCE: 0.7632282376289368 +- 0.4122508466243744
VaAcc: 0.8060925006866455 +- 0.09697769582271576	Va_CE: 0.8177575469017029 +- 0.4258958399295807
Ancestors: 17.0 +- 0.0
pop len 5000
Best Individual | TrAcc: 0.9648241400718689, TrCE: 0.16176576912403107, VaAcc: 0.8947368264198303, VaCE: 0.4633951485157013
Generation: 18
TrAcc: 0.823412299156189 +- 0.09704764187335968	TrCE: 0.7384791970252991 +- 0.4085843563079834
VaAcc: 0.8141767382621765 +- 0.0962318554520607	Va_CE: 0.7933214902877808 +- 0.4280983805656433
Ancestors: 18.0 +- 0.0
pop len 5000
Best Individual | TrAcc: 0.9623115658760071, TrCE: 0.19425839185714722, VaAcc: 0.9239766001701355, VaCE: 0.3593209683895111
Generation: 19
TrAcc: 0.837098240852356 +- 0.08746764808893204	TrCE: 0.680587887763977 +- 0.3424764573574066
VaAcc: 0.8276578187942505 +- 0.08666377514600754	Va_CE: 0.7398195266723633 +- 0.3657858371734619
Ancestors: 19.0 +- 0.0
pop len 5000
Best Individual | TrAcc: 0.929648220539093, TrCE: 0.16111139953136444, VaAcc: 0.9415204524993896, VaCE: 0.26880887150764465
current_layer 0
Generation: 20
TrAcc: 0.8466007709503174 +- 0.0834561437368393	TrCE: 0.6432946920394897 +- 0.3513762354850769
VaAcc: 0.8368121981620789 +- 0.08330477774143219	Va_CE: 0.6986006498336792 +- 0.3658168613910675
Ancestors: 20.0 +- 0.0
pop len 5000
Best Individual | TrAcc: 0.947236180305481, TrCE: 0.15666206181049347, VaAcc: 0.9064327478408813, VaCE: 0.36977413296699524
Generation: 21
TrAcc: 0.8545555472373962 +- 0.07904032617807388	TrCE: 0.6154003143310547 +- 0.31684422492980957
VaAcc: 0.8438540101051331 +- 0.07974355667829514	Va_CE: 0.67714524269104 +- 0.3476012349128723
Ancestors: 21.0 +- 0.0
pop len 5000
Best Individual | TrAcc: 0.9648241400718689, TrCE: 0.16057012975215912, VaAcc: 0.9298245906829834, VaCE: 0.2106269896030426
Generation: 22
TrAcc: 0.8637992143630981 +- 0.07544039934873581	TrCE: 0.5710855722427368 +- 0.30387693643569946
VaAcc: 0.8534244298934937 +- 0.07422806322574615	Va_CE: 0.632713258266449 +- 0.32926446199417114
Ancestors: 22.0 +- 0.0
pop len 5000
Best Individual | TrAcc: 0.9673366546630859, TrCE: 0.1636723428964615, VaAcc: 0.9181286692619324, VaCE: 0.45134738087654114
Generation: 23
TrAcc: 0.8751986622810364 +- 0.06531374901533127	TrCE: 0.529188871383667 +- 0.257823646068573
VaAcc: 0.8630281090736389 +- 0.0668892115354538	Va_CE: 0.5992497205734253 +- 0.2973453402519226
Ancestors: 23.0 +- 0.0
pop len 5000
Best Individual | TrAcc: 0.947236180305481, TrCE: 0.13776139914989471, VaAcc: 0.9532163739204407, VaCE: 0.16314460337162018
Generation: 24
TrAcc: 0.8831170797348022 +- 0.05940081179141998	TrCE: 0.5028302073478699 +- 0.23632393777370453
VaAcc: 0.8719280958175659 +- 0.06000639498233795	Va_CE: 0.5639076232910156 +- 0.2718392014503479
Ancestors: 24.0 +- 0.0
pop len 5000
Best Individual | TrAcc: 0.9597989916801453, TrCE: 0.14880117774009705, VaAcc: 0.9707602262496948, VaCE: 0.14630712568759918
Generation: 25
TrAcc: 0.8864452838897705 +- 0.058884527534246445	TrCE: 0.48706942796707153 +- 0.22850528359413147
VaAcc: 0.875088095664978 +- 0.06070679426193237	Va_CE: 0.5467036962509155 +- 0.26954782009124756
Ancestors: 25.0 +- 0.0
pop len 5000
Best Individual | TrAcc: 0.9170854091644287, TrCE: 0.13737814128398895, VaAcc: 0.9239766001701355, VaCE: 0.09954112023115158
Generation: 26
TrAcc: 0.8915258049964905 +- 0.055729180574417114	TrCE: 0.4643650949001312 +- 0.21626026928424835
VaAcc: 0.8797132968902588 +- 0.05722234398126602	Va_CE: 0.5330225229263306 +- 0.2548549473285675
Ancestors: 26.0 +- 0.0
pop len 5000
Best Individual | TrAcc: 0.929648220539093, TrCE: 0.12387654930353165, VaAcc: 0.9005848169326782, VaCE: 0.17258748412132263
Generation: 27
TrAcc: 0.8970798850059509 +- 0.05335460975766182	TrCE: 0.44516971707344055 +- 0.20755557715892792
VaAcc: 0.8845207095146179 +- 0.0546129047870636	Va_CE: 0.5130032896995544 +- 0.23861689865589142
Ancestors: 27.0 +- 0.0
pop len 5000
Best Individual | TrAcc: 0.9597989916801453, TrCE: 0.11505204439163208, VaAcc: 0.9532163739204407, VaCE: 0.24648737907409668
Generation: 28
TrAcc: 0.9022176861763 +- 0.04981352761387825	TrCE: 0.4220786988735199 +- 0.198958158493042
VaAcc: 0.8891205787658691 +- 0.05203387886285782	Va_CE: 0.49454307556152344 +- 0.23917719721794128
Ancestors: 28.0 +- 0.0
pop len 5000
Best Individual | TrAcc: 0.9748743772506714, TrCE: 0.10332971811294556, VaAcc: 0.9590643048286438, VaCE: 0.22811128199100494
Generation: 29
TrAcc: 0.9054076075553894 +- 0.04627878963947296	TrCE: 0.4097653329372406 +- 0.1779356747865677
VaAcc: 0.8929924964904785 +- 0.04766538366675377	Va_CE: 0.47905799746513367 +- 0.21705542504787445
Ancestors: 29.0 +- 0.0
pop len 5000
Best Individual | TrAcc: 0.9698492288589478, TrCE: 0.1343086063861847, VaAcc: 0.9473684430122375, VaCE: 0.19419339299201965
current_layer 1
Generation: 30
TrAcc: 0.9089964032173157 +- 0.04391201585531235	TrCE: 0.3983912467956543 +- 0.17342354357242584
VaAcc: 0.8980183601379395 +- 0.04610791802406311	Va_CE: 0.45420366525650024 +- 0.21307696402072906
Ancestors: 30.0 +- 0.0
pop len 5000
Best Individual | TrAcc: 0.9447236061096191, TrCE: 0.12304814904928207, VaAcc: 0.9181286692619324, VaCE: 0.25934579968452454
Generation: 31
TrAcc: 0.9112290143966675 +- 0.042079318314790726	TrCE: 0.38393887877464294 +- 0.16155926883220673
VaAcc: 0.900107741355896 +- 0.04379815235733986	Va_CE: 0.4456827640533447 +- 0.20140409469604492
Ancestors: 31.0 +- 0.0
pop len 5000
Best Individual | TrAcc: 0.9623115658760071, TrCE: 0.1130976676940918, VaAcc: 0.9415204524993896, VaCE: 0.29090258479118347
Generation: 32
TrAcc: 0.9143198132514954 +- 0.03980649262666702	TrCE: 0.37153127789497375 +- 0.15542182326316833
VaAcc: 0.9028033018112183 +- 0.04222623258829117	Va_CE: 0.43087801337242126 +- 0.19446273148059845
Ancestors: 32.0 +- 0.0
pop len 5000
Best Individual | TrAcc: 0.9371859431266785, TrCE: 0.07286270707845688, VaAcc: 0.9122806787490845, VaCE: 0.23104755580425262
Generation: 33
TrAcc: 0.9153581261634827 +- 0.04137313365936279	TrCE: 0.3637221157550812 +- 0.1553753912448883
VaAcc: 0.9041094779968262 +- 0.043229907751083374	Va_CE: 0.42279747128486633 +- 0.1929554045200348
Ancestors: 33.0 +- 0.0
pop len 5000
Best Individual | TrAcc: 0.929648220539093, TrCE: 0.11993855983018875, VaAcc: 0.9356725215911865, VaCE: 0.12292730063199997
Generation: 34
TrAcc: 0.9179732203483582 +- 0.03833913058042526	TrCE: 0.35323119163513184 +- 0.14614111185073853
VaAcc: 0.9062309861183167 +- 0.04073026403784752	Va_CE: 0.41227826476097107 +- 0.18504053354263306
Ancestors: 34.0 +- 0.0
pop len 5000
Best Individual | TrAcc: 0.947236180305481, TrCE: 0.11289632320404053, VaAcc: 0.9356725215911865, VaCE: 0.12496461719274521
Generation: 35
TrAcc: 0.9198216795921326 +- 0.038132406771183014	TrCE: 0.34252288937568665 +- 0.14169448614120483
VaAcc: 0.9082626700401306 +- 0.04094530642032623	Va_CE: 0.39716851711273193 +- 0.18114900588989258
Ancestors: 35.0 +- 0.0
pop len 5000
Best Individual | TrAcc: 0.9698492288589478, TrCE: 0.10598677396774292, VaAcc: 0.9356725215911865, VaCE: 0.17964531481266022
Generation: 36
TrAcc: 0.9226720929145813 +- 0.03767795115709305	TrCE: 0.33213934302330017 +- 0.14479932188987732
VaAcc: 0.9113332033157349 +- 0.0404227189719677	Va_CE: 0.38495680689811707 +- 0.18333321809768677
Ancestors: 36.0 +- 0.0
pop len 5000
Best Individual | TrAcc: 0.9447236061096191, TrCE: 0.07784919440746307, VaAcc: 0.9122806787490845, VaCE: 0.2865457236766815
Generation: 37
TrAcc: 0.922842264175415 +- 0.03647192567586899	TrCE: 0.32845839858055115 +- 0.13754142820835114
VaAcc: 0.9128009080886841 +- 0.039361435920000076	Va_CE: 0.3725813329219818 +- 0.17426797747612
Ancestors: 37.0 +- 0.0
pop len 5000
Best Individual | TrAcc: 0.9723618030548096, TrCE: 0.09968777745962143, VaAcc: 0.9356725215911865, VaCE: 0.2806363105773926
Generation: 38
TrAcc: 0.9244121313095093 +- 0.03524020314216614	TrCE: 0.3182651996612549 +- 0.13120822608470917
VaAcc: 0.9141156077384949 +- 0.03867350146174431	Va_CE: 0.3641083836555481 +- 0.1707528829574585
Ancestors: 38.0 +- 0.0
pop len 5000
Best Individual | TrAcc: 0.9698492288589478, TrCE: 0.09725166857242584, VaAcc: 0.9649122953414917, VaCE: 0.0736418068408966
Generation: 39
TrAcc: 0.9258015751838684 +- 0.036408960819244385	TrCE: 0.3142487406730652 +- 0.13940498232841492
VaAcc: 0.9156529307365417 +- 0.038947660475969315	Va_CE: 0.3599511682987213 +- 0.17584459483623505
Ancestors: 39.0 +- 0.0
pop len 5000
Best Individual | TrAcc: 0.9396985173225403, TrCE: 0.10016005486249924, VaAcc: 0.9415204524993896, VaCE: 0.15010592341423035
current_layer 0
Generation: 40
TrAcc: 0.9279913902282715 +- 0.031717587262392044	TrCE: 0.3053262233734131 +- 0.11859782785177231
VaAcc: 0.918186604976654 +- 0.034680407494306564	Va_CE: 0.34731099009513855 +- 0.16077359020709991
Ancestors: 40.0 +- 0.0
pop len 5000
Best Individual | TrAcc: 0.9648241400718689, TrCE: 0.09487345069646835, VaAcc: 0.9239766001701355, VaCE: 0.2672984004020691
Generation: 41
TrAcc: 0.9282494187355042 +- 0.03238131105899811	TrCE: 0.3031168580055237 +- 0.12001210451126099
VaAcc: 0.9179311394691467 +- 0.03540097549557686	Va_CE: 0.3475116491317749 +- 0.15822026133537292
Ancestors: 41.0 +- 0.0
pop len 5000
Best Individual | TrAcc: 0.9748743772506714, TrCE: 0.09810440242290497, VaAcc: 0.9766082167625427, VaCE: 0.10254596918821335
Generation: 42
TrAcc: 0.9298519492149353 +- 0.03265148773789406	TrCE: 0.2961201071739197 +- 0.12099738419055939
VaAcc: 0.9190259575843811 +- 0.03566331788897514	Va_CE: 0.34357020258903503 +- 0.1614019125699997
Ancestors: 42.0 +- 0.0
pop len 5000
Best Individual | TrAcc: 0.9773869514465332, TrCE: 0.07941966503858566, VaAcc: 0.9532163739204407, VaCE: 0.17554646730422974
Generation: 43
TrAcc: 0.9304203391075134 +- 0.033971067517995834	TrCE: 0.29366573691368103 +- 0.12444370239973068
VaAcc: 0.9199327230453491 +- 0.03647546470165253	Va_CE: 0.33829882740974426 +- 0.16099870204925537
Ancestors: 43.0 +- 0.0
pop len 5000
Best Individual | TrAcc: 0.9547738432884216, TrCE: 0.08842363953590393, VaAcc: 0.9415204524993896, VaCE: 0.11270754039287567
Generation: 44
TrAcc: 0.9316008687019348 +- 0.03135976940393448	TrCE: 0.2850346267223358 +- 0.11071797460317612
VaAcc: 0.9221622943878174 +- 0.0340026393532753	Va_CE: 0.3240624666213989 +- 0.14895111322402954
Ancestors: 44.0 +- 0.0
pop len 5000
Best Individual | TrAcc: 0.9723618030548096, TrCE: 0.08583560585975647, VaAcc: 0.9532163739204407, VaCE: 0.19080159068107605
Generation: 45
TrAcc: 0.9335180521011353 +- 0.0291129220277071	TrCE: 0.27418282628059387 +- 0.10481485724449158
VaAcc: 0.9228362441062927 +- 0.032587070018053055	Va_CE: 0.3184453248977661 +- 0.1464512050151825
Ancestors: 45.0 +- 0.0
pop len 5000
Best Individual | TrAcc: 0.9597989916801453, TrCE: 0.06413082033395767, VaAcc: 0.9415204524993896, VaCE: 0.09104796499013901
Generation: 46
TrAcc: 0.9326938390731812 +- 0.0314294658601284	TrCE: 0.27667611837387085 +- 0.10617266595363617
VaAcc: 0.922839343547821 +- 0.03438551351428032	Va_CE: 0.3148641586303711 +- 0.14471209049224854
Ancestors: 46.0 +- 0.0
pop len 5000
Best Individual | TrAcc: 0.979899525642395, TrCE: 0.08158429712057114, VaAcc: 0.9181286692619324, VaCE: 0.32082295417785645
Generation: 47
TrAcc: 0.9323794841766357 +- 0.03300671651959419	TrCE: 0.2785975933074951 +- 0.11521321535110474
VaAcc: 0.9223667979240417 +- 0.03530658781528473	Va_CE: 0.31751665472984314 +- 0.15265099704265594
Ancestors: 47.0 +- 0.0
pop len 5000
Best Individual | TrAcc: 0.9748743772506714, TrCE: 0.08195368945598602, VaAcc: 0.9415204524993896, VaCE: 0.23527343571186066
Generation: 48
TrAcc: 0.9344295859336853 +- 0.02985953539609909	TrCE: 0.2677723169326782 +- 0.10122713446617126
VaAcc: 0.923628032207489 +- 0.03283555060625076	Va_CE: 0.3120972514152527 +- 0.1399976760149002
Ancestors: 48.0 +- 0.0
pop len 5000
Best Individual | TrAcc: 0.979899525642395, TrCE: 0.08917613327503204, VaAcc: 0.9707602262496948, VaCE: 0.09869363903999329
Generation: 49
TrAcc: 0.9357632994651794 +- 0.02939610928297043	TrCE: 0.2644888460636139 +- 0.10358961671590805
VaAcc: 0.9260240197181702 +- 0.03247460722923279	Va_CE: 0.299139142036438 +- 0.1399802267551422
Ancestors: 49.0 +- 0.0
pop len 5000
Best Individual | TrAcc: 0.9748743772506714, TrCE: 0.0913885310292244, VaAcc: 0.9532163739204407, VaCE: 0.09326013177633286
current_layer 1
Generation: 50
TrAcc: 0.935927152633667 +- 0.029271109029650688	TrCE: 0.26144862174987793 +- 0.09926173835992813
VaAcc: 0.9266372323036194 +- 0.031933095306158066	Va_CE: 0.2933628559112549 +- 0.13506314158439636
Ancestors: 50.0 +- 0.0
pop len 5000
Best Individual | TrAcc: 0.9522613286972046, TrCE: 0.0751318410038948, VaAcc: 0.9649122953414917, VaCE: 0.1255354881286621
Generation: 51
TrAcc: 0.9375582933425903 +- 0.030558409169316292	TrCE: 0.2506691515445709 +- 0.09942261874675751
VaAcc: 0.9270946979522705 +- 0.03363458439707756	Va_CE: 0.2884484827518463 +- 0.13567708432674408
Ancestors: 51.0 +- 0.0
pop len 5000
Best Individual | TrAcc: 0.9773869514465332, TrCE: 0.08004838973283768, VaAcc: 0.9532163739204407, VaCE: 0.15065854787826538
Generation: 52
TrAcc: 0.9382951259613037 +- 0.028346359729766846	TrCE: 0.2466862052679062 +- 0.09305821359157562
VaAcc: 0.9283370971679688 +- 0.031080234795808792	Va_CE: 0.2841070890426636 +- 0.12936647236347198
Ancestors: 52.0 +- 0.0
pop len 5000
Best Individual | TrAcc: 0.9824120402336121, TrCE: 0.08267644047737122, VaAcc: 0.9766082167625427, VaCE: 0.07521887123584747
Generation: 53
TrAcc: 0.9389989972114563 +- 0.02880510874092579	TrCE: 0.24333783984184265 +- 0.0963345319032669
VaAcc: 0.9280039072036743 +- 0.031794317066669464	Va_CE: 0.2852192521095276 +- 0.13099408149719238
Ancestors: 53.0 +- 0.0
pop len 5000
Best Individual | TrAcc: 0.9824120402336121, TrCE: 0.07003341615200043, VaAcc: 0.9473684430122375, VaCE: 0.15506525337696075
Generation: 54
TrAcc: 0.9387797117233276 +- 0.02948448620736599	TrCE: 0.2412610650062561 +- 0.0954665094614029
VaAcc: 0.9281484484672546 +- 0.032328300178050995	Va_CE: 0.28176242113113403 +- 0.12779080867767334
Ancestors: 54.0 +- 0.0
pop len 5000
Best Individual | TrAcc: 0.9849246144294739, TrCE: 0.08198126405477524, VaAcc: 0.9415204524993896, VaCE: 0.2536872923374176
Generation: 55
TrAcc: 0.9395788311958313 +- 0.031516045331954956	TrCE: 0.23800203204154968 +- 0.10003525018692017
VaAcc: 0.9283015727996826 +- 0.033133674412965775	Va_CE: 0.2782507538795471 +- 0.12891452014446259
Ancestors: 55.0 +- 0.0
pop len 5000
Best Individual | TrAcc: 0.979899525642395, TrCE: 0.06968502700328827, VaAcc: 0.9766082167625427, VaCE: 0.14307045936584473
Generation: 56
TrAcc: 0.940663754940033 +- 0.027865994721651077	TrCE: 0.2330360859632492 +- 0.09043201059103012
VaAcc: 0.9296581745147705 +- 0.02994750440120697	Va_CE: 0.27420058846473694 +- 0.12322121858596802
Ancestors: 56.0 +- 0.0
pop len 5000
Best Individual | TrAcc: 0.9924623370170593, TrCE: 0.07723133265972137, VaAcc: 0.9590643048286438, VaCE: 0.14987944066524506
Generation: 57
TrAcc: 0.9399513602256775 +- 0.028173018246889114	TrCE: 0.23102334141731262 +- 0.08669167011976242
VaAcc: 0.9285778999328613 +- 0.03190140426158905	Va_CE: 0.27126285433769226 +- 0.12078302353620529
Ancestors: 57.0 +- 0.0
pop len 5000
Best Individual | TrAcc: 0.9849246144294739, TrCE: 0.07342394441366196, VaAcc: 0.9707602262496948, VaCE: 0.12365608662366867
Generation: 58
TrAcc: 0.9422661066055298 +- 0.02736450545489788	TrCE: 0.22378867864608765 +- 0.08611629158258438
VaAcc: 0.9315612316131592 +- 0.0297849141061306	Va_CE: 0.2615726888179779 +- 0.1185336709022522
Ancestors: 58.0 +- 0.0
pop len 5000
Best Individual | TrAcc: 0.9849246144294739, TrCE: 0.07530403882265091, VaAcc: 0.9532163739204407, VaCE: 0.1942989081144333
Generation: 59
TrAcc: 0.9423050880432129 +- 0.0290018729865551	TrCE: 0.22149844467639923 +- 0.08735901862382889
VaAcc: 0.9317328929901123 +- 0.03195430338382721	Va_CE: 0.2585647702217102 +- 0.1197267398238182
Ancestors: 59.0 +- 0.0
pop len 5000
Best Individual | TrAcc: 0.9547738432884216, TrCE: 0.07796031981706619, VaAcc: 0.9590643048286438, VaCE: 0.08035404980182648
current_layer 0
Generation: 60
TrAcc: 0.9422677755355835 +- 0.028707124292850494	TrCE: 0.2208518087863922 +- 0.09581508487462997
VaAcc: 0.931557297706604 +- 0.032071229070425034	Va_CE: 0.26012030243873596 +- 0.12630276381969452
Ancestors: 60.0 +- 0.0
pop len 5000
Best Individual | TrAcc: 0.979899525642395, TrCE: 0.06744246929883957, VaAcc: 0.9356725215911865, VaCE: 0.20421935617923737
Generation: 61
TrAcc: 0.9438177943229675 +- 0.025882363319396973	TrCE: 0.21491912007331848 +- 0.07808829843997955
VaAcc: 0.9329280257225037 +- 0.029065987095236778	Va_CE: 0.2541753053665161 +- 0.11225564032793045
Ancestors: 61.0 +- 0.0
pop len 5000
Best Individual | TrAcc: 0.979899525642395, TrCE: 0.05823821201920509, VaAcc: 0.9766082167625427, VaCE: 0.10935256630182266
Generation: 62
TrAcc: 0.942758321762085 +- 0.029099436476826668	TrCE: 0.21724507212638855 +- 0.08416012674570084
VaAcc: 0.9319021701812744 +- 0.03152918815612793	Va_CE: 0.2552192509174347 +- 0.11512258648872375
Ancestors: 62.0 +- 0.0
pop len 5000
Best Individual | TrAcc: 0.9824120402336121, TrCE: 0.06480544805526733, VaAcc: 0.9590643048286438, VaCE: 0.11938916146755219
Generation: 63
TrAcc: 0.9433067440986633 +- 0.02798500843346119	TrCE: 0.2125672549009323 +- 0.0831686332821846
VaAcc: 0.9319130778312683 +- 0.03096172586083412	Va_CE: 0.25412601232528687 +- 0.11308193951845169
Ancestors: 63.0 +- 0.0
pop len 5000
Best Individual | TrAcc: 0.9824120402336121, TrCE: 0.07063522189855576, VaAcc: 0.9473684430122375, VaCE: 0.20779949426651
Generation: 64
TrAcc: 0.9436048865318298 +- 0.03065267577767372	TrCE: 0.21043331921100616 +- 0.08992423117160797
VaAcc: 0.9320319294929504 +- 0.03343695029616356	Va_CE: 0.2512652575969696 +- 0.11939673870801926
Ancestors: 64.0 +- 0.0
pop len 5000
Best Individual | TrAcc: 0.947236180305481, TrCE: 0.07244477421045303, VaAcc: 0.8947368264198303, VaCE: 0.1848057508468628
Generation: 65
TrAcc: 0.9458165764808655 +- 0.026791643351316452	TrCE: 0.20354454219341278 +- 0.07503680139780045
VaAcc: 0.9350003004074097 +- 0.029033780097961426	Va_CE: 0.24060648679733276 +- 0.10448738932609558
Ancestors: 65.0 +- 0.0
pop len 5000
Best Individual | TrAcc: 0.9849246144294739, TrCE: 0.06891406327486038, VaAcc: 0.9590643048286438, VaCE: 0.20595410466194153
Generation: 66
TrAcc: 0.9437659382820129 +- 0.03137608617544174	TrCE: 0.20742560923099518 +- 0.0882602110505104
VaAcc: 0.9330089092254639 +- 0.03268367052078247	Va_CE: 0.24418318271636963 +- 0.11236013472080231
Ancestors: 66.0 +- 0.0
pop len 5000
Best Individual | TrAcc: 0.9824120402336121, TrCE: 0.0628414899110794, VaAcc: 0.9707602262496948, VaCE: 0.08113003522157669
Generation: 67
TrAcc: 0.9451714754104614 +- 0.026311956346035004	TrCE: 0.20318487286567688 +- 0.07858693599700928
VaAcc: 0.9344483613967896 +- 0.02920212410390377	Va_CE: 0.24020351469516754 +- 0.10942522436380386
Ancestors: 67.0 +- 0.0
pop len 5000
Best Individual | TrAcc: 0.9623115658760071, TrCE: 0.06600939482450485, VaAcc: 0.9532163739204407, VaCE: 0.17667466402053833
Generation: 68
TrAcc: 0.9465136528015137 +- 0.027315540239214897	TrCE: 0.19867652654647827 +- 0.08018345385789871
VaAcc: 0.9355862140655518 +- 0.030117124319076538	Va_CE: 0.2350263148546219 +- 0.10867283493280411
Ancestors: 68.0 +- 0.0
pop len 5000
Best Individual | TrAcc: 0.979899525642395, TrCE: 0.07454998791217804, VaAcc: 0.9766082167625427, VaCE: 0.05854500085115433
Generation: 69
TrAcc: 0.9463760852813721 +- 0.027289019897580147	TrCE: 0.19679024815559387 +- 0.07755617052316666
VaAcc: 0.9348748922348022 +- 0.030326392501592636	Va_CE: 0.2382340133190155 +- 0.1109006404876709
Ancestors: 69.0 +- 0.0
pop len 5000
Best Individual | TrAcc: 0.9623115658760071, TrCE: 0.057051874697208405, VaAcc: 0.9532163739204407, VaCE: 0.13759420812129974
current_layer 1
Generation: 70
TrAcc: 0.9467428922653198 +- 0.027684945613145828	TrCE: 0.19636864960193634 +- 0.08014474809169769
VaAcc: 0.9354411959648132 +- 0.030372880399227142	Va_CE: 0.23549336194992065 +- 0.10936643928289413
Ancestors: 70.0 +- 0.0
pop len 5000
Best Individual | TrAcc: 0.9698492288589478, TrCE: 0.0673503652215004, VaAcc: 0.9707602262496948, VaCE: 0.12872129678726196
Generation: 71
TrAcc: 0.9470008015632629 +- 0.025590579956769943	TrCE: 0.19125939905643463 +- 0.07280956953763962
VaAcc: 0.9367831945419312 +- 0.028188059106469154	Va_CE: 0.22510404884815216 +- 0.10041440278291702
Ancestors: 71.0 +- 0.0
pop len 5000
Best Individual | TrAcc: 0.9723618030548096, TrCE: 0.05486951768398285, VaAcc: 0.9356725215911865, VaCE: 0.1421627402305603
Generation: 72
TrAcc: 0.9469416737556458 +- 0.029632043093442917	TrCE: 0.19173350930213928 +- 0.07823614031076431
VaAcc: 0.9358900189399719 +- 0.031787361949682236	Va_CE: 0.22811037302017212 +- 0.10303577780723572
Ancestors: 72.0 +- 0.0
pop len 5000
Best Individual | TrAcc: 0.9824120402336121, TrCE: 0.06204997003078461, VaAcc: 0.9590643048286438, VaCE: 0.16044320166110992
Generation: 73
TrAcc: 0.9471810460090637 +- 0.028095601126551628	TrCE: 0.18884705007076263 +- 0.07325810939073563
VaAcc: 0.9361596703529358 +- 0.03034663014113903	Va_CE: 0.22921504080295563 +- 0.10415874421596527
Ancestors: 73.0 +- 0.0
pop len 5000
Best Individual | TrAcc: 0.9824120402336121, TrCE: 0.05051305145025253, VaAcc: 0.9649122953414917, VaCE: 0.08635726571083069
Generation: 74
TrAcc: 0.9465466737747192 +- 0.029895460233092308	TrCE: 0.19203054904937744 +- 0.08010170608758926
VaAcc: 0.9356343746185303 +- 0.032376378774642944	Va_CE: 0.22922582924365997 +- 0.10569345951080322
Ancestors: 74.0 +- 0.0
pop len 5000
Best Individual | TrAcc: 0.9773869514465332, TrCE: 0.06380155682563782, VaAcc: 0.9532163739204407, VaCE: 0.17646774649620056
Generation: 75
TrAcc: 0.9481264352798462 +- 0.025720832869410515	TrCE: 0.1884889453649521 +- 0.07287147641181946
VaAcc: 0.9359542727470398 +- 0.029117334634065628	Va_CE: 0.2311820238828659 +- 0.10123290866613388
Ancestors: 75.0 +- 0.0
pop len 5000
Best Individual | TrAcc: 0.9849246144294739, TrCE: 0.06740546226501465, VaAcc: 0.9473684430122375, VaCE: 0.20347662270069122
Generation: 76
TrAcc: 0.9469879865646362 +- 0.029571866616606712	TrCE: 0.18986158072948456 +- 0.0777738094329834
VaAcc: 0.9343523383140564 +- 0.03295110911130905	Va_CE: 0.23495405912399292 +- 0.10806874930858612
Ancestors: 76.0 +- 0.0
pop len 5000
Best Individual | TrAcc: 0.9748743772506714, TrCE: 0.0661282166838646, VaAcc: 0.9590643048286438, VaCE: 0.13647432625293732
Generation: 77
TrAcc: 0.9474685788154602 +- 0.02951241470873356	TrCE: 0.18750382959842682 +- 0.07348114997148514
VaAcc: 0.9354926943778992 +- 0.03232523053884506	Va_CE: 0.22959333658218384 +- 0.10151485353708267
Ancestors: 77.0 +- 0.0
pop len 5000
Best Individual | TrAcc: 0.9773869514465332, TrCE: 0.05960976332426071, VaAcc: 0.9532163739204407, VaCE: 0.10870112478733063
Generation: 78
TrAcc: 0.9481607675552368 +- 0.027018310502171516	TrCE: 0.18693377077579498 +- 0.07770482450723648
VaAcc: 0.9362680912017822 +- 0.02996804751455784	Va_CE: 0.22921864688396454 +- 0.10520073026418686
Ancestors: 78.0 +- 0.0
pop len 5000
Best Individual | TrAcc: 0.9849246144294739, TrCE: 0.0566776841878891, VaAcc: 0.9766082167625427, VaCE: 0.08723926544189453
Generation: 79
TrAcc: 0.9485063552856445 +- 0.026817943900823593	TrCE: 0.1832047551870346 +- 0.07109827548265457
VaAcc: 0.9369502067565918 +- 0.029513342306017876	Va_CE: 0.22385038435459137 +- 0.09981828182935715
Ancestors: 79.0 +- 0.0
pop len 5000
Best Individual | TrAcc: 0.9874371886253357, TrCE: 0.05608827993273735, VaAcc: 0.9824561476707458, VaCE: 0.08033809065818787
current_layer 0
Generation: 80
TrAcc: 0.9498477578163147 +- 0.0261073037981987	TrCE: 0.17910748720169067 +- 0.06656262278556824
VaAcc: 0.9381027221679688 +- 0.028946759179234505	Va_CE: 0.22054873406887054 +- 0.09589124470949173
Ancestors: 80.0 +- 0.0
pop len 5000
Best Individual | TrAcc: 0.9899497628211975, TrCE: 0.05171138420701027, VaAcc: 0.9649122953414917, VaCE: 0.10427393764257431
Generation: 81
TrAcc: 0.9505529403686523 +- 0.026721807196736336	TrCE: 0.17625366151332855 +- 0.07184363901615143
VaAcc: 0.9389365315437317 +- 0.029040882363915443	Va_CE: 0.21783463656902313 +- 0.09784939140081406
Ancestors: 81.0 +- 0.0
pop len 5000
Best Individual | TrAcc: 0.9874371886253357, TrCE: 0.057307496666908264, VaAcc: 0.9590643048286438, VaCE: 0.1589854657649994
Generation: 82
TrAcc: 0.9508560299873352 +- 0.02754535898566246	TrCE: 0.17424626648426056 +- 0.07148019969463348
VaAcc: 0.9390836954116821 +- 0.02994958870112896	Va_CE: 0.2148865908384323 +- 0.09506023675203323
Ancestors: 82.0 +- 0.0
pop len 5000
Best Individual | TrAcc: 0.9899497628211975, TrCE: 0.058840248733758926, VaAcc: 0.9415204524993896, VaCE: 0.2522386312484741
Generation: 83
TrAcc: 0.9513685703277588 +- 0.027386650443077087	TrCE: 0.17275482416152954 +- 0.07119983434677124
VaAcc: 0.9397326111793518 +- 0.029101738706231117	Va_CE: 0.21523046493530273 +- 0.09474696964025497
Ancestors: 83.0 +- 0.0
pop len 5000
Best Individual | TrAcc: 0.9673366546630859, TrCE: 0.05729854479432106, VaAcc: 0.9181286692619324, VaCE: 0.1717415452003479
Generation: 84
TrAcc: 0.9513013958930969 +- 0.0280308797955513	TrCE: 0.171754390001297 +- 0.07084658741950989
VaAcc: 0.9391801953315735 +- 0.030705267563462257	Va_CE: 0.2131844311952591 +- 0.09644310176372528
Ancestors: 84.0 +- 0.0
pop len 5000
Best Individual | TrAcc: 0.9849246144294739, TrCE: 0.05870400741696358, VaAcc: 0.9707602262496948, VaCE: 0.07066772133111954
Generation: 85
TrAcc: 0.9533225297927856 +- 0.024283554404973984	TrCE: 0.1653287261724472 +- 0.06184373050928116
VaAcc: 0.940805971622467 +- 0.026889486238360405	Va_CE: 0.2061089426279068 +- 0.08826903253793716
Ancestors: 85.0 +- 0.0
pop len 5000
Best Individual | TrAcc: 0.9849246144294739, TrCE: 0.047196757048368454, VaAcc: 0.9532163739204407, VaCE: 0.17605958878993988
Generation: 86
TrAcc: 0.9540382623672485 +- 0.024190137162804604	TrCE: 0.163404643535614 +- 0.062394995242357254
VaAcc: 0.9420126676559448 +- 0.02694767154753208	Va_CE: 0.203866109251976 +- 0.08943399786949158
Ancestors: 86.0 +- 0.0
pop len 5000
Best Individual | TrAcc: 0.9824120402336121, TrCE: 0.0511387437582016, VaAcc: 0.9649122953414917, VaCE: 0.08866766840219498
Generation: 87
TrAcc: 0.9544637799263 +- 0.026377633213996887	TrCE: 0.16089054942131042 +- 0.06352964043617249
VaAcc: 0.9421933889389038 +- 0.028368089348077774	Va_CE: 0.19887009263038635 +- 0.08585529774427414
Ancestors: 87.0 +- 0.0
pop len 5000
Best Individual | TrAcc: 0.9824120402336121, TrCE: 0.05554711073637009, VaAcc: 0.9649122953414917, VaCE: 0.13948887586593628
Generation: 88
TrAcc: 0.9543114304542542 +- 0.026421133428812027	TrCE: 0.16145206987857819 +- 0.06409777700901031
VaAcc: 0.9423974752426147 +- 0.02849273942410946	Va_CE: 0.19871661067008972 +- 0.08779881149530411
Ancestors: 88.0 +- 0.0
pop len 5000
Best Individual | TrAcc: 0.9623115658760071, TrCE: 0.06015922874212265, VaAcc: 0.9356725215911865, VaCE: 0.09974221140146255
Generation: 89
TrAcc: 0.9549741148948669 +- 0.027284741401672363	TrCE: 0.15915638208389282 +- 0.0645548403263092
VaAcc: 0.9431405067443848 +- 0.028439445421099663	Va_CE: 0.19421793520450592 +- 0.0867462307214737
Ancestors: 89.0 +- 0.0
pop len 5000
Best Individual | TrAcc: 0.9824120402336121, TrCE: 0.06387259066104889, VaAcc: 0.9707602262496948, VaCE: 0.09191037714481354
current_layer 1
Generation: 90
TrAcc: 0.9548485279083252 +- 0.02841644547879696	TrCE: 0.15895932912826538 +- 0.0656886175274849
VaAcc: 0.9425053000450134 +- 0.030415145680308342	Va_CE: 0.196617990732193 +- 0.08883658796548843
Ancestors: 90.0 +- 0.0
pop len 5000
Best Individual | TrAcc: 0.9623115658760071, TrCE: 0.05829998478293419, VaAcc: 0.9415204524993896, VaCE: 0.13596168160438538
Generation: 91
TrAcc: 0.9562211632728577 +- 0.02686241641640663	TrCE: 0.15518668293952942 +- 0.06257283687591553
VaAcc: 0.9442264437675476 +- 0.027335267513990402	Va_CE: 0.19120386242866516 +- 0.08177153766155243
Ancestors: 91.0 +- 0.0
pop len 5000
Best Individual | TrAcc: 0.9698492288589478, TrCE: 0.04037835821509361, VaAcc: 0.9766082167625427, VaCE: 0.060373663902282715
Generation: 92
TrAcc: 0.9570214152336121 +- 0.02497081644833088	TrCE: 0.1517561823129654 +- 0.06147107854485512
VaAcc: 0.9447435736656189 +- 0.026462813839316368	Va_CE: 0.1882936954498291 +- 0.08244562149047852
Ancestors: 92.0 +- 0.0
pop len 5000
Best Individual | TrAcc: 0.9623115658760071, TrCE: 0.05692552030086517, VaAcc: 0.9298245906829834, VaCE: 0.12033610045909882
Generation: 93
TrAcc: 0.9569975733757019 +- 0.023661522194743156	TrCE: 0.15140683948993683 +- 0.056520700454711914
VaAcc: 0.9449285864830017 +- 0.02542952448129654	Va_CE: 0.18617312610149384 +- 0.07906884700059891
Ancestors: 93.0 +- 0.0
pop len 5000
Best Individual | TrAcc: 0.9874371886253357, TrCE: 0.046427905559539795, VaAcc: 0.988304078578949, VaCE: 0.05235838145017624
Generation: 94
TrAcc: 0.9584730267524719 +- 0.02262352593243122	TrCE: 0.14765194058418274 +- 0.056417398154735565
VaAcc: 0.9459121823310852 +- 0.024672383442521095	Va_CE: 0.185266375541687 +- 0.07999119907617569
Ancestors: 94.0 +- 0.0
pop len 5000
Best Individual | TrAcc: 0.9899497628211975, TrCE: 0.04073348268866539, VaAcc: 0.9766082167625427, VaCE: 0.052614402025938034
Generation: 95
TrAcc: 0.9586663246154785 +- 0.02314664237201214	TrCE: 0.14512993395328522 +- 0.053793765604496
VaAcc: 0.9465726613998413 +- 0.024834850803017616	Va_CE: 0.18237072229385376 +- 0.07701312750577927
Ancestors: 95.0 +- 0.0
pop len 5000
Best Individual | TrAcc: 0.9874371886253357, TrCE: 0.05806818976998329, VaAcc: 0.9649122953414917, VaCE: 0.10672447830438614
Generation: 96
TrAcc: 0.9590389728546143 +- 0.024105917662382126	TrCE: 0.14395849406719208 +- 0.05603010579943657
VaAcc: 0.9465146660804749 +- 0.025872962549328804	Va_CE: 0.1807592660188675 +- 0.07735069841146469
Ancestors: 96.0 +- 0.0
pop len 5000
Best Individual | TrAcc: 0.9924623370170593, TrCE: 0.04246421903371811, VaAcc: 0.9707602262496948, VaCE: 0.10033150017261505
Generation: 97
TrAcc: 0.9600524306297302 +- 0.02271782048046589	TrCE: 0.14171552658081055 +- 0.055446065962314606
VaAcc: 0.9473733305931091 +- 0.02421102672815323	Va_CE: 0.17787419259548187 +- 0.07517661154270172
Ancestors: 97.0 +- 0.0
pop len 5000
Best Individual | TrAcc: 0.9874371886253357, TrCE: 0.0497005321085453, VaAcc: 0.9649122953414917, VaCE: 0.08411796391010284
Generation: 98
TrAcc: 0.9604198336601257 +- 0.022059038281440735	TrCE: 0.1392623782157898 +- 0.052607275545597076
VaAcc: 0.9479935765266418 +- 0.023258283734321594	Va_CE: 0.17337937653064728 +- 0.07304730266332626
Ancestors: 98.0 +- 0.0
pop len 5000
Best Individual | TrAcc: 0.9824120402336121, TrCE: 0.047146350145339966, VaAcc: 0.9824561476707458, VaCE: 0.08660849183797836
Generation: 99
TrAcc: 0.9603897333145142 +- 0.02328377403318882	TrCE: 0.13792985677719116 +- 0.0533052422106266
VaAcc: 0.9479877948760986 +- 0.02443399280309677	Va_CE: 0.17260685563087463 +- 0.07336362451314926
Ancestors: 99.0 +- 0.0
pop len 5000
Best Individual | TrAcc: 0.9748743772506714, TrCE: 0.056009773164987564, VaAcc: 0.9649122953414917, VaCE: 0.0906907171010971
current_layer 0
Generation: 100
TrAcc: 0.9614076018333435 +- 0.021691549569368362	TrCE: 0.1339520364999771 +- 0.0499335452914238
VaAcc: 0.9489599466323853 +- 0.022643422707915306	Va_CE: 0.1692984253168106 +- 0.06890369206666946
Ancestors: 100.0 +- 0.0
pop len 5000
Best Individual | TrAcc: 0.9874371886253357, TrCE: 0.051403794437646866, VaAcc: 0.9590643048286438, VaCE: 0.0963853970170021
Generation: 101
TrAcc: 0.9627037048339844 +- 0.019837817177176476	TrCE: 0.13007384538650513 +- 0.04976288974285126
VaAcc: 0.9496976733207703 +- 0.021550780162215233	Va_CE: 0.16600032150745392 +- 0.06842491775751114
Ancestors: 101.0 +- 0.0
pop len 5000
Best Individual | TrAcc: 0.9924623370170593, TrCE: 0.051285505294799805, VaAcc: 0.9532163739204407, VaCE: 0.11080243438482285
ENSEMBLE | Tr_Acc: 0.9924623370170593, Tr_CE: 0.051285505294799805, Va_Acc: 0.9532163739204407, Va_CE: 0.11080243438482285
Generation: 102
TrAcc: 0.9624971747398376 +- 0.01931263878941536	TrCE: 0.12889014184474945 +- 0.0480034239590168
VaAcc: 0.950035035610199 +- 0.021109841763973236	Va_CE: 0.16430211067199707 +- 0.0666225254535675
Ancestors: 102.0 +- 0.0
pop len 5000
Best Individual | TrAcc: 0.9723618030548096, TrCE: 0.04894726723432541, VaAcc: 0.9649122953414917, VaCE: 0.17539237439632416
Generation: 103
TrAcc: 0.9631438255310059 +- 0.02126323990523815	TrCE: 0.12701639533042908 +- 0.048200447112321854
VaAcc: 0.9496752023696899 +- 0.022485440596938133	Va_CE: 0.1649082452058792 +- 0.06734145432710648
Ancestors: 103.0 +- 0.0
pop len 5000
Best Individual | TrAcc: 0.9899497628211975, TrCE: 0.035528913140296936, VaAcc: 0.9707602262496948, VaCE: 0.11901738494634628
Generation: 104
TrAcc: 0.9641966819763184 +- 0.018906261771917343	TrCE: 0.12431064248085022 +- 0.046901240944862366
VaAcc: 0.9511851668357849 +- 0.019751591607928276	Va_CE: 0.16167688369750977 +- 0.06501097232103348
Ancestors: 104.0 +- 0.0
pop len 5000
Best Individual | TrAcc: 0.979899525642395, TrCE: 0.04884403944015503, VaAcc: 0.9532163739204407, VaCE: 0.1469065397977829
Generation: 105
TrAcc: 0.9646921753883362 +- 0.019415559247136116	TrCE: 0.12175074219703674 +- 0.047568678855895996
VaAcc: 0.9509199261665344 +- 0.021029723808169365	Va_CE: 0.16210444271564484 +- 0.06846612691879272
Ancestors: 105.0 +- 0.0
pop len 5000
Best Individual | TrAcc: 0.9899497628211975, TrCE: 0.027670692652463913, VaAcc: 0.9590643048286438, VaCE: 0.12391669303178787
Generation: 106
TrAcc: 0.9652465581893921 +- 0.02016059122979641	TrCE: 0.12018261849880219 +- 0.047588326036930084
VaAcc: 0.9514577984809875 +- 0.02058502845466137	Va_CE: 0.1607329547405243 +- 0.0653168186545372
Ancestors: 106.0 +- 0.0
pop len 5000
Best Individual | TrAcc: 0.9824120402336121, TrCE: 0.037771403789520264, VaAcc: 0.9590643048286438, VaCE: 0.07871925830841064
Generation: 107
TrAcc: 0.9658375978469849 +- 0.019461598247289658	TrCE: 0.11793334782123566 +- 0.044127207249403
VaAcc: 0.9518174529075623 +- 0.020158808678388596	Va_CE: 0.15840239822864532 +- 0.06135425344109535
Ancestors: 107.0 +- 0.0
pop len 5000
Best Individual | TrAcc: 0.979899525642395, TrCE: 0.04082997515797615, VaAcc: 0.988304078578949, VaCE: 0.07091231644153595
Generation: 108
TrAcc: 0.9664130806922913 +- 0.019468821585178375	TrCE: 0.11571695655584335 +- 0.04445560276508331
VaAcc: 0.9515809416770935 +- 0.02106720581650734	Va_CE: 0.15981356799602509 +- 0.06274518370628357
Ancestors: 108.0 +- 0.0
pop len 5000
Best Individual | TrAcc: 0.9698492288589478, TrCE: 0.042751412838697433, VaAcc: 0.9590643048286438, VaCE: 0.10283581912517548
Generation: 109
TrAcc: 0.9666865468025208 +- 0.019548967480659485	TrCE: 0.11384040862321854 +- 0.045076534152030945
VaAcc: 0.952746570110321 +- 0.02025051787495613	Va_CE: 0.15425173938274384 +- 0.06178473308682442
Ancestors: 109.0 +- 0.0
pop len 5000
Best Individual | TrAcc: 0.9773869514465332, TrCE: 0.043786536902189255, VaAcc: 0.9590643048286438, VaCE: 0.08355753868818283
current_layer 1
Generation: 110
TrAcc: 0.9674725532531738 +- 0.019748851656913757	TrCE: 0.11105071753263474 +- 0.04612558335065842
VaAcc: 0.9530215859413147 +- 0.020656302571296692	Va_CE: 0.1534886658191681 +- 0.06331044435501099
Ancestors: 110.0 +- 0.0
pop len 5000
Best Individual | TrAcc: 0.9874371886253357, TrCE: 0.04204899072647095, VaAcc: 0.9473684430122375, VaCE: 0.1450522541999817
Generation: 111
TrAcc: 0.9679530262947083 +- 0.018435325473546982	TrCE: 0.10790921747684479 +- 0.04224395751953125
VaAcc: 0.9534767866134644 +- 0.01950766146183014	Va_CE: 0.15131790935993195 +- 0.06132735684514046
Ancestors: 111.0 +- 0.0
pop len 5000
Best Individual | TrAcc: 0.9874371886253357, TrCE: 0.04046513885259628, VaAcc: 0.9649122953414917, VaCE: 0.06309931725263596
ENSEMBLE | Tr_Acc: 0.9924623370170593, Tr_CE: 0.033362701535224915, Va_Acc: 0.9766082167625427, Va_CE: 0.06026069447398186
Generation: 112
TrAcc: 0.9694399237632751 +- 0.01671508140861988	TrCE: 0.10479814559221268 +- 0.03993082791566849
VaAcc: 0.9551047682762146 +- 0.01755565218627453	Va_CE: 0.14669804275035858 +- 0.056041419506073
Ancestors: 112.0 +- 0.0
pop len 5000
Best Individual | TrAcc: 0.9824120402336121, TrCE: 0.03900327533483505, VaAcc: 0.9590643048286438, VaCE: 0.13395056128501892
Generation: 113
TrAcc: 0.9702426791191101 +- 0.018537189811468124	TrCE: 0.10351960361003876 +- 0.04043247923254967
VaAcc: 0.9549791216850281 +- 0.019427675753831863	Va_CE: 0.14918075501918793 +- 0.05615454912185669
Ancestors: 113.0 +- 0.0
pop len 5000
Best Individual | TrAcc: 0.9874371886253357, TrCE: 0.03997949883341789, VaAcc: 0.9649122953414917, VaCE: 0.11623162031173706
Generation: 114
TrAcc: 0.9707745313644409 +- 0.0189767237752676	TrCE: 0.10062166303396225 +- 0.041966717690229416
VaAcc: 0.955508291721344 +- 0.019306430593132973	Va_CE: 0.14765869081020355 +- 0.05689409002661705
Ancestors: 114.0 +- 0.0
pop len 5000
Best Individual | TrAcc: 0.979899525642395, TrCE: 0.03848734498023987, VaAcc: 0.9590643048286438, VaCE: 0.10944481194019318
Generation: 115
TrAcc: 0.9710197448730469 +- 0.019002249464392662	TrCE: 0.09939076751470566 +- 0.04173823446035385
VaAcc: 0.955563485622406 +- 0.019767150282859802	Va_CE: 0.14513440430164337 +- 0.05723758786916733
Ancestors: 115.0 +- 0.0
pop len 5000
Best Individual | TrAcc: 0.9874371886253357, TrCE: 0.03868340328335762, VaAcc: 0.9590643048286438, VaCE: 0.1304546445608139
Generation: 116
TrAcc: 0.9709295630455017 +- 0.018626173958182335	TrCE: 0.09841460734605789 +- 0.040288038551807404
VaAcc: 0.9557719826698303 +- 0.01889471895992756	Va_CE: 0.14553849399089813 +- 0.055940695106983185
Ancestors: 116.0 +- 0.0
pop len 5000
Best Individual | TrAcc: 0.9824120402336121, TrCE: 0.03606649115681648, VaAcc: 0.9707602262496948, VaCE: 0.09542200714349747
Generation: 117
TrAcc: 0.9720364212989807 +- 0.015953710302710533	TrCE: 0.09605102986097336 +- 0.037274278700351715
VaAcc: 0.9562419056892395 +- 0.0167317446321249	Va_CE: 0.14414648711681366 +- 0.05331744626164436
Ancestors: 117.0 +- 0.0
pop len 5000
Best Individual | TrAcc: 0.9874371886253357, TrCE: 0.038737911731004715, VaAcc: 0.9590643048286438, VaCE: 0.12772241234779358
Generation: 118
TrAcc: 0.9716365933418274 +- 0.018617812544107437	TrCE: 0.09679441899061203 +- 0.042315222322940826
VaAcc: 0.955664873123169 +- 0.019588345661759377	Va_CE: 0.1453658491373062 +- 0.057646919041872025
Ancestors: 118.0 +- 0.0
pop len 5000
Best Individual | TrAcc: 0.9874371886253357, TrCE: 0.036412615329027176, VaAcc: 0.9590643048286438, VaCE: 0.10512179881334305
Generation: 119
TrAcc: 0.972537100315094 +- 0.0161284152418375	TrCE: 0.0943334773182869 +- 0.038239892572164536
VaAcc: 0.9566593766212463 +- 0.01608583703637123	Va_CE: 0.14245428144931793 +- 0.052516382187604904
Ancestors: 119.0 +- 0.0
pop len 5000
Best Individual | TrAcc: 0.9924623370170593, TrCE: 0.03977493569254875, VaAcc: 0.9532163739204407, VaCE: 0.10411805659532547
current_layer 0
Generation: 120
TrAcc: 0.9730414152145386 +- 0.01591183803975582	TrCE: 0.09157281368970871 +- 0.035211898386478424
VaAcc: 0.9568647742271423 +- 0.01627158373594284	Va_CE: 0.14149092137813568 +- 0.050646450370550156
Ancestors: 120.0 +- 0.0
pop len 5000
Best Individual | TrAcc: 0.979899525642395, TrCE: 0.03916451334953308, VaAcc: 0.9707602262496948, VaCE: 0.09948227554559708
Generation: 121
TrAcc: 0.9731680750846863 +- 0.01548084244132042	TrCE: 0.09138070046901703 +- 0.03606725484132767
VaAcc: 0.9567558765411377 +- 0.01622348092496395	Va_CE: 0.14269787073135376 +- 0.052396729588508606
Ancestors: 121.0 +- 0.0
pop len 5000
Best Individual | TrAcc: 0.9824120402336121, TrCE: 0.031861260533332825, VaAcc: 0.9766082167625427, VaCE: 0.061674442142248154
ENSEMBLE | Tr_Acc: 0.9924623370170593, Tr_CE: 0.02853708155453205, Va_Acc: 0.9824561476707458, Va_CE: 0.0538526214659214
Generation: 122
TrAcc: 0.9736724495887756 +- 0.015324145555496216	TrCE: 0.09023727476596832 +- 0.035609208047389984
VaAcc: 0.956946611404419 +- 0.015624040737748146	Va_CE: 0.14331860840320587 +- 0.05073685571551323
Ancestors: 122.0 +- 0.0
pop len 5000
Best Individual | TrAcc: 0.9849246144294739, TrCE: 0.032611798495054245, VaAcc: 0.9707602262496948, VaCE: 0.06492134183645248
Generation: 123
TrAcc: 0.9736552834510803 +- 0.016337359324097633	TrCE: 0.0906064510345459 +- 0.037555430084466934
VaAcc: 0.9560461044311523 +- 0.017313238233327866	Va_CE: 0.14560166001319885 +- 0.05487155541777611
Ancestors: 123.0 +- 0.0
pop len 5000
Best Individual | TrAcc: 0.9773869514465332, TrCE: 0.03598521277308464, VaAcc: 0.9707602262496948, VaCE: 0.086249940097332
Generation: 124
TrAcc: 0.9736725687980652 +- 0.017636846750974655	TrCE: 0.09007042646408081 +- 0.037849873304367065
VaAcc: 0.9565128087997437 +- 0.018087254837155342	Va_CE: 0.14381976425647736 +- 0.0529480017721653
Ancestors: 124.0 +- 0.0
pop len 5000
Best Individual | TrAcc: 0.9824120402336121, TrCE: 0.0346725657582283, VaAcc: 0.9590643048286438, VaCE: 0.11317970603704453
Generation: 125
TrAcc: 0.973551869392395 +- 0.017251424491405487	TrCE: 0.0891081690788269 +- 0.03796015679836273
VaAcc: 0.956375002861023 +- 0.017603259533643723	Va_CE: 0.14453531801700592 +- 0.05383754149079323
Ancestors: 125.0 +- 0.0
pop len 5000
Best Individual | TrAcc: 0.9899497628211975, TrCE: 0.03196514770388603, VaAcc: 0.9649122953414917, VaCE: 0.11481516808271408
Generation: 126
TrAcc: 0.9738611578941345 +- 0.01680007018148899	TrCE: 0.0886477380990982 +- 0.03656823933124542
VaAcc: 0.9566472768783569 +- 0.01634346693754196	Va_CE: 0.1451444774866104 +- 0.05222666636109352
Ancestors: 126.0 +- 0.0
pop len 5000
Best Individual | TrAcc: 0.9924623370170593, TrCE: 0.032804518938064575, VaAcc: 0.9532163739204407, VaCE: 0.17764785885810852
Generation: 127
TrAcc: 0.974230945110321 +- 0.014744093641638756	TrCE: 0.08804891258478165 +- 0.034535761922597885
VaAcc: 0.9568480253219604 +- 0.014768095687031746	Va_CE: 0.14493902027606964 +- 0.05067923665046692
Ancestors: 127.0 +- 0.0
pop len 5000
Best Individual | TrAcc: 0.9924623370170593, TrCE: 0.03263740614056587, VaAcc: 0.9532163739204407, VaCE: 0.10418874025344849
Generation: 128
TrAcc: 0.9743010997772217 +- 0.014882909134030342	TrCE: 0.08685418218374252 +- 0.0347730778157711
VaAcc: 0.9571295976638794 +- 0.014889668673276901	Va_CE: 0.14315493404865265 +- 0.051432665437459946
Ancestors: 128.0 +- 0.0
pop len 5000
Best Individual | TrAcc: 0.9899497628211975, TrCE: 0.032426558434963226, VaAcc: 0.9590643048286438, VaCE: 0.10850874334573746
Generation: 129
TrAcc: 0.9737880825996399 +- 0.015933452174067497	TrCE: 0.08760811388492584 +- 0.035719651728868484
VaAcc: 0.9567258954048157 +- 0.015698431059718132	Va_CE: 0.14337457716464996 +- 0.05121099576354027
Ancestors: 129.0 +- 0.0
pop len 5000
Best Individual | TrAcc: 0.979899525642395, TrCE: 0.031200293451547623, VaAcc: 0.9649122953414917, VaCE: 0.12007953226566315
current_layer 1
Generation: 130
TrAcc: 0.9734449982643127 +- 0.01777181401848793	TrCE: 0.0872882530093193 +- 0.037310246378183365
VaAcc: 0.9565671682357788 +- 0.017984312027692795	Va_CE: 0.14354361593723297 +- 0.053653378039598465
Ancestors: 130.0 +- 0.0
pop len 5000
Best Individual | TrAcc: 0.979899525642395, TrCE: 0.031377602368593216, VaAcc: 0.9649122953414917, VaCE: 0.08869535475969315
Generation: 131
TrAcc: 0.974442183971405 +- 0.0159736517816782	TrCE: 0.08455389738082886 +- 0.03429833799600601
VaAcc: 0.9579035043716431 +- 0.015391570515930653	Va_CE: 0.13893435895442963 +- 0.048546429723501205
Ancestors: 131.0 +- 0.0
pop len 5000
Best Individual | TrAcc: 0.9924623370170593, TrCE: 0.03427064046263695, VaAcc: 0.9649122953414917, VaCE: 0.1049451008439064
ENSEMBLE | Tr_Acc: 0.9899497628211975, Tr_CE: 0.026485931128263474, Va_Acc: 0.9766082167625427, Va_CE: 0.05653075873851776
Generation: 132
TrAcc: 0.9744060635566711 +- 0.015514500439167023	TrCE: 0.0850406140089035 +- 0.03560167923569679
VaAcc: 0.9575347900390625 +- 0.015404220670461655	Va_CE: 0.1408332884311676 +- 0.05005880445241928
Ancestors: 132.0 +- 0.0
pop len 5000
Best Individual | TrAcc: 0.9899497628211975, TrCE: 0.03508666157722473, VaAcc: 0.9707602262496948, VaCE: 0.0781109556555748
Generation: 133
TrAcc: 0.9746020436286926 +- 0.01403400395065546	TrCE: 0.08432041853666306 +- 0.03354731947183609
VaAcc: 0.9577020406723022 +- 0.014034257270395756	Va_CE: 0.14142650365829468 +- 0.049519822001457214
Ancestors: 133.0 +- 0.0
pop len 5000
Best Individual | TrAcc: 0.9773869514465332, TrCE: 0.03588483855128288, VaAcc: 0.9766082167625427, VaCE: 0.09287737309932709
Generation: 134
TrAcc: 0.9748343825340271 +- 0.015427537262439728	TrCE: 0.08350462466478348 +- 0.034932881593704224
VaAcc: 0.9580622911453247 +- 0.015197714790701866	Va_CE: 0.1413343995809555 +- 0.0497884638607502
Ancestors: 134.0 +- 0.0
pop len 5000
Best Individual | TrAcc: 0.979899525642395, TrCE: 0.03177723288536072, VaAcc: 0.9649122953414917, VaCE: 0.11432648450136185
Generation: 135
TrAcc: 0.9749717712402344 +- 0.015921493992209435	TrCE: 0.082646943628788 +- 0.03537642955780029
VaAcc: 0.9576761722564697 +- 0.016139475628733635	Va_CE: 0.14278821647167206 +- 0.051545172929763794
Ancestors: 135.0 +- 0.0
pop len 5000
Best Individual | TrAcc: 0.9899497628211975, TrCE: 0.031393248587846756, VaAcc: 0.9707602262496948, VaCE: 0.12802577018737793
Generation: 136
TrAcc: 0.9754077196121216 +- 0.014681700617074966	TrCE: 0.08192015439271927 +- 0.03508830443024635
VaAcc: 0.9581825137138367 +- 0.014626686461269855	Va_CE: 0.14022092521190643 +- 0.049368247389793396
Ancestors: 136.0 +- 0.0
pop len 5000
Best Individual | TrAcc: 0.9899497628211975, TrCE: 0.035350341349840164, VaAcc: 0.9707602262496948, VaCE: 0.08171678334474564
Generation: 137
TrAcc: 0.9758334755897522 +- 0.013907025568187237	TrCE: 0.08086839318275452 +- 0.03278818726539612
VaAcc: 0.9585011005401611 +- 0.014748011715710163	Va_CE: 0.13892397284507751 +- 0.049452297389507294
Ancestors: 137.0 +- 0.0
pop len 5000
Best Individual | TrAcc: 0.9874371886253357, TrCE: 0.026180408895015717, VaAcc: 0.9707602262496948, VaCE: 0.11975624412298203
Generation: 138
TrAcc: 0.975121021270752 +- 0.015498127788305283	TrCE: 0.08108870685100555 +- 0.03466196358203888
VaAcc: 0.9581902623176575 +- 0.015050388872623444	Va_CE: 0.13808296620845795 +- 0.04814576357603073
Ancestors: 138.0 +- 0.0
pop len 5000
Best Individual | TrAcc: 0.9899497628211975, TrCE: 0.024012863636016846, VaAcc: 0.9590643048286438, VaCE: 0.14044412970542908
Generation: 139
TrAcc: 0.9758966565132141 +- 0.013815452344715595	TrCE: 0.08005287498235703 +- 0.03438112884759903
VaAcc: 0.9586760997772217 +- 0.013861553743481636	Va_CE: 0.1388755589723587 +- 0.04932042956352234
Ancestors: 139.0 +- 0.0
pop len 5000
Best Individual | TrAcc: 0.9874371886253357, TrCE: 0.031307633966207504, VaAcc: 0.9707602262496948, VaCE: 0.1363748013973236
current_layer 0
Generation: 140
TrAcc: 0.9761630892753601 +- 0.013288671150803566	TrCE: 0.07911265641450882 +- 0.03296075761318207
VaAcc: 0.9589055776596069 +- 0.013713590800762177	Va_CE: 0.13743473589420319 +- 0.04790128022432327
Ancestors: 140.0 +- 0.0
pop len 5000
Best Individual | TrAcc: 0.9899497628211975, TrCE: 0.03132152184844017, VaAcc: 0.9649122953414917, VaCE: 0.07913535088300705
Generation: 141
TrAcc: 0.9756659865379333 +- 0.014807016588747501	TrCE: 0.07894477993249893 +- 0.0334618017077446
VaAcc: 0.9589793682098389 +- 0.015594766475260258	Va_CE: 0.13564927875995636 +- 0.04756738618016243
Ancestors: 141.0 +- 0.0
pop len 5000
Best Individual | TrAcc: 0.9924623370170593, TrCE: 0.02867937833070755, VaAcc: 0.9590643048286438, VaCE: 0.12009751051664352
ENSEMBLE | Tr_Acc: 0.9924623370170593, Tr_CE: 0.02235334925353527, Va_Acc: 0.9707602262496948, Va_CE: 0.060712892562150955
Generation: 142
TrAcc: 0.9760746359825134 +- 0.014462575316429138	TrCE: 0.07858557254076004 +- 0.03403192013502121
VaAcc: 0.9591179490089417 +- 0.0141491973772645	Va_CE: 0.13721612095832825 +- 0.048354621976614
Ancestors: 142.0 +- 0.0
pop len 5000
Best Individual | TrAcc: 0.9899497628211975, TrCE: 0.029997320845723152, VaAcc: 0.9707602262496948, VaCE: 0.0812072828412056
Generation: 143
TrAcc: 0.9765926003456116 +- 0.013609529472887516	TrCE: 0.07782594859600067 +- 0.03312424197793007
VaAcc: 0.9588122367858887 +- 0.013909479603171349	Va_CE: 0.13718216121196747 +- 0.04872344061732292
Ancestors: 143.0 +- 0.0
pop len 5000
Best Individual | TrAcc: 0.9874371886253357, TrCE: 0.027502020820975304, VaAcc: 0.9649122953414917, VaCE: 0.11866649985313416
Generation: 144
TrAcc: 0.9764840006828308 +- 0.015306220389902592	TrCE: 0.07677964866161346 +- 0.03325243666768074
VaAcc: 0.9590833783149719 +- 0.015738630667328835	Va_CE: 0.13561145961284637 +- 0.04849477857351303
Ancestors: 144.0 +- 0.0
pop len 5000
Best Individual | TrAcc: 0.9874371886253357, TrCE: 0.027386516332626343, VaAcc: 0.9707602262496948, VaCE: 0.08147038519382477
Generation: 145
TrAcc: 0.9764099717140198 +- 0.016295695677399635	TrCE: 0.07720892876386642 +- 0.035468120127916336
VaAcc: 0.958950400352478 +- 0.016937436535954475	Va_CE: 0.13632644712924957 +- 0.04896552860736847
Ancestors: 145.0 +- 0.0
pop len 5000
Best Individual | TrAcc: 0.9824120402336121, TrCE: 0.02754151076078415, VaAcc: 0.9649122953414917, VaCE: 0.12076076865196228
Generation: 146
TrAcc: 0.9765599370002747 +- 0.0147773502394557	TrCE: 0.07657652348279953 +- 0.034006159752607346
VaAcc: 0.9594904184341431 +- 0.014928566291928291	Va_CE: 0.13553673028945923 +- 0.04849880188703537
Ancestors: 146.0 +- 0.0
pop len 5000
Best Individual | TrAcc: 0.9874371886253357, TrCE: 0.027620257809758186, VaAcc: 0.9590643048286438, VaCE: 0.12156170606613159
Generation: 147
TrAcc: 0.9766952991485596 +- 0.013872946612536907	TrCE: 0.07583317160606384 +- 0.034208573400974274
VaAcc: 0.9592254161834717 +- 0.014826621860265732	Va_CE: 0.13608700037002563 +- 0.0505065955221653
Ancestors: 147.0 +- 0.0
pop len 5000
Best Individual | TrAcc: 0.9899497628211975, TrCE: 0.025401556864380836, VaAcc: 0.9649122953414917, VaCE: 0.09405715763568878
Generation: 148
TrAcc: 0.9765917062759399 +- 0.013447575271129608	TrCE: 0.07628849893808365 +- 0.03351079300045967
VaAcc: 0.9592760801315308 +- 0.014045470394194126	Va_CE: 0.1364123672246933 +- 0.048870909959077835
Ancestors: 148.0 +- 0.0
pop len 5000
Best Individual | TrAcc: 0.9899497628211975, TrCE: 0.028324542567133904, VaAcc: 0.9649122953414917, VaCE: 0.10894030332565308
Generation: 149
TrAcc: 0.9764125943183899 +- 0.014673001132905483	TrCE: 0.07602190971374512 +- 0.03502240404486656
VaAcc: 0.9590027332305908 +- 0.014876206405460835	Va_CE: 0.13649548590183258 +- 0.04925563186407089
Ancestors: 149.0 +- 0.0
pop len 5000
Best Individual | TrAcc: 0.9849246144294739, TrCE: 0.02854849025607109, VaAcc: 0.9649122953414917, VaCE: 0.08051624149084091
current_layer 1
Generation: 150
TrAcc: 0.9768965840339661 +- 0.015081643126904964	TrCE: 0.0748322457075119 +- 0.03531457111239433
VaAcc: 0.95956951379776 +- 0.015473779290914536	Va_CE: 0.134415403008461 +- 0.04885169491171837
Ancestors: 150.0 +- 0.0
pop len 5000
Best Individual | TrAcc: 0.9849246144294739, TrCE: 0.030434483662247658, VaAcc: 0.9649122953414917, VaCE: 0.06552985310554504
Generation: 151
TrAcc: 0.9772835969924927 +- 0.014839431270956993	TrCE: 0.07377889007329941 +- 0.033740099519491196
VaAcc: 0.95987468957901 +- 0.015925798565149307	Va_CE: 0.1349959820508957 +- 0.04923579841852188
Ancestors: 151.0 +- 0.0
pop len 5000
Best Individual | TrAcc: 0.9824120402336121, TrCE: 0.02955261990427971, VaAcc: 0.9649122953414917, VaCE: 0.09831534326076508
ENSEMBLE | Tr_Acc: 0.9899497628211975, Tr_CE: 0.021300891414284706, Va_Acc: 0.9707602262496948, Va_CE: 0.061585862189531326
Generation: 152
TrAcc: 0.9772405028343201 +- 0.016682231798768044	TrCE: 0.07390746474266052 +- 0.03570476546883583
VaAcc: 0.959514856338501 +- 0.01701606623828411	Va_CE: 0.13511301577091217 +- 0.04936413839459419
Ancestors: 152.0 +- 0.0
pop len 5000
Best Individual | TrAcc: 0.9899497628211975, TrCE: 0.028766345232725143, VaAcc: 0.9649122953414917, VaCE: 0.15228109061717987
Generation: 153
TrAcc: 0.9772089719772339 +- 0.014741161838173866	TrCE: 0.07425634562969208 +- 0.03439014032483101
VaAcc: 0.9597117304801941 +- 0.01503010094165802	Va_CE: 0.1347019523382187 +- 0.04743512347340584
Ancestors: 153.0 +- 0.0
pop len 5000
Best Individual | TrAcc: 0.9899497628211975, TrCE: 0.02993174083530903, VaAcc: 0.9707602262496948, VaCE: 0.13073186576366425
Generation: 154
TrAcc: 0.9773038029670715 +- 0.015625836327672005	TrCE: 0.07325054705142975 +- 0.033195093274116516
VaAcc: 0.9595652222633362 +- 0.016952995210886	Va_CE: 0.1341889202594757 +- 0.04852345213294029
Ancestors: 154.0 +- 0.0
pop len 5000
Best Individual | TrAcc: 0.9874371886253357, TrCE: 0.029155535623431206, VaAcc: 0.9649122953414917, VaCE: 0.07859156280755997
Generation: 155
TrAcc: 0.9770579934120178 +- 0.014514090493321419	TrCE: 0.07376640290021896 +- 0.033369217067956924
VaAcc: 0.9592109322547913 +- 0.015155543573200703	Va_CE: 0.1364840269088745 +- 0.048579756170511246
Ancestors: 155.0 +- 0.0
pop len 5000
Best Individual | TrAcc: 0.9874371886253357, TrCE: 0.02815476432442665, VaAcc: 0.9590643048286438, VaCE: 0.13228486478328705
Generation: 156
TrAcc: 0.9771632552146912 +- 0.015155361965298653	TrCE: 0.07377754151821136 +- 0.033915385603904724
VaAcc: 0.9594725370407104 +- 0.015872780233621597	Va_CE: 0.13613533973693848 +- 0.04857952147722244
Ancestors: 156.0 +- 0.0
pop len 5000
Best Individual | TrAcc: 0.9899497628211975, TrCE: 0.025228803977370262, VaAcc: 0.9590643048286438, VaCE: 0.11741357296705246
Generation: 157
TrAcc: 0.9773702025413513 +- 0.015727417543530464	TrCE: 0.07273133099079132 +- 0.03489302843809128
VaAcc: 0.9594613313674927 +- 0.016511820256710052	Va_CE: 0.13646887242794037 +- 0.0492267943918705
Ancestors: 157.0 +- 0.0
pop len 5000
Best Individual | TrAcc: 0.9874371886253357, TrCE: 0.02784607745707035, VaAcc: 0.9766082167625427, VaCE: 0.081916943192482
Generation: 158
TrAcc: 0.9783121347427368 +- 0.012247256003320217	TrCE: 0.07082191854715347 +- 0.029745718464255333
VaAcc: 0.9600979685783386 +- 0.012535042129456997	Va_CE: 0.1363847851753235 +- 0.04548559710383415
Ancestors: 158.0 +- 0.0
pop len 5000
Best Individual | TrAcc: 0.9874371886253357, TrCE: 0.026745693758130074, VaAcc: 0.9766082167625427, VaCE: 0.07521583139896393
Generation: 159
TrAcc: 0.9779968857765198 +- 0.012390443123877048	TrCE: 0.07148057222366333 +- 0.030798038467764854
VaAcc: 0.959845781326294 +- 0.013021118007600307	Va_CE: 0.13698822259902954 +- 0.046150270849466324
Ancestors: 159.0 +- 0.0
pop len 5000
Best Individual | TrAcc: 0.9949748516082764, TrCE: 0.025542311370372772, VaAcc: 0.9590643048286438, VaCE: 0.17030349373817444
current_layer 0
Generation: 160
TrAcc: 0.9775959849357605 +- 0.013991315849125385	TrCE: 0.07227832078933716 +- 0.03441085293889046
VaAcc: 0.9594217538833618 +- 0.014808951877057552	Va_CE: 0.13785600662231445 +- 0.04920697584748268
Ancestors: 160.0 +- 0.0
pop len 5000
Best Individual | TrAcc: 0.9874371886253357, TrCE: 0.027063068002462387, VaAcc: 0.9707602262496948, VaCE: 0.07812859117984772
Generation: 161
TrAcc: 0.9776280522346497 +- 0.014647549949586391	TrCE: 0.07211056351661682 +- 0.0345008559525013
VaAcc: 0.9591708779335022 +- 0.01521904207766056	Va_CE: 0.13743247091770172 +- 0.04851691797375679
Ancestors: 161.0 +- 0.0
pop len 5000
Best Individual | TrAcc: 0.9899497628211975, TrCE: 0.02187194488942623, VaAcc: 0.9649122953414917, VaCE: 0.11428111046552658
ENSEMBLE | Tr_Acc: 0.9924623370170593, Tr_CE: 0.019277336075901985, Va_Acc: 0.9707602262496948, Va_CE: 0.06553100794553757
Generation: 162
TrAcc: 0.9782892465591431 +- 0.013425759971141815	TrCE: 0.07186506688594818 +- 0.032806091010570526
VaAcc: 0.9595293998718262 +- 0.013716704212129116	Va_CE: 0.13732382655143738 +- 0.046769965440034866
Ancestors: 162.0 +- 0.0
pop len 5000
Best Individual | TrAcc: 0.9924623370170593, TrCE: 0.026339247822761536, VaAcc: 0.9473684430122375, VaCE: 0.11992533504962921
Generation: 163
TrAcc: 0.978358805179596 +- 0.014151716604828835	TrCE: 0.07183856517076492 +- 0.03352887183427811
VaAcc: 0.9590834975242615 +- 0.01474791206419468	Va_CE: 0.14001107215881348 +- 0.04800514876842499
Ancestors: 163.0 +- 0.0
pop len 5000
Best Individual | TrAcc: 0.979899525642395, TrCE: 0.027125369757413864, VaAcc: 0.9590643048286438, VaCE: 0.10810939222574234
Generation: 164
TrAcc: 0.9784626960754395 +- 0.015386884100735188	TrCE: 0.072225421667099 +- 0.03799989074468613
VaAcc: 0.9589268565177917 +- 0.016393423080444336	Va_CE: 0.14066660404205322 +- 0.05119485780596733
Ancestors: 164.0 +- 0.0
pop len 5000
Best Individual | TrAcc: 0.9874371886253357, TrCE: 0.02235497161746025, VaAcc: 0.9707602262496948, VaCE: 0.07996205985546112
Generation: 165
TrAcc: 0.9785758852958679 +- 0.013298639096319675	TrCE: 0.07159236073493958 +- 0.033882468938827515
VaAcc: 0.9592262506484985 +- 0.013912713155150414	Va_CE: 0.14018835127353668 +- 0.048040565103292465
Ancestors: 165.0 +- 0.0
pop len 5000
Best Individual | TrAcc: 0.9874371886253357, TrCE: 0.02256830781698227, VaAcc: 0.9707602262496948, VaCE: 0.10636503994464874
Generation: 166
TrAcc: 0.9787772297859192 +- 0.01380395982414484	TrCE: 0.07100565731525421 +- 0.03311348706483841
VaAcc: 0.9590985178947449 +- 0.014485531486570835	Va_CE: 0.14145779609680176 +- 0.047359876334667206
Ancestors: 166.0 +- 0.0
pop len 5000
Best Individual | TrAcc: 0.9874371886253357, TrCE: 0.022721610963344574, VaAcc: 0.9707602262496948, VaCE: 0.0798378735780716
Generation: 167
TrAcc: 0.9784218668937683 +- 0.013651500456035137	TrCE: 0.07069303095340729 +- 0.03447330743074417
VaAcc: 0.9589883685112 +- 0.014418504200875759	Va_CE: 0.1409984678030014 +- 0.048460595309734344
Ancestors: 167.0 +- 0.0
pop len 5000
Best Individual | TrAcc: 0.9899497628211975, TrCE: 0.02654125541448593, VaAcc: 0.9649122953414917, VaCE: 0.10003942251205444
Generation: 168
TrAcc: 0.9784636497497559 +- 0.014827348291873932	TrCE: 0.07020381838083267 +- 0.035133734345436096
VaAcc: 0.9586595892906189 +- 0.01639181189239025	Va_CE: 0.14142003655433655 +- 0.049707770347595215
Ancestors: 168.0 +- 0.0
pop len 5000
Best Individual | TrAcc: 0.9899497628211975, TrCE: 0.024606067687273026, VaAcc: 0.9649122953414917, VaCE: 0.11241760104894638
Generation: 169
TrAcc: 0.978736400604248 +- 0.013861971907317638	TrCE: 0.06898949295282364 +- 0.03319844603538513
VaAcc: 0.9592199325561523 +- 0.015018526464700699	Va_CE: 0.14049778878688812 +- 0.04836751148104668
Ancestors: 169.0 +- 0.0
pop len 5000
Best Individual | TrAcc: 0.9899497628211975, TrCE: 0.027390658855438232, VaAcc: 0.9766082167625427, VaCE: 0.08558087050914764
current_layer 1
Generation: 170
TrAcc: 0.9787423014640808 +- 0.012404286302626133	TrCE: 0.06890664994716644 +- 0.03172904625535011
VaAcc: 0.9593364000320435 +- 0.013531056232750416	Va_CE: 0.13933324813842773 +- 0.04577922821044922
Ancestors: 170.0 +- 0.0
pop len 5000
Best Individual | TrAcc: 0.9899497628211975, TrCE: 0.022866887971758842, VaAcc: 0.9649122953414917, VaCE: 0.12633256614208221
Generation: 171
TrAcc: 0.9785200953483582 +- 0.014540675096213818	TrCE: 0.07000814378261566 +- 0.035175107419490814
VaAcc: 0.9593828320503235 +- 0.015645870938897133	Va_CE: 0.1401684582233429 +- 0.04900263622403145
Ancestors: 171.0 +- 0.0
pop len 5000
Best Individual | TrAcc: 0.9899497628211975, TrCE: 0.024033278226852417, VaAcc: 0.9532163739204407, VaCE: 0.1189563125371933
ENSEMBLE | Tr_Acc: 0.9924623370170593, Tr_CE: 0.018184775486588478, Va_Acc: 0.9707602262496948, Va_CE: 0.0697319507598877
Generation: 172
TrAcc: 0.9790000915527344 +- 0.01397561002522707	TrCE: 0.0681254118680954 +- 0.03275233879685402
VaAcc: 0.9592531323432922 +- 0.015316985547542572	Va_CE: 0.14050056040287018 +- 0.04813520610332489
Ancestors: 172.0 +- 0.0
pop len 5000
Best Individual | TrAcc: 0.9899497628211975, TrCE: 0.022480854764580727, VaAcc: 0.9707602262496948, VaCE: 0.07704818248748779
Generation: 173
TrAcc: 0.9786147475242615 +- 0.018215369433164597	TrCE: 0.06878301501274109 +- 0.04165283590555191
VaAcc: 0.9587140679359436 +- 0.01885818876326084	Va_CE: 0.14082928001880646 +- 0.0535530187189579
Ancestors: 173.0 +- 0.0
pop len 5000
Best Individual | TrAcc: 0.9874371886253357, TrCE: 0.026529978960752487, VaAcc: 0.9707602262496948, VaCE: 0.10098311305046082
Generation: 174
TrAcc: 0.979307234287262 +- 0.012839228846132755	TrCE: 0.06741517037153244 +- 0.03137762099504471
VaAcc: 0.9593690633773804 +- 0.014404618181288242	Va_CE: 0.13924512267112732 +- 0.04780229926109314
Ancestors: 174.0 +- 0.0
pop len 5000
Best Individual | TrAcc: 0.9874371886253357, TrCE: 0.022641263902187347, VaAcc: 0.9707602262496948, VaCE: 0.07952930778265
Generation: 175
TrAcc: 0.9793905019760132 +- 0.01191595196723938	TrCE: 0.06662272661924362 +- 0.030590303242206573
VaAcc: 0.9598560333251953 +- 0.013096584938466549	Va_CE: 0.1371627300977707 +- 0.04588181525468826
Ancestors: 175.0 +- 0.0
pop len 5000
Best Individual | TrAcc: 0.9874371886253357, TrCE: 0.02259296178817749, VaAcc: 0.9707602262496948, VaCE: 0.07996205985546112
Generation: 176
TrAcc: 0.9791465997695923 +- 0.014121653512120247	TrCE: 0.067366823554039 +- 0.034602515399456024
VaAcc: 0.959097146987915 +- 0.015739411115646362	Va_CE: 0.13790130615234375 +- 0.04947871342301369
Ancestors: 176.0 +- 0.0
pop len 5000
Best Individual | TrAcc: 0.9874371886253357, TrCE: 0.02260507643222809, VaAcc: 0.9707602262496948, VaCE: 0.07912418246269226
Generation: 177
TrAcc: 0.9791378974914551 +- 0.013024474494159222	TrCE: 0.06694336980581284 +- 0.032924018800258636
VaAcc: 0.9593563675880432 +- 0.014792773872613907	Va_CE: 0.13679632544517517 +- 0.04796695336699486
Ancestors: 177.0 +- 0.0
pop len 5000
Best Individual | TrAcc: 0.9924623370170593, TrCE: 0.023864874616265297, VaAcc: 0.9766082167625427, VaCE: 0.07535701245069504
Generation: 178
TrAcc: 0.9790240526199341 +- 0.014586096629500389	TrCE: 0.06618042290210724 +- 0.03396730497479439
VaAcc: 0.9592928886413574 +- 0.01623433642089367	Va_CE: 0.13502398133277893 +- 0.0503154993057251
Ancestors: 178.0 +- 0.0
pop len 5000
Best Individual | TrAcc: 0.9874371886253357, TrCE: 0.022064493969082832, VaAcc: 0.9707602262496948, VaCE: 0.07845154404640198
Generation: 179
TrAcc: 0.97884601354599 +- 0.01532200537621975	TrCE: 0.06657373905181885 +- 0.03494948521256447
VaAcc: 0.9591160416603088 +- 0.016434982419013977	Va_CE: 0.13492052257061005 +- 0.04863666370511055
Ancestors: 179.0 +- 0.0
pop len 5000
Best Individual | TrAcc: 0.9874371886253357, TrCE: 0.022534267976880074, VaAcc: 0.9707602262496948, VaCE: 0.0795821100473404
current_layer 0
Generation: 180
TrAcc: 0.9793288111686707 +- 0.012978306971490383	TrCE: 0.06516710668802261 +- 0.03213822841644287
VaAcc: 0.959477424621582 +- 0.014276793226599693	Va_CE: 0.13295331597328186 +- 0.045922067016363144
Ancestors: 180.0 +- 0.0
pop len 5000
Best Individual | TrAcc: 0.9899497628211975, TrCE: 0.020099258050322533, VaAcc: 0.9590643048286438, VaCE: 0.08429060131311417
Generation: 181
TrAcc: 0.979587972164154 +- 0.014042947441339493	TrCE: 0.064414843916893 +- 0.033605821430683136
VaAcc: 0.9594174027442932 +- 0.01523526106029749	Va_CE: 0.13309291005134583 +- 0.04896103963255882
Ancestors: 181.0 +- 0.0
pop len 5000
Best Individual | TrAcc: 0.9899497628211975, TrCE: 0.021746445447206497, VaAcc: 0.9707602262496948, VaCE: 0.07643599063158035
ENSEMBLE | Tr_Acc: 0.9924623370170593, Tr_CE: 0.01751851849257946, Va_Acc: 0.9824561476707458, Va_CE: 0.06742755323648453
Generation: 182
TrAcc: 0.979674220085144 +- 0.012945210561156273	TrCE: 0.06367460638284683 +- 0.03209378942847252
VaAcc: 0.9594482183456421 +- 0.014832337386906147	Va_CE: 0.1322120875120163 +- 0.04806898534297943
Ancestors: 182.0 +- 0.0
pop len 5000
Best Individual | TrAcc: 0.9874371886253357, TrCE: 0.02242128551006317, VaAcc: 0.9707602262496948, VaCE: 0.07812853902578354
Generation: 183
TrAcc: 0.9794356226921082 +- 0.01411018893122673	TrCE: 0.06396227329969406 +- 0.03507629409432411
VaAcc: 0.9592878818511963 +- 0.015986960381269455	Va_CE: 0.13151472806930542 +- 0.05040740966796875
Ancestors: 183.0 +- 0.0
pop len 5000
Best Individual | TrAcc: 0.9899497628211975, TrCE: 0.022563114762306213, VaAcc: 0.9649122953414917, VaCE: 0.08130846917629242
Generation: 184
TrAcc: 0.9792175889015198 +- 0.014747055247426033	TrCE: 0.0640602633357048 +- 0.03516760468482971
VaAcc: 0.9589493870735168 +- 0.016180479899048805	Va_CE: 0.13049191236495972 +- 0.05066992715001106
Ancestors: 184.0 +- 0.0
pop len 5000
Best Individual | TrAcc: 0.9899497628211975, TrCE: 0.021220402792096138, VaAcc: 0.9649122953414917, VaCE: 0.08083689957857132
Generation: 185
TrAcc: 0.9791585803031921 +- 0.014820716343820095	TrCE: 0.06393877416849136 +- 0.03661258891224861
VaAcc: 0.9591842889785767 +- 0.01642381027340889	Va_CE: 0.13022522628307343 +- 0.04986225441098213
Ancestors: 185.0 +- 0.0
pop len 5000
Best Individual | TrAcc: 0.9874371886253357, TrCE: 0.022598225623369217, VaAcc: 0.9707602262496948, VaCE: 0.08264229446649551
Generation: 186
TrAcc: 0.9797303676605225 +- 0.013313263654708862	TrCE: 0.0618010088801384 +- 0.031233010813593864
VaAcc: 0.9597471952438354 +- 0.014974287711083889	Va_CE: 0.12681975960731506 +- 0.045252107083797455
Ancestors: 186.0 +- 0.0
pop len 5000
Best Individual | TrAcc: 0.9899497628211975, TrCE: 0.02029363065958023, VaAcc: 0.9532163739204407, VaCE: 0.15612711012363434
Generation: 187
TrAcc: 0.9798017740249634 +- 0.015108481980860233	TrCE: 0.06233847513794899 +- 0.03587935119867325
VaAcc: 0.9599484205245972 +- 0.016382697969675064	Va_CE: 0.12712785601615906 +- 0.04865660518407822
Ancestors: 187.0 +- 0.0
pop len 5000
Best Individual | TrAcc: 0.9874371886253357, TrCE: 0.022019870579242706, VaAcc: 0.9707602262496948, VaCE: 0.08111702650785446
Generation: 188
TrAcc: 0.9799919128417969 +- 0.012451895512640476	TrCE: 0.06155277043581009 +- 0.03094847872853279
VaAcc: 0.9603234529495239 +- 0.014176354743540287	Va_CE: 0.12548477947711945 +- 0.04529938846826553
Ancestors: 188.0 +- 0.0
pop len 5000
Best Individual | TrAcc: 0.9874371886253357, TrCE: 0.021614734083414078, VaAcc: 0.9532163739204407, VaCE: 0.08996644616127014
Generation: 189
TrAcc: 0.9797978401184082 +- 0.01249950472265482	TrCE: 0.06127274036407471 +- 0.03119400143623352
VaAcc: 0.9600679874420166 +- 0.014966007322072983	Va_CE: 0.12333068996667862 +- 0.04350106418132782
Ancestors: 189.0 +- 0.0
pop len 5000
Best Individual | TrAcc: 0.9899497628211975, TrCE: 0.020252246409654617, VaAcc: 0.9590643048286438, VaCE: 0.08428826928138733
current_layer 1
Generation: 190
TrAcc: 0.9798115491867065 +- 0.01221468672156334	TrCE: 0.061482831835746765 +- 0.031434498727321625
VaAcc: 0.9600387811660767 +- 0.014231579378247261	Va_CE: 0.1245463639497757 +- 0.04454426467418671
Ancestors: 190.0 +- 0.0
pop len 5000
Best Individual | TrAcc: 0.9899497628211975, TrCE: 0.02195105515420437, VaAcc: 0.9707602262496948, VaCE: 0.08581998944282532
Generation: 191
TrAcc: 0.9797939658164978 +- 0.013828097842633724	TrCE: 0.06206986680626869 +- 0.035451918840408325
VaAcc: 0.9599497318267822 +- 0.016236962750554085	Va_CE: 0.1255497932434082 +- 0.04817594960331917
Ancestors: 191.0 +- 0.0
pop len 5000
Best Individual | TrAcc: 0.9874371886253357, TrCE: 0.021915778517723083, VaAcc: 0.9649122953414917, VaCE: 0.06561778485774994
ENSEMBLE | Tr_Acc: 0.9924623370170593, Tr_CE: 0.01708756573498249, Va_Acc: 0.9766082167625427, Va_CE: 0.06520348787307739
Generation: 192
TrAcc: 0.9800117015838623 +- 0.012683747336268425	TrCE: 0.061415351927280426 +- 0.03353820741176605
VaAcc: 0.9598223567008972 +- 0.01467218343168497	Va_CE: 0.12611998617649078 +- 0.046096764504909515
Ancestors: 192.0 +- 0.0
pop len 5000
Best Individual | TrAcc: 0.9874371886253357, TrCE: 0.02188221924006939, VaAcc: 0.9590643048286438, VaCE: 0.0850721076130867
Generation: 193
TrAcc: 0.9800999164581299 +- 0.013799880631268024	TrCE: 0.061078064143657684 +- 0.034410521388053894
VaAcc: 0.960318386554718 +- 0.015830596908926964	Va_CE: 0.12486209720373154 +- 0.046087317168712616
Ancestors: 193.0 +- 0.0
pop len 5000
Best Individual | TrAcc: 0.9899497628211975, TrCE: 0.021580077707767487, VaAcc: 0.9590643048286438, VaCE: 0.10009799897670746
Generation: 194
TrAcc: 0.9800288081169128 +- 0.012608397752046585	TrCE: 0.061089128255844116 +- 0.032694969326257706
VaAcc: 0.9606505036354065 +- 0.014339005574584007	Va_CE: 0.12441232055425644 +- 0.044701430946588516
Ancestors: 194.0 +- 0.0
pop len 5000
Best Individual | TrAcc: 0.9899497628211975, TrCE: 0.021875329315662384, VaAcc: 0.9649122953414917, VaCE: 0.08148122578859329
Generation: 195
TrAcc: 0.9799093008041382 +- 0.013651279732584953	TrCE: 0.06083481386303902 +- 0.03307938948273659
VaAcc: 0.9601885676383972 +- 0.01548499334603548	Va_CE: 0.12382855266332626 +- 0.0456760972738266
Ancestors: 195.0 +- 0.0
pop len 5000
Best Individual | TrAcc: 0.9899497628211975, TrCE: 0.019965985789895058, VaAcc: 0.9590643048286438, VaCE: 0.0844535082578659
Generation: 196
TrAcc: 0.9800871014595032 +- 0.012329104356467724	TrCE: 0.06029167398810387 +- 0.031221268698573112
VaAcc: 0.961067795753479 +- 0.014452371746301651	Va_CE: 0.12235278636217117 +- 0.04434981197118759
Ancestors: 196.0 +- 0.0
pop len 5000
Best Individual | TrAcc: 0.9899497628211975, TrCE: 0.020608486607670784, VaAcc: 0.9590643048286438, VaCE: 0.08571220934391022
Generation: 197
TrAcc: 0.9799470901489258 +- 0.01307077705860138	TrCE: 0.06054084375500679 +- 0.0336998775601387
VaAcc: 0.9607172012329102 +- 0.015528214164078236	Va_CE: 0.12371973693370819 +- 0.04715653881430626
Ancestors: 197.0 +- 0.0
pop len 5000
Best Individual | TrAcc: 0.9899497628211975, TrCE: 0.02169700898230076, VaAcc: 0.9649122953414917, VaCE: 0.10409364849328995
Generation: 198
TrAcc: 0.9799997210502625 +- 0.014319055713713169	TrCE: 0.059342626482248306 +- 0.0334433913230896
VaAcc: 0.9609803557395935 +- 0.015582113526761532	Va_CE: 0.12228747457265854 +- 0.044925857335329056
Ancestors: 198.0 +- 0.0
pop len 5000
Best Individual | TrAcc: 0.9899497628211975, TrCE: 0.019915267825126648, VaAcc: 0.9590643048286438, VaCE: 0.08471415191888809
Generation: 199
TrAcc: 0.9804023504257202 +- 0.013535424135625362	TrCE: 0.05940129980444908 +- 0.03278360143303871
VaAcc: 0.9611990451812744 +- 0.015326046384871006	Va_CE: 0.1234065517783165 +- 0.04523540288209915
Ancestors: 199.0 +- 0.0
pop len 5000
Best Individual | TrAcc: 0.9899497628211975, TrCE: 0.02004896104335785, VaAcc: 0.9649122953414917, VaCE: 0.08418678492307663
current_layer 0
Mod Accuracy || Mean: 0.9649122953414917	 Std: 0.0
Ens Accuracy || Mean: 0.9766082167625427	 Std: 0.0
Mod CE || Mean: 0.08418678492307663	 Std: 0.0
Ens CE || Mean: 0.06520348787307739	 Std: 0.0
